
-------------------- Trial 0  --------------------

Trial 0 Training NaiveBayesTrainer with 2956 instances
Trial 0 Training NaiveBayesTrainer finished
Trial 0 Trainer NaiveBayesTrainer test data accuracy = 0.6512890094979648
Trial 0 Training MaxEntTrainer,gaussianPriorVariance=1.0 with 2956 instances
Trial 0 Training MaxEntTrainer,gaussianPriorVariance=1.0 finished
Trial 0 Trainer MaxEntTrainer,gaussianPriorVariance=1.0 test data accuracy = 0.6485753052917232
Trial 0 Training cc.mallet.classify.DecisionTreeTrainer@69945ce with 2956 instances
DecisionTree learned:
!but&!not&!great&!dinner: positive
!but&!not&!great&dinner: neutral
!but&!not&great&!bottl: positive
!but&!not&great&bottl: negative
!but&not&!wa&!are: positive
!but&not&!wa&are: negative
!but&not&wa&!appet: negative
!but&not&wa&appet: neutral
but&!order&!who&!qualiti: positive
but&!order&!who&qualiti: negative
but&!order&who&!of: neutral
but&!order&who&of: negative
but&order&!dessert&!dinner: negative
but&order&!dessert&dinner: neutral
but&order&dessert&!and: neutral
but&order&dessert&and: neutral
Trial 0 Training cc.mallet.classify.DecisionTreeTrainer@69945ce finished
Trial 0 Trainer cc.mallet.classify.DecisionTreeTrainer@69945ce test data accuracy = 0.5888738127544098
Trial 0 Training cc.mallet.classify.AdaBoostM2Trainer@49ff0dde with 2956 instances
DecisionTree learned:
!but&!not&!great&!dinner: positive
!but&!not&!great&dinner: neutral
!but&!not&great&!bottl: positive
!but&!not&great&bottl: negative
!but&not&!wa&!nice: positive
!but&not&!wa&nice: conflict
!but&not&wa&!appet: negative
!but&not&wa&appet: neutral
but&!order&!onli&!qualiti: positive
but&!order&!onli&qualiti: negative
but&!order&onli&!food: positive
but&!order&onli&food: positive
but&order&!onli&!had: negative
but&order&!onli&had: negative
but&order&onli: neutral
DecisionTree learned:
!but&!not&!great&!dinner: positive
!but&!not&!great&dinner: neutral
!but&!not&great&!bottl: positive
!but&!not&great&bottl: negative
!but&not&!authent&!when: negative
!but&not&!authent&when: neutral
!but&not&authent&!and: negative
!but&not&authent&and: positive
but&!order&!who&!expens: positive
but&!order&!who&expens: conflict
but&!order&who&!of: conflict
but&!order&who&of: negative
but&order&!dessert&!be: negative
but&order&!dessert&be: positive
but&order&dessert&!and: neutral
but&order&dessert&and: neutral
DecisionTree learned:
!but&!friendli&!wa&!though: positive
!but&!friendli&!wa&though: negative
!but&!friendli&wa&!delici: negative
!but&!friendli&wa&delici: positive
!but&friendli&!is&!for: positive
!but&friendli&!is&for: positive
!but&friendli&is&!there: positive
!but&friendli&is&there: conflict
but&!ever&!who&!small: positive
but&!ever&!who&small: negative
but&!ever&who&!for: neutral
but&!ever&who&for: conflict
but&ever: negative
DecisionTree learned:
!but&!not&!great&!is: positive
!but&!not&!great&is: positive
!but&!not&great&!for: positive
!but&!not&great&for: positive
!but&not&!wa&!are: positive
!but&not&!wa&are: neutral
!but&not&wa&!sapphir: negative
!but&not&wa&sapphir: positive
but&!look&!turn&!high: positive
but&!look&!turn&high: conflict
but&!look&turn&!for: neutral
but&!look&turn&for: negative
but&look&!and&!i: negative
but&look&!and&i: neutral
but&look&and&!of: conflict
but&look&and&of: negative
DecisionTree learned:
!but&!friendli&!excel&!good: positive
!but&!friendli&!excel&good: positive
!but&!friendli&excel&!behind: positive
!but&!friendli&excel&behind: neutral
!but&friendli&!bare&!world: positive
!but&friendli&!bare&world: positive
!but&friendli&bare: conflict
but&!order&!who&!that: positive
but&!order&!who&that: negative
but&!order&who&!of: neutral
but&!order&who&of: negative
but&order&!dessert&!dinner: negative
but&order&!dessert&dinner: neutral
but&order&dessert&!and: neutral
but&order&dessert&and: neutral
DecisionTree learned:
!but&!excel&!friendli&!dinner: positive
!but&!excel&!friendli&dinner: neutral
!but&!excel&friendli&!is: positive
!but&!excel&friendli&is: positive
!but&excel&!behind&!can: positive
!but&excel&!behind&can: positive
!but&excel&behind: neutral
but&!chicken&!got&!at: positive
but&!chicken&!got&at: positive
but&!chicken&got&!as: negative
but&!chicken&got&as: conflict
but&chicken&!with: negative
but&chicken&with: negative
DecisionTree learned:
!but&!not&!wait&!delici: positive
!but&!not&!wait&delici: positive
!but&!not&wait&!servic: negative
!but&!not&wait&servic: negative
!but&not&!wa&!prix: negative
!but&not&!wa&prix: conflict
!but&not&wa&!lack: negative
!but&not&wa&lack: negative
but&!high&!when&!onli: positive
but&!high&!when&onli: positive
but&!high&when&!were: neutral
but&!high&when&were: neutral
but&high&!a&!the: negative
but&high&!a&the: conflict
but&high&a: conflict
DecisionTree learned:
!but&!not&!dinner&!great: positive
!but&!not&!dinner&great: positive
!but&!not&dinner&!would: neutral
!but&!not&dinner&would: negative
!but&not&!price&!nice: negative
!but&not&!price&nice: conflict
!but&not&price&!the: negative
!but&not&price&the: conflict
but&!when&!order&!who: positive
but&!when&!order&who: conflict
but&!when&order&!onli: negative
but&!when&order&onli: neutral
but&when&!seat&!it: negative
but&when&!seat&it: neutral
but&when&seat: neutral
DecisionTree learned:
!but&!wa&!though&!do: positive
!but&!wa&!though&do: negative
!but&!wa&though&!of: negative
!but&!wa&though&of: positive
!but&wa&!delici&!bland: negative
!but&wa&!delici&bland: negative
!but&wa&delici&!in: positive
!but&wa&delici&in: positive
but&!we&!qualiti&!tasti: positive
but&!we&!qualiti&tasti: neutral
but&!we&qualiti: negative
but&we&!veri&!walk: neutral
but&we&!veri&walk: positive
but&we&veri&!good: negative
but&we&veri&good: positive
DecisionTree learned:
!but&!excel&!is&!delici: positive
!but&!excel&!is&delici: positive
!but&!excel&is&!though: positive
!but&!excel&is&though: negative
!but&excel&!well&!here: positive
!but&excel&!well&here: conflict
!but&excel&well&!for: neutral
!but&excel&well&for: positive
but&!expens&!we&!pizza: positive
but&!expens&!we&pizza: positive
but&!expens&we&!never: neutral
but&!expens&we&never: positive
but&expens&!restaur&!food: negative
but&expens&!restaur&food: conflict
but&expens&restaur: neutral
DecisionTree learned:
!but&!our&!friendli&!wa: positive
!but&!our&!friendli&wa: negative
!but&!our&friendli&!is: positive
!but&!our&friendli&is: positive
!but&our&!other&!servic: neutral
!but&our&!other&servic: positive
!but&our&other: negative
but&!expens&!we&!who: positive
but&!expens&!we&who: conflict
but&!expens&we&!with: neutral
but&!expens&we&with: positive
but&expens&!restaur&!it: negative
but&expens&!restaur&it: conflict
but&expens&restaur: neutral
DecisionTree learned:
!but&!excel&!wa&!though: positive
!but&!excel&!wa&though: negative
!but&!excel&wa&!attent: negative
!but&!excel&wa&attent: positive
!but&excel&!behind&!can: positive
!but&excel&!behind&can: conflict
!but&excel&behind&!and: neutral
!but&excel&behind&and: neutral
but&!onli&!when&!order: positive
but&!onli&!when&order: negative
but&!onli&when&!were: neutral
but&!onli&when&were: neutral
but&onli&!food&!order: positive
but&onli&!food&order: neutral
but&onli&food: positive
DecisionTree learned:
!but&!friendli&!our&!the: positive
!but&!friendli&!our&the: positive
!but&!friendli&our&!order: neutral
!but&!friendli&our&order: negative
!but&friendli&!is&!the: positive
!but&friendli&!is&the: positive
!but&friendli&is&!there: positive
!but&friendli&is&there: conflict
but&!we&!over&!pizza: positive
but&!we&!over&pizza: positive
but&!we&over: positive
but&we&!veri&!have: neutral
but&we&!veri&have: positive
but&we&veri&!good: negative
but&we&veri&good: positive
DecisionTree learned:
!but&!friendli&!dinner&!order: positive
!but&!friendli&!dinner&order: negative
!but&!friendli&dinner&!not: neutral
!but&!friendli&dinner&not: negative
!but&friendli&!is&!dish: positive
!but&friendli&!is&dish: neutral
!but&friendli&is&!price: positive
!but&friendli&is&price: conflict
but&!who&!at&!worth: positive
but&!who&!at&worth: conflict
but&!who&at&!and: negative
but&!who&at&and: neutral
but&who&!of&!for: neutral
but&who&!of&for: conflict
but&who&of&!an: negative
but&who&of&an: conflict
DecisionTree learned:
!but&!good&!well&!friendli: positive
!but&!good&!well&friendli: positive
!but&!good&well&!far: positive
!but&!good&well&far: conflict
!but&good&!which&!wait: positive
!but&good&!which&wait: negative
!but&good&which&!for: neutral
!but&good&which&for: negative
but&!we&!qualiti&!who: positive
but&!we&!qualiti&who: neutral
but&!we&qualiti: negative
but&we&!veri&!wait: neutral
but&we&!veri&wait: positive
but&we&veri&!good: conflict
but&we&veri&good: positive
DecisionTree learned:
!but&!is&!delici&!best: positive
!but&!is&!delici&best: positive
!but&!is&delici&!in: positive
!but&!is&delici&in: positive
!but&is&!though&!everyth: positive
!but&is&!though&everyth: conflict
!but&is&though&!cuisin: negative
!but&is&though&cuisin: positive
but&!small&!expens&!we: positive
but&!small&!expens&we: neutral
but&!small&expens&!food: neutral
but&!small&expens&food: conflict
but&small&!there&!dessert: negative
but&small&!there&dessert: negative
but&small&there&!for: conflict
but&small&there&for: conflict
DecisionTree learned:
!but&!is&!delici&!great: positive
!but&!is&!delici&great: positive
!but&!is&delici&!also: positive
!but&!is&delici&also: neutral
!but&is&!rest&!far: positive
!but&is&!rest&far: positive
!but&is&rest&!good: conflict
!but&is&rest&good: conflict
but&!chicken&!who&!that: positive
but&!chicken&!who&that: negative
but&!chicken&who&!for: neutral
but&!chicken&who&for: conflict
but&chicken&!with: negative
but&chicken&with: negative
DecisionTree learned:
!but&!our&!dinner&!worth: positive
!but&!our&!dinner&worth: conflict
!but&!our&dinner&!drink: neutral
!but&!our&dinner&drink: positive
!but&our&!other&!ignor: neutral
!but&our&!other&ignor: negative
!but&our&other: negative
but&!at&!worth&!is: negative
but&!at&!worth&is: positive
but&!at&worth&!and: conflict
but&!at&worth&and: conflict
but&at&!and&!experi: negative
but&at&!and&experi: positive
but&at&and&!as: positive
but&at&and&as: conflict
DecisionTree learned:
!but&!not&!though&!matter: positive
!but&!not&!though&matter: conflict
!but&!not&though&!recommend: negative
!but&!not&though&recommend: neutral
!but&not&!price&!anoth: negative
!but&not&!price&anoth: neutral
!but&not&price&!it: negative
!but&not&price&it: conflict
but&!we&!who&!for: negative
but&!we&!who&for: positive
but&!we&who&!of: neutral
but&!we&who&of: negative
but&we&!veri&!quickli: neutral
but&we&!veri&quickli: positive
but&we&veri&!good: conflict
but&we&veri&good: positive
DecisionTree learned:
!but&!servic&!although&!fine: positive
!but&!servic&!although&fine: conflict
!but&!servic&although&!the: neutral
!but&!servic&although&the: conflict
!but&servic&!wait&!and: negative
!but&servic&!wait&and: positive
!but&servic&wait&!not: negative
!but&servic&wait&not: neutral
but&!chicken&!pleas&!not: positive
but&!chicken&!pleas&not: positive
but&!chicken&pleas: conflict
but&chicken&!with: negative
but&chicken&with: negative
DecisionTree learned:
!but&!though&!matter&!wa: positive
!but&!though&!matter&wa: negative
!but&!though&matter&!i: conflict
!but&!though&matter&i: neutral
!but&though&!your&!even: conflict
!but&though&!your&even: negative
!but&though&your&!expect: negative
!but&though&your&expect: negative
but&!wife&!at&!worth: positive
but&!wife&!at&worth: conflict
but&!wife&at&!and: negative
but&!wife&at&and: positive
but&wife&!like&!as: conflict
but&wife&!like&as: conflict
but&wife&like: negative
DecisionTree learned:
!but&!though&!matter&!wa: positive
!but&!though&!matter&wa: negative
!but&!though&matter&!i: conflict
!but&!though&matter&i: conflict
!but&though&!even&!it: negative
!but&though&!even&it: conflict
!but&though&even&!with: negative
!but&though&even&with: positive
but&!at&!worth&!is: negative
but&!at&!worth&is: positive
but&!at&worth&!and: conflict
but&!at&worth&and: conflict
but&at&!and&!we: positive
but&at&!and&we: neutral
but&at&and&!as: neutral
but&at&and&as: neutral
DecisionTree learned:
!but&!rude&!dinner&!it: positive
!but&!rude&!dinner&it: negative
!but&!rude&dinner&!drink: neutral
!but&!rude&dinner&drink: positive
!but&rude&!not: negative
!but&rude&not&!with: neutral
!but&rude&not&with: neutral
but&!onli&!our&!that: positive
but&!onli&!our&that: negative
but&!onli&our&!for: neutral
but&!onli&our&for: neutral
but&onli&!food&!place: neutral
but&onli&!food&place: positive
but&onli&food: positive
DecisionTree learned:
!but&!friendli&!it&!dinner: positive
!but&!friendli&!it&dinner: neutral
!but&!friendli&it&!matter: negative
!but&!friendli&it&matter: conflict
!but&friendli&!is&!to: positive
!but&friendli&!is&to: neutral
!but&friendli&is&!there: positive
!but&friendli&is&there: conflict
but&!rude&!ever&!who: positive
but&!rude&!ever&who: conflict
but&!rude&ever: negative
but&rude&!are: negative
but&rude&are&!and: conflict
but&rude&are&and: conflict
DecisionTree learned:
!but&!it&!good&!far: positive
!but&!it&!good&far: positive
!but&!it&good&!which: positive
!but&!it&good&which: neutral
!but&it&!littl&!kid: negative
!but&it&!littl&kid: conflict
!but&it&littl&!time: positive
!but&it&littl&time: conflict
but&!pleas&!small&!who: positive
but&!pleas&!small&who: conflict
but&!pleas&small&!a: negative
but&!pleas&small&a: conflict
but&pleas: conflict
DecisionTree learned:
!but&!it&!with&!the: neutral
!but&!it&!with&the: positive
!but&!it&with&!wait: neutral
!but&!it&with&wait: negative
!but&it&!matter&!though: negative
!but&it&!matter&though: conflict
!but&it&matter&!i: conflict
!but&it&matter&i: conflict
but&!we&!worth&!onli: positive
but&!we&!worth&onli: positive
but&!we&worth&!to: conflict
but&!we&worth&to: neutral
but&we&!veri&!could: neutral
but&we&!veri&could: negative
but&we&veri&!good: conflict
but&we&veri&good: positive
DecisionTree learned:
!but&!worth&!matter&!fine: positive
!but&!worth&!matter&fine: positive
!but&!worth&matter&!i: conflict
!but&!worth&matter&i: conflict
!but&worth&!and&!well: conflict
!but&worth&!and&well: conflict
!but&worth&and&!with: positive
!but&worth&and&with: negative
but&!when&!what&!onli: negative
but&!when&!what&onli: positive
but&!when&what&!of: neutral
but&!when&what&of: negative
but&when&!seat&!took: negative
but&when&!seat&took: neutral
but&when&seat: neutral
DecisionTree learned:
!but&!our&!though&!matter: positive
!but&!our&!though&matter: conflict
!but&!our&though&!we: negative
!but&!our&though&we: negative
!but&our&!that&!pizza: neutral
!but&our&!that&pizza: positive
!but&our&that&!time: negative
!but&our&that&time: negative
but&!onli&!at&!worth: negative
but&!onli&!at&worth: conflict
but&!onli&at&!got: neutral
but&!onli&at&got: conflict
but&onli&!food&!reserv: neutral
but&onli&!food&reserv: negative
but&onli&food: positive
DecisionTree learned:
!but&!well&!bland&!fine: positive
!but&!well&!bland&fine: positive
!but&!well&bland&!a: negative
!but&!well&bland&a: conflict
!but&well&!tasti&!may: positive
!but&well&!tasti&may: conflict
!but&well&tasti&!of: conflict
!but&well&tasti&of: positive
but&!the&!of&!never: positive
but&!the&!of&never: positive
but&!the&of&!place: positive
but&!the&of&place: negative
but&the&!thai&!casual: negative
but&the&!thai&casual: conflict
but&the&thai&!food: negative
but&the&thai&food: conflict
DecisionTree learned:
!but&!though&!friendli&!wa: positive
!but&!though&!friendli&wa: negative
!but&!though&friendli&!is: positive
!but&!though&friendli&is: positive
!but&though&!we&!i: negative
!but&though&!we&i: conflict
!but&though&we&!with: negative
!but&though&we&with: positive
but&!not&!that&!onli: negative
but&!not&!that&onli: neutral
but&!not&that&!shrimp: negative
but&!not&that&shrimp: positive
but&not&!for&!to: conflict
but&not&!for&to: neutral
but&not&for&!experi: positive
but&not&for&experi: positive
DecisionTree learned:
!but&!bland&!though&!matter: positive
!but&!bland&!though&matter: conflict
!but&!bland&though&!we: conflict
!but&!bland&though&we: negative
!but&bland&!a&!ok: negative
!but&bland&!a&ok: neutral
!but&bland&a&!as: conflict
!but&bland&a&as: conflict
but&!onli&!nice&!our: negative
but&!onli&!nice&our: neutral
but&!onli&nice&!casual: positive
but&!onli&nice&casual: conflict
but&onli&!food&!make: neutral
but&onli&!food&make: positive
but&onli&food: positive
DecisionTree learned:
!but&!though&!well&!atmospher: positive
!but&!though&!well&atmospher: positive
!but&!though&well&!tasti: positive
!but&!though&well&tasti: conflict
!but&though&!it&!food: negative
!but&though&!it&food: conflict
!but&though&it&!even: conflict
!but&though&it&even: negative
but&!at&!worth&!not: negative
but&!at&!worth&not: neutral
but&!at&worth&!and: conflict
but&!at&worth&and: conflict
but&at&!and&!experi: negative
but&at&!and&experi: positive
but&at&and&!as: positive
but&at&and&as: neutral
DecisionTree learned:
!but&!great&!appet&!fine: positive
!but&!great&!appet&fine: positive
!but&!great&appet&!delici: neutral
!but&!great&appet&delici: positive
!but&great&!for&!bottl: positive
!but&great&!for&bottl: negative
!but&great&for&!who: neutral
!but&great&for&who: negative
but&!when&!onli&!other: negative
but&!when&!onli&other: conflict
but&!when&onli&!food: neutral
but&!when&onli&food: positive
but&when&!were&!at: neutral
but&when&!were&at: positive
but&when&were&!of: neutral
but&when&were&of: negative
DecisionTree learned:
!but&!worth&!did&!dinner: positive
!but&!worth&!did&dinner: neutral
!but&!worth&did&!a: negative
!but&!worth&did&a: neutral
!but&worth&!and&!well: conflict
!but&worth&!and&well: positive
!but&worth&and&!price: negative
!but&worth&and&price: neutral
but&!at&!worth&!wa: positive
but&!at&!worth&wa: negative
but&!at&worth&!and: conflict
but&!at&worth&and: positive
but&at&!and&!experi: negative
but&at&!and&experi: positive
but&at&and&!as: positive
but&at&and&as: neutral
DecisionTree learned:
!but&!friendli&!fine&!well: positive
!but&!friendli&!fine&well: positive
!but&!friendli&fine&!had: positive
!but&!friendli&fine&had: conflict
!but&friendli&!is&!dish: positive
!but&friendli&!is&dish: neutral
!but&friendli&is&!there: positive
!but&friendli&is&there: conflict
but&!not&!pleas&!small: positive
but&!not&!pleas&small: negative
but&!not&pleas: conflict
but&not&!big&!for: neutral
but&not&!big&for: neutral
but&not&big&!and: conflict
but&not&big&and: conflict
DecisionTree learned:
!but&!fine&!atmospher&!excel: positive
!but&!fine&!atmospher&excel: positive
!but&!fine&atmospher&!they: positive
!but&!fine&atmospher&they: conflict
!but&fine&!had&!of: positive
!but&fine&!had&of: positive
!but&fine&had&!and: conflict
!but&fine&had&and: conflict
but&!when&!chicken&!our: positive
but&!when&!chicken&our: neutral
but&!when&chicken&!with: negative
but&!when&chicken&with: negative
but&when&!were&!at: neutral
but&when&!were&at: positive
but&when&were&!of: neutral
but&when&were&of: negative
DecisionTree learned:
!but&!though&!well&!friendli: positive
!but&!though&!well&friendli: positive
!but&!though&well&!far: positive
!but&!though&well&far: conflict
!but&though&!it&!food: negative
!but&though&!it&food: conflict
!but&though&it&!even: conflict
!but&though&it&even: negative
but&!wife&!at&!worth: positive
but&!wife&!at&worth: conflict
but&!wife&at&!and: negative
but&!wife&at&and: neutral
but&wife&!like&!as: conflict
but&wife&!like&as: conflict
but&wife&like: negative
DecisionTree learned:
!but&!friendli&!though&!although: positive
!but&!friendli&!though&although: conflict
!but&!friendli&though&!reserv: negative
!but&!friendli&though&reserv: neutral
!but&friendli&!is&!dish: positive
!but&friendli&!is&dish: neutral
!but&friendli&is&!servic: positive
!but&friendli&is&servic: conflict
but&!small&!not&!expens: negative
but&!small&!not&expens: conflict
but&!small&not&!for: conflict
but&!small&not&for: neutral
but&small&!a&!to: positive
but&small&!a&to: negative
but&small&a&!tabl: conflict
but&small&a&tabl: positive
DecisionTree learned:
!but&!we&!though&!can: positive
!but&!we&!though&can: negative
!but&!we&though&!i: negative
!but&!we&though&i: neutral
!but&we&!that&!dumpl: neutral
!but&we&!that&dumpl: positive
!but&we&that&!a: negative
!but&we&that&a: neutral
but&!at&!onli&!well: negative
but&!at&!onli&well: positive
but&!at&onli&!wa: neutral
but&!at&onli&wa: positive
but&at&!and&!for: neutral
but&at&!and&for: positive
but&at&and&!as: positive
but&at&and&as: neutral
DecisionTree learned:
!but&!appet&!though&!wa: positive
!but&!appet&!though&wa: negative
!but&!appet&though&!reserv: negative
!but&!appet&though&reserv: neutral
!but&appet&!main&!delici: neutral
!but&appet&!main&delici: positive
!but&appet&main&!cours: negative
!but&appet&main&cours: neutral
but&!small&!expens&!we: positive
but&!small&!expens&we: neutral
but&!small&expens&!food: negative
but&!small&expens&food: conflict
but&small&!littl&!the: conflict
but&small&!littl&the: negative
but&small&littl&!and: conflict
but&small&littl&and: negative
DecisionTree learned:
!but&!dinner&!fine&!well: positive
!but&!dinner&!fine&well: positive
!but&!dinner&fine&!had: positive
!but&!dinner&fine&had: conflict
!but&dinner&!drink&!ani: neutral
!but&dinner&!drink&ani: negative
!but&dinner&drink&!of: positive
!but&dinner&drink&of: negative
but&!ok&!compar&!we: positive
but&!ok&!compar&we: neutral
but&!ok&compar: negative
but&ok&!they&!could: neutral
but&ok&!they&could: negative
but&ok&they&!and: conflict
but&ok&they&and: negative
DecisionTree learned:
!but&!the&!atmospher&!tho: neutral
!but&!the&!atmospher&tho: conflict
!but&!the&atmospher&!they: positive
!but&!the&atmospher&they: conflict
!but&the&!with&!drink: positive
!but&the&!with&drink: neutral
!but&the&with&!wait: neutral
!but&the&with&wait: negative
but&!at&!worth&!when: negative
but&!at&!worth&when: neutral
but&!at&worth&!and: conflict
but&!at&worth&and: conflict
but&at&!and&!experi: negative
but&at&!and&experi: positive
but&at&and&!as: neutral
but&at&and&as: conflict
DecisionTree learned:
!but&!fine&!worth&!hous: positive
!but&!fine&!worth&hous: conflict
!but&!fine&worth&!and: conflict
!but&!fine&worth&and: positive
!but&fine&!expect&!the: positive
!but&fine&!expect&the: conflict
!but&fine&expect: conflict
but&!small&!qualiti&!rude: positive
but&!small&!qualiti&rude: conflict
but&!small&qualiti: negative
but&small&!there&!dessert: negative
but&small&!there&dessert: negative
but&small&there&!for: conflict
but&small&there&for: conflict
DecisionTree learned:
!but&!our&!great&!hous: positive
!but&!our&!great&hous: conflict
!but&!our&great&!or: positive
!but&!our&great&or: neutral
!but&our&!time&!ignor: neutral
!but&our&!time&ignor: negative
!but&our&time&!in: negative
!but&our&time&in: neutral
but&!we&!ever&!what: positive
but&!we&!ever&what: neutral
but&!we&ever: negative
but&we&!expens&!have: neutral
but&we&!expens&have: positive
but&we&expens: conflict
DecisionTree learned:
!but&!friendli&!fine&!worth: positive
!but&!friendli&!fine&worth: conflict
!but&!friendli&fine&!had: positive
!but&!friendli&fine&had: conflict
!but&friendli&!is&!for: positive
!but&friendli&!is&for: neutral
!but&friendli&is&!servic: positive
!but&friendli&is&servic: conflict
but&!rude&!who&!pleas: positive
but&!rude&!who&pleas: conflict
but&!rude&who&!of: conflict
but&!rude&who&of: negative
but&rude&!are: negative
but&rude&are&!and: conflict
but&rude&are&and: conflict
DecisionTree learned:
!but&!fine&!worth&!matter: positive
!but&!fine&!worth&matter: conflict
!but&!fine&worth&!and: conflict
!but&!fine&worth&and: positive
!but&fine&!had&!of: positive
!but&fine&!had&of: conflict
!but&fine&had&!and: conflict
!but&fine&had&and: conflict
but&!at&!wa&!fine: positive
but&!at&!wa&fine: conflict
but&!at&wa&!so: negative
but&!at&wa&so: negative
but&at&!and&!veri: negative
but&at&!and&veri: positive
but&at&and&!as: positive
but&at&and&as: conflict
DecisionTree learned:
!but&!dinner&!drink&!it: positive
!but&!dinner&!drink&it: negative
!but&!dinner&drink&!waiter: neutral
!but&!dinner&drink&waiter: negative
!but&dinner&!drink&!would: neutral
!but&dinner&!drink&would: negative
!but&dinner&drink&!of: positive
!but&dinner&drink&of: negative
but&!at&!worth&!not: negative
but&!at&!worth&not: conflict
but&!at&worth&!and: conflict
but&!at&worth&and: conflict
but&at&!and&!experi: neutral
but&at&!and&experi: positive
but&at&and&!as: neutral
but&at&and&as: neutral
DecisionTree learned:
!but&!though&!wa&!can: positive
!but&!though&!wa&can: negative
!but&!though&wa&!well: negative
!but&!though&wa&well: positive
!but&though&!even&!it: negative
!but&though&!even&it: conflict
!but&though&even&!seat: negative
!but&though&even&seat: positive
but&!at&!worth&!small: positive
but&!at&!worth&small: negative
but&!at&worth&!and: conflict
but&!at&worth&and: positive
but&at&!and&!we: positive
but&at&!and&we: neutral
but&at&and&!as: positive
but&at&and&as: neutral
DecisionTree learned:
!but&!good&!fine&!bland: positive
!but&!good&!fine&bland: negative
!but&!good&fine&!expect: conflict
!but&!good&fine&expect: conflict
!but&good&!which&!get: positive
!but&good&!which&get: negative
!but&good&which&!for: neutral
!but&good&which&for: negative
but&!shrimp&!high&!who: positive
but&!shrimp&!high&who: conflict
but&!shrimp&high&!and: conflict
but&!shrimp&high&and: negative
but&shrimp&!good&!and: positive
but&shrimp&!good&and: positive
but&shrimp&good: positive
DecisionTree learned:
!but&!well&!can&!littl: positive
!but&!well&!can&littl: conflict
!but&!well&can&!cost: negative
!but&!well&can&cost: conflict
!but&well&!tasti&!may: positive
!but&well&!tasti&may: conflict
!but&well&tasti&!of: conflict
!but&well&tasti&of: positive
but&!small&!who&!not: positive
but&!small&!who&not: neutral
but&!small&who&!for: neutral
but&!small&who&for: conflict
but&small&!there&!dessert: negative
but&small&!there&dessert: negative
but&small&there&!for: conflict
but&small&there&for: conflict
DecisionTree learned:
!but&!though&!matter&!bland: positive
!but&!though&!matter&bland: negative
!but&!though&matter&!i: conflict
!but&!though&matter&i: conflict
!but&though&!your&!even: conflict
!but&though&!your&even: negative
!but&though&your&!expect: negative
!but&though&your&expect: negative
but&!our&!wa&!wife: positive
but&!our&!wa&wife: conflict
but&!our&wa&!to: negative
but&!our&wa&to: negative
but&our&!place&!for: neutral
but&our&!place&for: neutral
but&our&place: conflict
DecisionTree learned:
!but&!fine&!friendli&!worth: positive
!but&!fine&!friendli&worth: conflict
!but&!fine&friendli&!is: positive
!but&!fine&friendli&is: positive
!but&fine&!had&!of: positive
!but&fine&!had&of: positive
!but&fine&had&!and: conflict
!but&fine&had&and: conflict
but&!gem&!when&!onli: negative
but&!gem&!when&onli: neutral
but&!gem&when&!were: positive
but&!gem&when&were: neutral
but&gem: positive
DecisionTree learned:
!but&!friendli&!though&!can: positive
!but&!friendli&!though&can: negative
!but&!friendli&though&!reserv: negative
!but&!friendli&though&reserv: neutral
!but&friendli&!is&!the: positive
!but&friendli&!is&the: neutral
!but&friendli&is&!there: positive
!but&friendli&is&there: conflict
but&!at&!look&!high: positive
but&!at&!look&high: conflict
but&!at&look&!menu: conflict
but&!at&look&menu: neutral
but&at&!and&!experi: negative
but&at&!and&experi: positive
but&at&and&!as: positive
but&at&and&as: neutral
DecisionTree learned:
!but&!well&!friendli&!good: negative
!but&!well&!friendli&good: positive
!but&!well&friendli&!is: positive
!but&!well&friendli&is: positive
!but&well&!excel&!as: conflict
!but&well&!excel&as: positive
!but&well&excel&!of: positive
!but&well&excel&of: neutral
but&!onli&!not&!from: positive
but&!onli&!not&from: negative
but&!onli&not&!for: conflict
but&!onli&not&for: neutral
but&onli&!food&!reserv: neutral
but&onli&!food&reserv: negative
but&onli&food: positive
DecisionTree learned:
!but&!far&!fine&!worth: positive
!but&!far&!fine&worth: conflict
!but&!far&fine&!expect: positive
!but&!far&fine&expect: conflict
!but&far&!well&!have: positive
!but&far&!well&have: neutral
!but&far&well&!in: conflict
!but&far&well&in: conflict
but&!at&!onli&!what: positive
but&!at&!onli&what: neutral
but&!at&onli&!wa: neutral
but&!at&onli&wa: positive
but&at&!and&!hard: neutral
but&at&!and&hard: negative
but&at&and&!as: positive
but&at&and&as: neutral
DecisionTree learned:
!but&!bland&!can&!though: positive
!but&!bland&!can&though: negative
!but&!bland&can&!cost: negative
!but&!bland&can&cost: conflict
!but&bland&!a&!ok: negative
!but&bland&!a&ok: negative
!but&bland&a&!as: conflict
!but&bland&a&as: negative
but&!who&!could&!onli: positive
but&!who&!could&onli: neutral
but&!who&could&!to: negative
but&!who&could&to: positive
but&who&!for&!tabl: neutral
but&who&!for&tabl: conflict
but&who&for&!of: conflict
but&who&for&of: conflict
DecisionTree learned:
!but&!fine&!can&!is: neutral
!but&!fine&!can&is: positive
!but&!fine&can&!cost: negative
!but&!fine&can&cost: conflict
!but&fine&!had&!of: positive
!but&fine&!had&of: positive
!but&fine&had&!and: conflict
!but&fine&had&and: conflict
but&!at&!is&!that: conflict
but&!at&!is&that: negative
but&!at&is&!been: positive
but&!at&is&been: conflict
but&at&!and&!we: negative
but&at&!and&we: neutral
but&at&and&!as: positive
but&at&and&as: neutral
DecisionTree learned:
!but&!well&!friendli&!littl: positive
!but&!well&!friendli&littl: conflict
!but&!well&friendli&!is: positive
!but&!well&friendli&is: positive
!but&well&!tasti&!may: positive
!but&well&!tasti&may: conflict
!but&well&tasti&!of: conflict
!but&well&tasti&of: positive
but&!expens&!we&!is: negative
but&!expens&!we&is: positive
but&!expens&we&!did: neutral
but&!expens&we&did: negative
but&expens&!food&!to: neutral
but&expens&!food&to: negative
but&expens&food&!wa: conflict
but&expens&food&wa: conflict
DecisionTree learned:
!but&!although&!though&!can: positive
!but&!although&!though&can: negative
!but&!although&though&!we: conflict
!but&!although&though&we: negative
!but&although&!servic&!wa: neutral
!but&although&!servic&wa: conflict
!but&although&servic&!to: negative
!but&although&servic&to: neutral
but&!what&!when&!with: positive
but&!what&!when&with: positive
but&!what&when&!were: neutral
but&!what&when&were: neutral
but&what&!of&!as: neutral
but&what&!of&as: positive
but&what&of&!and: neutral
but&what&of&and: negative
DecisionTree learned:
!but&!good&!hous&!bland: positive
!but&!good&!hous&bland: negative
!but&!good&hous&!great: conflict
!but&!good&hous&great: neutral
!but&good&!not&!rest: positive
!but&good&!not&rest: conflict
!but&good&not&!for: conflict
!but&good&not&for: negative
but&!ever&!when&!onli: positive
but&!ever&!when&onli: positive
but&!ever&when&!were: neutral
but&!ever&when&were: neutral
but&ever: negative
DecisionTree learned:
!but&!bland&!servic&!exceed: positive
!but&!bland&!servic&exceed: conflict
!but&!bland&servic&!than: positive
!but&!bland&servic&than: conflict
!but&bland&!a&!ok: negative
!but&bland&!a&ok: neutral
!but&bland&a&!as: conflict
!but&bland&a&as: conflict
but&!chicken&!deal&!that: positive
but&!chicken&!deal&that: negative
but&!chicken&deal: conflict
but&chicken&!with: negative
but&chicken&with: negative
DecisionTree learned:
!but&!worth&!bland&!can: positive
!but&!worth&!bland&can: negative
!but&!worth&bland&!a: negative
!but&!worth&bland&a: conflict
!but&worth&!and&!well: conflict
!but&worth&!and&well: conflict
!but&worth&and&!enough: neutral
!but&worth&and&enough: positive
but&!rude&!expens&!we: positive
but&!rude&!expens&we: neutral
but&!rude&expens&!food: negative
but&!rude&expens&food: conflict
but&rude&!and&!with: negative
but&rude&!and&with: conflict
but&rude&and: conflict
DecisionTree learned:
!but&!we&!well&!rest: positive
!but&!we&!well&rest: conflict
!but&!we&well&!tasti: positive
!but&!we&well&tasti: conflict
!but&we&!great&!pleas: neutral
!but&we&!great&pleas: positive
!but&we&great: positive
but&!onli&!at&!well: negative
but&!onli&!at&well: conflict
but&!onli&at&!and: negative
but&!onli&at&and: neutral
but&onli&!food&!reserv: neutral
but&onli&!food&reserv: negative
but&onli&food: positive
DecisionTree learned:
!but&!bland&!though&!can: positive
!but&!bland&!though&can: negative
!but&!bland&though&!reserv: negative
!but&!bland&though&reserv: neutral
!but&bland&!a&!ok: negative
!but&bland&!a&ok: negative
!but&bland&a&!as: conflict
!but&bland&a&as: conflict
but&!who&!could&!that: positive
but&!who&!could&that: negative
but&!who&could&!good: negative
but&!who&could&good: positive
but&who&!of&!is: conflict
but&who&!of&is: neutral
but&who&of&!an: negative
but&who&of&an: conflict
DecisionTree learned:
!but&!fine&!atmospher&!hous: positive
!but&!fine&!atmospher&hous: conflict
!but&!fine&atmospher&!they: positive
!but&!fine&atmospher&they: conflict
!but&fine&!had&!of: positive
!but&fine&!had&of: positive
!but&fine&had&!and: conflict
!but&fine&had&and: conflict
but&!chicken&!we&!who: positive
but&!chicken&!we&who: neutral
but&!chicken&we&!expens: neutral
but&!chicken&we&expens: negative
but&chicken&!with: negative
but&chicken&with: negative
DecisionTree learned:
!but&!fine&!can&!well: positive
!but&!fine&!can&well: positive
!but&!fine&can&!cost: negative
!but&!fine&can&cost: conflict
!but&fine&!expect&!had: positive
!but&fine&!expect&had: conflict
!but&fine&expect: conflict
but&!not&!look&!casual: positive
but&!not&!look&casual: conflict
but&!not&look&!menu: conflict
but&!not&look&menu: neutral
but&not&!for&!to: conflict
but&not&!for&to: neutral
but&not&for&!the: positive
but&not&for&the: neutral
DecisionTree learned:
!but&!though&!matter&!friendli: positive
!but&!though&!matter&friendli: positive
!but&!though&matter&!i: conflict
!but&!though&matter&i: conflict
!but&though&!on&!your: conflict
!but&though&!on&your: negative
!but&though&on&!reserv: negative
!but&though&on&reserv: neutral
but&!crowd&!great&!not: negative
but&!crowd&!great&not: neutral
but&!crowd&great&!price: positive
but&!crowd&great&price: positive
but&crowd&!it&!and: positive
but&crowd&!it&and: negative
but&crowd&it&!wa: conflict
but&crowd&it&wa: conflict
DecisionTree learned:
!but&!can&!though&!littl: positive
!but&!can&!though&littl: conflict
!but&!can&though&!even: conflict
!but&!can&though&even: negative
!but&can&!cost&!around: negative
!but&can&!cost&around: conflict
!but&can&cost&!for: conflict
!but&can&cost&for: conflict
but&!expens&!we&!for: positive
but&!expens&!we&for: positive
but&!expens&we&!there: neutral
but&!expens&we&there: negative
but&expens&!food&!to: neutral
but&expens&!food&to: negative
but&expens&food&!wa: conflict
but&expens&food&wa: conflict
DecisionTree learned:
!but&!bland&!although&!is: positive
!but&!bland&!although&is: positive
!but&!bland&although&!servic: conflict
!but&!bland&although&servic: negative
!but&bland&!a&!ok: negative
!but&bland&!a&ok: neutral
!but&bland&a&!as: conflict
!but&bland&a&as: conflict
but&!at&!worth&!is: negative
but&!at&!worth&is: positive
but&!at&worth&!and: conflict
but&!at&worth&and: positive
but&at&!and&!experi: negative
but&at&!and&experi: positive
but&at&and&!as: neutral
but&at&and&as: conflict
DecisionTree learned:
!but&!worth&!hous&!can: positive
!but&!worth&!hous&can: negative
!but&!worth&hous&!good: conflict
!but&!worth&hous&good: positive
!but&worth&!and&!well: conflict
!but&worth&!and&well: conflict
!but&worth&and&!with: positive
!but&worth&and&with: negative
but&!what&!ever&!at: positive
but&!what&!ever&at: neutral
but&!what&ever: negative
but&what&!for&!of: neutral
but&what&!for&of: neutral
but&what&for&!and: positive
but&what&for&and: neutral
DecisionTree learned:
!but&!can&!hous&!exceed: positive
!but&!can&!hous&exceed: conflict
!but&!can&hous&!a: conflict
!but&!can&hous&a: positive
!but&can&!cost&!around: negative
!but&can&!cost&around: conflict
!but&can&cost&!for: conflict
!but&can&cost&for: conflict
but&!rude&!small&!who: positive
but&!rude&!small&who: conflict
but&!rude&small&!a: positive
but&!rude&small&a: conflict
but&rude&!are: negative
but&rude&are&!and: conflict
but&rude&are&and: conflict
DecisionTree learned:
!but&!bland&!fine&!can: positive
!but&!bland&!fine&can: negative
!but&!bland&fine&!expect: positive
!but&!bland&fine&expect: conflict
!but&bland&!a&!ok: negative
!but&bland&!a&ok: neutral
!but&bland&a&!as: conflict
!but&bland&a&as: conflict
but&!not&!expens&!we: positive
but&!not&!expens&we: neutral
but&!not&expens&!food: negative
but&!not&expens&food: conflict
but&not&!for&!to: conflict
but&not&!for&to: neutral
but&not&for&!or: positive
but&not&for&or: neutral
DecisionTree learned:
!but&!servic&!fine&!littl: neutral
!but&!servic&!fine&littl: conflict
!but&!servic&fine&!had: positive
!but&!servic&fine&had: conflict
!but&servic&!price&!what: negative
!but&servic&!price&what: neutral
!but&servic&price&!is: positive
!but&servic&price&is: conflict
but&!rude&!pleas&!the: positive
but&!rude&!pleas&the: positive
but&!rude&pleas: conflict
but&rude&!are: negative
but&rude&are&!and: conflict
but&rude&are&and: conflict
DecisionTree learned:
!but&!we&!though&!well: positive
!but&!we&!though&well: positive
!but&!we&though&!authent: conflict
!but&!we&though&authent: neutral
!but&we&!great&!befor: neutral
!but&we&!great&befor: negative
!but&we&great: positive
but&!spectacular&!what&!onli: positive
but&!spectacular&!what&onli: positive
but&!spectacular&what&!of: neutral
but&!spectacular&what&of: negative
but&spectacular&!so: neutral
but&spectacular&so: neutral
DecisionTree learned:
!but&!fine&!well&!bland: positive
!but&!fine&!well&bland: negative
!but&!fine&well&!tasti: positive
!but&!fine&well&tasti: conflict
!but&fine&!expect&!the: positive
!but&fine&!expect&the: conflict
!but&fine&expect: conflict
but&!wife&!at&!worth: positive
but&!wife&!at&worth: conflict
but&!wife&at&!and: negative
but&!wife&at&and: positive
but&wife&!like&!as: conflict
but&wife&!like&as: conflict
but&wife&like: negative
DecisionTree learned:
!but&!worth&!pub&!with: positive
!but&!worth&!pub&with: neutral
!but&!worth&pub: conflict
!but&worth&!and&!well: conflict
!but&worth&!and&well: positive
!but&worth&and&!price: negative
!but&worth&and&price: neutral
but&!chicken&!slice&!not: positive
but&!chicken&!slice&not: neutral
but&!chicken&slice: conflict
but&chicken&!with: negative
but&chicken&with: negative
DecisionTree learned:
!but&!we&!rest&!can: positive
!but&!we&!rest&can: negative
!but&!we&rest&!good: conflict
!but&!we&rest&good: conflict
!but&we&!is&!tabl: neutral
!but&we&!is&tabl: negative
!but&we&is&!attent: negative
!but&we&is&attent: positive
but&!terribl&!with&!eat: neutral
but&!terribl&!with&eat: positive
but&!terribl&with&!servic: positive
but&!terribl&with&servic: negative
but&terribl&!and: negative
but&terribl&and: negative
DecisionTree learned:
!but&!well&!great&!hous: negative
!but&!well&!great&hous: conflict
!but&!well&great&!kid: positive
!but&!well&great&kid: conflict
!but&well&!tasti&!may: positive
!but&well&!tasti&may: conflict
!but&well&tasti&!of: conflict
!but&well&tasti&of: positive
but&!wife&!at&!small: positive
but&!wife&!at&small: negative
but&!wife&at&!and: neutral
but&!wife&at&and: positive
but&wife&!like&!as: conflict
but&wife&!like&as: conflict
but&wife&like: negative
DecisionTree learned:
!but&!fine&!although&!exceed: positive
!but&!fine&!although&exceed: conflict
!but&!fine&although&!servic: conflict
!but&!fine&although&servic: positive
!but&fine&!had&!of: positive
!but&fine&!had&of: conflict
!but&fine&had&!and: conflict
!but&fine&had&and: conflict
but&!we&!what&!reserv: negative
but&!we&!what&reserv: neutral
but&!we&what&!food: neutral
but&!we&what&food: neutral
but&we&!veri&!for: neutral
but&we&!veri&for: neutral
but&we&veri&!good: negative
but&we&veri&good: positive
DecisionTree learned:
!but&!we&!though&!far: positive
!but&!we&!though&far: conflict
!but&!we&though&!i: conflict
!but&!we&though&i: conflict
!but&we&!great&!tabl: neutral
!but&we&!great&tabl: negative
!but&we&great: positive
but&!at&!worth&!casual: negative
but&!at&!worth&casual: conflict
but&!at&worth&!and: conflict
but&!at&worth&and: conflict
but&at&!and&!experi: negative
but&at&!and&experi: positive
but&at&and&!as: positive
but&at&and&as: conflict
DecisionTree learned:
!but&!worth&!hous&!matter: positive
!but&!worth&!hous&matter: conflict
!but&!worth&hous&!good: conflict
!but&!worth&hous&good: positive
!but&worth&!and&!well: conflict
!but&worth&!and&well: conflict
!but&worth&and&!price: negative
!but&worth&and&price: neutral
but&!at&!is&!go: negative
but&!at&!is&go: positive
but&!at&is&!what: positive
but&!at&is&what: neutral
but&at&!and&!we: positive
but&at&!and&we: negative
but&at&and&!as: positive
but&at&and&as: neutral
DecisionTree learned:
!but&!worth&!matter&!far: positive
!but&!worth&!matter&far: conflict
!but&!worth&matter&!i: conflict
!but&!worth&matter&i: conflict
!but&worth&!and&!well: conflict
!but&worth&!and&well: positive
!but&worth&and&!price: negative
!but&worth&and&price: neutral
but&!at&!wa&!fine: positive
but&!at&!wa&fine: conflict
but&!at&wa&!so: negative
but&!at&wa&so: negative
but&at&!and&!all: neutral
but&at&!and&all: negative
but&at&and&!as: positive
but&at&and&as: neutral
DecisionTree learned:
!but&!is&!littl&!pub: negative
!but&!is&!littl&pub: conflict
!but&!is&littl&!also: conflict
!but&!is&littl&also: neutral
!but&is&!rest&!far: positive
!but&is&!rest&far: conflict
!but&is&rest&!good: conflict
!but&is&rest&good: conflict
but&!at&!is&!time: negative
but&!at&!is&time: neutral
but&!at&is&!been: positive
but&!at&is&been: conflict
but&at&!and&!experi: negative
but&at&!and&experi: positive
but&at&and&!as: positive
but&at&and&as: conflict
DecisionTree learned:
!but&!fine&!far&!worth: positive
!but&!fine&!far&worth: conflict
!but&!fine&far&!well: positive
!but&!fine&far&well: conflict
!but&fine&!had&!of: positive
!but&fine&!had&of: conflict
!but&fine&had&!were: conflict
!but&fine&had&were: conflict
but&!pleas&!wonder&!who: positive
but&!pleas&!wonder&who: conflict
but&!pleas&wonder: conflict
but&pleas: conflict
DecisionTree learned:
!but&!friendli&!worth&!matter: positive
!but&!friendli&!worth&matter: conflict
!but&!friendli&worth&!and: conflict
!but&!friendli&worth&and: neutral
!but&friendli&!is&!at: positive
!but&friendli&!is&at: neutral
!but&friendli&is&!there: positive
!but&friendli&is&there: conflict
but&!at&!worth&!is: negative
but&!at&!worth&is: positive
but&!at&worth&!and: conflict
but&!at&worth&and: positive
but&at&!and&!all: neutral
but&at&!and&all: positive
but&at&and&!as: positive
but&at&and&as: conflict
DecisionTree learned:
!but&!friendli&!though&!can: positive
!but&!friendli&!though&can: negative
!but&!friendli&though&!we: conflict
!but&!friendli&though&we: negative
!but&friendli&!is&!servic: neutral
!but&friendli&!is&servic: positive
!but&friendli&is&!price: positive
!but&friendli&is&price: conflict
but&!shrimp&!fine&!nice: negative
but&!shrimp&!fine&nice: positive
but&!shrimp&fine&!for: conflict
but&!shrimp&fine&for: negative
but&shrimp&!and&!good: positive
but&shrimp&!and&good: positive
but&shrimp&and: positive
DecisionTree learned:
!but&!far&!wine&!nice: negative
!but&!far&!wine&nice: positive
!but&!far&wine&!not: neutral
!but&!far&wine&not: negative
!but&far&!well&!have: positive
!but&far&!well&have: neutral
!but&far&well&!in: conflict
!but&far&well&in: conflict
but&!door&!who&!tabl: positive
but&!door&!who&tabl: neutral
but&!door&who&!for: neutral
but&!door&who&for: conflict
but&door&!a&!place: conflict
but&door&!a&place: conflict
but&door&a&!with: neutral
but&door&a&with: neutral
DecisionTree learned:
!but&!littl&!servic&!fine: neutral
!but&!littl&!servic&fine: conflict
!but&!littl&servic&!friendli: negative
!but&!littl&servic&friendli: positive
!but&littl&!also&!time: positive
!but&littl&!also&time: conflict
!but&littl&also: neutral
but&!at&!chicken&!worth: positive
but&!at&!chicken&worth: conflict
but&!at&chicken&!with: negative
but&!at&chicken&with: negative
but&at&!and&!you: negative
but&at&!and&you: positive
but&at&and&!as: neutral
but&at&and&as: conflict
DecisionTree learned:
!but&!though&!measur&!can: positive
!but&!though&!measur&can: negative
!but&!though&measur: conflict
!but&though&!even&!it: negative
!but&though&!even&it: conflict
!but&though&even&!the: negative
!but&though&even&the: positive
but&!high&!dine&!nice: negative
but&!high&!dine&nice: positive
but&!high&dine&!casual: positive
but&!high&dine&casual: conflict
but&high&!a&!the: negative
but&high&!a&the: conflict
but&high&a: conflict
DecisionTree learned:
!but&!good&!hous&!fine: negative
!but&!good&!hous&fine: conflict
!but&!good&hous&!great: conflict
!but&!good&hous&great: positive
!but&good&!not&!rest: positive
!but&good&!not&rest: conflict
!but&good&not&!i: conflict
!but&good&not&i: negative
but&!we&!over&!chicken: positive
but&!we&!over&chicken: negative
but&!we&over: positive
but&we&!veri&!quickli: neutral
but&we&!veri&quickli: positive
but&we&veri&!good: negative
but&we&veri&good: positive
DecisionTree learned:
!but&!bland&!servic&!although: neutral
!but&!bland&!servic&although: conflict
!but&!bland&servic&!friendli: negative
!but&!bland&servic&friendli: positive
!but&bland&!a&!ok: negative
!but&bland&!a&ok: negative
!but&bland&a&!as: conflict
!but&bland&a&as: conflict
but&!not&!that&!chicken: negative
but&!not&!that&chicken: negative
but&!not&that&!fresh: positive
but&!not&that&fresh: negative
but&not&!for&!to: conflict
but&not&!for&to: neutral
but&not&for&!experi: neutral
but&not&for&experi: positive
DecisionTree learned:
!but&!we&!though&!friendli: positive
!but&!we&!though&friendli: positive
!but&!we&though&!i: negative
!but&!we&though&i: conflict
!but&we&!bar&!tabl: neutral
!but&we&!bar&tabl: negative
!but&we&bar&!servic: neutral
!but&we&bar&servic: positive
but&!at&!shrimp&!who: negative
but&!at&!shrimp&who: conflict
but&!at&shrimp&!with: positive
but&!at&shrimp&with: positive
but&at&!and&!we: positive
but&at&!and&we: neutral
but&at&and&!as: neutral
but&at&and&as: neutral
DecisionTree learned:
!but&!our&!bland&!can: positive
!but&!our&!bland&can: negative
!but&!our&bland&!a: negative
!but&!our&bland&a: conflict
!but&our&!other&!ignor: neutral
!but&our&!other&ignor: negative
!but&our&other: negative
but&!at&!worth&!wa: positive
but&!at&!worth&wa: negative
but&!at&worth&!and: conflict
but&!at&worth&and: positive
but&at&!and&!all: neutral
but&at&!and&all: negative
but&at&and&!as: positive
but&at&and&as: neutral
DecisionTree learned:
!but&!far&!can&!worth: positive
!but&!far&!can&worth: conflict
!but&!far&can&!cost: negative
!but&!far&can&cost: conflict
!but&far&!well&!have: positive
!but&far&!well&have: neutral
!but&far&well&!in: conflict
!but&far&well&in: conflict
but&!small&!what&!onli: negative
but&!small&!what&onli: neutral
but&!small&what&!for: neutral
but&!small&what&for: neutral
but&small&!a&!are: negative
but&small&!a&are: negative
but&small&a&!were: conflict
but&small&a&were: negative
DecisionTree learned:
!but&!is&!pub&!littl: negative
!but&!is&!pub&littl: conflict
!but&!is&pub: conflict
!but&is&!everyth&!though: positive
!but&is&!everyth&though: conflict
!but&is&everyth&!to: conflict
!but&is&everyth&to: negative
but&!we&!pizza&!that: positive
but&!we&!pizza&that: negative
but&!we&pizza&!to: positive
but&!we&pizza&to: positive
but&we&!veri&!never: neutral
but&we&!veri&never: positive
but&we&veri&!good: negative
but&we&veri&good: positive
DecisionTree learned:
!but&!exceed&!well&!can: positive
!but&!exceed&!well&can: negative
!but&!exceed&well&!tasti: positive
!but&!exceed&well&tasti: conflict
!but&exceed: conflict
but&!small&!uniqu&!rude: positive
but&!small&!uniqu&rude: conflict
but&!small&uniqu: conflict
but&small&!a&!are: negative
but&small&!a&are: negative
but&small&a&!tabl: conflict
but&small&a&tabl: positive
DecisionTree learned:
!but&!fine&!can&!bland: positive
!but&!fine&!can&bland: negative
!but&!fine&can&!cost: negative
!but&!fine&can&cost: conflict
!but&fine&!had&!of: positive
!but&fine&!had&of: conflict
!but&fine&had&!were: conflict
!but&fine&had&were: conflict
but&!at&!pleas&!not: positive
but&!at&!pleas&not: conflict
but&!at&pleas: conflict
but&at&!and&!we: positive
but&at&!and&we: negative
but&at&and&!as: positive
but&at&and&as: neutral
DecisionTree learned:
!but&!we&!rest&!friendli: positive
!but&!we&!rest&friendli: positive
!but&!we&rest&!good: conflict
!but&!we&rest&good: conflict
!but&we&!is&!great: neutral
!but&we&!is&great: positive
!but&we&is&!attent: negative
!but&we&is&attent: positive
but&!not&!that&!small: negative
but&!not&!that&small: conflict
but&!not&that&!fresh: positive
but&!not&that&fresh: negative
but&not&!for&!to: conflict
but&not&!for&to: neutral
but&not&for&!there: negative
but&not&for&there: neutral
DecisionTree learned:
!but&!exceed&!is&!bland: neutral
!but&!exceed&!is&bland: conflict
!but&!exceed&is&!rest: positive
!but&!exceed&is&rest: conflict
!but&exceed: conflict
but&!not&!look&!small: negative
but&!not&!look&small: negative
but&!not&look&!and: neutral
but&!not&look&and: conflict
but&not&!for&!to: conflict
but&not&!for&to: neutral
but&not&for&!who: neutral
but&not&for&who: conflict
DecisionTree learned:
!but&!worth&!matter&!hous: positive
!but&!worth&!matter&hous: conflict
!but&!worth&matter&!i: conflict
!but&!worth&matter&i: conflict
!but&worth&!and&!well: conflict
!but&worth&!and&well: conflict
!but&worth&and&!with: neutral
!but&worth&and&with: negative
but&!we&!who&!for: positive
but&!we&!who&for: positive
but&!we&who&!of: conflict
but&!we&who&of: negative
but&we&!veri&!have: neutral
but&we&!veri&have: positive
but&we&veri&!good: negative
but&we&veri&good: positive
Trial 0 Training cc.mallet.classify.AdaBoostM2Trainer@49ff0dde finished
Trial 0 Trainer cc.mallet.classify.AdaBoostM2Trainer@49ff0dde test data accuracy = 0.5834464043419267

NaiveBayesTrainer
Summary. test accuracy mean = 0.6512890094979648 stddev = 0.0 stderr = 0.0

MaxEntTrainer,gaussianPriorVariance=1.0
Summary. test accuracy mean = 0.6485753052917232 stddev = 0.0 stderr = 0.0

cc.mallet.classify.DecisionTreeTrainer@69945ce
Summary. test accuracy mean = 0.5888738127544098 stddev = 0.0 stderr = 0.0

cc.mallet.classify.AdaBoostM2Trainer@49ff0dde
Summary. test accuracy mean = 0.5834464043419267 stddev = 0.0 stderr = 0.0
