
-------------------- Trial 0  --------------------

Trial 0 Training NaiveBayesTrainer with 2956 instances
Trial 0 Training NaiveBayesTrainer finished
Trial 0 Trainer NaiveBayesTrainer test data accuracy = 0.5834464043419267
Trial 0 Training MaxEntTrainer,gaussianPriorVariance=1.0 with 2956 instances
Trial 0 Training MaxEntTrainer,gaussianPriorVariance=1.0 finished
Trial 0 Trainer MaxEntTrainer,gaussianPriorVariance=1.0 test data accuracy = 0.6092265943012212
Trial 0 Training cc.mallet.classify.DecisionTreeTrainer@4e17e4ca with 2956 instances
DecisionTree learned:
!but&!not&!great&!dinner: positive
!but&!not&!great&dinner: neutral
!but&!not&great&!bottl: positive
!but&!not&great&bottl: negative
!but&not&!wa&!are: positive
!but&not&!wa&are: negative
!but&not&wa&!appet: negative
!but&not&wa&appet: neutral
but&!order&!who&!qualiti: positive
but&!order&!who&qualiti: negative
but&!order&who&!of: neutral
but&!order&who&of: negative
but&order&!dessert&!dinner: negative
but&order&!dessert&dinner: neutral
but&order&dessert&!and: neutral
but&order&dessert&and: neutral
Trial 0 Training cc.mallet.classify.DecisionTreeTrainer@4e17e4ca finished
Trial 0 Trainer cc.mallet.classify.DecisionTreeTrainer@4e17e4ca test data accuracy = 0.5888738127544098
Trial 0 Training cc.mallet.classify.AdaBoostM2Trainer@5464ea66 with 2956 instances
DecisionTree learned:
!but&!not&!great&!dinner: positive
!but&!not&!great&dinner: neutral
!but&!not&great&!bottl: positive
!but&!not&great&bottl: negative
!but&not&!wa&!are: positive
!but&not&!wa&are: negative
!but&not&wa&!sapphir: negative
!but&not&wa&sapphir: positive
but&!ever&!chicken&!qualiti: positive
but&!ever&!chicken&qualiti: negative
but&!ever&chicken&!with: negative
but&!ever&chicken&with: negative
but&ever: negative
DecisionTree learned:
!but&!not&!great&!dinner: positive
!but&!not&!great&dinner: neutral
!but&!not&great&!bottl: positive
!but&!not&great&bottl: negative
!but&not&!wa&!great: negative
!but&not&!wa&great: positive
!but&not&wa&!appet: negative
!but&not&wa&appet: neutral
but&!order&!who&!look: positive
but&!order&!who&look: negative
but&!order&who&!of: neutral
but&!order&who&of: negative
but&order&!dessert&!dinner: negative
but&order&!dessert&dinner: neutral
but&order&dessert&!and: neutral
but&order&dessert&and: neutral
DecisionTree learned:
!but&!not&!dinner&!great: positive
!but&!not&!dinner&great: positive
!but&!not&dinner&!would: neutral
!but&!not&dinner&would: negative
!but&not&!wa&!experi: negative
!but&not&!wa&experi: positive
!but&not&wa&!on: negative
!but&not&wa&on: neutral
but&!expens&!we&!who: positive
but&!expens&!we&who: negative
but&!expens&we&!have: neutral
but&!expens&we&have: positive
but&expens&!food&!to: neutral
but&expens&!food&to: negative
but&expens&food&!wa: conflict
but&expens&food&wa: conflict
DecisionTree learned:
!but&!friendli&!excel&!wa: positive
!but&!friendli&!excel&wa: negative
!but&!friendli&excel&!well: positive
!but&!friendli&excel&well: positive
!but&friendli&!bare&!world: positive
!but&friendli&!bare&world: positive
!but&friendli&bare: conflict
but&!who&!order&!high: positive
but&!who&!order&high: conflict
but&!who&order&!onli: negative
but&!who&order&onli: neutral
but&who&!of&!for: neutral
but&who&!of&for: conflict
but&who&of&!thi: negative
but&who&of&thi: negative
DecisionTree learned:
!but&!friendli&!excel&!not: positive
!but&!friendli&!excel&not: negative
!but&!friendli&excel&!behind: positive
!but&!friendli&excel&behind: neutral
!but&friendli&!bare&!is: positive
!but&friendli&!bare&is: positive
!but&friendli&bare: conflict
but&!look&!onli&!when: positive
but&!look&!onli&when: neutral
but&!look&onli&!food: positive
but&!look&onli&food: positive
but&look&!and&!i: negative
but&look&!and&i: neutral
but&look&and&!of: conflict
but&look&and&of: negative
DecisionTree learned:
!but&!is&!delici&!great: positive
!but&!is&!delici&great: positive
!but&!is&delici&!in: positive
!but&!is&delici&in: positive
!but&is&!though&!not: positive
!but&is&!though&not: negative
!but&is&though&!cuisin: negative
!but&is&though&cuisin: positive
but&!we&!who&!that: positive
but&!we&!who&that: negative
but&!we&who&!for: neutral
but&!we&who&for: conflict
but&we&!veri&!of: neutral
but&we&!veri&of: negative
but&we&veri&!with: conflict
but&we&veri&with: positive
DecisionTree learned:
!but&!wa&!though&!wait: positive
!but&!wa&!though&wait: negative
!but&!wa&though&!reserv: negative
!but&!wa&though&reserv: neutral
!but&wa&!delici&!good: negative
!but&wa&!delici&good: positive
!but&wa&delici&!becaus: positive
!but&wa&delici&becaus: positive
but&!worth&!who&!turn: positive
but&!worth&!who&turn: negative
but&!worth&who&!of: neutral
but&!worth&who&of: negative
but&worth&!to&!and: conflict
but&worth&!to&and: positive
but&worth&to: negative
DecisionTree learned:
!but&!friendli&!though&!wa: positive
!but&!friendli&!though&wa: negative
!but&!friendli&though&!it: negative
!but&!friendli&though&it: conflict
!but&friendli&!is&!for: positive
!but&friendli&!is&for: neutral
!but&friendli&is&!there: positive
!but&friendli&is&there: conflict
but&!onli&!we&!ever: positive
but&!onli&!we&ever: negative
but&!onli&we&!veri: neutral
but&!onli&we&veri: positive
but&onli&!food&!make: neutral
but&onli&!food&make: positive
but&onli&food: positive
DecisionTree learned:
!but&!is&!delici&!excel: positive
!but&!is&!delici&excel: positive
!but&!is&delici&!bar: positive
!but&!is&delici&bar: neutral
!but&is&!rest&!do: positive
!but&is&!rest&do: negative
!but&is&rest&!good: conflict
!but&is&rest&good: conflict
but&!order&!who&!qualiti: positive
but&!order&!who&qualiti: negative
but&!order&who&!for: neutral
but&!order&who&for: conflict
but&order&!they&!onli: negative
but&order&!they&onli: neutral
but&order&they: positive
DecisionTree learned:
!but&!our&!friendli&!dinner: positive
!but&!our&!friendli&dinner: neutral
!but&!our&friendli&!is: positive
!but&!our&friendli&is: positive
!but&our&!time&!pizza: neutral
!but&our&!time&pizza: positive
!but&our&time&!a: negative
!but&our&time&a: neutral
but&!at&!worth&!wa: positive
but&!at&!worth&wa: negative
but&!at&worth&!and: conflict
but&!at&worth&and: positive
but&at&!and&!we: negative
but&at&!and&we: neutral
but&at&and&!time: positive
but&at&and&time: neutral
DecisionTree learned:
!but&!great&!tabl&!well: positive
!but&!great&!tabl&well: positive
!but&!great&tabl&!thi: negative
!but&!great&tabl&thi: neutral
!but&great&!bottl&!for: positive
!but&great&!bottl&for: positive
!but&great&bottl&!are: negative
!but&great&bottl&are: negative
but&!wife&!at&!who: positive
but&!wife&!at&who: neutral
but&!wife&at&!and: negative
but&!wife&at&and: positive
but&wife&!like&!have: conflict
but&wife&!like&have: conflict
but&wife&like: negative
DecisionTree learned:
!but&!friendli&!good&!delici: positive
!but&!friendli&!good&delici: positive
!but&!friendli&good&!wait: positive
!but&!friendli&good&wait: negative
!but&friendli&!is&!for: positive
!but&friendli&!is&for: neutral
!but&friendli&is&!price: positive
!but&friendli&is&price: conflict
but&!expens&!we&!what: positive
but&!expens&!we&what: neutral
but&!expens&we&!did: neutral
but&!expens&we&did: positive
but&expens&!food&!to: neutral
but&expens&!food&to: negative
but&expens&food&!wa: conflict
but&expens&food&wa: negative
DecisionTree learned:
!but&!friendli&!good&!excel: positive
!but&!friendli&!good&excel: positive
!but&!friendli&good&!wait: positive
!but&!friendli&good&wait: negative
!but&friendli&!is&!the: positive
!but&friendli&!is&the: positive
!but&friendli&is&!there: positive
!but&friendli&is&there: conflict
but&!onli&!at&!well: negative
but&!onli&!at&well: positive
but&!onli&at&!and: negative
but&!onli&at&and: neutral
but&onli&!food&!place: neutral
but&onli&!food&place: positive
but&onli&food: positive
DecisionTree learned:
!but&!it&!dinner&!great: positive
!but&!it&!dinner&great: positive
!but&!it&dinner&!drink: neutral
!but&!it&dinner&drink: positive
!but&it&!matter&!worth: negative
!but&it&!matter&worth: conflict
!but&it&matter&!i: conflict
!but&it&matter&i: conflict
but&!pleas&!not&!small: positive
but&!pleas&!not&small: negative
but&!pleas&not&!for: conflict
but&!pleas&not&for: positive
but&pleas: conflict
DecisionTree learned:
!but&!our&!though&!wa: positive
!but&!our&!though&wa: negative
!but&!our&though&!reserv: negative
!but&!our&though&reserv: neutral
!but&our&!other&!ignor: neutral
!but&our&!other&ignor: negative
!but&our&other: negative
but&!expens&!we&!small: positive
but&!expens&!we&small: negative
but&!expens&we&!quickli: neutral
but&!expens&we&quickli: positive
but&expens&!food&!to: neutral
but&expens&!food&to: negative
but&expens&food&!wa: conflict
but&expens&food&wa: conflict
DecisionTree learned:
!but&!friendli&!worth&!matter: positive
!but&!friendli&!worth&matter: conflict
!but&!friendli&worth&!and: conflict
!but&!friendli&worth&and: positive
!but&friendli&!is&!the: positive
!but&friendli&!is&the: positive
!but&friendli&is&!there: positive
!but&friendli&is&there: conflict
but&!onli&!when&!order: positive
but&!onli&!when&order: negative
but&!onli&when&!were: positive
but&!onli&when&were: neutral
but&onli&!food&!are: positive
but&onli&!food&are: neutral
but&onli&food: positive
DecisionTree learned:
!but&!wa&!though&!friendli: positive
!but&!wa&!though&friendli: positive
!but&!wa&though&!of: negative
!but&!wa&though&of: conflict
!but&wa&!delici&!well: negative
!but&wa&!delici&well: positive
!but&wa&delici&!becaus: positive
!but&wa&delici&becaus: positive
but&!we&!high&!rude: positive
but&!we&!high&rude: conflict
but&!we&high&!and: conflict
but&!we&high&and: negative
but&we&!expens&!quickli: neutral
but&we&!expens&quickli: positive
but&we&expens: negative
DecisionTree learned:
!but&!order&!well&!excel: positive
!but&!order&!well&excel: positive
!but&!order&well&!tasti: positive
!but&!order&well&tasti: conflict
!but&order&!wine&!usual: negative
!but&order&!wine&usual: conflict
!but&order&wine&!for: neutral
!but&order&wine&for: neutral
but&!at&!worth&!is: negative
but&!at&!worth&is: positive
but&!at&worth&!and: conflict
but&!at&worth&and: positive
but&at&!and&!experi: neutral
but&at&!and&experi: positive
but&at&and&!time: positive
but&at&and&time: conflict
DecisionTree learned:
!but&!friendli&!though&!wa: positive
!but&!friendli&!though&wa: negative
!but&!friendli&though&!it: negative
!but&!friendli&though&it: conflict
!but&friendli&!is&!the: positive
!but&friendli&!is&the: positive
!but&friendli&is&!there: positive
!but&friendli&is&there: conflict
but&!pizza&!that&!wife: positive
but&!pizza&!that&wife: conflict
but&!pizza&that&!deal: negative
but&!pizza&that&deal: conflict
but&pizza&!to: positive
but&pizza&to&!they: positive
but&pizza&to&they: positive
DecisionTree learned:
!but&!though&!servic&!wa: positive
!but&!though&!servic&wa: negative
!but&!though&servic&!wait: positive
!but&!though&servic&wait: negative
!but&though&!even&!it: negative
!but&though&!even&it: conflict
!but&though&even&!seat: negative
!but&though&even&seat: neutral
but&!onli&!what&!when: negative
but&!onli&!what&when: neutral
but&!onli&what&!of: neutral
but&!onli&what&of: negative
but&onli&!food&!place: neutral
but&onli&!food&place: positive
but&onli&food: positive
DecisionTree learned:
!but&!the&!great&!appet: neutral
!but&!the&!great&appet: neutral
!but&!the&great&!kid: positive
!but&!the&great&kid: conflict
!but&the&!is&!with: positive
!but&the&!is&with: neutral
!but&the&is&!make: positive
!but&the&is&make: neutral
but&!small&!high&!pleas: positive
but&!small&!high&pleas: conflict
but&!small&high&!a: negative
but&!small&high&a: conflict
but&small&!there&!dessert: negative
but&small&!there&dessert: negative
but&small&there&!for: conflict
but&small&there&for: conflict
DecisionTree learned:
!but&!our&!nice&!rude: positive
!but&!our&!nice&rude: negative
!but&!our&nice&!they: positive
!but&!our&nice&they: conflict
!but&our&!order&!ignor: neutral
!but&our&!order&ignor: negative
!but&our&order&!that: neutral
!but&our&order&that: negative
but&!at&!when&!onli: negative
but&!at&!when&onli: neutral
but&!at&when&!of: neutral
but&!at&when&of: neutral
but&at&!and&!experi: negative
but&at&!and&experi: positive
but&at&and&!time: positive
but&at&and&time: conflict
DecisionTree learned:
!but&!friendli&!dinner&!best: positive
!but&!friendli&!dinner&best: positive
!but&!friendli&dinner&!not: neutral
!but&!friendli&dinner&not: negative
!but&friendli&!is&!atmospher: positive
!but&friendli&!is&atmospher: positive
!but&friendli&is&!price: positive
!but&friendli&is&price: conflict
but&!not&!that&!small: negative
but&!not&!that&small: negative
but&!not&that&!my: positive
but&!not&that&my: negative
but&not&!for&!to: conflict
but&not&!for&to: neutral
but&not&for&!experi: neutral
but&not&for&experi: positive
DecisionTree learned:
!but&!it&!fine&!servic: positive
!but&!it&!fine&servic: positive
!but&!it&fine&!to: positive
!but&!it&fine&to: positive
!but&it&!matter&!kid: negative
!but&it&!matter&kid: conflict
!but&it&matter&!i: conflict
!but&it&matter&i: conflict
but&!at&!worth&!is: negative
but&!at&!worth&is: positive
but&!at&worth&!and: conflict
but&!at&worth&and: positive
but&at&!and&!experi: negative
but&at&!and&experi: positive
but&at&and&!time: positive
but&at&and&time: neutral
DecisionTree learned:
!but&!bland&!is&!delici: positive
!but&!bland&!is&delici: positive
!but&!bland&is&!though: positive
!but&!bland&is&though: conflict
!but&bland&!a&!ok: negative
!but&bland&!a&ok: neutral
!but&bland&a&!have: conflict
!but&bland&a&have: negative
but&!that&!when&!pizza: positive
but&!that&!when&pizza: positive
but&!that&when&!all: neutral
but&!that&when&all: positive
but&that&!my&!shrimp: negative
but&that&!my&shrimp: positive
but&that&my&!to: negative
but&that&my&to: positive
DecisionTree learned:
!but&!not&!rude&!dinner: positive
!but&!not&!rude&dinner: neutral
!but&!not&rude: negative
!but&not&!price&!nice: negative
!but&not&!price&nice: conflict
!but&not&price&!is: negative
!but&not&price&is: conflict
but&!not&!look&!small: positive
but&!not&!look&small: negative
but&!not&look&!and: neutral
but&!not&look&and: conflict
but&not&!for&!to: conflict
but&not&!for&to: neutral
but&not&for&!there: negative
but&not&for&there: neutral
DecisionTree learned:
!but&!it&!friendli&!fine: positive
!but&!it&!friendli&fine: positive
!but&!it&friendli&!is: positive
!but&!it&friendli&is: positive
!but&it&!matter&!price: negative
!but&it&!matter&price: conflict
!but&it&matter&!i: conflict
!but&it&matter&i: conflict
but&!we&!who&!for: positive
but&!we&!who&for: positive
but&!we&who&!of: conflict
but&!we&who&of: negative
but&we&!veri&!quickli: neutral
but&we&!veri&quickli: positive
but&we&veri&!with: negative
but&we&veri&with: positive
DecisionTree learned:
!but&!the&!great&!tho: neutral
!but&!the&!great&tho: conflict
!but&!the&great&!kid: positive
!but&!the&great&kid: conflict
!but&the&!did&!fine: positive
!but&the&!did&fine: conflict
!but&the&did&!wa: neutral
!but&the&did&wa: negative
but&!shrimp&!onli&!over: negative
but&!shrimp&!onli&over: positive
but&!shrimp&onli&!food: neutral
but&!shrimp&onli&food: positive
but&shrimp&!and&!good: positive
but&shrimp&!and&good: positive
but&shrimp&and: positive
DecisionTree learned:
!but&!servic&!although&!fine: positive
!but&!servic&!although&fine: conflict
!but&!servic&although&!the: neutral
!but&!servic&although&the: conflict
!but&servic&!wait&!and: negative
!but&servic&!wait&and: positive
!but&servic&wait&!not: negative
!but&servic&wait&not: neutral
but&!small&!we&!pizza: negative
but&!small&!we&pizza: positive
but&!small&we&!veri: neutral
but&!small&we&veri: negative
but&small&!the: conflict
but&small&the&!littl: negative
but&small&the&littl: negative
DecisionTree learned:
!but&!we&!the&!went: positive
!but&!we&!the&went: neutral
!but&!we&the&!wine: positive
!but&!we&the&wine: positive
!but&we&!bar&!tabl: neutral
!but&we&!bar&tabl: negative
!but&we&bar&!servic: neutral
!but&we&bar&servic: positive
but&!over&!at&!who: positive
but&!over&!at&who: neutral
but&!over&at&!and: negative
but&!over&at&and: neutral
but&over: positive
DecisionTree learned:
!but&!appet&!we&!though: positive
!but&!appet&!we&though: negative
!but&!appet&we&!dumpl: negative
!but&!appet&we&dumpl: positive
!but&appet&!main&!delici: neutral
!but&appet&!main&delici: positive
!but&appet&main&!with: negative
!but&appet&main&with: neutral
but&!our&!when&!order: positive
but&!our&!when&order: negative
but&!our&when&!were: positive
but&!our&when&were: neutral
but&our&!for&!place: neutral
but&our&!for&place: neutral
but&our&for&!and: neutral
but&our&for&and: neutral
DecisionTree learned:
!but&!the&!sure&!appet: neutral
!but&!the&!sure&appet: neutral
!but&!the&sure: conflict
!but&the&!worth&!with: positive
!but&the&!worth&with: neutral
!but&the&worth&!and: conflict
!but&the&worth&and: positive
but&!at&!worth&!is: negative
but&!at&!worth&is: positive
but&!at&worth&!and: conflict
but&!at&worth&and: positive
but&at&!and&!experi: negative
but&at&!and&experi: positive
but&at&and&!time: positive
but&at&and&time: conflict
DecisionTree learned:
!but&!though&!well&!can: positive
!but&!though&!well&can: negative
!but&!though&well&!far: positive
!but&!though&well&far: conflict
!but&though&!it&!food: negative
!but&though&!it&food: negative
!but&though&it&!even: conflict
!but&though&it&even: negative
but&!small&!over&!onli: negative
but&!small&!over&onli: positive
but&!small&over: positive
but&small&!a&!and: negative
but&small&!a&and: negative
but&small&a&!tabl: conflict
but&small&a&tabl: positive
DecisionTree learned:
!but&!matter&!not&!dinner: positive
!but&!matter&!not&dinner: neutral
!but&!matter&not&!price: negative
!but&!matter&not&price: conflict
!but&matter&!it: negative
!but&matter&it&!i: conflict
!but&matter&it&i: conflict
but&!at&!worth&!door: positive
but&!at&!worth&door: conflict
but&!at&worth&!and: conflict
but&!at&worth&and: conflict
but&at&!and&!experi: negative
but&at&!and&experi: positive
but&at&and&!time: neutral
but&at&and&time: neutral
DecisionTree learned:
!but&!is&!bland&!delici: positive
!but&!is&!bland&delici: positive
!but&!is&bland&!a: negative
!but&!is&bland&a: conflict
!but&is&!rest&!far: positive
!but&is&!rest&far: conflict
!but&is&rest: conflict
but&!onli&!small&!ever: positive
but&!onli&!small&ever: negative
but&!onli&small&!a: negative
but&!onli&small&a: conflict
but&onli&!wa&!order: neutral
but&onli&!wa&order: neutral
but&onli&wa&!reserv: positive
but&onli&wa&reserv: positive
DecisionTree learned:
!but&!matter&!not&!though: positive
!but&!matter&!not&though: negative
!but&!matter&not&!price: negative
!but&!matter&not&price: conflict
!but&matter&!with&!i: conflict
!but&matter&!with&i: conflict
!but&matter&with: negative
but&!not&!look&!expens: positive
but&!not&!look&expens: conflict
but&!not&look&!place: negative
but&!not&look&place: conflict
but&not&!for&!to: conflict
but&not&!for&to: neutral
but&not&for&!experi: neutral
but&not&for&experi: positive
DecisionTree learned:
!but&!bland&!though&!matter: positive
!but&!bland&!though&matter: conflict
!but&!bland&though&!on: negative
!but&!bland&though&on: negative
!but&bland&!a&!ok: negative
!but&bland&!a&ok: neutral
!but&bland&a&!have: conflict
!but&bland&a&have: negative
but&!what&!not&!with: negative
but&!what&!not&with: positive
but&!what&not&!for: conflict
but&!what&not&for: neutral
but&what&!of&!the: positive
but&what&!of&the: neutral
but&what&of&!and: neutral
but&what&of&and: negative
DecisionTree learned:
!but&!worth&!fine&!bland: positive
!but&!worth&!fine&bland: negative
!but&!worth&fine&!had: positive
!but&!worth&fine&had: conflict
!but&worth&!and&!well: conflict
!but&worth&!and&well: conflict
!but&worth&and&!price: negative
!but&worth&and&price: neutral
but&!other&!expens&!we: positive
but&!other&!expens&we: neutral
but&!other&expens&!food: negative
but&!other&expens&food: conflict
but&other&!and: neutral
but&other&and: conflict
DecisionTree learned:
!but&!fine&!worth&!hous: positive
!but&!fine&!worth&hous: conflict
!but&!fine&worth&!and: conflict
!but&!fine&worth&and: positive
!but&fine&!had&!of: positive
!but&fine&!had&of: conflict
!but&fine&had&!and: conflict
!but&fine&had&and: conflict
but&!at&!worth&!is: negative
but&!at&!worth&is: positive
but&!at&worth&!and: conflict
but&!at&worth&and: conflict
but&at&!and&!all: neutral
but&at&!and&all: negative
but&at&and&!time: positive
but&at&and&time: conflict
DecisionTree learned:
!but&!we&!well&!can: positive
!but&!we&!well&can: negative
!but&!we&well&!tasti: positive
!but&!we&well&tasti: conflict
!but&we&!befor&!great: neutral
!but&we&!befor&great: positive
!but&we&befor&!about: negative
!but&we&befor&about: neutral
but&!rude&!big&!that: positive
but&!rude&!big&that: negative
but&!rude&big&!for: conflict
but&!rude&big&for: neutral
but&rude&!are: negative
but&rude&are&!and: conflict
but&rude&are&and: conflict
DecisionTree learned:
!but&!can&!fine&!bland: positive
!but&!can&!fine&bland: negative
!but&!can&fine&!had: positive
!but&!can&fine&had: conflict
!but&can&!cost&!around: negative
!but&can&!cost&around: conflict
!but&can&cost&!for: conflict
!but&can&cost&for: conflict
but&!onli&!wife&!at: positive
but&!onli&!wife&at: neutral
but&!onli&wife&!like: conflict
but&!onli&wife&like: negative
but&onli&!wa&!of: neutral
but&onli&!wa&of: positive
but&onli&wa&!reserv: positive
but&onli&wa&reserv: positive
DecisionTree learned:
!but&!it&!with&!the: neutral
!but&!it&!with&the: positive
!but&!it&with&!wait: neutral
!but&!it&with&wait: negative
!but&it&!matter&!though: negative
!but&it&!matter&though: conflict
!but&it&matter&!i: conflict
!but&it&matter&i: neutral
but&!that&!is&!to: conflict
but&!that&!is&to: neutral
but&!that&is&!casual: positive
but&!that&is&casual: conflict
but&that&!deal&!who: negative
but&that&!deal&who: conflict
but&that&deal: conflict
DecisionTree learned:
!but&!though&!matter&!not: positive
!but&!though&!matter&not: negative
!but&!though&matter&!i: conflict
!but&!though&matter&i: conflict
!but&though&!it&!food: negative
!but&though&!it&food: conflict
!but&though&it&!what: conflict
!but&though&it&what: neutral
but&!small&!high&!who: positive
but&!small&!high&who: neutral
but&!small&high&!a: negative
but&!small&high&a: conflict
but&small&!littl&!the: conflict
but&small&!littl&the: negative
but&small&littl: negative
DecisionTree learned:
!but&!friendli&!fine&!worth: positive
!but&!friendli&!fine&worth: conflict
!but&!friendli&fine&!had: positive
!but&!friendli&fine&had: conflict
!but&friendli&!is&!dish: positive
!but&friendli&!is&dish: neutral
!but&friendli&is&!servic: positive
!but&friendli&is&servic: positive
but&!chicken&!onli&!not: negative
but&!chicken&!onli&not: neutral
but&!chicken&onli&!food: neutral
but&!chicken&onli&food: positive
but&chicken&!with: negative
but&chicken&with: negative
DecisionTree learned:
!but&!though&!far&!cost: positive
!but&!though&!far&cost: conflict
!but&!though&far&!well: positive
!but&!though&far&well: conflict
!but&though&!even&!it: negative
!but&though&!even&it: conflict
!but&though&even&!with: negative
!but&though&even&with: positive
but&!pizza&!not&!with: negative
but&!pizza&!not&with: positive
but&!pizza&not&!dine: neutral
but&!pizza&not&dine: positive
but&pizza&!to: positive
but&pizza&to&!thi: positive
but&pizza&to&thi: positive
DecisionTree learned:
!but&!fine&!well&!excel: positive
!but&!fine&!well&excel: positive
!but&!fine&well&!far: positive
!but&!fine&well&far: conflict
!but&fine&!had&!of: positive
!but&fine&!had&of: positive
!but&fine&had&!were: conflict
!but&fine&had&were: conflict
but&!what&!expens&!we: positive
but&!what&!expens&we: neutral
but&!what&expens&!food: negative
but&!what&expens&food: conflict
but&what&!for&!and: neutral
but&what&!for&and: negative
but&what&for&!and: positive
but&what&for&and: neutral
DecisionTree learned:
!but&!far&!though&!matter: positive
!but&!far&!though&matter: conflict
!but&!far&though&!even: negative
!but&!far&though&even: negative
!but&far&!well&!have: positive
!but&far&!well&have: neutral
!but&far&well&!wa: conflict
!but&far&well&wa: conflict
but&!high&!small&!who: positive
but&!high&!small&who: neutral
but&!high&small&!a: negative
but&!high&small&a: conflict
but&high&!for&!and: conflict
but&high&!for&and: negative
but&high&for: negative
DecisionTree learned:
!but&!fine&!worth&!matter: positive
!but&!fine&!worth&matter: conflict
!but&!fine&worth&!and: conflict
!but&!fine&worth&and: negative
!but&fine&!had&!of: positive
!but&fine&!had&of: positive
!but&fine&had&!were: conflict
!but&fine&had&were: conflict
but&!who&!door&!onli: positive
but&!who&!door&onli: positive
but&!who&door&!a: conflict
but&!who&door&a: neutral
but&who&!with&!for: neutral
but&who&!with&for: conflict
but&who&with: negative
DecisionTree learned:
!but&!fine&!although&!can: positive
!but&!fine&!although&can: negative
!but&!fine&although&!servic: conflict
!but&!fine&although&servic: negative
!but&fine&!have&!the: positive
!but&fine&!have&the: conflict
!but&fine&have: conflict
but&!who&!that&!wife: positive
but&!who&!that&wife: conflict
but&!who&that&!deal: negative
but&!who&that&deal: conflict
but&who&!for&!with: neutral
but&who&!for&with: negative
but&who&for&!they: conflict
but&who&for&they: negative
DecisionTree learned:
!but&!bland&!though&!can: positive
!but&!bland&!though&can: negative
!but&!bland&though&!your: conflict
!but&!bland&though&your: negative
!but&bland&!a&!ok: negative
!but&bland&!a&ok: negative
!but&bland&a&!have: conflict
!but&bland&a&have: negative
but&!not&!expens&!we: negative
but&!not&!expens&we: neutral
but&!not&expens&!restaur: conflict
but&!not&expens&restaur: neutral
but&not&!out&!for: conflict
but&not&!out&for: neutral
but&not&out&!for: negative
but&not&out&for: positive
DecisionTree learned:
!but&!dinner&!bland&!well: positive
!but&!dinner&!bland&well: positive
!but&!dinner&bland&!a: negative
!but&!dinner&bland&a: conflict
!but&dinner&!drink&!it: neutral
!but&dinner&!drink&it: positive
!but&dinner&drink&!of: positive
!but&dinner&drink&of: negative
but&!we&!high&!not: negative
but&!we&!high&not: neutral
but&!we&high&!for: conflict
but&!we&high&for: negative
but&we&!veri&!to: negative
but&we&!veri&to: neutral
but&we&veri&!for: positive
but&we&veri&for: negative
DecisionTree learned:
!but&!bland&!hous&!is: neutral
!but&!bland&!hous&is: positive
!but&!bland&hous&!a: conflict
!but&!bland&hous&a: positive
!but&bland&!a&!ok: negative
!but&bland&!a&ok: negative
!but&bland&a&!have: conflict
!but&bland&a&have: negative
but&!at&!worth&!rude: negative
but&!at&!worth&rude: conflict
but&!at&worth&!and: conflict
but&!at&worth&and: conflict
but&at&!and&!experi: negative
but&at&!and&experi: positive
but&at&and&!time: neutral
but&at&and&time: conflict
DecisionTree learned:
!but&!good&!far&!can: positive
!but&!good&!far&can: negative
!but&!good&far&!well: positive
!but&!good&far&well: conflict
!but&good&!not&!of: positive
!but&good&!not&of: positive
!but&good&not&!i: conflict
!but&good&not&i: negative
but&!not&!small&!expens: negative
but&!not&!small&expens: conflict
but&!not&small&!a: negative
but&!not&small&a: negative
but&not&!for&!to: conflict
but&not&!for&to: neutral
but&not&for&!who: positive
but&not&for&who: conflict
DecisionTree learned:
!but&!hous&!worth&!bland: positive
!but&!hous&!worth&bland: negative
!but&!hous&worth&!and: conflict
!but&!hous&worth&and: negative
!but&hous&!a&!on: conflict
!but&hous&!a&on: positive
!but&hous&a&!price: positive
!but&hous&a&price: neutral
but&!onli&!other&!expens: positive
but&!onli&!other&expens: conflict
but&!onli&other&!and: neutral
but&!onli&other&and: conflict
but&onli&!wa&!place: neutral
but&onli&!wa&place: positive
but&onli&wa&!reserv: positive
but&onli&wa&reserv: positive
DecisionTree learned:
!but&!friendli&!fine&!can: positive
!but&!friendli&!fine&can: negative
!but&!friendli&fine&!have: positive
!but&!friendli&fine&have: conflict
!but&friendli&!is&!for: positive
!but&friendli&!is&for: neutral
!but&friendli&is&!servic: positive
!but&friendli&is&servic: conflict
but&!high&!who&!chicken: positive
but&!high&!who&chicken: negative
but&!high&who&!with: conflict
but&!high&who&with: negative
but&high&!for&!and: conflict
but&high&!for&and: negative
but&high&for: negative
DecisionTree learned:
!but&!cost&!well&!bland: positive
!but&!cost&!well&bland: negative
!but&!cost&well&!tasti: positive
!but&!cost&well&tasti: conflict
!but&cost&!have&!a: conflict
!but&cost&!have&a: positive
!but&cost&have&!and: negative
!but&cost&have&and: negative
but&!onli&!when&!chicken: positive
but&!onli&!when&chicken: negative
but&!onli&when&!were: neutral
but&!onli&when&were: neutral
but&onli&!wa&!place: neutral
but&onli&!wa&place: positive
but&onli&wa&!reserv: positive
but&onli&wa&reserv: negative
DecisionTree learned:
!but&!though&!well&!exceed: positive
!but&!though&!well&exceed: conflict
!but&!though&well&!tasti: positive
!but&!though&well&tasti: conflict
!but&though&!we&!i: conflict
!but&though&!we&i: conflict
!but&though&we&!to: positive
!but&though&we&to: neutral
but&!pleas&!pizza&!we: negative
but&!pleas&!pizza&we: neutral
but&!pleas&pizza&!make: positive
but&!pleas&pizza&make: neutral
but&pleas: conflict
DecisionTree learned:
!but&!although&!servic&!fine: positive
!but&!although&!servic&fine: conflict
!but&!although&servic&!re: positive
!but&!although&servic&re: conflict
!but&although&!servic&!the: neutral
!but&although&!servic&the: conflict
!but&although&servic&!to: negative
!but&although&servic&to: neutral
but&!what&!at&!worth: positive
but&!what&!at&worth: conflict
but&!what&at&!and: negative
but&!what&at&and: neutral
but&what&!of&!the: positive
but&what&!of&the: neutral
but&what&of&!and: neutral
but&what&of&and: negative
DecisionTree learned:
!but&!good&!can&!fine: positive
!but&!good&!can&fine: conflict
!but&!good&can&!cost: negative
!but&!good&can&cost: conflict
!but&good&!not&!of: positive
!but&good&!not&of: positive
!but&good&not&!for: conflict
!but&good&not&for: neutral
but&!wife&!at&!worth: positive
but&!wife&!at&worth: conflict
but&!wife&at&!and: negative
but&!wife&at&and: positive
but&wife&!like&!have: conflict
but&wife&!like&have: conflict
but&wife&like: negative
DecisionTree learned:
!but&!hous&!worth&!matter: positive
!but&!hous&!worth&matter: conflict
!but&!hous&worth&!and: conflict
!but&!hous&worth&and: negative
!but&hous&!a&!on: conflict
!but&hous&!a&on: positive
!but&hous&a&!price: positive
!but&hous&a&price: neutral
but&!we&!spectacular&!casual: positive
but&!we&!spectacular&casual: conflict
but&!we&spectacular&!so: neutral
but&!we&spectacular&so: neutral
but&we&!expens&!never: neutral
but&we&!expens&never: positive
but&we&expens: negative
DecisionTree learned:
!but&!we&!though&!cost: positive
!but&!we&!though&cost: conflict
!but&!we&though&!i: negative
!but&!we&though&i: neutral
!but&we&!dumpl&!fondu: neutral
!but&we&!dumpl&fondu: neutral
!but&we&dumpl: positive
but&!we&!pizza&!over: negative
but&!we&!pizza&over: positive
but&!we&pizza&!to: positive
but&!we&pizza&to: positive
but&we&!expens&!did: neutral
but&we&!expens&did: negative
but&we&expens: conflict
DecisionTree learned:
!but&!our&!the&!kid: neutral
!but&!our&!the&kid: conflict
!but&!our&the&!well: positive
!but&!our&the&well: positive
!but&our&!order&!servic: neutral
!but&our&!order&servic: positive
!but&our&order&!that: negative
!but&our&order&that: negative
but&!at&!chicken&!door: positive
but&!at&!chicken&door: conflict
but&!at&chicken&!with: negative
but&!at&chicken&with: negative
but&at&!and&!all: neutral
but&at&!and&all: negative
but&at&and&!time: neutral
but&at&and&time: neutral
DecisionTree learned:
!but&!servic&!although&!fine: positive
!but&!servic&!although&fine: conflict
!but&!servic&although&!wa: neutral
!but&!servic&although&wa: conflict
!but&servic&!ok&!and: negative
!but&servic&!ok&and: positive
!but&servic&ok&!food: neutral
!but&servic&ok&food: neutral
but&!at&!worth&!n: positive
but&!at&!worth&n: negative
but&!at&worth&!and: conflict
but&!at&worth&and: positive
but&at&!and&!we: positive
but&at&!and&we: neutral
but&at&and&!time: positive
but&at&and&time: conflict
DecisionTree learned:
!but&!our&!bland&!atmospher: positive
!but&!our&!bland&atmospher: positive
!but&!our&bland&!a: negative
!but&!our&bland&a: conflict
!but&our&!other&!ignor: neutral
!but&our&!other&ignor: negative
!but&our&other: negative
but&!expens&!we&!small: positive
but&!expens&!we&small: negative
but&!expens&we&!never: neutral
but&!expens&we&never: positive
but&expens&!food&!to: neutral
but&expens&!food&to: negative
but&expens&food&!wa: conflict
but&expens&food&wa: conflict
DecisionTree learned:
!but&!fine&!worth&!can: positive
!but&!fine&!worth&can: negative
!but&!fine&worth&!and: conflict
!but&!fine&worth&and: positive
!but&fine&!had&!of: positive
!but&fine&!had&of: conflict
!but&fine&had&!were: conflict
!but&fine&had&were: conflict
but&!at&!worth&!is: negative
but&!at&!worth&is: positive
but&!at&worth&!and: conflict
but&!at&worth&and: conflict
but&at&!and&!back: negative
but&at&!and&back: neutral
but&at&and&!time: neutral
but&at&and&time: neutral
DecisionTree learned:
!but&!most&!bland&!hous: positive
!but&!most&!bland&hous: conflict
!but&!most&bland&!a: negative
!but&!most&bland&a: conflict
!but&most&!an&!out: positive
!but&most&!an&out: conflict
!but&most&an&!and: conflict
!but&most&an&and: conflict
but&!we&!the&!never: positive
but&!we&!the&never: positive
but&!we&the&!thai: negative
but&!we&the&thai: conflict
but&we&!veri&!never: neutral
but&we&!veri&never: positive
but&we&veri&!for: positive
but&we&veri&for: negative
DecisionTree learned:
!but&!far&!worth&!fine: positive
!but&!far&!worth&fine: conflict
!but&!far&worth&!and: conflict
!but&!far&worth&and: positive
!but&far&!well&!have: positive
!but&far&!well&have: neutral
!but&far&well&!wa: conflict
!but&far&well&wa: conflict
but&!onli&!wife&!at: negative
but&!onli&!wife&at: neutral
but&!onli&wife&!like: conflict
but&!onli&wife&like: negative
but&onli&!are&!order: positive
but&onli&!are&order: neutral
but&onli&are&!and: neutral
but&onli&are&and: neutral
DecisionTree learned:
!fine&!but&!bland&!matter: positive
!fine&!but&!bland&matter: conflict
!fine&!but&bland&!a: negative
!fine&!but&bland&a: conflict
!fine&but&!their&!order: positive
!fine&but&!their&order: negative
!fine&but&their&!place: negative
!fine&but&their&place: positive
fine&!the&!and: positive
fine&!the&and: neutral
fine&the&!to&!more: conflict
fine&the&!to&more: conflict
fine&the&to&!have: positive
fine&the&to&have: conflict
DecisionTree learned:
!but&!did&!can&!littl: positive
!but&!did&!can&littl: conflict
!but&!did&can&!cost: negative
!but&!did&can&cost: conflict
!but&did&!includ&!food: neutral
!but&did&!includ&food: negative
!but&did&includ: neutral
but&!chicken&!casual&!rude: positive
but&!chicken&!casual&rude: conflict
but&!chicken&casual&!and: conflict
but&!chicken&casual&and: positive
but&chicken&!with: negative
but&chicken&with: conflict
DecisionTree learned:
!but&!matter&!worth&!atmospher: positive
!but&!matter&!worth&atmospher: positive
!but&!matter&worth&!and: conflict
!but&!matter&worth&and: neutral
!but&matter&!with&!i: conflict
!but&matter&!with&i: conflict
!but&matter&with: negative
but&!we&!who&!for: positive
but&!we&!who&for: positive
but&!we&who&!for: neutral
but&!we&who&for: conflict
but&we&!expens&!lucki: neutral
but&we&!expens&lucki: positive
but&we&expens: negative
DecisionTree learned:
!but&!servic&!although&!fine: neutral
!but&!servic&!although&fine: conflict
!but&!servic&although&!wa: neutral
!but&!servic&although&wa: conflict
!but&servic&!friendli&!re: negative
!but&servic&!friendli&re: conflict
!but&servic&friendli&!is: positive
!but&servic&friendli&is: conflict
but&!pleas&!who&!door: positive
but&!pleas&!who&door: neutral
but&!pleas&who&!for: neutral
but&!pleas&who&for: conflict
but&pleas: conflict
DecisionTree learned:
!but&!though&!matter&!atmospher: positive
!but&!though&!matter&atmospher: positive
!but&!though&matter&!i: conflict
!but&!though&matter&i: conflict
!but&though&!even&!it: negative
!but&though&!even&it: conflict
!but&though&even&!wait: positive
!but&though&even&wait: negative
but&!we&!tasti&!with: negative
but&!we&!tasti&with: positive
but&!we&tasti&!the: positive
but&!we&tasti&the: neutral
but&we&!veri&!walk: neutral
but&we&!veri&walk: positive
but&we&veri&!for: positive
but&we&veri&for: negative
DecisionTree learned:
!but&!friendli&!well&!bland: negative
!but&!friendli&!well&bland: negative
!but&!friendli&well&!far: positive
!but&!friendli&well&far: conflict
!but&friendli&!is&!dish: positive
!but&friendli&!is&dish: neutral
!but&friendli&is&!servic: positive
!but&friendli&is&servic: conflict
but&!at&!that&!look: positive
but&!at&!that&look: conflict
but&!at&that&!shrimp: negative
but&!at&that&shrimp: positive
but&at&!and&!all: neutral
but&at&!and&all: negative
but&at&and&!time: positive
but&at&and&time: neutral
DecisionTree learned:
!but&!worth&!hous&!atmospher: positive
!but&!worth&!hous&atmospher: positive
!but&!worth&hous&!were: positive
!but&!worth&hous&were: conflict
!but&worth&!and&!well: conflict
!but&worth&!and&well: conflict
!but&worth&and&!enough: neutral
!but&worth&and&enough: positive
but&!not&!that&!casual: negative
but&!not&!that&casual: conflict
but&!not&that&!my: positive
but&!not&that&my: negative
but&not&!for&!to: conflict
but&not&!for&to: neutral
but&not&for&!the: positive
but&not&for&the: neutral
DecisionTree learned:
!but&!good&!can&!littl: positive
!but&!good&!can&littl: conflict
!but&!good&can&!cost: negative
!but&!good&can&cost: conflict
!but&good&!rest&!not: positive
!but&good&!rest&not: conflict
!but&good&rest: conflict
but&!no&!at&!pleas: negative
but&!no&!at&pleas: conflict
but&!no&at&!and: negative
but&!no&at&and: neutral
but&no&!for&!and: positive
but&no&!for&and: neutral
but&no&for&!and: neutral
but&no&for&and: neutral
DecisionTree learned:
!but&!it&!with&!mani: positive
!but&!it&!with&mani: conflict
!but&!it&with&!wait: neutral
!but&!it&with&wait: negative
!but&it&!matter&!kid: negative
!but&it&!matter&kid: conflict
!but&it&matter&!i: conflict
!but&it&matter&i: conflict
but&!at&!worth&!door: positive
but&!at&!worth&door: conflict
but&!at&worth&!and: conflict
but&!at&worth&and: conflict
but&at&!and&!we: negative
but&at&!and&we: neutral
but&at&and&!time: positive
but&at&and&time: neutral
DecisionTree learned:
!but&!hous&!worth&!matter: positive
!but&!hous&!worth&matter: conflict
!but&!hous&worth&!and: conflict
!but&!hous&worth&and: negative
!but&hous&!a&!on: conflict
!but&hous&!a&on: positive
!but&hous&a&!price: positive
!but&hous&a&price: neutral
but&!when&!at&!worth: negative
but&!when&!at&worth: conflict
but&!when&at&!got: neutral
but&!when&at&got: neutral
but&when&!at&!dinner: neutral
but&when&!at&dinner: neutral
but&when&at&!all: negative
but&when&at&all: positive
DecisionTree learned:
!but&!though&!well&!can: positive
!but&!though&!well&can: negative
!but&!though&well&!tasti: positive
!but&!though&well&tasti: conflict
!but&though&!reserv&!your: conflict
!but&though&!reserv&your: negative
!but&though&reserv&!time: neutral
!but&though&reserv&time: negative
but&!we&!spectacular&!who: positive
but&!we&!spectacular&who: conflict
but&!we&spectacular&!so: neutral
but&!we&spectacular&so: neutral
but&we&!veri&!could: neutral
but&we&!veri&could: negative
but&we&veri&!for: positive
but&we&veri&for: negative
DecisionTree learned:
!but&!far&!fine&!atmospher: positive
!but&!far&!fine&atmospher: positive
!but&!far&fine&!have: positive
!but&!far&fine&have: conflict
!but&far&!well&!have: positive
!but&far&!well&have: neutral
!but&far&well&!wa: conflict
!but&far&well&wa: conflict
but&!small&!not&!expens: positive
but&!small&!not&expens: conflict
but&!small&not&!for: conflict
but&!small&not&for: neutral
but&small&!a&!and: negative
but&small&!a&and: positive
but&small&a&!were: conflict
but&small&a&were: positive
DecisionTree learned:
!but&!dinner&!we&!glass: positive
!but&!dinner&!we&glass: neutral
!but&!dinner&we&!tabl: neutral
!but&!dinner&we&tabl: negative
!but&dinner&!drink&!would: neutral
!but&dinner&!drink&would: negative
!but&dinner&drink&!of: positive
!but&dinner&drink&of: negative
but&!the&!never&!of: conflict
but&!the&!never&of: negative
but&!the&never&!to: positive
but&!the&never&to: neutral
but&the&!thai&!chicken: neutral
but&the&!thai&chicken: negative
but&the&thai&!food: negative
but&the&thai&food: conflict
DecisionTree learned:
!but&!though&!atmospher&!well: positive
!but&!though&!atmospher&well: positive
!but&!though&atmospher&!they: positive
!but&!though&atmospher&they: conflict
!but&though&!even&!your: conflict
!but&though&!even&your: negative
!but&though&even&!at: negative
!but&though&even&at: positive
but&!small&!compar&!rude: positive
but&!small&!compar&rude: conflict
but&!small&compar: negative
but&small&!a&!to: negative
but&small&!a&to: negative
but&small&a&!were: conflict
but&small&a&were: negative
DecisionTree learned:
!but&!fine&!can&!worth: positive
!but&!fine&!can&worth: conflict
!but&!fine&can&!cost: negative
!but&!fine&can&cost: conflict
!but&fine&!had&!of: positive
!but&fine&!had&of: conflict
!but&fine&had&!and: conflict
!but&fine&had&and: conflict
but&!rude&!at&!is: negative
but&!rude&!at&is: positive
but&!rude&at&!and: neutral
but&!rude&at&and: neutral
but&rude&!are: negative
but&rude&are&!and: conflict
but&rude&are&and: conflict
DecisionTree learned:
!but&!fine&!littl&!cost: positive
!but&!fine&!littl&cost: conflict
!but&!fine&littl&!also: conflict
!but&!fine&littl&also: neutral
!but&fine&!had&!of: positive
!but&fine&!had&of: conflict
!but&fine&had&!and: conflict
!but&fine&had&and: conflict
but&!when&!what&!that: positive
but&!when&!what&that: negative
but&!when&what&!of: neutral
but&!when&what&of: negative
but&when&!were&!all: neutral
but&when&!were&all: positive
but&when&were&!to: negative
but&when&were&to: neutral
DecisionTree learned:
!but&!friendli&!bland&!well: positive
!but&!friendli&!bland&well: positive
!but&!friendli&bland&!a: negative
!but&!friendli&bland&a: conflict
!but&friendli&!is&!the: positive
!but&friendli&!is&the: neutral
!but&friendli&is&!servic: positive
!but&friendli&is&servic: conflict
but&!chicken&!small&!rude: neutral
but&!chicken&!small&rude: conflict
but&!chicken&small&!a: negative
but&!chicken&small&a: conflict
but&chicken&!with: negative
but&chicken&with: conflict
DecisionTree learned:
!but&!bland&!far&!though: positive
!but&!bland&!far&though: negative
!but&!bland&far&!well: positive
!but&!bland&far&well: conflict
!but&bland&!a&!ok: negative
!but&bland&!a&ok: neutral
!but&bland&a&!have: conflict
!but&bland&a&have: conflict
but&!when&!that&!fine: positive
but&!when&!that&fine: conflict
but&!when&that&!deal: negative
but&!when&that&deal: conflict
but&when&!all&!and: neutral
but&when&!all&and: neutral
but&when&all&!food: negative
but&when&all&food: positive
DecisionTree learned:
!but&!though&!well&!can: positive
!but&!though&!well&can: negative
!but&!though&well&!tasti: positive
!but&!though&well&tasti: conflict
!but&though&!even&!it: negative
!but&though&!even&it: conflict
!but&though&even&!with: negative
!but&though&even&with: positive
but&!what&!small&!expens: positive
but&!what&!small&expens: conflict
but&!what&small&!a: negative
but&!what&small&a: conflict
but&what&!of&!food: positive
but&what&!of&food: neutral
but&what&of&!and: neutral
but&what&of&and: negative
DecisionTree learned:
!but&!fine&!atmospher&!worth: positive
!but&!fine&!atmospher&worth: conflict
!but&!fine&atmospher&!they: positive
!but&!fine&atmospher&they: conflict
!but&fine&!have&!the: positive
!but&fine&!have&the: conflict
!but&fine&have: conflict
but&!casual&!nice&!onli: negative
but&!casual&!nice&onli: positive
but&!casual&nice&!our: positive
but&!casual&nice&our: neutral
but&casual&!and: conflict
but&casual&and: positive
DecisionTree learned:
!but&!far&!can&!worth: positive
!but&!far&!can&worth: conflict
!but&!far&can&!cost: negative
!but&!far&can&cost: conflict
!but&far&!well&!have: positive
!but&far&!well&have: neutral
!but&far&well&!wa: conflict
!but&far&well&wa: conflict
but&!who&!that&!onli: positive
but&!who&!that&onli: positive
but&!who&that&!deal: negative
but&!who&that&deal: conflict
but&who&!of&!is: conflict
but&who&!of&is: neutral
but&who&of&!thi: negative
but&who&of&thi: conflict
DecisionTree learned:
!but&!though&!matter&!not: positive
!but&!though&!matter&not: negative
!but&!though&matter&!i: conflict
!but&!though&matter&i: conflict
!but&though&!even&!it: negative
!but&though&!even&it: conflict
!but&though&even&!with: negative
!but&though&even&with: positive
but&!rude&!small&!who: positive
but&!rude&!small&who: conflict
but&!rude&small&!a: negative
but&!rude&small&a: conflict
but&rude&!and&!with: negative
but&rude&!and&with: conflict
but&rude&and: conflict
DecisionTree learned:
!but&!fine&!bland&!well: positive
!but&!fine&!bland&well: positive
!but&!fine&bland&!a: negative
!but&!fine&bland&a: conflict
!but&fine&!have&!servic: conflict
!but&fine&!have&servic: positive
!but&fine&have: conflict
but&!at&!slice&!door: negative
but&!at&!slice&door: conflict
but&!at&slice: conflict
but&at&!and&!were: negative
but&at&!and&were: neutral
but&at&and&!time: positive
but&at&and&time: neutral
DecisionTree learned:
!but&!though&!mani&!matter: positive
!but&!though&!mani&matter: conflict
!but&!though&mani&!so: conflict
!but&!though&mani&so: negative
!but&though&!is&!worth: negative
!but&though&!is&worth: conflict
!but&though&is&!what: conflict
!but&though&is&what: negative
but&!small&!shrimp&!casual: negative
but&!small&!shrimp&casual: conflict
but&!small&shrimp&!with: conflict
but&!small&shrimp&with: positive
but&small&!a&!are: negative
but&small&!a&are: positive
but&small&a&!tabl: conflict
but&small&a&tabl: positive
DecisionTree learned:
!but&!dinner&!we&!though: positive
!but&!dinner&!we&though: conflict
!but&!dinner&we&!appet: negative
!but&!dinner&we&appet: neutral
!but&dinner&!not&!ani: neutral
!but&dinner&!not&ani: negative
!but&dinner&not&!i: negative
!but&dinner&not&i: neutral
but&!casual&!nice&!onli: negative
but&!casual&!nice&onli: neutral
but&!casual&nice&!n: positive
but&!casual&nice&n: negative
but&casual&!and: conflict
but&casual&and: positive
DecisionTree learned:
!but&!we&!rest&!mani: positive
!but&!we&!rest&mani: conflict
!but&!we&rest&!good: conflict
!but&!we&rest&good: conflict
!but&we&!delici&!appet: negative
!but&we&!delici&appet: neutral
!but&we&delici&!becaus: positive
!but&we&delici&becaus: neutral
but&!onli&!that&!wife: negative
but&!onli&!that&wife: conflict
but&!onli&that&!deal: negative
but&!onli&that&deal: conflict
but&onli&!wa&!make: neutral
but&onli&!wa&make: positive
but&onli&wa&!reserv: positive
but&onli&wa&reserv: positive
DecisionTree learned:
!but&!we&!though&!the: neutral
!but&!we&!though&the: positive
!but&!we&though&!veri: negative
!but&!we&though&veri: conflict
!but&we&!great&!bar: negative
!but&we&!great&bar: neutral
!but&we&great: positive
but&!onli&!at&!well: negative
but&!onli&!at&well: conflict
but&!onli&at&!and: neutral
but&!onli&at&and: neutral
but&onli&!order&!are: positive
but&onli&!order&are: neutral
but&onli&order: neutral
DecisionTree learned:
!but&!fine&!bland&!worth: positive
!but&!fine&!bland&worth: conflict
!but&!fine&bland&!a: negative
!but&!fine&bland&a: conflict
!but&fine&!had&!of: positive
!but&fine&!had&of: conflict
!but&fine&had&!and: conflict
!but&fine&had&and: conflict
but&!when&!that&!pizza: positive
but&!when&!that&pizza: positive
but&!when&that&!deal: negative
but&!when&that&deal: conflict
but&when&!all&!were: neutral
but&when&!all&were: neutral
but&when&all&!and: positive
but&when&all&and: neutral
DecisionTree learned:
!but&!although&!servic&!atmospher: neutral
!but&!although&!servic&atmospher: positive
!but&!although&servic&!price: negative
!but&!although&servic&price: positive
!but&although&!servic&!wa: neutral
!but&although&!servic&wa: conflict
!but&although&servic&!to: negative
!but&although&servic&to: neutral
but&!not&!that&!chicken: negative
but&!not&!that&chicken: negative
but&!not&that&!fresh: positive
but&!not&that&fresh: negative
but&not&!for&!to: conflict
but&not&!for&to: neutral
but&not&for&!experi: negative
but&not&for&experi: positive
DecisionTree learned:
!but&!friendli&!worth&!hous: negative
!but&!friendli&!worth&hous: conflict
!but&!friendli&worth&!and: conflict
!but&!friendli&worth&and: positive
!but&friendli&!is&!small: positive
!but&friendli&!is&small: neutral
!but&friendli&is&!servic: positive
!but&friendli&is&servic: conflict
but&!that&!special&!onli: negative
but&!that&!special&onli: positive
but&!that&special&!are: positive
but&!that&special&are: neutral
but&that&!shrimp&!be: negative
but&that&!shrimp&be: positive
but&that&shrimp&!good: positive
but&that&shrimp&good: positive
DecisionTree learned:
!but&!bland&!exceed&!is: neutral
!but&!bland&!exceed&is: positive
!but&!bland&exceed: conflict
!but&bland&!a&!ok: negative
!but&bland&!a&ok: neutral
!but&bland&a&!have: conflict
!but&bland&a&have: conflict
but&!casual&!small&!nice: negative
but&!casual&!small&nice: positive
but&!casual&small&!a: negative
but&!casual&small&a: conflict
but&casual&!and: conflict
but&casual&and: positive
DecisionTree learned:
!but&!fine&!can&!littl: positive
!but&!fine&!can&littl: conflict
!but&!fine&can&!cost: negative
!but&!fine&can&cost: conflict
!but&fine&!have&!had: positive
!but&fine&!have&had: conflict
!but&fine&have: conflict
but&!small&!pleas&!who: positive
but&!small&!pleas&who: conflict
but&!small&pleas: conflict
but&small&!a&!are: negative
but&small&!a&are: positive
but&small&a&!tabl: conflict
but&small&a&tabl: positive
DecisionTree learned:
!but&!worth&!hous&!fine: positive
!but&!worth&!hous&fine: conflict
!but&!worth&hous&!good: conflict
!but&!worth&hous&good: positive
!but&worth&!and&!well: conflict
!but&worth&!and&well: positive
!but&worth&and&!price: negative
!but&worth&and&price: neutral
but&!slice&!rude&!high: positive
but&!slice&!rude&high: conflict
but&!slice&rude&!and: negative
but&!slice&rude&and: conflict
but&slice: conflict
Trial 0 Training cc.mallet.classify.AdaBoostM2Trainer@5464ea66 finished
Trial 0 Trainer cc.mallet.classify.AdaBoostM2Trainer@5464ea66 test data accuracy = 0.582089552238806

NaiveBayesTrainer
Summary. test accuracy mean = 0.5834464043419267 stddev = 0.0 stderr = 0.0

MaxEntTrainer,gaussianPriorVariance=1.0
Summary. test accuracy mean = 0.6092265943012212 stddev = 0.0 stderr = 0.0

cc.mallet.classify.DecisionTreeTrainer@4e17e4ca
Summary. test accuracy mean = 0.5888738127544098 stddev = 0.0 stderr = 0.0

cc.mallet.classify.AdaBoostM2Trainer@5464ea66
Summary. test accuracy mean = 0.582089552238806 stddev = 0.0 stderr = 0.0
