
-------------------- Trial 0  --------------------

Trial 0 Training NaiveBayesTrainer with 2956 instances
Trial 0 Training NaiveBayesTrainer finished
Trial 0 Trainer NaiveBayesTrainer test data accuracy = 0.5332428765264586
Trial 0 Training MaxEntTrainer,gaussianPriorVariance=1.0 with 2956 instances
Trial 0 Training MaxEntTrainer,gaussianPriorVariance=1.0 finished
Trial 0 Trainer MaxEntTrainer,gaussianPriorVariance=1.0 test data accuracy = 0.6078697421981004
Trial 0 Training cc.mallet.classify.DecisionTreeTrainer@52c05d3b with 2956 instances
DecisionTree learned:
!vb&!vbd&!cd&!prp: positive
!vb&!vbd&!cd&prp: positive
!vb&!vbd&cd&!nnp: neutral
!vb&!vbd&cd&nnp: positive
!vb&vbd&!jj&!cc: negative
!vb&vbd&!jj&cc: positive
!vb&vbd&jj&!in: positive
!vb&vbd&jj&in: positive
vb&!vbd&!cd&!in: positive
vb&!vbd&!cd&in: positive
vb&!vbd&cd&!vbg: positive
vb&!vbd&cd&vbg: negative
vb&vbd&!vbz&!cd: positive
vb&vbd&!vbz&cd: negative
vb&vbd&vbz&!nnp: negative
vb&vbd&vbz&nnp: positive
Trial 0 Training cc.mallet.classify.DecisionTreeTrainer@52c05d3b finished
Trial 0 Trainer cc.mallet.classify.DecisionTreeTrainer@52c05d3b test data accuracy = 0.5658073270013568
Trial 0 Training cc.mallet.classify.AdaBoostM2Trainer@100c62c8 with 2956 instances
DecisionTree learned:
!vb&!vbd&!cd&!wp: positive
!vb&!vbd&!cd&wp: negative
!vb&!vbd&cd&!nnp: neutral
!vb&!vbd&cd&nnp: positive
!vb&vbd&!jj&!cc: negative
!vb&vbd&!jj&cc: positive
!vb&vbd&jj&!in: positive
!vb&vbd&jj&in: positive
vb&!vbd&!vbp&!rp: positive
vb&!vbd&!vbp&rp: positive
vb&!vbd&vbp&!wdt: positive
vb&!vbd&vbp&wdt: negative
vb&vbd&!rbr&!rp: positive
vb&vbd&!rbr&rp: negative
vb&vbd&rbr&!nns: neutral
vb&vbd&rbr&nns: positive
DecisionTree learned:
!prp&!cd&!vbd&!vbn: positive
!prp&!cd&!vbd&vbn: positive
!prp&!cd&vbd&!jj: positive
!prp&!cd&vbd&jj: positive
!prp&cd&!to&!jj: neutral
!prp&cd&!to&jj: positive
!prp&cd&to&!vbg: negative
!prp&cd&to&vbg: negative
prp&!in&!vbg&!vb: positive
prp&!in&!vbg&vb: positive
prp&!in&vbg&!jjs: positive
prp&!in&vbg&jjs: negative
prp&in&!nnp&!vb: positive
prp&in&!nnp&vb: negative
prp&in&nnp&!rb: positive
prp&in&nnp&rb: positive
DecisionTree learned:
!prp&!jj&!jjs&!nnp: positive
!prp&!jj&!jjs&nnp: positive
!prp&!jj&jjs: positive
!prp&jj&!ex&!vbz: positive
!prp&jj&!ex&vbz: positive
!prp&jj&ex&!nnp: negative
!prp&jj&ex&nnp: neutral
prp&!vbz&!nnp&!in: positive
prp&!vbz&!nnp&in: positive
prp&!vbz&nnp&!jjr: positive
prp&!vbz&nnp&jjr: neutral
prp&vbz&!rb&!nns: positive
prp&vbz&!rb&nns: positive
prp&vbz&rb&!jj: positive
prp&vbz&rb&jj: positive
DecisionTree learned:
!vb&!jj&!vbd&!in: positive
!vb&!jj&!vbd&in: positive
!vb&!jj&vbd&!dt: neutral
!vb&!jj&vbd&dt: positive
!vb&jj&!prp&!vbz: positive
!vb&jj&!prp&vbz: positive
!vb&jj&prp&!rp: positive
!vb&jj&prp&rp: negative
vb&!in&!dt&!nnp: negative
vb&!in&!dt&nnp: positive
vb&!in&dt&!vbg: positive
vb&!in&dt&vbg: positive
vb&in&!vbz&!vbd: positive
vb&in&!vbz&vbd: negative
vb&in&vbz&!jjs: positive
vb&in&vbz&jjs: positive
DecisionTree learned:
!jj&!cd&!md&!in: positive
!jj&!cd&!md&in: positive
!jj&!cd&md&!vbz: negative
!jj&!cd&md&vbz: positive
!jj&cd&!rb&!vbp: positive
!jj&cd&!rb&vbp: neutral
!jj&cd&rb&!in: neutral
!jj&cd&rb&in: neutral
jj&!in&!vb&!cc: positive
jj&!in&!vb&cc: positive
jj&!in&vb&!dt: negative
jj&!in&vb&dt: positive
jj&in&!vbd&!md: positive
jj&in&!vbd&md: positive
jj&in&vbd&!vbn: positive
jj&in&vbd&vbn: negative
DecisionTree learned:
!jj&!nnp&!vbd&!cd: positive
!jj&!nnp&!vbd&cd: neutral
!jj&!nnp&vbd&!rb: neutral
!jj&!nnp&vbd&rb: negative
!jj&nnp&!dt&!prp: positive
!jj&nnp&!dt&prp: neutral
!jj&nnp&dt&!cd: positive
!jj&nnp&dt&cd: positive
jj&!in&!vb&!cc: positive
jj&!in&!vb&cc: positive
jj&!in&vb&!dt: negative
jj&!in&vb&dt: positive
jj&in&!vbz&!wrb: positive
jj&in&!vbz&wrb: negative
jj&in&vbz&!prp: positive
jj&in&vbz&prp: positive
DecisionTree learned:
!jj&!nnp&!jjs&!cd: negative
!jj&!nnp&!jjs&cd: neutral
!jj&!nnp&jjs&!wrb: positive
!jj&!nnp&jjs&wrb: neutral
!jj&nnp&!wp&!vbz: positive
!jj&nnp&!wp&vbz: positive
!jj&nnp&wp&!cc: positive
!jj&nnp&wp&cc: neutral
jj&!prp&!rbr&!ex: positive
jj&!prp&!rbr&ex: negative
jj&!prp&rbr&!vbp: positive
jj&!prp&rbr&vbp: positive
jj&prp&!vbz&!wrb: positive
jj&prp&!vbz&wrb: neutral
jj&prp&vbz&!none: positive
jj&prp&vbz&none: negative
DecisionTree learned:
!jj&!jjs&!cd&!md: positive
!jj&!jjs&!cd&md: negative
!jj&!jjs&cd&!vb: positive
!jj&!jjs&cd&vb: neutral
!jj&jjs&!wrb&!prp: positive
!jj&jjs&!wrb&prp: positive
!jj&jjs&wrb&!rp: negative
!jj&jjs&wrb&rp: neutral
jj&!in&!vb&!vbz: positive
jj&!in&!vb&vbz: positive
jj&!in&vb&!dt: negative
jj&!in&vb&dt: positive
jj&in&!vbz&!vbn: positive
jj&in&!vbz&vbn: negative
jj&in&vbz&!prp: positive
jj&in&vbz&prp: positive
DecisionTree learned:
!jj&!nnp&!in&!vbg: positive
!jj&!nnp&!in&vbg: positive
!jj&!nnp&in&!vbz: negative
!jj&!nnp&in&vbz: positive
!jj&nnp&!dt&!ex: positive
!jj&nnp&!dt&ex: negative
!jj&nnp&dt&!vb: positive
!jj&nnp&dt&vb: neutral
jj&!rbr&!vb&!nnp: positive
jj&!rbr&!vb&nnp: positive
jj&!rbr&vb&!nns: positive
jj&!rbr&vb&nns: positive
jj&rbr&!jjr&!prp: positive
jj&rbr&!jjr&prp: positive
jj&rbr&jjr&!nns: conflict
jj&rbr&jjr&nns: conflict
DecisionTree learned:
!jj&!nnp&!rb&!vbd: positive
!jj&!nnp&!rb&vbd: neutral
!jj&!nnp&rb&!md: neutral
!jj&!nnp&rb&md: negative
!jj&nnp&!dt&!prp: positive
!jj&nnp&!dt&prp: neutral
!jj&nnp&dt&!cd: positive
!jj&nnp&dt&cd: neutral
jj&!rb&!in&!nn: negative
jj&!rb&!in&nn: positive
jj&!rb&in&!ex: positive
jj&!rb&in&ex: negative
jj&rb&!vbd&!vbz: positive
jj&rb&!vbd&vbz: positive
jj&rb&vbd&!rbr: negative
jj&rb&vbd&rbr: conflict
DecisionTree learned:
!jj&!vbd&!vb&!in: positive
!jj&!vbd&!vb&in: positive
!jj&!vbd&vb&!cd: positive
!jj&!vbd&vb&cd: neutral
!jj&vbd&!to&!dt: negative
!jj&vbd&!to&dt: positive
!jj&vbd&to&!md: neutral
!jj&vbd&to&md: negative
jj&!vb&!in&!cc: positive
jj&!vb&!in&cc: positive
jj&!vb&in&!vbz: positive
jj&!vb&in&vbz: positive
jj&vb&!rbr&!rb: positive
jj&vb&!rbr&rb: negative
jj&vb&rbr&!nnp: conflict
jj&vb&rbr&nnp: neutral
DecisionTree learned:
!jj&!md&!vbd&!in: positive
!jj&!md&!vbd&in: positive
!jj&!md&vbd&!to: negative
!jj&!md&vbd&to: neutral
!jj&md&!cd&!cc: positive
!jj&md&!cd&cc: negative
!jj&md&cd&!cc: neutral
!jj&md&cd&cc: neutral
jj&!prp&!rbr&!nnp: positive
jj&!prp&!rbr&nnp: positive
jj&!prp&rbr&!vbp: positive
jj&!prp&rbr&vbp: positive
jj&prp&!vbz&!wrb: positive
jj&prp&!vbz&wrb: negative
jj&prp&vbz&!none: positive
jj&prp&vbz&none: negative
DecisionTree learned:
!jj&!jjs&!cd&!md: positive
!jj&!jjs&!cd&md: negative
!jj&!jjs&cd&!rb: positive
!jj&!jjs&cd&rb: neutral
!jj&jjs&!prp: positive
!jj&jjs&prp&!rb: positive
!jj&jjs&prp&rb: positive
jj&!rbr&!in&!vb: positive
jj&!rbr&!in&vb: positive
jj&!rbr&in&!vbz: positive
jj&!rbr&in&vbz: positive
jj&rbr&!jjr&!prp: positive
jj&rbr&!jjr&prp: neutral
jj&rbr&jjr&!nns: conflict
jj&rbr&jjr&nns: conflict
DecisionTree learned:
!vbz&!vbd&!nnp&!wp: positive
!vbz&!vbd&!nnp&wp: negative
!vbz&!vbd&nnp&!cd: positive
!vbz&!vbd&nnp&cd: neutral
!vbz&vbd&!rb&!ex: positive
!vbz&vbd&!rb&ex: neutral
!vbz&vbd&rb&!wrb: negative
!vbz&vbd&rb&wrb: neutral
vbz&!jj&!wp&!md: positive
vbz&!jj&!wp&md: negative
vbz&!jj&wp&!md: neutral
vbz&!jj&wp&md: positive
vbz&jj&!prp&!jjs: positive
vbz&jj&!prp&jjs: positive
vbz&jj&prp&!ex: positive
vbz&jj&prp&ex: conflict
DecisionTree learned:
!jj&!rb&!jjs&!nnp: neutral
!jj&!rb&!jjs&nnp: positive
!jj&!rb&jjs&!vbd: positive
!jj&!rb&jjs&vbd: negative
!jj&rb&!md&!vbd: positive
!jj&rb&!md&vbd: negative
!jj&rb&md&!cc: positive
!jj&rb&md&cc: negative
jj&!ex&!rbr&!vb: positive
jj&!ex&!rbr&vb: positive
jj&!ex&rbr&!jjr: positive
jj&!ex&rbr&jjr: conflict
jj&ex&!vbz&!to: negative
jj&ex&!vbz&to: negative
jj&ex&vbz&!vbg: conflict
jj&ex&vbz&vbg: positive
DecisionTree learned:
!jj&!in&!vbd&!to: positive
!jj&!in&!vbd&to: negative
!jj&!in&vbd&!pdt: negative
!jj&!in&vbd&pdt: positive
!jj&in&!rb&!nnp: neutral
!jj&in&!rb&nnp: positive
!jj&in&rb&!jjr: neutral
!jj&in&rb&jjr: negative
jj&!in&!vb&!cc: positive
jj&!in&!vb&cc: positive
jj&!in&vb&!cd: positive
jj&!in&vb&cd: neutral
jj&in&!vbz&!vbn: positive
jj&in&!vbz&vbn: negative
jj&in&vbz&!none: positive
jj&in&vbz&none: negative
DecisionTree learned:
!jj&!cd&!dt&!nnp: neutral
!jj&!cd&!dt&nnp: positive
!jj&!cd&dt&!jjr: positive
!jj&!cd&dt&jjr: negative
!jj&cd&!pdt&!vbn: neutral
!jj&cd&!pdt&vbn: neutral
!jj&cd&pdt: positive
jj&!rbr&!in&!vb: positive
jj&!rbr&!in&vb: positive
jj&!rbr&in&!vbz: positive
jj&!rbr&in&vbz: positive
jj&rbr&!jjr&!vbp: positive
jj&rbr&!jjr&vbp: positive
jj&rbr&jjr&!nns: conflict
jj&rbr&jjr&nns: conflict
DecisionTree learned:
!jj&!vbz&!in&!vbd: positive
!jj&!vbz&!in&vbd: positive
!jj&!vbz&in&!jjr: neutral
!jj&!vbz&in&jjr: negative
!jj&vbz&!wp&!md: positive
!jj&vbz&!wp&md: positive
!jj&vbz&wp&!vbg: neutral
!jj&vbz&wp&vbg: negative
jj&!rbr&!ex&!rb: positive
jj&!rbr&!ex&rb: positive
jj&!rbr&ex&!vbz: negative
jj&!rbr&ex&vbz: conflict
jj&rbr&!jjr&!vbp: positive
jj&rbr&!jjr&vbp: positive
jj&rbr&jjr&!nns: conflict
jj&rbr&jjr&nns: conflict
DecisionTree learned:
!jj&!cd&!md&!dt: positive
!jj&!cd&!md&dt: positive
!jj&!cd&md&!rbr: negative
!jj&!cd&md&rbr: negative
!jj&cd&!pdt&!in: neutral
!jj&cd&!pdt&in: neutral
!jj&cd&pdt: positive
jj&!vbz&!wrb&!in: positive
jj&!vbz&!wrb&in: positive
jj&!vbz&wrb&!nns: positive
jj&!vbz&wrb&nns: negative
jj&vbz&!ex&!wp: positive
jj&vbz&!ex&wp: negative
jj&vbz&ex&!vbg: conflict
jj&vbz&ex&vbg: positive
DecisionTree learned:
!jj&!rb&!jjs&!prp: positive
!jj&!rb&!jjs&prp: neutral
!jj&!rb&jjs&!vbd: positive
!jj&!rb&jjs&vbd: positive
!jj&rb&!vbd&!dt: positive
!jj&rb&!vbd&dt: positive
!jj&rb&vbd&!vbg: negative
!jj&rb&vbd&vbg: neutral
jj&!in&!vb&!cc: positive
jj&!in&!vb&cc: positive
jj&!in&vb&!dt: negative
jj&!in&vb&dt: positive
jj&in&!vbz&!wrb: positive
jj&in&!vbz&wrb: negative
jj&in&vbz&!none: positive
jj&in&vbz&none: negative
DecisionTree learned:
!jj&!nnp&!nns&!rb: positive
!jj&!nnp&!nns&rb: negative
!jj&!nnp&nns&!to: neutral
!jj&!nnp&nns&to: neutral
!jj&nnp&!vbz&!vbd: positive
!jj&nnp&!vbz&vbd: neutral
!jj&nnp&vbz&!wp: positive
!jj&nnp&vbz&wp: neutral
jj&!ex&!rbr&!vb: positive
jj&!ex&!rbr&vb: positive
jj&!ex&rbr&!jjr: positive
jj&!ex&rbr&jjr: conflict
jj&ex&!vbg&!in: conflict
jj&ex&!vbg&in: negative
jj&ex&vbg&!to: positive
jj&ex&vbg&to: negative
DecisionTree learned:
!jj&!rb&!jjs&!cd: positive
!jj&!rb&!jjs&cd: neutral
!jj&!rb&jjs&!vbd: positive
!jj&!rb&jjs&vbd: positive
!jj&rb&!rbr&!vbd: positive
!jj&rb&!rbr&vbd: negative
!jj&rb&rbr&!pos: negative
!jj&rb&rbr&pos: positive
jj&!rb&!to&!vbn: positive
jj&!rb&!to&vbn: negative
jj&!rb&to&!wrb: positive
jj&!rb&to&wrb: negative
jj&rb&!vbz&!vbd: positive
jj&rb&!vbz&vbd: negative
jj&rb&vbz&!nns: positive
jj&rb&vbz&nns: positive
DecisionTree learned:
!jj&!rb&!jjs&!prp: positive
!jj&!rb&!jjs&prp: neutral
!jj&!rb&jjs&!vbd: positive
!jj&!rb&jjs&vbd: negative
!jj&rb&!in&!cd: positive
!jj&rb&!in&cd: neutral
!jj&rb&in&!md: neutral
!jj&rb&in&md: negative
jj&!vbz&!in&!vb: negative
jj&!vbz&!in&vb: positive
jj&!vbz&in&!vbn: positive
jj&!vbz&in&vbn: negative
jj&vbz&!rb&!vbp: positive
jj&vbz&!rb&vbp: positive
jj&vbz&rb&!prp: positive
jj&vbz&rb&prp: positive
DecisionTree learned:
!jj&!vbz&!nnp&!in: positive
!jj&!vbz&!nnp&in: negative
!jj&!vbz&nnp&!vbd: positive
!jj&!vbz&nnp&vbd: positive
!jj&vbz&!wp&!md: positive
!jj&vbz&!wp&md: positive
!jj&vbz&wp&!vbg: neutral
!jj&vbz&wp&vbg: negative
jj&!vbz&!in&!vb: positive
jj&!vbz&!in&vb: positive
jj&!vbz&in&!wrb: positive
jj&!vbz&in&wrb: negative
jj&vbz&!ex&!rbr: positive
jj&vbz&!ex&rbr: positive
jj&vbz&ex&!vbg: conflict
jj&vbz&ex&vbg: negative
DecisionTree learned:
!jj&!rb&!jjs&!prp: positive
!jj&!rb&!jjs&prp: neutral
!jj&!rb&jjs&!vbd: positive
!jj&!rb&jjs&vbd: positive
!jj&rb&!rbr&!dt: neutral
!jj&rb&!rbr&dt: positive
!jj&rb&rbr&!pos: negative
!jj&rb&rbr&pos: positive
jj&!cd&!ex&!rbr: positive
jj&!cd&!ex&rbr: positive
jj&!cd&ex&!vbg: conflict
jj&!cd&ex&vbg: negative
jj&cd&!vbg&!vbp: negative
jj&cd&!vbg&vbp: neutral
jj&cd&vbg&!none: neutral
jj&cd&vbg&none: negative
DecisionTree learned:
!jj&!nnp&!nns&!vbz: negative
!jj&!nnp&!nns&vbz: positive
!jj&!nnp&nns&!cd: negative
!jj&!nnp&nns&cd: neutral
!jj&nnp&!dt&!prp: positive
!jj&nnp&!dt&prp: neutral
!jj&nnp&dt&!pos: positive
!jj&nnp&dt&pos: negative
jj&!vbz&!in&!vb: positive
jj&!vbz&!in&vb: positive
jj&!vbz&in&!vbn: positive
jj&!vbz&in&vbn: negative
jj&vbz&!prp&!jjs: positive
jj&vbz&!prp&jjs: positive
jj&vbz&prp&!wdt: positive
jj&vbz&prp&wdt: negative
DecisionTree learned:
!jj&!rb&!jjs&!prp: positive
!jj&!rb&!jjs&prp: neutral
!jj&!rb&jjs&!cd: positive
!jj&!rb&jjs&cd: positive
!jj&rb&!dt&!vbd: positive
!jj&rb&!dt&vbd: neutral
!jj&rb&dt&!cd: negative
!jj&rb&dt&cd: neutral
jj&!vbz&!in&!vb: negative
jj&!vbz&!in&vb: positive
jj&!vbz&in&!vbn: positive
jj&!vbz&in&vbn: negative
jj&vbz&!rb&!rbr: positive
jj&vbz&!rb&rbr: conflict
jj&vbz&rb&!cc: positive
jj&vbz&rb&cc: positive
DecisionTree learned:
!jj&!nnp&!rb&!prp: negative
!jj&!nnp&!rb&prp: neutral
!jj&!nnp&rb&!wp: negative
!jj&!nnp&rb&wp: negative
!jj&nnp&!dt&!prp: positive
!jj&nnp&!dt&prp: neutral
!jj&nnp&dt&!jjr: positive
!jj&nnp&dt&jjr: negative
jj&!vbz&!wrb&!pos: positive
jj&!vbz&!wrb&pos: positive
jj&!vbz&wrb&!nns: positive
jj&!vbz&wrb&nns: neutral
jj&vbz&!rb&!vbp: positive
jj&vbz&!rb&vbp: positive
jj&vbz&rb&!vb: positive
jj&vbz&rb&vb: negative
DecisionTree learned:
!jj&!rb&!prp&!vbg: positive
!jj&!rb&!prp&vbg: positive
!jj&!rb&prp&!nns: neutral
!jj&!rb&prp&nns: neutral
!jj&rb&!in&!cd: positive
!jj&rb&!in&cd: neutral
!jj&rb&in&!jjr: negative
!jj&rb&in&jjr: negative
jj&!vbz&!in&!to: positive
jj&!vbz&!in&to: positive
jj&!vbz&in&!vbn: positive
jj&!vbz&in&vbn: negative
jj&vbz&!rb&!vbp: positive
jj&vbz&!rb&vbp: positive
jj&vbz&rb&!cc: positive
jj&vbz&rb&cc: positive
DecisionTree learned:
!jj&!cd&!md&!rb: positive
!jj&!cd&!md&rb: positive
!jj&!cd&md&!cc: positive
!jj&!cd&md&cc: negative
!jj&cd&!vbn&!vbp: neutral
!jj&cd&!vbn&vbp: neutral
!jj&cd&vbn&!nnp: neutral
!jj&cd&vbn&nnp: positive
jj&!rb&!to&!vbn: positive
jj&!rb&!to&vbn: positive
jj&!rb&to&!wrb: positive
jj&!rb&to&wrb: negative
jj&rb&!vbz&!wrb: positive
jj&rb&!vbz&wrb: neutral
jj&rb&vbz&!cc: positive
jj&rb&vbz&cc: positive
DecisionTree learned:
!jj&!rb&!prp&!vbg: positive
!jj&!rb&!prp&vbg: positive
!jj&!rb&prp&!nns: positive
!jj&!rb&prp&nns: neutral
!jj&rb&!cd&!md: positive
!jj&rb&!cd&md: negative
!jj&rb&cd&!rp: neutral
!jj&rb&cd&rp: neutral
jj&!vbz&!in&!vb: positive
jj&!vbz&!in&vb: positive
jj&!vbz&in&!vbn: positive
jj&!vbz&in&vbn: negative
jj&vbz&!rbr&!rb: positive
jj&vbz&!rbr&rb: positive
jj&vbz&rbr&!prp: conflict
jj&vbz&rbr&prp: positive
DecisionTree learned:
!jj&!rb&!nns&!in: positive
!jj&!rb&!nns&in: neutral
!jj&!rb&nns&!jjs: positive
!jj&!rb&nns&jjs: positive
!jj&rb&!rbr&!nn: positive
!jj&rb&!rbr&nn: neutral
!jj&rb&rbr&!pos: negative
!jj&rb&rbr&pos: positive
jj&!rb&!to&!vbn: positive
jj&!rb&!to&vbn: negative
jj&!rb&to&!wrb: positive
jj&!rb&to&wrb: negative
jj&rb&!vbd&!cd: positive
jj&rb&!vbd&cd: neutral
jj&rb&vbd&!rbr: negative
jj&rb&vbd&rbr: conflict
DecisionTree learned:
!jj&!rb&!jjs&!prp: positive
!jj&!rb&!jjs&prp: neutral
!jj&!rb&jjs&!vbd: positive
!jj&!rb&jjs&vbd: positive
!jj&rb&!vbn&!rp: positive
!jj&rb&!vbn&rp: neutral
!jj&rb&vbn&!wdt: negative
!jj&rb&vbn&wdt: negative
jj&!vbz&!wrb&!in: positive
jj&!vbz&!wrb&in: positive
jj&!vbz&wrb&!dt: negative
jj&!vbz&wrb&dt: neutral
jj&vbz&!prp&!jjs: positive
jj&vbz&!prp&jjs: positive
jj&vbz&prp&!wdt: positive
jj&vbz&prp&wdt: negative
DecisionTree learned:
!jj&!rb&!nns&!in: negative
!jj&!rb&!nns&in: neutral
!jj&!rb&nns&!jjs: positive
!jj&!rb&nns&jjs: positive
!jj&rb&!pdt&!vbz: neutral
!jj&rb&!pdt&vbz: positive
!jj&rb&pdt: negative
jj&!vbz&!in&!vb: negative
jj&!vbz&!in&vb: neutral
jj&!vbz&in&!vbn: positive
jj&!vbz&in&vbn: negative
jj&vbz&!rb&!vbp: positive
jj&vbz&!rb&vbp: positive
jj&vbz&rb&!cc: negative
jj&vbz&rb&cc: positive
DecisionTree learned:
!jj&!rb&!nnp&!vbd: negative
!jj&!rb&!nnp&vbd: neutral
!jj&!rb&nnp&!vbd: positive
!jj&!rb&nnp&vbd: positive
!jj&rb&!dt&!vbd: neutral
!jj&rb&!dt&vbd: neutral
!jj&rb&dt&!cd: negative
!jj&rb&dt&cd: neutral
jj&!vbz&!in&!wdt: negative
jj&!vbz&!in&wdt: neutral
jj&!vbz&in&!vbn: positive
jj&!vbz&in&vbn: negative
jj&vbz&!none&!rb: positive
jj&vbz&!none&rb: positive
jj&vbz&none&!vbp: conflict
jj&vbz&none&vbp: negative
DecisionTree learned:
!jj&!rb&!prp&!vbg: positive
!jj&!rb&!prp&vbg: positive
!jj&!rb&prp&!nns: positive
!jj&!rb&prp&nns: neutral
!jj&rb&!rbr&!vbd: positive
!jj&rb&!rbr&vbd: negative
!jj&rb&rbr&!pos: negative
!jj&rb&rbr&pos: positive
jj&!vbz&!in&!vb: positive
jj&!vbz&!in&vb: positive
jj&!vbz&in&!wrb: positive
jj&!vbz&in&wrb: negative
jj&vbz&!ex&!rbr: positive
jj&vbz&!ex&rbr: neutral
jj&vbz&ex&!cc: negative
jj&vbz&ex&cc: conflict
DecisionTree learned:
!jj&!rb&!nnp&!prp: negative
!jj&!rb&!nnp&prp: neutral
!jj&!rb&nnp&!vbd: positive
!jj&!rb&nnp&vbd: negative
!jj&rb&!in&!nnp: positive
!jj&rb&!in&nnp: positive
!jj&rb&in&!jjr: negative
!jj&rb&in&jjr: negative
jj&!ex&!wrb&!rb: positive
jj&!ex&!wrb&rb: positive
jj&!ex&wrb&!dt: positive
jj&!ex&wrb&dt: neutral
jj&ex&!vbg&!cc: negative
jj&ex&!vbg&cc: conflict
jj&ex&vbg&!vbn: negative
jj&ex&vbg&vbn: neutral
DecisionTree learned:
!jj&!rb&!nns&!nnp: positive
!jj&!rb&!nns&nnp: positive
!jj&!rb&nns&!jjs: negative
!jj&!rb&nns&jjs: positive
!jj&rb&!dt&!nnp: neutral
!jj&rb&!dt&nnp: neutral
!jj&rb&dt&!cd: negative
!jj&rb&dt&cd: neutral
jj&!vbz&!wrb&!in: negative
jj&!vbz&!wrb&in: positive
jj&!vbz&wrb&!nns: positive
jj&!vbz&wrb&nns: negative
jj&vbz&!ex&!rbr: positive
jj&vbz&!ex&rbr: positive
jj&vbz&ex&!cc: negative
jj&vbz&ex&cc: conflict
DecisionTree learned:
!jj&!rb&!prp&!vbg: positive
!jj&!rb&!prp&vbg: positive
!jj&!rb&prp&!vbz: neutral
!jj&!rb&prp&vbz: positive
!jj&rb&!cd&!md: positive
!jj&rb&!cd&md: negative
!jj&rb&cd&!jjr: neutral
!jj&rb&cd&jjr: positive
jj&!rb&!to&!vbn: positive
jj&!rb&!to&vbn: negative
jj&!rb&to&!pos: neutral
jj&!rb&to&pos: negative
jj&rb&!nns&!wdt: negative
jj&rb&!nns&wdt: negative
jj&rb&nns&!wrb: positive
jj&rb&nns&wrb: neutral
DecisionTree learned:
!jj&!rb&!nnp&!nns: positive
!jj&!rb&!nnp&nns: neutral
!jj&!rb&nnp&!vbd: positive
!jj&!rb&nnp&vbd: positive
!jj&rb&!in&!cd: positive
!jj&rb&!in&cd: neutral
!jj&rb&in&!jjr: negative
!jj&rb&in&jjr: negative
jj&!vbz&!in&!vb: negative
jj&!vbz&!in&vb: positive
jj&!vbz&in&!vbn: positive
jj&!vbz&in&vbn: negative
jj&vbz&!none&!jjs: positive
jj&vbz&!none&jjs: positive
jj&vbz&none&!to: negative
jj&vbz&none&to: conflict
DecisionTree learned:
!jj&!rb&!nnp&!vbd: negative
!jj&!rb&!nnp&vbd: neutral
!jj&!rb&nnp&!vbd: positive
!jj&!rb&nnp&vbd: positive
!jj&rb&!dt&!in: positive
!jj&rb&!dt&in: neutral
!jj&rb&dt&!cd: negative
!jj&rb&dt&cd: neutral
jj&!rb&!to&!nnp: negative
jj&!rb&!to&nnp: positive
jj&!rb&to&!pos: positive
jj&!rb&to&pos: negative
jj&rb&!prp&!vbd: positive
jj&rb&!prp&vbd: negative
jj&rb&prp&!vbz: positive
jj&rb&prp&vbz: positive
DecisionTree learned:
!jj&!rb&!jjs&!prp: positive
!jj&!rb&!jjs&prp: neutral
!jj&!rb&jjs&!vbd: positive
!jj&!rb&jjs&vbd: positive
!jj&rb&!vbd&!md: positive
!jj&rb&!vbd&md: negative
!jj&rb&vbd&!wp: negative
!jj&rb&vbd&wp: negative
jj&!rb&!to&!nnp: positive
jj&!rb&!to&nnp: positive
jj&!rb&to&!wrb: positive
jj&!rb&to&wrb: negative
jj&rb&!nns&!prp: negative
jj&rb&!nns&prp: negative
jj&rb&nns&!wrb: positive
jj&rb&nns&wrb: neutral
DecisionTree learned:
!jj&!rb&!nnp&!vbd: negative
!jj&!rb&!nnp&vbd: neutral
!jj&!rb&nnp&!vbd: positive
!jj&!rb&nnp&vbd: positive
!jj&rb&!in&!cd: positive
!jj&rb&!in&cd: neutral
!jj&rb&in&!jjr: negative
!jj&rb&in&jjr: negative
jj&!in&!vb&!cc: positive
jj&!in&!vb&cc: positive
jj&!in&vb&!wdt: positive
jj&!in&vb&wdt: neutral
jj&in&!vbz&!vbn: positive
jj&in&!vbz&vbn: negative
jj&in&vbz&!none: positive
jj&in&vbz&none: negative
DecisionTree learned:
!jj&!rb&!prp&!cc: negative
!jj&!rb&!prp&cc: positive
!jj&!rb&prp&!nns: positive
!jj&!rb&prp&nns: neutral
!jj&rb&!rp&!vbd: positive
!jj&rb&!rp&vbd: negative
!jj&rb&rp&!to: neutral
!jj&rb&rp&to: neutral
jj&!vbz&!in&!vb: negative
jj&!vbz&!in&vb: positive
jj&!vbz&in&!wrb: positive
jj&!vbz&in&wrb: negative
jj&vbz&!none&!jjs: positive
jj&vbz&!none&jjs: positive
jj&vbz&none&!to: negative
jj&vbz&none&to: conflict
DecisionTree learned:
!jj&!rb&!prp&!vbg: negative
!jj&!rb&!prp&vbg: positive
!jj&!rb&prp&!vbz: neutral
!jj&!rb&prp&vbz: positive
!jj&rb&!vbd&!dt: positive
!jj&rb&!vbd&dt: positive
!jj&rb&vbd&!wp: negative
!jj&rb&vbd&wp: negative
jj&!rb&!to&!nnp: positive
jj&!rb&!to&nnp: positive
jj&!rb&to&!pos: neutral
jj&!rb&to&pos: negative
jj&rb&!nns&!wdt: negative
jj&rb&!nns&wdt: negative
jj&rb&nns&!vb: positive
jj&rb&nns&vb: neutral
DecisionTree learned:
!jj&!rb&!nnp&!prp: negative
!jj&!rb&!nnp&prp: positive
!jj&!rb&nnp&!vbd: neutral
!jj&!rb&nnp&vbd: positive
!jj&rb&!dt&!prp: neutral
!jj&rb&!dt&prp: neutral
!jj&rb&dt&!cd: negative
!jj&rb&dt&cd: neutral
jj&!vbz&!in&!vb: negative
jj&!vbz&!in&vb: positive
jj&!vbz&in&!vbn: positive
jj&!vbz&in&vbn: negative
jj&vbz&!wp&!nns: positive
jj&vbz&!wp&nns: positive
jj&vbz&wp&!dt: conflict
jj&vbz&wp&dt: negative
DecisionTree learned:
!jj&!cd&!md&!rb: positive
!jj&!cd&!md&rb: positive
!jj&!cd&md&!vbd: positive
!jj&!cd&md&vbd: negative
!jj&cd&!pdt&!rp: neutral
!jj&cd&!pdt&rp: neutral
!jj&cd&pdt: positive
jj&!rb&!to&!cc: neutral
jj&!rb&!to&cc: positive
jj&!rb&to&!wrb: positive
jj&!rb&to&wrb: negative
jj&rb&!wrb&!nns: negative
jj&rb&!wrb&nns: positive
jj&rb&wrb&!ex: neutral
jj&rb&wrb&ex: positive
DecisionTree learned:
!jj&!rb&!prp&!cc: negative
!jj&!rb&!prp&cc: positive
!jj&!rb&prp&!md: neutral
!jj&!rb&prp&md: positive
!jj&rb&!dt&!nnp: neutral
!jj&rb&!dt&nnp: positive
!jj&rb&dt&!cd: negative
!jj&rb&dt&cd: neutral
jj&!vbz&!in&!vb: negative
jj&!vbz&!in&vb: positive
jj&!vbz&in&!wrb: positive
jj&!vbz&in&wrb: negative
jj&vbz&!ex&!rbr: positive
jj&vbz&!ex&rbr: positive
jj&vbz&ex&!cc: negative
jj&vbz&ex&cc: conflict
DecisionTree learned:
!jj&!rb&!nnp&!vbp: positive
!jj&!rb&!nnp&vbp: negative
!jj&!rb&nnp&!vbd: neutral
!jj&!rb&nnp&vbd: positive
!jj&rb&!dt&!in: positive
!jj&rb&!dt&in: neutral
!jj&rb&dt&!to: positive
!jj&rb&dt&to: neutral
jj&!rbr&!rb&!to: positive
jj&!rbr&!rb&to: neutral
jj&!rbr&rb&!nns: negative
jj&!rbr&rb&nns: positive
jj&rbr&!jjr&!vbp: conflict
jj&rbr&!jjr&vbp: positive
jj&rbr&jjr&!nns: conflict
jj&rbr&jjr&nns: conflict
DecisionTree learned:
!jj&!rb&!nnp&!vbd: negative
!jj&!rb&!nnp&vbd: neutral
!jj&!rb&nnp&!vbd: positive
!jj&!rb&nnp&vbd: positive
!jj&rb&!vbd&!dt: neutral
!jj&rb&!vbd&dt: positive
!jj&rb&vbd&!dt: neutral
!jj&rb&vbd&dt: negative
jj&!rbr&!in&!vb: positive
jj&!rbr&!in&vb: positive
jj&!rbr&in&!vbz: positive
jj&!rbr&in&vbz: positive
jj&rbr&!jjr&!vbp: conflict
jj&rbr&!jjr&vbp: positive
jj&rbr&jjr&!nns: conflict
jj&rbr&jjr&nns: conflict
DecisionTree learned:
!jj&!rb&!prp&!cc: negative
!jj&!rb&!prp&cc: positive
!jj&!rb&prp&!vbz: neutral
!jj&!rb&prp&vbz: positive
!jj&rb&!dt&!vbd: neutral
!jj&rb&!dt&vbd: neutral
!jj&rb&dt&!to: positive
!jj&rb&dt&to: neutral
jj&!vbz&!wrb&!in: negative
jj&!vbz&!wrb&in: positive
jj&!vbz&wrb&!nns: positive
jj&!vbz&wrb&nns: negative
jj&vbz&!none&!ex: positive
jj&vbz&!none&ex: conflict
jj&vbz&none&!to: negative
jj&vbz&none&to: conflict
DecisionTree learned:
!jj&!rb&!prp&!cc: negative
!jj&!rb&!prp&cc: positive
!jj&!rb&prp&!vbz: neutral
!jj&!rb&prp&vbz: positive
!jj&rb&!dt&!nnp: neutral
!jj&rb&!dt&nnp: positive
!jj&rb&dt&!rbr: negative
!jj&rb&dt&rbr: negative
jj&!rbr&!rb&!to: positive
jj&!rbr&!rb&to: neutral
jj&!rbr&rb&!wrb: positive
jj&!rbr&rb&wrb: neutral
jj&rbr&!jjr&!prp: positive
jj&rbr&!jjr&prp: neutral
jj&rbr&jjr&!nns: conflict
jj&rbr&jjr&nns: conflict
DecisionTree learned:
!jj&!rb&!nnp&!vbp: neutral
!jj&!rb&!nnp&vbp: negative
!jj&!rb&nnp&!vbd: positive
!jj&!rb&nnp&vbd: positive
!jj&rb&!vbd&!dt: neutral
!jj&rb&!vbd&dt: positive
!jj&rb&vbd&!jjr: negative
!jj&rb&vbd&jjr: negative
jj&!rb&!to&!vbn: positive
jj&!rb&!to&vbn: negative
jj&!rb&to&!wrb: neutral
jj&!rb&to&wrb: negative
jj&rb&!nns&!wdt: negative
jj&rb&!nns&wdt: negative
jj&rb&nns&!nnp: positive
jj&rb&nns&nnp: positive
DecisionTree learned:
!jj&!nnp&!rb&!vbp: neutral
!jj&!nnp&!rb&vbp: negative
!jj&!nnp&rb&!md: neutral
!jj&!nnp&rb&md: negative
!jj&nnp&!cd&!jjs: positive
!jj&nnp&!cd&jjs: positive
!jj&nnp&cd&!rb: positive
!jj&nnp&cd&rb: neutral
jj&!rb&!to&!nnp: positive
jj&!rb&!to&nnp: positive
jj&!rb&to&!pos: positive
jj&!rb&to&pos: negative
jj&rb&!wrb&!cd: positive
jj&rb&!wrb&cd: negative
jj&rb&wrb&!ex: neutral
jj&rb&wrb&ex: neutral
DecisionTree learned:
!jj&!rb&!nns&!in: negative
!jj&!rb&!nns&in: neutral
!jj&!rb&nns&!jjs: positive
!jj&!rb&nns&jjs: positive
!jj&rb&!dt&!in: positive
!jj&rb&!dt&in: neutral
!jj&rb&dt&!cd: negative
!jj&rb&dt&cd: neutral
jj&!vbz&!in&!vb: negative
jj&!vbz&!in&vb: positive
jj&!vbz&in&!vbn: positive
jj&!vbz&in&vbn: negative
jj&vbz&!ex&!vbp: positive
jj&vbz&!ex&vbp: positive
jj&vbz&ex&!cc: negative
jj&vbz&ex&cc: conflict
DecisionTree learned:
!jj&!rb&!prp&!cc: negative
!jj&!rb&!prp&cc: positive
!jj&!rb&prp&!vbz: neutral
!jj&!rb&prp&vbz: positive
!jj&rb&!wrb&!cd: positive
!jj&rb&!wrb&cd: neutral
!jj&rb&wrb&!cc: negative
!jj&rb&wrb&cc: neutral
jj&!vbz&!in&!wdt: negative
jj&!vbz&!in&wdt: neutral
jj&!vbz&in&!vbn: neutral
jj&!vbz&in&vbn: negative
jj&vbz&!none&!jjs: positive
jj&vbz&!none&jjs: positive
jj&vbz&none&!to: negative
jj&vbz&none&to: conflict
DecisionTree learned:
!jj&!rb&!nnp&!vbd: negative
!jj&!rb&!nnp&vbd: neutral
!jj&!rb&nnp&!vbd: neutral
!jj&!rb&nnp&vbd: positive
!jj&rb&!rbr&!vbd: positive
!jj&rb&!rbr&vbd: negative
!jj&rb&rbr&!pos: negative
!jj&rb&rbr&pos: positive
jj&!rb&!to&!vbn: positive
jj&!rb&!to&vbn: negative
jj&!rb&to&!pos: neutral
jj&!rb&to&pos: negative
jj&rb&!wrb&!nns: negative
jj&rb&!wrb&nns: positive
jj&rb&wrb&!ex: neutral
jj&rb&wrb&ex: positive
DecisionTree learned:
!jj&!rb&!nnp&!prp: negative
!jj&!rb&!nnp&prp: neutral
!jj&!rb&nnp&!vbd: positive
!jj&!rb&nnp&vbd: positive
!jj&rb&!rbr&!vbz: neutral
!jj&rb&!rbr&vbz: positive
!jj&rb&rbr&!pos: negative
!jj&rb&rbr&pos: positive
jj&!rbr&!rb&!to: positive
jj&!rbr&!rb&to: positive
jj&!rbr&rb&!vbz: negative
jj&!rbr&rb&vbz: positive
jj&rbr&!jjr&!prp: positive
jj&rbr&!jjr&prp: neutral
jj&rbr&jjr&!nns: conflict
jj&rbr&jjr&nns: conflict
DecisionTree learned:
!jj&!rb&!nns&!in: positive
!jj&!rb&!nns&in: neutral
!jj&!rb&nns&!cd: negative
!jj&!rb&nns&cd: neutral
!jj&rb&!dt&!in: positive
!jj&rb&!dt&in: neutral
!jj&rb&dt&!jjr: negative
!jj&rb&dt&jjr: positive
jj&!vbz&!in&!vb: negative
jj&!vbz&!in&vb: positive
jj&!vbz&in&!wrb: positive
jj&!vbz&in&wrb: negative
jj&vbz&!ex&!rbr: positive
jj&vbz&!ex&rbr: positive
jj&vbz&ex&!vbp: neutral
jj&vbz&ex&vbp: conflict
DecisionTree learned:
!jj&!rb&!nns&!in: negative
!jj&!rb&!nns&in: neutral
!jj&!rb&nns&!cd: negative
!jj&!rb&nns&cd: neutral
!jj&rb&!rp&!pdt: negative
!jj&rb&!rp&pdt: negative
!jj&rb&rp&!vbn: neutral
!jj&rb&rp&vbn: negative
jj&!rb&!to&!ex: positive
jj&!rb&!to&ex: negative
jj&!rb&to&!wrb: neutral
jj&!rb&to&wrb: negative
jj&rb&!nns&!wdt: negative
jj&rb&!nns&wdt: negative
jj&rb&nns&!rp: positive
jj&rb&nns&rp: negative
DecisionTree learned:
!jj&!rb&!nnp&!vbd: positive
!jj&!rb&!nnp&vbd: neutral
!jj&!rb&nnp&!vbd: positive
!jj&!rb&nnp&vbd: positive
!jj&rb&!dt&!nnp: neutral
!jj&rb&!dt&nnp: positive
!jj&rb&dt&!vbz: negative
!jj&rb&dt&vbz: positive
jj&!rb&!to&!vbn: positive
jj&!rb&!to&vbn: negative
jj&!rb&to&!pos: neutral
jj&!rb&to&pos: negative
jj&rb&!prp&!nns: negative
jj&rb&!prp&nns: positive
jj&rb&prp&!wdt: positive
jj&rb&prp&wdt: neutral
DecisionTree learned:
!jj&!rb&!prp&!cc: negative
!jj&!rb&!prp&cc: positive
!jj&!rb&prp&!nns: positive
!jj&!rb&prp&nns: neutral
!jj&rb&!wrb&!vbz: neutral
!jj&rb&!wrb&vbz: positive
!jj&rb&wrb&!vbz: negative
!jj&rb&wrb&vbz: neutral
jj&!rb&!to&!vbn: positive
jj&!rb&!to&vbn: negative
jj&!rb&to&!wrb: positive
jj&!rb&to&wrb: negative
jj&rb&!prp&!vbd: positive
jj&rb&!prp&vbd: negative
jj&rb&prp&!vbz: neutral
jj&rb&prp&vbz: negative
DecisionTree learned:
!jj&!rb&!nns&!in: positive
!jj&!rb&!nns&in: neutral
!jj&!rb&nns&!pdt: negative
!jj&!rb&nns&pdt: positive
!jj&rb&!vbn&!rp: positive
!jj&rb&!vbn&rp: neutral
!jj&rb&vbn&!wdt: negative
!jj&rb&vbn&wdt: negative
jj&!vbz&!in&!vb: negative
jj&!vbz&!in&vb: positive
jj&!vbz&in&!vbn: neutral
jj&!vbz&in&vbn: negative
jj&vbz&!prp&!jjs: positive
jj&vbz&!prp&jjs: positive
jj&vbz&prp&!wdt: positive
jj&vbz&prp&wdt: negative
DecisionTree learned:
!jj&!nnp&!rb&!vbp: positive
!jj&!nnp&!rb&vbp: negative
!jj&!nnp&rb&!md: neutral
!jj&!nnp&rb&md: negative
!jj&nnp&!nns&!nn: positive
!jj&nnp&!nns&nn: neutral
!jj&nnp&nns&!vbz: positive
!jj&nnp&nns&vbz: positive
jj&!rbr&!in&!vb: positive
jj&!rbr&!in&vb: positive
jj&!rbr&in&!vbz: positive
jj&!rbr&in&vbz: positive
jj&rbr&!jjr&!prp: positive
jj&rbr&!jjr&prp: neutral
jj&rbr&jjr&!nns: conflict
jj&rbr&jjr&nns: conflict
DecisionTree learned:
!jj&!rb&!nns&!in: positive
!jj&!rb&!nns&in: neutral
!jj&!rb&nns&!jjs: positive
!jj&!rb&nns&jjs: positive
!jj&rb&!pdt&!md: neutral
!jj&rb&!pdt&md: negative
!jj&rb&pdt: negative
jj&!rb&!to&!nnp: negative
jj&!rb&!to&nnp: positive
jj&!rb&to&!pos: neutral
jj&!rb&to&pos: negative
jj&rb&!cd&!cc: negative
jj&rb&!cd&cc: positive
jj&rb&cd&!vbg: neutral
jj&rb&cd&vbg: negative
DecisionTree learned:
!jj&!rb&!nnp&!prp: negative
!jj&!rb&!nnp&prp: positive
!jj&!rb&nnp&!vbd: neutral
!jj&!rb&nnp&vbd: negative
!jj&rb&!cd&!md: positive
!jj&rb&!cd&md: negative
!jj&rb&cd&!rp: neutral
!jj&rb&cd&rp: positive
jj&!rbr&!rb&!to: positive
jj&!rbr&!rb&to: positive
jj&!rbr&rb&!nns: negative
jj&!rbr&rb&nns: positive
jj&rbr&!jjr&!vbp: positive
jj&rbr&!jjr&vbp: positive
jj&rbr&jjr&!nns: conflict
jj&rbr&jjr&nns: conflict
DecisionTree learned:
!jj&!rb&!prp&!cc: negative
!jj&!rb&!prp&cc: positive
!jj&!rb&prp&!vbz: neutral
!jj&!rb&prp&vbz: positive
!jj&rb&!dt&!nnp: neutral
!jj&rb&!dt&nnp: neutral
!jj&rb&dt&!rp: negative
!jj&rb&dt&rp: neutral
jj&!rbr&!ex&!wrb: positive
jj&!rbr&!ex&wrb: neutral
jj&!rbr&ex&!vbg: conflict
jj&!rbr&ex&vbg: negative
jj&rbr&!jjr&!prp: conflict
jj&rbr&!jjr&prp: neutral
jj&rbr&jjr&!nns: conflict
jj&rbr&jjr&nns: conflict
DecisionTree learned:
!jj&!rb&!nnp&!nns: negative
!jj&!rb&!nnp&nns: negative
!jj&!rb&nnp&!vbd: neutral
!jj&!rb&nnp&vbd: positive
!jj&rb&!cd&!md: positive
!jj&rb&!cd&md: negative
!jj&rb&cd&!jjr: neutral
!jj&rb&cd&jjr: positive
jj&!rb&!to&!vbz: positive
jj&!rb&!to&vbz: positive
jj&!rb&to&!wrb: positive
jj&!rb&to&wrb: negative
jj&rb&!wrb&!cd: positive
jj&rb&!wrb&cd: negative
jj&rb&wrb&!ex: neutral
jj&rb&wrb&ex: positive
DecisionTree learned:
!jj&!rb&!nnp&!nns: negative
!jj&!rb&!nnp&nns: neutral
!jj&!rb&nnp&!vbd: neutral
!jj&!rb&nnp&vbd: negative
!jj&rb&!rbr&!pdt: neutral
!jj&rb&!rbr&pdt: negative
!jj&rb&rbr&!pos: negative
!jj&rb&rbr&pos: positive
jj&!wrb&!rb&!to: positive
jj&!wrb&!rb&to: neutral
jj&!wrb&rb&!cd: positive
jj&!wrb&rb&cd: negative
jj&wrb&!nns&!vbz: positive
jj&wrb&!nns&vbz: positive
jj&wrb&nns&!nnp: negative
jj&wrb&nns&nnp: neutral
DecisionTree learned:
!jj&!rb&!nns&!in: positive
!jj&!rb&!nns&in: neutral
!jj&!rb&nns&!pdt: negative
!jj&!rb&nns&pdt: positive
!jj&rb&!in&!cd: positive
!jj&rb&!in&cd: neutral
!jj&rb&in&!jjr: negative
!jj&rb&in&jjr: negative
jj&!rb&!to&!nnp: positive
jj&!rb&!to&nnp: positive
jj&!rb&to&!pos: positive
jj&!rb&to&pos: negative
jj&rb&!nns&!wdt: negative
jj&rb&!nns&wdt: negative
jj&rb&nns&!wrb: positive
jj&rb&nns&wrb: neutral
DecisionTree learned:
!jj&!rb&!nns&!in: negative
!jj&!rb&!nns&in: neutral
!jj&!rb&nns&!jjs: positive
!jj&!rb&nns&jjs: positive
!jj&rb&!vbd&!in: positive
!jj&rb&!vbd&in: positive
!jj&rb&vbd&!vbz: negative
!jj&rb&vbd&vbz: positive
jj&!vbz&!wrb&!in: negative
jj&!vbz&!wrb&in: positive
jj&!vbz&wrb&!nns: positive
jj&!vbz&wrb&nns: neutral
jj&vbz&!jjs&!wdt: positive
jj&vbz&!jjs&wdt: positive
jj&vbz&jjs&!vbp: positive
jj&vbz&jjs&vbp: negative
DecisionTree learned:
!jj&!rb&!nns&!in: positive
!jj&!rb&!nns&in: neutral
!jj&!rb&nns&!pdt: negative
!jj&!rb&nns&pdt: positive
!jj&rb&!dt&!in: positive
!jj&rb&!dt&in: neutral
!jj&rb&dt&!jjr: negative
!jj&rb&dt&jjr: negative
jj&!vbz&!in&!vb: negative
jj&!vbz&!in&vb: neutral
jj&!vbz&in&!vbn: neutral
jj&!vbz&in&vbn: negative
jj&vbz&!ex&!rbr: positive
jj&vbz&!ex&rbr: conflict
jj&vbz&ex&!vbp: neutral
jj&vbz&ex&vbp: conflict
DecisionTree learned:
!jj&!rb&!nnp&!prp: negative
!jj&!rb&!nnp&prp: positive
!jj&!rb&nnp&!vbd: positive
!jj&!rb&nnp&vbd: positive
!jj&rb&!in&!cd: positive
!jj&rb&!in&cd: neutral
!jj&rb&in&!md: neutral
!jj&rb&in&md: negative
jj&!vbz&!in&!vb: negative
jj&!vbz&!in&vb: neutral
jj&!vbz&in&!wrb: positive
jj&!vbz&in&wrb: neutral
jj&vbz&!none&!jjs: positive
jj&vbz&!none&jjs: positive
jj&vbz&none&!vbp: conflict
jj&vbz&none&vbp: negative
DecisionTree learned:
!jj&!rb&!jjs&!prp: negative
!jj&!rb&!jjs&prp: neutral
!jj&!rb&jjs&!cd: positive
!jj&!rb&jjs&cd: positive
!jj&rb&!dt&!in: positive
!jj&rb&!dt&in: neutral
!jj&rb&dt&!cd: negative
!jj&rb&dt&cd: neutral
jj&!rbr&!rb&!to: positive
jj&!rbr&!rb&to: neutral
jj&!rbr&rb&!wrb: positive
jj&!rbr&rb&wrb: neutral
jj&rbr&!jjr&!prp: positive
jj&rbr&!jjr&prp: neutral
jj&rbr&jjr&!nns: conflict
jj&rbr&jjr&nns: conflict
DecisionTree learned:
!jj&!rb&!jjs&!prp: positive
!jj&!rb&!jjs&prp: neutral
!jj&!rb&jjs&!cd: positive
!jj&!rb&jjs&cd: positive
!jj&rb&!in&!cd: positive
!jj&rb&!in&cd: neutral
!jj&rb&in&!jjr: neutral
!jj&rb&in&jjr: negative
jj&!rbr&!in&!vb: positive
jj&!rbr&!in&vb: positive
jj&!rbr&in&!vbz: positive
jj&!rbr&in&vbz: positive
jj&rbr&!jjr&!vbp: conflict
jj&rbr&!jjr&vbp: positive
jj&rbr&jjr&!nns: conflict
jj&rbr&jjr&nns: conflict
DecisionTree learned:
!jj&!rb&!nnp&!prp: negative
!jj&!rb&!nnp&prp: positive
!jj&!rb&nnp&!vbd: positive
!jj&!rb&nnp&vbd: negative
!jj&rb&!dt&!in: positive
!jj&rb&!dt&in: neutral
!jj&rb&dt&!jjr: negative
!jj&rb&dt&jjr: negative
jj&!rb&!to&!nnp: negative
jj&!rb&!to&nnp: positive
jj&!rb&to&!pos: neutral
jj&!rb&to&pos: negative
jj&rb&!wrb&!cd: positive
jj&rb&!wrb&cd: negative
jj&rb&wrb&!ex: neutral
jj&rb&wrb&ex: positive
DecisionTree learned:
!jj&!rb&!nnp&!prp: negative
!jj&!rb&!nnp&prp: neutral
!jj&!rb&nnp&!vbd: neutral
!jj&!rb&nnp&vbd: negative
!jj&rb&!md&!vbd: positive
!jj&rb&!md&vbd: negative
!jj&rb&md&!cd: negative
!jj&rb&md&cd: neutral
jj&!rb&!to&!vbn: positive
jj&!rb&!to&vbn: negative
jj&!rb&to&!pos: neutral
jj&!rb&to&pos: negative
jj&rb&!wrb&!vb: positive
jj&rb&!wrb&vb: negative
jj&rb&wrb&!ex: neutral
jj&rb&wrb&ex: positive
DecisionTree learned:
!jj&!rb&!prp&!vbg: negative
!jj&!rb&!prp&vbg: positive
!jj&!rb&prp&!nns: neutral
!jj&!rb&prp&nns: neutral
!jj&rb&!wp&!vbz: neutral
!jj&rb&!wp&vbz: positive
!jj&rb&wp&!vbz: negative
!jj&rb&wp&vbz: neutral
jj&!rb&!to&!vbn: positive
jj&!rb&!to&vbn: negative
jj&!rb&to&!wrb: neutral
jj&!rb&to&wrb: negative
jj&rb&!wrb&!cd: positive
jj&rb&!wrb&cd: negative
jj&rb&wrb&!ex: neutral
jj&rb&wrb&ex: positive
DecisionTree learned:
!jj&!rb&!nnp&!nns: negative
!jj&!rb&!nnp&nns: neutral
!jj&!rb&nnp&!vbd: positive
!jj&!rb&nnp&vbd: negative
!jj&rb&!in&!cd: positive
!jj&rb&!in&cd: neutral
!jj&rb&in&!vbz: negative
!jj&rb&in&vbz: positive
jj&!rb&!to&!vbn: positive
jj&!rb&!to&vbn: negative
jj&!rb&to&!pos: neutral
jj&!rb&to&pos: negative
jj&rb&!wrb&!nns: negative
jj&rb&!wrb&nns: positive
jj&rb&wrb&!ex: neutral
jj&rb&wrb&ex: positive
DecisionTree learned:
!jj&!rb&!nnp&!prp: negative
!jj&!rb&!nnp&prp: positive
!jj&!rb&nnp&!vbd: positive
!jj&!rb&nnp&vbd: negative
!jj&rb&!rbr&!vbd: positive
!jj&rb&!rbr&vbd: negative
!jj&rb&rbr&!pos: negative
!jj&rb&rbr&pos: positive
jj&!vbz&!in&!vb: negative
jj&!vbz&!in&vb: negative
jj&!vbz&in&!vbn: neutral
jj&!vbz&in&vbn: negative
jj&vbz&!none&!ex: positive
jj&vbz&!none&ex: conflict
jj&vbz&none&!vbp: conflict
jj&vbz&none&vbp: negative
DecisionTree learned:
!jj&!rb&!nnp&!nns: positive
!jj&!rb&!nnp&nns: neutral
!jj&!rb&nnp&!vbd: positive
!jj&!rb&nnp&vbd: negative
!jj&rb&!md&!vbd: positive
!jj&rb&!md&vbd: negative
!jj&rb&md&!cc: positive
!jj&rb&md&cc: negative
jj&!rb&!to&!nnp: negative
jj&!rb&!to&nnp: positive
jj&!rb&to&!wrb: positive
jj&!rb&to&wrb: negative
jj&rb&!nns&!wdt: negative
jj&rb&!nns&wdt: positive
jj&rb&nns&!vb: positive
jj&rb&nns&vb: neutral
DecisionTree learned:
!jj&!rb&!prp&!vbg: negative
!jj&!rb&!prp&vbg: positive
!jj&!rb&prp&!nns: positive
!jj&!rb&prp&nns: neutral
!jj&rb&!vbd&!in: positive
!jj&rb&!vbd&in: positive
!jj&rb&vbd&!to: negative
!jj&rb&vbd&to: neutral
jj&!rb&!to&!nnp: positive
jj&!rb&!to&nnp: positive
jj&!rb&to&!wrb: positive
jj&!rb&to&wrb: negative
jj&rb&!nns&!wdt: negative
jj&rb&!nns&wdt: negative
jj&rb&nns&!vb: positive
jj&rb&nns&vb: neutral
DecisionTree learned:
!jj&!rb&!nnp&!vbd: negative
!jj&!rb&!nnp&vbd: neutral
!jj&!rb&nnp&!vbd: neutral
!jj&!rb&nnp&vbd: negative
!jj&rb&!in&!cd: positive
!jj&rb&!in&cd: neutral
!jj&rb&in&!to: negative
!jj&rb&in&to: neutral
jj&!rb&!to&!nnp: negative
jj&!rb&!to&nnp: positive
jj&!rb&to&!wrb: positive
jj&!rb&to&wrb: negative
jj&rb&!prp&!cd: positive
jj&rb&!prp&cd: negative
jj&rb&prp&!wdt: positive
jj&rb&prp&wdt: neutral
DecisionTree learned:
!jj&!rb&!prp&!vbg: neutral
!jj&!rb&!prp&vbg: positive
!jj&!rb&prp&!nns: positive
!jj&!rb&prp&nns: neutral
!jj&rb&!dt&!in: positive
!jj&rb&!dt&in: neutral
!jj&rb&dt&!to: negative
!jj&rb&dt&to: neutral
jj&!vbz&!wrb&!pos: positive
jj&!vbz&!wrb&pos: positive
jj&!vbz&wrb&!nns: positive
jj&!vbz&wrb&nns: negative
jj&vbz&!rb&!vbp: positive
jj&vbz&!rb&vbp: neutral
jj&vbz&rb&!dt: conflict
jj&vbz&rb&dt: positive
DecisionTree learned:
!jj&!rb&!nnp&!prp: negative
!jj&!rb&!nnp&prp: positive
!jj&!rb&nnp&!vbd: neutral
!jj&!rb&nnp&vbd: positive
!jj&rb&!wrb&!jjs: neutral
!jj&rb&!wrb&jjs: positive
!jj&rb&wrb&!cc: negative
!jj&rb&wrb&cc: neutral
jj&!in&!vb&!cc: negative
jj&!in&!vb&cc: positive
jj&!in&vb&!dt: neutral
jj&!in&vb&dt: positive
jj&in&!vbz&!wrb: positive
jj&in&!vbz&wrb: neutral
jj&in&vbz&!dt: conflict
jj&in&vbz&dt: positive
DecisionTree learned:
!jj&!rb&!nnp&!nns: neutral
!jj&!rb&!nnp&nns: neutral
!jj&!rb&nnp&!cd: positive
!jj&!rb&nnp&cd: neutral
!jj&rb&!vbd&!rbr: positive
!jj&rb&!vbd&rbr: negative
!jj&rb&vbd&!vbg: negative
!jj&rb&vbd&vbg: neutral
jj&!rbr&!rb&!to: positive
jj&!rbr&!rb&to: positive
jj&!rbr&rb&!wrb: negative
jj&!rbr&rb&wrb: neutral
jj&rbr&!jjr&!vbp: conflict
jj&rbr&!jjr&vbp: positive
jj&rbr&jjr&!nns: conflict
jj&rbr&jjr&nns: conflict
DecisionTree learned:
!jj&!rb&!nnp&!prp: negative
!jj&!rb&!nnp&prp: positive
!jj&!rb&nnp&!vbd: neutral
!jj&!rb&nnp&vbd: positive
!jj&rb&!md&!dt: neutral
!jj&rb&!md&dt: negative
!jj&rb&md&!cd: negative
!jj&rb&md&cd: neutral
jj&!rbr&!in&!vb: positive
jj&!rbr&!in&vb: positive
jj&!rbr&in&!vbz: positive
jj&!rbr&in&vbz: positive
jj&rbr&!cc&!vbp: positive
jj&rbr&!cc&vbp: negative
jj&rbr&cc&!jjr: neutral
jj&rbr&cc&jjr: conflict
DecisionTree learned:
!jj&!rb&!nnp&!prp: negative
!jj&!rb&!nnp&prp: positive
!jj&!rb&nnp&!vbd: neutral
!jj&!rb&nnp&vbd: positive
!jj&rb&!vbd&!md: positive
!jj&rb&!vbd&md: negative
!jj&rb&vbd&!pdt: negative
!jj&rb&vbd&pdt: negative
jj&!vbz&!wrb&!vbd: positive
jj&!vbz&!wrb&vbd: negative
jj&!vbz&wrb&!nns: positive
jj&!vbz&wrb&nns: negative
jj&vbz&!ex&!vbp: positive
jj&vbz&!ex&vbp: positive
jj&vbz&ex&!vbg: conflict
jj&vbz&ex&vbg: negative
DecisionTree learned:
!jj&!rb&!nns&!in: negative
!jj&!rb&!nns&in: neutral
!jj&!rb&nns&!vbd: neutral
!jj&!rb&nns&vbd: negative
!jj&rb&!dt&!in: neutral
!jj&rb&!dt&in: neutral
!jj&rb&dt&!jjr: neutral
!jj&rb&dt&jjr: positive
jj&!in&!vb&!cc: positive
jj&!in&!vb&cc: positive
jj&!in&vb&!dt: negative
jj&!in&vb&dt: positive
jj&in&!rbr&!rb: positive
jj&in&!rbr&rb: positive
jj&in&rbr&!jjr: positive
jj&in&rbr&jjr: conflict
DecisionTree learned:
!jj&!rb&!nnp&!nns: positive
!jj&!rb&!nnp&nns: negative
!jj&!rb&nnp&!vbd: neutral
!jj&!rb&nnp&vbd: positive
!jj&rb&!md&!wp: positive
!jj&rb&!md&wp: neutral
!jj&rb&md&!cd: negative
!jj&rb&md&cd: neutral
jj&!rb&!to&!nnp: negative
jj&!rb&!to&nnp: positive
jj&!rb&to&!wrb: positive
jj&!rb&to&wrb: negative
jj&rb&!wrb&!cd: positive
jj&rb&!wrb&cd: negative
jj&rb&wrb&!ex: neutral
jj&rb&wrb&ex: positive
DecisionTree learned:
!jj&!rb&!nnp&!prp: negative
!jj&!rb&!nnp&prp: positive
!jj&!rb&nnp&!cd: positive
!jj&!rb&nnp&cd: positive
!jj&rb&!rbr&!in: positive
!jj&rb&!rbr&in: negative
!jj&rb&rbr&!pos: negative
!jj&rb&rbr&pos: positive
jj&!cd&!wrb&!rb: positive
jj&!cd&!wrb&rb: positive
jj&!cd&wrb&!prp: positive
jj&!cd&wrb&prp: neutral
jj&cd&!vbg&!vbp: negative
jj&cd&!vbg&vbp: neutral
jj&cd&vbg&!none: neutral
jj&cd&vbg&none: negative
DecisionTree learned:
!jj&!rb&!prp&!cc: negative
!jj&!rb&!prp&cc: positive
!jj&!rb&prp&!md: neutral
!jj&!rb&prp&md: negative
!jj&rb&!wp&!vbz: neutral
!jj&rb&!wp&vbz: positive
!jj&rb&wp&!vbz: negative
!jj&rb&wp&vbz: neutral
jj&!rbr&!ex&!wrb: positive
jj&!rbr&!ex&wrb: neutral
jj&!rbr&ex&!vbg: conflict
jj&!rbr&ex&vbg: negative
jj&rbr&!jjr&!prp: positive
jj&rbr&!jjr&prp: neutral
jj&rbr&jjr&!nns: conflict
jj&rbr&jjr&nns: conflict
DecisionTree learned:
!jj&!rb&!nnp&!vbz: neutral
!jj&!rb&!nnp&vbz: negative
!jj&!rb&nnp&!vbd: positive
!jj&!rb&nnp&vbd: negative
!jj&rb&!md&!wrb: positive
!jj&rb&!md&wrb: neutral
!jj&rb&md&!cc: neutral
!jj&rb&md&cc: negative
jj&!rbr&!in&!vb: positive
jj&!rbr&!in&vb: positive
jj&!rbr&in&!vbz: positive
jj&!rbr&in&vbz: positive
jj&rbr&!jjr&!prp: conflict
jj&rbr&!jjr&prp: neutral
jj&rbr&jjr&!nns: conflict
jj&rbr&jjr&nns: conflict
DecisionTree learned:
!jj&!rb&!prp&!vbg: positive
!jj&!rb&!prp&vbg: positive
!jj&!rb&prp&!nns: positive
!jj&!rb&prp&nns: neutral
!jj&rb&!rbr&!wrb: positive
!jj&rb&!rbr&wrb: negative
!jj&rb&rbr&!pos: negative
!jj&rb&rbr&pos: positive
jj&!vbz&!in&!vb: negative
jj&!vbz&!in&vb: positive
jj&!vbz&in&!vbn: neutral
jj&!vbz&in&vbn: negative
jj&vbz&!rb&!vbp: positive
jj&vbz&!rb&vbp: neutral
jj&vbz&rb&!nns: positive
jj&vbz&rb&nns: positive
DecisionTree learned:
!jj&!rb&!nnp&!nns: negative
!jj&!rb&!nnp&nns: neutral
!jj&!rb&nnp&!vbd: neutral
!jj&!rb&nnp&vbd: positive
!jj&rb&!wp&!vbz: neutral
!jj&rb&!wp&vbz: positive
!jj&rb&wp&!vbz: negative
!jj&rb&wp&vbz: neutral
jj&!vbz&!in&!vb: negative
jj&!vbz&!in&vb: neutral
jj&!vbz&in&!wrb: positive
jj&!vbz&in&wrb: neutral
jj&vbz&!none&!jjs: positive
jj&vbz&!none&jjs: positive
jj&vbz&none&!nns: negative
jj&vbz&none&nns: negative
DecisionTree learned:
!jj&!rb&!nnp&!prp: negative
!jj&!rb&!nnp&prp: positive
!jj&!rb&nnp&!vbd: neutral
!jj&!rb&nnp&vbd: negative
!jj&rb&!pdt&!rp: positive
!jj&rb&!pdt&rp: neutral
!jj&rb&pdt: negative
jj&!rb&!to&!nnp: negative
jj&!rb&!to&nnp: positive
jj&!rb&to&!pos: neutral
jj&!rb&to&pos: negative
jj&rb&!nns&!wdt: negative
jj&rb&!nns&wdt: negative
jj&rb&nns&!vb: positive
jj&rb&nns&vb: neutral
DecisionTree learned:
!jj&!rb&!prp&!vbg: positive
!jj&!rb&!prp&vbg: positive
!jj&!rb&prp&!nns: positive
!jj&!rb&prp&nns: neutral
!jj&rb&!cd&!dt: neutral
!jj&rb&!cd&dt: negative
!jj&rb&cd&!jjr: neutral
!jj&rb&cd&jjr: positive
jj&!rb&!to&!vbn: positive
jj&!rb&!to&vbn: neutral
jj&!rb&to&!wrb: neutral
jj&!rb&to&wrb: negative
jj&rb&!wrb&!nns: negative
jj&rb&!wrb&nns: positive
jj&rb&wrb&!ex: positive
jj&rb&wrb&ex: positive
DecisionTree learned:
!jj&!rb&!nnp&!vbd: negative
!jj&!rb&!nnp&vbd: neutral
!jj&!rb&nnp&!vbd: neutral
!jj&!rb&nnp&vbd: positive
!jj&rb&!rbr&!pdt: positive
!jj&rb&!rbr&pdt: negative
!jj&rb&rbr&!pos: negative
!jj&rb&rbr&pos: positive
jj&!ex&!wrb&!rb: positive
jj&!ex&!wrb&rb: positive
jj&!ex&wrb&!vbd: positive
jj&!ex&wrb&vbd: neutral
jj&ex&!vbg&!cc: negative
jj&ex&!vbg&cc: conflict
jj&ex&vbg&!to: positive
jj&ex&vbg&to: negative
DecisionTree learned:
!jj&!rb&!nnp&!prp: negative
!jj&!rb&!nnp&prp: neutral
!jj&!rb&nnp&!vbd: neutral
!jj&!rb&nnp&vbd: positive
!jj&rb&!in&!wp: positive
!jj&rb&!in&wp: neutral
!jj&rb&in&!jjr: neutral
!jj&rb&in&jjr: negative
jj&!vbz&!in&!vb: negative
jj&!vbz&!in&vb: neutral
jj&!vbz&in&!vbn: neutral
jj&!vbz&in&vbn: negative
jj&vbz&!rb&!vbp: positive
jj&vbz&!rb&vbp: neutral
jj&vbz&rb&!cc: positive
jj&vbz&rb&cc: positive
DecisionTree learned:
!jj&!rb&!nns&!in: negative
!jj&!rb&!nns&in: neutral
!jj&!rb&nns&!jjs: positive
!jj&!rb&nns&jjs: positive
!jj&rb&!wp&!dt: neutral
!jj&rb&!wp&dt: positive
!jj&rb&wp&!vbz: negative
!jj&rb&wp&vbz: neutral
jj&!vbz&!in&!vb: negative
jj&!vbz&!in&vb: positive
jj&!vbz&in&!vbn: neutral
jj&!vbz&in&vbn: negative
jj&vbz&!prp&!rbr: positive
jj&vbz&!prp&rbr: conflict
jj&vbz&prp&!wdt: positive
jj&vbz&prp&wdt: neutral
Trial 0 Training cc.mallet.classify.AdaBoostM2Trainer@100c62c8 finished
Trial 0 Trainer cc.mallet.classify.AdaBoostM2Trainer@100c62c8 test data accuracy = 0.5793758480325645

NaiveBayesTrainer
Summary. test accuracy mean = 0.5332428765264586 stddev = 0.0 stderr = 0.0

MaxEntTrainer,gaussianPriorVariance=1.0
Summary. test accuracy mean = 0.6078697421981004 stddev = 0.0 stderr = 0.0

cc.mallet.classify.DecisionTreeTrainer@52c05d3b
Summary. test accuracy mean = 0.5658073270013568 stddev = 0.0 stderr = 0.0

cc.mallet.classify.AdaBoostM2Trainer@100c62c8
Summary. test accuracy mean = 0.5793758480325645 stddev = 0.0 stderr = 0.0
