
-------------------- Trial 0  --------------------

Trial 0 Training NaiveBayesTrainer with 2956 instances
Trial 0 Training NaiveBayesTrainer finished
Trial 0 Trainer NaiveBayesTrainer test data accuracy = 0.4599728629579376
Trial 0 Training MaxEntTrainer,gaussianPriorVariance=1.0 with 2956 instances
Trial 0 Training MaxEntTrainer,gaussianPriorVariance=1.0 finished
Trial 0 Trainer MaxEntTrainer,gaussianPriorVariance=1.0 test data accuracy = 0.5495251017639078
Trial 0 Training cc.mallet.classify.DecisionTreeTrainer@b6e39f with 2956 instances
DecisionTree learned:
!w&!b&!k&!v: positive
!w&!b&!k&v: positive
!w&!b&k&!f: positive
!w&!b&k&f: positive
!w&b&!o&!v: positive
!w&b&!o&v: positive
!w&b&o&!l: positive
!w&b&o&l: positive
w&!u&!o&!k: positive
w&!u&!o&k: positive
w&!u&o&!y: positive
w&!u&o&y: positive
w&u&!z&!b: positive
w&u&!z&b: positive
w&u&z&!v: positive
w&u&z&v: positive
Trial 0 Training cc.mallet.classify.DecisionTreeTrainer@b6e39f finished
Trial 0 Trainer cc.mallet.classify.DecisionTreeTrainer@b6e39f test data accuracy = 0.5780189959294437
Trial 0 Training cc.mallet.classify.AdaBoostM2Trainer@1d2940b3 with 2956 instances
DecisionTree learned:
!w&!b&!k&!v: positive
!w&!b&!k&v: positive
!w&!b&k&!g: positive
!w&!b&k&g: positive
!w&b&!x&!l: positive
!w&b&!x&l: positive
!w&b&x&!v: positive
!w&b&x&v: positive
w&!b&!h&!g: positive
w&!b&!h&g: positive
w&!b&h&!a: negative
w&!b&h&a: positive
w&b&!k&!u: positive
w&b&!k&u: positive
w&b&k&!y: negative
w&b&k&y: positive
DecisionTree learned:
!w&!y&!b&!v: positive
!w&!y&!b&v: positive
!w&!y&b&!h: positive
!w&!y&b&h: positive
!w&y&!j&!o: positive
!w&y&!j&o: positive
!w&y&j&!k: positive
!w&y&j&k: positive
w&!z&!u&!o: positive
w&!z&!u&o: positive
w&!z&u&!x: positive
w&!z&u&x: positive
w&z&!v&!l: neutral
w&z&!v&l: positive
w&z&v&!f: negative
w&z&v&f: positive
DecisionTree learned:
!w&!y&!j&!k: positive
!w&!y&!j&k: positive
!w&!y&j&!z: positive
!w&!y&j&z: negative
!w&y&!j&!o: positive
!w&y&!j&o: positive
!w&y&j&!k: positive
!w&y&j&k: positive
w&!k&!h&!g: positive
w&!k&!h&g: positive
w&!k&h&!l: positive
w&!k&h&l: positive
w&k&!v&!z: positive
w&k&!v&z: positive
w&k&v&!x: positive
w&k&v&x: positive
DecisionTree learned:
!b&!v&!z&!o: positive
!b&!v&!z&o: positive
!b&!v&z&!h: neutral
!b&!v&z&h: positive
!b&v&!k&!w: positive
!b&v&!k&w: positive
!b&v&k&!y: positive
!b&v&k&y: positive
b&!u&!z&!y: positive
b&!u&!z&y: positive
b&!u&z&!x: positive
b&!u&z&x: negative
b&u&!q&!z: positive
b&u&!q&z: positive
b&u&q&!g: negative
b&u&q&g: positive
DecisionTree learned:
!u&!k&!n&!y: positive
!u&!k&!n&y: positive
!u&!k&n&!z: positive
!u&!k&n&z: positive
!u&k&!z&!l: neutral
!u&k&!z&l: positive
!u&k&z&!h: neutral
!u&k&z&h: negative
u&!b&!z&!v: positive
u&!b&!z&v: positive
u&!b&z&!f: positive
u&!b&z&f: positive
u&b&!q&!w: positive
u&b&!q&w: positive
u&b&q&!v: negative
u&b&q&v: positive
DecisionTree learned:
!u&!k&!n&!l: positive
!u&!k&!n&l: positive
!u&!k&n&!y: positive
!u&!k&n&y: positive
!u&k&!w&!g: neutral
!u&k&!w&g: positive
!u&k&w&!r: positive
!u&k&w&r: positive
u&!z&!w&!j: positive
u&!z&!w&j: positive
u&!z&w&!n: positive
u&!z&w&n: positive
u&z&!f&!b: positive
u&z&!f&b: negative
u&z&f&!d: positive
u&z&f&d: positive
DecisionTree learned:
!w&!y&!t&!i: positive
!w&!y&!t&i: neutral
!w&!y&t&!j: positive
!w&!y&t&j: neutral
!w&y&!j&!b: positive
!w&y&!j&b: positive
!w&y&j&!k: positive
!w&y&j&k: positive
w&!k&!n&!u: positive
w&!k&!n&u: positive
w&!k&n&!h: positive
w&!k&n&h: positive
w&k&!v&!f: neutral
w&k&!v&f: positive
w&k&v&!x: positive
w&k&v&x: positive
DecisionTree learned:
!b&!v&!n&!y: positive
!b&!v&!n&y: positive
!b&!v&n&!z: positive
!b&!v&n&z: positive
!b&v&!k&!j: positive
!b&v&!k&j: positive
!b&v&k&!x: positive
!b&v&k&x: positive
b&!u&!z&!y: positive
b&!u&!z&y: positive
b&!u&z&!x: positive
b&!u&z&x: negative
b&u&!q&!k: positive
b&u&!q&k: positive
b&u&q&!d: neutral
b&u&q&d: positive
DecisionTree learned:
!b&!v&!z&!n: positive
!b&!v&!z&n: positive
!b&!v&z&!h: neutral
!b&!v&z&h: positive
!b&v&!k&!j: positive
!b&v&!k&j: positive
!b&v&k&!y: positive
!b&v&k&y: positive
b&!u&!z&!y: positive
b&!u&!z&y: positive
b&!u&z&!m: positive
b&!u&z&m: neutral
b&u&!q&!i: negative
b&u&!q&i: positive
b&u&q&!g: negative
b&u&q&g: positive
DecisionTree learned:
!b&!v&!z&!m: positive
!b&!v&!z&m: positive
!b&!v&z&!h: neutral
!b&!v&z&h: positive
!b&v&!k&!g: positive
!b&v&!k&g: positive
!b&v&k&!y: positive
!b&v&k&y: positive
b&!u&!y&!c: negative
b&!u&!y&c: positive
b&!u&y&!m: positive
b&!u&y&m: positive
b&u&!c&!f: negative
b&u&!c&f: neutral
b&u&c&!x: positive
b&u&c&x: positive
DecisionTree learned:
!z&!x&!u&!v: positive
!z&!x&!u&v: positive
!z&!x&u&!n: positive
!z&!x&u&n: positive
!z&x&!g&!f: positive
!z&x&!g&f: positive
!z&x&g&!p: positive
!z&x&g&p: positive
z&!f&!b&!h: negative
z&!f&!b&h: positive
z&!f&b&!p: negative
z&!f&b&p: neutral
z&f&!c&!v: neutral
z&f&!c&v: positive
z&f&c&!d: positive
z&f&c&d: positive
DecisionTree learned:
!x&!b&!v&!n: positive
!x&!b&!v&n: positive
!x&!b&v&!k: positive
!x&!b&v&k: positive
!x&b&!w&!n: positive
!x&b&!w&n: positive
!x&b&w&!n: neutral
!x&b&w&n: positive
x&!o&!q: positive
x&!o&q: conflict
x&o&!q&!j: positive
x&o&!q&j: positive
x&o&q&!v: neutral
x&o&q&v: positive
DecisionTree learned:
!x&!b&!k&!v: positive
!x&!b&!k&v: positive
!x&!b&k&!a: negative
!x&!b&k&a: positive
!x&b&!w&!l: negative
!x&b&!w&l: positive
!x&b&w&!v: positive
!x&b&w&v: positive
x&!o&!q: positive
x&!o&q: conflict
x&o&!q&!j: positive
x&o&!q&j: negative
x&o&q&!p: positive
x&o&q&p: positive
DecisionTree learned:
!b&!x&!l&!p: positive
!b&!x&!l&p: positive
!b&!x&l&!y: positive
!b&!x&l&y: positive
!b&x&!j&!p: positive
!b&x&!j&p: positive
!b&x&j&!w: positive
!b&x&j&w: negative
b&!q&!u&!g: positive
b&!q&!u&g: positive
b&!q&u&!k: positive
b&!q&u&k: positive
b&q&!v&!h: neutral
b&q&!v&h: negative
b&q&v&!y: positive
b&q&v&y: positive
DecisionTree learned:
!b&!v&!x&!w: positive
!b&!v&!x&w: positive
!b&!v&x&!u: positive
!b&!v&x&u: negative
!b&v&!k&!j: positive
!b&v&!k&j: positive
!b&v&k&!x: positive
!b&v&k&x: positive
b&!k&!n&!w: positive
b&!k&!n&w: conflict
b&!k&n&!u: positive
b&!k&n&u: positive
b&k&!y&!m: neutral
b&k&!y&m: negative
b&k&y&!w: positive
b&k&y&w: positive
DecisionTree learned:
!u&!v&!x&!k: positive
!u&!v&!x&k: neutral
!u&!v&x&!f: positive
!u&!v&x&f: positive
!u&v&!n&!k: positive
!u&v&!n&k: neutral
!u&v&n&!y: negative
!u&v&n&y: positive
u&!q&!x&!n: positive
u&!q&!x&n: positive
u&!q&x&!j: positive
u&!q&x&j: negative
u&q&!d&!w: neutral
u&q&!d&w: positive
u&q&d&!w: positive
u&q&d&w: positive
DecisionTree learned:
!z&!b&!v&!m: positive
!z&!b&!v&m: neutral
!z&!b&v&!k: positive
!z&!b&v&k: positive
!z&b&!w&!h: negative
!z&b&!w&h: positive
!z&b&w&!u: positive
!z&b&w&u: positive
z&!y&!m&!k: neutral
z&!y&!m&k: neutral
z&!y&m&!j: positive
z&!y&m&j: negative
z&y&!f&!b: positive
z&y&!f&b: negative
z&y&f&!j: positive
z&y&f&j: positive
DecisionTree learned:
!b&!y&!x&!c: positive
!b&!y&!x&c: positive
!b&!y&x&!l: negative
!b&!y&x&l: positive
!b&y&!v&!n: negative
!b&y&!v&n: positive
!b&y&v&!k: positive
!b&y&v&k: negative
b&!u&!g&!f: negative
b&!u&!g&f: positive
b&!u&g&!f: positive
b&!u&g&f: positive
b&u&!z&!q: positive
b&u&!z&q: negative
b&u&z&!f: negative
b&u&z&f: positive
DecisionTree learned:
!b&!v&!z&!n: positive
!b&!v&!z&n: positive
!b&!v&z&!y: neutral
!b&!v&z&y: positive
!b&v&!k&!w: positive
!b&v&!k&w: positive
!b&v&k&!y: positive
!b&v&k&y: negative
b&!y&!k&!d: positive
b&!y&!k&d: positive
b&!y&k&!m: neutral
b&!y&k&m: negative
b&y&!q&!j: positive
b&y&!q&j: positive
b&y&q&!v: negative
b&y&q&v: negative
DecisionTree learned:
!z&!x&!b&!l: positive
!z&!x&!b&l: positive
!z&!x&b&!u: positive
!z&!x&b&u: positive
!z&x&!f&!g: positive
!z&x&!f&g: positive
!z&x&f&!g: neutral
!z&x&f&g: positive
z&!f&!b&!u: negative
z&!f&!b&u: positive
z&!f&b&!p: negative
z&!f&b&p: neutral
z&f&!c&!v: neutral
z&f&!c&v: positive
z&f&c&!d: positive
z&f&c&d: positive
DecisionTree learned:
!x&!b&!l&!p: positive
!x&!b&!l&p: positive
!x&!b&l&!y: positive
!x&!b&l&y: positive
!x&b&!n&!w: positive
!x&b&!n&w: conflict
!x&b&n&!p: negative
!x&b&n&p: positive
x&!o&!q: positive
x&!o&q: conflict
x&o&!q&!m: negative
x&o&!q&m: positive
x&o&q&!p: positive
x&o&q&p: positive
DecisionTree learned:
!z&!b&!v&!a: negative
!z&!b&!v&a: positive
!z&!b&v&!k: positive
!z&!b&v&k: positive
!z&b&!u&!s: neutral
!z&b&!u&s: positive
!z&b&u&!w: positive
!z&b&u&w: positive
z&!f&!b&!u: negative
z&!f&!b&u: positive
z&!f&b&!p: negative
z&!f&b&p: neutral
z&f&!u&!k: positive
z&f&!u&k: neutral
z&f&u&!d: positive
z&f&u&d: positive
DecisionTree learned:
!x&!k&!n&!u: positive
!x&!k&!n&u: positive
!x&!k&n&!o: positive
!x&!k&n&o: positive
!x&k&!y&!o: positive
!x&k&!y&o: neutral
!x&k&y&!w: positive
!x&k&y&w: negative
x&!o&!q: positive
x&!o&q: conflict
x&o&!z&!g: negative
x&o&!z&g: positive
x&o&z&!b: positive
x&o&z&b: negative
DecisionTree learned:
!z&!x&!u&!v: positive
!z&!x&!u&v: positive
!z&!x&u&!q: positive
!z&!x&u&q: negative
!z&x&!f&!g: positive
!z&x&!f&g: positive
!z&x&f&!g: neutral
!z&x&f&g: positive
z&!y&!c&!v: neutral
z&!y&!c&v: positive
z&!y&c&!b: positive
z&!y&c&b: negative
z&y&!f&!b: positive
z&y&!f&b: negative
z&y&f&!j: positive
z&y&f&j: positive
DecisionTree learned:
!b&!q&!x&!v: neutral
!b&!q&!x&v: positive
!b&!q&x&!m: negative
!b&!q&x&m: positive
!b&q&!x&!y: positive
!b&q&!x&y: positive
!b&q&x&!c: negative
!b&q&x&c: neutral
b&!u&!g&!f: negative
b&!u&!g&f: positive
b&!u&g&!f: positive
b&!u&g&f: positive
b&u&!z&!w: positive
b&u&!z&w: positive
b&u&z&!f: negative
b&u&z&f: positive
DecisionTree learned:
!z&!x&!b&!l: positive
!z&!x&!b&l: positive
!z&!x&b&!u: positive
!z&!x&b&u: positive
!z&x&!o&!q: positive
!z&x&!o&q: conflict
!z&x&o&!q: positive
!z&x&o&q: positive
z&!f&!b&!u: positive
z&!f&!b&u: positive
z&!f&b&!p: negative
z&!f&b&p: neutral
z&f&!c&!v: neutral
z&f&!c&v: positive
z&f&c&!d: positive
z&f&c&d: positive
DecisionTree learned:
!z&!b&!l&!p: positive
!z&!b&!l&p: negative
!z&!b&l&!p: positive
!z&!b&l&p: positive
!z&b&!u&!s: neutral
!z&b&!u&s: positive
!z&b&u&!w: positive
!z&b&u&w: positive
z&!f&!b&!u: negative
z&!f&!b&u: positive
z&!f&b&!p: negative
z&!f&b&p: neutral
z&f&!c&!v: neutral
z&f&!c&v: positive
z&f&c&!d: positive
z&f&c&d: positive
DecisionTree learned:
!b&!x&!q&!j: positive
!b&!x&!q&j: positive
!b&!x&q&!y: positive
!b&!x&q&y: positive
!b&x&!p&!k: positive
!b&x&!p&k: negative
!b&x&p&!j: positive
!b&x&p&j: negative
b&!z&!u&!y: negative
b&!z&!u&y: positive
b&!z&u&!w: positive
b&!z&u&w: negative
b&z&!f&!k: negative
b&z&!f&k: negative
b&z&f&!g: positive
b&z&f&g: positive
DecisionTree learned:
!z&!x&!b&!l: positive
!z&!x&!b&l: positive
!z&!x&b&!n: positive
!z&!x&b&n: positive
!z&x&!j&!o: positive
!z&x&!j&o: positive
!z&x&j&!b: negative
!z&x&j&b: positive
z&!f&!b&!u: positive
z&!f&!b&u: positive
z&!f&b&!m: neutral
z&!f&b&m: negative
z&f&!v&!c: neutral
z&f&!v&c: positive
z&f&v&!m: positive
z&f&v&m: positive
DecisionTree learned:
!z&!b&!x&!v: positive
!z&!b&!x&v: positive
!z&!b&x&!p: positive
!z&!b&x&p: positive
!z&b&!u&!w: positive
!z&b&!u&w: positive
!z&b&u&!q: positive
!z&b&u&q: negative
z&!f&!b&!u: negative
z&!f&!b&u: positive
z&!f&b&!p: negative
z&!f&b&p: neutral
z&f&!c&!v: neutral
z&f&!c&v: positive
z&f&c&!d: positive
z&f&c&d: positive
DecisionTree learned:
!z&!x&!b&!v: neutral
!z&!x&!b&v: positive
!z&!x&b&!n: positive
!z&!x&b&n: positive
!z&x&!j&!p: positive
!z&x&!j&p: positive
!z&x&j&!b: negative
!z&x&j&b: positive
z&!f&!p&!c: positive
z&!f&!p&c: negative
z&!f&p&!y: neutral
z&!f&p&y: positive
z&f&!u&!k: positive
z&f&!u&k: neutral
z&f&u&!d: positive
z&f&u&d: positive
DecisionTree learned:
!z&!x&!b&!l: positive
!z&!x&!b&l: positive
!z&!x&b&!n: positive
!z&!x&b&n: positive
!z&x&!o&!q: positive
!z&x&!o&q: conflict
!z&x&o&!q: positive
!z&x&o&q: positive
z&!y&!j&!x: neutral
z&!y&!j&x: positive
z&!y&j&!u: positive
z&!y&j&u: neutral
z&y&!f&!p: negative
z&y&!f&p: positive
z&y&f&!j: positive
z&y&f&j: positive
DecisionTree learned:
!x&!b&!v&!w: positive
!x&!b&!v&w: neutral
!x&!b&v&!k: positive
!x&!b&v&k: negative
!x&b&!p&!u: negative
!x&b&!p&u: neutral
!x&b&p&!y: positive
!x&b&p&y: positive
x&!j&!p&!g: positive
x&!j&!p&g: positive
x&!j&p&!g: negative
x&!j&p&g: positive
x&j&!b&!w: positive
x&j&!b&w: negative
x&j&b&!k: positive
x&j&b&k: positive
DecisionTree learned:
!b&!x&!q&!k: positive
!b&!x&!q&k: positive
!b&!x&q&!g: positive
!b&!x&q&g: positive
!b&x&!y&!l: conflict
!b&x&!y&l: positive
!b&x&y&!p: negative
!b&x&y&p: negative
b&!u&!g&!f: negative
b&!u&!g&f: positive
b&!u&g&!f: positive
b&!u&g&f: positive
b&u&!q&!n: conflict
b&u&!q&n: positive
b&u&q&!v: negative
b&u&q&v: positive
DecisionTree learned:
!x&!b&!l&!p: neutral
!x&!b&!l&p: positive
!x&!b&l&!y: neutral
!x&!b&l&y: positive
!x&b&!p&!u: negative
!x&b&!p&u: negative
!x&b&p&!y: positive
!x&b&p&y: positive
x&!z&!m&!f: positive
x&!z&!m&f: negative
x&!z&m&!g: neutral
x&!z&m&g: positive
x&z&!b: positive
x&z&b&!u: negative
x&z&b&u: negative
DecisionTree learned:
!x&!k&!n&!u: positive
!x&!k&!n&u: positive
!x&!k&n&!s: neutral
!x&!k&n&s: positive
!x&k&!y&!o: positive
!x&k&!y&o: negative
!x&k&y&!z: negative
!x&k&y&z: positive
x&!z&!f&!g: positive
x&!z&!f&g: positive
x&!z&f&!w: positive
x&!z&f&w: positive
x&z&!k&!j: negative
x&z&!k&j: negative
x&z&k&!u: negative
x&z&k&u: positive
DecisionTree learned:
!x&!b&!l&!p: neutral
!x&!b&!l&p: positive
!x&!b&l&!y: neutral
!x&!b&l&y: positive
!x&b&!p&!u: negative
!x&b&!p&u: neutral
!x&b&p&!y: positive
!x&b&p&y: positive
x&!z&!f&!g: positive
x&!z&!f&g: positive
x&!z&f&!j: positive
x&!z&f&j: neutral
x&z&!b: positive
x&z&b&!k: negative
x&z&b&k: neutral
DecisionTree learned:
!z&!x&!b&!l: positive
!z&!x&!b&l: positive
!z&!x&b&!n: positive
!z&!x&b&n: positive
!z&x&!g&!f: positive
!z&x&!g&f: neutral
!z&x&g&!p: positive
!z&x&g&p: positive
z&!f&!k&!l: negative
z&!f&!k&l: positive
z&!f&k&!y: neutral
z&!f&k&y: negative
z&f&!c&!v: neutral
z&f&!c&v: positive
z&f&c&!d: positive
z&f&c&d: positive
DecisionTree learned:
!x&!k&!n&!u: positive
!x&!k&!n&u: positive
!x&!k&n&!o: positive
!x&!k&n&o: positive
!x&k&!y&!m: neutral
!x&k&!y&m: negative
!x&k&y&!z: negative
!x&k&y&z: positive
x&!f&!g&!c: negative
x&!f&!g&c: positive
x&!f&g&!b: negative
x&!f&g&b: positive
x&f&!j&!w: positive
x&f&!j&w: positive
x&f&j&!b: negative
x&f&j&b: neutral
DecisionTree learned:
!b&!v&!x&!n: positive
!b&!v&!x&n: neutral
!b&!v&x&!w: negative
!b&!v&x&w: positive
!b&v&!k&!f: positive
!b&v&!k&f: positive
!b&v&k&!x: positive
!b&v&k&x: positive
b&!z&!u&!y: negative
b&!z&!u&y: positive
b&!z&u&!i: negative
b&!z&u&i: positive
b&z&!f&!p: negative
b&z&!f&p: neutral
b&z&f&!g: positive
b&z&f&g: positive
DecisionTree learned:
!b&!l&!p&!h: neutral
!b&!l&!p&h: positive
!b&!l&p&!d: negative
!b&!l&p&d: positive
!b&l&!p&!q: positive
!b&l&!p&q: positive
!b&l&p&!f: positive
!b&l&p&f: positive
b&!z&!u&!w: positive
b&!z&!u&w: positive
b&!z&u&!q: positive
b&!z&u&q: negative
b&z&!f&!p: negative
b&z&!f&p: neutral
b&z&f&!g: positive
b&z&f&g: positive
DecisionTree learned:
!x&!b&!l&!p: neutral
!x&!b&!l&p: positive
!x&!b&l&!y: positive
!x&!b&l&y: positive
!x&b&!v&!k: positive
!x&b&!v&k: neutral
!x&b&v&!y: negative
!x&b&v&y: positive
x&!j&!z&!g: negative
x&!j&!z&g: positive
x&!j&z&!k: positive
x&!j&z&k: neutral
x&j&!b&!w: positive
x&j&!b&w: negative
x&j&b&!k: negative
x&j&b&k: positive
DecisionTree learned:
!x&!b&!q&!l: positive
!x&!b&!q&l: positive
!x&!b&q&!v: positive
!x&!b&q&v: positive
!x&b&!v&!k: positive
!x&b&!v&k: neutral
!x&b&v&!y: negative
!x&b&v&y: positive
x&!f&!g&!y: positive
x&!f&!g&y: negative
x&!f&g&!b: negative
x&!f&g&b: positive
x&f&!z&!j: positive
x&f&!z&j: negative
x&f&z&!q: positive
x&f&z&q: negative
DecisionTree learned:
!x&!b&!v&!n: positive
!x&!b&!v&n: neutral
!x&!b&v&!k: positive
!x&!b&v&k: negative
!x&b&!p&!u: negative
!x&b&!p&u: negative
!x&b&p&!y: positive
!x&b&p&y: positive
x&!o&!q: positive
x&!o&q: conflict
x&o&!q&!j: positive
x&o&!q&j: negative
x&o&q&!n: neutral
x&o&q&n: positive
DecisionTree learned:
!b&!x&!q&!l: positive
!b&!x&!q&l: positive
!b&!x&q&!d: neutral
!b&!x&q&d: positive
!b&x&!y&!l: neutral
!b&x&!y&l: positive
!b&x&y&!p: positive
!b&x&y&p: negative
b&!u&!g&!f: negative
b&!u&!g&f: positive
b&!u&g&!f: positive
b&!u&g&f: positive
b&u&!z&!i: negative
b&u&!z&i: positive
b&u&z&!f: negative
b&u&z&f: positive
DecisionTree learned:
!z&!x&!b&!l: neutral
!z&!x&!b&l: positive
!z&!x&b&!u: positive
!z&!x&b&u: positive
!z&x&!w&!q: positive
!z&x&!w&q: positive
!z&x&w&!g: neutral
!z&x&w&g: positive
z&!f&!k&!l: negative
z&!f&!k&l: positive
z&!f&k&!y: neutral
z&!f&k&y: negative
z&f&!c&!v: neutral
z&f&!c&v: negative
z&f&c&!d: positive
z&f&c&d: positive
DecisionTree learned:
!b&!x&!q&!l: positive
!b&!x&!q&l: positive
!b&!x&q&!v: positive
!b&!x&q&v: positive
!b&x&!p&!u: positive
!b&x&!p&u: negative
!b&x&p&!d: conflict
!b&x&p&d: positive
b&!u&!y&!v: positive
b&!u&!y&v: negative
b&!u&y&!w: neutral
b&!u&y&w: positive
b&u&!z&!i: negative
b&u&!z&i: positive
b&u&z&!f: negative
b&u&z&f: positive
DecisionTree learned:
!x&!b&!q&!l: positive
!x&!b&!q&l: positive
!x&!b&q&!v: positive
!x&!b&q&v: positive
!x&b&!n&!w: positive
!x&b&!n&w: conflict
!x&b&n&!j: positive
!x&b&n&j: positive
x&!j&!z&!o: positive
x&!j&!z&o: positive
x&!j&z&!k: negative
x&!j&z&k: neutral
x&j&!b&!w: positive
x&j&!b&w: negative
x&j&b&!k: negative
x&j&b&k: positive
DecisionTree learned:
!x&!b&!v&!w: neutral
!x&!b&!v&w: negative
!x&!b&v&!k: positive
!x&!b&v&k: negative
!x&b&!p&!u: negative
!x&b&!p&u: neutral
!x&b&p&!y: positive
!x&b&p&y: positive
x&!j&!z&!g: negative
x&!j&!z&g: positive
x&!j&z&!k: positive
x&!j&z&k: positive
x&j&!b&!w: positive
x&j&!b&w: negative
x&j&b&!k: negative
x&j&b&k: positive
DecisionTree learned:
!z&!b&!h&!p: positive
!z&!b&!h&p: positive
!z&!b&h&!l: neutral
!z&!b&h&l: positive
!z&b&!u&!w: positive
!z&b&!u&w: positive
!z&b&u&!w: positive
!z&b&u&w: negative
z&!f&!b&!u: negative
z&!f&!b&u: positive
z&!f&b&!m: neutral
z&!f&b&m: negative
z&f&!c&!v: neutral
z&f&!c&v: positive
z&f&c&!d: positive
z&f&c&d: positive
DecisionTree learned:
!z&!x&!b&!v: neutral
!z&!x&!b&v: positive
!z&!x&b&!n: positive
!z&!x&b&n: negative
!z&x&!f&!g: positive
!z&x&!f&g: positive
!z&x&f&!j: positive
!z&x&f&j: positive
z&!f&!k&!d: negative
z&!f&!k&d: positive
z&!f&k&!y: neutral
z&!f&k&y: negative
z&f&!u&!k: neutral
z&f&!u&k: neutral
z&f&u&!d: positive
z&f&u&d: positive
DecisionTree learned:
!z&!u&!v&!x: positive
!z&!u&!v&x: positive
!z&!u&v&!y: negative
!z&!u&v&y: positive
!z&u&!b&!f: neutral
!z&u&!b&f: positive
!z&u&b&!a: conflict
!z&u&b&a: positive
z&!f&!b&!u: negative
z&!f&!b&u: positive
z&!f&b&!k: conflict
z&!f&b&k: neutral
z&f&!u&!k: neutral
z&f&!u&k: neutral
z&f&u&!d: positive
z&f&u&d: positive
DecisionTree learned:
!z&!x&!b&!l: positive
!z&!x&!b&l: positive
!z&!x&b&!n: positive
!z&!x&b&n: positive
!z&x&!l&!d: conflict
!z&x&!l&d: negative
!z&x&l&!g: negative
!z&x&l&g: positive
z&!f&!b&!n: negative
z&!f&!b&n: positive
z&!f&b&!k: conflict
z&!f&b&k: neutral
z&f&!u&!k: positive
z&f&!u&k: neutral
z&f&u&!c: positive
z&f&u&c: positive
DecisionTree learned:
!u&!v&!x&!t: positive
!u&!v&!x&t: positive
!u&!v&x&!k: positive
!u&!v&x&k: positive
!u&v&!n&!l: neutral
!u&v&!n&l: positive
!u&v&n&!y: negative
!u&v&n&y: positive
u&!z&!b&!d: negative
u&!z&!b&d: positive
u&!z&b&!q: positive
u&!z&b&q: negative
u&z&!f&!b: positive
u&z&!f&b: negative
u&z&f&!c: neutral
u&z&f&c: positive
DecisionTree learned:
!z&!x&!b&!k: positive
!z&!x&!b&k: negative
!z&!x&b&!n: positive
!z&!x&b&n: positive
!z&x&!o&!b: positive
!z&x&!o&b: conflict
!z&x&o&!q: positive
!z&x&o&q: positive
z&!f&!y&!k: positive
z&!f&!y&k: neutral
z&!f&y&!b: positive
z&!f&y&b: negative
z&f&!m&!b: neutral
z&f&!m&b: positive
z&f&m&!u: neutral
z&f&m&u: positive
DecisionTree learned:
!b&!x&!l&!p: neutral
!b&!x&!l&p: positive
!b&!x&l&!y: neutral
!b&!x&l&y: positive
!b&x&!p&!u: positive
!b&x&!p&u: negative
!b&x&p&!j: positive
!b&x&p&j: negative
b&!u&!g&!w: positive
b&!u&!g&w: neutral
b&!u&g&!s: neutral
b&!u&g&s: positive
b&u&!z&!a: conflict
b&u&!z&a: positive
b&u&z&!f: negative
b&u&z&f: positive
DecisionTree learned:
!z&!b&!h&!p: positive
!z&!b&!h&p: negative
!z&!b&h&!l: positive
!z&!b&h&l: positive
!z&b&!u&!w: positive
!z&b&!u&w: positive
!z&b&u&!w: positive
!z&b&u&w: negative
z&!f&!y&!k: positive
z&!f&!y&k: neutral
z&!f&y&!b: positive
z&!f&y&b: negative
z&f&!u&!k: neutral
z&f&!u&k: neutral
z&f&u&!b: neutral
z&f&u&b: positive
DecisionTree learned:
!x&!b&!v&!w: neutral
!x&!b&!v&w: neutral
!x&!b&v&!k: positive
!x&!b&v&k: negative
!x&b&!n&!w: positive
!x&b&!n&w: conflict
!x&b&n&!y: neutral
!x&b&n&y: positive
x&!z&!j&!f: positive
x&!z&!j&f: positive
x&!z&j&!b: negative
x&!z&j&b: neutral
x&z&!k&!j: negative
x&z&!k&j: negative
x&z&k&!u: negative
x&z&k&u: positive
DecisionTree learned:
!b&!l&!i&!n: positive
!b&!l&!i&n: neutral
!b&!l&i&!k: positive
!b&!l&i&k: neutral
!b&l&!p&!x: negative
!b&l&!p&x: positive
!b&l&p&!f: positive
!b&l&p&f: positive
b&!y&!k&!v: positive
b&!y&!k&v: negative
b&!y&k&!q: neutral
b&!y&k&q: positive
b&y&!q&!w: positive
b&y&!q&w: positive
b&y&q&!v: negative
b&y&q&v: negative
DecisionTree learned:
!b&!x&!l&!p: positive
!b&!x&!l&p: positive
!b&!x&l&!y: neutral
!b&!x&l&y: positive
!b&x&!p&!u: positive
!b&x&!p&u: negative
!b&x&p&!y: positive
!b&x&p&y: negative
b&!z&!u&!w: positive
b&!z&!u&w: positive
b&!z&u&!p: neutral
b&!z&u&p: positive
b&z&!f&!h: conflict
b&z&!f&h: negative
b&z&f&!g: positive
b&z&f&g: positive
DecisionTree learned:
!z&!x&!b&!l: neutral
!z&!x&!b&l: positive
!z&!x&b&!n: positive
!z&!x&b&n: negative
!z&x&!o&!q: positive
!z&x&!o&q: conflict
!z&x&o&!q: positive
!z&x&o&q: positive
z&!f&!k&!l: negative
z&!f&!k&l: positive
z&!f&k&!y: neutral
z&!f&k&y: negative
z&f&!c&!v: neutral
z&f&!c&v: positive
z&f&c&!d: positive
z&f&c&d: positive
DecisionTree learned:
!z&!b&!l&!k: positive
!z&!b&!l&k: neutral
!z&!b&l&!p: positive
!z&!b&l&p: positive
!z&b&!u&!w: positive
!z&b&!u&w: positive
!z&b&u&!w: positive
!z&b&u&w: negative
z&!f&!y&!k: negative
z&!f&!y&k: neutral
z&!f&y&!b: positive
z&!f&y&b: negative
z&f&!m&!b: neutral
z&f&!m&b: positive
z&f&m&!u: neutral
z&f&m&u: positive
DecisionTree learned:
!z&!x&!b&!v: neutral
!z&!x&!b&v: positive
!z&!x&b&!n: conflict
!z&!x&b&n: negative
!z&x&!j&!w: positive
!z&x&!j&w: positive
!z&x&j&!b: negative
!z&x&j&b: neutral
z&!f&!b&!u: negative
z&!f&!b&u: positive
z&!f&b&!k: conflict
z&!f&b&k: neutral
z&f&!c&!v: neutral
z&f&!c&v: neutral
z&f&c&!d: positive
z&f&c&d: positive
DecisionTree learned:
!z&!x&!b&!q: positive
!z&!x&!b&q: positive
!z&!x&b&!n: conflict
!z&!x&b&n: negative
!z&x&!j&!f: positive
!z&x&!j&f: positive
!z&x&j&!b: negative
!z&x&j&b: neutral
z&!f&!k&!l: negative
z&!f&!k&l: positive
z&!f&k&!y: neutral
z&!f&k&y: negative
z&f&!u&!k: positive
z&f&!u&k: neutral
z&f&u&!d: positive
z&f&u&d: positive
DecisionTree learned:
!z&!b&!f&!m: positive
!z&!b&!f&m: neutral
!z&!b&f&!h: positive
!z&!b&f&h: positive
!z&b&!u&!g: positive
!z&b&!u&g: positive
!z&b&u&!i: negative
!z&b&u&i: positive
z&!f&!k&!l: negative
z&!f&!k&l: positive
z&!f&k&!y: neutral
z&!f&k&y: negative
z&f&!u&!v: neutral
z&f&!u&v: negative
z&f&u&!d: positive
z&f&u&d: positive
DecisionTree learned:
!b&!x&!q&!k: positive
!b&!x&!q&k: neutral
!b&!x&q&!v: positive
!b&!x&q&v: positive
!b&x&!p&!k: positive
!b&x&!p&k: negative
!b&x&p&!d: conflict
!b&x&p&d: positive
b&!u&!g&!f: negative
b&!u&!g&f: neutral
b&!u&g&!f: positive
b&!u&g&f: positive
b&u&!i&!f: positive
b&u&!i&f: negative
b&u&i&!z: positive
b&u&i&z: positive
DecisionTree learned:
!z&!b&!x&!q: positive
!z&!b&!x&q: positive
!z&!b&x&!p: negative
!z&!b&x&p: positive
!z&b&!u&!g: positive
!z&b&!u&g: positive
!z&b&u&!i: negative
!z&b&u&i: positive
z&!f&!k&!d: negative
z&!f&!k&d: positive
z&!f&k&!y: neutral
z&!f&k&y: negative
z&f&!c&!v: neutral
z&f&!c&v: positive
z&f&c&!b: positive
z&f&c&b: positive
DecisionTree learned:
!z&!b&!h&!p: positive
!z&!b&!h&p: positive
!z&!b&h&!a: negative
!z&!b&h&a: positive
!z&b&!u&!w: positive
!z&b&!u&w: positive
!z&b&u&!i: negative
!z&b&u&i: positive
z&!f&!b&!u: negative
z&!f&!b&u: positive
z&!f&b&!d: neutral
z&!f&b&d: negative
z&f&!c&!v: neutral
z&f&!c&v: positive
z&f&c&!d: positive
z&f&c&d: positive
DecisionTree learned:
!z&!x&!b&!f: neutral
!z&!x&!b&f: positive
!z&!x&b&!n: conflict
!z&!x&b&n: negative
!z&x&!o&!q: positive
!z&x&!o&q: conflict
!z&x&o&!q: positive
!z&x&o&q: positive
z&!f&!p&!c: positive
z&!f&!p&c: negative
z&!f&p&!b: positive
z&!f&p&b: neutral
z&f&!c&!v: neutral
z&f&!c&v: positive
z&f&c&!d: positive
z&f&c&d: positive
DecisionTree learned:
!z&!x&!b&!l: neutral
!z&!x&!b&l: positive
!z&!x&b&!n: conflict
!z&!x&b&n: positive
!z&x&!j&!f: positive
!z&x&!j&f: positive
!z&x&j&!m: negative
!z&x&j&m: positive
z&!f&!b&!u: negative
z&!f&!b&u: positive
z&!f&b&!p: negative
z&!f&b&p: neutral
z&f&!m&!b: neutral
z&f&!m&b: positive
z&f&m&!v: positive
z&f&m&v: positive
DecisionTree learned:
!z&!b&!l&!k: positive
!z&!b&!l&k: neutral
!z&!b&l&!p: positive
!z&!b&l&p: positive
!z&b&!u&!s: neutral
!z&b&!u&s: positive
!z&b&u&!w: positive
!z&b&u&w: negative
z&!f&!v&!h: conflict
z&!f&!v&h: positive
z&!f&v&!m: negative
z&!f&v&m: negative
z&f&!c&!v: neutral
z&f&!c&v: positive
z&f&c&!h: positive
z&f&c&h: positive
DecisionTree learned:
!x&!b&!l&!p: neutral
!x&!b&!l&p: positive
!x&!b&l&!y: neutral
!x&!b&l&y: positive
!x&b&!n&!k: conflict
!x&b&!n&k: neutral
!x&b&n&!w: positive
!x&b&n&w: negative
x&!z&!p&!g: positive
x&!z&!p&g: positive
x&!z&p&!g: conflict
x&!z&p&g: positive
x&z&!k&!j: negative
x&z&!k&j: negative
x&z&k&!u: negative
x&z&k&u: neutral
DecisionTree learned:
!z&!b&!f&!n: neutral
!z&!b&!f&n: positive
!z&!b&f&!h: positive
!z&!b&f&h: negative
!z&b&!u&!y: negative
!z&b&!u&y: positive
!z&b&u&!q: positive
!z&b&u&q: negative
z&!f&!p&!g: negative
z&!f&!p&g: positive
z&!f&p&!y: neutral
z&!f&p&y: positive
z&f&!u&!k: neutral
z&f&!u&k: neutral
z&f&u&!d: positive
z&f&u&d: positive
DecisionTree learned:
!z&!x&!b&!l: neutral
!z&!x&!b&l: positive
!z&!x&b&!n: positive
!z&!x&b&n: positive
!z&x&!i: positive
!z&x&i&!g: neutral
!z&x&i&g: positive
z&!f&!k&!d: negative
z&!f&!k&d: positive
z&!f&k&!y: neutral
z&!f&k&y: negative
z&f&!u&!k: neutral
z&f&!u&k: neutral
z&f&u&!c: positive
z&f&u&c: positive
DecisionTree learned:
!z&!b&!x&!l: positive
!z&!b&!x&l: positive
!z&!b&x&!p: positive
!z&!b&x&p: negative
!z&b&!u&!w: positive
!z&b&!u&w: negative
!z&b&u&!i: negative
!z&b&u&i: positive
z&!f&!k&!l: negative
z&!f&!k&l: positive
z&!f&k&!y: neutral
z&!f&k&y: negative
z&f&!c&!v: neutral
z&f&!c&v: positive
z&f&c&!b: positive
z&f&c&b: positive
DecisionTree learned:
!b&!v&!g&!s: neutral
!b&!v&!g&s: neutral
!b&!v&g&!n: positive
!b&!v&g&n: neutral
!b&v&!l&!n: positive
!b&v&!l&n: positive
!b&v&l&!p: negative
!b&v&l&p: positive
b&!z&!u&!g: neutral
b&!z&!u&g: positive
b&!z&u&!i: positive
b&!z&u&i: positive
b&z&!f&!k: conflict
b&z&!f&k: neutral
b&z&f&!u: neutral
b&z&f&u: positive
DecisionTree learned:
!b&!x&!v&!a: negative
!b&!x&!v&a: neutral
!b&!x&v&!k: positive
!b&!x&v&k: negative
!b&x&!p&!u: positive
!b&x&!p&u: negative
!b&x&p&!y: positive
!b&x&p&y: neutral
b&!z&!u&!y: negative
b&!z&!u&y: positive
b&!z&u&!p: neutral
b&!z&u&p: positive
b&z&!f&!k: conflict
b&z&!f&k: neutral
b&z&f&!g: positive
b&z&f&g: positive
DecisionTree learned:
!b&!x&!l&!p: neutral
!b&!x&!l&p: positive
!b&!x&l&!y: positive
!b&!x&l&y: negative
!b&x&!p&!k: positive
!b&x&!p&k: negative
!b&x&p&!y: positive
!b&x&p&y: negative
b&!z&!w&!y: positive
b&!z&!w&y: positive
b&!z&w&!n: conflict
b&!z&w&n: negative
b&z&!f&!h: conflict
b&z&!f&h: negative
b&z&f&!g: positive
b&z&f&g: positive
DecisionTree learned:
!z&!x&!b&!v: neutral
!z&!x&!b&v: positive
!z&!x&b&!n: positive
!z&!x&b&n: negative
!z&x&!g&!p: negative
!z&x&!g&p: conflict
!z&x&g&!p: positive
!z&x&g&p: positive
z&!f&!b&!u: negative
z&!f&!b&u: positive
z&!f&b&!l: neutral
z&!f&b&l: negative
z&f&!u&!v: neutral
z&f&!u&v: neutral
z&f&u&!c: positive
z&f&u&c: positive
DecisionTree learned:
!z&!x&!b&!v: neutral
!z&!x&!b&v: positive
!z&!x&b&!v: positive
!z&!x&b&v: negative
!z&x&!f&!g: positive
!z&x&!f&g: positive
!z&x&f&!g: neutral
!z&x&f&g: positive
z&!f&!b&!u: negative
z&!f&!b&u: positive
z&!f&b&!l: neutral
z&!f&b&l: positive
z&f&!u&!k: positive
z&f&!u&k: neutral
z&f&u&!d: positive
z&f&u&d: positive
DecisionTree learned:
!b&!x&!v&!n: positive
!b&!x&!v&n: neutral
!b&!x&v&!k: positive
!b&!x&v&k: negative
!b&x&!p&!k: positive
!b&x&!p&k: negative
!b&x&p&!j: neutral
!b&x&p&j: negative
b&!z&!u&!w: positive
b&!z&!u&w: negative
b&!z&u&!q: positive
b&!z&u&q: negative
b&z&!f&!l: neutral
b&z&!f&l: negative
b&z&f&!g: positive
b&z&f&g: positive
DecisionTree learned:
!z&!b&!l&!k: positive
!z&!b&!l&k: neutral
!z&!b&l&!p: negative
!z&!b&l&p: positive
!z&b&!q&!u: positive
!z&b&!q&u: positive
!z&b&q&!v: negative
!z&b&q&v: negative
z&!f&!b&!u: negative
z&!f&!b&u: positive
z&!f&b&!p: negative
z&!f&b&p: neutral
z&f&!b&!m: neutral
z&f&!b&m: positive
z&f&b&!g: positive
z&f&b&g: negative
DecisionTree learned:
!b&!x&!q&!l: positive
!b&!x&!q&l: positive
!b&!x&q&!y: positive
!b&!x&q&y: positive
!b&x&!p&!u: positive
!b&x&!p&u: negative
!b&x&p&!y: positive
!b&x&p&y: negative
b&!z&!w&!y: positive
b&!z&!w&y: positive
b&!z&w&!u: positive
b&!z&w&u: negative
b&z&!f&!k: conflict
b&z&!f&k: negative
b&z&f&!g: positive
b&z&f&g: positive
DecisionTree learned:
!b&!x&!l&!p: neutral
!b&!x&!l&p: positive
!b&!x&l&!y: neutral
!b&!x&l&y: positive
!b&x&!p&!u: positive
!b&x&!p&u: negative
!b&x&p&!y: positive
!b&x&p&y: negative
b&!u&!w&!v: negative
b&!u&!w&v: positive
b&!u&w&!s: neutral
b&!u&w&s: positive
b&u&!z&!w: positive
b&u&!z&w: negative
b&u&z&!f: negative
b&u&z&f: positive
DecisionTree learned:
!z&!b&!l&!k: positive
!z&!b&!l&k: neutral
!z&!b&l&!p: negative
!z&!b&l&p: positive
!z&b&!u&!w: positive
!z&b&!u&w: positive
!z&b&u&!i: negative
!z&b&u&i: negative
z&!f&!b&!u: negative
z&!f&!b&u: positive
z&!f&b&!h: conflict
z&!f&b&h: neutral
z&f&!m&!b: neutral
z&f&!m&b: positive
z&f&m&!u: neutral
z&f&m&u: positive
DecisionTree learned:
!b&!x&!v&!n: positive
!b&!x&!v&n: neutral
!b&!x&v&!k: positive
!b&!x&v&k: negative
!b&x&!p&!u: positive
!b&x&!p&u: negative
!b&x&p&!j: positive
!b&x&p&j: negative
b&!y&!k&!v: positive
b&!y&!k&v: negative
b&!y&k&!q: negative
b&!y&k&q: positive
b&y&!w&!d: neutral
b&y&!w&d: positive
b&y&w&!q: positive
b&y&w&q: negative
DecisionTree learned:
!z&!x&!b&!v: neutral
!z&!x&!b&v: positive
!z&!x&b&!u: positive
!z&!x&b&u: negative
!z&x&!j&!q: positive
!z&x&!j&q: positive
!z&x&j&!b: negative
!z&x&j&b: neutral
z&!f&!k&!l: negative
z&!f&!k&l: positive
z&!f&k&!y: neutral
z&!f&k&y: negative
z&f&!u&!k: neutral
z&f&!u&k: neutral
z&f&u&!d: positive
z&f&u&d: positive
DecisionTree learned:
!z&!b&!x&!l: neutral
!z&!b&!x&l: positive
!z&!b&x&!p: negative
!z&!b&x&p: positive
!z&b&!u&!g: neutral
!z&b&!u&g: positive
!z&b&u&!w: positive
!z&b&u&w: negative
z&!f&!k&!l: negative
z&!f&!k&l: positive
z&!f&k&!y: neutral
z&!f&k&y: negative
z&f&!u&!k: neutral
z&f&!u&k: neutral
z&f&u&!d: positive
z&f&u&d: positive
DecisionTree learned:
!z&!b&!l&!k: positive
!z&!b&!l&k: neutral
!z&!b&l&!p: positive
!z&!b&l&p: positive
!z&b&!u&!g: neutral
!z&b&!u&g: positive
!z&b&u&!i: negative
!z&b&u&i: positive
z&!f&!k&!l: negative
z&!f&!k&l: positive
z&!f&k&!y: neutral
z&!f&k&y: negative
z&f&!u&!v: neutral
z&f&!u&v: neutral
z&f&u&!d: positive
z&f&u&d: positive
DecisionTree learned:
!z&!x&!b&!v: neutral
!z&!x&!b&v: positive
!z&!x&b&!n: conflict
!z&!x&b&n: negative
!z&x&!j&!p: positive
!z&x&!j&p: positive
!z&x&j&!b: negative
!z&x&j&b: positive
z&!f&!b&!u: negative
z&!f&!b&u: positive
z&!f&b&!k: conflict
z&!f&b&k: negative
z&f&!u&!v: positive
z&f&!u&v: neutral
z&f&u&!b: neutral
z&f&u&b: positive
DecisionTree learned:
!z&!b&!l&!p: neutral
!z&!b&!l&p: negative
!z&!b&l&!p: positive
!z&!b&l&p: positive
!z&b&!u&!g: neutral
!z&b&!u&g: positive
!z&b&u&!i: negative
!z&b&u&i: positive
z&!f&!b&!m: negative
z&!f&!b&m: positive
z&!f&b&!k: conflict
z&!f&b&k: negative
z&f&!b&!m: neutral
z&f&!b&m: positive
z&f&b&!g: positive
z&f&b&g: positive
DecisionTree learned:
!z&!x&!b&!l: positive
!z&!x&!b&l: positive
!z&!x&b&!n: conflict
!z&!x&b&n: positive
!z&x&!j&!f: positive
!z&x&!j&f: positive
!z&x&j&!m: negative
!z&x&j&m: positive
z&!f&!b&!u: negative
z&!f&!b&u: positive
z&!f&b&!k: conflict
z&!f&b&k: negative
z&f&!b&!m: neutral
z&f&!b&m: neutral
z&f&b&!g: positive
z&f&b&g: positive
DecisionTree learned:
!z&!b&!h&!p: positive
!z&!b&!h&p: negative
!z&!b&h&!l: neutral
!z&!b&h&l: positive
!z&b&!u&!w: positive
!z&b&!u&w: positive
!z&b&u&!i: negative
!z&b&u&i: positive
z&!f&!d&!l: neutral
z&!f&!d&l: positive
z&!f&d&!k: positive
z&!f&d&k: positive
z&f&!u&!v: neutral
z&f&!u&v: neutral
z&f&u&!h: positive
z&f&u&h: positive
DecisionTree learned:
!z&!x&!b&!v: neutral
!z&!x&!b&v: positive
!z&!x&b&!v: positive
!z&!x&b&v: negative
!z&x&!j&!f: positive
!z&x&!j&f: positive
!z&x&j&!b: negative
!z&x&j&b: positive
z&!f&!p&!c: positive
z&!f&!p&c: negative
z&!f&p&!y: neutral
z&!f&p&y: positive
z&f&!d&!s: neutral
z&f&!d&s: positive
z&f&d&!b: positive
z&f&d&b: positive
DecisionTree learned:
!z&!b&!v&!g: neutral
!z&!b&!v&g: positive
!z&!b&v&!k: positive
!z&!b&v&k: negative
!z&b&!u&!w: positive
!z&b&!u&w: positive
!z&b&u&!x: positive
!z&b&u&x: positive
z&!f&!k&!d: negative
z&!f&!k&d: positive
z&!f&k&!y: neutral
z&!f&k&y: negative
z&f&!b&!m: neutral
z&f&!b&m: positive
z&f&b&!g: positive
z&f&b&g: positive
DecisionTree learned:
!z&!b&!l&!k: positive
!z&!b&!l&k: neutral
!z&!b&l&!p: negative
!z&!b&l&p: positive
!z&b&!u&!w: positive
!z&b&!u&w: positive
!z&b&u&!i: negative
!z&b&u&i: positive
z&!f&!b&!u: negative
z&!f&!b&u: positive
z&!f&b&!p: negative
z&!f&b&p: neutral
z&f&!c&!v: neutral
z&f&!c&v: positive
z&f&c&!d: positive
z&f&c&d: positive
DecisionTree learned:
!z&!b&!h&!p: positive
!z&!b&!h&p: negative
!z&!b&h&!l: positive
!z&!b&h&l: positive
!z&b&!u&!w: positive
!z&b&!u&w: positive
!z&b&u&!a: conflict
!z&b&u&a: positive
z&!f&!b&!u: negative
z&!f&!b&u: positive
z&!f&b&!k: conflict
z&!f&b&k: neutral
z&f&!u&!v: neutral
z&f&!u&v: neutral
z&f&u&!d: positive
z&f&u&d: positive
DecisionTree learned:
!z&!x&!b&!v: neutral
!z&!x&!b&v: positive
!z&!x&b&!v: positive
!z&!x&b&v: negative
!z&x&!m&!f: negative
!z&x&!m&f: negative
!z&x&m&!g: neutral
!z&x&m&g: positive
z&!f&!b&!u: negative
z&!f&!b&u: positive
z&!f&b&!h: conflict
z&!f&b&h: negative
z&f&!u&!v: neutral
z&f&!u&v: negative
z&f&u&!d: positive
z&f&u&d: positive
DecisionTree learned:
!z&!b&!x&!v: neutral
!z&!b&!x&v: positive
!z&!b&x&!p: negative
!z&!b&x&p: positive
!z&b&!u&!y: negative
!z&b&!u&y: positive
!z&b&u&!i: negative
!z&b&u&i: positive
z&!f&!b&!j: positive
z&!f&!b&j: neutral
z&!f&b&!p: negative
z&!f&b&p: neutral
z&f&!u&!k: neutral
z&f&!u&k: neutral
z&f&u&!c: positive
z&f&u&c: negative
DecisionTree learned:
!z&!u&!v&!k: positive
!z&!u&!v&k: neutral
!z&!u&v&!y: negative
!z&!u&v&y: positive
!z&u&!b&!d: negative
!z&u&!b&d: positive
!z&u&b&!p: neutral
!z&u&b&p: positive
z&!f&!b&!u: negative
z&!f&!b&u: positive
z&!f&b&!p: negative
z&!f&b&p: neutral
z&f&!m&!b: neutral
z&f&!m&b: positive
z&f&m&!d: positive
z&f&m&d: positive
Trial 0 Training cc.mallet.classify.AdaBoostM2Trainer@1d2940b3 finished
Trial 0 Trainer cc.mallet.classify.AdaBoostM2Trainer@1d2940b3 test data accuracy = 0.5780189959294437

NaiveBayesTrainer
Summary. test accuracy mean = 0.4599728629579376 stddev = 0.0 stderr = 0.0

MaxEntTrainer,gaussianPriorVariance=1.0
Summary. test accuracy mean = 0.5495251017639078 stddev = 0.0 stderr = 0.0

cc.mallet.classify.DecisionTreeTrainer@b6e39f
Summary. test accuracy mean = 0.5780189959294437 stddev = 0.0 stderr = 0.0

cc.mallet.classify.AdaBoostM2Trainer@1d2940b3
Summary. test accuracy mean = 0.5780189959294437 stddev = 0.0 stderr = 0.0
