
-------------------- Trial 0  --------------------

Trial 0 Training NaiveBayesTrainer with 2956 instances
Trial 0 Training NaiveBayesTrainer finished
Trial 0 Trainer NaiveBayesTrainer test data accuracy = 0.43283582089552236
Trial 0 Training MaxEntTrainer,gaussianPriorVariance=1.0 with 2956 instances
Trial 0 Training MaxEntTrainer,gaussianPriorVariance=1.0 finished
Trial 0 Trainer MaxEntTrainer,gaussianPriorVariance=1.0 test data accuracy = 0.5481682496607869
Trial 0 Training cc.mallet.classify.DecisionTreeTrainer@79de256f with 2956 instances
DecisionTree learned:
!w&!b&!k&!v: positive
!w&!b&!k&v: positive
!w&!b&k&!f: positive
!w&!b&k&f: positive
!w&b&!o&!v: positive
!w&b&!o&v: positive
!w&b&o&!l: positive
!w&b&o&l: positive
w&!u&!o&!k: positive
w&!u&!o&k: positive
w&!u&o&!y: positive
w&!u&o&y: positive
w&u&!z&!b: positive
w&u&!z&b: positive
w&u&z&!v: positive
w&u&z&v: positive
Trial 0 Training cc.mallet.classify.DecisionTreeTrainer@79de256f finished
Trial 0 Trainer cc.mallet.classify.DecisionTreeTrainer@79de256f test data accuracy = 0.5780189959294437
Trial 0 Training cc.mallet.classify.AdaBoostM2Trainer@4760a26f with 2956 instances
DecisionTree learned:
!w&!b&!v&!x: positive
!w&!b&!v&x: positive
!w&!b&v&!y: positive
!w&!b&v&y: positive
!w&b&!o&!v: positive
!w&b&!o&v: positive
!w&b&o&!l: positive
!w&b&o&l: positive
w&!u&!o&!k: positive
w&!u&!o&k: positive
w&!u&o&!y: positive
w&!u&o&y: positive
w&u&!z&!b: positive
w&u&!z&b: positive
w&u&z&!v: positive
w&u&z&v: positive
DecisionTree learned:
!w&!b&!k&!v: positive
!w&!b&!k&v: positive
!w&!b&k&!f: positive
!w&!b&k&f: positive
!w&b&!l&!t: neutral
!w&b&!l&t: positive
!w&b&l&!u: positive
!w&b&l&u: positive
w&!k&!u&!l: positive
w&!k&!u&l: positive
w&!k&u&!n: positive
w&!k&u&n: positive
w&k&!v&!z: positive
w&k&!v&z: positive
w&k&v&!p: negative
w&k&v&p: positive
DecisionTree learned:
!w&!b&!k&!v: positive
!w&!b&!k&v: positive
!w&!b&k&!f: positive
!w&!b&k&f: positive
!w&b&!n&!q: positive
!w&b&!n&q: neutral
!w&b&n&!h: negative
!w&b&n&h: positive
w&!v&!u&!x: positive
w&!v&!u&x: positive
w&!v&u&!d: negative
w&!v&u&d: positive
w&v&!h&!u: positive
w&v&!h&u: positive
w&v&h&!q: positive
w&v&h&q: positive
DecisionTree learned:
!k&!b&!v&!z: positive
!k&!b&!v&z: positive
!k&!b&v&!w: positive
!k&!b&v&w: positive
!k&b&!u&!z: positive
!k&b&!u&z: neutral
!k&b&u&!a: conflict
!k&b&u&a: positive
k&!w&!b&!g: neutral
k&!w&!b&g: positive
k&!w&b&!j: positive
k&!w&b&j: positive
k&w&!x&!z: positive
k&w&!x&z: positive
k&w&x&!u: positive
k&w&x&u: positive
DecisionTree learned:
!u&!v&!x&!k: positive
!u&!v&!x&k: positive
!u&!v&x&!k: positive
!u&!v&x&k: positive
!u&v&!n&!k: positive
!u&v&!n&k: neutral
!u&v&n&!y: positive
!u&v&n&y: positive
u&!q&!z&!x: positive
u&!q&!z&x: positive
u&!q&z&!b: positive
u&!q&z&b: positive
u&q&!w&!d: neutral
u&q&!w&d: positive
u&q&w&!y: positive
u&q&w&y: positive
DecisionTree learned:
!b&!v&!z&!m: positive
!b&!v&!z&m: positive
!b&!v&z&!h: neutral
!b&!v&z&h: positive
!b&v&!y&!x: positive
!b&v&!y&x: positive
!b&v&y&!k: positive
!b&v&y&k: positive
b&!u&!z&!y: positive
b&!u&!z&y: positive
b&!u&z&!w: positive
b&!u&z&w: neutral
b&u&!z&!w: positive
b&u&!z&w: positive
b&u&z&!f: negative
b&u&z&f: positive
DecisionTree learned:
!w&!y&!t&!e: positive
!w&!y&!t&e: neutral
!w&!y&t&!a: negative
!w&!y&t&a: positive
!w&y&!j&!o: positive
!w&y&!j&o: positive
!w&y&j&!v: positive
!w&y&j&v: positive
w&!k&!n&!u: positive
w&!k&!n&u: positive
w&!k&n&!h: positive
w&!k&n&h: positive
w&k&!p&!o: positive
w&k&!p&o: negative
w&k&p&!q: positive
w&k&p&q: positive
DecisionTree learned:
!u&!g&!f&!p: positive
!u&!g&!f&p: negative
!u&!g&f&!z: positive
!u&!g&f&z: neutral
!u&g&!m&!l: positive
!u&g&!m&l: positive
!u&g&m&!w: positive
!u&g&m&w: positive
u&!b&!z&!v: positive
u&!b&!z&v: positive
u&!b&z&!f: positive
u&!b&z&f: positive
u&b&!x&!q: positive
u&b&!x&q: negative
u&b&x&!f: positive
u&b&x&f: positive
DecisionTree learned:
!b&!v&!z&!n: positive
!b&!v&!z&n: positive
!b&!v&z&!h: neutral
!b&!v&z&h: positive
!b&v&!k&!w: positive
!b&v&!k&w: positive
!b&v&k&!y: positive
!b&v&k&y: positive
b&!w&!o&!v: positive
b&!w&!o&v: positive
b&!w&o&!y: positive
b&!w&o&y: positive
b&w&!v&!z: positive
b&w&!v&z: positive
b&w&v&!y: negative
b&w&v&y: positive
DecisionTree learned:
!b&!v&!z&!x: positive
!b&!v&!z&x: positive
!b&!v&z&!h: neutral
!b&!v&z&h: positive
!b&v&!n&!o: neutral
!b&v&!n&o: positive
!b&v&n&!y: positive
!b&v&n&y: positive
b&!w&!y&!h: negative
b&!w&!y&h: positive
b&!w&y&!j: positive
b&!w&y&j: positive
b&w&!v&!q: positive
b&w&!v&q: negative
b&w&v&!q: positive
b&w&v&q: positive
DecisionTree learned:
!b&!v&!z&!x: positive
!b&!v&!z&x: positive
!b&!v&z&!h: neutral
!b&!v&z&h: positive
!b&v&!k&!j: positive
!b&v&!k&j: positive
!b&v&k&!x: positive
!b&v&k&x: positive
b&!u&!z&!s: neutral
b&!u&!z&s: positive
b&!u&z&!x: positive
b&!u&z&x: negative
b&u&!z&!w: positive
b&u&!z&w: positive
b&u&z&!f: negative
b&u&z&f: positive
DecisionTree learned:
!b&!v&!a&!i: positive
!b&!v&!a&i: negative
!b&!v&a&!x: positive
!b&!v&a&x: positive
!b&v&!k&!j: positive
!b&v&!k&j: positive
!b&v&k&!x: positive
!b&v&k&x: positive
b&!u&!z&!y: positive
b&!u&!z&y: positive
b&!u&z&!x: positive
b&!u&z&x: negative
b&u&!q&!k: positive
b&u&!q&k: positive
b&u&q&!v: negative
b&u&q&v: positive
DecisionTree learned:
!b&!v&!z&!a: negative
!b&!v&!z&a: positive
!b&!v&z&!f: positive
!b&!v&z&f: positive
!b&v&!l&!n: positive
!b&v&!l&n: positive
!b&v&l&!y: positive
!b&v&l&y: positive
b&!u&!y&!v: positive
b&!u&!y&v: negative
b&!u&y&!w: positive
b&!u&y&w: positive
b&u&!q&!k: positive
b&u&!q&k: positive
b&u&q&!v: negative
b&u&q&v: positive
DecisionTree learned:
!x&!b&!q&!v: positive
!x&!b&!q&v: positive
!x&!b&q&!v: positive
!x&!b&q&v: positive
!x&b&!u&!z: positive
!x&b&!u&z: positive
!x&b&u&!p: negative
!x&b&u&p: positive
x&!o&!q: positive
x&!o&q: conflict
x&o&!q&!m: negative
x&o&!q&m: positive
x&o&q&!p: positive
x&o&q&p: positive
DecisionTree learned:
!x&!b&!v&!n: positive
!x&!b&!v&n: positive
!x&!b&v&!k: positive
!x&!b&v&k: positive
!x&b&!n&!w: positive
!x&b&!n&w: conflict
!x&b&n&!u: positive
!x&b&n&u: positive
x&!f&!g&!y: positive
x&!f&!g&y: negative
x&!f&g&!b: positive
x&!f&g&b: positive
x&f&!j&!w: positive
x&f&!j&w: positive
x&f&j&!k: negative
x&f&j&k: positive
DecisionTree learned:
!z&!u&!k&!v: positive
!z&!u&!k&v: positive
!z&!u&k&!l: neutral
!z&!u&k&l: positive
!z&u&!b&!d: negative
!z&u&!b&d: positive
!z&u&b&!w: positive
!z&u&b&w: positive
z&!f&!p&!g: negative
z&!f&!p&g: positive
z&!f&p&!y: neutral
z&!f&p&y: positive
z&f&!c&!v: neutral
z&f&!c&v: positive
z&f&c&!d: positive
z&f&c&d: positive
DecisionTree learned:
!b&!v&!z&!x: positive
!b&!v&!z&x: positive
!b&!v&z&!h: neutral
!b&!v&z&h: positive
!b&v&!y&!x: positive
!b&v&!y&x: positive
!b&v&y&!k: positive
!b&v&y&k: positive
b&!u&!w&!v: positive
b&!u&!w&v: positive
b&!u&w&!s: neutral
b&!u&w&s: positive
b&u&!q&!i: negative
b&u&!q&i: positive
b&u&q&!v: negative
b&u&q&v: positive
DecisionTree learned:
!b&!y&!x&!c: positive
!b&!y&!x&c: positive
!b&!y&x&!m: positive
!b&!y&x&m: positive
!b&y&!o&!p: positive
!b&y&!o&p: neutral
!b&y&o&!d: negative
!b&y&o&d: positive
b&!w&!y&!h: negative
b&!w&!y&h: positive
b&!w&y&!j: positive
b&!w&y&j: positive
b&w&!n&!d: conflict
b&w&!n&d: neutral
b&w&n&!z: positive
b&w&n&z: positive
DecisionTree learned:
!q&!u&!v&!z: positive
!q&!u&!v&z: neutral
!q&!u&v&!n: positive
!q&!u&v&n: positive
!q&u&!n&!f: conflict
!q&u&!n&f: positive
!q&u&n&!x: positive
!q&u&n&x: positive
q&!v&!b&!w: positive
q&!v&!b&w: positive
q&!v&b&!o: conflict
q&!v&b&o: negative
q&v&!y&!g: positive
q&v&!y&g: positive
q&v&y&!p: positive
q&v&y&p: negative
DecisionTree learned:
!x&!q&!b&!l: positive
!x&!q&!b&l: positive
!x&!q&b&!n: positive
!x&!q&b&n: positive
!x&q&!b&!v: positive
!x&q&!b&v: positive
!x&q&b&!g: negative
!x&q&b&g: positive
x&!j&!o&!q: positive
x&!j&!o&q: conflict
x&!j&o&!q: positive
x&!j&o&q: positive
x&j&!b&!w: positive
x&j&!b&w: negative
x&j&b&!k: negative
x&j&b&k: neutral
DecisionTree learned:
!b&!v&!o&!m: positive
!b&!v&!o&m: positive
!b&!v&o&!z: positive
!b&!v&o&z: positive
!b&v&!n&!d: neutral
!b&v&!n&d: positive
!b&v&n&!k: positive
!b&v&n&k: positive
b&!k&!u&!g: positive
b&!k&!u&g: positive
b&!k&u&!n: positive
b&!k&u&n: positive
b&k&!y&!q: negative
b&k&!y&q: positive
b&k&y&!w: positive
b&k&y&w: positive
DecisionTree learned:
!x&!k&!n&!f: positive
!x&!k&!n&f: positive
!x&!k&n&!s: neutral
!x&!k&n&s: positive
!x&k&!y&!o: positive
!x&k&!y&o: positive
!x&k&y&!z: negative
!x&k&y&z: positive
x&!j&!o&!q: positive
x&!j&!o&q: conflict
x&!j&o&!q: positive
x&!j&o&q: positive
x&j&!b&!w: positive
x&j&!b&w: negative
x&j&b&!k: negative
x&j&b&k: neutral
DecisionTree learned:
!x&!b&!v&!g: neutral
!x&!b&!v&g: positive
!x&!b&v&!k: positive
!x&!b&v&k: positive
!x&b&!p&!u: positive
!x&b&!p&u: neutral
!x&b&p&!y: positive
!x&b&p&y: positive
x&!z&!g&!p: positive
x&!z&!g&p: positive
x&!z&g&!p: positive
x&!z&g&p: positive
x&z&!b: positive
x&z&b&!u: negative
x&z&b&u: positive
DecisionTree learned:
!z&!x&!n&!u: positive
!z&!x&!n&u: positive
!z&!x&n&!s: neutral
!z&!x&n&s: positive
!z&x&!o&!b: positive
!z&x&!o&b: conflict
!z&x&o&!q: positive
!z&x&o&q: positive
z&!f&!y&!k: positive
z&!f&!y&k: neutral
z&!f&y&!b: positive
z&!f&y&b: negative
z&f&!c&!v: neutral
z&f&!c&v: positive
z&f&c&!d: positive
z&f&c&d: positive
DecisionTree learned:
!b&!l&!p&!h: positive
!b&!l&!p&h: neutral
!b&!l&p&!w: positive
!b&!l&p&w: negative
!b&l&!p&!h: positive
!b&l&!p&h: negative
!b&l&p&!y: positive
!b&l&p&y: positive
b&!q&!y&!k: positive
b&!q&!y&k: negative
b&!q&y&!u: positive
b&!q&y&u: positive
b&q&!v&!h: neutral
b&q&!v&h: negative
b&q&v&!y: positive
b&q&v&y: negative
DecisionTree learned:
!b&!v&!z&!n: positive
!b&!v&!z&n: positive
!b&!v&z&!f: positive
!b&!v&z&f: neutral
!b&v&!y&!x: positive
!b&v&!y&x: positive
!b&v&y&!k: positive
!b&v&y&k: negative
b&!u&!y&!m: positive
b&!u&!y&m: negative
b&!u&y&!g: positive
b&!u&y&g: positive
b&u&!z&!x: positive
b&u&!z&x: positive
b&u&z&!f: negative
b&u&z&f: positive
DecisionTree learned:
!x&!b&!l&!p: positive
!x&!b&!l&p: positive
!x&!b&l&!y: positive
!x&!b&l&y: positive
!x&b&!p&!u: negative
!x&b&!p&u: neutral
!x&b&p&!y: positive
!x&b&p&y: positive
x&!o&!q: positive
x&!o&q: conflict
x&o&!q&!j: positive
x&o&!q&j: negative
x&o&q&!p: positive
x&o&q&p: positive
DecisionTree learned:
!b&!x&!q&!v: positive
!b&!x&!q&v: positive
!b&!x&q&!y: positive
!b&!x&q&y: positive
!b&x&!p&!k: positive
!b&x&!p&k: negative
!b&x&p&!j: positive
!b&x&p&j: negative
b&!z&!u&!w: positive
b&!z&!u&w: positive
b&!z&u&!w: positive
b&!z&u&w: positive
b&z&!f&!p: negative
b&z&!f&p: neutral
b&z&f&!g: positive
b&z&f&g: positive
DecisionTree learned:
!x&!k&!n&!u: positive
!x&!k&!n&u: positive
!x&!k&n&!y: positive
!x&!k&n&y: positive
!x&k&!y&!o: positive
!x&k&!y&o: neutral
!x&k&y&!z: negative
!x&k&y&z: positive
x&!z&!m&!f: positive
x&!z&!m&f: negative
x&!z&m&!g: negative
x&!z&m&g: positive
x&z&!k&!j: positive
x&z&!k&j: negative
x&z&k&!u: negative
x&z&k&u: positive
DecisionTree learned:
!x&!b&!l&!p: positive
!x&!b&!l&p: positive
!x&!b&l&!y: positive
!x&!b&l&y: positive
!x&b&!p&!u: positive
!x&b&!p&u: negative
!x&b&p&!y: positive
!x&b&p&y: positive
x&!f&!g&!v: positive
x&!f&!g&v: positive
x&!f&g&!b: positive
x&!f&g&b: positive
x&f&!z&!g: neutral
x&f&!z&g: positive
x&f&z&!g: positive
x&f&z&g: negative
DecisionTree learned:
!b&!x&!q&!l: positive
!b&!x&!q&l: positive
!b&!x&q&!y: positive
!b&!x&q&y: positive
!b&x&!p&!u: positive
!b&x&!p&u: negative
!b&x&p&!j: positive
!b&x&p&j: negative
b&!q&!u&!g: positive
b&!q&!u&g: positive
b&!q&u&!i: negative
b&!q&u&i: positive
b&q&!v&!h: neutral
b&q&!v&h: negative
b&q&v&!p: neutral
b&q&v&p: negative
DecisionTree learned:
!b&!x&!v&!n: positive
!b&!x&!v&n: positive
!b&!x&v&!k: positive
!b&!x&v&k: negative
!b&x&!p&!u: positive
!b&x&!p&u: negative
!b&x&p&!j: positive
!b&x&p&j: negative
b&!u&!g&!f: negative
b&!u&!g&f: positive
b&!u&g&!f: positive
b&!u&g&f: positive
b&u&!z&!x: negative
b&u&!z&x: positive
b&u&z&!f: negative
b&u&z&f: positive
DecisionTree learned:
!z&!x&!b&!l: positive
!z&!x&!b&l: positive
!z&!x&b&!u: positive
!z&!x&b&u: positive
!z&x&!g&!p: negative
!z&x&!g&p: conflict
!z&x&g&!p: positive
!z&x&g&p: positive
z&!f&!b&!u: negative
z&!f&!b&u: positive
z&!f&b&!k: negative
z&!f&b&k: negative
z&f&!c&!v: neutral
z&f&!c&v: positive
z&f&c&!d: positive
z&f&c&d: positive
DecisionTree learned:
!z&!x&!n&!k: positive
!z&!x&!n&k: neutral
!z&!x&n&!j: positive
!z&!x&n&j: positive
!z&x&!o&!q: positive
!z&x&!o&q: conflict
!z&x&o&!q: positive
!z&x&o&q: positive
z&!f&!b&!u: negative
z&!f&!b&u: positive
z&!f&b&!p: negative
z&!f&b&p: neutral
z&f&!u&!k: neutral
z&f&!u&k: neutral
z&f&u&!d: positive
z&f&u&d: positive
DecisionTree learned:
!b&!v&!g&!s: neutral
!b&!v&!g&s: positive
!b&!v&g&!n: positive
!b&!v&g&n: positive
!b&v&!k&!f: positive
!b&v&!k&f: positive
!b&v&k&!x: negative
!b&v&k&x: positive
b&!y&!k&!p: negative
b&!y&!k&p: positive
b&!y&k&!m: neutral
b&!y&k&m: negative
b&y&!w&!d: neutral
b&y&!w&d: positive
b&y&w&!q: positive
b&y&w&q: negative
DecisionTree learned:
!b&!v&!a&!i: neutral
!b&!v&!a&i: negative
!b&!v&a&!n: positive
!b&!v&a&n: neutral
!b&v&!l&!k: positive
!b&v&!l&k: neutral
!b&v&l&!p: positive
!b&v&l&p: positive
b&!q&!u&!y: negative
b&!q&!u&y: positive
b&!q&u&!x: positive
b&!q&u&x: positive
b&q&!v&!h: neutral
b&q&!v&h: negative
b&q&v&!p: positive
b&q&v&p: negative
DecisionTree learned:
!b&!x&!l&!p: neutral
!b&!x&!l&p: positive
!b&!x&l&!y: positive
!b&!x&l&y: positive
!b&x&!p&!u: positive
!b&x&!p&u: negative
!b&x&p&!j: positive
!b&x&p&j: negative
b&!y&!k&!v: positive
b&!y&!k&v: negative
b&!y&k&!m: neutral
b&!y&k&m: negative
b&y&!q&!j: positive
b&y&!q&j: positive
b&y&q&!v: negative
b&y&q&v: negative
DecisionTree learned:
!x&!b&!v&!n: positive
!x&!b&!v&n: neutral
!x&!b&v&!k: positive
!x&!b&v&k: positive
!x&b&!p&!u: negative
!x&b&!p&u: neutral
!x&b&p&!y: positive
!x&b&p&y: positive
x&!z&!o&!q: positive
x&!z&!o&q: conflict
x&!z&o&!q: positive
x&!z&o&q: positive
x&z&!k&!j: negative
x&z&!k&j: negative
x&z&k&!u: negative
x&z&k&u: positive
DecisionTree learned:
!x&!y&!p&!k: positive
!x&!y&!p&k: neutral
!x&!y&p&!z: positive
!x&!y&p&z: neutral
!x&y&!j&!l: neutral
!x&y&!j&l: positive
!x&y&j&!g: positive
!x&y&j&g: positive
x&!j&!o&!b: positive
x&!j&!o&b: conflict
x&!j&o&!q: positive
x&!j&o&q: positive
x&j&!b&!w: positive
x&j&!b&w: negative
x&j&b&!k: negative
x&j&b&k: positive
DecisionTree learned:
!z&!x&!b&!l: positive
!z&!x&!b&l: positive
!z&!x&b&!n: positive
!z&!x&b&n: positive
!z&x&!m&!f: positive
!z&x&!m&f: negative
!z&x&m&!g: negative
!z&x&m&g: positive
z&!f&!y&!k: positive
z&!f&!y&k: neutral
z&!f&y&!b: positive
z&!f&y&b: negative
z&f&!u&!k: neutral
z&f&!u&k: neutral
z&f&u&!d: positive
z&f&u&d: positive
DecisionTree learned:
!b&!x&!v&!n: positive
!b&!x&!v&n: neutral
!b&!x&v&!k: positive
!b&!x&v&k: positive
!b&x&!y&!l: negative
!b&x&!y&l: positive
!b&x&y&!q: negative
!b&x&y&q: neutral
b&!u&!g&!f: negative
b&!u&!g&f: neutral
b&!u&g&!f: positive
b&!u&g&f: positive
b&u&!z&!i: negative
b&u&!z&i: positive
b&u&z&!f: negative
b&u&z&f: positive
DecisionTree learned:
!z&!b&!x&!v: neutral
!z&!b&!x&v: positive
!z&!b&x&!p: positive
!z&!b&x&p: positive
!z&b&!u&!w: positive
!z&b&!u&w: positive
!z&b&u&!q: positive
!z&b&u&q: negative
z&!f&!b&!u: negative
z&!f&!b&u: positive
z&!f&b&!h: conflict
z&!f&b&h: negative
z&f&!u&!k: neutral
z&f&!u&k: neutral
z&f&u&!b: positive
z&f&u&b: positive
DecisionTree learned:
!z&!x&!b&!k: positive
!z&!x&!b&k: positive
!z&!x&b&!q: positive
!z&!x&b&q: negative
!z&x&!f&!g: negative
!z&x&!f&g: positive
!z&x&f&!j: positive
!z&x&f&j: positive
z&!f&!b&!u: negative
z&!f&!b&u: positive
z&!f&b&!p: negative
z&!f&b&p: neutral
z&f&!c&!v: neutral
z&f&!c&v: positive
z&f&c&!d: positive
z&f&c&d: positive
DecisionTree learned:
!b&!z&!v&!a: negative
!b&!z&!v&a: positive
!b&!z&v&!f: positive
!b&!z&v&f: positive
!b&z&!y&!w: neutral
!b&z&!y&w: neutral
!b&z&y&!f: positive
!b&z&y&f: positive
b&!k&!n&!x: conflict
b&!k&!n&x: neutral
b&!k&n&!q: positive
b&!k&n&q: negative
b&k&!w&!f: neutral
b&k&!w&f: positive
b&k&w&!y: negative
b&k&w&y: negative
DecisionTree learned:
!z&!b&!x&!v: positive
!z&!b&!x&v: positive
!z&!b&x&!p: positive
!z&!b&x&p: positive
!z&b&!u&!s: neutral
!z&b&!u&s: positive
!z&b&u&!i: negative
!z&b&u&i: positive
z&!f&!y&!k: positive
z&!f&!y&k: neutral
z&!f&y&!b: positive
z&!f&y&b: negative
z&f&!c&!v: neutral
z&f&!c&v: positive
z&f&c&!d: positive
z&f&c&d: positive
DecisionTree learned:
!x&!b&!q&!v: positive
!x&!b&!q&v: positive
!x&!b&q&!y: positive
!x&!b&q&y: positive
!x&b&!v&!k: positive
!x&b&!v&k: neutral
!x&b&v&!y: negative
!x&b&v&y: positive
x&!j&!o&!q: positive
x&!j&!o&q: conflict
x&!j&o&!q: positive
x&!j&o&q: positive
x&j&!b&!w: positive
x&j&!b&w: negative
x&j&b&!k: negative
x&j&b&k: positive
DecisionTree learned:
!b&!l&!p&!h: neutral
!b&!l&!p&h: neutral
!b&!l&p&!g: negative
!b&!l&p&g: positive
!b&l&!p&!h: positive
!b&l&!p&h: negative
!b&l&p&!x: positive
!b&l&p&x: positive
b&!u&!g&!f: negative
b&!u&!g&f: neutral
b&!u&g&!f: positive
b&!u&g&f: positive
b&u&!q&!i: negative
b&u&!q&i: positive
b&u&q&!v: negative
b&u&q&v: positive
DecisionTree learned:
!b&!x&!l&!p: neutral
!b&!x&!l&p: positive
!b&!x&l&!y: neutral
!b&!x&l&y: positive
!b&x&!p&!k: positive
!b&x&!p&k: negative
!b&x&p&!k: negative
!b&x&p&k: positive
b&!u&!w&!y: positive
b&!u&!w&y: positive
b&!u&w&!z: positive
b&!u&w&z: neutral
b&u&!z&!q: positive
b&u&!z&q: negative
b&u&z&!f: negative
b&u&z&f: positive
DecisionTree learned:
!x&!b&!l&!p: positive
!x&!b&!l&p: positive
!x&!b&l&!y: neutral
!x&!b&l&y: positive
!x&b&!n&!w: positive
!x&b&!n&w: conflict
!x&b&n&!y: negative
!x&b&n&y: positive
x&!j&!z&!o: positive
x&!j&!z&o: positive
x&!j&z&!k: positive
x&!j&z&k: neutral
x&j&!b&!w: positive
x&j&!b&w: negative
x&j&b&!k: negative
x&j&b&k: positive
DecisionTree learned:
!z&!x&!n&!u: positive
!z&!x&!n&u: positive
!z&!x&n&!y: positive
!z&!x&n&y: positive
!z&x&!g&!f: negative
!z&x&!g&f: neutral
!z&x&g&!p: positive
!z&x&g&p: positive
z&!f&!y&!k: positive
z&!f&!y&k: neutral
z&!f&y&!b: positive
z&!f&y&b: negative
z&f&!c&!v: neutral
z&f&!c&v: positive
z&f&c&!d: positive
z&f&c&d: positive
DecisionTree learned:
!x&!b&!q&!l: positive
!x&!b&!q&l: positive
!x&!b&q&!d: positive
!x&!b&q&d: positive
!x&b&!n&!w: positive
!x&b&!n&w: conflict
!x&b&n&!w: positive
!x&b&n&w: negative
x&!j&!z&!o: positive
x&!j&!z&o: positive
x&!j&z&!k: positive
x&!j&z&k: neutral
x&j&!b&!w: positive
x&j&!b&w: negative
x&j&b&!k: negative
x&j&b&k: positive
DecisionTree learned:
!x&!b&!v&!w: positive
!x&!b&!v&w: neutral
!x&!b&v&!k: positive
!x&!b&v&k: negative
!x&b&!p&!u: negative
!x&b&!p&u: neutral
!x&b&p&!y: positive
!x&b&p&y: positive
x&!z&!f&!g: positive
x&!z&!f&g: positive
x&!z&f&!g: negative
x&!z&f&g: positive
x&z&!b: positive
x&z&b&!u: negative
x&z&b&u: negative
DecisionTree learned:
!z&!x&!b&!l: positive
!z&!x&!b&l: positive
!z&!x&b&!n: positive
!z&!x&b&n: positive
!z&x&!f&!g: positive
!z&x&!f&g: positive
!z&x&f&!j: positive
!z&x&f&j: positive
z&!f&!p&!c: positive
z&!f&!p&c: negative
z&!f&p&!y: neutral
z&!f&p&y: positive
z&f&!c&!v: neutral
z&f&!c&v: positive
z&f&c&!d: positive
z&f&c&d: positive
DecisionTree learned:
!b&!x&!q&!j: positive
!b&!x&!q&j: positive
!b&!x&q&!v: positive
!b&!x&q&v: positive
!b&x&!p&!k: positive
!b&x&!p&k: negative
!b&x&p&!d: conflict
!b&x&p&d: negative
b&!u&!y&!m: neutral
b&!u&!y&m: negative
b&!u&y&!w: positive
b&!u&y&w: positive
b&u&!q&!a: conflict
b&u&!q&a: positive
b&u&q&!v: negative
b&u&q&v: positive
DecisionTree learned:
!b&!z&!l&!p: neutral
!b&!z&!l&p: negative
!b&!z&l&!p: negative
!b&!z&l&p: positive
!b&z&!f&!u: negative
!b&z&!f&u: positive
!b&z&f&!m: neutral
!b&z&f&m: positive
b&!u&!g&!w: positive
b&!u&!g&w: neutral
b&!u&g&!f: positive
b&!u&g&f: negative
b&u&!k&!n: conflict
b&u&!k&n: positive
b&u&k&!y: negative
b&u&k&y: positive
DecisionTree learned:
!x&!b&!l&!p: neutral
!x&!b&!l&p: positive
!x&!b&l&!y: neutral
!x&!b&l&y: positive
!x&b&!n&!k: conflict
!x&b&!n&k: neutral
!x&b&n&!y: negative
!x&b&n&y: positive
x&!j&!z&!f: positive
x&!j&!z&f: positive
x&!j&z&!k: positive
x&!j&z&k: neutral
x&j&!b&!w: positive
x&j&!b&w: negative
x&j&b&!k: negative
x&j&b&k: positive
DecisionTree learned:
!b&!x&!q&!l: positive
!b&!x&!q&l: positive
!b&!x&q&!v: positive
!b&!x&q&v: positive
!b&x&!p&!u: positive
!b&x&!p&u: negative
!b&x&p&!d: conflict
!b&x&p&d: positive
b&!u&!z&!s: neutral
b&!u&!z&s: positive
b&!u&z&!x: neutral
b&!u&z&x: negative
b&u&!z&!q: positive
b&u&!z&q: negative
b&u&z&!f: negative
b&u&z&f: positive
DecisionTree learned:
!b&!x&!q&!l: positive
!b&!x&!q&l: positive
!b&!x&q&!y: positive
!b&!x&q&y: positive
!b&x&!p&!u: positive
!b&x&!p&u: negative
!b&x&p&!j: positive
!b&x&p&j: negative
b&!u&!w&!y: positive
b&!u&!w&y: positive
b&!u&w&!z: positive
b&!u&w&z: neutral
b&u&!z&!i: negative
b&u&!z&i: positive
b&u&z&!f: negative
b&u&z&f: positive
DecisionTree learned:
!x&!b&!l&!p: neutral
!x&!b&!l&p: negative
!x&!b&l&!q: positive
!x&!b&l&q: positive
!x&b&!u&!g: positive
!x&b&!u&g: positive
!x&b&u&!n: conflict
!x&b&u&n: negative
x&!g&!p&!v: negative
x&!g&!p&v: neutral
x&!g&p&!k: conflict
x&!g&p&k: neutral
x&g&!p&!w: positive
x&g&!p&w: positive
x&g&p&!u: negative
x&g&p&u: positive
DecisionTree learned:
!z&!b&!x&!v: positive
!z&!b&!x&v: positive
!z&!b&x&!p: negative
!z&!b&x&p: positive
!z&b&!w&!y: positive
!z&b&!w&y: positive
!z&b&w&!n: conflict
!z&b&w&n: negative
z&!f&!b&!u: negative
z&!f&!b&u: positive
z&!f&b&!p: negative
z&!f&b&p: neutral
z&f&!m&!b: neutral
z&f&!m&b: positive
z&f&m&!d: positive
z&f&m&d: positive
DecisionTree learned:
!z&!b&!x&!l: positive
!z&!b&!x&l: positive
!z&!b&x&!p: negative
!z&!b&x&p: positive
!z&b&!y&!v: positive
!z&b&!y&v: negative
!z&b&y&!q: positive
!z&b&y&q: negative
z&!f&!p&!g: negative
z&!f&!p&g: positive
z&!f&p&!y: neutral
z&!f&p&y: negative
z&f&!d&!s: neutral
z&f&!d&s: positive
z&f&d&!y: neutral
z&f&d&y: positive
DecisionTree learned:
!b&!x&!l&!p: neutral
!b&!x&!l&p: positive
!b&!x&l&!y: neutral
!b&!x&l&y: positive
!b&x&!p&!u: positive
!b&x&!p&u: negative
!b&x&p&!y: positive
!b&x&p&y: neutral
b&!z&!u&!w: positive
b&!z&!u&w: positive
b&!z&u&!a: conflict
b&!z&u&a: positive
b&z&!f&!k: conflict
b&z&!f&k: negative
b&z&f&!d: positive
b&z&f&d: positive
DecisionTree learned:
!z&!b&!l&!p: neutral
!z&!b&!l&p: negative
!z&!b&l&!p: negative
!z&!b&l&p: positive
!z&b&!u&!w: positive
!z&b&!u&w: positive
!z&b&u&!w: positive
!z&b&u&w: negative
z&!f&!y&!k: positive
z&!f&!y&k: neutral
z&!f&y&!b: positive
z&!f&y&b: negative
z&f&!c&!v: neutral
z&f&!c&v: positive
z&f&c&!d: positive
z&f&c&d: positive
DecisionTree learned:
!x&!b&!v&!w: positive
!x&!b&!v&w: negative
!x&!b&v&!k: positive
!x&!b&v&k: negative
!x&b&!u&!p: negative
!x&b&!u&p: positive
!x&b&u&!i: negative
!x&b&u&i: positive
x&!z&!g&!p: negative
x&!z&!g&p: negative
x&!z&g&!p: positive
x&!z&g&p: positive
x&z&!k&!j: negative
x&z&!k&j: negative
x&z&k&!u: negative
x&z&k&u: positive
DecisionTree learned:
!x&!b&!q&!k: positive
!x&!b&!q&k: neutral
!x&!b&q&!v: positive
!x&!b&q&v: positive
!x&b&!v&!k: positive
!x&b&!v&k: neutral
!x&b&v&!y: negative
!x&b&v&y: positive
x&!j&!w&!g: positive
x&!j&!w&g: positive
x&!j&w&!g: negative
x&!j&w&g: positive
x&j&!b&!w: positive
x&j&!b&w: negative
x&j&b&!k: negative
x&j&b&k: positive
DecisionTree learned:
!b&!z&!h&!g: neutral
!b&!z&!h&g: positive
!b&!z&h&!l: neutral
!b&!z&h&l: positive
!b&z&!y&!m: neutral
!b&z&!y&m: positive
!b&z&y&!f: positive
!b&z&y&f: positive
b&!u&!w&!v: negative
b&!u&!w&v: positive
b&!u&w&!s: neutral
b&!u&w&s: positive
b&u&!q&!z: positive
b&u&!q&z: negative
b&u&q&!v: negative
b&u&q&v: negative
DecisionTree learned:
!b&!x&!l&!p: neutral
!b&!x&!l&p: negative
!b&!x&l&!y: neutral
!b&!x&l&y: negative
!b&x&!p&!k: positive
!b&x&!p&k: negative
!b&x&p&!j: positive
!b&x&p&j: negative
b&!u&!w&!y: positive
b&!u&!w&y: positive
b&!u&w&!z: positive
b&!u&w&z: neutral
b&u&!z&!w: positive
b&u&!z&w: negative
b&u&z&!f: negative
b&u&z&f: positive
DecisionTree learned:
!z&!x&!b&!l: positive
!z&!x&!b&l: positive
!z&!x&b&!n: conflict
!z&!x&b&n: positive
!z&x&!g&!p: negative
!z&x&!g&p: negative
!z&x&g&!p: positive
!z&x&g&p: positive
z&!f&!k&!l: negative
z&!f&!k&l: positive
z&!f&k&!y: neutral
z&!f&k&y: negative
z&f&!c&!v: neutral
z&f&!c&v: negative
z&f&c&!d: positive
z&f&c&d: positive
DecisionTree learned:
!b&!h&!g&!p: neutral
!b&!h&!g&p: negative
!b&!h&g&!p: positive
!b&!h&g&p: positive
!b&h&!z&!v: neutral
!b&h&!z&v: positive
!b&h&z&!f: positive
!b&h&z&f: neutral
b&!y&!k&!v: positive
b&!y&!k&v: negative
b&!y&k&!q: negative
b&!y&k&q: positive
b&y&!x&!l: neutral
b&y&!x&l: positive
b&y&x&!f: positive
b&y&x&f: positive
DecisionTree learned:
!z&!b&!l&!k: positive
!z&!b&!l&k: neutral
!z&!b&l&!p: negative
!z&!b&l&p: positive
!z&b&!u&!w: positive
!z&b&!u&w: negative
!z&b&u&!i: negative
!z&b&u&i: positive
z&!f&!b&!u: negative
z&!f&!b&u: positive
z&!f&b&!p: negative
z&!f&b&p: neutral
z&f&!c&!v: neutral
z&f&!c&v: positive
z&f&c&!d: positive
z&f&c&d: positive
DecisionTree learned:
!z&!x&!b&!l: positive
!z&!x&!b&l: positive
!z&!x&b&!n: positive
!z&!x&b&n: negative
!z&x&!j&!f: positive
!z&x&!j&f: positive
!z&x&j&!b: negative
!z&x&j&b: positive
z&!f&!k&!d: neutral
z&!f&!k&d: positive
z&!f&k&!y: neutral
z&!f&k&y: negative
z&f&!y&!j: neutral
z&f&!y&j: neutral
z&f&y&!j: positive
z&f&y&j: positive
DecisionTree learned:
!b&!x&!v&!w: neutral
!b&!x&!v&w: neutral
!b&!x&v&!k: positive
!b&!x&v&k: negative
!b&x&!p&!u: positive
!b&x&!p&u: negative
!b&x&p&!d: conflict
!b&x&p&d: positive
b&!z&!u&!y: negative
b&!z&!u&y: positive
b&!z&u&!i: negative
b&!z&u&i: positive
b&z&!f&!k: conflict
b&z&!f&k: neutral
b&z&f&!g: positive
b&z&f&g: positive
DecisionTree learned:
!z&!x&!b&!l: positive
!z&!x&!b&l: positive
!z&!x&b&!n: positive
!z&!x&b&n: negative
!z&x&!j&!p: positive
!z&x&!j&p: positive
!z&x&j&!b: negative
!z&x&j&b: positive
z&!f&!b&!e: neutral
z&!f&!b&e: positive
z&!f&b&!p: negative
z&!f&b&p: neutral
z&f&!y&!j: neutral
z&f&!y&j: neutral
z&f&y&!j: positive
z&f&y&j: positive
DecisionTree learned:
!z&!b&!l&!k: positive
!z&!b&!l&k: neutral
!z&!b&l&!p: negative
!z&!b&l&p: positive
!z&b&!u&!w: positive
!z&b&!u&w: positive
!z&b&u&!q: positive
!z&b&u&q: negative
z&!f&!b&!e: neutral
z&!f&!b&e: positive
z&!f&b&!p: negative
z&!f&b&p: neutral
z&f&!u&!v: neutral
z&f&!u&v: neutral
z&f&u&!d: positive
z&f&u&d: positive
DecisionTree learned:
!z&!b&!h&!g: neutral
!z&!b&!h&g: positive
!z&!b&h&!l: neutral
!z&!b&h&l: positive
!z&b&!u&!w: positive
!z&b&!u&w: positive
!z&b&u&!w: positive
!z&b&u&w: negative
z&!f&!p&!c: positive
z&!f&!p&c: negative
z&!f&p&!y: neutral
z&!f&p&y: positive
z&f&!u&!k: neutral
z&f&!u&k: neutral
z&f&u&!c: positive
z&f&u&c: positive
DecisionTree learned:
!z&!x&!b&!l: positive
!z&!x&!b&l: positive
!z&!x&b&!n: conflict
!z&!x&b&n: negative
!z&x&!j&!m: negative
!z&x&!j&m: positive
!z&x&j&!b: negative
!z&x&j&b: positive
z&!f&!p&!c: positive
z&!f&!p&c: negative
z&!f&p&!y: neutral
z&!f&p&y: positive
z&f&!y&!j: neutral
z&f&!y&j: neutral
z&f&y&!j: positive
z&f&y&j: positive
DecisionTree learned:
!z&!x&!b&!l: positive
!z&!x&!b&l: positive
!z&!x&b&!n: positive
!z&!x&b&n: negative
!z&x&!j&!p: positive
!z&x&!j&p: positive
!z&x&j&!b: negative
!z&x&j&b: positive
z&!f&!b&!u: negative
z&!f&!b&u: positive
z&!f&b&!p: negative
z&!f&b&p: neutral
z&f&!m&!b: neutral
z&f&!m&b: positive
z&f&m&!d: positive
z&f&m&d: positive
DecisionTree learned:
!x&!b&!l&!p: neutral
!x&!b&!l&p: negative
!x&!b&l&!y: neutral
!x&!b&l&y: negative
!x&b&!v&!k: positive
!x&b&!v&k: neutral
!x&b&v&!y: negative
!x&b&v&y: positive
x&!z&!j&!q: positive
x&!z&!j&q: positive
x&!z&j&!b: negative
x&!z&j&b: neutral
x&z&!k&!j: negative
x&z&!k&j: negative
x&z&k&!u: negative
x&z&k&u: neutral
DecisionTree learned:
!x&!b&!q&!z: positive
!x&!b&!q&z: positive
!x&!b&q&!y: positive
!x&!b&q&y: positive
!x&b&!p&!u: negative
!x&b&!p&u: neutral
!x&b&p&!y: positive
!x&b&p&y: positive
x&!z&!j&!w: positive
x&!z&!j&w: positive
x&!z&j&!b: negative
x&!z&j&b: positive
x&z&!k&!j: negative
x&z&!k&j: negative
x&z&k&!u: negative
x&z&k&u: positive
DecisionTree learned:
!z&!b&!l&!k: positive
!z&!b&!l&k: neutral
!z&!b&l&!p: negative
!z&!b&l&p: positive
!z&b&!u&!w: positive
!z&b&!u&w: positive
!z&b&u&!w: positive
!z&b&u&w: negative
z&!f&!k&!l: negative
z&!f&!k&l: positive
z&!f&k&!y: neutral
z&!f&k&y: negative
z&f&!c&!v: neutral
z&f&!c&v: negative
z&f&c&!d: positive
z&f&c&d: positive
DecisionTree learned:
!z&!x&!b&!v: neutral
!z&!x&!b&v: positive
!z&!x&b&!n: conflict
!z&!x&b&n: positive
!z&x&!j&!o: positive
!z&x&!j&o: positive
!z&x&j&!m: negative
!z&x&j&m: positive
z&!f&!k&!l: negative
z&!f&!k&l: positive
z&!f&k&!y: neutral
z&!f&k&y: negative
z&f&!u&!v: neutral
z&f&!u&v: negative
z&f&u&!c: positive
z&f&u&c: positive
DecisionTree learned:
!z&!b&!f&!n: neutral
!z&!b&!f&n: neutral
!z&!b&f&!h: positive
!z&!b&f&h: negative
!z&b&!u&!w: positive
!z&b&!u&w: positive
!z&b&u&!q: positive
!z&b&u&q: negative
z&!f&!b&!u: negative
z&!f&!b&u: positive
z&!f&b&!k: conflict
z&!f&b&k: neutral
z&f&!c&!v: neutral
z&f&!c&v: negative
z&f&c&!d: positive
z&f&c&d: positive
DecisionTree learned:
!b&!x&!q&!l: positive
!b&!x&!q&l: positive
!b&!x&q&!y: positive
!b&!x&q&y: positive
!b&x&!p&!u: positive
!b&x&!p&u: negative
!b&x&p&!y: positive
!b&x&p&y: negative
b&!u&!w&!v: negative
b&!u&!w&v: positive
b&!u&w&!z: positive
b&!u&w&z: neutral
b&u&!q&!i: negative
b&u&!q&i: positive
b&u&q&!v: negative
b&u&q&v: positive
DecisionTree learned:
!z&!b&!l&!p: neutral
!z&!b&!l&p: negative
!z&!b&l&!p: positive
!z&!b&l&p: positive
!z&b&!u&!w: positive
!z&b&!u&w: positive
!z&b&u&!q: positive
!z&b&u&q: negative
z&!f&!k&!d: negative
z&!f&!k&d: positive
z&!f&k&!y: neutral
z&!f&k&y: negative
z&f&!y&!j: neutral
z&f&!y&j: neutral
z&f&y&!j: positive
z&f&y&j: positive
DecisionTree learned:
!x&!b&!v&!n: positive
!x&!b&!v&n: neutral
!x&!b&v&!k: positive
!x&!b&v&k: negative
!x&b&!v&!k: positive
!x&b&!v&k: neutral
!x&b&v&!y: negative
!x&b&v&y: positive
x&!z&!j&!o: positive
x&!z&!j&o: positive
x&!z&j&!b: negative
x&!z&j&b: neutral
x&z&!k&!j: negative
x&z&!k&j: negative
x&z&k&!u: negative
x&z&k&u: positive
DecisionTree learned:
!z&!x&!b&!l: positive
!z&!x&!b&l: positive
!z&!x&b&!n: positive
!z&!x&b&n: positive
!z&x&!j&!f: positive
!z&x&!j&f: positive
!z&x&j&!b: negative
!z&x&j&b: positive
z&!f&!k&!b: positive
z&!f&!k&b: conflict
z&!f&k&!y: neutral
z&!f&k&y: negative
z&f&!c&!v: neutral
z&f&!c&v: positive
z&f&c&!d: positive
z&f&c&d: positive
DecisionTree learned:
!z&!x&!b&!l: neutral
!z&!x&!b&l: positive
!z&!x&b&!n: positive
!z&!x&b&n: negative
!z&x&!j&!f: positive
!z&x&!j&f: positive
!z&x&j&!b: negative
!z&x&j&b: neutral
z&!f&!k&!l: negative
z&!f&!k&l: positive
z&!f&k&!y: neutral
z&!f&k&y: negative
z&f&!m&!b: neutral
z&f&!m&b: positive
z&f&m&!d: positive
z&f&m&d: positive
DecisionTree learned:
!z&!b&!h&!p: positive
!z&!b&!h&p: positive
!z&!b&h&!a: negative
!z&!b&h&a: positive
!z&b&!u&!w: positive
!z&b&!u&w: negative
!z&b&u&!i: negative
!z&b&u&i: negative
z&!f&!b&!u: negative
z&!f&!b&u: positive
z&!f&b&!p: negative
z&!f&b&p: neutral
z&f&!c&!v: neutral
z&f&!c&v: neutral
z&f&c&!d: positive
z&f&c&d: positive
DecisionTree learned:
!z&!b&!l&!p: neutral
!z&!b&!l&p: negative
!z&!b&l&!p: positive
!z&!b&l&p: positive
!z&b&!u&!s: neutral
!z&b&!u&s: positive
!z&b&u&!q: positive
!z&b&u&q: negative
z&!f&!b&!e: neutral
z&!f&!b&e: positive
z&!f&b&!p: negative
z&!f&b&p: conflict
z&f&!c&!v: neutral
z&f&!c&v: positive
z&f&c&!d: positive
z&f&c&d: positive
DecisionTree learned:
!z&!x&!b&!f: neutral
!z&!x&!b&f: positive
!z&!x&b&!v: positive
!z&!x&b&v: negative
!z&x&!j&!p: positive
!z&x&!j&p: positive
!z&x&j&!b: negative
!z&x&j&b: positive
z&!f&!k&!d: negative
z&!f&!k&d: positive
z&!f&k&!v: neutral
z&!f&k&v: negative
z&f&!c&!v: neutral
z&f&!c&v: positive
z&f&c&!d: positive
z&f&c&d: positive
DecisionTree learned:
!z&!x&!b&!l: positive
!z&!x&!b&l: positive
!z&!x&b&!u: positive
!z&!x&b&u: negative
!z&x&!j&!q: positive
!z&x&!j&q: positive
!z&x&j&!b: negative
!z&x&j&b: positive
z&!f&!b&!u: negative
z&!f&!b&u: positive
z&!f&b&!p: negative
z&!f&b&p: neutral
z&f&!u&!k: positive
z&f&!u&k: neutral
z&f&u&!d: positive
z&f&u&d: positive
DecisionTree learned:
!z&!b&!l&!k: positive
!z&!b&!l&k: neutral
!z&!b&l&!p: negative
!z&!b&l&p: positive
!z&b&!y&!k: negative
!z&b&!y&k: negative
!z&b&y&!w: positive
!z&b&y&w: positive
z&!f&!k&!l: negative
z&!f&!k&l: conflict
z&!f&k&!y: neutral
z&!f&k&y: negative
z&f&!u&!k: neutral
z&f&!u&k: neutral
z&f&u&!c: positive
z&f&u&c: positive
DecisionTree learned:
!z&!b&!h&!p: positive
!z&!b&!h&p: negative
!z&!b&h&!o: positive
!z&!b&h&o: negative
!z&b&!u&!y: negative
!z&b&!u&y: positive
!z&b&u&!q: positive
!z&b&u&q: negative
z&!f&!b&!e: neutral
z&!f&!b&e: positive
z&!f&b&!l: negative
z&!f&b&l: negative
z&f&!u&!v: neutral
z&f&!u&v: neutral
z&f&u&!c: positive
z&f&u&c: positive
DecisionTree learned:
!x&!b&!l&!p: neutral
!x&!b&!l&p: negative
!x&!b&l&!y: neutral
!x&!b&l&y: positive
!x&b&!n&!w: positive
!x&b&!n&w: conflict
!x&b&n&!y: negative
!x&b&n&y: positive
x&!z&!f&!g: positive
x&!z&!f&g: positive
x&!z&f&!g: neutral
x&!z&f&g: positive
x&z&!k&!j: negative
x&z&!k&j: negative
x&z&k&!u: negative
x&z&k&u: neutral
DecisionTree learned:
!b&!l&!p&!h: positive
!b&!l&!p&h: neutral
!b&!l&p&!d: negative
!b&!l&p&d: negative
!b&l&!p&!x: negative
!b&l&!p&x: negative
!b&l&p&!f: neutral
!b&l&p&f: positive
b&!z&!u&!y: negative
b&!z&!u&y: positive
b&!z&u&!a: conflict
b&!z&u&a: positive
b&z&!f&!l: neutral
b&z&!f&l: negative
b&z&f&!g: positive
b&z&f&g: positive
DecisionTree learned:
!z&!x&!b&!l: neutral
!z&!x&!b&l: positive
!z&!x&b&!v: neutral
!z&!x&b&v: negative
!z&x&!o&!q: positive
!z&x&!o&q: conflict
!z&x&o&!q: positive
!z&x&o&q: positive
z&!f&!b&!u: negative
z&!f&!b&u: positive
z&!f&b&!d: neutral
z&!f&b&d: negative
z&f&!c&!v: neutral
z&f&!c&v: positive
z&f&c&!d: positive
z&f&c&d: positive
DecisionTree learned:
!x&!b&!l&!p: neutral
!x&!b&!l&p: negative
!x&!b&l&!y: neutral
!x&!b&l&y: negative
!x&b&!v&!k: positive
!x&b&!v&k: neutral
!x&b&v&!y: negative
!x&b&v&y: positive
x&!z&!j&!g: neutral
x&!z&!j&g: positive
x&!z&j&!m: negative
x&!z&j&m: positive
x&z&!k&!j: negative
x&z&!k&j: negative
x&z&k&!u: negative
x&z&k&u: neutral
DecisionTree learned:
!z&!x&!b&!v: neutral
!z&!x&!b&v: positive
!z&!x&b&!u: positive
!z&!x&b&u: negative
!z&x&!j&!o: positive
!z&x&!j&o: positive
!z&x&j&!b: negative
!z&x&j&b: neutral
z&!f&!p&!c: positive
z&!f&!p&c: negative
z&!f&p&!b: positive
z&!f&p&b: neutral
z&f&!u&!v: neutral
z&f&!u&v: negative
z&f&u&!b: neutral
z&f&u&b: positive
DecisionTree learned:
!z&!x&!b&!l: positive
!z&!x&!b&l: positive
!z&!x&b&!u: positive
!z&!x&b&u: positive
!z&x&!j&!o: positive
!z&x&!j&o: positive
!z&x&j&!b: negative
!z&x&j&b: positive
z&!f&!k&!d: negative
z&!f&!k&d: positive
z&!f&k&!y: neutral
z&!f&k&y: negative
z&f&!c&!v: neutral
z&f&!c&v: positive
z&f&c&!d: positive
z&f&c&d: positive
DecisionTree learned:
!z&!x&!k&!n: positive
!z&!x&!k&n: positive
!z&!x&k&!y: negative
!z&!x&k&y: neutral
!z&x&!j&!f: positive
!z&x&!j&f: positive
!z&x&j&!b: negative
!z&x&j&b: positive
z&!f&!b&!u: negative
z&!f&!b&u: positive
z&!f&b&!k: conflict
z&!f&b&k: neutral
z&f&!c&!v: neutral
z&f&!c&v: positive
z&f&c&!d: positive
z&f&c&d: positive
Trial 0 Training cc.mallet.classify.AdaBoostM2Trainer@4760a26f finished
Trial 0 Trainer cc.mallet.classify.AdaBoostM2Trainer@4760a26f test data accuracy = 0.5780189959294437

NaiveBayesTrainer
Summary. test accuracy mean = 0.43283582089552236 stddev = 0.0 stderr = 0.0

MaxEntTrainer,gaussianPriorVariance=1.0
Summary. test accuracy mean = 0.5481682496607869 stddev = 0.0 stderr = 0.0

cc.mallet.classify.DecisionTreeTrainer@79de256f
Summary. test accuracy mean = 0.5780189959294437 stddev = 0.0 stderr = 0.0

cc.mallet.classify.AdaBoostM2Trainer@4760a26f
Summary. test accuracy mean = 0.5780189959294437 stddev = 0.0 stderr = 0.0
