
-------------------- Trial 0  --------------------

Trial 0 Training NaiveBayesTrainer with 2956 instances
Trial 0 Training NaiveBayesTrainer finished
Trial 0 Trainer NaiveBayesTrainer test data accuracy = 0.5739484396200815
Trial 0 Training MaxEntTrainer,gaussianPriorVariance=1.0 with 2956 instances
Trial 0 Training MaxEntTrainer,gaussianPriorVariance=1.0 finished
Trial 0 Trainer MaxEntTrainer,gaussianPriorVariance=1.0 test data accuracy = 0.6404341926729986
Trial 0 Training cc.mallet.classify.DecisionTreeTrainer@3e110003 with 2956 instances
DecisionTree learned:
!not&!dinner&!but&!rude: positive
!not&!dinner&!but&rude: negative
!not&!dinner&but&!chicken: positive
!not&!dinner&but&chicken: negative
!not&dinner&!having&!time: neutral
!not&dinner&!having&time: negative
!not&dinner&having: positive
not&!great&!but&!bill: positive
not&!great&!but&bill: negative
not&!great&but&!ever: positive
not&!great&but&ever: negative
not&great&!was&!but: positive
not&great&!was&but: positive
not&great&was&!but: negative
not&great&was&but: positive
Trial 0 Training cc.mallet.classify.DecisionTreeTrainer@3e110003 finished
Trial 0 Trainer cc.mallet.classify.DecisionTreeTrainer@3e110003 test data accuracy = 0.5658073270013568
Trial 0 Training cc.mallet.classify.AdaBoostM2Trainer@7e78fc6 with 2956 instances
DecisionTree learned:
!not&!but&!dinner&!rude: positive
!not&!but&!dinner&rude: negative
!not&!but&dinner&!here: neutral
!not&!but&dinner&here: neutral
!not&but&!look&!chicken: positive
!not&but&!look&chicken: negative
!not&but&look&!good: conflict
!not&but&look&good: conflict
not&!friendly&!but&!both: positive
not&!friendly&!but&both: positive
not&!friendly&but&!ever: positive
not&!friendly&but&ever: negative
not&friendly&!of: positive
not&friendly&of&!and: positive
not&friendly&of&and: conflict
DecisionTree learned:
!not&!but&!dinner&!excellent: positive
!not&!but&!dinner&excellent: positive
!not&!but&dinner&!time: neutral
!not&!but&dinner&time: negative
!not&but&!who&!with: positive
!not&but&!who&with: positive
!not&but&who&!of: conflict
!not&but&who&of: negative
not&!great&!we&!but: positive
not&!great&!we&but: positive
not&!great&we&!chef: negative
not&!great&we&chef: positive
not&great&!was&!but: positive
not&great&!was&but: positive
not&great&was&!but: negative
not&great&was&but: positive
DecisionTree learned:
!but&!great&!not&!dinner: positive
!but&!great&!not&dinner: neutral
!but&!great&not&!far: positive
!but&!great&not&far: positive
!but&great&!three&!want: positive
!but&great&!three&want: negative
!but&great&three&!and: neutral
!but&great&three&and: negative
but&!only&!at&!worth: positive
but&!only&!at&worth: conflict
but&!only&at&!and: negative
but&!only&at&and: positive
but&only&!food&!ordered: positive
but&only&!food&ordered: neutral
but&only&food: positive
DecisionTree learned:
!but&!was&!friendly&!great: positive
!but&!was&!friendly&great: positive
!but&!was&friendly&!service: positive
!but&!was&friendly&service: positive
!but&was&!delicious&!good: negative
!but&was&!delicious&good: positive
!but&was&delicious&!because: positive
!but&was&delicious&because: positive
but&!only&!who&!that: positive
but&!only&!who&that: negative
but&!only&who&!of: neutral
but&!only&who&of: negative
but&only&!food&!place: neutral
but&only&!food&place: positive
but&only&food: positive
DecisionTree learned:
!but&!excellent&!friendly&!was: positive
!but&!excellent&!friendly&was: negative
!but&!excellent&friendly&!is: positive
!but&!excellent&friendly&is: positive
!but&excellent&!can&!priced: positive
!but&excellent&!can&priced: positive
!but&excellent&can: conflict
but&!expensive&!small&!who: positive
but&!expensive&!small&who: neutral
but&!expensive&small&!there: negative
but&!expensive&small&there: conflict
but&expensive&!food&!to: neutral
but&expensive&!food&to: negative
but&expensive&food&!was: conflict
but&expensive&food&was: negative
DecisionTree learned:
!but&!is&!delicious&!great: positive
!but&!is&!delicious&great: positive
!but&!is&delicious&!bar: positive
!but&!is&delicious&bar: neutral
!but&is&!though&!not: positive
!but&is&!though&not: positive
!but&is&though&!not: conflict
!but&is&though&not: negative
but&!we&!ever&!quality: positive
but&!we&!ever&quality: negative
but&!we&ever: negative
but&we&!expensive&!got: neutral
but&we&!expensive&got: negative
but&we&expensive: negative
DecisionTree learned:
!but&!not&!dinner&!small: positive
!but&!not&!dinner&small: negative
!but&!not&dinner&!experience: neutral
!but&!not&dinner&experience: positive
!but&not&!friendly&!far: negative
!but&not&!friendly&far: positive
!but&not&friendly&!in: positive
!but&not&friendly&in: conflict
but&!ever&!at&!who: positive
but&!ever&!at&who: neutral
but&!ever&at&!and: neutral
but&!ever&at&and: neutral
but&ever: negative
DecisionTree learned:
!but&!friendly&!was&!though: positive
!but&!friendly&!was&though: negative
!but&!friendly&was&!delicious: negative
!but&!friendly&was&delicious: positive
!but&friendly&!is&!dishes: positive
!but&friendly&!is&dishes: neutral
!but&friendly&is&!there: positive
!but&friendly&is&there: conflict
but&!who&!that&!chicken: positive
but&!who&!that&chicken: negative
but&!who&that&!my: negative
but&!who&that&my: negative
but&who&!of&!for: neutral
but&who&!of&for: conflict
but&who&of&!they: conflict
but&who&of&they: negative
DecisionTree learned:
!but&!excellent&!friendly&!try: positive
!but&!excellent&!friendly&try: positive
!but&!excellent&friendly&!is: positive
!but&!excellent&friendly&is: positive
!but&excellent&!salty&!for: positive
!but&excellent&!salty&for: positive
!but&excellent&salty: negative
but&!only&!when&!that: positive
but&!only&!when&that: negative
but&!only&when&!took: neutral
but&!only&when&took: neutral
but&only&!food&!ordered: neutral
but&only&!food&ordered: neutral
but&only&food: positive
DecisionTree learned:
!but&!our&!friendly&!delicious: positive
!but&!our&!friendly&delicious: positive
!but&!our&friendly&!is: positive
!but&!our&friendly&is: positive
!but&our&!order&!service: neutral
!but&our&!order&service: positive
!but&our&order&!that: negative
!but&our&order&that: negative
but&!we&!that&!wife: positive
but&!we&!that&wife: conflict
but&!we&that&!my: negative
but&!we&that&my: negative
but&we&!very&!menu: neutral
but&we&!very&menu: negative
but&we&very&!with: conflict
but&we&very&with: positive
DecisionTree learned:
!but&!excellent&!our&!great: positive
!but&!excellent&!our&great: positive
!but&!excellent&our&!service: neutral
!but&!excellent&our&service: positive
!but&excellent&!can&!salty: positive
!but&excellent&!can&salty: negative
!but&excellent&can: conflict
but&!we&!wife&!who: positive
but&!we&!wife&who: neutral
but&!we&wife&!like: conflict
but&!we&wife&like: negative
but&we&!quickly&!very: neutral
but&we&!quickly&very: negative
but&we&quickly: positive
DecisionTree learned:
!but&!great&!best&!delicious: positive
!but&!great&!best&delicious: positive
!but&!great&best&!restaurants: positive
!but&!great&best&restaurants: negative
!but&great&!for&!three: positive
!but&great&!for&three: negative
!but&great&for&!who: neutral
!but&great&for&who: negative
but&!high&!who&!that: positive
but&!high&!who&that: negative
but&!high&who&!for: neutral
but&!high&who&for: conflict
but&high&!for&!and: conflict
but&high&!for&and: negative
but&high&for: negative
DecisionTree learned:
!but&!friendly&!good&!was: positive
!but&!friendly&!good&was: negative
!but&!friendly&good&!wait: positive
!but&!friendly&good&wait: negative
!but&friendly&!is&!the: positive
!but&friendly&!is&the: positive
!but&friendly&is&!there: positive
!but&friendly&is&there: conflict
but&!we&!who&!that: positive
but&!we&!who&that: negative
but&!we&who&!for: neutral
but&!we&who&for: conflict
but&we&!expensive&!with: neutral
but&we&!expensive&with: positive
but&we&expensive: conflict
DecisionTree learned:
!but&!it&!great&!order: positive
!but&!it&!great&order: negative
!but&!it&great&!or: positive
!but&!it&great&or: neutral
!but&it&!matter&!though: negative
!but&it&!matter&though: conflict
!but&it&matter&!i: conflict
!but&it&matter&i: conflict
but&!special&!at&!worth: positive
but&!special&!at&worth: conflict
but&!special&at&!and: negative
but&!special&at&and: positive
but&special&!they&!for: neutral
but&special&!they&for: neutral
but&special&they: neutral
DecisionTree learned:
!but&!though&!not&!dinner: positive
!but&!though&!not&dinner: neutral
!but&!though&not&!matter: negative
!but&!though&not&matter: conflict
!but&though&!the&!recommend: negative
!but&though&!the&recommend: neutral
!but&though&the&!it: negative
!but&though&the&it: conflict
but&!we&!ever&!who: positive
but&!we&!ever&who: conflict
but&!we&ever: negative
but&we&!expensive&!with: neutral
but&we&!expensive&with: positive
but&we&expensive: conflict
DecisionTree learned:
!but&!the&!great&!bad: neutral
!but&!the&!great&bad: negative
!but&!the&great&!deal: positive
!but&!the&great&deal: neutral
!but&the&!is&!with: positive
!but&the&!is&with: neutral
!but&the&is&!not: positive
!but&the&is&not: negative
but&!worth&!we&!pad: positive
but&!worth&!we&pad: conflict
but&!worth&we&!dinner: neutral
but&!worth&we&dinner: neutral
but&worth&!to&!and: conflict
but&worth&!to&and: conflict
but&worth&to: negative
DecisionTree learned:
!but&!though&!bland&!friendly: positive
!but&!though&!bland&friendly: positive
!but&!though&bland&!a: negative
!but&!though&bland&a: negative
!but&though&!we&!i: negative
!but&though&!we&i: neutral
!but&though&we&!well: neutral
!but&though&we&well: negative
but&!that&!only&!when: positive
but&!that&!only&when: neutral
but&!that&only&!food: neutral
but&!that&only&food: positive
but&that&!shrimp&!experience: negative
but&that&!shrimp&experience: positive
but&that&shrimp&!good: positive
but&that&shrimp&good: positive
DecisionTree learned:
!but&!friendly&!though&!was: positive
!but&!friendly&!though&was: negative
!but&!friendly&though&!we: negative
!but&!friendly&though&we: negative
!but&friendly&!is&!for: positive
!but&friendly&!is&for: neutral
!but&friendly&is&!there: positive
!but&friendly&is&there: conflict
but&!at&!worth&!chicken: positive
but&!at&!worth&chicken: negative
but&!at&worth&!and: conflict
but&!at&worth&and: conflict
but&at&!and&!experience: neutral
but&at&!and&experience: positive
but&at&and&!as: positive
but&at&and&as: neutral
DecisionTree learned:
!but&!was&!though&!friendly: positive
!but&!was&!though&friendly: positive
!but&!was&though&!of: negative
!but&!was&though&of: conflict
!but&was&!matter&!bland: negative
!but&was&!matter&bland: negative
!but&was&matter&!they: conflict
!but&was&matter&they: conflict
but&!over&!that&!when: positive
but&!over&!that&when: neutral
but&!over&that&!who: negative
but&!over&that&who: conflict
but&over: positive
DecisionTree learned:
!but&!not&!dinner&!though: positive
!but&!not&!dinner&though: negative
!but&!not&dinner&!time: neutral
!but&!not&dinner&time: negative
!but&not&!far&!matter: negative
!but&not&!far&matter: conflict
!but&not&far&!so: positive
!but&not&far&so: conflict
but&!only&!when&!that: positive
but&!only&!when&that: negative
but&!only&when&!were: neutral
but&!only&when&were: neutral
but&only&!food&!ordered: neutral
but&only&!food&ordered: neutral
but&only&food: positive
DecisionTree learned:
!but&!though&!was&!wine: positive
!but&!though&!was&wine: positive
!but&!though&was&!delicious: negative
!but&!though&was&delicious: positive
!but&though&!we&!not: conflict
!but&though&!we&not: negative
!but&though&we&!well: neutral
!but&though&we&well: negative
but&!only&!that&!specials: negative
but&!only&!that&specials: positive
but&!only&that&!who: negative
but&!only&that&who: conflict
but&only&!was&!is: neutral
but&only&!was&is: positive
but&only&was&!because: positive
but&only&was&because: positive
DecisionTree learned:
!but&!though&!great&!bland: positive
!but&!though&!great&bland: negative
!but&!though&great&!kids: positive
!but&!though&great&kids: conflict
!but&though&!it&!to: negative
!but&though&!it&to: negative
!but&though&it&!the: negative
!but&though&it&the: conflict
but&!wife&!at&!worth: positive
but&!wife&!at&worth: conflict
but&!wife&at&!and: negative
but&!wife&at&and: positive
but&wife&!like&!as: conflict
but&wife&!like&as: conflict
but&wife&like: negative
DecisionTree learned:
!but&!our&!try&!the: neutral
!but&!our&!try&the: positive
!but&!our&try&!cheese: positive
!but&!our&try&cheese: neutral
!but&our&!order&!they: neutral
!but&our&!order&they: negative
!but&our&order&!that: negative
!but&our&order&that: negative
but&!that&!small&!fine: positive
but&!that&!small&fine: conflict
but&!that&small&!there: negative
but&!that&small&there: conflict
but&that&!my&!to: positive
but&that&!my&to: neutral
but&that&my&!a: negative
but&that&my&a: positive
DecisionTree learned:
!but&!worth&!friendly&!although: positive
!but&!worth&!friendly&although: conflict
!but&!worth&friendly&!is: positive
!but&!worth&friendly&is: positive
!but&worth&!and&!well: conflict
!but&worth&!and&well: positive
!but&worth&and&!not: neutral
!but&worth&and&not: negative
but&!at&!worth&!small: positive
but&!at&!worth&small: negative
but&!at&worth&!and: conflict
but&!at&worth&and: positive
but&at&!and&!experience: negative
but&at&!and&experience: positive
but&at&and&!as: positive
but&at&and&as: neutral
DecisionTree learned:
!but&!dinner&!wine&!friendly: positive
!but&!dinner&!wine&friendly: positive
!but&!dinner&wine&!when: positive
!but&!dinner&wine&when: neutral
!but&dinner&!not&!having: neutral
!but&dinner&!not&having: positive
!but&dinner&not&!like: negative
!but&dinner&not&like: positive
but&!at&!is&!go: negative
but&!at&!is&go: positive
but&!at&is&!expensive: positive
but&!at&is&expensive: conflict
but&at&!and&!we: negative
but&at&!and&we: neutral
but&at&and&!as: positive
but&at&and&as: neutral
DecisionTree learned:
!but&!our&!friendly&!dinner: positive
!but&!our&!friendly&dinner: neutral
!but&!our&friendly&!is: positive
!but&!our&friendly&is: positive
!but&our&!order&!service: neutral
!but&our&!order&service: positive
!but&our&order&!that: negative
!but&our&order&that: negative
but&!small&!what&!at: positive
but&!small&!what&at: neutral
but&!small&what&!of: neutral
but&!small&what&of: negative
but&small&!a&!for: positive
but&small&!a&for: negative
but&small&a&!table: conflict
but&small&a&table: positive
DecisionTree learned:
!but&!though&!friendly&!was: positive
!but&!though&!friendly&was: negative
!but&!though&friendly&!is: positive
!but&!though&friendly&is: positive
!but&though&!even&!your: conflict
!but&though&!even&your: negative
!but&though&even&!with: negative
!but&though&even&with: positive
but&!rudely&!high&!who: positive
but&!rudely&!high&who: neutral
but&!rudely&high&!for: conflict
but&!rudely&high&for: negative
but&rudely&!and: conflict
but&rudely&and: conflict
DecisionTree learned:
!but&!good&!fine&!friendly: positive
!but&!good&!fine&friendly: positive
!but&!good&fine&!had: positive
!but&!good&fine&had: conflict
!but&good&!which&!wait: positive
!but&good&!which&wait: negative
!but&good&which&!for: neutral
!but&good&which&for: negative
but&!small&!who&!that: positive
but&!small&!who&that: negative
but&!small&who&!of: conflict
but&!small&who&of: negative
but&small&!a&!to: positive
but&small&!a&to: negative
but&small&a&!were: conflict
but&small&a&were: negative
DecisionTree learned:
!but&!though&!matter&!bland: positive
!but&!though&!matter&bland: negative
!but&!though&matter&!i: conflict
!but&!though&matter&i: conflict
!but&though&!we&!not: conflict
!but&though&!we&not: negative
!but&though&we&!seated: negative
!but&though&we&seated: positive
but&!that&!wife&!at: positive
but&!that&!wife&at: neutral
but&!that&wife&!as: conflict
but&!that&wife&as: conflict
but&that&!who&!my: neutral
but&that&!who&my: negative
but&that&who: conflict
DecisionTree learned:
!but&!we&!though&!friendly: positive
!but&!we&!though&friendly: positive
!but&!we&though&!i: conflict
!but&!we&though&i: neutral
!but&we&!that&!cheese: neutral
!but&we&!that&cheese: neutral
!but&we&that&!a: negative
!but&we&that&a: neutral
but&!chicken&!that&!wife: positive
but&!chicken&!that&wife: conflict
but&!chicken&that&!are: negative
but&!chicken&that&are: neutral
but&chicken&!with: negative
but&chicken&with: negative
DecisionTree learned:
!but&!best&!delicious&!is: negative
!but&!best&!delicious&is: positive
!but&!best&delicious&!and: positive
!but&!best&delicious&and: positive
!but&best&!was&!restaurants: positive
!but&best&!was&restaurants: negative
!but&best&was&!in: conflict
!but&best&was&in: positive
but&!only&!when&!that: negative
but&!only&!when&that: negative
but&!only&when&!at: neutral
but&!only&when&at: negative
but&only&!are&!we: positive
but&only&!are&we: positive
but&only&are&!and: neutral
but&only&are&and: neutral
DecisionTree learned:
!but&!worth&!fine&!although: positive
!but&!worth&!fine&although: conflict
!but&!worth&fine&!had: positive
!but&!worth&fine&had: conflict
!but&worth&!and&!well: conflict
!but&worth&!and&well: positive
!but&worth&and&!not: neutral
!but&worth&and&not: negative
but&!we&!rudely&!was: positive
but&!we&!rudely&was: negative
but&!we&rudely&!and: conflict
but&!we&rudely&and: conflict
but&we&!very&!menu: neutral
but&we&!very&menu: negative
but&we&very&!for: positive
but&we&very&for: conflict
DecisionTree learned:
!but&!service&!although&!bland: positive
!but&!service&!although&bland: negative
!but&!service&although&!was: neutral
!but&!service&although&was: conflict
!but&service&!ok&!wait: positive
!but&service&!ok&wait: negative
!but&service&ok&!food: neutral
!but&service&ok&food: neutral
but&!rudely&!small&!expensive: positive
but&!rudely&!small&expensive: conflict
but&!rudely&small&!a: negative
but&!rudely&small&a: negative
but&rudely&!and: conflict
but&rudely&and: conflict
DecisionTree learned:
!but&!worth&!service&!although: positive
!but&!worth&!service&although: conflict
!but&!worth&service&!wait: positive
!but&!worth&service&wait: negative
!but&worth&!and&!well: conflict
!but&worth&!and&well: positive
!but&worth&and&!not: neutral
!but&worth&and&not: positive
but&!at&!worth&!look: positive
but&!at&!worth&look: conflict
but&!at&worth&!and: conflict
but&!at&worth&and: conflict
but&at&!and&!experience: neutral
but&at&!and&experience: positive
but&at&and&!as: positive
but&at&and&as: conflict
DecisionTree learned:
!but&!worth&!service&!although: positive
!but&!worth&!service&although: conflict
!but&!worth&service&!re: positive
!but&!worth&service&re: conflict
!but&worth&!and&!well: conflict
!but&worth&!and&well: positive
!but&worth&and&!not: neutral
!but&worth&and&not: negative
but&!shrimp&!small&!high: positive
but&!shrimp&!small&high: conflict
but&!shrimp&small&!a: negative
but&!shrimp&small&a: conflict
but&shrimp&!and&!good: positive
but&shrimp&!and&good: positive
but&shrimp&and: positive
DecisionTree learned:
!but&!is&!delicious&!bland: neutral
!but&!is&!delicious&bland: negative
!but&!is&delicious&!in: positive
!but&!is&delicious&in: neutral
!but&is&!rest&!not: positive
!but&is&!rest&not: negative
!but&is&rest&!good: conflict
!but&is&rest&good: conflict
but&!that&!only&!at: positive
but&!that&!only&at: neutral
but&!that&only&!was: positive
but&!that&only&was: positive
but&that&!are&!shrimp: negative
but&that&!are&shrimp: positive
but&that&are&!with: positive
but&that&are&with: neutral
DecisionTree learned:
!but&!our&!dinner&!fine: positive
!but&!our&!dinner&fine: conflict
!but&!our&dinner&!not: neutral
!but&!our&dinner&not: negative
!but&our&!service&!order: neutral
!but&our&!service&order: negative
!but&our&service&!is: positive
!but&our&service&is: negative
but&!at&!worth&!is: negative
but&!at&!worth&is: positive
but&!at&worth&!and: conflict
but&!at&worth&and: positive
but&at&!and&!us: negative
but&at&!and&us: neutral
but&at&and&!as: positive
but&at&and&as: conflict
DecisionTree learned:
!but&!worth&!can&!fine: positive
!but&!worth&!can&fine: positive
!but&!worth&can&!be: conflict
!but&!worth&can&be: negative
!but&worth&!and&!well: conflict
!but&worth&!and&well: conflict
!but&worth&and&!not: neutral
!but&worth&and&not: negative
but&!expensive&!we&!what: positive
but&!expensive&!we&what: neutral
but&!expensive&we&!lucky: neutral
but&!expensive&we&lucky: positive
but&expensive&!food&!to: neutral
but&expensive&!food&to: negative
but&expensive&food&!was: conflict
but&expensive&food&was: conflict
DecisionTree learned:
!but&!though&!matter&!bland: positive
!but&!though&!matter&bland: negative
!but&!though&matter&!i: conflict
!but&!though&matter&i: conflict
!but&though&!even&!your: conflict
!but&though&!even&your: negative
!but&though&even&!seated: negative
!but&though&even&seated: positive
but&!that&!pizza&!at: positive
but&!that&!pizza&at: neutral
but&!that&pizza&!to: positive
but&!that&pizza&to: positive
but&that&!who&!shrimp: negative
but&that&!who&shrimp: positive
but&that&who: conflict
DecisionTree learned:
!but&!fine&!good&!can: positive
!but&!fine&!good&can: conflict
!but&!fine&good&!which: positive
!but&!fine&good&which: neutral
!but&fine&!expected&!service: conflict
!but&fine&!expected&service: positive
!but&fine&expected: conflict
but&!at&!look&!chicken: positive
but&!at&!look&chicken: negative
but&!at&look&!of: conflict
but&!at&look&of: negative
but&at&!and&!experience: negative
but&at&!and&experience: positive
but&at&and&!as: positive
but&at&and&as: neutral
DecisionTree learned:
!but&!though&!matter&!friendly: positive
!but&!though&!matter&friendly: positive
!but&!though&matter&!they: conflict
!but&!though&matter&they: conflict
!but&though&!it&!to: negative
!but&though&!it&to: neutral
!but&though&it&!the: negative
!but&though&it&the: conflict
but&!who&!that&!for: negative
but&!who&!that&for: positive
but&!who&that&!shrimp: negative
but&!who&that&shrimp: positive
but&who&!of&!is: conflict
but&who&!of&is: neutral
but&who&of&!they: conflict
but&who&of&they: negative
DecisionTree learned:
!but&!fine&!excellent&!little: positive
!but&!fine&!excellent&little: conflict
!but&!fine&excellent&!can: positive
!but&!fine&excellent&can: conflict
!but&fine&!expected&!the: positive
!but&fine&!expected&the: conflict
!but&fine&expected: conflict
but&!that&!expensive&!we: positive
but&!that&!expensive&we: negative
but&!that&expensive&!food: neutral
but&!that&expensive&food: conflict
but&that&!shrimp&!are: negative
but&that&!shrimp&are: neutral
but&that&shrimp&!good: positive
but&that&shrimp&good: positive
DecisionTree learned:
!but&!bland&!though&!matter: positive
!but&!bland&!though&matter: conflict
!but&!bland&though&!even: conflict
!but&!bland&though&even: negative
!but&bland&!a&!ok: negative
!but&bland&!a&ok: neutral
!but&bland&a&!to: conflict
!but&bland&a&to: negative
but&!that&!pizza&!go: negative
but&!that&!pizza&go: positive
but&!that&pizza&!make: positive
but&!that&pizza&make: neutral
but&that&!are&!just: negative
but&that&!are&just: negative
but&that&are&!with: positive
but&that&are&with: neutral
DecisionTree learned:
!but&!fine&!can&!worth: positive
!but&!fine&!can&worth: conflict
!but&!fine&can&!cost: negative
!but&!fine&can&cost: conflict
!but&fine&!had&!of: positive
!but&fine&!had&of: positive
!but&fine&had&!were: conflict
!but&fine&had&were: conflict
but&!we&!was&!fine: positive
but&!we&!was&fine: conflict
but&!we&was&!for: negative
but&!we&was&for: positive
but&we&!expensive&!walk: neutral
but&we&!expensive&walk: positive
but&we&expensive: conflict
DecisionTree learned:
!but&!bland&!is&!pub: positive
!but&!bland&!is&pub: conflict
!but&!bland&is&!far: positive
!but&!bland&is&far: conflict
!but&bland&!a&!ok: negative
!but&bland&!a&ok: neutral
!but&bland&a&!to: conflict
!but&bland&a&to: conflict
but&!we&!that&!go: positive
but&!we&!that&go: positive
but&!we&that&!who: negative
but&!we&that&who: conflict
but&we&!very&!got: neutral
but&we&!very&got: negative
but&we&very&!with: negative
but&we&very&with: positive
DecisionTree learned:
!but&!we&!though&!matter: positive
!but&!we&!though&matter: conflict
!but&!we&though&!i: negative
!but&!we&though&i: neutral
!but&we&!fondue&!bar: negative
!but&we&!fondue&bar: neutral
!but&we&fondue: neutral
but&!rudely&!small&!who: positive
but&!rudely&!small&who: conflict
but&!rudely&small&!a: negative
but&!rudely&small&a: conflict
but&rudely&!and: conflict
but&rudely&and: conflict
DecisionTree learned:
!but&!though&!friendly&!little: positive
!but&!though&!friendly&little: conflict
!but&!though&friendly&!is: positive
!but&!though&friendly&is: conflict
!but&though&!even&!not: conflict
!but&though&!even&not: negative
!but&though&even&!seated: negative
!but&though&even&seated: positive
but&!we&!who&!that: positive
but&!we&!who&that: negative
but&!we&who&!for: neutral
but&!we&who&for: conflict
but&we&!expensive&!lucky: neutral
but&we&!expensive&lucky: positive
but&we&expensive: conflict
DecisionTree learned:
!but&!well&!friendly&!can: positive
!but&!well&!friendly&can: negative
!but&!well&friendly&!is: positive
!but&!well&friendly&is: positive
!but&well&!tasty&!not: positive
!but&well&!tasty&not: conflict
!but&well&tasty&!of: conflict
!but&well&tasty&of: positive
but&!that&!we&!pizza: positive
but&!that&!we&pizza: positive
but&!that&we&!very: neutral
but&!that&we&very: negative
but&that&!my&!who: positive
but&that&!my&who: conflict
but&that&my&!a: negative
but&that&my&a: positive
DecisionTree learned:
!but&!lunch&!bland&!fine: positive
!but&!lunch&!bland&fine: conflict
!but&!lunch&bland&!a: negative
!but&!lunch&bland&a: conflict
!but&lunch&!small&!offers: neutral
!but&lunch&!small&offers: positive
!but&lunch&small: negative
but&!that&!only&!small: positive
but&!that&!only&small: negative
but&!that&only&!ordered: positive
but&!that&only&ordered: neutral
but&that&!ever&!who: positive
but&that&!ever&who: conflict
but&that&ever: negative
DecisionTree learned:
!but&!well&!fine&!atmosphere: positive
!but&!well&!fine&atmosphere: positive
!but&!well&fine&!had: positive
!but&!well&fine&had: conflict
!but&well&!tasty&!may: positive
!but&well&!tasty&may: conflict
!but&well&tasty&!of: conflict
!but&well&tasty&of: positive
but&!special&!chicken&!what: positive
but&!special&!chicken&what: neutral
but&!special&chicken&!with: negative
but&!special&chicken&with: negative
but&special&!they&!for: neutral
but&special&!they&for: neutral
but&special&they: conflict
DecisionTree learned:
!but&!small&!lunch&!we: positive
!but&!small&!lunch&we: neutral
!but&!small&lunch&!been: neutral
!but&!small&lunch&been: neutral
!but&small&!by&!romantic: negative
!but&small&!by&romantic: positive
!but&small&by: positive
but&!that&!only&!when: negative
but&!that&!only&when: neutral
but&!that&only&!was: neutral
but&!that&only&was: positive
but&that&!who&!just: positive
but&that&!who&just: negative
but&that&who: conflict
DecisionTree learned:
!but&!worth&!house&!friendly: positive
!but&!worth&!house&friendly: positive
!but&!worth&house&!good: conflict
!but&!worth&house&good: positive
!but&worth&!and&!well: conflict
!but&worth&!and&well: conflict
!but&worth&and&!not: neutral
!but&worth&and&not: positive
but&!rudely&!chicken&!with: positive
but&!rudely&!chicken&with: positive
but&!rudely&chicken&!with: negative
but&!rudely&chicken&with: negative
but&rudely&!and: conflict
but&rudely&and: conflict
DecisionTree learned:
!but&!though&!friendly&!can: positive
!but&!though&!friendly&can: negative
!but&!though&friendly&!is: positive
!but&!though&friendly&is: conflict
!but&though&!even&!not: conflict
!but&though&!even&not: negative
!but&though&even&!with: negative
!but&though&even&with: positive
but&!at&!look&!worth: positive
but&!at&!look&worth: conflict
but&!at&look&!of: conflict
but&!at&look&of: negative
but&at&!and&!all: neutral
but&at&!and&all: negative
but&at&and&!as: neutral
but&at&and&as: neutral
DecisionTree learned:
!but&!fine&!worth&!sometimes: positive
!but&!fine&!worth&sometimes: conflict
!but&!fine&worth&!and: conflict
!but&!fine&worth&and: positive
!but&fine&!had&!of: positive
!but&fine&!had&of: positive
!but&fine&had&!and: conflict
!but&fine&had&and: conflict
but&!that&!when&!only: positive
but&!that&!when&only: neutral
but&!that&when&!were: neutral
but&!that&when&were: neutral
but&that&!thai&!be: negative
but&that&!thai&be: positive
but&that&thai: positive
DecisionTree learned:
!but&!though&!matter&!friendly: positive
!but&!though&!matter&friendly: positive
!but&!though&matter&!i: conflict
!but&!though&matter&i: conflict
!but&though&!even&!it: negative
!but&though&!even&it: conflict
!but&though&even&!with: negative
!but&though&even&with: positive
but&!that&!our&!when: positive
but&!that&!our&when: neutral
but&!that&our&!place: neutral
but&!that&our&place: conflict
but&that&!experience&!shrimp: negative
but&that&!experience&shrimp: positive
but&that&experience&!are: positive
but&that&experience&are: conflict
DecisionTree learned:
!but&!can&!is&!little: neutral
!but&!can&!is&little: conflict
!but&!can&is&!everything: positive
!but&!can&is&everything: conflict
!but&can&!cost&!they: negative
!but&can&!cost&they: conflict
!but&can&cost&!for: conflict
!but&can&cost&for: conflict
but&!special&!at&!look: positive
but&!special&!at&look: conflict
but&!special&at&!and: negative
but&!special&at&and: neutral
but&special&!they&!for: neutral
but&special&!they&for: neutral
but&special&they: neutral
DecisionTree learned:
!but&!though&!matter&!cost: positive
!but&!though&!matter&cost: conflict
!but&!though&matter&!i: conflict
!but&!though&matter&i: conflict
!but&though&!we&!not: conflict
!but&though&!we&not: negative
!but&though&we&!well: neutral
!but&though&we&well: negative
but&!that&!only&!dim: negative
but&!that&!only&dim: neutral
but&!that&only&!and: positive
but&!that&only&and: neutral
but&that&!shrimp&!who: negative
but&that&!shrimp&who: conflict
but&that&shrimp&!good: positive
but&that&shrimp&good: positive
DecisionTree learned:
!but&!try&!is&!can: negative
!but&!try&!is&can: conflict
!but&!try&is&!though: positive
!but&!try&is&though: conflict
!but&try&!because&!bagel: positive
!but&try&!because&bagel: neutral
!but&try&because: neutral
but&!that&!only&!when: positive
but&!that&!only&when: neutral
but&!that&only&!food: neutral
but&!that&only&food: positive
but&that&!ever&!just: positive
but&that&!ever&just: negative
but&that&ever: negative
DecisionTree learned:
!but&!fine&!house&!worth: positive
!but&!fine&!house&worth: conflict
!but&!fine&house&!a: conflict
!but&!fine&house&a: positive
!but&fine&!had&!of: positive
!but&fine&!had&of: conflict
!but&fine&had&!and: conflict
!but&fine&had&and: conflict
but&!that&!when&!only: negative
but&!that&!when&only: neutral
but&!that&when&!on: neutral
but&!that&when&on: neutral
but&that&!us&!shrimp: negative
but&that&!us&shrimp: positive
but&that&us&!with: positive
but&that&us&with: positive
DecisionTree learned:
!but&!worth&!can&!house: positive
!but&!worth&!can&house: conflict
!but&!worth&can&!be: conflict
!but&!worth&can&be: negative
!but&worth&!and&!well: conflict
!but&worth&!and&well: positive
!but&worth&and&!not: neutral
!but&worth&and&not: positive
but&!that&!wife&!at: positive
but&!that&!wife&at: neutral
but&!that&wife&!as: conflict
but&!that&wife&as: neutral
but&that&!who&!shrimp: negative
but&that&!who&shrimp: positive
but&that&who: conflict
DecisionTree learned:
!but&!far&!bland&!though: positive
!but&!far&!bland&though: negative
!but&!far&bland&!a: negative
!but&!far&bland&a: conflict
!but&far&!well&!have: positive
!but&far&!well&have: neutral
!but&far&well&!so: conflict
!but&far&well&so: conflict
but&!that&!wife&!at: negative
but&!that&!wife&at: neutral
but&!that&wife&!as: conflict
but&!that&wife&as: conflict
but&that&!are&!with: negative
but&that&!are&with: positive
but&that&are&!with: positive
but&that&are&with: neutral
DecisionTree learned:
!but&!friendly&!it&!with: positive
!but&!friendly&!it&with: neutral
!but&!friendly&it&!little: negative
!but&!friendly&it&little: conflict
!but&friendly&!is&!for: positive
!but&friendly&!is&for: neutral
!but&friendly&is&!service: positive
!but&friendly&is&service: conflict
but&!that&!when&!dim: positive
but&!that&!when&dim: neutral
but&!that&when&!were: neutral
but&!that&when&were: neutral
but&that&!shrimp&!experience: negative
but&that&!shrimp&experience: positive
but&that&shrimp&!good: positive
but&that&shrimp&good: positive
DecisionTree learned:
!but&!atmosphere&!friendly&!fine: positive
!but&!atmosphere&!friendly&fine: conflict
!but&!atmosphere&friendly&!is: neutral
!but&!atmosphere&friendly&is: conflict
!but&atmosphere&!they&!lot: positive
!but&atmosphere&!they&lot: negative
!but&atmosphere&they&!with: conflict
!but&atmosphere&they&with: conflict
but&!at&!that&!well: positive
but&!at&!that&well: conflict
but&!at&that&!best: negative
but&!at&that&best: positive
but&at&!and&!experience: negative
but&at&!and&experience: positive
but&at&and&!as: neutral
but&at&and&as: neutral
DecisionTree learned:
!but&!worth&!matter&!bland: positive
!but&!worth&!matter&bland: negative
!but&!worth&matter&!i: conflict
!but&!worth&matter&i: conflict
!but&worth&!and&!well: conflict
!but&worth&!and&well: conflict
!but&worth&and&!not: neutral
!but&worth&and&not: positive
but&!that&!at&!when: negative
but&!that&!at&when: neutral
but&!that&at&!and: negative
but&!that&at&and: neutral
but&that&!who&!just: positive
but&that&!who&just: negative
but&that&who: conflict
DecisionTree learned:
!but&!friendly&!can&!although: positive
!but&!friendly&!can&although: conflict
!but&!friendly&can&!be: conflict
!but&!friendly&can&be: negative
!but&friendly&!is&!the: positive
!but&friendly&!is&the: neutral
!but&friendly&is&!there: positive
!but&friendly&is&there: conflict
but&!that&!at&!is: negative
but&!that&!at&is: positive
but&!that&at&!and: negative
but&!that&at&and: neutral
but&that&!just&!who: positive
but&that&!just&who: conflict
but&that&just&!for: negative
but&that&just&for: neutral
DecisionTree learned:
!but&!worth&!can&!friendly: positive
!but&!worth&!can&friendly: positive
!but&!worth&can&!be: conflict
!but&!worth&can&be: negative
!but&worth&!and&!well: conflict
!but&worth&!and&well: conflict
!but&worth&and&!not: neutral
!but&worth&and&not: negative
but&!that&!when&!only: positive
but&!that&!when&only: positive
but&!that&when&!all: neutral
but&!that&when&all: negative
but&that&!who&!just: positive
but&that&!who&just: negative
but&that&who: conflict
DecisionTree learned:
!but&!although&!friendly&!fine: positive
!but&!although&!friendly&fine: conflict
!but&!although&friendly&!is: positive
!but&!although&friendly&is: conflict
!but&although&!service&!was: neutral
!but&although&!service&was: conflict
!but&although&service&!to: negative
!but&although&service&to: neutral
but&!rudely&!at&!worth: positive
but&!rudely&!at&worth: conflict
but&!rudely&at&!and: neutral
but&!rudely&at&and: positive
but&rudely&!and: conflict
but&rudely&and: conflict
DecisionTree learned:
!but&!worth&!fine&!can: positive
!but&!worth&!fine&can: conflict
!but&!worth&fine&!had: positive
!but&!worth&fine&had: conflict
!but&worth&!and&!well: conflict
!but&worth&!and&well: conflict
!but&worth&and&!not: neutral
!but&worth&and&not: negative
but&!that&!only&!wife: negative
but&!that&!only&wife: conflict
but&!that&only&!and: positive
but&!that&only&and: neutral
but&that&!my&!me: positive
but&that&!my&me: neutral
but&that&my&!a: negative
but&that&my&a: positive
DecisionTree learned:
!but&!house&!fine&!far: positive
!but&!house&!fine&far: conflict
!but&!house&fine&!expected: conflict
!but&!house&fine&expected: conflict
!but&house&!a&!on: conflict
!but&house&!a&on: positive
!but&house&a&!great: positive
!but&house&a&great: neutral
but&!that&!what&!when: positive
but&!that&!what&when: neutral
but&!that&what&!were: neutral
but&!that&what&were: negative
but&that&!who&!my: negative
but&that&!who&my: negative
but&that&who: conflict
DecisionTree learned:
!but&!fine&!well&!friendly: positive
!but&!fine&!well&friendly: positive
!but&!fine&well&!tasty: positive
!but&!fine&well&tasty: conflict
!but&fine&!had&!of: positive
!but&fine&!had&of: positive
!but&fine&had&!were: conflict
!but&fine&had&were: conflict
but&!that&!small&!fine: positive
but&!that&!small&fine: conflict
but&!that&small&!is: negative
but&!that&small&is: positive
but&that&!experience&!bit: negative
but&that&!experience&bit: positive
but&that&experience&!are: positive
but&that&experience&are: conflict
DecisionTree learned:
!but&!bland&!friendly&!fine: positive
!but&!bland&!friendly&fine: conflict
!but&!bland&friendly&!is: neutral
!but&!bland&friendly&is: conflict
!but&bland&!a&!ok: negative
!but&bland&!a&ok: neutral
!but&bland&a&!to: conflict
!but&bland&a&to: conflict
but&!we&!that&!eat: positive
but&!we&!that&eat: negative
but&!we&that&!you: negative
but&!we&that&you: positive
but&we&!very&!menu: neutral
but&we&!very&menu: negative
but&we&very&!for: positive
but&we&very&for: negative
DecisionTree learned:
!but&!dinner&!wine&!try: negative
!but&!dinner&!wine&try: positive
!but&!dinner&wine&!service: neutral
!but&!dinner&wine&service: positive
!but&dinner&!not&!time: neutral
!but&dinner&!not&time: negative
!but&dinner&not&!too: neutral
!but&dinner&not&too: negative
but&!rudely&!small&!pad: positive
but&!rudely&!small&pad: conflict
but&!rudely&small&!a: negative
but&!rudely&small&a: conflict
but&rudely&!and: conflict
but&rudely&and: conflict
DecisionTree learned:
!but&!sometimes&!well&!house: positive
!but&!sometimes&!well&house: conflict
!but&!sometimes&well&!as: conflict
!but&!sometimes&well&as: positive
!but&sometimes&!food&!and: positive
!but&sometimes&!food&and: conflict
!but&sometimes&food&!bad: positive
!but&sometimes&food&bad: negative
but&!that&!when&!only: positive
but&!that&!when&only: positive
but&!that&when&!at: neutral
but&!that&when&at: negative
but&that&!experience&!us: negative
but&that&!experience&us: positive
but&that&experience&!are: positive
but&that&experience&are: conflict
DecisionTree learned:
!but&!excellent&!worth&!house: positive
!but&!excellent&!worth&house: conflict
!but&!excellent&worth&!and: conflict
!but&!excellent&worth&and: positive
!but&excellent&!here&!that: positive
!but&excellent&!here&that: neutral
!but&excellent&here: conflict
but&!that&!when&!dim: positive
but&!that&!when&dim: neutral
but&!that&when&!all: neutral
but&!that&when&all: negative
but&that&!are&!with: negative
but&that&!are&with: positive
but&that&are&!with: positive
but&that&are&with: neutral
DecisionTree learned:
!but&!is&!little&!can: neutral
!but&!is&!little&can: conflict
!but&!is&little&!also: conflict
!but&!is&little&also: neutral
!but&is&!rest&!not: positive
!but&is&!rest&not: negative
!but&is&rest&!good: conflict
!but&is&rest&good: conflict
but&!that&!only&!dim: negative
but&!that&!only&dim: neutral
but&!that&only&!food: neutral
but&!that&only&food: positive
but&that&!prices&!shrimp: negative
but&that&!prices&shrimp: positive
but&that&prices&!they: positive
but&that&prices&they: neutral
DecisionTree learned:
!but&!our&!little&!fine: positive
!but&!our&!little&fine: conflict
!but&!our&little&!also: conflict
!but&!our&little&also: neutral
!but&our&!table&!when: neutral
!but&our&!table&when: neutral
!but&our&table&!on: negative
!but&our&table&on: negative
but&!high&!cozy&!who: positive
but&!high&!cozy&who: neutral
but&!high&cozy: conflict
but&high&!a&!the: negative
but&high&!a&the: conflict
but&high&a: conflict
DecisionTree learned:
!but&!far&!cost&!fine: positive
!but&!far&!cost&fine: conflict
!but&!far&cost&!to: conflict
!but&!far&cost&to: negative
!but&far&!well&!have: positive
!but&far&!well&have: neutral
!but&far&well&!so: conflict
!but&far&well&so: conflict
but&!that&!special&!small: positive
but&!that&!special&small: negative
but&!that&special&!they: neutral
but&!that&special&they: neutral
but&that&!who&!just: positive
but&that&!who&just: negative
but&that&who: conflict
DecisionTree learned:
!but&!service&!although&!atmosphere: neutral
!but&!service&!although&atmosphere: positive
!but&!service&although&!was: neutral
!but&!service&although&was: conflict
!but&service&!and&!ok: negative
!but&service&!and&ok: neutral
!but&service&and&!with: positive
!but&service&and&with: negative
but&!that&!at&!worth: positive
but&!that&!at&worth: conflict
but&!that&at&!and: neutral
but&!that&at&and: neutral
but&that&!who&!prices: negative
but&that&!who&prices: positive
but&that&who: conflict
DecisionTree learned:
!but&!matter&!bland&!worth: positive
!but&!matter&!bland&worth: conflict
!but&!matter&bland&!a: negative
!but&!matter&bland&a: conflict
!but&matter&!with&!i: conflict
!but&matter&!with&i: conflict
!but&matter&with: negative
but&!that&!special&!our: positive
but&!that&!special&our: neutral
but&!that&special&!they: neutral
but&!that&special&they: conflict
but&that&!experience&!shrimp: negative
but&that&!experience&shrimp: positive
but&that&experience&!are: positive
but&that&experience&are: conflict
DecisionTree learned:
!but&!good&!sometimes&!well: negative
!but&!good&!sometimes&well: positive
!but&!good&sometimes&!you: conflict
!but&!good&sometimes&you: positive
!but&good&!everything&!not: positive
!but&good&!everything&not: negative
!but&good&everything: conflict
but&!that&!is&!nice: conflict
but&!that&!is&nice: positive
but&!that&is&!what: positive
but&!that&is&what: neutral
but&that&!cost&!experience: negative
but&that&!cost&experience: positive
but&that&cost&!and: positive
but&that&cost&and: neutral
DecisionTree learned:
!but&!try&!house&!far: negative
!but&!try&!house&far: conflict
!but&!try&house&!a: conflict
!but&!try&house&a: positive
!but&try&!bagel&!you: positive
!but&try&!bagel&you: positive
!but&try&bagel&!and: neutral
!but&try&bagel&and: neutral
but&!our&!expensive&!we: positive
but&!our&!expensive&we: neutral
but&!our&expensive&!it: conflict
but&!our&expensive&it: conflict
but&our&!place&!in: neutral
but&our&!place&in: neutral
but&our&place: neutral
DecisionTree learned:
!but&!can&!worth&!house: positive
!but&!can&!worth&house: conflict
!but&!can&worth&!and: conflict
!but&!can&worth&and: positive
!but&can&!cost&!they: negative
!but&can&!cost&they: conflict
!but&can&cost&!for: conflict
!but&can&cost&for: conflict
but&!high&!chicken&!pad: positive
but&!high&!chicken&pad: conflict
but&!high&chicken&!with: negative
but&!high&chicken&with: negative
but&high&!a&!the: negative
but&high&!a&the: conflict
but&high&a: conflict
DecisionTree learned:
!but&!fine&!well&!house: negative
!but&!fine&!well&house: conflict
!but&!fine&well&!tasty: positive
!but&!fine&well&tasty: conflict
!but&fine&!had&!of: positive
!but&fine&!had&of: conflict
!but&fine&had&!and: conflict
!but&fine&had&and: conflict
but&!that&!when&!only: negative
but&!that&!when&only: neutral
but&!that&when&!were: positive
but&!that&when&were: neutral
but&that&!are&!with: negative
but&that&!are&with: positive
but&that&are&!with: positive
but&that&are&with: neutral
DecisionTree learned:
!but&!pub&!is&!can: negative
!but&!pub&!is&can: conflict
!but&!pub&is&!rest: positive
!but&!pub&is&rest: conflict
!but&pub: conflict
but&!that&!only&!at: positive
but&!that&!only&at: neutral
but&!that&only&!food: positive
but&!that&only&food: positive
but&that&!who&!shrimp: negative
but&that&!who&shrimp: positive
but&that&who: conflict
DecisionTree learned:
!but&!bland&!though&!matter: positive
!but&!bland&!though&matter: conflict
!but&!bland&though&!we: conflict
!but&!bland&though&we: negative
!but&bland&!a&!ok: negative
!but&bland&!a&ok: neutral
!but&bland&a&!to: conflict
!but&bland&a&to: conflict
but&!that&!we&!what: positive
but&!that&!we&what: neutral
but&!that&we&!very: negative
but&!that&we&very: negative
but&that&!just&!ever: positive
but&that&!just&ever: negative
but&that&just&!for: negative
but&that&just&for: neutral
DecisionTree learned:
!but&!measures&!fine&!is: neutral
!but&!measures&!fine&is: positive
!but&!measures&fine&!had: positive
!but&!measures&fine&had: conflict
!but&measures: conflict
but&!we&!when&!that: positive
but&!we&!when&that: negative
but&!we&when&!all: neutral
but&!we&when&all: positive
but&we&!menu&!very: neutral
but&we&!menu&very: negative
but&we&menu&!and: negative
but&we&menu&and: negative
DecisionTree learned:
!but&!it&!with&!can: positive
!but&!it&!with&can: conflict
!but&!it&with&!wait: neutral
!but&!it&with&wait: negative
!but&it&!matter&!price: negative
!but&it&!matter&price: conflict
!but&it&matter&!they: conflict
!but&it&matter&they: conflict
but&!that&!when&!only: negative
but&!that&!when&only: positive
but&!that&when&!at: neutral
but&!that&when&at: negative
but&that&!are&!with: negative
but&that&!are&with: positive
but&that&are&!with: positive
but&that&are&with: neutral
DecisionTree learned:
!but&!fine&!worth&!service: neutral
!but&!fine&!worth&service: positive
!but&!fine&worth&!and: conflict
!but&!fine&worth&and: neutral
!but&fine&!had&!of: positive
!but&fine&!had&of: conflict
!but&fine&had&!were: conflict
!but&fine&had&were: conflict
but&!that&!at&!times: negative
but&!that&!at&times: neutral
but&!that&at&!and: negative
but&!that&at&and: neutral
but&that&!just&!who: positive
but&that&!just&who: conflict
but&that&just&!with: neutral
but&that&just&with: negative
DecisionTree learned:
!but&!we&!though&!matter: positive
!but&!we&!though&matter: conflict
!but&!we&though&!not: conflict
!but&!we&though&not: negative
!but&we&!is&!were: neutral
!but&we&!is&were: negative
!but&we&is&!attentive: negative
!but&we&is&attentive: positive
but&!that&!when&!no: negative
but&!that&!when&no: neutral
but&!that&when&!were: positive
but&!that&when&were: neutral
but&that&!ever&!of: neutral
but&that&!ever&of: negative
but&that&ever: negative
DecisionTree learned:
!but&!is&!little&!pub: neutral
!but&!is&!little&pub: conflict
!but&!is&little&!also: conflict
!but&!is&little&also: neutral
!but&is&!rest&!friendly: positive
!but&is&!rest&friendly: conflict
!but&is&rest&!good: conflict
!but&is&rest&good: conflict
but&!that&!only&!when: negative
but&!that&!only&when: neutral
but&!that&only&!food: positive
but&!that&only&food: positive
but&that&!experience&!shrimp: negative
but&that&!experience&shrimp: positive
but&that&experience&!are: positive
but&that&experience&are: conflict
DecisionTree learned:
!but&!though&!can&!measures: positive
!but&!though&!can&measures: conflict
!but&!though&can&!cost: negative
!but&!though&can&cost: conflict
!but&though&!even&!i: conflict
!but&though&!even&i: negative
!but&though&even&!restaurant: negative
!but&though&even&restaurant: positive
but&!that&!small&!ok: positive
but&!that&!small&ok: neutral
but&!that&small&!a: negative
but&!that&small&a: conflict
but&that&!are&!with: negative
but&that&!are&with: positive
but&that&are&!with: positive
but&that&are&with: neutral
DecisionTree learned:
!but&!service&!although&!fine: neutral
!but&!service&!although&fine: conflict
!but&!service&although&!the: neutral
!but&!service&although&the: conflict
!but&service&!friendly&!re: negative
!but&service&!friendly&re: conflict
!but&service&friendly&!is: positive
!but&service&friendly&is: conflict
but&!that&!when&!only: negative
but&!that&!when&only: positive
but&!that&when&!all: neutral
but&!that&when&all: negative
but&that&!are&!with: negative
but&that&!are&with: positive
but&that&are&!with: positive
but&that&are&with: neutral
DecisionTree learned:
!but&!fine&!can&!well: negative
!but&!fine&!can&well: positive
!but&!fine&can&!be: conflict
!but&!fine&can&be: negative
!but&fine&!expected&!the: positive
!but&fine&!expected&the: conflict
!but&fine&expected: conflict
but&!that&!at&!worth: positive
but&!that&!at&worth: conflict
but&!that&at&!and: neutral
but&!that&at&and: neutral
but&that&!has&!you: negative
but&that&!has&you: positive
but&that&has&!for: neutral
but&that&has&for: neutral
DecisionTree learned:
!but&!little&!varys&!is: neutral
!but&!little&!varys&is: positive
!but&!little&varys: conflict
!but&little&!also&!time: conflict
!but&little&!also&time: conflict
!but&little&also: neutral
but&!who&!that&!only: positive
but&!who&!that&only: neutral
but&!who&that&!us: negative
but&!who&that&us: positive
but&who&!for&!with: neutral
but&who&!for&with: negative
but&who&for&!of: conflict
but&who&for&of: conflict
DecisionTree learned:
!but&!matter&!fine&!worth: positive
!but&!matter&!fine&worth: conflict
!but&!matter&fine&!had: positive
!but&!matter&fine&had: conflict
!but&matter&!with&!i: conflict
!but&matter&!with&i: conflict
!but&matter&with: negative
but&!that&!pizza&!when: positive
but&!that&!pizza&when: neutral
but&!that&pizza&!to: positive
but&!that&pizza&to: positive
but&that&!are&!with: negative
but&that&!are&with: positive
but&that&are&!with: positive
but&that&are&with: neutral
DecisionTree learned:
!but&!fine&!exceeded&!bland: positive
!but&!fine&!exceeded&bland: conflict
!but&!fine&exceeded: conflict
!but&fine&!had&!of: positive
!but&fine&!had&of: conflict
!but&fine&had&!and: conflict
!but&fine&had&and: conflict
but&!that&!wife&!at: negative
but&!that&!wife&at: neutral
but&!that&wife&!as: conflict
but&!that&wife&as: conflict
but&that&!who&!ever: positive
but&that&!who&ever: negative
but&that&who: conflict
DecisionTree learned:
!we&!well&!but&!though: positive
!we&!well&!but&though: conflict
!we&!well&but&!high: negative
!we&!well&but&high: conflict
!we&well&!tasty&!not: positive
!we&well&!tasty&not: conflict
!we&well&tasty&!with: conflict
!we&well&tasty&with: neutral
we&!order&!fondue&!expensive: neutral
we&!order&!fondue&expensive: negative
we&!order&fondue: neutral
we&order&!that&!very: neutral
we&order&!that&very: neutral
we&order&that&!a: negative
we&order&that&a: negative
DecisionTree learned:
!but&!house&!bland&!well: positive
!but&!house&!bland&well: positive
!but&!house&bland&!a: negative
!but&!house&bland&a: conflict
!but&house&!a&!on: conflict
!but&house&!a&on: positive
!but&house&a&!great: positive
!but&house&a&great: neutral
but&!that&!eat&!fine: positive
but&!that&!eat&fine: conflict
but&!that&eat&!for: positive
but&!that&eat&for: negative
but&that&!has&!from: positive
but&that&!has&from: negative
but&that&has&!for: neutral
but&that&has&for: neutral
DecisionTree learned:
!but&!fine&!eats&!pub: positive
!but&!fine&!eats&pub: conflict
!but&!fine&eats&!for: conflict
!but&!fine&eats&for: positive
!but&fine&!expected&!the: positive
!but&fine&!expected&the: conflict
!but&fine&expected: conflict
but&!that&!only&!when: negative
but&!that&!only&when: neutral
but&!that&only&!food: neutral
but&!that&only&food: positive
but&that&!who&!ever: positive
but&that&!who&ever: negative
but&that&who: conflict
DecisionTree learned:
!but&!we&!though&!matter: positive
!but&!we&!though&matter: conflict
!but&!we&though&!i: negative
!but&!we&though&i: neutral
!but&we&!table&!great: neutral
!but&we&!table&great: positive
!but&we&table&!that: negative
!but&we&table&that: negative
but&!that&!wife&!at: positive
but&!that&!wife&at: neutral
but&!that&wife&!as: conflict
but&!that&wife&as: conflict
but&that&!prices&!cost: negative
but&that&!prices&cost: positive
but&that&prices&!they: positive
but&that&prices&they: neutral
Trial 0 Training cc.mallet.classify.AdaBoostM2Trainer@7e78fc6 finished
Trial 0 Trainer cc.mallet.classify.AdaBoostM2Trainer@7e78fc6 test data accuracy = 0.5780189959294437

NaiveBayesTrainer
Summary. test accuracy mean = 0.5739484396200815 stddev = 0.0 stderr = 0.0

MaxEntTrainer,gaussianPriorVariance=1.0
Summary. test accuracy mean = 0.6404341926729986 stddev = 0.0 stderr = 0.0

cc.mallet.classify.DecisionTreeTrainer@3e110003
Summary. test accuracy mean = 0.5658073270013568 stddev = 0.0 stderr = 0.0

cc.mallet.classify.AdaBoostM2Trainer@7e78fc6
Summary. test accuracy mean = 0.5780189959294437 stddev = 0.0 stderr = 0.0
