
-------------------- Trial 0  --------------------

Trial 0 Training NaiveBayesTrainer with 2956 instances
Trial 0 Training NaiveBayesTrainer finished
Trial 0 Trainer NaiveBayesTrainer test data accuracy = 0.6119402985074627
Trial 0 Training MaxEntTrainer,gaussianPriorVariance=1.0 with 2956 instances
Trial 0 Training MaxEntTrainer,gaussianPriorVariance=1.0 finished
Trial 0 Trainer MaxEntTrainer,gaussianPriorVariance=1.0 test data accuracy = 0.6282225237449118
Trial 0 Training cc.mallet.classify.DecisionTreeTrainer@3e110003 with 2956 instances
DecisionTree learned:
!but&!not&!great&!dinner: positive
!but&!not&!great&dinner: neutral
!but&!not&great&!three: positive
!but&!not&great&three: negative
!but&not&!was&!tastes: negative
!but&not&!was&tastes: positive
!but&not&was&!appetizer: negative
!but&not&was&appetizer: neutral
but&!ever&!chicken&!who: positive
but&!ever&!chicken&who: neutral
but&!ever&chicken&!with: negative
but&!ever&chicken&with: negative
but&ever: negative
Trial 0 Training cc.mallet.classify.DecisionTreeTrainer@3e110003 finished
Trial 0 Trainer cc.mallet.classify.DecisionTreeTrainer@3e110003 test data accuracy = 0.5793758480325645
Trial 0 Training cc.mallet.classify.AdaBoostM2Trainer@5464ea66 with 2956 instances
DecisionTree learned:
!but&!not&!great&!dinner: positive
!but&!not&!great&dinner: neutral
!but&!not&great&!three: positive
!but&!not&great&three: negative
!but&not&!was&!tastes: negative
!but&not&!was&tastes: positive
!but&not&was&!sapphire: negative
!but&not&was&sapphire: positive
but&!ever&!chicken&!who: positive
but&!ever&!chicken&who: neutral
but&!ever&chicken&!with: negative
but&!ever&chicken&with: negative
but&ever: negative
DecisionTree learned:
!but&!not&!great&!dinner: positive
!but&!not&!great&dinner: neutral
!but&!not&great&!want: positive
!but&!not&great&want: negative
!but&not&!was&!reviews: positive
!but&not&!was&reviews: neutral
!but&not&was&!appetizer: negative
!but&not&was&appetizer: neutral
but&!ever&!high&!who: positive
but&!ever&!high&who: negative
but&!ever&high&!a: negative
but&!ever&high&a: conflict
but&ever: negative
DecisionTree learned:
!but&!not&!great&!rude: positive
!but&!not&!great&rude: negative
!but&!not&great&!for: positive
!but&!not&great&for: positive
!but&not&!worth&!was: positive
!but&not&!worth&was: negative
!but&not&worth&!with: negative
!but&not&worth&with: conflict
but&!pad&!only&!when: positive
but&!pad&!only&when: neutral
but&!pad&only&!food: neutral
but&!pad&only&food: positive
but&pad: conflict
DecisionTree learned:
!but&!friendly&!excellent&!was: positive
!but&!friendly&!excellent&was: negative
!but&!friendly&excellent&!can: positive
!but&!friendly&excellent&can: positive
!but&friendly&!barely&!is: positive
!but&friendly&!barely&is: positive
!but&friendly&barely: conflict
but&!expensive&!we&!that: positive
but&!expensive&!we&that: negative
but&!expensive&we&!of: neutral
but&!expensive&we&of: negative
but&expensive&!our&!food: negative
but&expensive&!our&food: conflict
but&expensive&our: neutral
DecisionTree learned:
!but&!friendly&!good&!was: positive
!but&!friendly&!good&was: negative
!but&!friendly&good&!staff: positive
!but&!friendly&good&staff: negative
!but&friendly&!is&!for: positive
!but&friendly&!is&for: neutral
!but&friendly&is&!there: positive
!but&friendly&is&there: conflict
but&!only&!who&!that: positive
but&!only&!who&that: negative
but&!only&who&!of: neutral
but&!only&who&of: negative
but&only&!ordered&!food: positive
but&only&!ordered&food: positive
but&only&ordered: neutral
DecisionTree learned:
!but&!excellent&!friendly&!delicious: positive
!but&!excellent&!friendly&delicious: positive
!but&!excellent&friendly&!is: positive
!but&!excellent&friendly&is: positive
!but&excellent&!restaurants&!do: positive
!but&excellent&!restaurants&do: positive
!but&excellent&restaurants&!for: neutral
!but&excellent&restaurants&for: conflict
but&!who&!that&!thai: positive
but&!who&!that&thai: negative
but&!who&that&!shrimp: negative
but&!who&that&shrimp: positive
but&who&!for&!with: neutral
but&who&!for&with: negative
but&who&for&!of: conflict
but&who&for&of: negative
DecisionTree learned:
!but&!not&!dinner&!though: positive
!but&!not&!dinner&though: negative
!but&!not&dinner&!would: neutral
!but&!not&dinner&would: negative
!but&not&!was&!are: negative
!but&not&!was&are: negative
!but&not&was&!when: negative
!but&not&was&when: neutral
but&!we&!only&!other: positive
but&!we&!only&other: conflict
but&!we&only&!are: positive
but&!we&only&are: neutral
but&we&!got&!at: positive
but&we&!got&at: neutral
but&we&got&!and: neutral
but&we&got&and: negative
DecisionTree learned:
!but&!is&!delicious&!great: positive
!but&!is&!delicious&great: positive
!but&!is&delicious&!bar: positive
!but&!is&delicious&bar: neutral
!but&is&!be&!that: positive
!but&is&!be&that: negative
!but&is&be&!diminisher: neutral
!but&is&be&diminisher: negative
but&!wife&!at&!worth: positive
but&!wife&!at&worth: conflict
but&!wife&at&!and: negative
but&!wife&at&and: positive
but&wife&!like&!as: conflict
but&wife&!like&as: conflict
but&wife&like: negative
DecisionTree learned:
!but&!friendly&!though&!was: positive
!but&!friendly&!though&was: negative
!but&!friendly&though&!it: negative
!but&!friendly&though&it: conflict
!but&friendly&!is&!service: positive
!but&friendly&!is&service: positive
!but&friendly&is&!there: positive
!but&friendly&is&there: conflict
but&!we&!that&!small: positive
but&!we&!that&small: negative
but&!we&that&!my: negative
but&!we&that&my: negative
but&we&!very&!of: neutral
but&we&!very&of: negative
but&we&very&!for: positive
but&we&very&for: negative
DecisionTree learned:
!but&!not&!dinner&!though: positive
!but&!not&!dinner&though: negative
!but&!not&dinner&!n: neutral
!but&!not&dinner&n: negative
!but&not&!worth&!tastes: negative
!but&not&!worth&tastes: positive
!but&not&worth&!with: negative
!but&not&worth&with: conflict
but&!ever&!expensive&!we: positive
but&!ever&!expensive&we: neutral
but&!ever&expensive&!food: neutral
but&!ever&expensive&food: conflict
but&ever: negative
DecisionTree learned:
!but&!our&!though&!excellent: positive
!but&!our&!though&excellent: positive
!but&!our&though&!even: negative
!but&!our&though&even: negative
!but&our&!order&!ignored: neutral
!but&our&!order&ignored: negative
!but&our&order&!that: negative
!but&our&order&that: negative
but&!we&!who&!that: positive
but&!we&!who&that: negative
but&!we&who&!for: neutral
but&!we&who&for: conflict
but&we&!menu&!expensive: neutral
but&we&!menu&expensive: negative
but&we&menu&!and: negative
but&we&menu&and: negative
DecisionTree learned:
!but&!our&!dinner&!friendly: positive
!but&!our&!dinner&friendly: positive
!but&!our&dinner&!not: neutral
!but&!our&dinner&not: negative
!but&our&!bill&!service: neutral
!but&our&!bill&service: positive
!but&our&bill: negative
but&!only&!that&!wife: positive
but&!only&!that&wife: conflict
but&!only&that&!my: positive
but&!only&that&my: negative
but&only&!was&!ordered: positive
but&only&!was&ordered: neutral
but&only&was&!because: positive
but&only&was&because: negative
DecisionTree learned:
!but&!friendly&!try&!excellent: positive
!but&!friendly&!try&excellent: positive
!but&!friendly&try&!bagel: positive
!but&!friendly&try&bagel: neutral
!but&friendly&!is&!the: positive
!but&friendly&!is&the: positive
!but&friendly&is&!there: positive
!but&friendly&is&there: conflict
but&!at&!worth&!look: positive
but&!at&!worth&look: conflict
but&!at&worth&!and: conflict
but&!at&worth&and: conflict
but&at&!and&!experience: negative
but&at&!and&experience: positive
but&at&and&!as: positive
but&at&and&as: conflict
DecisionTree learned:
!but&!dinner&!friendly&!try: positive
!but&!dinner&!friendly&try: positive
!but&!dinner&friendly&!is: positive
!but&!dinner&friendly&is: positive
!but&dinner&!drinks&!would: neutral
!but&dinner&!drinks&would: negative
!but&dinner&drinks&!this: negative
!but&dinner&drinks&this: positive
but&!quality&!chicken&!with: positive
but&!quality&!chicken&with: positive
but&!quality&chicken&!with: negative
but&!quality&chicken&with: negative
but&quality: negative
DecisionTree learned:
!but&!though&!matter&!friendly: positive
!but&!though&!matter&friendly: positive
!but&!though&matter&!i: conflict
!but&!though&matter&i: conflict
!but&though&!it&!chef: negative
!but&though&!it&chef: positive
!but&though&it&!the: negative
!but&though&it&the: conflict
but&!at&!worth&!is: negative
but&!at&!worth&is: positive
but&!at&worth&!and: conflict
but&!at&worth&and: positive
but&at&!and&!experience: negative
but&at&!and&experience: positive
but&at&and&!as: positive
but&at&and&as: conflict
DecisionTree learned:
!but&!was&!though&!wine: positive
!but&!was&!though&wine: positive
!but&!was&though&!of: negative
!but&!was&though&of: conflict
!but&was&!delicious&!good: negative
!but&was&!delicious&good: positive
!but&was&delicious&!because: positive
!but&was&delicious&because: positive
but&!only&!that&!our: positive
but&!only&!that&our: neutral
but&!only&that&!who: negative
but&!only&that&who: conflict
but&only&!ordered&!actually: positive
but&only&!ordered&actually: neutral
but&only&ordered: neutral
DecisionTree learned:
!but&!excellent&!try&!is: positive
!but&!excellent&!try&is: positive
!but&!excellent&try&!bagel: positive
!but&!excellent&try&bagel: neutral
!but&excellent&!can&!priced: positive
!but&excellent&!can&priced: neutral
!but&excellent&can: conflict
but&!not&!expensive&!we: positive
but&!not&!expensive&we: neutral
but&!not&expensive&!our: conflict
but&!not&expensive&our: neutral
but&not&!for&!to: conflict
but&not&!for&to: neutral
but&not&for&!experience: neutral
but&not&for&experience: positive
DecisionTree learned:
!but&!great&!we&!though: positive
!but&!great&!we&though: negative
!but&!great&we&!delicious: neutral
!but&!great&we&delicious: positive
!but&great&!not&!kids: positive
!but&great&!not&kids: conflict
!but&great&not&!with: conflict
!but&great&not&with: positive
but&!at&!worth&!was: positive
but&!at&!worth&was: negative
but&!at&worth&!and: conflict
but&!at&worth&and: positive
but&at&!and&!we: negative
but&at&!and&we: neutral
but&at&and&!as: positive
but&at&and&as: neutral
DecisionTree learned:
!but&!service&!although&!our: positive
!but&!service&!although&our: neutral
!but&!service&although&!the: neutral
!but&!service&although&the: conflict
!but&service&!wait&!and: negative
!but&service&!wait&and: positive
!but&service&wait&!not: negative
!but&service&wait&not: neutral
but&!at&!worth&!is: negative
but&!at&!worth&is: positive
but&!at&worth&!and: conflict
but&!at&worth&and: conflict
but&at&!and&!we: negative
but&at&!and&we: negative
but&at&and&!as: positive
but&at&and&as: neutral
DecisionTree learned:
!but&!though&!the&!went: positive
!but&!though&!the&went: neutral
!but&!though&the&!was: positive
!but&!though&the&was: negative
!but&though&!even&!your: conflict
!but&though&!even&your: negative
!but&though&even&!to: positive
!but&though&even&to: neutral
but&!at&!worth&!reservations: positive
but&!at&!worth&reservations: negative
but&!at&worth&!and: conflict
but&!at&worth&and: conflict
but&at&!and&!were: negative
but&at&!and&were: neutral
but&at&and&!as: positive
but&at&and&as: conflict
DecisionTree learned:
!but&!do&!dinner&!appetizer: positive
!but&!do&!dinner&appetizer: neutral
!but&!do&dinner&!not: neutral
!but&!do&dinner&not: negative
!but&do&!wine&!what: negative
!but&do&!wine&what: neutral
!but&do&wine: neutral
but&!small&!what&!that: positive
but&!small&!what&that: negative
but&!small&what&!for: neutral
but&!small&what&for: neutral
but&small&!a&!are: negative
but&small&!a&are: negative
but&small&a&!were: conflict
but&small&a&were: negative
DecisionTree learned:
!but&!good&!well&!friendly: positive
!but&!good&!well&friendly: positive
!but&!good&well&!very: positive
!but&!good&well&very: neutral
!but&good&!wait&!which: positive
!but&good&!wait&which: negative
!but&good&wait&!was: negative
!but&good&wait&was: conflict
but&!at&!who&!that: positive
but&!at&!who&that: negative
but&!at&who&!for: neutral
but&!at&who&for: conflict
but&at&!and&!we: positive
but&at&!and&we: neutral
but&at&and&!as: positive
but&at&and&as: neutral
DecisionTree learned:
!but&!is&!delicious&!best: positive
!but&!is&!delicious&best: positive
!but&!is&delicious&!in: positive
!but&!is&delicious&in: positive
!but&is&!though&!far: positive
!but&is&!though&far: conflict
!but&is&though&!authentic: conflict
!but&is&though&authentic: neutral
but&!we&!who&!that: positive
but&!we&!who&that: negative
but&!we&who&!of: conflict
but&!we&who&of: negative
but&we&!very&!walk: neutral
but&we&!very&walk: positive
but&we&very&!good: negative
but&we&very&good: positive
DecisionTree learned:
!but&!friendly&!bland&!though: positive
!but&!friendly&!bland&though: negative
!but&!friendly&bland&!a: negative
!but&!friendly&bland&a: conflict
!but&friendly&!is&!dishes: positive
!but&friendly&!is&dishes: neutral
!but&friendly&is&!prices: positive
!but&friendly&is&prices: conflict
but&!at&!worth&!not: positive
but&!at&!worth&not: positive
but&!at&worth&!and: conflict
but&!at&worth&and: positive
but&at&!and&!experience: negative
but&at&!and&experience: positive
but&at&and&!as: neutral
but&at&and&as: neutral
DecisionTree learned:
!but&!service&!although&!worth: positive
!but&!service&!although&worth: conflict
!but&!service&although&!the: neutral
!but&!service&although&the: conflict
!but&service&!wait&!and: negative
!but&service&!wait&and: positive
!but&service&wait&!not: negative
!but&service&wait&not: neutral
but&!that&!small&!not: positive
but&!that&!small&not: positive
but&!that&small&!were: conflict
but&!that&small&were: negative
but&that&!my&!to: positive
but&that&!my&to: neutral
but&that&my&!to: negative
but&that&my&to: positive
DecisionTree learned:
!but&!the&!atmosphere&!effective: neutral
!but&!the&!atmosphere&effective: conflict
!but&!the&atmosphere&!they: positive
!but&!the&atmosphere&they: conflict
!but&the&!did&!bar: positive
!but&the&!did&bar: neutral
!but&the&did&!with: negative
!but&the&did&with: neutral
but&!who&!that&!not: positive
but&!who&!that&not: positive
but&!who&that&!shrimp: negative
but&!who&that&shrimp: positive
but&who&!for&!with: neutral
but&who&!for&with: negative
but&who&for&!of: conflict
but&who&for&of: conflict
DecisionTree learned:
!but&!matter&!though&!bland: positive
!but&!matter&!though&bland: negative
!but&!matter&though&!we: conflict
!but&!matter&though&we: negative
!but&matter&!with&!i: conflict
!but&matter&!with&i: conflict
!but&matter&with: negative
but&!that&!when&!only: positive
but&!that&!when&only: positive
but&!that&when&!all: neutral
but&!that&when&all: negative
but&that&!shrimp&!experience: negative
but&that&!shrimp&experience: positive
but&that&shrimp&!good: positive
but&that&shrimp&good: positive
DecisionTree learned:
!but&!matter&!not&!dinner: positive
!but&!matter&!not&dinner: neutral
!but&!matter&not&!nice: negative
!but&!matter&not&nice: conflict
!but&matter&!with&!i: conflict
!but&matter&!with&i: conflict
!but&matter&with: negative
but&!that&!wife&!at: positive
but&!that&!wife&at: neutral
but&!that&wife&!as: conflict
but&!that&wife&as: conflict
but&that&!just&!are: positive
but&that&!just&are: neutral
but&that&just&!with: neutral
but&that&just&with: negative
DecisionTree learned:
!but&!our&!friendly&!well: positive
!but&!our&!friendly&well: positive
!but&!our&friendly&!is: positive
!but&!our&friendly&is: positive
!but&our&!order&!service: neutral
!but&our&!order&service: positive
!but&our&order&!that: negative
!but&our&order&that: negative
but&!small&!not&!expensive: positive
but&!small&!not&expensive: conflict
but&!small&not&!for: conflict
but&!small&not&for: neutral
but&small&!there&!dessert: negative
but&small&!there&dessert: negative
but&small&there&!for: conflict
but&small&there&for: conflict
DecisionTree learned:
!but&!fine&!great&!matter: positive
!but&!fine&!great&matter: conflict
!but&!fine&great&!for: positive
!but&!fine&great&for: neutral
!but&fine&!had&!of: positive
!but&fine&!had&of: positive
!but&fine&had&!were: conflict
!but&fine&had&were: conflict
but&!only&!that&!not: negative
but&!only&!that&not: positive
but&!only&that&!who: negative
but&!only&that&who: conflict
but&only&!was&!place: neutral
but&only&!was&place: positive
but&only&was&!because: positive
but&only&was&because: positive
DecisionTree learned:
!but&!though&!matter&!far: positive
!but&!though&!matter&far: conflict
!but&!though&matter&!i: conflict
!but&!though&matter&i: conflict
!but&though&!we&!i: conflict
!but&though&!we&i: negative
!but&though&we&!well: neutral
!but&though&we&well: negative
but&!we&!that&!wife: positive
but&!we&!that&wife: conflict
but&!we&that&!a: negative
but&!we&that&a: positive
but&we&!very&!quickly: neutral
but&we&!very&quickly: positive
but&we&very&!for: positive
but&we&very&for: conflict
DecisionTree learned:
!but&!worth&!matter&!friendly: positive
!but&!worth&!matter&friendly: positive
!but&!worth&matter&!i: conflict
!but&!worth&matter&i: conflict
!but&worth&!and&!well: conflict
!but&worth&!and&well: conflict
!but&worth&and&!enough: neutral
!but&worth&and&enough: positive
but&!that&!only&!when: negative
but&!that&!only&when: neutral
but&!that&only&!not: neutral
but&!that&only&not: positive
but&that&!who&!just: positive
but&that&!who&just: neutral
but&that&who: conflict
DecisionTree learned:
!but&!well&!fine&!bland: positive
!but&!well&!fine&bland: negative
!but&!well&fine&!had: positive
!but&!well&fine&had: conflict
!but&well&!tasty&!may: positive
!but&well&!tasty&may: conflict
!but&well&tasty&!of: conflict
!but&well&tasty&of: positive
but&!small&!rudely&!who: positive
but&!small&!rudely&who: conflict
but&!small&rudely&!and: conflict
but&!small&rudely&and: conflict
but&small&!there&!dessert: negative
but&small&!there&dessert: negative
but&small&there&!for: conflict
but&small&there&for: conflict
DecisionTree learned:
!but&!is&!delicious&!can: positive
!but&!is&!delicious&can: conflict
!but&!is&delicious&!also: positive
!but&!is&delicious&also: neutral
!but&is&!far&!though: positive
!but&is&!far&though: conflict
!but&is&far&!well: positive
!but&is&far&well: conflict
but&!at&!worth&!look: negative
but&!at&!worth&look: conflict
but&!at&worth&!and: conflict
but&!at&worth&and: positive
but&at&!and&!we: positive
but&at&!and&we: neutral
but&at&and&!as: positive
but&at&and&as: conflict
DecisionTree learned:
!but&!small&!lunch&!it: positive
!but&!small&!lunch&it: negative
!but&!small&lunch&!because: neutral
!but&!small&lunch&because: negative
!but&small&!by&!romantic: negative
!but&small&!by&romantic: positive
!but&small&by: positive
but&!that&!chicken&!specials: positive
but&!that&!chicken&specials: positive
but&!that&chicken&!with: negative
but&!that&chicken&with: negative
but&that&!us&!my: negative
but&that&!us&my: negative
but&that&us&!good: positive
but&that&us&good: positive
DecisionTree learned:
!but&!though&!can&!well: positive
!but&!though&!can&well: positive
!but&!though&can&!cost: positive
!but&!though&can&cost: conflict
!but&though&!even&!it: negative
!but&though&!even&it: conflict
!but&though&even&!the: negative
!but&though&even&the: positive
but&!at&!look&!chicken: positive
but&!at&!look&chicken: negative
but&!at&look&!of: conflict
but&!at&look&of: negative
but&at&!and&!experience: negative
but&at&!and&experience: positive
but&at&and&!as: positive
but&at&and&as: neutral
DecisionTree learned:
!but&!worth&!excellent&!fine: positive
!but&!worth&!excellent&fine: positive
!but&!worth&excellent&!here: positive
!but&!worth&excellent&here: conflict
!but&worth&!and&!well: conflict
!but&worth&!and&well: conflict
!but&worth&and&!with: positive
!but&worth&and&with: negative
but&!that&!wife&!at: positive
but&!that&!wife&at: neutral
but&!that&wife&!as: conflict
but&!that&wife&as: conflict
but&that&!shrimp&!prices: negative
but&that&!shrimp&prices: positive
but&that&shrimp&!good: positive
but&that&shrimp&good: positive
DecisionTree learned:
!but&!service&!was&!though: positive
!but&!service&!was&though: negative
!but&!service&was&!although: negative
!but&!service&was&although: conflict
!but&service&!ok&!wait: positive
!but&service&!ok&wait: negative
!but&service&ok&!and: neutral
!but&service&ok&and: neutral
but&!at&!look&!worth: positive
but&!at&!look&worth: conflict
but&!at&look&!of: conflict
but&!at&look&of: negative
but&at&!and&!experience: neutral
but&at&!and&experience: positive
but&at&and&!as: neutral
but&at&and&as: neutral
DecisionTree learned:
!but&!though&!matter&!bland: positive
!but&!though&!matter&bland: negative
!but&!though&matter&!i: conflict
!but&!though&matter&i: conflict
!but&though&!seated&!on: conflict
!but&though&!seated&on: neutral
!but&though&seated&!with: neutral
!but&though&seated&with: positive
but&!small&!rudely&!never: positive
but&!small&!rudely&never: neutral
but&!small&rudely&!and: conflict
but&!small&rudely&and: conflict
but&small&!a&!are: negative
but&small&!a&are: positive
but&small&a&!were: conflict
but&small&a&were: negative
DecisionTree learned:
!but&!though&!bland&!order: positive
!but&!though&!bland&order: negative
!but&!though&bland&!a: negative
!but&!though&bland&a: conflict
!but&though&!even&!your: conflict
!but&though&!even&your: negative
!but&though&even&!at: negative
!but&though&even&at: positive
but&!chicken&!special&!that: positive
but&!chicken&!special&that: negative
but&!chicken&special&!they: neutral
but&!chicken&special&they: neutral
but&chicken&!with: negative
but&chicken&with: negative
DecisionTree learned:
!but&!though&!well&!friendly: positive
!but&!though&!well&friendly: positive
!but&!though&well&!tasty: positive
!but&!though&well&tasty: conflict
!but&though&!it&!to: negative
!but&though&!it&to: neutral
!but&though&it&!the: negative
!but&though&it&the: conflict
but&!at&!worth&!who: positive
but&!at&!worth&who: neutral
but&!at&worth&!and: conflict
but&!at&worth&and: positive
but&at&!and&!all: negative
but&at&!and&all: negative
but&at&and&!as: positive
but&at&and&as: neutral
DecisionTree learned:
!but&!fine&!can&!not: positive
!but&!fine&!can&not: negative
!but&!fine&can&!cost: positive
!but&!fine&can&cost: conflict
!but&fine&!had&!of: positive
!but&fine&!had&of: positive
!but&fine&had&!and: conflict
!but&fine&had&and: conflict
but&!not&!look&!expensive: negative
but&!not&!look&expensive: conflict
but&!not&look&!in: negative
but&!not&look&in: conflict
but&not&!for&!to: conflict
but&not&!for&to: neutral
but&not&for&!the: positive
but&not&for&the: neutral
DecisionTree learned:
!but&!worth&!matter&!friendly: positive
!but&!worth&!matter&friendly: positive
!but&!worth&matter&!i: conflict
!but&!worth&matter&i: conflict
!but&worth&!and&!well: conflict
!but&worth&!and&well: conflict
!but&worth&and&!enough: neutral
!but&worth&and&enough: negative
but&!that&!small&!only: positive
but&!that&!small&only: neutral
but&!that&small&!were: conflict
but&!that&small&were: negative
but&that&!who&!from: positive
but&that&!who&from: negative
but&that&who: conflict
DecisionTree learned:
!but&!dinner&!we&!wine: positive
!but&!dinner&!we&wine: neutral
!but&!dinner&we&!before: neutral
!but&!dinner&we&before: negative
!but&dinner&!drinks&!like: neutral
!but&dinner&!drinks&like: positive
!but&dinner&drinks&!this: negative
!but&dinner&drinks&this: positive
but&!only&!that&!specials: negative
but&!only&!that&specials: positive
but&!only&that&!who: negative
but&!only&that&who: conflict
but&only&!food&!was: neutral
but&only&!food&was: negative
but&only&food: positive
DecisionTree learned:
!but&!the&!entree&!effective: neutral
!but&!the&!entree&effective: conflict
!but&!the&entree&!are: negative
!but&!the&entree&are: negative
!but&the&!is&!with: negative
!but&the&!is&with: neutral
!but&the&is&!everything: positive
!but&the&is&everything: conflict
but&!that&!when&!our: positive
but&!that&!when&our: neutral
but&!that&when&!were: neutral
but&!that&when&were: neutral
but&that&!shrimp&!you: negative
but&that&!shrimp&you: positive
but&that&shrimp&!good: positive
but&that&shrimp&good: positive
DecisionTree learned:
!but&!fine&!friendly&!well: positive
!but&!fine&!friendly&well: positive
!but&!fine&friendly&!is: positive
!but&!fine&friendly&is: positive
!but&fine&!had&!of: positive
!but&fine&!had&of: positive
!but&fine&had&!and: conflict
!but&fine&had&and: conflict
but&!not&!sliced&!high: negative
but&!not&!sliced&high: conflict
but&!not&sliced: conflict
but&not&!for&!to: conflict
but&not&!for&to: neutral
but&not&for&!the: positive
but&not&for&the: neutral
DecisionTree learned:
!but&!bland&!can&!though: positive
!but&!bland&!can&though: negative
!but&!bland&can&!be: conflict
!but&!bland&can&be: negative
!but&bland&!a&!ok: negative
!but&bland&!a&ok: negative
!but&bland&a&!as: conflict
!but&bland&a&as: conflict
but&!at&!worth&!look: negative
but&!at&!worth&look: conflict
but&!at&worth&!and: conflict
but&!at&worth&and: conflict
but&at&!and&!we: negative
but&at&!and&we: neutral
but&at&and&!as: positive
but&at&and&as: neutral
DecisionTree learned:
!but&!fine&!matter&!worth: positive
!but&!fine&!matter&worth: conflict
!but&!fine&matter&!with: conflict
!but&!fine&matter&with: negative
!but&fine&!had&!of: positive
!but&fine&!had&of: positive
!but&fine&had&!and: conflict
!but&fine&had&and: conflict
but&!who&!that&!our: positive
but&!who&!that&our: neutral
but&!who&that&!my: positive
but&!who&that&my: negative
but&who&!of&!for: neutral
but&who&!of&for: conflict
but&who&of&!this: negative
but&who&of&this: conflict
DecisionTree learned:
!but&!can&!though&!bland: positive
!but&!can&!though&bland: negative
!but&!can&though&!is: negative
!but&!can&though&is: conflict
!but&can&!cost&!they: negative
!but&can&!cost&they: conflict
!but&can&cost&!for: conflict
!but&can&cost&for: conflict
but&!chicken&!that&!wife: positive
but&!chicken&!that&wife: conflict
but&!chicken&that&!who: negative
but&!chicken&that&who: conflict
but&chicken&!with: negative
but&chicken&with: negative
DecisionTree learned:
!but&!fine&!bland&!is: positive
!but&!fine&!bland&is: positive
!but&!fine&bland&!a: negative
!but&!fine&bland&a: conflict
!but&fine&!had&!of: positive
!but&fine&!had&of: conflict
!but&fine&had&!and: conflict
!but&fine&had&and: conflict
but&!small&!at&!special: positive
but&!small&!at&special: neutral
but&!small&at&!and: negative
but&!small&at&and: neutral
but&small&!there&!dessert: negative
but&small&!there&dessert: conflict
but&small&there&!for: conflict
but&small&there&for: conflict
DecisionTree learned:
!but&!the&!bad&!sure: neutral
!but&!the&!bad&sure: conflict
!but&!the&bad&!good: negative
!but&!the&bad&good: negative
!but&the&!our&!wine: positive
!but&the&!our&wine: positive
!but&the&our&!that: neutral
!but&the&our&that: negative
but&!we&!that&!reservations: positive
but&!we&!that&reservations: negative
but&!we&that&!you: negative
but&!we&that&you: positive
but&we&!walk&!very: neutral
but&we&!walk&very: negative
but&we&walk: positive
DecisionTree learned:
!but&!though&!bland&!matter: positive
!but&!though&!bland&matter: conflict
!but&!though&bland&!a: negative
!but&!though&bland&a: conflict
!but&though&!we&!i: conflict
!but&though&!we&i: neutral
!but&though&we&!well: neutral
!but&though&we&well: negative
but&!who&!that&!special: positive
but&!who&!that&special: neutral
but&!who&that&!us: negative
but&!who&that&us: positive
but&who&!of&!for: neutral
but&who&!of&for: conflict
but&who&of&!this: negative
but&who&of&this: conflict
DecisionTree learned:
!but&!well&!house&!atmosphere: positive
!but&!well&!house&atmosphere: positive
!but&!well&house&!a: conflict
!but&!well&house&a: positive
!but&well&!tasty&!may: positive
!but&well&!tasty&may: conflict
!but&well&tasty&!of: conflict
!but&well&tasty&of: positive
but&!that&!when&!what: positive
but&!that&!when&what: neutral
but&!that&when&!were: neutral
but&!that&when&were: neutral
but&that&!my&!also: neutral
but&that&!my&also: negative
but&that&my&!to: negative
but&that&my&to: positive
DecisionTree learned:
!but&!fine&!friendly&!atmosphere: positive
!but&!fine&!friendly&atmosphere: positive
!but&!fine&friendly&!is: positive
!but&!fine&friendly&is: positive
!but&fine&!had&!of: positive
!but&fine&!had&of: conflict
!but&fine&had&!were: conflict
!but&fine&had&were: conflict
but&!only&!that&!when: negative
but&!only&!that&when: neutral
but&!only&that&!are: negative
but&!only&that&are: positive
but&only&!was&!his: neutral
but&only&!was&his: positive
but&only&was&!because: positive
but&only&was&because: negative
DecisionTree learned:
!but&!far&!fine&!house: positive
!but&!far&!fine&house: conflict
!but&!far&fine&!had: positive
!but&!far&fine&had: conflict
!but&far&!well&!have: positive
!but&far&!well&have: neutral
!but&far&well&!was: conflict
!but&far&well&was: conflict
but&!that&!not&!expensive: negative
but&!that&!not&expensive: conflict
but&!that&not&!for: conflict
but&!that&not&for: positive
but&that&!shrimp&!you: negative
but&that&!shrimp&you: positive
but&that&shrimp&!good: positive
but&that&shrimp&good: positive
DecisionTree learned:
!but&!bland&!is&!delicious: neutral
!but&!bland&!is&delicious: positive
!but&!bland&is&!though: positive
!but&!bland&is&though: conflict
!but&bland&!a&!ok: negative
!but&bland&!a&ok: neutral
!but&bland&a&!as: conflict
!but&bland&a&as: conflict
but&!only&!at&!go: negative
but&!only&!at&go: positive
but&!only&at&!and: negative
but&!only&at&and: neutral
but&only&!was&!place: neutral
but&only&!was&place: positive
but&only&was&!because: positive
but&only&was&because: negative
DecisionTree learned:
!but&!fine&!although&!worth: positive
!but&!fine&!although&worth: conflict
!but&!fine&although&!service: conflict
!but&!fine&although&service: negative
!but&fine&!expected&!had: positive
!but&fine&!expected&had: conflict
!but&fine&expected: conflict
but&!at&!who&!that: positive
but&!at&!who&that: negative
but&!at&who&!of: conflict
but&!at&who&of: negative
but&at&!and&!you: negative
but&at&!and&you: positive
but&at&and&!as: neutral
but&at&and&as: conflict
DecisionTree learned:
!but&!though&!matter&!friendly: positive
!but&!though&!matter&friendly: positive
!but&!though&matter&!i: conflict
!but&!though&matter&i: conflict
!but&though&!your&!even: conflict
!but&though&!your&even: negative
!but&though&your&!and: negative
!but&though&your&and: negative
but&!at&!that&!only: positive
but&!at&!that&only: neutral
but&!at&that&!best: negative
but&!at&that&best: positive
but&at&!and&!to: negative
but&at&!and&to: neutral
but&at&and&!as: neutral
but&at&and&as: neutral
DecisionTree learned:
!but&!although&!worth&!house: positive
!but&!although&!worth&house: conflict
!but&!although&worth&!and: conflict
!but&!although&worth&and: positive
!but&although&!service&!was: neutral
!but&although&!service&was: conflict
!but&although&service&!to: negative
!but&although&service&to: neutral
but&!we&!over&!what: positive
but&!we&!over&what: neutral
but&!we&over: positive
but&we&!expensive&!did: neutral
but&we&!expensive&did: positive
but&we&expensive: conflict
DecisionTree learned:
!but&!worth&!dinner&!matter: positive
!but&!worth&!dinner&matter: conflict
!but&!worth&dinner&!not: neutral
!but&!worth&dinner&not: negative
!but&worth&!and&!well: conflict
!but&worth&!and&well: positive
!but&worth&and&!enough: neutral
!but&worth&and&enough: negative
but&!not&!expensive&!we: negative
but&!not&!expensive&we: neutral
but&!not&expensive&!our: conflict
but&!not&expensive&our: neutral
but&not&!for&!to: conflict
but&not&!for&to: neutral
but&not&for&!who: positive
but&not&for&who: conflict
DecisionTree learned:
!but&!bland&!is&!delicious: neutral
!but&!bland&!is&delicious: positive
!but&!bland&is&!far: positive
!but&!bland&is&far: conflict
!but&bland&!a&!ok: negative
!but&bland&!a&ok: neutral
!but&bland&a&!as: conflict
!but&bland&a&as: conflict
but&!that&!not&!look: negative
but&!that&!not&look: conflict
but&!that&not&!for: conflict
but&!that&not&for: neutral
but&that&!who&!us: neutral
but&that&!who&us: positive
but&that&who: conflict
DecisionTree learned:
!but&!fine&!house&!can: positive
!but&!fine&!house&can: conflict
!but&!fine&house&!a: conflict
!but&!fine&house&a: positive
!but&fine&!expected&!the: positive
!but&fine&!expected&the: conflict
!but&fine&expected: conflict
but&!only&!that&!not: negative
but&!only&!that&not: neutral
but&!only&that&!who: negative
but&!only&that&who: conflict
but&only&!food&!his: neutral
but&only&!food&his: positive
but&only&food: positive
DecisionTree learned:
!but&!fine&!well&!worth: positive
!but&!fine&!well&worth: conflict
!but&!fine&well&!tasty: positive
!but&!fine&well&tasty: conflict
!but&fine&!expected&!had: positive
!but&fine&!expected&had: conflict
!but&fine&expected: conflict
but&!at&!worth&!who: positive
but&!at&!worth&who: neutral
but&!at&worth&!and: conflict
but&!at&worth&and: conflict
but&at&!and&!were: negative
but&at&!and&were: neutral
but&at&and&!as: neutral
but&at&and&as: neutral
DecisionTree learned:
!but&!bland&!can&!well: positive
!but&!bland&!can&well: positive
!but&!bland&can&!cost: negative
!but&!bland&can&cost: conflict
!but&bland&!a&!ok: negative
!but&bland&!a&ok: negative
!but&bland&a&!as: conflict
!but&bland&a&as: negative
but&!that&!when&!only: negative
but&!that&!when&only: neutral
but&!that&when&!all: neutral
but&!that&when&all: negative
but&that&!shrimp&!prices: negative
but&that&!shrimp&prices: positive
but&that&shrimp&!good: positive
but&that&shrimp&good: positive
DecisionTree learned:
!but&!is&!little&!can: neutral
!but&!is&!little&can: conflict
!but&!is&little&!also: conflict
!but&!is&little&also: neutral
!but&is&!rest&!far: positive
!but&is&!rest&far: conflict
!but&is&rest&!good: conflict
!but&is&rest&good: conflict
but&!that&!only&!when: negative
but&!that&!only&when: neutral
but&!that&only&!ordered: positive
but&!that&only&ordered: neutral
but&that&!who&!prices: negative
but&that&!who&prices: positive
but&that&who: conflict
DecisionTree learned:
!but&!although&!though&!bland: positive
!but&!although&!though&bland: negative
!but&!although&though&!on: conflict
!but&!although&though&on: neutral
!but&although&!service&!was: neutral
!but&although&!service&was: conflict
!but&although&service&!to: negative
!but&although&service&to: neutral
but&!that&!rudely&!expensive: positive
but&!that&!rudely&expensive: conflict
but&!that&rudely&!and: conflict
but&!that&rudely&and: conflict
but&that&!from&!tasty: positive
but&that&!from&tasty: neutral
but&that&from&!with: negative
but&that&from&with: neutral
DecisionTree learned:
!but&!friendly&!dinner&!fine: positive
!but&!friendly&!dinner&fine: conflict
!but&!friendly&dinner&!would: neutral
!but&!friendly&dinner&would: negative
!but&friendly&!is&!still: positive
!but&friendly&!is&still: neutral
!but&friendly&is&!service: positive
!but&friendly&is&service: conflict
but&!rudely&!who&!that: positive
but&!rudely&!who&that: negative
but&!rudely&who&!of: conflict
but&!rudely&who&of: negative
but&rudely&!and: conflict
but&rudely&and: conflict
DecisionTree learned:
!but&!far&!fine&!exceeded: positive
!but&!far&!fine&exceeded: conflict
!but&!far&fine&!expected: positive
!but&!far&fine&expected: conflict
!but&far&!well&!have: positive
!but&far&!well&have: neutral
!but&far&well&!was: conflict
!but&far&well&was: conflict
but&!that&!at&!pizza: negative
but&!that&!at&pizza: positive
but&!that&at&!and: negative
but&!that&at&and: positive
but&that&!ever&!just: positive
but&that&!ever&just: negative
but&that&ever: negative
DecisionTree learned:
!but&!fine&!can&!worth: positive
!but&!fine&!can&worth: conflict
!but&!fine&can&!be: conflict
!but&!fine&can&be: negative
!but&fine&!had&!of: positive
!but&fine&!had&of: positive
!but&fine&had&!were: conflict
!but&fine&had&were: conflict
but&!that&!chicken&!when: positive
but&!that&!chicken&when: neutral
but&!that&chicken&!with: negative
but&!that&chicken&with: negative
but&that&!who&!us: neutral
but&that&!who&us: positive
but&that&who: conflict
DecisionTree learned:
!but&!we&!rest&!try: positive
!but&!we&!rest&try: positive
!but&!we&rest&!good: conflict
!but&!we&rest&good: conflict
!but&we&!that&!fondue: neutral
!but&we&!that&fondue: neutral
!but&we&that&!menu: negative
!but&we&that&menu: neutral
but&!only&!that&!when: negative
but&!only&!that&when: neutral
but&!only&that&!who: negative
but&!only&that&who: conflict
but&only&!was&!is: neutral
but&only&!was&is: positive
but&only&was&!because: positive
but&only&was&because: positive
DecisionTree learned:
!but&!is&!delicious&!can: negative
!but&!is&!delicious&can: conflict
!but&!is&delicious&!in: positive
!but&!is&delicious&in: positive
!but&is&!everything&!though: positive
!but&is&!everything&though: conflict
!but&is&everything&!a: conflict
!but&is&everything&a: positive
but&!that&!only&!when: negative
but&!that&!only&when: neutral
but&!that&only&!was: neutral
but&!that&only&was: positive
but&that&!my&!experience: neutral
but&that&!my&experience: positive
but&that&my&!to: negative
but&that&my&to: positive
DecisionTree learned:
!but&!friendly&!bland&!worth: positive
!but&!friendly&!bland&worth: conflict
!but&!friendly&bland&!a: negative
!but&!friendly&bland&a: conflict
!but&friendly&!is&!the: positive
!but&friendly&!is&the: neutral
!but&friendly&is&!prices: positive
!but&friendly&is&prices: conflict
but&!we&!spectacular&!special: positive
but&!we&!spectacular&special: neutral
but&!we&spectacular&!so: neutral
but&!we&spectacular&so: neutral
but&we&!very&!menu: neutral
but&we&!very&menu: negative
but&we&very&!for: negative
but&we&very&for: negative
DecisionTree learned:
!but&!worth&!matter&!fine: positive
!but&!worth&!matter&fine: conflict
!but&!worth&matter&!i: conflict
!but&!worth&matter&i: conflict
!but&worth&!and&!well: conflict
!but&worth&!and&well: positive
!but&worth&and&!the: negative
!but&worth&and&the: positive
but&!special&!at&!was: positive
but&!special&!at&was: negative
but&!special&at&!and: negative
but&!special&at&and: neutral
but&special&!they&!for: neutral
but&special&!they&for: neutral
but&special&they: neutral
DecisionTree learned:
!but&!not&!well&!diminisher: positive
!but&!not&!well&diminisher: negative
!but&!not&well&!far: positive
!but&!not&well&far: conflict
!but&not&!nice&!worth: negative
!but&not&!nice&worth: conflict
!but&not&nice: conflict
but&!no&!at&!times: positive
but&!no&!at&times: neutral
but&!no&at&!and: negative
but&!no&at&and: positive
but&no&!music&!price: neutral
but&no&!music&price: positive
but&no&music&!and: negative
but&no&music&and: negative
DecisionTree learned:
!but&!fine&!house&!friendly: positive
!but&!fine&!house&friendly: positive
!but&!fine&house&!still: positive
!but&!fine&house&still: conflict
!but&fine&!had&!of: positive
!but&fine&!had&of: positive
!but&fine&had&!and: conflict
!but&fine&had&and: conflict
but&!only&!that&!when: negative
but&!only&!that&when: neutral
but&!only&that&!who: negative
but&!only&that&who: conflict
but&only&!ordered&!are: positive
but&only&!ordered&are: neutral
but&only&ordered: neutral
DecisionTree learned:
!but&!fine&!house&!worth: positive
!but&!fine&!house&worth: conflict
!but&!fine&house&!a: conflict
!but&!fine&house&a: positive
!but&fine&!expected&!the: positive
!but&fine&!expected&the: conflict
!but&fine&expected: conflict
but&!at&!that&!when: positive
but&!at&!that&when: neutral
but&!at&that&!best: negative
but&!at&that&best: positive
but&at&!and&!very: negative
but&at&!and&very: positive
but&at&and&!as: positive
but&at&and&as: neutral
DecisionTree learned:
!but&!we&!though&!matter: positive
!but&!we&!though&matter: conflict
!but&!we&though&!i: conflict
!but&!we&though&i: neutral
!but&we&!that&!how: neutral
!but&we&!that&how: negative
!but&we&that&!a: negative
!but&we&that&a: neutral
but&!that&!not&!fine: negative
but&!that&!not&fine: conflict
but&!that&not&!for: conflict
but&!that&not&for: neutral
but&that&!tasty&!just: positive
but&that&!tasty&just: negative
but&that&tasty&!and: neutral
but&that&tasty&and: neutral
DecisionTree learned:
!but&!though&!matter&!sometimes: positive
!but&!though&!matter&sometimes: conflict
!but&!though&matter&!i: conflict
!but&!though&matter&i: conflict
!but&though&!we&!i: conflict
!but&though&!we&i: conflict
!but&though&we&!well: neutral
!but&though&we&well: negative
but&!that&!small&!specials: neutral
but&!that&!small&specials: positive
but&!that&small&!a: negative
but&!that&small&a: conflict
but&that&!shrimp&!my: neutral
but&that&!shrimp&my: negative
but&that&shrimp&!good: positive
but&that&shrimp&good: positive
DecisionTree learned:
!but&!good&!sometimes&!little: neutral
!but&!good&!sometimes&little: conflict
!but&!good&sometimes&!out: conflict
!but&!good&sometimes&out: positive
!but&good&!not&!of: positive
!but&good&!not&of: positive
!but&good&not&!for: conflict
!but&good&not&for: negative
but&!who&!that&!special: positive
but&!who&!that&special: neutral
but&!who&that&!my: positive
but&!who&that&my: negative
but&who&!of&!is: conflict
but&who&!of&is: neutral
but&who&of&!they: conflict
but&who&of&they: negative
DecisionTree learned:
!but&!house&!fine&!atmosphere: positive
!but&!house&!fine&atmosphere: positive
!but&!house&fine&!had: positive
!but&!house&fine&had: conflict
!but&house&!a&!on: conflict
!but&house&!a&on: positive
!but&house&a&!great: positive
!but&house&a&great: neutral
but&!small&!who&!that: positive
but&!small&!who&that: negative
but&!small&who&!for: neutral
but&!small&who&for: conflict
but&small&!there&!dessert: negative
but&small&!there&dessert: negative
but&small&there&!for: conflict
but&small&there&for: conflict
DecisionTree learned:
!but&!pub&!fine&!well: positive
!but&!pub&!fine&well: positive
!but&!pub&fine&!had: positive
!but&!pub&fine&had: conflict
!but&pub: conflict
but&!expensive&!we&!rudely: positive
but&!expensive&!we&rudely: conflict
but&!expensive&we&!menu: neutral
but&!expensive&we&menu: negative
but&expensive&!food&!to: neutral
but&expensive&!food&to: negative
but&expensive&food&!was: conflict
but&expensive&food&was: conflict
DecisionTree learned:
!but&!matter&!atmosphere&!excellent: neutral
!but&!matter&!atmosphere&excellent: positive
!but&!matter&atmosphere&!they: positive
!but&!matter&atmosphere&they: conflict
!but&matter&!it: negative
!but&matter&it&!i: conflict
!but&matter&it&i: conflict
but&!at&!when&!look: positive
but&!at&!when&look: conflict
but&!at&when&!of: neutral
but&!at&when&of: neutral
but&at&!and&!all: neutral
but&at&!and&all: negative
but&at&and&!as: neutral
but&at&and&as: neutral
DecisionTree learned:
!but&!service&!although&!worth: neutral
!but&!service&!although&worth: conflict
!but&!service&although&!was: neutral
!but&!service&although&was: conflict
!but&service&!and&!ok: negative
!but&service&!and&ok: neutral
!but&service&and&!with: positive
!but&service&and&with: negative
but&!that&!not&!small: positive
but&!that&!not&small: negative
but&!that&not&!for: conflict
but&!that&not&for: neutral
but&that&!shrimp&!just: positive
but&that&!shrimp&just: negative
but&that&shrimp&!good: positive
but&that&shrimp&good: positive
DecisionTree learned:
!but&!bland&!friendly&!though: positive
!but&!bland&!friendly&though: negative
!but&!bland&friendly&!is: positive
!but&!bland&friendly&is: conflict
!but&bland&!a&!ok: negative
!but&bland&!a&ok: neutral
!but&bland&a&!as: conflict
!but&bland&a&as: conflict
but&!that&!dim&!only: positive
but&!that&!dim&only: positive
but&!that&dim&!for: neutral
but&!that&dim&for: neutral
but&that&!ever&!just: positive
but&that&!ever&just: negative
but&that&ever: negative
DecisionTree learned:
!but&!although&!can&!though: positive
!but&!although&!can&though: negative
!but&!although&can&!they: positive
!but&!although&can&they: conflict
!but&although&!service&!was: neutral
!but&although&!service&was: conflict
!but&although&service&!to: negative
!but&although&service&to: neutral
but&!that&!small&!ok: positive
but&!that&!small&ok: neutral
but&!that&small&!were: conflict
but&!that&small&were: negative
but&that&!has&!are: negative
but&that&!has&are: neutral
but&that&has&!good: neutral
but&that&has&good: neutral
DecisionTree learned:
!but&!can&!bland&!house: positive
!but&!can&!bland&house: conflict
!but&!can&bland&!a: negative
!but&!can&bland&a: conflict
!but&can&!cost&!they: positive
!but&can&!cost&they: conflict
!but&can&cost&!for: conflict
!but&can&cost&for: conflict
but&!at&!was&!fine: positive
but&!at&!was&fine: conflict
but&!at&was&!so: conflict
but&!at&was&so: negative
but&at&!and&!all: neutral
but&at&!and&all: negative
but&at&and&!as: positive
but&at&and&as: neutral
DecisionTree learned:
!but&!eats&!can&!though: positive
!but&!eats&!can&though: negative
!but&!eats&can&!cost: negative
!but&!eats&can&cost: conflict
!but&eats&!for: conflict
!but&eats&for: positive
but&!that&!eat&!not: negative
but&!that&!eat&not: conflict
but&!that&eat&!for: positive
but&!that&eat&for: negative
but&that&!who&!you: negative
but&that&!who&you: positive
but&that&who: conflict
DecisionTree learned:
!but&!fine&!well&!can: negative
!but&!fine&!well&can: conflict
!but&!fine&well&!tasty: positive
!but&!fine&well&tasty: conflict
!but&fine&!had&!of: positive
!but&fine&!had&of: positive
!but&fine&had&!were: conflict
!but&fine&had&were: conflict
but&!that&!when&!what: positive
but&!that&!when&what: neutral
but&!that&when&!were: neutral
but&!that&when&were: neutral
but&that&!shrimp&!us: negative
but&that&!shrimp&us: positive
but&that&shrimp&!good: positive
but&that&shrimp&good: positive
DecisionTree learned:
!but&!fine&!house&!worth: negative
!but&!fine&!house&worth: conflict
!but&!fine&house&!a: conflict
!but&!fine&house&a: positive
!but&fine&!had&!of: positive
!but&fine&!had&of: positive
!but&fine&had&!and: conflict
!but&fine&had&and: conflict
but&!small&!high&!fine: positive
but&!small&!high&fine: conflict
but&!small&high&!a: negative
but&!small&high&a: conflict
but&small&!a&!to: negative
but&small&!a&to: negative
but&small&a&!were: conflict
but&small&a&were: negative
DecisionTree learned:
!but&!bland&!friendly&!fine: positive
!but&!bland&!friendly&fine: conflict
!but&!bland&friendly&!is: positive
!but&!bland&friendly&is: conflict
!but&bland&!a&!ok: negative
!but&bland&!a&ok: neutral
!but&bland&a&!as: conflict
!but&bland&a&as: conflict
but&!that&!pizza&!when: positive
but&!that&!pizza&when: neutral
but&!that&pizza&!to: positive
but&!that&pizza&to: positive
but&that&!who&!shrimp: negative
but&that&!who&shrimp: positive
but&that&who: conflict
DecisionTree learned:
!but&!worth&!can&!little: positive
!but&!worth&!can&little: conflict
!but&!worth&can&!be: conflict
!but&!worth&can&be: negative
!but&worth&!and&!well: conflict
!but&worth&!and&well: conflict
!but&worth&and&!every: neutral
!but&worth&and&every: positive
but&!that&!at&!well: negative
but&!that&!at&well: conflict
but&!that&at&!and: negative
but&!that&at&and: neutral
but&that&!tasty&!just: positive
but&that&!tasty&just: negative
but&that&tasty&!and: neutral
but&that&tasty&and: neutral
DecisionTree learned:
!but&!though&!matter&!pub: positive
!but&!though&!matter&pub: conflict
!but&!though&matter&!i: conflict
!but&!though&matter&i: conflict
!but&though&!even&!your: conflict
!but&though&!even&your: negative
!but&though&even&!with: negative
!but&though&even&with: positive
but&!over&!pizza&!that: negative
but&!over&!pizza&that: negative
but&!over&pizza&!to: positive
but&!over&pizza&to: positive
but&over: positive
DecisionTree learned:
!but&!we&!though&!little: positive
!but&!we&!though&little: conflict
!but&!we&though&!i: conflict
!but&!we&though&i: conflict
!but&we&!table&!great: neutral
!but&we&!table&great: positive
!but&we&table&!that: negative
!but&we&table&that: negative
but&!that&!at&!dim: positive
but&!that&!at&dim: neutral
but&!that&at&!and: negative
but&!that&at&and: positive
but&that&!who&!just: positive
but&that&!who&just: neutral
but&that&who: conflict
DecisionTree learned:
!but&!can&!worth&!little: positive
!but&!can&!worth&little: conflict
!but&!can&worth&!and: conflict
!but&!can&worth&and: positive
!but&can&!cost&!they: positive
!but&can&!cost&they: conflict
!but&can&cost&!for: conflict
!but&can&cost&for: conflict
but&!that&!wife&!at: positive
but&!that&!wife&at: neutral
but&!that&wife&!as: conflict
but&!that&wife&as: conflict
but&that&!who&!prices: negative
but&that&!who&prices: positive
but&that&who: conflict
DecisionTree learned:
!but&!bland&!house&!is: neutral
!but&!bland&!house&is: positive
!but&!bland&house&!a: conflict
!but&!bland&house&a: positive
!but&bland&!a&!ok: negative
!but&bland&!a&ok: negative
!but&bland&a&!as: conflict
!but&bland&a&as: conflict
but&!that&!the&!n: positive
but&!that&!the&n: conflict
but&!that&the&!thai: neutral
but&!that&the&thai: negative
but&that&!from&!who: positive
but&that&!from&who: conflict
but&that&from&!with: negative
but&that&from&with: neutral
DecisionTree learned:
!but&!friendly&!it&!with: positive
!but&!friendly&!it&with: neutral
!but&!friendly&it&!matter: negative
!but&!friendly&it&matter: conflict
!but&friendly&!is&!to: positive
!but&friendly&!is&to: neutral
!but&friendly&is&!service: positive
!but&friendly&is&service: conflict
but&!only&!other&!expensive: negative
but&!only&!other&expensive: conflict
but&!only&other&!and: neutral
but&!only&other&and: conflict
but&only&!food&!ordered: neutral
but&only&!food&ordered: neutral
but&only&food: positive
DecisionTree learned:
!but&!varys&!far&!though: positive
!but&!varys&!far&though: negative
!but&!varys&far&!by: conflict
!but&!varys&far&by: positive
!but&varys: conflict
but&!that&!eat&!pizza: negative
but&!that&!eat&pizza: positive
but&!that&eat&!for: positive
but&!that&eat&for: negative
but&that&!shrimp&!best: negative
but&that&!shrimp&best: neutral
but&that&shrimp&!good: positive
but&that&shrimp&good: positive
DecisionTree learned:
!but&!friendly&!far&!fine: negative
!but&!friendly&!far&fine: conflict
!but&!friendly&far&!well: positive
!but&!friendly&far&well: conflict
!but&friendly&!is&!the: positive
!but&friendly&!is&the: neutral
!but&friendly&is&!service: positive
!but&friendly&is&service: conflict
but&!that&!wife&!at: positive
but&!that&!wife&at: neutral
but&!that&wife&!as: conflict
but&!that&wife&as: conflict
but&that&!are&!with: negative
but&that&!are&with: positive
but&that&are&!with: positive
but&that&are&with: neutral
DecisionTree learned:
!but&!friendly&!far&!can: negative
!but&!friendly&!far&can: conflict
!but&!friendly&far&!well: positive
!but&!friendly&far&well: conflict
!but&friendly&!is&!atmosphere: neutral
!but&friendly&!is&atmosphere: positive
!but&friendly&is&!service: positive
!but&friendly&is&service: conflict
but&!that&!look&!we: positive
but&!that&!look&we: negative
but&!that&look&!and: neutral
but&!that&look&and: conflict
but&that&!just&!be: neutral
but&that&!just&be: positive
but&that&just&!with: neutral
but&that&just&with: negative
DecisionTree learned:
!but&!we&!though&!matter: positive
!but&!we&!though&matter: conflict
!but&!we&though&!i: conflict
!but&!we&though&i: conflict
!but&we&!is&!before: neutral
!but&we&!is&before: negative
!but&we&is&!attentive: negative
!but&we&is&attentive: positive
but&!we&!reservations&!who: positive
but&!we&!reservations&who: conflict
but&!we&reservations&!was: neutral
but&!we&reservations&was: negative
but&we&!very&!could: neutral
but&we&!very&could: negative
but&we&very&!good: conflict
but&we&very&good: positive
Trial 0 Training cc.mallet.classify.AdaBoostM2Trainer@5464ea66 finished
Trial 0 Trainer cc.mallet.classify.AdaBoostM2Trainer@5464ea66 test data accuracy = 0.5793758480325645

NaiveBayesTrainer
Summary. test accuracy mean = 0.6119402985074627 stddev = 0.0 stderr = 0.0

MaxEntTrainer,gaussianPriorVariance=1.0
Summary. test accuracy mean = 0.6282225237449118 stddev = 0.0 stderr = 0.0

cc.mallet.classify.DecisionTreeTrainer@3e110003
Summary. test accuracy mean = 0.5793758480325645 stddev = 0.0 stderr = 0.0

cc.mallet.classify.AdaBoostM2Trainer@5464ea66
Summary. test accuracy mean = 0.5793758480325645 stddev = 0.0 stderr = 0.0
