
-------------------- Trial 0  --------------------

Trial 0 Training NaiveBayesTrainer with 2956 instances
Trial 0 Training NaiveBayesTrainer finished
Trial 0 Trainer NaiveBayesTrainer test data accuracy = 0.6472184531886025
Trial 0 Training MaxEntTrainer,gaussianPriorVariance=1.0 with 2956 instances
Trial 0 Training MaxEntTrainer,gaussianPriorVariance=1.0 finished
Trial 0 Trainer MaxEntTrainer,gaussianPriorVariance=1.0 test data accuracy = 0.6458616010854816
Trial 0 Training cc.mallet.classify.DecisionTreeTrainer@5328f6ee with 2956 instances
DecisionTree learned:
!great&!but&!good&!delicious: positive
!great&!but&!good&delicious: positive
!great&!but&good&!get: positive
!great&!but&good&get: negative
!great&but&!we&!to: positive
!great&but&!we&to: negative
!great&but&we&!quickly: neutral
!great&but&we&quickly: positive
great&!not&!who&!lot: positive
great&!not&!who&lot: negative
great&!not&who: negative
great&not&!the: positive
great&not&the&!food: negative
great&not&the&food: conflict
Trial 0 Training cc.mallet.classify.DecisionTreeTrainer@5328f6ee finished
Trial 0 Trainer cc.mallet.classify.DecisionTreeTrainer@5328f6ee test data accuracy = 0.5725915875169606
Trial 0 Training cc.mallet.classify.AdaBoostM2Trainer@1d2940b3 with 2956 instances
DecisionTree learned:
!great&!but&!dinner&!friendly: positive
!great&!but&!dinner&friendly: positive
!great&!but&dinner&!expensive: neutral
!great&!but&dinner&expensive: negative
!great&but&!we&!service: positive
!great&but&!we&service: negative
!great&but&we&!lucky: neutral
!great&but&we&lucky: positive
great&!not&!lot&!white: positive
great&!not&!lot&white: negative
great&!not&lot: negative
great&not&!the: positive
great&not&the&!food: negative
great&not&the&food: conflict
DecisionTree learned:
!great&!delicious&!good&!dinner: positive
!great&!delicious&!good&dinner: neutral
!great&!delicious&good&!but: positive
!great&!delicious&good&but: positive
!great&delicious&!do&!our: positive
!great&delicious&!do&our: neutral
!great&delicious&do: conflict
great&!not&!who&!lot: positive
great&!not&!who&lot: negative
great&!not&who: negative
great&not&!the: positive
great&not&the&!food: negative
great&not&the&food: conflict
DecisionTree learned:
!but&!great&!delicious&!the: positive
!but&!great&!delicious&the: positive
!but&!great&delicious&!most: positive
!but&!great&delicious&most: neutral
!but&great&!not&!kids: positive
!but&great&!not&kids: conflict
!but&great&not&!food: negative
!but&great&not&food: neutral
but&!we&!expensive&!well: positive
but&!we&!expensive&well: conflict
but&!we&expensive&!food: neutral
but&!we&expensive&food: conflict
but&we&!chicken&!was: neutral
but&we&!chicken&was: negative
but&we&chicken: negative
DecisionTree learned:
!but&!not&!good&!n: positive
!but&!not&!good&n: negative
!but&!not&good&!get: positive
!but&!not&good&get: negative
!but&not&!was&!prix: negative
!but&not&!was&prix: conflict
!but&not&was&!our: negative
!but&not&was&our: positive
but&!we&!worth&!service: positive
but&!we&!worth&service: negative
but&!we&worth&!itsuperb: conflict
but&!we&worth&itsuperb: positive
but&we&!was&!atmosphere: neutral
but&we&!was&atmosphere: positive
but&we&was&!the: negative
but&we&was&the: positive
DecisionTree learned:
!but&!great&!though&!delicious: positive
!but&!great&!though&delicious: positive
!but&!great&though&!recommend: negative
!but&!great&though&recommend: neutral
!but&great&!who&!not: positive
!but&great&!who&not: conflict
!but&great&who: negative
but&!we&!food&!well: negative
but&!we&!food&well: conflict
but&!we&food&!thai: positive
but&!we&food&thai: neutral
but&we&!quickly&!chicken: neutral
but&we&!quickly&chicken: negative
but&we&quickly: positive
DecisionTree learned:
!but&!friendly&!excellent&!was: positive
!but&!friendly&!excellent&was: negative
!but&!friendly&excellent&!pair: positive
!but&!friendly&excellent&pair: neutral
!but&friendly&!sometimes&!popular: positive
!but&friendly&!sometimes&popular: neutral
!but&friendly&sometimes: conflict
but&!with&!service&!great: negative
but&!with&!service&great: positive
but&!with&service&!not: negative
but&!with&service&not: conflict
but&with&!only&!chicken: positive
but&with&!only&chicken: negative
but&with&only: neutral
DecisionTree learned:
!but&!friendly&!good&!the: positive
!but&!friendly&!good&the: positive
!but&!friendly&good&!get: positive
!but&!friendly&good&get: negative
!but&friendly&!sometimes&!popular: positive
!but&friendly&!sometimes&popular: neutral
!but&friendly&sometimes: conflict
but&!we&!to&!with: positive
but&!we&!to&with: positive
but&!we&to&!food: negative
but&!we&to&food: neutral
but&we&!of&!expensive: neutral
but&we&!of&expensive: negative
but&we&of: negative
DecisionTree learned:
!but&!though&!the&!great: positive
!but&!though&!the&great: positive
!but&!though&the&!was: positive
!but&!though&the&was: negative
!but&though&!even&!i: conflict
!but&though&!even&i: negative
!but&though&even&!of: negative
!but&though&even&of: neutral
but&!worth&!we&!with: positive
but&!worth&!we&with: positive
but&!worth&we&!quickly: neutral
but&!worth&we&quickly: positive
but&worth&!itsuperb&!and: conflict
but&worth&!itsuperb&and: conflict
but&worth&itsuperb: positive
DecisionTree learned:
!but&!friendly&!the&!great: positive
!but&!friendly&!the&great: positive
!but&!friendly&the&!at: positive
!but&!friendly&the&at: neutral
!but&friendly&!sometimes&!popular: positive
!but&friendly&!sometimes&popular: positive
!but&friendly&sometimes: conflict
but&!worth&!not&!service: positive
but&!worth&!not&service: negative
but&!worth&not&!for: conflict
but&!worth&not&for: negative
but&worth&!itsuperb&!and: conflict
but&worth&!itsuperb&and: conflict
but&worth&itsuperb: positive
DecisionTree learned:
!dinner&!but&!great&!the: positive
!dinner&!but&!great&the: positive
!dinner&!but&great&!of: positive
!dinner&!but&great&of: neutral
!dinner&but&!only&!food: negative
!dinner&but&!only&food: positive
!dinner&but&only&!and: positive
!dinner&but&only&and: neutral
dinner&!nice&!drinks&!would: neutral
dinner&!nice&!drinks&would: negative
dinner&!nice&drinks&!of: positive
dinner&!nice&drinks&of: negative
dinner&nice: positive
DecisionTree learned:
!but&!the&!great&!quality: positive
!but&!the&!great&quality: negative
!but&!the&great&!white: positive
!but&!the&great&white: negative
!but&the&!at&!is: positive
!but&the&!at&is: positive
!but&the&at&!well: neutral
!but&the&at&well: conflict
but&!look&!of&!s: positive
but&!look&!of&s: conflict
but&!look&of&!have: negative
but&!look&of&have: conflict
but&look&!and: neutral
but&look&and: conflict
DecisionTree learned:
!but&!good&!though&!delicious: positive
!but&!good&!though&delicious: positive
!but&!good&though&!even: negative
!but&!good&though&even: negative
!but&good&!which&!before: positive
!but&good&!which&before: neutral
!but&good&which&!was: neutral
!but&good&which&was: negative
but&!of&!look&!food: negative
but&!of&!look&food: positive
but&!of&look&!and: neutral
but&!of&look&and: conflict
but&of&!have&!with: negative
but&of&!have&with: positive
but&of&have: conflict
DecisionTree learned:
!but&!the&!great&!tho: positive
!but&!the&!great&tho: conflict
!but&!the&great&!even: positive
!but&!the&great&even: conflict
!but&the&!at&!small: positive
!but&the&!at&small: negative
!but&the&at&!does: neutral
!but&the&at&does: conflict
but&!of&!that&!service: positive
but&!of&!that&service: negative
but&!of&that&!they: negative
but&!of&that&they: neutral
but&of&!have&!at: negative
but&of&!have&at: negative
but&of&have: conflict
DecisionTree learned:
!but&!dinner&!though&!delicious: positive
!but&!dinner&!though&delicious: positive
!but&!dinner&though&!even: conflict
!but&!dinner&though&even: negative
!but&dinner&!drinks&!would: neutral
!but&dinner&!drinks&would: negative
!but&dinner&drinks&!of: positive
!but&dinner&drinks&of: negative
but&!of&!great&!nice: negative
but&!of&!great&nice: positive
but&!of&great&!atmosphere: positive
but&!of&great&atmosphere: conflict
but&of&!have&!nothing: positive
but&of&!have&nothing: negative
but&of&have: conflict
DecisionTree learned:
!but&!the&!though&!atmosphere: positive
!but&!the&!though&atmosphere: positive
!but&!the&though&!food: negative
!but&!the&though&food: conflict
!but&the&!was&!sometimes: positive
!but&the&!was&sometimes: conflict
!but&the&was&!although: negative
!but&the&was&although: conflict
but&!we&!to&!with: positive
but&!we&!to&with: positive
but&!we&to&!who: negative
but&!we&to&who: neutral
but&we&!lucky&!was: neutral
but&we&!lucky&was: positive
but&we&lucky: positive
DecisionTree learned:
!but&!excellent&!good&!the: positive
!but&!excellent&!good&the: positive
!but&!excellent&good&!get: positive
!but&!excellent&good&get: negative
!but&excellent&!salty&!do: positive
!but&excellent&!salty&do: negative
!but&excellent&salty: negative
but&!of&!chicken&!we: positive
but&!of&!chicken&we: neutral
but&!of&chicken&!sauce: negative
but&!of&chicken&sauce: negative
but&of&!have&!only: negative
but&of&!have&only: positive
but&of&have: conflict
DecisionTree learned:
!but&!dinner&!though&!excellent: positive
!but&!dinner&!though&excellent: positive
!but&!dinner&though&!even: conflict
!but&!dinner&though&even: negative
!but&dinner&!would&!drinks: neutral
!but&dinner&!would&drinks: positive
!but&dinner&would&!this: negative
!but&dinner&would&this: positive
but&!worth&!was&!roll: positive
but&!worth&!was&roll: negative
but&!worth&was&!food: negative
but&!worth&was&food: positive
but&worth&!itsuperb&!and: conflict
but&worth&!itsuperb&and: conflict
but&worth&itsuperb: positive
DecisionTree learned:
!but&!the&!exceeded&!atmosphere: positive
!but&!the&!exceeded&atmosphere: positive
!but&!the&exceeded: conflict
!but&the&!small&!at: positive
!but&the&!small&at: neutral
!but&the&small&!this: negative
!but&the&small&this: positive
but&!only&!that&!at: positive
but&!only&!that&at: negative
but&!only&that&!have: negative
but&!only&that&have: neutral
but&only&!are&!with: positive
but&only&!are&with: neutral
but&only&are&!actually: neutral
but&only&are&actually: negative
DecisionTree learned:
!but&!the&!lunch&!appetizer: positive
!but&!the&!lunch&appetizer: neutral
!but&!the&lunch&!price: neutral
!but&!the&lunch&price: negative
!but&the&!small&!could: positive
!but&the&!small&could: conflict
!but&the&small&!good: negative
!but&the&small&good: positive
but&!we&!that&!food: negative
but&!we&!that&food: positive
but&!we&that&!they: negative
but&!we&that&they: neutral
but&we&!chicken&!was: neutral
but&we&!chicken&was: negative
but&we&chicken: negative
DecisionTree learned:
!but&!the&!quality&!n: positive
!but&!the&!quality&n: negative
!but&!the&quality&!with: negative
!but&!the&quality&with: positive
!but&the&!sometimes&!bar: positive
!but&the&!sometimes&bar: neutral
!but&the&sometimes: conflict
but&!worth&!with&!that: positive
but&!worth&!with&that: negative
but&!worth&with&!chicken: positive
but&!worth&with&chicken: negative
but&worth&!itsuperb&!and: conflict
but&worth&!itsuperb&and: conflict
but&worth&itsuperb: positive
DecisionTree learned:
!but&!though&!the&!great: positive
!but&!though&!the&great: positive
!but&!though&the&!sometimes: positive
!but&!though&the&sometimes: conflict
!but&though&!recommend&!even: conflict
!but&though&!recommend&even: negative
!but&though&recommend: neutral
but&!we&!that&!s: positive
but&!we&!that&s: conflict
but&!we&that&!they: negative
but&!we&that&they: neutral
but&we&!chicken&!of: neutral
but&we&!chicken&of: negative
but&we&chicken: negative
DecisionTree learned:
!but&!excellent&!good&!friendly: positive
!but&!excellent&!good&friendly: positive
!but&!excellent&good&!pad: positive
!but&!excellent&good&pad: conflict
!but&excellent&!three&!do: positive
!but&excellent&!three&do: negative
!but&excellent&three&!and: neutral
!but&excellent&three&and: positive
but&!to&!few&!with: positive
but&!to&!few&with: positive
but&!to&few: neutral
but&to&!people&!have: negative
but&to&!people&have: neutral
but&to&people: conflict
DecisionTree learned:
!but&!not&!though&!little: positive
!but&!not&!though&little: conflict
!but&!not&though&!even: conflict
!but&!not&though&even: negative
!but&not&!few&!worth: negative
!but&not&!few&worth: negative
!but&not&few: conflict
but&!worth&!not&!service: positive
but&!worth&!not&service: negative
but&!worth&not&!for: conflict
but&!worth&not&for: positive
but&worth&!itsuperb&!and: conflict
but&worth&!itsuperb&and: conflict
but&worth&itsuperb: positive
DecisionTree learned:
!not&!dinner&!does&!good: positive
!not&!dinner&!does&good: positive
!not&!dinner&does&!that: conflict
!not&!dinner&does&that: negative
!not&dinner&!would&!any: neutral
!not&dinner&!would&any: negative
!not&dinner&would&!this: negative
!not&dinner&would&this: positive
not&!but&!few&!worth: negative
not&!but&!few&worth: negative
not&!but&few: conflict
not&but&!for&!great: conflict
not&but&!for&great: positive
not&but&for&!an: negative
not&but&for&an: positive
DecisionTree learned:
!but&!the&!quality&!and: negative
!but&!the&!quality&and: positive
!but&!the&quality&!with: negative
!but&!the&quality&with: positive
!but&the&!at&!was: positive
!but&the&!at&was: negative
!but&the&at&!well: neutral
!but&the&at&well: conflict
but&!of&!we&!ve: negative
but&!of&!we&ve: neutral
but&!of&we&!bar: neutral
but&!of&we&bar: neutral
but&of&!have&!it: negative
but&of&!have&it: positive
but&of&have: conflict
DecisionTree learned:
!but&!though&!the&!perhaps: positive
!but&!though&!the&perhaps: conflict
!but&!though&the&!was: positive
!but&!though&the&was: negative
!but&though&!even&!reservations: conflict
!but&though&!even&reservations: neutral
!but&though&even&!of: negative
!but&though&even&of: neutral
but&!to&!we&!with: positive
but&!to&!we&with: positive
but&!to&we&!was: neutral
but&!to&we&was: positive
but&to&!people&!an: neutral
but&to&!people&an: negative
but&to&people: conflict
DecisionTree learned:
!but&!the&!great&!appetizer: positive
!but&!the&!great&appetizer: neutral
!but&!the&great&!even: positive
!but&!the&great&even: conflict
!but&the&!sometimes&!best: positive
!but&the&!sometimes&best: positive
!but&the&sometimes: conflict
but&!that&!chicken&!of: positive
but&!that&!chicken&of: positive
but&!that&chicken&!sauce: negative
but&!that&chicken&sauce: negative
but&that&!they&!we: negative
but&that&!they&we: neutral
but&that&they&!was: neutral
but&that&they&was: negative
DecisionTree learned:
!but&!though&!the&!perhaps: positive
!but&!though&!the&perhaps: conflict
!but&!though&the&!lad: positive
!but&!though&the&lad: conflict
!but&though&!even&!food: negative
!but&though&!even&food: conflict
!but&though&even&!of: negative
!but&though&even&of: neutral
but&!only&!that&!not: positive
but&!only&!that&not: conflict
but&!only&that&!have: negative
but&!only&that&have: neutral
but&only&!actually&!and: positive
but&only&!actually&and: neutral
but&only&actually&!of: negative
but&only&actually&of: positive
DecisionTree learned:
!but&!dinner&!excellent&!though: positive
!but&!dinner&!excellent&though: negative
!but&!dinner&excellent&!three: positive
!but&!dinner&excellent&three: neutral
!but&dinner&!having&!nice: neutral
!but&dinner&!having&nice: positive
!but&dinner&having: positive
but&!of&!service&!that: positive
but&!of&!service&that: negative
but&!of&service&!not: negative
but&!of&service&not: conflict
but&of&!have&!line: negative
but&of&!have&line: positive
but&of&have: conflict
DecisionTree learned:
!but&!though&!n&!the: positive
!but&!though&!n&the: positive
!but&!though&n&!while: negative
!but&!though&n&while: conflict
!but&though&!recommend&!even: conflict
!but&though&!recommend&even: negative
!but&though&recommend: neutral
but&!to&!chicken&!location: positive
but&!to&!chicken&location: neutral
but&!to&chicken&!sauce: negative
but&!to&chicken&sauce: conflict
but&to&!the&!food: positive
but&to&!the&food: neutral
but&to&the&!have: negative
but&to&the&have: neutral
DecisionTree learned:
!but&!the&!atmosphere&!quality: positive
!but&!the&!atmosphere&quality: negative
!but&!the&atmosphere&!to: positive
!but&!the&atmosphere&to: conflict
!but&the&!sometimes&!could: positive
!but&the&!sometimes&could: conflict
!but&the&sometimes: conflict
but&!to&!that&!chicken: positive
but&!to&!that&chicken: negative
but&!to&that&!they: negative
but&!to&that&they: neutral
but&to&!an&!food: negative
but&to&!an&food: neutral
but&to&an: negative
DecisionTree learned:
!but&!the&!tho&!exceeded: positive
!but&!the&!tho&exceeded: conflict
!but&!the&tho: conflict
!but&the&!bar&!ok: positive
!but&the&!bar&ok: neutral
!but&the&bar&!crowded: neutral
!but&the&bar&crowded: negative
but&!we&!that&!dim: positive
but&!we&!that&dim: neutral
but&!we&that&!they: negative
but&!we&that&they: neutral
but&we&!lucky&!atmosphere: neutral
but&we&!lucky&atmosphere: positive
but&we&lucky: positive
DecisionTree learned:
!but&!the&!for&!to: positive
!but&!the&!for&to: neutral
!but&!the&for&!you: neutral
!but&!the&for&you: positive
!but&the&!was&!lad: positive
!but&the&!was&lad: conflict
!but&the&was&!yet: negative
!but&the&was&yet: conflict
but&!of&!we&!that: positive
but&!of&!we&that: negative
but&!of&we&!atmosphere: neutral
but&!of&we&atmosphere: positive
but&of&!have&!at: positive
but&of&!have&at: negative
but&of&have: conflict
DecisionTree learned:
!but&!the&!atmosphere&!appear: positive
!but&!the&!atmosphere&appear: conflict
!but&!the&atmosphere&!they: positive
!but&!the&atmosphere&they: conflict
!but&the&!at&!lad: positive
!but&the&!at&lad: conflict
!but&the&at&!well: neutral
!but&the&at&well: conflict
but&!worth&!of&!chicken: positive
but&!worth&!of&chicken: negative
but&!worth&of&!have: positive
but&!worth&of&have: conflict
but&worth&!and: conflict
but&worth&and&!in: positive
but&worth&and&in: conflict
DecisionTree learned:
!that&!but&!the&!exceeded: positive
!that&!but&!the&exceeded: conflict
!that&!but&the&!although: positive
!that&!but&the&although: conflict
!that&but&!service&!tasted: positive
!that&but&!service&tasted: negative
!that&but&service&!not: negative
!that&but&service&not: conflict
that&!restaurants&!wine&!not: negative
that&!restaurants&!wine&not: negative
that&!restaurants&wine&!waitress: neutral
that&!restaurants&wine&waitress: positive
that&restaurants: neutral
DecisionTree learned:
!but&!the&!appear&!perhaps: positive
!but&!the&!appear&perhaps: conflict
!but&!the&appear: conflict
!but&the&!lad&!rest: positive
!but&the&!lad&rest: conflict
!but&the&lad: conflict
but&!worth&!of&!reservations: positive
but&!worth&!of&reservations: negative
but&!worth&of&!have: positive
but&!worth&of&have: conflict
but&worth&!itsuperb&!and: conflict
but&worth&!itsuperb&and: conflict
but&worth&itsuperb: positive
DecisionTree learned:
!but&!the&!atmosphere&!n: positive
!but&!the&!atmosphere&n: negative
!but&!the&atmosphere&!they: positive
!but&!the&atmosphere&they: conflict
!but&the&!was&!though: positive
!but&the&!was&though: conflict
!but&the&was&!although: negative
!but&the&was&although: conflict
but&!of&!we&!ve: positive
but&!of&!we&ve: neutral
but&!of&we&!atmosphere: neutral
but&!of&we&atmosphere: positive
but&of&!have&!line: negative
but&of&!have&line: positive
but&of&have: conflict
DecisionTree learned:
!lad&!but&!the&!atmosphere: positive
!lad&!but&!the&atmosphere: positive
!lad&!but&the&!was: positive
!lad&!but&the&was: negative
!lad&but&!long&!we: positive
!lad&but&!long&we: neutral
!lad&but&long&!like: neutral
!lad&but&long&like: neutral
lad: conflict
DecisionTree learned:
!but&!though&!the&!perhaps: positive
!but&!though&!the&perhaps: conflict
!but&!though&the&!sometimes: positive
!but&!though&the&sometimes: conflict
!but&though&!even&!food: negative
!but&though&!even&food: conflict
!but&though&even&!of: negative
!but&though&even&of: neutral
but&!of&!food&!for: negative
but&!of&!food&for: negative
but&!of&food&!expensive: positive
but&!of&food&expensive: conflict
but&of&!have&!line: negative
but&of&!have&line: positive
but&of&have: conflict
DecisionTree learned:
!and&!little&!though&!was: negative
!and&!little&!though&was: negative
!and&!little&though&!even: conflict
!and&!little&though&even: negative
!and&little&!there&!more: conflict
!and&little&!there&more: conflict
!and&little&there: neutral
and&!it&!lad&!doing: positive
and&!it&!lad&doing: conflict
and&!it&lad: conflict
and&it&!of&!taste: negative
and&it&!of&taste: neutral
and&it&of&!lot: neutral
and&it&of&lot: positive
DecisionTree learned:
!little&!good&!was&!though: positive
!little&!good&!was&though: conflict
!little&!good&was&!although: negative
!little&!good&was&although: conflict
!little&good&!rest&!other: positive
!little&good&!rest&other: conflict
!little&good&rest: conflict
little&!there&!more&!for: conflict
little&!there&!more&for: positive
little&!there&more&!the: neutral
little&!there&more&the: conflict
little&there: neutral
DecisionTree learned:
!dinner&!but&!the&!great: negative
!dinner&!but&!the&great: positive
!dinner&!but&the&!could: positive
!dinner&!but&the&could: conflict
!dinner&but&!of&!great: negative
!dinner&but&!of&great: positive
!dinner&but&of&!at: negative
!dinner&but&of&at: negative
dinner&!drinks&!did&!any: neutral
dinner&!drinks&!did&any: negative
dinner&!drinks&did: negative
dinner&drinks&!of: positive
dinner&drinks&of: negative
DecisionTree learned:
!but&!the&!tho&!quality: neutral
!but&!the&!tho&quality: negative
!but&!the&tho: conflict
!but&the&!was&!sometimes: positive
!but&the&!was&sometimes: conflict
!but&the&was&!fine: negative
!but&the&was&fine: conflict
but&!bagels&!great&!nice: negative
but&!bagels&!great&nice: positive
but&!bagels&great&!atmosphere: positive
but&!bagels&great&atmosphere: conflict
but&bagels&!are: positive
but&bagels&are&!be: conflict
but&bagels&are&be: neutral
DecisionTree learned:
!but&!the&!appear&!perhaps: positive
!but&!the&!appear&perhaps: conflict
!but&!the&appear: conflict
!but&the&!small&!at: positive
!but&the&!small&at: neutral
!but&the&small&!this: negative
!but&the&small&this: positive
but&!of&!worth&!not: positive
but&!of&!worth&not: conflict
but&!of&worth&!itsuperb: conflict
but&!of&worth&itsuperb: positive
but&of&!have&!it: negative
but&of&!have&it: positive
but&of&have: conflict
DecisionTree learned:
!but&!little&!the&!tho: positive
!but&!little&!the&tho: conflict
!but&!little&the&!bar: positive
!but&!little&the&bar: neutral
!but&little&!bagel&!for: conflict
!but&little&!bagel&for: negative
!but&little&bagel: neutral
but&!chicken&!of&!felt: positive
but&!chicken&!of&felt: conflict
but&!chicken&of&!have: negative
but&!chicken&of&have: conflict
but&chicken&!was: negative
but&chicken&was&!and: conflict
but&chicken&was&and: negative
DecisionTree learned:
!but&!though&!the&!delicious: positive
!but&!though&!the&delicious: positive
!but&!though&the&!bar: positive
!but&!though&the&bar: neutral
!but&though&!even&!reservations: conflict
!but&though&!even&reservations: neutral
!but&though&even&!of: negative
!but&though&even&of: neutral
but&!of&!we&!that: positive
but&!of&!we&that: negative
but&!of&we&!expensive: neutral
but&!of&we&expensive: negative
but&of&!a&!the: negative
but&of&!a&the: positive
but&of&a&!staff: positive
but&of&a&staff: conflict
DecisionTree learned:
!but&!friendly&!though&!attentive: positive
!but&!friendly&!though&attentive: conflict
!but&!friendly&though&!even: conflict
!but&!friendly&though&even: negative
!but&friendly&!sometimes&!popular: positive
!but&friendly&!sometimes&popular: neutral
!but&friendly&sometimes: conflict
but&!that&!of&!we: positive
but&!that&!of&we: neutral
but&!that&of&!have: positive
but&!that&of&have: conflict
but&that&!they&!we: negative
but&that&!they&we: neutral
but&that&they&!was: neutral
but&that&they&was: negative
DecisionTree learned:
!but&!the&!perhaps&!quality: neutral
!but&!the&!perhaps&quality: negative
!but&!the&perhaps: conflict
!but&the&!could&!attentive: positive
!but&the&!could&attentive: positive
!but&the&could&!more: negative
!but&the&could&more: conflict
but&!to&!that&!looked: positive
but&!to&!that&looked: negative
but&!to&that&!they: negative
but&!to&that&they: neutral
but&to&!people&!an: neutral
but&to&!people&an: negative
but&to&people: conflict
DecisionTree learned:
!but&!the&!exceeded&!and: negative
!but&!the&!exceeded&and: positive
!but&!the&exceeded: conflict
!but&the&!attentive&!although: positive
!but&the&!attentive&although: conflict
!but&the&attentive&!a: positive
!but&the&attentive&a: conflict
but&!of&!food&!for: negative
but&!of&!food&for: negative
but&!of&food&!expensive: positive
but&!of&food&expensive: conflict
but&of&!have&!line: negative
but&of&!have&line: positive
but&of&have: conflict
DecisionTree learned:
!but&!the&!for&!tho: positive
!but&!the&!for&tho: conflict
!but&!the&for&!had: neutral
!but&!the&for&had: negative
!but&the&!although&!rest: positive
!but&the&!although&rest: conflict
!but&the&although&!there: conflict
!but&the&although&there: neutral
but&!only&!with&!at: negative
but&!only&!with&at: negative
but&!only&with&!chicken: positive
but&!only&with&chicken: negative
but&only&!and&!with: positive
but&only&!and&with: neutral
but&only&and&!actually: neutral
but&only&and&actually: negative
DecisionTree learned:
!but&!the&!appear&!atmosphere: positive
!but&!the&!appear&atmosphere: positive
!but&!the&appear: conflict
!but&the&!although&!fine: positive
!but&the&!although&fine: conflict
!but&the&although&!there: conflict
!but&the&although&there: neutral
but&!high&!s&!n: positive
but&!high&!s&n: negative
but&!high&s&!not: positive
but&!high&s&not: conflict
but&high&!for: conflict
but&high&for: negative
DecisionTree learned:
!but&!the&!though&!appear: positive
!but&!the&!though&appear: conflict
!but&!the&though&!food: negative
!but&!the&though&food: conflict
!but&the&!small&!sometimes: positive
!but&the&!small&sometimes: conflict
!but&the&small&!this: negative
!but&the&small&this: positive
but&!of&!great&!nice: negative
but&!of&!great&nice: positive
but&!of&great&!atmosphere: positive
but&!of&great&atmosphere: conflict
but&of&!only&!have: negative
but&of&!only&have: conflict
but&of&only: positive
DecisionTree learned:
!but&!the&!perhaps&!atmosphere: neutral
!but&!the&!perhaps&atmosphere: positive
!but&!the&perhaps: conflict
!but&the&!rest&!small: positive
!but&the&!rest&small: negative
!but&the&rest&!was: conflict
!but&the&rest&was: neutral
but&!we&!that&!location: positive
but&!we&!that&location: neutral
but&!we&that&!they: negative
but&!we&that&they: neutral
but&we&!was&!atmosphere: neutral
but&we&!was&atmosphere: positive
but&we&was&!and: negative
but&we&was&and: positive
DecisionTree learned:
!but&!the&!tho&!though: positive
!but&!the&!tho&though: negative
!but&!the&tho: conflict
!but&the&!ok&!although: positive
!but&the&!ok&although: conflict
!but&the&ok&!were: neutral
!but&the&ok&were: negative
but&!not&!service&!with: positive
but&!not&!service&with: positive
but&!not&service&!is: positive
but&!not&service&is: negative
but&not&!for&!great: conflict
but&not&!for&great: positive
but&not&for&!an: negative
but&not&for&an: positive
DecisionTree learned:
!that&!but&!the&!for: positive
!that&!but&!the&for: neutral
!that&!but&the&!attentive: positive
!that&!but&the&attentive: conflict
!that&but&!service&!of: positive
!that&but&!service&of: positive
!that&but&service&!not: negative
!that&but&service&not: conflict
that&!restaurants&!reservation&!wine: negative
that&!restaurants&!reservation&wine: neutral
that&!restaurants&reservation: neutral
that&restaurants: neutral
DecisionTree learned:
!but&!the&!appear&!perhaps: positive
!but&!the&!appear&perhaps: conflict
!but&!the&appear: conflict
!but&the&!sometimes&!though: positive
!but&the&!sometimes&though: conflict
!but&the&sometimes: conflict
but&!to&!with&!service: positive
but&!to&!with&service: negative
but&!to&with&!chicken: positive
but&!to&with&chicken: negative
but&to&!people&!an: neutral
but&to&!people&an: negative
but&to&people: conflict
DecisionTree learned:
!but&!though&!the&!atmosphere: positive
!but&!though&!the&atmosphere: positive
!but&!though&the&!was: positive
!but&!though&the&was: negative
!but&though&!recommend&!even: conflict
!but&though&!recommend&even: negative
!but&though&recommend: neutral
but&!worth&!reservations&!of: positive
but&!worth&!reservations&of: negative
but&!worth&reservations&!was: neutral
but&!worth&reservations&was: negative
but&worth&!a&!in: positive
but&worth&!a&in: conflict
but&worth&a: conflict
DecisionTree learned:
!but&!the&!exceeded&!appear: neutral
!but&!the&!exceeded&appear: conflict
!but&!the&exceeded: conflict
!but&the&!was&!sometimes: positive
!but&the&!was&sometimes: conflict
!but&the&was&!yet: negative
!but&the&was&yet: conflict
but&!that&!of&!at: positive
but&!that&!of&at: positive
but&!that&of&!have: negative
but&!that&of&have: conflict
but&that&!they&!n: negative
but&that&!they&n: negative
but&that&they&!was: neutral
but&that&they&was: negative
DecisionTree learned:
!but&!the&!atmosphere&!exceeded: positive
!but&!the&!atmosphere&exceeded: conflict
!but&!the&atmosphere&!to: positive
!but&!the&atmosphere&to: conflict
!but&the&!sometimes&!rest: positive
!but&the&!sometimes&rest: conflict
!but&the&sometimes: conflict
but&!of&!nice&!great: negative
but&!of&!nice&great: positive
but&!of&nice&!casual: positive
but&!of&nice&casual: conflict
but&of&!have&!line: positive
but&of&!have&line: positive
but&of&have: conflict
DecisionTree learned:
!that&!but&!the&!atmosphere: neutral
!that&!but&!the&atmosphere: positive
!that&!but&the&!attentive: positive
!that&!but&the&attentive: conflict
!that&but&!of&!food: negative
!that&but&!of&food: positive
!that&but&of&!have: negative
!that&but&of&have: conflict
that&!restaurants&!wine&!reservation: negative
that&!restaurants&!wine&reservation: neutral
that&!restaurants&wine&!waitress: neutral
that&!restaurants&wine&waitress: positive
that&restaurants: neutral
DecisionTree learned:
!but&!the&!atmosphere&!quality: neutral
!but&!the&!atmosphere&quality: negative
!but&!the&atmosphere&!to: positive
!but&!the&atmosphere&to: conflict
!but&the&!attentive&!fine: positive
!but&the&!attentive&fine: conflict
!but&the&attentive&!service: positive
!but&the&attentive&service: conflict
but&!chicken&!to&!with: positive
but&!chicken&!to&with: positive
but&!chicken&to&!people: negative
but&!chicken&to&people: conflict
but&chicken&!sauce: negative
but&chicken&sauce&!and: conflict
but&chicken&sauce&and: negative
DecisionTree learned:
!but&!the&!tho&!atmosphere: neutral
!but&!the&!tho&atmosphere: positive
!but&!the&tho: conflict
!but&the&!lad&!bar: positive
!but&the&!lad&bar: neutral
!but&the&lad: conflict
but&!of&!service&!great: neutral
but&!of&!service&great: positive
but&!of&service&!not: negative
but&!of&service&not: conflict
but&of&!have&!it: negative
but&of&!have&it: positive
but&of&have: conflict
DecisionTree learned:
!nice&!little&!that&!was: positive
!nice&!little&!that&was: negative
!nice&!little&that&!restaurants: negative
!nice&!little&that&restaurants: neutral
!nice&little&!there&!more: conflict
!nice&little&!there&more: conflict
!nice&little&there: neutral
nice&!than&!served&!presented: positive
nice&!than&!served&presented: neutral
nice&!than&served: neutral
nice&than: conflict
DecisionTree learned:
!but&!the&!perhaps&!appear: neutral
!but&!the&!perhaps&appear: conflict
!but&!the&perhaps: conflict
!but&the&!fine&!sometimes: positive
!but&the&!fine&sometimes: conflict
!but&the&fine&!to: conflict
!but&the&fine&to: neutral
but&!of&!worth&!service: positive
but&!of&!worth&service: negative
but&!of&worth&!in: conflict
but&!of&worth&in: conflict
but&of&!have&!we: negative
but&of&!have&we: negative
but&of&have: conflict
DecisionTree learned:
!but&!the&!atmosphere&!tho: neutral
!but&!the&!atmosphere&tho: conflict
!but&!the&atmosphere&!they: positive
!but&!the&atmosphere&they: conflict
!but&the&!amazing&!lad: positive
!but&the&!amazing&lad: conflict
!but&the&amazing: positive
but&!we&!not&!service: positive
but&!we&!not&service: negative
but&!we&not&!for: conflict
but&!we&not&for: negative
but&we&!atmosphere&!was: neutral
but&we&!atmosphere&was: negative
but&we&atmosphere: positive
DecisionTree learned:
!little&!was&!though&!is: neutral
!little&!was&!though&is: positive
!little&!was&though&!recommend: conflict
!little&!was&though&recommend: neutral
!little&was&!yet&!although: negative
!little&was&!yet&although: conflict
!little&was&yet&!food: conflict
!little&was&yet&food: positive
little&!bagel&!table&!while: conflict
little&!bagel&!table&while: positive
little&!bagel&table&!and: conflict
little&!bagel&table&and: positive
little&bagel: neutral
DecisionTree learned:
!but&!little&!the&!appear: positive
!but&!little&!the&appear: conflict
!but&!little&the&!lad: positive
!but&!little&the&lad: conflict
!but&little&!bagel&!more: conflict
!but&little&!bagel&more: conflict
!but&little&bagel: neutral
but&!of&!with&!great: negative
but&!of&!with&great: positive
but&!of&with&!chicken: positive
but&!of&with&chicken: negative
but&of&!have&!out: positive
but&of&!have&out: negative
but&of&have: conflict
DecisionTree learned:
!but&!the&!appear&!exceeded: neutral
!but&!the&!appear&exceeded: conflict
!but&!the&appear: conflict
!but&the&!although&!fine: positive
!but&the&!although&fine: conflict
!but&the&although&!there: conflict
!but&the&although&there: neutral
but&!of&!worth&!to: positive
but&!of&!worth&to: negative
but&!of&worth&!itsuperb: conflict
but&!of&worth&itsuperb: positive
but&of&!have&!quality: positive
but&of&!have&quality: negative
but&of&have: conflict
DecisionTree learned:
!but&!the&!appear&!atmosphere: neutral
!but&!the&!appear&atmosphere: positive
!but&!the&appear: conflict
!but&the&!attentive&!is: negative
!but&the&!attentive&is: positive
!but&the&attentive&!service: positive
!but&the&attentive&service: conflict
but&!at&!look&!not: positive
but&!at&!look&not: conflict
but&!at&look: conflict
but&at&!la&!mediocre: negative
but&at&!la&mediocre: neutral
but&at&la: positive
DecisionTree learned:
!nice&!though&!was&!turns: positive
!nice&!though&!was&turns: conflict
!nice&!though&was&!although: negative
!nice&!though&was&although: conflict
!nice&though&!even&!i: conflict
!nice&though&!even&i: negative
!nice&though&even&!of: negative
!nice&though&even&of: neutral
nice&!than&!presented&!served: positive
nice&!than&!presented&served: neutral
nice&!than&presented: neutral
nice&than: conflict
DecisionTree learned:
!but&!the&!tho&!perhaps: positive
!but&!the&!tho&perhaps: conflict
!but&!the&tho: conflict
!but&the&!at&!lad: positive
!but&the&!at&lad: conflict
!but&the&at&!well: neutral
!but&the&at&well: conflict
but&!expected&!of&!same: positive
but&!expected&!of&same: neutral
but&!expected&of&!have: negative
but&!expected&of&have: conflict
but&expected: conflict
DecisionTree learned:
!lad&!and&!quibbles&!worth: negative
!lad&!and&!quibbles&worth: conflict
!lad&!and&quibbles: conflict
!lad&and&!it&!nightmare: positive
!lad&and&!it&nightmare: conflict
!lad&and&it&!s: negative
!lad&and&it&s: conflict
lad: conflict
DecisionTree learned:
!but&!the&!exceeded&!perhaps: positive
!but&!the&!exceeded&perhaps: conflict
!but&!the&exceeded: conflict
!but&the&!fine&!sometimes: positive
!but&the&!fine&sometimes: conflict
!but&the&fine&!to: conflict
!but&the&fine&to: neutral
but&!was&!worth&!the: positive
but&!was&!worth&the: negative
but&!was&worth&!and: conflict
but&!was&worth&and: conflict
but&was&!were&!best: conflict
but&was&!were&best: neutral
but&was&were: negative
DecisionTree learned:
!little&!but&!though&!the: positive
!little&!but&!though&the: positive
!little&!but&though&!even: conflict
!little&!but&though&even: negative
!little&but&!of&!worth: positive
!little&but&!of&worth: conflict
!little&but&of&!have: positive
!little&but&of&have: conflict
little&!bagel&!for&!outstanding: conflict
little&!bagel&!for&outstanding: positive
little&!bagel&for&!wait: negative
little&!bagel&for&wait: neutral
little&bagel: neutral
DecisionTree learned:
!but&!the&!appear&!perhaps: neutral
!but&!the&!appear&perhaps: conflict
!but&!the&appear: conflict
!but&the&!rest&!was: positive
!but&the&!rest&was: negative
!but&the&rest&!was: conflict
!but&the&rest&was: neutral
but&!we&!location&!not: negative
but&!we&!location&not: conflict
but&!we&location&!for: neutral
but&!we&location&for: positive
but&we&!was&!expensive: neutral
but&we&!was&expensive: negative
but&we&was&!the: negative
but&we&was&the: positive
DecisionTree learned:
!but&!the&!tho&!though: positive
!but&!the&!tho&though: negative
!but&!the&tho: conflict
!but&the&!attentive&!quibbles: positive
!but&the&!attentive&quibbles: conflict
!but&the&attentive&!service: positive
!but&the&attentive&service: conflict
but&!looked&!to&!it: positive
but&!looked&!to&it: conflict
but&!looked&to&!an: neutral
but&!looked&to&an: negative
but&looked&!like: negative
but&looked&like: conflict
DecisionTree learned:
!but&!the&!appear&!perhaps: positive
!but&!the&!appear&perhaps: conflict
!but&!the&appear: conflict
!but&the&!best&!attentive: negative
!but&the&!best&attentive: conflict
!but&the&best&!a: positive
!but&the&best&a: conflict
but&!worth&!of&!look: positive
but&!worth&!of&look: conflict
but&!worth&of&!have: positive
but&!worth&of&have: conflict
but&worth: conflict
DecisionTree learned:
!but&!though&!the&!perhaps: positive
!but&!though&!the&perhaps: conflict
!but&!though&the&!although: positive
!but&!though&the&although: conflict
!but&though&!even&!i: conflict
!but&though&!even&i: negative
!but&though&even&!at: negative
!but&though&even&at: positive
but&!to&!of&!menu: positive
but&!to&!of&menu: neutral
but&!to&of&!have: negative
but&!to&of&have: conflict
but&to&!people&!an: negative
but&to&!people&an: negative
but&to&people: conflict
DecisionTree learned:
!good&!that&!it&!and: negative
!good&!that&!it&and: positive
!good&!that&it&!outstanding: negative
!good&!that&it&outstanding: conflict
!good&that&!with&!here: negative
!good&that&!with&here: neutral
!good&that&with&!so: positive
!good&that&with&so: negative
good&!other&!rest&!not: positive
good&!other&!rest&not: conflict
good&!other&rest: conflict
good&other: conflict
DecisionTree learned:
!dinner&!that&!but&!the: positive
!dinner&!that&!but&the: positive
!dinner&!that&but&!of: positive
!dinner&!that&but&of: negative
!dinner&that&!restaurants&!not: negative
!dinner&that&!restaurants&not: neutral
!dinner&that&restaurants: neutral
dinner&!drinks&!up&!would: neutral
dinner&!drinks&!up&would: negative
dinner&!drinks&up&!be: positive
dinner&!drinks&up&be: negative
dinner&drinks&!of: positive
dinner&drinks&of: negative
DecisionTree learned:
!but&!the&!exceeded&!appear: neutral
!but&!the&!exceeded&appear: conflict
!but&!the&exceeded: conflict
!but&the&!was&!though: positive
!but&the&!was&though: conflict
!but&the&was&!yet: negative
!but&the&was&yet: conflict
but&!does&!to&!tasted: positive
but&!does&!to&tasted: negative
but&!does&to&!people: negative
but&!does&to&people: conflict
but&does&!with: negative
but&does&with: positive
DecisionTree learned:
!and&!was&!everything&!though: negative
!and&!was&!everything&though: conflict
!and&!was&everything&!menu: positive
!and&!was&everything&menu: conflict
!and&was&!yet&!spent: negative
!and&was&!yet&spent: conflict
!and&was&yet&!to: conflict
!and&was&yet&to: positive
and&!it&!lad&!doing: positive
and&!it&!lad&doing: conflict
and&!it&lad: conflict
and&it&!s&!the: neutral
and&it&!s&the: negative
and&it&s&!had: conflict
and&it&s&had: positive
DecisionTree learned:
!but&!the&!tho&!atmosphere: neutral
!but&!the&!tho&atmosphere: positive
!but&!the&tho: conflict
!but&the&!sometimes&!excellent: negative
!but&the&!sometimes&excellent: positive
!but&the&sometimes: conflict
but&!to&!looked&!bagels: positive
but&!to&!looked&bagels: conflict
but&!to&looked: negative
but&to&!people&!an: neutral
but&to&!people&an: negative
but&to&people: conflict
DecisionTree learned:
!but&!little&!though&!the: neutral
!but&!little&!though&the: positive
!but&!little&though&!even: conflict
!but&!little&though&even: negative
!but&little&!bagel&!more: conflict
!but&little&!bagel&more: conflict
!but&little&bagel: neutral
but&!worth&!of&!was: positive
but&!worth&!of&was: conflict
but&!worth&of&!nothing: positive
but&!worth&of&nothing: negative
but&worth&!itsuperb&!and: conflict
but&worth&!itsuperb&and: conflict
but&worth&itsuperb: positive
DecisionTree learned:
!but&!the&!exceeded&!tho: neutral
!but&!the&!exceeded&tho: conflict
!but&!the&exceeded: conflict
!but&the&!sometimes&!groundbreaking: positive
!but&the&!sometimes&groundbreaking: conflict
!but&the&sometimes: conflict
but&!look&!of&!place: neutral
but&!look&!of&place: positive
but&!look&of&!have: negative
but&!look&of&have: conflict
but&look&!and: neutral
but&look&and: conflict
DecisionTree learned:
!but&!the&!tho&!appear: neutral
!but&!the&!tho&appear: conflict
!but&!the&tho: conflict
!but&the&!was&!though: positive
!but&the&!was&though: conflict
!but&the&was&!fine: negative
!but&the&was&fine: conflict
but&!we&!food&!n: negative
but&!we&!food&n: negative
but&!we&food&!expensive: positive
but&!we&food&expensive: conflict
but&we&!was&!expensive: neutral
but&we&!was&expensive: negative
but&we&was&!the: negative
but&we&was&the: positive
DecisionTree learned:
!but&!the&!atmosphere&!though: positive
!but&!the&!atmosphere&though: negative
!but&!the&atmosphere&!to: positive
!but&!the&atmosphere&to: conflict
!but&the&!sometimes&!may: positive
!but&the&!sometimes&may: conflict
!but&the&sometimes: conflict
but&!of&!service&!to: positive
but&!of&!service&to: negative
but&!of&service&!not: negative
but&!of&service&not: conflict
but&of&!quality&!have: positive
but&of&!quality&have: conflict
but&of&quality: negative
DecisionTree learned:
!but&!though&!the&!appear: positive
!but&!though&!the&appear: conflict
!but&!though&the&!fine: positive
!but&!though&the&fine: conflict
!but&though&!even&!i: conflict
!but&though&!even&i: negative
!but&though&even&!reservation: negative
!but&though&even&reservation: neutral
but&!to&!at&!location: positive
but&!to&!at&location: neutral
but&!to&at&!the: positive
but&!to&at&the: neutral
but&to&!people&!an: neutral
but&to&!people&an: negative
but&to&people: conflict
DecisionTree learned:
!but&!the&!tho&!though: positive
!but&!the&!tho&though: negative
!but&!the&tho: conflict
!but&the&!rest&!sometimes: positive
!but&the&!rest&sometimes: conflict
!but&the&rest&!was: conflict
!but&the&rest&was: neutral
but&!to&!bagels&!chicken: positive
but&!to&!bagels&chicken: negative
but&!to&bagels&!a: neutral
but&!to&bagels&a: conflict
but&to&!people&!an: neutral
but&to&!people&an: negative
but&to&people: conflict
DecisionTree learned:
!that&!but&!the&!perhaps: positive
!that&!but&!the&perhaps: conflict
!that&!but&the&!attentive: positive
!that&!but&the&attentive: conflict
!that&but&!to&!looked: positive
!that&but&!to&looked: negative
!that&but&to&!people: negative
!that&but&to&people: conflict
that&!restaurants&!best&!had: negative
that&!restaurants&!best&had: negative
that&!restaurants&best&!like: positive
that&!restaurants&best&like: neutral
that&restaurants: neutral
DecisionTree learned:
!but&!though&!the&!exceeded: neutral
!but&!though&!the&exceeded: conflict
!but&!though&the&!quibbles: positive
!but&!though&the&quibbles: conflict
!but&though&!even&!i: conflict
!but&though&!even&i: negative
!but&though&even&!of: negative
!but&though&even&of: neutral
but&!of&!not&!service: positive
but&!of&!not&service: negative
but&!of&not&!for: conflict
but&!of&not&for: negative
but&of&!have&!out: positive
but&of&!have&out: negative
but&of&have: conflict
DecisionTree learned:
!but&!the&!wait&!for: positive
!but&!the&!wait&for: neutral
!but&!the&wait&!not: negative
!but&!the&wait&not: neutral
!but&the&!bar&!sometimes: positive
!but&the&!bar&sometimes: conflict
!but&the&bar&!crowded: neutral
!but&the&bar&crowded: negative
but&!reservations&!we&!service: positive
but&!reservations&!we&service: negative
but&!reservations&we&!chicken: neutral
but&!reservations&we&chicken: negative
but&reservations&!to: negative
but&reservations&to&!the: negative
but&reservations&to&the: neutral
DecisionTree learned:
!that&!but&!the&!for: positive
!that&!but&!the&for: neutral
!that&!but&the&!attentive: positive
!that&!but&the&attentive: conflict
!that&but&!of&!food: negative
!that&but&!of&food: positive
!that&but&of&!have: negative
!that&but&of&have: conflict
that&!restaurants&!noodle&!reservation: negative
that&!restaurants&!noodle&reservation: neutral
that&!restaurants&noodle: neutral
that&restaurants: neutral
DecisionTree learned:
!not&!attentive&!does&!though: positive
!not&!attentive&!does&though: conflict
!not&!attentive&does&!that: conflict
!not&!attentive&does&that: negative
!not&attentive&!a&!unimposing: positive
!not&attentive&!a&unimposing: conflict
!not&attentive&a&!and: conflict
!not&attentive&a&and: conflict
not&!worth&!but&!few: negative
not&!worth&!but&few: conflict
not&!worth&but&!for: conflict
not&!worth&but&for: negative
not&worth&!with&!food: negative
not&worth&!with&food: conflict
not&worth&with: conflict
DecisionTree learned:
!that&!but&!the&!tho: neutral
!that&!but&!the&tho: conflict
!that&!but&the&!attentive: positive
!that&!but&the&attentive: conflict
!that&but&!chicken&!to: positive
!that&but&!chicken&to: negative
!that&but&chicken&!and: negative
!that&but&chicken&and: negative
that&!with&!noodle&!specials: negative
that&!with&!noodle&specials: neutral
that&!with&noodle: neutral
that&with&!much&!was: neutral
that&with&!much&was: negative
that&with&much: negative
DecisionTree learned:
!good&!was&!little&!lexington: positive
!good&!was&!little&lexington: conflict
!good&!was&little&!bagel: conflict
!good&!was&little&bagel: neutral
!good&was&!although&!yet: negative
!good&was&!although&yet: conflict
!good&was&although: conflict
good&!rest&!other&!food: positive
good&!rest&!other&food: positive
good&!rest&other: conflict
good&rest: conflict
DecisionTree learned:
!but&!the&!tho&!atmosphere: neutral
!but&!the&!tho&atmosphere: positive
!but&!the&tho: conflict
!but&the&!lad&!could: positive
!but&the&!lad&could: conflict
!but&the&lad: conflict
but&!of&!worth&!expected: negative
but&!of&!worth&expected: conflict
but&!of&worth&!itsuperb: conflict
but&!of&worth&itsuperb: positive
but&of&!the&!a: negative
but&of&!the&a: positive
but&of&the&!menu: positive
but&of&the&menu: negative
DecisionTree learned:
!but&!the&!perhaps&!tho: positive
!but&!the&!perhaps&tho: conflict
!but&!the&perhaps: conflict
!but&the&!sometimes&!could: positive
!but&the&!sometimes&could: conflict
!but&the&sometimes: conflict
but&!chicken&!with&!does: negative
but&!chicken&!with&does: negative
but&!chicken&with&!like: positive
but&!chicken&with&like: negative
but&chicken&!sauce: negative
but&chicken&sauce&!and: conflict
but&chicken&sauce&and: negative
DecisionTree learned:
!but&!though&!the&!perhaps: positive
!but&!though&!the&perhaps: conflict
!but&!though&the&!although: positive
!but&!though&the&although: conflict
!but&though&!food&!the: negative
!but&though&!food&the: conflict
!but&though&food&!a: conflict
!but&though&food&a: positive
but&!worth&!food&!n: negative
but&!worth&!food&n: negative
but&!worth&food&!thai: positive
but&!worth&food&thai: neutral
but&worth&!itsuperb&!and: conflict
but&worth&!itsuperb&and: conflict
but&worth&itsuperb: positive
DecisionTree learned:
!but&!the&!perhaps&!tho: neutral
!but&!the&!perhaps&tho: conflict
!but&!the&perhaps: conflict
!but&the&!although&!may: positive
!but&the&!although&may: conflict
!but&the&although&!there: conflict
!but&the&although&there: neutral
but&!that&!only&!to: conflict
but&!that&!only&to: negative
but&!that&only&!and: positive
but&!that&only&and: neutral
but&that&!they&!we: negative
but&that&!they&we: neutral
but&that&they&!was: neutral
but&that&they&was: negative
Trial 0 Training cc.mallet.classify.AdaBoostM2Trainer@1d2940b3 finished
Trial 0 Trainer cc.mallet.classify.AdaBoostM2Trainer@1d2940b3 test data accuracy = 0.5793758480325645

NaiveBayesTrainer
Summary. test accuracy mean = 0.6472184531886025 stddev = 0.0 stderr = 0.0

MaxEntTrainer,gaussianPriorVariance=1.0
Summary. test accuracy mean = 0.6458616010854816 stddev = 0.0 stderr = 0.0

cc.mallet.classify.DecisionTreeTrainer@5328f6ee
Summary. test accuracy mean = 0.5725915875169606 stddev = 0.0 stderr = 0.0

cc.mallet.classify.AdaBoostM2Trainer@1d2940b3
Summary. test accuracy mean = 0.5793758480325645 stddev = 0.0 stderr = 0.0
