
-------------------- Trial 0  --------------------

Trial 0 Training NaiveBayesTrainer with 2956 instances
Trial 0 Training NaiveBayesTrainer finished
Trial 0 Trainer NaiveBayesTrainer test data accuracy = 0.6105834464043419
Trial 0 Training MaxEntTrainer,gaussianPriorVariance=1.0 with 2956 instances
Trial 0 Training MaxEntTrainer,gaussianPriorVariance=1.0 finished
Trial 0 Trainer MaxEntTrainer,gaussianPriorVariance=1.0 test data accuracy = 0.6431478968792401
Trial 0 Training cc.mallet.classify.DecisionTreeTrainer@69945ce with 2956 instances
DecisionTree learned:
!great&!but&!good&!delicious: positive
!great&!but&!good&delicious: positive
!great&!but&good&!get: positive
!great&!but&good&get: negative
!great&but&!we&!to: positive
!great&but&!we&to: negative
!great&but&we&!quickly: neutral
!great&but&we&quickly: positive
great&!not&!who&!lot: positive
great&!not&!who&lot: negative
great&!not&who: negative
great&not&!the: positive
great&not&the&!food: negative
great&not&the&food: conflict
Trial 0 Training cc.mallet.classify.DecisionTreeTrainer@69945ce finished
Trial 0 Trainer cc.mallet.classify.DecisionTreeTrainer@69945ce test data accuracy = 0.5725915875169606
Trial 0 Training cc.mallet.classify.AdaBoostM2Trainer@49ff0dde with 2956 instances
DecisionTree learned:
!great&!but&!good&!delicious: positive
!great&!but&!good&delicious: positive
!great&!but&good&!which: positive
!great&!but&good&which: negative
!great&but&!we&!to: positive
!great&but&!we&to: negative
!great&but&we&!quickly: neutral
!great&but&we&quickly: positive
great&!not&!lot&!who: positive
great&!not&!lot&who: negative
great&!not&lot: negative
great&not&!the: positive
great&not&the&!food: negative
great&not&the&food: conflict
DecisionTree learned:
!great&!but&!the&!friendly: positive
!great&!but&!the&friendly: positive
!great&!but&the&!at: positive
!great&!but&the&at: neutral
!great&but&!we&!service: positive
!great&but&!we&service: negative
!great&but&we&!got: neutral
!great&but&we&got: negative
great&!of&!dinner&!the: positive
great&!of&!dinner&the: positive
great&!of&dinner&!this: neutral
great&!of&dinner&this: positive
great&of&!white&!it: positive
great&of&!white&it: neutral
great&of&white: negative
DecisionTree learned:
!dinner&!but&!not&!good: positive
!dinner&!but&!not&good: positive
!dinner&!but&not&!was: negative
!dinner&!but&not&was: negative
!dinner&but&!we&!worth: positive
!dinner&but&!we&worth: conflict
!dinner&but&we&!of: neutral
!dinner&but&we&of: negative
dinner&!nice&!drinks&!would: neutral
dinner&!nice&!drinks&would: negative
dinner&!nice&drinks&!of: positive
dinner&!nice&drinks&of: negative
dinner&nice: positive
DecisionTree learned:
!great&!but&!friendly&!dinner: positive
!great&!but&!friendly&dinner: neutral
!great&!but&friendly&!sometimes: positive
!great&!but&friendly&sometimes: conflict
!great&but&!food&!we: negative
!great&but&!food&we: neutral
!great&but&food&!expensive: positive
!great&but&food&expensive: conflict
great&!atmosphere&!not&!from: positive
great&!atmosphere&!not&from: negative
great&!atmosphere&not&!the: positive
great&!atmosphere&not&the: negative
great&atmosphere&!it&!have: positive
great&atmosphere&!it&have: negative
great&atmosphere&it: conflict
DecisionTree learned:
!great&!delicious&!nice&!dinner: positive
!great&!delicious&!nice&dinner: neutral
!great&!delicious&nice&!served: positive
!great&!delicious&nice&served: neutral
!great&delicious&!do&!bitter: positive
!great&delicious&!do&bitter: negative
!great&delicious&do: conflict
great&!of&!not&!dinner: positive
great&!of&!not&dinner: neutral
great&!of&not&!the: positive
great&!of&not&the: negative
great&of&!white&!it: positive
great&of&!white&it: neutral
great&of&white: negative
DecisionTree learned:
!but&!friendly&!good&!was: positive
!but&!friendly&!good&was: negative
!but&!friendly&good&!get: positive
!but&!friendly&good&get: negative
!but&friendly&!sometimes&!popular: positive
!but&friendly&!sometimes&popular: neutral
!but&friendly&sometimes: conflict
but&!we&!service&!to: positive
but&!we&!service&to: negative
but&!we&service&!not: negative
but&!we&service&not: conflict
but&we&!lucky&!was: neutral
but&we&!lucky&was: negative
but&we&lucky: positive
DecisionTree learned:
!but&!the&!great&!appetizer: positive
!but&!the&!great&appetizer: neutral
!but&!the&great&!white: positive
!but&!the&great&white: negative
!but&the&!was&!though: positive
!but&the&!was&though: conflict
!but&the&was&!excellent: negative
!but&the&was&excellent: positive
but&!worth&!chicken&!service: positive
but&!worth&!chicken&service: negative
but&!worth&chicken&!and: negative
but&!worth&chicken&and: negative
but&worth&!itsuperb&!and: conflict
but&worth&!itsuperb&and: conflict
but&worth&itsuperb: positive
DecisionTree learned:
!but&!excellent&!friendly&!the: positive
!but&!excellent&!friendly&the: positive
!but&!excellent&friendly&!sometimes: positive
!but&!excellent&friendly&sometimes: conflict
!but&excellent&!do&!pair: positive
!but&excellent&!do&pair: neutral
!but&excellent&do: negative
but&!we&!worth&!with: positive
but&!we&!worth&with: positive
but&!we&worth&!itsuperb: conflict
but&!we&worth&itsuperb: positive
but&we&!atmosphere&!quickly: neutral
but&we&!atmosphere&quickly: positive
but&we&atmosphere: positive
DecisionTree learned:
!but&!though&!delicious&!the: positive
!but&!though&!delicious&the: positive
!but&!though&delicious&!top: positive
!but&!though&delicious&top: neutral
!but&though&!recommend&!even: negative
!but&though&!recommend&even: negative
!but&though&recommend: neutral
but&!well&!of&!service: positive
but&!well&!of&service: negative
but&!well&of&!line: negative
but&!well&of&line: positive
but&well&!food&!and: conflict
but&well&!food&and: positive
but&well&food: positive
DecisionTree learned:
!but&!the&!great&!quality: positive
!but&!the&!great&quality: negative
!but&!the&great&!even: positive
!but&!the&great&even: conflict
!but&the&!small&!at: positive
!but&the&!small&at: neutral
!but&the&small&!good: negative
!but&the&small&good: positive
but&!that&!with&!service: positive
but&!that&!with&service: negative
but&!that&with&!chicken: positive
but&!that&with&chicken: negative
but&that&!they&!would: negative
but&that&!they&would: positive
but&that&they&!was: neutral
but&that&they&was: negative
DecisionTree learned:
!but&!the&!though&!great: positive
!but&!the&!though&great: positive
!but&!the&though&!food: negative
!but&!the&though&food: conflict
!but&the&!sometimes&!small: positive
!but&the&!sometimes&small: negative
!but&the&sometimes: conflict
but&!we&!look&!thai: positive
but&!we&!look&thai: neutral
but&!we&look&!and: neutral
but&!we&look&and: conflict
but&we&!was&!casserole: neutral
but&we&!was&casserole: negative
but&we&was&!and: negative
but&we&was&and: positive
DecisionTree learned:
!dinner&!but&!though&!delicious: positive
!dinner&!but&!though&delicious: positive
!dinner&!but&though&!recommend: negative
!dinner&!but&though&recommend: neutral
!dinner&but&!of&!worth: positive
!dinner&but&!of&worth: conflict
!dinner&but&of&!have: negative
!dinner&but&of&have: conflict
dinner&!drinks&!would&!up: neutral
dinner&!drinks&!would&up: positive
dinner&!drinks&would&!this: negative
dinner&!drinks&would&this: positive
dinner&drinks&!of: positive
dinner&drinks&of: negative
DecisionTree learned:
!but&!excellent&!the&!great: positive
!but&!excellent&!the&great: positive
!but&!excellent&the&!at: positive
!but&!excellent&the&at: neutral
!but&excellent&!salty&!you: positive
!but&excellent&!salty&you: positive
!but&excellent&salty: negative
but&!not&!service&!of: positive
but&!not&!service&of: negative
but&!not&service&!found: negative
but&!not&service&found: positive
but&not&!for&!service: conflict
but&not&!for&service: conflict
but&not&for&!an: negative
but&not&for&an: positive
DecisionTree learned:
!but&!the&!n&!though: positive
!but&!the&!n&though: negative
!but&!the&n&!cooked: negative
!but&!the&n&cooked: conflict
!but&the&!bar&!sometimes: positive
!but&the&!bar&sometimes: conflict
!but&the&bar&!crowded: neutral
!but&the&bar&crowded: negative
but&!worth&!we&!that: positive
but&!worth&!we&that: negative
but&!worth&we&!quickly: neutral
but&!worth&we&quickly: positive
but&worth&!itsuperb&!and: conflict
but&worth&!itsuperb&and: conflict
but&worth&itsuperb: positive
DecisionTree learned:
!but&!though&!the&!great: positive
!but&!though&!the&great: positive
!but&!though&the&!was: positive
!but&!though&the&was: negative
!but&though&!even&!i: conflict
!but&though&!even&i: negative
!but&though&even&!of: negative
!but&though&even&of: neutral
but&!we&!worth&!with: positive
but&!we&!worth&with: positive
but&!we&worth&!itsuperb: conflict
but&!we&worth&itsuperb: positive
but&we&!casserole&!expensive: neutral
but&we&!casserole&expensive: negative
but&we&casserole: negative
DecisionTree learned:
!but&!the&!atmosphere&!n: positive
!but&!the&!atmosphere&n: negative
!but&!the&atmosphere&!to: positive
!but&!the&atmosphere&to: conflict
!but&the&!bar&!was: positive
!but&the&!bar&was: negative
!but&the&bar&!crowded: neutral
!but&the&bar&crowded: negative
but&!only&!with&!not: negative
but&!only&!with&not: conflict
but&!only&with&!chicken: positive
but&!only&with&chicken: negative
but&only&!are&!with: positive
but&only&!are&with: neutral
but&only&are&!actually: neutral
but&only&are&actually: negative
DecisionTree learned:
!but&!the&!for&!and: negative
!but&!the&!for&and: positive
!but&!the&for&!you: neutral
!but&!the&for&you: positive
!but&the&!small&!lad: positive
!but&the&!small&lad: conflict
!but&the&small&!this: negative
!but&the&small&this: positive
but&!of&!food&!only: negative
but&!of&!food&only: neutral
but&!of&food&!expensive: positive
but&!of&food&expensive: conflict
but&of&!have&!line: negative
but&of&!have&line: positive
but&of&have: conflict
DecisionTree learned:
!but&!the&!n&!quality: positive
!but&!the&!n&quality: negative
!but&!the&n&!cooked: negative
!but&!the&n&cooked: conflict
!but&the&!is&!bar: positive
!but&the&!is&bar: neutral
!but&the&is&!it: positive
!but&the&is&it: conflict
but&!of&!chicken&!that: positive
but&!of&!chicken&that: negative
but&!of&chicken&!and: negative
but&!of&chicken&and: negative
but&of&!have&!line: negative
but&of&!have&line: positive
but&of&have: conflict
DecisionTree learned:
!but&!though&!excellent&!friendly: positive
!but&!though&!excellent&friendly: positive
!but&!though&excellent&!salty: positive
!but&!though&excellent&salty: negative
!but&though&!recommend&!even: conflict
!but&though&!recommend&even: negative
!but&though&recommend: neutral
but&!not&!service&!look: positive
but&!not&!service&look: conflict
but&!not&service&!is: negative
but&!not&service&is: negative
but&not&!for&!at: conflict
but&not&!for&at: negative
but&not&for&!an: negative
but&not&for&an: positive
DecisionTree learned:
!but&!though&!the&!great: positive
!but&!though&!the&great: positive
!but&!though&the&!small: positive
!but&!though&the&small: negative
!but&though&!even&!i: conflict
!but&though&!even&i: negative
!but&though&even&!reservation: negative
!but&though&even&reservation: neutral
but&!only&!not&!with: negative
but&!only&!not&with: positive
but&!only&not&!for: conflict
but&!only&not&for: negative
but&only&!are&!with: positive
but&only&!are&with: neutral
but&only&are&!actually: neutral
but&only&are&actually: negative
DecisionTree learned:
!not&!good&!dinner&!delicious: positive
!not&!good&!dinner&delicious: positive
!not&!good&dinner&!a: neutral
!not&!good&dinner&a: positive
!not&good&!get&!other: positive
!not&good&!get&other: conflict
!not&good&get&!a: negative
!not&good&get&a: neutral
not&!worth&!but&!few: negative
not&!worth&!but&few: conflict
not&!worth&but&!for: conflict
not&!worth&but&for: negative
not&worth&!with&!food: negative
not&worth&!with&food: conflict
not&worth&with: conflict
DecisionTree learned:
!but&!though&!the&!exceeded: positive
!but&!though&!the&exceeded: conflict
!but&!though&the&!although: positive
!but&!though&the&although: conflict
!but&though&!even&!i: conflict
!but&though&!even&i: negative
!but&though&even&!of: negative
!but&though&even&of: neutral
but&!we&!that&!long: positive
but&!we&!that&long: neutral
but&!we&that&!they: negative
but&!we&that&they: neutral
but&we&!lucky&!atmosphere: neutral
but&we&!lucky&atmosphere: positive
but&we&lucky: positive
DecisionTree learned:
!good&!dinner&!that&!does: positive
!good&!dinner&!that&does: conflict
!good&!dinner&that&!with: negative
!good&!dinner&that&with: positive
!good&dinner&!drinks&!up: neutral
!good&dinner&!drinks&up: positive
!good&dinner&drinks&!of: positive
!good&dinner&drinks&of: negative
good&!other&!not&!get: positive
good&!other&!not&get: negative
good&!other&not&!food: negative
good&!other&not&food: conflict
good&other: conflict
DecisionTree learned:
!but&!the&!quality&!and: negative
!but&!the&!quality&and: positive
!but&!the&quality&!with: negative
!but&!the&quality&with: positive
!but&the&!is&!attentive: positive
!but&the&!is&attentive: conflict
!but&the&is&!everything: positive
!but&the&is&everything: conflict
but&!few&!at&!that: positive
but&!few&!at&that: negative
but&!few&at&!bar: negative
but&!few&at&bar: neutral
but&few: neutral
DecisionTree learned:
!but&!the&!great&!quality: positive
!but&!the&!great&quality: negative
!but&!the&great&!even: positive
!but&!the&great&even: conflict
!but&the&!at&!is: negative
!but&the&!at&is: positive
!but&the&at&!does: neutral
!but&the&at&does: conflict
but&!with&!worth&!look: negative
but&!with&!worth&look: conflict
but&!with&worth&!itsuperb: conflict
but&!with&worth&itsuperb: positive
but&with&!not&!the: positive
but&with&!not&the: positive
but&with&not: neutral
DecisionTree learned:
!but&!the&!atmosphere&!though: positive
!but&!the&!atmosphere&though: negative
!but&!the&atmosphere&!to: positive
!but&!the&atmosphere&to: conflict
!but&the&!although&!excellent: positive
!but&the&!although&excellent: positive
!but&the&although&!there: conflict
!but&the&although&there: neutral
but&!we&!that&!service: positive
but&!we&!that&service: negative
but&!we&that&!they: negative
but&!we&that&they: neutral
but&we&!lucky&!atmosphere: neutral
but&we&!lucky&atmosphere: positive
but&we&lucky: positive
DecisionTree learned:
!but&!the&!exceeded&!n: positive
!but&!the&!exceeded&n: negative
!but&!the&exceeded: conflict
!but&the&!sometimes&!could: positive
!but&the&!sometimes&could: conflict
!but&the&sometimes: conflict
but&!to&!of&!food: negative
but&!to&!of&food: positive
but&!to&of&!have: positive
but&!to&of&have: conflict
but&to&!people&!an: neutral
but&to&!people&an: negative
but&to&people: conflict
DecisionTree learned:
!but&!the&!perhaps&!atmosphere: positive
!but&!the&!perhaps&atmosphere: positive
!but&!the&perhaps: conflict
!but&the&!although&!sometimes: positive
!but&the&!although&sometimes: conflict
!but&the&although&!there: conflict
!but&the&although&there: neutral
but&!of&!that&!chicken: positive
but&!of&!that&chicken: negative
but&!of&that&!they: negative
but&!of&that&they: neutral
but&of&!have&!on: negative
but&of&!have&on: positive
but&of&have: conflict
DecisionTree learned:
!but&!little&!excellent&!though: positive
!but&!little&!excellent&though: negative
!but&!little&excellent&!and: positive
!but&!little&excellent&and: positive
!but&little&!bagel&!more: conflict
!but&little&!bagel&more: conflict
!but&little&bagel: neutral
but&!of&!s&!n: positive
but&!of&!s&n: negative
but&!of&s&!and: positive
but&!of&s&and: conflict
but&of&!have&!with: negative
but&of&!have&with: positive
but&of&have: conflict
DecisionTree learned:
!but&!the&!atmosphere&!quality: positive
!but&!the&!atmosphere&quality: negative
!but&!the&atmosphere&!my: positive
!but&!the&atmosphere&my: conflict
!but&the&!at&!fine: positive
!but&the&!at&fine: conflict
!but&the&at&!does: neutral
!but&the&at&does: conflict
but&!that&!of&!service: positive
but&!that&!of&service: negative
but&!that&of&!have: negative
but&!that&of&have: conflict
but&that&!they&!what: negative
but&that&!they&what: neutral
but&that&they&!was: neutral
but&that&they&was: negative
DecisionTree learned:
!but&!dinner&!though&!delicious: positive
!but&!dinner&!though&delicious: positive
!but&!dinner&though&!even: conflict
!but&!dinner&though&even: negative
!but&dinner&!would&!drinks: neutral
!but&dinner&!would&drinks: positive
!but&dinner&would&!this: negative
!but&dinner&would&this: positive
but&!we&!service&!that: positive
but&!we&!service&that: negative
but&!we&service&!not: negative
but&!we&service&not: conflict
but&we&!atmosphere&!quickly: neutral
but&we&!atmosphere&quickly: positive
but&we&atmosphere: positive
DecisionTree learned:
!but&!though&!the&!tho: positive
!but&!though&!the&tho: conflict
!but&!though&the&!was: positive
!but&!though&the&was: negative
!but&though&!even&!i: conflict
!but&though&!even&i: negative
!but&though&even&!of: negative
!but&though&even&of: neutral
but&!worth&!with&!of: negative
but&!worth&!with&of: positive
but&!worth&with&!chicken: positive
but&!worth&with&chicken: negative
but&worth&!itsuperb&!and: conflict
but&worth&!itsuperb&and: conflict
but&worth&itsuperb: positive
DecisionTree learned:
!lad&!and&!try&!worth: negative
!lad&!and&!try&worth: conflict
!lad&!and&try&!dishes: positive
!lad&!and&try&dishes: neutral
!lad&and&!it&!was: positive
!lad&and&!it&was: negative
!lad&and&it&!s: negative
!lad&and&it&s: conflict
lad: conflict
DecisionTree learned:
!but&!though&!the&!perhaps: positive
!but&!though&!the&perhaps: conflict
!but&!though&the&!lad: positive
!but&!though&the&lad: conflict
!but&though&!even&!food: negative
!but&though&!even&food: conflict
!but&though&even&!reservation: negative
!but&though&even&reservation: positive
but&!of&!to&!we: positive
but&!of&!to&we: neutral
but&!of&to&!people: neutral
but&!of&to&people: conflict
but&of&!have&!only: negative
but&of&!have&only: positive
but&of&have: conflict
DecisionTree learned:
!but&!the&!tho&!perhaps: positive
!but&!the&!tho&perhaps: conflict
!but&!the&tho: conflict
!but&the&!ok&!was: positive
!but&the&!ok&was: negative
!but&the&ok&!were: neutral
!but&the&ok&were: negative
but&!worth&!long&!reservations: positive
but&!worth&!long&reservations: negative
but&!worth&long&!like: neutral
but&!worth&long&like: neutral
but&worth&!itsuperb&!and: conflict
but&worth&!itsuperb&and: conflict
but&worth&itsuperb: positive
DecisionTree learned:
!but&!the&!exceeded&!quality: positive
!but&!the&!exceeded&quality: negative
!but&!the&exceeded: conflict
!but&the&!lad&!best: positive
!but&the&!lad&best: positive
!but&the&lad: conflict
but&!we&!that&!to: positive
but&!we&!that&to: negative
but&!we&that&!they: negative
but&!we&that&they: neutral
but&we&!lucky&!was: neutral
but&we&!lucky&was: negative
but&we&lucky: positive
DecisionTree learned:
!but&!the&!perhaps&!tho: positive
!but&!the&!perhaps&tho: conflict
!but&!the&perhaps: conflict
!but&the&!ok&!at: positive
!but&the&!ok&at: neutral
!but&the&ok&!were: neutral
!but&the&ok&were: negative
but&!only&!with&!at: positive
but&!only&!with&at: negative
but&!only&with&!chicken: positive
but&!only&with&chicken: negative
but&only&!and&!with: positive
but&only&!and&with: neutral
but&only&and&!actually: neutral
but&only&and&actually: positive
DecisionTree learned:
!but&!though&!the&!perhaps: positive
!but&!though&!the&perhaps: conflict
!but&!though&the&!attentive: positive
!but&!though&the&attentive: conflict
!but&though&!even&!reservations: conflict
!but&though&!even&reservations: neutral
!but&though&even&!of: negative
!but&though&even&of: neutral
but&!of&!reservations&!we: positive
but&!of&!reservations&we: neutral
but&!of&reservations&!to: negative
but&!of&reservations&to: neutral
but&of&!have&!only: negative
but&of&!have&only: positive
but&of&have: conflict
DecisionTree learned:
!but&!the&!quality&!and: negative
!but&!the&!quality&and: positive
!but&!the&quality&!with: negative
!but&!the&quality&with: positive
!but&the&!sometimes&!best: positive
!but&the&!sometimes&best: positive
!but&the&sometimes: conflict
but&!we&!location&!to: positive
but&!we&!location&to: negative
but&!we&location&!for: neutral
but&!we&location&for: positive
but&we&!lucky&!atmosphere: neutral
but&we&!lucky&atmosphere: positive
but&we&lucky: positive
DecisionTree learned:
!but&!though&!the&!exceeded: positive
!but&!though&!the&exceeded: conflict
!but&!though&the&!was: positive
!but&!though&the&was: negative
!but&though&!even&!food: negative
!but&though&!even&food: conflict
!but&though&even&!reservation: negative
!but&though&even&reservation: neutral
but&!worth&!great&!nice: negative
but&!worth&!great&nice: positive
but&!worth&great&!atmosphere: positive
but&!worth&great&atmosphere: conflict
but&worth&!itsuperb&!and: conflict
but&worth&!itsuperb&and: conflict
but&worth&itsuperb: positive
DecisionTree learned:
!but&!the&!tho&!great: neutral
!but&!the&!tho&great: positive
!but&!the&tho: conflict
!but&the&!sometimes&!fine: positive
!but&the&!sometimes&fine: conflict
!but&the&sometimes: conflict
but&!with&!that&!at: positive
but&!with&!that&at: neutral
but&!with&that&!have: negative
but&!with&that&have: neutral
but&with&!chicken&!only: positive
but&with&!chicken&only: neutral
but&with&chicken: negative
DecisionTree learned:
!but&!little&!not&!though: positive
!but&!little&!not&though: negative
!but&!little&not&!worth: negative
!but&!little&not&worth: negative
!but&little&!bagel&!more: conflict
!but&little&!bagel&more: conflict
!but&little&bagel: neutral
but&!to&!we&!with: positive
but&!to&!we&with: positive
but&!to&we&!atmosphere: neutral
but&!to&we&atmosphere: positive
but&to&!people&!an: neutral
but&to&!people&an: negative
but&to&people: conflict
DecisionTree learned:
!but&!the&!appear&!quality: positive
!but&!the&!appear&quality: negative
!but&!the&appear: conflict
!but&the&!was&!though: positive
!but&the&!was&though: conflict
!but&the&was&!yet: negative
!but&the&was&yet: conflict
but&!we&!of&!that: positive
but&!we&!of&that: negative
but&!we&of&!have: positive
but&!we&of&have: conflict
but&we&!was&!casserole: neutral
but&we&!was&casserole: negative
but&we&was&!the: negative
but&we&was&the: positive
DecisionTree learned:
!good&!that&!but&!n: positive
!good&!that&!but&n: negative
!good&!that&but&!food: negative
!good&!that&but&food: positive
!good&that&!with&!noodle: negative
!good&that&!with&noodle: neutral
!good&that&with&!so: positive
!good&that&with&so: negative
good&!before&!to&!not: positive
good&!before&!to&not: negative
good&!before&to&!and: negative
good&!before&to&and: positive
good&before: neutral
DecisionTree learned:
!little&!good&!was&!though: positive
!little&!good&!was&though: conflict
!little&!good&was&!fine: negative
!little&!good&was&fine: conflict
!little&good&!rest&!other: positive
!little&good&!rest&other: conflict
!little&good&rest: conflict
little&!there&!more&!we: conflict
little&!there&!more&we: neutral
little&!there&more&!be: conflict
little&!there&more&be: conflict
little&there: neutral
DecisionTree learned:
!but&!the&!tho&!though: positive
!but&!the&!tho&though: negative
!but&!the&tho: conflict
!but&the&!although&!fine: positive
!but&the&!although&fine: conflict
!but&the&although&!service: conflict
!but&the&although&service: negative
but&!only&!location&!at: negative
but&!only&!location&at: negative
but&!only&location&!for: neutral
but&!only&location&for: positive
but&only&!and&!with: positive
but&only&!and&with: neutral
but&only&and&!actually: neutral
but&only&and&actually: negative
DecisionTree learned:
!but&!the&!for&!appear: positive
!but&!the&!for&appear: conflict
!but&!the&for&!had: neutral
!but&!the&for&had: negative
!but&the&!sometimes&!poached: positive
!but&the&!sometimes&poached: conflict
!but&the&sometimes: conflict
but&!of&!food&!for: negative
but&!of&!food&for: negative
but&!of&food&!expensive: positive
but&!of&food&expensive: conflict
but&of&!have&!at: negative
but&of&!have&at: negative
but&of&have: conflict
DecisionTree learned:
!but&!the&!exceeded&!perhaps: neutral
!but&!the&!exceeded&perhaps: conflict
!but&!the&exceeded: conflict
!but&the&!sometimes&!although: positive
!but&the&!sometimes&although: conflict
!but&the&sometimes: conflict
but&!of&!service&!that: positive
but&!of&!service&that: negative
but&!of&service&!not: negative
but&!of&service&not: conflict
but&of&!have&!out: negative
but&of&!have&out: negative
but&of&have: conflict
DecisionTree learned:
!but&!though&!the&!atmosphere: neutral
!but&!though&!the&atmosphere: positive
!but&!though&the&!sometimes: positive
!but&!though&the&sometimes: conflict
!but&though&!even&!i: conflict
!but&though&!even&i: negative
!but&though&even&!of: negative
!but&though&even&of: neutral
but&!worth&!not&!service: positive
but&!worth&!not&service: negative
but&!worth&not&!for: conflict
but&!worth&not&for: negative
but&worth&!itsuperb&!and: conflict
but&worth&!itsuperb&and: conflict
but&worth&itsuperb: positive
DecisionTree learned:
!but&!the&!tho&!appear: neutral
!but&!the&!tho&appear: conflict
!but&!the&tho: conflict
!but&the&!although&!sometimes: positive
!but&the&!although&sometimes: conflict
!but&the&although&!there: conflict
!but&the&although&there: neutral
but&!only&!not&!service: negative
but&!only&!not&service: negative
but&!only&not&!for: conflict
but&!only&not&for: negative
but&only&!are&!with: positive
but&only&!are&with: neutral
but&only&are&!actually: neutral
but&only&are&actually: negative
DecisionTree learned:
!good&!was&!though&!little: positive
!good&!was&!though&little: conflict
!good&!was&though&!recommend: conflict
!good&!was&though&recommend: neutral
!good&was&!fine&!yet: negative
!good&was&!fine&yet: conflict
!good&was&fine&!to: conflict
!good&was&fine&to: neutral
good&!get&!before&!and: positive
good&!get&!before&and: positive
good&!get&before: neutral
good&get&!ok&!a: negative
good&get&!ok&a: neutral
good&get&ok: neutral
DecisionTree learned:
!but&!the&!atmosphere&!tho: neutral
!but&!the&!atmosphere&tho: conflict
!but&!the&atmosphere&!my: positive
!but&!the&atmosphere&my: conflict
!but&the&!lad&!attentive: positive
!but&the&!lad&attentive: conflict
!but&the&lad: conflict
but&!reservations&!of&!the: positive
but&!reservations&!of&the: negative
but&!reservations&of&!have: positive
but&!reservations&of&have: conflict
but&reservations&!to: negative
but&reservations&to&!was: neutral
but&reservations&to&was: negative
DecisionTree learned:
!little&!good&!was&!we: positive
!little&!good&!was&we: neutral
!little&!good&was&!yet: negative
!little&!good&was&yet: conflict
!little&good&!rest&!not: positive
!little&good&!rest&not: conflict
!little&good&rest: conflict
little&!there&!more&!is: conflict
little&!there&!more&is: negative
little&!there&more&!be: neutral
little&!there&more&be: conflict
little&there: neutral
DecisionTree learned:
!but&!the&!tho&!wait: positive
!but&!the&!tho&wait: negative
!but&!the&tho: conflict
!but&the&!lad&!although: positive
!but&the&!lad&although: conflict
!but&the&lad: conflict
but&!of&!chicken&!worth: positive
but&!of&!chicken&worth: conflict
but&!of&chicken&!sauce: negative
but&!of&chicken&sauce: conflict
but&of&!have&!at: positive
but&of&!have&at: negative
but&of&have: conflict
DecisionTree learned:
!but&!the&!tho&!though: positive
!but&!the&!tho&though: negative
!but&!the&tho: conflict
!but&the&!although&!rest: positive
!but&the&!although&rest: conflict
!but&the&although&!there: conflict
!but&the&although&there: neutral
but&!did&!of&!an: positive
but&!did&!of&an: negative
but&!did&of&!have: positive
but&!did&of&have: conflict
but&did: negative
DecisionTree learned:
!but&!the&!exceeded&!though: neutral
!but&!the&!exceeded&though: negative
!but&!the&exceeded: conflict
!but&the&!bar&!rest: positive
!but&the&!bar&rest: conflict
!but&the&bar&!this: neutral
!but&the&bar&this: negative
but&!of&!chicken&!with: positive
but&!of&!chicken&with: positive
but&!of&chicken&!was: negative
but&!of&chicken&was: negative
but&of&!have&!quality: positive
but&of&!have&quality: negative
but&of&have: conflict
DecisionTree learned:
!but&!the&!tho&!perhaps: positive
!but&!the&!tho&perhaps: conflict
!but&!the&tho: conflict
!but&the&!lad&!attentive: positive
!but&the&!lad&attentive: positive
!but&the&lad: conflict
but&!of&!to&!chicken: positive
but&!of&!to&chicken: negative
but&!of&to&!an: neutral
but&!of&to&an: negative
but&of&!have&!the: negative
but&of&!have&the: positive
but&of&have: conflict
DecisionTree learned:
!that&!but&!the&!atmosphere: neutral
!that&!but&!the&atmosphere: positive
!that&!but&the&!attentive: positive
!that&!but&the&attentive: conflict
!that&but&!poorly&!to: positive
!that&but&!poorly&to: negative
!that&but&poorly: conflict
that&!here&!reservation&!specials: negative
that&!here&!reservation&specials: neutral
that&!here&reservation: neutral
that&here: neutral
DecisionTree learned:
!but&!the&!atmosphere&!appear: neutral
!but&!the&!atmosphere&appear: conflict
!but&!the&atmosphere&!to: positive
!but&!the&atmosphere&to: conflict
!but&the&!sometimes&!could: positive
!but&the&!sometimes&could: conflict
!but&the&sometimes: conflict
but&!of&!food&!for: negative
but&!of&!food&for: negative
but&!of&food&!expensive: positive
but&!of&food&expensive: conflict
but&of&!have&!we: positive
but&of&!have&we: negative
but&of&have: conflict
DecisionTree learned:
!but&!the&!though&!atmosphere: neutral
!but&!the&!though&atmosphere: positive
!but&!the&though&!food: negative
!but&!the&though&food: conflict
!but&the&!at&!although: positive
!but&the&!at&although: conflict
!but&the&at&!well: neutral
!but&the&at&well: conflict
but&!at&!look&!well: positive
but&!at&!look&well: conflict
but&!at&look: conflict
but&at&!take&!best: negative
but&at&!take&best: neutral
but&at&take: neutral
DecisionTree learned:
!but&!the&!appear&!atmosphere: neutral
!but&!the&!appear&atmosphere: positive
!but&!the&appear: conflict
!but&the&!sometimes&!rest: positive
!but&the&!sometimes&rest: conflict
!but&the&sometimes: conflict
but&!of&!service&!place: neutral
but&!of&!service&place: positive
but&!of&service&!not: negative
but&!of&service&not: conflict
but&of&!have&!out: positive
but&of&!have&out: negative
but&of&have: conflict
DecisionTree learned:
!but&!the&!exceeded&!though: neutral
!but&!the&!exceeded&though: negative
!but&!the&exceeded: conflict
!but&the&!it&!could: positive
!but&the&!it&could: conflict
!but&the&it&!is: negative
!but&the&it&is: conflict
but&!nice&!service&!food: negative
but&!nice&!service&food: positive
but&!nice&service&!not: negative
but&!nice&service&not: conflict
but&nice&!casual&!great: positive
but&nice&!casual&great: negative
but&nice&casual: conflict
DecisionTree learned:
!but&!though&!the&!perhaps: neutral
!but&!though&!the&perhaps: conflict
!but&!though&the&!best: positive
!but&!though&the&best: positive
!but&though&!even&!reservations: conflict
!but&though&!even&reservations: neutral
!but&though&even&!of: negative
!but&though&even&of: neutral
but&!at&!that&!not: positive
but&!at&!that&not: conflict
but&!at&that&!they: negative
but&!at&that&they: neutral
but&at&!la&!bar: negative
but&at&!la&bar: neutral
but&at&la: positive
DecisionTree learned:
!that&!but&!the&!for: positive
!that&!but&!the&for: neutral
!that&!but&the&!attentive: positive
!that&!but&the&attentive: conflict
!that&but&!of&!food: negative
!that&but&!of&food: positive
!that&but&of&!have: positive
!that&but&of&have: conflict
that&!here&!noodle&!ordered: negative
that&!here&!noodle&ordered: negative
that&!here&noodle: neutral
that&here: neutral
DecisionTree learned:
!but&!the&!very&!perhaps: neutral
!but&!the&!very&perhaps: conflict
!but&!the&very&!usually: positive
!but&!the&very&usually: conflict
!but&the&!although&!may: positive
!but&the&!although&may: conflict
!but&the&although&!was: negative
!but&the&although&was: conflict
but&!we&!location&!to: positive
but&!we&!location&to: negative
but&!we&location&!for: neutral
but&!we&location&for: positive
but&we&!casserole&!the: negative
but&we&!casserole&the: neutral
but&we&casserole: negative
DecisionTree learned:
!but&!the&!though&!quality: neutral
!but&!the&!though&quality: negative
!but&!the&though&!food: negative
!but&!the&though&food: conflict
!but&the&!although&!lad: positive
!but&the&!although&lad: conflict
!but&the&although&!there: conflict
!but&the&although&there: neutral
but&!we&!expensive&!n: positive
but&!we&!expensive&n: negative
but&!we&expensive&!food: neutral
but&!we&expensive&food: conflict
but&we&!expensive&!was: neutral
but&we&!expensive&was: positive
but&we&expensive: negative
DecisionTree learned:
!but&!the&!perhaps&!tho: positive
!but&!the&!perhaps&tho: conflict
!but&!the&perhaps: conflict
!but&the&!sometimes&!was: positive
!but&the&!sometimes&was: negative
!but&the&sometimes: conflict
but&!of&!great&!nice: negative
but&!of&!great&nice: positive
but&!of&great&!atmosphere: positive
but&!of&great&atmosphere: conflict
but&of&!have&!restaurant: negative
but&of&!have&restaurant: positive
but&of&have: conflict
DecisionTree learned:
!little&!not&!good&!attentive: positive
!little&!not&!good&attentive: positive
!little&!not&good&!before: positive
!little&!not&good&before: neutral
!little&not&!worth&!but: negative
!little&not&!worth&but: conflict
!little&not&worth&!with: negative
!little&not&worth&with: conflict
little&!there&!for&!more: conflict
little&!there&!for&more: conflict
little&!there&for&!food: positive
little&!there&for&food: negative
little&there: neutral
DecisionTree learned:
!but&!the&!though&!exceeded: neutral
!but&!the&!though&exceeded: conflict
!but&!the&though&!food: negative
!but&!the&though&food: conflict
!but&the&!fine&!best: positive
!but&the&!fine&best: positive
!but&the&fine&!to: conflict
!but&the&fine&to: neutral
but&!of&!we&!same: positive
but&!of&!we&same: neutral
but&!of&we&!casserole: neutral
but&!of&we&casserole: negative
but&of&!have&!line: negative
but&of&!have&line: positive
but&of&have: conflict
DecisionTree learned:
!but&!the&!tho&!atmosphere: neutral
!but&!the&!tho&atmosphere: positive
!but&!the&tho: conflict
!but&the&!in&!small: positive
!but&the&!in&small: negative
!but&the&in&!is: neutral
!but&the&in&is: positive
but&!looked&!to&!menu: positive
but&!looked&!to&menu: neutral
but&!looked&to&!an: neutral
but&!looked&to&an: negative
but&looked&!like: negative
but&looked&like: conflict
DecisionTree learned:
!but&!the&!perhaps&!exceeded: neutral
!but&!the&!perhaps&exceeded: conflict
!but&!the&perhaps: conflict
!but&the&!attentive&!rest: positive
!but&the&!attentive&rest: conflict
!but&the&attentive&!a: positive
!but&the&attentive&a: conflict
but&!look&!of&!we: negative
but&!look&!of&we: neutral
but&!look&of&!have: negative
but&!look&of&have: conflict
but&look&!and: neutral
but&look&and: conflict
DecisionTree learned:
!dinner&!though&!was&!little: positive
!dinner&!though&!was&little: conflict
!dinner&!though&was&!fine: negative
!dinner&!though&was&fine: conflict
!dinner&though&!even&!i: conflict
!dinner&though&!even&i: negative
!dinner&though&even&!at: negative
!dinner&though&even&at: positive
dinner&!drinks&!would&!did: neutral
dinner&!drinks&!would&did: negative
dinner&!drinks&would&!this: negative
dinner&!drinks&would&this: positive
dinner&drinks&!of: positive
dinner&drinks&of: negative
DecisionTree learned:
!but&!the&!perhaps&!appear: positive
!but&!the&!perhaps&appear: conflict
!but&!the&perhaps: conflict
!but&the&!attentive&!best: negative
!but&the&!attentive&best: positive
!but&the&attentive&!service: positive
!but&the&attentive&service: conflict
but&!that&!chicken&!with: positive
but&!that&!chicken&with: positive
but&!that&chicken&!sauce: negative
but&!that&chicken&sauce: negative
but&that&!they&!what: negative
but&that&!they&what: neutral
but&that&they&!was: neutral
but&that&they&was: negative
DecisionTree learned:
!but&!the&!atmosphere&!appear: positive
!but&!the&!atmosphere&appear: conflict
!but&!the&atmosphere&!my: positive
!but&!the&atmosphere&my: conflict
!but&the&!attentive&!although: positive
!but&the&!attentive&although: conflict
!but&the&attentive&!a: positive
!but&the&attentive&a: conflict
but&!of&!to&!at: positive
but&!of&!to&at: neutral
but&!of&to&!people: negative
but&!of&to&people: conflict
but&of&!have&!it: negative
but&of&!have&it: positive
but&of&have: conflict
DecisionTree learned:
!but&!the&!perhaps&!exceeded: positive
!but&!the&!perhaps&exceeded: conflict
!but&!the&perhaps: conflict
!but&the&!lad&!sometimes: positive
!but&the&!lad&sometimes: conflict
!but&the&lad: conflict
but&!felt&!not&!look: positive
but&!felt&!not&look: conflict
but&!felt&not&!for: conflict
but&!felt&not&for: negative
but&felt: conflict
DecisionTree learned:
!but&!the&!appear&!tho: neutral
!but&!the&!appear&tho: conflict
!but&!the&appear: conflict
!but&the&!lad&!attentive: positive
!but&the&!lad&attentive: conflict
!but&the&lad: conflict
but&!of&!food&!for: negative
but&!of&!food&for: negative
but&!of&food&!thai: positive
but&!of&food&thai: neutral
but&of&!have&!quality: positive
but&of&!have&quality: negative
but&of&have: conflict
DecisionTree learned:
!but&!the&!perhaps&!tho: positive
!but&!the&!perhaps&tho: conflict
!but&!the&perhaps: conflict
!but&the&!attentive&!doing: positive
!but&the&!attentive&doing: conflict
!but&the&attentive&!service: positive
!but&the&attentive&service: conflict
but&!of&!did&!small: positive
but&!of&!did&small: negative
but&!of&did: negative
but&of&!have&!with: positive
but&of&!have&with: positive
but&of&have: conflict
DecisionTree learned:
!but&!the&!lunch&!perhaps: positive
!but&!the&!lunch&perhaps: conflict
!but&!the&lunch&!price: neutral
!but&!the&lunch&price: negative
!but&the&!at&!though: positive
!but&the&!at&though: conflict
!but&the&at&!well: neutral
!but&the&at&well: conflict
but&!we&!location&!menu: negative
but&!we&!location&menu: neutral
but&!we&location&!for: neutral
but&!we&location&for: positive
but&we&!was&!lucky: neutral
but&we&!was&lucky: positive
but&we&was&!in: negative
but&we&was&in: positive
DecisionTree learned:
!but&!the&!perhaps&!tho: positive
!but&!the&!perhaps&tho: conflict
!but&!the&perhaps: conflict
!but&the&!sometimes&!lad: positive
!but&the&!sometimes&lad: conflict
!but&the&sometimes: conflict
but&!only&!not&!service: positive
but&!only&!not&service: negative
but&!only&not&!for: conflict
but&!only&not&for: positive
but&only&!actually&!and: positive
but&only&!actually&and: neutral
but&only&actually&!of: negative
but&only&actually&of: positive
DecisionTree learned:
!but&!the&!appear&!tho: neutral
!but&!the&!appear&tho: conflict
!but&!the&appear: conflict
!but&the&!could&!lad: positive
!but&the&!could&lad: conflict
!but&the&could&!more: negative
!but&the&could&more: conflict
but&!of&!at&!an: positive
but&!of&!at&an: negative
but&!of&at&!all: neutral
but&!of&at&all: negative
but&of&!have&!out: positive
but&of&!have&out: negative
but&of&have: conflict
DecisionTree learned:
!that&!was&!though&!little: positive
!that&!was&!though&little: conflict
!that&!was&though&!recommend: conflict
!that&!was&though&recommend: neutral
!that&was&!yet&!and: negative
!that&was&!yet&and: negative
!that&was&yet&!to: conflict
!that&was&yet&to: positive
that&!specials&!restaurants&!minutes: negative
that&!specials&!restaurants&minutes: neutral
that&!specials&restaurants: neutral
that&specials&!but: neutral
that&specials&but: negative
DecisionTree learned:
!but&!the&!perhaps&!though: positive
!but&!the&!perhaps&though: negative
!but&!the&perhaps: conflict
!but&the&!although&!may: positive
!but&the&!although&may: conflict
!but&the&although&!was: negative
!but&the&although&was: conflict
but&!with&!worth&!of: positive
but&!with&!worth&of: positive
but&!with&worth&!and: conflict
but&!with&worth&and: conflict
but&with&!not&!chicken: positive
but&with&!not&chicken: negative
but&with&not: neutral
DecisionTree learned:
!but&!the&!tho&!appear: neutral
!but&!the&!tho&appear: conflict
!but&!the&tho: conflict
!but&the&!is&!and: negative
!but&the&!is&and: positive
!but&the&is&!everything: positive
!but&the&is&everything: conflict
but&!high&!service&!nice: neutral
but&!high&!service&nice: positive
but&!high&service&!not: negative
but&!high&service&not: conflict
but&high&!for: conflict
but&high&for: negative
DecisionTree learned:
!but&!the&!tho&!exceeded: neutral
!but&!the&!tho&exceeded: conflict
!but&!the&tho: conflict
!but&the&!although&!sometimes: positive
!but&the&!although&sometimes: conflict
!but&the&although&!there: conflict
!but&the&although&there: neutral
but&!an&!long&!at: positive
but&!an&!long&at: negative
but&!an&long&!little: neutral
but&!an&long&little: neutral
but&an&!to: positive
but&an&to: negative
DecisionTree learned:
!but&!the&!exceeded&!perhaps: neutral
!but&!the&!exceeded&perhaps: conflict
!but&!the&exceeded: conflict
!but&the&!quibbles&!nearby: positive
!but&the&!quibbles&nearby: conflict
!but&the&quibbles: conflict
but&!reservations&!of&!few: positive
but&!reservations&!of&few: neutral
but&!reservations&of&!have: negative
but&!reservations&of&have: conflict
but&reservations&!to: negative
but&reservations&to&!was: neutral
but&reservations&to&was: negative
DecisionTree learned:
!but&!the&!tho&!atmosphere: neutral
!but&!the&!tho&atmosphere: positive
!but&!the&tho: conflict
!but&the&!fine&!although: positive
!but&the&!fine&although: conflict
!but&the&fine&!to: conflict
!but&the&fine&to: neutral
but&!of&!that&!an: positive
but&!of&!that&an: negative
but&!of&that&!are: negative
but&!of&that&are: positive
but&of&!have&!out: positive
but&of&!have&out: negative
but&of&have: conflict
DecisionTree learned:
!but&!the&!perhaps&!exceeded: positive
!but&!the&!perhaps&exceeded: conflict
!but&!the&perhaps: conflict
!but&the&!doing&!was: positive
!but&the&!doing&was: negative
!but&the&doing: conflict
but&!poorly&!to&!we: positive
but&!poorly&!to&we: neutral
but&!poorly&to&!an: neutral
but&!poorly&to&an: negative
but&poorly: conflict
DecisionTree learned:
!but&!the&!appear&!tho: neutral
!but&!the&!appear&tho: conflict
!but&!the&appear: conflict
!but&the&!excellent&!sometimes: negative
!but&the&!excellent&sometimes: conflict
!but&the&excellent&!or: positive
!but&the&excellent&or: neutral
but&!with&!of&!great: negative
but&!with&!of&great: positive
but&!with&of&!have: negative
but&!with&of&have: conflict
but&with&!chicken&!like: positive
but&with&!chicken&like: negative
but&with&chicken: negative
DecisionTree learned:
!but&!though&!the&!exceeded: neutral
!but&!though&!the&exceeded: conflict
!but&!though&the&!attentive: positive
!but&!though&the&attentive: conflict
!but&though&!even&!i: conflict
!but&though&!even&i: negative
!but&though&even&!at: negative
!but&though&even&at: positive
but&!well&!of&!s: negative
but&!well&!of&s: conflict
but&!well&of&!nothing: positive
but&!well&of&nothing: negative
but&well&!food&!and: conflict
but&well&!food&and: positive
but&well&food: positive
DecisionTree learned:
!but&!the&!exceeded&!atmosphere: neutral
!but&!the&!exceeded&atmosphere: positive
!but&!the&exceeded: conflict
!but&the&!attentive&!best: negative
!but&the&!attentive&best: positive
!but&the&attentive&!service: positive
!but&the&attentive&service: conflict
but&!worth&!of&!i: negative
but&!worth&!of&i: neutral
but&!worth&of&!quality: positive
but&!worth&of&quality: negative
but&worth&!itsuperb&!and: conflict
but&worth&!itsuperb&and: conflict
but&worth&itsuperb: positive
DecisionTree learned:
!but&!the&!though&!appear: positive
!but&!the&!though&appear: conflict
!but&!the&though&!food: negative
!but&!the&though&food: conflict
!but&the&!although&!attentive: positive
!but&the&!although&attentive: conflict
!but&the&although&!there: conflict
!but&the&although&there: neutral
but&!of&!food&!for: negative
but&!of&!food&for: negative
but&!of&food&!expensive: positive
but&!of&food&expensive: conflict
but&of&!have&!it: negative
but&of&!have&it: positive
but&of&have: conflict
DecisionTree learned:
!but&!the&!for&!perhaps: positive
!but&!the&!for&perhaps: conflict
!but&!the&for&!wine: neutral
!but&!the&for&wine: neutral
!but&the&!nearby&!second: positive
!but&the&!nearby&second: conflict
!but&the&nearby: conflict
but&!worth&!bagels&!only: negative
but&!worth&!bagels&only: neutral
but&!worth&bagels&!are: positive
but&!worth&bagels&are: neutral
but&worth&!itsuperb&!and: conflict
but&worth&!itsuperb&and: conflict
but&worth&itsuperb: positive
DecisionTree learned:
!but&!the&!atmosphere&!tho: neutral
!but&!the&!atmosphere&tho: conflict
!but&!the&atmosphere&!my: positive
!but&!the&atmosphere&my: conflict
!but&the&!nearby&!lad: positive
!but&the&!nearby&lad: conflict
!but&the&nearby: conflict
but&!expected&!with&!small: positive
but&!expected&!with&small: negative
but&!expected&with&!chicken: positive
but&!expected&with&chicken: negative
but&expected: conflict
DecisionTree learned:
!but&!the&!atmosphere&!appear: neutral
!but&!the&!atmosphere&appear: conflict
!but&!the&atmosphere&!my: positive
!but&!the&atmosphere&my: conflict
!but&the&!in&!it: positive
!but&the&!in&it: negative
!but&the&in&!one: neutral
!but&the&in&one: positive
but&!of&!great&!nice: negative
but&!of&!great&nice: positive
but&!of&great&!atmosphere: positive
but&!of&great&atmosphere: conflict
but&of&!have&!with: negative
but&of&!have&with: positive
but&of&have: conflict
DecisionTree learned:
!but&!the&!though&!perhaps: neutral
!but&!the&!though&perhaps: conflict
!but&!the&though&!food: negative
!but&!the&though&food: conflict
!but&the&!sometimes&!was: positive
!but&the&!sometimes&was: negative
!but&the&sometimes: conflict
but&!of&!food&!for: negative
but&!of&!food&for: negative
but&!of&food&!expensive: positive
but&!of&food&expensive: conflict
but&of&!have&!only: negative
but&of&!have&only: positive
but&of&have: conflict
DecisionTree learned:
!but&!the&!atmosphere&!exceeded: neutral
!but&!the&!atmosphere&exceeded: conflict
!but&!the&atmosphere&!my: positive
!but&!the&atmosphere&my: conflict
!but&the&!may&!was: positive
!but&the&!may&was: negative
!but&the&may&!a: negative
!but&the&may&a: conflict
but&!was&!expensive&!worth: negative
but&!was&!expensive&worth: conflict
but&!was&expensive&!food: negative
but&!was&expensive&food: conflict
but&was&!dim&!table: conflict
but&was&!dim&table: neutral
but&was&dim: neutral
DecisionTree learned:
!that&!but&!the&!exceeded: positive
!that&!but&!the&exceeded: conflict
!that&!but&the&!attentive: positive
!that&!but&the&attentive: conflict
!that&but&!of&!service: neutral
!that&but&!of&service: negative
!that&but&of&!staff: positive
!that&but&of&staff: negative
that&!had&!what&!order: negative
that&!had&!what&order: negative
that&!had&what: neutral
that&had&!best&!was: negative
that&had&!best&was: positive
that&had&best: positive
DecisionTree learned:
!was&!though&!little&!is: neutral
!was&!though&!little&is: positive
!was&!though&little&!bagel: conflict
!was&!though&little&bagel: neutral
!was&though&!recommend&!thai: conflict
!was&though&!recommend&thai: positive
!was&though&recommend: neutral
was&!fine&!and&!yet: negative
was&!fine&!and&yet: conflict
was&!fine&and&!although: negative
was&!fine&and&although: conflict
was&fine&!to: conflict
was&fine&to&!for: positive
was&fine&to&for: neutral
DecisionTree learned:
!but&!the&!perhaps&!atmosphere: neutral
!but&!the&!perhaps&atmosphere: positive
!but&!the&perhaps: conflict
!but&the&!in&!sometimes: positive
!but&the&!in&sometimes: conflict
!but&the&in&!chinese: neutral
!but&the&in&chinese: negative
but&!only&!with&!does: negative
but&!only&!with&does: negative
but&!only&with&!were: positive
but&!only&with&were: neutral
but&only&!are&!with: positive
but&only&!are&with: neutral
but&only&are&!actually: neutral
but&only&are&actually: negative
DecisionTree learned:
!but&!the&!though&!perhaps: neutral
!but&!the&!though&perhaps: conflict
!but&!the&though&!food: negative
!but&!the&though&food: conflict
!but&the&!may&!in: positive
!but&the&!may&in: neutral
!but&the&may&!a: negative
!but&the&may&a: conflict
but&!of&!that&!at: positive
but&!of&!that&at: negative
but&!of&that&!what: negative
but&!of&that&what: neutral
but&of&!have&!out: positive
but&of&!have&out: negative
but&of&have: conflict
Trial 0 Training cc.mallet.classify.AdaBoostM2Trainer@49ff0dde finished
Trial 0 Trainer cc.mallet.classify.AdaBoostM2Trainer@49ff0dde test data accuracy = 0.5807327001356852

NaiveBayesTrainer
Summary. test accuracy mean = 0.6105834464043419 stddev = 0.0 stderr = 0.0

MaxEntTrainer,gaussianPriorVariance=1.0
Summary. test accuracy mean = 0.6431478968792401 stddev = 0.0 stderr = 0.0

cc.mallet.classify.DecisionTreeTrainer@69945ce
Summary. test accuracy mean = 0.5725915875169606 stddev = 0.0 stderr = 0.0

cc.mallet.classify.AdaBoostM2Trainer@49ff0dde
Summary. test accuracy mean = 0.5807327001356852 stddev = 0.0 stderr = 0.0
