
-------------------- Trial 0  --------------------

Trial 0 Training NaiveBayesTrainer with 2956 instances
Trial 0 Training NaiveBayesTrainer finished
Trial 0 Trainer NaiveBayesTrainer test data accuracy = 0.592944369063772
Trial 0 Training MaxEntTrainer,gaussianPriorVariance=1.0 with 2956 instances
Trial 0 Training MaxEntTrainer,gaussianPriorVariance=1.0 finished
Trial 0 Trainer MaxEntTrainer,gaussianPriorVariance=1.0 test data accuracy = 0.6377204884667571
Trial 0 Training cc.mallet.classify.DecisionTreeTrainer@266bade9 with 2956 instances
DecisionTree learned:
!great&!but&!good&!delicious: positive
!great&!but&!good&delicious: positive
!great&!but&good&!get: positive
!great&!but&good&get: negative
!great&but&!we&!to: positive
!great&but&!we&to: negative
!great&but&we&!quickly: neutral
!great&but&we&quickly: positive
great&!not&!who&!lot: positive
great&!not&!who&lot: negative
great&!not&who: negative
great&not&!the: positive
great&not&the&!food: negative
great&not&the&food: conflict
Trial 0 Training cc.mallet.classify.DecisionTreeTrainer@266bade9 finished
Trial 0 Trainer cc.mallet.classify.DecisionTreeTrainer@266bade9 test data accuracy = 0.5725915875169606
Trial 0 Training cc.mallet.classify.AdaBoostM2Trainer@15f66cff with 2956 instances
DecisionTree learned:
!great&!but&!delicious&!the: positive
!great&!but&!delicious&the: positive
!great&!but&delicious&!kind: positive
!great&!but&delicious&kind: negative
!great&but&!we&!service: positive
!great&but&!we&service: negative
!great&but&we&!lucky: neutral
!great&but&we&lucky: positive
great&!who&!lot&!not: positive
great&!who&!lot&not: positive
great&!who&lot: negative
great&who: negative
DecisionTree learned:
!good&!dinner&!great&!but: positive
!good&!dinner&!great&but: positive
!good&!dinner&great&!of: positive
!good&!dinner&great&of: positive
!good&dinner&!drinks&!nice: neutral
!good&dinner&!drinks&nice: positive
!good&dinner&drinks&!of: positive
!good&dinner&drinks&of: negative
good&!not&!get&!other: positive
good&!not&!get&other: conflict
good&!not&get&!the: positive
good&!not&get&the: negative
good&not&!food&!definitely: negative
good&not&!food&definitely: neutral
good&not&food&!of: positive
good&not&food&of: neutral
DecisionTree learned:
!but&!great&!friendly&!good: positive
!but&!great&!friendly&good: positive
!but&!great&friendly&!sometimes: positive
!but&!great&friendly&sometimes: conflict
!but&great&!not&!white: positive
!but&great&!not&white: negative
!but&great&not&!food: negative
!but&great&not&food: neutral
but&!we&!worth&!with: negative
but&!we&!worth&with: positive
but&!we&worth&!itsuperb: conflict
but&!we&worth&itsuperb: positive
but&we&!was&!lucky: neutral
but&we&!was&lucky: positive
but&we&was&!of: positive
but&we&was&of: negative
DecisionTree learned:
!but&!great&!delicious&!the: positive
!but&!great&!delicious&the: positive
!but&!great&delicious&!most: positive
!but&!great&delicious&most: neutral
!but&great&!not&!kids: positive
!but&great&!not&kids: conflict
!but&great&not&!food: positive
!but&great&not&food: conflict
but&!food&!we&!well: negative
but&!food&!we&well: conflict
but&!food&we&!chicken: neutral
but&!food&we&chicken: negative
but&food&!expensive&!thai: positive
but&food&!expensive&thai: neutral
but&food&expensive: conflict
DecisionTree learned:
!dinner&!but&!friendly&!excellent: positive
!dinner&!but&!friendly&excellent: positive
!dinner&!but&friendly&!popular: positive
!dinner&!but&friendly&popular: neutral
!dinner&but&!service&!well: positive
!dinner&but&!service&well: conflict
!dinner&but&service&!not: negative
!dinner&but&service&not: conflict
dinner&!drinks&!nice&!would: neutral
dinner&!drinks&!nice&would: negative
dinner&!drinks&nice: positive
dinner&drinks&!of: positive
dinner&drinks&of: negative
DecisionTree learned:
!but&!excellent&!good&!dinner: positive
!but&!excellent&!good&dinner: neutral
!but&!excellent&good&!which: positive
!but&!excellent&good&which: negative
!but&excellent&!salty&!do: positive
!but&excellent&!salty&do: negative
!but&excellent&salty: negative
but&!we&!to&!with: positive
but&!we&!to&with: positive
but&!we&to&!the: neutral
but&!we&to&the: negative
but&we&!was&!chicken: neutral
but&we&!was&chicken: negative
but&we&was&!and: negative
but&we&was&and: positive
DecisionTree learned:
!but&!the&!great&!delicious: positive
!but&!the&!great&delicious: positive
!but&!the&great&!my: positive
!but&!the&great&my: conflict
!but&the&!at&!is: positive
!but&the&!at&is: positive
!but&the&at&!well: neutral
!but&the&at&well: conflict
but&!we&!worth&!quality: positive
but&!we&!worth&quality: negative
but&!we&worth&!itsuperb: conflict
but&!we&worth&itsuperb: positive
but&we&!was&!chicken: neutral
but&we&!was&chicken: negative
but&we&was&!and: negative
but&we&was&and: positive
DecisionTree learned:
!but&!good&!was&!though: positive
!but&!good&!was&though: negative
!but&!good&was&!not: negative
!but&!good&was&not: negative
!but&good&!which&!get: positive
!but&good&!which&get: negative
!but&good&which&!place: neutral
!but&good&which&place: negative
but&!we&!that&!service: positive
but&!we&!that&service: negative
but&!we&that&!they: negative
but&!we&that&they: neutral
but&we&!lucky&!bar: negative
but&we&!lucky&bar: neutral
but&we&lucky: positive
DecisionTree learned:
!not&!great&!though&!delicious: positive
!not&!great&!though&delicious: positive
!not&!great&though&!recommend: negative
!not&!great&though&recommend: neutral
!not&great&!atmosphere&!who: positive
!not&great&!atmosphere&who: negative
!not&great&atmosphere&!it: positive
!not&great&atmosphere&it: conflict
not&!but&!was&!few: negative
not&!but&!was&few: conflict
not&!but&was&!our: negative
not&!but&was&our: positive
not&but&!for&!with: conflict
not&but&!for&with: neutral
not&but&for&!an: negative
not&but&for&an: positive
DecisionTree learned:
!but&!the&!great&!for: positive
!but&!the&!great&for: neutral
!but&!the&great&!white: positive
!but&!the&great&white: negative
!but&the&!was&!sometimes: positive
!but&the&!was&sometimes: conflict
!but&the&was&!although: negative
!but&the&was&although: conflict
but&!we&!that&!worth: positive
but&!we&!that&worth: conflict
but&!we&that&!they: negative
but&!we&that&they: neutral
but&we&!was&!atmosphere: neutral
but&we&!was&atmosphere: positive
but&we&was&!the: negative
but&we&was&the: positive
DecisionTree learned:
!but&!friendly&!though&!delicious: positive
!but&!friendly&!though&delicious: positive
!but&!friendly&though&!recommend: negative
!but&!friendly&though&recommend: neutral
!but&friendly&!popular&!sometimes: positive
!but&friendly&!popular&sometimes: conflict
!but&friendly&popular&!very: neutral
!but&friendly&popular&very: positive
but&!horrible&!of&!food: negative
but&!horrible&!of&food: positive
but&!horrible&of&!have: negative
but&!horrible&of&have: conflict
but&horrible: negative
DecisionTree learned:
!but&!and&!though&!try: positive
!but&!and&!though&try: positive
!but&!and&though&!even: conflict
!but&!and&though&even: negative
!but&and&!appetizer&!nar: positive
!but&and&!appetizer&nar: conflict
!but&and&appetizer&!the: neutral
!but&and&appetizer&the: neutral
but&!worth&!not&!felt: positive
but&!worth&!not&felt: conflict
but&!worth&not&!for: conflict
but&!worth&not&for: positive
but&worth&!itsuperb&!and: conflict
but&worth&!itsuperb&and: conflict
but&worth&itsuperb: positive
DecisionTree learned:
!dinner&!but&!n&!excellent: positive
!dinner&!but&!n&excellent: positive
!dinner&!but&n&!while: negative
!dinner&!but&n&while: conflict
!dinner&but&!worth&!of: positive
!dinner&but&!worth&of: negative
!dinner&but&worth&!itsuperb: conflict
!dinner&but&worth&itsuperb: positive
dinner&!expensive&!would&!did: neutral
dinner&!expensive&!would&did: negative
dinner&!expensive&would&!place: negative
dinner&!expensive&would&place: positive
dinner&expensive: negative
DecisionTree learned:
!good&!friendly&!was&!though: positive
!good&!friendly&!was&though: negative
!good&!friendly&was&!fine: negative
!good&!friendly&was&fine: conflict
!good&friendly&!popular&!but: positive
!good&friendly&!popular&but: conflict
!good&friendly&popular&!very: neutral
!good&friendly&popular&very: positive
good&!before&!get&!not: positive
good&!before&!get&not: negative
good&!before&get&!a: negative
good&!before&get&a: neutral
good&before: neutral
DecisionTree learned:
!but&!dinner&!the&!great: positive
!but&!dinner&!the&great: positive
!but&!dinner&the&!at: positive
!but&!dinner&the&at: neutral
!but&dinner&!any&!n: neutral
!but&dinner&!any&n: positive
!but&dinner&any: negative
but&!of&!service&!nice: positive
but&!of&!service&nice: positive
but&!of&service&!not: negative
but&!of&service&not: conflict
but&of&!have&!out: positive
but&of&!have&out: negative
but&of&have: conflict
DecisionTree learned:
!but&!though&!the&!great: positive
!but&!though&!the&great: positive
!but&!though&the&!was: positive
!but&!though&the&was: negative
!but&though&!recommend&!room: negative
!but&though&!recommend&room: neutral
!but&though&recommend: neutral
but&!few&!of&!outstanding: negative
but&!few&!of&outstanding: positive
but&!few&of&!have: negative
but&!few&of&have: conflict
but&few: neutral
DecisionTree learned:
!but&!though&!the&!atmosphere: positive
!but&!though&!the&atmosphere: positive
!but&!though&the&!sometimes: positive
!but&!though&the&sometimes: conflict
!but&though&!even&!i: conflict
!but&though&!even&i: negative
!but&though&even&!of: negative
!but&though&even&of: neutral
but&!of&!service&!to: positive
but&!of&!service&to: negative
but&!of&service&!not: negative
but&!of&service&not: conflict
but&of&!have&!at: positive
but&of&!have&at: negative
but&of&have: conflict
DecisionTree learned:
!but&!dinner&!the&!quality: positive
!but&!dinner&!the&quality: negative
!but&!dinner&the&!small: positive
!but&!dinner&the&small: negative
!but&dinner&!drinks&!would: neutral
!but&dinner&!drinks&would: positive
!but&dinner&drinks&!of: positive
!but&dinner&drinks&of: negative
but&!chicken&!with&!we: negative
but&!chicken&!with&we: neutral
but&!chicken&with&!only: positive
but&!chicken&with&only: neutral
but&chicken&!with&!sauce: negative
but&chicken&!with&sauce: conflict
but&chicken&with: negative
DecisionTree learned:
!but&!delicious&!the&!extreme: positive
!but&!delicious&!the&extreme: conflict
!but&!delicious&the&!small: positive
!but&!delicious&the&small: negative
!but&delicious&!most&!top: positive
!but&delicious&!most&top: neutral
!but&delicious&most: neutral
but&!only&!with&!look: negative
but&!only&!with&look: conflict
but&!only&with&!chicken: positive
but&!only&with&chicken: negative
but&only&!are&!with: positive
but&only&!are&with: neutral
but&only&are&!actually: neutral
but&only&are&actually: negative
DecisionTree learned:
!but&!though&!the&!exceeded: positive
!but&!though&!the&exceeded: conflict
!but&!though&the&!at: positive
!but&!though&the&at: neutral
!but&though&!even&!i: conflict
!but&though&!even&i: negative
!but&though&even&!of: negative
!but&though&even&of: neutral
but&!only&!reservations&!not: positive
but&!only&!reservations&not: conflict
but&!only&reservations&!to: negative
but&!only&reservations&to: neutral
but&only&!and&!with: positive
but&only&!and&with: neutral
but&only&and&!actually: neutral
but&only&and&actually: negative
DecisionTree learned:
!but&!the&!tho&!quality: positive
!but&!the&!tho&quality: negative
!but&!the&tho: conflict
!but&the&!at&!although: positive
!but&the&!at&although: conflict
!but&the&at&!does: neutral
!but&the&at&does: conflict
but&!of&!great&!roll: positive
but&!of&!great&roll: negative
but&!of&great&!value: positive
but&!of&great&value: conflict
but&of&!at&!a: negative
but&of&!at&a: positive
but&of&at: negative
DecisionTree learned:
!though&!but&!the&!quality: positive
!though&!but&!the&quality: negative
!though&!but&the&!small: positive
!though&!but&the&small: negative
!though&but&!of&!food: negative
!though&but&!of&food: positive
!though&but&of&!have: negative
!though&but&of&have: conflict
though&!even&!i&!decor: conflict
though&!even&!i&decor: positive
though&!even&i&!reservations: negative
though&!even&i&reservations: neutral
though&even&!of&!reservation: negative
though&even&!of&reservation: neutral
though&even&of: neutral
DecisionTree learned:
!but&!friendly&!though&!the: positive
!but&!friendly&!though&the: positive
!but&!friendly&though&!even: conflict
!but&!friendly&though&even: negative
!but&friendly&!sometimes&!popular: positive
!but&friendly&!sometimes&popular: neutral
!but&friendly&sometimes: conflict
but&!look&!chicken&!expensive: positive
but&!look&!chicken&expensive: conflict
but&!look&chicken&!with: negative
but&!look&chicken&with: negative
but&look&!and: neutral
but&look&and: conflict
DecisionTree learned:
!but&!the&!n&!for: positive
!but&!the&!n&for: neutral
!but&!the&n&!cooked: negative
!but&!the&n&cooked: conflict
!but&the&!sometimes&!nar: positive
!but&the&!sometimes&nar: conflict
!but&the&sometimes: conflict
but&!we&!food&!for: negative
but&!we&!food&for: negative
but&!we&food&!expensive: positive
but&!we&food&expensive: conflict
but&we&!atmosphere&!was: neutral
but&we&!atmosphere&was: positive
but&we&atmosphere: positive
DecisionTree learned:
!little&!good&!but&!the: neutral
!little&!good&!but&the: positive
!little&!good&but&!chicken: positive
!little&!good&but&chicken: negative
!little&good&!before&!other: positive
!little&good&!before&other: conflict
!little&good&before: neutral
little&!there&!more&!we: conflict
little&!there&!more&we: neutral
little&!there&more&!be: conflict
little&!there&more&be: conflict
little&there: neutral
DecisionTree learned:
!but&!not&!does&!dinner: positive
!but&!not&!does&dinner: neutral
!but&!not&does&!that: conflict
!but&!not&does&that: negative
!but&not&!worth&!few: negative
!but&not&!worth&few: conflict
!but&not&worth&!with: negative
!but&not&worth&with: conflict
but&!of&!that&!service: positive
but&!of&!that&service: negative
but&!of&that&!they: negative
but&!of&that&they: neutral
but&of&!line&!menu: negative
but&of&!line&menu: negative
but&of&line: positive
DecisionTree learned:
!n&!but&!though&!the: positive
!n&!but&!though&the: positive
!n&!but&though&!even: conflict
!n&!but&though&even: negative
!n&but&!chicken&!with: positive
!n&but&!chicken&with: positive
!n&but&chicken&!with: negative
!n&but&chicken&with: negative
n&!while&!cooked&!hard: negative
n&!while&!cooked&hard: conflict
n&!while&cooked: conflict
n&while&!was: conflict
n&while&was: positive
DecisionTree learned:
!but&!the&!quality&!and: negative
!but&!the&!quality&and: positive
!but&!the&quality&!with: negative
!but&!the&quality&with: positive
!but&the&!sometimes&!at: positive
!but&the&!sometimes&at: neutral
!but&the&sometimes: conflict
but&!that&!service&!of: positive
but&!that&!service&of: positive
but&!that&service&!not: negative
but&!that&service&not: conflict
but&that&!they&!are: negative
but&that&!they&are: positive
but&that&they&!was: neutral
but&that&they&was: negative
DecisionTree learned:
!but&!friendly&!though&!the: positive
!but&!friendly&!though&the: positive
!but&!friendly&though&!even: conflict
!but&!friendly&though&even: negative
!but&friendly&!sometimes&!popular: positive
!but&friendly&!sometimes&popular: neutral
!but&friendly&sometimes: conflict
but&!we&!that&!dim: positive
but&!we&!that&dim: neutral
but&!we&that&!they: negative
but&!we&that&they: neutral
but&we&!of&!chicken: neutral
but&we&!of&chicken: negative
but&we&of: negative
DecisionTree learned:
!but&!little&!though&!was: positive
!but&!little&!though&was: negative
!but&!little&though&!recommend: negative
!but&!little&though&recommend: neutral
!but&little&!bagel&!more: conflict
!but&little&!bagel&more: conflict
!but&little&bagel: neutral
but&!we&!to&!with: positive
but&!we&!to&with: positive
but&!we&to&!people: negative
but&!we&to&people: conflict
but&we&!chicken&!was: neutral
but&we&!chicken&was: negative
but&we&chicken: negative
DecisionTree learned:
!but&!though&!the&!tho: positive
!but&!though&!the&tho: conflict
!but&!though&the&!was: positive
!but&!though&the&was: negative
!but&though&!even&!pizza: conflict
!but&though&!even&pizza: positive
!but&though&even&!of: negative
!but&though&even&of: neutral
but&!only&!with&!at: negative
but&!only&!with&at: negative
but&!only&with&!chicken: positive
but&!only&with&chicken: negative
but&only&!and&!with: positive
but&only&!and&with: neutral
but&only&and&!actually: neutral
but&only&and&actually: negative
DecisionTree learned:
!but&!dinner&!excellent&!little: positive
!but&!dinner&!excellent&little: conflict
!but&!dinner&excellent&!pair: positive
!but&!dinner&excellent&pair: neutral
!but&dinner&!not&!would: neutral
!but&dinner&!not&would: negative
!but&dinner&not&!for: negative
!but&dinner&not&for: positive
but&!chicken&!that&!service: positive
but&!chicken&!that&service: negative
but&!chicken&that&!they: negative
but&!chicken&that&they: neutral
but&chicken&!with&!sauce: negative
but&chicken&!with&sauce: conflict
but&chicken&with: negative
DecisionTree learned:
!but&!the&!friendly&!great: neutral
!but&!the&!friendly&great: positive
!but&!the&friendly&!popular: positive
!but&!the&friendly&popular: positive
!but&the&!small&!sometimes: positive
!but&the&!small&sometimes: conflict
!but&the&small&!place: negative
!but&the&small&place: positive
but&!to&!long&!we: positive
but&!to&!long&we: neutral
but&!to&long&!like: neutral
but&!to&long&like: neutral
but&to&!like&!thai: negative
but&to&!like&thai: neutral
but&to&like&!for: neutral
but&to&like&for: conflict
DecisionTree learned:
!but&!not&!dinner&!does: positive
!but&!not&!dinner&does: conflict
!but&!not&dinner&!it: neutral
!but&!not&dinner&it: negative
!but&not&!worth&!few: negative
!but&not&!worth&few: conflict
!but&not&worth&!with: negative
!but&not&worth&with: conflict
but&!worth&!food&!look: negative
but&!worth&!food&look: conflict
but&!worth&food&!expensive: positive
but&!worth&food&expensive: conflict
but&worth&!itsuperb&!and: conflict
but&worth&!itsuperb&and: conflict
but&worth&itsuperb: positive
DecisionTree learned:
!that&!but&!the&!atmosphere: positive
!that&!but&!the&atmosphere: positive
!that&!but&the&!attentive: positive
!that&!but&the&attentive: conflict
!that&but&!of&!chicken: positive
!that&but&!of&chicken: negative
!that&but&of&!have: negative
!that&but&of&have: conflict
that&!restaurants&!quality&!places: negative
that&!restaurants&!quality&places: positive
that&!restaurants&quality: negative
that&restaurants: neutral
DecisionTree learned:
!but&!though&!the&!extreme: positive
!but&!though&!the&extreme: conflict
!but&!though&the&!was: positive
!but&!though&the&was: negative
!but&though&!recommend&!even: conflict
!but&though&!recommend&even: negative
!but&though&recommend: neutral
but&!to&!of&!service: positive
but&!to&!of&service: negative
but&!to&of&!have: positive
but&!to&of&have: conflict
but&to&!an&!food: negative
but&to&!an&food: neutral
but&to&an: negative
DecisionTree learned:
!but&!though&!the&!quality: positive
!but&!though&!the&quality: negative
!but&!though&the&!bar: positive
!but&!though&the&bar: neutral
!but&though&!recommend&!even: conflict
!but&though&!recommend&even: negative
!but&though&recommend: neutral
but&!that&!at&!food: negative
but&!that&!at&food: positive
but&!that&at&!great: negative
but&!that&at&great: positive
but&that&!they&!we: negative
but&that&!they&we: neutral
but&that&they&!was: neutral
but&that&they&was: negative
DecisionTree learned:
!was&!little&!though&!is: positive
!was&!little&!though&is: positive
!was&!little&though&!recommend: conflict
!was&!little&though&recommend: neutral
!was&little&!bagel&!more: conflict
!was&little&!bagel&more: conflict
!was&little&bagel: neutral
was&!although&!yet&!but: negative
was&!although&!yet&but: conflict
was&!although&yet&!food: conflict
was&!although&yet&food: positive
was&although: conflict
DecisionTree learned:
!but&!the&!extreme&!quality: positive
!but&!the&!extreme&quality: negative
!but&!the&extreme: conflict
!but&the&!bar&!sometimes: positive
!but&the&!bar&sometimes: conflict
!but&the&bar&!crowded: neutral
!but&the&bar&crowded: negative
but&!of&!food&!we: negative
but&!of&!food&we: neutral
but&!of&food&!an: positive
but&!of&food&an: negative
but&of&!have&!only: negative
but&of&!have&only: positive
but&of&have: conflict
DecisionTree learned:
!that&!good&!fine&!little: positive
!that&!good&!fine&little: conflict
!that&!good&fine&!was: positive
!that&!good&fine&was: conflict
!that&good&!rest&!not: positive
!that&good&!rest&not: negative
!that&good&rest: conflict
that&!with&!prices&!here: negative
that&!with&!prices&here: neutral
that&!with&prices: positive
that&with&!a&!much: neutral
that&with&!a&much: negative
that&with&a&!be: positive
that&with&a&be: neutral
DecisionTree learned:
!but&!little&!though&!was: positive
!but&!little&!though&was: negative
!but&!little&though&!even: conflict
!but&!little&though&even: negative
!but&little&!bagel&!more: conflict
!but&little&!bagel&more: conflict
!but&little&bagel: neutral
but&!tasted&!to&!looked: positive
but&!tasted&!to&looked: negative
but&!tasted&to&!people: negative
but&!tasted&to&people: conflict
but&tasted: negative
DecisionTree learned:
!but&!the&!atmosphere&!tho: positive
!but&!the&!atmosphere&tho: conflict
!but&!the&atmosphere&!were: positive
!but&!the&atmosphere&were: conflict
!but&the&!sometimes&!at: positive
!but&the&!sometimes&at: neutral
!but&the&sometimes: conflict
but&!worth&!with&!that: positive
but&!worth&!with&that: negative
but&!worth&with&!chicken: positive
but&!worth&with&chicken: negative
but&worth&!itsuperb&!and: conflict
but&worth&!itsuperb&and: conflict
but&worth&itsuperb: positive
DecisionTree learned:
!but&!the&!extreme&!n: positive
!but&!the&!extreme&n: negative
!but&!the&extreme: conflict
!but&the&!although&!small: positive
!but&the&!although&small: negative
!but&the&although&!there: conflict
!but&the&although&there: neutral
but&!of&!we&!that: positive
but&!of&!we&that: negative
but&!of&we&!chicken: neutral
but&!of&we&chicken: negative
but&of&!have&!line: negative
but&of&!have&line: positive
but&of&have: conflict
DecisionTree learned:
!but&!the&!exceeded&!appear: positive
!but&!the&!exceeded&appear: conflict
!but&!the&exceeded: conflict
!but&the&!nar&!was: positive
!but&the&!nar&was: negative
!but&the&nar: conflict
but&!of&!we&!to: positive
but&!of&!we&to: negative
but&!of&we&!expensive: neutral
but&!of&we&expensive: negative
but&of&!have&!at: positive
but&of&!have&at: negative
but&of&have: conflict
DecisionTree learned:
!that&!good&!it&!and: positive
!that&!good&!it&and: positive
!that&!good&it&!outstanding: negative
!that&!good&it&outstanding: conflict
!that&good&!rest&!other: positive
!that&good&!rest&other: conflict
!that&good&rest: conflict
that&!noodle&!ordered&!with: negative
that&!noodle&!ordered&with: positive
that&!noodle&ordered: negative
that&noodle: neutral
DecisionTree learned:
!but&!the&!extreme&!though: neutral
!but&!the&!extreme&though: negative
!but&!the&extreme: conflict
!but&the&!sometimes&!small: positive
!but&the&!sometimes&small: negative
!but&the&sometimes: conflict
but&!we&!that&!food: negative
but&!we&!that&food: positive
but&!we&that&!they: negative
but&!we&that&they: neutral
but&we&!was&!lucky: neutral
but&we&!was&lucky: positive
but&we&was&!in: negative
but&we&was&in: positive
DecisionTree learned:
!but&!the&!tho&!exceeded: positive
!but&!the&!tho&exceeded: conflict
!but&!the&tho: conflict
!but&the&!although&!at: positive
!but&the&!although&at: neutral
!but&the&although&!there: conflict
!but&the&although&there: neutral
but&!we&!dish&!that: positive
but&!we&!dish&that: negative
but&!we&dish: positive
but&we&!of&!atmosphere: neutral
but&we&!of&atmosphere: positive
but&we&of: negative
DecisionTree learned:
!but&!the&!extreme&!tho: positive
!but&!the&!extreme&tho: conflict
!but&!the&extreme: conflict
!but&the&!small&!bar: positive
!but&the&!small&bar: neutral
!but&the&small&!good: negative
!but&the&small&good: positive
but&!of&!service&!nice: negative
but&!of&!service&nice: positive
but&!of&service&!not: negative
but&!of&service&not: conflict
but&of&!have&!quality: positive
but&of&!have&quality: negative
but&of&have: conflict
DecisionTree learned:
!but&!the&!exceeded&!atmosphere: positive
!but&!the&!exceeded&atmosphere: positive
!but&!the&exceeded: conflict
!but&the&!attentive&!rest: positive
!but&the&!attentive&rest: conflict
!but&the&attentive&!a: positive
!but&the&attentive&a: conflict
but&!worth&!of&!expected: positive
but&!worth&!of&expected: conflict
but&!worth&of&!have: positive
but&!worth&of&have: conflict
but&worth&!itsuperb&!and: conflict
but&worth&!itsuperb&and: conflict
but&worth&itsuperb: positive
DecisionTree learned:
!but&!the&!tho&!atmosphere: neutral
!but&!the&!tho&atmosphere: positive
!but&!the&tho: conflict
!but&the&!attentive&!nar: positive
!but&the&!attentive&nar: conflict
!but&the&attentive&!a: positive
!but&the&attentive&a: conflict
but&!of&!great&!nice: negative
but&!of&!great&nice: positive
but&!of&great&!bland: positive
but&!of&great&bland: negative
but&of&!staff&!we: positive
but&of&!staff&we: negative
but&of&staff&!a: negative
but&of&staff&a: conflict
DecisionTree learned:
!but&!little&!the&!appear: positive
!but&!little&!the&appear: conflict
!but&!little&the&!sometimes: positive
!but&!little&the&sometimes: conflict
!but&little&!bagel&!more: conflict
!but&little&!bagel&more: conflict
!but&little&bagel: neutral
but&!of&!service&!did: neutral
but&!of&!service&did: negative
but&!of&service&!not: negative
but&!of&service&not: conflict
but&of&!have&!quality: positive
but&of&!have&quality: negative
but&of&have: conflict
DecisionTree learned:
!but&!the&!great&!very: neutral
!but&!the&!great&very: positive
!but&!the&great&!white: positive
!but&!the&great&white: negative
!but&the&!although&!may: positive
!but&the&!although&may: conflict
!but&the&although&!there: conflict
!but&the&although&there: neutral
but&!service&!we&!ve: positive
but&!service&!we&ve: neutral
but&!service&we&!atmosphere: neutral
but&!service&we&atmosphere: positive
but&service&!not&!found: negative
but&service&!not&found: positive
but&service&not&!and: conflict
but&service&not&and: positive
DecisionTree learned:
!but&!the&!extreme&!appear: positive
!but&!the&!extreme&appear: conflict
!but&!the&extreme: conflict
!but&the&!was&!sometimes: positive
!but&the&!was&sometimes: conflict
!but&the&was&!fine: negative
!but&the&was&fine: conflict
but&!look&!that&!service: positive
but&!look&!that&service: negative
but&!look&that&!they: negative
but&!look&that&they: neutral
but&look&!and: neutral
but&look&and: conflict
DecisionTree learned:
!but&!though&!the&!exceeded: positive
!but&!though&!the&exceeded: conflict
!but&!though&the&!nar: positive
!but&!though&the&nar: conflict
!but&though&!even&!i: conflict
!but&though&!even&i: negative
!but&though&even&!reservation: negative
!but&though&even&reservation: positive
but&!to&!we&!for: positive
but&!to&!we&for: positive
but&!to&we&!atmosphere: neutral
but&!to&we&atmosphere: positive
but&to&!people&!have: negative
but&to&!people&have: neutral
but&to&people: conflict
DecisionTree learned:
!but&!the&!exceeded&!atmosphere: positive
!but&!the&!exceeded&atmosphere: positive
!but&!the&exceeded: conflict
!but&the&!attentive&!rest: positive
!but&the&!attentive&rest: conflict
!but&the&attentive&!service: positive
!but&the&attentive&service: conflict
but&!food&!to&!for: negative
but&!food&!to&for: negative
but&!food&to&!make: negative
but&!food&to&make: neutral
but&food&!expensive&!is: positive
but&food&!expensive&is: neutral
but&food&expensive: conflict
DecisionTree learned:
!but&!the&!extreme&!tho: positive
!but&!the&!extreme&tho: conflict
!but&!the&extreme: conflict
!but&the&!although&!best: positive
!but&the&!although&best: positive
!but&the&although&!there: conflict
!but&the&although&there: neutral
but&!great&!nice&!not: negative
but&!great&!nice&not: conflict
but&!great&nice&!casual: positive
but&!great&nice&casual: conflict
but&great&!bland&!atmosphere: positive
but&great&!bland&atmosphere: conflict
but&great&bland: negative
DecisionTree learned:
!but&!the&!atmosphere&!though: positive
!but&!the&!atmosphere&though: negative
!but&!the&atmosphere&!were: positive
!but&!the&atmosphere&were: conflict
!but&the&!sometimes&!was: positive
!but&the&!sometimes&was: negative
!but&the&sometimes: conflict
but&!of&!great&!nice: negative
but&!of&!great&nice: positive
but&!of&great&!atmosphere: positive
but&!of&great&atmosphere: conflict
but&of&!it&!have: negative
but&of&!it&have: conflict
but&of&it: positive
DecisionTree learned:
!but&!the&!extreme&!quality: neutral
!but&!the&!extreme&quality: negative
!but&!the&extreme: conflict
!but&the&!was&!rest: positive
!but&the&!was&rest: conflict
!but&the&was&!yet: negative
!but&the&was&yet: conflict
but&!of&!chicken&!we: positive
but&!of&!chicken&we: neutral
but&!of&chicken&!with: conflict
but&!of&chicken&with: negative
but&of&!have&!restaurant: negative
but&of&!have&restaurant: positive
but&of&have: conflict
DecisionTree learned:
!though&!but&!the&!quality: neutral
!though&!but&!the&quality: negative
!though&!but&the&!at: positive
!though&!but&the&at: neutral
!though&but&!to&!food: negative
!though&but&!to&food: positive
!though&but&to&!an: neutral
!though&but&to&an: negative
though&!even&!thai&!food: conflict
though&!even&!thai&food: conflict
though&!even&thai: positive
though&even&!of&!reservation: negative
though&even&!of&reservation: neutral
though&even&of: neutral
DecisionTree learned:
!but&!though&!the&!extreme: positive
!but&!though&!the&extreme: conflict
!but&!though&the&!ok: positive
!but&!though&the&ok: neutral
!but&though&!even&!was: conflict
!but&though&!even&was: negative
!but&though&even&!reservation: negative
!but&though&even&reservation: neutral
but&!of&!great&!nice: negative
but&!of&!great&nice: positive
but&!of&great&!atmosphere: positive
but&!of&great&atmosphere: conflict
but&of&!have&!it: negative
but&of&!have&it: positive
but&of&have: conflict
DecisionTree learned:
!little&!was&!though&!nar: positive
!little&!was&!though&nar: conflict
!little&!was&though&!even: conflict
!little&!was&though&even: negative
!little&was&!fine&!yet: negative
!little&was&!fine&yet: conflict
!little&was&fine&!to: conflict
!little&was&fine&to: neutral
little&!there&!more&!we: conflict
little&!there&!more&we: neutral
little&!there&more&!the: neutral
little&!there&more&the: conflict
little&there: neutral
DecisionTree learned:
!but&!the&!tho&!quality: neutral
!but&!the&!tho&quality: negative
!but&!the&tho: conflict
!but&the&!could&!is: negative
!but&the&!could&is: positive
!but&the&could&!more: negative
!but&the&could&more: conflict
but&!of&!food&!we: negative
but&!of&!food&we: neutral
but&!of&food&!expensive: positive
but&!of&food&expensive: conflict
but&of&!have&!at: positive
but&of&!have&at: negative
but&of&have: conflict
DecisionTree learned:
!but&!the&!appear&!though: neutral
!but&!the&!appear&though: negative
!but&!the&appear: conflict
!but&the&!although&!at: positive
!but&the&!although&at: neutral
!but&the&although&!there: conflict
!but&the&although&there: neutral
but&!of&!nice&!that: negative
but&!of&!nice&that: negative
but&!of&nice&!casual: positive
but&!of&nice&casual: conflict
but&of&!have&!menu: positive
but&of&!have&menu: negative
but&of&have: conflict
DecisionTree learned:
!but&!nice&!the&!tho: neutral
!but&!nice&!the&tho: conflict
!but&!nice&the&!amazing: negative
!but&!nice&the&amazing: positive
!but&nice&!presented&!served: positive
!but&nice&!presented&served: neutral
!but&nice&presented: neutral
but&!tasted&!food&!n: negative
but&!tasted&!food&n: negative
but&!tasted&food&!expensive: positive
but&!tasted&food&expensive: conflict
but&tasted: negative
DecisionTree learned:
!but&!the&!for&!sure: positive
!but&!the&!for&sure: conflict
!but&!the&for&!had: neutral
!but&!the&for&had: negative
!but&the&!sometimes&!was: positive
!but&the&!sometimes&was: negative
!but&the&sometimes: conflict
but&!that&!of&!worth: positive
but&!that&!of&worth: conflict
but&!that&of&!have: positive
but&!that&of&have: conflict
but&that&!they&!we: negative
but&that&!they&we: neutral
but&that&they&!was: neutral
but&that&they&was: negative
DecisionTree learned:
!but&!the&!n&!exceeded: positive
!but&!the&!n&exceeded: conflict
!but&!the&n&!cooked: negative
!but&!the&n&cooked: conflict
!but&the&!although&!attentive: positive
!but&the&!although&attentive: conflict
!but&the&although&!service: conflict
!but&the&although&service: negative
but&!of&!poorly&!to: positive
but&!of&!poorly&to: neutral
but&!of&poorly: conflict
but&of&!have&!at: positive
but&of&!have&at: negative
but&of&have: conflict
DecisionTree learned:
!but&!the&!atmosphere&!appear: neutral
!but&!the&!atmosphere&appear: conflict
!but&!the&atmosphere&!were: positive
!but&!the&atmosphere&were: conflict
!but&the&!attentive&!rest: positive
!but&the&!attentive&rest: conflict
!but&the&attentive&!service: positive
!but&the&attentive&service: conflict
but&!only&!with&!at: positive
but&!only&!with&at: negative
but&!only&with&!chicken: positive
but&!only&with&chicken: negative
but&only&!and&!with: positive
but&only&!and&with: neutral
but&only&and&!actually: neutral
but&only&and&actually: negative
DecisionTree learned:
!but&!the&!atmosphere&!appear: neutral
!but&!the&!atmosphere&appear: conflict
!but&!the&atmosphere&!were: positive
!but&!the&atmosphere&were: conflict
!but&the&!nearby&!ok: positive
!but&the&!nearby&ok: neutral
!but&the&nearby: conflict
but&!of&!only&!bagels: negative
but&!of&!only&bagels: neutral
but&!of&only&!and: positive
but&!of&only&and: neutral
but&of&!have&!it: negative
but&of&!have&it: positive
but&of&have: conflict
DecisionTree learned:
!but&!the&!great&!food: neutral
!but&!the&!great&food: neutral
!but&!the&great&!even: positive
!but&!the&great&even: conflict
!but&the&!bar&!ok: positive
!but&the&!bar&ok: neutral
!but&the&bar&!crowded: neutral
!but&the&bar&crowded: negative
but&!to&!of&!chicken: positive
but&!to&!of&chicken: negative
but&!to&of&!have: negative
but&!to&of&have: conflict
but&to&!people&!have: negative
but&to&!people&have: neutral
but&to&people: conflict
DecisionTree learned:
!good&!it&!attentive&!and: negative
!good&!it&!attentive&and: positive
!good&!it&attentive&!service: positive
!good&!it&attentive&service: conflict
!good&it&!even&!outstanding: negative
!good&it&!even&outstanding: conflict
!good&it&even&!with: negative
!good&it&even&with: conflict
good&!rest&!before&!other: positive
good&!rest&!before&other: conflict
good&!rest&before: neutral
good&rest: conflict
DecisionTree learned:
!but&!the&!extreme&!though: neutral
!but&!the&!extreme&though: negative
!but&!the&extreme: conflict
!but&the&!nar&!although: positive
!but&the&!nar&although: conflict
!but&the&nar: conflict
but&!at&!not&!worth: positive
but&!at&!not&worth: conflict
but&!at&not&!for: conflict
but&!at&not&for: negative
but&at&!mediocre&!bar: negative
but&at&!mediocre&bar: neutral
but&at&mediocre: neutral
DecisionTree learned:
!that&!was&!though&!little: positive
!that&!was&!though&little: conflict
!that&!was&though&!recommend: conflict
!that&!was&though&recommend: neutral
!that&was&!and&!yet: negative
!that&was&!and&yet: conflict
!that&was&and&!it: negative
!that&was&and&it: conflict
that&!restaurants&!wine&!specials: negative
that&!restaurants&!wine&specials: neutral
that&!restaurants&wine&!waitress: neutral
that&!restaurants&wine&waitress: positive
that&restaurants: neutral
DecisionTree learned:
!but&!the&!exceeded&!tho: positive
!but&!the&!exceeded&tho: conflict
!but&!the&exceeded: conflict
!but&the&!at&!rest: positive
!but&the&!at&rest: conflict
!but&the&at&!well: neutral
!but&the&at&well: conflict
but&!of&!location&!menu: negative
but&!of&!location&menu: neutral
but&!of&location&!for: neutral
but&!of&location&for: positive
but&of&!have&!on: negative
but&of&!have&on: positive
but&of&have: conflict
DecisionTree learned:
!was&!little&!nar&!is: positive
!was&!little&!nar&is: positive
!was&!little&nar: conflict
!was&little&!bagel&!more: conflict
!was&little&!bagel&more: conflict
!was&little&bagel: neutral
was&!fine&!although&!and: negative
was&!fine&!although&and: negative
was&!fine&although: conflict
was&fine&!to: conflict
was&fine&to: neutral
DecisionTree learned:
!but&!the&!atmosphere&!very: neutral
!but&!the&!atmosphere&very: positive
!but&!the&atmosphere&!to: positive
!but&!the&atmosphere&to: conflict
!but&the&!sometimes&!was: positive
!but&the&!sometimes&was: negative
!but&the&sometimes: conflict
but&!of&!n&!only: positive
but&!of&!n&only: neutral
but&!of&n&!would: negative
but&!of&n&would: conflict
but&of&!have&!out: positive
but&of&!have&out: negative
but&of&have: conflict
DecisionTree learned:
!but&!the&!extreme&!appear: positive
!but&!the&!extreme&appear: conflict
!but&!the&extreme: conflict
!but&the&!attentive&!doing: positive
!but&the&!attentive&doing: conflict
!but&the&attentive&!service: positive
!but&the&attentive&service: conflict
but&!to&!location&!at: positive
but&!to&!location&at: negative
but&!to&location&!for: neutral
but&!to&location&for: positive
but&to&!people&!this: negative
but&to&!people&this: positive
but&to&people: conflict
DecisionTree learned:
!but&!the&!though&!appear: positive
!but&!the&!though&appear: conflict
!but&!the&though&!food: negative
!but&!the&though&food: conflict
!but&the&!in&!rest: positive
!but&the&!in&rest: conflict
!but&the&in&!ingredients: neutral
!but&the&in&ingredients: neutral
but&!we&!location&!i: negative
but&!we&!location&i: neutral
but&!we&location&!for: neutral
but&!we&location&for: positive
but&we&!atmosphere&!quickly: neutral
but&we&!atmosphere&quickly: positive
but&we&atmosphere: positive
DecisionTree learned:
!but&!though&!the&!atmosphere: positive
!but&!though&!the&atmosphere: positive
!but&!though&the&!nar: positive
!but&!though&the&nar: conflict
!but&though&!even&!reservations: conflict
!but&though&!even&reservations: neutral
!but&though&even&!of: negative
!but&though&even&of: neutral
but&!expected&!of&!small: negative
but&!expected&!of&small: negative
but&!expected&of&!have: negative
but&!expected&of&have: conflict
but&expected: conflict
DecisionTree learned:
!that&!but&!the&!does: neutral
!that&!but&!the&does: conflict
!that&!but&the&!rest: positive
!that&!but&the&rest: conflict
!that&but&!of&!looked: positive
!that&but&!of&looked: negative
!that&but&of&!and: negative
!that&but&of&and: positive
that&!with&!best&!noodle: negative
that&!with&!best&noodle: neutral
that&!with&best&!like: positive
that&!with&best&like: neutral
that&with&!much&!taste: positive
that&with&!much&taste: negative
that&with&much: negative
DecisionTree learned:
!but&!the&!extreme&!appear: neutral
!but&!the&!extreme&appear: conflict
!but&!the&extreme: conflict
!but&the&!in&!it: positive
!but&the&!in&it: negative
!but&the&in&!table: neutral
!but&the&in&table: negative
but&!waiters&!worth&!of: negative
but&!waiters&!worth&of: positive
but&!waiters&worth&!itsuperb: conflict
but&!waiters&worth&itsuperb: positive
but&waiters: conflict
DecisionTree learned:
!but&!the&!exceeded&!appear: neutral
!but&!the&!exceeded&appear: conflict
!but&!the&exceeded: conflict
!but&the&!doing&!although: positive
!but&the&!doing&although: conflict
!but&the&doing: conflict
but&!service&!of&!casual: positive
but&!service&!of&casual: conflict
but&!service&of&!have: negative
but&!service&of&have: conflict
but&service&!not&!is: negative
but&service&!not&is: negative
but&service&not&!and: conflict
but&service&not&and: positive
DecisionTree learned:
!but&!the&!though&!to: positive
!but&!the&!though&to: neutral
!but&!the&though&!food: negative
!but&!the&though&food: conflict
!but&the&!sometimes&!small: positive
!but&the&!sometimes&small: negative
!but&the&sometimes: conflict
but&!that&!of&!was: neutral
but&!that&!of&was: conflict
but&!that&of&!have: negative
but&!that&of&have: conflict
but&that&!they&!we: negative
but&that&!they&we: neutral
but&that&they&!was: neutral
but&that&they&was: negative
DecisionTree learned:
!though&!but&!the&!exceeded: neutral
!though&!but&!the&exceeded: conflict
!though&!but&the&!nar: positive
!though&!but&the&nar: conflict
!though&but&!of&!worth: positive
!though&but&!of&worth: conflict
!though&but&of&!have: negative
!though&but&of&have: conflict
though&!even&!i&!n: conflict
though&!even&!i&n: negative
though&!even&i&!reservations: negative
though&!even&i&reservations: neutral
though&even&!at&!of: negative
though&even&!at&of: neutral
though&even&at: positive
DecisionTree learned:
!but&!the&!tho&!n: positive
!but&!the&!tho&n: negative
!but&!the&tho: conflict
!but&the&!bar&!fine: positive
!but&the&!bar&fine: conflict
!but&the&bar&!crowded: neutral
!but&the&bar&crowded: negative
but&!of&!chicken&!we: positive
but&!of&!chicken&we: neutral
but&!of&chicken&!with: negative
but&!of&chicken&with: negative
but&of&!line&!and: negative
but&of&!line&and: positive
but&of&line: positive
DecisionTree learned:
!worth&!was&!we&!though: positive
!worth&!was&!we&though: conflict
!worth&!was&we&!bar: neutral
!worth&!was&we&bar: neutral
!worth&was&!yet&!although: negative
!worth&was&!yet&although: conflict
!worth&was&yet&!to: conflict
!worth&was&yet&to: positive
worth&!not&!wine&!wait: positive
worth&!not&!wine&wait: conflict
worth&!not&wine&!and: positive
worth&!not&wine&and: neutral
worth&not&!with&!food: negative
worth&not&!with&food: conflict
worth&not&with: conflict
DecisionTree learned:
!but&!the&!tho&!exceeded: neutral
!but&!the&!tho&exceeded: conflict
!but&!the&tho: conflict
!but&the&!at&!by: negative
!but&the&!at&by: conflict
!but&the&at&!well: neutral
!but&the&at&well: conflict
but&!waiters&!of&!nice: negative
but&!waiters&!of&nice: positive
but&!waiters&of&!staff: positive
but&!waiters&of&staff: negative
but&waiters: conflict
DecisionTree learned:
!but&!the&!tho&!atmosphere: neutral
!but&!the&!tho&atmosphere: positive
!but&!the&tho: conflict
!but&the&!attentive&!best: negative
!but&the&!attentive&best: positive
!but&the&attentive&!service: positive
!but&the&attentive&service: conflict
but&!with&!worth&!food: negative
but&!with&!worth&food: positive
but&!with&worth&!itsuperb: conflict
but&!with&worth&itsuperb: positive
but&with&!not&!chicken: positive
but&with&!not&chicken: negative
but&with&not: neutral
DecisionTree learned:
!little&!it&!though&!not: positive
!little&!it&!though&not: negative
!little&!it&though&!even: conflict
!little&!it&though&even: negative
!little&it&!even&!outstanding: negative
!little&it&!even&outstanding: conflict
!little&it&even&!with: positive
!little&it&even&with: conflict
little&!there&!more&!for: conflict
little&!there&!more&for: negative
little&!there&more&!be: neutral
little&!there&more&be: conflict
little&there: neutral
DecisionTree learned:
!though&!but&!the&!extreme: neutral
!though&!but&!the&extreme: conflict
!though&!but&the&!fine: positive
!though&!but&the&fine: conflict
!though&but&!that&!of: positive
!though&but&!that&of: positive
!though&but&that&!they: negative
!though&but&that&they: neutral
though&!even&!i&!decor: conflict
though&!even&!i&decor: positive
though&!even&i&!reservations: negative
though&!even&i&reservations: neutral
though&even&!table&!high: neutral
though&even&!table&high: negative
though&even&table: negative
DecisionTree learned:
!that&!but&!the&!does: positive
!that&!but&!the&does: conflict
!that&!but&the&!attentive: positive
!that&!but&the&attentive: conflict
!that&but&!of&!long: positive
!that&but&!of&long: neutral
!that&but&of&!have: negative
!that&but&of&have: conflict
that&!noodle&!prices&!had: negative
that&!noodle&!prices&had: negative
that&!noodle&prices: positive
that&noodle: neutral
DecisionTree learned:
!but&!the&!exceeded&!appear: neutral
!but&!the&!exceeded&appear: conflict
!but&!the&exceeded: conflict
!but&the&!small&!doing: positive
!but&the&!small&doing: conflict
!but&the&small&!good: negative
!but&the&small&good: positive
but&!of&!inexpertly&!waiters: positive
but&!of&!inexpertly&waiters: conflict
but&!of&inexpertly: conflict
but&of&!and&!the: negative
but&of&!and&the: positive
but&of&and: positive
DecisionTree learned:
!but&!the&!quality&!and: negative
!but&!the&!quality&and: positive
!but&!the&quality&!with: negative
!but&!the&quality&with: positive
!but&the&!find&!worth: positive
!but&the&!find&worth: conflict
!but&the&find&!and: conflict
!but&the&find&and: positive
but&!of&!only&!that: positive
but&!of&!only&that: negative
but&!of&only&!and: positive
but&!of&only&and: neutral
but&of&!have&!out: positive
but&of&!have&out: negative
but&of&have: conflict
DecisionTree learned:
!but&!the&!tho&!though: neutral
!but&!the&!tho&though: negative
!but&!the&tho: conflict
!but&the&!attentive&!quibbles: positive
!but&the&!attentive&quibbles: conflict
!but&the&attentive&!service: positive
!but&the&attentive&service: conflict
but&!we&!that&!food: negative
but&!we&!that&food: positive
but&!we&that&!they: negative
but&!we&that&they: neutral
but&we&!was&!lucky: neutral
but&we&!was&lucky: positive
but&we&was&!the: negative
but&we&was&the: positive
DecisionTree learned:
!but&!the&!extreme&!atmosphere: neutral
!but&!the&!extreme&atmosphere: positive
!but&!the&extreme: conflict
!but&the&!although&!fine: positive
!but&the&!although&fine: conflict
!but&the&although&!there: conflict
!but&the&although&there: neutral
but&!of&!we&!reservations: positive
but&!of&!we&reservations: neutral
but&!of&we&!expensive: neutral
but&!of&we&expensive: negative
but&of&!have&!at: positive
but&of&!have&at: negative
but&of&have: conflict
DecisionTree learned:
!but&!the&!tho&!exceeded: positive
!but&!the&!tho&exceeded: conflict
!but&!the&tho: conflict
!but&the&!bar&!quibbles: positive
!but&the&!bar&quibbles: conflict
!but&the&bar&!crowded: neutral
!but&the&bar&crowded: negative
but&!great&!nice&!not: negative
but&!great&!nice&not: conflict
but&!great&nice&!casual: positive
but&!great&nice&casual: conflict
but&great&!atmosphere&!value: positive
but&great&!atmosphere&value: conflict
but&great&atmosphere: conflict
DecisionTree learned:
!but&!the&!though&!appear: positive
!but&!the&!though&appear: conflict
!but&!the&though&!food: negative
!but&!the&though&food: conflict
!but&the&!rest&!although: positive
!but&the&!rest&although: conflict
!but&the&rest&!was: conflict
!but&the&rest&was: neutral
but&!to&!at&!that: positive
but&!to&!at&that: negative
but&!to&at&!the: positive
but&!to&at&the: neutral
but&to&!people&!an: negative
but&to&!people&an: negative
but&to&people: conflict
DecisionTree learned:
!little&!but&!the&!tho: neutral
!little&!but&!the&tho: conflict
!little&!but&the&!quibbles: positive
!little&!but&the&quibbles: conflict
!little&but&!location&!we: negative
!little&but&!location&we: neutral
!little&but&location&!for: neutral
!little&but&location&for: positive
little&!there&!for&!more: conflict
little&!there&!for&more: conflict
little&!there&for&!food: positive
little&!there&for&food: negative
little&there: neutral
DecisionTree learned:
!but&!the&!extreme&!tho: positive
!but&!the&!extreme&tho: conflict
!but&!the&extreme: conflict
!but&the&!nearby&!attentive: positive
!but&the&!nearby&attentive: conflict
!but&the&nearby: conflict
but&!nice&!great&!not: negative
but&!nice&!great&not: conflict
but&!nice&great&!bland: positive
but&!nice&great&bland: negative
but&nice&!casual&!great: positive
but&nice&!casual&great: negative
but&nice&casual: conflict
DecisionTree learned:
!but&!the&!extreme&!tho: positive
!but&!the&!extreme&tho: conflict
!but&!the&extreme: conflict
!but&the&!was&!is: neutral
!but&the&!was&is: positive
!but&the&was&!yet: negative
!but&the&was&yet: conflict
but&!great&!of&!expected: negative
but&!great&!of&expected: conflict
but&!great&of&!have: negative
but&!great&of&have: conflict
but&great&!atmosphere&!value: positive
but&great&!atmosphere&value: conflict
but&great&atmosphere: conflict
DecisionTree learned:
!but&!the&!though&!tho: positive
!but&!the&!though&tho: conflict
!but&!the&though&!food: negative
!but&!the&though&food: conflict
!but&the&!nar&!doing: positive
!but&the&!nar&doing: conflict
!but&the&nar: conflict
but&!high&!few&!look: negative
but&!high&!few&look: conflict
but&!high&few: neutral
but&high&!for: conflict
but&high&for: negative
Trial 0 Training cc.mallet.classify.AdaBoostM2Trainer@15f66cff finished
Trial 0 Trainer cc.mallet.classify.AdaBoostM2Trainer@15f66cff test data accuracy = 0.5793758480325645

NaiveBayesTrainer
Summary. test accuracy mean = 0.592944369063772 stddev = 0.0 stderr = 0.0

MaxEntTrainer,gaussianPriorVariance=1.0
Summary. test accuracy mean = 0.6377204884667571 stddev = 0.0 stderr = 0.0

cc.mallet.classify.DecisionTreeTrainer@266bade9
Summary. test accuracy mean = 0.5725915875169606 stddev = 0.0 stderr = 0.0

cc.mallet.classify.AdaBoostM2Trainer@15f66cff
Summary. test accuracy mean = 0.5793758480325645 stddev = 0.0 stderr = 0.0
