
-------------------- Trial 0  --------------------

Trial 0 Training NaiveBayesTrainer with 2956 instances
Trial 0 Training NaiveBayesTrainer finished
Trial 0 Trainer NaiveBayesTrainer test data accuracy = 0.55359565807327
Trial 0 Training MaxEntTrainer,gaussianPriorVariance=1.0 with 2956 instances
Trial 0 Training MaxEntTrainer,gaussianPriorVariance=1.0 finished
Trial 0 Trainer MaxEntTrainer,gaussianPriorVariance=1.0 test data accuracy = 0.6295793758480326
Trial 0 Training cc.mallet.classify.DecisionTreeTrainer@266bade9 with 2956 instances
DecisionTree learned:
!but&!not&!great&!dinner: positive
!but&!not&!great&dinner: neutral
!but&!not&great&!three: positive
!but&!not&great&three: negative
!but&not&!was&!tastes: negative
!but&not&!was&tastes: positive
!but&not&was&!appetizer: negative
!but&not&was&appetizer: neutral
but&!ever&!chicken&!who: positive
but&!ever&!chicken&who: neutral
but&!ever&chicken&!with: negative
but&!ever&chicken&with: negative
but&ever: negative
Trial 0 Training cc.mallet.classify.DecisionTreeTrainer@266bade9 finished
Trial 0 Trainer cc.mallet.classify.DecisionTreeTrainer@266bade9 test data accuracy = 0.5793758480325645
Trial 0 Training cc.mallet.classify.AdaBoostM2Trainer@7e78fc6 with 2956 instances
DecisionTree learned:
!but&!not&!dinner&!great: positive
!but&!not&!dinner&great: positive
!but&!not&dinner&!here: neutral
!but&!not&dinner&here: neutral
!but&not&!was&!tastes: negative
!but&not&!was&tastes: positive
!but&not&was&!sapphire: negative
!but&not&was&sapphire: positive
but&!chicken&!ever&!quality: positive
but&!chicken&!ever&quality: negative
but&!chicken&ever: negative
but&chicken&!with: negative
but&chicken&with: negative
DecisionTree learned:
!but&!not&!great&!is: positive
!but&!not&!great&is: positive
!but&!not&great&!three: positive
!but&!not&great&three: negative
!but&not&!was&!are: positive
!but&not&!was&are: negative
!but&not&was&!while: negative
!but&not&was&while: positive
but&!only&!when&!ever: positive
but&!only&!when&ever: negative
but&!only&when&!at: neutral
but&!only&when&at: negative
but&only&!food&!ordered: positive
but&only&!food&ordered: neutral
but&only&food: positive
DecisionTree learned:
!but&!great&!was&!do: positive
!but&!great&!was&do: negative
!but&!great&was&!delicious: negative
!but&!great&was&delicious: positive
!but&great&!want&!glass: positive
!but&great&!want&glass: neutral
!but&great&want&!casual: negative
!but&great&want&casual: positive
but&!who&!that&!we: positive
but&!who&!that&we: negative
but&!who&that&!shrimp: negative
but&!who&that&shrimp: positive
but&who&!for&!with: neutral
but&who&!for&with: negative
but&who&for&!of: conflict
but&who&for&of: negative
DecisionTree learned:
!but&!friendly&!excellent&!dinner: positive
!but&!friendly&!excellent&dinner: neutral
!but&!friendly&excellent&!can: positive
!but&!friendly&excellent&can: positive
!but&friendly&!is&!for: positive
!but&friendly&!is&for: neutral
!but&friendly&is&!there: positive
!but&friendly&is&there: conflict
but&!expensive&!we&!who: positive
but&!expensive&!we&who: negative
but&!expensive&we&!quickly: neutral
but&!expensive&we&quickly: positive
but&expensive&!food&!to: neutral
but&expensive&!food&to: negative
but&expensive&food&!was: conflict
but&expensive&food&was: conflict
DecisionTree learned:
!but&!not&!dinner&!excellent: positive
!but&!not&!dinner&excellent: positive
!but&!not&dinner&!would: neutral
!but&!not&dinner&would: negative
!but&not&!was&!reviews: negative
!but&not&!was&reviews: neutral
!but&not&was&!appetizer: negative
!but&not&was&appetizer: neutral
but&!who&!that&!we: positive
but&!who&!that&we: negative
but&!who&that&!my: positive
but&!who&that&my: negative
but&who&!for&!with: neutral
but&who&!for&with: negative
but&who&for&!to: negative
but&who&for&to: conflict
DecisionTree learned:
!but&!friendly&!excellent&!was: positive
!but&!friendly&!excellent&was: negative
!but&!friendly&excellent&!salty: positive
!but&!friendly&excellent&salty: negative
!but&friendly&!is&!to: positive
!but&friendly&!is&to: positive
!but&friendly&is&!there: positive
!but&friendly&is&there: conflict
but&!only&!who&!that: positive
but&!only&!who&that: negative
but&!only&who&!of: neutral
but&!only&who&of: negative
but&only&!food&!ordered: positive
but&only&!food&ordered: neutral
but&only&food: positive
DecisionTree learned:
!but&!not&!though&!rude: positive
!but&!not&!though&rude: negative
!but&!not&though&!it: negative
!but&!not&though&it: conflict
!but&not&!worth&!nice: negative
!but&not&!worth&nice: conflict
!but&not&worth&!with: negative
!but&not&worth&with: conflict
but&!only&!high&!expensive: positive
but&!only&!high&expensive: conflict
but&!only&high&!a: negative
but&!only&high&a: conflict
but&only&!food&!was: neutral
but&only&!food&was: positive
but&only&food: positive
DecisionTree learned:
!but&!good&!friendly&!try: positive
!but&!good&!friendly&try: positive
!but&!good&friendly&!is: positive
!but&!good&friendly&is: positive
!but&good&!which&!not: positive
!but&good&!which&not: conflict
!but&good&which&!for: neutral
!but&good&which&for: negative
but&!at&!worth&!look: positive
but&!at&!worth&look: conflict
but&!at&worth&!and: conflict
but&!at&worth&and: positive
but&at&!and&!we: negative
but&at&!and&we: neutral
but&at&and&!as: positive
but&at&and&as: neutral
DecisionTree learned:
!but&!delicious&!great&!best: positive
!but&!delicious&!great&best: positive
!but&!delicious&great&!want: positive
!but&!delicious&great&want: negative
!but&delicious&!that&!to: positive
!but&delicious&!that&to: positive
!but&delicious&that&!so: neutral
!but&delicious&that&so: positive
but&!that&!when&!only: positive
but&!that&!when&only: positive
but&!that&when&!were: neutral
but&!that&when&were: neutral
but&that&!out&!a: negative
but&that&!out&a: positive
but&that&out&!and: negative
but&that&out&and: negative
DecisionTree learned:
!but&!not&!dinner&!great: positive
!but&!not&!dinner&great: positive
!but&!not&dinner&!n: neutral
!but&!not&dinner&n: negative
!but&not&!was&!wo: negative
!but&not&!was&wo: conflict
!but&not&was&!good: negative
!but&not&was&good: conflict
but&!that&!our&!was: positive
but&!that&!our&was: negative
but&!that&our&!for: neutral
but&!that&our&for: neutral
but&that&!ever&!does: positive
but&that&!ever&does: negative
but&that&ever: negative
DecisionTree learned:
!but&!our&!excellent&!though: positive
!but&!our&!excellent&though: negative
!but&!our&excellent&!can: positive
!but&!our&excellent&can: conflict
!but&our&!order&!ignored: neutral
!but&our&!order&ignored: negative
!but&our&order&!that: neutral
!but&our&order&that: negative
but&!at&!worth&!i: positive
but&!at&!worth&i: negative
but&!at&worth&!and: conflict
but&!at&worth&and: positive
but&at&!and&!all: neutral
but&at&!and&all: negative
but&at&and&!as: positive
but&at&and&as: neutral
DecisionTree learned:
!but&!friendly&!though&!matter: positive
!but&!friendly&!though&matter: conflict
!but&!friendly&though&!your: negative
!but&!friendly&though&your: negative
!but&friendly&!is&!to: positive
!but&friendly&!is&to: positive
!but&friendly&is&!prices: positive
!but&friendly&is&prices: conflict
but&!at&!worth&!look: positive
but&!at&!worth&look: conflict
but&!at&worth&!and: conflict
but&!at&worth&and: conflict
but&at&!and&!experience: negative
but&at&!and&experience: positive
but&at&and&!as: positive
but&at&and&as: neutral
DecisionTree learned:
!but&!dinner&!friendly&!delicious: positive
!but&!dinner&!friendly&delicious: positive
!but&!dinner&friendly&!is: positive
!but&!dinner&friendly&is: positive
!but&dinner&!not&!would: neutral
!but&dinner&!not&would: negative
!but&dinner&not&!i: negative
!but&dinner&not&i: negative
but&!small&!at&!worth: positive
but&!small&!at&worth: conflict
but&!small&at&!and: negative
but&!small&at&and: neutral
but&small&!the: conflict
but&small&the&!little: negative
but&small&the&little: negative
DecisionTree learned:
!but&!friendly&!though&!was: positive
!but&!friendly&!though&was: negative
!but&!friendly&though&!it: negative
!but&!friendly&though&it: conflict
!but&friendly&!is&!dishes: positive
!but&friendly&!is&dishes: neutral
!but&friendly&is&!there: positive
!but&friendly&is&there: conflict
but&!who&!that&!wife: positive
but&!who&!that&wife: conflict
but&!who&that&!my: positive
but&!who&that&my: negative
but&who&!of&!for: neutral
but&who&!of&for: conflict
but&who&of&!this: negative
but&who&of&this: negative
DecisionTree learned:
!but&!our&!though&!was: positive
!but&!our&!though&was: negative
!but&!our&though&!it: negative
!but&!our&though&it: conflict
!but&our&!other&!service: neutral
!but&our&!other&service: positive
!but&our&other: negative
but&!not&!look&!small: positive
but&!not&!look&small: negative
but&!not&look&!a: conflict
but&!not&look&a: neutral
but&not&!for&!to: conflict
but&not&!for&to: neutral
but&not&for&!there: negative
but&not&for&there: neutral
DecisionTree learned:
!but&!is&!delicious&!was: positive
!but&!is&!delicious&was: negative
!but&!is&delicious&!also: positive
!but&!is&delicious&also: neutral
!but&is&!be&!everything: positive
!but&is&!be&everything: conflict
!but&is&be&!makes: negative
!but&is&be&makes: neutral
but&!expensive&!we&!who: positive
but&!expensive&!we&who: neutral
but&!expensive&we&!with: neutral
but&!expensive&we&with: positive
but&expensive&!food&!to: neutral
but&expensive&!food&to: negative
but&expensive&food&!was: conflict
but&expensive&food&was: conflict
DecisionTree learned:
!but&!dinner&!our&!try: positive
!but&!dinner&!our&try: positive
!but&!dinner&our&!order: neutral
!but&!dinner&our&order: negative
!but&dinner&!drinks&!time: neutral
!but&dinner&!drinks&time: negative
!but&dinner&drinks&!of: positive
!but&dinner&drinks&of: negative
but&!who&!that&!an: positive
but&!who&!that&an: positive
but&!who&that&!shrimp: negative
but&!who&that&shrimp: positive
but&who&!of&!for: neutral
but&who&!of&for: conflict
but&who&of&!with: negative
but&who&of&with: negative
DecisionTree learned:
!but&!worth&!matter&!friendly: positive
!but&!worth&!matter&friendly: positive
!but&!worth&matter&!i: conflict
!but&!worth&matter&i: conflict
!but&worth&!and&!well: conflict
!but&worth&!and&well: positive
!but&worth&and&!with: positive
!but&worth&and&with: negative
but&!chicken&!what&!only: positive
but&!chicken&!what&only: positive
but&!chicken&what&!for: neutral
but&!chicken&what&for: neutral
but&chicken&!with: negative
but&chicken&with: negative
DecisionTree learned:
!but&!is&!delicious&!bland: positive
!but&!is&!delicious&bland: negative
!but&!is&delicious&!also: positive
!but&!is&delicious&also: neutral
!but&is&!though&!the: positive
!but&is&!though&the: positive
!but&is&though&!authentic: conflict
!but&is&though&authentic: neutral
but&!only&!at&!worth: negative
but&!only&!at&worth: conflict
but&!only&at&!and: negative
but&!only&at&and: neutral
but&only&!food&!ordered: positive
but&only&!food&ordered: neutral
but&only&food: positive
DecisionTree learned:
!but&!though&!friendly&!was: positive
!but&!though&!friendly&was: negative
!but&!though&friendly&!is: positive
!but&!though&friendly&is: positive
!but&though&!we&!i: negative
!but&though&!we&i: neutral
!but&though&we&!well: neutral
!but&though&we&well: negative
but&!only&!that&!at: positive
but&!only&!that&at: neutral
but&!only&that&!who: negative
but&!only&that&who: conflict
but&only&!food&!ordered: positive
but&only&!food&ordered: neutral
but&only&food: positive
DecisionTree learned:
!but&!fine&!well&!friendly: positive
!but&!fine&!well&friendly: positive
!but&!fine&well&!tasty: positive
!but&!fine&well&tasty: conflict
!but&fine&!had&!of: positive
!but&fine&!had&of: positive
!but&fine&had&!and: conflict
!but&fine&had&and: conflict
but&!we&!that&!what: positive
but&!we&!that&what: neutral
but&!we&that&!who: negative
but&!we&that&who: conflict
but&we&!very&!menu: neutral
but&we&!very&menu: negative
but&we&very&!with: conflict
but&we&very&with: positive
DecisionTree learned:
!but&!though&!the&!atmosphere: neutral
!but&!though&!the&atmosphere: positive
!but&!though&the&!matter: positive
!but&!though&the&matter: conflict
!but&though&!it&!food: negative
!but&though&!it&food: positive
!but&though&it&!the: negative
!but&though&it&the: conflict
but&!small&!special&!that: positive
but&!small&!special&that: negative
but&!small&special&!they: neutral
but&!small&special&they: conflict
but&small&!there&!dessert: negative
but&small&!there&dessert: negative
but&small&there&!for: conflict
but&small&there&for: conflict
DecisionTree learned:
!but&!dinner&!matter&!excellent: positive
!but&!dinner&!matter&excellent: positive
!but&!dinner&matter&!it: negative
!but&!dinner&matter&it: conflict
!but&dinner&!not&!n: neutral
!but&dinner&!not&n: negative
!but&dinner&not&!i: negative
!but&dinner&not&i: neutral
but&!at&!look&!worth: positive
but&!at&!look&worth: conflict
but&!at&look&!of: conflict
but&!at&look&of: negative
but&at&!and&!very: negative
but&at&!and&very: positive
but&at&and&!as: positive
but&at&and&as: neutral
DecisionTree learned:
!but&!good&!our&!friendly: positive
!but&!good&!our&friendly: positive
!but&!good&our&!that: neutral
!but&!good&our&that: negative
!but&good&!which&!not: positive
!but&good&!which&not: conflict
!but&good&which&!for: neutral
!but&good&which&for: negative
but&!at&!who&!that: positive
but&!at&!who&that: negative
but&!at&who&!for: neutral
but&!at&who&for: conflict
but&at&!and&!experience: negative
but&at&!and&experience: positive
but&at&and&!as: positive
but&at&and&as: conflict
DecisionTree learned:
!but&!though&!bland&!well: positive
!but&!though&!bland&well: positive
!but&!though&bland&!a: negative
!but&!though&bland&a: conflict
!but&though&!a&!i: conflict
!but&though&!a&i: neutral
!but&though&a&!out: negative
!but&though&a&out: positive
but&!that&!at&!worth: positive
but&!that&!at&worth: conflict
but&!that&at&!and: neutral
but&!that&at&and: positive
but&that&!my&!who: positive
but&that&!my&who: conflict
but&that&my&!to: negative
but&that&my&to: positive
DecisionTree learned:
!but&!though&!matter&!friendly: positive
!but&!though&!matter&friendly: positive
!but&!though&matter&!i: conflict
!but&!though&matter&i: conflict
!but&though&!even&!your: conflict
!but&though&!even&your: negative
!but&though&even&!seated: negative
!but&though&even&seated: neutral
but&!that&!when&!only: positive
but&!that&!when&only: positive
but&!that&when&!all: neutral
but&!that&when&all: negative
but&that&!shrimp&!my: neutral
but&that&!shrimp&my: negative
but&that&shrimp&!good: positive
but&that&shrimp&good: positive
DecisionTree learned:
!but&!fine&!not&!dinner: positive
!but&!fine&!not&dinner: neutral
!but&!fine&not&!worth: negative
!but&!fine&not&worth: conflict
!but&fine&!had&!of: positive
!but&fine&!had&of: positive
!but&fine&had&!my: conflict
!but&fine&had&my: conflict
but&!we&!that&!special: positive
but&!we&!that&special: neutral
but&!we&that&!prices: negative
but&!we&that&prices: positive
but&we&!expensive&!ordered: neutral
but&we&!expensive&ordered: negative
but&we&expensive: negative
DecisionTree learned:
!but&!though&!matter&!bland: positive
!but&!though&!matter&bland: negative
!but&!though&matter&!i: conflict
!but&!though&matter&i: conflict
!but&though&!we&!i: conflict
!but&though&!we&i: negative
!but&though&we&!well: neutral
!but&though&we&well: negative
but&!chicken&!what&!that: positive
but&!chicken&!what&that: negative
but&!chicken&what&!for: neutral
but&!chicken&what&for: neutral
but&chicken&!with: negative
but&chicken&with: negative
DecisionTree learned:
!but&!service&!although&!fine: positive
!but&!service&!although&fine: conflict
!but&!service&although&!was: neutral
!but&!service&although&was: conflict
!but&service&!wait&!and: negative
!but&service&!wait&and: positive
!but&service&wait&!not: negative
!but&service&wait&not: neutral
but&!rudely&!small&!look: positive
but&!rudely&!small&look: conflict
but&!rudely&small&!there: negative
but&!rudely&small&there: conflict
but&rudely&!with: conflict
but&rudely&with: conflict
DecisionTree learned:
!but&!though&!well&!dinner: positive
!but&!though&!well&dinner: neutral
!but&!though&well&!far: positive
!but&!though&well&far: conflict
!but&though&!recommend&!to: negative
!but&though&!recommend&to: negative
!but&though&recommend&!and: neutral
!but&though&recommend&and: negative
but&!that&!wife&!at: positive
but&!that&!wife&at: neutral
but&!that&wife&!as: conflict
but&!that&wife&as: conflict
but&that&!ever&!just: positive
but&that&!ever&just: negative
but&that&ever: negative
DecisionTree learned:
!but&!it&!with&!delicious: positive
!but&!it&!with&delicious: positive
!but&!it&with&!wait: neutral
!but&!it&with&wait: negative
!but&it&!matter&!though: negative
!but&it&!matter&though: conflict
!but&it&matter&!i: conflict
!but&it&matter&i: conflict
but&!that&!not&!small: positive
but&!that&!not&small: negative
but&!that&not&!for: conflict
but&!that&not&for: positive
but&that&!are&!with: negative
but&that&!are&with: positive
but&that&are&!with: positive
but&that&are&with: neutral
DecisionTree learned:
!but&!friendly&!try&!the: neutral
!but&!friendly&!try&the: positive
!but&!friendly&try&!because: positive
!but&!friendly&try&because: neutral
!but&friendly&!is&!the: positive
!but&friendly&!is&the: neutral
!but&friendly&is&!prices: positive
!but&friendly&is&prices: conflict
but&!that&!wife&!at: positive
but&!that&!wife&at: neutral
but&!that&wife&!as: conflict
but&!that&wife&as: conflict
but&that&!who&!thai: negative
but&that&!who&thai: positive
but&that&who: conflict
DecisionTree learned:
!but&!fine&!friendly&!good: positive
!but&!fine&!friendly&good: positive
!but&!fine&friendly&!is: positive
!but&!fine&friendly&is: positive
!but&fine&!had&!of: positive
!but&fine&!had&of: conflict
!but&fine&had&!my: conflict
!but&fine&had&my: conflict
but&!chicken&!that&!when: positive
but&!chicken&!that&when: neutral
but&!chicken&that&!who: negative
but&!chicken&that&who: conflict
but&chicken&!with: negative
but&chicken&with: negative
DecisionTree learned:
!but&!our&!friendly&!bland: positive
!but&!our&!friendly&bland: negative
!but&!our&friendly&!is: positive
!but&!our&friendly&is: positive
!but&our&!order&!ignored: neutral
!but&our&!order&ignored: negative
!but&our&order&!that: neutral
!but&our&order&that: negative
but&!that&!not&!small: positive
but&!that&!not&small: negative
but&!that&not&!for: conflict
but&!that&not&for: positive
but&that&!are&!with: negative
but&that&!are&with: positive
but&that&are&!with: positive
but&that&are&with: neutral
DecisionTree learned:
!but&!excellent&!is&!delicious: negative
!but&!excellent&!is&delicious: positive
!but&!excellent&is&!everything: positive
!but&!excellent&is&everything: conflict
!but&excellent&!can&!priced: positive
!but&excellent&!can&priced: neutral
!but&excellent&can: conflict
but&!only&!that&!not: negative
but&!only&!that&not: conflict
but&!only&that&!who: positive
but&!only&that&who: conflict
but&only&!was&!ordered: neutral
but&only&!was&ordered: neutral
but&only&was&!because: positive
but&only&was&because: negative
DecisionTree learned:
!but&!it&!friendly&!fine: positive
!but&!it&!friendly&fine: positive
!but&!it&friendly&!is: positive
!but&!it&friendly&is: positive
!but&it&!matter&!though: negative
!but&it&!matter&though: conflict
!but&it&matter&!i: conflict
!but&it&matter&i: conflict
but&!rudely&!small&!pad: positive
but&!rudely&!small&pad: conflict
but&!rudely&small&!a: negative
but&!rudely&small&a: negative
but&rudely&!with: conflict
but&rudely&with: conflict
DecisionTree learned:
!but&!try&!dinner&!fine: positive
!but&!try&!dinner&fine: conflict
!but&!try&dinner&!not: neutral
!but&!try&dinner&not: negative
!but&try&!bagel&!you: positive
!but&try&!bagel&you: positive
!but&try&bagel&!and: neutral
!but&try&bagel&and: neutral
but&!that&!small&!look: positive
but&!that&!small&look: conflict
but&!that&small&!there: negative
but&!that&small&there: conflict
but&that&!shrimp&!prices: negative
but&that&!shrimp&prices: positive
but&that&shrimp&!good: positive
but&that&shrimp&good: positive
DecisionTree learned:
!but&!though&!was&!wine: positive
!but&!though&!was&wine: positive
!but&!though&was&!well: negative
!but&!though&was&well: conflict
!but&though&!even&!it: negative
!but&though&!even&it: conflict
!but&though&even&!the: negative
!but&though&even&the: positive
but&!that&!specials&!chicken: positive
but&!that&!specials&chicken: negative
but&!that&specials: positive
but&that&!just&!are: negative
but&that&!just&are: neutral
but&that&just&!and: neutral
but&that&just&and: negative
DecisionTree learned:
!but&!worth&!can&!friendly: positive
!but&!worth&!can&friendly: positive
!but&!worth&can&!be: conflict
!but&!worth&can&be: negative
!but&worth&!and&!well: conflict
!but&worth&!and&well: conflict
!but&worth&and&!enough: neutral
!but&worth&and&enough: positive
but&!expensive&!we&!who: positive
but&!expensive&!we&who: conflict
but&!expensive&we&!menu: neutral
but&!expensive&we&menu: negative
but&expensive&!food&!to: neutral
but&expensive&!food&to: negative
but&expensive&food&!was: conflict
but&expensive&food&was: conflict
DecisionTree learned:
!but&!though&!was&!atmosphere: positive
!but&!though&!was&atmosphere: positive
!but&!though&was&!good: negative
!but&!though&was&good: positive
!but&though&!even&!authentic: conflict
!but&though&!even&authentic: neutral
!but&though&even&!seated: negative
!but&though&even&seated: neutral
but&!that&!wife&!at: positive
but&!that&!wife&at: neutral
but&!that&wife&!as: conflict
but&!that&wife&as: conflict
but&that&!tasty&!shrimp: negative
but&that&!tasty&shrimp: positive
but&that&tasty&!with: neutral
but&that&tasty&with: neutral
DecisionTree learned:
!but&!bland&!can&!is: positive
!but&!bland&!can&is: positive
!but&!bland&can&!cost: negative
!but&!bland&can&cost: conflict
!but&bland&!a&!ok: negative
!but&bland&!a&ok: neutral
!but&bland&a&!as: conflict
!but&bland&a&as: conflict
but&!small&!not&!before: negative
but&!small&!not&before: neutral
but&!small&not&!for: conflict
but&!small&not&for: neutral
but&small&!a&!food: negative
but&small&!a&food: negative
but&small&a&!were: conflict
but&small&a&were: negative
DecisionTree learned:
!but&!fine&!well&!friendly: positive
!but&!fine&!well&friendly: positive
!but&!fine&well&!tasty: positive
!but&!fine&well&tasty: conflict
!but&fine&!had&!of: positive
!but&fine&!had&of: conflict
!but&fine&had&!and: conflict
!but&fine&had&and: conflict
but&!that&!we&!eat: positive
but&!that&!we&eat: negative
but&!that&we&!very: neutral
but&!that&we&very: conflict
but&that&!just&!tasty: positive
but&that&!just&tasty: neutral
but&that&just&!and: neutral
but&that&just&and: negative
DecisionTree learned:
!but&!well&!not&!can: positive
!but&!well&!not&can: conflict
!but&!well&not&!worth: negative
!but&!well&not&worth: conflict
!but&well&!tasty&!of: positive
!but&well&!tasty&of: neutral
!but&well&tasty&!of: conflict
!but&well&tasty&of: positive
but&!small&!rudely&!look: positive
but&!small&!rudely&look: conflict
but&!small&rudely&!with: conflict
but&!small&rudely&with: conflict
but&small&!a&!are: negative
but&small&!a&are: positive
but&small&a&!were: conflict
but&small&a&were: negative
DecisionTree learned:
!but&!it&!service&!with: positive
!but&!it&!service&with: neutral
!but&!it&service&!friendly: positive
!but&!it&service&friendly: positive
!but&it&!matter&!kids: negative
!but&it&!matter&kids: conflict
!but&it&matter&!i: conflict
!but&it&matter&i: conflict
but&!that&!go&!only: negative
but&!that&!go&only: positive
but&!that&go&!relaxing: positive
but&!that&go&relaxing: negative
but&that&!from&!who: positive
but&that&!from&who: conflict
but&that&from&!with: negative
but&that&from&with: neutral
DecisionTree learned:
!but&!bland&!though&!matter: positive
!but&!bland&!though&matter: conflict
!but&!bland&though&!we: conflict
!but&!bland&though&we: negative
!but&bland&!a&!ok: negative
!but&bland&!a&ok: neutral
!but&bland&a&!as: conflict
!but&bland&a&as: negative
but&!only&!that&!look: negative
but&!only&!that&look: conflict
but&!only&that&!cost: negative
but&!only&that&cost: positive
but&only&!food&!was: neutral
but&only&!food&was: negative
but&only&food: positive
DecisionTree learned:
!but&!our&!the&!sure: neutral
!but&!our&!the&sure: conflict
!but&!our&the&!wine: positive
!but&!our&the&wine: positive
!but&our&!order&!service: neutral
!but&our&!order&service: negative
!but&our&order&!that: negative
!but&our&order&that: negative
but&!our&!expensive&!was: positive
but&!our&!expensive&was: negative
but&!our&expensive&!food: negative
but&!our&expensive&food: conflict
but&our&!place&!to: neutral
but&our&!place&to: neutral
but&our&place: neutral
DecisionTree learned:
!but&!worth&!far&!matter: positive
!but&!worth&!far&matter: conflict
!but&!worth&far&!well: positive
!but&!worth&far&well: conflict
!but&worth&!and&!well: conflict
!but&worth&!and&well: conflict
!but&worth&and&!enough: neutral
!but&worth&and&enough: positive
but&!at&!was&!fine: positive
but&!at&!was&fine: conflict
but&!at&was&!our: negative
but&!at&was&our: neutral
but&at&!and&!all: neutral
but&at&!and&all: negative
but&at&and&!as: positive
but&at&and&as: neutral
DecisionTree learned:
!but&!we&!though&!bland: positive
!but&!we&!though&bland: negative
!but&!we&though&!i: conflict
!but&!we&though&i: negative
!but&we&!order&!is: neutral
!but&we&!order&is: negative
!but&we&order&!that: neutral
!but&we&order&that: negative
but&!other&!not&!expensive: negative
but&!other&!not&expensive: conflict
but&!other&not&!for: conflict
but&!other&not&for: positive
but&other&!and: neutral
but&other&and: conflict
DecisionTree learned:
!but&!though&!bland&!atmosphere: positive
!but&!though&!bland&atmosphere: positive
!but&!though&bland&!time: negative
!but&!though&bland&time: conflict
!but&though&!we&!i: conflict
!but&though&!we&i: conflict
!but&though&we&!well: neutral
!but&though&we&well: negative
but&!that&!when&!only: negative
but&!that&!when&only: neutral
but&!that&when&!were: neutral
but&!that&when&were: neutral
but&that&!experience&!my: positive
but&that&!experience&my: negative
but&that&experience&!are: positive
but&that&experience&are: conflict
DecisionTree learned:
!but&!though&!bland&!matter: positive
!but&!though&!bland&matter: conflict
!but&!though&bland&!a: negative
!but&!though&bland&a: conflict
!but&though&!we&!i: conflict
!but&though&!we&i: conflict
!but&though&we&!well: neutral
!but&though&we&well: negative
but&!that&!us&!only: negative
but&!that&!us&only: positive
but&!that&us&!an: neutral
but&!that&us&an: negative
but&that&!just&!be: negative
but&that&!just&be: positive
but&that&just&!with: neutral
but&that&just&with: negative
DecisionTree learned:
!but&!we&!though&!can: positive
!but&!we&!though&can: conflict
!but&!we&though&!i: conflict
!but&!we&though&i: conflict
!but&we&!that&!cheese: neutral
!but&we&!that&cheese: neutral
!but&we&that&!a: negative
!but&we&that&a: neutral
but&!that&!small&!high: positive
but&!that&!small&high: conflict
but&!that&small&!were: conflict
but&!that&small&were: negative
but&that&!you&!us: negative
but&that&!you&us: positive
but&that&you&!good: positive
but&that&you&good: neutral
DecisionTree learned:
!but&!well&!worth&!fine: positive
!but&!well&!worth&fine: positive
!but&!well&worth&!and: conflict
!but&!well&worth&and: positive
!but&well&!far&!may: positive
!but&well&!far&may: conflict
!but&well&far&!so: conflict
!but&well&far&so: conflict
but&!that&!wife&!at: positive
but&!that&!wife&at: neutral
but&!that&wife&!as: conflict
but&!that&wife&as: conflict
but&that&!are&!with: negative
but&that&!are&with: positive
but&that&are&!with: positive
but&that&are&with: neutral
DecisionTree learned:
!but&!worth&!can&!fine: positive
!but&!worth&!can&fine: conflict
!but&!worth&can&!be: conflict
!but&!worth&can&be: negative
!but&worth&!and&!well: conflict
!but&worth&!and&well: conflict
!but&worth&and&!with: neutral
!but&worth&and&with: negative
but&!that&!specials&!only: negative
but&!that&!specials&only: positive
but&!that&specials: positive
but&that&!experience&!cost: negative
but&that&!experience&cost: positive
but&that&experience&!are: positive
but&that&experience&are: conflict
DecisionTree learned:
!but&!well&!most&!good: neutral
!but&!well&!most&good: positive
!but&!well&most&!of: positive
!but&!well&most&of: conflict
!but&well&!tasty&!far: positive
!but&well&!tasty&far: conflict
!but&well&tasty&!of: conflict
!but&well&tasty&of: positive
but&!that&!small&!wife: positive
but&!that&!small&wife: conflict
but&!that&small&!were: conflict
but&!that&small&were: negative
but&that&!are&!with: negative
but&that&!are&with: positive
but&that&are&!with: positive
but&that&are&with: neutral
DecisionTree learned:
!but&!though&!great&!can: positive
!but&!though&!great&can: conflict
!but&!though&great&!kids: positive
!but&!though&great&kids: conflict
!but&though&!we&!i: conflict
!but&though&!we&i: neutral
!but&though&we&!well: neutral
!but&though&we&well: negative
but&!that&!not&!high: positive
but&!that&!not&high: conflict
but&!that&not&!for: conflict
but&!that&not&for: positive
but&that&!are&!with: negative
but&that&!are&with: positive
but&that&are&!with: positive
but&that&are&with: neutral
DecisionTree learned:
!but&!fine&!little&!is: negative
!but&!fine&!little&is: positive
!but&!fine&little&!also: conflict
!but&!fine&little&also: neutral
!but&fine&!had&!of: positive
!but&fine&!had&of: positive
!but&fine&had&!my: conflict
!but&fine&had&my: conflict
but&!that&!specials&!only: negative
but&!that&!specials&only: positive
but&!that&specials: positive
but&that&!prices&!us: negative
but&that&!prices&us: positive
but&that&prices&!they: positive
but&that&prices&they: neutral
DecisionTree learned:
!but&!service&!although&!worth: positive
!but&!service&!although&worth: conflict
!but&!service&although&!was: neutral
!but&!service&although&was: conflict
!but&service&!ok&!wait: positive
!but&service&!ok&wait: negative
!but&service&ok&!food: neutral
!but&service&ok&food: neutral
but&!that&!chicken&!at: positive
but&!that&!chicken&at: neutral
but&!that&chicken&!with: negative
but&!that&chicken&with: negative
but&that&!experience&!my: neutral
but&that&!experience&my: negative
but&that&experience&!are: positive
but&that&experience&are: conflict
DecisionTree learned:
!but&!though&!matter&!not: positive
!but&!though&!matter&not: negative
!but&!though&matter&!i: conflict
!but&!though&matter&i: conflict
!but&though&!even&!it: negative
!but&though&!even&it: conflict
!but&though&even&!the: negative
!but&though&even&the: positive
but&!that&!thai&!the: positive
but&!that&!thai&the: negative
but&!that&thai&!good: negative
but&!that&thai&good: conflict
but&that&!who&!has: negative
but&that&!who&has: neutral
but&that&who: conflict
DecisionTree learned:
!but&!service&!although&!worth: positive
!but&!service&!although&worth: conflict
!but&!service&although&!was: neutral
!but&!service&although&was: conflict
!but&service&!wait&!and: negative
!but&service&!wait&and: positive
!but&service&wait&!not: negative
!but&service&wait&not: neutral
but&!that&!when&!no: positive
but&!that&!when&no: neutral
but&!that&when&!were: positive
but&!that&when&were: neutral
but&that&!who&!just: positive
but&that&!who&just: negative
but&that&who: conflict
DecisionTree learned:
!but&!can&!fine&!worth: positive
!but&!can&!fine&worth: conflict
!but&!can&fine&!had: positive
!but&!can&fine&had: conflict
!but&can&!cost&!they: negative
!but&can&!cost&they: conflict
!but&can&cost&!for: conflict
!but&can&cost&for: conflict
but&!that&!only&!specials: negative
but&!that&!only&specials: positive
but&!that&only&!and: positive
but&!that&only&and: neutral
but&that&!just&!ever: positive
but&that&!just&ever: negative
but&that&just&!and: neutral
but&that&just&and: negative
DecisionTree learned:
!but&!is&!can&!little: neutral
!but&!is&!can&little: conflict
!but&!is&can&!cost: positive
!but&!is&can&cost: conflict
!but&is&!rest&!friendly: positive
!but&is&!rest&friendly: positive
!but&is&rest&!good: conflict
!but&is&rest&good: conflict
but&!that&!wife&!at: positive
but&!that&!wife&at: neutral
but&!that&wife&!as: conflict
but&!that&wife&as: conflict
but&that&!us&!my: negative
but&that&!us&my: negative
but&that&us&!with: positive
but&that&us&with: positive
DecisionTree learned:
!but&!our&!friendly&!worth: positive
!but&!our&!friendly&worth: conflict
!but&!our&friendly&!is: positive
!but&!our&friendly&is: positive
!but&our&!order&!ignored: neutral
!but&our&!order&ignored: negative
!but&our&order&!that: negative
!but&our&order&that: negative
but&!we&!that&!wife: positive
but&!we&!that&wife: conflict
but&!we&that&!you: negative
but&!we&that&you: positive
but&we&!expensive&!menu: neutral
but&we&!expensive&menu: negative
but&we&expensive: negative
DecisionTree learned:
!but&!fine&!can&!little: positive
!but&!fine&!can&little: conflict
!but&!fine&can&!be: conflict
!but&!fine&can&be: negative
!but&fine&!expected&!service: conflict
!but&fine&!expected&service: positive
!but&fine&expected: conflict
but&!that&!chicken&!not: positive
but&!that&!chicken&not: conflict
but&!that&chicken&!with: negative
but&!that&chicken&with: negative
but&that&!shrimp&!prices: negative
but&that&!shrimp&prices: positive
but&that&shrimp&!good: positive
but&that&shrimp&good: positive
DecisionTree learned:
!but&!we&!though&!matter: positive
!but&!we&!though&matter: conflict
!but&!we&though&!i: negative
!but&!we&though&i: neutral
!but&we&!before&!great: neutral
!but&we&!before&great: positive
!but&we&before&!so: negative
!but&we&before&so: neutral
but&!at&!worth&!special: negative
but&!at&!worth&special: neutral
but&!at&worth&!and: conflict
but&!at&worth&and: conflict
but&at&!and&!us: negative
but&at&!and&us: neutral
but&at&and&!as: positive
but&at&and&as: conflict
DecisionTree learned:
!but&!though&!matter&!many: positive
!but&!though&!matter&many: conflict
!but&!though&matter&!i: conflict
!but&!though&matter&i: conflict
!but&though&!we&!i: conflict
!but&though&!we&i: conflict
!but&though&we&!seated: negative
!but&though&we&seated: neutral
but&!that&!when&!only: positive
but&!that&!when&only: neutral
but&!that&when&!all: neutral
but&!that&when&all: negative
but&that&!experience&!my: neutral
but&that&!experience&my: negative
but&that&experience&!are: positive
but&that&experience&are: conflict
DecisionTree learned:
!but&!fine&!well&!house: negative
!but&!fine&!well&house: conflict
!but&!fine&well&!far: positive
!but&!fine&well&far: conflict
!but&fine&!had&!of: positive
!but&fine&!had&of: conflict
!but&fine&had&!and: conflict
!but&fine&had&and: conflict
but&!that&!pizza&!only: negative
but&!that&!pizza&only: positive
but&!that&pizza&!to: positive
but&!that&pizza&to: positive
but&that&!just&!who: positive
but&that&!just&who: conflict
but&that&just&!and: neutral
but&that&just&and: negative
DecisionTree learned:
!but&!we&!though&!bland: positive
!but&!we&!though&bland: negative
!but&!we&though&!i: conflict
!but&!we&though&i: conflict
!but&we&!that&!bar: neutral
!but&we&!that&bar: neutral
!but&we&that&!a: negative
!but&we&that&a: neutral
but&!at&!worth&!waiters: negative
but&!at&!worth&waiters: conflict
but&!at&worth&!and: conflict
but&!at&worth&and: positive
but&at&!and&!experience: negative
but&at&!and&experience: positive
but&at&and&!as: positive
but&at&and&as: neutral
DecisionTree learned:
!but&!fine&!well&!friendly: positive
!but&!fine&!well&friendly: positive
!but&!fine&well&!far: positive
!but&!fine&well&far: conflict
!but&fine&!expected&!the: positive
!but&fine&!expected&the: conflict
!but&fine&expected: conflict
but&!that&!what&!not: negative
but&!that&!what&not: conflict
but&!that&what&!of: neutral
but&!that&what&of: neutral
but&that&!experience&!us: negative
but&that&!experience&us: positive
but&that&experience&!are: positive
but&that&experience&are: conflict
DecisionTree learned:
!but&!fine&!pub&!house: positive
!but&!fine&!pub&house: conflict
!but&!fine&pub: conflict
!but&fine&!had&!of: positive
!but&fine&!had&of: conflict
!but&fine&had&!my: conflict
!but&fine&had&my: conflict
but&!that&!only&!when: positive
but&!that&!only&when: neutral
but&!that&only&!not: neutral
but&!that&only&not: positive
but&that&!who&!an: negative
but&that&!who&an: neutral
but&that&who: conflict
DecisionTree learned:
!but&!though&!bland&!friendly: positive
!but&!though&!bland&friendly: positive
!but&!though&bland&!a: negative
!but&!though&bland&a: conflict
!but&though&!even&!it: negative
!but&though&!even&it: conflict
!but&though&even&!the: negative
!but&though&even&the: positive
but&!that&!not&!high: negative
but&!that&!not&high: conflict
but&!that&not&!for: conflict
but&!that&not&for: neutral
but&that&!prices&!are: negative
but&that&!prices&are: neutral
but&that&prices&!they: positive
but&that&prices&they: positive
DecisionTree learned:
!but&!worth&!bland&!fine: positive
!but&!worth&!bland&fine: conflict
!but&!worth&bland&!a: negative
!but&!worth&bland&a: conflict
!but&worth&!and&!well: conflict
!but&worth&!and&well: conflict
!but&worth&and&!enough: neutral
!but&worth&and&enough: positive
but&!at&!worth&!look: positive
but&!at&!worth&look: conflict
but&!at&worth&!and: conflict
but&!at&worth&and: positive
but&at&!and&!we: negative
but&at&!and&we: neutral
but&at&and&!as: positive
but&at&and&as: neutral
DecisionTree learned:
!but&!can&!worth&!fine: positive
!but&!can&!worth&fine: conflict
!but&!can&worth&!and: conflict
!but&!can&worth&and: positive
!but&can&!cost&!they: positive
!but&can&!cost&they: conflict
!but&can&cost&!for: conflict
!but&can&cost&for: conflict
but&!that&!only&!when: negative
but&!that&!only&when: neutral
but&!that&only&!food: neutral
but&!that&only&food: positive
but&that&!my&!who: negative
but&that&!my&who: conflict
but&that&my&!to: negative
but&that&my&to: positive
DecisionTree learned:
!but&!the&!kids&!sure: neutral
!but&!the&!kids&sure: conflict
!but&!the&kids: conflict
!but&the&!sometimes&!well: positive
!but&the&!sometimes&well: positive
!but&the&sometimes&!out: conflict
!but&the&sometimes&out: positive
but&!that&!not&!look: negative
but&!that&!not&look: conflict
but&!that&not&!for: conflict
but&!that&not&for: positive
but&that&!us&!my: neutral
but&that&!us&my: negative
but&that&us&!with: positive
but&that&us&with: positive
DecisionTree learned:
!but&!house&!friendly&!well: negative
!but&!house&!friendly&well: positive
!but&!house&friendly&!is: neutral
!but&!house&friendly&is: conflict
!but&house&!a&!on: conflict
!but&house&!a&on: positive
!but&house&a&!great: positive
!but&house&a&great: neutral
but&!that&!small&!ok: positive
but&!that&!small&ok: neutral
but&!that&small&!a: negative
but&!that&small&a: conflict
but&that&!are&!with: negative
but&that&!are&with: positive
but&that&are&!with: positive
but&that&are&with: neutral
DecisionTree learned:
!but&!well&!fine&!can: positive
!but&!well&!fine&can: conflict
!but&!well&fine&!expected: positive
!but&!well&fine&expected: conflict
!but&well&!tasty&!cold: positive
!but&well&!tasty&cold: negative
!but&well&tasty&!of: conflict
!but&well&tasty&of: positive
but&!who&!that&!only: negative
but&!who&!that&only: positive
but&!who&that&!just: positive
but&!who&that&just: negative
but&who&!for&!in: neutral
but&who&!for&in: conflict
but&who&for&!of: conflict
but&who&for&of: conflict
DecisionTree learned:
!but&!can&!friendly&!worth: positive
!but&!can&!friendly&worth: conflict
!but&!can&friendly&!is: positive
!but&!can&friendly&is: conflict
!but&can&!cost&!they: positive
!but&can&!cost&they: conflict
!but&can&cost&!for: conflict
!but&can&cost&for: conflict
but&!we&!who&!that: positive
but&!we&!who&that: negative
but&!we&who&!for: neutral
but&!we&who&for: conflict
but&we&!expensive&!menu: neutral
but&we&!expensive&menu: negative
but&we&expensive: conflict
DecisionTree learned:
!but&!bland&!though&!matter: positive
!but&!bland&!though&matter: conflict
!but&!bland&though&!even: conflict
!but&!bland&though&even: negative
!but&bland&!a&!ok: negative
!but&bland&!a&ok: neutral
!but&bland&a&!as: conflict
!but&bland&a&as: conflict
but&!that&!when&!only: positive
but&!that&!when&only: positive
but&!that&when&!were: neutral
but&!that&when&were: neutral
but&that&!us&!my: neutral
but&that&!us&my: negative
but&that&us&!with: positive
but&that&us&with: positive
DecisionTree learned:
!but&!measures&!well&!pricey: positive
!but&!measures&!well&pricey: conflict
!but&!measures&well&!far: positive
!but&!measures&well&far: conflict
!but&measures: conflict
but&!that&!dim&!when: negative
but&!that&!dim&when: neutral
but&!that&dim&!for: neutral
but&!that&dim&for: neutral
but&that&!may&!ever: negative
but&that&!may&ever: negative
but&that&may&!and: conflict
but&that&may&and: neutral
DecisionTree learned:
!but&!can&!good&!sometimes: positive
!but&!can&!good&sometimes: conflict
!but&!can&good&!everything: positive
!but&!can&good&everything: conflict
!but&can&!cost&!they: negative
!but&can&!cost&they: conflict
!but&can&cost&!for: conflict
!but&can&cost&for: conflict
but&!that&!dim&!we: positive
but&!that&!dim&we: neutral
but&!that&dim&!for: neutral
but&!that&dim&for: neutral
but&that&!experience&!shrimp: negative
but&that&!experience&shrimp: positive
but&that&experience&!are: positive
but&that&experience&are: conflict
DecisionTree learned:
!but&!friendly&!well&!fine: positive
!but&!friendly&!well&fine: conflict
!but&!friendly&well&!tasty: positive
!but&!friendly&well&tasty: conflict
!but&friendly&!is&!service: neutral
!but&friendly&!is&service: positive
!but&friendly&is&!service: positive
!but&friendly&is&service: conflict
but&!at&!worth&!not: negative
but&!at&!worth&not: neutral
but&!at&worth&!and: conflict
but&!at&worth&and: positive
but&at&!and&!all: neutral
but&at&!and&all: positive
but&at&and&!as: neutral
but&at&and&as: neutral
DecisionTree learned:
!but&!though&!far&!measures: positive
!but&!though&!far&measures: conflict
!but&!though&far&!well: positive
!but&!though&far&well: conflict
!but&though&!even&!it: negative
!but&though&!even&it: conflict
!but&though&even&!at: negative
!but&though&even&at: positive
but&!that&!what&!dim: positive
but&!that&!what&dim: neutral
but&!that&what&!of: neutral
but&!that&what&of: negative
but&that&!from&!who: positive
but&that&!from&who: conflict
but&that&from&!with: negative
but&that&from&with: neutral
DecisionTree learned:
!but&!fine&!house&!worth: positive
!but&!fine&!house&worth: conflict
!but&!fine&house&!wine: conflict
!but&!fine&house&wine: positive
!but&fine&!had&!of: positive
!but&fine&!had&of: positive
!but&fine&had&!and: conflict
!but&fine&had&and: conflict
but&!that&!only&!special: positive
but&!that&!only&special: neutral
but&!that&only&!food: neutral
but&!that&only&food: positive
but&that&!are&!how: negative
but&that&!are&how: neutral
but&that&are&!with: positive
but&that&are&with: neutral
DecisionTree learned:
!but&!though&!pub&!with: positive
!but&!though&!pub&with: neutral
!but&!though&pub: conflict
!but&though&!even&!your: conflict
!but&though&!even&your: negative
!but&though&even&!to: positive
!but&though&even&to: neutral
but&!that&!not&!high: negative
but&!that&!not&high: conflict
but&!that&not&!for: conflict
but&!that&not&for: positive
but&that&!from&!thai: positive
but&that&!from&thai: positive
but&that&from&!with: negative
but&that&from&with: neutral
DecisionTree learned:
!but&!we&!rest&!pub: positive
!but&!we&!rest&pub: conflict
!but&!we&rest&!good: conflict
!but&!we&rest&good: conflict
!but&we&!dumplings&!fondue: neutral
!but&we&!dumplings&fondue: neutral
!but&we&dumplings: positive
but&!that&!not&!small: positive
but&!that&!not&small: negative
but&!that&not&!for: conflict
but&!that&not&for: positive
but&that&!from&!who: negative
but&that&!from&who: conflict
but&that&from&!with: negative
but&that&from&with: neutral
DecisionTree learned:
!but&!service&!although&!worth: neutral
!but&!service&!although&worth: conflict
!but&!service&although&!was: neutral
!but&!service&although&was: conflict
!but&service&!re&!friendly: negative
!but&service&!re&friendly: positive
!but&service&re: conflict
but&!that&!expensive&!we: positive
but&!that&!expensive&we: neutral
but&!that&expensive&!our: conflict
but&!that&expensive&our: neutral
but&that&!prices&!us: negative
but&that&!prices&us: positive
but&that&prices&!they: positive
but&that&prices&they: positive
DecisionTree learned:
!but&!house&!fine&!friendly: positive
!but&!house&!fine&friendly: positive
!but&!house&fine&!had: positive
!but&!house&fine&had: conflict
!but&house&!wine&!on: conflict
!but&house&!wine&on: positive
!but&house&wine&!great: positive
!but&house&wine&great: neutral
but&!that&!no&!at: positive
but&!that&!no&at: neutral
but&!that&no&!music: neutral
but&!that&no&music: negative
but&that&!atmosphere&!who: negative
but&that&!atmosphere&who: conflict
but&that&atmosphere: neutral
DecisionTree learned:
!but&!well&!atmosphere&!little: negative
!but&!well&!atmosphere&little: conflict
!but&!well&atmosphere&!they: positive
!but&!well&atmosphere&they: conflict
!but&well&!far&!may: positive
!but&well&!far&may: conflict
!but&well&far&!so: conflict
!but&well&far&so: conflict
but&!that&!eat&!not: negative
but&!that&!eat&not: conflict
but&!that&eat&!for: positive
but&!that&eat&for: negative
but&that&!my&!shrimp: neutral
but&that&!my&shrimp: positive
but&that&my&!to: negative
but&that&my&to: positive
DecisionTree learned:
!but&!although&!worth&!can: positive
!but&!although&!worth&can: conflict
!but&!although&worth&!and: conflict
!but&!although&worth&and: neutral
!but&although&!service&!was: neutral
!but&although&!service&was: conflict
!but&although&service&!to: negative
!but&although&service&to: neutral
but&!that&!we&!pizza: positive
but&!that&!we&pizza: positive
but&!that&we&!very: neutral
but&!that&we&very: conflict
but&that&!cost&!us: negative
but&that&!cost&us: positive
but&that&cost&!and: positive
but&that&cost&and: neutral
DecisionTree learned:
!but&!we&!though&!the: neutral
!but&!we&!though&the: positive
!but&!we&though&!i: conflict
!but&!we&though&i: conflict
!but&we&!order&!is: neutral
!but&we&!order&is: negative
!but&we&order&!that: neutral
!but&we&order&that: negative
but&!we&!not&!high: negative
but&!we&!not&high: conflict
but&!we&not&!for: conflict
but&!we&not&for: neutral
but&we&!expensive&!menu: neutral
but&we&!expensive&menu: negative
but&we&expensive: negative
DecisionTree learned:
!but&!bland&!can&!though: positive
!but&!bland&!can&though: negative
!but&!bland&can&!be: conflict
!but&!bland&can&be: negative
!but&bland&!a&!ok: negative
!but&bland&!a&ok: neutral
!but&bland&a&!as: conflict
!but&bland&a&as: conflict
but&!we&!who&!that: positive
but&!we&!who&that: negative
but&!we&who&!for: neutral
but&!we&who&for: conflict
but&we&!expensive&!quickly: neutral
but&we&!expensive&quickly: positive
but&we&expensive: conflict
DecisionTree learned:
!but&!fine&!exceeded&!is: neutral
!but&!fine&!exceeded&is: positive
!but&!fine&exceeded: conflict
!but&fine&!expected&!service: conflict
!but&fine&!expected&service: positive
!but&fine&expected: conflict
but&!high&!expensive&!we: positive
but&!high&!expensive&we: negative
but&!high&expensive&!food: neutral
but&!high&expensive&food: conflict
but&high&!and&!for: conflict
but&high&!and&for: negative
but&high&and: negative
DecisionTree learned:
!but&!fine&!far&!can: positive
!but&!fine&!far&can: conflict
!but&!fine&far&!well: positive
!but&!fine&far&well: conflict
!but&fine&!had&!of: positive
!but&fine&!had&of: positive
!but&fine&had&!my: conflict
!but&fine&had&my: conflict
but&!that&!pizza&!not: negative
but&!that&!pizza&not: conflict
but&!that&pizza&!to: positive
but&!that&pizza&to: negative
but&that&!from&!who: positive
but&that&!from&who: conflict
but&that&from&!with: negative
but&that&from&with: neutral
DecisionTree learned:
!but&!service&!although&!fine: neutral
!but&!service&!although&fine: conflict
!but&!service&although&!the: neutral
!but&!service&although&the: conflict
!but&service&!friendly&!attentive: negative
!but&service&!friendly&attentive: positive
!but&service&friendly&!is: positive
!but&service&friendly&is: conflict
but&!that&!at&!look: positive
but&!that&!at&look: conflict
but&!that&at&!and: neutral
but&!that&at&and: neutral
but&that&!are&!with: negative
but&that&!are&with: positive
but&that&are&!with: positive
but&that&are&with: neutral
DecisionTree learned:
!but&!worth&!house&!fine: positive
!but&!worth&!house&fine: conflict
!but&!worth&house&!still: positive
!but&!worth&house&still: conflict
!but&worth&!and&!well: conflict
!but&worth&!and&well: conflict
!but&worth&and&!with: neutral
!but&worth&and&with: negative
but&!that&!only&!when: positive
but&!that&!only&when: neutral
but&!that&only&!not: neutral
but&!that&only&not: positive
but&that&!shrimp&!who: neutral
but&that&!shrimp&who: conflict
but&that&shrimp&!good: positive
but&that&shrimp&good: positive
DecisionTree learned:
!but&!worth&!can&!bland: positive
!but&!worth&!can&bland: conflict
!but&!worth&can&!be: conflict
!but&!worth&can&be: negative
!but&worth&!and&!well: conflict
!but&worth&!and&well: positive
!but&worth&and&!with: neutral
!but&worth&and&with: negative
but&!expensive&!we&!is: negative
but&!expensive&!we&is: positive
but&!expensive&we&!menu: neutral
but&!expensive&we&menu: negative
but&expensive&!food&!to: neutral
but&expensive&!food&to: negative
but&expensive&food&!was: conflict
but&expensive&food&was: conflict
DecisionTree learned:
!fine&!we&!but&!can: positive
!fine&!we&!but&can: conflict
!fine&!we&but&!inexpertly: positive
!fine&!we&but&inexpertly: conflict
!fine&we&!order&!expensive: neutral
!fine&we&!order&expensive: negative
!fine&we&order&!of: neutral
!fine&we&order&of: negative
fine&!good&!have&!are: conflict
fine&!good&!have&are: conflict
fine&!good&have&!and: conflict
fine&!good&have&and: conflict
fine&good&!for: positive
fine&good&for: negative
DecisionTree learned:
!but&!bland&!far&!can: positive
!but&!bland&!far&can: conflict
!but&!bland&far&!well: positive
!but&!bland&far&well: conflict
!but&bland&!a&!ok: negative
!but&bland&!a&ok: neutral
!but&bland&a&!as: conflict
!but&bland&a&as: conflict
but&!that&!eat&!at: positive
but&!that&!eat&at: neutral
but&!that&eat&!for: positive
but&!that&eat&for: negative
but&that&!who&!an: positive
but&that&!who&an: neutral
but&that&who: conflict
DecisionTree learned:
!but&!can&!little&!though: positive
!but&!can&!little&though: negative
!but&!can&little&!also: conflict
!but&!can&little&also: neutral
!but&can&!cost&!they: negative
!but&can&!cost&they: conflict
!but&can&cost&!for: conflict
!but&can&cost&for: conflict
but&!that&!when&!only: negative
but&!that&!when&only: neutral
but&!that&when&!to: positive
but&!that&when&to: neutral
but&that&!an&!be: negative
but&that&!an&be: positive
but&that&an&!and: neutral
but&that&an&and: neutral
DecisionTree learned:
!but&!eats&!matter&!worth: positive
!but&!eats&!matter&worth: conflict
!but&!eats&matter&!with: conflict
!but&!eats&matter&with: negative
!but&eats&!for: conflict
!but&eats&for: positive
but&!at&!that&!eat: positive
but&!at&!that&eat: negative
but&!at&that&!was: neutral
but&!at&that&was: negative
but&at&!and&!all: neutral
but&at&!and&all: negative
but&at&and&!as: neutral
but&at&and&as: neutral
DecisionTree learned:
!but&!we&!though&!pub: positive
!but&!we&!though&pub: conflict
!but&!we&though&!i: conflict
!but&!we&though&i: conflict
!but&we&!great&!dumplings: neutral
!but&we&!great&dumplings: positive
!but&we&great: positive
but&!that&!wife&!at: positive
but&!that&!wife&at: neutral
but&!that&wife&!as: conflict
but&!that&wife&as: conflict
but&that&!shrimp&!experience: negative
but&that&!shrimp&experience: positive
but&that&shrimp&!good: positive
but&that&shrimp&good: positive
Trial 0 Training cc.mallet.classify.AdaBoostM2Trainer@7e78fc6 finished
Trial 0 Trainer cc.mallet.classify.AdaBoostM2Trainer@7e78fc6 test data accuracy = 0.5793758480325645

NaiveBayesTrainer
Summary. test accuracy mean = 0.55359565807327 stddev = 0.0 stderr = 0.0

MaxEntTrainer,gaussianPriorVariance=1.0
Summary. test accuracy mean = 0.6295793758480326 stddev = 0.0 stderr = 0.0

cc.mallet.classify.DecisionTreeTrainer@266bade9
Summary. test accuracy mean = 0.5793758480325645 stddev = 0.0 stderr = 0.0

cc.mallet.classify.AdaBoostM2Trainer@7e78fc6
Summary. test accuracy mean = 0.5793758480325645 stddev = 0.0 stderr = 0.0
