
-------------------- Trial 0  --------------------

Trial 0 Training NaiveBayesTrainer with 2956 instances
Trial 0 Training NaiveBayesTrainer finished
Trial 0 Trainer NaiveBayesTrainer test data accuracy = 0.5495251017639078
Trial 0 Training MaxEntTrainer,gaussianPriorVariance=1.0 with 2956 instances
Trial 0 Training MaxEntTrainer,gaussianPriorVariance=1.0 finished
Trial 0 Trainer MaxEntTrainer,gaussianPriorVariance=1.0 test data accuracy = 0.5902306648575305
Trial 0 Training cc.mallet.classify.DecisionTreeTrainer@266bade9 with 2956 instances
DecisionTree learned:
!great&!delectable&!atrocious&!fantastic: positive
!great&!delectable&!atrocious&fantastic: positive
!great&!delectable&atrocious&!jewish: negative
!great&!delectable&atrocious&jewish: conflict
!great&delectable&!ill&!top: positive
!great&delectable&!ill&top: neutral
!great&delectable&ill: negative
great&!white&!atrocious&!music: positive
great&!white&!atrocious&music: negative
great&!white&atrocious: negative
great&white: negative
Trial 0 Training cc.mallet.classify.DecisionTreeTrainer@266bade9 finished
Trial 0 Trainer cc.mallet.classify.DecisionTreeTrainer@266bade9 test data accuracy = 0.5861601085481682
Trial 0 Training cc.mallet.classify.AdaBoostM2Trainer@1d2940b3 with 2956 instances
DecisionTree learned:
!delectable&!great&!fantastic&!atrocious: positive
!delectable&!great&!fantastic&atrocious: negative
!delectable&!great&fantastic&!small: positive
!delectable&!great&fantastic&small: negative
!delectable&great&!white&!worth: positive
!delectable&great&!white&worth: positive
!delectable&great&white: negative
delectable&!ill&!top&!overall: positive
delectable&!ill&!top&overall: neutral
delectable&!ill&top&!cold: positive
delectable&!ill&top&cold: neutral
delectable&ill: negative
DecisionTree learned:
!delectable&!atrocious&!bang&!fantastic: positive
!delectable&!atrocious&!bang&fantastic: positive
!delectable&!atrocious&bang&!white: positive
!delectable&!atrocious&bang&white: negative
!delectable&atrocious&!jewish&!severe: negative
!delectable&atrocious&!jewish&severe: negative
!delectable&atrocious&jewish: conflict
delectable&!bracing&!top&!english: positive
delectable&!bracing&!top&english: negative
delectable&!bracing&top: neutral
delectable&bracing&!ill&!cheese: positive
delectable&bracing&!ill&cheese: negative
delectable&bracing&ill: negative
DecisionTree learned:
!bang&!delectable&!effective&!fantastic: positive
!bang&!delectable&!effective&fantastic: positive
!bang&!delectable&effective&!respective: positive
!bang&!delectable&effective&respective: conflict
!bang&delectable&!bracing&!english: positive
!bang&delectable&!bracing&english: negative
!bang&delectable&bracing&!ill: positive
!bang&delectable&bracing&ill: negative
bang&!white&!music&!wish: positive
bang&!white&!music&wish: negative
bang&!white&music: negative
bang&white: negative
DecisionTree learned:
!delectable&!big&!hapless&!worth: positive
!delectable&!big&!hapless&worth: conflict
!delectable&!big&hapless&!piquant: negative
!delectable&!big&hapless&piquant: negative
!delectable&big&!classic&!white: positive
!delectable&big&!classic&white: negative
!delectable&big&classic: neutral
delectable&!bracing&!burn&!top: positive
delectable&!bracing&!burn&top: neutral
delectable&!bracing&burn: negative
delectable&bracing&!ill&!cheese: positive
delectable&bracing&!ill&cheese: positive
delectable&bracing&ill: positive
DecisionTree learned:
!effective&!atrocious&!fantastic&!fresh: positive
!effective&!atrocious&!fantastic&fresh: positive
!effective&!atrocious&fantastic&!small: positive
!effective&!atrocious&fantastic&small: positive
!effective&atrocious&!average&!jewish: negative
!effective&atrocious&!average&jewish: conflict
!effective&atrocious&average&!stopping: neutral
!effective&atrocious&average&stopping: negative
effective&!small&!respective&!awkward: positive
effective&!small&!respective&awkward: negative
effective&!small&respective: conflict
effective&small&!main&!inedible: negative
effective&small&!main&inedible: negative
effective&small&main: negative
DecisionTree learned:
!delectable&!expensive&!minor&!badly: positive
!delectable&!expensive&!minor&badly: negative
!delectable&!expensive&minor&!complementary: negative
!delectable&!expensive&minor&complementary: positive
!delectable&expensive&!good&!fresh: negative
!delectable&expensive&!good&fresh: conflict
!delectable&expensive&good: conflict
delectable&!bracing&!top&!overall: positive
delectable&!bracing&!top&overall: neutral
delectable&!bracing&top&!cold: positive
delectable&!bracing&top&cold: neutral
delectable&bracing&!ill&!cheese: positive
delectable&bracing&!ill&cheese: positive
delectable&bracing&ill: negative
DecisionTree learned:
!delectable&!effective&!atrocious&!great: positive
!delectable&!effective&!atrocious&great: positive
!delectable&!effective&atrocious&!romantic: negative
!delectable&!effective&atrocious&romantic: positive
!delectable&effective&!respective&!small: positive
!delectable&effective&!respective&small: negative
!delectable&effective&respective: conflict
delectable&!bracing&!english&!burn: positive
delectable&!bracing&!english&burn: negative
delectable&!bracing&english: negative
delectable&bracing&!vegetarian&!bad: positive
delectable&bracing&!vegetarian&bad: positive
delectable&bracing&vegetarian: positive
DecisionTree learned:
!worth&!big&!hapless&!atrocious: positive
!worth&!big&!hapless&atrocious: negative
!worth&!big&hapless&!piquant: negative
!worth&!big&hapless&piquant: negative
!worth&big&!bad&!cunning: positive
!worth&big&!bad&cunning: conflict
!worth&big&bad&!fresh: negative
!worth&big&bad&fresh: conflict
worth&!adequate&!up&!close: conflict
worth&!adequate&!up&close: negative
worth&!adequate&up&!good: positive
worth&!adequate&up&good: conflict
worth&adequate: positive
DecisionTree learned:
!worth&!effective&!fresh&!delectable: positive
!worth&!effective&!fresh&delectable: positive
!worth&!effective&fresh&!small: positive
!worth&!effective&fresh&small: negative
!worth&effective&!awkward&!respective: positive
!worth&effective&!awkward&respective: conflict
!worth&effective&awkward: negative
worth&!adequate&!close&!up: conflict
worth&!adequate&!close&up: positive
worth&!adequate&close: negative
worth&adequate: positive
DecisionTree learned:
!fantastic&!effective&!fresh&!delectable: positive
!fantastic&!effective&!fresh&delectable: positive
!fantastic&!effective&fresh&!small: positive
!fantastic&!effective&fresh&small: negative
!fantastic&effective&!small&!awkward: positive
!fantastic&effective&!small&awkward: negative
!fantastic&effective&small&!main: negative
!fantastic&effective&small&main: negative
fantastic&!nice&!small&!terrific: positive
fantastic&!nice&!small&terrific: positive
fantastic&!nice&small: negative
fantastic&nice&!typical: neutral
fantastic&nice&typical: positive
DecisionTree learned:
!effective&!fresh&!delectable&!fantastic: positive
!effective&!fresh&!delectable&fantastic: positive
!effective&!fresh&delectable&!burn: positive
!effective&!fresh&delectable&burn: negative
!effective&fresh&!small&!gear: positive
!effective&fresh&!small&gear: conflict
!effective&fresh&small: negative
effective&!small&!awkward&!respective: positive
effective&!small&!awkward&respective: conflict
effective&!small&awkward: negative
effective&small&!main&!inedible: negative
effective&small&!main&inedible: negative
effective&small&main: negative
DecisionTree learned:
!small&!fantastic&!atrocious&!bad: positive
!small&!fantastic&!atrocious&bad: negative
!small&!fantastic&atrocious&!severe: negative
!small&!fantastic&atrocious&severe: negative
!small&fantastic&!nice&!full: positive
!small&fantastic&!nice&full: positive
!small&fantastic&nice&!typical: positive
!small&fantastic&nice&typical: positive
small&!popular&!of&!survive: negative
small&!popular&!of&survive: neutral
small&!popular&of&!full: negative
small&!popular&of&full: negative
small&popular: neutral
DecisionTree learned:
!fresh&!worth&!effective&!big: positive
!fresh&!worth&!effective&big: positive
!fresh&!worth&effective&!respective: positive
!fresh&!worth&effective&respective: conflict
!fresh&worth&!up&!adequate: conflict
!fresh&worth&!up&adequate: positive
!fresh&worth&up&!good: neutral
!fresh&worth&up&good: negative
fresh&!high&!necessity&!boastful: positive
fresh&!high&!necessity&boastful: conflict
fresh&!high&necessity: negative
fresh&high&!authentic: conflict
fresh&high&authentic: negative
DecisionTree learned:
!minor&!worth&!atrocious&!expensive: positive
!minor&!worth&!atrocious&expensive: negative
!minor&!worth&atrocious&!jewish: negative
!minor&!worth&atrocious&jewish: conflict
!minor&worth&!close&!adequate: conflict
!minor&worth&!close&adequate: positive
!minor&worth&close: negative
minor&!adequate&!survive&!complementary: negative
minor&!adequate&!survive&complementary: positive
minor&!adequate&survive: neutral
minor&adequate: conflict
DecisionTree learned:
!expensive&!worth&!atrocious&!hapless: positive
!expensive&!worth&!atrocious&hapless: negative
!expensive&!worth&atrocious&!jewish: negative
!expensive&!worth&atrocious&jewish: conflict
!expensive&worth&!close&!cool: conflict
!expensive&worth&!close&cool: positive
!expensive&worth&close: negative
expensive&!good&!delicious&!ill: negative
expensive&!good&!delicious&ill: negative
expensive&!good&delicious: neutral
expensive&good: conflict
DecisionTree learned:
!fresh&!effective&!hapless&!fantastic: positive
!fresh&!effective&!hapless&fantastic: positive
!fresh&!effective&hapless&!piquant: negative
!fresh&!effective&hapless&piquant: negative
!fresh&effective&!respective&!expensive: positive
!fresh&effective&!respective&expensive: conflict
!fresh&effective&respective: conflict
fresh&!necessity&!small&!icky: positive
fresh&!necessity&!small&icky: negative
fresh&!necessity&small: negative
fresh&necessity: negative
DecisionTree learned:
!effective&!hapless&!fresh&!delectable: positive
!effective&!hapless&!fresh&delectable: positive
!effective&!hapless&fresh&!small: positive
!effective&!hapless&fresh&small: negative
!effective&hapless&!piquant&!reasonable: negative
!effective&hapless&!piquant&reasonable: positive
!effective&hapless&piquant: negative
effective&!respective&!bad&!fat: positive
effective&!respective&!bad&fat: negative
effective&!respective&bad&!fresh: negative
effective&!respective&bad&fresh: negative
effective&respective: conflict
DecisionTree learned:
!italian&!worth&!effective&!fresh: positive
!italian&!worth&!effective&fresh: positive
!italian&!worth&effective&!awkward: positive
!italian&!worth&effective&awkward: negative
!italian&worth&!up&!close: conflict
!italian&worth&!up&close: negative
!italian&worth&up&!good: neutral
!italian&worth&up&good: conflict
italian&!few&!bad: positive
italian&!few&bad: conflict
italian&few: conflict
DecisionTree learned:
!great&!worth&!fresh&!delightful: positive
!great&!worth&!fresh&delightful: positive
!great&!worth&fresh&!gear: positive
!great&!worth&fresh&gear: negative
!great&worth&!small&!close: conflict
!great&worth&!small&close: negative
!great&worth&small: negative
great&!up&!busy&!first: positive
great&!up&!busy&first: conflict
great&!up&busy: conflict
great&up&!lapp&!wish: positive
great&up&!lapp&wish: negative
great&up&lapp: negative
DecisionTree learned:
!humble&!expensive&!awful&!icky: positive
!humble&!expensive&!awful&icky: negative
!humble&!expensive&awful&!nasty: negative
!humble&!expensive&awful&nasty: negative
!humble&expensive&!good&!tasty: negative
!humble&expensive&!good&tasty: conflict
!humble&expensive&good: conflict
humble&!romantic&!complementary&!small: positive
humble&!romantic&!complementary&small: negative
humble&!romantic&complementary: positive
humble&romantic: positive
DecisionTree learned:
!effective&!great&!fresh&!delightful: positive
!effective&!great&!fresh&delightful: positive
!effective&!great&fresh&!ill: positive
!effective&!great&fresh&ill: negative
!effective&great&!up&!busy: positive
!effective&great&!up&busy: conflict
!effective&great&up&!music: positive
!effective&great&up&music: negative
effective&!respective&!small&!awkward: positive
effective&!respective&!small&awkward: negative
effective&!respective&small&!main: negative
effective&!respective&small&main: negative
effective&respective: conflict
DecisionTree learned:
!worth&!expensive&!italian&!regretful: positive
!worth&!expensive&!italian&regretful: negative
!worth&!expensive&italian&!bad: positive
!worth&!expensive&italian&bad: conflict
!worth&expensive&!fresh&!tasty: negative
!worth&expensive&!fresh&tasty: conflict
!worth&expensive&fresh: conflict
worth&!gear&!cool&!up: negative
worth&!gear&!cool&up: positive
worth&!gear&cool: positive
worth&gear: conflict
DecisionTree learned:
!attentive&!worth&!fresh&!delectable: positive
!attentive&!worth&!fresh&delectable: positive
!attentive&!worth&fresh&!necessity: positive
!attentive&!worth&fresh&necessity: negative
!attentive&worth&!close&!up: conflict
!attentive&worth&!close&up: negative
!attentive&worth&close: negative
attentive&!busy&!the&!up: positive
attentive&!busy&!the&up: negative
attentive&!busy&the: conflict
attentive&busy: conflict
DecisionTree learned:
!worth&!fresh&!hard&!fantastic: positive
!worth&!fresh&!hard&fantastic: positive
!worth&!fresh&hard: negative
!worth&fresh&!bracing&!decelerate: negative
!worth&fresh&!bracing&decelerate: conflict
!worth&fresh&bracing&!boastful: positive
!worth&fresh&bracing&boastful: conflict
worth&!close&!good&!up: conflict
worth&!close&!good&up: positive
worth&!close&good: negative
worth&close: negative
DecisionTree learned:
!worth&!small&!outstanding&!expensive: positive
!worth&!small&!outstanding&expensive: negative
!worth&!small&outstanding&!busy: positive
!worth&!small&outstanding&busy: conflict
!worth&small&!fiddling&!adequate: negative
!worth&small&!fiddling&adequate: conflict
!worth&small&fiddling&!fresh: positive
!worth&small&fiddling&fresh: negative
worth&!gear&!up&!adequate: conflict
worth&!gear&!up&adequate: positive
worth&!gear&up&!good: neutral
worth&!gear&up&good: negative
worth&gear: conflict
DecisionTree learned:
!fresh&!effective&!italian&!hapless: positive
!fresh&!effective&!italian&hapless: negative
!fresh&!effective&italian&!few: positive
!fresh&!effective&italian&few: conflict
!fresh&effective&!respective&!small: positive
!fresh&effective&!respective&small: negative
!fresh&effective&respective: conflict
fresh&!necessity&!high&!bracing: positive
fresh&!necessity&!high&bracing: positive
fresh&!necessity&high&!authentic: conflict
fresh&!necessity&high&authentic: negative
fresh&necessity: negative
DecisionTree learned:
!small&!expensive&!italian&!worth: positive
!small&!expensive&!italian&worth: conflict
!small&!expensive&italian&!few: positive
!small&!expensive&italian&few: conflict
!small&expensive&!ill&!fresh: negative
!small&expensive&!ill&fresh: conflict
!small&expensive&ill: negative
small&!adequate&!survive&!of: negative
small&!adequate&!survive&of: negative
small&!adequate&survive: neutral
small&adequate: conflict
DecisionTree learned:
!small&!expensive&!italian&!across: positive
!small&!expensive&!italian&across: positive
!small&!expensive&italian&!few: positive
!small&!expensive&italian&few: conflict
!small&expensive&!likely&!fresh: negative
!small&expensive&!likely&fresh: conflict
!small&expensive&likely: positive
small&!of&!survive&!adequate: negative
small&!of&!survive&adequate: conflict
small&!of&survive: neutral
small&of&!full: negative
small&of&full: negative
DecisionTree learned:
!effective&!fantastic&!fresh&!excellent: positive
!effective&!fantastic&!fresh&excellent: positive
!effective&!fantastic&fresh&!bracing: negative
!effective&!fantastic&fresh&bracing: positive
!effective&fantastic&!small&!fabulous: positive
!effective&fantastic&!small&fabulous: positive
!effective&fantastic&small: positive
effective&!respective&!expensive&!awkward: positive
effective&!respective&!expensive&awkward: negative
effective&!respective&expensive: conflict
effective&respective: conflict
DecisionTree learned:
!worth&!italian&!atrocious&!regretful: positive
!worth&!italian&!atrocious&regretful: negative
!worth&!italian&atrocious&!dry: negative
!worth&!italian&atrocious&dry: conflict
!worth&italian&!few&!bad: positive
!worth&italian&!few&bad: conflict
!worth&italian&few: conflict
worth&!adequate&!cool&!easy: negative
worth&!adequate&!cool&easy: conflict
worth&!adequate&cool: positive
worth&adequate: positive
DecisionTree learned:
!icky&!regretful&!expensive&!worth: positive
!icky&!regretful&!expensive&worth: conflict
!icky&!regretful&expensive&!ill: negative
!icky&!regretful&expensive&ill: negative
!icky&regretful&!italian&!delicious: negative
!icky&regretful&!italian&delicious: positive
!icky&regretful&italian: conflict
icky&!nice: negative
icky&nice: negative
DecisionTree learned:
!adequate&!worth&!awful&!effective: positive
!adequate&!worth&!awful&effective: positive
!adequate&!worth&awful&!dry: negative
!adequate&!worth&awful&dry: conflict
!adequate&worth&!cool&!easy: negative
!adequate&worth&!cool&easy: conflict
!adequate&worth&cool: positive
adequate&!fish&!small&!smooth: neutral
adequate&!fish&!small&smooth: conflict
adequate&!fish&small: conflict
adequate&fish: conflict
DecisionTree learned:
!fresh&!effective&!great&!decent: positive
!fresh&!effective&!great&decent: positive
!fresh&!effective&great&!up: conflict
!fresh&!effective&great&up: positive
!fresh&effective&!small&!fair: positive
!fresh&effective&!small&fair: positive
!fresh&effective&small&!main: negative
!fresh&effective&small&main: negative
fresh&!necessity&!bracing&!big: negative
fresh&!necessity&!bracing&big: positive
fresh&!necessity&bracing&!boastful: positive
fresh&!necessity&bracing&boastful: conflict
fresh&necessity: negative
DecisionTree learned:
!worth&!fresh&!across&!adequate: positive
!worth&!fresh&!across&adequate: neutral
!worth&!fresh&across&!attentive: positive
!worth&!fresh&across&attentive: conflict
!worth&fresh&!american&!boastful: positive
!worth&fresh&!american&boastful: conflict
!worth&fresh&american: conflict
worth&!adequate&!cool&!close: conflict
worth&!adequate&!cool&close: negative
worth&!adequate&cool: positive
worth&adequate: positive
DecisionTree learned:
!watery&!effective&!hapless&!attentive: positive
!watery&!effective&!hapless&attentive: positive
!watery&!effective&hapless&!piquant: negative
!watery&!effective&hapless&piquant: negative
!watery&effective&!bad&!respective: positive
!watery&effective&!bad&respective: conflict
!watery&effective&bad&!fresh: negative
!watery&effective&bad&fresh: conflict
watery: negative
DecisionTree learned:
!worth&!fresh&!adequate&!italian: positive
!worth&!fresh&!adequate&italian: positive
!worth&!fresh&adequate&!small: neutral
!worth&!fresh&adequate&small: conflict
!worth&fresh&!necessity&!advanced: positive
!worth&fresh&!necessity&advanced: positive
!worth&fresh&necessity: negative
worth&!close&!good&!up: conflict
worth&!close&!good&up: positive
worth&!close&good: conflict
worth&close: negative
DecisionTree learned:
!fantastic&!fresh&!worth&!italian: positive
!fantastic&!fresh&!worth&italian: positive
!fantastic&!fresh&worth&!up: negative
!fantastic&!fresh&worth&up: conflict
!fantastic&fresh&!american&!advanced: positive
!fantastic&fresh&!american&advanced: positive
!fantastic&fresh&american: conflict
fantastic&!nice&!small&!full: positive
fantastic&!nice&!small&full: positive
fantastic&!nice&small: positive
fantastic&nice&!typical: neutral
fantastic&nice&typical: positive
DecisionTree learned:
!fresh&!italian&!delectable&!big: positive
!fresh&!italian&!delectable&big: positive
!fresh&!italian&delectable&!english: positive
!fresh&!italian&delectable&english: negative
!fresh&italian&!few&!bad: positive
!fresh&italian&!few&bad: conflict
!fresh&italian&few: conflict
fresh&!expensive&!high&!bracing: positive
fresh&!expensive&!high&bracing: positive
fresh&!expensive&high&!authentic: conflict
fresh&!expensive&high&authentic: negative
fresh&expensive: conflict
DecisionTree learned:
!fresh&!delectable&!worth&!big: positive
!fresh&!delectable&!worth&big: positive
!fresh&!delectable&worth&!cool: conflict
!fresh&!delectable&worth&cool: positive
!fresh&delectable&!burn&!english: positive
!fresh&delectable&!burn&english: negative
!fresh&delectable&burn: negative
fresh&!high&!bracing&!fish: negative
fresh&!high&!bracing&fish: conflict
fresh&!high&bracing&!boastful: positive
fresh&!high&bracing&boastful: conflict
fresh&high&!authentic: conflict
fresh&high&authentic: negative
DecisionTree learned:
!italian&!worth&!small&!expensive: positive
!italian&!worth&!small&expensive: negative
!italian&!worth&small&!survive: negative
!italian&!worth&small&survive: neutral
!italian&worth&!up&!close: conflict
!italian&worth&!up&close: negative
!italian&worth&up&!good: neutral
!italian&worth&up&good: negative
italian&!few&!bad: positive
italian&!few&bad: conflict
italian&few: conflict
DecisionTree learned:
!expensive&!worth&!small&!awful: positive
!expensive&!worth&!small&awful: negative
!expensive&!worth&small&!minor: positive
!expensive&!worth&small&minor: negative
!expensive&worth&!up&!close: conflict
!expensive&worth&!up&close: negative
!expensive&worth&up&!good: positive
!expensive&worth&up&good: conflict
expensive&!fresh&!good&!tasty: negative
expensive&!fresh&!good&tasty: conflict
expensive&!fresh&good: conflict
expensive&fresh: conflict
DecisionTree learned:
!small&!awful&!expensive&!natural: positive
!small&!awful&!expensive&natural: negative
!small&!awful&expensive&!ill: negative
!small&!awful&expensive&ill: negative
!small&awful&!jewish&!dry: negative
!small&awful&!jewish&dry: conflict
!small&awful&jewish: conflict
small&!adequate&!minor&!fresh: positive
small&!adequate&!minor&fresh: negative
small&!adequate&minor&!romantic: negative
small&!adequate&minor&romantic: positive
small&adequate: conflict
DecisionTree learned:
!bad&!icky&!expensive&!worth: positive
!bad&!icky&!expensive&worth: conflict
!bad&!icky&expensive&!ill: negative
!bad&!icky&expensive&ill: negative
!bad&icky&!nice: negative
!bad&icky&nice: negative
bad&!italian&!big&!delicious: negative
bad&!italian&!big&delicious: positive
bad&!italian&big&!authoritative: negative
bad&!italian&big&authoritative: negative
bad&italian: conflict
DecisionTree learned:
!effective&!watery&!italian&!fantastic: positive
!effective&!watery&!italian&fantastic: positive
!effective&!watery&italian&!few: positive
!effective&!watery&italian&few: conflict
!effective&watery: negative
effective&!respective&!fair&!small: positive
effective&!respective&!fair&small: negative
effective&!respective&fair: positive
effective&respective: conflict
DecisionTree learned:
!average&!italian&!icky&!effective: positive
!average&!italian&!icky&effective: positive
!average&!italian&icky&!nice: negative
!average&!italian&icky&nice: negative
!average&italian&!few&!bad: positive
!average&italian&!few&bad: conflict
!average&italian&few: conflict
average&!fair&!easy&!surprise: negative
average&!fair&!easy&surprise: positive
average&!fair&easy: negative
average&fair: positive
DecisionTree learned:
!across&!effective&!boring&!hapless: positive
!across&!effective&!boring&hapless: negative
!across&!effective&boring&!sweet: negative
!across&!effective&boring&sweet: conflict
!across&effective&!fat&!small: positive
!across&effective&!fat&small: negative
!across&effective&fat: negative
across&!attentive: positive
across&attentive: conflict
DecisionTree learned:
!fresh&!delectable&!hapless&!worth: positive
!fresh&!delectable&!hapless&worth: conflict
!fresh&!delectable&hapless&!piquant: negative
!fresh&!delectable&hapless&piquant: negative
!fresh&delectable&!burn&!english: positive
!fresh&delectable&!burn&english: negative
!fresh&delectable&burn: negative
fresh&!expensive&!boastful&!bracing: positive
fresh&!expensive&!boastful&bracing: positive
fresh&!expensive&boastful: conflict
fresh&expensive: conflict
DecisionTree learned:
!effective&!watery&!attentive&!difficult: positive
!effective&!watery&!attentive&difficult: negative
!effective&!watery&attentive&!busy: positive
!effective&!watery&attentive&busy: conflict
!effective&watery: negative
effective&!respective&!awkward&!bad: positive
effective&!respective&!awkward&bad: negative
effective&!respective&awkward: negative
effective&respective: conflict
DecisionTree learned:
!friendly&!italian&!worth&!fresh: positive
!friendly&!italian&!worth&fresh: positive
!friendly&!italian&worth&!close: conflict
!friendly&!italian&worth&close: negative
!friendly&italian&!few&!bad: positive
!friendly&italian&!few&bad: conflict
!friendly&italian&few: conflict
friendly&!cheese&!lone&!flying: positive
friendly&!cheese&!lone&flying: positive
friendly&!cheese&lone: positive
friendly&cheese: neutral
DecisionTree learned:
!fresh&!adequate&!friendly&!delectable: positive
!fresh&!adequate&!friendly&delectable: positive
!fresh&!adequate&friendly&!cheese: positive
!fresh&!adequate&friendly&cheese: neutral
!fresh&adequate&!fish&!small: neutral
!fresh&adequate&!fish&small: conflict
!fresh&adequate&fish: conflict
fresh&!expensive&!newly&!icky: conflict
fresh&!expensive&!newly&icky: negative
fresh&!expensive&newly&!american: positive
fresh&!expensive&newly&american: conflict
fresh&expensive: conflict
DecisionTree learned:
!worth&!expensive&!eye&!watery: positive
!worth&!expensive&!eye&watery: negative
!worth&!expensive&eye: conflict
!worth&expensive&!delicious&!ill: negative
!worth&expensive&!delicious&ill: negative
!worth&expensive&delicious: neutral
worth&!gear&!easy&!good: negative
worth&!gear&!easy&good: conflict
worth&!gear&easy: conflict
worth&gear: conflict
DecisionTree learned:
!effective&!attentive&!fresh&!average: positive
!effective&!attentive&!fresh&average: negative
!effective&!attentive&fresh&!bracing: positive
!effective&!attentive&fresh&bracing: positive
!effective&attentive&!busy&!the: positive
!effective&attentive&!busy&the: conflict
!effective&attentive&busy: conflict
effective&!respective&!expensive&!awkward: positive
effective&!respective&!expensive&awkward: negative
effective&!respective&expensive: conflict
effective&respective: conflict
DecisionTree learned:
!worth&!adequate&!fresh&!delectable: positive
!worth&!adequate&!fresh&delectable: positive
!worth&!adequate&fresh&!bracing: positive
!worth&!adequate&fresh&bracing: positive
!worth&adequate&!small&!smooth: neutral
!worth&adequate&!small&smooth: conflict
!worth&adequate&small: conflict
worth&!up&!overall&!close: conflict
worth&!up&!overall&close: negative
worth&!up&overall: negative
worth&up&!good: positive
worth&up&good: negative
DecisionTree learned:
!bad&!romantic&!icky&!expensive: positive
!bad&!romantic&!icky&expensive: negative
!bad&!romantic&icky&!nice: negative
!bad&!romantic&icky&nice: negative
!bad&romantic&!authentic&!up: positive
!bad&romantic&!authentic&up: positive
!bad&romantic&authentic: positive
bad&!italian&!big&!delicious: negative
bad&!italian&!big&delicious: positive
bad&!italian&big&!authoritative: negative
bad&!italian&big&authoritative: negative
bad&italian: conflict
DecisionTree learned:
!awful&!friendly&!expensive&!boring: positive
!awful&!friendly&!expensive&boring: negative
!awful&!friendly&expensive&!ill: negative
!awful&!friendly&expensive&ill: negative
!awful&friendly&!cheese&!flying: positive
!awful&friendly&!cheese&flying: neutral
!awful&friendly&cheese: neutral
awful&!jewish&!dry&!nasty: negative
awful&!jewish&!dry&nasty: negative
awful&!jewish&dry: conflict
awful&jewish: conflict
DecisionTree learned:
!fresh&!worth&!italian&!adequate: positive
!fresh&!worth&!italian&adequate: neutral
!fresh&!worth&italian&!few: positive
!fresh&!worth&italian&few: conflict
!fresh&worth&!up&!adequate: conflict
!fresh&worth&!up&adequate: positive
!fresh&worth&up&!good: neutral
!fresh&worth&up&good: conflict
fresh&!american&!boastful&!bracing: negative
fresh&!american&!boastful&bracing: positive
fresh&!american&boastful: conflict
fresh&american: conflict
DecisionTree learned:
!small&!worth&!awful&!hard: positive
!small&!worth&!awful&hard: negative
!small&!worth&awful&!dry: negative
!small&!worth&awful&dry: conflict
!small&worth&!up&!close: conflict
!small&worth&!up&close: negative
!small&worth&up&!good: neutral
!small&worth&up&good: negative
small&!of&!fresh&!minor: positive
small&!of&!fresh&minor: negative
small&!of&fresh: negative
small&of&!full: negative
small&of&full: negative
DecisionTree learned:
!worth&!small&!average&!across: positive
!worth&!small&!average&across: positive
!worth&!small&average&!fair: negative
!worth&!small&average&fair: positive
!worth&small&!fiddling&!romantic: negative
!worth&small&!fiddling&romantic: positive
!worth&small&fiddling&!spectacular: positive
!worth&small&fiddling&spectacular: negative
worth&!close&!overall&!up: conflict
worth&!close&!overall&up: positive
worth&!close&overall: negative
worth&close: negative
DecisionTree learned:
!worth&!expensive&!small&!big: positive
!worth&!expensive&!small&big: positive
!worth&!expensive&small&!of: negative
!worth&!expensive&small&of: negative
!worth&expensive&!ill&!tasty: negative
!worth&expensive&!ill&tasty: conflict
!worth&expensive&ill: negative
worth&!close&!up&!adequate: conflict
worth&!close&!up&adequate: positive
worth&!close&up&!good: positive
worth&!close&up&good: conflict
worth&close: negative
DecisionTree learned:
!patched&!italian&!regretful&!boring: positive
!patched&!italian&!regretful&boring: negative
!patched&!italian&regretful&!good: negative
!patched&!italian&regretful&good: negative
!patched&italian&!few&!bad: positive
!patched&italian&!few&bad: conflict
!patched&italian&few: conflict
patched: conflict
DecisionTree learned:
!expensive&!small&!italian&!badly: positive
!expensive&!small&!italian&badly: negative
!expensive&!small&italian&!few: positive
!expensive&!small&italian&few: conflict
!expensive&small&!minor&!fresh: positive
!expensive&small&!minor&fresh: negative
!expensive&small&minor&!complementary: negative
!expensive&small&minor&complementary: positive
expensive&!ill&!fresh&!good: negative
expensive&!ill&!fresh&good: conflict
expensive&!ill&fresh: conflict
expensive&ill: negative
DecisionTree learned:
!fresh&!across&!effective&!decent: positive
!fresh&!across&!effective&decent: positive
!fresh&!across&effective&!respective: positive
!fresh&!across&effective&respective: conflict
!fresh&across&!attentive: positive
!fresh&across&attentive: conflict
fresh&!advanced&!bracing&!fish: negative
fresh&!advanced&!bracing&fish: conflict
fresh&!advanced&bracing&!gear: negative
fresh&!advanced&bracing&gear: conflict
fresh&advanced&!big: positive
fresh&advanced&big: neutral
DecisionTree learned:
!effective&!patched&!attentive&!great: positive
!effective&!patched&!attentive&great: positive
!effective&!patched&attentive&!busy: positive
!effective&!patched&attentive&busy: conflict
!effective&patched: conflict
effective&!respective&!small&!necessity: positive
effective&!respective&!small&necessity: neutral
effective&!respective&small&!main: negative
effective&!respective&small&main: positive
effective&respective: conflict
DecisionTree learned:
!boring&!icky&!expensive&!eye: positive
!boring&!icky&!expensive&eye: conflict
!boring&!icky&expensive&!delicious: negative
!boring&!icky&expensive&delicious: neutral
!boring&icky&!nice: negative
!boring&icky&nice: negative
boring&!sweet&!decelerate: conflict
boring&!sweet&decelerate&!good: negative
boring&!sweet&decelerate&good: positive
boring&sweet: conflict
DecisionTree learned:
!average&!friendly&!across&!ill: positive
!average&!friendly&!across&ill: negative
!average&!friendly&across&!attentive: positive
!average&!friendly&across&attentive: conflict
!average&friendly&!cheese&!lone: positive
!average&friendly&!cheese&lone: neutral
!average&friendly&cheese: neutral
average&!fair&!mediocre&!surprise: negative
average&!fair&!mediocre&surprise: positive
average&!fair&mediocre&!atrocious: neutral
average&!fair&mediocre&atrocious: neutral
average&fair: positive
DecisionTree learned:
!fair&!average&!boring&!expensive: positive
!fair&!average&!boring&expensive: negative
!fair&!average&boring&!sweet: negative
!fair&!average&boring&sweet: conflict
!fair&average&!surprise&!easy: negative
!fair&average&!surprise&easy: negative
!fair&average&surprise: positive
fair&!poor&!good&!superior: positive
fair&!poor&!good&superior: positive
fair&!poor&good: positive
fair&poor: positive
DecisionTree learned:
!regretful&!worth&!hapless&!fair: positive
!regretful&!worth&!hapless&fair: positive
!regretful&!worth&hapless&!piquant: negative
!regretful&!worth&hapless&piquant: negative
!regretful&worth&!good&!up: conflict
!regretful&worth&!good&up: positive
!regretful&worth&good: negative
regretful&!italian&!good&!upper: negative
regretful&!italian&!good&upper: negative
regretful&!italian&good: negative
regretful&italian: conflict
DecisionTree learned:
!fresh&!effective&!noisy&!italian: positive
!fresh&!effective&!noisy&italian: conflict
!fresh&!effective&noisy&!table: conflict
!fresh&!effective&noisy&table: negative
!fresh&effective&!respective&!small: positive
!fresh&effective&!respective&small: negative
!fresh&effective&respective: conflict
fresh&!advanced&!american&!high: negative
fresh&!advanced&!american&high: conflict
fresh&!advanced&american: conflict
fresh&advanced&!big: positive
fresh&advanced&big: positive
DecisionTree learned:
!adequate&!effective&!young&!hard: positive
!adequate&!effective&!young&hard: negative
!adequate&!effective&young&!up: conflict
!adequate&!effective&young&up: positive
!adequate&effective&!respective&!awkward: positive
!adequate&effective&!respective&awkward: negative
!adequate&effective&respective: conflict
adequate&!fish&!smooth&!small: neutral
adequate&!fish&!smooth&small: conflict
adequate&!fish&smooth: conflict
adequate&fish: conflict
DecisionTree learned:
!fantastic&!effective&!eye&!boring: positive
!fantastic&!effective&!eye&boring: negative
!fantastic&!effective&eye: conflict
!fantastic&effective&!respective&!good: conflict
!fantastic&effective&!respective&good: positive
!fantastic&effective&respective: conflict
fantastic&!nice&!small&!terrific: positive
fantastic&!nice&!small&terrific: positive
fantastic&!nice&small: negative
fantastic&nice&!typical: neutral
fantastic&nice&typical: positive
DecisionTree learned:
!expensive&!adequate&!italian&!effective: positive
!expensive&!adequate&!italian&effective: positive
!expensive&!adequate&italian&!few: positive
!expensive&!adequate&italian&few: conflict
!expensive&adequate&!smooth&!fish: neutral
!expensive&adequate&!smooth&fish: conflict
!expensive&adequate&smooth: conflict
expensive&!ill&!tasty&!delicious: negative
expensive&!ill&!tasty&delicious: neutral
expensive&!ill&tasty: conflict
expensive&ill: negative
DecisionTree learned:
!small&!boring&!big&!worth: positive
!small&!boring&!big&worth: conflict
!small&!boring&big&!prompt: positive
!small&!boring&big&prompt: conflict
!small&boring&!decelerate: conflict
!small&boring&decelerate&!sweet: negative
!small&boring&decelerate&sweet: conflict
small&!fiddling&!complementary&!survive: negative
small&!fiddling&!complementary&survive: neutral
small&!fiddling&complementary: positive
small&fiddling&!overall&!fresh: positive
small&fiddling&!overall&fresh: negative
small&fiddling&overall: negative
DecisionTree learned:
!boring&!delectable&!crude&!effective: positive
!boring&!delectable&!crude&effective: positive
!boring&!delectable&crude&!previous: negative
!boring&!delectable&crude&previous: neutral
!boring&delectable&!top&!burn: positive
!boring&delectable&!top&burn: negative
!boring&delectable&top&!cold: neutral
!boring&delectable&top&cold: neutral
boring&!sweet&!decelerate: conflict
boring&!sweet&decelerate&!good: negative
boring&!sweet&decelerate&good: negative
boring&sweet: conflict
DecisionTree learned:
!fresh&!watery&!worth&!delectable: positive
!fresh&!watery&!worth&delectable: positive
!fresh&!watery&worth&!up: conflict
!fresh&!watery&worth&up: neutral
!fresh&watery: negative
fresh&!american&!high&!sweet: positive
fresh&!american&!high&sweet: conflict
fresh&!american&high&!authentic: conflict
fresh&!american&high&authentic: negative
fresh&american: conflict
DecisionTree learned:
!worth&!noisy&!fresh&!adequate: positive
!worth&!noisy&!fresh&adequate: neutral
!worth&!noisy&fresh&!bracing: conflict
!worth&!noisy&fresh&bracing: positive
!worth&noisy&!table: conflict
!worth&noisy&table: negative
worth&!adequate&!close&!overall: conflict
worth&!adequate&!close&overall: negative
worth&!adequate&close: negative
worth&adequate: positive
DecisionTree learned:
!big&!new&!worth&!small: positive
!big&!new&!worth&small: negative
!big&!new&worth&!cool: conflict
!big&!new&worth&cool: positive
!big&new&!fish&!fresh: conflict
!big&new&!fish&fresh: negative
!big&new&fish: conflict
big&!cunning&!prompt&!due: positive
big&!cunning&!prompt&due: conflict
big&!cunning&prompt: conflict
big&cunning: conflict
DecisionTree learned:
!bad&!romantic&!eye&!big: positive
!bad&!romantic&!eye&big: positive
!bad&!romantic&eye: conflict
!bad&romantic&!authentic&!small: positive
!bad&romantic&!authentic&small: positive
!bad&romantic&authentic: positive
bad&!italian&!regretful&!authoritative: negative
bad&!italian&!regretful&authoritative: negative
bad&!italian&regretful&!delicious: negative
bad&!italian&regretful&delicious: positive
bad&italian: conflict
DecisionTree learned:
!icky&!average&!expensive&!nearby: positive
!icky&!average&!expensive&nearby: conflict
!icky&!average&expensive&!ill: negative
!icky&!average&expensive&ill: negative
!icky&average&!fair&!surprise: negative
!icky&average&!fair&surprise: positive
!icky&average&fair: positive
icky&!nice: negative
icky&nice: negative
DecisionTree learned:
!expensive&!entire&!average&!small: positive
!expensive&!entire&!average&small: negative
!expensive&!entire&average&!fair: negative
!expensive&!entire&average&fair: positive
!expensive&entire&!alone&!hot: negative
!expensive&entire&!alone&hot: negative
!expensive&entire&alone: positive
expensive&!fresh&!good&!tasty: negative
expensive&!fresh&!good&tasty: conflict
expensive&!fresh&good: conflict
expensive&fresh: conflict
DecisionTree learned:
!worth&!young&!patched&!fresh: positive
!worth&!young&!patched&fresh: positive
!worth&!young&patched: conflict
!worth&young&!up&!hot: conflict
!worth&young&!up&hot: positive
!worth&young&up: positive
worth&!close&!small&!up: conflict
worth&!close&!small&up: negative
worth&!close&small: negative
worth&close: negative
DecisionTree learned:
!average&!liqueur&!expensive&!worth: positive
!average&!liqueur&!expensive&worth: conflict
!average&!liqueur&expensive&!delicious: negative
!average&!liqueur&expensive&delicious: neutral
!average&liqueur: conflict
average&!fair&!easy&!surprise: neutral
average&!fair&!easy&surprise: positive
average&!fair&easy: negative
average&fair: positive
DecisionTree learned:
!across&!friendly&!busy&!worth: positive
!across&!friendly&!busy&worth: conflict
!across&!friendly&busy&!up: conflict
!across&!friendly&busy&up: positive
!across&friendly&!cheese&!lone: positive
!across&friendly&!cheese&lone: neutral
!across&friendly&cheese: neutral
across&!attentive: positive
across&attentive: conflict
DecisionTree learned:
!effective&!eye&!fantastic&!big: negative
!effective&!eye&!fantastic&big: positive
!effective&!eye&fantastic&!small: positive
!effective&!eye&fantastic&small: negative
!effective&eye: conflict
effective&!awkward&!fat&!respective: positive
effective&!awkward&!fat&respective: conflict
effective&!awkward&fat: negative
effective&awkward: negative
DecisionTree learned:
!worth&!small&!bad&!icky: positive
!worth&!small&!bad&icky: negative
!worth&!small&bad&!italian: negative
!worth&!small&bad&italian: conflict
!worth&small&!of&!popular: negative
!worth&small&!of&popular: neutral
!worth&small&of&!full: negative
!worth&small&of&full: negative
worth&!close&!cool&!small: conflict
worth&!close&!cool&small: negative
worth&!close&cool: positive
worth&close: negative
DecisionTree learned:
!worth&!fresh&!fair&!across: positive
!worth&!fresh&!fair&across: positive
!worth&!fresh&fair&!poor: positive
!worth&!fresh&fair&poor: positive
!worth&fresh&!american&!boastful: positive
!worth&fresh&!american&boastful: conflict
!worth&fresh&american: conflict
worth&!up&!close&!adequate: conflict
worth&!up&!close&adequate: positive
worth&!up&close: negative
worth&up&!good: neutral
worth&up&good: conflict
DecisionTree learned:
!busy&!effective&!french&!big: negative
!busy&!effective&!french&big: positive
!busy&!effective&french&!several: positive
!busy&!effective&french&several: conflict
!busy&effective&!respective&!small: positive
!busy&effective&!respective&small: negative
!busy&effective&respective: conflict
busy&!up&!helpful&!great: conflict
busy&!up&!helpful&great: conflict
busy&!up&helpful: neutral
busy&up: positive
DecisionTree learned:
!worth&!boring&!nearby&!ideal: positive
!worth&!boring&!nearby&ideal: conflict
!worth&!boring&nearby: conflict
!worth&boring&!sweet&!decelerate: conflict
!worth&boring&!sweet&decelerate: negative
!worth&boring&sweet: conflict
worth&!gear&!good&!up: positive
worth&!gear&!good&up: positive
worth&!gear&good: conflict
worth&gear: conflict
DecisionTree learned:
!italian&!patched&!effective&!french: positive
!italian&!patched&!effective&french: positive
!italian&!patched&effective&!fat: positive
!italian&!patched&effective&fat: negative
!italian&patched: conflict
italian&!few&!bad: positive
italian&!few&bad: conflict
italian&few: conflict
DecisionTree learned:
!fair&!small&!big&!new: positive
!fair&!small&!big&new: conflict
!fair&!small&big&!due: positive
!fair&!small&big&due: conflict
!fair&small&!of&!survive: negative
!fair&small&!of&survive: neutral
!fair&small&of&!full: negative
!fair&small&of&full: negative
fair&!poor&!good&!nice: positive
fair&!poor&!good&nice: positive
fair&!poor&good: positive
fair&poor: positive
DecisionTree learned:
!worth&!boring&!awful&!small: positive
!worth&!boring&!awful&small: negative
!worth&!boring&awful&!jewish: negative
!worth&!boring&awful&jewish: conflict
!worth&boring&!sweet&!ethnic: negative
!worth&boring&!sweet&ethnic: conflict
!worth&boring&sweet: conflict
worth&!cool&!up&!easy: conflict
worth&!cool&!up&easy: conflict
worth&!cool&up&!good: positive
worth&!cool&up&good: conflict
worth&cool: positive
DecisionTree learned:
!effective&!authentic&!adequate&!outstanding: positive
!effective&!authentic&!adequate&outstanding: conflict
!effective&!authentic&adequate&!fish: neutral
!effective&!authentic&adequate&fish: conflict
!effective&authentic&!many&!gear: positive
!effective&authentic&!many&gear: negative
!effective&authentic&many: negative
effective&!good&!efficient: conflict
effective&!good&efficient&!accurate: positive
effective&!good&efficient&accurate: negative
effective&good&!awkward&!fat: positive
effective&good&!awkward&fat: negative
effective&good&awkward: negative
DecisionTree learned:
!outstanding&!effective&!french&!attentive: positive
!outstanding&!effective&!french&attentive: positive
!outstanding&!effective&french&!several: positive
!outstanding&!effective&french&several: conflict
!outstanding&effective&!respective&!awkward: positive
!outstanding&effective&!respective&awkward: negative
!outstanding&effective&respective: conflict
outstanding&!spectacular&!busy&!first: positive
outstanding&!spectacular&!busy&first: conflict
outstanding&!spectacular&busy: conflict
outstanding&spectacular&!indifferent&!small: positive
outstanding&spectacular&!indifferent&small: negative
outstanding&spectacular&indifferent: neutral
DecisionTree learned:
!friendly&!attentive&!ideal&!effective: positive
!friendly&!attentive&!ideal&effective: positive
!friendly&!attentive&ideal: conflict
!friendly&attentive&!busy&!the: positive
!friendly&attentive&!busy&the: conflict
!friendly&attentive&busy: conflict
friendly&!cheese&!lone&!flying: positive
friendly&!cheese&!lone&flying: positive
friendly&!cheese&lone: positive
friendly&cheese: neutral
DecisionTree learned:
!hard&!small&!across&!awful: positive
!hard&!small&!across&awful: negative
!hard&!small&across&!attentive: positive
!hard&!small&across&attentive: conflict
!hard&small&!minor&!fresh: positive
!hard&small&!minor&fresh: negative
!hard&small&minor&!adequate: negative
!hard&small&minor&adequate: conflict
hard: negative
DecisionTree learned:
!small&!noisy&!big&!new: positive
!small&!noisy&!big&new: conflict
!small&!noisy&big&!prompt: positive
!small&!noisy&big&prompt: conflict
!small&noisy&!table: conflict
!small&noisy&table: negative
small&!popular&!of&!survive: negative
small&!popular&!of&survive: neutral
small&!popular&of&!full: negative
small&!popular&of&full: negative
small&popular: neutral
DecisionTree learned:
!effective&!fantastic&!italian&!adequate: positive
!effective&!fantastic&!italian&adequate: neutral
!effective&!fantastic&italian&!few: positive
!effective&!fantastic&italian&few: conflict
!effective&fantastic&!small&!fabulous: positive
!effective&fantastic&!small&fabulous: positive
!effective&fantastic&small: positive
effective&!small&!respective&!awkward: positive
effective&!small&!respective&awkward: negative
effective&!small&respective: conflict
effective&small&!main&!inedible: negative
effective&small&!main&inedible: positive
effective&small&main: negative
DecisionTree learned:
!adequate&!worth&!icky&!effective: positive
!adequate&!worth&!icky&effective: positive
!adequate&!worth&icky&!nice: negative
!adequate&!worth&icky&nice: negative
!adequate&worth&!gear&!up: conflict
!adequate&worth&!gear&up: conflict
!adequate&worth&gear: conflict
adequate&!smooth&!small&!fish: neutral
adequate&!smooth&!small&fish: conflict
adequate&!smooth&small: conflict
adequate&smooth: conflict
DecisionTree learned:
!adequate&!italian&!fresh&!liqueur: positive
!adequate&!italian&!fresh&liqueur: conflict
!adequate&!italian&fresh&!american: positive
!adequate&!italian&fresh&american: conflict
!adequate&italian&!bad&!few: positive
!adequate&italian&!bad&few: conflict
!adequate&italian&bad: conflict
adequate&!fish&!smooth&!small: neutral
adequate&!fish&!smooth&small: conflict
adequate&!fish&smooth: conflict
adequate&fish: conflict
DecisionTree learned:
!average&!liqueur&!effective&!french: positive
!average&!liqueur&!effective&french: positive
!average&!liqueur&effective&!respective: positive
!average&!liqueur&effective&respective: conflict
!average&liqueur: conflict
average&!easy&!fair&!surprise: negative
average&!easy&!fair&surprise: positive
average&!easy&fair: positive
average&easy: negative
DecisionTree learned:
!across&!ill&!fair&!hapless: positive
!across&!ill&!fair&hapless: negative
!across&!ill&fair&!poor: positive
!across&!ill&fair&poor: positive
!across&ill&!previous&!base: negative
!across&ill&!previous&base: neutral
!across&ill&previous: neutral
across&!attentive: positive
across&attentive: conflict
Trial 0 Training cc.mallet.classify.AdaBoostM2Trainer@1d2940b3 finished
Trial 0 Trainer cc.mallet.classify.AdaBoostM2Trainer@1d2940b3 test data accuracy = 0.5780189959294437

NaiveBayesTrainer
Summary. test accuracy mean = 0.5495251017639078 stddev = 0.0 stderr = 0.0

MaxEntTrainer,gaussianPriorVariance=1.0
Summary. test accuracy mean = 0.5902306648575305 stddev = 0.0 stderr = 0.0

cc.mallet.classify.DecisionTreeTrainer@266bade9
Summary. test accuracy mean = 0.5861601085481682 stddev = 0.0 stderr = 0.0

cc.mallet.classify.AdaBoostM2Trainer@1d2940b3
Summary. test accuracy mean = 0.5780189959294437 stddev = 0.0 stderr = 0.0
