
-------------------- Trial 0  --------------------

Trial 0 Training NaiveBayesTrainer with 2956 instances
Trial 0 Training NaiveBayesTrainer finished
Trial 0 Trainer NaiveBayesTrainer test data accuracy = 0.5413839891451832
Trial 0 Training MaxEntTrainer,gaussianPriorVariance=1.0 with 2956 instances
Trial 0 Training MaxEntTrainer,gaussianPriorVariance=1.0 finished
Trial 0 Trainer MaxEntTrainer,gaussianPriorVariance=1.0 test data accuracy = 0.5848032564450475
Trial 0 Training cc.mallet.classify.DecisionTreeTrainer@69945ce with 2956 instances
DecisionTree learned:
!pos&!neg&!fresh&!worth: positive
!pos&!neg&!fresh&worth: positive
!pos&!neg&fresh&!little: positive
!pos&!neg&fresh&little: negative
!pos&neg&!clean&!simple: negative
!pos&neg&!clean&simple: positive
!pos&neg&clean: positive
pos&!neg&!assorted&!potential: positive
pos&!neg&!assorted&potential: negative
pos&!neg&assorted: conflict
pos&neg&!awed&!beneficial: positive
pos&neg&!awed&beneficial: positive
pos&neg&awed&!jewish: negative
pos&neg&awed&jewish: conflict
Trial 0 Training cc.mallet.classify.DecisionTreeTrainer@69945ce finished
Trial 0 Trainer cc.mallet.classify.DecisionTreeTrainer@69945ce test data accuracy = 0.5970149253731343
Trial 0 Training cc.mallet.classify.AdaBoostM2Trainer@49ff0dde with 2956 instances
DecisionTree learned:
!pos&!neg&!fresh&!attentive: positive
!pos&!neg&!fresh&attentive: positive
!pos&!neg&fresh&!gear: positive
!pos&!neg&fresh&gear: conflict
!pos&neg&!clean&!simple: negative
!pos&neg&!clean&simple: positive
!pos&neg&clean: positive
pos&!neg&!assorted&!necessary: positive
pos&!neg&!assorted&necessary: negative
pos&!neg&assorted: conflict
pos&neg&!average&!beneficial: positive
pos&neg&!average&beneficial: positive
pos&neg&average&!clear: negative
pos&neg&average&clear: negative
DecisionTree learned:
!pos&!neg&!worth&!fish: positive
!pos&!neg&!worth&fish: positive
!pos&!neg&worth&!adequate: conflict
!pos&!neg&worth&adequate: positive
!pos&neg&!clean&!simple: negative
!pos&neg&!clean&simple: positive
!pos&neg&clean: positive
pos&!neg&!other&!potential: positive
pos&!neg&!other&potential: negative
pos&!neg&other&!such: negative
pos&!neg&other&such: positive
pos&neg&!beneficial&!awed: positive
pos&neg&!beneficial&awed: negative
pos&neg&beneficial&!gawky: positive
pos&neg&beneficial&gawky: negative
DecisionTree learned:
!pos&!fresh&!worth&!neg: positive
!pos&!fresh&!worth&neg: negative
!pos&!fresh&worth&!adequate: conflict
!pos&!fresh&worth&adequate: positive
!pos&fresh&!little&!gear: positive
!pos&fresh&!little&gear: conflict
!pos&fresh&little: negative
pos&!neg&!other&!electrocute: positive
pos&!neg&!other&electrocute: neutral
pos&!neg&other&!beneficial: negative
pos&!neg&other&beneficial: conflict
pos&neg&!beneficial&!awed: positive
pos&neg&!beneficial&awed: negative
pos&neg&beneficial&!up: positive
pos&neg&beneficial&up: positive
DecisionTree learned:
!pos&!fresh&!neg&!other: positive
!pos&!fresh&!neg&other: negative
!pos&!fresh&neg&!second: negative
!pos&!fresh&neg&second: neutral
!pos&fresh&!little&!bracing: positive
!pos&fresh&!little&bracing: positive
!pos&fresh&little: negative
pos&!neg&!assorted&!damp: positive
pos&!neg&!assorted&damp: negative
pos&!neg&assorted: conflict
pos&neg&!humble&!full: positive
pos&neg&!humble&full: positive
pos&neg&humble&!quixotic: negative
pos&neg&humble&quixotic: positive
DecisionTree learned:
!pos&!fresh&!neg&!worth: positive
!pos&!fresh&!neg&worth: positive
!pos&!fresh&neg&!former: negative
!pos&!fresh&neg&former: neutral
!pos&fresh&!little&!gear: positive
!pos&fresh&!little&gear: conflict
!pos&fresh&little: negative
pos&!neg&!exchangeable&!other: positive
pos&!neg&!exchangeable&other: negative
pos&!neg&exchangeable&!early: negative
pos&!neg&exchangeable&early: neutral
pos&neg&!beneficial&!awed: positive
pos&neg&!beneficial&awed: negative
pos&neg&beneficial&!little: positive
pos&neg&beneficial&little: negative
DecisionTree learned:
!pos&!new&!worth&!adequate: positive
!pos&!new&!worth&adequate: conflict
!pos&!new&worth&!adequate: conflict
!pos&!new&worth&adequate: positive
!pos&new&!neg&!unseasoned: positive
!pos&new&!neg&unseasoned: conflict
!pos&new&neg&!little: conflict
!pos&new&neg&little: negative
pos&!neg&!potential&!other: positive
pos&!neg&!potential&other: negative
pos&!neg&potential: negative
pos&neg&!beneficial&!unvoiced: positive
pos&neg&!beneficial&unvoiced: negative
pos&neg&beneficial&!gawky: positive
pos&neg&beneficial&gawky: negative
DecisionTree learned:
!neg&!pos&!italian&!noisy: positive
!neg&!pos&!italian&noisy: negative
!neg&!pos&italian&!few: positive
!neg&!pos&italian&few: conflict
!neg&pos&!old&!fair: positive
!neg&pos&!old&fair: positive
!neg&pos&old&!italian: negative
!neg&pos&old&italian: positive
neg&!beneficial&!unlike&!authentic: negative
neg&!beneficial&!unlike&authentic: positive
neg&!beneficial&unlike&!same: positive
neg&!beneficial&unlike&same: negative
neg&beneficial&!up&!newly: negative
neg&beneficial&!up&newly: negative
neg&beneficial&up: positive
DecisionTree learned:
!pos&!neg&!senior&!fish: positive
!pos&!neg&!senior&fish: positive
!pos&!neg&senior&!such: conflict
!pos&!neg&senior&such: negative
!pos&neg&!former&!unlike: negative
!pos&neg&!former&unlike: neutral
!pos&neg&former&!and: neutral
!pos&neg&former&and: negative
pos&!humble&!bang&!large: positive
pos&!humble&!bang&large: positive
pos&!humble&bang&!prompt: positive
pos&!humble&bang&prompt: conflict
pos&humble&!limited&!ashen: negative
pos&humble&!limited&ashen: negative
pos&humble&limited&!full: negative
pos&humble&limited&full: negative
DecisionTree learned:
!pos&!fresh&!attentive&!worth: positive
!pos&!fresh&!attentive&worth: conflict
!pos&!fresh&attentive&!neg: positive
!pos&!fresh&attentive&neg: conflict
!pos&fresh&!american&!little: positive
!pos&fresh&!american&little: negative
!pos&fresh&american: positive
pos&!neg&!debauched&!old: positive
pos&!neg&!debauched&old: negative
pos&!neg&debauched&!immediate: neutral
pos&!neg&debauched&immediate: neutral
pos&neg&!beneficial&!unvoiced: positive
pos&neg&!beneficial&unvoiced: negative
pos&neg&beneficial&!gawky: positive
pos&neg&beneficial&gawky: negative
DecisionTree learned:
!pos&!attentive&!worth&!adequate: positive
!pos&!attentive&!worth&adequate: conflict
!pos&!attentive&worth&!adequate: conflict
!pos&!attentive&worth&adequate: positive
!pos&attentive&!busy&!neg: positive
!pos&attentive&!busy&neg: positive
!pos&attentive&busy: conflict
pos&!neg&!assorted&!down: positive
pos&!neg&!assorted&down: conflict
pos&!neg&assorted: conflict
pos&neg&!beneficial&!awed: positive
pos&neg&!beneficial&awed: negative
pos&neg&beneficial&!gawky: positive
pos&neg&beneficial&gawky: negative
DecisionTree learned:
!pos&!fresh&!adequate&!attentive: positive
!pos&!fresh&!adequate&attentive: positive
!pos&!fresh&adequate&!to: conflict
!pos&!fresh&adequate&to: neutral
!pos&fresh&!bracing&!fish: negative
!pos&fresh&!bracing&fish: positive
!pos&fresh&bracing&!gear: positive
!pos&fresh&bracing&gear: conflict
pos&!icky&!mean&!extra: positive
pos&!icky&!mean&extra: positive
pos&!icky&mean&!clear: negative
pos&!icky&mean&clear: negative
pos&icky&!dainty: negative
pos&icky&dainty: positive
DecisionTree learned:
!pos&!new&!attentive&!clean: positive
!pos&!new&!attentive&clean: positive
!pos&!new&attentive&!neg: positive
!pos&!new&attentive&neg: conflict
!pos&new&!neg&!fresh: conflict
!pos&new&!neg&fresh: positive
!pos&new&neg&!natural: conflict
!pos&new&neg&natural: negative
pos&!humble&!awed&!median: positive
pos&!humble&!awed&median: negative
pos&!humble&awed&!jewish: negative
pos&!humble&awed&jewish: conflict
pos&humble&!beneficial&!aplomb: negative
pos&humble&!beneficial&aplomb: positive
pos&humble&beneficial&!independent: negative
pos&humble&beneficial&independent: negative
DecisionTree learned:
!pos&!new&!worth&!dry: positive
!pos&!new&!worth&dry: negative
!pos&!new&worth&!adequate: conflict
!pos&!new&worth&adequate: positive
!pos&new&!neg&!fresh: conflict
!pos&new&!neg&fresh: positive
!pos&new&neg&!natural: conflict
!pos&new&neg&natural: negative
pos&!humble&!icky&!unvoiced: positive
pos&!humble&!icky&unvoiced: negative
pos&!humble&icky&!dainty: negative
pos&!humble&icky&dainty: negative
pos&humble&!beneficial&!ashen: negative
pos&humble&!beneficial&ashen: negative
pos&humble&beneficial&!little: positive
pos&humble&beneficial&little: negative
DecisionTree learned:
!pos&!fresh&!worth&!noisy: positive
!pos&!fresh&!worth&noisy: negative
!pos&!fresh&worth&!adequate: negative
!pos&!fresh&worth&adequate: positive
!pos&fresh&!little&!bracing: positive
!pos&fresh&!little&bracing: positive
!pos&fresh&little: negative
pos&!neg&!farseeing&!debauched: positive
pos&!neg&!farseeing&debauched: neutral
pos&!neg&farseeing&!mesa: neutral
pos&!neg&farseeing&mesa: negative
pos&neg&!beneficial&!dulcet: positive
pos&neg&!beneficial&dulcet: negative
pos&neg&beneficial&!up: negative
pos&neg&beneficial&up: positive
DecisionTree learned:
!neg&!pos&!fish&!noisy: positive
!neg&!pos&!fish&noisy: negative
!neg&!pos&fish&!past: positive
!neg&!pos&fish&past: negative
!neg&pos&!assorted&!down: positive
!neg&pos&!assorted&down: neutral
!neg&pos&assorted: conflict
neg&!beneficial&!former&!natural: positive
neg&!beneficial&!former&natural: negative
neg&!beneficial&former&!italian: neutral
neg&!beneficial&former&italian: conflict
neg&beneficial&!gawky&!newly: positive
neg&beneficial&!gawky&newly: conflict
neg&beneficial&gawky: negative
DecisionTree learned:
!pos&!worth&!neg&!fish: positive
!pos&!worth&!neg&fish: positive
!pos&!worth&neg&!attentive: negative
!pos&!worth&neg&attentive: conflict
!pos&worth&!adequate&!overall: conflict
!pos&worth&!adequate&overall: negative
!pos&worth&adequate: positive
pos&!mean&!icky&!extra: positive
pos&!mean&!icky&extra: neutral
pos&!mean&icky&!dainty: negative
pos&!mean&icky&dainty: negative
pos&mean&!clear&!worth: negative
pos&mean&!clear&worth: negative
pos&mean&clear: negative
DecisionTree learned:
!neg&!pos&!senior&!new: positive
!neg&!pos&!senior&new: positive
!neg&!pos&senior&!such: conflict
!neg&!pos&senior&such: negative
!neg&pos&!fair&!down: positive
!neg&pos&!fair&down: conflict
!neg&pos&fair: positive
neg&!beneficial&!unlike&!authentic: negative
neg&!beneficial&!unlike&authentic: positive
neg&!beneficial&unlike&!same: positive
neg&!beneficial&unlike&same: negative
neg&beneficial&!up&!newly: negative
neg&beneficial&!up&newly: conflict
neg&beneficial&up: positive
DecisionTree learned:
!neg&!worth&!pos&!new: positive
!neg&!worth&!pos&new: positive
!neg&!worth&pos&!music: positive
!neg&!worth&pos&music: negative
!neg&worth&!beneficial&!pos: conflict
!neg&worth&!beneficial&pos: positive
!neg&worth&beneficial: conflict
neg&!beneficial&!second&!large: negative
neg&!beneficial&!second&large: positive
neg&!beneficial&second&!first: neutral
neg&!beneficial&second&first: conflict
neg&beneficial&!gawky&!newly: positive
neg&beneficial&!gawky&newly: conflict
neg&beneficial&gawky: negative
DecisionTree learned:
!neg&!worth&!entire&!newly: positive
!neg&!worth&!entire&newly: positive
!neg&!worth&entire&!japanese: negative
!neg&!worth&entire&japanese: positive
!neg&worth&!beneficial&!pos: conflict
!neg&worth&!beneficial&pos: positive
!neg&worth&beneficial: conflict
neg&!beneficial&!unlike&!second: negative
neg&!beneficial&!unlike&second: neutral
neg&!beneficial&unlike&!same: positive
neg&!beneficial&unlike&same: negative
neg&beneficial&!gawky&!up: negative
neg&beneficial&!gawky&up: positive
neg&beneficial&gawky: negative
DecisionTree learned:
!pos&!fresh&!ideal&!dry: positive
!pos&!fresh&!ideal&dry: negative
!pos&!fresh&ideal: conflict
!pos&fresh&!new&!gear: positive
!pos&fresh&!new&gear: conflict
!pos&fresh&new&!fish: negative
!pos&fresh&new&fish: positive
pos&!extra&!clear&!down: positive
pos&!extra&!clear&down: conflict
pos&!extra&clear&!base: neutral
pos&!extra&clear&base: negative
pos&extra&!tasteless&!little: positive
pos&extra&!tasteless&little: negative
pos&extra&tasteless: negative
DecisionTree learned:
!worth&!pos&!new&!little: positive
!worth&!pos&!new&little: negative
!worth&!pos&new&!fish: conflict
!worth&!pos&new&fish: conflict
!worth&pos&!icky&!extra: positive
!worth&pos&!icky&extra: neutral
!worth&pos&icky&!dainty: negative
!worth&pos&icky&dainty: negative
worth&!close&!adequate&!pos: conflict
worth&!close&!adequate&pos: conflict
worth&!close&adequate: positive
worth&close: negative
DecisionTree learned:
!italian&!big&!neg&!attentive: positive
!italian&!big&!neg&attentive: positive
!italian&!big&neg&!beneficial: negative
!italian&!big&neg&beneficial: negative
!italian&big&!prompt&!ascribable: positive
!italian&big&!prompt&ascribable: conflict
!italian&big&prompt: conflict
italian&!few&!former: positive
italian&!few&former: conflict
italian&few: conflict
DecisionTree learned:
!neg&!worth&!pos&!ideal: positive
!neg&!worth&!pos&ideal: conflict
!neg&!worth&pos&!assorted: positive
!neg&!worth&pos&assorted: conflict
!neg&worth&!adequate&!pos: conflict
!neg&worth&!adequate&pos: negative
!neg&worth&adequate: positive
neg&!beneficial&!authentic&!unlike: negative
neg&!beneficial&!authentic&unlike: positive
neg&!beneficial&authentic&!tasty: positive
neg&!beneficial&authentic&tasty: neutral
neg&beneficial&!gawky&!newly: positive
neg&beneficial&!gawky&newly: conflict
neg&beneficial&gawky: negative
DecisionTree learned:
!italian&!effective&!fresh&!across: positive
!italian&!effective&!fresh&across: positive
!italian&!effective&fresh&!bracing: positive
!italian&!effective&fresh&bracing: positive
!italian&effective&!neg&!early: positive
!italian&effective&!neg&early: conflict
!italian&effective&neg&!early: negative
!italian&effective&neg&early: positive
italian&!few&!former: positive
italian&!few&former: conflict
italian&few: conflict
DecisionTree learned:
!neg&!pos&!worth&!fish: positive
!neg&!pos&!worth&fish: positive
!neg&!pos&worth&!adequate: conflict
!neg&!pos&worth&adequate: positive
!neg&pos&!fair&!eye: positive
!neg&pos&!fair&eye: conflict
!neg&pos&fair: positive
neg&!beneficial&!unlike&!unique: negative
neg&!beneficial&!unlike&unique: positive
neg&!beneficial&unlike&!same: positive
neg&!beneficial&unlike&same: negative
neg&beneficial&!newly&!big: negative
neg&beneficial&!newly&big: positive
neg&beneficial&newly: negative
DecisionTree learned:
!pos&!new&!adequate&!inedible: positive
!pos&!new&!adequate&inedible: negative
!pos&!new&adequate&!to: conflict
!pos&!new&adequate&to: neutral
!pos&new&!neg&!fresh: conflict
!pos&new&!neg&fresh: positive
!pos&new&neg&!natural: conflict
!pos&new&neg&natural: negative
pos&!extra&!eye&!cordial: positive
pos&!extra&!eye&cordial: conflict
pos&!extra&eye: conflict
pos&extra&!tasteless&!detail: neutral
pos&extra&!tasteless&detail: positive
pos&extra&tasteless: negative
DecisionTree learned:
!worth&!pos&!adequate&!new: positive
!worth&!pos&!adequate&new: conflict
!worth&!pos&adequate&!to: conflict
!worth&!pos&adequate&to: neutral
!worth&pos&!extra&!overall: positive
!worth&pos&!extra&overall: neutral
!worth&pos&extra&!tasteless: neutral
!worth&pos&extra&tasteless: negative
worth&!up&!close&!pos: conflict
worth&!up&!close&pos: conflict
worth&!up&close: negative
worth&up&!beneficial: neutral
worth&up&beneficial: conflict
DecisionTree learned:
!italian&!effective&!fresh&!authentic: positive
!italian&!effective&!fresh&authentic: positive
!italian&!effective&fresh&!bracing: positive
!italian&!effective&fresh&bracing: positive
!italian&effective&!neg&!early: positive
!italian&effective&!neg&early: conflict
!italian&effective&neg&!newly: negative
!italian&effective&neg&newly: conflict
italian&!few&!former: positive
italian&!few&former: conflict
italian&few: conflict
DecisionTree learned:
!italian&!fresh&!effective&!big: positive
!italian&!fresh&!effective&big: positive
!italian&!fresh&effective&!neg: positive
!italian&!fresh&effective&neg: positive
!italian&fresh&!bracing&!decelerate: negative
!italian&fresh&!bracing&decelerate: conflict
!italian&fresh&bracing&!adult: positive
!italian&fresh&bracing&adult: conflict
italian&!few&!former: positive
italian&!few&former: conflict
italian&few: conflict
DecisionTree learned:
!worth&!big&!neg&!entire: positive
!worth&!big&!neg&entire: negative
!worth&!big&neg&!beneficial: negative
!worth&!big&neg&beneficial: negative
!worth&big&!cunning&!ascribable: positive
!worth&big&!cunning&ascribable: conflict
!worth&big&cunning: conflict
worth&!close&!up&!pos: conflict
worth&!close&!up&pos: conflict
worth&!close&up&!beneficial: neutral
worth&!close&up&beneficial: conflict
worth&close: negative
DecisionTree learned:
!neg&!pos&!fish&!other: positive
!neg&!pos&!fish&other: negative
!neg&!pos&fish&!adequate: positive
!neg&!pos&fish&adequate: conflict
!neg&pos&!eye&!debauched: positive
!neg&pos&!eye&debauched: neutral
!neg&pos&eye: conflict
neg&!beneficial&!second&!recently: negative
neg&!beneficial&!second&recently: neutral
neg&!beneficial&second&!first: neutral
neg&!beneficial&second&first: conflict
neg&beneficial&!newly&!big: negative
neg&beneficial&!newly&big: positive
neg&beneficial&newly: conflict
DecisionTree learned:
!average&!fresh&!pos&!worth: positive
!average&!fresh&!pos&worth: conflict
!average&!fresh&pos&!extra: positive
!average&!fresh&pos&extra: neutral
!average&fresh&!bracing&!decelerate: positive
!average&fresh&!bracing&decelerate: conflict
!average&fresh&bracing&!adult: positive
!average&fresh&bracing&adult: conflict
average&!fair&!cushy&!tasty: negative
average&!fair&!cushy&tasty: neutral
average&!fair&cushy: negative
average&fair: positive
DecisionTree learned:
!worth&!italian&!adequate&!pos: positive
!worth&!italian&!adequate&pos: positive
!worth&!italian&adequate&!pos: conflict
!worth&!italian&adequate&pos: neutral
!worth&italian&!few&!former: positive
!worth&italian&!few&former: conflict
!worth&italian&few: conflict
worth&!close&!up&!little: conflict
worth&!close&!up&little: negative
worth&!close&up&!beneficial: neutral
worth&!close&up&beneficial: negative
worth&close: negative
DecisionTree learned:
!worth&!icky&!little&!big: positive
!worth&!icky&!little&big: positive
!worth&!icky&little&!survive: negative
!worth&!icky&little&survive: neutral
!worth&icky&!dainty: negative
!worth&icky&dainty: negative
worth&!close&!up&!adequate: conflict
worth&!close&!up&adequate: positive
worth&!close&up&!beneficial: neutral
worth&!close&up&beneficial: conflict
worth&close: negative
DecisionTree learned:
!neg&!patched&!pos&!new: positive
!neg&!patched&!pos&new: conflict
!neg&!patched&pos&!fair: positive
!neg&!patched&pos&fair: positive
!neg&patched: conflict
neg&!beneficial&!french&!clear: negative
neg&!beneficial&!french&clear: neutral
neg&!beneficial&french&!clear: conflict
neg&!beneficial&french&clear: positive
neg&beneficial&!up&!free: negative
neg&beneficial&!up&free: positive
neg&beneficial&up: positive
DecisionTree learned:
!effective&!neg&!compact&!fish: positive
!effective&!neg&!compact&fish: positive
!effective&!neg&compact: conflict
!effective&neg&!french&!ascribable: negative
!effective&neg&!french&ascribable: conflict
!effective&neg&french&!airless: conflict
!effective&neg&french&airless: positive
effective&!neg&!worth&!early: positive
effective&!neg&!worth&early: conflict
effective&!neg&worth: conflict
effective&neg&!newly&!big: negative
effective&neg&!newly&big: positive
effective&neg&newly: conflict
DecisionTree learned:
!effective&!neg&!ideal&!pos: positive
!effective&!neg&!ideal&pos: positive
!effective&!neg&ideal: conflict
!effective&neg&!muffle&!french: negative
!effective&neg&!muffle&french: positive
!effective&neg&muffle: conflict
effective&!neg&!worth&!pos: conflict
effective&!neg&!worth&pos: positive
effective&!neg&worth: conflict
effective&neg&!up&!newly: negative
effective&neg&!up&newly: negative
effective&neg&up: positive
DecisionTree learned:
!effective&!average&!across&!adequate: positive
!effective&!average&!across&adequate: neutral
!effective&!average&across&!attentive: positive
!effective&!average&across&attentive: positive
!effective&average&!cushy&!early: negative
!effective&average&!cushy&early: positive
!effective&average&cushy: negative
effective&!neg&!early&!worth: positive
effective&!neg&!early&worth: negative
effective&!neg&early: conflict
effective&neg&!newly&!big: negative
effective&neg&!newly&big: positive
effective&neg&newly: conflict
DecisionTree learned:
!worth&!fresh&!effective&!muffle: positive
!worth&!fresh&!effective&muffle: conflict
!worth&!fresh&effective&!neg: positive
!worth&!fresh&effective&neg: negative
!worth&fresh&!bracing&!decelerate: positive
!worth&fresh&!bracing&decelerate: conflict
!worth&fresh&bracing&!beneficial: positive
!worth&fresh&bracing&beneficial: negative
worth&!close&!beneficial&!up: conflict
worth&!close&!beneficial&up: neutral
worth&!close&beneficial: conflict
worth&close: negative
DecisionTree learned:
!italian&!muffle&!effective&!inedible: positive
!italian&!muffle&!effective&inedible: negative
!italian&!muffle&effective&!neg: positive
!italian&!muffle&effective&neg: negative
!italian&muffle: conflict
italian&!few&!former: positive
italian&!few&former: conflict
italian&few: conflict
DecisionTree learned:
!patched&!neg&!attentive&!pos: positive
!patched&!neg&!attentive&pos: positive
!patched&!neg&attentive&!pos: positive
!patched&!neg&attentive&pos: positive
!patched&neg&!beneficial&!unlike: negative
!patched&neg&!beneficial&unlike: neutral
!patched&neg&beneficial&!gawky: positive
!patched&neg&beneficial&gawky: negative
patched: conflict
DecisionTree learned:
!across&!worth&!adequate&!pos: positive
!across&!worth&!adequate&pos: positive
!across&!worth&adequate&!pos: conflict
!across&!worth&adequate&pos: neutral
!across&worth&!adequate&!up: conflict
!across&worth&!adequate&up: positive
!across&worth&adequate: positive
across&!attentive: positive
across&attentive: conflict
DecisionTree learned:
!fresh&!effective&!italian&!ideal: positive
!fresh&!effective&!italian&ideal: conflict
!fresh&!effective&italian&!few: positive
!fresh&!effective&italian&few: conflict
!fresh&effective&!neg&!early: positive
!fresh&effective&!neg&early: conflict
!fresh&effective&neg&!big: negative
!fresh&effective&neg&big: positive
fresh&!bracing&!big&!dense: negative
fresh&!bracing&!big&dense: conflict
fresh&!bracing&big: positive
fresh&bracing&!gear&!adult: positive
fresh&bracing&!gear&adult: negative
fresh&bracing&gear&!pos: conflict
fresh&bracing&gear&pos: negative
DecisionTree learned:
!worth&!across&!average&!little: positive
!worth&!across&!average&little: negative
!worth&!across&average&!cushy: negative
!worth&!across&average&cushy: negative
!worth&across&!attentive: positive
!worth&across&attentive: conflict
worth&!close&!up&!adequate: conflict
worth&!close&!up&adequate: positive
worth&!close&up&!beneficial: neutral
worth&!close&up&beneficial: conflict
worth&close: negative
DecisionTree learned:
!effective&!patched&!italian&!eye: positive
!effective&!patched&!italian&eye: conflict
!effective&!patched&italian&!few: positive
!effective&!patched&italian&few: conflict
!effective&patched: conflict
effective&!neg&!early&!pos: conflict
effective&!neg&!early&pos: negative
effective&!neg&early: conflict
effective&neg&!newly&!big: negative
effective&neg&!newly&big: positive
effective&neg&newly: conflict
DecisionTree learned:
!worth&!pos&!new&!neg: positive
!worth&!pos&!new&neg: negative
!worth&!pos&new&!fish: conflict
!worth&!pos&new&fish: conflict
!worth&pos&!extra&!icky: positive
!worth&pos&!extra&icky: negative
!worth&pos&extra&!detail: neutral
!worth&pos&extra&detail: positive
worth&!up&!close&!pos: conflict
worth&!up&!close&pos: conflict
worth&!up&close: negative
worth&up&!beneficial: neutral
worth&up&beneficial: negative
DecisionTree learned:
!effective&!italian&!neg&!eye: positive
!effective&!italian&!neg&eye: conflict
!effective&!italian&neg&!muffle: negative
!effective&!italian&neg&muffle: conflict
!effective&italian&!few&!neg: positive
!effective&italian&!few&neg: conflict
!effective&italian&few: conflict
effective&!neg&!early&!worth: positive
effective&!neg&!early&worth: conflict
effective&!neg&early: conflict
effective&neg&!little&!newly: positive
effective&neg&!little&newly: conflict
effective&neg&little&!independent: negative
effective&neg&little&independent: negative
DecisionTree learned:
!fresh&!pos&!noisy&!dry: positive
!fresh&!pos&!noisy&dry: negative
!fresh&!pos&noisy&!mesa: conflict
!fresh&!pos&noisy&mesa: negative
!fresh&pos&!overall&!clear: positive
!fresh&pos&!overall&clear: neutral
!fresh&pos&overall&!big: neutral
!fresh&pos&overall&big: positive
fresh&!bracing&!big&!dense: negative
fresh&!bracing&!big&dense: conflict
fresh&!bracing&big: positive
fresh&bracing&!adult&!gear: positive
fresh&bracing&!adult&gear: negative
fresh&bracing&adult: conflict
DecisionTree learned:
!across&!pos&!new&!adequate: positive
!across&!pos&!new&adequate: conflict
!across&!pos&new&!fish: negative
!across&!pos&new&fish: conflict
!across&pos&!extra&!overall: positive
!across&pos&!extra&overall: neutral
!across&pos&extra&!tasteless: neutral
!across&pos&extra&tasteless: negative
across&!attentive: positive
across&attentive: positive
DecisionTree learned:
!average&!adequate&!worth&!italian: positive
!average&!adequate&!worth&italian: positive
!average&!adequate&worth&!close: conflict
!average&!adequate&worth&close: negative
!average&adequate&!pos&!to: conflict
!average&adequate&!pos&to: neutral
!average&adequate&pos&!neg: neutral
!average&adequate&pos&neg: neutral
average&!cushy&!fair&!early: negative
average&!cushy&!fair&early: positive
average&!cushy&fair: positive
average&cushy: negative
DecisionTree learned:
!neg&!fish&!pos&!senior: positive
!neg&!fish&!pos&senior: conflict
!neg&!fish&pos&!debauched: positive
!neg&!fish&pos&debauched: neutral
!neg&fish&!adequate&!new: positive
!neg&fish&!adequate&new: conflict
!neg&fish&adequate: conflict
neg&!beneficial&!unlike&!busy: negative
neg&!beneficial&!unlike&busy: conflict
neg&!beneficial&unlike&!same: neutral
neg&!beneficial&unlike&same: negative
neg&beneficial&!free&!early: negative
neg&beneficial&!free&early: positive
neg&beneficial&free: positive
DecisionTree learned:
!across&!worth&!fresh&!effective: positive
!across&!worth&!fresh&effective: positive
!across&!worth&fresh&!necessary: negative
!across&!worth&fresh&necessary: neutral
!across&worth&!close&!up: conflict
!across&worth&!close&up: negative
!across&worth&close: negative
across&!attentive: positive
across&attentive: positive
DecisionTree learned:
!italian&!effective&!big&!new: positive
!italian&!effective&!big&new: conflict
!italian&!effective&big&!cunning: positive
!italian&!effective&big&cunning: conflict
!italian&effective&!neg&!pos: conflict
!italian&effective&!neg&pos: positive
!italian&effective&neg&!gawky: negative
!italian&effective&neg&gawky: negative
italian&!few&!former: positive
italian&!few&former: conflict
italian&few: conflict
DecisionTree learned:
!worth&!neg&!eye&!versatile: positive
!worth&!neg&!eye&versatile: conflict
!worth&!neg&eye: conflict
!worth&neg&!beneficial&!few: negative
!worth&neg&!beneficial&few: negative
!worth&neg&beneficial&!up: negative
!worth&neg&beneficial&up: positive
worth&!close&!up&!adequate: conflict
worth&!close&!up&adequate: positive
worth&!close&up&!beneficial: neutral
worth&!close&up&beneficial: conflict
worth&close: negative
DecisionTree learned:
!effective&!neg&!noisy&!fish: positive
!effective&!neg&!noisy&fish: positive
!effective&!neg&noisy&!mesa: conflict
!effective&!neg&noisy&mesa: negative
!effective&neg&!unlike&!second: negative
!effective&neg&!unlike&second: neutral
!effective&neg&unlike&!same: positive
!effective&neg&unlike&same: negative
effective&!neg&!early&!pos: conflict
effective&!neg&!early&pos: negative
effective&!neg&early: conflict
effective&neg&!gawky&!adipose: positive
effective&neg&!gawky&adipose: negative
effective&neg&gawky: negative
DecisionTree learned:
!neg&!fish&!attentive&!pos: positive
!neg&!fish&!attentive&pos: positive
!neg&!fish&attentive&!pos: positive
!neg&!fish&attentive&pos: positive
!neg&fish&!new&!adequate: positive
!neg&fish&!new&adequate: conflict
!neg&fish&new: conflict
neg&!beneficial&!jewish&!french: negative
neg&!beneficial&!jewish&french: positive
neg&!beneficial&jewish: conflict
neg&beneficial&!newly&!big: negative
neg&beneficial&!newly&big: positive
neg&beneficial&newly: conflict
DecisionTree learned:
!worth&!italian&!noisy&!effective: positive
!worth&!italian&!noisy&effective: negative
!worth&!italian&noisy&!mesa: conflict
!worth&!italian&noisy&mesa: negative
!worth&italian&!few&!former: positive
!worth&italian&!few&former: conflict
!worth&italian&few: conflict
worth&!cushy&!neg&!pos: conflict
worth&!cushy&!neg&pos: neutral
worth&!cushy&neg&!close: negative
worth&!cushy&neg&close: negative
worth&cushy: conflict
DecisionTree learned:
!worth&!effective&!fresh&!big: positive
!worth&!effective&!fresh&big: positive
!worth&!effective&fresh&!bracing: negative
!worth&!effective&fresh&bracing: positive
!worth&effective&!neg&!early: positive
!worth&effective&!neg&early: conflict
!worth&effective&neg&!former: negative
!worth&effective&neg&former: positive
worth&!close&!up&!aplomb: conflict
worth&!close&!up&aplomb: positive
worth&!close&up&!beneficial: neutral
worth&!close&up&beneficial: conflict
worth&close: negative
DecisionTree learned:
!effective&!big&!new&!neg: positive
!effective&!big&!new&neg: negative
!effective&!big&new&!pos: conflict
!effective&!big&new&pos: negative
!effective&big&!immediate&!cunning: positive
!effective&big&!immediate&cunning: conflict
!effective&big&immediate: conflict
effective&!neg&!early&!pos: conflict
effective&!neg&!early&pos: positive
effective&!neg&early: conflict
effective&neg&!fresh&!big: positive
effective&neg&!fresh&big: positive
effective&neg&fresh&!first: negative
effective&neg&fresh&first: negative
DecisionTree learned:
!worth&!adequate&!neg&!pos: positive
!worth&!adequate&!neg&pos: positive
!worth&!adequate&neg&!beneficial: negative
!worth&!adequate&neg&beneficial: negative
!worth&adequate&!pos&!to: conflict
!worth&adequate&!pos&to: neutral
!worth&adequate&pos: neutral
worth&!up&!close&!pos: conflict
worth&!up&!close&pos: positive
worth&!up&close: negative
worth&up&!beneficial: neutral
worth&up&beneficial: conflict
DecisionTree learned:
!worth&!patched&!across&!little: positive
!worth&!patched&!across&little: negative
!worth&!patched&across&!attentive: positive
!worth&!patched&across&attentive: conflict
!worth&patched: conflict
worth&!up&!close&!overall: conflict
worth&!up&!close&overall: negative
worth&!up&close: negative
worth&up&!beneficial: neutral
worth&up&beneficial: negative
DecisionTree learned:
!worth&!nearby&!pos&!new: positive
!worth&!nearby&!pos&new: conflict
!worth&!nearby&pos&!extra: positive
!worth&!nearby&pos&extra: neutral
!worth&nearby: conflict
worth&!up&!close&!pos: conflict
worth&!up&!close&pos: conflict
worth&!up&close: negative
worth&up&!beneficial: neutral
worth&up&beneficial: negative
DecisionTree learned:
!effective&!across&!big&!new: positive
!effective&!across&!big&new: negative
!effective&!across&big&!cunning: positive
!effective&!across&big&cunning: conflict
!effective&across&!attentive: positive
!effective&across&attentive: conflict
effective&!neg&!early&!worth: positive
effective&!neg&!early&worth: conflict
effective&!neg&early: conflict
effective&neg&!gawky&!newly: positive
effective&neg&!gawky&newly: conflict
effective&neg&gawky: negative
DecisionTree learned:
!fresh&!patched&!across&!effective: positive
!fresh&!patched&!across&effective: positive
!fresh&!patched&across&!attentive: positive
!fresh&!patched&across&attentive: positive
!fresh&patched: conflict
fresh&!bracing&!decelerate&!big: negative
fresh&!bracing&!decelerate&big: positive
fresh&!bracing&decelerate: conflict
fresh&bracing&!adult&!gear: positive
fresh&bracing&!adult&gear: negative
fresh&bracing&adult: conflict
DecisionTree learned:
!effective&!noisy&!inedible&!pos: positive
!effective&!noisy&!inedible&pos: positive
!effective&!noisy&inedible&!pos: negative
!effective&!noisy&inedible&pos: negative
!effective&noisy&!mesa: conflict
!effective&noisy&mesa: negative
effective&!neg&!early&!solid: positive
effective&!neg&!early&solid: negative
effective&!neg&early: conflict
effective&neg&!gawky&!fresh: positive
effective&neg&!gawky&fresh: negative
effective&neg&gawky: negative
DecisionTree learned:
!fair&!average&!pos&!new: positive
!fair&!average&!pos&new: conflict
!fair&!average&pos&!extra: positive
!fair&!average&pos&extra: neutral
!fair&average&!cushy&!early: negative
!fair&average&!cushy&early: positive
!fair&average&cushy: negative
fair&!pos: positive
fair&pos&!neg: positive
fair&pos&neg&!reasonable: positive
fair&pos&neg&reasonable: positive
DecisionTree learned:
!busy&!effective&!patched&!french: positive
!busy&!effective&!patched&french: positive
!busy&!effective&patched: conflict
!busy&effective&!neg&!early: negative
!busy&effective&!neg&early: conflict
!busy&effective&neg&!gawky: negative
!busy&effective&neg&gawky: negative
busy&!up&!attentive: conflict
busy&!up&attentive: conflict
busy&up: positive
DecisionTree learned:
!effective&!neg&!patched&!nearby: positive
!effective&!neg&!patched&nearby: conflict
!effective&!neg&patched: conflict
!effective&neg&!unlike&!ascribable: negative
!effective&neg&!unlike&ascribable: conflict
!effective&neg&unlike&!same: neutral
!effective&neg&unlike&same: negative
effective&!neg&!early&!pos: conflict
effective&!neg&!early&pos: negative
effective&!neg&early: conflict
effective&neg&!gawky&!newly: positive
effective&neg&!gawky&newly: conflict
effective&neg&gawky: negative
DecisionTree learned:
!neg&!nearby&!eye&!effective: positive
!neg&!nearby&!eye&effective: negative
!neg&!nearby&eye: conflict
!neg&nearby: conflict
neg&!unlike&!beneficial&!unique: negative
neg&!unlike&!beneficial&unique: positive
neg&!unlike&beneficial&!newly: negative
neg&!unlike&beneficial&newly: conflict
neg&unlike&!same&!large: neutral
neg&unlike&!same&large: positive
neg&unlike&same: negative
DecisionTree learned:
!worth&!fresh&!patched&!italian: positive
!worth&!fresh&!patched&italian: positive
!worth&!fresh&patched: conflict
!worth&fresh&!bracing&!big: negative
!worth&fresh&!bracing&big: neutral
!worth&fresh&bracing&!adult: negative
!worth&fresh&bracing&adult: conflict
worth&!beneficial&!up&!overall: conflict
worth&!beneficial&!up&overall: negative
worth&!beneficial&up: positive
worth&beneficial: conflict
DecisionTree learned:
!busy&!icky&!nearby&!little: positive
!busy&!icky&!nearby&little: negative
!busy&!icky&nearby: conflict
!busy&icky&!dainty: negative
!busy&icky&dainty: negative
busy&!up&!attentive: conflict
busy&!up&attentive: conflict
busy&up: positive
DecisionTree learned:
!effective&!italian&!ideal&!big: positive
!effective&!italian&!ideal&big: positive
!effective&!italian&ideal: conflict
!effective&italian&!neg&!few: positive
!effective&italian&!neg&few: conflict
!effective&italian&neg: conflict
effective&!neg&!pos&!efficient: conflict
effective&!neg&!pos&efficient: positive
effective&!neg&pos&!early: positive
effective&!neg&pos&early: conflict
effective&neg&!fresh&!little: positive
effective&neg&!fresh&little: negative
effective&neg&fresh&!big: negative
effective&neg&fresh&big: conflict
DecisionTree learned:
!effective&!fresh&!nearby&!across: positive
!effective&!fresh&!nearby&across: positive
!effective&!fresh&nearby: conflict
!effective&fresh&!bracing&!big: conflict
!effective&fresh&!bracing&big: positive
!effective&fresh&bracing&!gear: positive
!effective&fresh&bracing&gear: negative
effective&!neg&!early&!distinctive: positive
effective&!neg&!early&distinctive: neutral
effective&!neg&early: conflict
effective&neg&!gawky&!up: negative
effective&neg&!gawky&up: positive
effective&neg&gawky: negative
DecisionTree learned:
!effective&!adequate&!busy&!worth: positive
!effective&!adequate&!busy&worth: conflict
!effective&!adequate&busy&!up: conflict
!effective&!adequate&busy&up: positive
!effective&adequate&!pos&!to: conflict
!effective&adequate&!pos&to: neutral
!effective&adequate&pos&!neg: neutral
!effective&adequate&pos&neg: neutral
effective&!neg&!fair&!pos: conflict
effective&!neg&!fair&pos: negative
effective&!neg&fair: positive
effective&neg&!adipose&!newly: positive
effective&neg&!adipose&newly: conflict
effective&neg&adipose: negative
DecisionTree learned:
!little&!worth&!eye&!adequate: positive
!little&!worth&!eye&adequate: neutral
!little&!worth&eye: conflict
!little&worth&!up&!close: conflict
!little&worth&!up&close: negative
!little&worth&up&!beneficial: neutral
!little&worth&up&beneficial: conflict
little&!survive&!of&!ashen: negative
little&!survive&!of&ashen: negative
little&!survive&of&!full: negative
little&!survive&of&full: negative
little&survive: neutral
DecisionTree learned:
!worth&!neg&!pos&!effective: positive
!worth&!neg&!pos&effective: conflict
!worth&!neg&pos&!old: positive
!worth&!neg&pos&old: negative
!worth&neg&!beneficial&!ascribable: negative
!worth&neg&!beneficial&ascribable: conflict
!worth&neg&beneficial&!up: negative
!worth&neg&beneficial&up: positive
worth&!cushy&!neg&!up: conflict
worth&!cushy&!neg&up: neutral
worth&!cushy&neg&!close: negative
worth&!cushy&neg&close: negative
worth&cushy: conflict
DecisionTree learned:
!worth&!pos&!ideal&!adequate: positive
!worth&!pos&!ideal&adequate: conflict
!worth&!pos&ideal: conflict
!worth&pos&!extra&!clear: positive
!worth&pos&!extra&clear: neutral
!worth&pos&extra&!tasteless: neutral
!worth&pos&extra&tasteless: negative
worth&!cushy&!up&!neg: conflict
worth&!cushy&!up&neg: negative
worth&!cushy&up&!beneficial: neutral
worth&!cushy&up&beneficial: conflict
worth&cushy: conflict
DecisionTree learned:
!fresh&!jewish&!worth&!italian: positive
!fresh&!jewish&!worth&italian: positive
!fresh&!jewish&worth&!close: conflict
!fresh&!jewish&worth&close: negative
!fresh&jewish: conflict
fresh&!bracing&!big&!dense: negative
fresh&!bracing&!big&dense: conflict
fresh&!bracing&big: positive
fresh&bracing&!adult&!gear: positive
fresh&bracing&!adult&gear: negative
fresh&bracing&adult: conflict
DecisionTree learned:
!fresh&!worth&!inedible&!italian: positive
!fresh&!worth&!inedible&italian: positive
!fresh&!worth&inedible&!pos: conflict
!fresh&!worth&inedible&pos: negative
!fresh&worth&!close&!up: conflict
!fresh&worth&!close&up: conflict
!fresh&worth&close: negative
fresh&!bracing&!big&!dense: negative
fresh&!bracing&!big&dense: conflict
fresh&!bracing&big: positive
fresh&bracing&!adult&!gear: positive
fresh&bracing&!adult&gear: conflict
fresh&bracing&adult: conflict
DecisionTree learned:
!worth&!adequate&!pos&!new: negative
!worth&!adequate&!pos&new: conflict
!worth&!adequate&pos&!extra: positive
!worth&!adequate&pos&extra: neutral
!worth&adequate&!pos&!to: conflict
!worth&adequate&!pos&to: neutral
!worth&adequate&pos&!neg: neutral
!worth&adequate&pos&neg: neutral
worth&!up&!adequate&!close: conflict
worth&!up&!adequate&close: negative
worth&!up&adequate: positive
worth&up&!beneficial: neutral
worth&up&beneficial: negative
DecisionTree learned:
!worth&!fresh&!pos&!nearby: positive
!worth&!fresh&!pos&nearby: conflict
!worth&!fresh&pos&!extra: positive
!worth&!fresh&pos&extra: neutral
!worth&fresh&!advanced&!bracing: negative
!worth&fresh&!advanced&bracing: negative
!worth&fresh&advanced&!neg: positive
!worth&fresh&advanced&neg: positive
worth&!aplomb&!cushy&!neg: conflict
worth&!aplomb&!cushy&neg: negative
worth&!aplomb&cushy: conflict
worth&aplomb: positive
DecisionTree learned:
!effective&!french&!nearby&!fresh: positive
!effective&!french&!nearby&fresh: negative
!effective&!french&nearby: conflict
!effective&french&!pos: positive
!effective&french&pos&!clear: conflict
!effective&french&pos&clear: positive
effective&!neg&!pos&!efficient: conflict
effective&!neg&!pos&efficient: negative
effective&!neg&pos&!early: negative
effective&!neg&pos&early: conflict
effective&neg&!gawky&!newly: negative
effective&neg&!gawky&newly: conflict
effective&neg&gawky: negative
DecisionTree learned:
!pos&!adequate&!new&!noisy: positive
!pos&!adequate&!new&noisy: negative
!pos&!adequate&new&!hot: conflict
!pos&!adequate&new&hot: positive
!pos&adequate&!to&!overall: conflict
!pos&adequate&!to&overall: positive
!pos&adequate&to&!especial: neutral
!pos&adequate&to&especial: positive
pos&!down&!extra&!eye: positive
pos&!down&!extra&eye: conflict
pos&!down&extra&!tasteless: neutral
pos&!down&extra&tasteless: negative
pos&down: conflict
DecisionTree learned:
!worth&!ideal&!neg&!pos: positive
!worth&!ideal&!neg&pos: positive
!worth&!ideal&neg&!beneficial: negative
!worth&!ideal&neg&beneficial: negative
!worth&ideal: conflict
worth&!up&!adequate&!close: conflict
worth&!up&!adequate&close: negative
worth&!up&adequate: positive
worth&up&!beneficial: neutral
worth&up&beneficial: conflict
DecisionTree learned:
!worth&!neg&!other&!ideal: positive
!worth&!neg&!other&ideal: conflict
!worth&!neg&other&!pos: negative
!worth&!neg&other&pos: negative
!worth&neg&!beneficial&!unlike: negative
!worth&neg&!beneficial&unlike: neutral
!worth&neg&beneficial&!newly: negative
!worth&neg&beneficial&newly: conflict
worth&!up&!close&!little: conflict
worth&!up&!close&little: negative
worth&!up&close: negative
worth&up&!beneficial: neutral
worth&up&beneficial: conflict
DecisionTree learned:
!worth&!italian&!fresh&!adequate: positive
!worth&!italian&!fresh&adequate: conflict
!worth&!italian&fresh&!bracing: conflict
!worth&!italian&fresh&bracing: negative
!worth&italian&!few&!former: positive
!worth&italian&!few&former: conflict
!worth&italian&few: conflict
worth&!close&!up&!pos: conflict
worth&!close&!up&pos: positive
worth&!close&up&!beneficial: neutral
worth&!close&up&beneficial: negative
worth&close: negative
DecisionTree learned:
!noisy&!across&!ideal&!french: positive
!noisy&!across&!ideal&french: positive
!noisy&!across&ideal: conflict
!noisy&across&!attentive: positive
!noisy&across&attentive: conflict
noisy&!mesa: conflict
noisy&mesa: negative
DecisionTree learned:
!italian&!effective&!fresh&!across: positive
!italian&!effective&!fresh&across: positive
!italian&!effective&fresh&!bracing: negative
!italian&!effective&fresh&bracing: positive
!italian&effective&!neg&!early: positive
!italian&effective&!neg&early: conflict
!italian&effective&neg&!early: negative
!italian&effective&neg&early: positive
italian&!few&!former: positive
italian&!few&former: conflict
italian&few: conflict
DecisionTree learned:
!across&!pos&!adequate&!ideal: negative
!across&!pos&!adequate&ideal: conflict
!across&!pos&adequate&!to: conflict
!across&!pos&adequate&to: neutral
!across&pos&!extra&!eye: positive
!across&pos&!extra&eye: conflict
!across&pos&extra&!tasteless: neutral
!across&pos&extra&tasteless: negative
across&!attentive: positive
across&attentive: conflict
DecisionTree learned:
!effective&!big&!new&!worth: positive
!effective&!big&!new&worth: conflict
!effective&!big&new&!unseasoned: negative
!effective&!big&new&unseasoned: conflict
!effective&big&!cunning&!prompt: positive
!effective&big&!cunning&prompt: conflict
!effective&big&cunning: conflict
effective&!neg&!pos&!efficient: conflict
effective&!neg&!pos&efficient: positive
effective&!neg&pos&!early: negative
effective&!neg&pos&early: conflict
effective&neg&!gawky&!early: positive
effective&neg&!gawky&early: positive
effective&neg&gawky: negative
DecisionTree learned:
!effective&!italian&!patched&!ascribable: positive
!effective&!italian&!patched&ascribable: conflict
!effective&!italian&patched: conflict
!effective&italian&!neg&!few: positive
!effective&italian&!neg&few: conflict
!effective&italian&neg: conflict
effective&!neg&!pos&!efficient: conflict
effective&!neg&!pos&efficient: negative
effective&!neg&pos&!early: negative
effective&!neg&pos&early: conflict
effective&neg&!gawky&!former: negative
effective&neg&!gawky&former: positive
effective&neg&gawky: negative
DecisionTree learned:
!worth&!effective&!fresh&!italian: positive
!worth&!effective&!fresh&italian: conflict
!worth&!effective&fresh&!bracing: conflict
!worth&!effective&fresh&bracing: positive
!worth&effective&!neg&!up: negative
!worth&effective&!neg&up: positive
!worth&effective&neg&!newly: negative
!worth&effective&neg&newly: conflict
worth&!close&!adequate&!up: conflict
worth&!close&!adequate&up: conflict
worth&!close&adequate: positive
worth&close: negative
DecisionTree learned:
!worth&!nearby&!effective&!big: positive
!worth&!nearby&!effective&big: positive
!worth&!nearby&effective&!neg: positive
!worth&!nearby&effective&neg: negative
!worth&nearby: conflict
worth&!close&!overall&!up: conflict
worth&!close&!overall&up: conflict
worth&!close&overall: negative
worth&close: negative
DecisionTree learned:
!new&!pos&!adequate&!muffle: positive
!new&!pos&!adequate&muffle: conflict
!new&!pos&adequate&!to: conflict
!new&!pos&adequate&to: neutral
!new&pos&!extra&!intemperate: positive
!new&pos&!extra&intemperate: negative
!new&pos&extra&!dainty: neutral
!new&pos&extra&dainty: positive
new&!pos&!unseasoned&!fish: negative
new&!pos&!unseasoned&fish: conflict
new&!pos&unseasoned&!hot: conflict
new&!pos&unseasoned&hot: positive
new&pos&!much&!big: positive
new&pos&!much&big: positive
new&pos&much: negative
DecisionTree learned:
!effective&!neg&!noisy&!entire: positive
!effective&!neg&!noisy&entire: negative
!effective&!neg&noisy&!mesa: conflict
!effective&!neg&noisy&mesa: negative
!effective&neg&!unlike&!unique: negative
!effective&neg&!unlike&unique: positive
!effective&neg&unlike&!same: neutral
!effective&neg&unlike&same: negative
effective&!neg&!early&!pos: conflict
effective&!neg&!early&pos: negative
effective&!neg&early: conflict
effective&neg&!free&!newly: negative
effective&neg&!free&newly: conflict
effective&neg&free: positive
DecisionTree learned:
!patched&!eye&!effective&!busy: positive
!patched&!eye&!effective&busy: conflict
!patched&!eye&effective&!neg: negative
!patched&!eye&effective&neg: positive
!patched&eye: conflict
patched: conflict
DecisionTree learned:
!neg&!attentive&!other&!new: positive
!neg&!attentive&!other&new: conflict
!neg&!attentive&other&!pos: negative
!neg&!attentive&other&pos: negative
!neg&attentive&!pos&!personable: positive
!neg&attentive&!pos&personable: positive
!neg&attentive&pos: positive
neg&!beneficial&!muffle&!second: negative
neg&!beneficial&!muffle&second: neutral
neg&!beneficial&muffle: conflict
neg&beneficial&!newly&!gawky: positive
neg&beneficial&!newly&gawky: negative
neg&beneficial&newly: conflict
DecisionTree learned:
!effective&!italian&!busy&!french: positive
!effective&!italian&!busy&french: positive
!effective&!italian&busy&!up: conflict
!effective&!italian&busy&up: positive
!effective&italian&!few&!neg: positive
!effective&italian&!few&neg: conflict
!effective&italian&few: conflict
effective&!neg&!pos&!efficient: conflict
effective&!neg&!pos&efficient: positive
effective&!neg&pos&!early: positive
effective&!neg&pos&early: conflict
effective&neg&!up&!newly: negative
effective&neg&!up&newly: conflict
effective&neg&up: positive
DecisionTree learned:
!italian&!busy&!effective&!big: positive
!italian&!busy&!effective&big: positive
!italian&!busy&effective&!neg: negative
!italian&!busy&effective&neg: negative
!italian&busy&!up&!pos: conflict
!italian&busy&!up&pos: conflict
!italian&busy&up: positive
italian&!few&!former: positive
italian&!few&former: conflict
italian&few: conflict
DecisionTree learned:
!effective&!french&!big&!fresh: positive
!effective&!french&!big&fresh: negative
!effective&!french&big&!prompt: positive
!effective&!french&big&prompt: conflict
!effective&french&!pos: positive
!effective&french&pos&!indian: conflict
!effective&french&pos&indian: positive
effective&!neg&!early&!fair: negative
effective&!neg&!early&fair: positive
effective&!neg&early: conflict
effective&neg&!early&!up: negative
effective&neg&!early&up: positive
effective&neg&early: positive
Trial 0 Training cc.mallet.classify.AdaBoostM2Trainer@49ff0dde finished
Trial 0 Trainer cc.mallet.classify.AdaBoostM2Trainer@49ff0dde test data accuracy = 0.6078697421981004

NaiveBayesTrainer
Summary. test accuracy mean = 0.5413839891451832 stddev = 0.0 stderr = 0.0

MaxEntTrainer,gaussianPriorVariance=1.0
Summary. test accuracy mean = 0.5848032564450475 stddev = 0.0 stderr = 0.0

cc.mallet.classify.DecisionTreeTrainer@69945ce
Summary. test accuracy mean = 0.5970149253731343 stddev = 0.0 stderr = 0.0

cc.mallet.classify.AdaBoostM2Trainer@49ff0dde
Summary. test accuracy mean = 0.6078697421981004 stddev = 0.0 stderr = 0.0
