
-------------------- Trial 0  --------------------

Trial 0 Training NaiveBayesTrainer with 2956 instances
Trial 0 Training NaiveBayesTrainer finished
Trial 0 Trainer NaiveBayesTrainer test data accuracy = 0.6282225237449118
Trial 0 Training MaxEntTrainer,gaussianPriorVariance=1.0 with 2956 instances
Trial 0 Training MaxEntTrainer,gaussianPriorVariance=1.0 finished
Trial 0 Trainer MaxEntTrainer,gaussianPriorVariance=1.0 test data accuracy = 0.6309362279511533
Trial 0 Training cc.mallet.classify.DecisionTreeTrainer@69945ce with 2956 instances
DecisionTree learned:
!great&!not&!dinner&!good: positive
!great&!not&!dinner&good: positive
!great&!not&dinner&!having: neutral
!great&!not&dinner&having: positive
!great&not&!was&!in: negative
!great&not&!was&in: positive
!great&not&was&!good: negative
!great&not&was&good: negative
great&!white&!plus&!could: positive
great&!white&!plus&could: negative
great&!white&plus: negative
great&white: negative
Trial 0 Training cc.mallet.classify.DecisionTreeTrainer@69945ce finished
Trial 0 Trainer cc.mallet.classify.DecisionTreeTrainer@69945ce test data accuracy = 0.5848032564450475
Trial 0 Training cc.mallet.classify.AdaBoostM2Trainer@5464ea66 with 2956 instances
DecisionTree learned:
!great&!dinner&!not&!good: positive
!great&!dinner&!not&good: positive
!great&!dinner&not&!was: negative
!great&!dinner&not&was: negative
!great&dinner&!to&!having: neutral
!great&dinner&!to&having: positive
!great&dinner&to: neutral
great&!white&!plus&!ok: positive
great&!white&!plus&ok: neutral
great&!white&plus: negative
great&white: negative
DecisionTree learned:
!great&!was&!dinner&!best: positive
!great&!was&!dinner&best: positive
!great&!was&dinner&!having: neutral
!great&!was&dinner&having: positive
!great&was&!and&!good: negative
!great&was&!and&good: positive
!great&was&and&!not: positive
!great&was&and&not: negative
great&!white&!plus&!could: positive
great&!white&!plus&could: negative
great&!white&plus: negative
great&white: negative
DecisionTree learned:
!great&!good&!best&!delicious: positive
!great&!good&!best&delicious: positive
!great&!good&best&!at: positive
!great&!good&best&at: negative
!great&good&!food&!other: positive
!great&good&!food&other: conflict
!great&good&food&!of: positive
!great&good&food&of: negative
great&!plus&!white&!mare: positive
great&!plus&!white&mare: neutral
great&!plus&white: negative
great&plus: negative
DecisionTree learned:
!great&!was&!not&!the: positive
!great&!was&!not&the: positive
!great&!was&not&!exactly: negative
!great&!was&not&exactly: conflict
!great&was&!and&!ok: negative
!great&was&!and&ok: neutral
!great&was&and&!water: positive
!great&was&and&water: neutral
great&!pub&!ok&!plus: positive
great&!pub&!ok&plus: negative
great&!pub&ok: neutral
great&pub: conflict
DecisionTree learned:
!great&!was&!delicious&!n: positive
!great&!was&!delicious&n: negative
!great&!was&delicious&!top: positive
!great&!was&delicious&top: neutral
!great&was&!and&!good: negative
!great&was&!and&good: positive
!great&was&and&!cokes: positive
!great&was&and&cokes: neutral
great&!pub&!mare&!white: positive
great&!pub&!mare&white: negative
great&!pub&mare: neutral
great&pub: conflict
DecisionTree learned:
!great&!was&!dinner&!not: positive
!great&!was&!dinner&not: negative
!great&!was&dinner&!nice: neutral
!great&!was&dinner&nice: positive
!great&was&!and&!but: negative
!great&was&!and&but: negative
!great&was&and&!average: positive
!great&was&and&average: neutral
great&!pub&!plus&!ok: positive
great&!pub&!plus&ok: neutral
great&!pub&plus: negative
great&pub: conflict
DecisionTree learned:
!great&!the&!but&!nice: positive
!great&!the&!but&nice: positive
!great&!the&but&!s: positive
!great&!the&but&s: conflict
!great&the&!at&!good: positive
!great&the&!at&good: positive
!great&the&at&!bar: neutral
!great&the&at&bar: neutral
great&!could&!pub&!mare: positive
great&!could&!pub&mare: neutral
great&!could&pub: conflict
great&could: negative
DecisionTree learned:
!excellent&!was&!though&!great: positive
!excellent&!was&!though&great: positive
!excellent&!was&though&!recommend: conflict
!excellent&!was&though&recommend: neutral
!excellent&was&!and&!ok: negative
!excellent&was&!and&ok: neutral
!excellent&was&and&!average: positive
!excellent&was&and&average: neutral
excellent&!pair&!go&!but: positive
excellent&!pair&!go&but: negative
excellent&!pair&go: negative
excellent&pair: neutral
DecisionTree learned:
!the&!but&!friendly&!not: positive
!the&!but&!friendly&not: negative
!the&!but&friendly&!of: positive
!the&!but&friendly&of: conflict
!the&but&!to&!for: conflict
!the&but&!to&for: neutral
!the&but&to&!was: neutral
!the&but&to&was: negative
the&!at&!best&!was: positive
the&!at&!best&was: negative
the&!at&best: positive
the&at&!bar&!you: neutral
the&at&!bar&you: negative
the&at&bar&!was: neutral
the&at&bar&was: positive
DecisionTree learned:
!the&!but&!great&!little: positive
!the&!but&!great&little: conflict
!the&!but&great&!s: positive
!the&!but&great&s: conflict
!the&but&!to&!no: conflict
!the&but&!to&no: neutral
!the&but&to&!was: neutral
!the&but&to&was: negative
the&!at&!good&!though: positive
the&!at&!good&though: conflict
the&!at&good&!meal: positive
the&!at&good&meal: neutral
the&at&!bar&!all: neutral
the&at&!bar&all: negative
the&at&bar&!was: neutral
the&at&bar&was: positive
DecisionTree learned:
!dinner&!not&!the&!usually: positive
!dinner&!not&!the&usually: conflict
!dinner&!not&the&!at: positive
!dinner&!not&the&at: neutral
!dinner&not&!in&!a: negative
!dinner&not&!in&a: negative
!dinner&not&in&!for: positive
!dinner&not&in&for: negative
dinner&!having&!is&!recomend: neutral
dinner&!having&!is&recomend: negative
dinner&!having&is&!sit: positive
dinner&!having&is&sit: neutral
dinner&having: positive
DecisionTree learned:
!was&!best&!great&!dinner: positive
!was&!best&!great&dinner: neutral
!was&!best&great&!mare: positive
!was&!best&great&mare: neutral
!was&best&!at: positive
!was&best&at: negative
was&!and&!my&!good: negative
was&!and&!my&good: positive
was&!and&my: negative
was&and&!cokes&!water: positive
was&and&!cokes&water: neutral
was&and&cokes: neutral
DecisionTree learned:
!the&!not&!to&!with: positive
!the&!not&!to&with: positive
!the&!not&to&!eat: neutral
!the&!not&to&eat: positive
!the&not&!waiter&!is: negative
!the&not&!waiter&is: conflict
!the&not&waiter: negative
the&!at&!best&!though: positive
the&!at&!best&though: conflict
the&!at&best: positive
the&at&!bar&!all: neutral
the&at&!bar&all: negative
the&at&bar&!was: neutral
the&at&bar&was: positive
DecisionTree learned:
!excellent&!dinner&!does&!but: positive
!excellent&!dinner&!does&but: negative
!excellent&!dinner&does&!but: conflict
!excellent&!dinner&does&but: negative
!excellent&dinner&!took&!drinks: neutral
!excellent&dinner&!took&drinks: positive
!excellent&dinner&took: negative
excellent&!pair&!joints&!but: positive
excellent&!pair&!joints&but: negative
excellent&!pair&joints: negative
excellent&pair: neutral
DecisionTree learned:
!was&!excellent&!good&!does: positive
!was&!excellent&!good&does: conflict
!was&!excellent&good&!and: positive
!was&!excellent&good&and: positive
!was&excellent&!pair&!go: positive
!was&excellent&!pair&go: negative
!was&excellent&pair: neutral
was&!and&!but&!good: negative
was&!and&!but&good: positive
was&!and&but&!to: conflict
was&!and&but&to: negative
was&and&!water&!cokes: positive
was&and&!water&cokes: neutral
was&and&water: neutral
DecisionTree learned:
!the&!but&!this&!friendly: positive
!the&!but&!this&friendly: positive
!the&!but&this&!definitely: negative
!the&!but&this&definitely: conflict
!the&but&!no&!to: positive
!the&but&!no&to: negative
!the&but&no&!of: neutral
!the&but&no&of: negative
the&!at&!best&!though: positive
the&!at&!best&though: conflict
the&!at&best: positive
the&at&!me&!were: neutral
the&at&!me&were: negative
the&at&me: negative
DecisionTree learned:
!the&!but&!little&!friendly: positive
!the&!but&!little&friendly: positive
!the&!but&little&!was: conflict
!the&!but&little&was: negative
!the&but&!s&!a: positive
!the&but&!s&a: conflict
!the&but&s: conflict
the&!at&!though&!good: positive
the&!at&!though&good: positive
the&!at&though&!good: conflict
the&!at&though&good: positive
the&at&!bar&!you: neutral
the&at&!bar&you: negative
the&at&bar&!down: neutral
the&at&bar&down: positive
DecisionTree learned:
!excellent&!good&!but&!the: positive
!excellent&!good&!but&the: positive
!excellent&!good&but&!place: negative
!excellent&!good&but&place: conflict
!excellent&good&!food&!and: positive
!excellent&good&!food&and: positive
!excellent&good&food&!of: positive
!excellent&good&food&of: negative
excellent&!pair&!but&!joints: positive
excellent&!pair&!but&joints: negative
excellent&!pair&but: negative
excellent&pair: neutral
DecisionTree learned:
!the&!but&!very&!various: positive
!the&!but&!very&various: conflict
!the&!but&very&!usually: positive
!the&!but&very&usually: conflict
!the&but&!to&!no: conflict
!the&but&!to&no: neutral
!the&but&to&!place: neutral
!the&but&to&place: positive
the&!at&!though&!was: positive
the&!at&!though&was: negative
the&!at&though&!good: conflict
the&!at&though&good: positive
the&at&!bar&!all: neutral
the&at&!bar&all: negative
the&at&bar&!was: neutral
the&at&bar&was: positive
DecisionTree learned:
!good&!and&!is&!does: positive
!good&!and&!is&does: conflict
!good&!and&is&!expensive: positive
!good&!and&is&expensive: conflict
!good&and&!for&!while: positive
!good&and&!for&while: conflict
!good&and&for&!dishes: neutral
!good&and&for&dishes: positive
good&!food&!other&!and: positive
good&!food&!other&and: positive
good&!food&other: conflict
good&food&!of&!was: positive
good&food&!of&was: conflict
good&food&of: negative
DecisionTree learned:
!nice&!great&!the&!but: positive
!nice&!great&!the&but: conflict
!nice&!great&the&!at: positive
!nice&!great&the&at: neutral
!nice&great&!pub&!white: positive
!nice&great&!pub&white: negative
!nice&great&pub: conflict
nice&!decor&!service&!price: positive
nice&!decor&!service&price: negative
nice&!decor&service&!and: negative
nice&!decor&service&and: positive
nice&decor&!the: positive
nice&decor&the: conflict
DecisionTree learned:
!the&!not&!this&!various: positive
!the&!not&!this&various: conflict
!the&!not&this&!perhaps: negative
!the&!not&this&perhaps: conflict
!the&not&!waiter&!is: negative
!the&not&!waiter&is: conflict
!the&not&waiter: negative
the&!at&!though&!was: positive
the&!at&!though&was: negative
the&!at&though&!good: conflict
the&!at&though&good: positive
the&at&!bar&!me: neutral
the&at&!bar&me: negative
the&at&bar&!made: neutral
the&at&bar&made: positive
DecisionTree learned:
!was&!does&!though&!is: positive
!was&!does&!though&is: positive
!was&!does&though&!recommend: conflict
!was&!does&though&recommend: neutral
!was&does&!but&!and: conflict
!was&does&!but&and: negative
!was&does&but: negative
was&!and&!but&!ok: negative
was&!and&!but&ok: neutral
was&!and&but&!chicken: conflict
was&!and&but&chicken: conflict
was&and&!water&!average: positive
was&and&!water&average: neutral
was&and&water: neutral
DecisionTree learned:
!was&!does&!dinner&!best: positive
!was&!does&!dinner&best: positive
!was&!does&dinner&!asked: neutral
!was&!does&dinner&asked: negative
!was&does&!here&!but: conflict
!was&does&!here&but: negative
!was&does&here: positive
was&!and&!ok&!but: negative
was&!and&!ok&but: conflict
was&!and&ok&!fish: neutral
was&!and&ok&fish: positive
was&and&!cokes&!water: positive
was&and&!cokes&water: neutral
was&and&cokes: neutral
DecisionTree learned:
!was&!dinner&!appetizer&!small: positive
!was&!dinner&!appetizer&small: negative
!was&!dinner&appetizer&!for: neutral
!was&!dinner&appetizer&for: negative
!was&dinner&!took&!drinks: neutral
!was&dinner&!took&drinks: negative
!was&dinner&took: negative
was&!and&!ok&!our: negative
was&!and&!ok&our: neutral
was&!and&ok&!fish: neutral
was&!and&ok&fish: positive
was&and&!cokes&!cooked: positive
was&and&!cokes&cooked: negative
was&and&cokes: neutral
DecisionTree learned:
!the&!but&!various&!and: positive
!the&!but&!various&and: positive
!the&!but&various: conflict
!the&but&!waiters&!s: positive
!the&but&!waiters&s: conflict
!the&but&waiters: conflict
the&!though&!bar&!good: positive
the&!though&!bar&good: positive
the&!though&bar&!this: neutral
the&!though&bar&this: negative
the&though&!good: conflict
the&though&good: positive
DecisionTree learned:
!the&!but&!little&!various: positive
!the&!but&!little&various: conflict
!the&!but&little&!was: conflict
!the&!but&little&was: negative
!the&but&!a&!s: negative
!the&but&!a&s: conflict
!the&but&a&!table: conflict
!the&but&a&table: neutral
the&!could&!at&!was: positive
the&!could&!at&was: negative
the&!could&at&!me: neutral
the&!could&at&me: negative
the&could&!food&!be: conflict
the&could&!food&be: conflict
the&could&food&!and: neutral
the&could&food&and: negative
DecisionTree learned:
!was&!lad&!high&!is: positive
!was&!lad&!high&is: positive
!was&!lad&high&!too: conflict
!was&!lad&high&too: negative
!was&lad: conflict
was&!and&!ok&!in: negative
was&!and&!ok&in: neutral
was&!and&ok&!fish: neutral
was&!and&ok&fish: positive
was&and&!water&!cokes: negative
was&and&!water&cokes: neutral
was&and&water: neutral
DecisionTree learned:
!the&!but&!not&!friendly: positive
!the&!but&!not&friendly: positive
!the&!but&not&!is: negative
!the&!but&not&is: conflict
!the&but&!to&!no: conflict
!the&but&!to&no: neutral
!the&but&to&!was: neutral
!the&but&to&was: negative
the&!while&!service&!was: positive
the&!while&!service&was: negative
the&!while&service&!and: negative
the&!while&service&and: positive
the&while&!and&!n: positive
the&while&!and&n: conflict
the&while&and&!were: conflict
the&while&and&were: positive
DecisionTree learned:
!delicious&!was&!best&!may: positive
!delicious&!was&!best&may: conflict
!delicious&!was&best&!at: positive
!delicious&!was&best&at: negative
!delicious&was&!and&!decent: negative
!delicious&was&!and&decent: conflict
!delicious&was&and&!sauce: positive
!delicious&was&and&sauce: negative
delicious&!top&!but: positive
delicious&!top&but: conflict
delicious&top: neutral
DecisionTree learned:
!and&!to&!best&!friendly: positive
!and&!to&!best&friendly: positive
!and&!to&best: positive
!and&to&!our&!dinner: positive
!and&to&!our&dinner: neutral
!and&to&our&!for: neutral
!and&to&our&for: neutral
and&!while&!various&!the: positive
and&!while&!various&the: positive
and&!while&various: conflict
and&while&!were: conflict
and&while&were: positive
DecisionTree learned:
!but&!the&!tho&!this: positive
!but&!the&!tho&this: negative
!but&!the&tho: conflict
!but&the&!could&!expensive: positive
!but&the&!could&expensive: conflict
!but&the&could&!and: conflict
!but&the&could&and: negative
but&!was&!the&!place: positive
but&!was&!the&place: conflict
but&!was&the&!price: negative
but&!was&the&price: conflict
but&was&!delicious&!atmosphere: negative
but&was&!delicious&atmosphere: conflict
but&was&delicious: conflict
DecisionTree learned:
!was&!does&!lad&!this: positive
!was&!does&!lad&this: negative
!was&!does&lad: conflict
!was&does&!but&!and: conflict
!was&does&!but&and: negative
!was&does&but: negative
was&!and&!just&!adequate: negative
was&!and&!just&adequate: conflict
was&!and&just&!awful: neutral
was&!and&just&awful: negative
was&and&!water&!cokes: negative
was&and&!water&cokes: neutral
was&and&water: neutral
DecisionTree learned:
!the&!but&!various&!and: positive
!the&!but&!various&and: positive
!the&!but&various: conflict
!the&but&!our&!to: conflict
!the&but&!our&to: neutral
!the&but&our: neutral
the&!at&!small&!though: positive
the&!at&!small&though: conflict
the&!at&small&!said: negative
the&!at&small&said: negative
the&at&!were&!me: neutral
the&at&!were&me: negative
the&at&were: negative
DecisionTree learned:
!but&!the&!not&!perhaps: positive
!but&!the&!not&perhaps: conflict
!but&!the&not&!is: negative
!but&!the&not&is: conflict
!but&the&!at&!though: positive
!but&the&!at&though: conflict
!but&the&at&!bar: neutral
!but&the&at&bar: neutral
but&!a&!s&!service: negative
but&!a&!s&service: negative
but&!a&s: conflict
but&a&!table&!wait: positive
but&a&!table&wait: conflict
but&a&table: neutral
DecisionTree learned:
!the&!but&!little&!not: positive
!the&!but&!little&not: negative
!the&!but&little&!was: conflict
!the&!but&little&was: negative
!the&but&!to&!no: conflict
!the&but&!to&no: neutral
!the&but&to&!was: neutral
!the&but&to&was: negative
the&!staff&!at&!amazing: positive
the&!staff&!at&amazing: positive
the&!staff&at&!made: neutral
the&!staff&at&made: positive
the&staff&!n&!is: positive
the&staff&!n&is: positive
the&staff&n: negative
DecisionTree learned:
!was&!for&!appetizer&!to: positive
!was&!for&!appetizer&to: neutral
!was&!for&appetizer&!section: neutral
!was&!for&appetizer&section: negative
!was&for&!cost&!dinner: neutral
!was&for&!cost&dinner: neutral
!was&for&cost: conflict
was&!and&!but&!good: negative
was&!and&!but&good: conflict
was&!and&but&!atmosphere: negative
was&!and&but&atmosphere: conflict
was&and&!water&!average: positive
was&and&!water&average: negative
was&and&water: neutral
DecisionTree learned:
!was&!pricey&!is&!does: positive
!was&!pricey&!is&does: conflict
!was&!pricey&is&!and: positive
!was&!pricey&is&and: positive
!was&pricey&!a&!food: conflict
!was&pricey&!a&food: conflict
!was&pricey&a: negative
was&!and&!portion&!ok: negative
was&!and&!portion&ok: neutral
was&!and&portion: conflict
was&and&!average&!water: negative
was&and&!average&water: neutral
was&and&average&!food: negative
was&and&average&food: neutral
DecisionTree learned:
!the&!but&!little&!not: positive
!the&!but&!little&not: negative
!the&!but&little&!was: conflict
!the&!but&little&was: negative
!the&but&!place&!to: conflict
!the&but&!place&to: negative
!the&but&place&!staff: conflict
!the&but&place&staff: positive
the&!good&!though&!was: positive
the&!good&!though&was: negative
the&!good&though: conflict
the&good&!food&!meal: positive
the&good&!food&meal: neutral
the&good&food&!very: positive
the&good&food&very: positive
DecisionTree learned:
!was&!turns&!high&!friendly: positive
!was&!turns&!high&friendly: positive
!was&!turns&high&!too: conflict
!was&!turns&high&too: negative
!was&turns&!out: conflict
!was&turns&out: negative
was&!and&!ok&!but: negative
was&!and&!ok&but: conflict
was&!and&ok&!fish: neutral
was&!and&ok&fish: positive
was&and&!average&!water: positive
was&and&!average&water: neutral
was&and&average&!food: negative
was&and&average&food: neutral
DecisionTree learned:
!the&!not&!this&!quality: positive
!the&!not&!this&quality: negative
!the&!not&this&!perhaps: negative
!the&!not&this&perhaps: conflict
!the&not&!is&!who: negative
!the&not&!is&who: conflict
!the&not&is&!this: conflict
!the&not&is&this: negative
the&!was&!though&!while: positive
the&!was&!though&while: conflict
the&!was&though&!good: conflict
the&!was&though&good: positive
the&was&!and&!ok: negative
the&was&!and&ok: neutral
the&was&and&!water: positive
the&was&and&water: neutral
DecisionTree learned:
!was&!turns&!delicious&!lad: positive
!was&!turns&!delicious&lad: conflict
!was&!turns&delicious&!top: positive
!was&!turns&delicious&top: neutral
!was&turns&!out: conflict
!was&turns&out: negative
was&!and&!good&!but: negative
was&!and&!good&but: conflict
was&!and&good&!food: positive
was&!and&good&food: conflict
was&and&!average&!cokes: negative
was&and&!average&cokes: neutral
was&and&average&!food: negative
was&and&average&food: neutral
DecisionTree learned:
!the&!and&!but&!those: negative
!the&!and&!but&those: conflict
!the&!and&but&!service: positive
!the&!and&but&service: negative
!the&and&!various&!quality: positive
!the&and&!various&quality: negative
!the&and&various: conflict
the&!could&!best&!staff: positive
the&!could&!best&staff: positive
the&!could&best: positive
the&could&!food&!this: conflict
the&could&!food&this: positive
the&could&food&!and: neutral
the&could&food&and: negative
DecisionTree learned:
!was&!while&!service&!pricey: positive
!was&!while&!service&pricey: conflict
!was&!while&service&!from: positive
!was&!while&service&from: conflict
!was&while&!place&!n: positive
!was&while&!place&n: conflict
!was&while&place: negative
was&!and&!ok&!my: positive
was&!and&!ok&my: negative
was&!and&ok&!bland: neutral
was&!and&ok&bland: negative
was&and&!average&!water: positive
was&and&!average&water: neutral
was&and&average&!food: negative
was&and&average&food: neutral
DecisionTree learned:
!excellent&!was&!great&!lad: positive
!excellent&!was&!great&lad: conflict
!excellent&!was&great&!they: positive
!excellent&!was&great&they: conflict
!excellent&was&!and&!very: negative
!excellent&was&!and&very: positive
!excellent&was&and&!cokes: negative
!excellent&was&and&cokes: neutral
excellent&!you&!very&!joints: positive
excellent&!you&!very&joints: negative
excellent&!you&very: negative
excellent&you&!for&!and: neutral
excellent&you&!for&and: positive
excellent&you&for: negative
DecisionTree learned:
!the&!but&!little&!not: positive
!the&!but&!little&not: negative
!the&!but&little&!was: conflict
!the&!but&little&was: negative
!the&but&!to&!our: conflict
!the&but&!to&our: neutral
!the&but&to&!place: neutral
!the&but&to&place: positive
the&!service&!staff&!best: positive
the&!service&!staff&best: positive
the&!service&staff&!like: positive
the&!service&staff&like: negative
the&service&!from&!and: negative
the&service&!from&and: positive
the&service&from&!day: negative
the&service&from&day: conflict
DecisionTree learned:
!was&!does&!is&!nice: positive
!was&!does&!is&nice: positive
!was&!does&is&!and: positive
!was&!does&is&and: positive
!was&does&!but&!and: conflict
!was&does&!but&and: negative
!was&does&but: negative
was&!and&!ok&!which: negative
was&!and&!ok&which: positive
was&!and&ok&!dinner: neutral
was&!and&ok&dinner: negative
was&and&!average&!cokes: negative
was&and&!average&cokes: neutral
was&and&average&!food: negative
was&and&average&food: neutral
DecisionTree learned:
!the&!but&!not&!little: positive
!the&!but&!not&little: conflict
!the&!but&not&!who: negative
!the&!but&not&who: conflict
!the&but&!service&!to: conflict
!the&but&!service&to: neutral
!the&but&service&!i: negative
!the&but&service&i: conflict
the&!service&!although&!good: positive
the&!service&!although&good: positive
the&!service&although&!tables: conflict
the&!service&although&tables: negative
the&service&!ok&!table: negative
the&service&!ok&table: conflict
the&service&ok&!but: neutral
the&service&ok&but: negative
DecisionTree learned:
!the&!but&!various&!and: negative
!the&!but&!various&and: positive
!the&!but&various: conflict
!the&but&!place&!to: conflict
!the&but&!place&to: neutral
!the&but&place&!to: conflict
!the&but&place&to: positive
the&!was&!while&!service: positive
the&!was&!while&service: negative
the&!was&while&!nothing: conflict
the&!was&while&nothing: neutral
the&was&!and&!ok: negative
the&was&!and&ok: neutral
the&was&and&!water: positive
the&was&and&water: neutral
DecisionTree learned:
!nice&!was&!lad&!small: positive
!nice&!was&!lad&small: negative
!nice&!was&lad: conflict
!nice&was&!and&!but: negative
!nice&was&!and&but: conflict
!nice&was&and&!water: negative
!nice&was&and&water: neutral
nice&!decor&!be&!price: positive
nice&!decor&!be&price: negative
nice&!decor&be: negative
nice&decor&!the: positive
nice&decor&the: conflict
DecisionTree learned:
!the&!but&!various&!and: positive
!the&!but&!various&and: positive
!the&!but&various: conflict
!the&but&!to&!for: conflict
!the&but&!to&for: neutral
!the&but&to&!place: neutral
!the&but&to&place: positive
the&!pricing&!with&!well: positive
the&!pricing&!with&well: conflict
the&!pricing&with&!cheese: neutral
the&!pricing&with&cheese: neutral
the&pricing: conflict
DecisionTree learned:
!was&!does&!may&!is: positive
!was&!does&!may&is: positive
!was&!does&may&!fillings: conflict
!was&!does&may&fillings: neutral
!was&does&!and&!but: conflict
!was&does&!and&but: negative
!was&does&and: negative
was&!and&!good&!but: negative
was&!and&!good&but: conflict
was&!and&good&!food: positive
was&!and&good&food: conflict
was&and&!average&!cokes: negative
was&and&!average&cokes: neutral
was&and&average&!food: negative
was&and&average&food: neutral
DecisionTree learned:
!was&!may&!does&!friendly: positive
!was&!may&!does&friendly: positive
!was&!may&does&!but: conflict
!was&!may&does&but: negative
!was&may&!fillings&!unique: conflict
!was&may&!fillings&unique: conflict
!was&may&fillings: neutral
was&!and&!ok&!my: negative
was&!and&!ok&my: negative
was&!and&ok&!fish: neutral
was&!and&ok&fish: positive
was&and&!average&!water: positive
was&and&!average&water: neutral
was&and&average&!food: negative
was&and&average&food: neutral
DecisionTree learned:
!was&!though&!waiters&!does: positive
!was&!though&!waiters&does: conflict
!was&!though&waiters&!are: positive
!was&!though&waiters&are: conflict
!was&though&!the&!of: negative
!was&though&!the&of: conflict
!was&though&the&!good: conflict
!was&though&the&good: positive
was&!and&!ok&!but: negative
was&!and&!ok&but: conflict
was&!and&ok&!fish: neutral
was&!and&ok&fish: positive
was&and&!water&!cokes: positive
was&and&!water&cokes: neutral
was&and&water: neutral
DecisionTree learned:
!the&!but&!little&!not: positive
!the&!but&!little&not: negative
!the&!but&little&!was: conflict
!the&!but&little&was: negative
!the&but&!to&!place: conflict
!the&but&!to&place: conflict
!the&but&to&!place: negative
!the&but&to&place: positive
the&!service&!was&!though: positive
the&!service&!was&though: conflict
the&!service&was&!yet: negative
the&!service&was&yet: conflict
the&service&!from&!and: negative
the&service&!from&and: positive
the&service&from&!and: negative
the&service&from&and: conflict
DecisionTree learned:
!to&!and&!with&!does: negative
!to&!and&!with&does: conflict
!to&!and&with&!even: neutral
!to&!and&with&even: conflict
!to&and&!literally&!while: positive
!to&and&!literally&while: conflict
!to&and&literally: conflict
to&!dinner&!our&!your: negative
to&!dinner&!our&your: neutral
to&!dinner&our&!for: neutral
to&!dinner&our&for: negative
to&dinner: neutral
DecisionTree learned:
!and&!to&!with&!expensive: negative
!and&!to&!with&expensive: conflict
!and&!to&with&!even: neutral
!and&!to&with&even: conflict
!and&to&!steak&!our: positive
!and&to&!steak&our: neutral
!and&to&steak: neutral
and&!while&!various&!the: positive
and&!while&!various&the: positive
and&!while&various: conflict
and&while&!were: conflict
and&while&were: positive
DecisionTree learned:
!was&!while&!this&!lad: positive
!was&!while&!this&lad: conflict
!was&!while&this&!of: conflict
!was&!while&this&of: negative
!was&while&!and&!n: positive
!was&while&!and&n: conflict
!was&while&and&!were: conflict
!was&while&and&were: positive
was&!and&!ok&!first: negative
was&!and&!ok&first: conflict
was&!and&ok&!service: neutral
was&!and&ok&service: neutral
was&and&!average&!water: positive
was&and&!average&water: neutral
was&and&average&!food: negative
was&and&average&food: neutral
DecisionTree learned:
!the&!but&!nevertheless&!refinement: positive
!the&!but&!nevertheless&refinement: conflict
!the&!but&nevertheless: conflict
!the&but&!service&!no: conflict
!the&but&!service&no: neutral
!the&but&service&!i: negative
!the&but&service&i: conflict
the&!bar&!expensive&!good: positive
the&!bar&!expensive&good: positive
the&!bar&expensive&!were: conflict
the&!bar&expensive&were: negative
the&bar&!this&!n: neutral
the&bar&!this&n: negative
the&bar&this: negative
DecisionTree learned:
!and&!to&!with&!expensive: negative
!and&!to&!with&expensive: conflict
!and&!to&with&!even: neutral
!and&!to&with&even: conflict
!and&to&!dinner&!steak: positive
!and&to&!dinner&steak: neutral
!and&to&dinner: neutral
and&!while&!various&!the: positive
and&!while&!various&the: positive
and&!while&various: conflict
and&while&!were: conflict
and&while&were: positive
DecisionTree learned:
!the&!but&!little&!nevertheless: positive
!the&!but&!little&nevertheless: conflict
!the&!but&little&!was: conflict
!the&!but&little&was: negative
!the&but&!to&!no: conflict
!the&but&!to&no: neutral
!the&but&to&!place: negative
!the&but&to&place: positive
the&!at&!while&!service: positive
the&!at&!while&service: negative
the&!at&while&!nothing: conflict
the&!at&while&nothing: neutral
the&at&!bar&!all: neutral
the&at&!bar&all: negative
the&at&bar&!was: neutral
the&at&bar&was: positive
DecisionTree learned:
!was&!to&!for&!bill: positive
!was&!to&!for&bill: neutral
!was&!to&for&!cost: neutral
!was&!to&for&cost: conflict
!was&to&!steak&!dinner: negative
!was&to&!steak&dinner: neutral
!was&to&steak: neutral
was&!and&!decent&!the: negative
was&!and&!decent&the: negative
was&!and&decent&!the: conflict
was&!and&decent&the: neutral
was&and&!cokes&!water: negative
was&and&!cokes&water: neutral
was&and&cokes: neutral
DecisionTree learned:
!the&!not&!usually&!this: positive
!the&!not&!usually&this: negative
!the&!not&usually&!with: conflict
!the&!not&usually&with: neutral
!the&not&!who&!is: negative
!the&not&!who&is: conflict
!the&not&who: conflict
the&!though&!yes&!service: positive
the&!though&!yes&service: negative
the&!though&yes: conflict
the&though: conflict
DecisionTree learned:
!the&!but&!little&!not: positive
!the&!but&!little&not: negative
!the&!but&little&!was: conflict
!the&!but&little&was: negative
!the&but&!to&!for: conflict
!the&but&!to&for: neutral
!the&but&to&!both: negative
!the&but&to&both: neutral
the&!quibbles&!although&!service: positive
the&!quibbles&!although&service: negative
the&!quibbles&although&!service: conflict
the&!quibbles&although&service: negative
the&quibbles: conflict
DecisionTree learned:
!the&!but&!and&!very: negative
!the&!but&!and&very: positive
!the&!but&and&!various: positive
!the&!but&and&various: conflict
!the&but&!no&!to: conflict
!the&but&!no&to: negative
!the&but&no&!of: neutral
!the&but&no&of: negative
the&!service&!was&!avenue: positive
the&!service&!was&avenue: conflict
the&!service&was&!and: negative
the&!service&was&and: negative
the&service&!and&!could: negative
the&service&!and&could: conflict
the&service&and&!a: positive
the&service&and&a: conflict
DecisionTree learned:
!was&!this&!is&!could: positive
!was&!this&!is&could: neutral
!was&!this&is&!and: positive
!was&!this&is&and: positive
!was&this&!of&!even: negative
!was&this&!of&even: conflict
!was&this&of&!restaurant: negative
!was&this&of&restaurant: positive
was&!and&!adequate&!but: negative
was&!and&!adequate&but: conflict
was&!and&adequate: conflict
was&and&!water&!average: negative
was&and&!water&average: neutral
was&and&water: neutral
DecisionTree learned:
!and&!to&!was&!is: negative
!and&!to&!was&is: positive
!and&!to&was&!good: negative
!and&!to&was&good: conflict
!and&to&!dinner&!our: negative
!and&to&!dinner&our: neutral
!and&to&dinner: neutral
and&!while&!literally&!worth: positive
and&!while&!literally&worth: conflict
and&!while&literally: conflict
and&while&!were: conflict
and&while&were: positive
DecisionTree learned:
!the&!not&!fine&!usually: positive
!the&!not&!fine&usually: conflict
!the&!not&fine&!are: positive
!the&!not&fine&are: conflict
!the&not&!is&!who: negative
!the&not&!is&who: conflict
!the&not&is&!this: conflict
!the&not&is&this: negative
the&!although&!staff&!service: positive
the&!although&!staff&service: negative
the&!although&staff&!like: positive
the&!although&staff&like: negative
the&although&!service&!tables: conflict
the&although&!service&tables: negative
the&although&service: negative
DecisionTree learned:
!to&!and&!pricey&!was: negative
!to&!and&!pricey&was: negative
!to&!and&pricey&!for: conflict
!to&!and&pricey&for: negative
!to&and&!while&!various: positive
!to&and&!while&various: conflict
!to&and&while&!were: conflict
!to&and&while&were: positive
to&!steak&!our&!dinner: negative
to&!steak&!our&dinner: neutral
to&!steak&our&!for: neutral
to&!steak&our&for: negative
to&steak: neutral
DecisionTree learned:
!the&!but&!and&!your: negative
!the&!but&!and&your: neutral
!the&!but&and&!various: positive
!the&!but&and&various: conflict
!the&but&!to&!for: conflict
!the&but&!to&for: neutral
!the&but&to&!place: neutral
!the&but&to&place: positive
the&!bar&!could&!good: positive
the&!bar&!could&good: positive
the&!bar&could&!and: conflict
the&!bar&could&and: negative
the&bar&!this&!n: neutral
the&bar&!this&n: negative
the&bar&this: negative
DecisionTree learned:
!was&!is&!turns&!pricey: positive
!was&!is&!turns&pricey: conflict
!was&!is&turns&!out: conflict
!was&!is&turns&out: negative
!was&is&!and&!expensive: positive
!was&is&!and&expensive: conflict
!was&is&and&!location: positive
!was&is&and&location: neutral
was&!and&!but&!good: negative
was&!and&!but&good: conflict
was&!and&but&!chicken: conflict
was&!and&but&chicken: conflict
was&and&!cokes&!average: negative
was&and&!cokes&average: negative
was&and&cokes: neutral
DecisionTree learned:
!was&!may&!lad&!though: positive
!was&!may&!lad&though: conflict
!was&!may&lad: conflict
!was&may&!fillings&!tables: conflict
!was&may&!fillings&tables: negative
!was&may&fillings: neutral
was&!and&!but&!good: negative
was&!and&!but&good: conflict
was&!and&but&!so: conflict
was&!and&but&so: negative
was&and&!cokes&!cooked: negative
was&and&!cokes&cooked: negative
was&and&cokes: neutral
DecisionTree learned:
!to&!was&!for&!appetizer: positive
!to&!was&!for&appetizer: neutral
!to&!was&for&!cost: neutral
!to&!was&for&cost: conflict
!to&was&!and&!just: negative
!to&was&!and&just: neutral
!to&was&and&!average: positive
!to&was&and&average: negative
to&!our&!your&!dinner: negative
to&!our&!your&dinner: neutral
to&!our&your: neutral
to&our&!for: neutral
to&our&for: neutral
DecisionTree learned:
!the&!and&!but&!not: negative
!the&!and&!but&not: conflict
!the&!and&but&!for: conflict
!the&!and&but&for: neutral
!the&and&!various&!quality: positive
!the&and&!various&quality: negative
!the&and&various: conflict
the&!at&!though&!although: positive
the&!at&!though&although: conflict
the&!at&though&!good: conflict
the&!at&though&good: positive
the&at&!me&!you: neutral
the&at&!me&you: negative
the&at&me: negative
DecisionTree learned:
!and&!to&!may&!was: negative
!and&!to&!may&was: negative
!and&!to&may&!fillings: conflict
!and&!to&may&fillings: neutral
!and&to&!our&!your: positive
!and&to&!our&your: neutral
!and&to&our&!for: neutral
!and&to&our&for: neutral
and&!while&!literally&!worth: positive
and&!while&!literally&worth: conflict
and&!while&literally: conflict
and&while&!were: conflict
and&while&were: positive
DecisionTree learned:
!was&!dinner&!to&!may: positive
!was&!dinner&!to&may: conflict
!was&!dinner&to&!your: negative
!was&!dinner&to&your: neutral
!was&dinner&!took&!proper: neutral
!was&dinner&!took&proper: negative
!was&dinner&took: negative
was&!and&!decent&!adequate: negative
was&!and&!decent&adequate: conflict
was&!and&decent&!the: conflict
was&!and&decent&the: neutral
was&and&!average&!cokes: negative
was&and&!average&cokes: neutral
was&and&average&!food: negative
was&and&average&food: neutral
DecisionTree learned:
!the&!but&!perhaps&!those: positive
!the&!but&!perhaps&those: conflict
!the&!but&perhaps: conflict
!the&but&!place&!waiters: negative
!the&but&!place&waiters: conflict
!the&but&place&!staff: conflict
!the&but&place&staff: positive
the&!service&!was&!while: positive
the&!service&!was&while: conflict
the&!service&was&!and: negative
the&!service&was&and: negative
the&service&!from&!and: negative
the&service&!from&and: positive
the&service&from&!n: conflict
the&service&from&n: positive
DecisionTree learned:
!does&!the&!and&!those: negative
!does&!the&!and&those: conflict
!does&!the&and&!various: positive
!does&!the&and&various: conflict
!does&the&!small&!service: positive
!does&the&!small&service: negative
!does&the&small: negative
does&!but&!and&!here: conflict
does&!but&!and&here: positive
does&!but&and: negative
does&but: negative
DecisionTree learned:
!to&!and&!with&!best: negative
!to&!and&!with&best: positive
!to&!and&with&!even: neutral
!to&!and&with&even: conflict
!to&and&!while&!literally: positive
!to&and&!while&literally: conflict
!to&and&while&!were: conflict
!to&and&while&were: positive
to&!our&!dinner&!steak: positive
to&!our&!dinner&steak: neutral
to&!our&dinner: neutral
to&our&!for: neutral
to&our&for: negative
DecisionTree learned:
!to&!and&!was&!though: negative
!to&!and&!was&though: conflict
!to&!and&was&!just: negative
!to&!and&was&just: neutral
!to&and&!well&!while: positive
!to&and&!well&while: conflict
!to&and&well&!ambience: positive
!to&and&well&ambience: conflict
to&!eat&!given&!that: neutral
to&!eat&!given&that: negative
to&!eat&given: neutral
to&eat: positive
DecisionTree learned:
!the&!but&!nevertheless&!those: positive
!the&!but&!nevertheless&those: conflict
!the&!but&nevertheless: conflict
!the&but&!of&!and: conflict
!the&but&!of&and: negative
!the&but&of&!and: negative
!the&but&of&and: positive
the&!bar&!yes&!was: positive
the&!bar&!yes&was: negative
the&!bar&yes: conflict
the&bar&!this&!n: neutral
the&bar&!this&n: negative
the&bar&this: negative
DecisionTree learned:
!the&!but&!refinement&!fine: positive
!the&!but&!refinement&fine: positive
!the&!but&refinement: conflict
!the&but&!to&!no: conflict
!the&but&!to&no: neutral
!the&but&to&!place: neutral
!the&but&to&place: positive
the&!expensive&!staff&!good: negative
the&!expensive&!staff&good: positive
the&!expensive&staff&!rude: positive
the&!expensive&staff&rude: negative
the&expensive&!were: conflict
the&expensive&were: negative
DecisionTree learned:
!was&!does&!is&!place: positive
!was&!does&!is&place: conflict
!was&!does&is&!and: positive
!was&!does&is&and: positive
!was&does&!but&!and: conflict
!was&does&!but&and: negative
!was&does&but: negative
was&!and&!but&!good: negative
was&!and&!but&good: conflict
was&!and&but&!outstanding: conflict
was&!and&but&outstanding: positive
was&and&!cokes&!average: negative
was&and&!cokes&average: neutral
was&and&cokes: neutral
DecisionTree learned:
!the&!but&!nevertheless&!tho: neutral
!the&!but&!nevertheless&tho: conflict
!the&!but&nevertheless: conflict
!the&but&!for&!to: conflict
!the&but&!for&to: neutral
!the&but&for&!dinner: neutral
!the&but&for&dinner: positive
the&!service&!expensive&!while: positive
the&!service&!expensive&while: conflict
the&!service&expensive&!were: conflict
the&!service&expensive&were: negative
the&service&!ok&!day: positive
the&service&!ok&day: conflict
the&service&ok&!but: neutral
the&service&ok&but: negative
DecisionTree learned:
!the&!and&!but&!those: negative
!the&!and&!but&those: conflict
!the&!and&but&!dim: conflict
!the&!and&but&dim: neutral
!the&and&!various&!quality: positive
!the&and&!various&quality: negative
!the&and&various: conflict
the&!service&!sliding&!while: positive
the&!service&!sliding&while: conflict
the&!service&sliding: conflict
the&service&!spotty&!from: negative
the&service&!spotty&from: conflict
the&service&spotty: conflict
DecisionTree learned:
!to&!and&!just&!was: positive
!to&!and&!just&was: negative
!to&!and&just&!service: neutral
!to&!and&just&service: positive
!to&and&!while&!literally: positive
!to&and&!while&literally: conflict
!to&and&while&!were: conflict
!to&and&while&were: positive
to&!our&!dinner&!place: positive
to&!our&!dinner&place: positive
to&!our&dinner: neutral
to&our&!for: neutral
to&our&for: negative
DecisionTree learned:
!and&!to&!pricey&!was: positive
!and&!to&!pricey&was: negative
!and&!to&pricey&!are: conflict
!and&!to&pricey&are: conflict
!and&to&!our&!steak: negative
!and&to&!our&steak: neutral
!and&to&our&!for: neutral
!and&to&our&for: neutral
and&!while&!literally&!worth: positive
and&!while&!literally&worth: conflict
and&!while&literally: conflict
and&while&!were: conflict
and&while&were: positive
DecisionTree learned:
!the&!not&!little&!usually: positive
!the&!not&!little&usually: conflict
!the&!not&little&!was: conflict
!the&!not&little&was: negative
!the&not&!is&!who: negative
!the&not&!is&who: conflict
!the&not&is&!what: conflict
!the&not&is&what: negative
the&!service&!expensive&!get: positive
the&!service&!expensive&get: neutral
the&!service&expensive&!were: conflict
the&!service&expensive&were: negative
the&service&!ok&!table: negative
the&service&!ok&table: conflict
the&service&ok&!but: neutral
the&service&ok&but: negative
DecisionTree learned:
!and&!to&!was&!is: negative
!and&!to&!was&is: positive
!and&!to&was&!good: negative
!and&!to&was&good: conflict
!and&to&!dessert&!steak: negative
!and&to&!dessert&steak: neutral
!and&to&dessert: neutral
and&!while&!literally&!well: positive
and&!while&!literally&well: positive
and&!while&literally: conflict
and&while&!were: conflict
and&while&were: positive
DecisionTree learned:
!the&!and&!are&!not: neutral
!the&!and&!are&not: conflict
!the&!and&are&!bagels: negative
!the&!and&are&bagels: conflict
!the&and&!various&!quality: neutral
!the&and&!various&quality: negative
!the&and&various: conflict
the&!expensive&!staff&!though: positive
the&!expensive&!staff&though: conflict
the&!expensive&staff&!rude: positive
the&!expensive&staff&rude: negative
the&expensive&!were: conflict
the&expensive&were: negative
DecisionTree learned:
!the&!and&!but&!little: negative
!the&!and&!but&little: conflict
!the&!and&but&!service: conflict
!the&!and&but&service: negative
!the&and&!various&!quality: neutral
!the&and&!various&quality: negative
!the&and&various: conflict
the&!service&!was&!yes: positive
the&!service&!was&yes: conflict
the&!service&was&!and: negative
the&!service&was&and: negative
the&service&!from&!and: negative
the&service&!from&and: positive
the&service&from&!day: conflict
the&service&from&day: conflict
DecisionTree learned:
!the&!but&!little&!tho: positive
!the&!but&!little&tho: conflict
!the&!but&little&!was: conflict
!the&!but&little&was: negative
!the&but&!no&!to: conflict
!the&but&!no&to: neutral
!the&but&no&!of: neutral
!the&but&no&of: negative
the&!bar&!spotty&!although: positive
the&!bar&!spotty&although: conflict
the&!bar&spotty: conflict
the&bar&!scene&!n: neutral
the&bar&!scene&n: negative
the&bar&scene: positive
DecisionTree learned:
!the&!but&!perhaps&!little: positive
!the&!but&!perhaps&little: conflict
!the&!but&perhaps: conflict
!the&but&!no&!to: conflict
!the&but&!no&to: neutral
!the&but&no&!of: neutral
!the&but&no&of: negative
the&!at&!get&!best: positive
the&!at&!get&best: positive
the&!at&get&!can: neutral
the&!at&get&can: conflict
the&at&!were&!all: neutral
the&at&!were&all: negative
the&at&were: negative
DecisionTree learned:
!and&!to&!was&!does: negative
!and&!to&!was&does: conflict
!and&!to&was&!which: negative
!and&!to&was&which: positive
!and&to&!our&!eat: negative
!and&to&!our&eat: positive
!and&to&our&!for: neutral
!and&to&our&for: neutral
and&!the&!various&!quality: neutral
and&!the&!various&quality: negative
and&!the&various: conflict
and&the&!well&!waiters: positive
and&the&!well&waiters: conflict
and&the&well&!ambience: positive
and&the&well&ambience: conflict
DecisionTree learned:
!to&!and&!was&!pricey: positive
!to&!and&!was&pricey: conflict
!to&!and&was&!which: negative
!to&!and&was&which: positive
!to&and&!well&!literally: positive
!to&and&!well&literally: conflict
!to&and&well&!ambience: positive
!to&and&well&ambience: conflict
to&!our&!place&!steak: neutral
to&!our&!place&steak: neutral
to&!our&place&!go: positive
to&!our&place&go: negative
to&our&!for: neutral
to&our&for: neutral
DecisionTree learned:
!and&!to&!does&!is: negative
!and&!to&!does&is: positive
!and&!to&does&!but: conflict
!and&!to&does&but: negative
!and&to&!our&!dinner: negative
!and&to&!our&dinner: neutral
!and&to&our&!for: neutral
!and&to&our&for: neutral
and&!the&!various&!quality: neutral
and&!the&!various&quality: negative
and&!the&various: conflict
and&the&!well&!worth: positive
and&the&!well&worth: conflict
and&the&well&!ambience: positive
and&the&well&ambience: conflict
DecisionTree learned:
!to&!and&!was&!is: negative
!to&!and&!was&is: positive
!to&!and&was&!decent: negative
!to&!and&was&decent: conflict
!to&and&!well&!worth: positive
!to&and&!well&worth: conflict
!to&and&well&!ambience: positive
!to&and&well&ambience: conflict
to&!our&!dinner&!steak: negative
to&!our&!dinner&steak: neutral
to&!our&dinner: neutral
to&our&!for: neutral
to&our&for: negative
DecisionTree learned:
!to&!and&!service&!fine: positive
!to&!and&!service&fine: conflict
!to&!and&service&!ok: negative
!to&!and&service&ok: neutral
!to&and&!turns&!while: positive
!to&and&!turns&while: conflict
!to&and&turns: conflict
to&!our&!eat&!service: neutral
to&!our&!eat&service: negative
to&!our&eat: positive
to&our&!for: neutral
to&our&for: negative
DecisionTree learned:
!excellent&!to&!and&!with: negative
!excellent&!to&!and&with: neutral
!excellent&!to&and&!while: positive
!excellent&!to&and&while: conflict
!excellent&to&!your&!eat: negative
!excellent&to&!your&eat: positive
!excellent&to&your: neutral
excellent&!joints&!very&!but: positive
excellent&!joints&!very&but: negative
excellent&!joints&very: negative
excellent&joints: negative
DecisionTree learned:
!and&!to&!was&!rest: negative
!and&!to&!was&rest: conflict
!and&!to&was&!decent: negative
!and&!to&was&decent: conflict
!and&to&!eat&!your: negative
!and&to&!eat&your: neutral
!and&to&eat: positive
and&!worth&!literally&!while: positive
and&!worth&!literally&while: conflict
and&!worth&literally: conflict
and&worth&!but: neutral
and&worth&but: conflict
Trial 0 Training cc.mallet.classify.AdaBoostM2Trainer@5464ea66 finished
Trial 0 Trainer cc.mallet.classify.AdaBoostM2Trainer@5464ea66 test data accuracy = 0.5617367706919946

NaiveBayesTrainer
Summary. test accuracy mean = 0.6282225237449118 stddev = 0.0 stderr = 0.0

MaxEntTrainer,gaussianPriorVariance=1.0
Summary. test accuracy mean = 0.6309362279511533 stddev = 0.0 stderr = 0.0

cc.mallet.classify.DecisionTreeTrainer@69945ce
Summary. test accuracy mean = 0.5848032564450475 stddev = 0.0 stderr = 0.0

cc.mallet.classify.AdaBoostM2Trainer@5464ea66
Summary. test accuracy mean = 0.5617367706919946 stddev = 0.0 stderr = 0.0
