
-------------------- Trial 0  --------------------

Trial 0 Training NaiveBayesTrainer with 2956 instances
Trial 0 Training NaiveBayesTrainer finished
Trial 0 Trainer NaiveBayesTrainer test data accuracy = 0.6445047489823609
Trial 0 Training MaxEntTrainer,gaussianPriorVariance=1.0 with 2956 instances
Trial 0 Training MaxEntTrainer,gaussianPriorVariance=1.0 finished
Trial 0 Trainer MaxEntTrainer,gaussianPriorVariance=1.0 test data accuracy = 0.6404341926729986
Trial 0 Training cc.mallet.classify.DecisionTreeTrainer@2b2d96f2 with 2956 instances
DecisionTree learned:
!great&!but&!good&!delici: positive
!great&!but&!good&delici: positive
!great&!but&good&!get: positive
!great&!but&good&get: negative
!great&but&!we&!to: positive
!great&but&!we&to: negative
!great&but&we&!quickli: neutral
!great&but&we&quickli: positive
great&!not&!who&!white: positive
great&!not&!who&white: negative
great&!not&who: negative
great&not&!the: positive
great&not&the&!food: negative
great&not&the&food: conflict
Trial 0 Training cc.mallet.classify.DecisionTreeTrainer@2b2d96f2 finished
Trial 0 Trainer cc.mallet.classify.DecisionTreeTrainer@2b2d96f2 test data accuracy = 0.5698778833107191
Trial 0 Training cc.mallet.classify.AdaBoostM2Trainer@2d58f9d3 with 2956 instances
DecisionTree learned:
!great&!but&!dinner&!delici: positive
!great&!but&!dinner&delici: positive
!great&!but&dinner&!drink: neutral
!great&!but&dinner&drink: positive
!great&but&!we&!worth: positive
!great&but&!we&worth: conflict
!great&but&we&!quickli: neutral
!great&but&we&quickli: positive
great&!kid&!not&!who: positive
great&!kid&!not&who: negative
great&!kid&not&!the: positive
great&!kid&not&the: negative
great&kid: conflict
DecisionTree learned:
!not&!great&!good&!friendli: positive
!not&!great&!good&friendli: positive
!not&!great&good&!get: positive
!not&!great&good&get: negative
!not&great&!dinner&!white: positive
!not&great&!dinner&white: negative
!not&great&dinner&!thi: neutral
!not&great&dinner&thi: positive
not&!wa&!place&!may: positive
not&!wa&!place&may: conflict
not&!wa&place&!s: negative
not&!wa&place&s: conflict
not&wa&!but&!our: negative
not&wa&!but&our: positive
not&wa&but&!food: negative
not&wa&but&food: positive
DecisionTree learned:
!but&!great&!the&!appet: positive
!but&!great&!the&appet: neutral
!but&!great&the&!at: positive
!but&!great&the&at: neutral
!but&great&!not&!could: positive
!but&great&!not&could: negative
!but&great&not&!food: negative
!but&great&not&food: conflict
but&!we&!dish&!to: positive
but&!we&!dish&to: negative
but&!we&dish&!good: positive
but&!we&dish&good: conflict
but&we&!quickli&!and: neutral
but&we&!quickli&and: neutral
but&we&quickli: positive
DecisionTree learned:
!but&!friendli&!the&!great: positive
!but&!friendli&!the&great: positive
!but&!friendli&the&!wa: positive
!but&!friendli&the&wa: negative
!but&friendli&!popular&!sometim: positive
!but&friendli&!popular&sometim: conflict
!but&friendli&popular&!veri: neutral
!but&friendli&popular&veri: positive
but&!we&!servic&!to: positive
but&!we&!servic&to: negative
but&!we&servic&!not: negative
but&!we&servic&not: conflict
but&we&!lucki&!casserol: neutral
but&we&!lucki&casserol: negative
but&we&lucki: positive
DecisionTree learned:
!but&!good&!dinner&!delici: positive
!but&!good&!dinner&delici: positive
!but&!good&dinner&!drink: neutral
!but&!good&dinner&drink: positive
!but&good&!which&!get: positive
!but&good&!which&get: negative
!but&good&which&!an: neutral
!but&good&which&an: negative
but&!we&!worth&!to: positive
but&!we&!worth&to: negative
but&!we&worth&!itsuperb: conflict
but&!we&worth&itsuperb: positive
but&we&!of&!casserol: neutral
but&we&!of&casserol: negative
but&we&of: negative
DecisionTree learned:
!but&!though&!the&!great: positive
!but&!though&!the&great: positive
!but&!though&the&!wa: positive
!but&!though&the&wa: positive
!but&though&!recommend&!rest: negative
!but&though&!recommend&rest: conflict
!but&though&recommend: neutral
but&!worth&!we&!that: positive
but&!worth&!we&that: negative
but&!worth&we&!lucki: neutral
but&!worth&we&lucki: positive
but&worth&!itsuperb&!and: conflict
but&worth&!itsuperb&and: conflict
but&worth&itsuperb: positive
DecisionTree learned:
!but&!though&!delici&!good: positive
!but&!though&!delici&good: positive
!but&!though&delici&!top: positive
!but&!though&delici&top: neutral
!but&though&!recommend&!rest: negative
!but&though&!recommend&rest: conflict
!but&though&recommend: neutral
but&!look&!to&!expens: positive
but&!look&!to&expens: conflict
but&!look&to&!an: neutral
but&!look&to&an: negative
but&look&!fantast&!and: negative
but&look&!fantast&and: conflict
but&look&fantast: neutral
DecisionTree learned:
!but&!friendli&!though&!delici: positive
!but&!friendli&!though&delici: positive
!but&!friendli&though&!recommend: negative
!but&!friendli&though&recommend: neutral
!but&friendli&!sometim&!popular: positive
!but&friendli&!sometim&popular: positive
!but&friendli&sometim: conflict
but&!onli&!with&!food: negative
but&!onli&!with&food: positive
but&!onli&with&!chicken: positive
but&!onli&with&chicken: negative
but&onli&!are&!with: positive
but&onli&!are&with: neutral
but&onli&are&!actual: neutral
but&onli&are&actual: negative
DecisionTree learned:
!but&!dinner&!n&!excel: positive
!but&!dinner&!n&excel: positive
!but&!dinner&n&!while: negative
!but&!dinner&n&while: conflict
!but&dinner&!would&!drink: neutral
!but&dinner&!would&drink: positive
!but&dinner&would&!place: negative
!but&dinner&would&place: positive
but&!servic&!we&!that: positive
but&!servic&!we&that: negative
but&!servic&we&!bar: neutral
but&!servic&we&bar: neutral
but&servic&!not&!found: negative
but&servic&!not&found: positive
but&servic&not&!and: conflict
but&servic&not&and: positive
DecisionTree learned:
!but&!the&!great&!appet: positive
!but&!the&!great&appet: neutral
!but&!the&great&!white: positive
!but&!the&great&white: negative
!but&the&!small&!at: positive
!but&the&!small&at: neutral
!but&the&small&!good: negative
!but&the&small&good: positive
but&!that&!food&!well: negative
but&!that&!food&well: conflict
but&!that&food&!expens: positive
but&!that&food&expens: conflict
but&that&!they&!are: negative
but&that&!they&are: positive
but&that&they&!wa: neutral
but&that&they&wa: negative
DecisionTree learned:
!good&!friendli&!wa&!best: positive
!good&!friendli&!wa&best: positive
!good&!friendli&wa&!although: negative
!good&!friendli&wa&although: conflict
!good&friendli&!have&!sometim: positive
!good&friendli&!have&sometim: conflict
!good&friendli&have: conflict
good&!not&!get&!meet: positive
good&!not&!get&meet: neutral
good&!not&get&!ok: negative
good&!not&get&ok: neutral
good&not&!food&!roll: negative
good&not&!food&roll: conflict
good&not&food&!wa: positive
good&not&food&wa: conflict
DecisionTree learned:
!but&!good&!the&!great: positive
!but&!good&!the&great: positive
!but&!good&the&!bar: positive
!but&!good&the&bar: neutral
!but&good&!get&!not: positive
!but&good&!get&not: neutral
!but&good&get&!ok: negative
!but&good&get&ok: neutral
but&!servic&!of&!great: negative
but&!servic&!of&great: positive
but&!servic&of&!have: negative
but&!servic&of&have: conflict
but&servic&!not&!found: negative
but&servic&!not&found: positive
but&servic&not&!and: conflict
but&servic&not&and: positive
DecisionTree learned:
!but&!though&!friendli&!small: positive
!but&!though&!friendli&small: negative
!but&!though&friendli&!sometim: positive
!but&!though&friendli&sometim: conflict
!but&though&!recommend&!even: conflict
!but&though&!recommend&even: negative
!but&though&recommend: neutral
but&!worth&!of&!nice: negative
but&!worth&!of&nice: positive
but&!worth&of&!have: negative
but&!worth&of&have: conflict
but&worth&!itsuperb&!and: conflict
but&worth&!itsuperb&and: conflict
but&worth&itsuperb: positive
DecisionTree learned:
!but&!the&!great&!though: positive
!but&!the&!great&though: negative
!but&!the&great&!white: positive
!but&!the&great&white: negative
!but&the&!is&!could: positive
!but&the&!is&could: conflict
!but&the&is&!it: positive
!but&the&is&it: negative
but&!look&!to&!with: positive
but&!look&!to&with: positive
but&!look&to&!an: neutral
but&!look&to&an: negative
but&look&!the: conflict
but&look&the&!and: negative
but&look&the&and: conflict
DecisionTree learned:
!but&!though&!dinner&!delici: positive
!but&!though&!dinner&delici: positive
!but&!though&dinner&!drink: neutral
!but&!though&dinner&drink: positive
!but&though&!recommend&!even: conflict
!but&though&!recommend&even: negative
!but&though&recommend: neutral
but&!of&!we&!food: negative
but&!of&!we&food: positive
but&!of&we&!casserol: neutral
but&!of&we&casserol: negative
but&of&!have&!noth: positive
but&of&!have&noth: negative
but&of&have: conflict
DecisionTree learned:
!but&!dinner&!excel&!good: positive
!but&!dinner&!excel&good: positive
!but&!dinner&excel&!salti: positive
!but&!dinner&excel&salti: negative
!but&dinner&!ani&!would: neutral
!but&dinner&!ani&would: negative
!but&dinner&ani: negative
but&!chicken&!with&!of: positive
but&!chicken&!with&of: negative
but&!chicken&with&!eat: positive
but&!chicken&with&eat: neutral
but&chicken&!and&!sauc: negative
but&chicken&!and&sauc: conflict
but&chicken&and: negative
DecisionTree learned:
!but&!the&!qualiti&!and: negative
!but&!the&!qualiti&and: positive
!but&!the&qualiti&!with: negative
!but&!the&qualiti&with: positive
!but&the&!at&!is: positive
!but&the&!at&is: positive
!but&the&at&!well: neutral
!but&the&at&well: conflict
but&!we&!nice&!servic: positive
but&!we&!nice&servic: negative
but&!we&nice&!casual: positive
but&!we&nice&casual: conflict
but&we&!lucki&!atmospher: neutral
but&we&!lucki&atmospher: positive
but&we&lucki: positive
DecisionTree learned:
!but&!n&!though&!the: positive
!but&!n&!though&the: positive
!but&!n&though&!even: conflict
!but&!n&though&even: negative
!but&n&!while&!hard: negative
!but&n&!while&hard: conflict
!but&n&while&!wa: conflict
!but&n&while&wa: positive
but&!well&!of&!servic: positive
but&!well&!of&servic: negative
but&!well&of&!it: negative
but&!well&of&it: positive
but&well&!food&!and: conflict
but&well&!food&and: positive
but&well&food: positive
DecisionTree learned:
!but&!the&!for&!n: positive
!but&!the&!for&n: negative
!but&!the&for&!you: neutral
!but&!the&for&you: positive
!but&the&!sometim&!wa: positive
!but&the&!sometim&wa: negative
!but&the&sometim: conflict
but&!we&!food&!to: negative
but&!we&!food&to: negative
but&!we&food&!thai: positive
but&!we&food&thai: neutral
but&we&!atmospher&!lucki: neutral
but&we&!atmospher&lucki: positive
but&we&atmospher: positive
DecisionTree learned:
!but&!the&!appet&!wait: positive
!but&!the&!appet&wait: negative
!but&!the&appet&!order: neutral
!but&!the&appet&order: positive
!but&the&!sometim&!could: positive
!but&the&!sometim&could: conflict
!but&the&sometim: conflict
but&!servic&!great&!qualiti: positive
but&!servic&!great&qualiti: negative
but&!servic&great&!bland: positive
but&!servic&great&bland: negative
but&servic&!not&!is: negative
but&servic&!not&is: negative
but&servic&not&!and: conflict
but&servic&not&and: positive
DecisionTree learned:
!but&!the&!though&!great: positive
!but&!the&!though&great: positive
!but&!the&though&!food: negative
!but&!the&though&food: conflict
!but&the&!variou&!sometim: positive
!but&the&!variou&sometim: conflict
!but&the&variou: conflict
but&!we&!expens&!wa: positive
but&!we&!expens&wa: negative
but&!we&expens&!food: neutral
but&!we&expens&food: conflict
but&we&!wa&!casserol: neutral
but&we&!wa&casserol: negative
but&we&wa&!in: negative
but&we&wa&in: positive
DecisionTree learned:
!but&!the&!for&!great: positive
!but&!the&!for&great: positive
!but&!the&for&!had: neutral
!but&!the&for&had: negative
!but&the&!at&!could: positive
!but&the&!at&could: conflict
!but&the&at&!well: neutral
!but&the&at&well: conflict
but&!of&!that&!chicken: positive
but&!of&!that&chicken: negative
but&!of&that&!would: negative
but&!of&that&would: positive
but&of&!have&!with: negative
but&of&!have&with: positive
but&of&have: conflict
DecisionTree learned:
!but&!though&!delici&!good: positive
!but&!though&!delici&good: positive
!but&!though&delici&!top: positive
!but&!though&delici&top: neutral
!but&though&!even&!i: conflict
!but&though&!even&i: negative
!but&though&even&!of: negative
!but&though&even&of: neutral
but&!we&!servic&!worth: positive
but&!we&!servic&worth: conflict
but&!we&servic&!not: negative
but&!we&servic&not: conflict
but&we&!atmospher&!wa: neutral
but&we&!atmospher&wa: positive
but&we&atmospher: positive
DecisionTree learned:
!but&!though&!friendli&!not: positive
!but&!though&!friendli&not: negative
!but&!though&friendli&!sometim: positive
!but&!though&friendli&sometim: conflict
!but&though&!even&!wa: conflict
!but&though&!even&wa: negative
!but&though&even&!of: negative
!but&though&even&of: neutral
but&!we&!that&!of: positive
but&!we&!that&of: positive
but&!we&that&!they: negative
but&!we&that&they: neutral
but&we&!wa&!atmospher: neutral
but&we&!wa&atmospher: positive
but&we&wa&!in: negative
but&we&wa&in: positive
DecisionTree learned:
!but&!excel&!the&!atmospher: positive
!but&!excel&!the&atmospher: positive
!but&!excel&the&!bar: positive
!but&!excel&the&bar: neutral
!but&excel&!do&!salti: positive
!but&excel&!do&salti: negative
!but&excel&do: negative
but&!we&!locat&!worth: negative
but&!we&!locat&worth: conflict
but&!we&locat&!for: neutral
but&!we&locat&for: positive
but&we&!wa&!atmospher: neutral
but&we&!wa&atmospher: positive
but&we&wa&!and: negative
but&we&wa&and: positive
DecisionTree learned:
!but&!good&!the&!qualiti: neutral
!but&!good&!the&qualiti: negative
!but&!good&the&!wa: positive
!but&!good&the&wa: negative
!but&good&!to&!piec: positive
!but&good&!to&piec: neutral
!but&good&to&!and: negative
!but&good&to&and: positive
but&!of&!chicken&!that: positive
but&!of&!chicken&that: negative
but&!of&chicken&!and: negative
but&!of&chicken&and: negative
but&of&!have&!line: negative
but&of&!have&line: positive
but&of&have: conflict
DecisionTree learned:
!but&!though&!nice&!excel: positive
!but&!though&!nice&excel: positive
!but&!though&nice&!serv: positive
!but&!though&nice&serv: neutral
!but&though&!even&!i: conflict
!but&though&!even&i: negative
!but&though&even&!of: negative
!but&though&even&of: neutral
but&!of&!did&!servic: positive
but&!of&!did&servic: negative
but&!of&did: negative
but&of&!have&!it: negative
but&of&!have&it: positive
but&of&have: conflict
DecisionTree learned:
!that&!but&!the&!perhap: positive
!that&!but&!the&perhap: conflict
!that&!but&the&!variou: positive
!that&!but&the&variou: conflict
!that&but&!worth&!of: positive
!that&but&!worth&of: positive
!that&but&worth&!itsuperb: conflict
!that&but&worth&itsuperb: positive
that&!order&!had&!qualiti: negative
that&!order&!had&qualiti: negative
that&!order&had&!were: negative
that&!order&had&were: positive
that&order&!all: negative
that&order&all: neutral
DecisionTree learned:
!but&!the&!qualiti&!atmospher: positive
!but&!the&!qualiti&atmospher: positive
!but&!the&qualiti&!with: negative
!but&!the&qualiti&with: positive
!but&the&!could&!it: positive
!but&the&!could&it: negative
!but&the&could&!more: neutral
!but&the&could&more: conflict
but&!we&!that&!food: negative
but&!we&!that&food: positive
but&!we&that&!they: negative
but&!we&that&they: neutral
but&we&!wa&!atmospher: neutral
but&we&!wa&atmospher: positive
but&we&wa&!and: negative
but&we&wa&and: positive
DecisionTree learned:
!but&!the&!appear&!exceed: positive
!but&!the&!appear&exceed: conflict
!but&!the&appear: conflict
!but&the&!small&!sometim: positive
!but&the&!small&sometim: conflict
!but&the&small&!good: negative
!but&the&small&good: positive
but&!we&!look&!to: positive
but&!we&!look&to: negative
but&!we&look&!a: conflict
but&!we&look&a: neutral
but&we&!wa&!expens: neutral
but&we&!wa&expens: negative
but&we&wa&!in: negative
but&we&wa&in: positive
DecisionTree learned:
!but&!n&!though&!dinner: positive
!but&!n&!though&dinner: neutral
!but&!n&though&!even: conflict
!but&!n&though&even: negative
!but&n&!while&!to: negative
!but&n&!while&to: negative
!but&n&while&!wa: conflict
!but&n&while&wa: positive
but&!of&!worth&!food: negative
but&!of&!worth&food: positive
but&!of&worth&!a: conflict
but&!of&worth&a: conflict
but&of&!have&!with: negative
but&of&!have&with: positive
but&of&have: conflict
DecisionTree learned:
!nice&!dinner&!littl&!not: positive
!nice&!dinner&!littl&not: negative
!nice&!dinner&littl&!there: conflict
!nice&!dinner&littl&there: neutral
!nice&dinner&!drink&!would: neutral
!nice&dinner&!drink&would: negative
!nice&dinner&drink&!of: positive
!nice&dinner&drink&of: negative
nice&!than&!serv&!present: positive
nice&!than&!serv&present: positive
nice&!than&serv: neutral
nice&than: conflict
DecisionTree learned:
!but&!wait&!the&!tho: positive
!but&!wait&!the&tho: conflict
!but&!wait&the&!variou: positive
!but&!wait&the&variou: conflict
!but&wait&!we&!though: negative
!but&wait&!we&though: conflict
!but&wait&we&!servic: neutral
!but&wait&we&servic: negative
but&!onli&!with&!worth: negative
but&!onli&!with&worth: conflict
but&!onli&with&!chicken: positive
but&!onli&with&chicken: negative
but&onli&!and&!with: positive
but&onli&!and&with: neutral
but&onli&and&!actual: neutral
but&onli&and&actual: positive
DecisionTree learned:
!but&!the&!perhap&!atmospher: positive
!but&!the&!perhap&atmospher: positive
!but&!the&perhap: conflict
!but&the&!although&!best: positive
!but&the&!although&best: positive
!but&the&although&!there: conflict
!but&the&although&there: neutral
but&!worth&!of&!servic: positive
but&!worth&!of&servic: negative
but&!worth&of&!have: negative
but&!worth&of&have: conflict
but&worth&!itsuperb&!and: conflict
but&worth&!itsuperb&and: conflict
but&worth&itsuperb: positive
DecisionTree learned:
!but&!dinner&!good&!n: positive
!but&!dinner&!good&n: negative
!but&!dinner&good&!rest: positive
!but&!dinner&good&rest: conflict
!but&dinner&!ani&!drink: neutral
!but&dinner&!ani&drink: positive
!but&dinner&ani: negative
but&!of&!great&!look: negative
but&!of&!great&look: conflict
but&!of&great&!valu: positive
but&!of&great&valu: conflict
but&of&!have&!at: positive
but&of&!have&at: negative
but&of&have: conflict
DecisionTree learned:
!but&!the&!perhap&!atmospher: positive
!but&!the&!perhap&atmospher: positive
!but&!the&perhap: conflict
!but&the&!variou&!wa: positive
!but&the&!variou&wa: negative
!but&the&variou: conflict
but&!we&!with&!that: positive
but&!we&!with&that: negative
but&!we&with&!the: positive
but&!we&with&the: negative
but&we&!lucki&!wa: neutral
but&we&!lucki&wa: negative
but&we&lucki: positive
DecisionTree learned:
!but&!doe&!the&!tho: positive
!but&!doe&!the&tho: conflict
!but&!doe&the&!variou: positive
!but&!doe&the&variou: conflict
!but&doe&!that&!make: conflict
!but&doe&!that&make: positive
!but&doe&that&!and: neutral
!but&doe&that&and: negative
but&!locat&!we&!long: positive
but&!locat&!we&long: neutral
but&!locat&we&!lucki: neutral
but&!locat&we&lucki: positive
but&locat&!for: neutral
but&locat&for: positive
DecisionTree learned:
!but&!the&!atmospher&!appet: positive
!but&!the&!atmospher&appet: neutral
!but&!the&atmospher&!were: positive
!but&!the&atmospher&were: conflict
!but&the&!variou&!bar: positive
!but&the&!variou&bar: neutral
!but&the&variou: conflict
but&!servic&!qualiti&!look: positive
but&!servic&!qualiti&look: conflict
but&!servic&qualiti: negative
but&servic&!not&!good: negative
but&servic&!not&good: positive
but&servic&not&!and: conflict
but&servic&not&and: positive
DecisionTree learned:
!but&!the&!qualiti&!tho: neutral
!but&!the&!qualiti&tho: conflict
!but&!the&qualiti&!dine: negative
!but&!the&qualiti&dine: positive
!but&the&!variou&!sometim: positive
!but&the&!variou&sometim: conflict
!but&the&variou: conflict
but&!of&!portion&!chicken: positive
but&!of&!portion&chicken: negative
but&!of&portion&!for: negative
but&!of&portion&for: positive
but&of&!have&!it: negative
but&of&!have&it: positive
but&of&have: conflict
DecisionTree learned:
!but&!though&!doe&!wa: positive
!but&!though&!doe&wa: negative
!but&!though&doe&!that: conflict
!but&!though&doe&that: negative
!but&though&!even&!reserv: conflict
!but&though&!even&reserv: neutral
!but&though&even&!of: negative
!but&though&even&of: neutral
but&!great&!well&!of: negative
but&!great&!well&of: negative
but&!great&well&!food: conflict
but&!great&well&food: positive
but&great&!atmospher&!valu: positive
but&great&!atmospher&valu: conflict
but&great&atmospher: conflict
DecisionTree learned:
!nice&!though&!wa&!littl: positive
!nice&!though&!wa&littl: conflict
!nice&!though&wa&!although: negative
!nice&!though&wa&although: conflict
!nice&though&!even&!thai: conflict
!nice&though&!even&thai: positive
!nice&though&even&!i: negative
!nice&though&even&i: positive
nice&!than&!serv&!present: positive
nice&!than&!serv&present: positive
nice&!than&serv: neutral
nice&than: conflict
DecisionTree learned:
!but&!the&!great&!tho: neutral
!but&!the&!great&tho: conflict
!but&!the&great&!kid: positive
!but&!the&great&kid: conflict
!but&the&!small&!attent: positive
!but&the&!small&attent: conflict
!but&the&small&!place: negative
!but&the&small&place: positive
but&!we&!nice&!great: negative
but&!we&!nice&great: positive
but&!we&nice&!casual: positive
but&!we&nice&casual: conflict
but&we&!atmospher&!wa: neutral
but&we&!atmospher&wa: negative
but&we&atmospher: positive
DecisionTree learned:
!but&!though&!littl&!the: positive
!but&!though&!littl&the: positive
!but&!though&littl&!bagel: conflict
!but&!though&littl&bagel: neutral
!but&though&!recommend&!even: conflict
!but&though&!recommend&even: negative
!but&though&recommend: neutral
but&!we&!with&!locat: negative
but&!we&!with&locat: neutral
but&!we&with&!chicken: positive
but&!we&with&chicken: negative
but&we&!lucki&!atmospher: neutral
but&we&!lucki&atmospher: positive
but&we&lucki: positive
DecisionTree learned:
!but&!the&!exceed&!perhap: positive
!but&!the&!exceed&perhap: conflict
!but&!the&exceed: conflict
!but&the&!sometim&!variou: positive
!but&the&!sometim&variou: conflict
!but&the&sometim: conflict
but&!onli&!great&!nice: negative
but&!onli&!great&nice: positive
but&!onli&great&!atmospher: positive
but&!onli&great&atmospher: conflict
but&onli&!and&!with: positive
but&onli&!and&with: neutral
but&onli&and&!actual: neutral
but&onli&and&actual: positive
DecisionTree learned:
!and&!wa&!though&!littl: negative
!and&!wa&!though&littl: conflict
!and&!wa&though&!recommend: conflict
!and&!wa&though&recommend: neutral
!and&wa&!yet&!ok: negative
!and&wa&!yet&ok: neutral
!and&wa&yet&!to: conflict
!and&wa&yet&to: positive
and&!it&!variou&!nightmar: positive
and&!it&!variou&nightmar: conflict
and&!it&variou: conflict
and&it&!of&!fine: negative
and&it&!of&fine: conflict
and&it&of&!lot: neutral
and&it&of&lot: positive
DecisionTree learned:
!but&!the&!qualiti&!atmospher: neutral
!but&!the&!qualiti&atmospher: positive
!but&!the&qualiti&!with: negative
!but&!the&qualiti&with: positive
!but&the&!although&!may: positive
!but&the&!although&may: conflict
!but&the&although&!there: conflict
!but&the&although&there: neutral
but&!reserv&!of&!mediocr: positive
but&!reserv&!of&mediocr: neutral
but&!reserv&of&!have: negative
but&!reserv&of&have: conflict
but&reserv&!to: negative
but&reserv&to&!wa: neutral
but&reserv&to&wa: negative
DecisionTree learned:
!but&!the&!exceed&!appear: positive
!but&!the&!exceed&appear: conflict
!but&!the&exceed: conflict
!but&the&!although&!fine: positive
!but&the&!although&fine: conflict
!but&the&although&!there: conflict
!but&the&although&there: neutral
but&!ve&!well&!of: positive
but&!ve&!well&of: positive
but&!ve&well&!food: conflict
but&!ve&well&food: positive
but&ve&!never: neutral
but&ve&never&!with: conflict
but&ve&never&with: positive
DecisionTree learned:
!that&!but&!doe&!the: positive
!that&!but&!doe&the: positive
!that&!but&doe&!make: conflict
!that&!but&doe&make: positive
!that&but&!of&!nice: positive
!that&but&!of&nice: positive
!that&but&of&!have: positive
!that&but&of&have: conflict
that&!order&!with&!manag: negative
that&!order&!with&manag: negative
that&!order&with&!much: positive
that&!order&with&much: negative
that&order&!all: negative
that&order&all: neutral
DecisionTree learned:
!but&!the&!qualiti&!not: positive
!but&!the&!qualiti&not: negative
!but&!the&qualiti&!with: negative
!but&!the&qualiti&with: positive
!but&the&!sometim&!wa: positive
!but&the&!sometim&wa: negative
!but&the&sometim: conflict
but&!portion&!of&!we: positive
but&!portion&!of&we: neutral
but&!portion&of&!have: negative
but&!portion&of&have: conflict
but&portion&!for&!said: negative
but&portion&!for&said: negative
but&portion&for: positive
DecisionTree learned:
!but&!though&!the&!atmospher: neutral
!but&!though&!the&atmospher: positive
!but&!though&the&!bar: positive
!but&!though&the&bar: neutral
!but&though&!even&!on: conflict
!but&though&!even&on: negative
!but&though&even&!of: negative
!but&though&even&of: neutral
but&!that&!onli&!at: positive
but&!that&!onli&at: negative
but&!that&onli&!and: positive
but&!that&onli&and: neutral
but&that&!we&!they: negative
but&that&!we&they: neutral
but&that&we: neutral
DecisionTree learned:
!good&!it&!and&!small: negative
!good&!it&!and&small: negative
!good&!it&and&!noisi: positive
!good&!it&and&noisi: conflict
!good&it&!even&!outstand: negative
!good&it&!even&outstand: conflict
!good&it&even&!with: negative
!good&it&even&with: conflict
good&!not&!other&!rest: positive
good&!not&!other&rest: conflict
good&!not&other: conflict
good&not&!of&!definit: conflict
good&not&!of&definit: neutral
good&not&of: neutral
DecisionTree learned:
!littl&!but&!the&!though: neutral
!littl&!but&!the&though: negative
!littl&!but&the&!sometim: positive
!littl&!but&the&sometim: conflict
!littl&but&!of&!did: positive
!littl&but&!of&did: negative
!littl&but&of&!have: negative
!littl&but&of&have: conflict
littl&!bagel&!for&!more: conflict
littl&!bagel&!for&more: conflict
littl&!bagel&for&!there: positive
littl&!bagel&for&there: neutral
littl&bagel: neutral
DecisionTree learned:
!but&!the&!atmospher&!exceed: neutral
!but&!the&!atmospher&exceed: conflict
!but&!the&atmospher&!to: positive
!but&!the&atmospher&to: conflict
!but&the&!sometim&!rest: positive
!but&the&!sometim&rest: conflict
!but&the&sometim: conflict
but&!worth&!wa&!expens: positive
but&!worth&!wa&expens: conflict
but&!worth&wa&!dim: conflict
but&!worth&wa&dim: neutral
but&worth&!itsuperb&!and: conflict
but&worth&!itsuperb&and: conflict
but&worth&itsuperb: positive
DecisionTree learned:
!but&!the&!tho&!exceed: positive
!but&!the&!tho&exceed: conflict
!but&!the&tho: conflict
!but&the&!bar&!sometim: positive
!but&the&!bar&sometim: conflict
!but&the&bar&!crowd: neutral
!but&the&bar&crowd: negative
but&!to&!of&!for: positive
but&!to&!of&for: negative
but&!to&of&!have: positive
but&!to&of&have: conflict
but&to&!turn&!wa: neutral
but&to&!turn&wa: negative
but&to&turn&!for: negative
but&to&turn&for: conflict
DecisionTree learned:
!littl&!wa&!though&!is: positive
!littl&!wa&!though&is: positive
!littl&!wa&though&!even: conflict
!littl&!wa&though&even: negative
!littl&wa&!fine&!and: negative
!littl&wa&!fine&and: negative
!littl&wa&fine&!to: conflict
!littl&wa&fine&to: neutral
littl&!bagel&!for&!more: conflict
littl&!bagel&!for&more: conflict
littl&!bagel&for&!wait: negative
littl&!bagel&for&wait: neutral
littl&bagel: neutral
DecisionTree learned:
!but&!the&!appear&!exceed: positive
!but&!the&!appear&exceed: conflict
!but&!the&appear: conflict
!but&the&!although&!rest: positive
!but&the&!although&rest: conflict
!but&the&although&!there: conflict
!but&the&although&there: neutral
but&!of&!servic&!that: positive
but&!of&!servic&that: negative
but&!of&servic&!not: negative
but&!of&servic&not: conflict
but&of&!have&!it: negative
but&of&!have&it: positive
but&of&have: conflict
DecisionTree learned:
!but&!the&!qualiti&!perhap: neutral
!but&!the&!qualiti&perhap: conflict
!but&!the&qualiti&!with: negative
!but&!the&qualiti&with: positive
!but&the&!at&!attent: positive
!but&the&!at&attent: conflict
!but&the&at&!doe: neutral
!but&the&at&doe: conflict
but&!we&!locat&!to: positive
but&!we&!locat&to: negative
but&!we&locat&!for: neutral
but&!we&locat&for: positive
but&we&!quickli&!casserol: neutral
but&we&!quickli&casserol: negative
but&we&quickli: positive
DecisionTree learned:
!but&!though&!the&!perhap: neutral
!but&!though&!the&perhap: conflict
!but&!though&the&!although: positive
!but&!though&the&although: conflict
!but&though&!even&!i: conflict
!but&though&!even&i: negative
!but&though&even&!at: negative
!but&though&even&at: positive
but&!few&!look&!to: positive
but&!few&!look&to: neutral
but&!few&look&!and: negative
but&!few&look&and: conflict
but&few: neutral
DecisionTree learned:
!nice&!that&!wa&!though: positive
!nice&!that&!wa&though: conflict
!nice&!that&wa&!and: negative
!nice&!that&wa&and: negative
!nice&that&!had&!with: negative
!nice&that&!had&with: neutral
!nice&that&had&!on: negative
!nice&that&had&on: negative
nice&!serv&!than&!present: positive
nice&!serv&!than&present: neutral
nice&!serv&than: conflict
nice&serv: neutral
DecisionTree learned:
!but&!the&!appear&!atmospher: neutral
!but&!the&!appear&atmospher: positive
!but&!the&appear: conflict
!but&the&!small&!at: positive
!but&the&!small&at: neutral
!but&the&small&!place: negative
!but&the&small&place: positive
but&!of&!servic&!that: positive
but&!of&!servic&that: negative
but&!of&servic&!not: negative
but&!of&servic&not: conflict
but&of&!qualiti&!out: positive
but&of&!qualiti&out: negative
but&of&qualiti: negative
DecisionTree learned:
!but&!the&!atmospher&!appear: neutral
!but&!the&!atmospher&appear: conflict
!but&!the&atmospher&!were: positive
!but&!the&atmospher&were: conflict
!but&the&!quibbl&!could: positive
!but&the&!quibbl&could: conflict
!but&the&quibbl: conflict
but&!servic&!of&!that: positive
but&!servic&!of&that: negative
but&!servic&of&!have: negative
but&!servic&of&have: conflict
but&servic&!not&!found: negative
but&servic&!not&found: positive
but&servic&not&!and: conflict
but&servic&not&and: positive
DecisionTree learned:
!but&!the&!perhap&!though: neutral
!but&!the&!perhap&though: negative
!but&!the&perhap: conflict
!but&the&!sometim&!could: positive
!but&the&!sometim&could: conflict
!but&the&sometim: conflict
but&!chicken&!with&!worth: negative
but&!chicken&!with&worth: conflict
but&!chicken&with&!onli: positive
but&!chicken&with&onli: neutral
but&chicken&!and&!sauc: negative
but&chicken&!and&sauc: conflict
but&chicken&and: negative
DecisionTree learned:
!but&!the&!tho&!atmospher: neutral
!but&!the&!tho&atmospher: positive
!but&!the&tho: conflict
!but&the&!sometim&!although: positive
!but&the&!sometim&although: conflict
!but&the&sometim: conflict
but&!of&!menu&!look: negative
but&!of&!menu&look: conflict
but&!of&menu&!it: neutral
but&!of&menu&it: negative
but&of&!have&!noth: positive
but&of&!have&noth: negative
but&of&have: conflict
DecisionTree learned:
!but&!though&!the&!tho: positive
!but&!though&!the&tho: conflict
!but&!though&the&!at: positive
!but&!though&the&at: neutral
!but&though&!even&!alway: conflict
!but&though&!even&alway: negative
!but&though&even&!of: negative
!but&though&even&of: neutral
but&!we&!great&!servic: positive
but&!we&!great&servic: negative
but&!we&great&!atmospher: positive
but&!we&great&atmospher: conflict
but&we&!expens&!wa: neutral
but&we&!expens&wa: positive
but&we&expens: negative
DecisionTree learned:
!but&!the&!perhap&!exceed: neutral
!but&!the&!perhap&exceed: conflict
!but&!the&perhap: conflict
!but&the&!it&!yet: positive
!but&the&!it&yet: conflict
!but&the&it&!worth: negative
!but&the&it&worth: conflict
but&!of&!food&!we: negative
but&!of&!food&we: neutral
but&!of&food&!thai: positive
but&!of&food&thai: neutral
but&of&!have&!restaur: negative
but&of&!have&restaur: positive
but&of&have: conflict
DecisionTree learned:
!but&!the&!tho&!exceed: neutral
!but&!the&!tho&exceed: conflict
!but&!the&tho: conflict
!but&the&!sometim&!wa: positive
!but&the&!sometim&wa: negative
!but&the&sometim: conflict
but&!of&!great&!nice: negative
but&!of&!great&nice: positive
but&!of&great&!atmospher: positive
but&!of&great&atmospher: conflict
but&of&!have&!out: positive
but&of&!have&out: negative
but&of&have: conflict
DecisionTree learned:
!but&!the&!tho&!exceed: neutral
!but&!the&!tho&exceed: conflict
!but&!the&tho: conflict
!but&the&!variou&!attent: positive
!but&the&!variou&attent: conflict
!but&the&variou: conflict
but&!of&!menu&!look: negative
but&!of&!menu&look: conflict
but&!of&menu&!it: neutral
but&!of&menu&it: negative
but&of&!have&!at: positive
but&of&!have&at: negative
but&of&have: conflict
DecisionTree learned:
!but&!the&!appear&!perhap: neutral
!but&!the&!appear&perhap: conflict
!but&!the&appear: conflict
!but&the&!small&!fine: positive
!but&the&!small&fine: conflict
!but&the&small&!place: negative
!but&the&small&place: positive
but&!of&!great&!servic: neutral
but&!of&!great&servic: negative
but&!of&great&!atmospher: positive
but&!of&great&atmospher: conflict
but&of&!have&!with: negative
but&of&!have&with: positive
but&of&have: conflict
DecisionTree learned:
!but&!the&!veri&!appet: neutral
!but&!the&!veri&appet: neutral
!but&!the&veri&!usual: positive
!but&!the&veri&usual: conflict
!but&the&!wa&!littl: positive
!but&the&!wa&littl: conflict
!but&the&wa&!yet: negative
!but&the&wa&yet: conflict
but&!great&!nice&!not: negative
but&!great&!nice&not: conflict
but&!great&nice&!casual: positive
but&!great&nice&casual: conflict
but&great&!atmospher&!valu: positive
but&great&!atmospher&valu: conflict
but&great&atmospher: conflict
DecisionTree learned:
!that&!but&!the&!atmospher: positive
!that&!but&!the&atmospher: positive
!that&!but&the&!attent: positive
!that&!but&the&attent: conflict
!that&but&!high&!servic: positive
!that&but&!high&servic: negative
!that&but&high&!for: conflict
!that&but&high&for: negative
that&!order&!qualiti&!and: negative
that&!order&!qualiti&and: positive
that&!order&qualiti: negative
that&order&!all: negative
that&order&all: neutral
DecisionTree learned:
!but&!the&!perhap&!exceed: neutral
!but&!the&!perhap&exceed: conflict
!but&!the&perhap: conflict
!but&the&!attent&!although: positive
!but&the&!attent&although: conflict
!but&the&attent&!a: positive
!but&the&attent&a: conflict
but&!we&!worth&!slice: negative
but&!we&!worth&slice: conflict
but&!we&worth&!itsuperb: conflict
but&!we&worth&itsuperb: positive
but&we&!wa&!lucki: neutral
but&we&!wa&lucki: positive
but&we&wa&!the: negative
but&we&wa&the: positive
DecisionTree learned:
!but&!the&!exceed&!appear: positive
!but&!the&!exceed&appear: conflict
!but&!the&exceed: conflict
!but&the&!rest&!it: positive
!but&the&!rest&it: negative
!but&the&rest&!wa: conflict
!but&the&rest&wa: neutral
but&!chicken&!with&!doe: positive
but&!chicken&!with&doe: negative
but&!chicken&with&!like: positive
but&!chicken&with&like: negative
but&chicken&!and&!sauc: negative
but&chicken&!and&sauc: conflict
but&chicken&and: negative
DecisionTree learned:
!wa&!littl&!though&!but: positive
!wa&!littl&!though&but: neutral
!wa&!littl&though&!recommend: conflict
!wa&!littl&though&recommend: neutral
!wa&littl&!bagel&!more: negative
!wa&littl&!bagel&more: conflict
!wa&littl&bagel: neutral
wa&!fine&!yet&!although: negative
wa&!fine&!yet&although: conflict
wa&!fine&yet&!discreet: conflict
wa&!fine&yet&discreet: positive
wa&fine&!to: conflict
wa&fine&to&!and: neutral
wa&fine&to&and: positive
DecisionTree learned:
!but&!the&!tho&!though: neutral
!but&!the&!tho&though: negative
!but&!the&tho: conflict
!but&the&!nearbi&!in: positive
!but&the&!nearbi&in: neutral
!but&the&nearbi: conflict
but&!few&!worth&!look: negative
but&!few&!worth&look: conflict
but&!few&worth&!and: conflict
but&!few&worth&and: conflict
but&few: neutral
DecisionTree learned:
!but&!the&!perhap&!appear: neutral
!but&!the&!perhap&appear: conflict
!but&!the&perhap: conflict
!but&the&!sometim&!rest: positive
!but&the&!sometim&rest: conflict
!but&the&sometim: conflict
but&!of&!we&!expens: positive
but&!of&!we&expens: conflict
but&!of&we&!casserol: neutral
but&!of&we&casserol: negative
but&of&!have&!with: negative
but&of&!have&with: positive
but&of&have: conflict
DecisionTree learned:
!that&!but&!the&!for: positive
!that&!but&!the&for: neutral
!that&!but&the&!although: positive
!that&!but&the&although: conflict
!that&but&!servic&!of: positive
!that&but&!servic&of: negative
!that&but&servic&!not: negative
!that&but&servic&not: conflict
that&!restaur&!order&!manag: negative
that&!restaur&!order&manag: negative
that&!restaur&order&!all: negative
that&!restaur&order&all: neutral
that&restaur&!the&!are: neutral
that&restaur&!the&are: positive
that&restaur&the: positive
DecisionTree learned:
!but&!the&!appear&!exceed: neutral
!but&!the&!appear&exceed: conflict
!but&!the&appear: conflict
!but&the&!rest&!wa: positive
!but&the&!rest&wa: negative
!but&the&rest&!wa: conflict
!but&the&rest&wa: neutral
but&!we&!that&!not: negative
but&!we&!that&not: conflict
but&!we&that&!they: negative
but&!we&that&they: neutral
but&we&!lucki&!wa: neutral
but&we&!lucki&wa: negative
but&we&lucki: positive
DecisionTree learned:
!that&!variou&!and&!worth: negative
!that&!variou&!and&worth: conflict
!that&!variou&and&!it: positive
!that&!variou&and&it: negative
!that&variou: conflict
that&!with&!manag&!had: negative
that&!with&!manag&had: negative
that&!with&manag: negative
that&with&!much&!tast: neutral
that&with&!much&tast: negative
that&with&much: negative
DecisionTree learned:
!littl&!nice&!dinner&!though: positive
!littl&!nice&!dinner&though: conflict
!littl&!nice&dinner&!drink: neutral
!littl&!nice&dinner&drink: positive
!littl&nice&!than&!serv: positive
!littl&nice&!than&serv: neutral
!littl&nice&than: conflict
littl&!there&!more&!for: conflict
littl&!there&!more&for: positive
littl&!there&more&!the: neutral
littl&!there&more&the: conflict
littl&there: neutral
DecisionTree learned:
!but&!the&!tho&!appear: neutral
!but&!the&!tho&appear: conflict
!but&!the&tho: conflict
!but&the&!it&!attent: positive
!but&the&!it&attent: conflict
!but&the&it&!decent: negative
!but&the&it&decent: conflict
but&!look&!to&!with: positive
but&!look&!to&with: positive
but&!look&to&!food: negative
but&!look&to&food: neutral
but&look&!menu&!not: conflict
but&look&!menu&not: negative
but&look&menu&!fantast: negative
but&look&menu&fantast: neutral
DecisionTree learned:
!but&!though&!the&!tho: positive
!but&!though&!the&tho: conflict
!but&!though&the&!wa: positive
!but&!though&the&wa: negative
!but&though&!even&!i: conflict
!but&though&!even&i: negative
!but&though&even&!of: negative
!but&though&even&of: neutral
but&!qualiti&!food&!n: negative
but&!qualiti&!food&n: negative
but&!qualiti&food&!thai: positive
but&!qualiti&food&thai: neutral
but&qualiti: negative
DecisionTree learned:
!but&!the&!atmospher&!perhap: neutral
!but&!the&!atmospher&perhap: conflict
!but&!the&atmospher&!were: positive
!but&!the&atmospher&were: conflict
!but&the&!variou&!nearbi: positive
!but&the&!variou&nearbi: conflict
!but&the&variou: conflict
but&!of&!we&!menu: negative
but&!of&!we&menu: neutral
but&!of&we&!atmospher: neutral
but&!of&we&atmospher: positive
but&of&!it&!have: negative
but&of&!it&have: conflict
but&of&it: positive
DecisionTree learned:
!but&!the&!perhap&!atmospher: neutral
!but&!the&!perhap&atmospher: positive
!but&!the&perhap: conflict
!but&the&!by&!although: positive
!but&the&!by&although: conflict
!but&the&by&!a: conflict
!but&the&by&a: neutral
but&!of&!that&!chicken: positive
but&!of&!that&chicken: negative
but&!of&that&!they: negative
but&!of&that&they: neutral
but&of&!staff&!line: negative
but&of&!staff&line: positive
but&of&staff&!have: negative
but&of&staff&have: conflict
DecisionTree learned:
!but&!the&!exceed&!atmospher: neutral
!but&!the&!exceed&atmospher: positive
!but&!the&exceed: conflict
!but&the&!small&!variou: positive
!but&the&!small&variou: conflict
!but&the&small&!place: negative
!but&the&small&place: positive
but&!of&!worth&!wa: positive
but&!of&!worth&wa: conflict
but&!of&worth&!itsuperb: conflict
but&!of&worth&itsuperb: positive
but&of&!have&!out: positive
but&of&!have&out: negative
but&of&have: conflict
DecisionTree learned:
!but&!the&!tho&!atmospher: neutral
!but&!the&!tho&atmospher: positive
!but&!the&tho: conflict
!but&the&!sometim&!variou: positive
!but&the&!sometim&variou: conflict
!but&the&sometim: conflict
but&!reserv&!of&!wa: positive
but&!reserv&!of&wa: conflict
but&!reserv&of&!have: positive
but&!reserv&of&have: conflict
but&reserv&!to: negative
but&reserv&to&!the: neutral
but&reserv&to&the: neutral
DecisionTree learned:
!but&!the&!tho&!appear: positive
!but&!the&!tho&appear: conflict
!but&!the&tho: conflict
!but&the&!fine&!sometim: positive
!but&the&!fine&sometim: conflict
!but&the&fine&!to: conflict
!but&the&fine&to: neutral
but&!worth&!locat&!that: positive
but&!worth&!locat&that: negative
but&!worth&locat&!for: neutral
but&!worth&locat&for: positive
but&worth&!itsuperb&!and: conflict
but&worth&!itsuperb&and: conflict
but&worth&itsuperb: positive
DecisionTree learned:
!but&!though&!the&!perhap: positive
!but&!though&!the&perhap: conflict
!but&!though&the&!sometim: positive
!but&!though&the&sometim: conflict
!but&though&!even&!i: conflict
!but&though&!even&i: negative
!but&though&even&!of: negative
!but&though&even&of: neutral
but&!of&!great&!not: negative
but&!of&!great&not: conflict
but&!of&great&!atmospher: positive
but&!of&great&atmospher: conflict
but&of&!onli&!with: negative
but&of&!onli&with: positive
but&of&onli: positive
DecisionTree learned:
!but&!though&!the&!appear: neutral
!but&!though&!the&appear: conflict
!but&!though&the&!variou: positive
!but&!though&the&variou: conflict
!but&though&!even&!i: conflict
!but&though&!even&i: negative
!but&though&even&!a: positive
!but&though&even&a: negative
but&!we&!of&!to: conflict
but&!we&!of&to: negative
but&!we&of&!a: negative
but&!we&of&a: positive
but&we&!lucki&!casserol: neutral
but&we&!lucki&casserol: negative
but&we&lucki: positive
DecisionTree learned:
!but&!the&!atmospher&!perhap: positive
!but&!the&!atmospher&perhap: conflict
!but&!the&atmospher&!to: positive
!but&!the&atmospher&to: conflict
!but&the&!best&!could: positive
!but&the&!best&could: conflict
!but&the&best&!a: positive
!but&the&best&a: conflict
but&!at&!look&!to: positive
but&!at&!look&to: neutral
but&!at&look&!the: conflict
but&!at&look&the: negative
but&at&!price&!bar: negative
but&at&!price&bar: neutral
but&at&price: positive
DecisionTree learned:
!but&!the&!appear&!tho: neutral
!but&!the&!appear&tho: conflict
!but&!the&appear: conflict
!but&the&!wa&!though: positive
!but&the&!wa&though: conflict
!but&the&wa&!yet: negative
!but&the&wa&yet: conflict
but&!felt&!of&!servic: neutral
but&!felt&!of&servic: negative
but&!felt&of&!have: negative
but&!felt&of&have: conflict
but&felt: conflict
DecisionTree learned:
!that&!but&!the&!tho: neutral
!that&!but&!the&tho: conflict
!that&!but&the&!attent: positive
!that&!but&the&attent: conflict
!that&but&!of&!servic: positive
!that&but&!of&servic: negative
!that&but&of&!have: negative
!that&but&of&have: conflict
that&!order&!had&!what: negative
that&!order&!had&what: neutral
that&!order&had&!we: negative
that&!order&had&we: positive
that&order&!all: negative
that&order&all: neutral
DecisionTree learned:
!but&!the&!perhap&!atmospher: neutral
!but&!the&!perhap&atmospher: positive
!but&!the&perhap: conflict
!but&the&!it&!yet: positive
!but&the&!it&yet: conflict
!but&the&it&!worth: negative
!but&the&it&worth: conflict
but&!that&!long&!you: positive
but&!that&!long&you: positive
but&!that&long&!like: neutral
but&!that&long&like: neutral
but&that&!they&!we: negative
but&that&!they&we: neutral
but&that&they&!wa: neutral
but&that&they&wa: negative
DecisionTree learned:
!but&!the&!tho&!though: neutral
!but&!the&!tho&though: negative
!but&!the&tho: conflict
!but&the&!rest&!sometim: positive
!but&the&!rest&sometim: conflict
!but&the&rest&!wa: conflict
!but&the&rest&wa: neutral
but&!of&!onli&!not: positive
but&!of&!onli&not: conflict
but&!of&onli&!and: positive
but&!of&onli&and: neutral
but&of&!line&!onli: negative
but&of&!line&onli: positive
but&of&line: positive
DecisionTree learned:
!that&!but&!the&!n: positive
!that&!but&!the&n: negative
!that&!but&the&!attent: positive
!that&!but&the&attent: conflict
!that&but&!long&!not: positive
!that&but&!long&not: conflict
!that&but&long&!littl: neutral
!that&but&long&littl: neutral
that&!order&!manag&!had: negative
that&!order&!manag&had: negative
that&!order&manag: negative
that&order&!all: negative
that&order&all: neutral
DecisionTree learned:
!but&!the&!appet&!exceed: positive
!but&!the&!appet&exceed: conflict
!but&!the&appet&!and: neutral
!but&!the&appet&and: neutral
!but&the&!although&!may: positive
!but&the&!although&may: conflict
!but&the&although&!there: conflict
!but&the&although&there: neutral
but&!of&!servic&!casual: positive
but&!of&!servic&casual: conflict
but&!of&servic&!not: negative
but&!of&servic&not: conflict
but&of&!line&!it: negative
but&of&!line&it: positive
but&of&line: positive
DecisionTree learned:
!though&!wa&!variou&!nearbi: positive
!though&!wa&!variou&nearbi: conflict
!though&!wa&variou: conflict
!though&wa&!yet&!fine: negative
!though&wa&!yet&fine: conflict
!though&wa&yet&!to: conflict
!though&wa&yet&to: positive
though&!even&!wa&!alway: conflict
though&!even&!wa&alway: negative
though&!even&wa&!but: negative
though&!even&wa&but: positive
though&even&!of&!i: negative
though&even&!of&i: neutral
though&even&of: neutral
DecisionTree learned:
!but&!the&!atmospher&!perhap: neutral
!but&!the&!atmospher&perhap: conflict
!but&!the&atmospher&!to: positive
!but&!the&atmospher&to: conflict
!but&the&!in&!at: positive
!but&the&!in&at: neutral
!but&the&in&!one: neutral
!but&the&in&one: positive
but&!at&!look&!to: positive
but&!at&!look&to: neutral
but&!at&look&!are: conflict
but&!at&look&are: negative
but&at&!price&!take: negative
but&at&!price&take: neutral
but&at&price: positive
DecisionTree learned:
!that&!the&!but&!perhap: positive
!that&!the&!but&perhap: conflict
!that&!the&but&!are: positive
!that&!the&but&are: neutral
!that&the&!attent&!it: positive
!that&the&!attent&it: negative
!that&the&attent&!a: positive
!that&the&attent&a: conflict
that&!order&!manag&!had: negative
that&!order&!manag&had: negative
that&!order&manag&!of: negative
that&!order&manag&of: positive
that&order&!all: negative
that&order&all: neutral
DecisionTree learned:
!but&!the&!appear&!exceed: neutral
!but&!the&!appear&exceed: conflict
!but&!the&appear: conflict
!but&the&!in&!it: positive
!but&the&!in&it: negative
!but&the&in&!s: neutral
!but&the&in&s: positive
but&!of&!that&!servic: positive
but&!of&!that&servic: negative
but&!of&that&!they: negative
but&!of&that&they: neutral
but&of&!have&!it: negative
but&of&!have&it: positive
but&of&have: conflict
DecisionTree learned:
!but&!the&!exceed&!perhap: positive
!but&!the&!exceed&perhap: conflict
!but&!the&exceed: conflict
!but&the&!nearbi&!sometim: positive
!but&the&!nearbi&sometim: conflict
!but&the&nearbi: conflict
but&!of&!we&!expens: positive
but&!of&!we&expens: conflict
but&!of&we&!expens: neutral
but&!of&we&expens: negative
but&of&!have&!it: negative
but&of&!have&it: positive
but&of&have: conflict
Trial 0 Training cc.mallet.classify.AdaBoostM2Trainer@2d58f9d3 finished
Trial 0 Trainer cc.mallet.classify.AdaBoostM2Trainer@2d58f9d3 test data accuracy = 0.5807327001356852

NaiveBayesTrainer
Summary. test accuracy mean = 0.6445047489823609 stddev = 0.0 stderr = 0.0

MaxEntTrainer,gaussianPriorVariance=1.0
Summary. test accuracy mean = 0.6404341926729986 stddev = 0.0 stderr = 0.0

cc.mallet.classify.DecisionTreeTrainer@2b2d96f2
Summary. test accuracy mean = 0.5698778833107191 stddev = 0.0 stderr = 0.0

cc.mallet.classify.AdaBoostM2Trainer@2d58f9d3
Summary. test accuracy mean = 0.5807327001356852 stddev = 0.0 stderr = 0.0
