
-------------------- Trial 0  --------------------

Trial 0 Training NaiveBayesTrainer with 2956 instances
Trial 0 Training NaiveBayesTrainer finished
Trial 0 Trainer NaiveBayesTrainer test data accuracy = 0.6295793758480326
Trial 0 Training MaxEntTrainer,gaussianPriorVariance=1.0 with 2956 instances
Trial 0 Training MaxEntTrainer,gaussianPriorVariance=1.0 finished
Trial 0 Trainer MaxEntTrainer,gaussianPriorVariance=1.0 test data accuracy = 0.6458616010854816
Trial 0 Training cc.mallet.classify.DecisionTreeTrainer@5328f6ee with 2956 instances
DecisionTree learned:
!great&!but&!good&!delicious: positive
!great&!but&!good&delicious: positive
!great&!but&good&!get: positive
!great&!but&good&get: negative
!great&but&!we&!to: positive
!great&but&!we&to: negative
!great&but&we&!quickly: neutral
!great&but&we&quickly: positive
great&!not&!who&!lot: positive
great&!not&!who&lot: negative
great&!not&who: negative
great&not&!the: positive
great&not&the&!food: negative
great&not&the&food: conflict
Trial 0 Training cc.mallet.classify.DecisionTreeTrainer@5328f6ee finished
Trial 0 Trainer cc.mallet.classify.DecisionTreeTrainer@5328f6ee test data accuracy = 0.5725915875169606
Trial 0 Training cc.mallet.classify.AdaBoostM2Trainer@15f66cff with 2956 instances
DecisionTree learned:
!great&!dinner&!but&!delicious: positive
!great&!dinner&!but&delicious: positive
!great&!dinner&but&!we: positive
!great&!dinner&but&we: neutral
!great&dinner&!drinks&!nice: neutral
!great&dinner&!drinks&nice: positive
!great&dinner&drinks&!of: positive
!great&dinner&drinks&of: negative
great&!not&!but&!white: positive
great&!not&!but&white: negative
great&!not&but&!intensifier: positive
great&!not&but&intensifier: negative
great&not&!the: positive
great&not&the&!food: negative
great&not&the&food: conflict
DecisionTree learned:
!great&!good&!but&!the: positive
!great&!good&!but&the: positive
!great&!good&but&!we: positive
!great&!good&but&we: neutral
!great&good&!not&!get: positive
!great&good&!not&get: negative
!great&good&not&!food: negative
!great&good&not&food: positive
great&!not&!lot&!white: positive
great&!not&!lot&white: negative
great&!not&lot: negative
great&not&!the: positive
great&not&the&!food: negative
great&not&the&food: conflict
DecisionTree learned:
!great&!but&!friendly&!good: positive
!great&!but&!friendly&good: positive
!great&!but&friendly&!sometimes: positive
!great&!but&friendly&sometimes: conflict
!great&but&!we&!to: positive
!great&but&!we&to: negative
!great&but&we&!lucky: neutral
!great&but&we&lucky: positive
great&!of&!dinner&!the: positive
great&!of&!dinner&the: positive
great&!of&dinner&!this: neutral
great&!of&dinner&this: positive
great&of&!white&!because: positive
great&of&!white&because: neutral
great&of&white: negative
DecisionTree learned:
!not&!dinner&!great&!delicious: positive
!not&!dinner&!great&delicious: positive
!not&!dinner&great&!who: positive
!not&!dinner&great&who: negative
!not&dinner&!would&!drinks: neutral
!not&dinner&!would&drinks: positive
!not&dinner&would&!this: negative
!not&dinner&would&this: positive
not&!but&!was&!worth: negative
not&!but&!was&worth: negative
not&!but&was&!fine: negative
not&!but&was&fine: positive
not&but&!for&!great: conflict
not&but&!for&great: positive
not&but&for&!here: negative
not&but&for&here: positive
DecisionTree learned:
!but&!friendly&!the&!great: positive
!but&!friendly&!the&great: positive
!but&!friendly&the&!at: positive
!but&!friendly&the&at: neutral
!but&friendly&!sometimes&!popular: positive
!but&friendly&!sometimes&popular: neutral
!but&friendly&sometimes: conflict
but&!worth&!we&!not: positive
but&!worth&!we&not: conflict
but&!worth&we&!got: neutral
but&!worth&we&got: negative
but&worth&!a&!in: positive
but&worth&!a&in: conflict
but&worth&a: conflict
DecisionTree learned:
!but&!though&!n&!dinner: positive
!but&!though&!n&dinner: neutral
!but&!though&n&!wine: negative
!but&!though&n&wine: neutral
!but&though&!even&!food: negative
!but&though&!even&food: conflict
!but&though&even&!of: negative
!but&though&even&of: neutral
but&!worth&!service&!that: positive
but&!worth&!service&that: negative
but&!worth&service&!not: negative
but&!worth&service&not: conflict
but&worth&!person&!and: conflict
but&worth&!person&and: conflict
but&worth&person: positive
DecisionTree learned:
!but&!excellent&!the&!great: positive
!but&!excellent&!the&great: positive
!but&!excellent&the&!at: positive
!but&!excellent&the&at: neutral
!but&excellent&!pair&!three: positive
!but&excellent&!pair&three: neutral
!but&excellent&pair&!well: neutral
!but&excellent&pair&well: positive
but&!we&!worth&!look: positive
but&!we&!worth&look: conflict
but&!we&worth&!person: conflict
but&!we&worth&person: positive
but&we&!quickly&!got: neutral
but&we&!quickly&got: negative
but&we&quickly: positive
DecisionTree learned:
!good&!was&!delicious&!dinner: positive
!good&!was&!delicious&dinner: neutral
!good&!was&delicious&!most: positive
!good&!was&delicious&most: neutral
!good&was&!excellent&!not: negative
!good&was&!excellent&not: negative
!good&was&excellent&!salty: positive
!good&was&excellent&salty: negative
good&!not&!thai&!rest: positive
good&!not&!thai&rest: conflict
good&!not&thai&!and: neutral
good&!not&thai&and: conflict
good&not&!food&!rolls: negative
good&not&!food&rolls: conflict
good&not&food&!of: conflict
good&not&food&of: neutral
DecisionTree learned:
!but&!good&!friendly&!was: positive
!but&!good&!friendly&was: negative
!but&!good&friendly&!sometimes: positive
!but&!good&friendly&sometimes: conflict
!but&good&!get&!which: positive
!but&good&!get&which: neutral
!but&good&get&!a: negative
!but&good&get&a: neutral
but&!well&!of&!service: positive
but&!well&!of&service: negative
but&!well&of&!line: negative
but&!well&of&line: positive
but&well&!food&!and: conflict
but&well&!food&and: positive
but&well&food: positive
DecisionTree learned:
!but&!the&!great&!friendly: positive
!but&!the&!great&friendly: positive
!but&!the&great&!even: positive
!but&!the&great&even: conflict
!but&the&!at&!is: positive
!but&the&!at&is: positive
!but&the&at&!well: neutral
!but&the&at&well: conflict
but&!worth&!service&!of: positive
but&!worth&!service&of: positive
but&!worth&service&!not: negative
but&!worth&service&not: conflict
but&worth&!person&!and: conflict
but&worth&!person&and: conflict
but&worth&person: positive
DecisionTree learned:
!but&!though&!good&!little: positive
!but&!though&!good&little: conflict
!but&!though&good&!which: positive
!but&!though&good&which: negative
!but&though&!recommend&!even: conflict
!but&though&!recommend&even: negative
!but&though&recommend: neutral
but&!with&!ve&!at: positive
but&!with&!ve&at: negative
but&!with&ve&!never: neutral
but&!with&ve&never: conflict
but&with&!chicken&!not: positive
but&with&!chicken&not: neutral
but&with&chicken: negative
DecisionTree learned:
!but&!the&!quality&!and: positive
!but&!the&!quality&and: positive
!but&!the&quality&!with: negative
!but&!the&quality&with: positive
!but&the&!small&!at: positive
!but&the&!small&at: neutral
!but&the&small&!this: negative
!but&the&small&this: positive
but&!that&!service&!chicken: positive
but&!that&!service&chicken: negative
but&!that&service&!not: negative
but&!that&service&not: conflict
but&that&!they&!we: negative
but&that&!they&we: neutral
but&that&they&!was: neutral
but&that&they&was: negative
DecisionTree learned:
!but&!though&!the&!great: positive
!but&!though&!the&great: positive
!but&!though&the&!small: positive
!but&!though&the&small: negative
!but&though&!recommend&!room: negative
!but&though&!recommend&room: neutral
!but&though&recommend: neutral
but&!we&!to&!expensive: positive
but&!we&!to&expensive: conflict
but&!we&to&!people: negative
but&!we&to&people: conflict
but&we&!quickly&!of: neutral
but&we&!quickly&of: negative
but&we&quickly: positive
DecisionTree learned:
!but&!the&!quality&!great: positive
!but&!the&!quality&great: positive
!but&!the&quality&!with: negative
!but&!the&quality&with: positive
!but&the&!was&!though: positive
!but&the&!was&though: conflict
!but&the&was&!ok: negative
!but&the&was&ok: neutral
but&!well&!of&!service: positive
but&!well&!of&service: negative
but&!well&of&!at: positive
but&!well&of&at: negative
but&well&!food&!and: conflict
but&well&!food&and: positive
but&well&food: positive
DecisionTree learned:
!but&!though&!delicious&!excellent: positive
!but&!though&!delicious&excellent: positive
!but&!though&delicious&!top: positive
!but&!though&delicious&top: neutral
!but&though&!even&!i: conflict
!but&though&!even&i: negative
!but&though&even&!of: negative
!but&though&even&of: neutral
but&!we&!expensive&!not: positive
but&!we&!expensive&not: conflict
but&!we&expensive&!food: neutral
but&!we&expensive&food: conflict
but&we&!bar&!and: negative
but&we&!bar&and: neutral
but&we&bar: neutral
DecisionTree learned:
!dinner&!but&!though&!little: positive
!dinner&!but&!though&little: conflict
!dinner&!but&though&!even: conflict
!dinner&!but&though&even: negative
!dinner&but&!with&!that: positive
!dinner&but&!with&that: negative
!dinner&but&with&!chicken: positive
!dinner&but&with&chicken: negative
dinner&!drinks&!any&!would: neutral
dinner&!drinks&!any&would: negative
dinner&!drinks&any: negative
dinner&drinks&!of: positive
dinner&drinks&of: negative
DecisionTree learned:
!but&!the&!n&!for: positive
!but&!the&!n&for: neutral
!but&!the&n&!cooked: negative
!but&!the&n&cooked: conflict
!but&the&!sometimes&!small: positive
!but&the&!sometimes&small: negative
!but&the&sometimes: conflict
but&!we&!to&!expensive: positive
but&!we&!to&expensive: conflict
but&!we&to&!for: negative
but&!we&to&for: positive
but&we&!lucky&!was: neutral
but&we&!lucky&was: negative
but&we&lucky: positive
DecisionTree learned:
!but&!friendly&!the&!atmosphere: positive
!but&!friendly&!the&atmosphere: positive
!but&!friendly&the&!although: positive
!but&!friendly&the&although: conflict
!but&friendly&!popular&!sometimes: positive
!but&friendly&!popular&sometimes: conflict
!but&friendly&popular&!very: neutral
!but&friendly&popular&very: positive
but&!location&!look&!we: positive
but&!location&!look&we: neutral
but&!location&look&!and: neutral
but&!location&look&and: conflict
but&location&!for: neutral
but&location&for: positive
DecisionTree learned:
!but&!the&!atmosphere&!quality: positive
!but&!the&!atmosphere&quality: negative
!but&!the&atmosphere&!to: positive
!but&!the&atmosphere&to: conflict
!but&the&!small&!bar: positive
!but&the&!small&bar: neutral
!but&the&small&!this: negative
!but&the&small&this: positive
but&!chicken&!with&!food: negative
but&!chicken&!with&food: positive
but&!chicken&with&!only: positive
but&!chicken&with&only: neutral
but&chicken&!sauce: negative
but&chicken&sauce&!and: conflict
but&chicken&sauce&and: negative
DecisionTree learned:
!but&!the&!though&!that: positive
!but&!the&!though&that: negative
!but&!the&though&!food: negative
!but&!the&though&food: conflict
!but&the&!was&!little: positive
!but&the&!was&little: conflict
!but&the&was&!excellent: negative
!but&the&was&excellent: positive
but&!of&!we&!service: positive
but&!of&!we&service: negative
but&!of&we&!atmosphere: neutral
but&!of&we&atmosphere: positive
but&of&!have&!we: positive
but&of&!have&we: negative
but&of&have: conflict
DecisionTree learned:
!but&!friendly&!the&!great: positive
!but&!friendly&!the&great: positive
!but&!friendly&the&!was: positive
!but&!friendly&the&was: negative
!but&friendly&!sometimes&!popular: positive
!but&friendly&!sometimes&popular: neutral
!but&friendly&sometimes: conflict
but&!high&!food&!only: negative
but&!high&!food&only: neutral
but&!high&food&!expensive: positive
but&!high&food&expensive: conflict
but&high&!for: conflict
but&high&for: negative
DecisionTree learned:
!good&!delicious&!dinner&!friendly: positive
!good&!delicious&!dinner&friendly: positive
!good&!delicious&dinner&!set: neutral
!good&!delicious&dinner&set: negative
!good&delicious&!come&!top: positive
!good&delicious&!come&top: neutral
!good&delicious&come: conflict
good&!other&!not&!and: positive
good&!other&!not&and: positive
good&!other&not&!of: negative
good&!other&not&of: neutral
good&other: conflict
DecisionTree learned:
!but&!the&!great&!quality: positive
!but&!the&!great&quality: negative
!but&!the&great&!even: positive
!but&!the&great&even: conflict
!but&the&!bar&!although: positive
!but&the&!bar&although: conflict
!but&the&bar&!crowded: neutral
!but&the&bar&crowded: negative
but&!with&!that&!worth: negative
but&!with&!that&worth: conflict
but&!with&that&!have: negative
but&!with&that&have: neutral
but&with&!only&!chicken: positive
but&with&!only&chicken: negative
but&with&only: neutral
DecisionTree learned:
!but&!little&!though&!not: positive
!but&!little&!though&not: negative
!but&!little&though&!even: conflict
!but&!little&though&even: negative
!but&little&!for&!bagel: conflict
!but&little&!for&bagel: neutral
!but&little&for&!food: positive
!but&little&for&food: negative
but&!of&!we&!menu: positive
but&!of&!we&menu: neutral
but&!of&we&!intensifier: neutral
but&!of&we&intensifier: negative
but&of&!have&!with: negative
but&of&!have&with: positive
but&of&have: conflict
DecisionTree learned:
!but&!though&!delicious&!little: positive
!but&!though&!delicious&little: conflict
!but&!though&delicious&!most: positive
!but&!though&delicious&most: neutral
!but&though&!even&!reservations: conflict
!but&though&!even&reservations: neutral
!but&though&even&!reservation: negative
!but&though&even&reservation: positive
but&!with&!great&!nice: negative
but&!with&!great&nice: positive
but&!with&great&!atmosphere: positive
but&!with&great&atmosphere: conflict
but&with&!not&!chicken: positive
but&with&!not&chicken: negative
but&with&not: neutral
DecisionTree learned:
!but&!the&!perhaps&!n: positive
!but&!the&!perhaps&n: negative
!but&!the&perhaps: conflict
!but&the&!sometimes&!was: positive
!but&the&!sometimes&was: negative
!but&the&sometimes: conflict
but&!we&!that&!service: positive
but&!we&!that&service: negative
but&!we&that&!they: negative
but&!we&that&they: neutral
but&we&!quickly&!atmosphere: neutral
but&we&!quickly&atmosphere: positive
but&we&quickly: positive
DecisionTree learned:
!but&!the&!quality&!atmosphere: positive
!but&!the&!quality&atmosphere: positive
!but&!the&quality&!very: negative
!but&!the&quality&very: positive
!but&the&!sometimes&!best: positive
!but&the&!sometimes&best: positive
!but&the&sometimes: conflict
but&!we&!that&!ok: positive
but&!we&!that&ok: neutral
but&!we&that&!they: negative
but&!we&that&they: neutral
but&we&!was&!atmosphere: neutral
but&we&!was&atmosphere: positive
but&we&was&!and: negative
but&we&was&and: positive
DecisionTree learned:
!but&!the&!tho&!atmosphere: positive
!but&!the&!tho&atmosphere: positive
!but&!the&tho: conflict
!but&the&!is&!little: positive
!but&the&!is&little: conflict
!but&the&is&!it: positive
!but&the&is&it: conflict
but&!worth&!of&!service: positive
but&!worth&!of&service: negative
but&!worth&of&!have: negative
but&!worth&of&have: conflict
but&worth&!person&!and: conflict
but&worth&!person&and: conflict
but&worth&person: positive
DecisionTree learned:
!but&!the&!atmosphere&!exceeded: positive
!but&!the&!atmosphere&exceeded: conflict
!but&!the&atmosphere&!to: positive
!but&!the&atmosphere&to: conflict
!but&the&!was&!little: positive
!but&the&!was&little: conflict
!but&the&was&!although: negative
!but&the&was&although: conflict
but&!we&!to&!with: positive
but&!we&!to&with: positive
but&!we&to&!people: negative
but&!we&to&people: conflict
but&we&!quickly&!atmosphere: neutral
but&we&!quickly&atmosphere: positive
but&we&quickly: positive
DecisionTree learned:
!but&!excellent&!the&!tho: positive
!but&!excellent&!the&tho: conflict
!but&!excellent&the&!sometimes: positive
!but&!excellent&the&sometimes: conflict
!but&excellent&!salty&!do: positive
!but&excellent&!salty&do: negative
!but&excellent&salty: negative
but&!worth&!of&!service: positive
but&!worth&!of&service: negative
but&!worth&of&!have: negative
but&!worth&of&have: conflict
but&worth&!person&!and: conflict
but&worth&!person&and: conflict
but&worth&person: positive
DecisionTree learned:
!nice&!but&!the&!atmosphere: neutral
!nice&!but&!the&atmosphere: positive
!nice&!but&the&!although: positive
!nice&!but&the&although: conflict
!nice&but&!great&!the: positive
!nice&but&!great&the: negative
!nice&but&great&!atmosphere: positive
!nice&but&great&atmosphere: conflict
nice&!than&!served&!presented: positive
nice&!than&!served&presented: positive
nice&!than&served: neutral
nice&than: conflict
DecisionTree learned:
!but&!though&!the&!perhaps: positive
!but&!though&!the&perhaps: conflict
!but&!though&the&!lad: positive
!but&!though&the&lad: conflict
!but&though&!recommend&!even: conflict
!but&though&!recommend&even: negative
!but&though&recommend: neutral
but&!only&!to&!expensive: positive
but&!only&!to&expensive: conflict
but&!only&to&!food: negative
but&!only&to&food: neutral
but&only&!are&!with: positive
but&only&!are&with: neutral
but&only&are&!actually: neutral
but&only&are&actually: negative
DecisionTree learned:
!but&!excellent&!the&!appear: positive
!but&!excellent&!the&appear: conflict
!but&!excellent&the&!sometimes: positive
!but&!excellent&the&sometimes: conflict
!but&excellent&!pair&!three: positive
!but&excellent&!pair&three: neutral
!but&excellent&pair&!well: neutral
!but&excellent&pair&well: positive
but&!only&!with&!nice: negative
but&!only&!with&nice: positive
but&!only&with&!chicken: positive
but&!only&with&chicken: negative
but&only&!and&!with: positive
but&only&!and&with: neutral
but&only&and&!actually: neutral
but&only&and&actually: positive
DecisionTree learned:
!was&!though&!lad&!little: positive
!was&!though&!lad&little: conflict
!was&!though&lad: conflict
!was&though&!recommend&!even: conflict
!was&though&!recommend&even: negative
!was&though&recommend: neutral
was&!yet&!but&!fine: negative
was&!yet&!but&fine: conflict
was&!yet&but&!were: conflict
was&!yet&but&were: negative
was&yet&!discreet&!to: conflict
was&yet&!discreet&to: positive
was&yet&discreet: positive
DecisionTree learned:
!but&!though&!the&!appear: positive
!but&!though&!the&appear: conflict
!but&!though&the&!was: positive
!but&!though&the&was: negative
!but&though&!even&!i: conflict
!but&though&!even&i: negative
!but&though&even&!of: negative
!but&though&even&of: neutral
but&!an&!food&!nice: negative
but&!an&!food&nice: positive
but&!an&food&!to: positive
but&!an&food&to: neutral
but&an&!to: positive
but&an&to: negative
DecisionTree learned:
!but&!the&!perhaps&!appear: positive
!but&!the&!perhaps&appear: conflict
!but&!the&perhaps: conflict
!but&the&!at&!sometimes: positive
!but&the&!at&sometimes: conflict
!but&the&at&!well: neutral
!but&the&at&well: conflict
but&!at&!that&!chicken: positive
but&!at&!that&chicken: negative
but&!at&that&!they: negative
but&!at&that&they: neutral
but&at&!bar&!take: negative
but&at&!bar&take: neutral
but&at&bar: neutral
DecisionTree learned:
!that&!but&!though&!the: positive
!that&!but&!though&the: positive
!that&!but&though&!even: conflict
!that&!but&though&even: negative
!that&but&!of&!service: positive
!that&but&!of&service: negative
!that&but&of&!have: positive
!that&but&of&have: conflict
that&!restaurants&!not&!we: negative
that&!restaurants&!not&we: neutral
that&!restaurants&not&!pizza: neutral
that&!restaurants&not&pizza: positive
that&restaurants: neutral
DecisionTree learned:
!but&!though&!the&!atmosphere: positive
!but&!though&!the&atmosphere: positive
!but&!though&the&!lad: positive
!but&!though&the&lad: conflict
!but&though&!even&!i: conflict
!but&though&!even&i: negative
!but&though&even&!of: negative
!but&though&even&of: neutral
but&!we&!to&!tasted: positive
but&!we&!to&tasted: negative
but&!we&to&!people: negative
but&!we&to&people: conflict
but&we&!quickly&!and: neutral
but&we&!quickly&and: neutral
but&we&quickly: positive
DecisionTree learned:
!dinner&!not&!attentive&!good: positive
!dinner&!not&!attentive&good: positive
!dinner&!not&attentive&!a: positive
!dinner&!not&attentive&a: conflict
!dinner&not&!may&!worth: negative
!dinner&not&!may&worth: conflict
!dinner&not&may&!the: negative
!dinner&not&may&the: conflict
dinner&!nice&!drinks&!up: neutral
dinner&!nice&!drinks&up: positive
dinner&!nice&drinks&!of: positive
dinner&!nice&drinks&of: negative
dinner&nice: positive
DecisionTree learned:
!but&!the&!atmosphere&!perhaps: positive
!but&!the&!atmosphere&perhaps: conflict
!but&!the&atmosphere&!to: positive
!but&!the&atmosphere&to: conflict
!but&the&!at&!though: positive
!but&the&!at&though: conflict
!but&the&at&!well: neutral
!but&the&at&well: conflict
but&!that&!of&!chicken: positive
but&!that&!of&chicken: negative
but&!that&of&!have: positive
but&!that&of&have: conflict
but&that&!they&!n: negative
but&that&!they&n: negative
but&that&they&!was: neutral
but&that&they&was: negative
DecisionTree learned:
!but&!the&!atmosphere&!exceeded: neutral
!but&!the&!atmosphere&exceeded: conflict
!but&!the&atmosphere&!to: positive
!but&!the&atmosphere&to: conflict
!but&the&!fine&!is: negative
!but&the&!fine&is: positive
!but&the&fine&!to: conflict
!but&the&fine&to: neutral
but&!we&!food&!well: negative
but&!we&!food&well: conflict
but&!we&food&!expensive: positive
but&!we&food&expensive: conflict
but&we&!quickly&!and: neutral
but&we&!quickly&and: neutral
but&we&quickly: positive
DecisionTree learned:
!but&!though&!the&!perhaps: positive
!but&!though&!the&perhaps: conflict
!but&!though&the&!attentive: positive
!but&!though&the&attentive: conflict
!but&though&!even&!food: conflict
!but&though&!even&food: conflict
!but&though&even&!reservation: negative
!but&though&even&reservation: positive
but&!to&!of&!we: positive
but&!to&!of&we: neutral
but&!to&of&!have: negative
but&!to&of&have: conflict
but&to&!people&!an: neutral
but&to&!people&an: negative
but&to&people: conflict
DecisionTree learned:
!but&!the&!nice&!appear: neutral
!but&!the&!nice&appear: conflict
!but&!the&nice&!served: positive
!but&!the&nice&served: neutral
!but&the&!sometimes&!lad: positive
!but&the&!sometimes&lad: conflict
!but&the&sometimes: conflict
but&!of&!great&!roll: negative
but&!of&!great&roll: negative
but&!of&great&!atmosphere: positive
but&!of&great&atmosphere: conflict
but&of&!have&!at: positive
but&of&!have&at: negative
but&of&have: conflict
DecisionTree learned:
!but&!though&!little&!the: positive
!but&!though&!little&the: positive
!but&!though&little&!bagel: conflict
!but&!though&little&bagel: neutral
!but&though&!even&!was: conflict
!but&though&!even&was: negative
!but&though&even&!a: positive
!but&though&even&a: negative
but&!of&!was&!expensive: positive
but&!of&!was&expensive: conflict
but&!of&was&!food: negative
but&!of&was&food: positive
but&of&!have&!at: positive
but&of&!have&at: negative
but&of&have: conflict
DecisionTree learned:
!but&!the&!atmosphere&!tho: neutral
!but&!the&!atmosphere&tho: conflict
!but&!the&atmosphere&!they: positive
!but&!the&atmosphere&they: conflict
!but&the&!could&!was: positive
!but&the&!could&was: negative
!but&the&could&!more: negative
!but&the&could&more: conflict
but&!worth&!did&!of: positive
but&!worth&!did&of: negative
but&!worth&did: negative
but&worth&!person&!and: conflict
but&worth&!person&and: conflict
but&worth&person: positive
DecisionTree learned:
!but&!the&!tho&!though: neutral
!but&!the&!tho&though: negative
!but&!the&tho: conflict
!but&the&!at&!though: positive
!but&the&!at&though: conflict
!but&the&at&!well: neutral
!but&the&at&well: conflict
but&!worth&!of&!nice: negative
but&!worth&!of&nice: positive
but&!worth&of&!have: negative
but&!worth&of&have: conflict
but&worth&!person&!and: conflict
but&worth&!person&and: conflict
but&worth&person: positive
DecisionTree learned:
!but&!the&!great&!exceeded: neutral
!but&!the&!great&exceeded: conflict
!but&!the&great&!even: positive
!but&!the&great&even: conflict
!but&the&!best&!sometimes: positive
!but&the&!best&sometimes: conflict
!but&the&best&!a: positive
!but&the&best&a: conflict
but&!that&!to&!service: positive
but&!that&!to&service: negative
but&!that&to&!out: neutral
but&!that&to&out: negative
but&that&!they&!we: negative
but&that&!they&we: neutral
but&that&they&!was: neutral
but&that&they&was: negative
DecisionTree learned:
!but&!the&!perhaps&!appear: positive
!but&!the&!perhaps&appear: conflict
!but&!the&perhaps: conflict
!but&the&!small&!at: positive
!but&the&!small&at: neutral
!but&the&small&!good: negative
!but&the&small&good: positive
but&!of&!that&!service: positive
but&!of&!that&service: negative
but&!of&that&!they: negative
but&!of&that&they: neutral
but&of&!have&!line: negative
but&of&!have&line: positive
but&of&have: conflict
DecisionTree learned:
!but&!the&!tho&!though: positive
!but&!the&!tho&though: negative
!but&!the&tho: conflict
!but&the&!little&!lad: positive
!but&the&!little&lad: conflict
!but&the&little&!for: conflict
!but&the&little&for: positive
but&!of&!food&!for: negative
but&!of&!food&for: negative
but&!of&food&!thai: positive
but&!of&food&thai: neutral
but&of&!have&!line: negative
but&of&!have&line: positive
but&of&have: conflict
DecisionTree learned:
!that&!lad&!but&!though: positive
!that&!lad&!but&though: conflict
!that&!lad&but&!of: positive
!that&!lad&but&of: negative
!that&lad: conflict
that&!had&!we&!with: negative
that&!had&!we&with: neutral
that&!had&we&!and: negative
that&!had&we&and: neutral
that&had&!were&!was: negative
that&had&!were&was: positive
that&had&were: positive
DecisionTree learned:
!but&!the&!perhaps&!atmosphere: positive
!but&!the&!perhaps&atmosphere: positive
!but&!the&perhaps: conflict
!but&the&!rest&!was: positive
!but&the&!rest&was: negative
!but&the&rest&!was: conflict
!but&the&rest&was: neutral
but&!of&!service&!ok: positive
but&!of&!service&ok: neutral
but&!of&service&!not: negative
but&!of&service&not: conflict
but&of&!have&!only: negative
but&of&!have&only: positive
but&of&have: conflict
DecisionTree learned:
!excellent&!fine&!good&!little: negative
!excellent&!fine&!good&little: conflict
!excellent&!fine&good&!before: positive
!excellent&!fine&good&before: neutral
!excellent&fine&!was&!are: positive
!excellent&fine&!was&are: conflict
!excellent&fine&was&!to: conflict
!excellent&fine&was&to: neutral
excellent&!to&!place&!salty: positive
excellent&!to&!place&salty: negative
excellent&!to&place: negative
excellent&to&!staff&!is: negative
excellent&to&!staff&is: positive
excellent&to&staff: positive
DecisionTree learned:
!but&!the&!though&!appear: positive
!but&!the&!though&appear: conflict
!but&!the&though&!food: negative
!but&!the&though&food: conflict
!but&the&!although&!may: positive
!but&the&!although&may: conflict
!but&the&although&!there: conflict
!but&the&although&there: neutral
but&!of&!sliced&!not: negative
but&!of&!sliced&not: conflict
but&!of&sliced: conflict
but&of&!have&!only: negative
but&of&!have&only: positive
but&of&have: conflict
DecisionTree learned:
!was&!though&!little&!is: positive
!was&!though&!little&is: positive
!was&!though&little&!bagel: conflict
!was&!though&little&bagel: neutral
!was&though&!recommend&!even: conflict
!was&though&!recommend&even: negative
!was&though&recommend: neutral
was&!yet&!fine&!although: negative
was&!yet&!fine&although: conflict
was&!yet&fine&!to: conflict
was&!yet&fine&to: neutral
was&yet&!to&!food: conflict
was&yet&!to&food: positive
was&yet&to: positive
DecisionTree learned:
!but&!the&!n&!atmosphere: positive
!but&!the&!n&atmosphere: positive
!but&!the&n&!cooked: negative
!but&!the&n&cooked: conflict
!but&the&!best&!attentive: positive
!but&the&!best&attentive: conflict
!but&the&best&!a: positive
!but&the&best&a: conflict
but&!of&!we&!with: positive
but&!of&!we&with: positive
but&!of&we&!chicken: neutral
but&!of&we&chicken: negative
but&of&!have&!at: negative
but&of&!have&at: negative
but&of&have: conflict
DecisionTree learned:
!but&!the&!appear&!tho: neutral
!but&!the&!appear&tho: conflict
!but&!the&appear: conflict
!but&the&!bar&!little: positive
!but&the&!bar&little: conflict
!but&the&bar&!crowded: neutral
!but&the&bar&crowded: negative
but&!food&!look&!we: negative
but&!food&!look&we: neutral
but&!food&look&!and: neutral
but&!food&look&and: conflict
but&food&!thai&!intensifier: positive
but&food&!thai&intensifier: conflict
but&food&thai: neutral
DecisionTree learned:
!but&!the&!tho&!perhaps: positive
!but&!the&!tho&perhaps: conflict
!but&!the&tho: conflict
!but&the&!good&!sometimes: positive
!but&the&!good&sometimes: conflict
!but&the&good&!i: positive
!but&the&good&i: neutral
but&!was&!expensive&!the: positive
but&!was&!expensive&the: negative
but&!was&expensive&!food: negative
but&!was&expensive&food: conflict
but&was&!and&!to: conflict
but&was&!and&to: negative
but&was&and&!place: positive
but&was&and&place: conflict
DecisionTree learned:
!though&!but&!the&!tho: positive
!though&!but&!the&tho: conflict
!though&!but&the&!although: positive
!though&!but&the&although: conflict
!though&but&!food&!for: negative
!though&but&!food&for: negative
!though&but&food&!intensifier: positive
!though&but&food&intensifier: conflict
though&!recommend&!even&!decor: conflict
though&!recommend&!even&decor: positive
though&!recommend&even&!of: negative
though&!recommend&even&of: neutral
though&recommend: neutral
DecisionTree learned:
!but&!the&!atmosphere&!appear: neutral
!but&!the&!atmosphere&appear: conflict
!but&!the&atmosphere&!they: positive
!but&!the&atmosphere&they: conflict
!but&the&!sometimes&!may: positive
!but&the&!sometimes&may: conflict
!but&the&sometimes: conflict
but&!was&!worth&!the: positive
but&!was&!worth&the: negative
but&!was&worth&!person: conflict
but&!was&worth&person: positive
but&was&!were&!slow: conflict
but&was&!were&slow: negative
but&was&were: negative
DecisionTree learned:
!was&!though&!little&!lad: positive
!was&!though&!little&lad: conflict
!was&!though&little&!more: conflict
!was&!though&little&more: conflict
!was&though&!recommend&!even: conflict
!was&though&!recommend&even: negative
!was&though&recommend: neutral
was&!yet&!although&!fine: negative
was&!yet&!although&fine: conflict
was&!yet&although: conflict
was&yet&!to&!food: conflict
was&yet&!to&food: positive
was&yet&to: positive
DecisionTree learned:
!but&!the&!tho&!exceeded: neutral
!but&!the&!tho&exceeded: conflict
!but&!the&tho: conflict
!but&the&!attentive&!lad: positive
!but&the&!attentive&lad: conflict
!but&the&attentive&!service: positive
!but&the&attentive&service: conflict
but&!of&!we&!an: positive
but&!of&!we&an: negative
but&!of&we&!was: neutral
but&!of&we&was: positive
but&of&!have&!line: negative
but&of&!have&line: positive
but&of&have: conflict
DecisionTree learned:
!but&!the&!appear&!perhaps: positive
!but&!the&!appear&perhaps: conflict
!but&!the&appear: conflict
!but&the&!little&!bar: positive
!but&the&!little&bar: neutral
!but&the&little&!and: conflict
!but&the&little&and: negative
but&!only&!that&!dim: negative
but&!only&!that&dim: neutral
but&!only&that&!have: negative
but&!only&that&have: positive
but&only&!and&!with: positive
but&only&!and&with: neutral
but&only&and&!actually: neutral
but&only&and&actually: negative
DecisionTree learned:
!but&!the&!perhaps&!exceeded: positive
!but&!the&!perhaps&exceeded: conflict
!but&!the&perhaps: conflict
!but&the&!sometimes&!attentive: positive
!but&the&!sometimes&attentive: conflict
!but&the&sometimes: conflict
but&!of&!chicken&!that: positive
but&!of&!chicken&that: negative
but&!of&chicken&!was: negative
but&!of&chicken&was: negative
but&of&!have&!line: negative
but&of&!have&line: positive
but&of&have: conflict
DecisionTree learned:
!but&!the&!tho&!though: positive
!but&!the&!tho&though: negative
!but&!the&tho: conflict
!but&the&!sometimes&!excellent: positive
!but&the&!sometimes&excellent: positive
!but&the&sometimes: conflict
but&!ok&!to&!of: positive
but&!ok&!to&of: positive
but&!ok&to&!people: negative
but&!ok&to&people: conflict
but&ok&!for&!service: neutral
but&ok&!for&service: negative
but&ok&for: positive
DecisionTree learned:
!but&!the&!though&!tho: positive
!but&!the&!though&tho: conflict
!but&!the&though&!food: negative
!but&!the&though&food: conflict
!but&the&!fine&!attentive: positive
!but&the&!fine&attentive: conflict
!but&the&fine&!to: conflict
!but&the&fine&to: neutral
but&!of&!service&!high: positive
but&!of&!service&high: conflict
but&!of&service&!not: negative
but&!of&service&not: conflict
but&of&!have&!it: negative
but&of&!have&it: positive
but&of&have: conflict
DecisionTree learned:
!that&!but&!the&!for: positive
!that&!but&!the&for: neutral
!that&!but&the&!attentive: positive
!that&!but&the&attentive: conflict
!that&but&!at&!long: positive
!that&but&!at&long: neutral
!that&but&at&!la: negative
!that&but&at&la: positive
that&!with&!noodle&!here: negative
that&!with&!noodle&here: neutral
that&!with&noodle: neutral
that&with&!much&!taste: positive
that&with&!much&taste: negative
that&with&much: negative
DecisionTree learned:
!dinner&!but&!the&!great: negative
!dinner&!but&!the&great: positive
!dinner&!but&the&!lad: positive
!dinner&!but&the&lad: conflict
!dinner&but&!worth&!look: positive
!dinner&but&!worth&look: conflict
!dinner&but&worth&!person: conflict
!dinner&but&worth&person: positive
dinner&!drinks&!and&!you: neutral
dinner&!drinks&!and&you: positive
dinner&!drinks&and&!early: neutral
dinner&!drinks&and&early: positive
dinner&drinks&!of: positive
dinner&drinks&of: negative
DecisionTree learned:
!but&!the&!atmosphere&!quality: neutral
!but&!the&!atmosphere&quality: negative
!but&!the&atmosphere&!they: positive
!but&!the&atmosphere&they: conflict
!but&the&!lad&!although: positive
!but&the&!lad&although: conflict
!but&the&lad: conflict
but&!reservations&!of&!we: positive
but&!reservations&!of&we: neutral
but&!reservations&of&!have: negative
but&!reservations&of&have: conflict
but&reservations&!to: negative
but&reservations&to&!the: negative
but&reservations&to&the: neutral
DecisionTree learned:
!but&!the&!perhaps&!tho: neutral
!but&!the&!perhaps&tho: conflict
!but&!the&perhaps: conflict
!but&the&!lad&!sometimes: positive
!but&the&!lad&sometimes: conflict
!but&the&lad: conflict
but&!of&!was&!the: positive
but&!of&!was&the: neutral
but&!of&was&!food: negative
but&!of&was&food: conflict
but&of&!have&!no: positive
but&of&!have&no: negative
but&of&have: conflict
DecisionTree learned:
!but&!the&!tho&!atmosphere: neutral
!but&!the&!tho&atmosphere: positive
!but&!the&tho: conflict
!but&the&!around&!rest: positive
!but&the&!around&rest: conflict
!but&the&around&!with: conflict
!but&the&around&with: neutral
but&!of&!service&!great: positive
but&!of&!service&great: positive
but&!of&service&!not: negative
but&!of&service&not: conflict
but&of&!have&!line: negative
but&of&!have&line: positive
but&of&have: conflict
DecisionTree learned:
!but&!the&!tho&!atmosphere: neutral
!but&!the&!tho&atmosphere: positive
!but&!the&tho: conflict
!but&the&!sometimes&!fine: positive
!but&the&!sometimes&fine: conflict
!but&the&sometimes: conflict
but&!worth&!chicken&!with: negative
but&!worth&!chicken&with: positive
but&!worth&chicken&!was: negative
but&!worth&chicken&was: conflict
but&worth&!person: conflict
but&worth&person: positive
DecisionTree learned:
!but&!the&!great&!perhaps: neutral
!but&!the&!great&perhaps: conflict
!but&!the&great&!even: positive
!but&!the&great&even: conflict
!but&the&!rest&!although: positive
!but&the&!rest&although: conflict
!but&the&rest&!was: conflict
!but&the&rest&was: neutral
but&!of&!waiters&!was: neutral
but&!of&!waiters&was: conflict
but&!of&waiters: conflict
but&of&!have&!line: negative
but&of&!have&line: positive
but&of&have: conflict
DecisionTree learned:
!but&!the&!exceeded&!appear: positive
!but&!the&!exceeded&appear: conflict
!but&!the&exceeded: conflict
!but&the&!small&!rest: positive
!but&the&!small&rest: conflict
!but&the&small&!good: negative
!but&the&small&good: positive
but&!waiters&!look&!felt: negative
but&!waiters&!look&felt: conflict
but&!waiters&look&!and: neutral
but&!waiters&look&and: conflict
but&waiters: conflict
DecisionTree learned:
!and&!worth&!was&!though: negative
!and&!worth&!was&though: conflict
!and&!worth&was&!yet: negative
!and&!worth&was&yet: conflict
!and&worth&!price&!person: conflict
!and&worth&!price&person: positive
!and&worth&price&!not: positive
!and&worth&price&not: negative
and&!it&!lad&!doing: positive
and&!it&!lad&doing: conflict
and&!it&lad: conflict
and&it&!of&!s: negative
and&it&!of&s: conflict
and&it&of&!lot: neutral
and&it&of&lot: positive
DecisionTree learned:
!but&!the&!tho&!though: positive
!but&!the&!tho&though: negative
!but&!the&tho: conflict
!but&the&!bar&!little: positive
!but&the&!bar&little: conflict
!but&the&bar&!crowded: neutral
!but&the&bar&crowded: negative
but&!of&!chicken&!service: positive
but&!of&!chicken&service: negative
but&!of&chicken&!and: negative
but&!of&chicken&and: negative
but&of&!have&!it: negative
but&of&!have&it: positive
but&of&have: conflict
DecisionTree learned:
!that&!was&!though&!little: positive
!that&!was&!though&little: conflict
!that&!was&though&!recommend: conflict
!that&!was&though&recommend: neutral
!that&was&!and&!yet: negative
!that&was&!and&yet: conflict
!that&was&and&!it: positive
!that&was&and&it: conflict
that&!restaurants&!noodle&!taste: negative
that&!restaurants&!noodle&taste: negative
that&!restaurants&noodle: neutral
that&restaurants: neutral
DecisionTree learned:
!but&!the&!tho&!exceeded: positive
!but&!the&!tho&exceeded: conflict
!but&!the&tho: conflict
!but&the&!attentive&!though: positive
!but&the&!attentive&though: conflict
!but&the&attentive&!a: positive
!but&the&attentive&a: conflict
but&!of&!food&!we: negative
but&!of&!food&we: neutral
but&!of&food&!expensive: positive
but&!of&food&expensive: conflict
but&of&!have&!out: positive
but&of&!have&out: negative
but&of&have: conflict
DecisionTree learned:
!but&!the&!appear&!exceeded: neutral
!but&!the&!appear&exceeded: conflict
!but&!the&appear: conflict
!but&the&!attentive&!quibbles: positive
!but&the&!attentive&quibbles: conflict
!but&the&attentive&!a: positive
!but&the&attentive&a: conflict
but&!not&!service&!great: positive
but&!not&!service&great: positive
but&!not&service&!average: negative
but&!not&service&average: positive
but&not&!for&!great: conflict
but&not&!for&great: positive
but&not&for&!an: negative
but&not&for&an: positive
DecisionTree learned:
!but&!the&!appear&!tho: neutral
!but&!the&!appear&tho: conflict
!but&!the&appear: conflict
!but&the&!sometimes&!while: positive
!but&the&!sometimes&while: conflict
!but&the&sometimes: conflict
but&!of&!was&!the: positive
but&!of&!was&the: negative
but&!of&was&!were: conflict
but&!of&was&were: negative
but&of&!have&!line: negative
but&of&!have&line: positive
but&of&have: conflict
DecisionTree learned:
!but&!the&!atmosphere&!exceeded: neutral
!but&!the&!atmosphere&exceeded: conflict
!but&!the&atmosphere&!they: positive
!but&!the&atmosphere&they: conflict
!but&the&!though&!was: positive
!but&the&!though&was: negative
!but&the&though&!even: conflict
!but&the&though&even: negative
but&!of&!nice&!was: negative
but&!of&!nice&was: conflict
but&!of&nice&!casual: positive
but&!of&nice&casual: conflict
but&of&!have&!with: negative
but&of&!have&with: positive
but&of&have: conflict
DecisionTree learned:
!but&!the&!exceeded&!perhaps: neutral
!but&!the&!exceeded&perhaps: conflict
!but&!the&exceeded: conflict
!but&the&!little&!attentive: positive
!but&the&!little&attentive: conflict
!but&the&little&!for: conflict
!but&the&little&for: negative
but&!of&!service&!an: neutral
but&!of&!service&an: negative
but&!of&service&!not: negative
but&!of&service&not: conflict
but&of&!have&!line: negative
but&of&!have&line: positive
but&of&have: conflict
DecisionTree learned:
!but&!the&!appear&!though: neutral
!but&!the&!appear&though: negative
!but&!the&appear: conflict
!but&the&!second&!spent: positive
!but&the&!second&spent: conflict
!but&the&second&!was: positive
!but&the&second&was: conflict
but&!we&!that&!to: positive
but&!we&!that&to: negative
but&!we&that&!they: negative
but&!we&that&they: neutral
but&we&!quickly&!and: neutral
but&we&!quickly&and: neutral
but&we&quickly: positive
DecisionTree learned:
!but&!the&!quality&!atmosphere: neutral
!but&!the&!quality&atmosphere: positive
!but&!the&quality&!with: negative
!but&!the&quality&with: positive
!but&the&!groundbreaking&!sometimes: positive
!but&the&!groundbreaking&sometimes: conflict
!but&the&groundbreaking: conflict
but&!with&!was&!worth: negative
but&!with&!was&worth: conflict
but&!with&was&!and: conflict
but&!with&was&and: positive
but&with&!chicken&!like: positive
but&with&!chicken&like: negative
but&with&chicken: negative
DecisionTree learned:
!good&!that&!rude&!was: positive
!good&!that&!rude&was: negative
!good&!that&rude: negative
!good&that&!restaurants&!reservation: negative
!good&that&!restaurants&reservation: neutral
!good&that&restaurants: neutral
good&!to&!before&!but: positive
good&!to&!before&but: conflict
good&!to&before: neutral
good&to&!make&!this: positive
good&to&!make&this: negative
good&to&make: negative
DecisionTree learned:
!though&!but&!the&!perhaps: positive
!though&!but&!the&perhaps: conflict
!though&!but&the&!was: positive
!though&!but&the&was: negative
!though&but&!s&!n: positive
!though&but&!s&n: negative
!though&but&s&!it: positive
!though&but&s&it: conflict
though&!recommend&!even&!was: conflict
though&!recommend&!even&was: negative
though&!recommend&even&!of: negative
though&!recommend&even&of: neutral
though&recommend: neutral
DecisionTree learned:
!but&!the&!exceeded&!and: negative
!but&!the&!exceeded&and: positive
!but&!the&exceeded: conflict
!but&the&!at&!though: positive
!but&the&!at&though: conflict
!but&the&at&!well: neutral
!but&the&at&well: conflict
but&!of&!reservations&!we: positive
but&!of&!reservations&we: neutral
but&!of&reservations&!to: negative
but&!of&reservations&to: neutral
but&of&!have&!quality: positive
but&of&!have&quality: negative
but&of&have: conflict
DecisionTree learned:
!but&!the&!appear&!perhaps: positive
!but&!the&!appear&perhaps: conflict
!but&!the&appear: conflict
!but&the&!rest&!although: positive
!but&the&!rest&although: conflict
!but&the&rest&!was: conflict
!but&the&rest&was: neutral
but&!only&!look&!worth: negative
but&!only&!look&worth: conflict
but&!only&look&!and: neutral
but&!only&look&and: conflict
but&only&!and&!with: positive
but&only&!and&with: neutral
but&only&and&!actually: neutral
but&only&and&actually: negative
DecisionTree learned:
!but&!the&!exceeded&!tho: neutral
!but&!the&!exceeded&tho: conflict
!but&!the&exceeded: conflict
!but&the&!sometimes&!rest: positive
!but&the&!sometimes&rest: conflict
!but&the&sometimes: conflict
but&!casual&!nice&!an: negative
but&!casual&!nice&an: negative
but&!casual&nice&!great: positive
but&!casual&nice&great: negative
but&casual: conflict
DecisionTree learned:
!but&!the&!n&!bad: positive
!but&!the&!n&bad: negative
!but&!the&n&!cooked: negative
!but&!the&n&cooked: conflict
!but&the&!in&!bar: positive
!but&the&!in&bar: neutral
!but&the&in&!one: neutral
!but&the&in&one: positive
but&!we&!that&!of: positive
but&!we&!that&of: positive
but&!we&that&!they: negative
but&!we&that&they: neutral
but&we&!quickly&!atmosphere: neutral
but&we&!quickly&atmosphere: positive
but&we&quickly: positive
DecisionTree learned:
!but&!the&!for&!appear: positive
!but&!the&!for&appear: conflict
!but&!the&for&!glass: neutral
!but&!the&for&glass: neutral
!but&the&!sometimes&!nearby: positive
!but&the&!sometimes&nearby: conflict
!but&the&sometimes: conflict
but&!to&!felt&!with: positive
but&!to&!felt&with: positive
but&!to&felt: conflict
but&to&!food&!reservations: negative
but&to&!food&reservations: neutral
but&to&food&!an: neutral
but&to&food&an: negative
DecisionTree learned:
!but&!the&!though&!to: positive
!but&!the&!though&to: neutral
!but&!the&though&!food: negative
!but&!the&though&food: conflict
!but&the&!attentive&!by: positive
!but&the&!attentive&by: conflict
!but&the&attentive&!service: positive
!but&the&attentive&service: conflict
but&!of&!we&!to: positive
but&!of&!we&to: negative
but&!of&we&!chicken: neutral
but&!of&we&chicken: negative
but&of&!have&!it: negative
but&of&!have&it: positive
but&of&have: conflict
DecisionTree learned:
!that&!fine&!lad&!though: positive
!that&!fine&!lad&though: conflict
!that&!fine&lad: conflict
!that&fine&!was&!are: positive
!that&fine&!was&are: conflict
!that&fine&was&!to: conflict
!that&fine&was&to: neutral
that&!restaurants&!prices&!wine: negative
that&!restaurants&!prices&wine: neutral
that&!restaurants&prices: positive
that&restaurants: neutral
DecisionTree learned:
!but&!the&!very&!atmosphere: neutral
!but&!the&!very&atmosphere: positive
!but&!the&very&!usually: positive
!but&!the&very&usually: conflict
!but&the&!lad&!little: positive
!but&the&!lad&little: conflict
!but&the&lad: conflict
but&!at&!long&!ok: positive
but&!at&!long&ok: neutral
but&!at&long&!little: neutral
but&!at&long&little: neutral
but&at&!la&!bar: negative
but&at&!la&bar: neutral
but&at&la: positive
DecisionTree learned:
!but&!the&!perhaps&!though: neutral
!but&!the&!perhaps&though: negative
!but&!the&perhaps: conflict
!but&the&!sometimes&!in: positive
!but&the&!sometimes&in: neutral
!but&the&sometimes: conflict
but&!of&!service&!expensive: positive
but&!of&!service&expensive: conflict
but&!of&service&!not: negative
but&!of&service&not: conflict
but&of&!have&!only: negative
but&of&!have&only: positive
but&of&have: conflict
DecisionTree learned:
!but&!the&!tho&!great: neutral
!but&!the&!tho&great: positive
!but&!the&tho: conflict
!but&the&!little&!was: positive
!but&the&!little&was: negative
!but&the&little&!and: conflict
!but&the&little&and: negative
but&!with&!nice&!was: negative
but&!with&!nice&was: conflict
but&!with&nice&!casual: positive
but&!with&nice&casual: conflict
but&with&!not&!like: positive
but&with&!not&like: negative
but&with&not: neutral
DecisionTree learned:
!but&!the&!atmosphere&!perhaps: neutral
!but&!the&!atmosphere&perhaps: conflict
!but&!the&atmosphere&!to: positive
!but&!the&atmosphere&to: conflict
!but&the&!lad&!while: positive
!but&the&!lad&while: conflict
!but&the&lad: conflict
but&!worth&!not&!service: positive
but&!worth&!not&service: negative
but&!worth&not&!for: conflict
but&!worth&not&for: negative
but&worth&!in&!and: conflict
but&worth&!in&and: positive
but&worth&in: conflict
DecisionTree learned:
!dinner&!that&!but&!the: positive
!dinner&!that&!but&the: positive
!dinner&!that&but&!not: positive
!dinner&!that&but&not: conflict
!dinner&that&!had&!what: negative
!dinner&that&!had&what: neutral
!dinner&that&had&!were: negative
!dinner&that&had&were: positive
dinner&!would&!drinks&!up: neutral
dinner&!would&!drinks&up: positive
dinner&!would&drinks&!of: positive
dinner&!would&drinks&of: negative
dinner&would&!this: negative
dinner&would&this: positive
DecisionTree learned:
!but&!the&!appear&!atmosphere: neutral
!but&!the&!appear&atmosphere: positive
!but&!the&appear: conflict
!but&the&!in&!around: positive
!but&the&!in&around: conflict
!but&the&in&!chinese: neutral
!but&the&in&chinese: negative
but&!only&!at&!with: negative
but&!only&!at&with: positive
but&!only&at&!la: negative
but&!only&at&la: positive
but&only&!and&!with: positive
but&only&!and&with: neutral
but&only&and&!actually: neutral
but&only&and&actually: negative
DecisionTree learned:
!fine&!not&!though&!the: positive
!fine&!not&!though&the: positive
!fine&!not&though&!even: conflict
!fine&!not&though&even: negative
!fine&not&!may&!worth: negative
!fine&not&!may&worth: conflict
!fine&not&may&!the: negative
!fine&not&may&the: conflict
fine&!was&!are: positive
fine&!was&are: conflict
fine&was&!to: conflict
fine&was&to&!and: neutral
fine&was&to&and: positive
DecisionTree learned:
!but&!the&!lunch&!atmosphere: negative
!but&!the&!lunch&atmosphere: positive
!but&!the&lunch&!price: neutral
!but&!the&lunch&price: negative
!but&the&!quibbles&!spent: positive
!but&the&!quibbles&spent: conflict
!but&the&quibbles: conflict
but&!worth&!expected&!waiters: positive
but&!worth&!expected&waiters: conflict
but&!worth&expected: conflict
but&worth&!person&!and: conflict
but&worth&!person&and: conflict
but&worth&person: positive
Trial 0 Training cc.mallet.classify.AdaBoostM2Trainer@15f66cff finished
Trial 0 Trainer cc.mallet.classify.AdaBoostM2Trainer@15f66cff test data accuracy = 0.5793758480325645

NaiveBayesTrainer
Summary. test accuracy mean = 0.6295793758480326 stddev = 0.0 stderr = 0.0

MaxEntTrainer,gaussianPriorVariance=1.0
Summary. test accuracy mean = 0.6458616010854816 stddev = 0.0 stderr = 0.0

cc.mallet.classify.DecisionTreeTrainer@5328f6ee
Summary. test accuracy mean = 0.5725915875169606 stddev = 0.0 stderr = 0.0

cc.mallet.classify.AdaBoostM2Trainer@15f66cff
Summary. test accuracy mean = 0.5793758480325645 stddev = 0.0 stderr = 0.0
