
-------------------- Trial 0  --------------------

Trial 0 Training NaiveBayesTrainer with 2956 instances
Trial 0 Training NaiveBayesTrainer finished
Trial 0 Trainer NaiveBayesTrainer test data accuracy = 0.6404341926729986
Trial 0 Training MaxEntTrainer,gaussianPriorVariance=1.0 with 2956 instances
Trial 0 Training MaxEntTrainer,gaussianPriorVariance=1.0 finished
Trial 0 Trainer MaxEntTrainer,gaussianPriorVariance=1.0 test data accuracy = 0.6336499321573948
Trial 0 Training cc.mallet.classify.DecisionTreeTrainer@266bade9 with 2956 instances
DecisionTree learned:
!great&!but&!good&!delicious: positive
!great&!but&!good&delicious: positive
!great&!but&good&!get: positive
!great&!but&good&get: negative
!great&but&!we&!to: positive
!great&but&!we&to: negative
!great&but&we&!quickly: neutral
!great&but&we&quickly: positive
great&!not&!who&!lot: positive
great&!not&!who&lot: negative
great&!not&who: negative
great&not&!the: positive
great&not&the&!food: negative
great&not&the&food: conflict
Trial 0 Training cc.mallet.classify.DecisionTreeTrainer@266bade9 finished
Trial 0 Trainer cc.mallet.classify.DecisionTreeTrainer@266bade9 test data accuracy = 0.5725915875169606
Trial 0 Training cc.mallet.classify.AdaBoostM2Trainer@15f66cff with 2956 instances
DecisionTree learned:
!great&!but&!good&!delicious: positive
!great&!but&!good&delicious: positive
!great&!but&good&!get: positive
!great&!but&good&get: negative
!great&but&!we&!well: positive
!great&but&!we&well: positive
!great&but&we&!lucky: neutral
!great&but&we&lucky: positive
great&!not&!who&!white: positive
great&!not&!who&white: negative
great&!not&who: negative
great&not&!the: positive
great&not&the&!food: negative
great&not&the&food: conflict
DecisionTree learned:
!great&!dinner&!but&!good: positive
!great&!dinner&!but&good: positive
!great&!dinner&but&!we: positive
!great&!dinner&but&we: neutral
!great&dinner&!drinks&!nice: neutral
!great&dinner&!drinks&nice: positive
!great&dinner&drinks&!of: positive
!great&dinner&drinks&of: negative
great&!who&!atmosphere&!worth: positive
great&!who&!atmosphere&worth: positive
great&!who&atmosphere&!it: positive
great&!who&atmosphere&it: conflict
great&who: negative
DecisionTree learned:
!great&!but&!the&!n: positive
!great&!but&!the&n: negative
!great&!but&the&!at: positive
!great&!but&the&at: neutral
!great&but&!worth&!service: positive
!great&but&!worth&service: negative
!great&but&worth&!itsuperb: conflict
!great&but&worth&itsuperb: positive
great&!lot&!but&!not: positive
great&!lot&!but&not: conflict
great&!lot&but&!n: positive
great&!lot&but&n: negative
great&lot: negative
DecisionTree learned:
!not&!great&!friendly&!good: positive
!not&!great&!friendly&good: positive
!not&!great&friendly&!but: positive
!not&!great&friendly&but: conflict
!not&great&!dinner&!white: positive
!not&great&!dinner&white: negative
!not&great&dinner&!this: neutral
!not&great&dinner&this: positive
not&!but&!was&!place: negative
not&!but&!was&place: negative
not&!but&was&!our: negative
not&!but&was&our: positive
not&but&!for&!great: conflict
not&but&!for&great: positive
not&but&for&!an: negative
not&but&for&an: positive
DecisionTree learned:
!but&!dinner&!friendly&!the: positive
!but&!dinner&!friendly&the: positive
!but&!dinner&friendly&!sometimes: positive
!but&!dinner&friendly&sometimes: conflict
!but&dinner&!drinks&!would: neutral
!but&dinner&!drinks&would: negative
!but&dinner&drinks&!of: positive
!but&dinner&drinks&of: negative
but&!we&!to&!with: positive
but&!we&!to&with: positive
but&!we&to&!for: negative
but&!we&to&for: conflict
but&we&!of&!chicken: neutral
but&we&!of&chicken: negative
but&we&of: negative
DecisionTree learned:
!excellent&!but&!dinner&!friendly: positive
!excellent&!but&!dinner&friendly: positive
!excellent&!but&dinner&!drinks: neutral
!excellent&!but&dinner&drinks: positive
!excellent&but&!we&!food: negative
!excellent&but&!we&food: positive
!excellent&but&we&!quickly: neutral
!excellent&but&we&quickly: positive
excellent&!joints&!do&!salty: positive
excellent&!joints&!do&salty: negative
excellent&!joints&do: negative
excellent&joints: negative
DecisionTree learned:
!but&!delicious&!was&!though: positive
!but&!delicious&!was&though: negative
!but&!delicious&was&!good: negative
!but&!delicious&was&good: positive
!but&delicious&!kind&!most: positive
!but&delicious&!kind&most: neutral
!but&delicious&kind: negative
but&!worth&!we&!diminisher: positive
but&!worth&!we&diminisher: positive
but&!worth&we&!was: neutral
but&!worth&we&was: positive
but&worth&!itsuperb&!and: conflict
but&worth&!itsuperb&and: conflict
but&worth&itsuperb: positive
DecisionTree learned:
!but&!the&!great&!delicious: positive
!but&!the&!great&delicious: positive
!but&!the&great&!even: positive
!but&!the&great&even: conflict
!but&the&!at&!is: positive
!but&the&!at&is: positive
!but&the&at&!does: neutral
!but&the&at&does: conflict
but&!to&!we&!that: positive
but&!to&!we&that: negative
but&!to&we&!was: neutral
but&!to&we&was: negative
but&to&!like&!have: negative
but&to&!like&have: neutral
but&to&like&!for: neutral
but&to&like&for: conflict
DecisionTree learned:
!but&!great&!the&!and: negative
!but&!great&!the&and: positive
!but&!great&the&!small: positive
!but&!great&the&small: negative
!but&great&!dinner&!of: positive
!but&great&!dinner&of: positive
!but&great&dinner&!this: neutral
!but&great&dinner&this: positive
but&!only&!worth&!service: positive
but&!only&!worth&service: negative
but&!only&worth&!itsuperb: conflict
but&!only&worth&itsuperb: positive
but&only&!the&!of: neutral
but&only&!the&of: positive
but&only&the&!and: positive
but&only&the&and: neutral
DecisionTree learned:
!but&!the&!great&!appetizer: positive
!but&!the&!great&appetizer: neutral
!but&!the&great&!white: positive
!but&!the&great&white: negative
!but&the&!bar&!small: positive
!but&the&!bar&small: negative
!but&the&bar&!crowded: neutral
!but&the&bar&crowded: negative
but&!service&!to&!chicken: positive
but&!service&!to&chicken: negative
but&!service&to&!an: neutral
but&!service&to&an: negative
but&service&!not&!average: negative
but&service&!not&average: positive
but&service&not&!and: conflict
but&service&not&and: positive
DecisionTree learned:
!but&!the&!great&!quality: positive
!but&!the&!great&quality: negative
!but&!the&great&!even: positive
!but&!the&great&even: conflict
!but&the&!was&!sometimes: positive
!but&the&!was&sometimes: conflict
!but&the&was&!excellent: negative
!but&the&was&excellent: positive
but&!service&!of&!chicken: positive
but&!service&!of&chicken: negative
but&!service&of&!have: negative
but&!service&of&have: conflict
but&service&!not&!average: negative
but&service&!not&average: positive
but&service&not&!and: conflict
but&service&not&and: positive
DecisionTree learned:
!but&!though&!delicious&!n: positive
!but&!though&!delicious&n: negative
!but&!though&delicious&!top: positive
!but&!though&delicious&top: neutral
!but&though&!recommend&!even: conflict
!but&though&!recommend&even: negative
!but&though&recommend: neutral
but&!we&!with&!worth: positive
but&!we&!with&worth: conflict
but&!we&with&!chicken: positive
but&!we&with&chicken: negative
but&we&!lucky&!atmosphere: neutral
but&we&!lucky&atmosphere: positive
but&we&lucky: positive
DecisionTree learned:
!but&!though&!the&!quality: positive
!but&!though&!the&quality: negative
!but&!though&the&!sometimes: positive
!but&!though&the&sometimes: conflict
!but&though&!food&!recommend: negative
!but&though&!food&recommend: neutral
!but&though&food&!a: conflict
!but&though&food&a: positive
but&!worth&!of&!food: negative
but&!worth&!of&food: positive
but&!worth&of&!have: negative
but&!worth&of&have: conflict
but&worth&!itsuperb&!and: conflict
but&worth&!itsuperb&and: conflict
but&worth&itsuperb: positive
DecisionTree learned:
!but&!the&!great&!very: positive
!but&!the&!great&very: positive
!but&!the&great&!even: positive
!but&!the&great&even: conflict
!but&the&!at&!could: positive
!but&the&!at&could: conflict
!but&the&at&!well: neutral
!but&the&at&well: conflict
but&!we&!that&!food: negative
but&!we&!that&food: positive
but&!we&that&!they: negative
but&!we&that&they: neutral
but&we&!quickly&!diminisher: negative
but&we&!quickly&diminisher: neutral
but&we&quickly: positive
DecisionTree learned:
!dinner&!but&!the&!great: positive
!dinner&!but&!the&great: positive
!dinner&!but&the&!was: positive
!dinner&!but&the&was: negative
!dinner&but&!worth&!look: positive
!dinner&but&!worth&look: conflict
!dinner&but&worth&!itsuperb: conflict
!dinner&but&worth&itsuperb: positive
dinner&!would&!up&!did: neutral
dinner&!would&!up&did: negative
dinner&!would&up&!be: positive
dinner&!would&up&be: negative
dinner&would&!this: negative
dinner&would&this: positive
DecisionTree learned:
!though&!but&!the&!for: positive
!though&!but&!the&for: neutral
!though&!but&the&!sometimes: positive
!though&!but&the&sometimes: conflict
!though&but&!worth&!look: positive
!though&but&!worth&look: conflict
!though&but&worth&!a: conflict
!though&but&worth&a: conflict
though&!even&!reservations&!was: conflict
though&!even&!reservations&was: negative
though&!even&reservations: neutral
though&even&!table&!high: neutral
though&even&!table&high: negative
though&even&table: negative
DecisionTree learned:
!but&!excellent&!not&!though: positive
!but&!excellent&!not&though: negative
!but&!excellent&not&!worth: negative
!but&!excellent&not&worth: negative
!but&excellent&!pair&!three: positive
!but&excellent&!pair&three: neutral
!but&excellent&pair&!well: neutral
!but&excellent&pair&well: positive
but&!diminisher&!with&!that: negative
but&!diminisher&!with&that: negative
but&!diminisher&with&!chicken: positive
but&!diminisher&with&chicken: negative
but&diminisher&!we&!wine: positive
but&diminisher&!we&wine: neutral
but&diminisher&we&!atmosphere: neutral
but&diminisher&we&atmosphere: positive
DecisionTree learned:
!but&!the&!quality&!there: positive
!but&!the&!quality&there: negative
!but&!the&quality&!with: negative
!but&!the&quality&with: positive
!but&the&!at&!is: positive
!but&the&!at&is: positive
!but&the&at&!well: neutral
!but&the&at&well: conflict
but&!not&!service&!of: positive
but&!not&!service&of: negative
but&!not&service&!good: negative
but&!not&service&good: positive
but&not&!for&!it: neutral
but&not&!for&it: conflict
but&not&for&!here: negative
but&not&for&here: positive
DecisionTree learned:
!good&!friendly&!was&!though: positive
!good&!friendly&!was&though: negative
!good&!friendly&was&!excellent: negative
!good&!friendly&was&excellent: positive
!good&friendly&!popular&!sometimes: positive
!good&friendly&!popular&sometimes: conflict
!good&friendly&popular&!very: neutral
!good&friendly&popular&very: positive
good&!other&!not&!rest: positive
good&!other&!not&rest: conflict
good&!other&not&!is: conflict
good&!other&not&is: negative
good&other: conflict
DecisionTree learned:
!dinner&!but&!the&!great: positive
!dinner&!but&!the&great: positive
!dinner&!but&the&!bar: positive
!dinner&!but&the&bar: neutral
!dinner&but&!of&!chicken: positive
!dinner&but&!of&chicken: negative
!dinner&but&of&!have: positive
!dinner&but&of&have: conflict
dinner&!nice&!up&!to: neutral
dinner&!nice&!up&to: neutral
dinner&!nice&up&!be: positive
dinner&!nice&up&be: negative
dinner&nice: positive
DecisionTree learned:
!but&!though&!little&!was: positive
!but&!though&!little&was: negative
!but&!though&little&!bagel: conflict
!but&!though&little&bagel: neutral
!but&though&!even&!reservations: conflict
!but&though&!even&reservations: neutral
!but&though&even&!of: negative
!but&though&even&of: neutral
but&!to&!we&!with: positive
but&!to&!we&with: positive
but&!to&we&!was: neutral
but&!to&we&was: negative
but&to&!people&!an: neutral
but&to&!people&an: negative
but&to&people: conflict
DecisionTree learned:
!but&!the&!for&!appear: positive
!but&!the&!for&appear: conflict
!but&!the&for&!had: neutral
!but&!the&for&had: negative
!but&the&!was&!sometimes: positive
!but&the&!was&sometimes: conflict
!but&the&was&!although: negative
!but&the&was&although: conflict
but&!we&!to&!with: positive
but&!we&!to&with: positive
but&!we&to&!food: negative
but&!we&to&food: neutral
but&we&!was&!atmosphere: neutral
but&we&!was&atmosphere: positive
but&we&was&!and: negative
but&we&was&and: positive
DecisionTree learned:
!but&!though&!the&!perhaps: positive
!but&!though&!the&perhaps: conflict
!but&!though&the&!was: positive
!but&!though&the&was: negative
!but&though&!even&!i: conflict
!but&though&!even&i: negative
!but&though&even&!reservation: negative
!but&though&even&reservation: neutral
but&!to&!we&!expensive: positive
but&!to&!we&expensive: conflict
but&!to&we&!diminisher: negative
but&!to&we&diminisher: neutral
but&to&!people&!an: neutral
but&to&!people&an: negative
but&to&people: conflict
DecisionTree learned:
!dinner&!but&!the&!perhaps: positive
!dinner&!but&!the&perhaps: conflict
!dinner&!but&the&!ok: positive
!dinner&!but&the&ok: neutral
!dinner&but&!of&!that: positive
!dinner&but&!of&that: negative
!dinner&but&of&!line: negative
!dinner&but&of&line: positive
dinner&!would&!drinks&!did: neutral
dinner&!would&!drinks&did: negative
dinner&!would&drinks&!of: positive
dinner&!would&drinks&of: negative
dinner&would&!this: negative
dinner&would&this: positive
DecisionTree learned:
!but&!though&!delicious&!the: positive
!but&!though&!delicious&the: positive
!but&!though&delicious&!top: positive
!but&!though&delicious&top: neutral
!but&though&!even&!i: conflict
!but&though&!even&i: negative
!but&though&even&!of: negative
!but&though&even&of: neutral
but&!of&!look&!we: positive
but&!of&!look&we: neutral
but&!of&look&!and: neutral
but&!of&look&and: conflict
but&of&!have&!diminisher: negative
but&of&!have&diminisher: positive
but&of&have: conflict
DecisionTree learned:
!but&!the&!quality&!and: negative
!but&!the&!quality&and: positive
!but&!the&quality&!with: negative
!but&!the&quality&with: positive
!but&the&!lad&!best: positive
!but&the&!lad&best: positive
!but&the&lad: conflict
but&!was&!the&!are: positive
but&!was&!the&are: neutral
but&!was&the&!worth: negative
but&!was&the&worth: conflict
but&was&!and&!to: conflict
but&was&!and&to: negative
but&was&and&!place: positive
but&was&and&place: conflict
DecisionTree learned:
!but&!though&!little&!the: positive
!but&!though&!little&the: positive
!but&!though&little&!bagel: conflict
!but&!though&little&bagel: neutral
!but&though&!even&!i: conflict
!but&though&!even&i: negative
!but&though&even&!of: negative
!but&though&even&of: neutral
but&!of&!service&!nice: positive
but&!of&!service&nice: positive
but&!of&service&!not: negative
but&!of&service&not: conflict
but&of&!have&!line: negative
but&of&!have&line: positive
but&of&have: conflict
DecisionTree learned:
!but&!the&!exceeded&!and: negative
!but&!the&!exceeded&and: positive
!but&!the&exceeded: conflict
!but&the&!although&!attentive: positive
!but&the&!although&attentive: conflict
!but&the&although&!there: conflict
!but&the&although&there: neutral
but&!service&!of&!great: positive
but&!service&!of&great: positive
but&!service&of&!have: negative
but&!service&of&have: conflict
but&service&!not&!is: negative
but&service&!not&is: negative
but&service&not&!and: conflict
but&service&not&and: positive
DecisionTree learned:
!that&!rude&!lad&!little: positive
!that&!rude&!lad&little: conflict
!that&!rude&lad: conflict
!that&rude: negative
that&!restaurants&!noodle&!bar: negative
that&!restaurants&!noodle&bar: neutral
that&!restaurants&noodle: neutral
that&restaurants: neutral
DecisionTree learned:
!little&!not&!dinner&!though: positive
!little&!not&!dinner&though: negative
!little&!not&dinner&!would: neutral
!little&!not&dinner&would: negative
!little&not&!was&!may: negative
!little&not&!was&may: conflict
!little&not&was&!and: negative
!little&not&was&and: negative
little&!there&!more&!we: conflict
little&!there&!more&we: neutral
little&!there&more&!be: conflict
little&!there&more&be: conflict
little&there: neutral
DecisionTree learned:
!but&!the&!lunch&!perhaps: positive
!but&!the&!lunch&perhaps: conflict
!but&!the&lunch&!for: positive
!but&!the&lunch&for: neutral
!but&the&!sometimes&!fine: positive
!but&the&!sometimes&fine: conflict
!but&the&sometimes: conflict
but&!of&!service&!chicken: positive
but&!of&!service&chicken: negative
but&!of&service&!not: negative
but&!of&service&not: conflict
but&of&!have&!at: positive
but&of&!have&at: negative
but&of&have: conflict
DecisionTree learned:
!dinner&!but&!the&!atmosphere: positive
!dinner&!but&!the&atmosphere: positive
!dinner&!but&the&!best: positive
!dinner&!but&the&best: positive
!dinner&but&!at&!to: positive
!dinner&but&!at&to: negative
!dinner&but&at&!la: negative
!dinner&but&at&la: positive
dinner&!nice&!drinks&!up: neutral
dinner&!nice&!drinks&up: positive
dinner&!nice&drinks&!of: positive
dinner&!nice&drinks&of: negative
dinner&nice: positive
DecisionTree learned:
!but&!friendly&!good&!delicious: positive
!but&!friendly&!good&delicious: positive
!but&!friendly&good&!which: positive
!but&!friendly&good&which: neutral
!but&friendly&!sometimes&!popular: positive
!but&friendly&!sometimes&popular: neutral
!but&friendly&sometimes: conflict
but&!of&!we&!that: positive
but&!of&!we&that: negative
but&!of&we&!chicken: neutral
but&!of&we&chicken: negative
but&of&!have&!line: negative
but&of&!have&line: positive
but&of&have: conflict
DecisionTree learned:
!good&!friendly&!was&!we: positive
!good&!friendly&!was&we: neutral
!good&!friendly&was&!yet: negative
!good&!friendly&was&yet: conflict
!good&friendly&!popular&!sometimes: positive
!good&friendly&!popular&sometimes: conflict
!good&friendly&popular&!very: neutral
!good&friendly&popular&very: positive
good&!other&!not&!rest: positive
good&!other&!not&rest: conflict
good&!other&not&!is: conflict
good&!other&not&is: negative
good&other: conflict
DecisionTree learned:
!but&!though&!the&!perhaps: positive
!but&!though&!the&perhaps: conflict
!but&!though&the&!lad: positive
!but&!though&the&lad: conflict
!but&though&!food&!the: negative
!but&though&!food&the: conflict
!but&though&food&!a: conflict
!but&though&food&a: positive
but&!we&!with&!same: positive
but&!we&!with&same: neutral
but&!we&with&!the: positive
but&!we&with&the: negative
but&we&!diminisher&!quickly: negative
but&we&!diminisher&quickly: positive
but&we&diminisher&!atmosphere: neutral
but&we&diminisher&atmosphere: positive
DecisionTree learned:
!but&!though&!the&!tho: positive
!but&!though&!the&tho: conflict
!but&!though&the&!small: positive
!but&!though&the&small: negative
!but&though&!even&!was: conflict
!but&though&!even&was: negative
!but&though&even&!reservation: negative
!but&though&even&reservation: neutral
but&!quality&!service&!to: positive
but&!quality&!service&to: negative
but&!quality&service&!not: negative
but&!quality&service&not: conflict
but&quality: negative
DecisionTree learned:
!but&!the&!tho&!exceeded: positive
!but&!the&!tho&exceeded: conflict
!but&!the&tho: conflict
!but&the&!sometimes&!lad: positive
!but&the&!sometimes&lad: conflict
!but&the&sometimes: conflict
but&!of&!service&!great: neutral
but&!of&!service&great: positive
but&!of&service&!not: negative
but&!of&service&not: conflict
but&of&!have&!diminisher: negative
but&of&!have&diminisher: positive
but&of&have: conflict
DecisionTree learned:
!but&!little&!the&!tho: positive
!but&!little&!the&tho: conflict
!but&!little&the&!sometimes: positive
!but&!little&the&sometimes: conflict
!but&little&!bagel&!for: conflict
!but&little&!bagel&for: positive
!but&little&bagel: neutral
but&!of&!menu&!that: positive
but&!of&!menu&that: negative
but&!of&menu&!it: neutral
but&!of&menu&it: negative
but&of&!have&!diminisher: negative
but&of&!have&diminisher: positive
but&of&have: conflict
DecisionTree learned:
!but&!not&!excellent&!though: positive
!but&!not&!excellent&though: negative
!but&!not&excellent&!pair: positive
!but&!not&excellent&pair: neutral
!but&not&!worth&!few: negative
!but&not&!worth&few: conflict
!but&not&worth&!with: negative
!but&not&worth&with: conflict
but&!only&!not&!expensive: positive
but&!only&!not&expensive: conflict
but&!only&not&!for: conflict
but&!only&not&for: negative
but&only&!varities&!and: positive
but&only&!varities&and: neutral
but&only&varities: negative
DecisionTree learned:
!dinner&!but&!the&!appear: positive
!dinner&!but&!the&appear: conflict
!dinner&!but&the&!although: positive
!dinner&!but&the&although: conflict
!dinner&but&!worth&!look: negative
!dinner&but&!worth&look: conflict
!dinner&but&worth&!itsuperb: conflict
!dinner&but&worth&itsuperb: positive
dinner&!any&!did&!drinks: neutral
dinner&!any&!did&drinks: positive
dinner&!any&did: negative
dinner&any: negative
DecisionTree learned:
!but&!little&!though&!the: neutral
!but&!little&!though&the: positive
!but&!little&though&!even: conflict
!but&!little&though&even: negative
!but&little&!bagel&!more: conflict
!but&little&!bagel&more: conflict
!but&little&bagel: neutral
but&!did&!we&!to: positive
but&!did&!we&to: negative
but&!did&we&!chicken: neutral
but&!did&we&chicken: negative
but&did: negative
DecisionTree learned:
!that&!but&!the&!atmosphere: positive
!that&!but&!the&atmosphere: positive
!that&!but&the&!attentive: positive
!that&!but&the&attentive: conflict
!that&but&!worth&!diminisher: negative
!that&but&!worth&diminisher: positive
!that&but&worth&!and: conflict
!that&but&worth&and: conflict
that&!with&!here&!bar: negative
that&!with&!here&bar: neutral
that&!with&here: neutral
that&with&!so&!taste: positive
that&with&!so&taste: negative
that&with&so: negative
DecisionTree learned:
!that&!little&!but&!the: positive
!that&!little&!but&the: positive
!that&!little&but&!diminisher: positive
!that&!little&but&diminisher: positive
!that&little&!there&!more: negative
!that&little&!there&more: conflict
!that&little&there: neutral
that&!with&!prices&!here: negative
that&!with&!prices&here: neutral
that&!with&prices: positive
that&with&!much&!is: positive
that&with&!much&is: neutral
that&with&much: negative
DecisionTree learned:
!but&!the&!perhaps&!tho: positive
!but&!the&!perhaps&tho: conflict
!but&!the&perhaps: conflict
!but&the&!attentive&!although: positive
!but&the&!attentive&although: conflict
!but&the&attentive&!a: positive
!but&the&attentive&a: conflict
but&!we&!ve&!long: positive
but&!we&!ve&long: neutral
but&!we&ve&!never: neutral
but&!we&ve&never: conflict
but&we&!quickly&!and: neutral
but&we&!quickly&and: neutral
but&we&quickly: positive
DecisionTree learned:
!but&!the&!quality&!nice: neutral
!but&!the&!quality&nice: positive
!but&!the&quality&!with: negative
!but&!the&quality&with: positive
!but&the&!sometimes&!little: positive
!but&the&!sometimes&little: conflict
!but&the&sometimes: conflict
but&!look&!we&!that: positive
but&!look&!we&that: negative
but&!look&we&!bar: negative
but&!look&we&bar: neutral
but&look&!and: neutral
but&look&and: conflict
DecisionTree learned:
!but&!the&!appear&!tho: positive
!but&!the&!appear&tho: conflict
!but&!the&appear: conflict
!but&the&!although&!sometimes: positive
!but&the&!although&sometimes: conflict
!but&the&although&!there: conflict
!but&the&although&there: neutral
but&!to&!that&!chicken: positive
but&!to&!that&chicken: negative
but&!to&that&!they: negative
but&!to&that&they: neutral
but&to&!people&!the: neutral
but&to&!people&the: negative
but&to&people: conflict
DecisionTree learned:
!but&!the&!great&!tho: neutral
!but&!the&!great&tho: conflict
!but&!the&great&!even: positive
!but&!the&great&even: conflict
!but&the&!bar&!attentive: positive
!but&the&!bar&attentive: conflict
!but&the&bar&!crowded: neutral
!but&the&bar&crowded: negative
but&!worth&!of&!was: positive
but&!worth&!of&was: conflict
but&!worth&of&!have: negative
but&!worth&of&have: conflict
but&worth&!itsuperb&!and: conflict
but&worth&!itsuperb&and: conflict
but&worth&itsuperb: positive
DecisionTree learned:
!but&!the&!exceeded&!perhaps: positive
!but&!the&!exceeded&perhaps: conflict
!but&!the&exceeded: conflict
!but&the&!lad&!was: positive
!but&the&!lad&was: negative
!but&the&lad: conflict
but&!worth&!diminisher&!that: negative
but&!worth&!diminisher&that: negative
but&!worth&diminisher&!only: positive
but&!worth&diminisher&only: neutral
but&worth&!itsuperb&!and: conflict
but&worth&!itsuperb&and: conflict
but&worth&itsuperb: positive
DecisionTree learned:
!little&!but&!the&!appear: positive
!little&!but&!the&appear: conflict
!little&!but&the&!bar: positive
!little&!but&the&bar: neutral
!little&but&!diminisher&!that: positive
!little&but&!diminisher&that: negative
!little&but&diminisher&!wine: positive
!little&but&diminisher&wine: neutral
little&!there&!more&!for: conflict
little&!there&!more&for: positive
little&!there&more&!be: neutral
little&!there&more&be: conflict
little&there: neutral
DecisionTree learned:
!little&!n&!not&!though: positive
!little&!n&!not&though: conflict
!little&!n&not&!worth: negative
!little&!n&not&worth: conflict
!little&n&!while&!hard: negative
!little&n&!while&hard: conflict
!little&n&while&!was: conflict
!little&n&while&was: positive
little&!there&!more&!for: conflict
little&!there&!more&for: positive
little&!there&more&!be: neutral
little&!there&more&be: conflict
little&there: neutral
DecisionTree learned:
!but&!the&!quality&!and: negative
!but&!the&!quality&and: positive
!but&!the&quality&!taste: negative
!but&!the&quality&taste: negative
!but&the&!small&!lad: positive
!but&the&!small&lad: conflict
!but&the&small&!good: negative
!but&the&small&good: positive
but&!was&!expensive&!felt: positive
but&!was&!expensive&felt: conflict
but&!was&expensive&!food: negative
but&!was&expensive&food: conflict
but&was&!were&!mediocre: conflict
but&was&!were&mediocre: neutral
but&was&were: negative
DecisionTree learned:
!was&!though&!little&!nice: positive
!was&!though&!little&nice: positive
!was&!though&little&!bagel: conflict
!was&!though&little&bagel: neutral
!was&though&!recommend&!even: conflict
!was&though&!recommend&even: negative
!was&though&recommend: neutral
was&!although&!and&!yet: negative
was&!although&!and&yet: conflict
was&!although&and&!fine: negative
was&!although&and&fine: conflict
was&although: conflict
DecisionTree learned:
!but&!the&!quality&!and: negative
!but&!the&!quality&and: positive
!but&!the&quality&!with: negative
!but&!the&quality&with: positive
!but&the&!little&!though: positive
!but&the&!little&though: conflict
!but&the&little&!to: conflict
!but&the&little&to: positive
but&!food&!few&!well: negative
but&!food&!few&well: conflict
but&!food&few: neutral
but&food&!expensive&!thai: positive
but&food&!expensive&thai: neutral
but&food&expensive: conflict
DecisionTree learned:
!that&!but&!the&!for: positive
!that&!but&!the&for: neutral
!that&!but&the&!attentive: positive
!that&!but&the&attentive: conflict
!that&but&!s&!of: positive
!that&but&!s&of: negative
!that&but&s&!it: positive
!that&but&s&it: conflict
that&!with&!prices&!pizza: negative
that&!with&!prices&pizza: positive
that&!with&prices: positive
that&with&!so&!taste: neutral
that&with&!so&taste: negative
that&with&so: negative
DecisionTree learned:
!though&!but&!little&!the: positive
!though&!but&!little&the: positive
!though&!but&little&!bagel: conflict
!though&!but&little&bagel: neutral
!though&but&!only&!expensive: positive
!though&but&!only&expensive: conflict
!though&but&only&!food: neutral
!though&but&only&food: positive
though&!even&!i&!food: conflict
though&!even&!i&food: conflict
though&!even&i&!reservations: negative
though&!even&i&reservations: neutral
though&even&!of&!reservation: negative
though&even&!of&reservation: neutral
though&even&of: neutral
DecisionTree learned:
!that&!lad&!does&!but: positive
!that&!lad&!does&but: positive
!that&!lad&does&!but: conflict
!that&!lad&does&but: negative
!that&lad: conflict
that&!taste&!with&!has: negative
that&!taste&!with&has: positive
that&!taste&with&!so: positive
that&!taste&with&so: negative
that&taste: negative
DecisionTree learned:
!that&!and&!though&!was: positive
!that&!and&!though&was: negative
!that&!and&though&!even: conflict
!that&!and&though&even: negative
!that&and&!it&!lad: positive
!that&and&!it&lad: conflict
!that&and&it&!s: neutral
!that&and&it&s: conflict
that&!wine&!has&!enjoy: negative
that&!wine&!has&enjoy: positive
that&!wine&has&!to: positive
that&!wine&has&to: negative
that&wine&!waitress: neutral
that&wine&waitress: positive
DecisionTree learned:
!but&!the&!exceeded&!tho: positive
!but&!the&!exceeded&tho: conflict
!but&!the&exceeded: conflict
!but&the&!rest&!around: positive
!but&the&!rest&around: conflict
!but&the&rest&!was: conflict
!but&the&rest&was: neutral
but&!with&!at&!of: negative
but&!with&!at&of: positive
but&!with&at&!bar: negative
but&!with&at&bar: neutral
but&with&!not&!chicken: positive
but&with&!not&chicken: negative
but&with&not: neutral
DecisionTree learned:
!dinner&!that&!but&!the: positive
!dinner&!that&!but&the: positive
!dinner&!that&but&!chicken: positive
!dinner&!that&but&chicken: negative
!dinner&that&!restaurants&!wine: negative
!dinner&that&!restaurants&wine: neutral
!dinner&that&restaurants: neutral
dinner&!drinks&!nice&!up: neutral
dinner&!drinks&!nice&up: positive
dinner&!drinks&nice: positive
dinner&drinks&!of: positive
dinner&drinks&of: negative
DecisionTree learned:
!but&!the&!great&!tho: neutral
!but&!the&!great&tho: conflict
!but&!the&great&!even: positive
!but&!the&great&even: conflict
!but&the&!at&!attentive: positive
!but&the&!at&attentive: conflict
!but&the&at&!well: neutral
!but&the&at&well: conflict
but&!worth&!casual&!felt: positive
but&!worth&!casual&felt: conflict
but&!worth&casual: conflict
but&worth&!itsuperb&!and: conflict
but&worth&!itsuperb&and: conflict
but&worth&itsuperb: positive
DecisionTree learned:
!but&!the&!appear&!exceeded: positive
!but&!the&!appear&exceeded: conflict
!but&!the&appear: conflict
!but&the&!bar&!small: positive
!but&the&!bar&small: negative
!but&the&bar&!crowded: neutral
!but&the&bar&crowded: negative
but&!at&!chicken&!with: positive
but&!at&!chicken&with: positive
but&!at&chicken&!sauce: negative
but&!at&chicken&sauce: conflict
but&at&!all&!the: negative
but&at&!all&the: neutral
but&at&all: negative
DecisionTree learned:
!but&!the&!exceeded&!perhaps: positive
!but&!the&!exceeded&perhaps: conflict
!but&!the&exceeded: conflict
!but&the&!although&!fine: positive
!but&the&!although&fine: conflict
!but&the&although&!there: conflict
!but&the&although&there: neutral
but&!with&!worth&!diminisher: negative
but&!with&!worth&diminisher: positive
but&!with&worth&!itsuperb: conflict
but&!with&worth&itsuperb: positive
but&with&!only&!chicken: positive
but&with&!only&chicken: negative
but&with&only: neutral
DecisionTree learned:
!but&!the&!exceeded&!appear: neutral
!but&!the&!exceeded&appear: conflict
!but&!the&exceeded: conflict
!but&the&!fine&!although: positive
!but&the&!fine&although: conflict
!but&the&fine&!to: conflict
!but&the&fine&to: neutral
but&!we&!ok&!expensive: positive
but&!we&!ok&expensive: conflict
but&!we&ok&!service: neutral
but&!we&ok&service: negative
but&we&!lucky&!atmosphere: neutral
but&we&!lucky&atmosphere: positive
but&we&lucky: positive
DecisionTree learned:
!but&!the&!atmosphere&!tho: neutral
!but&!the&!atmosphere&tho: conflict
!but&!the&atmosphere&!they: positive
!but&!the&atmosphere&they: conflict
!but&the&!lad&!rest: positive
!but&the&!lad&rest: conflict
!but&the&lad: conflict
but&!with&!of&!service: neutral
but&!with&!of&service: negative
but&!with&of&!have: negative
but&!with&of&have: conflict
but&with&!not&!chicken: positive
but&with&!not&chicken: negative
but&with&not: neutral
DecisionTree learned:
!but&!little&!the&!perhaps: positive
!but&!little&!the&perhaps: conflict
!but&!little&the&!at: positive
!but&!little&the&at: neutral
!but&little&!bagel&!more: conflict
!but&little&!bagel&more: conflict
!but&little&bagel: neutral
but&!nice&!of&!that: neutral
but&!nice&!of&that: negative
but&!nice&of&!have: positive
but&!nice&of&have: conflict
but&nice&!casual&!great: positive
but&nice&!casual&great: negative
but&nice&casual: conflict
DecisionTree learned:
!lad&!was&!little&!though: positive
!lad&!was&!little&though: conflict
!lad&!was&little&!bagel: conflict
!lad&!was&little&bagel: neutral
!lad&was&!yet&!fine: negative
!lad&was&!yet&fine: conflict
!lad&was&yet&!food: conflict
!lad&was&yet&food: positive
lad: conflict
DecisionTree learned:
!but&!the&!appear&!though: neutral
!but&!the&!appear&though: negative
!but&!the&appear: conflict
!but&the&!sometimes&!although: positive
!but&the&!sometimes&although: conflict
!but&the&sometimes: conflict
but&!at&!ok&!only: positive
but&!at&!ok&only: neutral
but&!at&ok&!service: neutral
but&!at&ok&service: negative
but&at&!la&!bar: negative
but&at&!la&bar: neutral
but&at&la: positive
DecisionTree learned:
!but&!the&!though&!atmosphere: neutral
!but&!the&!though&atmosphere: positive
!but&!the&though&!food: negative
!but&!the&though&food: conflict
!but&the&!fine&!at: positive
!but&the&!fine&at: neutral
!but&the&fine&!expected: conflict
!but&the&fine&expected: neutral
but&!of&!that&!chicken: positive
but&!of&!that&chicken: negative
but&!of&that&!they: negative
but&!of&that&they: neutral
but&of&!line&!have: negative
but&of&!line&have: conflict
but&of&line: positive
DecisionTree learned:
!but&!the&!appear&!exceeded: positive
!but&!the&!appear&exceeded: conflict
!but&!the&appear: conflict
!but&the&!fine&!little: positive
!but&the&!fine&little: conflict
!but&the&fine&!to: conflict
!but&the&fine&to: neutral
but&!reservations&!we&!ok: positive
but&!reservations&!we&ok: neutral
but&!reservations&we&!lucky: neutral
but&!reservations&we&lucky: positive
but&reservations&!was&!to: negative
but&reservations&!was&to: neutral
but&reservations&was: negative
DecisionTree learned:
!nice&!good&!fine&!delicious: negative
!nice&!good&!fine&delicious: positive
!nice&!good&fine&!was: positive
!nice&!good&fine&was: conflict
!nice&good&!other&!rest: positive
!nice&good&!other&rest: conflict
!nice&good&other: conflict
nice&!than&!served&!presented: positive
nice&!than&!served&presented: positive
nice&!than&served: neutral
nice&than: conflict
DecisionTree learned:
!excellent&!though&!was&!little: positive
!excellent&!though&!was&little: conflict
!excellent&!though&was&!although: negative
!excellent&!though&was&although: conflict
!excellent&though&!even&!i: conflict
!excellent&though&!even&i: negative
!excellent&though&even&!reservation: negative
!excellent&though&even&reservation: neutral
excellent&!pair&!three&!do: positive
excellent&!pair&!three&do: negative
excellent&!pair&three&!and: neutral
excellent&!pair&three&and: positive
excellent&pair&!well: neutral
excellent&pair&well: positive
DecisionTree learned:
!but&!the&!though&!appear: neutral
!but&!the&!though&appear: conflict
!but&!the&though&!food: negative
!but&!the&though&food: conflict
!but&the&!in&!at: positive
!but&the&!in&at: neutral
!but&the&in&!one: neutral
!but&the&in&one: positive
but&!that&!of&!chicken: positive
but&!that&!of&chicken: negative
but&!that&of&!have: positive
but&!that&of&have: conflict
but&that&!diminisher&!have: negative
but&that&!diminisher&have: neutral
but&that&diminisher: neutral
DecisionTree learned:
!though&!but&!the&!perhaps: neutral
!though&!but&!the&perhaps: conflict
!though&!but&the&!although: positive
!though&!but&the&although: conflict
!though&but&!was&!expensive: positive
!though&but&!was&expensive: conflict
!though&but&was&!dim: conflict
!though&but&was&dim: neutral
though&!even&!i&!and: conflict
though&!even&!i&and: negative
though&!even&i&!reservations: negative
though&!even&i&reservations: neutral
though&even&!reservation&!of: negative
though&even&!reservation&of: neutral
though&even&reservation&!for: neutral
though&even&reservation&for: positive
DecisionTree learned:
!best&!but&!the&!perhaps: neutral
!best&!but&!the&perhaps: conflict
!best&!but&the&!sometimes: positive
!best&!but&the&sometimes: conflict
!best&but&!food&!nice: negative
!best&but&!food&nice: positive
!best&but&food&!expensive: positive
!best&but&food&expensive: conflict
best&!a&!like&!staff: positive
best&!a&!like&staff: negative
best&!a&like&!freshly: neutral
best&!a&like&freshly: positive
best&a&!the&!would: negative
best&a&!the&would: positive
best&a&the&!in: conflict
best&a&the&in: positive
DecisionTree learned:
!dinner&!that&!rude&!but: positive
!dinner&!that&!rude&but: positive
!dinner&!that&rude: negative
!dinner&that&!here&!crust: negative
!dinner&that&!here&crust: neutral
!dinner&that&here: neutral
dinner&!would&!did&!drinks: neutral
dinner&!would&!did&drinks: positive
dinner&!would&did: negative
dinner&would&!this: negative
dinner&would&this: positive
DecisionTree learned:
!excellent&!but&!the&!atmosphere: neutral
!excellent&!but&!the&atmosphere: positive
!excellent&!but&the&!around: positive
!excellent&!but&the&around: conflict
!excellent&but&!only&!with: negative
!excellent&but&!only&with: positive
!excellent&but&only&!and: positive
!excellent&but&only&and: neutral
excellent&!but&!salty&!you: positive
excellent&!but&!salty&you: negative
excellent&!but&salty: negative
excellent&but&!of&!was: negative
excellent&but&!of&was: positive
excellent&but&of: positive
DecisionTree learned:
!but&!the&!perhaps&!tho: neutral
!but&!the&!perhaps&tho: conflict
!but&!the&perhaps: conflict
!but&the&!although&!may: positive
!but&the&!although&may: conflict
!but&the&although&!there: conflict
!but&the&although&there: neutral
but&!service&!chicken&!with: neutral
but&!service&!chicken&with: positive
but&!service&chicken&!and: conflict
but&!service&chicken&and: negative
but&service&!not&!is: negative
but&service&!not&is: negative
but&service&not&!and: conflict
but&service&not&and: positive
DecisionTree learned:
!but&!the&!tho&!quality: neutral
!but&!the&!tho&quality: negative
!but&!the&tho: conflict
!but&the&!quibbles&!lad: positive
!but&the&!quibbles&lad: conflict
!but&the&quibbles: conflict
but&!worth&!diminisher&!with: negative
but&!worth&!diminisher&with: positive
but&!worth&diminisher&!wine: positive
but&!worth&diminisher&wine: neutral
but&worth&!itsuperb&!and: conflict
but&worth&!itsuperb&and: conflict
but&worth&itsuperb: positive
DecisionTree learned:
!but&!the&!though&!tho: neutral
!but&!the&!though&tho: conflict
!but&!the&though&!food: negative
!but&!the&though&food: conflict
!but&the&!sometimes&!although: positive
!but&the&!sometimes&although: conflict
!but&the&sometimes: conflict
but&!we&!ok&!better: positive
but&!we&!ok&better: neutral
but&!we&ok&!for: neutral
but&!we&ok&for: positive
but&we&!lucky&!was: neutral
but&we&!lucky&was: negative
but&we&lucky: positive
DecisionTree learned:
!but&!the&!appear&!tho: neutral
!but&!the&!appear&tho: conflict
!but&!the&appear: conflict
!but&the&!attentive&!though: positive
!but&the&!attentive&though: conflict
!but&the&attentive&!a: positive
!but&the&attentive&a: conflict
but&!worth&!diminisher&!with: negative
but&!worth&!diminisher&with: positive
but&!worth&diminisher&!only: positive
but&!worth&diminisher&only: neutral
but&worth&!itsuperb&!and: conflict
but&worth&!itsuperb&and: conflict
but&worth&itsuperb: positive
DecisionTree learned:
!but&!the&!atmosphere&!tho: neutral
!but&!the&!atmosphere&tho: conflict
!but&!the&atmosphere&!to: positive
!but&!the&atmosphere&to: conflict
!but&the&!at&!sometimes: positive
!but&the&!at&sometimes: conflict
!but&the&at&!well: neutral
!but&the&at&well: conflict
but&!at&!few&!to: positive
but&!at&!few&to: neutral
but&!at&few: neutral
but&at&!bar&!take: negative
but&at&!bar&take: neutral
but&at&bar: neutral
DecisionTree learned:
!was&!though&!little&!is: neutral
!was&!though&!little&is: positive
!was&!though&little&!bagel: conflict
!was&!though&little&bagel: neutral
!was&though&!recommend&!even: conflict
!was&though&!recommend&even: negative
!was&though&recommend: neutral
was&!and&!yet&!second: negative
was&!and&!yet&second: conflict
was&!and&yet&!food: conflict
was&!and&yet&food: positive
was&and&!it&!entrees: positive
was&and&!it&entrees: neutral
was&and&it&!the: positive
was&and&it&the: negative
DecisionTree learned:
!but&!the&!perhaps&!appear: positive
!but&!the&!perhaps&appear: conflict
!but&!the&perhaps: conflict
!but&the&!best&!although: positive
!but&the&!best&although: conflict
!but&the&best&!a: positive
!but&the&best&a: conflict
but&!of&!worth&!diminisher: positive
but&!of&!worth&diminisher: positive
but&!of&worth&!itsuperb: conflict
but&!of&worth&itsuperb: positive
but&of&!have&!restaurant: negative
but&of&!have&restaurant: positive
but&of&have: conflict
DecisionTree learned:
!but&!the&!though&!perhaps: neutral
!but&!the&!though&perhaps: conflict
!but&!the&though&!food: negative
!but&!the&though&food: conflict
!but&the&!sometimes&!rest: positive
!but&the&!sometimes&rest: conflict
!but&the&sometimes: conflict
but&!worth&!of&!diminisher: positive
but&!worth&!of&diminisher: positive
but&!worth&of&!have: negative
but&!worth&of&have: conflict
but&worth&!itsuperb&!and: conflict
but&worth&!itsuperb&and: conflict
but&worth&itsuperb: positive
DecisionTree learned:
!but&!the&!appear&!atmosphere: neutral
!but&!the&!appear&atmosphere: positive
!but&!the&appear: conflict
!but&the&!small&!sometimes: positive
!but&the&!small&sometimes: conflict
!but&the&small&!this: negative
!but&the&small&this: positive
but&!we&!ve&!long: negative
but&!we&!ve&long: neutral
but&!we&ve&!never: neutral
but&!we&ve&never: conflict
but&we&!lucky&!diminisher: neutral
but&we&!lucky&diminisher: neutral
but&we&lucky: positive
DecisionTree learned:
!but&!the&!perhaps&!exceeded: neutral
!but&!the&!perhaps&exceeded: conflict
!but&!the&perhaps: conflict
!but&the&!is&!fine: negative
!but&the&!is&fine: conflict
!but&the&is&!everything: positive
!but&the&is&everything: conflict
but&!quality&!ok&!we: positive
but&!quality&!ok&we: neutral
but&!quality&ok&!and: negative
but&!quality&ok&and: neutral
but&quality: negative
DecisionTree learned:
!not&!nice&!attentive&!fine: positive
!not&!nice&!attentive&fine: conflict
!not&!nice&attentive&!a: positive
!not&!nice&attentive&a: conflict
!not&nice&!than&!presented: positive
!not&nice&!than&presented: neutral
!not&nice&than: conflict
not&!worth&!but&!few: negative
not&!worth&!but&few: conflict
not&!worth&but&!for: conflict
not&!worth&but&for: negative
not&worth&!with&!food: negative
not&worth&!with&food: conflict
not&worth&with: conflict
DecisionTree learned:
!but&!the&!appear&!atmosphere: neutral
!but&!the&!appear&atmosphere: positive
!but&!the&appear: conflict
!but&the&!sometimes&!lad: positive
!but&the&!sometimes&lad: conflict
!but&the&sometimes: conflict
but&!we&!ok&!of: positive
but&!we&!ok&of: positive
but&!we&ok&!for: neutral
but&!we&ok&for: positive
but&we&!bar&!diminisher: negative
but&we&!bar&diminisher: neutral
but&we&bar: neutral
DecisionTree learned:
!that&!the&!but&!atmosphere: neutral
!that&!the&!but&atmosphere: positive
!that&!the&but&!s: positive
!that&!the&but&s: conflict
!that&the&!attentive&!it: positive
!that&the&!attentive&it: negative
!that&the&attentive&!a: positive
!that&the&attentive&a: conflict
that&!reservation&!what&!restaurants: negative
that&!reservation&!what&restaurants: neutral
that&!reservation&what&!the: negative
that&!reservation&what&the: neutral
that&reservation: neutral
DecisionTree learned:
!but&!though&!the&!appear: neutral
!but&!though&!the&appear: conflict
!but&!though&the&!was: positive
!but&!though&the&was: negative
!but&though&!even&!decor: conflict
!but&though&!even&decor: positive
!but&though&even&!reservation: negative
!but&though&even&reservation: neutral
but&!of&!did&!service: neutral
but&!of&!did&service: negative
but&!of&did: negative
but&of&!have&!line: negative
but&of&!have&line: positive
but&of&have: conflict
DecisionTree learned:
!but&!the&!atmosphere&!appear: neutral
!but&!the&!atmosphere&appear: conflict
!but&!the&atmosphere&!to: positive
!but&!the&atmosphere&to: conflict
!but&the&!lad&!and: negative
!but&the&!lad&and: positive
!but&the&lad: conflict
but&!well&!of&!high: negative
but&!well&!of&high: conflict
but&!well&of&!line: negative
but&!well&of&line: positive
but&well&!food&!and: conflict
but&well&!food&and: positive
but&well&food: positive
DecisionTree learned:
!but&!the&!perhaps&!tho: neutral
!but&!the&!perhaps&tho: conflict
!but&!the&perhaps: conflict
!but&the&!spent&!around: positive
!but&the&!spent&around: conflict
!but&the&spent&!and: conflict
!but&the&spent&and: positive
but&!we&!that&!long: positive
but&!we&!that&long: neutral
but&!we&that&!they: negative
but&!we&that&they: neutral
but&we&!expensive&!was: neutral
but&we&!expensive&was: negative
but&we&expensive: negative
DecisionTree learned:
!but&!the&!tho&!atmosphere: positive
!but&!the&!tho&atmosphere: positive
!but&!the&tho: conflict
!but&the&!little&!was: positive
!but&the&!little&was: negative
!but&the&little&!for: conflict
!but&the&little&for: positive
but&!high&!not&!service: positive
but&!high&!not&service: negative
but&!high&not&!for: conflict
but&!high&not&for: negative
but&high&!for: conflict
but&high&for: negative
DecisionTree learned:
!but&!though&!the&!tho: neutral
!but&!though&!the&tho: conflict
!but&!though&the&!nearby: positive
!but&!though&the&nearby: conflict
!but&though&!even&!i: conflict
!but&though&!even&i: negative
!but&though&even&!of: negative
!but&though&even&of: neutral
but&!we&!sliced&!of: positive
but&!we&!sliced&of: positive
but&!we&sliced: conflict
but&we&!was&!chicken: neutral
but&we&!was&chicken: negative
but&we&was&!the: negative
but&we&was&the: positive
DecisionTree learned:
!though&!but&!the&!great: neutral
!though&!but&!the&great: positive
!though&!but&the&!lad: negative
!though&!but&the&lad: conflict
!though&but&!of&!chicken: neutral
!though&but&!of&chicken: negative
!though&but&of&!have: negative
!though&but&of&have: conflict
though&!even&!on&!n: conflict
though&!even&!on&n: negative
though&!even&on&!reservations: negative
though&!even&on&reservations: neutral
though&even&!of&!reservation: negative
though&even&!of&reservation: neutral
though&even&of: neutral
DecisionTree learned:
!but&!the&!appear&!perhaps: neutral
!but&!the&!appear&perhaps: conflict
!but&!the&appear: conflict
!but&the&!fine&!sometimes: positive
!but&the&!fine&sometimes: conflict
!but&the&fine&!expected: conflict
!but&the&fine&expected: neutral
but&!delivery&!to&!long: positive
but&!delivery&!to&long: neutral
but&!delivery&to&!people: negative
but&!delivery&to&people: conflict
but&delivery: negative
DecisionTree learned:
!though&!but&!the&!exceeded: positive
!though&!but&!the&exceeded: conflict
!though&!but&the&!nearby: positive
!though&!but&the&nearby: conflict
!though&but&!of&!location: positive
!though&but&!of&location: neutral
!though&but&of&!have: negative
!though&but&of&have: conflict
though&!even&!food&!the: negative
though&!even&!food&the: conflict
though&!even&food&!a: conflict
though&!even&food&a: positive
though&even&!at&!of: negative
though&even&!at&of: neutral
though&even&at: positive
DecisionTree learned:
!but&!the&!exceeded&!tho: neutral
!but&!the&!exceeded&tho: conflict
!but&!the&exceeded: conflict
!but&the&!rest&!was: positive
!but&the&!rest&was: negative
!but&the&rest&!was: conflict
!but&the&rest&was: neutral
but&!of&!we&!same: negative
but&!of&!we&same: neutral
but&!of&we&!quickly: neutral
but&!of&we&quickly: positive
but&of&!have&!diminisher: negative
but&of&!have&diminisher: positive
but&of&have: conflict
DecisionTree learned:
!but&!the&!perhaps&!tho: neutral
!but&!the&!perhaps&tho: conflict
!but&!the&perhaps: conflict
!but&the&!in&!at: negative
!but&the&!in&at: neutral
!but&the&in&!one: neutral
!but&the&in&one: positive
but&!at&!food&!only: negative
but&!at&!food&only: neutral
but&!at&food&!was: neutral
but&!at&food&was: conflict
but&at&!all&!in: neutral
but&at&!all&in: positive
but&at&all: negative
DecisionTree learned:
!but&!the&!atmosphere&!exceeded: neutral
!but&!the&!atmosphere&exceeded: conflict
!but&!the&atmosphere&!they: positive
!but&!the&atmosphere&they: conflict
!but&the&!quibbles&!is: negative
!but&the&!quibbles&is: positive
!but&the&quibbles: conflict
but&!diminisher&!of&!that: conflict
but&!diminisher&!of&that: negative
but&!diminisher&of&!have: negative
but&!diminisher&of&have: conflict
but&diminisher&!wine&!that: positive
but&diminisher&!wine&that: neutral
but&diminisher&wine&!varities: neutral
but&diminisher&wine&varities: negative
Trial 0 Training cc.mallet.classify.AdaBoostM2Trainer@15f66cff finished
Trial 0 Trainer cc.mallet.classify.AdaBoostM2Trainer@15f66cff test data accuracy = 0.5780189959294437

NaiveBayesTrainer
Summary. test accuracy mean = 0.6404341926729986 stddev = 0.0 stderr = 0.0

MaxEntTrainer,gaussianPriorVariance=1.0
Summary. test accuracy mean = 0.6336499321573948 stddev = 0.0 stderr = 0.0

cc.mallet.classify.DecisionTreeTrainer@266bade9
Summary. test accuracy mean = 0.5725915875169606 stddev = 0.0 stderr = 0.0

cc.mallet.classify.AdaBoostM2Trainer@15f66cff
Summary. test accuracy mean = 0.5780189959294437 stddev = 0.0 stderr = 0.0
