
-------------------- Trial 0  --------------------

Trial 0 Training NaiveBayesTrainer with 2956 instances
Trial 0 Training NaiveBayesTrainer finished
Trial 0 Trainer NaiveBayesTrainer test data accuracy = 0.6350067842605156
Trial 0 Training MaxEntTrainer,gaussianPriorVariance=1.0 with 2956 instances
Trial 0 Training MaxEntTrainer,gaussianPriorVariance=1.0 finished
Trial 0 Trainer MaxEntTrainer,gaussianPriorVariance=1.0 test data accuracy = 0.6377204884667571
Trial 0 Training cc.mallet.classify.DecisionTreeTrainer@52c05d3b with 2956 instances
DecisionTree learned:
!great&!but&!good&!delicious: positive
!great&!but&!good&delicious: positive
!great&!but&good&!get: positive
!great&!but&good&get: negative
!great&but&!we&!to: positive
!great&but&!we&to: negative
!great&but&we&!quickly: neutral
!great&but&we&quickly: positive
great&!not&!who&!lot: positive
great&!not&!who&lot: negative
great&!not&who: negative
great&not&!the: positive
great&not&the&!food: negative
great&not&the&food: conflict
Trial 0 Training cc.mallet.classify.DecisionTreeTrainer@52c05d3b finished
Trial 0 Trainer cc.mallet.classify.DecisionTreeTrainer@52c05d3b test data accuracy = 0.5725915875169606
Trial 0 Training cc.mallet.classify.AdaBoostM2Trainer@15f66cff with 2956 instances
DecisionTree learned:
!great&!but&!delicious&!good: positive
!great&!but&!delicious&good: positive
!great&!but&delicious&!top: positive
!great&!but&delicious&top: neutral
!great&but&!we&!with: positive
!great&but&!we&with: positive
!great&but&we&!quickly: neutral
!great&but&we&quickly: positive
great&!dinner&!lot&!white: positive
great&!dinner&!lot&white: negative
great&!dinner&lot: negative
great&dinner&!up&!the: neutral
great&dinner&!up&the: positive
great&dinner&up: positive
DecisionTree learned:
!great&!but&!dinner&!friendly: positive
!great&!but&!dinner&friendly: positive
!great&!but&dinner&!having: neutral
!great&!but&dinner&having: positive
!great&but&!we&!service: positive
!great&but&!we&service: negative
!great&but&we&!lucky: neutral
!great&but&we&lucky: positive
great&!not&!who&!atmosphere: positive
great&!not&!who&atmosphere: positive
great&!not&who: negative
great&not&!the: positive
great&not&the&!food: negative
great&not&the&food: conflict
DecisionTree learned:
!great&!but&!the&!very: positive
!great&!but&!the&very: positive
!great&!but&the&!small: positive
!great&!but&the&small: negative
!great&but&!we&!to: positive
!great&but&!we&to: negative
!great&but&we&!lucky: neutral
!great&but&we&lucky: positive
great&!service&!atmosphere&!worth: positive
great&!service&!atmosphere&worth: positive
great&!service&atmosphere&!it: positive
great&!service&atmosphere&it: conflict
great&service&!the&!who: positive
great&service&!the&who: negative
great&service&the&!ok: positive
great&service&the&ok: neutral
DecisionTree learned:
!but&!good&!was&!though: positive
!but&!good&!was&though: negative
!but&!good&was&!not: positive
!but&!good&was&not: negative
!but&good&!get&!which: positive
!but&good&!get&which: neutral
!but&good&get&!ok: negative
!but&good&get&ok: neutral
but&!chicken&!worth&!that: positive
but&!chicken&!worth&that: negative
but&!chicken&worth&!itsuperb: conflict
but&!chicken&worth&itsuperb: positive
but&chicken&!with&!sauce: negative
but&chicken&!with&sauce: conflict
but&chicken&with: negative
DecisionTree learned:
!but&!dinner&!great&!friendly: positive
!but&!dinner&!great&friendly: positive
!but&!dinner&great&!not: positive
!but&!dinner&great&not: negative
!but&dinner&!expensive&!would: neutral
!but&dinner&!expensive&would: negative
!but&dinner&expensive: negative
but&!we&!well&!of: positive
but&!we&!well&of: negative
but&!we&well&!food: conflict
but&!we&well&food: positive
but&we&!chicken&!of: neutral
but&we&!chicken&of: negative
but&we&chicken: negative
DecisionTree learned:
!but&!great&!the&!delicious: positive
!but&!great&!the&delicious: positive
!but&!great&the&!at: positive
!but&!great&the&at: neutral
!but&great&!not&!of: positive
!but&great&!not&of: positive
!but&great&not&!food: negative
!but&great&not&food: neutral
but&!we&!service&!that: positive
but&!we&!service&that: negative
but&!we&service&!not: negative
but&!we&service&not: conflict
but&we&!quickly&!atmosphere: neutral
but&we&!quickly&atmosphere: positive
but&we&quickly: positive
DecisionTree learned:
!but&!dinner&!delicious&!excellent: positive
!but&!dinner&!delicious&excellent: positive
!but&!dinner&delicious&!kind: positive
!but&!dinner&delicious&kind: negative
!but&dinner&!drinks&!n: neutral
!but&dinner&!drinks&n: negative
!but&dinner&drinks&!of: positive
!but&dinner&drinks&of: negative
but&!worth&!s&!chicken: positive
but&!worth&!s&chicken: negative
but&!worth&s&!it: positive
but&!worth&s&it: conflict
but&worth&!itsuperb&!and: conflict
but&worth&!itsuperb&and: conflict
but&worth&itsuperb: positive
DecisionTree learned:
!but&!friendly&!dinner&!not: positive
!but&!friendly&!dinner&not: negative
!but&!friendly&dinner&!drinks: neutral
!but&!friendly&dinner&drinks: positive
!but&friendly&!sometimes&!popular: positive
!but&friendly&!sometimes&popular: neutral
!but&friendly&sometimes: conflict
but&!of&!service&!food: negative
but&!of&!service&food: positive
but&!of&service&!not: negative
but&!of&service&not: conflict
but&of&!have&!line: negative
but&of&!have&line: positive
but&of&have: conflict
DecisionTree learned:
!good&!was&!friendly&!delicious: positive
!good&!was&!friendly&delicious: positive
!good&!was&friendly&!sometimes: positive
!good&!was&friendly&sometimes: conflict
!good&was&!excellent&!although: negative
!good&was&!excellent&although: conflict
!good&was&excellent&!salty: positive
!good&was&excellent&salty: negative
good&!not&!other&!before: positive
good&!not&!other&before: neutral
good&!not&other: conflict
good&not&!food&!rolls: negative
good&not&!food&rolls: conflict
good&not&food&!of: conflict
good&not&food&of: neutral
DecisionTree learned:
!but&!the&!great&!n: positive
!but&!the&!great&n: negative
!but&!the&great&!white: positive
!but&!the&great&white: negative
!but&the&!bar&!delicious: positive
!but&the&!bar&delicious: positive
!but&the&bar&!crowded: neutral
!but&the&bar&crowded: negative
but&!only&!with&!ve: negative
but&!only&!with&ve: neutral
but&!only&with&!chicken: positive
but&!only&with&chicken: negative
but&only&!and&!with: positive
but&only&!and&with: neutral
but&only&and&!actually: neutral
but&only&and&actually: negative
DecisionTree learned:
!but&!though&!the&!great: positive
!but&!though&!the&great: positive
!but&!though&the&!at: positive
!but&!though&the&at: neutral
!but&though&!even&!was: conflict
!but&though&!even&was: negative
!but&though&even&!reservation: negative
!but&though&even&reservation: neutral
but&!we&!worth&!food: negative
but&!we&!worth&food: positive
but&!we&worth&!itsuperb: conflict
but&!we&worth&itsuperb: positive
but&we&!of&!the: negative
but&we&!of&the: neutral
but&we&of: negative
DecisionTree learned:
!but&!the&!great&!quality: positive
!but&!the&!great&quality: negative
!but&!the&great&!even: positive
!but&!the&great&even: conflict
!but&the&!best&!good: positive
!but&the&!best&good: positive
!but&the&best&!a: positive
!but&the&best&a: conflict
but&!food&!we&!nice: negative
but&!food&!we&nice: positive
but&!food&we&!atmosphere: neutral
but&!food&we&atmosphere: positive
but&food&!expensive&!thai: positive
but&food&!expensive&thai: neutral
but&food&expensive: conflict
DecisionTree learned:
!but&!though&!delicious&!the: positive
!but&!though&!delicious&the: positive
!but&!though&delicious&!most: positive
!but&!though&delicious&most: neutral
!but&though&!even&!i: conflict
!but&though&!even&i: negative
!but&though&even&!of: negative
!but&though&even&of: neutral
but&!to&!service&!quality: positive
but&!to&!service&quality: negative
but&!to&service&!not: negative
but&!to&service&not: conflict
but&to&!an&!food: negative
but&to&!an&food: neutral
but&to&an: negative
DecisionTree learned:
!but&!not&!good&!though: positive
!but&!not&!good&though: negative
!but&!not&good&!to: positive
!but&!not&good&to: positive
!but&not&!was&!few: negative
!but&not&!was&few: conflict
!but&not&was&!our: negative
!but&not&was&our: positive
but&!worth&!look&!chicken: positive
but&!worth&!look&chicken: negative
but&!worth&look&!and: neutral
but&!worth&look&and: conflict
but&worth&!a&!in: positive
but&worth&!a&in: conflict
but&worth&a: conflict
DecisionTree learned:
!but&!excellent&!the&!quality: positive
!but&!excellent&!the&quality: negative
!but&!excellent&the&!was: positive
!but&!excellent&the&was: negative
!but&excellent&!pair&!do: positive
!but&excellent&!pair&do: negative
!but&excellent&pair&!well: neutral
!but&excellent&pair&well: positive
but&!we&!that&!worth: positive
but&!we&!that&worth: conflict
but&!we&that&!they: negative
but&!we&that&they: neutral
but&we&!of&!atmosphere: neutral
but&we&!of&atmosphere: positive
but&we&of: negative
DecisionTree learned:
!but&!the&!n&!for: positive
!but&!the&!n&for: neutral
!but&!the&n&!cooked: negative
!but&!the&n&cooked: conflict
!but&the&!sometimes&!is: positive
!but&the&!sometimes&is: positive
!but&the&sometimes: conflict
but&!food&!only&!well: negative
but&!food&!only&well: conflict
but&!food&only&!actually: neutral
but&!food&only&actually: negative
but&food&!expensive&!is: positive
but&food&!expensive&is: positive
but&food&expensive: conflict
DecisionTree learned:
!though&!but&!the&!great: positive
!though&!but&!the&great: positive
!though&!but&the&!at: positive
!though&!but&the&at: neutral
!though&but&!chicken&!service: positive
!though&but&!chicken&service: negative
!though&but&chicken&!was: negative
!though&but&chicken&was: conflict
though&!even&!reservations&!food: negative
though&!even&!reservations&food: conflict
though&!even&reservations: neutral
though&even&!of&!reservation: negative
though&even&!of&reservation: neutral
though&even&of: neutral
DecisionTree learned:
!but&!good&!excellent&!friendly: positive
!but&!good&!excellent&friendly: positive
!but&!good&excellent&!three: positive
!but&!good&excellent&three: neutral
!but&good&!to&!i: positive
!but&good&!to&i: neutral
!but&good&to&!and: negative
!but&good&to&and: positive
but&!of&!we&!menu: positive
but&!of&!we&menu: neutral
but&!of&we&!reservations: neutral
but&!of&we&reservations: negative
but&of&!have&!with: negative
but&of&!have&with: positive
but&of&have: conflict
DecisionTree learned:
!but&!the&!n&!appetizer: positive
!but&!the&!n&appetizer: neutral
!but&!the&n&!cooked: negative
!but&!the&n&cooked: conflict
!but&the&!sometimes&!was: positive
!but&the&!sometimes&was: negative
!but&the&sometimes: conflict
but&!well&!of&!service: positive
but&!well&!of&service: negative
but&!well&of&!it: negative
but&!well&of&it: positive
but&well&!like&!good: conflict
but&well&!like&good: positive
but&well&like: positive
DecisionTree learned:
!but&!the&!exceeded&!atmosphere: positive
!but&!the&!exceeded&atmosphere: positive
!but&!the&exceeded: conflict
!but&the&!bar&!sometimes: positive
!but&the&!bar&sometimes: conflict
!but&the&bar&!crowded: neutral
!but&the&bar&crowded: negative
but&!look&!with&!food: negative
but&!look&!with&food: positive
but&!look&with&!not: positive
but&!look&with&not: neutral
but&look&!and: neutral
but&look&and: conflict
DecisionTree learned:
!but&!the&!quality&!and: negative
!but&!the&!quality&and: positive
!but&!the&quality&!with: negative
!but&!the&quality&with: positive
!but&the&!sometimes&!though: positive
!but&the&!sometimes&though: conflict
!but&the&sometimes: conflict
but&!we&!of&!to: positive
but&!we&!of&to: negative
but&!we&of&!have: positive
but&!we&of&have: conflict
but&we&!was&!chicken: neutral
but&we&!was&chicken: negative
but&we&was&!the: negative
but&we&was&the: positive
DecisionTree learned:
!but&!though&!the&!atmosphere: positive
!but&!though&!the&atmosphere: positive
!but&!though&the&!was: positive
!but&!though&the&was: negative
!but&though&!even&!i: conflict
!but&though&!even&i: negative
!but&though&even&!of: negative
!but&though&even&of: neutral
but&!long&!we&!that: positive
but&!long&!we&that: negative
but&!long&we&!was: neutral
but&!long&we&was: negative
but&long&!little&!like: negative
but&long&!little&like: neutral
but&long&little: neutral
DecisionTree learned:
!dinner&!good&!and&!try: negative
!dinner&!good&!and&try: positive
!dinner&!good&and&!it: positive
!dinner&!good&and&it: negative
!dinner&good&!other&!not: positive
!dinner&good&!other&not: negative
!dinner&good&other: conflict
dinner&!expensive&!would&!did: neutral
dinner&!expensive&!would&did: negative
dinner&!expensive&would&!this: negative
dinner&!expensive&would&this: positive
dinner&expensive: negative
DecisionTree learned:
!but&!the&!quality&!and: negative
!but&!the&!quality&and: positive
!but&!the&quality&!with: negative
!but&!the&quality&with: positive
!but&the&!small&!amazing: positive
!but&the&!small&amazing: positive
!but&the&small&!this: negative
!but&the&small&this: positive
but&!of&!worth&!service: positive
but&!of&!worth&service: negative
but&!of&worth&!in: conflict
but&!of&worth&in: conflict
but&of&!have&!only: negative
but&of&!have&only: positive
but&of&have: conflict
DecisionTree learned:
!but&!the&!great&!n: positive
!but&!the&!great&n: negative
!but&!the&great&!even: positive
!but&!the&great&even: conflict
!but&the&!at&!sometimes: positive
!but&the&!at&sometimes: conflict
!but&the&at&!does: neutral
!but&the&at&does: conflict
but&!we&!not&!service: positive
but&!we&!not&service: negative
but&!we&not&!for: conflict
but&!we&not&for: negative
but&we&!was&!lucky: neutral
but&we&!was&lucky: positive
but&we&was&!in: negative
but&we&was&in: positive
DecisionTree learned:
!though&!but&!the&!delicious: neutral
!though&!but&!the&delicious: positive
!though&!but&the&!at: positive
!though&!but&the&at: neutral
!though&but&!worth&!of: positive
!though&but&!worth&of: negative
!though&but&worth&!itsuperb: conflict
!though&but&worth&itsuperb: positive
though&!recommend&!even&!was: conflict
though&!recommend&!even&was: negative
though&!recommend&even&!of: negative
though&!recommend&even&of: neutral
though&recommend: neutral
DecisionTree learned:
!but&!the&!n&!exceeded: positive
!but&!the&!n&exceeded: conflict
!but&!the&n&!cooked: negative
!but&!the&n&cooked: conflict
!but&the&!nar&!was: positive
!but&the&!nar&was: negative
!but&the&nar: conflict
but&!worth&!of&!long: positive
but&!worth&!of&long: neutral
but&!worth&of&!have: negative
but&!worth&of&have: conflict
but&worth&!itsuperb&!and: conflict
but&worth&!itsuperb&and: conflict
but&worth&itsuperb: positive
DecisionTree learned:
!but&!though&!was&!little: positive
!but&!though&!was&little: conflict
!but&!though&was&!fine: negative
!but&!though&was&fine: conflict
!but&though&!even&!reservations: conflict
!but&though&!even&reservations: neutral
!but&though&even&!of: negative
!but&though&even&of: neutral
but&!of&!we&!that: positive
but&!of&!we&that: negative
but&!of&we&!atmosphere: neutral
but&!of&we&atmosphere: positive
but&of&!have&!line: negative
but&of&!have&line: positive
but&of&have: conflict
DecisionTree learned:
!but&!dinner&!though&!the: positive
!but&!dinner&!though&the: positive
!but&!dinner&though&!recommend: negative
!but&!dinner&though&recommend: neutral
!but&dinner&!drinks&!would: neutral
!but&dinner&!drinks&would: negative
!but&dinner&drinks&!of: positive
!but&dinner&drinks&of: negative
but&!we&!with&!expensive: positive
but&!we&!with&expensive: conflict
but&!we&with&!chicken: positive
but&!we&with&chicken: negative
but&we&!bar&!and: negative
but&we&!bar&and: neutral
but&we&bar: neutral
DecisionTree learned:
!but&!though&!friendly&!the: positive
!but&!though&!friendly&the: positive
!but&!though&friendly&!sometimes: positive
!but&!though&friendly&sometimes: conflict
!but&though&!recommend&!food: negative
!but&though&!recommend&food: conflict
!but&though&recommend: neutral
but&!look&!worth&!service: positive
but&!look&!worth&service: negative
but&!look&worth&!itsuperb: conflict
but&!look&worth&itsuperb: positive
but&look&!and: neutral
but&look&and: conflict
DecisionTree learned:
!that&!little&!but&!though: positive
!that&!little&!but&though: conflict
!that&!little&but&!ok: positive
!that&!little&but&ok: neutral
!that&little&!there&!more: conflict
!that&little&!there&more: conflict
!that&little&there: neutral
that&!restaurants&!noodle&!wine: negative
that&!restaurants&!noodle&wine: neutral
that&!restaurants&noodle: neutral
that&restaurants: neutral
DecisionTree learned:
!but&!n&!though&!not: positive
!but&!n&!though&not: negative
!but&!n&though&!recommend: negative
!but&!n&though&recommend: neutral
!but&n&!while&!hard: negative
!but&n&!while&hard: conflict
!but&n&while: conflict
but&!look&!not&!service: positive
but&!look&!not&service: negative
but&!look&not&!for: conflict
but&!look&not&for: negative
but&look&!and: neutral
but&look&and: conflict
DecisionTree learned:
!but&!though&!the&!perhaps: positive
!but&!though&!the&perhaps: conflict
!but&!though&the&!is: positive
!but&!though&the&is: positive
!but&though&!even&!i: conflict
!but&though&!even&i: negative
!but&though&even&!reservation: negative
!but&though&even&reservation: neutral
but&!to&!we&!with: positive
but&!to&!we&with: positive
but&!to&we&!was: neutral
but&!to&we&was: positive
but&to&!people&!an: neutral
but&to&!people&an: negative
but&to&people: conflict
DecisionTree learned:
!but&!the&!tho&!exceeded: positive
!but&!the&!tho&exceeded: conflict
!but&!the&tho: conflict
!but&the&!nar&!although: positive
!but&the&!nar&although: conflict
!but&the&nar: conflict
but&!of&!not&!service: positive
but&!of&!not&service: negative
but&!of&not&!for: conflict
but&!of&not&for: negative
but&of&!have&!line: negative
but&of&!have&line: positive
but&of&have: conflict
DecisionTree learned:
!that&!dinner&!but&!though: positive
!that&!dinner&!but&though: negative
!that&!dinner&but&!looked: positive
!that&!dinner&but&looked: negative
!that&dinner&!nice&!friends: neutral
!that&dinner&!nice&friends: positive
!that&dinner&nice: positive
that&!restaurants&!not&!wine: negative
that&!restaurants&!not&wine: neutral
that&!restaurants&not&!with: negative
that&!restaurants&not&with: neutral
that&restaurants: neutral
DecisionTree learned:
!but&!the&!though&!perhaps: positive
!but&!the&!though&perhaps: conflict
!but&!the&though&!food: negative
!but&!the&though&food: conflict
!but&the&!is&!nar: positive
!but&the&!is&nar: conflict
!but&the&is&!everything: positive
!but&the&is&everything: conflict
but&!of&!we&!did: positive
but&!of&!we&did: negative
but&!of&we&!atmosphere: neutral
but&!of&we&atmosphere: positive
but&of&!have&!at: positive
but&of&!have&at: negative
but&of&have: conflict
DecisionTree learned:
!dinner&!but&!friendly&!the: positive
!dinner&!but&!friendly&the: positive
!dinner&!but&friendly&!sometimes: positive
!dinner&!but&friendly&sometimes: conflict
!dinner&but&!at&!only: positive
!dinner&but&!at&only: neutral
!dinner&but&at&!mediocre: negative
!dinner&but&at&mediocre: neutral
dinner&!drinks&!nice&!up: neutral
dinner&!drinks&!nice&up: positive
dinner&!drinks&nice: positive
dinner&drinks&!of: positive
dinner&drinks&of: negative
DecisionTree learned:
!but&!the&!perhaps&!tho: positive
!but&!the&!perhaps&tho: conflict
!but&!the&perhaps: conflict
!but&the&!could&!sometimes: positive
!but&the&!could&sometimes: conflict
!but&the&could&!more: negative
!but&the&could&more: conflict
but&!service&!nice&!of: negative
but&!service&!nice&of: negative
but&!service&nice&!casual: positive
but&!service&nice&casual: conflict
but&service&!not&!average: negative
but&service&!not&average: positive
but&service&not&!and: conflict
but&service&not&and: positive
DecisionTree learned:
!but&!the&!great&!tho: positive
!but&!the&!great&tho: conflict
!but&!the&great&!even: positive
!but&!the&great&even: conflict
!but&the&!small&!could: positive
!but&the&!small&could: conflict
!but&the&small&!good: negative
!but&the&small&good: positive
but&!of&!that&!nice: positive
but&!of&!that&nice: positive
but&!of&that&!they: negative
but&!of&that&they: neutral
but&of&!at&!a: negative
but&of&!at&a: positive
but&of&at: negative
DecisionTree learned:
!but&!dinner&!little&!though: positive
!but&!dinner&!little&though: conflict
!but&!dinner&little&!bagel: conflict
!but&!dinner&little&bagel: neutral
!but&dinner&!did&!set: neutral
!but&dinner&!did&set: negative
!but&dinner&did: negative
but&!of&!an&!reservations: positive
but&!of&!an&reservations: negative
but&!of&an&!to: positive
but&!of&an&to: negative
but&of&!have&!with: negative
but&of&!have&with: positive
but&of&have: conflict
DecisionTree learned:
!nice&!good&!dinner&!excellent: negative
!nice&!good&!dinner&excellent: positive
!nice&!good&dinner&!any: neutral
!nice&!good&dinner&any: negative
!nice&good&!rest&!other: positive
!nice&good&!rest&other: conflict
!nice&good&rest: conflict
nice&!than&!presented&!served: positive
nice&!than&!presented&served: neutral
nice&!than&presented: positive
nice&than: conflict
DecisionTree learned:
!and&!worth&!little&!was: negative
!and&!worth&!little&was: negative
!and&!worth&little&!bagel: conflict
!and&!worth&little&bagel: neutral
!and&worth&!not&!even: conflict
!and&worth&!not&even: negative
!and&worth&not&!prices: conflict
!and&worth&not&prices: negative
and&!nar&!it&!nightmare: positive
and&!nar&!it&nightmare: conflict
and&!nar&it&!of: negative
and&!nar&it&of: neutral
and&nar: conflict
DecisionTree learned:
!but&!the&!atmosphere&!perhaps: positive
!but&!the&!atmosphere&perhaps: conflict
!but&!the&atmosphere&!were: positive
!but&!the&atmosphere&were: conflict
!but&the&!at&!attentive: positive
!but&the&!at&attentive: conflict
!but&the&at&!does: neutral
!but&the&at&does: conflict
but&!worth&!with&!of: negative
but&!worth&!with&of: negative
but&!worth&with&!chicken: positive
but&!worth&with&chicken: negative
but&worth&!a&!in: positive
but&worth&!a&in: conflict
but&worth&a: conflict
DecisionTree learned:
!but&!the&!atmosphere&!exceeded: neutral
!but&!the&!atmosphere&exceeded: conflict
!but&!the&atmosphere&!were: positive
!but&!the&atmosphere&were: conflict
!but&the&!was&!sometimes: positive
!but&the&!was&sometimes: conflict
!but&the&was&!although: negative
!but&the&was&although: conflict
but&!of&!service&!an: neutral
but&!of&!service&an: negative
but&!of&service&!not: negative
but&!of&service&not: conflict
but&of&!have&!line: negative
but&of&!have&line: positive
but&of&have: conflict
DecisionTree learned:
!but&!the&!tho&!quality: neutral
!but&!the&!tho&quality: negative
!but&!the&tho: conflict
!but&the&!nar&!sometimes: positive
!but&the&!nar&sometimes: conflict
!but&the&nar: conflict
but&!of&!with&!great: negative
but&!of&!with&great: positive
but&!of&with&!not: positive
but&!of&with&not: neutral
but&of&!have&!out: positive
but&of&!have&out: negative
but&of&have: conflict
DecisionTree learned:
!but&!the&!quality&!perhaps: neutral
!but&!the&!quality&perhaps: conflict
!but&!the&quality&!dining: negative
!but&!the&quality&dining: positive
!but&the&!could&!is: negative
!but&the&!could&is: positive
!but&the&could&!more: negative
!but&the&could&more: conflict
but&!worth&!not&!service: positive
but&!worth&!not&service: negative
but&!worth&not&!for: conflict
but&!worth&not&for: negative
but&worth&!itsuperb&!and: conflict
but&worth&!itsuperb&and: conflict
but&worth&itsuperb: positive
DecisionTree learned:
!but&!the&!tho&!exceeded: neutral
!but&!the&!tho&exceeded: conflict
!but&!the&tho: conflict
!but&the&!bar&!small: positive
!but&the&!bar&small: negative
!but&the&bar&!crowded: neutral
!but&the&bar&crowded: negative
but&!only&!with&!to: negative
but&!only&!with&to: negative
but&!only&with&!the: positive
but&!only&with&the: negative
but&only&!are&!with: positive
but&only&!are&with: neutral
but&only&are&!actually: neutral
but&only&are&actually: negative
DecisionTree learned:
!but&!the&!great&!perhaps: neutral
!but&!the&!great&perhaps: conflict
!but&!the&great&!even: positive
!but&!the&great&even: conflict
!but&the&!sometimes&!attentive: positive
!but&the&!sometimes&attentive: positive
!but&the&sometimes: conflict
but&!we&!food&!for: negative
but&!we&!food&for: negative
but&!we&food&!expensive: positive
but&!we&food&expensive: conflict
but&we&!atmosphere&!lucky: neutral
but&we&!atmosphere&lucky: positive
but&we&atmosphere: positive
DecisionTree learned:
!but&!the&!appear&!tho: positive
!but&!the&!appear&tho: conflict
!but&!the&appear: conflict
!but&the&!sometimes&!was: positive
!but&the&!sometimes&was: negative
!but&the&sometimes: conflict
but&!we&!not&!worth: positive
but&!we&!not&worth: conflict
but&!we&not&!for: conflict
but&!we&not&for: negative
but&we&!of&!expensive: neutral
but&we&!of&expensive: negative
but&we&of: negative
DecisionTree learned:
!not&!though&!little&!was: positive
!not&!though&!little&was: negative
!not&!though&little&!there: conflict
!not&!though&little&there: neutral
!not&though&!recommend&!even: conflict
!not&though&!recommend&even: negative
!not&though&recommend: neutral
not&!but&!worth&!few: negative
not&!but&!worth&few: conflict
not&!but&worth&!with: negative
not&!but&worth&with: conflict
not&but&!for&!great: conflict
not&but&!for&great: positive
not&but&for&!place: positive
not&but&for&place: negative
DecisionTree learned:
!but&!though&!the&!atmosphere: positive
!but&!though&!the&atmosphere: positive
!but&!though&the&!was: positive
!but&!though&the&was: negative
!but&though&!recommend&!even: conflict
!but&though&!recommend&even: negative
!but&though&recommend: neutral
but&!adequate&!does&!of: positive
but&!adequate&!does&of: positive
but&!adequate&does&!with: negative
but&!adequate&does&with: positive
but&adequate: conflict
DecisionTree learned:
!but&!the&!exceeded&!tho: neutral
!but&!the&!exceeded&tho: conflict
!but&!the&exceeded: conflict
!but&the&!sometimes&!although: positive
!but&the&!sometimes&although: conflict
!but&the&sometimes: conflict
but&!of&!great&!nice: negative
but&!of&!great&nice: positive
but&!of&great&!atmosphere: positive
but&!of&great&atmosphere: conflict
but&of&!have&!it: negative
but&of&!have&it: positive
but&of&have: conflict
DecisionTree learned:
!that&!but&!the&!though: positive
!that&!but&!the&though: negative
!that&!but&the&!attentive: positive
!that&!but&the&attentive: conflict
!that&but&!at&!to: positive
!that&but&!at&to: negative
!that&but&at&!bar: negative
!that&but&at&bar: neutral
that&!with&!noodle&!minutes: negative
that&!with&!noodle&minutes: neutral
that&!with&noodle: neutral
that&with&!so&!taste: positive
that&with&!so&taste: negative
that&with&so: negative
DecisionTree learned:
!that&!but&!the&!tho: positive
!that&!but&!the&tho: conflict
!that&!but&the&!although: positive
!that&!but&the&although: conflict
!that&but&!look&!food: negative
!that&but&!look&food: positive
!that&but&look&!and: neutral
!that&but&look&and: conflict
that&!restaurants&!with&!always: negative
that&!restaurants&!with&always: neutral
that&!restaurants&with&!much: positive
that&!restaurants&with&much: negative
that&restaurants: neutral
DecisionTree learned:
!was&!though&!little&!is: positive
!was&!though&!little&is: positive
!was&!though&little&!bagel: conflict
!was&!though&little&bagel: neutral
!was&though&!recommend&!food: negative
!was&though&!recommend&food: conflict
!was&though&recommend: neutral
was&!fine&!yet&!although: negative
was&!fine&!yet&although: conflict
was&!fine&yet&!food: conflict
was&!fine&yet&food: positive
was&fine&!to: conflict
was&fine&to&!for: positive
was&fine&to&for: neutral
DecisionTree learned:
!but&!the&!appear&!though: neutral
!but&!the&!appear&though: negative
!but&!the&appear: conflict
!but&the&!best&!sometimes: positive
!but&the&!best&sometimes: conflict
!but&the&best&!a: positive
!but&the&best&a: conflict
but&!felt&!of&!great: negative
but&!felt&!of&great: positive
but&!felt&of&!have: positive
but&!felt&of&have: conflict
but&felt: conflict
DecisionTree learned:
!but&!the&!appear&!exceeded: positive
!but&!the&!appear&exceeded: conflict
!but&!the&appear: conflict
!but&the&!although&!at: positive
!but&the&!although&at: neutral
!but&the&although&!there: conflict
!but&the&although&there: neutral
but&!service&!that&!few: positive
but&!service&!that&few: neutral
but&!service&that&!they: negative
but&!service&that&they: neutral
but&service&!not&!average: negative
but&service&!not&average: positive
but&service&not&!and: conflict
but&service&not&and: positive
DecisionTree learned:
!but&!though&!the&!perhaps: neutral
!but&!though&!the&perhaps: conflict
!but&!though&the&!attentive: positive
!but&!though&the&attentive: conflict
!but&though&!even&!reservations: conflict
!but&though&!even&reservations: neutral
!but&though&even&!of: negative
!but&though&even&of: neutral
but&!of&!service&!an: neutral
but&!of&!service&an: negative
but&!of&service&!not: negative
but&!of&service&not: conflict
but&of&!have&!with: negative
but&of&!have&with: positive
but&of&have: conflict
DecisionTree learned:
!good&!the&!but&!perhaps: neutral
!good&!the&!but&perhaps: conflict
!good&!the&but&!thai: positive
!good&!the&but&thai: neutral
!good&the&!small&!sometimes: positive
!good&the&!small&sometimes: conflict
!good&the&small&!place: negative
!good&the&small&place: positive
good&!rest&!not&!get: positive
good&!rest&!not&get: negative
good&!rest&not&!is: conflict
good&!rest&not&is: negative
good&rest: conflict
DecisionTree learned:
!but&!the&!perhaps&!for: positive
!but&!the&!perhaps&for: neutral
!but&!the&perhaps: conflict
!but&the&!rest&!although: positive
!but&the&!rest&although: conflict
!but&the&rest&!was: conflict
!but&the&rest&was: neutral
but&!well&!of&!great: negative
but&!well&!of&great: positive
but&!well&of&!line: negative
but&!well&of&line: positive
but&well&!food&!good: conflict
but&well&!food&good: positive
but&well&food: positive
DecisionTree learned:
!but&!the&!appear&!though: positive
!but&!the&!appear&though: negative
!but&!the&appear: conflict
!but&the&!rest&!was: positive
!but&the&!rest&was: negative
!but&the&rest&!was: conflict
!but&the&rest&was: neutral
but&!of&!nice&!food: negative
but&!of&!nice&food: positive
but&!of&nice&!casual: positive
but&!of&nice&casual: conflict
but&of&!have&!we: positive
but&of&!have&we: negative
but&of&have: conflict
DecisionTree learned:
!but&!the&!though&!appear: positive
!but&!the&!though&appear: conflict
!but&!the&though&!food: negative
!but&!the&though&food: conflict
!but&the&!nar&!attentive: positive
!but&the&!nar&attentive: conflict
!but&the&nar: conflict
but&!that&!long&!at: positive
but&!that&!long&at: negative
but&!that&long&!little: neutral
but&!that&long&little: neutral
but&that&!they&!we: negative
but&that&!they&we: neutral
but&that&they&!was: neutral
but&that&they&was: negative
DecisionTree learned:
!but&!the&!appetizer&!atmosphere: neutral
!but&!the&!appetizer&atmosphere: positive
!but&!the&appetizer&!and: neutral
!but&!the&appetizer&and: neutral
!but&the&!could&!nar: positive
!but&the&!could&nar: conflict
!but&the&could&!more: negative
!but&the&could&more: conflict
but&!of&!great&!nice: neutral
but&!of&!great&nice: positive
but&!of&great&!atmosphere: positive
but&!of&great&atmosphere: conflict
but&of&!have&!and: negative
but&of&!have&and: positive
but&of&have: conflict
DecisionTree learned:
!little&!but&!though&!the: positive
!little&!but&!though&the: positive
!little&!but&though&!recommend: conflict
!little&!but&though&recommend: neutral
!little&but&!look&!not: positive
!little&but&!look&not: conflict
!little&but&look&!and: neutral
!little&but&look&and: conflict
little&!there&!more&!for: conflict
little&!there&!more&for: negative
little&!there&more&!the: neutral
little&!there&more&the: conflict
little&there: neutral
DecisionTree learned:
!but&!the&!exceeded&!appear: neutral
!but&!the&!exceeded&appear: conflict
!but&!the&exceeded: conflict
!but&the&!bar&!attentive: positive
!but&the&!bar&attentive: conflict
!but&the&bar&!crowded: neutral
!but&the&bar&crowded: negative
but&!unique&!we&!with: negative
but&!unique&!we&with: positive
but&!unique&we&!chicken: neutral
but&!unique&we&chicken: negative
but&unique: conflict
DecisionTree learned:
!but&!the&!great&!tho: neutral
!but&!the&!great&tho: conflict
!but&!the&great&!even: positive
!but&!the&great&even: conflict
!but&the&!sometimes&!attentive: positive
!but&the&!sometimes&attentive: conflict
!but&the&sometimes: conflict
but&!waiters&!poorly&!to: positive
but&!waiters&!poorly&to: negative
but&!waiters&poorly: conflict
but&waiters: conflict
DecisionTree learned:
!but&!though&!the&!appear: positive
!but&!though&!the&appear: conflict
!but&!though&the&!attentive: positive
!but&!though&the&attentive: conflict
!but&though&!even&!i: conflict
!but&though&!even&i: negative
!but&though&even&!reservation: negative
!but&though&even&reservation: neutral
but&!of&!we&!that: positive
but&!of&!we&that: negative
but&!of&we&!quickly: neutral
but&!of&we&quickly: positive
but&of&!have&!it: negative
but&of&!have&it: positive
but&of&have: conflict
DecisionTree learned:
!but&!the&!exceeded&!tho: positive
!but&!the&!exceeded&tho: conflict
!but&!the&exceeded: conflict
!but&the&!attentive&!at: positive
!but&the&!attentive&at: neutral
!but&the&attentive&!service: positive
!but&the&attentive&service: conflict
but&!only&!with&!felt: negative
but&!only&!with&felt: conflict
but&!only&with&!chicken: positive
but&!only&with&chicken: negative
but&only&!are&!with: positive
but&only&!are&with: neutral
but&only&are&!actually: neutral
but&only&are&actually: negative
DecisionTree learned:
!but&!the&!tho&!perhaps: neutral
!but&!the&!tho&perhaps: conflict
!but&!the&tho: conflict
!but&the&!although&!sometimes: positive
!but&the&!although&sometimes: conflict
!but&the&although&!there: conflict
!but&the&although&there: neutral
but&!cozy&!reservations&!only: positive
but&!cozy&!reservations&only: neutral
but&!cozy&reservations&!was: neutral
but&!cozy&reservations&was: negative
but&cozy: conflict
DecisionTree learned:
!that&!does&!worth&!good: positive
!that&!does&!worth&good: positive
!that&!does&worth&!house: conflict
!that&!does&worth&house: neutral
!that&does&!but&!make: conflict
!that&does&!but&make: positive
!that&does&but&!with: negative
!that&does&but&with: positive
that&!taste&!with&!dishes: negative
that&!taste&!with&dishes: neutral
that&!taste&with&!much: neutral
that&!taste&with&much: negative
that&taste: negative
DecisionTree learned:
!not&!dinner&!nar&!though: positive
!not&!dinner&!nar&though: conflict
!not&!dinner&nar: conflict
!not&dinner&!n&!any: neutral
!not&dinner&!n&any: negative
!not&dinner&n&!it: positive
!not&dinner&n&it: negative
not&!worth&!but&!prices: negative
not&!worth&!but&prices: conflict
not&!worth&but&!for: conflict
not&!worth&but&for: negative
not&worth&!with&!food: negative
not&worth&!with&food: conflict
not&worth&with: conflict
DecisionTree learned:
!but&!the&!perhaps&!tho: neutral
!but&!the&!perhaps&tho: conflict
!but&!the&perhaps: conflict
!but&the&!although&!nar: positive
!but&the&!although&nar: conflict
!but&the&although&!was: negative
!but&the&although&was: conflict
but&!of&!service&!that: positive
but&!of&!service&that: negative
but&!of&service&!not: negative
but&!of&service&not: conflict
but&of&!have&!are: negative
but&of&!have&are: positive
but&of&have: conflict
DecisionTree learned:
!but&!the&!atmosphere&!tho: neutral
!but&!the&!atmosphere&tho: conflict
!but&!the&atmosphere&!were: positive
!but&!the&atmosphere&were: conflict
!but&the&!by&!nar: positive
!but&the&!by&nar: conflict
!but&the&by&!a: conflict
!but&the&by&a: neutral
but&!worth&!we&!make: negative
but&!worth&!we&make: neutral
but&!worth&we&!chicken: neutral
but&!worth&we&chicken: negative
but&worth&!and: conflict
but&worth&and&!in: positive
but&worth&and&in: conflict
DecisionTree learned:
!but&!the&!exceeded&!perhaps: neutral
!but&!the&!exceeded&perhaps: conflict
!but&!the&exceeded: conflict
!but&the&!nar&!fine: positive
!but&the&!nar&fine: conflict
!but&the&nar: conflict
but&!we&!to&!expensive: positive
but&!we&!to&expensive: conflict
but&!we&to&!people: negative
but&!we&to&people: conflict
but&we&!lucky&!was: neutral
but&we&!lucky&was: negative
but&we&lucky: positive
DecisionTree learned:
!though&!but&!the&!perhaps: neutral
!though&!but&!the&perhaps: conflict
!though&!but&the&!best: negative
!though&!but&the&best: positive
!though&but&!that&!of: positive
!though&but&!that&of: negative
!though&but&that&!they: negative
!though&but&that&they: neutral
though&!even&!on&!always: conflict
though&!even&!on&always: negative
though&!even&on&!reservations: negative
though&!even&on&reservations: neutral
though&even&!of&!reservation: negative
though&even&!of&reservation: positive
though&even&of: neutral
DecisionTree learned:
!but&!the&!exceeded&!though: neutral
!but&!the&!exceeded&though: negative
!but&!the&exceeded: conflict
!but&the&!attentive&!it: positive
!but&the&!attentive&it: negative
!but&the&attentive&!service: positive
!but&the&attentive&service: conflict
but&!of&!we&!to: positive
but&!of&!we&to: negative
but&!of&we&!atmosphere: neutral
but&!of&we&atmosphere: positive
but&of&!have&!at: positive
but&of&!have&at: negative
but&of&have: conflict
DecisionTree learned:
!but&!though&!the&!exceeded: neutral
!but&!though&!the&exceeded: conflict
!but&!though&the&!at: positive
!but&!though&the&at: neutral
!but&though&!even&!thai: conflict
!but&though&!even&thai: positive
!but&though&even&!of: negative
!but&though&even&of: neutral
but&!not&!chicken&!service: positive
but&!not&!chicken&service: negative
but&!not&chicken&!with: conflict
but&!not&chicken&with: negative
but&not&!for&!great: conflict
but&not&!for&great: positive
but&not&for&!place: positive
but&not&for&place: negative
DecisionTree learned:
!that&!but&!the&!tho: positive
!that&!but&!the&tho: conflict
!that&!but&the&!attentive: positive
!that&!but&the&attentive: conflict
!that&but&!great&!nice: negative
!that&but&!great&nice: positive
!that&but&great&!bland: positive
!that&but&great&bland: negative
that&!specials&!with&!here: negative
that&!specials&!with&here: neutral
that&!specials&with&!much: positive
that&!specials&with&much: negative
that&specials&!but: neutral
that&specials&but: negative
DecisionTree learned:
!but&!the&!perhaps&!tho: positive
!but&!the&!perhaps&tho: conflict
!but&!the&perhaps: conflict
!but&the&!although&!fine: positive
!but&the&!although&fine: conflict
!but&the&although&!there: conflict
!but&the&although&there: neutral
but&!an&!only&!not: positive
but&!an&!only&not: conflict
but&!an&only&!are: positive
but&!an&only&are: neutral
but&an&!to: positive
but&an&to: negative
DecisionTree learned:
!but&!the&!perhaps&!appear: neutral
!but&!the&!perhaps&appear: conflict
!but&!the&perhaps: conflict
!but&the&!nearby&!worth: positive
!but&the&!nearby&worth: conflict
!but&the&nearby: conflict
but&!to&!does&!we: positive
but&!to&!does&we: neutral
but&!to&does&!with: negative
but&!to&does&with: positive
but&to&!people&!an: neutral
but&to&!people&an: negative
but&to&people: conflict
DecisionTree learned:
!but&!the&!perhaps&!appear: positive
!but&!the&!perhaps&appear: conflict
!but&!the&perhaps: conflict
!but&the&!fine&!bar: positive
!but&the&!fine&bar: neutral
!but&the&fine&!to: conflict
!but&the&fine&to: neutral
but&!was&!the&!are: positive
but&!was&!the&are: conflict
but&!was&the&!yes: negative
but&!was&the&yes: conflict
but&was&!were&!restaurant: conflict
but&was&!were&restaurant: neutral
but&was&were: negative
DecisionTree learned:
!but&!the&!though&!atmosphere: neutral
!but&!the&!though&atmosphere: positive
!but&!the&though&!food: negative
!but&!the&though&food: conflict
!but&the&!fine&!attentive: positive
!but&the&!fine&attentive: conflict
!but&the&fine&!to: conflict
!but&the&fine&to: neutral
but&!of&!place&!better: positive
but&!of&!place&better: neutral
but&!of&place&!it: positive
but&!of&place&it: conflict
but&of&!have&!quality: positive
but&of&!have&quality: negative
but&of&have: conflict
DecisionTree learned:
!but&!the&!exceeded&!though: neutral
!but&!the&!exceeded&though: negative
!but&!the&exceeded: conflict
!but&the&!although&!may: positive
!but&the&!although&may: conflict
!but&the&although&!there: conflict
!but&the&although&there: neutral
but&!worth&!of&!waiters: negative
but&!worth&!of&waiters: conflict
but&!worth&of&!have: negative
but&!worth&of&have: conflict
but&worth&!itsuperb&!and: conflict
but&worth&!itsuperb&and: conflict
but&worth&itsuperb: positive
DecisionTree learned:
!but&!the&!tho&!though: neutral
!but&!the&!tho&though: negative
!but&!the&tho: conflict
!but&the&!sometimes&!attentive: positive
!but&the&!sometimes&attentive: conflict
!but&the&sometimes: conflict
but&!we&!expensive&!n: positive
but&!we&!expensive&n: negative
but&!we&expensive&!food: neutral
but&!we&expensive&food: conflict
but&we&!lucky&!expensive: neutral
but&we&!lucky&expensive: negative
but&we&lucky: positive
DecisionTree learned:
!but&!the&!tho&!appear: positive
!but&!the&!tho&appear: conflict
!but&!the&tho: conflict
!but&the&!although&!attentive: positive
!but&the&!although&attentive: conflict
!but&the&although&!there: conflict
!but&the&although&there: neutral
but&!of&!we&!that: positive
but&!of&!we&that: negative
but&!of&we&!expensive: neutral
but&!of&we&expensive: negative
but&of&!have&!out: positive
but&of&!have&out: negative
but&of&have: conflict
DecisionTree learned:
!was&!though&!little&!is: neutral
!was&!though&!little&is: positive
!was&!though&little&!bagel: conflict
!was&!though&little&bagel: neutral
!was&though&!recommend&!even: conflict
!was&though&!recommend&even: negative
!was&though&recommend: neutral
was&!and&!yet&!find: negative
was&!and&!yet&find: conflict
was&!and&yet&!food: conflict
was&!and&yet&food: positive
was&and&!it&!cokes: negative
was&and&!it&cokes: neutral
was&and&it&!the: positive
was&and&it&the: negative
DecisionTree learned:
!though&!but&!the&!tho: neutral
!though&!but&!the&tho: conflict
!though&!but&the&!at: positive
!though&!but&the&at: neutral
!though&but&!of&!to: positive
!though&but&!of&to: negative
!though&but&of&!have: negative
!though&but&of&have: conflict
though&!even&!i&!always: conflict
though&!even&!i&always: negative
though&!even&i&!reservations: negative
though&!even&i&reservations: neutral
though&even&!at&!of: negative
though&even&!at&of: neutral
though&even&at: positive
DecisionTree learned:
!that&!but&!the&!atmosphere: neutral
!that&!but&!the&atmosphere: positive
!that&!but&the&!although: positive
!that&!but&the&although: conflict
!that&but&!service&!an: positive
!that&but&!service&an: negative
!that&but&service&!not: negative
!that&but&service&not: conflict
that&!reservation&!salads&!bar: negative
that&!reservation&!salads&bar: neutral
that&!reservation&salads: positive
that&reservation: neutral
DecisionTree learned:
!but&!the&!tho&!though: neutral
!but&!the&!tho&though: negative
!but&!the&tho: conflict
!but&the&!rest&!although: positive
!but&the&!rest&although: conflict
!but&the&rest&!was: conflict
!but&the&rest&was: neutral
but&!only&!with&!does: negative
but&!only&!with&does: negative
but&!only&with&!chicken: positive
but&!only&with&chicken: negative
but&only&!are&!with: positive
but&only&!are&with: neutral
but&only&are&!actually: neutral
but&only&are&actually: negative
DecisionTree learned:
!but&!the&!perhaps&!great: negative
!but&!the&!perhaps&great: positive
!but&!the&perhaps: conflict
!but&the&!sometimes&!while: positive
!but&the&!sometimes&while: conflict
!but&the&sometimes: conflict
but&!adequate&!of&!same: negative
but&!adequate&!of&same: neutral
but&!adequate&of&!have: negative
but&!adequate&of&have: conflict
but&adequate: conflict
DecisionTree learned:
!but&!the&!tho&!appetizer: positive
!but&!the&!tho&appetizer: neutral
!but&!the&tho: conflict
!but&the&!by&!fine: positive
!but&the&!by&fine: conflict
!but&the&by&!a: conflict
!but&the&by&a: neutral
but&!come&!reservations&!location: positive
but&!come&!reservations&location: neutral
but&!come&reservations&!to: negative
but&!come&reservations&to: neutral
but&come: conflict
DecisionTree learned:
!that&!little&!was&!though: positive
!that&!little&!was&though: conflict
!that&!little&was&!and: negative
!that&!little&was&and: negative
!that&little&!there&!more: conflict
!that&little&!there&more: conflict
!that&little&there: neutral
that&!ordered&!with&!specials: negative
that&!ordered&!with&specials: neutral
that&!ordered&with&!much: positive
that&!ordered&with&much: negative
that&ordered&!the: neutral
that&ordered&the: negative
DecisionTree learned:
!but&!the&!atmosphere&!exceeded: negative
!but&!the&!atmosphere&exceeded: conflict
!but&!the&atmosphere&!were: positive
!but&!the&atmosphere&were: conflict
!but&the&!fine&!attentive: negative
!but&the&!fine&attentive: conflict
!but&the&fine&!expected: conflict
!but&the&fine&expected: neutral
but&!with&!reservations&!waiters: negative
but&!with&!reservations&waiters: conflict
but&!with&reservations&!to: negative
but&!with&reservations&to: neutral
but&with&!chicken&!not: positive
but&with&!chicken&not: neutral
but&with&chicken: negative
DecisionTree learned:
!but&!the&!atmosphere&!though: neutral
!but&!the&!atmosphere&though: negative
!but&!the&atmosphere&!to: positive
!but&!the&atmosphere&to: conflict
!but&the&!rest&!at: negative
!but&the&!rest&at: neutral
!but&the&rest&!was: conflict
!but&the&rest&was: neutral
but&!to&!we&!expensive: positive
but&!to&!we&expensive: conflict
but&!to&we&!was: neutral
but&!to&we&was: negative
but&to&!people&!an: neutral
but&to&!people&an: negative
but&to&people: conflict
DecisionTree learned:
!was&!little&!though&!is: neutral
!was&!little&!though&is: positive
!was&!little&though&!recommend: conflict
!was&!little&though&recommend: neutral
!was&little&!bagel&!more: conflict
!was&little&!bagel&more: conflict
!was&little&bagel: neutral
was&!yet&!although&!and: negative
was&!yet&!although&and: negative
was&!yet&although: conflict
was&yet&!discreet&!to: conflict
was&yet&!discreet&to: positive
was&yet&discreet: positive
DecisionTree learned:
!but&!the&!exceeded&!though: neutral
!but&!the&!exceeded&though: negative
!but&!the&exceeded: conflict
!but&the&!nearby&!attentive: positive
!but&the&!nearby&attentive: conflict
!but&the&nearby: conflict
but&!of&!that&!at: conflict
but&!of&!that&at: positive
but&!of&that&!they: negative
but&!of&that&they: neutral
but&of&!have&!line: negative
but&of&!have&line: positive
but&of&have: conflict
DecisionTree learned:
!but&!the&!perhaps&!appear: neutral
!but&!the&!perhaps&appear: conflict
!but&!the&perhaps: conflict
!but&the&!sometimes&!was: positive
!but&the&!sometimes&was: negative
!but&the&sometimes: conflict
but&!food&!to&!n: negative
but&!food&!to&n: negative
but&!food&to&!make: negative
but&!food&to&make: neutral
but&food&!expensive&!is: positive
but&food&!expensive&is: neutral
but&food&expensive: conflict
DecisionTree learned:
!but&!the&!atmosphere&!perhaps: neutral
!but&!the&!atmosphere&perhaps: conflict
!but&!the&atmosphere&!were: positive
!but&!the&atmosphere&were: conflict
!but&the&!fine&!although: positive
!but&the&!fine&although: conflict
!but&the&fine&!to: conflict
!but&the&fine&to: neutral
but&!of&!same&!that: positive
but&!of&!same&that: negative
but&!of&same&!with: neutral
but&!of&same&with: positive
but&of&!have&!this: negative
but&of&!have&this: negative
but&of&have: conflict
DecisionTree learned:
!but&!the&!though&!atmosphere: neutral
!but&!the&!though&atmosphere: positive
!but&!the&though&!food: negative
!but&!the&though&food: conflict
!but&the&!sometimes&!best: negative
!but&the&!sometimes&best: positive
!but&the&sometimes: conflict
but&!worth&!of&!great: negative
but&!worth&!of&great: positive
but&!worth&of&!a: negative
but&!worth&of&a: positive
but&worth&!itsuperb&!and: conflict
but&worth&!itsuperb&and: conflict
but&worth&itsuperb: positive
DecisionTree learned:
!but&!the&!perhaps&!exceeded: neutral
!but&!the&!perhaps&exceeded: conflict
!but&!the&perhaps: conflict
!but&the&!quibbles&!attentive: positive
!but&the&!quibbles&attentive: conflict
!but&the&quibbles: conflict
but&!location&!we&!ve: positive
but&!location&!we&ve: neutral
but&!location&we&!chicken: neutral
but&!location&we&chicken: negative
but&location&!for: neutral
but&location&for: positive
Trial 0 Training cc.mallet.classify.AdaBoostM2Trainer@15f66cff finished
Trial 0 Trainer cc.mallet.classify.AdaBoostM2Trainer@15f66cff test data accuracy = 0.582089552238806

NaiveBayesTrainer
Summary. test accuracy mean = 0.6350067842605156 stddev = 0.0 stderr = 0.0

MaxEntTrainer,gaussianPriorVariance=1.0
Summary. test accuracy mean = 0.6377204884667571 stddev = 0.0 stderr = 0.0

cc.mallet.classify.DecisionTreeTrainer@52c05d3b
Summary. test accuracy mean = 0.5725915875169606 stddev = 0.0 stderr = 0.0

cc.mallet.classify.AdaBoostM2Trainer@15f66cff
Summary. test accuracy mean = 0.582089552238806 stddev = 0.0 stderr = 0.0
