
-------------------- Trial 0  --------------------

Trial 0 Training NaiveBayesTrainer with 2956 instances
Trial 0 Training NaiveBayesTrainer finished
Trial 0 Trainer NaiveBayesTrainer test data accuracy = 0.5834464043419267
Trial 0 Training MaxEntTrainer,gaussianPriorVariance=1.0 with 2956 instances
Trial 0 Training MaxEntTrainer,gaussianPriorVariance=1.0 finished
Trial 0 Trainer MaxEntTrainer,gaussianPriorVariance=1.0 test data accuracy = 0.621438263229308
Trial 0 Training cc.mallet.classify.DecisionTreeTrainer@5caf993e with 2956 instances
DecisionTree learned:
!not&!dinner&!great&!good: positive
!not&!dinner&!great&good: positive
!not&!dinner&great&!cd: positive
!not&!dinner&great&cd: negative
!not&dinner&!having&!ani: neutral
!not&dinner&!having&ani: negative
!not&dinner&having: positive
not&!jj&!best&!know: negative
not&!jj&!best&know: neutral
not&!jj&best: positive
not&jj&!but&!great: positive
not&jj&!but&great: positive
not&jj&but&!of: positive
not&jj&but&of: negative
Trial 0 Training cc.mallet.classify.DecisionTreeTrainer@5caf993e finished
Trial 0 Trainer cc.mallet.classify.DecisionTreeTrainer@5caf993e test data accuracy = 0.5685210312075983
Trial 0 Training cc.mallet.classify.AdaBoostM2Trainer@2b20bf2c with 2956 instances
DecisionTree learned:
!not&!good&!dinner&!great: positive
!not&!good&!dinner&great: positive
!not&!good&dinner&!in: positive
!not&!good&dinner&in: neutral
!not&good&!get&!in: positive
!not&good&!get&in: positive
!not&good&get&!nnp: neutral
!not&good&get&nnp: negative
not&!but&!great&!vbd: positive
not&!but&!great&vbd: negative
not&!but&great&!wa: positive
not&!but&great&wa: negative
not&but&!diminisher&!in: negative
not&but&!diminisher&in: negative
not&but&diminisher&!that: positive
not&but&diminisher&that: neutral
DecisionTree learned:
!great&!not&!dinner&!good: positive
!great&!not&!dinner&good: positive
!great&!not&dinner&!ani: neutral
!great&!not&dinner&ani: negative
!great&not&!best&!but: negative
!great&not&!best&but: negative
!great&not&best&!nn: conflict
!great&not&best&nn: positive
great&!cd&!dinner&!cc: positive
great&!cd&!dinner&cc: positive
great&!cd&dinner&!nns: neutral
great&!cd&dinner&nns: positive
great&cd&!for&!vbn: negative
great&cd&!for&vbn: neutral
great&cd&for: neutral
DecisionTree learned:
!jj&!best&!not&!though: positive
!jj&!best&!not&though: conflict
!jj&!best&not&!staff: negative
!jj&!best&not&staff: positive
!jj&best&!ambienc&!rb: positive
!jj&best&!ambienc&rb: positive
!jj&best&ambienc: conflict
jj&!but&!delici&!great: positive
jj&!but&!delici&great: positive
jj&!but&delici&!kind: positive
jj&!but&delici&kind: negative
jj&but&!worth&!few: positive
jj&but&!worth&few: neutral
jj&but&worth&!and: conflict
jj&but&worth&and: conflict
DecisionTree learned:
!but&!jj&!the&!nnp: neutral
!but&!jj&!the&nnp: positive
!but&!jj&the&!though: positive
!but&!jj&the&though: negative
!but&jj&!delici&!small: positive
!but&jj&!delici&small: negative
!but&jj&delici&!kind: positive
!but&jj&delici&kind: negative
but&!we&!in&!servic: positive
but&!we&!in&servic: negative
but&!we&in&!nnp: negative
but&!we&in&nnp: positive
but&we&!vbg&!dessert: negative
but&we&!vbg&dessert: neutral
but&we&vbg: neutral
DecisionTree learned:
!vb&!but&!in&!vbd: positive
!vb&!but&!in&vbd: positive
!vb&!but&in&!excel: positive
!vb&!but&in&excel: positive
!vb&but&!we&!ve: positive
!vb&but&!we&ve: neutral
!vb&but&we&!vbg: negative
!vb&but&we&vbg: neutral
vb&!the&!food&!wine: neutral
vb&!the&!food&wine: neutral
vb&!the&food&!vbz: negative
vb&!the&food&vbz: neutral
vb&the&!rbr&!of: positive
vb&the&!rbr&of: positive
vb&the&rbr&!and: conflict
vb&the&rbr&and: negative
DecisionTree learned:
!but&!not&!good&!dinner: positive
!but&!not&!good&dinner: neutral
!but&!not&good&!get: positive
!but&!not&good&get: negative
!but&not&!friendli&!jj: negative
!but&not&!friendli&jj: negative
!but&not&friendli: positive
but&!jj&!to&!dt: positive
but&!jj&!to&dt: negative
but&!jj&to&!and: neutral
but&!jj&to&and: negative
but&jj&!in&!vbp: positive
but&jj&!in&vbp: conflict
but&jj&in&!with: negative
but&jj&in&with: positive
DecisionTree learned:
!but&!vbd&!though&!vb: positive
!but&!vbd&!though&vb: positive
!but&!vbd&though&!vbp: conflict
!but&!vbd&though&vbp: negative
!but&vbd&!good&!best: negative
!but&vbd&!good&best: positive
!but&vbd&good&!in: positive
!but&vbd&good&in: positive
but&!we&!in&!servic: positive
but&!we&!in&servic: negative
but&!we&in&!look: negative
but&!we&in&look: conflict
but&we&!vbg&!diminisher: negative
but&we&!vbg&diminisher: neutral
but&we&vbg: neutral
DecisionTree learned:
!but&!friendli&!not&!dinner: positive
!but&!friendli&!not&dinner: neutral
!but&!friendli&not&!worth: negative
!but&!friendli&not&worth: negative
!but&friendli&!sometim&!popular: positive
!but&friendli&!sometim&popular: neutral
!but&friendli&sometim: conflict
but&!worth&!we&!in: positive
but&!worth&!we&in: negative
but&!worth&we&!vbg: negative
but&!worth&we&vbg: neutral
but&worth&!jj: positive
but&worth&jj&!and: conflict
but&worth&jj&and: conflict
DecisionTree learned:
!but&!friendli&!the&!great: positive
!but&!friendli&!the&great: positive
!but&!friendli&the&!at: positive
!but&!friendli&the&at: neutral
!but&friendli&!sometim&!popular: positive
!but&friendli&!sometim&popular: neutral
!but&friendli&sometim: conflict
but&!we&!in&!to: positive
but&!we&!in&to: neutral
but&!we&in&!look: negative
but&!we&in&look: conflict
but&we&!vbg&!dessert: negative
but&we&!vbg&dessert: neutral
but&we&vbg: neutral
DecisionTree learned:
!but&!the&!great&!jj: neutral
!but&!the&!great&jj: positive
!but&!the&great&!kid: positive
!but&!the&great&kid: conflict
!but&the&!vbd&!sometim: positive
!but&the&!vbd&sometim: conflict
!but&the&vbd&!excel: negative
!but&the&vbd&excel: positive
but&!we&!in&!vbp: positive
but&!we&!in&vbp: neutral
but&!we&in&!nnp: negative
but&!we&in&nnp: positive
but&we&!of&!casserol: neutral
but&we&!of&casserol: negative
but&we&of: negative
DecisionTree learned:
!but&!vbz&!wa&!great: positive
!but&!vbz&!wa&great: positive
!but&!vbz&wa&!yet: negative
!but&!vbz&wa&yet: conflict
!but&vbz&!wp&!n: positive
!but&vbz&!wp&n: negative
!but&vbz&wp&!peopl: neutral
!but&vbz&wp&peopl: negative
but&!servic&!in&!nnp: positive
but&!servic&!in&nnp: neutral
but&!servic&in&!we: negative
but&!servic&in&we: neutral
but&servic&!dt&!not: positive
but&servic&!dt&not: conflict
but&servic&dt&!is: negative
but&servic&dt&is: negative
DecisionTree learned:
!but&!the&!jj&!vbn: neutral
!but&!the&!jj&vbn: negative
!but&!the&jj&!kid: positive
!but&!the&jj&kid: conflict
!but&the&!at&!wa: positive
!but&the&!at&wa: negative
!but&the&at&!doe: neutral
!but&the&at&doe: conflict
but&!jj&!food&!nnp: negative
but&!jj&!food&nnp: negative
but&!jj&food&!an: neutral
but&!jj&food&an: negative
but&jj&!menu&!nn: conflict
but&jj&!menu&nn: positive
but&jj&menu&!than: neutral
but&jj&menu&than: negative
DecisionTree learned:
!but&!the&!great&!appet: positive
!but&!the&!great&appet: neutral
!but&!the&great&!wrb: positive
!but&!the&great&wrb: negative
!but&the&!at&!vbd: positive
!but&the&!at&vbd: negative
!but&the&at&!well: neutral
!but&the&at&well: conflict
but&!jj&!to&!that: negative
but&!jj&!to&that: negative
but&!jj&to&!prp: negative
but&!jj&to&prp: neutral
but&jj&!worth&!nn: conflict
but&jj&!worth&nn: positive
but&jj&worth&!and: conflict
but&jj&worth&and: conflict
DecisionTree learned:
!but&!delici&!friendli&!though: positive
!but&!delici&!friendli&though: negative
!but&!delici&friendli&!sometim: positive
!but&!delici&friendli&sometim: conflict
!but&delici&!most&!top: positive
!but&delici&!most&top: neutral
!but&delici&most: neutral
but&!food&!we&!well: negative
but&!food&!we&well: conflict
but&!food&we&!jj: neutral
but&!food&we&jj: positive
but&food&!expens&!intensifier: positive
but&food&!expens&intensifier: positive
but&food&expens: conflict
DecisionTree learned:
!but&!delici&!the&!appet: positive
!but&!delici&!the&appet: neutral
!but&!delici&the&!small: positive
!but&!delici&the&small: negative
!but&delici&!top&!kind: positive
!but&delici&!top&kind: negative
!but&delici&top: neutral
but&!servic&!jj&!to: negative
but&!servic&!jj&to: negative
but&!servic&jj&!nnp: positive
but&!servic&jj&nnp: positive
but&servic&!dt&!not: negative
but&servic&!dt&not: conflict
but&servic&dt&!good: negative
but&servic&dt&good: positive
DecisionTree learned:
!but&!the&!vb&!appet: positive
!but&!the&!vb&appet: neutral
!but&!the&vb&!cooked: neutral
!but&!the&vb&cooked: conflict
!but&the&!at&!wa: positive
!but&the&!at&wa: negative
!but&the&at&!doe: neutral
!but&the&at&doe: conflict
but&!food&!vb&!we: negative
but&!food&!vb&we: neutral
but&!food&vb&!place: negative
but&!food&vb&place: positive
but&food&!expens&!intensifier: positive
but&food&!expens&intensifier: positive
but&food&expens: conflict
DecisionTree learned:
!but&!though&!the&!qualiti: positive
!but&!though&!the&qualiti: negative
!but&!though&the&!at: positive
!but&!though&the&at: neutral
!but&though&!nnp&!jjr: negative
!but&though&!nnp&jjr: conflict
!but&though&nnp&!be: conflict
!but&though&nnp&be: negative
but&!we&!in&!nice: conflict
but&!we&!in&nice: positive
but&!we&in&!rbr: negative
but&!we&in&rbr: neutral
but&we&!lucki&!diminisher: neutral
but&we&!lucki&diminisher: neutral
but&we&lucki: positive
DecisionTree learned:
!jj&!vbd&!sometim&!though: positive
!jj&!vbd&!sometim&though: conflict
!jj&!vbd&sometim: conflict
!jj&vbd&!place&!although: negative
!jj&vbd&!place&although: conflict
!jj&vbd&place&!wa: neutral
!jj&vbd&place&wa: conflict
jj&!variou&!but&!wait: positive
jj&!variou&!but&wait: negative
jj&!variou&but&!with: positive
jj&!variou&but&with: positive
jj&variou: conflict
DecisionTree learned:
!but&!the&!cd&!great: positive
!but&!the&!cd&great: positive
!but&!the&cd&!tiny: neutral
!but&!the&cd&tiny: negative
!but&the&!bar&!although: positive
!but&the&!bar&although: conflict
!but&the&bar&!not: neutral
!but&the&bar&not: negative
but&!chicken&!with&!great: negative
but&!chicken&!with&great: positive
but&!chicken&with&!onli: positive
but&!chicken&with&onli: neutral
but&chicken&!and&!sauc: negative
but&chicken&!and&sauc: conflict
but&chicken&and: negative
DecisionTree learned:
!jj&!doe&!best&!nnp: negative
!jj&!doe&!best&nnp: positive
!jj&!doe&best&!ambienc: positive
!jj&!doe&best&ambienc: conflict
!jj&doe&!that&!make: conflict
!jj&doe&!that&make: positive
!jj&doe&that&!cc: neutral
!jj&doe&that&cc: negative
jj&!but&!could&!in: positive
jj&!but&!could&in: positive
jj&!but&could&!the: neutral
jj&!but&could&the: conflict
jj&but&!horribl&!in: positive
jj&but&!horribl&in: positive
jj&but&horribl: negative
DecisionTree learned:
!variou&!but&!friendli&!dinner: positive
!variou&!but&!friendli&dinner: neutral
!variou&!but&friendli&!sometim: positive
!variou&!but&friendli&sometim: conflict
!variou&but&!chicken&!long: positive
!variou&but&!chicken&long: neutral
!variou&but&chicken&!sauc: negative
!variou&but&chicken&sauc: negative
variou: conflict
DecisionTree learned:
!excellent&!but&!the&!jj: neutral
!excellent&!but&!the&jj: positive
!excellent&!but&the&!wa: positive
!excellent&!but&the&wa: negative
!excellent&but&!food&!we: negative
!excellent&but&!food&we: neutral
!excellent&but&food&!nnp: positive
!excellent&but&food&nnp: neutral
excellent&!nns&!greatest: positive
excellent&!nns&greatest: negative
excellent&nns&!to&!intensifier: positive
excellent&nns&!to&intensifier: negative
excellent&nns&to&!who: negative
excellent&nns&to&who: positive
DecisionTree learned:
!but&!though&!excellent&!wa: positive
!but&!though&!excellent&wa: negative
!but&!though&excellent&!nns: positive
!but&!though&excellent&nns: positive
!but&though&!nnp&!jjr: negative
!but&though&!nnp&jjr: conflict
!but&though&nnp&!be: conflict
!but&though&nnp&be: positive
but&!worth&!servic&!great: negative
but&!worth&!servic&great: positive
but&!worth&servic&!dt: conflict
but&!worth&servic&dt: negative
but&worth&!jj: positive
but&worth&jj&!and: conflict
but&worth&jj&and: conflict
DecisionTree learned:
!but&!the&!ex&!great: positive
!but&!the&!ex&great: positive
!but&!the&ex&!vbd: negative
!but&!the&ex&vbd: neutral
!but&the&!small&!bar: positive
!but&the&!small&bar: neutral
!but&the&small&!good: negative
!but&the&small&good: positive
but&!servic&!jj&!to: negative
but&!servic&!jj&to: neutral
but&!servic&jj&!m: positive
but&!servic&jj&m: neutral
but&servic&!dt&!not: negative
but&servic&!dt&not: conflict
but&servic&dt&!vbg: negative
but&servic&dt&vbg: positive
DecisionTree learned:
!but&!the&!cd&!vb: positive
!but&!the&!cd&vb: negative
!but&!the&cd&!tiny: neutral
!but&!the&cd&tiny: negative
!but&the&!at&!sometim: positive
!but&the&!at&sometim: conflict
!but&the&at&!well: neutral
!but&the&at&well: conflict
but&!jj&!to&!that: neutral
but&!jj&!to&that: negative
but&!jj&to&!i: negative
but&!jj&to&i: neutral
but&jj&!worth&!diminisher: positive
but&jj&!worth&diminisher: positive
but&jj&worth&!and: conflict
but&jj&worth&and: conflict
DecisionTree learned:
!jj&!best&!though&!doe: neutral
!jj&!best&!though&doe: conflict
!jj&!best&though&!reserv: conflict
!jj&!best&though&reserv: neutral
!jj&best&!ambienc&!rb: positive
!jj&best&!ambienc&rb: positive
!jj&best&ambienc: conflict
jj&!but&!the&!usually: positive
jj&!but&!the&usually: neutral
jj&!but&the&!in: positive
jj&!but&the&in: positive
jj&but&!with&!portion: positive
jj&but&!with&portion: negative
jj&but&with&!chicken: positive
jj&but&with&chicken: negative
DecisionTree learned:
!but&!friendli&!the&!jj: neutral
!but&!friendli&!the&jj: positive
!but&!friendli&the&!small: positive
!but&!friendli&the&small: negative
!but&friendli&!sometim&!popular: positive
!but&friendli&!sometim&popular: neutral
!but&friendli&sometim: conflict
but&!we&!in&!nnp: positive
but&!we&!in&nnp: neutral
but&!we&in&!rbr: negative
but&!we&in&rbr: neutral
but&we&!vbg&!dessert: negative
but&we&!vbg&dessert: neutral
but&we&vbg: neutral
DecisionTree learned:
!but&!though&!delici&!excellent: positive
!but&!though&!delici&excellent: positive
!but&!though&delici&!top: positive
!but&!though&delici&top: neutral
!but&though&!even&!reserv: conflict
!but&though&!even&reserv: neutral
!but&though&even&!of: negative
!but&though&even&of: neutral
but&!servic&!food&!well: negative
but&!servic&!food&well: conflict
but&!servic&food&!expens: positive
but&!servic&food&expens: conflict
but&servic&!dt&!not: positive
but&servic&!dt&not: conflict
but&servic&dt&!vbg: negative
but&servic&dt&vbg: positive
DecisionTree learned:
!that&!good&!friendli&!the: neutral
!that&!good&!friendli&the: positive
!that&!good&friendli&!have: positive
!that&!good&friendli&have: conflict
!that&good&!other&!rest: positive
!that&good&!other&rest: conflict
!that&good&other: conflict
that&!nns&!wine&!either: negative
that&!nns&!wine&either: neutral
that&!nns&wine: neutral
that&nns&!it&!restaurants: neutral
that&nns&!it&restaurants: neutral
that&nns&it&!nnp: negative
that&nns&it&nnp: positive
DecisionTree learned:
!but&!the&!qualiti&!tho: neutral
!but&!the&!qualiti&tho: conflict
!but&!the&qualiti&!with: negative
!but&!the&qualiti&with: positive
!but&the&!wa&!rest: positive
!but&the&!wa&rest: conflict
!but&the&wa&!although: negative
!but&the&wa&although: conflict
but&!at&!look&!to: positive
but&!at&!look&to: negative
but&!at&look&!are: conflict
but&!at&look&are: negative
but&at&!vbd&!all: positive
but&at&!vbd&all: negative
but&at&vbd&!rb: neutral
but&at&vbd&rb: neutral
DecisionTree learned:
!but&!littl&!though&!the: positive
!but&!littl&!though&the: positive
!but&!littl&though&!nnp: negative
!but&!littl&though&nnp: conflict
!but&littl&!bagel&!md: conflict
!but&littl&!bagel&md: conflict
!but&littl&bagel: neutral
but&!we&!nn&!nnp: conflict
but&!we&!nn&nnp: neutral
but&!we&nn&!look: positive
but&!we&nn&look: conflict
but&we&!wa&!lucki: neutral
but&we&!wa&lucki: positive
but&we&wa&!nns: positive
but&we&wa&nns: negative
DecisionTree learned:
!but&!the&!atmospher&!exceed: positive
!but&!the&!atmospher&exceed: conflict
!but&!the&atmospher&!to: positive
!but&!the&atmospher&to: conflict
!but&the&!wa&!variou: positive
!but&the&!wa&variou: conflict
!but&the&wa&!although: negative
!but&the&wa&although: conflict
but&!jj&!a&!look: neutral
but&!jj&!a&look: conflict
but&!jj&a&!vbp: negative
but&!jj&a&vbp: conflict
but&jj&!in&!be: conflict
but&jj&!in&be: neutral
but&jj&in&!than: positive
but&jj&in&than: conflict
DecisionTree learned:
!but&!the&!atmospher&!tho: positive
!but&!the&!atmospher&tho: conflict
!but&!the&atmospher&!were: positive
!but&!the&atmospher&were: conflict
!but&the&!sometim&!could: positive
!but&the&!sometim&could: conflict
!but&the&sometim: conflict
but&!servic&!great&!in: neutral
but&!servic&!great&in: negative
but&!servic&great&!bland: positive
but&!servic&great&bland: negative
but&servic&!dt&!not: positive
but&servic&!dt&not: conflict
but&servic&dt&!vbg: negative
but&servic&dt&vbg: positive
DecisionTree learned:
!variou&!but&!vbz&!wa: positive
!variou&!but&!vbz&wa: negative
!variou&!but&vbz&!everyth: positive
!variou&!but&vbz&everyth: conflict
!variou&but&!in&!are: positive
!variou&but&!in&are: neutral
!variou&but&in&!long: negative
!variou&but&in&long: neutral
variou: conflict
DecisionTree learned:
!but&!the&!qualiti&!nnp: neutral
!but&!the&!qualiti&nnp: positive
!but&!the&qualiti&!with: negative
!but&!the&qualiti&with: positive
!but&the&!at&!sometim: positive
!but&the&!at&sometim: conflict
!but&the&at&!well: neutral
!but&the&at&well: conflict
but&!we&!in&!nnp: positive
but&!we&!in&nnp: neutral
but&!we&in&!rbr: negative
but&!we&in&rbr: neutral
but&we&!wa&!lucki: neutral
but&we&!wa&lucki: positive
but&we&wa&!nns: positive
but&we&wa&nns: negative
DecisionTree learned:
!but&!littl&!the&!vbz: neutral
!but&!littl&!the&vbz: positive
!but&!littl&the&!sometim: positive
!but&!littl&the&sometim: conflict
!but&littl&!bagel&!for: conflict
!but&littl&!bagel&for: positive
!but&littl&bagel: neutral
but&!worth&!food&!well: negative
but&!worth&!food&well: conflict
but&!worth&food&!nnp: positive
but&!worth&food&nnp: neutral
but&worth&!in&!and: conflict
but&worth&!in&and: positive
but&worth&in: conflict
DecisionTree learned:
!but&!though&!the&!atmospher: neutral
!but&!though&!the&atmospher: positive
!but&!though&the&!wa: positive
!but&!though&the&wa: negative
!but&though&!nnp&!jjr: negative
!but&though&!nnp&jjr: conflict
!but&though&nnp&!be: conflict
!but&though&nnp&be: negative
but&!great&!nice&!well: negative
but&!great&!nice&well: conflict
but&!great&nice&!casual: positive
but&!great&nice&casual: conflict
but&great&!atmospher&!valu: positive
but&great&!atmospher&valu: conflict
but&great&atmospher: conflict
DecisionTree learned:
!but&!dinner&!though&!the: positive
!but&!dinner&!though&the: positive
!but&!dinner&though&!vbd: conflict
!but&!dinner&though&vbd: negative
!but&dinner&!not&!ani: neutral
!but&dinner&!not&ani: negative
!but&dinner&not&!dt: negative
!but&dinner&not&dt: positive
but&!onli&!worth&!servic: positive
but&!onli&!worth&servic: negative
but&!onli&worth&!in: conflict
but&!onli&worth&in: conflict
but&onli&!vbp&!we: positive
but&onli&!vbp&we: neutral
but&onli&vbp&!actual: neutral
but&onli&vbp&actual: negative
DecisionTree learned:
!but&!the&!great&!appet: positive
!but&!the&!great&appet: neutral
!but&!the&great&!my: positive
!but&!the&great&my: conflict
!but&the&!ok&!in: positive
!but&the&!ok&in: positive
!but&the&ok&!were: neutral
!but&the&ok&were: negative
but&!we&!that&!long: positive
but&!we&!that&long: neutral
but&!we&that&!they: negative
but&!we&that&they: neutral
but&we&!vbg&!diminisher: negative
but&we&!vbg&diminisher: neutral
but&we&vbg: neutral
DecisionTree learned:
!but&!the&!perhap&!tho: positive
!but&!the&!perhap&tho: conflict
!but&!the&perhap: conflict
!but&the&!small&!although: positive
!but&the&!small&although: conflict
!but&the&small&!good: negative
!but&the&small&good: positive
but&!we&!worth&!servic: positive
but&!we&!worth&servic: negative
but&!we&worth&!jj: positive
but&!we&worth&jj: conflict
but&we&!quickli&!casserol: neutral
but&we&!quickli&casserol: negative
but&we&quickli: positive
DecisionTree learned:
!but&!though&!excellent&!delici: positive
!but&!though&!excellent&delici: positive
!but&!though&excellent&!nns: positive
!but&!though&excellent&nns: positive
!but&though&!nnp&!recommend: negative
!but&though&!nnp&recommend: neutral
!but&though&nnp&!be: conflict
!but&though&nnp&be: negative
but&!servic&!of&!portion: positive
but&!servic&!of&portion: negative
but&!servic&of&!have: negative
but&!servic&of&have: conflict
but&servic&!dt&!not: positive
but&servic&!dt&not: conflict
but&servic&dt&!good: negative
but&servic&dt&good: positive
DecisionTree learned:
!but&!the&!tho&!rb: positive
!but&!the&!tho&rb: negative
!but&!the&tho: conflict
!but&the&!variou&!fine: positive
!but&the&!variou&fine: conflict
!but&the&variou: conflict
but&!well&!of&!great: negative
but&!well&!of&great: positive
but&!well&of&!not: positive
but&!well&of&not: negative
but&well&!nnp&!and: conflict
but&well&!nnp&and: positive
but&well&nnp: positive
DecisionTree learned:
!but&!the&!perhap&!exceed: positive
!but&!the&!perhap&exceed: conflict
!but&!the&perhap: conflict
!but&the&!attentive&!rest: positive
!but&the&!attentive&rest: conflict
!but&the&attentive&!a: positive
!but&the&attentive&a: conflict
but&!we&!in&!are: positive
but&!we&!in&are: neutral
but&!we&in&!nnp: negative
but&!we&in&nnp: positive
but&we&!diminisher&!vbp: negative
but&we&!diminisher&vbp: neutral
but&we&diminisher&!a: positive
but&we&diminisher&a: neutral
DecisionTree learned:
!but&!the&!exceed&!great: neutral
!but&!the&!exceed&great: positive
!but&!the&exceed: conflict
!but&the&!small&!variou: positive
!but&the&!small&variou: conflict
!but&the&small&!good: negative
!but&the&small&good: positive
but&!of&!servic&!an: positive
but&!of&!servic&an: negative
but&!of&servic&!dt: conflict
but&!of&servic&dt: negative
but&of&!not&!jj: negative
but&of&!not&jj: positive
but&of&not&!have: negative
but&of&not&have: conflict
DecisionTree learned:
!but&!dinner&!the&!perhap: positive
!but&!dinner&!the&perhap: conflict
!but&!dinner&the&!ok: positive
!but&!dinner&the&ok: neutral
!but&dinner&!not&!ani: neutral
!but&dinner&!not&ani: negative
!but&dinner&not&!expens: neutral
!but&dinner&not&expens: negative
but&!at&!look&!to: positive
but&!at&!look&to: negative
but&!at&look&!are: conflict
but&!at&look&are: negative
but&at&!price&!rb: neutral
but&at&!price&rb: negative
but&at&price: positive
DecisionTree learned:
!that&!but&!the&!cd: positive
!that&!but&!the&cd: neutral
!that&!but&the&!attentive: positive
!that&!but&the&attentive: conflict
!that&but&!food&!nn: conflict
!that&but&!food&nn: negative
!that&but&food&!expens: positive
!that&but&food&expens: conflict
that&!nns&!empti&!wine: negative
that&!nns&!empti&wine: neutral
that&!nns&empti&!cc: neutral
that&!nns&empti&cc: negative
that&nns&!here&!rb: neutral
that&nns&!here&rb: negative
that&nns&here: neutral
DecisionTree learned:
!dinner&!but&!the&!atmospher: positive
!dinner&!but&!the&atmospher: positive
!dinner&!but&the&!although: positive
!dinner&!but&the&although: conflict
!dinner&but&!of&!rbr: negative
!dinner&but&!of&rbr: neutral
!dinner&but&of&!have: negative
!dinner&but&of&have: conflict
dinner&!drink&!nice&!n: neutral
dinner&!drink&!nice&n: negative
dinner&!drink&nice: positive
dinner&drink&!of: positive
dinner&drink&of: negative
DecisionTree learned:
!dinner&!rude&!that&!but: positive
!dinner&!rude&!that&but: negative
!dinner&!rude&that&!nns: negative
!dinner&!rude&that&nns: neutral
!dinner&rude: negative
dinner&!drink&!would&!ani: neutral
dinner&!drink&!would&ani: negative
dinner&!drink&would&!nns: negative
dinner&!drink&would&nns: positive
dinner&drink&!of: positive
dinner&drink&of: negative
DecisionTree learned:
!but&!vbz&!the&!stuf: neutral
!but&!vbz&!the&stuf: conflict
!but&!vbz&the&!wa: positive
!but&!vbz&the&wa: negative
!but&vbz&!n&!even: positive
!but&vbz&!n&even: conflict
!but&vbz&n&!while: negative
!but&vbz&n&while: conflict
but&!long&!chicken&!we: positive
but&!long&!chicken&we: neutral
but&!long&chicken&!jj: negative
but&!long&chicken&jj: negative
but&long&!rb: negative
but&long&rb: neutral
DecisionTree learned:
!littl&!vbz&!wa&!variou: positive
!littl&!vbz&!wa&variou: conflict
!littl&!vbz&wa&!and: negative
!littl&!vbz&wa&and: negative
!littl&vbz&!wp&!it: positive
!littl&vbz&!wp&it: negative
!littl&vbz&wp&!for: neutral
!littl&vbz&wp&for: conflict
littl&!there&!more&!we: conflict
littl&!there&!more&we: neutral
littl&!there&more&!the: neutral
littl&!there&more&the: conflict
littl&there: neutral
DecisionTree learned:
!but&!though&!the&!appear: positive
!but&!though&!the&appear: conflict
!but&!though&the&!wa: positive
!but&!though&the&wa: negative
!but&though&!vbd&!vbp: conflict
!but&though&!vbd&vbp: negative
!but&though&vbd&!reservation: negative
!but&though&vbd&reservation: neutral
but&!of&!servic&!chicken: positive
but&!of&!servic&chicken: negative
but&!of&servic&!dt: conflict
but&!of&servic&dt: negative
but&of&!have&!diminisher: negative
but&of&!have&diminisher: positive
but&of&have: conflict
DecisionTree learned:
!worth&!prp&!md&!but: positive
!worth&!prp&!md&but: negative
!worth&!prp&md&!are: negative
!worth&!prp&md&are: conflict
!worth&prp&!fine&!it: neutral
!worth&prp&!fine&it: negative
!worth&prp&fine&!is: conflict
!worth&prp&fine&is: positive
worth&!select&!nns&!definit: conflict
worth&!select&!nns&definit: negative
worth&!select&nns: negative
worth&select&!a: positive
worth&select&a: neutral
DecisionTree learned:
!dinner&!worth&!prp&!md: positive
!dinner&!worth&!prp&md: negative
!dinner&!worth&prp&!wa: neutral
!dinner&!worth&prp&wa: negative
!dinner&worth&!hous&!nns: conflict
!dinner&worth&!hous&nns: negative
!dinner&worth&hous: neutral
dinner&!drink&!nice&!cc: neutral
dinner&!drink&!nice&cc: neutral
dinner&!drink&nice: positive
dinner&drink&!of: positive
dinner&drink&of: negative
DecisionTree learned:
!nice&!variou&!littl&!vbz: negative
!nice&!variou&!littl&vbz: positive
!nice&!variou&littl&!there: conflict
!nice&!variou&littl&there: neutral
!nice&variou: conflict
nice&!than&!vbn&!though: positive
nice&!than&!vbn&though: negative
nice&!than&vbn&!with: neutral
nice&!than&vbn&with: positive
nice&than: conflict
DecisionTree learned:
!but&!the&!nnp&!tho: neutral
!but&!the&!nnp&tho: conflict
!but&!the&nnp&!vbz: positive
!but&!the&nnp&vbz: negative
!but&the&!sometim&!although: positive
!but&the&!sometim&although: conflict
!but&the&sometim: conflict
but&!menu&!look&!to: positive
but&!menu&!look&to: negative
but&!menu&look&!nnp: conflict
but&!menu&look&nnp: negative
but&menu&!of&!it: neutral
but&menu&!of&it: negative
but&menu&of&!jj: negative
but&menu&of&jj: positive
DecisionTree learned:
!dinner&!but&!the&!perhap: positive
!dinner&!but&!the&perhap: conflict
!dinner&!but&the&!sometim: positive
!dinner&!but&the&sometim: conflict
!dinner&but&!well&!of: negative
!dinner&but&!well&of: negative
!dinner&but&well&!nnp: conflict
!dinner&but&well&nnp: positive
dinner&!not&!ani&!having: neutral
dinner&!not&!ani&having: positive
dinner&!not&ani: negative
dinner&not&!at&!wrb: negative
dinner&not&!at&wrb: neutral
dinner&not&at: neutral
DecisionTree learned:
!prp&!md&!good&!yet: positive
!prp&!md&!good&yet: conflict
!prp&!md&good&!not: positive
!prp&!md&good&not: negative
!prp&md&!are&!the: negative
!prp&md&!are&the: conflict
!prp&md&are: conflict
prp&!it&!fine&!expect: neutral
prp&!it&!fine&expect: conflict
prp&!it&fine&!is: conflict
prp&!it&fine&is: positive
prp&it&!outstand&!even: negative
prp&it&!outstand&even: conflict
prp&it&outstand: conflict
DecisionTree learned:
!but&!the&!perhap&!atmospher: positive
!but&!the&!perhap&atmospher: positive
!but&!the&perhap: conflict
!but&the&!although&!while: positive
!but&the&!although&while: conflict
!but&the&although&!nns: conflict
!but&the&although&nns: negative
but&!look&!to&!in: conflict
but&!look&!to&in: positive
but&!look&to&!an: neutral
but&!look&to&an: negative
but&look&!fantast&!and: negative
but&look&!fantast&and: conflict
but&look&fantast: neutral
DecisionTree learned:
!that&!but&!the&!perhap: neutral
!that&!but&!the&perhap: conflict
!that&!but&the&!attentive: positive
!that&!but&the&attentive: conflict
!that&but&!great&!nice: negative
!that&but&!great&nice: positive
!that&but&great&!rb: positive
!that&but&great&rb: positive
that&!nns&!wine&!empti: negative
that&!nns&!wine&empti: neutral
that&!nns&wine: neutral
that&nns&!it&!in: neutral
that&nns&!it&in: positive
that&nns&it&!nnp: negative
that&nns&it&nnp: positive
DecisionTree learned:
!but&!the&!appet&!exceed: positive
!but&!the&!appet&exceed: conflict
!but&!the&appet&!other: neutral
!but&!the&appet&other: positive
!but&the&!worth&!fine: positive
!but&the&!worth&fine: conflict
!but&the&worth&!not: positive
!but&the&worth&not: conflict
but&!in&!nnp&!vbp: positive
but&!in&!nnp&vbp: neutral
but&!in&nnp&!vb: neutral
but&!in&nnp&vb: neutral
but&in&!look&!than: negative
but&in&!look&than: conflict
but&in&look&!fantast: conflict
but&in&look&fantast: neutral
DecisionTree learned:
!but&!though&!vbz&!wa: neutral
!but&!though&!vbz&wa: negative
!but&!though&vbz&!everyth: positive
!but&!though&vbz&everyth: conflict
!but&though&!even&!food: conflict
!but&though&!even&food: conflict
!but&though&even&!of: negative
!but&though&even&of: neutral
but&!we&!that&!servic: positive
but&!we&!that&servic: negative
but&!we&that&!they: negative
but&!we&that&they: neutral
but&we&!quickli&!wa: neutral
but&we&!quickli&wa: negative
but&we&quickli: positive
DecisionTree learned:
!littl&!though&!wa&!vbz: positive
!littl&!though&!wa&vbz: positive
!littl&!though&wa&!yet: negative
!littl&!though&wa&yet: conflict
!littl&though&!vbd&!vbp: conflict
!littl&though&!vbd&vbp: negative
!littl&though&vbd&!room: negative
!littl&though&vbd&room: neutral
littl&!there&!more&!we: conflict
littl&!there&!more&we: neutral
littl&!there&more&!be: neutral
littl&!there&more&be: conflict
littl&there: neutral
DecisionTree learned:
!but&!the&!tho&!rb: positive
!but&!the&!tho&rb: negative
!but&!the&tho: conflict
!but&the&!bar&!variou: positive
!but&the&!bar&variou: conflict
!but&the&bar&!not: neutral
!but&the&bar&not: neutral
but&!onli&!with&!food: negative
but&!onli&!with&food: positive
but&!onli&with&!chicken: positive
but&!onli&with&chicken: negative
but&onli&!vbp&!we: positive
but&onli&!vbp&we: neutral
but&onli&vbp&!actual: neutral
but&onli&vbp&actual: negative
DecisionTree learned:
!but&!vbz&!the&!exceed: neutral
!but&!vbz&!the&exceed: conflict
!but&!vbz&the&!and: negative
!but&!vbz&the&and: negative
!but&vbz&!n&!nightmar: positive
!but&vbz&!n&nightmar: conflict
!but&vbz&n&!while: negative
!but&vbz&n&while: conflict
but&!jj&!a&!look: neutral
but&!jj&!a&look: conflict
but&!jj&a&!vbp: negative
but&!jj&a&vbp: conflict
but&jj&!favorites&!nn: conflict
but&jj&!favorites&nn: positive
but&jj&favorites: neutral
DecisionTree learned:
!worth&!variou&!wa&!vbz: positive
!worth&!variou&!wa&vbz: positive
!worth&!variou&wa&!yet: negative
!worth&!variou&wa&yet: conflict
!worth&variou: conflict
worth&!nns&!select&!vbp: conflict
worth&!nns&!select&vbp: positive
worth&!nns&select&!a: positive
worth&!nns&select&a: neutral
worth&nns: negative
DecisionTree learned:
!but&!though&!the&!perhap: positive
!but&!though&!the&perhap: conflict
!but&!though&the&!sometim: positive
!but&!though&the&sometim: conflict
!but&though&!nnp&!recommend: negative
!but&though&!nnp&recommend: neutral
!but&though&nnp&!be: conflict
!but&though&nnp&be: negative
but&!great&!to&!chicken: positive
but&!great&!to&chicken: negative
but&!great&to&!out: neutral
but&!great&to&out: negative
but&great&!atmospher&!valu: positive
but&great&!atmospher&valu: conflict
but&great&atmospher: conflict
DecisionTree learned:
!but&!the&!vbz&!appet: neutral
!but&!the&!vbz&appet: neutral
!but&!the&vbz&!nnp: positive
!but&!the&vbz&nnp: positive
!but&the&!sometim&!bar: positive
!but&the&!sometim&bar: neutral
!but&the&sometim: conflict
but&!at&!long&!look: positive
but&!at&!long&look: conflict
but&!at&long&!rb: negative
but&!at&long&rb: neutral
but&at&!vbd&!order: positive
but&at&!vbd&order: negative
but&at&vbd&!vbn: neutral
but&at&vbd&vbn: negative
DecisionTree learned:
!good&!friendli&!wa&!littl: positive
!good&!friendli&!wa&littl: conflict
!good&!friendli&wa&!fine: negative
!good&!friendli&wa&fine: conflict
!good&friendli&!popular&!have: positive
!good&friendli&!popular&have: conflict
!good&friendli&popular&!veri: neutral
!good&friendli&popular&veri: positive
good&!befor&!not&!get: positive
good&!befor&!not&get: negative
good&!befor&not&!in: conflict
good&!befor&not&in: negative
good&befor: neutral
DecisionTree learned:
!but&!the&!atmospher&!tho: neutral
!but&!the&!atmospher&tho: conflict
!but&!the&atmospher&!were: positive
!but&!the&atmospher&were: conflict
!but&the&!attentive&!it: positive
!but&the&!attentive&it: negative
!but&the&attentive&!servic: positive
!but&the&attentive&servic: conflict
but&!that&!chicken&!at: positive
but&!that&!chicken&at: neutral
but&!that&chicken&!sauc: negative
but&!that&chicken&sauc: negative
but&that&!diminisher&!have: negative
but&that&!diminisher&have: neutral
but&that&diminisher: neutral
DecisionTree learned:
!but&!the&!perhap&!qualiti: neutral
!but&!the&!perhap&qualiti: negative
!but&!the&perhap: conflict
!but&the&!although&!worth: positive
!but&the&!although&worth: conflict
!but&the&although&!nns: conflict
!but&the&although&nns: negative
but&!great&!we&!in: conflict
but&!great&!we&in: negative
but&!great&we&!quickli: neutral
but&!great&we&quickli: positive
but&great&!rb&!nns: conflict
but&great&!rb&nns: positive
but&great&rb&!in: negative
but&great&rb&in: positive
DecisionTree learned:
!but&!though&!the&!exceed: neutral
!but&!though&!the&exceed: conflict
!but&!though&the&!sometim: positive
!but&!though&the&sometim: conflict
!but&though&!even&!vbp: conflict
!but&though&!even&vbp: negative
!but&though&even&!of: negative
!but&though&even&of: neutral
but&!at&!look&!to: positive
but&!at&!look&to: negative
but&!at&look&!are: conflict
but&!at&look&are: negative
but&at&!vbd&!price: negative
but&at&!vbd&price: positive
but&at&vbd&!vbn: neutral
but&at&vbd&vbn: negative
DecisionTree learned:
!that&!but&!the&!tho: positive
!that&!but&!the&tho: conflict
!that&!but&the&!attentive: positive
!that&!but&the&attentive: conflict
!that&but&!dim&!food: negative
!that&but&!dim&food: positive
!that&but&dim&!nns: neutral
!that&but&dim&nns: positive
that&!nns&!pizza&!n: negative
that&!nns&!pizza&n: neutral
that&!nns&pizza: positive
that&nns&!had&!we: neutral
that&nns&!had&we: neutral
that&nns&had&!the: negative
that&nns&had&the: positive
DecisionTree learned:
!but&!the&!nnp&!exceed: negative
!but&!the&!nnp&exceed: conflict
!but&!the&nnp&!vbz: positive
!but&!the&nnp&vbz: negative
!but&the&!small&!while: positive
!but&the&!small&while: conflict
!but&the&small&!good: negative
!but&the&small&good: positive
but&!expected&!we&!nn: conflict
but&!expected&!we&nn: negative
but&!expected&we&!quickli: neutral
but&!expected&we&quickli: positive
but&expected: conflict
DecisionTree learned:
!but&!the&!perhap&!exceed: neutral
!but&!the&!perhap&exceed: conflict
!but&!the&perhap: conflict
!but&the&!sometim&!wa: positive
!but&the&!sometim&wa: negative
!but&the&sometim: conflict
but&!expected&!worth&!in: neutral
but&!expected&!worth&in: negative
but&!expected&worth&!jj: positive
but&!expected&worth&jj: conflict
but&expected: conflict
DecisionTree learned:
!but&!the&!exceed&!vbz: neutral
!but&!the&!exceed&vbz: positive
!but&!the&exceed: conflict
!but&the&!while&!rest: positive
!but&the&!while&rest: conflict
!but&the&while&!n: neutral
!but&the&while&n: conflict
but&!servic&!of&!menu: positive
but&!servic&!of&menu: neutral
but&!servic&of&!have: negative
but&!servic&of&have: conflict
but&servic&!dt&!not: negative
but&servic&!dt&not: conflict
but&servic&dt&!is: negative
but&servic&dt&is: negative
DecisionTree learned:
!but&!the&!qualiti&!and: negative
!but&!the&!qualiti&and: positive
!but&!the&qualiti&!with: negative
!but&!the&qualiti&with: positive
!but&the&!attentive&!sometim: positive
!but&the&!attentive&sometim: conflict
!but&the&attentive&!servic: positive
!but&the&attentive&servic: conflict
but&!jj&!around&!bit: neutral
but&!jj&!around&bit: negative
but&!jj&around: conflict
but&jj&!expect&!in: conflict
but&jj&!expect&in: negative
but&jj&expect: conflict
DecisionTree learned:
!but&!the&!vbz&!exceed: neutral
!but&!the&!vbz&exceed: conflict
!but&!the&vbz&!nnp: positive
!but&!the&vbz&nnp: positive
!but&the&!sometim&!while: positive
!but&the&!sometim&while: conflict
!but&the&sometim: conflict
but&!we&!look&!to: positive
but&!we&!look&to: negative
but&!we&look&!a: conflict
but&!we&look&a: neutral
but&we&!vbg&!cd: neutral
but&we&!vbg&cd: negative
but&we&vbg: neutral
DecisionTree learned:
!but&!the&!vbz&!stuf: neutral
!but&!the&!vbz&stuf: conflict
!but&!the&vbz&!nnp: positive
!but&!the&vbz&nnp: positive
!but&the&!bar&!things: positive
!but&the&!bar&things: conflict
!but&the&bar&!not: neutral
!but&the&bar&not: neutral
but&!nn&!nnp&!in: conflict
but&!nn&!nnp&in: negative
but&!nn&nnp&!as: neutral
but&!nn&nnp&as: conflict
but&nn&!rbr&!wa: positive
but&nn&!rbr&wa: conflict
but&nn&rbr&!nns: conflict
but&nn&rbr&nns: neutral
DecisionTree learned:
!but&!the&!cd&!vbz: positive
!but&!the&!cd&vbz: positive
!but&!the&cd&!tiny: neutral
!but&!the&cd&tiny: negative
!but&the&!variou&!although: positive
!but&the&!variou&although: conflict
!but&the&variou: conflict
but&!casual&!in&!to: conflict
but&!casual&!in&to: neutral
but&!casual&in&!nnp: negative
but&!casual&in&nnp: positive
but&casual: conflict
DecisionTree learned:
!littl&!wa&!vbz&!variou: neutral
!littl&!wa&!vbz&variou: conflict
!littl&!wa&vbz&!n: positive
!littl&!wa&vbz&n: conflict
!littl&wa&!although&!and: negative
!littl&wa&!although&and: negative
!littl&wa&although: conflict
littl&!bagel&!for&!on: conflict
littl&!bagel&!for&on: negative
littl&!bagel&for&!wait: negative
littl&!bagel&for&wait: neutral
littl&bagel: neutral
DecisionTree learned:
!but&!though&!the&!perhap: neutral
!but&!though&!the&perhap: conflict
!but&!though&the&!wa: positive
!but&!though&the&wa: negative
!but&though&!vbd&!vbp: conflict
!but&though&!vbd&vbp: negative
!but&though&vbd&!reservation: negative
!but&though&vbd&reservation: neutral
but&!of&!we&!food: negative
but&!of&!we&food: neutral
but&!of&we&!quickli: neutral
but&!of&we&quickli: positive
but&of&!have&!diminisher: negative
but&of&!have&diminisher: positive
but&of&have: conflict
DecisionTree learned:
!prp&!variou&!rb&!attent: positive
!prp&!variou&!rb&attent: conflict
!prp&!variou&rb&!not: positive
!prp&!variou&rb&not: negative
!prp&variou: conflict
prp&!it&!fine&!groundbreak: neutral
prp&!it&!fine&groundbreak: conflict
prp&!it&fine&!is: conflict
prp&!it&fine&is: positive
prp&it&!vbn&!salmon: negative
prp&it&!vbn&salmon: conflict
prp&it&vbn&!atmospher: neutral
prp&it&vbn&atmospher: conflict
DecisionTree learned:
!but&!the&!qualiti&!vbz: neutral
!but&!the&!qualiti&vbz: positive
!but&!the&qualiti&!with: negative
!but&!the&qualiti&with: positive
!but&the&!although&!by: positive
!but&the&!although&by: conflict
!but&the&although&!nnp: conflict
!but&the&although&nnp: neutral
but&!great&!nice&!food: negative
but&!great&!nice&food: neutral
but&!great&nice&!casual: positive
but&!great&nice&casual: conflict
but&great&!rb&!nns: conflict
but&great&!rb&nns: positive
but&great&rb&!in: negative
but&great&rb&in: positive
DecisionTree learned:
!worth&!dinner&!but&!vbz: negative
!worth&!dinner&!but&vbz: positive
!worth&!dinner&but&!expected: negative
!worth&!dinner&but&expected: conflict
!worth&dinner&!not&!ani: neutral
!worth&dinner&!not&ani: negative
!worth&dinner&not&!at: negative
!worth&dinner&not&at: neutral
worth&!select&!nns&!vbp: conflict
worth&!select&!nns&vbp: positive
worth&!select&nns: negative
worth&select&!and: positive
worth&select&and: neutral
DecisionTree learned:
!that&!jj&!doe&!though: neutral
!that&!jj&!doe&though: conflict
!that&!jj&doe&!make: conflict
!that&!jj&doe&make: positive
!that&jj&!our&!but: positive
!that&jj&!our&but: positive
!that&jj&our&!rb: neutral
!that&jj&our&rb: positive
that&!nns&!wine&!becaus: negative
that&!nns&!wine&becaus: neutral
that&!nns&wine: neutral
that&nns&!even&!it: neutral
that&nns&!even&it: negative
that&nns&even: positive
DecisionTree learned:
!though&!but&!the&!perhap: positive
!though&!but&!the&perhap: conflict
!though&!but&the&!while: positive
!though&!but&the&while: conflict
!though&but&!food&!nn: conflict
!though&but&!food&nn: negative
!though&but&food&!nnp: conflict
!though&but&food&nnp: neutral
though&!nnp&!jjr&!worth: negative
though&!nnp&!jjr&worth: conflict
though&!nnp&jjr: conflict
though&nnp&!be&!thai: conflict
though&nnp&!be&thai: positive
though&nnp&be: negative
DecisionTree learned:
!but&!the&!tho&!vbz: neutral
!but&!the&!tho&vbz: positive
!but&!the&tho: conflict
!but&the&!wa&!quibbl: positive
!but&the&!wa&quibbl: conflict
!but&the&wa&!yet: negative
!but&the&wa&yet: conflict
but&!well&!of&!menu: negative
but&!well&!of&menu: neutral
but&!well&of&!nnp: negative
but&!well&of&nnp: positive
but&well&!nnp&!and: conflict
but&well&!nnp&and: positive
but&well&nnp: positive
DecisionTree learned:
!dinner&!that&!but&!the: positive
!dinner&!that&!but&the: positive
!dinner&!that&but&!chicken: positive
!dinner&!that&but&chicken: negative
!dinner&that&!nns&!empti: negative
!dinner&that&!nns&empti: neutral
!dinner&that&nns&!a: neutral
!dinner&that&nns&a: positive
dinner&!drink&!rb&!noth: neutral
dinner&!drink&!rb&noth: negative
dinner&!drink&rb&!cc: positive
dinner&!drink&rb&cc: neutral
dinner&drink&!of: positive
dinner&drink&of: negative
DecisionTree learned:
!worth&!prp&!variou&!and: negative
!worth&!prp&!variou&and: positive
!worth&!prp&variou: conflict
!worth&prp&!fine&!enjoy: neutral
!worth&prp&!fine&enjoy: positive
!worth&prp&fine&!to: conflict
!worth&prp&fine&to: neutral
worth&!hous&!nns&!rb: conflict
worth&!hous&!nns&rb: conflict
worth&!hous&nns: negative
worth&hous: neutral
DecisionTree learned:
!littl&!though&!wa&!vbz: neutral
!littl&!though&!wa&vbz: positive
!littl&!though&wa&!spent: negative
!littl&!though&wa&spent: conflict
!littl&though&!nnp&!jjr: negative
!littl&though&!nnp&jjr: conflict
!littl&though&nnp&!be: conflict
!littl&though&nnp&be: negative
littl&!there&!for&!more: conflict
littl&!there&!for&more: conflict
littl&!there&for&!vb: negative
littl&!there&for&vb: positive
littl&there: neutral
DecisionTree learned:
!good&!rude&!enjoy&!that: positive
!good&!rude&!enjoy&that: negative
!good&!rude&enjoy&!chicken: positive
!good&!rude&enjoy&chicken: neutral
!good&rude: negative
good&!prp&!not&!rest: positive
good&!prp&!not&rest: conflict
good&!prp&not&!in: conflict
good&!prp&not&in: negative
good&prp&!wdt&!bad: positive
good&prp&!wdt&bad: negative
good&prp&wdt&!cc: neutral
good&prp&wdt&cc: negative
DecisionTree learned:
!but&!the&!perhap&!atmospher: neutral
!but&!the&!perhap&atmospher: positive
!but&!the&perhap: conflict
!but&the&!sometim&!quibbl: positive
!but&the&!sometim&quibbl: conflict
!but&the&sometim: conflict
but&!great&!nice&!in: conflict
but&!great&!nice&in: negative
but&!great&nice&!casual: positive
but&!great&nice&casual: conflict
but&great&!atmospher&!valu: positive
but&great&!atmospher&valu: conflict
but&great&atmospher: conflict
DecisionTree learned:
!but&!the&!though&!perhap: neutral
!but&!the&!though&perhap: conflict
!but&!the&though&!food: negative
!but&!the&though&food: conflict
!but&the&!rest&!rb: positive
!but&the&!rest&rb: negative
!but&the&rest&!nns: neutral
!but&the&rest&nns: conflict
but&!well&!of&!server: negative
but&!well&!of&server: conflict
but&!well&of&!not: positive
but&!well&of&not: negative
but&well&!nnp&!and: conflict
but&well&!nnp&and: positive
but&well&nnp: positive
DecisionTree learned:
!that&!jj&!doe&!nightmar: neutral
!that&!jj&!doe&nightmar: conflict
!that&!jj&doe: conflict
!that&jj&!our&!expens: positive
!that&jj&!our&expens: negative
!that&jj&our&!rb: neutral
!that&jj&our&rb: positive
that&!nns&!empti&!rice: negative
that&!nns&!empti&rice: neutral
that&!nns&empti&!cc: neutral
that&!nns&empti&cc: negative
that&nns&!rb&!a: neutral
that&nns&!rb&a: positive
that&nns&rb&!vbp: neutral
that&nns&rb&vbp: negative
DecisionTree learned:
!but&!the&!vbz&!stuf: neutral
!but&!the&!vbz&stuf: conflict
!but&!the&vbz&!nnp: positive
!but&!the&vbz&nnp: negative
!but&the&!quibbl&!variou: positive
!but&the&!quibbl&variou: conflict
!but&the&quibbl: conflict
but&!look&!to&!long: positive
but&!look&!to&long: neutral
but&!look&to&!food: negative
but&!look&to&food: neutral
but&look&!not&!are: conflict
but&look&!not&are: negative
but&look&not&!nns: negative
but&look&not&nns: neutral
DecisionTree learned:
!but&!the&!atmospher&!tho: neutral
!but&!the&!atmospher&tho: conflict
!but&!the&atmospher&!were: positive
!but&!the&atmospher&were: conflict
!but&the&!attentive&!although: positive
!but&the&!attentive&although: conflict
!but&the&attentive&!servic: positive
!but&the&attentive&servic: conflict
but&!that&!at&!onli: conflict
but&!that&!at&onli: positive
but&!that&at&!vbd: positive
but&!that&at&vbd: neutral
but&that&!md&!vbp: negative
but&that&!md&vbp: negative
but&that&md: positive
DecisionTree learned:
!but&!the&!vbz&!stuf: neutral
!but&!the&!vbz&stuf: conflict
!but&!the&vbz&!nnp: positive
!but&!the&vbz&nnp: negative
!but&the&!although&!rest: positive
!but&the&!although&rest: conflict
!but&the&although&!nns: conflict
!but&the&although&nns: neutral
but&!look&!to&!in: conflict
but&!look&!to&in: positive
but&!look&to&!food: negative
but&!look&to&food: neutral
but&look&!fantast&!are: conflict
but&look&!fantast&are: negative
but&look&fantast: neutral
DecisionTree learned:
!but&!though&!the&!exceed: neutral
!but&!though&!the&exceed: conflict
!but&!though&the&!attentive: positive
!but&!though&the&attentive: conflict
!but&though&!even&!reserv: conflict
!but&though&!even&reserv: neutral
!but&though&even&!of: negative
!but&though&even&of: neutral
but&!too&!rbr&!in: conflict
but&!too&!rbr&in: negative
but&!too&rbr&!nns: conflict
but&!too&rbr&nns: neutral
but&too&!wa: neutral
but&too&wa: negative
DecisionTree learned:
!but&!the&!appear&!perhap: neutral
!but&!the&!appear&perhap: conflict
!but&!the&appear: conflict
!but&the&!while&!sometim: positive
!but&the&!while&sometim: conflict
!but&the&while&!n: neutral
!but&the&while&n: conflict
but&!well&!of&!expens: negative
but&!well&!of&expens: conflict
but&!well&of&!not: positive
but&!well&of&not: negative
but&well&!nnp&!and: conflict
but&well&!nnp&and: positive
but&well&nnp: positive
DecisionTree learned:
!variou&!and&!worth&!vbn: neutral
!variou&!and&!worth&vbn: negative
!variou&!and&worth&!well: conflict
!variou&!and&worth&well: positive
!variou&and&!vbz&!fine: positive
!variou&and&!vbz&fine: conflict
!variou&and&vbz&!it: positive
!variou&and&vbz&it: conflict
variou: conflict
Trial 0 Training cc.mallet.classify.AdaBoostM2Trainer@2b20bf2c finished
Trial 0 Trainer cc.mallet.classify.AdaBoostM2Trainer@2b20bf2c test data accuracy = 0.5848032564450475

NaiveBayesTrainer
Summary. test accuracy mean = 0.5834464043419267 stddev = 0.0 stderr = 0.0

MaxEntTrainer,gaussianPriorVariance=1.0
Summary. test accuracy mean = 0.621438263229308 stddev = 0.0 stderr = 0.0

cc.mallet.classify.DecisionTreeTrainer@5caf993e
Summary. test accuracy mean = 0.5685210312075983 stddev = 0.0 stderr = 0.0

cc.mallet.classify.AdaBoostM2Trainer@2b20bf2c
Summary. test accuracy mean = 0.5848032564450475 stddev = 0.0 stderr = 0.0
