
-------------------- Trial 0  --------------------

Trial 0 Training NaiveBayesTrainer with 2956 instances
Trial 0 Training NaiveBayesTrainer finished
Trial 0 Trainer NaiveBayesTrainer test data accuracy = 0.5780189959294437
Trial 0 Training MaxEntTrainer,gaussianPriorVariance=1.0 with 2956 instances
Trial 0 Training MaxEntTrainer,gaussianPriorVariance=1.0 finished
Trial 0 Trainer MaxEntTrainer,gaussianPriorVariance=1.0 test data accuracy = 0.6363636363636364
Trial 0 Training cc.mallet.classify.DecisionTreeTrainer@2adb1d4 with 2956 instances
DecisionTree learned:
!but&!not&!vb&!dinner: positive
!but&!not&!vb&dinner: neutral
!but&!not&vb&!vbd: positive
!but&!not&vb&vbd: positive
!but&not&!was&!tastes: negative
!but&not&!was&tastes: positive
!but&not&was&!vbp: negative
!but&not&was&vbp: negative
but&!jj&!was&!md: neutral
but&!jj&!was&md: negative
but&!jj&was: negative
but&jj&!chicken&!ever: positive
but&jj&!chicken&ever: negative
but&jj&chicken&!with: negative
but&jj&chicken&with: negative
Trial 0 Training cc.mallet.classify.DecisionTreeTrainer@2adb1d4 finished
Trial 0 Trainer cc.mallet.classify.DecisionTreeTrainer@2adb1d4 test data accuracy = 0.5712347354138398
Trial 0 Training cc.mallet.classify.AdaBoostM2Trainer@5464ea66 with 2956 instances
DecisionTree learned:
!but&!not&!great&!dinner: positive
!but&!not&!great&dinner: neutral
!but&!not&great&!cd: positive
!but&!not&great&cd: positive
!but&not&!was&!tastes: negative
!but&not&!was&tastes: positive
!but&not&was&!appetizer: negative
!but&not&was&appetizer: neutral
but&!ever&!jj&!we: positive
but&!ever&!jj&we: negative
but&!ever&jj&!next: positive
but&!ever&jj&next: neutral
but&ever: negative
DecisionTree learned:
!but&!vb&!vbd&!cd: positive
!but&!vb&!vbd&cd: positive
!but&!vb&vbd&!delicious: positive
!but&!vb&vbd&delicious: positive
!but&vb&!vbd&!do: positive
!but&vb&!vbd&do: negative
!but&vb&vbd&!italian: negative
!but&vb&vbd&italian: positive
but&!jj&!were&!rp: negative
but&!jj&!were&rp: neutral
but&!jj&were&!they: neutral
but&!jj&were&they: negative
but&jj&!worth&!jjr: positive
but&jj&!worth&jjr: negative
but&jj&worth&!in: conflict
but&jj&worth&in: positive
DecisionTree learned:
!but&!in&!great&!delicious: positive
!but&!in&!great&delicious: positive
!but&!in&great&!not: positive
!but&!in&great&not: conflict
!but&in&!vbz&!delicious: positive
!but&in&!vbz&delicious: positive
!but&in&vbz&!be: positive
!but&in&vbz&be: negative
but&!chicken&!jj&!was: negative
but&!chicken&!jj&was: negative
but&!chicken&jj&!worth: positive
but&!chicken&jj&worth: conflict
but&chicken&!with: negative
but&chicken&with: negative
DecisionTree learned:
!but&!not&!dinner&!great: positive
!but&!not&!dinner&great: positive
!but&!not&dinner&!cc: neutral
!but&!not&dinner&cc: neutral
!but&not&!tastes&!worth: negative
!but&not&!tastes&worth: negative
!but&not&tastes&!for: positive
!but&not&tastes&for: positive
but&!jj&!we&!wp: positive
but&!jj&!we&wp: neutral
but&!jj&we&!in: neutral
but&!jj&we&in: negative
but&jj&!chicken&!who: positive
but&jj&!chicken&who: conflict
but&jj&chicken&!with: negative
but&jj&chicken&with: negative
DecisionTree learned:
!but&!vb&!for&!and: positive
!but&!vb&!for&and: positive
!but&!vb&for&!went: positive
!but&!vb&for&went: neutral
!but&vb&!excellent&!rbr: positive
!but&vb&!excellent&rbr: positive
!but&vb&excellent&!on: positive
!but&vb&excellent&on: positive
but&!only&!jj&!of: negative
but&!only&!jj&of: negative
but&!only&jj&!rbr: positive
but&!only&jj&rbr: conflict
but&only&!was&!vbn: positive
but&only&!was&vbn: neutral
but&only&was&!nns: positive
but&only&was&nns: positive
DecisionTree learned:
!but&!excellent&!vbd&!though: positive
!but&!excellent&!vbd&though: conflict
!but&!excellent&vbd&!delicious: positive
!but&!excellent&vbd&delicious: positive
!but&excellent&!can&!do: positive
!but&excellent&!can&do: negative
!but&excellent&can: positive
but&!jj&!md&!was: neutral
but&!jj&!md&was: negative
but&!jj&md&!dt: positive
but&!jj&md&dt: negative
but&jj&!not&!expensive: positive
but&jj&!not&expensive: conflict
but&jj&not&!vbg: conflict
but&jj&not&vbg: positive
DecisionTree learned:
!but&!not&!vbz&!nnp: positive
!but&!not&!vbz&nnp: positive
!but&!not&vbz&!be: positive
!but&!not&vbz&be: negative
!but&not&!was&!are: negative
!but&not&!was&are: negative
!but&not&was&!nns: negative
!but&not&was&nns: negative
but&!wp&!that&!specials: positive
but&!wp&!that&specials: positive
but&!wp&that&!shrimp: negative
but&!wp&that&shrimp: positive
but&wp&!of&!for: neutral
but&wp&!of&for: positive
but&wp&of&!nns: conflict
but&wp&of&nns: negative
DecisionTree learned:
!but&!friendly&!excellent&!was: positive
!but&!friendly&!excellent&was: negative
!but&!friendly&excellent&!can: positive
!but&!friendly&excellent&can: positive
!but&friendly&!is&!for: positive
!but&friendly&!is&for: neutral
!but&friendly&is&!there: positive
!but&friendly&is&there: conflict
but&!jj&!rbr&!md: negative
but&!jj&!rbr&md: negative
but&!jj&rbr: positive
but&jj&!expensive&!we: positive
but&jj&!expensive&we: neutral
but&jj&expensive&!restaurant: conflict
but&jj&expensive&restaurant: neutral
DecisionTree learned:
!but&!friendly&!vb&!not: positive
!but&!friendly&!vb&not: negative
!but&!friendly&vb&!served: positive
!but&!friendly&vb&served: negative
!but&friendly&!is&!dishes: positive
!but&friendly&!is&dishes: neutral
!but&friendly&is&!there: positive
!but&friendly&is&there: conflict
but&!jj&!md&!rbr: neutral
but&!jj&!md&rbr: positive
but&!jj&md&!again: negative
but&!jj&md&again: positive
but&jj&!not&!rbr: positive
but&jj&!not&rbr: neutral
but&jj&not&!vbg: conflict
but&jj&not&vbg: positive
DecisionTree learned:
!but&!not&!dinner&!great: positive
!but&!not&!dinner&great: positive
!but&!not&dinner&!would: neutral
!but&!not&dinner&would: negative
!but&not&!worth&!nice: negative
!but&not&!worth&nice: conflict
!but&not&worth&!with: negative
!but&not&worth&with: conflict
but&!jj&!was&!with: positive
but&!jj&!was&with: negative
but&!jj&was: negative
but&jj&!our&!only: positive
but&jj&!our&only: positive
but&jj&our&!for: neutral
but&jj&our&for: neutral
DecisionTree learned:
!but&!dinner&!friendly&!in: positive
!but&!dinner&!friendly&in: positive
!but&!dinner&friendly&!is: positive
!but&!dinner&friendly&is: positive
!but&dinner&!not&!cc: neutral
!but&dinner&!not&cc: neutral
!but&dinner&not&!i: negative
!but&dinner&not&i: neutral
but&!jj&!md&!how: negative
but&!jj&!md&how: positive
but&!jj&md&!n: positive
but&!jj&md&n: negative
but&jj&!not&!jjr: positive
but&jj&!not&jjr: negative
but&jj&not&!vbg: conflict
but&jj&not&vbg: positive
DecisionTree learned:
!but&!friendly&!though&!was: positive
!but&!friendly&!though&was: negative
!but&!friendly&though&!jjs: negative
!but&!friendly&though&jjs: positive
!but&friendly&!is&!rb: neutral
!but&friendly&!is&rb: positive
!but&friendly&is&!there: positive
!but&friendly&is&there: conflict
but&!jj&!md&!also: neutral
but&!jj&!md&also: positive
but&!jj&md&!dt: positive
but&!jj&md&dt: negative
but&jj&!i&!in: conflict
but&jj&!i&in: positive
but&jj&i&!food: positive
but&jj&i&food: conflict
DecisionTree learned:
!but&!friendly&!good&!was: positive
!but&!friendly&!good&was: negative
!but&!friendly&good&!wdt: positive
!but&!friendly&good&wdt: neutral
!but&friendly&!is&!the: positive
!but&friendly&!is&the: positive
!but&friendly&is&!prices: positive
!but&friendly&is&prices: conflict
but&!wrb&!only&!at: negative
but&!wrb&!only&at: neutral
but&!wrb&only&!food: neutral
but&!wrb&only&food: positive
but&wrb&!at&!vbp: positive
but&wrb&!at&vbp: neutral
but&wrb&at&!vbg: negative
but&wrb&at&vbg: neutral
DecisionTree learned:
!but&!friendly&!though&!was: positive
!but&!friendly&!though&was: negative
!but&!friendly&though&!jjs: negative
!but&!friendly&though&jjs: positive
!but&friendly&!is&!the: positive
!but&friendly&!is&the: positive
!but&friendly&is&!there: positive
!but&friendly&is&there: conflict
but&!jj&!md&!rbr: neutral
but&!jj&!md&rbr: positive
but&!jj&md&!jjr: positive
but&!jj&md&jjr: negative
but&jj&!worth&!only: positive
but&jj&!worth&only: positive
but&jj&worth&!in: conflict
but&jj&worth&in: positive
DecisionTree learned:
!but&!vbz&!delicious&!bland: positive
!but&!vbz&!delicious&bland: negative
!but&!vbz&delicious&!bar: positive
!but&!vbz&delicious&bar: neutral
!but&vbz&!though&!matter: positive
!but&vbz&!though&matter: conflict
!but&vbz&though&!authentic: conflict
!but&vbz&though&authentic: neutral
but&!jj&!rbr&!md: neutral
but&!jj&!rbr&md: negative
but&!jj&rbr: positive
but&jj&!only&!rbr: positive
but&jj&!only&rbr: conflict
but&jj&only&!food: neutral
but&jj&only&food: positive
DecisionTree learned:
!but&!vbz&!delicious&!bland: positive
!but&!vbz&!delicious&bland: negative
!but&!vbz&delicious&!also: positive
!but&!vbz&delicious&also: neutral
!but&vbz&!do&!be: positive
!but&vbz&!do&be: negative
!but&vbz&do&!what: negative
!but&vbz&do&what: neutral
but&!jj&!was&!md: neutral
but&!jj&!was&md: positive
but&!jj&was: negative
but&jj&!i&!not: positive
but&jj&!i&not: neutral
but&jj&i&!food: positive
but&jj&i&food: conflict
DecisionTree learned:
!but&!great&!though&!matter: positive
!but&!great&!though&matter: conflict
!but&!great&though&!jjs: negative
!but&!great&though&jjs: positive
!but&great&!cd&!not: positive
!but&great&!cd&not: conflict
!but&great&cd&!vbd: negative
!but&great&cd&vbd: neutral
but&!we&!that&!special: positive
but&!we&!that&special: neutral
but&!we&that&!md: negative
but&!we&that&md: positive
but&we&!jj&!in: neutral
but&we&!jj&in: negative
but&we&jj&!very: neutral
but&we&jj&very: positive
DecisionTree learned:
!but&!vbz&!in&!great: positive
!but&!vbz&!in&great: positive
!but&!vbz&in&!nnp: neutral
!but&!vbz&in&nnp: positive
!but&vbz&!though&!matter: positive
!but&vbz&!though&matter: conflict
!but&vbz&though&!from: conflict
!but&vbz&though&from: negative
but&!jj&!md&!down: negative
but&!jj&!md&down: positive
but&!jj&md&!dt: positive
but&!jj&md&dt: negative
but&jj&!the&!there: positive
but&jj&!the&there: conflict
but&jj&the&!chicken: positive
but&jj&the&chicken: negative
DecisionTree learned:
!but&!dinner&!excellent&!try: positive
!but&!dinner&!excellent&try: positive
!but&!dinner&excellent&!can: positive
!but&!dinner&excellent&can: conflict
!but&dinner&!not&!would: neutral
!but&dinner&!not&would: negative
!but&dinner&not&!i: negative
!but&dinner&not&i: negative
but&!jj&!md&!for: neutral
but&!jj&!md&for: positive
but&!jj&md&!good: negative
but&!jj&md&good: positive
but&jj&!only&!rbr: positive
but&jj&!only&rbr: conflict
but&jj&only&!was: positive
but&jj&only&was: positive
DecisionTree learned:
!but&!though&!dinner&!try: positive
!but&!though&!dinner&try: positive
!but&!though&dinner&!not: neutral
!but&!though&dinner&not: negative
!but&though&!jjs&!it: negative
!but&though&!jjs&it: conflict
!but&though&jjs&!nns: positive
!but&though&jjs&nns: positive
but&!expensive&!we&!who: positive
but&!expensive&!we&who: neutral
but&!expensive&we&!jj: negative
but&!expensive&we&jj: neutral
but&expensive&!restaurant&!it: conflict
but&expensive&!restaurant&it: conflict
but&expensive&restaurant: neutral
DecisionTree learned:
!but&!friendly&!good&!dinner: positive
!but&!friendly&!good&dinner: neutral
!but&!friendly&good&!prp: positive
!but&!friendly&good&prp: positive
!but&friendly&!is&!the: positive
!but&friendly&!is&the: positive
!but&friendly&is&!there: positive
!but&friendly&is&there: conflict
but&!jj&!vbd&!vbz: positive
but&!jj&!vbd&vbz: negative
but&!jj&vbd&!was: neutral
but&!jj&vbd&was: negative
but&jj&!not&!nn: conflict
but&jj&!not&nn: negative
but&jj&not&!great: conflict
but&jj&not&great: positive
DecisionTree learned:
!but&!though&!matter&!friendly: positive
!but&!though&!matter&friendly: positive
!but&!though&matter&!vbg: conflict
!but&!though&matter&vbg: conflict
!but&though&!even&!your: conflict
!but&though&!even&your: negative
!but&though&even&!cd: negative
!but&though&even&cd: neutral
but&!jj&!rp&!n: positive
but&!jj&!rp&n: negative
but&!jj&rp&!dinner: neutral
but&!jj&rp&dinner: positive
but&jj&!nn&!nnp: conflict
but&jj&!nn&nnp: neutral
but&jj&nn&!i: positive
but&jj&nn&i: conflict
DecisionTree learned:
!but&!our&!friendly&!jj: neutral
!but&!our&!friendly&jj: positive
!but&!our&friendly&!is: positive
!but&!our&friendly&is: positive
!but&our&!md&!rb: neutral
!but&our&!md&rb: neutral
!but&our&md&!table: neutral
!but&our&md&table: negative
but&!expensive&!we&!is: negative
but&!expensive&!we&is: positive
but&!expensive&we&!rb: negative
but&!expensive&we&rb: neutral
but&expensive&!food&!nns: negative
but&expensive&!food&nns: neutral
but&expensive&food&!vbd: conflict
but&expensive&food&vbd: conflict
DecisionTree learned:
!but&!vbz&!delicious&!bland: positive
!but&!vbz&!delicious&bland: negative
!but&!vbz&delicious&!bar: positive
!but&!vbz&delicious&bar: neutral
!but&vbz&!do&!rest: positive
!but&vbz&!do&rest: conflict
!but&vbz&do&!to: negative
!but&vbz&do&to: negative
but&!only&!jj&!of: positive
but&!only&!jj&of: negative
but&!only&jj&!that: positive
but&!only&jj&that: negative
but&only&!food&!place: neutral
but&only&!food&place: positive
but&only&food: positive
DecisionTree learned:
!but&!friendly&!worth&!fine: positive
!but&!friendly&!worth&fine: positive
!but&!friendly&worth&!and: conflict
!but&!friendly&worth&and: negative
!but&friendly&!is&!jjs: positive
!but&friendly&!is&jjs: neutral
!but&friendly&is&!prices: positive
!but&friendly&is&prices: conflict
but&!special&!jj&!down: negative
but&!special&!jj&down: positive
but&!special&jj&!worth: positive
but&!special&jj&worth: conflict
but&special&!they&!nns: neutral
but&special&!they&nns: neutral
but&special&they: neutral
DecisionTree learned:
!but&!jj&!flavor&!cd: positive
!but&!jj&!flavor&cd: neutral
!but&!jj&flavor&!for: negative
!but&!jj&flavor&for: conflict
!but&jj&!excellent&!well: positive
!but&jj&!excellent&well: positive
!but&jj&excellent&!you: positive
!but&jj&excellent&you: positive
but&!jj&!md&!rbr: neutral
but&!jj&!md&rbr: positive
but&!jj&md&!dt: positive
but&!jj&md&dt: negative
but&jj&!only&!at: positive
but&jj&!only&at: neutral
but&jj&only&!was: neutral
but&jj&only&was: positive
DecisionTree learned:
!but&!great&!though&!was: positive
!but&!great&!though&was: negative
!but&!great&though&!even: conflict
!but&!great&though&even: negative
!but&great&!cd&!kids: positive
!but&great&!cd&kids: conflict
!but&great&cd&!for: negative
!but&great&cd&for: neutral
but&!jj&!md&!down: negative
but&!jj&!md&down: positive
but&!jj&md&!n: positive
but&!jj&md&n: negative
but&jj&!i&!in: conflict
but&jj&!i&in: positive
but&jj&i&!cd: conflict
but&jj&i&cd: neutral
DecisionTree learned:
!but&!though&!was&!in: positive
!but&!though&!was&in: positive
!but&!though&was&!rbr: negative
!but&!though&was&rbr: conflict
!but&though&!even&!it: negative
!but&though&!even&it: conflict
!but&though&even&!reservation: negative
!but&though&even&reservation: neutral
but&!we&!that&!wife: positive
but&!we&!that&wife: conflict
but&!we&that&!who: negative
but&!we&that&who: conflict
but&we&!very&!rb: negative
but&we&!very&rb: neutral
but&we&very&!nns: conflict
but&we&very&nns: positive
DecisionTree learned:
!jj&!cd&!best&!nnp: negative
!jj&!cd&!best&nnp: positive
!jj&!cd&best&!salad: positive
!jj&!cd&best&salad: neutral
!jj&cd&!chocolate&!appetizer: neutral
!jj&cd&!chocolate&appetizer: neutral
!jj&cd&chocolate: positive
jj&!but&!vb&!small: positive
jj&!but&!vb&small: negative
jj&!but&vb&!nns: negative
jj&!but&vb&nns: neutral
jj&but&!worth&!while: positive
jj&but&!worth&while: neutral
jj&but&worth&!in: conflict
jj&but&worth&in: positive
DecisionTree learned:
!but&!excellent&!try&!dinner: positive
!but&!excellent&!try&dinner: neutral
!but&!excellent&try&!bagel: positive
!but&!excellent&try&bagel: neutral
!but&excellent&!can&!that: positive
!but&excellent&!can&that: neutral
!but&excellent&can: conflict
but&!at&!wrb&!only: negative
but&!at&!wrb&only: neutral
but&!at&wrb&!of: positive
but&!at&wrb&of: neutral
but&at&!and&!hard: negative
but&at&!and&hard: negative
but&at&and&!as: neutral
but&at&and&as: neutral
DecisionTree learned:
!but&!though&!jj&!flavor: neutral
!but&!though&!jj&flavor: negative
!but&!though&jj&!well: positive
!but&!though&jj&well: positive
!but&though&!even&!your: conflict
!but&though&!even&your: negative
!but&though&even&!with: negative
!but&though&even&with: positive
but&!jj&!was&!md: neutral
but&!jj&!was&md: negative
but&!jj&was: negative
but&jj&!that&!wrb: positive
but&jj&!that&wrb: neutral
but&jj&that&!who: negative
but&jj&that&who: conflict
DecisionTree learned:
!but&!vbz&!bland&!delicious: positive
!but&!vbz&!bland&delicious: positive
!but&!vbz&bland&!a: negative
!but&!vbz&bland&a: conflict
!but&vbz&!md&!far: positive
!but&vbz&!md&far: conflict
!but&vbz&md&!more: negative
!but&vbz&md&more: conflict
but&!jj&!md&!with: neutral
but&!jj&!md&with: negative
but&!jj&md&!s: positive
but&!jj&md&s: negative
but&jj&!worth&!is: negative
but&jj&!worth&is: positive
but&jj&worth&!in: conflict
but&jj&worth&in: conflict
DecisionTree learned:
!but&!jj&!the&!much: neutral
!but&!jj&!the&much: negative
!but&!jj&the&!flavor: positive
!but&!jj&the&flavor: negative
!but&jj&!in&!great: positive
!but&jj&!in&great: positive
!but&jj&in&!service: positive
!but&jj&in&service: negative
but&!wrb&!that&!at: positive
but&!wrb&!that&at: neutral
but&!wrb&that&!my: positive
but&!wrb&that&my: negative
but&wrb&!took&!at: positive
but&wrb&!took&at: negative
but&wrb&took&!nns: neutral
but&wrb&took&nns: neutral
DecisionTree learned:
!but&!though&!well&!can: positive
!but&!though&!well&can: positive
!but&!though&well&!far: positive
!but&!though&well&far: conflict
!but&though&!we&!i: conflict
!but&though&!we&i: conflict
!but&though&we&!well: neutral
!but&though&we&well: negative
but&!jj&!md&!also: neutral
but&!jj&!md&also: positive
but&!jj&md&!jjr: positive
but&!jj&md&jjr: negative
but&jj&!worth&!chicken: positive
but&jj&!worth&chicken: negative
but&jj&worth&!in: conflict
but&jj&worth&in: positive
DecisionTree learned:
!but&!the&!jj&!for: neutral
!but&!the&!jj&for: neutral
!but&!the&jj&!over: positive
!but&!the&jj&over: negative
!but&the&!our&!wine: positive
!but&the&!our&wine: positive
!but&the&our&!that: neutral
!but&the&our&that: negative
but&!small&!who&!that: positive
but&!small&!who&that: negative
but&!small&who&!for: neutral
but&!small&who&for: conflict
but&small&!there&!dessert: negative
but&small&!there&dessert: negative
but&small&there&!nns: conflict
but&small&there&nns: conflict
DecisionTree learned:
!jj&!flavor&!its&!lunch: neutral
!jj&!flavor&!its&lunch: neutral
!jj&!flavor&its&!like: conflict
!jj&!flavor&its&like: negative
!jj&flavor&!for: negative
!jj&flavor&for: conflict
jj&!but&!rb&!rest: positive
jj&!but&!rb&rest: conflict
jj&!but&rb&!cheese: positive
jj&!but&rb&cheese: neutral
jj&but&!small&!that: positive
jj&but&!small&that: negative
jj&but&small&!a: negative
jj&but&small&a: conflict
DecisionTree learned:
!jj&!best&!flavor&!its: neutral
!jj&!best&!flavor&its: negative
!jj&!best&flavor&!for: negative
!jj&!best&flavor&for: neutral
!jj&best&!food&!jjr: positive
!jj&best&!food&jjr: negative
!jj&best&food&!vbz: neutral
!jj&best&food&vbz: positive
jj&!but&!vbz&!bland: positive
jj&!but&!vbz&bland: negative
jj&!but&vbz&!though: positive
jj&!but&vbz&though: conflict
jj&but&!that&!special: positive
jj&but&!that&special: neutral
jj&but&that&!shrimp: negative
jj&but&that&shrimp: positive
DecisionTree learned:
!but&!fine&!jj&!though: neutral
!but&!fine&!jj&though: negative
!but&!fine&jj&!far: positive
!but&!fine&jj&far: conflict
!but&fine&!had&!of: positive
!but&fine&!had&of: conflict
!but&fine&had&!and: conflict
!but&fine&had&and: conflict
but&!jj&!wp&!we: positive
but&!jj&!wp&we: negative
but&!jj&wp&!nns: neutral
but&!jj&wp&nns: neutral
but&jj&!not&!small: positive
but&jj&!not&small: negative
but&jj&not&!service: neutral
but&jj&not&service: conflict
DecisionTree learned:
!but&!vbz&!delicious&!little: negative
!but&!vbz&!delicious&little: conflict
!but&!vbz&delicious&!bar: positive
!but&!vbz&delicious&bar: neutral
!but&vbz&!though&!matter: positive
!but&vbz&!though&matter: conflict
!but&vbz&though&!wp: conflict
!but&vbz&though&wp: negative
but&!who&!that&!wife: positive
but&!who&!that&wife: conflict
but&!who&that&!from: negative
but&!who&that&from: negative
but&who&!cd&!for: neutral
but&who&!cd&for: conflict
but&who&cd&!for: negative
but&who&cd&for: negative
DecisionTree learned:
!but&!fine&!jj&!its: neutral
!but&!fine&!jj&its: negative
!but&!fine&jj&!bland: positive
!but&!fine&jj&bland: negative
!but&fine&!had&!of: positive
!but&fine&!had&of: conflict
!but&fine&had&!nns: conflict
!but&fine&had&nns: conflict
but&!ever&!jj&!vbd: positive
but&!ever&!jj&vbd: neutral
but&!ever&jj&!not: negative
but&!ever&jj&not: conflict
but&ever: negative
DecisionTree learned:
!but&!although&!our&!far: positive
!but&!although&!our&far: conflict
!but&!although&our&!md: neutral
!but&!although&our&md: negative
!but&although&!service&!nns: conflict
!but&although&!service&nns: neutral
!but&although&service&!to: negative
!but&although&service&to: neutral
but&!jj&!rp&!n: negative
but&!jj&!rp&n: negative
but&!jj&rp&!dinner: neutral
but&!jj&rp&dinner: neutral
but&jj&!not&!nn: conflict
but&jj&!not&nn: negative
but&jj&not&!service: neutral
but&jj&not&service: conflict
DecisionTree learned:
!but&!dinner&!bland&!fine: positive
!but&!dinner&!bland&fine: conflict
!but&!dinner&bland&!a: negative
!but&!dinner&bland&a: conflict
!but&dinner&!not&!cc: neutral
!but&dinner&!not&cc: neutral
!but&dinner&not&!i: negative
!but&dinner&not&i: neutral
but&!small&!jj&!md: neutral
but&!small&!jj&md: positive
but&!small&jj&!that: positive
but&!small&jj&that: negative
but&small&!a: negative
but&small&a&!were: conflict
but&small&a&were: negative
DecisionTree learned:
!but&!worth&!matter&!house: positive
!but&!worth&!matter&house: conflict
!but&!worth&matter&!vbg: conflict
!but&!worth&matter&vbg: conflict
!but&worth&!and&!well: conflict
!but&worth&!and&well: conflict
!but&worth&and&!enough: neutral
!but&worth&and&enough: positive
but&!jj&!was&!vbd: positive
but&!jj&!was&vbd: neutral
but&!jj&was: negative
but&jj&!only&!rbr: positive
but&jj&!only&rbr: conflict
but&jj&only&!food: neutral
but&jj&only&food: positive
DecisionTree learned:
!but&!dinner&!wine&!worth: positive
!but&!dinner&!wine&worth: conflict
!but&!dinner&wine&!service: neutral
!but&!dinner&wine&service: positive
!but&dinner&!not&!cc: neutral
!but&dinner&!not&cc: neutral
!but&dinner&not&!i: negative
!but&dinner&not&i: neutral
but&!expensive&!we&!wrb: negative
but&!expensive&!we&wrb: neutral
but&!expensive&we&!never: neutral
but&!expensive&we&never: positive
but&expensive&!restaurant&!it: conflict
but&expensive&!restaurant&it: conflict
but&expensive&restaurant: neutral
DecisionTree learned:
!but&!fine&!our&!try: positive
!but&!fine&!our&try: positive
!but&!fine&our&!order: neutral
!but&!fine&our&order: negative
!but&fine&!had&!of: positive
!but&fine&!had&of: conflict
!but&fine&had&!and: conflict
!but&fine&had&and: conflict
but&!wrb&!pizza&!not: negative
but&!wrb&!pizza&not: conflict
but&!wrb&pizza&!to: positive
but&!wrb&pizza&to: positive
but&wrb&!took&!nns: positive
but&wrb&!took&nns: neutral
but&wrb&took&!nns: neutral
but&wrb&took&nns: neutral
DecisionTree learned:
!but&!well&!atmosphere&!bland: positive
!but&!well&!atmosphere&bland: negative
!but&!well&atmosphere&!they: positive
!but&!well&atmosphere&they: conflict
!but&well&!tasty&!vbg: positive
!but&well&!tasty&vbg: conflict
!but&well&tasty&!of: conflict
!but&well&tasty&of: positive
but&!wrb&!only&!jj: negative
but&!wrb&!only&jj: negative
but&!wrb&only&!food: neutral
but&!wrb&only&food: positive
but&wrb&!great&!it: negative
but&wrb&!great&it: neutral
but&wrb&great&!nns: positive
but&wrb&great&nns: neutral
DecisionTree learned:
!but&!can&!though&!although: positive
!but&!can&!though&although: conflict
!but&!can&though&!even: conflict
!but&!can&though&even: negative
!but&can&!cost&!they: positive
!but&can&!cost&they: conflict
!but&can&cost&!for: conflict
!but&can&cost&for: conflict
but&!jj&!md&!also: neutral
but&!jj&!md&also: positive
but&!jj&md&!dt: positive
but&!jj&md&dt: negative
but&jj&!high&!small: positive
but&jj&!high&small: negative
but&jj&high&!dt: negative
but&jj&high&dt: conflict
DecisionTree learned:
!but&!fine&!jj&!the: neutral
!but&!fine&!jj&the: positive
!but&!fine&jj&!well: positive
!but&!fine&jj&well: positive
!but&fine&!expected&!jjs: positive
!but&fine&!expected&jjs: conflict
!but&fine&expected: conflict
but&!jj&!md&!was: neutral
but&!jj&!md&was: negative
but&!jj&md&!dt: positive
but&!jj&md&dt: negative
but&jj&!worth&!who: positive
but&jj&!worth&who: conflict
but&jj&worth&!in: conflict
but&jj&worth&in: conflict
DecisionTree learned:
!but&!though&!can&!friendly: positive
!but&!though&!can&friendly: positive
!but&!though&can&!be: conflict
!but&!though&can&be: negative
!but&though&!even&!your: conflict
!but&though&!even&your: negative
!but&though&even&!the: negative
!but&though&even&the: positive
but&!jj&!md&!also: neutral
but&!jj&!md&also: positive
but&!jj&md&!good: negative
but&!jj&md&good: positive
but&jj&!chicken&!special: positive
but&jj&!chicken&special: neutral
but&jj&chicken&!with: negative
but&jj&chicken&with: negative
DecisionTree learned:
!but&!can&!friendly&!bland: positive
!but&!can&!friendly&bland: negative
!but&!can&friendly&!is: positive
!but&!can&friendly&is: positive
!but&can&!cost&!they: positive
!but&can&!cost&they: conflict
!but&can&cost&!for: conflict
!but&can&cost&for: conflict
but&!that&!jj&!n: neutral
but&!that&!jj&n: negative
but&!that&jj&!only: positive
but&!that&jj&only: positive
but&that&!jjs&!us: negative
but&that&!jjs&us: positive
but&that&jjs&!is: neutral
but&that&jjs&is: positive
DecisionTree learned:
!jj&!flavor&!its&!cd: positive
!jj&!flavor&!its&cd: neutral
!jj&!flavor&its&!worth: negative
!jj&!flavor&its&worth: conflict
!jj&flavor&!for: negative
!jj&flavor&for: conflict
jj&!but&!rb&!rest: positive
jj&!but&!rb&rest: conflict
jj&!but&rb&!we: positive
jj&!but&rb&we: negative
jj&but&!that&!small: positive
jj&but&!that&small: negative
jj&but&that&!who: negative
jj&but&that&who: conflict
DecisionTree learned:
!jj&!flavor&!its&!best: neutral
!jj&!flavor&!its&best: positive
!jj&!flavor&its&!worth: positive
!jj&!flavor&its&worth: conflict
!jj&flavor&!for: negative
!jj&flavor&for: conflict
jj&!but&!far&!can: positive
jj&!but&!far&can: conflict
jj&!but&far&!vbg: positive
jj&!but&far&vbg: conflict
jj&but&!that&!about: positive
jj&but&!that&about: negative
jj&but&that&!experience: negative
jj&but&that&experience: positive
DecisionTree learned:
!but&!fine&!well&!friendly: positive
!but&!fine&!well&friendly: positive
!but&!fine&well&!tasty: positive
!but&!fine&well&tasty: conflict
!but&fine&!had&!of: positive
!but&fine&!had&of: conflict
!but&fine&had&!and: conflict
!but&fine&had&and: conflict
but&!jj&!we&!rp: positive
but&!jj&!we&rp: neutral
but&!jj&we&!was: neutral
but&!jj&we&was: negative
but&jj&!that&!about: positive
but&jj&!that&about: negative
but&jj&that&!experience: negative
but&jj&that&experience: positive
DecisionTree learned:
!but&!it&!with&!jj: neutral
!but&!it&!with&jj: positive
!but&!it&with&!wait: neutral
!but&!it&with&wait: negative
!but&it&!vbn&!matter: negative
!but&it&!vbn&matter: conflict
!but&it&vbn&!all: negative
!but&it&vbn&all: neutral
but&!jj&!md&!for: neutral
but&!jj&!md&for: positive
but&!jj&md&!again: negative
but&!jj&md&again: positive
but&jj&!special&!only: positive
but&jj&!special&only: neutral
but&jj&special&!they: neutral
but&jj&special&they: neutral
DecisionTree learned:
!but&!service&!although&!worth: positive
!but&!service&!although&worth: conflict
!but&!service&although&!nns: conflict
!but&!service&although&nns: neutral
!but&service&!vb&!sometimes: positive
!but&service&!vb&sometimes: conflict
!but&service&vb&!prices: negative
!but&service&vb&prices: conflict
but&!jj&!md&!rbr: neutral
but&!jj&!md&rbr: positive
but&!jj&md&!good: negative
but&!jj&md&good: positive
but&jj&!only&!rbr: positive
but&jj&!only&rbr: conflict
but&jj&only&!food: neutral
but&jj&only&food: positive
DecisionTree learned:
!but&!vbz&!bland&!exceeded: negative
!but&!vbz&!bland&exceeded: conflict
!but&!vbz&bland&!a: negative
!but&!vbz&bland&a: conflict
!but&vbz&!could&!far: positive
!but&vbz&!could&far: conflict
!but&vbz&could&!of: conflict
!but&vbz&could&of: negative
but&!jj&!md&!rbr: neutral
but&!jj&!md&rbr: positive
but&!jj&md&!the: positive
but&!jj&md&the: negative
but&jj&!that&!wrb: positive
but&jj&!that&wrb: neutral
but&jj&that&!who: negative
but&jj&that&who: conflict
DecisionTree learned:
!but&!jj&!flavor&!best: neutral
!but&!jj&!flavor&best: positive
!but&!jj&flavor&!for: negative
!but&!jj&flavor&for: conflict
!but&jj&!rb&!rest: positive
!but&jj&!rb&rest: conflict
!but&jj&rb&!we: positive
!but&jj&rb&we: neutral
but&!wrb&!pizza&!that: negative
but&!wrb&!pizza&that: negative
but&!wrb&pizza&!to: positive
but&!wrb&pizza&to: positive
but&wrb&!took&!great: positive
but&wrb&!took&great: positive
but&wrb&took&!nns: neutral
but&wrb&took&nns: neutral
DecisionTree learned:
!but&!friendly&!bland&!in: positive
!but&!friendly&!bland&in: neutral
!but&!friendly&bland&!a: negative
!but&!friendly&bland&a: conflict
!but&friendly&!is&!dishes: positive
!but&friendly&!is&dishes: neutral
!but&friendly&is&!service: positive
!but&friendly&is&service: conflict
but&!jj&!md&!rbr: neutral
but&!jj&!md&rbr: positive
but&!jj&md&!again: negative
but&!jj&md&again: positive
but&jj&!only&!rbr: negative
but&jj&!only&rbr: conflict
but&jj&only&!was: neutral
but&jj&only&was: positive
DecisionTree learned:
!but&!though&!can&!little: positive
!but&!though&!can&little: conflict
!but&!though&can&!be: conflict
!but&!though&can&be: negative
!but&though&!even&!your: conflict
!but&though&!even&your: negative
!but&though&even&!to: negative
!but&though&even&to: neutral
but&!jj&!md&!down: neutral
but&!jj&!md&down: positive
but&!jj&md&!dt: positive
but&!jj&md&dt: negative
but&jj&!that&!wrb: positive
but&jj&!that&wrb: neutral
but&jj&that&!who: negative
but&jj&that&who: conflict
DecisionTree learned:
!jj&!flavor&!its&!lunch: neutral
!jj&!flavor&!its&lunch: neutral
!jj&!flavor&its&!like: conflict
!jj&!flavor&its&like: negative
!jj&flavor&!for: negative
!jj&flavor&for: conflict
jj&!but&!vbz&!bland: positive
jj&!but&!vbz&bland: conflict
jj&!but&vbz&!though: positive
jj&!but&vbz&though: conflict
jj&but&!wrb&!not: negative
jj&but&!wrb&not: conflict
jj&but&wrb&!and: neutral
jj&but&wrb&and: neutral
DecisionTree learned:
!but&!though&!can&!well: positive
!but&!though&!can&well: positive
!but&!though&can&!cost: negative
!but&!though&can&cost: conflict
!but&though&!we&!i: conflict
!but&though&!we&i: conflict
!but&though&we&!well: neutral
!but&though&we&well: negative
but&!that&!jj&!vbd: positive
but&!that&!jj&vbd: negative
but&!that&jj&!small: positive
but&!that&jj&small: negative
but&that&!who&!my: positive
but&that&!who&my: negative
but&that&who: conflict
DecisionTree learned:
!but&!worth&!house&!can: positive
!but&!worth&!house&can: conflict
!but&!worth&house&!were: positive
!but&!worth&house&were: conflict
!but&worth&!and&!well: conflict
!but&worth&!and&well: positive
!but&worth&and&!nns: positive
!but&worth&and&nns: negative
but&!who&!that&!chicken: positive
but&!who&!that&chicken: negative
but&!who&that&!my: negative
but&!who&that&my: negative
but&who&!for&!were: neutral
but&who&!for&were: conflict
but&who&for&!of: conflict
but&who&for&of: conflict
DecisionTree learned:
!jj&!flavor&!its&!love: neutral
!jj&!flavor&!its&love: positive
!jj&!flavor&its&!worth: negative
!jj&!flavor&its&worth: conflict
!jj&flavor&!for: negative
!jj&flavor&for: conflict
jj&!but&!far&!can: positive
jj&!but&!far&can: conflict
jj&!but&far&!vbg: positive
jj&!but&far&vbg: conflict
jj&but&!only&!rbr: positive
jj&but&!only&rbr: conflict
jj&but&only&!food: neutral
jj&but&only&food: positive
DecisionTree learned:
!jj&!flavor&!its&!wine: neutral
!jj&!flavor&!its&wine: positive
!jj&!flavor&its&!like: positive
!jj&!flavor&its&like: negative
!jj&flavor&!for: negative
!jj&flavor&for: conflict
jj&!but&!dinner&!rb: positive
jj&!but&!dinner&rb: negative
jj&!but&dinner&!not: neutral
jj&!but&dinner&not: negative
jj&but&!i&!special: positive
jj&but&!i&special: neutral
jj&but&i&!m: conflict
jj&but&i&m: neutral
DecisionTree learned:
!jj&!flavor&!its&!love: neutral
!jj&!flavor&!its&love: positive
!jj&!flavor&its&!like: conflict
!jj&!flavor&its&like: negative
!jj&flavor&!for: negative
!jj&flavor&for: conflict
jj&!but&!rb&!rest: positive
jj&!but&!rb&rest: conflict
jj&!but&rb&!we: positive
jj&!but&rb&we: neutral
jj&but&!worth&!small: positive
jj&but&!worth&small: negative
jj&but&worth&!in: conflict
jj&but&worth&in: positive
DecisionTree learned:
!jj&!best&!its&!flavor: neutral
!jj&!best&!its&flavor: negative
!jj&!best&its&!like: conflict
!jj&!best&its&like: negative
!jj&best&!jjr&!food: positive
!jj&best&!jjr&food: positive
!jj&best&jjr: negative
jj&!but&!rb&!rest: positive
jj&!but&!rb&rest: conflict
jj&!but&rb&!we: positive
jj&!but&rb&we: neutral
jj&but&!at&!i: positive
jj&but&!at&i: conflict
jj&but&at&!and: negative
jj&but&at&and: neutral
DecisionTree learned:
!but&!rb&!rest&!there: positive
!but&!rb&!rest&there: negative
!but&!rb&rest&!good: conflict
!but&!rb&rest&good: conflict
!but&rb&!jj&!lunch: negative
!but&rb&!jj&lunch: neutral
!but&rb&jj&!we: positive
!but&rb&jj&we: neutral
but&!that&!small&!jj: negative
but&!that&!small&jj: positive
but&!that&small&!is: conflict
but&!that&small&is: positive
but&that&!who&!my: neutral
but&that&!who&my: negative
but&that&who: conflict
DecisionTree learned:
!jj&!flavor&!its&!much: neutral
!jj&!flavor&!its&much: negative
!jj&!flavor&its&!like: conflict
!jj&!flavor&its&like: negative
!jj&flavor&!for: negative
!jj&flavor&for: conflict
jj&!but&!far&!although: positive
jj&!but&!far&although: conflict
jj&!but&far&!vbg: positive
jj&!but&far&vbg: conflict
jj&but&!that&!wrb: positive
jj&but&!that&wrb: neutral
jj&but&that&!shrimp: negative
jj&but&that&shrimp: positive
DecisionTree learned:
!but&!well&!can&!fine: positive
!but&!well&!can&fine: conflict
!but&!well&can&!be: conflict
!but&!well&can&be: negative
!but&well&!tasty&!vbg: positive
!but&well&!tasty&vbg: conflict
!but&well&tasty&!of: conflict
!but&well&tasty&of: positive
but&!wrb&!that&!only: negative
but&!wrb&!that&only: positive
but&!wrb&that&!who: negative
but&!wrb&that&who: conflict
but&wrb&!has&!at: neutral
but&wrb&!has&at: negative
but&wrb&has: positive
DecisionTree learned:
!but&!vbz&!pour&!bland: neutral
!but&!vbz&!pour&bland: negative
!but&!vbz&pour: conflict
!but&vbz&!everything&!rb: positive
!but&vbz&!everything&rb: positive
!but&vbz&everything&!to: conflict
!but&vbz&everything&to: negative
but&!that&!jj&!vbd: positive
but&!that&!jj&vbd: neutral
but&!that&jj&!only: positive
but&!that&jj&only: positive
but&that&!who&!prices: negative
but&that&!who&prices: positive
but&that&who: conflict
DecisionTree learned:
!but&!vbz&!varys&!bland: neutral
!but&!vbz&!varys&bland: negative
!but&!vbz&varys: conflict
!but&vbz&!far&!md: positive
!but&vbz&!far&md: negative
!but&vbz&far&!well: positive
!but&vbz&far&well: conflict
but&!at&!wrb&!who: negative
but&!at&!wrb&who: conflict
but&!at&wrb&!of: positive
but&!at&wrb&of: neutral
but&at&!and&!experience: negative
but&at&!and&experience: positive
but&at&and&!as: neutral
but&at&and&as: conflict
DecisionTree learned:
!but&!dinner&!friendly&!fine: positive
!but&!dinner&!friendly&fine: conflict
!but&!dinner&friendly&!is: positive
!but&!dinner&friendly&is: positive
!but&dinner&!would&!not: neutral
!but&dinner&!would&not: negative
!but&dinner&would: negative
but&!jj&!md&!also: neutral
but&!jj&!md&also: positive
but&!jj&md&!again: negative
but&!jj&md&again: positive
but&jj&!worth&!special: negative
but&jj&!worth&special: neutral
but&jj&worth&!in: conflict
but&jj&worth&in: conflict
DecisionTree learned:
!jj&!flavor&!its&!the: neutral
!jj&!flavor&!its&the: positive
!jj&!flavor&its&!like: positive
!jj&!flavor&its&like: negative
!jj&flavor&!for: negative
!jj&flavor&for: conflict
jj&!we&!well&!but: positive
jj&!we&!well&but: positive
jj&!we&well&!cd: conflict
jj&!we&well&cd: neutral
jj&we&!lunch&!were: neutral
jj&we&!lunch&were: negative
jj&we&lunch: conflict
DecisionTree learned:
!but&!can&!though&!not: positive
!but&!can&!though&not: negative
!but&!can&though&!even: conflict
!but&!can&though&even: negative
!but&can&!be&!nns: positive
!but&can&!be&nns: conflict
!but&can&be&!of: negative
!but&can&be&of: conflict
but&!at&!worth&!who: positive
but&!at&!worth&who: conflict
but&!at&worth&!in: conflict
but&!at&worth&in: positive
but&at&!and&!experience: negative
but&at&!and&experience: positive
but&at&and&!as: neutral
but&at&and&as: neutral
DecisionTree learned:
!but&!little&!worth&!in: positive
!but&!little&!worth&in: neutral
!but&!little&worth&!and: conflict
!but&!little&worth&and: neutral
!but&little&!also&!prp: negative
!but&little&!also&prp: conflict
!but&little&also: neutral
but&!jj&!was&!md: neutral
but&!jj&!was&md: negative
but&!jj&was: negative
but&jj&!at&!look: positive
but&jj&!at&look: conflict
but&jj&at&!and: negative
but&jj&at&and: neutral
DecisionTree learned:
!but&!worth&!matter&!house: positive
!but&!worth&!matter&house: conflict
!but&!worth&matter&!vbg: conflict
!but&!worth&matter&vbg: conflict
!but&worth&!and&!well: conflict
!but&worth&!and&well: conflict
!but&worth&and&!enough: neutral
!but&worth&and&enough: negative
but&!wrb&!only&!that: positive
but&!wrb&!only&that: negative
but&!wrb&only&!food: neutral
but&!wrb&only&food: positive
but&wrb&!took&!nns: positive
but&wrb&!took&nns: neutral
but&wrb&took&!nns: neutral
but&wrb&took&nns: neutral
DecisionTree learned:
!but&!well&!worth&!atmosphere: negative
!but&!well&!worth&atmosphere: positive
!but&!well&worth&!and: conflict
!but&!well&worth&and: negative
!but&well&!far&!vb: positive
!but&well&!far&vb: neutral
!but&well&far&!nns: conflict
!but&well&far&nns: conflict
but&!that&!small&!jj: neutral
but&!that&!small&jj: positive
but&!that&small&!were: conflict
but&!that&small&were: negative
but&that&!who&!cost: negative
but&that&!who&cost: positive
but&that&who: conflict
DecisionTree learned:
!jj&!the&!much&!vbd: neutral
!jj&!the&!much&vbd: neutral
!jj&!the&much&!in: positive
!jj&!the&much&in: negative
!jj&the&!flavor&!though: positive
!jj&the&!flavor&though: negative
!jj&the&flavor&!for: negative
!jj&the&flavor&for: conflict
jj&!we&!but&!rb: positive
jj&!we&!but&rb: positive
jj&!we&but&!not: negative
jj&!we&but&not: neutral
jj&we&!were&!very: neutral
jj&we&!were&very: negative
jj&we&were&!rp: positive
jj&we&were&rp: negative
DecisionTree learned:
!jj&!flavor&!its&!lunch: neutral
!jj&!flavor&!its&lunch: neutral
!jj&!flavor&its&!like: conflict
!jj&!flavor&its&like: negative
!jj&flavor&!for: negative
!jj&flavor&for: conflict
jj&!but&!rb&!rest: positive
jj&!but&!rb&rest: conflict
jj&!but&rb&!we: positive
jj&!but&rb&we: neutral
jj&but&!that&!only: positive
jj&but&!that&only: positive
jj&but&that&!experience: negative
jj&but&that&experience: positive
DecisionTree learned:
!but&!vbz&!un&!little: negative
!but&!vbz&!un&little: conflict
!but&!vbz&un: conflict
!but&vbz&!could&!far: positive
!but&vbz&!could&far: conflict
!but&vbz&could&!of: conflict
!but&vbz&could&of: neutral
but&!jj&!wp&!we: negative
but&!jj&!wp&we: negative
but&!jj&wp&!for: neutral
but&!jj&wp&for: neutral
but&jj&!that&!wrb: negative
but&jj&!that&wrb: neutral
but&jj&that&!shrimp: negative
but&jj&that&shrimp: positive
DecisionTree learned:
!jj&!lunch&!the&!cd: neutral
!jj&!lunch&!the&cd: neutral
!jj&!lunch&the&!rb: positive
!jj&!lunch&the&rb: negative
!jj&lunch&!in: positive
!jj&lunch&in&!place: neutral
!jj&lunch&in&place: positive
jj&!we&!well&!but: positive
jj&!we&!well&but: positive
jj&!we&well&!not: positive
jj&!we&well&not: negative
jj&we&!vb&!expensive: positive
jj&we&!vb&expensive: conflict
jj&we&vb&!fondue: negative
jj&we&vb&fondue: neutral
DecisionTree learned:
!jj&!flavor&!its&!best: neutral
!jj&!flavor&!its&best: positive
!jj&!flavor&its&!like: conflict
!jj&!flavor&its&like: negative
!jj&flavor&!for: negative
!jj&flavor&for: conflict
jj&!but&!rb&!rest: positive
jj&!but&!rb&rest: conflict
jj&!but&rb&!we: positive
jj&!but&rb&we: neutral
jj&but&!that&!not: negative
jj&but&!that&not: positive
jj&but&that&!shrimp: negative
jj&but&that&shrimp: positive
DecisionTree learned:
!jj&!its&!flavor&!much: neutral
!jj&!its&!flavor&much: negative
!jj&!its&flavor&!for: negative
!jj&!its&flavor&for: conflict
!jj&its&!worth&!like: positive
!jj&its&!worth&like: negative
!jj&its&worth: conflict
jj&!but&!rb&!rest: positive
jj&!but&!rb&rest: conflict
jj&!but&rb&!we: positive
jj&!but&rb&we: neutral
jj&but&!small&!expensive: positive
jj&but&!small&expensive: conflict
jj&but&small&!a: negative
jj&but&small&a: conflict
DecisionTree learned:
!but&!little&!vbz&!thus: negative
!but&!little&!vbz&thus: conflict
!but&!little&vbz&!though: positive
!but&!little&vbz&though: conflict
!but&little&!also&!prp: negative
!but&little&!also&prp: conflict
!but&little&also: neutral
but&!that&!wrb&!only: negative
but&!that&!wrb&only: positive
but&!that&wrb&!great: negative
but&!that&wrb&great: neutral
but&that&!you&!to: negative
but&that&!you&to: neutral
but&that&you&!good: positive
but&that&you&good: neutral
DecisionTree learned:
!but&!rb&!rest&!bad: positive
!but&!rb&!rest&bad: negative
!but&!rb&rest&!good: conflict
!but&!rb&rest&good: conflict
!but&rb&!jj&!lunch: neutral
!but&rb&!jj&lunch: neutral
!but&rb&jj&!bland: negative
!but&rb&jj&bland: conflict
but&!jj&!we&!wp: negative
but&!jj&!we&wp: neutral
but&!jj&we&!nnp: neutral
but&!jj&we&nnp: negative
but&jj&!small&!wonderful: positive
but&jj&!small&wonderful: conflict
but&jj&small&!a: negative
but&jj&small&a: conflict
DecisionTree learned:
!but&!friendly&!it&!can: positive
!but&!friendly&!it&can: conflict
!but&!friendly&it&!vbn: negative
!but&!friendly&it&vbn: negative
!but&friendly&!is&!vbn: positive
!but&friendly&!is&vbn: positive
!but&friendly&is&!vbn: conflict
!but&friendly&is&vbn: positive
but&!jj&!we&!about: negative
but&!jj&!we&about: neutral
but&!jj&we&!nnp: neutral
but&!jj&we&nnp: negative
but&jj&!small&!that: positive
but&jj&!small&that: negative
but&jj&small&!little: negative
but&jj&small&little: conflict
DecisionTree learned:
!but&!fine&!rb&!rest: positive
!but&!fine&!rb&rest: conflict
!but&!fine&rb&!jj: neutral
!but&!fine&rb&jj: negative
!but&fine&!had&!of: positive
!but&fine&!had&of: conflict
!but&fine&had&!and: conflict
!but&fine&had&and: conflict
but&!at&!wrb&!that: negative
but&!at&!wrb&that: negative
but&!at&wrb&!of: positive
but&!at&wrb&of: neutral
but&at&!and&!vbd: positive
but&at&!and&vbd: neutral
but&at&and&!as: positive
but&at&and&as: neutral
DecisionTree learned:
!but&!rb&!rest&!expected: positive
!but&!rb&!rest&expected: conflict
!but&!rb&rest&!good: conflict
!but&!rb&rest&good: conflict
!but&rb&!jj&!much: neutral
!but&rb&!jj&much: negative
!but&rb&jj&!we: negative
!but&rb&jj&we: neutral
but&!that&!jj&!vbd: positive
but&!that&!jj&vbd: neutral
but&!that&jj&!about: positive
but&!that&jj&about: negative
but&that&!who&!prices: negative
but&that&!who&prices: positive
but&that&who: conflict
DecisionTree learned:
!but&!though&!matter&!rb: positive
!but&!though&!matter&rb: negative
!but&!though&matter&!vbg: conflict
!but&!though&matter&vbg: conflict
!but&though&!we&!i: conflict
!but&though&!we&i: conflict
!but&though&we&!well: neutral
!but&though&we&well: negative
but&!jj&!rp&!n: positive
but&!jj&!rp&n: negative
but&!jj&rp&!dinner: neutral
but&!jj&rp&dinner: positive
but&jj&!worth&!that: positive
but&jj&!worth&that: negative
but&jj&worth&!in: conflict
but&jj&worth&in: positive
DecisionTree learned:
!jj&!flavor&!its&!wine: neutral
!jj&!flavor&!its&wine: positive
!jj&!flavor&its&!worth: negative
!jj&!flavor&its&worth: conflict
!jj&flavor&!for: negative
!jj&flavor&for: conflict
jj&!but&!rb&!rest: positive
jj&!but&!rb&rest: conflict
jj&!but&rb&!house: negative
jj&!but&rb&house: conflict
jj&but&!not&!rbr: negative
jj&but&!not&rbr: conflict
jj&but&not&!service: neutral
jj&but&not&service: conflict
DecisionTree learned:
!jj&!flavor&!though&!best: neutral
!jj&!flavor&!though&best: positive
!jj&!flavor&though&!i: negative
!jj&!flavor&though&i: neutral
!jj&flavor&!for: negative
!jj&flavor&for: conflict
jj&!but&!rb&!rest: positive
jj&!but&!rb&rest: conflict
jj&!but&rb&!we: positive
jj&!but&rb&we: neutral
jj&but&!just&!at: positive
jj&but&!just&at: neutral
jj&but&just&!vbp: neutral
jj&but&just&vbp: conflict
DecisionTree learned:
!jj&!flavor&!its&!best: neutral
!jj&!flavor&!its&best: positive
!jj&!flavor&its&!like: conflict
!jj&!flavor&its&like: negative
!jj&flavor&!for: negative
!jj&flavor&for: conflict
jj&!but&!rb&!rest: positive
jj&!but&!rb&rest: conflict
jj&!but&rb&!we: positive
jj&!but&rb&we: negative
jj&but&!only&!that: positive
jj&but&!only&that: negative
jj&but&only&!food: neutral
jj&but&only&food: positive
DecisionTree learned:
!jj&!flavor&!its&!much: neutral
!jj&!flavor&!its&much: negative
!jj&!flavor&its&!worth: negative
!jj&!flavor&its&worth: conflict
!jj&flavor&!for: negative
!jj&flavor&for: conflict
jj&!but&!rb&!rest: positive
jj&!but&!rb&rest: conflict
jj&!but&rb&!house: negative
jj&!but&rb&house: conflict
jj&but&!not&!prp: positive
jj&but&!not&prp: negative
jj&but&not&!out: conflict
jj&but&not&out: negative
DecisionTree learned:
!jj&!type&!though&!much: neutral
!jj&!type&!though&much: negative
!jj&!type&though&!worth: negative
!jj&!type&though&worth: conflict
!jj&type&!for: neutral
!jj&type&for: conflict
jj&!but&!rb&!rest: positive
jj&!but&!rb&rest: conflict
jj&!but&rb&!we: positive
jj&!but&rb&we: neutral
jj&but&!that&!wrb: positive
jj&but&!that&wrb: neutral
jj&but&that&!my: positive
jj&but&that&my: negative
DecisionTree learned:
!jj&!flavor&!though&!lunch: neutral
!jj&!flavor&!though&lunch: neutral
!jj&!flavor&though&!i: negative
!jj&!flavor&though&i: neutral
!jj&flavor&!for: negative
!jj&flavor&for: conflict
jj&!but&!rb&!rest: positive
jj&!but&!rb&rest: conflict
jj&!but&rb&!house: negative
jj&!but&rb&house: conflict
jj&but&!that&!wrb: positive
jj&but&!that&wrb: neutral
jj&but&that&!who: neutral
jj&but&that&who: conflict
DecisionTree learned:
!but&!vbz&!bland&!exceeded: neutral
!but&!vbz&!bland&exceeded: conflict
!but&!vbz&bland&!a: negative
!but&!vbz&bland&a: conflict
!but&vbz&!though&!matter: positive
!but&vbz&!though&matter: conflict
!but&vbz&though&!authentic: conflict
!but&vbz&though&authentic: neutral
but&!jj&!we&!wp: positive
but&!jj&!we&wp: neutral
but&!jj&we&!in: neutral
but&!jj&we&in: negative
but&jj&!wrb&!our: positive
but&jj&!wrb&our: neutral
but&jj&wrb&!away: positive
but&jj&wrb&away: neutral
DecisionTree learned:
!but&!rb&!rest&!paid: positive
!but&!rb&!rest&paid: negative
!but&!rb&rest&!good: conflict
!but&!rb&rest&good: conflict
!but&rb&!jj&!lunch: negative
!but&rb&!jj&lunch: neutral
!but&rb&jj&!can: negative
!but&rb&jj&can: conflict
but&!jj&!we&!about: negative
but&!jj&!we&about: neutral
but&!jj&we&!nnp: neutral
but&!jj&we&nnp: negative
but&jj&!wrb&!that: positive
but&jj&!wrb&that: neutral
but&jj&wrb&!prp: positive
but&jj&wrb&prp: neutral
DecisionTree learned:
!but&!pub&!fine&!although: positive
!but&!pub&!fine&although: conflict
!but&!pub&fine&!expected: conflict
!but&!pub&fine&expected: conflict
!but&pub: conflict
but&!that&!jj&!vbd: positive
but&!that&!jj&vbd: neutral
but&!that&jj&!not: negative
but&!that&jj&not: conflict
but&that&!are&!has: negative
but&that&!are&has: neutral
but&that&are&!with: positive
but&that&are&with: neutral
DecisionTree learned:
!but&!rb&!rest&!expected: positive
!but&!rb&!rest&expected: conflict
!but&!rb&rest&!good: conflict
!but&!rb&rest&good: conflict
!but&rb&!jj&!cd: negative
!but&rb&!jj&cd: neutral
!but&rb&jj&!house: negative
!but&rb&jj&house: conflict
but&!that&!wrb&!only: positive
but&!that&!wrb&only: positive
but&!that&wrb&!great: negative
but&!that&wrb&great: positive
but&that&!who&!my: neutral
but&that&!who&my: negative
but&that&who: conflict
DecisionTree learned:
!jj&!type&!best&!its: neutral
!jj&!type&!best&its: negative
!jj&!type&best&!food: positive
!jj&!type&best&food: positive
!jj&type&!for: neutral
!jj&type&for: conflict
jj&!but&!rb&!rest: positive
jj&!but&!rb&rest: conflict
jj&!but&rb&!we: positive
jj&!but&rb&we: neutral
jj&but&!at&!wrb: negative
jj&but&!at&wrb: neutral
jj&but&at&!and: negative
jj&but&at&and: neutral
Trial 0 Training cc.mallet.classify.AdaBoostM2Trainer@5464ea66 finished
Trial 0 Trainer cc.mallet.classify.AdaBoostM2Trainer@5464ea66 test data accuracy = 0.576662143826323

NaiveBayesTrainer
Summary. test accuracy mean = 0.5780189959294437 stddev = 0.0 stderr = 0.0

MaxEntTrainer,gaussianPriorVariance=1.0
Summary. test accuracy mean = 0.6363636363636364 stddev = 0.0 stderr = 0.0

cc.mallet.classify.DecisionTreeTrainer@2adb1d4
Summary. test accuracy mean = 0.5712347354138398 stddev = 0.0 stderr = 0.0

cc.mallet.classify.AdaBoostM2Trainer@5464ea66
Summary. test accuracy mean = 0.576662143826323 stddev = 0.0 stderr = 0.0
