
-------------------- Trial 0  --------------------

Trial 0 Training NaiveBayesTrainer with 2956 instances
Trial 0 Training NaiveBayesTrainer finished
Trial 0 Trainer NaiveBayesTrainer test data accuracy = 0.6417910447761194
Trial 0 Training MaxEntTrainer,gaussianPriorVariance=1.0 with 2956 instances
Trial 0 Training MaxEntTrainer,gaussianPriorVariance=1.0 finished
Trial 0 Trainer MaxEntTrainer,gaussianPriorVariance=1.0 test data accuracy = 0.6336499321573948
Trial 0 Training cc.mallet.classify.DecisionTreeTrainer@6766afb3 with 2956 instances
DecisionTree learned:
!great&!but&!good&!delici: positive
!great&!but&!good&delici: positive
!great&!but&good&!get: positive
!great&!but&good&get: negative
!great&but&!we&!not: positive
!great&but&!we&not: conflict
!great&but&we&!dessert: neutral
!great&but&we&dessert: neutral
great&!not&!three&!for: positive
great&!not&!three&for: positive
great&!not&three&!are: neutral
great&!not&three&are: negative
great&not&!a&!food: negative
great&not&!a&food: conflict
great&not&a: positive
Trial 0 Training cc.mallet.classify.DecisionTreeTrainer@6766afb3 finished
Trial 0 Trainer cc.mallet.classify.DecisionTreeTrainer@6766afb3 test data accuracy = 0.5739484396200815
Trial 0 Training cc.mallet.classify.AdaBoostM2Trainer@49ff0dde with 2956 instances
DecisionTree learned:
!great&!but&!dinner&!good: positive
!great&!but&!dinner&good: positive
!great&!but&dinner&!drink: neutral
!great&!but&dinner&drink: positive
!great&but&!we&!worth: positive
!great&but&!we&worth: conflict
!great&but&we&!lucki: neutral
!great&but&we&lucki: positive
great&!not&!kid&!but: positive
great&!not&!kid&but: positive
great&!not&kid: conflict
great&not&!the&!definit: positive
great&not&!the&definit: neutral
great&not&the&!food: negative
great&not&the&food: conflict
DecisionTree learned:
!but&!great&!delici&!the: positive
!but&!great&!delici&the: positive
!but&!great&delici&!kind: positive
!but&!great&delici&kind: negative
!but&great&!not&!who: positive
!but&great&!not&who: negative
!but&great&not&!food: positive
!but&great&not&food: conflict
but&!onli&!with&!casual: negative
but&!onli&!with&casual: conflict
but&!onli&with&!chicken: positive
but&!onli&with&chicken: negative
but&onli&!are&!we: positive
but&onli&!are&we: neutral
but&onli&are&!actual: neutral
but&onli&are&actual: negative
DecisionTree learned:
!but&!not&!good&!delici: positive
!but&!not&!good&delici: positive
!but&!not&good&!get: positive
!but&!not&good&get: negative
!but&not&!wa&!price: negative
!but&not&!wa&price: negative
!but&not&wa&!our: negative
!but&not&wa&our: positive
but&!we&!food&!not: negative
but&!we&!food&not: conflict
but&!we&food&!expens: positive
but&!we&food&expens: conflict
but&we&!there&!got: neutral
but&we&!there&got: negative
but&we&there: negative
DecisionTree learned:
!but&!great&!friendli&!the: positive
!but&!great&!friendli&the: positive
!but&!great&friendli&!realli: positive
!but&!great&friendli&realli: conflict
!but&great&!three&!not: positive
!but&great&!three&not: negative
!but&great&three&!are: neutral
!but&great&three&are: negative
but&!we&!not&!worth: positive
but&!we&!not&worth: conflict
but&!we&not&!for: conflict
but&!we&not&for: negative
but&we&!in&!bar: neutral
but&we&!in&bar: neutral
but&we&in&!for: positive
but&we&in&for: neutral
DecisionTree learned:
!but&!friendli&!dinner&!excel: positive
!but&!friendli&!dinner&excel: positive
!but&!friendli&dinner&!drink: neutral
!but&!friendli&dinner&drink: positive
!but&friendli&!realli&!popular: positive
!but&friendli&!realli&popular: positive
!but&friendli&realli: conflict
but&!worth&!not&!look: positive
but&!worth&!not&look: conflict
but&!worth&not&!for: conflict
but&!worth&not&for: positive
but&worth&!itsuperb&!and: conflict
but&worth&!itsuperb&and: positive
but&worth&itsuperb: positive
DecisionTree learned:
!wa&!though&!but&!friendli: positive
!wa&!though&!but&friendli: positive
!wa&!though&but&!we: positive
!wa&!though&but&we: neutral
!wa&though&!i&!even: conflict
!wa&though&!i&even: negative
!wa&though&i&!of: neutral
!wa&though&i&of: negative
wa&!and&!our&!ok: negative
wa&!and&!our&ok: neutral
wa&!and&our&!to: positive
wa&!and&our&to: neutral
wa&and&!it&!sauc: positive
wa&and&!it&sauc: negative
wa&and&it&!all: negative
wa&and&it&all: neutral
DecisionTree learned:
!but&!great&!the&!appet: positive
!but&!great&!the&appet: neutral
!but&!great&the&!bar: positive
!but&!great&the&bar: neutral
!but&great&!for&!not: positive
!but&great&!for&not: negative
!but&great&for&!the: neutral
!but&great&for&the: positive
but&!not&!worth&!look: positive
but&!not&!worth&look: negative
but&!not&worth&!a: positive
but&!not&worth&a: conflict
but&not&!for&!great: conflict
but&not&!for&great: positive
but&not&for&!are: negative
but&not&for&are: conflict
DecisionTree learned:
!but&!good&!friendli&!the: positive
!but&!good&!friendli&the: positive
!but&!good&friendli&!realli: positive
!but&!good&friendli&realli: conflict
!but&good&!which&!get: positive
!but&good&!which&get: negative
!but&good&which&!an: neutral
!but&good&which&an: negative
but&!we&!servic&!worth: positive
but&!we&!servic&worth: conflict
but&!we&servic&!not: negative
but&!we&servic&not: conflict
but&we&!lucki&!casserol: neutral
but&we&!lucki&casserol: negative
but&we&lucki: positive
DecisionTree learned:
!but&!dinner&!not&!good: positive
!but&!dinner&!not&good: positive
!but&!dinner&not&!wa: negative
!but&!dinner&not&wa: negative
!but&dinner&!drink&!would: neutral
!but&dinner&!drink&would: negative
!but&dinner&drink&!of: positive
!but&dinner&drink&of: negative
but&!we&!ve&!who: positive
but&!we&!ve&who: neutral
but&!we&ve&!servic: neutral
but&!we&ve&servic: conflict
but&we&!got&!dessert: positive
but&we&!got&dessert: neutral
but&we&got&!with: negative
but&we&got&with: neutral
DecisionTree learned:
!but&!though&!delici&!the: positive
!but&!though&!delici&the: positive
!but&!though&delici&!also: positive
!but&!though&delici&also: neutral
!but&though&!i&!room: negative
!but&though&!i&room: neutral
!but&though&i&!order: neutral
!but&though&i&order: negative
but&!we&!ani&!long: positive
but&!we&!ani&long: neutral
but&!we&ani: neutral
but&we&!there&!could: neutral
but&we&!there&could: positive
but&we&there: negative
DecisionTree learned:
!but&!dinner&!n&!though: positive
!but&!dinner&!n&though: negative
!but&!dinner&n&!place: negative
!but&!dinner&n&place: conflict
!but&dinner&!drink&!would: neutral
!but&dinner&!drink&would: negative
!but&dinner&drink&!of: positive
!but&dinner&drink&of: negative
but&!we&!locat&!worth: positive
but&!we&!locat&worth: conflict
but&!we&locat&!for: neutral
but&!we&locat&for: positive
but&we&!dessert&!the: negative
but&we&!dessert&the: neutral
but&we&dessert: neutral
DecisionTree learned:
!but&!though&!friendli&!littl: positive
!but&!though&!friendli&littl: conflict
!but&!though&friendli&!realli: positive
!but&!though&friendli&realli: conflict
!but&though&!food&!it: negative
!but&though&!food&it: conflict
!but&though&food&!the: conflict
!but&though&food&the: positive
but&!worth&!look&!not: positive
but&!worth&!look&not: positive
but&!worth&look&!and: negative
but&!worth&look&and: conflict
but&worth&!itsuperb&!and: conflict
but&worth&!itsuperb&and: conflict
but&worth&itsuperb: positive
DecisionTree learned:
!n&!dinner&!but&!excel: positive
!n&!dinner&!but&excel: positive
!n&!dinner&but&!who: positive
!n&!dinner&but&who: neutral
!n&dinner&!drink&!set: neutral
!n&dinner&!drink&set: negative
!n&dinner&drink&!of: positive
!n&dinner&drink&of: negative
n&!it&!while&!ca: negative
n&!it&!while&ca: positive
n&!it&while: conflict
n&it&!doe&!expens: negative
n&it&!doe&expens: conflict
n&it&doe: conflict
DecisionTree learned:
!but&!though&!delici&!wa: positive
!but&!though&!delici&wa: negative
!but&!though&delici&!also: positive
!but&!though&delici&also: neutral
!but&though&!even&!i: conflict
!but&though&!even&i: negative
!but&though&even&!i: negative
!but&though&even&i: neutral
but&!not&!worth&!look: positive
but&!not&!worth&look: conflict
but&!not&worth&!itsuperb: conflict
but&!not&worth&itsuperb: positive
but&not&!for&!to: conflict
but&not&!for&to: neutral
but&not&for&!are: negative
but&not&for&are: conflict
DecisionTree learned:
!but&!well&!though&!wa: positive
!but&!well&!though&wa: negative
!but&!well&though&!i: negative
!but&!well&though&i: neutral
!but&well&!tasti&!at: positive
!but&well&!tasti&at: conflict
!but&well&tasti&!of: conflict
!but&well&tasti&of: positive
but&!we&!worth&!wife: positive
but&!we&!worth&wife: conflict
but&!we&worth&!a: positive
but&!we&worth&a: conflict
but&we&!quickli&!atmospher: neutral
but&we&!quickli&atmospher: positive
but&we&quickli: positive
DecisionTree learned:
!but&!the&!for&!great: positive
!but&!the&!for&great: positive
!but&!the&for&!that: neutral
!but&!the&for&that: negative
!but&the&!small&!at: positive
!but&the&!small&at: neutral
!but&the&small&!good: negative
!but&the&small&good: positive
but&!onli&!at&!look: positive
but&!onli&!at&look: conflict
but&!onli&at&!price: negative
but&!onli&at&price: positive
but&onli&!are&!order: positive
but&onli&!are&order: neutral
but&onli&are&!actual: neutral
but&onli&are&actual: negative
DecisionTree learned:
!but&!the&!appet&!qualiti: positive
!but&!the&!appet&qualiti: negative
!but&!the&appet&!great: neutral
!but&!the&appet&great: positive
!but&the&!at&!is: positive
!but&the&!at&is: positive
!but&the&at&!matter: neutral
!but&the&at&matter: conflict
but&!we&!worth&!not: positive
but&!we&!worth&not: conflict
but&!we&worth&!itsuperb: conflict
but&!we&worth&itsuperb: positive
but&we&!quickli&!in: neutral
but&we&!quickli&in: positive
but&we&quickli: positive
DecisionTree learned:
!but&!excel&!wa&!though: positive
!but&!excel&!wa&though: negative
!but&!excel&wa&!although: negative
!but&!excel&wa&although: conflict
!but&excel&!everi&!three: positive
!but&excel&!everi&three: neutral
!but&excel&everi: neutral
but&!chicken&!with&!doe: positive
but&!chicken&!with&doe: negative
but&!chicken&with&!onli: positive
but&!chicken&with&onli: neutral
but&chicken&!sauc: negative
but&chicken&sauc&!and: conflict
but&chicken&sauc&and: negative
DecisionTree learned:
!but&!littl&!the&!great: positive
!but&!littl&!the&great: positive
!but&!littl&the&!at: positive
!but&!littl&the&at: neutral
!but&littl&!also&!could: conflict
!but&littl&!also&could: conflict
!but&littl&also: neutral
but&!not&!servic&!casual: positive
but&!not&!servic&casual: conflict
but&!not&servic&!say: negative
but&!not&servic&say: neutral
but&not&!for&!to: conflict
but&not&!for&to: neutral
but&not&for&!are: positive
but&not&for&are: conflict
DecisionTree learned:
!but&!though&!littl&!well: positive
!but&!though&!littl&well: positive
!but&!though&littl&!also: conflict
!but&!though&littl&also: neutral
!but&though&!i&!even: conflict
!but&though&!i&even: negative
!but&though&i&!order: neutral
!but&though&i&order: negative
but&!we&!with&!locat: negative
but&!we&!with&locat: neutral
but&!we&with&!i: positive
but&!we&with&i: negative
but&we&!quickli&!in: neutral
but&we&!quickli&in: positive
but&we&quickli: positive
DecisionTree learned:
!but&!the&!great&!appet: positive
!but&!the&!great&appet: neutral
!but&!the&great&!tini: positive
!but&!the&great&tini: negative
!but&the&!lad&!small: positive
!but&the&!lad&small: negative
!but&the&lad: conflict
but&!we&!dish&!nice: negative
but&!we&!dish&nice: positive
but&!we&dish&!good: positive
but&!we&dish&good: conflict
but&we&!dessert&!bar: positive
but&we&!dessert&bar: neutral
but&we&dessert: neutral
DecisionTree learned:
!but&!wait&!littl&!the: positive
!but&!wait&!littl&the: positive
!but&!wait&littl&!also: conflict
!but&!wait&littl&also: neutral
!but&wait&!worth&!we: negative
!but&wait&!worth&we: neutral
!but&wait&worth&!good: conflict
!but&wait&worth&good: negative
but&!we&!onli&!with: negative
but&!we&!onli&with: positive
but&!we&onli&!are: positive
but&!we&onli&are: neutral
but&we&!seat&!quickli: neutral
but&we&!seat&quickli: positive
but&we&seat: negative
DecisionTree learned:
!but&!the&!qualiti&!appet: positive
!but&!the&!qualiti&appet: neutral
!but&!the&qualiti&!with: negative
!but&!the&qualiti&with: positive
!but&the&!at&!best: positive
!but&the&!at&best: positive
!but&the&at&!doe: neutral
!but&the&at&doe: conflict
but&!we&!worth&!not: positive
but&!we&!worth&not: conflict
but&!we&worth&!in: conflict
but&!we&worth&in: conflict
but&we&!bar&!at: neutral
but&we&!bar&at: negative
but&we&bar: neutral
DecisionTree learned:
!but&!good&!wa&!though: positive
!but&!good&!wa&though: negative
!but&!good&wa&!yet: negative
!but&!good&wa&yet: conflict
!but&good&!get&!rest: positive
!but&good&!get&rest: conflict
!but&good&get&!ok: negative
!but&good&get&ok: neutral
but&!slice&!not&!pretti: positive
but&!slice&!not&pretti: conflict
but&!slice&not&!for: conflict
but&!slice&not&for: negative
but&slice: conflict
DecisionTree learned:
!wa&!lad&!nice&!dinner: positive
!wa&!lad&!nice&dinner: neutral
!wa&!lad&nice&!they: positive
!wa&!lad&nice&they: conflict
!wa&lad: conflict
wa&!and&!our&!but: negative
wa&!and&!our&but: conflict
wa&!and&our&!to: neutral
wa&!and&our&to: neutral
wa&and&!it&!coke: positive
wa&and&!it&coke: neutral
wa&and&it&!a: negative
wa&and&it&a: neutral
DecisionTree learned:
!but&!the&!tho&!qualiti: positive
!but&!the&!tho&qualiti: negative
!but&!the&tho: conflict
!but&the&!wa&!lad: positive
!but&the&!wa&lad: conflict
!but&the&wa&!excel: negative
!but&the&wa&excel: positive
but&!casual&!nice&!with: negative
but&!casual&!nice&with: positive
but&!casual&nice&!n: positive
but&!casual&nice&n: negative
but&casual: conflict
DecisionTree learned:
!but&!though&!delici&!the: positive
!but&!though&!delici&the: positive
!but&!though&delici&!in: positive
!but&!though&delici&in: positive
!but&though&!i&!even: conflict
!but&though&!i&even: negative
!but&though&i&!order: neutral
!but&though&i&order: negative
but&!onli&!it&!make: positive
but&!onli&!it&make: neutral
but&!onli&it&!thai: conflict
but&!onli&it&thai: neutral
but&onli&!are&!we: positive
but&onli&!are&we: neutral
but&onli&are&!actual: neutral
but&onli&are&actual: negative
DecisionTree learned:
!wa&!though&!lad&!well: positive
!wa&!though&!lad&well: positive
!wa&!though&lad: conflict
!wa&though&!i&!even: conflict
!wa&though&!i&even: negative
!wa&though&i&!for: neutral
!wa&though&i&for: positive
wa&!although&!yet&!but: negative
wa&!although&!yet&but: negative
wa&!although&yet&!restaur: conflict
wa&!although&yet&restaur: positive
wa&although: conflict
DecisionTree learned:
!but&!the&!perhap&!great: positive
!but&!the&!perhap&great: positive
!but&!the&perhap: conflict
!but&the&!it&!small: positive
!but&the&!it&small: negative
!but&the&it&!worth: negative
!but&the&it&worth: conflict
but&!long&!casual&!few: negative
but&!long&!casual&few: neutral
but&!long&casual: conflict
but&long&!like&!littl: negative
but&long&!like&littl: neutral
but&long&like: neutral
DecisionTree learned:
!but&!the&!great&!appet: positive
!but&!the&!great&appet: neutral
!but&!the&great&!kid: positive
!but&!the&great&kid: conflict
!but&the&!bar&!wa: positive
!but&the&!bar&wa: negative
!but&the&bar&!crowd: neutral
!but&the&bar&crowd: negative
but&!wa&!wife&!the: positive
but&!wa&!wife&the: negative
but&!wa&wife: conflict
but&wa&!were&!at: conflict
but&wa&!were&at: negative
but&wa&were&!with: negative
but&wa&were&with: neutral
DecisionTree learned:
!but&!littl&!friendli&!though: positive
!but&!littl&!friendli&though: negative
!but&!littl&friendli&!realli: positive
!but&!littl&friendli&realli: conflict
!but&littl&!time&!also: negative
!but&littl&!time&also: neutral
!but&littl&time: conflict
but&!not&!pretti&!worth: negative
but&!not&!pretti&worth: conflict
but&!not&pretti&!a: positive
but&!not&pretti&a: conflict
but&not&!for&!to: conflict
but&not&!for&to: neutral
but&not&for&!are: positive
but&not&for&are: conflict
DecisionTree learned:
!but&!littl&!though&!the: positive
!but&!littl&!though&the: positive
!but&!littl&though&!even: conflict
!but&!littl&though&even: negative
!but&littl&!also&!time: conflict
!but&littl&!also&time: conflict
!but&littl&also: neutral
but&!who&!we&!servic: positive
but&!who&!we&servic: negative
but&!who&we&!dessert: neutral
but&!who&we&dessert: neutral
but&who&!for: neutral
but&who&for&!of: conflict
but&who&for&of: negative
DecisionTree learned:
!but&!that&!the&!tho: positive
!but&!that&!the&tho: conflict
!but&!that&the&!wa: positive
!but&!that&the&wa: negative
!but&that&!order&!manag: negative
!but&that&!order&manag: negative
!but&that&order&!all: negative
!but&that&order&all: neutral
but&!dish&!casual&!not: negative
but&!dish&!casual&not: conflict
but&!dish&casual: conflict
but&dish&!good&!wa: positive
but&dish&!good&wa: negative
but&dish&good: conflict
DecisionTree learned:
!littl&!but&!is&!cost: positive
!littl&!but&!is&cost: conflict
!littl&!but&is&!rest: positive
!littl&!but&is&rest: conflict
!littl&but&!at&!fine: positive
!littl&but&!at&fine: conflict
!littl&but&at&!price: negative
!littl&but&at&price: positive
littl&!there&!more&!we: conflict
littl&!there&!more&we: neutral
littl&!there&more&!and: neutral
littl&!there&more&and: conflict
littl&there&!good: neutral
littl&there&good: positive
DecisionTree learned:
!but&!though&!the&!great: neutral
!but&!though&!the&great: positive
!but&!though&the&!at: positive
!but&!though&the&at: neutral
!but&though&!room&!i: conflict
!but&though&!room&i: neutral
!but&though&room: neutral
but&!we&!menu&!horribl: positive
but&!we&!menu&horribl: negative
but&!we&menu&!is: neutral
but&!we&menu&is: positive
but&we&!bar&!onli: negative
but&we&!bar&onli: neutral
but&we&bar: neutral
DecisionTree learned:
!but&!though&!delici&!the: positive
!but&!though&!delici&the: positive
!but&!though&delici&!all: positive
!but&!though&delici&all: neutral
!but&though&!i&!even: conflict
!but&though&!i&even: negative
!but&though&i&!for: neutral
!but&though&i&for: positive
but&!not&!wa&!so: positive
but&!not&!wa&so: conflict
but&!not&wa&!than: negative
but&!not&wa&than: conflict
but&not&!for&!to: conflict
but&not&!for&to: neutral
but&not&for&!are: negative
but&not&for&are: conflict
DecisionTree learned:
!but&!littl&!good&!the: neutral
!but&!littl&!good&the: positive
!but&!littl&good&!get: positive
!but&!littl&good&get: negative
!but&littl&!time&!also: conflict
!but&littl&!time&also: neutral
!but&littl&time: conflict
but&!reserv&!at&!fine: positive
but&!reserv&!at&fine: conflict
but&!reserv&at&!price: neutral
but&!reserv&at&price: positive
but&reserv&!wa&!to: negative
but&reserv&!wa&to: neutral
but&reserv&wa: negative
DecisionTree learned:
!but&!the&!tho&!atmospher: positive
!but&!the&!tho&atmospher: positive
!but&!the&tho: conflict
!but&the&!bar&!could: positive
!but&the&!bar&could: conflict
!but&the&bar&!crowd: neutral
!but&the&bar&crowd: negative
but&!qualiti&!at&!fine: positive
but&!qualiti&!at&fine: conflict
but&!qualiti&at&!price: negative
but&!qualiti&at&price: positive
but&qualiti: negative
DecisionTree learned:
!but&!littl&!the&!qualiti: positive
!but&!littl&!the&qualiti: negative
!but&!littl&the&!lad: positive
!but&!littl&the&lad: conflict
!but&littl&!time&!expect: positive
!but&littl&!time&expect: conflict
!but&littl&time: conflict
but&!we&!qualiti&!with: positive
but&!we&!qualiti&with: positive
but&!we&qualiti: negative
but&we&!bar&!onli: negative
but&we&!bar&onli: neutral
but&we&bar: neutral
DecisionTree learned:
!good&!it&!wa&!littl: positive
!good&!it&!wa&littl: conflict
!good&!it&wa&!and: negative
!good&!it&wa&and: positive
!good&it&!worth&!a: negative
!good&it&!worth&a: positive
!good&it&worth&!the: negative
!good&it&worth&the: conflict
good&!not&!other&!rest: positive
good&!not&!other&rest: conflict
good&!not&other: conflict
good&not&!of&!a: negative
good&not&!of&a: positive
good&not&of&!to: neutral
good&not&of&to: negative
DecisionTree learned:
!but&!that&!the&!perhap: positive
!but&!that&!the&perhap: conflict
!but&!that&the&!attent: positive
!but&!that&the&attent: positive
!but&that&!with&!best: negative
!but&that&!with&best: positive
!but&that&with&!it: neutral
!but&that&with&it: negative
but&!we&!who&!servic: positive
but&!we&!who&servic: negative
but&!we&who&!for: neutral
but&!we&who&for: conflict
but&we&!expens&!got: neutral
but&we&!expens&got: negative
but&we&expens: negative
DecisionTree learned:
!but&!though&!the&!exceed: positive
!but&!though&!the&exceed: conflict
!but&!though&the&!wa: positive
!but&!though&the&wa: negative
!but&though&!food&!worth: negative
!but&though&!food&worth: conflict
!but&though&food&!the: conflict
!but&though&food&the: positive
but&!qualiti&!chicken&!wife: positive
but&!qualiti&!chicken&wife: conflict
but&!qualiti&chicken&!and: conflict
but&!qualiti&chicken&and: negative
but&qualiti: negative
DecisionTree learned:
!littl&!fine&!not&!good: positive
!littl&!fine&!not&good: positive
!littl&!fine&not&!sometim: negative
!littl&!fine&not&sometim: conflict
!littl&fine&!to&!are: conflict
!littl&fine&!to&are: conflict
!littl&fine&to&!have: positive
!littl&fine&to&have: neutral
littl&!also&!time&!attent: positive
littl&!also&!time&attent: conflict
littl&!also&time&!but: conflict
littl&!also&time&but: negative
littl&also: neutral
DecisionTree learned:
!but&!the&!perhap&!atmospher: neutral
!but&!the&!perhap&atmospher: positive
!but&!the&perhap: conflict
!but&the&!fine&!sometim: positive
!but&the&!fine&sometim: conflict
!but&the&fine&!have: conflict
!but&the&fine&have: neutral
but&!at&!look&!not: positive
but&!at&!look&not: conflict
but&!at&look&!and: negative
but&!at&look&and: conflict
but&at&!price&!in: negative
but&at&!price&in: positive
but&at&price: positive
DecisionTree learned:
!but&!littl&!though&!the: positive
!but&!littl&!though&the: positive
!but&!littl&though&!veri: negative
!but&!littl&though&veri: conflict
!but&littl&!also&!more: conflict
!but&littl&!also&more: conflict
!but&littl&also: neutral
but&!wife&!we&!a: positive
but&!wife&!we&a: conflict
but&!wife&we&!atmospher: neutral
but&!wife&we&atmospher: positive
but&wife: conflict
DecisionTree learned:
!but&!the&!perhap&!atmospher: positive
!but&!the&!perhap&atmospher: positive
!but&!the&perhap: conflict
!but&the&!small&!bar: positive
!but&the&!small&bar: neutral
!but&the&small&!it: negative
!but&the&small&it: positive
but&!wife&!wa&!ve: positive
but&!wife&!wa&ve: neutral
but&!wife&wa&!mediocr: negative
but&!wife&wa&mediocr: neutral
but&wife: conflict
DecisionTree learned:
!but&!the&!for&!great: positive
!but&!the&!for&great: positive
!but&!the&for&!in: neutral
!but&!the&for&in: negative
!but&the&!attent&!rest: positive
!but&the&!attent&rest: conflict
!but&the&attent&!servic: positive
!but&the&attent&servic: conflict
but&!we&!long&!there: positive
but&!we&!long&there: conflict
but&!we&long&!littl: neutral
but&!we&long&littl: neutral
but&we&!quickli&!could: neutral
but&we&!quickli&could: positive
but&we&quickli: positive
DecisionTree learned:
!but&!though&!the&!perhap: positive
!but&!though&!the&perhap: conflict
!but&!though&the&!although: positive
!but&!though&the&although: conflict
!but&though&!food&!it: negative
!but&though&!food&it: conflict
!but&though&food&!the: conflict
!but&though&food&the: positive
but&!we&!with&!well: negative
but&!we&!with&well: conflict
but&!we&with&!i: positive
but&!we&with&i: negative
but&we&!bar&!with: negative
but&we&!bar&with: neutral
but&we&bar: neutral
DecisionTree learned:
!but&!the&!atmospher&!perhap: neutral
!but&!the&!atmospher&perhap: conflict
!but&!the&atmospher&!they: positive
!but&!the&atmospher&they: conflict
!but&the&!lad&!sometim: positive
!but&the&!lad&sometim: conflict
!but&the&lad: conflict
but&!look&!not&!servic: positive
but&!look&!not&servic: negative
but&!look&not&!for: conflict
but&!look&not&for: positive
but&look&!and&!fantast: negative
but&look&!and&fantast: neutral
but&look&and: conflict
DecisionTree learned:
!but&!though&!the&!tho: positive
!but&!though&!the&tho: conflict
!but&!though&the&!small: positive
!but&!though&the&small: negative
!but&though&!food&!the: negative
!but&though&!food&the: conflict
!but&though&food&!a: conflict
!but&though&food&a: positive
but&!long&!reserv&!we: negative
but&!long&!reserv&we: neutral
but&!long&reserv&!wa: neutral
but&!long&reserv&wa: negative
but&long&!like&!littl: negative
but&long&!like&littl: neutral
but&long&like: neutral
DecisionTree learned:
!but&!the&!exceed&!perhap: neutral
!but&!the&!exceed&perhap: conflict
!but&!the&exceed: conflict
!but&the&!wa&!rest: positive
!but&the&!wa&rest: conflict
!but&the&wa&!yet: negative
!but&the&wa&yet: conflict
but&!pretti&!reserv&!worth: positive
but&!pretti&!reserv&worth: conflict
but&!pretti&reserv&!wa: neutral
but&!pretti&reserv&wa: negative
but&pretti&!a&!great: positive
but&pretti&!a&great: neutral
but&pretti&a: conflict
DecisionTree learned:
!but&!the&!tho&!atmospher: neutral
!but&!the&!tho&atmospher: positive
!but&!the&tho: conflict
!but&the&!lad&!nearbi: positive
!but&the&!lad&nearbi: conflict
!but&the&lad: conflict
but&!chicken&!music&!we: positive
but&!chicken&!music&we: neutral
but&!chicken&music: negative
but&chicken&!sauc: negative
but&chicken&sauc&!and: conflict
but&chicken&sauc&and: negative
DecisionTree learned:
!but&!the&!qualiti&!atmospher: neutral
!but&!the&!qualiti&atmospher: positive
!but&!the&qualiti&!with: negative
!but&!the&qualiti&with: positive
!but&the&!attent&!well: positive
!but&the&!attent&well: positive
!but&the&attent&!a: positive
!but&the&attent&a: conflict
but&!at&!fine&!not: positive
but&!at&!fine&not: conflict
but&!at&fine&!casual: conflict
but&!at&fine&casual: conflict
but&at&!great&!while: negative
but&at&!great&while: neutral
but&at&great: positive
DecisionTree learned:
!but&!the&!qualiti&!and: negative
!but&!the&!qualiti&and: positive
!but&!the&qualiti&!with: negative
!but&!the&qualiti&with: positive
!but&the&!attent&!fine: positive
!but&the&!attent&fine: conflict
!but&the&attent&!a: positive
!but&the&attent&a: conflict
but&!we&!locat&!fine: negative
but&!we&!locat&fine: conflict
but&!we&locat&!for: neutral
but&!we&locat&for: positive
but&we&!there&!seat: neutral
but&we&!there&seat: negative
but&we&there: negative
DecisionTree learned:
!dinner&!well&!fine&!littl: positive
!dinner&!well&!fine&littl: conflict
!dinner&!well&fine&!have: conflict
!dinner&!well&fine&have: neutral
!dinner&well&!tasti&!decent: positive
!dinner&well&!tasti&decent: conflict
!dinner&well&tasti&!with: conflict
!dinner&well&tasti&with: neutral
dinner&!have&!ani&!expens: neutral
dinner&!have&!ani&expens: negative
dinner&!have&ani: negative
dinner&have&!would&!in: positive
dinner&have&!would&in: neutral
dinner&have&would: negative
DecisionTree learned:
!littl&!but&!though&!the: neutral
!littl&!but&!though&the: positive
!littl&!but&though&!even: conflict
!littl&!but&though&even: negative
!littl&but&!not&!with: negative
!littl&but&!not&with: positive
!littl&but&not&!for: conflict
!littl&but&not&for: negative
littl&!there&!we&!more: conflict
littl&!there&!we&more: conflict
littl&!there&we&!but: positive
littl&!there&we&but: neutral
littl&there&!good: neutral
littl&there&good: positive
DecisionTree learned:
!but&!littl&!the&!atmospher: neutral
!but&!littl&!the&atmospher: positive
!but&!littl&the&!fine: positive
!but&!littl&the&fine: conflict
!but&littl&!also&!more: conflict
!but&littl&!also&more: conflict
!but&littl&also: neutral
but&!horribl&!reserv&!m: positive
but&!horribl&!reserv&m: neutral
but&!horribl&reserv&!to: negative
but&!horribl&reserv&to: neutral
but&horribl: negative
DecisionTree learned:
!but&!the&!tho&!exceed: positive
!but&!the&!tho&exceed: conflict
!but&!the&tho: conflict
!but&the&!fine&!lad: positive
!but&the&!fine&lad: conflict
!but&the&fine&!have: conflict
!but&the&fine&have: neutral
but&!worth&!wa&!casual: positive
but&!worth&!wa&casual: conflict
but&!worth&wa&!were: conflict
but&!worth&wa&were: negative
but&worth&!itsuperb&!and: conflict
but&worth&!itsuperb&and: conflict
but&worth&itsuperb: positive
DecisionTree learned:
!but&!the&!perhap&!atmospher: neutral
!but&!the&!perhap&atmospher: positive
!but&!the&perhap: conflict
!but&the&!well&!nearbi: positive
!but&the&!well&nearbi: conflict
!but&the&well&!tasti: positive
!but&the&well&tasti: conflict
but&!casual&!nice&!a: negative
but&!casual&!nice&a: conflict
but&!casual&nice&!n: positive
but&!casual&nice&n: negative
but&casual: conflict
DecisionTree learned:
!but&!the&!tho&!n: positive
!but&!the&!tho&n: negative
!but&!the&tho: conflict
!but&the&!fine&!well: positive
!but&the&!fine&well: positive
!but&the&fine&!to: conflict
!but&the&fine&to: neutral
but&!at&!not&!look: positive
but&!at&!not&look: conflict
but&!at&not&!for: conflict
but&!at&not&for: negative
but&at&!price&!staff: neutral
but&at&!price&staff: positive
but&at&price: positive
DecisionTree learned:
!but&!though&!the&!atmospher: neutral
!but&!though&!the&atmospher: positive
!but&!though&the&!fine: positive
!but&!though&the&fine: conflict
!but&though&!i&!even: conflict
!but&though&!i&even: negative
!but&though&i&!order: neutral
!but&though&i&order: negative
but&!a&!of&!look: positive
but&!a&!of&look: conflict
but&!a&of&!casual: negative
but&!a&of&casual: conflict
but&a&!pretti&!m: conflict
but&a&!pretti&m: neutral
but&a&pretti: conflict
DecisionTree learned:
!but&!the&!appet&!great: negative
!but&!the&!appet&great: positive
!but&!the&appet&!other: neutral
!but&!the&appet&other: positive
!but&the&!worth&!small: positive
!but&the&!worth&small: negative
!but&the&worth&!and: conflict
!but&the&worth&and: neutral
but&!we&!with&!an: positive
but&!we&!with&an: negative
but&!we&with&!chicken: positive
but&!we&with&chicken: negative
but&we&!bar&!and: positive
but&we&!bar&and: neutral
but&we&bar: neutral
DecisionTree learned:
!but&!that&!littl&!is: positive
!but&!that&!littl&is: positive
!but&!that&littl&!time: neutral
!but&!that&littl&time: conflict
!but&that&!manag&!order: negative
!but&that&!manag&order: negative
!but&that&manag: negative
but&!onli&!at&!with: negative
but&!onli&!at&with: positive
but&!onli&at&!great: neutral
but&!onli&at&great: positive
but&onli&!are&!we: positive
but&onli&!are&we: neutral
but&onli&are&!actual: neutral
but&onli&are&actual: negative
DecisionTree learned:
!but&!the&!atmospher&!perhap: neutral
!but&!the&!atmospher&perhap: conflict
!but&!the&atmospher&!they: positive
!but&!the&atmospher&they: conflict
!but&the&!lad&!by: positive
!but&the&!lad&by: positive
!but&the&lad: conflict
but&!fine&!not&!pretti: positive
but&!fine&!not&pretti: conflict
but&!fine&not&!for: conflict
but&!fine&not&for: negative
but&fine&!for&!casual: conflict
but&fine&!for&casual: conflict
but&fine&for: positive
DecisionTree learned:
!but&!the&!though&!tho: neutral
!but&!the&!though&tho: conflict
!but&!the&though&!food: negative
!but&!the&though&food: conflict
!but&the&!wa&!lad: positive
!but&the&!wa&lad: conflict
!but&the&wa&!fine: negative
!but&the&wa&fine: conflict
but&!wa&!the&!it: positive
but&!wa&!the&it: conflict
but&!wa&the&!server: neutral
but&!wa&the&server: conflict
but&wa&!were&!dim: conflict
but&wa&!were&dim: neutral
but&wa&were&!with: negative
but&wa&were&with: neutral
DecisionTree learned:
!wa&!lad&!quibbl&!is: positive
!wa&!lad&!quibbl&is: positive
!wa&!lad&quibbl: conflict
!wa&lad: conflict
wa&!and&!yet&!spent: negative
wa&!and&!yet&spent: conflict
wa&!and&yet&!restaur: conflict
wa&!and&yet&restaur: positive
wa&and&!it&!for: positive
wa&and&!it&for: neutral
wa&and&it&!a: negative
wa&and&it&a: neutral
DecisionTree learned:
!but&!the&!perhap&!exceed: positive
!but&!the&!perhap&exceed: conflict
!but&!the&perhap: conflict
!but&the&!sometim&!worth: positive
!but&the&!sometim&worth: conflict
!but&the&sometim&!and: positive
!but&the&sometim&and: conflict
but&!shorter&!pretti&!not: negative
but&!shorter&!pretti&not: conflict
but&!shorter&pretti&!a: neutral
but&!shorter&pretti&a: conflict
but&shorter: conflict
DecisionTree learned:
!but&!littl&!is&!servic: neutral
!but&!littl&!is&servic: positive
!but&!littl&is&!everyth: positive
!but&!littl&is&everyth: conflict
!but&littl&!time&!expect: negative
!but&littl&!time&expect: conflict
!but&littl&time: conflict
but&!onli&!order&!with: negative
but&!onli&!order&with: positive
but&!onli&order&!i: negative
but&!onli&order&i: positive
but&onli&!are&!order: positive
but&onli&!are&order: neutral
but&onli&are&!actual: neutral
but&onli&are&actual: negative
DecisionTree learned:
!but&!the&!tho&!for: positive
!but&!the&!tho&for: neutral
!but&!the&tho: conflict
!but&the&!fine&!sometim: positive
!but&the&!fine&sometim: conflict
!but&the&fine&!to: conflict
!but&the&fine&to: neutral
but&!we&!with&!doe: negative
but&!we&!with&doe: negative
but&!we&with&!the: positive
but&!we&with&the: negative
but&we&!quickli&!and: neutral
but&we&!quickli&and: neutral
but&we&quickli: positive
DecisionTree learned:
!enjoy&!but&!though&!the: neutral
!enjoy&!but&!though&the: positive
!enjoy&!but&though&!food: negative
!enjoy&!but&though&food: conflict
!enjoy&but&!worth&!we: negative
!enjoy&but&!worth&we: neutral
!enjoy&but&worth&!itsuperb: conflict
!enjoy&but&worth&itsuperb: positive
enjoy&!chicken&!look&!well: positive
enjoy&!chicken&!look&well: conflict
enjoy&!chicken&look: neutral
enjoy&chicken: neutral
DecisionTree learned:
!littl&!well&!though&!wa: positive
!littl&!well&!though&wa: negative
!littl&!well&though&!even: conflict
!littl&!well&though&even: negative
!littl&well&!tasti&!decent: positive
!littl&well&!tasti&decent: conflict
!littl&well&tasti&!with: conflict
!littl&well&tasti&with: neutral
littl&!there&!for&!on: conflict
littl&!there&!for&on: negative
littl&!there&for&!food: positive
littl&!there&for&food: negative
littl&there&!good: neutral
littl&there&good: positive
DecisionTree learned:
!well&!but&!littl&!though: positive
!well&!but&!littl&though: conflict
!well&!but&littl&!also: conflict
!well&!but&littl&also: neutral
!well&but&!at&!reserv: positive
!well&but&!at&reserv: neutral
!well&but&at&!price: negative
!well&but&at&price: positive
well&!as&!tasti&!a: positive
well&!as&!tasti&a: conflict
well&!as&tasti&!with: conflict
well&!as&tasti&with: neutral
well&as&!restaur&!not: positive
well&as&!restaur&not: negative
well&as&restaur: neutral
DecisionTree learned:
!but&!the&!tho&!atmospher: neutral
!but&!the&!tho&atmospher: positive
!but&!the&tho: conflict
!but&the&!lad&!wa: positive
!but&the&!lad&wa: negative
!but&the&lad: conflict
but&!not&!high&!great: negative
but&!not&!high&great: positive
but&!not&high&!and: conflict
but&!not&high&and: negative
but&not&!for&!great: conflict
but&not&!for&great: positive
but&not&for&!that: positive
but&not&for&that: negative
DecisionTree learned:
!but&!the&!perhap&!atmospher: neutral
!but&!the&!perhap&atmospher: positive
!but&!the&perhap: conflict
!but&the&!well&!attent: positive
!but&the&!well&attent: conflict
!but&the&well&!tasti: positive
!but&the&well&tasti: conflict
but&!long&!at&!look: positive
but&!long&!at&look: conflict
but&!long&at&!price: negative
but&!long&at&price: positive
but&long&!littl&!like: negative
but&long&!littl&like: neutral
but&long&littl: neutral
DecisionTree learned:
!but&!the&!atmospher&!perhap: positive
!but&!the&!atmospher&perhap: conflict
!but&!the&atmospher&!they: positive
!but&!the&atmospher&they: conflict
!but&the&!small&!amaz: positive
!but&the&!small&amaz: positive
!but&the&small&!good: negative
!but&the&small&good: positive
but&!we&!m&!of: negative
but&!we&!m&of: negative
but&!we&m&!a: positive
but&!we&m&a: neutral
but&we&!the&!were: negative
but&we&!the&were: positive
but&we&the&!got: neutral
but&we&the&got: negative
DecisionTree learned:
!but&!the&!tho&!perhap: neutral
!but&!the&!tho&perhap: conflict
!but&!the&tho: conflict
!but&the&!sometim&!quibbl: positive
!but&the&!sometim&quibbl: conflict
!but&the&sometim&!and: positive
!but&the&sometim&and: conflict
but&!server&!not&!look: positive
but&!server&!not&look: conflict
but&!server&not&!for: conflict
but&!server&not&for: negative
but&server&!a: negative
but&server&a: conflict
DecisionTree learned:
!but&!the&!tho&!exceed: neutral
!but&!the&!tho&exceed: conflict
!but&!the&tho: conflict
!but&the&!small&!attent: positive
!but&the&!small&attent: conflict
!but&the&small&!is: negative
!but&the&small&is: positive
but&!at&!fine&!not: positive
but&!at&!fine&not: conflict
but&!at&fine&!casual: neutral
but&!at&fine&casual: conflict
but&at&!price&!in: negative
but&at&!price&in: positive
but&at&price: positive
DecisionTree learned:
!but&!the&!atmospher&!for: positive
!but&!the&!atmospher&for: neutral
!but&!the&atmospher&!to: positive
!but&!the&atmospher&to: conflict
!but&the&!attent&!although: positive
!but&the&!attent&although: conflict
!but&the&attent&!not: conflict
!but&the&attent&not: negative
but&!reserv&!we&!servic: positive
but&!reserv&!we&servic: negative
but&!reserv&we&!menu: neutral
but&!reserv&we&menu: negative
but&reserv&!wa&!to: negative
but&reserv&!wa&to: neutral
but&reserv&wa: negative
DecisionTree learned:
!but&!the&!atmospher&!though: neutral
!but&!the&!atmospher&though: negative
!but&!the&atmospher&!they: positive
!but&!the&atmospher&they: conflict
!but&the&!by&!were: positive
!but&the&!by&were: negative
!but&the&by&!of: positive
!but&the&by&of: conflict
but&!at&!onli&!wife: negative
but&!at&!onli&wife: conflict
but&!at&onli&!are: positive
but&!at&onli&are: neutral
but&at&!great&!fantast: negative
but&at&!great&fantast: positive
but&at&great: positive
DecisionTree learned:
!but&!the&!perhap&!atmospher: neutral
!but&!the&!perhap&atmospher: positive
!but&!the&perhap: conflict
!but&the&!sometim&!rest: positive
!but&the&!sometim&rest: conflict
!but&the&sometim&!and: positive
!but&the&sometim&and: conflict
but&!slice&!at&!fine: positive
but&!slice&!at&fine: conflict
but&!slice&at&!price: negative
but&!slice&at&price: positive
but&slice: conflict
DecisionTree learned:
!but&!the&!great&!perhap: neutral
!but&!the&!great&perhap: conflict
!but&!the&great&!kid: positive
!but&!the&great&kid: conflict
!but&the&!well&!best: negative
!but&the&!well&best: positive
!but&the&well&!tasti: positive
!but&the&well&tasti: conflict
but&!worth&!we&!with: negative
but&!worth&!we&with: positive
but&!worth&we&!could: neutral
but&!worth&we&could: positive
but&worth&!itsuperb&!and: conflict
but&worth&!itsuperb&and: conflict
but&worth&itsuperb: positive
DecisionTree learned:
!littl&!wa&!lad&!turn: positive
!littl&!wa&!lad&turn: conflict
!littl&!wa&lad: conflict
!littl&wa&!although&!yet: negative
!littl&wa&!although&yet: conflict
!littl&wa&although: conflict
littl&!there&!more&!we: conflict
littl&!there&!more&we: neutral
littl&!there&more&!could: neutral
littl&!there&more&could: conflict
littl&there&!good: neutral
littl&there&good: positive
DecisionTree learned:
!but&!the&!tho&!atmospher: neutral
!but&!the&!tho&atmospher: positive
!but&!the&tho: conflict
!but&the&!lad&!rest: positive
!but&the&!lad&rest: conflict
!but&the&lad: conflict
but&!pretti&!great&!not: negative
but&!pretti&!great&not: conflict
but&!pretti&great&!atmospher: positive
but&!pretti&great&atmospher: conflict
but&pretti&!a&!great: positive
but&pretti&!a&great: neutral
but&pretti&a: conflict
DecisionTree learned:
!but&!the&!exceed&!tho: neutral
!but&!the&!exceed&tho: conflict
!but&!the&exceed: conflict
!but&the&!find&!worth: positive
!but&the&!find&worth: conflict
!but&the&find&!place: positive
!but&the&find&place: conflict
but&!wa&!the&!are: positive
but&!wa&!the&are: conflict
but&!wa&the&!casual: negative
but&!wa&the&casual: conflict
but&wa&!were&!restaur: conflict
but&wa&!were&restaur: neutral
but&wa&were&!with: negative
but&wa&were&with: neutral
DecisionTree learned:
!fine&!worth&!but&!littl: positive
!fine&!worth&!but&littl: conflict
!fine&!worth&but&!not: negative
!fine&!worth&but&not: conflict
!fine&worth&!select&!not: conflict
!fine&worth&!select&not: conflict
!fine&worth&select&!and: positive
!fine&worth&select&and: neutral
fine&!more&!dish&!are: positive
fine&!more&!dish&are: conflict
fine&!more&dish: conflict
fine&more: conflict
DecisionTree learned:
!but&!the&!exceed&!perhap: neutral
!but&!the&!exceed&perhap: conflict
!but&!the&exceed: conflict
!but&the&!noisi&!small: positive
!but&the&!noisi&small: negative
!but&the&noisi&!as: negative
!but&the&noisi&as: conflict
but&!worth&!look&!not: positive
but&!worth&!look&not: conflict
but&!worth&look&!and: negative
but&!worth&look&and: conflict
but&worth&!in&!and: conflict
but&worth&!in&and: positive
but&worth&in: conflict
DecisionTree learned:
!dinner&!but&!the&!though: positive
!dinner&!but&!the&though: negative
!dinner&!but&the&!although: positive
!dinner&!but&the&although: conflict
!dinner&but&!long&!at: negative
!dinner&but&!long&at: negative
!dinner&but&long&!littl: neutral
!dinner&but&long&littl: neutral
dinner&!would&!drink&!romant: neutral
dinner&!would&!drink&romant: positive
dinner&!would&drink&!of: positive
dinner&!would&drink&of: negative
dinner&would&!place: negative
dinner&would&place: positive
DecisionTree learned:
!but&!the&!perhap&!though: neutral
!but&!the&!perhap&though: negative
!but&!the&perhap: conflict
!but&the&!attent&!by: negative
!but&the&!attent&by: conflict
!but&the&attent&!a: positive
!but&the&attent&a: conflict
but&!with&!at&!fine: positive
but&!with&!at&fine: conflict
but&!with&at&!price: neutral
but&!with&at&price: positive
but&with&!eat&!a: positive
but&with&!eat&a: positive
but&with&eat: neutral
DecisionTree learned:
!worth&!but&!attent&!quibbl: positive
!worth&!but&!attent&quibbl: conflict
!worth&!but&attent&!servic: positive
!worth&!but&attent&servic: conflict
!worth&but&!who&!servic: positive
!worth&but&!who&servic: negative
!worth&but&who&!for: neutral
!worth&but&who&for: conflict
worth&!is&!food&!it: negative
worth&!is&!food&it: conflict
worth&!is&food: conflict
worth&is&!hous&!even: conflict
worth&is&!hous&even: conflict
worth&is&hous&!great: neutral
worth&is&hous&great: positive
DecisionTree learned:
!but&!the&!perhap&!exceed: neutral
!but&!the&!perhap&exceed: conflict
!but&!the&perhap: conflict
!but&the&!lad&!sometim: positive
!but&the&!lad&sometim: conflict
!but&the&lad: conflict
but&!who&!servic&!that: positive
but&!who&!servic&that: negative
but&!who&servic&!not: negative
but&!who&servic&not: conflict
but&who&!for: neutral
but&who&for&!of: conflict
but&who&for&of: negative
DecisionTree learned:
!but&!the&!tho&!though: neutral
!but&!the&!tho&though: negative
!but&!the&tho: conflict
!but&the&!quibbl&!is: negative
!but&the&!quibbl&is: positive
!but&the&quibbl: conflict
but&!at&!a&!of: neutral
but&!at&!a&of: negative
but&!at&a&!m: conflict
but&!at&a&m: neutral
but&at&!great&!in: negative
but&at&!great&in: positive
but&at&great: positive
DecisionTree learned:
!but&!the&!perhap&!tho: neutral
!but&!the&!perhap&tho: conflict
!but&!the&perhap: conflict
!but&the&!sometim&!wa: positive
!but&the&!sometim&wa: negative
!but&the&sometim: conflict
but&!at&!wa&!the: positive
but&!at&!wa&the: negative
but&!at&wa&!food: conflict
but&!at&wa&food: positive
but&at&!price&!and: negative
but&at&!price&and: positive
but&at&price: positive
DecisionTree learned:
!but&!the&!tho&!though: neutral
!but&!the&!tho&though: negative
!but&!the&tho: conflict
!but&the&!sometim&!worth: positive
!but&the&!sometim&worth: conflict
!but&the&sometim: conflict
but&!servic&!outstand&!as: positive
but&!servic&!outstand&as: positive
but&!servic&outstand: positive
but&servic&!not&!who: negative
but&servic&!not&who: neutral
but&servic&not&!food: conflict
but&servic&not&food: positive
DecisionTree learned:
!worth&!fine&!littl&!veri: positive
!worth&!fine&!littl&veri: positive
!worth&!fine&littl&!there: conflict
!worth&!fine&littl&there: neutral
!worth&fine&!more&!dish: positive
!worth&fine&!more&dish: conflict
!worth&fine&more: conflict
worth&!and&!definit&!not: conflict
worth&!and&!definit&not: conflict
worth&!and&definit: negative
worth&and&!the&!great: negative
worth&and&!the&great: positive
worth&and&the&!select: positive
worth&and&the&select: neutral
DecisionTree learned:
!but&!the&!tho&!for: positive
!but&!the&!tho&for: neutral
!but&!the&tho: conflict
!but&the&!fine&!nearbi: positive
!but&the&!fine&nearbi: conflict
!but&the&fine&!have: conflict
!but&the&fine&have: neutral
but&!wife&!nice&!wa: positive
but&!wife&!nice&wa: conflict
but&!wife&nice&!casual: positive
but&!wife&nice&casual: conflict
but&wife: conflict
DecisionTree learned:
!littl&!but&!the&!though: neutral
!littl&!but&!the&though: negative
!littl&!but&the&!noisi: positive
!littl&!but&the&noisi: conflict
!littl&but&!it&!chicken: positive
!littl&but&!it&chicken: negative
!littl&but&it&!me: conflict
!littl&but&it&me: neutral
littl&!there&!more&!we: conflict
littl&!there&!more&we: neutral
littl&!there&more&!could: neutral
littl&!there&more&could: conflict
littl&there&!good: neutral
littl&there&good: positive
DecisionTree learned:
!lad&!but&!though&!the: neutral
!lad&!but&!though&the: positive
!lad&!but&though&!i: conflict
!lad&!but&though&i: neutral
!lad&but&!wife&!food: negative
!lad&but&!wife&food: positive
!lad&but&wife: conflict
lad: conflict
DecisionTree learned:
!but&!the&!perhap&!tho: positive
!but&!the&!perhap&tho: conflict
!but&!the&perhap: conflict
!but&the&!lad&!attent: positive
!but&the&!lad&attent: conflict
!but&the&lad: conflict
but&!wa&!the&!are: positive
but&!wa&!the&are: conflict
but&!wa&the&!casual: neutral
but&!wa&the&casual: conflict
but&wa&!our&!were: conflict
but&wa&!our&were: negative
but&wa&our&!for: neutral
but&wa&our&for: positive
DecisionTree learned:
!but&!the&!tho&!perhap: neutral
!but&!the&!tho&perhap: conflict
!but&!the&tho: conflict
!but&the&!sometim&!well: positive
!but&the&!sometim&well: conflict
!but&the&sometim&!and: positive
!but&the&sometim&and: conflict
but&!wife&!worth&!wa: positive
but&!wife&!worth&wa: conflict
but&!wife&worth&!is: conflict
but&!wife&worth&is: conflict
but&wife: conflict
DecisionTree learned:
!but&!the&!atmospher&!though: neutral
!but&!the&!atmospher&though: negative
!but&!the&atmospher&!they: positive
!but&!the&atmospher&they: conflict
!but&the&!lad&!well: positive
!but&the&!lad&well: conflict
!but&the&lad: conflict
but&!casual&!shorter&!onli: positive
but&!casual&!shorter&onli: neutral
but&!casual&shorter: conflict
but&casual: conflict
Trial 0 Training cc.mallet.classify.AdaBoostM2Trainer@49ff0dde finished
Trial 0 Trainer cc.mallet.classify.AdaBoostM2Trainer@49ff0dde test data accuracy = 0.5793758480325645

NaiveBayesTrainer
Summary. test accuracy mean = 0.6417910447761194 stddev = 0.0 stderr = 0.0

MaxEntTrainer,gaussianPriorVariance=1.0
Summary. test accuracy mean = 0.6336499321573948 stddev = 0.0 stderr = 0.0

cc.mallet.classify.DecisionTreeTrainer@6766afb3
Summary. test accuracy mean = 0.5739484396200815 stddev = 0.0 stderr = 0.0

cc.mallet.classify.AdaBoostM2Trainer@49ff0dde
Summary. test accuracy mean = 0.5793758480325645 stddev = 0.0 stderr = 0.0
