
-------------------- Trial 0  --------------------

Trial 0 Training NaiveBayesTrainer with 2956 instances
Trial 0 Training NaiveBayesTrainer finished
Trial 0 Trainer NaiveBayesTrainer test data accuracy = 0.6160108548168249
Trial 0 Training MaxEntTrainer,gaussianPriorVariance=1.0 with 2956 instances
Trial 0 Training MaxEntTrainer,gaussianPriorVariance=1.0 finished
Trial 0 Trainer MaxEntTrainer,gaussianPriorVariance=1.0 test data accuracy = 0.621438263229308
Trial 0 Training cc.mallet.classify.DecisionTreeTrainer@2b2d96f2 with 2956 instances
DecisionTree learned:
!great&!but&!good&!best: positive
!great&!but&!good&best: positive
!great&!but&good&!not: positive
!great&!but&good&not: negative
!great&but&!worth&!not: positive
!great&but&!worth&not: conflict
!great&but&worth: conflict
great&!kid&!tini&!plu: positive
great&!kid&!tini&plu: negative
great&!kid&tini: negative
great&kid: conflict
Trial 0 Training cc.mallet.classify.DecisionTreeTrainer@2b2d96f2 finished
Trial 0 Trainer cc.mallet.classify.DecisionTreeTrainer@2b2d96f2 test data accuracy = 0.5780189959294437
Trial 0 Training cc.mallet.classify.AdaBoostM2Trainer@7e78fc6 with 2956 instances
DecisionTree learned:
!great&!but&!good&!dinner: positive
!great&!but&!good&dinner: neutral
!great&!but&good&!meet: positive
!great&!but&good&meet: neutral
!great&but&!worth&!not: positive
!great&but&!worth&not: conflict
!great&but&worth: conflict
great&!tini&!plu&!the: positive
great&!tini&!plu&the: positive
great&!tini&plu: negative
great&tini: negative
DecisionTree learned:
!great&!dinner&!not&!good: positive
!great&!dinner&!not&good: positive
!great&!dinner&not&!but: negative
!great&!dinner&not&but: conflict
!great&dinner&!to&!n: neutral
!great&dinner&!to&n: negative
!great&dinner&to&!friend: neutral
!great&dinner&to&friend: positive
great&!it&!tini&!but: positive
great&!it&!tini&but: positive
great&!it&tini: negative
great&it&!the&!with: neutral
great&it&!the&with: conflict
great&it&the&!servic: positive
great&it&the&servic: negative
DecisionTree learned:
!but&!great&!the&!appet: positive
!but&!great&!the&appet: neutral
!but&!great&the&!bar: positive
!but&!great&the&bar: neutral
!but&great&!one&!ok: positive
!but&great&!one&ok: neutral
!but&great&one&!and: neutral
!but&great&one&and: negative
but&!worth&!casual&!not: positive
but&!worth&!casual&not: conflict
but&!worth&casual: conflict
but&worth: conflict
DecisionTree learned:
!but&!best&!great&!good: positive
!but&!best&!great&good: positive
!but&!best&great&!to: positive
!but&!best&great&to: positive
!but&best&!here: positive
!but&best&here: negative
but&!who&!servic&!worth: positive
but&!who&!servic&worth: conflict
but&!who&servic&!not: negative
but&!who&servic&not: conflict
but&who&!for: neutral
but&who&for&!of: conflict
but&who&for&of: negative
DecisionTree learned:
!wa&!best&!great&!friendli: positive
!wa&!best&!great&friendli: positive
!wa&!best&great&!definit: positive
!wa&!best&great&definit: neutral
!wa&best&!who&!here: positive
!wa&best&!who&here: negative
!wa&best&who&!for: neutral
!wa&best&who&for: conflict
wa&!our&!but&!and: negative
wa&!our&!but&and: positive
wa&!our&but&!dim: negative
wa&!our&but&dim: neutral
wa&our&!to&!but: positive
wa&our&!to&but: neutral
wa&our&to&!of: neutral
wa&our&to&of: negative
DecisionTree learned:
!wa&!dinner&!though&!not: positive
!wa&!dinner&!though&not: negative
!wa&!dinner&though&!i: negative
!wa&!dinner&though&i: neutral
!wa&dinner&!drink&!ani: neutral
!wa&dinner&!drink&ani: negative
!wa&dinner&drink&!wine: positive
!wa&dinner&drink&wine: negative
wa&!and&!good&!that: negative
wa&!and&!good&that: negative
wa&!and&good&!not: positive
wa&!and&good&not: conflict
wa&and&!make&!coke: positive
wa&and&!make&coke: neutral
wa&and&make&!the: neutral
wa&and&make&the: conflict
DecisionTree learned:
!but&!delici&!wa&!though: positive
!but&!delici&!wa&though: negative
!but&!delici&wa&!good: negative
!but&!delici&wa&good: positive
!but&delici&!top&!all: positive
!but&delici&!top&all: neutral
!but&delici&top: neutral
but&!worth&!wife&!wa: positive
but&!worth&!wife&wa: negative
but&!worth&wife: conflict
but&worth: conflict
DecisionTree learned:
!wa&!n&!dinner&!not: positive
!wa&!n&!dinner&not: negative
!wa&!n&dinner&!proper: neutral
!wa&!n&dinner&proper: negative
!wa&n&!it&!i: negative
!wa&n&!it&i: positive
!wa&n&it&!s: negative
!wa&n&it&s: conflict
wa&!and&!my&!which: negative
wa&!and&!my&which: positive
wa&!and&my&!food: negative
wa&!and&my&food: conflict
wa&and&!be&!look: positive
wa&and&!be&look: negative
wa&and&be&!about: negative
wa&and&be&about: neutral
DecisionTree learned:
!but&!delici&!the&!excel: positive
!but&!delici&!the&excel: positive
!but&!delici&the&!bar: positive
!but&!delici&the&bar: neutral
!but&delici&!all&!top: positive
!but&delici&!all&top: neutral
!but&delici&all: neutral
but&!we&!there&!menu: negative
but&!we&!there&menu: neutral
but&!we&there&!my: conflict
but&!we&there&my: neutral
but&we&!get&!casserol: neutral
but&we&!get&casserol: negative
but&we&get: positive
DecisionTree learned:
!wa&!though&!best&!doe: positive
!wa&!though&!best&doe: conflict
!wa&!though&best&!who: positive
!wa&!though&best&who: neutral
!wa&though&!i&!of: negative
!wa&though&!i&of: conflict
!wa&though&i: neutral
wa&!our&!and&!ok: negative
wa&!our&!and&ok: neutral
wa&!our&and&!make: positive
wa&!our&and&make: neutral
wa&our&!veri&!bill: neutral
wa&our&!veri&bill: negative
wa&our&veri: positive
DecisionTree learned:
!not&!n&!dinner&!excel: positive
!not&!n&!dinner&excel: positive
!not&!n&dinner&!drink: neutral
!not&!n&dinner&drink: positive
!not&n&!been&!doe: negative
!not&n&!been&doe: conflict
!not&n&been&!an: conflict
!not&n&been&an: negative
not&!but&!price&!wa: negative
not&!but&!price&wa: negative
not&!but&price&!for: conflict
not&!but&price&for: positive
not&but&!for&!great: conflict
not&but&!for&great: negative
not&but&for&!are: positive
not&but&for&are: conflict
DecisionTree learned:
!but&!great&!the&!variou: positive
!but&!great&!the&variou: conflict
!but&!great&the&!bar: positive
!but&!great&the&bar: neutral
!but&great&!to&!plu: positive
!but&great&!to&plu: negative
!but&great&to&!they: positive
!but&great&to&they: conflict
but&!worth&!veri&!sweet: negative
but&!worth&!veri&sweet: conflict
but&!worth&veri&!a: conflict
but&!worth&veri&a: positive
but&worth: conflict
DecisionTree learned:
!wa&!it&!friendli&!great: positive
!wa&!it&!friendli&great: positive
!wa&!it&friendli&!realli: positive
!wa&!it&friendli&realli: conflict
!wa&it&!worth&!and: negative
!wa&it&!worth&and: conflict
!wa&it&worth&!overal: conflict
!wa&it&worth&overal: negative
wa&!our&!ok&!and: negative
wa&!our&!ok&and: positive
wa&!our&ok&!well: neutral
wa&!our&ok&well: positive
wa&our&!veri&!accomod: neutral
wa&our&!veri&accomod: positive
wa&our&veri: positive
DecisionTree learned:
!wa&!friendli&!nice&!though: positive
!wa&!friendli&!nice&though: negative
!wa&!friendli&nice&!they: positive
!wa&!friendli&nice&they: conflict
!wa&friendli&!small&!my: positive
!wa&friendli&!small&my: conflict
!wa&friendli&small: neutral
wa&!and&!my&!ok: negative
wa&!and&!my&ok: neutral
wa&!and&my&!food: negative
wa&!and&my&food: conflict
wa&and&!make&!udon: positive
wa&and&!make&udon: neutral
wa&and&make&!to: positive
wa&and&make&to: neutral
DecisionTree learned:
!but&!the&!variou&!lunch: positive
!but&!the&!variou&lunch: neutral
!but&!the&variou: conflict
!but&the&!bar&!best: positive
!but&the&!bar&best: positive
!but&the&bar&!at: neutral
!but&the&bar&at: neutral
but&!it&!with&!n: negative
but&!it&!with&n: negative
but&!it&with&!are: positive
but&!it&with&are: neutral
but&it&!to&!n: conflict
but&it&!to&n: negative
but&it&to&!food: neutral
but&it&to&food: conflict
DecisionTree learned:
!but&!friendli&!excel&!the: positive
!but&!friendli&!excel&the: positive
!but&!friendli&excel&!you: positive
!but&!friendli&excel&you: negative
!but&friendli&!realli&!small: positive
!but&friendli&!realli&small: neutral
!but&friendli&realli: conflict
but&!get&!it&!with: negative
but&!get&!it&with: positive
but&!get&it&!me: conflict
but&!get&it&me: neutral
but&get&!not&!dessert: positive
but&get&!not&dessert: neutral
but&get&not: neutral
DecisionTree learned:
!but&!the&!variou&!reason: positive
!but&!the&!variou&reason: positive
!but&!the&variou: conflict
!but&the&!best&!bar: positive
!but&the&!best&bar: neutral
!but&the&best: positive
but&!worth&!not&!wa: positive
but&!worth&!not&wa: negative
but&!worth&not&!for: conflict
but&!worth&not&for: positive
but&worth: conflict
DecisionTree learned:
!but&!delici&!the&!variou: positive
!but&!delici&!the&variou: conflict
!but&!delici&the&!best: positive
!but&!delici&the&best: positive
!but&delici&!top&!all: positive
!but&delici&!top&all: neutral
!but&delici&top: neutral
but&!it&!not&!wa: positive
but&!it&!not&wa: negative
but&!it&not&!for: conflict
but&!it&not&for: negative
but&it&!also&!on: conflict
but&it&!also&on: conflict
but&it&also: negative
DecisionTree learned:
!wa&!though&!nice&!is: positive
!wa&!though&!nice&is: positive
!wa&!though&nice&!they: positive
!wa&!though&nice&they: conflict
!wa&though&!i&!a: conflict
!wa&though&!i&a: negative
!wa&though&i: neutral
wa&!ok&!our&!and: negative
wa&!ok&!our&and: positive
wa&!ok&our&!bill: neutral
wa&!ok&our&bill: negative
wa&ok&!well&!dinner: neutral
wa&ok&!well&dinner: negative
wa&ok&well: positive
DecisionTree learned:
!but&!the&!for&!appet: positive
!but&!the&!for&appet: neutral
!but&!the&for&!went: neutral
!but&!the&for&went: neutral
!but&the&!well&!best: positive
!but&the&!well&best: positive
!but&the&well&!tasti: positive
!but&the&well&tasti: conflict
but&!casual&!onli&!wa: negative
but&!casual&!onli&wa: negative
but&!casual&onli&!with: positive
but&!casual&onli&with: neutral
but&casual: conflict
DecisionTree learned:
!wa&!though&!doe&!nice: positive
!wa&!though&!doe&nice: positive
!wa&!though&doe&!a: negative
!wa&!though&doe&a: conflict
!wa&though&!i&!of: negative
!wa&though&!i&of: conflict
!wa&though&i: neutral
wa&!and&!second&!portion: negative
wa&!and&!second&portion: conflict
wa&!and&second: conflict
wa&and&!coke&!udon: positive
wa&and&!coke&udon: neutral
wa&and&coke: neutral
DecisionTree learned:
!wa&!though&!doe&!well: positive
!wa&!though&!doe&well: positive
!wa&!though&doe&!a: negative
!wa&!though&doe&a: conflict
!wa&though&!i&!a: conflict
!wa&though&!i&a: negative
!wa&though&i: neutral
wa&!and&!that&!so: negative
wa&!and&!that&so: neutral
wa&!and&that&!price: negative
wa&!and&that&price: neutral
wa&and&!our&!make: positive
wa&and&!our&make: neutral
wa&and&our&!were: positive
wa&and&our&were: neutral
DecisionTree learned:
!but&!the&!variou&!wait: positive
!but&!the&!variou&wait: negative
!but&!the&variou: conflict
!but&the&!bar&!best: positive
!but&the&!bar&best: positive
!but&the&bar&!thi: neutral
!but&the&bar&thi: negative
but&!casual&!not&!wa: positive
but&!casual&!not&wa: negative
but&!casual&not&!for: conflict
but&!casual&not&for: positive
but&casual: conflict
DecisionTree learned:
!but&!the&!variou&!wait: positive
!but&!the&!variou&wait: negative
!but&!the&variou: conflict
!but&the&!though&!bar: positive
!but&the&!though&bar: neutral
!but&the&though&!what: conflict
!but&the&though&what: neutral
but&!casual&!look&!not: negative
but&!casual&!look&not: conflict
but&!casual&look: conflict
but&casual: conflict
DecisionTree learned:
!wa&!it&!dinner&!delici: positive
!wa&!it&!dinner&delici: positive
!wa&!it&dinner&!ani: neutral
!wa&!it&dinner&ani: negative
!wa&it&!worth&!and: negative
!wa&it&!worth&and: neutral
!wa&it&worth&!overal: conflict
!wa&it&worth&overal: negative
wa&!and&!so&!ok: negative
wa&!and&!so&ok: neutral
wa&!and&so&!to: neutral
wa&!and&so&to: negative
wa&and&!our&!make: positive
wa&and&!our&make: conflict
wa&and&our&!dinner: neutral
wa&and&our&dinner: positive
DecisionTree learned:
!but&!the&!appet&!for: positive
!but&!the&!appet&for: neutral
!but&!the&appet&!each: neutral
!but&!the&appet&each: negative
!but&the&!bar&!well: positive
!but&the&!bar&well: conflict
!but&the&bar&!at: negative
!but&the&bar&at: neutral
but&!menu&!reserv&!we: positive
but&!menu&!reserv&we: neutral
but&!menu&reserv&!wa: neutral
but&!menu&reserv&wa: negative
but&menu&!of&!is: neutral
but&menu&!of&is: negative
but&menu&of: negative
DecisionTree learned:
!the&!but&!variou&!usual: positive
!the&!but&!variou&usual: neutral
!the&!but&variou: conflict
!the&but&!s&!waiter: positive
!the&but&!s&waiter: conflict
!the&but&s&!recommend: conflict
!the&but&s&recommend: negative
the&!well&!sometim&!best: positive
the&!well&!sometim&best: positive
the&!well&sometim&!and: positive
the&!well&sometim&and: conflict
the&well&!with&!tasti: positive
the&well&!with&tasti: conflict
the&well&with&!on: neutral
the&well&with&on: positive
DecisionTree learned:
!wa&!dinner&!sometim&!delici: positive
!wa&!dinner&!sometim&delici: positive
!wa&!dinner&sometim&!the: negative
!wa&!dinner&sometim&the: conflict
!wa&dinner&!n&!drink: neutral
!wa&dinner&!n&drink: positive
!wa&dinner&n&!for: neutral
!wa&dinner&n&for: negative
wa&!good&!and&!ok: negative
wa&!good&!and&ok: neutral
wa&!good&and&!disappoint: negative
wa&!good&and&disappoint: conflict
wa&good&!food&!the: negative
wa&good&!food&the: positive
wa&good&food&!pretti: positive
wa&good&food&pretti: conflict
DecisionTree learned:
!but&!the&!for&!appet: positive
!but&!the&!for&appet: neutral
!but&!the&for&!went: neutral
!but&!the&for&went: neutral
!but&the&!doe&!bar: positive
!but&the&!doe&bar: neutral
!but&the&doe&!food: conflict
!but&the&doe&food: positive
but&!well&!casual&!wa: negative
but&!well&!casual&wa: conflict
but&!well&casual: conflict
but&well&!with: conflict
but&well&with: neutral
DecisionTree learned:
!but&!the&!usual&!fine: positive
!but&!the&!usual&fine: positive
!but&!the&usual&!veri: neutral
!but&!the&usual&veri: conflict
!but&the&!bill&!servic: positive
!but&the&!bill&servic: positive
!but&the&bill&!by: neutral
!but&the&bill&by: conflict
but&!get&!we&!to: positive
but&!get&!we&to: neutral
but&!get&we&!that: negative
but&!get&we&that: positive
but&get&!dessert&!not: positive
but&get&!dessert&not: neutral
but&get&dessert: neutral
DecisionTree learned:
!but&!the&!variou&!tho: positive
!but&!the&!variou&tho: conflict
!but&!the&variou: conflict
!but&the&!servic&!best: positive
!but&the&!servic&best: positive
!but&the&servic&!ok: positive
!but&the&servic&ok: neutral
but&!worth&!casual&!wa: negative
but&!worth&!casual&wa: conflict
but&!worth&casual: conflict
but&worth: conflict
DecisionTree learned:
!wa&!though&!dinner&!lad: positive
!wa&!though&!dinner&lad: conflict
!wa&!though&dinner&!proper: neutral
!wa&!though&dinner&proper: negative
!wa&though&!i&!the: negative
!wa&though&!i&the: conflict
!wa&though&i: neutral
wa&!and&!ok&!which: negative
wa&!and&!ok&which: positive
wa&!and&ok&!dinner: neutral
wa&!and&ok&dinner: negative
wa&and&!make&!coke: positive
wa&and&!make&coke: neutral
wa&and&make&!to: conflict
wa&and&make&to: neutral
DecisionTree learned:
!but&!the&!tho&!perhap: positive
!but&!the&!tho&perhap: conflict
!but&!the&tho: conflict
!but&the&!best&!bar: positive
!but&the&!best&bar: neutral
!but&the&best: positive
but&!worth&!not&!wa: positive
but&!worth&!not&wa: negative
but&!worth&not&!for: conflict
but&!worth&not&for: positive
but&worth: conflict
DecisionTree learned:
!wa&!it&!nice&!with: positive
!wa&!it&!nice&with: positive
!wa&!it&nice&!servic: positive
!wa&!it&nice&servic: conflict
!wa&it&!worth&!and: negative
!wa&it&!worth&and: conflict
!wa&it&worth&!overal: conflict
!wa&it&worth&overal: negative
wa&!and&!ok&!that: negative
wa&!and&!ok&that: negative
wa&!and&ok&!well: neutral
wa&!and&ok&well: positive
wa&and&!make&!udon: negative
wa&and&!make&udon: neutral
wa&and&make&!to: conflict
wa&and&make&to: neutral
DecisionTree learned:
!but&!the&!those&!exceed: positive
!but&!the&!those&exceed: conflict
!but&!the&those&!were: positive
!but&!the&those&were: conflict
!but&the&!best&!excel: positive
!but&the&!best&excel: positive
!but&the&best: positive
but&!we&!there&!not: positive
but&!we&!there&not: conflict
but&!we&there&!good: conflict
but&!we&there&good: positive
but&we&!get&!the: negative
but&we&!get&the: neutral
but&we&get: positive
DecisionTree learned:
!well&!wa&!it&!great: positive
!well&!wa&!it&great: positive
!well&!wa&it&!worth: negative
!well&!wa&it&worth: conflict
!well&wa&!and&!ok: negative
!well&wa&!and&ok: neutral
!well&wa&and&!our: negative
!well&wa&and&our: neutral
well&!as&!with&!price: conflict
well&!as&!with&price: positive
well&!as&with&!beer: neutral
well&!as&with&beer: positive
well&as&!restaur: positive
well&as&restaur: neutral
DecisionTree learned:
!wa&!it&!love&!friendli: positive
!wa&!it&!love&friendli: positive
!wa&!it&love: positive
!wa&it&!worth&!and: negative
!wa&it&!worth&and: conflict
!wa&it&worth&!overal: conflict
!wa&it&worth&overal: negative
wa&!and&!second&!good: negative
wa&!and&!second&good: conflict
wa&!and&second: conflict
wa&and&!udon&!our: negative
wa&and&!udon&our: neutral
wa&and&udon: neutral
DecisionTree learned:
!but&!the&!exceed&!perhap: positive
!but&!the&!exceed&perhap: conflict
!but&!the&exceed: conflict
!but&the&!servic&!great: positive
!but&the&!servic&great: positive
!but&the&servic&!and: negative
!but&the&servic&and: positive
but&!it&!menu&!we: negative
but&!it&!menu&we: neutral
but&!it&menu&!is: neutral
but&!it&menu&is: negative
but&it&!with&!to: conflict
but&it&!with&to: conflict
but&it&with&!as: negative
but&it&with&as: positive
DecisionTree learned:
!wa&!perhap&!while&!doe: positive
!wa&!perhap&!while&doe: conflict
!wa&!perhap&while&!and: positive
!wa&!perhap&while&and: conflict
!wa&perhap: conflict
wa&!and&!decent&!just: negative
wa&!and&!decent&just: neutral
wa&!and&decent&!the: conflict
wa&!and&decent&the: neutral
wa&and&!thi&!coke: negative
wa&and&!thi&coke: neutral
wa&and&thi&!to: conflict
wa&and&thi&to: neutral
DecisionTree learned:
!wa&!sometim&!though&!doe: positive
!wa&!sometim&!though&doe: conflict
!wa&!sometim&though&!i: negative
!wa&!sometim&though&i: neutral
!wa&sometim&!the&!servic: positive
!wa&sometim&!the&servic: negative
!wa&sometim&the: conflict
wa&!and&!ok&!decent: negative
wa&!and&!ok&decent: conflict
wa&!and&ok&!well: neutral
wa&!and&ok&well: positive
wa&and&!make&!coke: negative
wa&and&!make&coke: neutral
wa&and&make&!the: neutral
wa&and&make&the: conflict
DecisionTree learned:
!but&!the&!usual&!variou: positive
!but&!the&!usual&variou: conflict
!but&!the&usual&!veri: neutral
!but&!the&usual&veri: conflict
!but&the&!servic&!well: positive
!but&the&!servic&well: conflict
!but&the&servic&!sometim: negative
!but&the&servic&sometim: conflict
but&!worth&!not&!wa: positive
but&!worth&!not&wa: conflict
but&!worth&not&!a: neutral
but&!worth&not&a: conflict
but&worth: conflict
DecisionTree learned:
!but&!the&!exceed&!perhap: positive
!but&!the&!exceed&perhap: conflict
!but&!the&exceed: conflict
!but&the&!servic&!bar: positive
!but&the&!servic&bar: neutral
!but&the&servic&!ok: negative
!but&the&servic&ok: neutral
but&!worth&!casual&!wa: positive
but&!worth&!casual&wa: negative
but&!worth&casual: conflict
but&worth: conflict
DecisionTree learned:
!but&!the&!usual&!appet: positive
!but&!the&!usual&appet: neutral
!but&!the&usual&!veri: neutral
!but&!the&usual&veri: conflict
!but&the&!servic&!small: positive
!but&the&!servic&small: negative
!but&the&servic&!and: negative
!but&the&servic&and: positive
but&!worth&!sweet&!wa: negative
but&!worth&!sweet&wa: conflict
but&!worth&sweet&!good: conflict
but&!worth&sweet&good: negative
but&worth: conflict
DecisionTree learned:
!wa&!turn&!doe&!pricey: positive
!wa&!turn&!doe&pricey: conflict
!wa&!turn&doe&!a: negative
!wa&!turn&doe&a: conflict
!wa&turn&!and: negative
!wa&turn&and: conflict
wa&!and&!good&!let: negative
wa&!and&!good&let: conflict
wa&!and&good&!not: positive
wa&!and&good&not: conflict
wa&and&!our&!averag: positive
wa&and&!our&averag: neutral
wa&and&our&!were: positive
wa&and&our&were: neutral
DecisionTree learned:
!wa&!doe&!lad&!not: positive
!wa&!doe&!lad&not: negative
!wa&!doe&lad: conflict
!wa&doe&!a&!make: negative
!wa&doe&!a&make: positive
!wa&doe&a&!here: conflict
!wa&doe&a&here: positive
wa&!and&!my&!but: negative
wa&!and&!my&but: conflict
wa&!and&my&!food: negative
wa&!and&my&food: conflict
wa&and&!disappoint&!udon: positive
wa&and&!disappoint&udon: neutral
wa&and&disappoint: conflict
DecisionTree learned:
!wa&!though&!turn&!not: positive
!wa&!though&!turn&not: negative
!wa&!though&turn&!and: negative
!wa&!though&turn&and: conflict
!wa&though&!i&!a: conflict
!wa&though&!i&a: negative
!wa&though&i: neutral
wa&!and&!let&!good: negative
wa&!and&!let&good: conflict
wa&!and&let: conflict
wa&and&!our&!make: negative
wa&and&!our&make: neutral
wa&and&our&!the: positive
wa&and&our&the: neutral
DecisionTree learned:
!wa&!though&!not&!cost: positive
!wa&!though&!not&cost: conflict
!wa&!though&not&!from: negative
!wa&!though&not&from: conflict
!wa&though&!i&!of: negative
!wa&though&!i&of: conflict
!wa&though&i: neutral
wa&!and&!ok&!poor: negative
wa&!and&!ok&poor: negative
wa&!and&ok&!bland: neutral
wa&!and&ok&bland: negative
wa&and&!make&!our: negative
wa&and&!make&our: neutral
wa&and&make&!to: conflict
wa&and&make&to: neutral
DecisionTree learned:
!wa&!it&!dinner&!well: positive
!wa&!it&!dinner&well: positive
!wa&!it&dinner&!ani: neutral
!wa&!it&dinner&ani: negative
!wa&it&!worth&!and: negative
!wa&it&!worth&and: conflict
!wa&it&worth&!overal: conflict
!wa&it&worth&overal: negative
wa&!and&!portion&!good: negative
wa&!and&!portion&good: positive
wa&!and&portion: conflict
wa&and&!our&!udon: negative
wa&and&!our&udon: neutral
wa&and&our&!were: positive
wa&and&our&were: neutral
DecisionTree learned:
!n&!not&!though&!atmospher: positive
!n&!not&!though&atmospher: positive
!n&!not&though&!i: conflict
!n&!not&though&i: neutral
!n&not&!pizza&!price: negative
!n&not&!pizza&price: conflict
!n&not&pizza: positive
n&!place&!been&!to: negative
n&!place&!been&to: positive
n&!place&been&!an: conflict
n&!place&been&an: negative
n&place&!the: negative
n&place&the&!of: conflict
n&place&the&of: positive
DecisionTree learned:
!wa&!it&!lad&!well: positive
!wa&!it&!lad&well: positive
!wa&!it&lad: conflict
!wa&it&!worth&!and: negative
!wa&it&!worth&and: conflict
!wa&it&worth&!overal: conflict
!wa&it&worth&overal: negative
wa&!and&!second&!good: negative
wa&!and&!second&good: positive
wa&!and&second: conflict
wa&and&!udon&!our: negative
wa&and&!udon&our: neutral
wa&and&udon: neutral
DecisionTree learned:
!but&!the&!reason&!variou: neutral
!but&!the&!reason&variou: conflict
!but&!the&reason&!noodl: positive
!but&!the&reason&noodl: neutral
!but&the&!well&!that: positive
!but&the&!well&that: negative
!but&the&well&!with: conflict
!but&the&well&with: neutral
but&!worth&!casual&!not: positive
but&!worth&!casual&not: conflict
but&!worth&casual: conflict
but&worth: conflict
DecisionTree learned:
!wa&!though&!well&!friendli: positive
!wa&!though&!well&friendli: positive
!wa&!though&well&!ambienc: positive
!wa&!though&well&ambienc: conflict
!wa&though&!i&!of: negative
!wa&though&!i&of: conflict
!wa&though&i: neutral
wa&!and&!let&!just: negative
wa&!and&!let&just: neutral
wa&!and&let: conflict
wa&and&!coke&!udon: positive
wa&and&!coke&udon: neutral
wa&and&coke: neutral
DecisionTree learned:
!lad&!but&!the&!perhap: positive
!lad&!but&!the&perhap: conflict
!lad&!but&the&!at: positive
!lad&!but&the&at: neutral
!lad&but&!it&!not: negative
!lad&but&!it&not: conflict
!lad&but&it&!me: conflict
!lad&but&it&me: neutral
lad: conflict
DecisionTree learned:
!but&!the&!variou&!tho: positive
!but&!the&!variou&tho: conflict
!but&!the&variou: conflict
!but&the&!servic&!while: positive
!but&the&!servic&while: conflict
!but&the&servic&!and: negative
!but&the&servic&and: positive
but&!wife&!to&!we: positive
but&!wife&!to&we: neutral
but&!wife&to&!who: neutral
but&!wife&to&who: conflict
but&wife: conflict
DecisionTree learned:
!the&!but&!exceed&!variou: positive
!the&!but&!exceed&variou: conflict
!the&!but&exceed: conflict
!the&but&!s&!waiter: positive
!the&but&!s&waiter: conflict
!the&but&s&!is: conflict
!the&but&s&is: neutral
the&!though&!well&!sometim: positive
the&!though&!well&sometim: conflict
the&!though&well&!with: conflict
the&!though&well&with: neutral
the&though&!most&!what: conflict
the&though&!most&what: neutral
the&though&most: negative
DecisionTree learned:
!but&!the&!for&!appet: positive
!but&!the&!for&appet: neutral
!but&!the&for&!drink: neutral
!but&!the&for&drink: neutral
!but&the&!that&!servic: positive
!but&the&!that&servic: negative
!but&the&that&!were: negative
!but&the&that&were: neutral
but&!casual&!wa&!it: negative
but&!casual&!wa&it: conflict
but&!casual&wa&!our: conflict
but&!casual&wa&our: neutral
but&casual: conflict
DecisionTree learned:
!but&!excel&!friendli&!fine: positive
!but&!excel&!friendli&fine: conflict
!but&!excel&friendli&!realli: positive
!but&!excel&friendli&realli: conflict
!but&excel&!in&!pair: positive
!but&excel&!in&pair: neutral
!but&excel&in: neutral
but&!menu&!we&!to: positive
but&!menu&!we&to: neutral
but&!menu&we&!casserol: neutral
but&!menu&we&casserol: negative
but&menu&!of&!is: neutral
but&menu&!of&is: negative
but&menu&of: negative
DecisionTree learned:
!wa&!lad&!pricey&!wander: positive
!wa&!lad&!pricey&wander: conflict
!wa&!lad&pricey&!food: conflict
!wa&!lad&pricey&food: conflict
!wa&lad: conflict
wa&!and&!good&!attent: negative
wa&!and&!good&attent: conflict
wa&!and&good&!food: positive
wa&!and&good&food: conflict
wa&and&!our&!averag: negative
wa&and&!our&averag: neutral
wa&and&our&!were: positive
wa&and&our&were: neutral
DecisionTree learned:
!wa&!turn&!pricey&!well: positive
!wa&!turn&!pricey&well: positive
!wa&!turn&pricey&!a: conflict
!wa&!turn&pricey&a: negative
!wa&turn&!and: negative
!wa&turn&and: conflict
wa&!and&!ok&!our: negative
wa&!and&!ok&our: neutral
wa&!and&ok&!well: neutral
wa&!and&ok&well: positive
wa&and&!had&!about: negative
wa&and&!had&about: neutral
wa&and&had: positive
DecisionTree learned:
!wa&!doe&!though&!well: positive
!wa&!doe&!though&well: positive
!wa&!doe&though&!i: conflict
!wa&!doe&though&i: neutral
!wa&doe&!a&!make: negative
!wa&doe&!a&make: positive
!wa&doe&a&!here: conflict
!wa&doe&a&here: positive
wa&!and&!decent&!ok: negative
wa&!and&!decent&ok: neutral
wa&!and&decent&!the: conflict
wa&!and&decent&the: neutral
wa&and&!make&!averag: negative
wa&and&!make&averag: neutral
wa&and&make&!the: neutral
wa&and&make&the: conflict
DecisionTree learned:
!the&!usual&!tho&!qualiti: positive
!the&!usual&!tho&qualiti: negative
!the&!usual&tho: conflict
!the&usual&!is: neutral
!the&usual&is: conflict
the&!well&!just&!staff: positive
the&!well&!just&staff: positive
the&!well&just&!not: neutral
the&!well&just&not: negative
the&well&!with&!price: conflict
the&well&!with&price: positive
the&well&with&!on: neutral
the&well&with&on: positive
DecisionTree learned:
!but&!cost&!the&!exceed: positive
!but&!cost&!the&exceed: conflict
!but&!cost&the&!well: positive
!but&!cost&the&well: conflict
!but&cost&!have&!that: conflict
!but&cost&!have&that: positive
!but&cost&have&!build: negative
!but&cost&have&build: neutral
but&!worth&!not&!casual: negative
but&!worth&!not&casual: conflict
but&!worth&not&!for: conflict
but&!worth&not&for: positive
but&worth: conflict
DecisionTree learned:
!but&!the&!those&!usual: positive
!but&!the&!those&usual: conflict
!but&!the&those&!were: negative
!but&!the&those&were: conflict
!but&the&!while&!servic: positive
!but&the&!while&servic: negative
!but&the&while&!and: positive
!but&the&while&and: conflict
but&!it&!wa&!not: negative
but&!it&!wa&not: conflict
but&!it&wa&!our: conflict
but&!it&wa&our: neutral
but&it&!me&!also: conflict
but&it&!me&also: negative
but&it&me: neutral
DecisionTree learned:
!but&!the&!perhap&!fine: neutral
!but&!the&!perhap&fine: conflict
!but&!the&perhap: conflict
!but&the&!could&!at: positive
!but&the&!could&at: neutral
!but&the&could&!food: conflict
!but&the&could&food: negative
but&!we&!menu&!to: positive
but&!we&!menu&to: neutral
but&!we&menu&!is: neutral
but&!we&menu&is: negative
but&we&!were&!casserol: neutral
but&we&!were&casserol: negative
but&we&were&!and: positive
but&we&were&and: negative
DecisionTree learned:
!but&!fine&!the&!big: neutral
!but&!fine&!the&big: conflict
!but&!fine&the&!servic: positive
!but&!fine&the&servic: negative
!but&fine&!are&!portion: positive
!but&fine&!are&portion: conflict
!but&fine&are: conflict
but&!our&!wa&!may: positive
but&!our&!wa&may: conflict
but&!our&wa&!dim: conflict
but&!our&wa&dim: neutral
but&our: neutral
DecisionTree learned:
!wa&!though&!while&!lad: positive
!wa&!though&!while&lad: conflict
!wa&!though&while&!and: neutral
!wa&!though&while&and: conflict
!wa&though&!i&!of: negative
!wa&though&!i&of: conflict
!wa&though&i: neutral
wa&!and&!good&!place: negative
wa&!and&!good&place: conflict
wa&!and&good&!food: positive
wa&!and&good&food: conflict
wa&and&!disappoint&!our: negative
wa&and&!disappoint&our: neutral
wa&and&disappoint: conflict
DecisionTree learned:
!wa&!doe&!is&!cost: positive
!wa&!doe&!is&cost: conflict
!wa&!doe&is&!what: positive
!wa&!doe&is&what: neutral
!wa&doe&!a&!make: negative
!wa&doe&!a&make: positive
!wa&doe&a&!here: conflict
!wa&doe&a&here: positive
wa&!and&!decent&!good: negative
wa&!and&!decent&good: conflict
wa&!and&decent&!the: conflict
wa&!and&decent&the: neutral
wa&and&!our&!coke: negative
wa&and&!our&coke: neutral
wa&and&our&!were: positive
wa&and&our&were: neutral
DecisionTree learned:
!but&!the&!fine&!perhap: positive
!but&!the&!fine&perhap: conflict
!but&!the&fine&!are: positive
!but&!the&fine&are: conflict
!but&the&!sometim&!at: positive
!but&the&!sometim&at: neutral
!but&the&sometim&!and: positive
!but&the&sometim&and: conflict
but&!not&!casual&!wa: negative
but&!not&!casual&wa: negative
but&!not&casual: conflict
but&not&!for&!to: conflict
but&not&!for&to: neutral
but&not&for&!are: negative
but&not&for&are: conflict
DecisionTree learned:
!good&!the&!but&!usual: neutral
!good&!the&!but&usual: neutral
!good&!the&but&!make: conflict
!good&!the&but&make: neutral
!good&the&!servic&!quibbl: positive
!good&the&!servic&quibbl: conflict
!good&the&servic&!and: negative
!good&the&servic&and: positive
good&!wa&!and&!make: positive
good&!wa&!and&make: negative
good&!wa&and&!all: positive
good&!wa&and&all: conflict
good&wa&!food&!the: negative
good&wa&!food&the: positive
good&wa&food&!of: conflict
good&wa&food&of: negative
DecisionTree learned:
!wa&!dinner&!though&!while: positive
!wa&!dinner&!though&while: conflict
!wa&!dinner&though&!i: conflict
!wa&!dinner&though&i: neutral
!wa&dinner&!drink&!proper: neutral
!wa&dinner&!drink&proper: negative
!wa&dinner&drink&!wine: positive
!wa&dinner&drink&wine: negative
wa&!and&!portion&!not: negative
wa&!and&!portion&not: negative
wa&!and&portion: conflict
wa&and&!make&!udon: positive
wa&and&!make&udon: neutral
wa&and&make&!to: conflict
wa&and&make&to: neutral
DecisionTree learned:
!but&!the&!variou&!perhap: neutral
!but&!the&!variou&perhap: conflict
!but&!the&variou: conflict
!but&the&!while&!servic: positive
!but&the&!while&servic: negative
!but&the&while&!and: positive
!but&the&while&and: conflict
but&!edibl&!not&!it: negative
but&!edibl&!not&it: conflict
but&!edibl&not&!for: conflict
but&!edibl&not&for: positive
but&edibl: conflict
DecisionTree learned:
!but&!the&!those&!fine: neutral
!but&!the&!those&fine: conflict
!but&!the&those&!were: negative
!but&!the&those&were: conflict
!but&the&!at&!well: positive
!but&the&!at&well: conflict
!but&the&at&!it: neutral
!but&the&at&it: conflict
but&!menu&!casual&!wa: positive
but&!menu&!casual&wa: conflict
but&!menu&casual: conflict
but&menu&!is&!of: neutral
but&menu&!is&of: negative
but&menu&is: negative
DecisionTree learned:
!not&!though&!lad&!turn: positive
!not&!though&!lad&turn: conflict
!not&!though&lad: conflict
!not&though&!i&!a: conflict
!not&though&!i&a: negative
!not&though&i: neutral
not&!in&!waiter&!price: negative
not&!in&!waiter&price: conflict
not&!in&waiter: negative
not&in&!to&!it: positive
not&in&!to&it: neutral
not&in&to: neutral
DecisionTree learned:
!wa&!dinner&!drink&!not: positive
!wa&!dinner&!drink&not: negative
!wa&!dinner&drink&!price: neutral
!wa&!dinner&drink&price: negative
!wa&dinner&!proper&!drink: neutral
!wa&dinner&!proper&drink: positive
!wa&dinner&proper: negative
wa&!and&!decent&!let: negative
wa&!and&!decent&let: conflict
wa&!and&decent&!the: conflict
wa&!and&decent&the: neutral
wa&and&!disappoint&!had: negative
wa&and&!disappoint&had: positive
wa&and&disappoint: conflict
DecisionTree learned:
!wa&!pricey&!doe&!not: positive
!wa&!pricey&!doe&not: negative
!wa&!pricey&doe&!a: negative
!wa&!pricey&doe&a: conflict
!wa&pricey&!prix&!food: conflict
!wa&pricey&!prix&food: conflict
!wa&pricey&prix&!the: negative
!wa&pricey&prix&the: positive
wa&!and&!good&!attent: negative
wa&!and&!good&attent: conflict
wa&!and&good&!not: positive
wa&!and&good&not: conflict
wa&and&!disappoint&!coke: positive
wa&and&!disappoint&coke: neutral
wa&and&disappoint: conflict
DecisionTree learned:
!the&!but&!variou&!exceed: neutral
!the&!but&!variou&exceed: conflict
!the&!but&variou: conflict
!the&but&!make&!n: positive
!the&but&!make&n: negative
!the&but&make&!both: negative
!the&but&make&both: neutral
the&!rest&!servic&!well: positive
the&!rest&!servic&well: conflict
the&!rest&servic&!sometim: negative
the&!rest&servic&sometim: conflict
the&rest&!by: neutral
the&rest&by: conflict
DecisionTree learned:
!but&!the&!perhap&!variou: positive
!but&!the&!perhap&variou: conflict
!but&!the&perhap: conflict
!but&the&!servic&!rest: positive
!but&the&!servic&rest: conflict
!but&the&servic&!and: negative
!but&the&servic&and: positive
but&!worth&!not&!sweet: positive
but&!worth&!not&sweet: conflict
but&!worth&not&!for: conflict
but&!worth&not&for: positive
but&worth: conflict
DecisionTree learned:
!wa&!pricey&!though&!limit: positive
!wa&!pricey&!though&limit: conflict
!wa&!pricey&though&!i: conflict
!wa&!pricey&though&i: neutral
!wa&pricey&!prix&!food: conflict
!wa&pricey&!prix&food: conflict
!wa&pricey&prix&!the: negative
!wa&pricey&prix&the: positive
wa&!and&!good&!portion: negative
wa&!and&!good&portion: conflict
wa&!and&good&!food: positive
wa&!and&good&food: conflict
wa&and&!disappoint&!our: negative
wa&and&!disappoint&our: neutral
wa&and&disappoint: conflict
DecisionTree learned:
!fine&!wa&!it&!liter: positive
!fine&!wa&!it&liter: conflict
!fine&!wa&it&!even: neutral
!fine&!wa&it&even: conflict
!fine&wa&!and&!good: negative
!fine&wa&!and&good: conflict
!fine&wa&and&!our: negative
!fine&wa&and&our: neutral
fine&!are&!more: positive
fine&!are&more: conflict
fine&are: conflict
DecisionTree learned:
!but&!the&!exceed&!kid: neutral
!but&!the&!exceed&kid: conflict
!but&!the&exceed: conflict
!but&the&!well&!best: positive
!but&the&!well&best: positive
!but&the&well&!with: conflict
!but&the&well&with: neutral
but&!look&!not&!wa: positive
but&!look&!not&wa: negative
but&!look&not&!for: conflict
but&!look&not&for: positive
but&look: conflict
DecisionTree learned:
!fine&!but&!the&!perhap: positive
!fine&!but&!the&perhap: conflict
!fine&!but&the&!servic: positive
!fine&!but&the&servic: positive
!fine&but&!it&!not: negative
!fine&but&!it&not: conflict
!fine&but&it&!never: conflict
!fine&but&it&never: neutral
fine&!are&!more: positive
fine&!are&more: conflict
fine&are: conflict
DecisionTree learned:
!but&!the&!exceed&!usual: positive
!but&!the&!exceed&usual: neutral
!but&!the&exceed: conflict
!but&the&!servic&!rest: positive
!but&the&!servic&rest: conflict
!but&the&servic&!ok: negative
!but&the&servic&ok: neutral
but&!onli&!wa&!expens: negative
but&!onli&!wa&expens: conflict
but&!onli&wa&!our: conflict
but&!onli&wa&our: neutral
but&onli&!dinner&!with: positive
but&onli&!dinner&with: neutral
but&onli&dinner: neutral
DecisionTree learned:
!wa&!pricey&!while&!though: positive
!wa&!pricey&!while&though: conflict
!wa&!pricey&while&!and: positive
!wa&!pricey&while&and: conflict
!wa&pricey&!are&!the: negative
!wa&pricey&!are&the: conflict
!wa&pricey&are: conflict
wa&!and&!ok&!which: negative
wa&!and&!ok&which: positive
wa&!and&ok&!dinner: neutral
wa&!and&ok&dinner: negative
wa&and&!our&!averag: negative
wa&and&!our&averag: neutral
wa&and&our&!were: neutral
wa&and&our&were: neutral
DecisionTree learned:
!wa&!nice&!turn&!though: positive
!wa&!nice&!turn&though: conflict
!wa&!nice&turn&!and: negative
!wa&!nice&turn&and: conflict
!wa&nice&!they&!casual: positive
!wa&nice&!they&casual: conflict
!wa&nice&they: conflict
wa&!and&!decent&!attent: negative
wa&!and&!decent&attent: conflict
wa&!and&decent&!the: conflict
wa&!and&decent&the: neutral
wa&and&!averag&!our: negative
wa&and&!averag&our: neutral
wa&and&averag&!food: negative
wa&and&averag&food: neutral
DecisionTree learned:
!but&!the&!usual&!perhap: neutral
!but&!the&!usual&perhap: conflict
!but&!the&usual&!veri: neutral
!but&!the&usual&veri: conflict
!but&the&!bar&!well: positive
!but&the&!bar&well: conflict
!but&the&bar&!thi: neutral
!but&the&bar&thi: negative
but&!worth&!wa&!slow: negative
but&!worth&!wa&slow: conflict
but&!worth&wa&!our: conflict
but&!worth&wa&our: neutral
but&worth: conflict
DecisionTree learned:
!but&!the&!variou&!exceed: neutral
!but&!the&!variou&exceed: conflict
!but&!the&variou: conflict
!but&the&!well&!servic: positive
!but&the&!well&servic: positive
!but&the&well&!with: conflict
!but&the&well&with: neutral
but&!menu&!to&!dim: positive
but&!menu&!to&dim: neutral
but&!menu&to&!n: neutral
but&!menu&to&n: conflict
but&menu&!of&!is: neutral
but&menu&!of&is: negative
but&menu&of: negative
DecisionTree learned:
!but&!the&!variou&!those: neutral
!but&!the&!variou&those: conflict
!but&!the&variou: conflict
!but&the&!could&!well: positive
!but&the&!could&well: conflict
!but&the&could&!food: conflict
!but&the&could&food: negative
but&!wa&!it&!not: negative
but&!wa&!it&not: conflict
but&!wa&it&!also: conflict
but&!wa&it&also: negative
but&wa&!servic&!dim: conflict
but&wa&!servic&dim: neutral
but&wa&servic: negative
DecisionTree learned:
!but&!though&!fine&!the: neutral
!but&!though&!fine&the: positive
!but&!though&fine&!are: positive
!but&!though&fine&are: conflict
!but&though&!i&!of: negative
!but&though&!i&of: conflict
!but&though&i: neutral
but&!worth&!sweet&!not: negative
but&!worth&!sweet&not: conflict
but&!worth&sweet&!good: conflict
but&!worth&sweet&good: negative
but&worth: conflict
DecisionTree learned:
!wa&!not&!though&!cost: positive
!wa&!not&!though&cost: conflict
!wa&!not&though&!i: conflict
!wa&!not&though&i: neutral
!wa&not&!price&!but: negative
!wa&not&!price&but: conflict
!wa&not&price&!definit: conflict
!wa&not&price&definit: negative
wa&!and&!good&!portion: negative
wa&!and&!good&portion: conflict
wa&!and&good&!food: positive
wa&!and&good&food: conflict
wa&and&!averag&!make: positive
wa&and&!averag&make: neutral
wa&and&averag&!food: negative
wa&and&averag&food: neutral
DecisionTree learned:
!fine&!the&!but&!kid: negative
!fine&!the&!but&kid: conflict
!fine&!the&but&!s: positive
!fine&!the&but&s: conflict
!fine&the&!servic&!well: positive
!fine&the&!servic&well: conflict
!fine&the&servic&!and: negative
!fine&the&servic&and: conflict
fine&!are&!more: positive
fine&!are&more: conflict
fine&are: conflict
DecisionTree learned:
!the&!big&!but&!usual: positive
!the&!big&!but&usual: conflict
!the&!big&but&!s: positive
!the&!big&but&s: conflict
!the&big&!serv&!were: conflict
!the&big&!serv&were: conflict
!the&big&serv: negative
the&!well&!servic&!rest: positive
the&!well&!servic&rest: conflict
the&!well&servic&!and: negative
the&!well&servic&and: positive
the&well&!with&!tasti: positive
the&well&!with&tasti: conflict
the&well&with&!on: neutral
the&well&with&on: positive
DecisionTree learned:
!wa&!though&!pricey&!while: positive
!wa&!though&!pricey&while: conflict
!wa&!though&pricey&!prix: conflict
!wa&!though&pricey&prix: negative
!wa&though&!i&!of: negative
!wa&though&!i&of: conflict
!wa&though&i: neutral
wa&!and&!ok&!my: negative
wa&!and&!ok&my: negative
wa&!and&ok&!well: neutral
wa&!and&ok&well: positive
wa&and&!our&!make: negative
wa&and&!our&make: neutral
wa&and&our&!were: positive
wa&and&our&were: neutral
DecisionTree learned:
!wa&!pricey&!doe&!limit: positive
!wa&!pricey&!doe&limit: conflict
!wa&!pricey&doe&!a: negative
!wa&!pricey&doe&a: conflict
!wa&pricey&!prix&!food: conflict
!wa&pricey&!prix&food: conflict
!wa&pricey&prix&!the: negative
!wa&pricey&prix&the: positive
wa&!and&!ok&!with: negative
wa&!and&!ok&with: neutral
wa&!and&ok&!dinner: neutral
wa&!and&ok&dinner: negative
wa&and&!water&!averag: negative
wa&and&!water&averag: neutral
wa&and&water: neutral
DecisionTree learned:
!but&!the&!exceed&!usual: neutral
!but&!the&!exceed&usual: neutral
!but&!the&exceed: conflict
!but&the&!well&!servic: positive
!but&the&!well&servic: negative
!but&the&well&!with: conflict
!but&the&well&with: neutral
but&!wife&!wa&!slow: negative
but&!wife&!wa&slow: conflict
but&!wife&wa&!food: conflict
but&!wife&wa&food: positive
but&wife: conflict
DecisionTree learned:
!wa&!though&!off&!while: positive
!wa&!though&!off&while: conflict
!wa&!though&off&!and: conflict
!wa&!though&off&and: positive
!wa&though&!i&!of: conflict
!wa&though&!i&of: conflict
!wa&though&i: neutral
wa&!and&!just&!second: negative
wa&!and&!just&second: conflict
wa&!and&just&!actual: neutral
wa&!and&just&actual: negative
wa&and&!coke&!our: negative
wa&and&!coke&our: neutral
wa&and&coke: neutral
DecisionTree learned:
!wa&!though&!lad&!well: positive
!wa&!though&!lad&well: positive
!wa&!though&lad: conflict
!wa&though&!i&!good: conflict
!wa&though&!i&good: positive
!wa&though&i: neutral
wa&!and&!second&!good: negative
wa&!and&!second&good: conflict
wa&!and&second: conflict
wa&and&!make&!our: negative
wa&and&!make&our: neutral
wa&and&make&!to: conflict
wa&and&make&to: neutral
DecisionTree learned:
!but&!pricey&!the&!usual: positive
!but&!pricey&!the&usual: conflict
!but&!pricey&the&!sometim: positive
!but&!pricey&the&sometim: conflict
!but&pricey&!a&!food: conflict
!but&pricey&!a&food: conflict
!but&pricey&a: negative
but&!casual&!not&!there: positive
but&!casual&!not&there: conflict
but&!casual&not&!for: conflict
but&!casual&not&for: positive
but&casual: conflict
DecisionTree learned:
!fine&!the&!big&!but: neutral
!fine&!the&!big&but: positive
!fine&!the&big&!serv: conflict
!fine&!the&big&serv: negative
!fine&the&!servic&!liter: positive
!fine&the&!servic&liter: conflict
!fine&the&servic&!tabl: negative
!fine&the&servic&tabl: conflict
fine&!are&!more: positive
fine&!are&more: conflict
fine&are: conflict
DecisionTree learned:
!fine&!the&!but&!tho: neutral
!fine&!the&!but&tho: conflict
!fine&!the&but&!waiter: positive
!fine&!the&but&waiter: conflict
!fine&the&!while&!quibbl: positive
!fine&the&!while&quibbl: conflict
!fine&the&while&!and: positive
!fine&the&while&and: conflict
fine&!are&!more: positive
fine&!are&more: conflict
fine&are: conflict
DecisionTree learned:
!wa&!pricey&!wander&!while: positive
!wa&!pricey&!wander&while: conflict
!wa&!pricey&wander&!and: conflict
!wa&!pricey&wander&and: negative
!wa&pricey&!prix&!food: conflict
!wa&pricey&!prix&food: conflict
!wa&pricey&prix&!the: negative
!wa&pricey&prix&the: positive
wa&!and&!good&!second: negative
wa&!and&!good&second: conflict
wa&!and&good&!food: negative
wa&!and&good&food: conflict
wa&and&!disappoint&!our: negative
wa&and&!disappoint&our: neutral
wa&and&disappoint: conflict
Trial 0 Training cc.mallet.classify.AdaBoostM2Trainer@7e78fc6 finished
Trial 0 Trainer cc.mallet.classify.AdaBoostM2Trainer@7e78fc6 test data accuracy = 0.5739484396200815

NaiveBayesTrainer
Summary. test accuracy mean = 0.6160108548168249 stddev = 0.0 stderr = 0.0

MaxEntTrainer,gaussianPriorVariance=1.0
Summary. test accuracy mean = 0.621438263229308 stddev = 0.0 stderr = 0.0

cc.mallet.classify.DecisionTreeTrainer@2b2d96f2
Summary. test accuracy mean = 0.5780189959294437 stddev = 0.0 stderr = 0.0

cc.mallet.classify.AdaBoostM2Trainer@7e78fc6
Summary. test accuracy mean = 0.5739484396200815 stddev = 0.0 stderr = 0.0
