
-------------------- Trial 0  --------------------

Trial 0 Training NaiveBayesTrainer with 2956 instances
Trial 0 Training NaiveBayesTrainer finished
Trial 0 Trainer NaiveBayesTrainer test data accuracy = 0.621438263229308
Trial 0 Training MaxEntTrainer,gaussianPriorVariance=1.0 with 2956 instances
Trial 0 Training MaxEntTrainer,gaussianPriorVariance=1.0 finished
Trial 0 Trainer MaxEntTrainer,gaussianPriorVariance=1.0 test data accuracy = 0.6227951153324288
Trial 0 Training cc.mallet.classify.DecisionTreeTrainer@2b2d96f2 with 2956 instances
DecisionTree learned:
!pos&!neg&!fresh&!not: positive
!pos&!neg&!fresh&not: negative
!pos&!neg&fresh&!out: positive
!pos&!neg&fresh&out: positive
!pos&neg&!food&!at: negative
!pos&neg&!food&at: positive
!pos&neg&food&!in: negative
!pos&neg&food&in: neutral
pos&!but&!not&!neg: positive
pos&!but&!not&neg: positive
pos&!but&not&!was: positive
pos&!but&not&was: negative
pos&but&!ever&!quality: positive
pos&but&!ever&quality: negative
pos&but&ever: negative
Trial 0 Training cc.mallet.classify.DecisionTreeTrainer@2b2d96f2 finished
Trial 0 Trainer cc.mallet.classify.DecisionTreeTrainer@2b2d96f2 test data accuracy = 0.5739484396200815
Trial 0 Training cc.mallet.classify.AdaBoostM2Trainer@7e78fc6 with 2956 instances
DecisionTree learned:
!pos&!neg&!fresh&!but: positive
!pos&!neg&!fresh&but: positive
!pos&!neg&fresh&!out: positive
!pos&!neg&fresh&out: positive
!pos&neg&!food&!at: negative
!pos&neg&!food&at: positive
!pos&neg&food&!in: negative
!pos&neg&food&in: neutral
pos&!but&!not&!neg: positive
pos&!but&!not&neg: positive
pos&!but&not&!was: positive
pos&!but&not&was: negative
pos&but&!ever&!other: positive
pos&but&!ever&other: conflict
pos&but&ever: negative
DecisionTree learned:
!pos&!neg&!it&!fresh: positive
!pos&!neg&!it&fresh: positive
!pos&!neg&it&!little: neutral
!pos&!neg&it&little: conflict
!pos&neg&!food&!by: negative
!pos&neg&!food&by: neutral
!pos&neg&food&!and: negative
!pos&neg&food&and: negative
pos&!but&!not&!neg: positive
pos&!but&!not&neg: positive
pos&!but&not&!was: positive
pos&!but&not&was: negative
pos&but&!who&!that: positive
pos&but&!who&that: negative
pos&but&who&!of: conflict
pos&but&who&of: negative
DecisionTree learned:
!but&!neg&!not&!did: positive
!but&!neg&!not&did: neutral
!but&!neg&not&!was: positive
!but&!neg&not&was: negative
!but&neg&!was&!pos: negative
!but&neg&!was&pos: positive
!but&neg&was&!husband: negative
!but&neg&was&husband: positive
but&!only&!that&!chicken: positive
but&!only&!that&chicken: negative
but&!only&that&!shrimp: negative
but&!only&that&shrimp: positive
but&only&!food&!ordered: positive
but&only&!food&ordered: neutral
but&only&food: positive
DecisionTree learned:
!but&!pos&!neg&!though: positive
!but&!pos&!neg&though: negative
!but&!pos&neg&!food: negative
!but&!pos&neg&food: negative
!but&pos&!not&!table: positive
!but&pos&!not&table: negative
!but&pos&not&!cheese: negative
!but&pos&not&cheese: negative
but&!only&!chicken&!at: positive
but&!only&!chicken&at: neutral
but&!only&chicken&!with: negative
but&!only&chicken&with: negative
but&only&!food&!ordered: positive
but&only&!food&ordered: neutral
but&only&food: positive
DecisionTree learned:
!but&!pos&!worth&!neg: positive
!but&!pos&!worth&neg: negative
!but&!pos&worth&!every: conflict
!but&!pos&worth&every: positive
!but&pos&!order&!not: positive
!but&pos&!order&not: negative
!but&pos&order&!with: negative
!but&pos&order&with: neutral
but&!who&!that&!us: positive
but&!who&!that&us: neutral
but&!who&that&!my: positive
but&!who&that&my: negative
but&who&!for&!neg: neutral
but&who&!for&neg: negative
but&who&for&!of: conflict
but&who&for&of: negative
DecisionTree learned:
!but&!pos&!try&!the: neutral
!but&!pos&!try&the: negative
!but&!pos&try&!because: positive
!but&!pos&try&because: neutral
!but&pos&!was&!restaurants: positive
!but&pos&!was&restaurants: negative
!but&pos&was&!menu: positive
!but&pos&was&menu: neutral
but&!only&!not&!from: positive
but&!only&!not&from: negative
but&!only&not&!for: conflict
but&!only&not&for: positive
but&only&!food&!was: neutral
but&only&!food&was: negative
but&only&food: positive
DecisionTree learned:
!but&!is&!great&!neg: positive
!but&!is&!great&neg: negative
!but&!is&great: positive
!but&is&!though&!be: positive
!but&is&!though&be: neutral
!but&is&though&!cuisine: negative
!but&is&though&cuisine: positive
but&!quality&!who&!that: positive
but&!quality&!who&that: positive
but&!quality&who&!for: neutral
but&!quality&who&for: conflict
but&quality: negative
DecisionTree learned:
!but&!pos&!worth&!the: neutral
!but&!pos&!worth&the: positive
!but&!pos&worth&!every: negative
!but&!pos&worth&every: positive
!but&pos&!order&!is: positive
!but&pos&!order&is: positive
!but&pos&order&!with: negative
!but&pos&order&with: neutral
but&!we&!that&!wife: positive
but&!we&!that&wife: conflict
but&!we&that&!a: negative
but&!we&that&a: positive
but&we&!with&!to: negative
but&we&!with&to: neutral
but&we&with&!close: positive
but&we&with&close: neutral
DecisionTree learned:
!but&!is&!great&!our: positive
!but&!is&!great&our: neutral
!but&!is&great: positive
!but&is&!be&!everything: positive
!but&is&!be&everything: conflict
!but&is&be&!more: negative
!but&is&be&more: neutral
but&!high&!we&!who: positive
but&!high&!we&who: neutral
but&!high&we&!lunch: neutral
but&!high&we&lunch: conflict
but&high&!worth&!to: negative
but&high&!worth&to: conflict
but&high&worth: conflict
DecisionTree learned:
!but&!neg&!though&!not: positive
!but&!neg&!though&not: negative
!but&!neg&though&!one: negative
!but&!neg&though&one: conflict
!but&neg&!was&!is: positive
!but&neg&!was&is: positive
!but&neg&was&!pos: negative
!but&neg&was&pos: negative
but&!chicken&!that&!we: positive
but&!chicken&!that&we: neutral
but&!chicken&that&!my: positive
but&!chicken&that&my: negative
but&chicken&!with: negative
but&chicken&with: negative
DecisionTree learned:
!but&!though&!pos&!try: negative
!but&!though&!pos&try: positive
!but&!though&pos&!order: positive
!but&!though&pos&order: negative
!but&though&!we&!pos: negative
!but&though&!we&pos: negative
!but&though&we&!seated: negative
!but&though&we&seated: positive
but&!high&!we&!quality: positive
but&!high&!we&quality: negative
but&!high&we&!very: neutral
but&!high&we&very: positive
but&high&!a&!the: negative
but&high&!a&the: conflict
but&high&a: conflict
DecisionTree learned:
!but&!service&!was&!lunch: positive
!but&!service&!was&lunch: neutral
!but&!service&was&!although: negative
!but&!service&was&although: conflict
!but&service&!neg&!sometimes: positive
!but&service&!neg&sometimes: conflict
!but&service&neg&!attentive: negative
!but&service&neg&attentive: positive
but&!at&!worth&!i: positive
but&!at&!worth&i: negative
but&!at&worth&!and: conflict
but&!at&worth&and: positive
but&at&!and&!experience: negative
but&at&!and&experience: positive
but&at&and&!as: positive
but&at&and&as: conflict
DecisionTree learned:
!but&!service&!was&!though: positive
!but&!service&!was&though: negative
!but&!service&was&!although: negative
!but&!service&was&although: conflict
!but&service&!neg&!sometimes: positive
!but&service&!neg&sometimes: conflict
!but&service&neg&!attentive: negative
!but&service&neg&attentive: positive
but&!ever&!small&!who: positive
but&!ever&!small&who: neutral
but&!ever&small&!a: negative
but&!ever&small&a: conflict
but&ever: negative
DecisionTree learned:
!but&!our&!pos&!worth: negative
!but&!our&!pos&worth: negative
!but&!our&pos&!small: positive
!but&!our&pos&small: negative
!but&our&!order&!they: neutral
!but&our&!order&they: negative
!but&our&order&!that: negative
!but&our&order&that: negative
but&!that&!at&!worth: positive
but&!that&!at&worth: conflict
but&!that&at&!and: neutral
but&!that&at&and: positive
but&that&!are&!just: negative
but&that&!are&just: negative
but&that&are&!with: positive
but&that&are&with: neutral
DecisionTree learned:
!but&!try&!pos&!the: neutral
!but&!try&!pos&the: negative
!but&!try&pos&!we: positive
!but&!try&pos&we: neutral
!but&try&!bagel&!you: positive
!but&try&!bagel&you: positive
!but&try&bagel&!and: neutral
!but&try&bagel&and: neutral
but&!at&!worth&!look: positive
but&!at&!worth&look: conflict
but&!at&worth&!and: conflict
but&!at&worth&and: positive
but&at&!and&!experience: negative
but&at&!and&experience: positive
but&at&and&!as: positive
but&at&and&as: neutral
DecisionTree learned:
!but&!is&!great&!try: positive
!but&!is&!great&try: positive
!but&!is&great: positive
!but&is&!though&!not: positive
!but&is&!though&not: negative
!but&is&though&!your: conflict
!but&is&though&your: negative
but&!only&!when&!that: positive
but&!only&!when&that: negative
but&!only&when&!were: neutral
but&!only&when&were: neutral
but&only&!food&!place: neutral
but&only&!food&place: positive
but&only&food: positive
DecisionTree learned:
!but&!is&!great&!little: positive
!but&!is&!great&little: conflict
!but&!is&great: positive
!but&is&!far&!though: positive
!but&is&!far&though: conflict
!but&is&far&!n: positive
!but&is&far&n: conflict
but&!that&!when&!only: positive
but&!that&!when&only: positive
but&!that&when&!it: negative
but&!that&when&it: neutral
but&that&!who&!ever: negative
but&that&!who&ever: negative
but&that&who: conflict
DecisionTree learned:
!but&!do&!service&!our: positive
!but&!do&!service&our: neutral
!but&!do&service&!they: positive
!but&!do&service&they: positive
!but&do&!know&!staff: negative
!but&do&!know&staff: negative
!but&do&know&!and: neutral
!but&do&know&and: neutral
but&!small&!worth&!pad: positive
but&!small&!worth&pad: conflict
but&!small&worth&!to: conflict
but&!small&worth&to: neutral
but&small&!there&!dessert: negative
but&small&!there&dessert: negative
but&small&there&!for: conflict
but&small&there&for: conflict
DecisionTree learned:
!but&!though&!matter&!not: positive
!but&!though&!matter&not: negative
!but&!though&matter&!i: conflict
!but&!though&matter&i: conflict
!but&though&!it&!to: negative
!but&though&!it&to: negative
!but&though&it&!was: conflict
!but&though&it&was: positive
but&!only&!at&!when: positive
but&!only&!at&when: neutral
but&!only&at&!and: negative
but&!only&at&and: neutral
but&only&!was&!i: neutral
but&only&!was&i: positive
but&only&was&!because: positive
but&only&was&because: positive
DecisionTree learned:
!but&!we&!though&!the: positive
!but&!we&!though&the: positive
!but&!we&though&!pos: negative
!but&!we&though&pos: conflict
!but&we&!bar&!before: neutral
!but&we&!bar&before: negative
!but&we&bar&!and: neutral
!but&we&bar&and: neutral
but&!we&!that&!wife: positive
but&!we&!that&wife: conflict
but&!we&that&!you: negative
but&!we&that&you: positive
but&we&!lunch&!menu: neutral
but&we&!lunch&menu: negative
but&we&lunch: conflict
DecisionTree learned:
!but&!though&!flavor&!not: positive
!but&!though&!flavor&not: negative
!but&!though&flavor&!of: negative
!but&!though&flavor&of: conflict
!but&though&!we&!pos: negative
!but&though&!we&pos: conflict
!but&though&we&!the: negative
!but&though&we&the: positive
but&!at&!worth&!was: positive
but&!at&!worth&was: negative
but&!at&worth&!and: conflict
but&!at&worth&and: conflict
but&at&!and&!we: negative
but&at&!and&we: neutral
but&at&and&!as: positive
but&at&and&as: neutral
DecisionTree learned:
!but&!service&!was&!though: positive
!but&!service&!was&though: negative
!but&!service&was&!pos: negative
!but&!service&was&pos: negative
!but&service&!neg&!sometimes: positive
!but&service&!neg&sometimes: conflict
!but&service&neg&!food: positive
!but&service&neg&food: negative
but&!wife&!at&!worth: positive
but&!wife&!at&worth: conflict
but&!wife&at&!and: negative
but&!wife&at&and: positive
but&wife&!was&!as: conflict
but&wife&!was&as: neutral
but&wife&was: negative
DecisionTree learned:
!but&!though&!matter&!not: positive
!but&!though&!matter&not: negative
!but&!though&matter&!i: conflict
!but&!though&matter&i: conflict
!but&though&!it&!to: negative
!but&though&!it&to: neutral
!but&though&it&!the: negative
!but&though&it&the: conflict
but&!we&!who&!that: positive
but&!we&!who&that: negative
but&!we&who&!of: conflict
but&!we&who&of: negative
but&we&!lunch&!got: neutral
but&we&!lunch&got: negative
but&we&lunch: conflict
DecisionTree learned:
!but&!though&!service&!was: positive
!but&!though&!service&was: negative
!but&!though&service&!that: positive
!but&!though&service&that: negative
!but&though&!your&!neg: negative
!but&though&!your&neg: positive
!but&though&your&!pos: negative
!but&though&your&pos: negative
but&!only&!other&!reservations: positive
but&!only&!other&reservations: negative
but&!only&other&!and: neutral
but&!only&other&and: conflict
but&only&!ordered&!food: positive
but&only&!ordered&food: positive
but&only&ordered: neutral
DecisionTree learned:
!but&!though&!matter&!far: positive
!but&!though&!matter&far: positive
!but&!though&matter&!i: conflict
!but&!though&matter&i: conflict
!but&though&!even&!your: conflict
!but&though&!even&your: negative
!but&though&even&!the: negative
!but&though&even&the: positive
but&!at&!worth&!when: negative
but&!at&!worth&when: neutral
but&!at&worth&!and: conflict
but&!at&worth&and: positive
but&at&!and&!experience: negative
but&at&!and&experience: positive
but&at&and&!as: positive
but&at&and&as: neutral
DecisionTree learned:
!but&!though&!pos&!doing: negative
!but&!though&!pos&doing: conflict
!but&!though&pos&!small: positive
!but&!though&pos&small: negative
!but&though&!even&!pos: negative
!but&though&!even&pos: conflict
!but&though&even&!seated: negative
!but&though&even&seated: positive
but&!ever&!who&!that: positive
but&!ever&!who&that: positive
but&!ever&who&!for: neutral
but&!ever&who&for: conflict
but&ever: negative
DecisionTree learned:
!but&!worth&!great&!pos: neutral
!but&!worth&!great&pos: positive
!but&!worth&great: positive
!but&worth&!and&!of: conflict
!but&worth&!and&of: conflict
!but&worth&and&!with: positive
!but&worth&and&with: negative
but&!that&!only&!our: positive
but&!that&!only&our: neutral
but&!that&only&!food: neutral
but&!that&only&food: positive
but&that&!just&!who: positive
but&that&!just&who: conflict
but&that&just&!and: neutral
but&that&just&and: negative
DecisionTree learned:
!but&!we&!though&!can: positive
!but&!we&!though&can: negative
!but&!we&though&!pos: negative
!but&!we&though&pos: conflict
!but&we&!before&!is: neutral
!but&we&!before&is: negative
!but&we&before&!about: negative
!but&we&before&about: negative
but&!small&!we&!who: positive
but&!small&!we&who: conflict
but&!small&we&!very: neutral
but&!small&we&very: positive
but&small&!there&!dessert: negative
but&small&!there&dessert: negative
but&small&there&!for: conflict
but&small&there&for: conflict
DecisionTree learned:
!but&!we&!though&!was: positive
!but&!we&!though&was: negative
!but&!we&though&!pos: negative
!but&!we&though&pos: conflict
!but&we&!cheese&!order: neutral
!but&we&!cheese&order: negative
!but&we&cheese&!a: neutral
!but&we&cheese&a: negative
but&!not&!look&!small: positive
but&!not&!look&small: negative
but&!not&look&!in: negative
but&!not&look&in: conflict
but&not&!very&!big: neutral
but&not&!very&big: conflict
but&not&very&!neg: conflict
but&not&very&neg: conflict
DecisionTree learned:
!but&!is&!can&!little: positive
!but&!is&!can&little: conflict
!but&!is&can&!cost: positive
!but&!is&can&cost: conflict
!but&is&!though&!far: positive
!but&is&!though&far: conflict
!but&is&though&!cuisine: conflict
!but&is&though&cuisine: positive
but&!that&!not&!chicken: positive
but&!that&!not&chicken: negative
but&!that&not&!for: conflict
but&!that&not&for: positive
but&that&!who&!ever: negative
but&that&!who&ever: negative
but&that&who: conflict
DecisionTree learned:
!but&!worth&!can&!is: positive
!but&!worth&!can&is: positive
!but&!worth&can&!be: positive
!but&!worth&can&be: negative
!but&worth&!and&!of: conflict
!but&worth&!and&of: conflict
!but&worth&and&!enough: neutral
!but&worth&and&enough: positive
but&!only&!when&!that: negative
but&!only&!when&that: negative
but&!only&when&!were: neutral
but&!only&when&were: neutral
but&only&!are&!we: positive
but&only&!are&we: neutral
but&only&are&!and: neutral
but&only&are&and: neutral
DecisionTree learned:
!but&!do&!we&!though: positive
!but&!do&!we&though: conflict
!but&!do&we&!bar: neutral
!but&!do&we&bar: neutral
!but&do&!list&!what: negative
!but&do&!list&what: neutral
!but&do&list: neutral
but&!that&!wife&!at: positive
but&!that&!wife&at: neutral
but&!that&wife&!as: conflict
but&!that&wife&as: conflict
but&that&!from&!who: positive
but&that&!from&who: conflict
but&that&from&!with: negative
but&that&from&with: neutral
DecisionTree learned:
!but&!far&!worth&!matter: positive
!but&!far&!worth&matter: conflict
!but&!far&worth&!and: conflict
!but&!far&worth&and: positive
!but&far&!by&!pos: positive
!but&far&!by&pos: conflict
!but&far&by&!fast: positive
!but&far&by&fast: neutral
but&!when&!what&!only: positive
but&!when&!what&only: positive
but&!when&what&!of: neutral
but&!when&what&of: negative
but&when&!were&!all: neutral
but&when&!were&all: positive
but&when&were&!of: neutral
but&when&were&of: negative
DecisionTree learned:
!but&!we&!though&!was: positive
!but&!we&!though&was: negative
!but&!we&though&!pos: negative
!but&!we&though&pos: conflict
!but&we&!is&!were: neutral
!but&we&!is&were: negative
!but&we&is&!attentive: negative
!but&we&is&attentive: positive
but&!we&!that&!not: negative
but&!we&!that&not: positive
but&!we&that&!prices: negative
but&!we&that&prices: positive
but&we&!very&!thai: neutral
but&we&!very&thai: negative
but&we&very&!for: positive
but&we&very&for: conflict
DecisionTree learned:
!but&!our&!it&!with: positive
!but&!our&!it&with: neutral
!but&!our&it&!matter: negative
!but&!our&it&matter: conflict
!but&our&!table&!when: neutral
!but&our&!table&when: neutral
!but&our&table&!dishes: neutral
!but&our&table&dishes: negative
but&!small&!when&!who: positive
but&!small&!when&who: conflict
but&!small&when&!all: neutral
but&!small&when&all: positive
but&small&!a&!and: negative
but&small&!a&and: negative
but&small&a&!table: negative
but&small&a&table: positive
DecisionTree learned:
!but&!it&!with&!can: positive
!but&!it&!with&can: positive
!but&!it&with&!wait: neutral
!but&!it&with&wait: negative
!but&it&!matter&!price: negative
!but&it&!matter&price: conflict
!but&it&matter&!i: conflict
!but&it&matter&i: conflict
but&!pad&!that&!when: positive
but&!pad&!that&when: neutral
but&!pad&that&!my: positive
but&!pad&that&my: negative
but&pad: conflict
DecisionTree learned:
!but&!can&!is&!little: positive
!but&!can&!is&little: conflict
!but&!can&is&!though: positive
!but&!can&is&though: conflict
!but&can&!cost&!they: negative
!but&can&!cost&they: conflict
!but&can&cost&!for: conflict
!but&can&cost&for: conflict
but&!that&!wife&!at: positive
but&!that&!wife&at: neutral
but&!that&wife&!as: conflict
but&!that&wife&as: conflict
but&that&!shrimp&!bit: negative
but&that&!shrimp&bit: positive
but&that&shrimp&!of: positive
but&that&shrimp&of: positive
DecisionTree learned:
!but&!lunch&!service&!worth: positive
!but&!lunch&!service&worth: conflict
!but&!lunch&service&!a: positive
!but&!lunch&service&a: positive
!but&lunch&!small&!been: neutral
!but&lunch&!small&been: neutral
!but&lunch&small: negative
but&!our&!was&!who: positive
but&!our&!was&who: conflict
but&!our&was&!at: negative
but&!our&was&at: neutral
but&our&!place&!for: neutral
but&our&!place&for: neutral
but&our&place: neutral
DecisionTree learned:
!but&!it&!with&!the: neutral
!but&!it&!with&the: positive
!but&!it&with&!restaurants: neutral
!but&!it&with&restaurants: negative
!but&it&!matter&!though: negative
!but&it&!matter&though: conflict
!but&it&matter&!at: conflict
!but&it&matter&at: conflict
but&!who&!that&!us: positive
but&!who&!that&us: neutral
but&!who&that&!shrimp: negative
but&!who&that&shrimp: positive
but&who&!for&!in: neutral
but&who&!for&in: conflict
but&who&for&!of: conflict
but&who&for&of: negative
DecisionTree learned:
!but&!can&!the&!atmosphere: neutral
!but&!can&!the&atmosphere: positive
!but&!can&the&!sometimes: positive
!but&!can&the&sometimes: conflict
!but&can&!be&!cost: positive
!but&can&!be&cost: conflict
!but&can&be&!of: negative
!but&can&be&of: conflict
but&!would&!small&!not: negative
but&!would&!small&not: neutral
but&!would&small&!neg: conflict
but&!would&small&neg: negative
but&would&!and&!food: positive
but&would&!and&food: negative
but&would&and&!for: conflict
but&would&and&for: conflict
DecisionTree learned:
!but&!we&!the&!atmosphere: neutral
!but&!we&!the&atmosphere: positive
!but&!we&the&!sometimes: positive
!but&!we&the&sometimes: conflict
!but&we&!order&!is: neutral
!but&we&!order&is: negative
!but&we&order&!that: neutral
!but&we&order&that: negative
but&!that&!look&!not: negative
but&!that&!look&not: positive
but&!that&look&!and: neutral
but&!that&look&and: conflict
but&that&!shrimp&!experience: negative
but&that&!shrimp&experience: positive
but&that&shrimp&!of: positive
but&that&shrimp&of: positive
DecisionTree learned:
!but&!did&!the&!kids: neutral
!but&!did&!the&kids: conflict
!but&!did&the&!worth: positive
!but&!did&the&worth: conflict
!but&did&!food&!naan: neutral
!but&did&!food&naan: negative
!but&did&food&!n: positive
!but&did&food&n: negative
but&!that&!wife&!at: positive
but&!that&!wife&at: neutral
but&!that&wife&!as: conflict
but&!that&wife&as: conflict
but&that&!who&!shrimp: negative
but&that&!who&shrimp: positive
but&that&who: conflict
DecisionTree learned:
!but&!try&!is&!little: positive
!but&!try&!is&little: conflict
!but&!try&is&!place: positive
!but&!try&is&place: negative
!but&try&!bagel&!you: positive
!but&try&!bagel&you: positive
!but&try&bagel&!and: positive
!but&try&bagel&and: neutral
but&!that&!wife&!at: positive
but&!that&!wife&at: neutral
but&!that&wife&!as: conflict
but&!that&wife&as: conflict
but&that&!shrimp&!ever: neutral
but&that&!shrimp&ever: negative
but&that&shrimp&!of: positive
but&that&shrimp&of: positive
DecisionTree learned:
!but&!far&!it&!with: positive
!but&!far&!it&with: neutral
!but&!far&it&!little: negative
!but&!far&it&little: conflict
!but&far&!by&!neg: conflict
!but&far&!by&neg: conflict
!but&far&by&!fast: positive
!but&far&by&fast: neutral
but&!that&!wife&!at: positive
but&!that&!wife&at: neutral
but&!that&wife&!as: conflict
but&!that&wife&as: conflict
but&that&!who&!my: positive
but&that&!who&my: negative
but&that&who: conflict
DecisionTree learned:
!but&!our&!lunch&!much: positive
!but&!our&!lunch&much: negative
!but&!our&lunch&!small: neutral
!but&!our&lunch&small: negative
!but&our&!that&!noodles: neutral
!but&our&!that&noodles: negative
!but&our&that&!the: positive
!but&our&that&the: negative
but&!at&!when&!only: negative
but&!at&!when&only: neutral
but&!at&when&!table: neutral
but&!at&when&table: neutral
but&at&!and&!all: neutral
but&at&!and&all: negative
but&at&and&!as: positive
but&at&and&as: conflict
DecisionTree learned:
!but&!far&!can&!worth: positive
!but&!far&!can&worth: conflict
!but&!far&can&!cost: positive
!but&!far&can&cost: conflict
!but&far&!by&!pos: positive
!but&far&!by&pos: conflict
!but&far&by&!restaurant: positive
!but&far&by&restaurant: neutral
but&!that&!wife&!at: negative
but&!that&!wife&at: neutral
but&!that&wife&!as: conflict
but&!that&wife&as: neutral
but&that&!from&!does: positive
but&that&!from&does: negative
but&that&from&!with: negative
but&that&from&with: neutral
DecisionTree learned:
!but&!our&!lunch&!it: positive
!but&!our&!lunch&it: negative
!but&!our&lunch&!small: neutral
!but&!our&lunch&small: negative
!but&our&!order&!would: neutral
!but&our&!order&would: negative
!but&our&order&!n: neutral
!but&our&order&n: negative
but&!that&!when&!what: positive
but&!that&!when&what: neutral
but&!that&when&!were: neutral
but&!that&when&were: neutral
but&that&!are&!with: negative
but&that&!are&with: positive
but&that&are&!with: positive
but&that&are&with: neutral
DecisionTree learned:
!but&!pos&!worth&!doing: negative
!but&!pos&!worth&doing: conflict
!but&!pos&worth&!and: conflict
!but&!pos&worth&and: negative
!but&pos&!do&!we: positive
!but&pos&!do&we: neutral
!but&pos&do&!food: negative
!but&pos&do&food: negative
but&!small&!pizza&!at: positive
but&!small&!pizza&at: neutral
but&!small&pizza&!to: positive
but&!small&pizza&to: positive
but&small&!a&!are: negative
but&small&!a&are: positive
but&small&a&!table: negative
but&small&a&table: positive
DecisionTree learned:
!but&!it&!with&!bar: positive
!but&!it&!with&bar: neutral
!but&!it&with&!restaurants: neutral
!but&!it&with&restaurants: negative
!but&it&!matter&!kids: negative
!but&it&!matter&kids: conflict
!but&it&matter&!i: conflict
!but&it&matter&i: conflict
but&!our&!was&!who: positive
but&!our&!was&who: conflict
but&!our&was&!to: negative
but&!our&was&to: negative
but&our&!place&!in: neutral
but&our&!place&in: neutral
but&our&place: conflict
DecisionTree learned:
!but&!it&!most&!with: positive
!but&!it&!most&with: neutral
!but&!it&most&!of: positive
!but&!it&most&of: conflict
!but&it&!little&!though: negative
!but&it&!little&though: conflict
!but&it&little&!time: negative
!but&it&little&time: conflict
but&!that&!when&!only: positive
but&!that&!when&only: neutral
but&!that&when&!were: neutral
but&!that&when&were: neutral
but&that&!thai&!you: negative
but&that&!thai&you: positive
but&that&thai: positive
DecisionTree learned:
!but&!can&!though&!not: positive
!but&!can&!though&not: negative
!but&!can&though&!we: conflict
!but&!can&though&we: positive
!but&can&!be&!cost: positive
!but&can&!be&cost: conflict
!but&can&be&!of: negative
!but&can&be&of: conflict
but&!who&!that&!small: positive
but&!who&!that&small: negative
but&!who&that&!shrimp: negative
but&!who&that&shrimp: positive
but&who&!of&!for: neutral
but&who&!of&for: conflict
but&who&of&!this: negative
but&who&of&this: conflict
DecisionTree learned:
!but&!we&!though&!the: neutral
!but&!we&!though&the: positive
!but&!we&though&!pos: negative
!but&!we&though&pos: conflict
!but&we&!order&!is: neutral
!but&we&!order&is: negative
!but&we&order&!of: negative
!but&we&order&of: negative
but&!our&!was&!who: positive
but&!our&!was&who: conflict
but&!our&was&!to: negative
but&!our&was&to: negative
but&our&!for&!place: neutral
but&our&!for&place: neutral
but&our&for&!and: neutral
but&our&for&and: neutral
DecisionTree learned:
!but&!we&!though&!the: neutral
!but&!we&!though&the: positive
!but&!we&though&!i: negative
!but&!we&though&i: conflict
!but&we&!cheese&!order: neutral
!but&we&!cheese&order: negative
!but&we&cheese&!a: neutral
!but&we&cheese&a: neutral
but&!that&!sum&!not: negative
but&!that&!sum&not: conflict
but&!that&sum&!for: neutral
but&!that&sum&for: neutral
but&that&!experience&!shrimp: negative
but&that&!experience&shrimp: positive
but&that&experience&!are: positive
but&that&experience&are: conflict
DecisionTree learned:
!but&!worth&!pos&!doing: negative
!but&!worth&!pos&doing: conflict
!but&!worth&pos&!atmosphere: positive
!but&!worth&pos&atmosphere: positive
!but&worth&!and&!of: conflict
!but&worth&!and&of: conflict
!but&worth&and&!with: neutral
!but&worth&and&with: negative
but&!that&!only&!gem: negative
but&!that&!only&gem: positive
but&!that&only&!ordered: positive
but&!that&only&ordered: neutral
but&that&!just&!are: positive
but&that&!just&are: neutral
but&that&just&!with: neutral
but&that&just&with: negative
DecisionTree learned:
!but&!pos&!worth&!doing: negative
!but&!pos&!worth&doing: conflict
!but&!pos&worth&!and: conflict
!but&!pos&worth&and: negative
!but&pos&!we&!small: positive
!but&pos&!we&small: negative
!but&pos&we&!were: neutral
!but&pos&we&were: positive
but&!that&!when&!only: positive
but&!that&!when&only: positive
but&!that&when&!were: neutral
but&!that&when&were: neutral
but&that&!who&!just: positive
but&that&!who&just: negative
but&that&who: conflict
DecisionTree learned:
!but&!it&!most&!with: positive
!but&!it&!most&with: neutral
!but&!it&most&!of: positive
!but&!it&most&of: conflict
!but&it&!matter&!kids: negative
!but&it&!matter&kids: conflict
!but&it&matter&!i: conflict
!but&it&matter&i: conflict
but&!that&!focus&!small: positive
but&!that&!focus&small: negative
but&!that&focus: conflict
but&that&!my&!who: neutral
but&that&!my&who: conflict
but&that&my&!to: negative
but&that&my&to: positive
DecisionTree learned:
!but&!far&!though&!can: positive
!but&!far&!though&can: negative
!but&!far&though&!even: conflict
!but&!far&though&even: negative
!but&far&!by&!neg: conflict
!but&far&!by&neg: conflict
!but&far&by&!fast: positive
!but&far&by&fast: neutral
but&!at&!that&!times: positive
but&!at&!that&times: neutral
but&!at&that&!me: negative
but&!at&that&me: positive
but&at&!and&!back: negative
but&at&!and&back: neutral
but&at&and&!as: positive
but&at&and&as: neutral
DecisionTree learned:
!but&!pos&!house&!worth: negative
!but&!pos&!house&worth: conflict
!but&!pos&house: conflict
!but&pos&!little&!can: positive
!but&pos&!little&can: conflict
!but&pos&little&!seating: conflict
!but&pos&little&seating: negative
but&!was&!who&!wife: positive
but&!was&!who&wife: conflict
but&!was&who&!for: neutral
but&!was&who&for: conflict
but&was&!our&!to: negative
but&was&!our&to: negative
but&was&our&!place: neutral
but&was&our&place: conflict
DecisionTree learned:
!but&!we&!though&!do: positive
!but&!we&!though&do: negative
!but&!we&though&!pos: negative
!but&!we&though&pos: conflict
!but&we&!before&!cheese: neutral
!but&we&!before&cheese: neutral
!but&we&before&!about: negative
!but&we&before&about: negative
but&!that&!small&!wife: positive
but&!that&!small&wife: conflict
but&!that&small&!a: negative
but&!that&small&a: conflict
but&that&!experience&!us: negative
but&that&!experience&us: positive
but&that&experience&!are: positive
but&that&experience&are: conflict
DecisionTree learned:
!but&!flavor&!is&!little: neutral
!but&!flavor&!is&little: conflict
!but&!flavor&is&!far: positive
!but&!flavor&is&far: conflict
!but&flavor&!of: negative
!but&flavor&of&!full: conflict
!but&flavor&of&full: positive
but&!that&!wife&!at: positive
but&!that&!wife&at: neutral
but&!that&wife&!as: conflict
but&!that&wife&as: conflict
but&that&!who&!just: positive
but&that&!who&just: negative
but&that&who: conflict
DecisionTree learned:
!but&!pos&!worth&!house: neutral
!but&!pos&!worth&house: conflict
!but&!pos&worth&!and: conflict
!but&!pos&worth&and: positive
!but&pos&!we&!though: positive
!but&pos&!we&though: conflict
!but&pos&we&!were: neutral
!but&pos&we&were: positive
but&!at&!when&!worth: negative
but&!at&!when&worth: conflict
but&!at&when&!of: neutral
but&!at&when&of: neutral
but&at&!and&!we: positive
but&at&!and&we: neutral
but&at&and&!as: positive
but&at&and&as: neutral
DecisionTree learned:
!but&!try&!do&!did: positive
!but&!try&!do&did: neutral
!but&!try&do&!food: negative
!but&!try&do&food: negative
!but&try&!bagel&!because: positive
!but&try&!bagel&because: neutral
!but&try&bagel&!and: neutral
!but&try&bagel&and: neutral
but&!that&!at&!worth: positive
but&!that&!at&worth: conflict
but&!that&at&!and: negative
but&!that&at&and: positive
but&that&!may&!ever: positive
but&that&!may&ever: negative
but&that&may&!and: conflict
but&that&may&and: neutral
DecisionTree learned:
!but&!far&!though&!can: positive
!but&!far&!though&can: conflict
!but&!far&though&!we: conflict
!but&!far&though&we: negative
!but&far&!by&!neg: conflict
!but&far&!by&neg: conflict
!but&far&by&!restaurant: positive
!but&far&by&restaurant: neutral
but&!only&!that&!when: positive
but&!only&!that&when: neutral
but&!only&that&!who: negative
but&!only&that&who: conflict
but&only&!food&!pos: positive
but&only&!food&pos: neutral
but&only&food: positive
DecisionTree learned:
!but&!can&!it&!everything: positive
!but&!can&!it&everything: conflict
!but&!can&it&!kids: negative
!but&!can&it&kids: conflict
!but&can&!cost&!they: negative
!but&can&!cost&they: conflict
!but&can&cost&!for: conflict
!but&can&cost&for: conflict
but&!that&!at&!worth: positive
but&!that&!at&worth: conflict
but&!that&at&!and: neutral
but&!that&at&and: neutral
but&that&!who&!shrimp: negative
but&that&!who&shrimp: positive
but&that&who: conflict
DecisionTree learned:
!but&!can&!little&!the: neutral
!but&!can&!little&the: positive
!but&!can&little&!also: conflict
!but&!can&little&also: neutral
!but&can&!cost&!they: negative
!but&can&!cost&they: conflict
!but&can&cost&!for: conflict
!but&can&cost&for: conflict
but&!that&!eat&!not: negative
but&!that&!eat&not: conflict
but&!that&eat&!for: positive
but&!that&eat&for: negative
but&that&!who&!thai: negative
but&that&!who&thai: positive
but&that&who: conflict
DecisionTree learned:
!but&!eats&!service&!although: positive
!but&!eats&!service&although: conflict
!but&!eats&service&!a: positive
!but&!eats&service&a: positive
!but&eats&!for: conflict
!but&eats&for: positive
but&!only&!that&!at: positive
but&!only&!that&at: neutral
but&!only&that&!who: negative
but&!only&that&who: conflict
but&only&!was&!ordered: neutral
but&only&!was&ordered: neutral
but&only&was&!because: positive
but&only&was&because: negative
DecisionTree learned:
!but&!we&!rest&!pos: negative
!but&!we&!rest&pos: positive
!but&!we&rest: conflict
!but&we&!order&!is: neutral
!but&we&!order&is: negative
!but&we&order&!of: negative
!but&we&order&of: negative
but&!that&!only&!who: positive
but&!that&!only&who: neutral
but&!that&only&!was: neutral
but&!that&only&was: positive
but&that&!us&!my: neutral
but&that&!us&my: negative
but&that&us&!with: positive
but&that&us&with: positive
DecisionTree learned:
!but&!lunch&!pos&!house: negative
!but&!lunch&!pos&house: conflict
!but&!lunch&pos&!we: positive
!but&!lunch&pos&we: neutral
!but&lunch&!small&!because: neutral
!but&lunch&!small&because: negative
!but&lunch&small: negative
but&!that&!eat&!not: negative
but&!that&!eat&not: neutral
but&!that&eat&!for: positive
but&!that&eat&for: negative
but&that&!just&!be: positive
but&that&!just&be: positive
but&that&just&!and: neutral
but&that&just&and: negative
DecisionTree learned:
!but&!little&!is&!can: neutral
!but&!little&!is&can: conflict
!but&!little&is&!everything: positive
!but&!little&is&everything: conflict
!but&little&!also&!time: conflict
!but&little&!also&time: conflict
!but&little&also: neutral
but&!that&!not&!look: negative
but&!that&!not&look: conflict
but&!that&not&!for: conflict
but&!that&not&for: neutral
but&that&!who&!ever: positive
but&that&!who&ever: negative
but&that&who: conflict
DecisionTree learned:
!but&!worth&!pos&!doing: negative
!but&!worth&!pos&doing: conflict
!but&!worth&pos&!atmosphere: positive
!but&!worth&pos&atmosphere: positive
!but&worth&!and&!prices: conflict
!but&worth&!and&prices: negative
!but&worth&and&!with: neutral
!but&worth&and&with: negative
but&!that&!go&!pizza: negative
but&!that&!go&pizza: positive
but&!that&go&!is: positive
but&!that&go&is: negative
but&that&!my&!an: positive
but&that&!my&an: neutral
but&that&my&!to: negative
but&that&my&to: positive
DecisionTree learned:
!but&!far&!worth&!house: positive
!but&!far&!worth&house: conflict
!but&!far&worth&!and: conflict
!but&!far&worth&and: positive
!but&far&!by&!pos: positive
!but&far&!by&pos: conflict
!but&far&by&!fast: positive
!but&far&by&fast: neutral
but&!that&!at&!worth: negative
but&!that&!at&worth: conflict
but&!that&at&!and: negative
but&!that&at&and: neutral
but&that&!are&!with: negative
but&that&!are&with: positive
but&that&are&!with: positive
but&that&are&with: neutral
DecisionTree learned:
!but&!pos&!worth&!house: neutral
!but&!pos&!worth&house: conflict
!but&!pos&worth&!and: conflict
!but&!pos&worth&and: positive
!but&pos&!small&!little: positive
!but&pos&!small&little: conflict
!but&pos&small&!decor: negative
!but&pos&small&decor: positive
but&!that&!only&!with: negative
but&!that&!only&with: positive
but&!that&only&!food: neutral
but&!that&only&food: positive
but&that&!you&!of: negative
but&that&!you&of: negative
but&that&you&!neg: neutral
but&that&you&neg: positive
DecisionTree learned:
!but&!worth&!house&!pos: neutral
!but&!worth&!house&pos: positive
!but&!worth&house&!on: conflict
!but&!worth&house&on: positive
!but&worth&!and&!prices: conflict
!but&worth&!and&prices: negative
!but&worth&and&!you: neutral
!but&worth&and&you: negative
but&!that&!small&!what: positive
but&!that&!small&what: neutral
but&!that&small&!were: conflict
but&!that&small&were: negative
but&that&!shrimp&!who: negative
but&that&!shrimp&who: conflict
but&that&shrimp&!of: positive
but&that&shrimp&of: positive
DecisionTree learned:
!but&!far&!little&!though: positive
!but&!far&!little&though: negative
!but&!far&little&!also: conflict
!but&!far&little&also: neutral
!but&far&!by&!pos: positive
!but&far&!by&pos: conflict
!but&far&by&!fast: positive
!but&far&by&fast: neutral
but&!who&!that&!only: negative
but&!who&!that&only: neutral
but&!who&that&!just: positive
but&!who&that&just: negative
but&who&!for&!in: neutral
but&who&!for&in: conflict
but&who&for&!to: negative
but&who&for&to: conflict
DecisionTree learned:
!but&!it&!with&!most: positive
!but&!it&!with&most: conflict
!but&!it&with&!restaurants: neutral
!but&!it&with&restaurants: negative
!but&it&!matter&!kids: negative
!but&it&!matter&kids: conflict
!but&it&matter&!i: conflict
!but&it&matter&i: conflict
but&!that&!when&!only: positive
but&!that&!when&only: positive
but&!that&when&!were: neutral
but&!that&when&were: neutral
but&that&!shrimp&!who: negative
but&that&!shrimp&who: conflict
but&that&shrimp&!of: positive
but&that&shrimp&of: positive
DecisionTree learned:
!but&!it&!most&!with: positive
!but&!it&!most&with: neutral
!but&!it&most&!of: positive
!but&!it&most&of: conflict
!but&it&!matter&!kids: negative
!but&it&!matter&kids: conflict
!but&it&matter&!i: conflict
!but&it&matter&i: conflict
but&!small&!who&!that: positive
but&!small&!who&that: negative
but&!small&who&!for: neutral
but&!small&who&for: conflict
but&small&!there&!dessert: negative
but&small&!there&dessert: negative
but&small&there&!for: conflict
but&small&there&for: conflict
DecisionTree learned:
!but&!we&!though&!little: positive
!but&!we&!though&little: conflict
!but&!we&though&!pos: negative
!but&!we&though&pos: conflict
!but&we&!order&!is: neutral
!but&we&!order&is: negative
!but&we&order&!that: neutral
!but&we&order&that: negative
but&!that&!pizza&!when: negative
but&!that&!pizza&when: neutral
but&!that&pizza&!to: positive
but&!that&pizza&to: positive
but&that&!are&!with: negative
but&that&!are&with: positive
but&that&are&!with: positive
but&that&are&with: neutral
DecisionTree learned:
!but&!it&!with&!can: positive
!but&!it&!with&can: conflict
!but&!it&with&!wait: neutral
!but&!it&with&wait: negative
!but&it&!matter&!price: negative
!but&it&!matter&price: conflict
!but&it&matter&!i: conflict
!but&it&matter&i: conflict
but&!that&!what&!only: negative
but&!that&!what&only: positive
but&!that&what&!is: negative
but&!that&what&is: neutral
but&that&!are&!with: negative
but&that&!are&with: positive
but&that&are&!with: positive
but&that&are&with: neutral
DecisionTree learned:
!but&!is&!french&!little: neutral
!but&!is&!french&little: conflict
!but&!is&french&!was: positive
!but&!is&french&was: conflict
!but&is&!far&!though: positive
!but&is&!far&though: conflict
!but&is&far&!by: conflict
!but&is&far&by: positive
but&!that&!when&!reservations: positive
but&!that&!when&reservations: negative
but&!that&when&!at: neutral
but&!that&when&at: negative
but&that&!who&!out: positive
but&that&!who&out: negative
but&that&who: conflict
DecisionTree learned:
!but&!we&!rest&!attentive: positive
!but&!we&!rest&attentive: positive
!but&!we&rest&!neg: conflict
!but&!we&rest&neg: conflict
!but&we&!were&!and: negative
!but&we&!were&and: neutral
!but&we&were&!both: negative
!but&we&were&both: positive
but&!that&!sliced&!not: negative
but&!that&!sliced&not: neutral
but&!that&sliced: conflict
but&that&!us&!my: neutral
but&that&!us&my: negative
but&that&us&!with: positive
but&that&us&with: positive
DecisionTree learned:
!but&!sometimes&!although&!far: positive
!but&!sometimes&!although&far: conflict
!but&!sometimes&although&!service: conflict
!but&!sometimes&although&service: neutral
!but&sometimes&!food: conflict
!but&sometimes&food&!neg: neutral
!but&sometimes&food&neg: negative
but&!that&!no&!what: negative
but&!that&!no&what: neutral
but&!that&no&!music: neutral
but&!that&no&music: negative
but&that&!from&!they: positive
but&that&!from&they: neutral
but&that&from&!with: negative
but&that&from&with: neutral
DecisionTree learned:
!but&!although&!service&!worth: neutral
!but&!although&!service&worth: conflict
!but&!although&service&!a: positive
!but&!although&service&a: negative
!but&although&!service&!was: neutral
!but&although&!service&was: conflict
!but&although&service&!pos: positive
!but&although&service&pos: neutral
but&!at&!look&!worth: positive
but&!at&!look&worth: conflict
but&!at&look&!of: conflict
but&!at&look&of: negative
but&at&!and&!we: positive
but&at&!and&we: negative
but&at&and&!as: neutral
but&at&and&as: neutral
DecisionTree learned:
!but&!we&!lunch&!pos: negative
!but&!we&!lunch&pos: positive
!but&!we&lunch&!small: neutral
!but&!we&lunch&small: negative
!but&we&!cheese&!order: neutral
!but&we&!cheese&order: negative
!but&we&cheese&!a: neutral
!but&we&cheese&a: neutral
but&!that&!wife&!at: positive
but&!that&!wife&at: neutral
but&!that&wife&!as: conflict
but&!that&wife&as: conflict
but&that&!just&!ever: positive
but&that&!just&ever: negative
but&that&just&!and: neutral
but&that&just&and: negative
DecisionTree learned:
!but&!far&!most&!it: positive
!but&!far&!most&it: negative
!but&!far&most&!prices: positive
!but&!far&most&prices: conflict
!but&far&!by&!neg: conflict
!but&far&!by&neg: conflict
!but&far&by&!restaurant: positive
!but&far&by&restaurant: neutral
but&!that&!only&!when: positive
but&!that&!only&when: neutral
but&!that&only&!was: neutral
but&!that&only&was: positive
but&that&!who&!us: neutral
but&that&!who&us: positive
but&that&who: conflict
DecisionTree learned:
!but&!we&!rest&!the: neutral
!but&!we&!rest&the: positive
!but&!we&rest&!neg: conflict
!but&!we&rest&neg: conflict
!but&we&!before&!is: neutral
!but&we&!before&is: negative
!but&we&before&!about: negative
!but&we&before&about: neutral
but&!that&!when&!reservations: positive
but&!that&!when&reservations: negative
but&!that&when&!at: neutral
but&!that&when&at: negative
but&that&!who&!just: positive
but&that&!who&just: negative
but&that&who: conflict
DecisionTree learned:
!but&!can&!worth&!pos: negative
!but&!can&!worth&pos: positive
!but&!can&worth&!and: conflict
!but&!can&worth&and: positive
!but&can&!be&!cost: positive
!but&can&!be&cost: conflict
!but&can&be&!of: negative
!but&can&be&of: conflict
but&!was&!we&!too: positive
but&!was&!we&too: neutral
but&!was&we&!a: positive
but&!was&we&a: neutral
but&was&!so&!our: negative
but&was&!so&our: neutral
but&was&so&!n: neutral
but&was&so&n: positive
DecisionTree learned:
!but&!little&!is&!pub: negative
!but&!little&!is&pub: conflict
!but&!little&is&!rest: positive
!but&!little&is&rest: conflict
!but&little&!also&!time: positive
!but&little&!also&time: conflict
!but&little&also: neutral
but&!that&!at&!times: positive
but&!that&!at&times: neutral
but&!that&at&!and: negative
but&!that&at&and: positive
but&that&!are&!bit: negative
but&that&!are&bit: positive
but&that&are&!with: positive
but&that&are&with: neutral
DecisionTree learned:
!but&!can&!worth&!pos: negative
!but&!can&!worth&pos: positive
!but&!can&worth&!and: conflict
!but&!can&worth&and: positive
!but&can&!be&!cost: positive
!but&can&!be&cost: conflict
!but&can&be&!pos: neutral
!but&can&be&pos: negative
but&!that&!small&!not: negative
but&!that&!small&not: conflict
but&!that&small&!were: conflict
but&!that&small&were: negative
but&that&!ever&!experience: neutral
but&that&!ever&experience: positive
but&that&ever: negative
DecisionTree learned:
!but&!we&!though&!was: positive
!but&!we&!though&was: negative
!but&!we&though&!pos: negative
!but&!we&though&pos: conflict
!but&we&!order&!is: neutral
!but&we&!order&is: negative
!but&we&order&!that: neutral
!but&we&order&that: negative
but&!at&!worth&!only: negative
but&!at&!worth&only: neutral
but&!at&worth&!and: conflict
but&!at&worth&and: conflict
but&at&!and&!were: negative
but&at&!and&were: neutral
but&at&and&!as: positive
but&at&and&as: conflict
DecisionTree learned:
!but&!do&!we&!though: positive
!but&!do&!we&though: conflict
!but&!do&we&!before: neutral
!but&!do&we&before: negative
!but&do&!food&!their: negative
!but&do&!food&their: neutral
!but&do&food&!restaurant: negative
!but&do&food&restaurant: positive
but&!that&!only&!when: negative
but&!that&!only&when: neutral
but&!that&only&!food: neutral
but&!that&only&food: positive
but&that&!just&!for: neutral
but&that&!just&for: positive
but&that&just&!and: neutral
but&that&just&and: negative
DecisionTree learned:
!but&!sometimes&!can&!was: positive
!but&!sometimes&!can&was: negative
!but&!sometimes&can&!cost: negative
!but&!sometimes&can&cost: conflict
!but&sometimes&!food&!and: positive
!but&sometimes&!food&and: conflict
!but&sometimes&food&!neg: positive
!but&sometimes&food&neg: negative
but&!that&!when&!no: positive
but&!that&!when&no: neutral
but&!that&when&!were: neutral
but&!that&when&were: neutral
but&that&!my&!shrimp: neutral
but&that&!my&shrimp: positive
but&that&my&!to: negative
but&that&my&to: positive
DecisionTree learned:
!but&!far&!sometimes&!it: positive
!but&!far&!sometimes&it: negative
!but&!far&sometimes&!food: conflict
!but&!far&sometimes&food: negative
!but&far&!by&!pos: positive
!but&far&!by&pos: conflict
!but&far&by&!this: neutral
!but&far&by&this: positive
but&!that&!chicken&!eat: positive
but&!that&!chicken&eat: negative
but&!that&chicken&!with: negative
but&!that&chicken&with: negative
but&that&!are&!with: negative
but&that&!are&with: positive
but&that&are&!with: positive
but&that&are&with: neutral
DecisionTree learned:
!but&!far&!it&!most: positive
!but&!far&!it&most: conflict
!but&!far&it&!matter: negative
!but&!far&it&matter: conflict
!but&far&!by&!pos: positive
!but&far&!by&pos: conflict
!but&far&by&!fast: positive
!but&far&by&fast: neutral
but&!that&!not&!sliced: negative
but&!that&!not&sliced: conflict
but&!that&not&!for: conflict
but&!that&not&for: neutral
but&that&!who&!ever: positive
but&that&!who&ever: negative
but&that&who: conflict
DecisionTree learned:
!but&!most&!far&!worth: positive
!but&!most&!far&worth: conflict
!but&!most&far&!by: conflict
!but&!most&far&by: positive
!but&most&!of&!bar: negative
!but&most&!of&bar: positive
!but&most&of&!it: conflict
!but&most&of&it: neutral
but&!that&!go&!chicken: positive
but&!that&!go&chicken: negative
but&!that&go&!and: positive
but&!that&go&and: neutral
but&that&!who&!just: positive
but&that&!who&just: negative
but&that&who: conflict
DecisionTree learned:
!but&!the&!kids&!exceeded: neutral
!but&!the&!kids&exceeded: conflict
!but&!the&kids: conflict
!but&the&!sometimes&!bar: positive
!but&the&!sometimes&bar: neutral
!but&the&sometimes&!you: conflict
!but&the&sometimes&you: positive
but&!at&!times&!that: positive
but&!at&!times&that: negative
but&!at&times&!reservations: neutral
but&!at&times&reservations: neutral
but&at&!and&!experience: negative
but&at&!and&experience: positive
but&at&and&!as: positive
but&at&and&as: neutral
DecisionTree learned:
!but&!little&!house&!worth: positive
!but&!little&!house&worth: conflict
!but&!little&house&!a: conflict
!but&!little&house&a: positive
!but&little&!also&!is: conflict
!but&little&!also&is: positive
!but&little&also: neutral
but&!who&!that&!not: negative
but&!who&!that&not: conflict
but&!who&that&!just: positive
but&!who&that&just: negative
but&who&!for&!in: neutral
but&who&!for&in: conflict
but&who&for&!to: negative
but&who&for&to: conflict
DecisionTree learned:
!but&!though&!was&!atmosphere: positive
!but&!though&!was&atmosphere: positive
!but&!though&was&!neg: neutral
!but&!though&was&neg: negative
!but&though&!we&!pos: negative
!but&though&!we&pos: conflict
!but&though&we&!to: positive
!but&though&we&to: neutral
but&!that&!when&!our: positive
but&!that&!when&our: neutral
but&!that&when&!on: neutral
but&!that&when&on: positive
but&that&!us&!prices: negative
but&that&!us&prices: positive
but&that&us&!with: positive
but&that&us&with: positive
DecisionTree learned:
!but&!flavor&!though&!sometimes: positive
!but&!flavor&!though&sometimes: conflict
!but&!flavor&though&!even: conflict
!but&!flavor&though&even: negative
!but&flavor&!of: negative
!but&flavor&of&!full: conflict
!but&flavor&of&full: positive
but&!that&!chicken&!look: positive
but&!that&!chicken&look: conflict
but&!that&chicken&!with: negative
but&!that&chicken&with: negative
but&that&!shrimp&!prices: negative
but&that&!shrimp&prices: positive
but&that&shrimp&!of: positive
but&that&shrimp&of: positive
DecisionTree learned:
!but&!we&!lunch&!though: positive
!but&!we&!lunch&though: conflict
!but&!we&lunch&!small: neutral
!but&!we&lunch&small: negative
!but&we&!before&!cheese: neutral
!but&we&!before&cheese: neutral
!but&we&before&!about: negative
!but&we&before&about: neutral
but&!that&!experience&!wife: negative
but&!that&!experience&wife: conflict
but&!that&experience&!neg: neutral
but&!that&experience&neg: neutral
but&that&!ever&!just: positive
but&that&!ever&just: negative
but&that&ever: negative
DecisionTree learned:
!but&!little&!most&!worth: positive
!but&!little&!most&worth: conflict
!but&!little&most&!of: positive
!but&!little&most&of: conflict
!but&little&!also&!time: conflict
!but&little&!also&time: conflict
!but&little&also: neutral
but&!that&!not&!small: negative
but&!that&!not&small: negative
but&!that&not&!for: conflict
but&!that&not&for: positive
but&that&!just&!prices: negative
but&that&!just&prices: positive
but&that&just&!and: neutral
but&that&just&and: negative
Trial 0 Training cc.mallet.classify.AdaBoostM2Trainer@7e78fc6 finished
Trial 0 Trainer cc.mallet.classify.AdaBoostM2Trainer@7e78fc6 test data accuracy = 0.5848032564450475

NaiveBayesTrainer
Summary. test accuracy mean = 0.621438263229308 stddev = 0.0 stderr = 0.0

MaxEntTrainer,gaussianPriorVariance=1.0
Summary. test accuracy mean = 0.6227951153324288 stddev = 0.0 stderr = 0.0

cc.mallet.classify.DecisionTreeTrainer@2b2d96f2
Summary. test accuracy mean = 0.5739484396200815 stddev = 0.0 stderr = 0.0

cc.mallet.classify.AdaBoostM2Trainer@7e78fc6
Summary. test accuracy mean = 0.5848032564450475 stddev = 0.0 stderr = 0.0
