
-------------------- Trial 0  --------------------

Trial 0 Training NaiveBayesTrainer with 2956 instances
Trial 0 Training NaiveBayesTrainer finished
Trial 0 Trainer NaiveBayesTrainer test data accuracy = 0.5970149253731343
Trial 0 Training MaxEntTrainer,gaussianPriorVariance=1.0 with 2956 instances
Trial 0 Training MaxEntTrainer,gaussianPriorVariance=1.0 finished
Trial 0 Trainer MaxEntTrainer,gaussianPriorVariance=1.0 test data accuracy = 0.6472184531886025
Trial 0 Training cc.mallet.classify.DecisionTreeTrainer@3e110003 with 2956 instances
DecisionTree learned:
!great&!good&!delici&!dinner: positive
!great&!good&!delici&dinner: neutral
!great&!good&delici&!empti: positive
!great&!good&delici&empti: conflict
!great&good&!befor&!meet: positive
!great&good&!befor&meet: neutral
!great&good&befor: neutral
great&!tini&!plu&!definit: positive
great&!tini&!plu&definit: negative
great&!tini&plu: negative
great&tini: negative
Trial 0 Training cc.mallet.classify.DecisionTreeTrainer@3e110003 finished
Trial 0 Trainer cc.mallet.classify.DecisionTreeTrainer@3e110003 test data accuracy = 0.5793758480325645
Trial 0 Training cc.mallet.classify.AdaBoostM2Trainer@5464ea66 with 2956 instances
DecisionTree learned:
!great&!good&!delici&!dinner: positive
!great&!good&!delici&dinner: neutral
!great&!good&delici&!empti: positive
!great&!good&delici&empti: conflict
!great&good&!meet&!befor: positive
!great&good&!meet&befor: neutral
!great&good&meet: neutral
great&!dinner&!tini&!n: positive
great&!dinner&!tini&n: negative
great&!dinner&tini: negative
great&dinner&!consist: neutral
great&dinner&consist: positive
DecisionTree learned:
!great&!dinner&!friendli&!the: positive
!great&!dinner&!friendli&the: positive
!great&!dinner&friendli&!slow: positive
!great&!dinner&friendli&slow: negative
!great&dinner&!drink&!cheap: neutral
!great&dinner&!drink&cheap: positive
!great&dinner&drink&!wine: positive
!great&dinner&drink&wine: negative
great&!plu&!cheap&!and: positive
great&!plu&!cheap&and: conflict
great&!plu&cheap: conflict
great&plu: negative
DecisionTree learned:
!n&!wa&!dinner&!worth: positive
!n&!wa&!dinner&worth: conflict
!n&!wa&dinner&!drink: neutral
!n&!wa&dinner&drink: positive
!n&wa&!good&!excel: negative
!n&wa&!good&excel: positive
!n&wa&good&!food: positive
!n&wa&good&food: positive
n&!wine&!includ&!doe: negative
n&!wine&!includ&doe: conflict
n&!wine&includ: neutral
n&wine: neutral
DecisionTree learned:
!great&!delici&!good&!wa: positive
!great&!delici&!good&wa: negative
!great&!delici&good&!necessari: positive
!great&!delici&good&necessari: neutral
!great&delici&!empti&!head: positive
!great&delici&!empti&head: neutral
!great&delici&empti: conflict
great&!and&!horribl&!definit: positive
great&!and&!horribl&definit: negative
great&!and&horribl: negative
great&and: conflict
DecisionTree learned:
!the&!friendli&!great&!delici: positive
!the&!friendli&!great&delici: positive
!the&!friendli&great&!servic: positive
!the&!friendli&great&servic: positive
!the&friendli&!my&!izakaya: positive
!the&friendli&!my&izakaya: neutral
!the&friendli&my: conflict
the&!ok&!thai&!sometim: positive
the&!ok&!thai&sometim: conflict
the&!ok&thai&!variou: conflict
the&!ok&thai&variou: conflict
the&ok&!food: neutral
the&ok&food&!i: neutral
the&ok&food&i: neutral
DecisionTree learned:
!the&!great&!friendli&!bar: positive
!the&!great&!friendli&bar: neutral
!the&!great&friendli&!my: positive
!the&!great&friendli&my: conflict
!the&great&!servic&!tini: positive
!the&great&!servic&tini: negative
!the&great&servic&!plu: positive
!the&great&servic&plu: negative
the&!ok&!littl&!excel: positive
the&!ok&!littl&excel: positive
the&!ok&littl&!scatti: conflict
the&!ok&littl&scatti: negative
the&ok&!wa: neutral
the&ok&wa&!i: negative
the&ok&wa&i: neutral
DecisionTree learned:
!n&!dinner&!wa&!worth: positive
!n&!dinner&!wa&worth: conflict
!n&!dinner&wa&!good: negative
!n&!dinner&wa&good: positive
!n&dinner&!drink&!proper: neutral
!n&dinner&!drink&proper: negative
!n&dinner&drink&!wine: positive
!n&dinner&drink&wine: negative
n&!includ&!wine&!anyth: negative
n&!includ&!wine&anyth: neutral
n&!includ&wine: neutral
n&includ: neutral
DecisionTree learned:
!the&!friendli&!delici&!worth: positive
!the&!friendli&!delici&worth: conflict
!the&!friendli&delici&!overal: positive
!the&!friendli&delici&overal: neutral
!the&friendli&!my&!izakaya: positive
!the&friendli&!my&izakaya: neutral
!the&friendli&my: conflict
the&!ok&!expens&!so: positive
the&!ok&!expens&so: neutral
the&!ok&expens&!price: conflict
the&!ok&expens&price: negative
the&ok&!food: neutral
the&ok&food&!wa: neutral
the&ok&food&wa: neutral
DecisionTree learned:
!the&!good&!n&!dinner: positive
!the&!good&!n&dinner: neutral
!the&!good&n&!s: negative
!the&!good&n&s: conflict
!the&good&!variou&!usual: positive
!the&good&!variou&usual: conflict
!the&good&variou: conflict
the&!sometim&!ok&!thai: positive
the&!sometim&!ok&thai: conflict
the&!sometim&ok&!food: neutral
the&!sometim&ok&food: neutral
the&sometim&!servic: positive
the&sometim&servic: conflict
DecisionTree learned:
!the&!wait&!dinner&!great: positive
!the&!wait&!dinner&great: positive
!the&!wait&dinner&!bottl: neutral
!the&!wait&dinner&bottl: negative
!the&wait&!worth&!expect: negative
!the&wait&!worth&expect: conflict
!the&wait&worth&!great: conflict
!the&wait&worth&great: negative
the&!sometim&!thai&!littl: positive
the&!sometim&!thai&littl: conflict
the&!sometim&thai&!variou: positive
the&!sometim&thai&variou: conflict
the&sometim&!servic: positive
the&sometim&servic: conflict
DecisionTree learned:
!the&!worth&!good&!excel: positive
!the&!worth&!good&excel: positive
!the&!worth&good&!usual: positive
!the&!worth&good&usual: conflict
!the&worth&!gigonda&!high: conflict
!the&worth&!gigonda&high: conflict
!the&worth&gigonda&!great: neutral
!the&worth&gigonda&great: positive
the&!so&!ok&!rest: positive
the&!so&!ok&rest: conflict
the&!so&ok&!wa: neutral
the&!so&ok&wa: neutral
the&so: neutral
DecisionTree learned:
!the&!worth&!delici&!fine: positive
!the&!worth&!delici&fine: positive
!the&!worth&delici&!head: positive
!the&!worth&delici&head: neutral
!the&worth&!hous&!lamb: negative
!the&worth&!hous&lamb: conflict
!the&worth&hous: neutral
the&!expens&!sometim&!rest: positive
the&!expens&!sometim&rest: conflict
the&!expens&sometim&!servic: positive
the&!expens&sometim&servic: conflict
the&expens&!price&!bore: conflict
the&expens&!price&bore: negative
the&expens&price: negative
DecisionTree learned:
!the&!nice&!dinner&!great: positive
!the&!nice&!dinner&great: positive
!the&!nice&dinner&!drink: neutral
!the&!nice&dinner&drink: positive
!the&nice&!n&!rang: positive
!the&nice&!n&rang: negative
!the&nice&n: negative
the&!ok&!casual&!so: positive
the&!ok&!casual&so: neutral
the&!ok&casual&!romant: conflict
the&!ok&casual&romant: positive
the&ok&!wa: neutral
the&ok&wa&!i: neutral
the&ok&wa&i: neutral
DecisionTree learned:
!the&!dinner&!great&!there: positive
!the&!dinner&!great&there: negative
!the&!dinner&great&!anticip: positive
!the&!dinner&great&anticip: neutral
!the&dinner&!onc&!ani: neutral
!the&dinner&!onc&ani: negative
!the&dinner&onc: neutral
the&!thai&!sometim&!rest: positive
the&!thai&!sometim&rest: conflict
the&!thai&sometim&!servic: positive
the&!thai&sometim&servic: conflict
the&thai&!variou&!veri: positive
the&thai&!variou&veri: conflict
the&thai&variou: conflict
DecisionTree learned:
!the&!there&!n&!dinner: positive
!the&!there&!n&dinner: neutral
!the&!there&n&!ca: negative
!the&!there&n&ca: positive
!the&there&!experi&!worth: negative
!the&there&!experi&worth: conflict
!the&there&experi: conflict
the&!expens&!small&!littl: positive
the&!expens&!small&littl: conflict
the&!expens&small&!tabl: negative
the&!expens&small&tabl: positive
the&expens&!price&!bore: conflict
the&expens&!price&bore: negative
the&expens&price: negative
DecisionTree learned:
!wa&!small&!worth&!friendli: positive
!wa&!small&!worth&friendli: positive
!wa&!small&worth&!hous: conflict
!wa&!small&worth&hous: neutral
!wa&small&!sake&!live: negative
!wa&small&!sake&live: neutral
!wa&small&sake&!veri: neutral
!wa&small&sake&veri: positive
wa&!excel&!good&!fine: negative
wa&!excel&!good&fine: conflict
wa&!excel&good&!food: positive
wa&!excel&good&food: conflict
wa&excel&!salti: positive
wa&excel&salti: negative
DecisionTree learned:
!the&!worth&!turn&!friendli: positive
!the&!worth&!turn&friendli: positive
!the&!worth&turn&!food: negative
!the&!worth&turn&food: conflict
!the&worth&!visit&!definit: conflict
!the&worth&!visit&definit: negative
!the&worth&visit: negative
the&!dumpl&!ok&!expens: positive
the&!dumpl&!ok&expens: conflict
the&!dumpl&ok&!wa: neutral
the&!dumpl&ok&wa: neutral
the&dumpl: neutral
DecisionTree learned:
!the&!delici&!nice&!horribl: positive
!the&!delici&!nice&horribl: negative
!the&!delici&nice&!n: positive
!the&!delici&nice&n: negative
!the&delici&!overal&!bar: positive
!the&delici&!overal&bar: neutral
!the&delici&overal: neutral
the&!staff&!good&!littl: positive
the&!staff&!good&littl: conflict
the&!staff&good&!food: positive
the&!staff&good&food: positive
the&staff&!i&!n: positive
the&staff&!i&n: negative
the&staff&i&!kind: negative
the&staff&i&kind: positive
DecisionTree learned:
!wa&!littl&!lad&!friendli: positive
!wa&!littl&!lad&friendli: positive
!wa&!littl&lad: conflict
!wa&littl&!bagel&!thi: conflict
!wa&littl&!bagel&thi: conflict
!wa&littl&bagel: neutral
wa&!excel&!fine&!good: negative
wa&!excel&!fine&good: positive
wa&!excel&fine&!expect: conflict
wa&!excel&fine&expect: neutral
wa&excel&!salti: positive
wa&excel&salti: negative
DecisionTree learned:
!wa&!worth&!n&!turn: positive
!wa&!worth&!n&turn: negative
!wa&!worth&n&!s: negative
!wa&!worth&n&s: conflict
!wa&worth&!hous&!the: conflict
!wa&worth&!hous&the: conflict
!wa&worth&hous: neutral
wa&!excel&!good&!fine: negative
wa&!excel&!good&fine: conflict
wa&!excel&good&!food: positive
wa&!excel&good&food: positive
wa&excel&!salti: positive
wa&excel&salti: negative
DecisionTree learned:
!the&!worth&!turn&!delici: positive
!the&!worth&!turn&delici: positive
!the&!worth&turn&!servic: negative
!the&!worth&turn&servic: conflict
!the&worth&!high&!gigonda: negative
!the&worth&!high&gigonda: positive
!the&worth&high: conflict
the&!sometim&!littl&!casual: positive
the&!sometim&!littl&casual: conflict
the&!sometim&littl&!tabl: conflict
the&!sometim&littl&tabl: conflict
the&sometim&!servic: positive
the&sometim&servic: conflict
DecisionTree learned:
!wa&!lad&!friendli&!worth: positive
!wa&!lad&!friendli&worth: conflict
!wa&!lad&friendli&!dish: positive
!wa&!lad&friendli&dish: neutral
!wa&lad: conflict
wa&!good&!excel&!curious: negative
wa&!good&!excel&curious: conflict
wa&!good&excel&!salti: positive
wa&!good&excel&salti: negative
wa&good&!food&!the: negative
wa&good&!food&the: positive
wa&good&food&!tast: conflict
wa&good&food&tast: negative
DecisionTree learned:
!the&!dinner&!drink&!excel: positive
!the&!dinner&!drink&excel: positive
!the&!dinner&drink&!price: neutral
!the&!dinner&drink&price: negative
!the&dinner&!romant&!n: neutral
!the&dinner&!romant&n: negative
!the&dinner&romant: positive
the&!expens&!littl&!so: positive
the&!expens&!littl&so: neutral
the&!expens&littl&!scatti: conflict
the&!expens&littl&scatti: negative
the&expens&!price&!bore: conflict
the&expens&!price&bore: negative
the&expens&price: negative
DecisionTree learned:
!wa&!small&!friendli&!worth: positive
!wa&!small&!friendli&worth: conflict
!wa&!small&friendli&!i: positive
!wa&!small&friendli&i: conflict
!wa&small&!live&!counter: negative
!wa&small&!live&counter: neutral
!wa&small&live: neutral
wa&!excel&!good&!fine: negative
wa&!excel&!good&fine: conflict
wa&!excel&good&!food: positive
wa&!excel&good&food: positive
wa&excel&!salti: positive
wa&excel&salti: negative
DecisionTree learned:
!the&!servic&!worth&!fine: positive
!the&!servic&!worth&fine: conflict
!the&!servic&worth&!high: negative
!the&!servic&worth&high: conflict
!the&servic&!deal&!larg: positive
!the&servic&!deal&larg: conflict
!the&servic&deal: conflict
the&!ok&!expens&!hard: positive
the&!ok&!expens&hard: conflict
the&!ok&expens&!price: conflict
the&!ok&expens&price: negative
the&ok&!food: neutral
the&ok&food&!i: neutral
the&ok&food&i: neutral
DecisionTree learned:
!fine&!the&!servic&!cost: positive
!fine&!the&!servic&cost: conflict
!fine&!the&servic&!ambianc: positive
!fine&!the&servic&ambianc: neutral
!fine&the&!sometim&!food: positive
!fine&the&!sometim&food: positive
!fine&the&sometim&!servic: positive
!fine&the&sometim&servic: conflict
fine&!expect&!bagel&!wa: positive
fine&!expect&!bagel&wa: conflict
fine&!expect&bagel: conflict
fine&expect: neutral
DecisionTree learned:
!the&!turn&!worth&!servic: positive
!the&!turn&!worth&servic: positive
!the&!turn&worth&!hous: conflict
!the&!turn&worth&hous: neutral
!the&turn&!servic&!food: negative
!the&turn&!servic&food: conflict
!the&turn&servic: conflict
the&!ok&!walk&!adequ: positive
the&!ok&!walk&adequ: conflict
the&!ok&walk: neutral
the&ok&!food: neutral
the&ok&food&!i: neutral
the&ok&food&i: neutral
DecisionTree learned:
!wa&!dinner&!doe&!drink: positive
!wa&!dinner&!doe&drink: neutral
!wa&!dinner&doe&!offer: conflict
!wa&!dinner&doe&offer: negative
!wa&dinner&!n&!bottl: neutral
!wa&dinner&!n&bottl: negative
!wa&dinner&n&!s: negative
!wa&dinner&n&s: neutral
wa&!good&!decent&!excel: negative
wa&!good&!decent&excel: positive
wa&!good&decent&!servic: neutral
wa&!good&decent&servic: conflict
wa&good&!food&!the: negative
wa&good&!food&the: positive
wa&good&food&!tast: conflict
wa&good&food&tast: negative
DecisionTree learned:
!the&!there&!fine&!turn: positive
!the&!there&!fine&turn: negative
!the&!there&fine&!portion: positive
!the&!there&fine&portion: conflict
!the&there&!experi&!wait: negative
!the&there&!experi&wait: conflict
!the&there&experi: conflict
the&!rest&!thai&!wa: positive
the&!rest&!thai&wa: negative
the&!rest&thai&!variou: positive
the&!rest&thai&variou: conflict
the&rest: conflict
DecisionTree learned:
!the&!drink&!dinner&!turn: positive
!the&!drink&!dinner&turn: negative
!the&!drink&dinner&!ani: neutral
!the&!drink&dinner&ani: negative
!the&drink&!price&!complet: neutral
!the&drink&!price&complet: negative
!the&drink&price: negative
the&!dumpl&!staff&!expens: positive
the&!dumpl&!staff&expens: conflict
the&!dumpl&staff&!i: positive
the&!dumpl&staff&i: negative
the&dumpl: neutral
DecisionTree learned:
!wa&!littl&!lad&!nice: positive
!wa&!littl&!lad&nice: positive
!wa&!littl&lad: conflict
!wa&littl&!bagel&!place: negative
!wa&littl&!bagel&place: conflict
!wa&littl&bagel: neutral
wa&!good&!fine&!shorter: negative
wa&!good&!fine&shorter: conflict
wa&!good&fine&!expect: conflict
wa&!good&fine&expect: neutral
wa&good&!food&!the: negative
wa&good&!food&the: positive
wa&good&food&!tast: positive
wa&good&food&tast: negative
DecisionTree learned:
!the&!worth&!servic&!qualiti: positive
!the&!worth&!servic&qualiti: negative
!the&!worth&servic&!ambianc: positive
!the&!worth&servic&ambianc: neutral
!the&worth&!gigonda&!high: negative
!the&worth&!gigonda&high: conflict
!the&worth&gigonda&!great: neutral
!the&worth&gigonda&great: positive
the&!so&!littl&!wa: positive
the&!so&!littl&wa: negative
the&!so&littl&!tabl: conflict
the&!so&littl&tabl: conflict
the&so: neutral
DecisionTree learned:
!the&!there&!dinner&!delici: positive
!the&!there&!dinner&delici: positive
!the&!there&dinner&!n: neutral
!the&!there&dinner&n: negative
!the&there&!experi&!expect: negative
!the&there&!experi&expect: conflict
!the&there&experi: conflict
the&!dumpl&!sometim&!thai: positive
the&!dumpl&!sometim&thai: conflict
the&!dumpl&sometim&!servic: positive
the&!dumpl&sometim&servic: conflict
the&dumpl: neutral
DecisionTree learned:
!worth&!the&!order&!servic: positive
!worth&!the&!order&servic: positive
!worth&!the&order&!wine: negative
!worth&!the&order&wine: neutral
!worth&the&!walk&!so: positive
!worth&the&!walk&so: neutral
!worth&the&walk: neutral
worth&!hous&!high&!wait: conflict
worth&!hous&!high&wait: negative
worth&!hous&high: conflict
worth&hous: neutral
DecisionTree learned:
!the&!worth&!servic&!n: positive
!the&!worth&!servic&n: negative
!the&!worth&servic&!plain: positive
!the&!worth&servic&plain: neutral
!the&worth&!gigonda&!high: conflict
!the&worth&!gigonda&high: conflict
!the&worth&gigonda&!great: neutral
!the&worth&gigonda&great: positive
the&!ok&!so&!wa: positive
the&!ok&!so&wa: negative
the&!ok&so: neutral
the&ok&!food: neutral
the&ok&food&!i: neutral
the&ok&food&i: neutral
DecisionTree learned:
!the&!there&!delici&!fine: positive
!the&!there&!delici&fine: conflict
!the&!there&delici&!head: positive
!the&!there&delici&head: neutral
!the&there&!experi&!expect: negative
!the&there&!experi&expect: conflict
!the&there&experi: conflict
the&!expens&!staff&!food: positive
the&!expens&!staff&food: positive
the&!expens&staff&!i: positive
the&!expens&staff&i: negative
the&expens&!bore&!price: conflict
the&expens&!bore&price: negative
the&expens&bore: negative
DecisionTree learned:
!the&!there&!servic&!good: positive
!the&!there&!servic&good: positive
!the&!there&servic&!ambianc: positive
!the&!there&servic&ambianc: neutral
!the&there&!peopl&!servic: conflict
!the&there&!peopl&servic: negative
!the&there&peopl: negative
the&!ok&!wa&!lobster: positive
the&!ok&!wa&lobster: conflict
the&!ok&wa&!place: negative
the&!ok&wa&place: conflict
the&ok&!wa: neutral
the&ok&wa&!i: neutral
the&ok&wa&i: neutral
DecisionTree learned:
!the&!glass&!there&!servic: positive
!the&!glass&!there&servic: positive
!the&!glass&there&!experi: negative
!the&!glass&there&experi: conflict
!the&glass&!dark&!expens: neutral
!the&glass&!dark&expens: negative
!the&glass&dark: negative
the&!casual&!littl&!wa: positive
the&!casual&!littl&wa: negative
the&!casual&littl&!tabl: conflict
the&!casual&littl&tabl: conflict
the&casual&!romant: conflict
the&casual&romant: positive
DecisionTree learned:
!the&!worth&!turn&!delici: positive
!the&!worth&!turn&delici: positive
!the&!worth&turn&!food: negative
!the&!worth&turn&food: conflict
!the&worth&!hous&!high: negative
!the&worth&!hous&high: conflict
!the&worth&hous: neutral
the&!air&!casual&!thai: positive
the&!air&!casual&thai: conflict
the&!air&casual&!romant: conflict
the&!air&casual&romant: positive
the&air: conflict
DecisionTree learned:
!the&!wait&!turn&!wife: positive
!the&!wait&!turn&wife: conflict
!the&!wait&turn&!servic: negative
!the&!wait&turn&servic: conflict
!the&wait&!worth&!expect: negative
!the&wait&!worth&expect: conflict
!the&wait&worth&!great: conflict
!the&wait&worth&great: negative
the&!excel&!expens&!food: positive
the&!excel&!expens&food: positive
the&!excel&expens&!price: conflict
the&!excel&expens&price: negative
the&excel: positive
DecisionTree learned:
!the&!enjoy&!order&!qualiti: positive
!the&!enjoy&!order&qualiti: negative
!the&!enjoy&order&!wine: negative
!the&!enjoy&order&wine: neutral
!the&enjoy&!wife&!room: positive
!the&enjoy&!wife&room: neutral
!the&enjoy&wife: conflict
the&!rest&!wa&!sometim: positive
the&!rest&!wa&sometim: conflict
the&!rest&wa&!good: negative
the&!rest&wa&good: conflict
the&rest: conflict
DecisionTree learned:
!the&!there&!small&!qualiti: positive
!the&!there&!small&qualiti: negative
!the&!there&small&!sake: negative
!the&!there&small&sake: positive
!the&there&!seat&!expect: conflict
!the&there&!seat&expect: conflict
!the&there&seat: negative
the&!ok&!rest&!sometim: positive
the&!ok&!rest&sometim: conflict
the&!ok&rest: conflict
the&ok&!food: neutral
the&ok&food&!i: neutral
the&ok&food&i: neutral
DecisionTree learned:
!the&!turn&!worth&!glass: positive
!the&!turn&!worth&glass: neutral
!the&!turn&worth&!gigonda: conflict
!the&!turn&worth&gigonda: positive
!the&turn&!food&!servic: negative
!the&turn&!food&servic: conflict
!the&turn&food: conflict
the&!rest&!casual&!littl: positive
the&!rest&!casual&littl: conflict
the&!rest&casual&!romant: conflict
the&!rest&casual&romant: positive
the&rest: conflict
DecisionTree learned:
!the&!dinner&!nice&!order: positive
!the&!dinner&!nice&order: negative
!the&!dinner&nice&!present: positive
!the&!dinner&nice&present: neutral
!the&dinner&!n&!ani: neutral
!the&dinner&!n&ani: negative
!the&dinner&n&!ca: negative
!the&dinner&n&ca: positive
the&!sometim&!so&!food: negative
the&!sometim&!so&food: positive
the&!sometim&so: neutral
the&sometim: conflict
DecisionTree learned:
!the&!servic&!worth&!fresh: positive
!the&!servic&!worth&fresh: positive
!the&!servic&worth&!hous: conflict
!the&!servic&worth&hous: neutral
!the&servic&!decent&!ve: positive
!the&servic&!decent&ve: conflict
!the&servic&decent: conflict
the&!small&!aw&!staff: positive
the&!small&!aw&staff: positive
the&!small&aw: negative
the&small: negative
DecisionTree learned:
!the&!fine&!turn&!worth: positive
!the&!fine&!turn&worth: conflict
!the&!fine&turn&!food: negative
!the&!fine&turn&food: conflict
!the&fine&!bagel&!wa: positive
!the&fine&!bagel&wa: conflict
!the&fine&bagel: conflict
the&!rest&!expens&!lobster: positive
the&!rest&!expens&lobster: conflict
the&!rest&expens&!price: conflict
the&!rest&expens&price: negative
the&rest: conflict
DecisionTree learned:
!the&!dinner&!drink&!perhap: positive
!the&!dinner&!drink&perhap: conflict
!the&!dinner&drink&!price: neutral
!the&!dinner&drink&price: negative
!the&dinner&!drink&!ani: neutral
!the&dinner&!drink&ani: negative
!the&dinner&drink&!wine: positive
!the&dinner&drink&wine: negative
the&!ok&!expens&!walk: positive
the&!ok&!expens&walk: neutral
the&!ok&expens&!price: conflict
the&!ok&expens&price: negative
the&ok&!wa: neutral
the&ok&wa&!food: neutral
the&ok&wa&food: neutral
DecisionTree learned:
!littl&!fine&!wa&!pricey: positive
!littl&!fine&!wa&pricey: conflict
!littl&!fine&wa&!good: negative
!littl&!fine&wa&good: positive
!littl&fine&!bagel&!wa: positive
!littl&fine&!bagel&wa: conflict
!littl&fine&bagel: conflict
littl&!expect&!doe&!server: negative
littl&!expect&!doe&server: conflict
littl&!expect&doe: conflict
littl&expect: conflict
DecisionTree learned:
!littl&!wa&!quibbl&!worth: positive
!littl&!wa&!quibbl&worth: conflict
!littl&!wa&quibbl: conflict
!littl&wa&!good&!attent: negative
!littl&wa&!good&attent: positive
!littl&wa&good&!food: positive
!littl&wa&good&food: conflict
littl&!bagel&!deliveri&!expect: conflict
littl&!bagel&!deliveri&expect: conflict
littl&!bagel&deliveri: negative
littl&bagel: neutral
DecisionTree learned:
!the&!dinner&!bar&!glass: positive
!the&!dinner&!bar&glass: neutral
!the&!dinner&bar&!pub: neutral
!the&!dinner&bar&pub: negative
!the&dinner&!ani&!drink: neutral
!the&dinner&!ani&drink: positive
!the&dinner&ani: negative
the&!rest&!sometim&!wa: positive
the&!rest&!sometim&wa: negative
the&!rest&sometim&!servic: positive
the&!rest&sometim&servic: conflict
the&rest: conflict
DecisionTree learned:
!the&!turn&!worth&!s: positive
!the&!turn&!worth&s: positive
!the&!turn&worth&!gigonda: conflict
!the&!turn&worth&gigonda: positive
!the&turn&!roll&!hard: conflict
!the&turn&!roll&hard: negative
!the&turn&roll: negative
the&!wa&!casual&!sometim: positive
the&!wa&!casual&sometim: conflict
the&!wa&casual: conflict
the&wa&!veri&!so: negative
the&wa&!veri&so: neutral
the&wa&veri&!bit: conflict
the&wa&veri&bit: negative
DecisionTree learned:
!fine&!littl&!excel&!wa: positive
!fine&!littl&!excel&wa: negative
!fine&!littl&excel&!order: positive
!fine&!littl&excel&order: negative
!fine&littl&!deliveri&!bagel: conflict
!fine&littl&!deliveri&bagel: neutral
!fine&littl&deliveri: negative
fine&!expect&!bagel&!wa: positive
fine&!expect&!bagel&wa: conflict
fine&!expect&bagel: conflict
fine&expect: neutral
DecisionTree learned:
!worth&!the&!though&!larg: positive
!worth&!the&!though&larg: conflict
!worth&!the&though: conflict
!worth&the&!air&!adequ: positive
!worth&the&!air&adequ: conflict
!worth&the&air: conflict
worth&!gigonda&!we&!well: conflict
worth&!gigonda&!we&well: positive
worth&!gigonda&we: positive
worth&gigonda&!great: neutral
worth&gigonda&great: positive
DecisionTree learned:
!littl&!bar&!lad&!wa: positive
!littl&!bar&!lad&wa: negative
!littl&!bar&lad: conflict
!littl&bar&!pub&!thi: neutral
!littl&bar&!pub&thi: negative
!littl&bar&pub: negative
littl&!doe&!bagel&!server: negative
littl&!doe&!bagel&server: conflict
littl&!doe&bagel: neutral
littl&doe: conflict
DecisionTree learned:
!excel&!the&!worth&!enjoy: positive
!excel&!the&!worth&enjoy: positive
!excel&!the&worth&!hous: conflict
!excel&!the&worth&hous: neutral
!excel&the&!staff&!air: negative
!excel&the&!staff&air: conflict
!excel&the&staff&!i: positive
!excel&the&staff&i: negative
excel&!altern&!mizu&!salti: positive
excel&!altern&!mizu&salti: negative
excel&!altern&mizu: negative
excel&altern: negative
DecisionTree learned:
!wa&!worth&!doe&!pricey: positive
!wa&!worth&!doe&pricey: conflict
!wa&!worth&doe&!offer: conflict
!wa&!worth&doe&offer: negative
!wa&worth&!gigonda&!visit: conflict
!wa&worth&!gigonda&visit: negative
!wa&worth&gigonda&!great: neutral
!wa&worth&gigonda&great: positive
wa&!the&!decent&!present: negative
wa&!the&!decent&present: conflict
wa&!the&decent&!servic: neutral
wa&!the&decent&servic: conflict
wa&the&!minut&!enjoy: negative
wa&the&!minut&enjoy: neutral
wa&the&minut: neutral
DecisionTree learned:
!fine&!the&!worth&!turn: positive
!fine&!the&!worth&turn: conflict
!fine&!the&worth&!hous: conflict
!fine&!the&worth&hous: neutral
!fine&the&!wa&!air: positive
!fine&the&!wa&air: conflict
!fine&the&wa&!good: negative
!fine&the&wa&good: conflict
fine&!servic&!restaur&!expect: conflict
fine&!servic&!restaur&expect: neutral
fine&!servic&restaur: positive
fine&servic: positive
DecisionTree learned:
!worth&!the&!cost&!big: positive
!worth&!the&!cost&big: conflict
!worth&!the&cost&!place: conflict
!worth&!the&cost&place: positive
!worth&the&!sometim&!wa: positive
!worth&the&!sometim&wa: negative
!worth&the&sometim: conflict
worth&!gigonda&!make&!we: conflict
worth&!gigonda&!make&we: positive
worth&!gigonda&make: positive
worth&gigonda&!great: neutral
worth&gigonda&great: positive
DecisionTree learned:
!littl&!fine&!lad&!drink: positive
!littl&!fine&!lad&drink: neutral
!littl&!fine&lad: conflict
!littl&fine&!casual&!wa: positive
!littl&fine&!casual&wa: conflict
!littl&fine&casual: conflict
littl&!bagel&!doe&!thi: negative
littl&!bagel&!doe&thi: conflict
littl&!bagel&doe: conflict
littl&bagel: neutral
DecisionTree learned:
!littl&!lad&!wa&!small: positive
!littl&!lad&!wa&small: negative
!littl&!lad&wa&!good: negative
!littl&!lad&wa&good: positive
!littl&lad: conflict
littl&!bagel&!deliveri&!food: conflict
littl&!bagel&!deliveri&food: negative
littl&!bagel&deliveri: negative
littl&bagel: neutral
DecisionTree learned:
!fine&!the&!def&!wife: positive
!fine&!the&!def&wife: conflict
!fine&!the&def: conflict
!fine&the&!wa&!rest: positive
!fine&the&!wa&rest: conflict
!fine&the&wa&!so: negative
!fine&the&wa&so: neutral
fine&!expect&!bagel&!wa: positive
fine&!expect&!bagel&wa: conflict
fine&!expect&bagel: conflict
fine&expect: neutral
DecisionTree learned:
!the&!servic&!cost&!small: positive
!the&!servic&!cost&small: negative
!the&!servic&cost&!place: conflict
!the&!servic&cost&place: neutral
!the&servic&!ambianc&!larg: negative
!the&servic&!ambianc&larg: conflict
!the&servic&ambianc&!star: neutral
!the&servic&ambianc&star: positive
the&!lobster&!wa&!casual: positive
the&!lobster&!wa&casual: conflict
the&!lobster&wa&!good: negative
the&!lobster&wa&good: conflict
the&lobster: conflict
DecisionTree learned:
!littl&!wa&!def&!pricey: positive
!littl&!wa&!def&pricey: conflict
!littl&!wa&def: conflict
!littl&wa&!good&!fine: negative
!littl&wa&!good&fine: conflict
!littl&wa&good&!food: positive
!littl&wa&good&food: conflict
littl&!doe&!expect&!server: negative
littl&!doe&!expect&server: conflict
littl&!doe&expect: conflict
littl&doe: conflict
DecisionTree learned:
!the&!there&!wife&!friendli: positive
!the&!there&!wife&friendli: positive
!the&!there&wife&!year: positive
!the&!there&wife&year: conflict
!the&there&!experi&!expect: negative
!the&there&!experi&expect: conflict
!the&there&experi: conflict
the&!thai&!expens&!adequ: positive
the&!thai&!expens&adequ: conflict
the&!thai&expens&!bore: conflict
the&!thai&expens&bore: negative
the&thai&!yummi&!excel: conflict
the&thai&!yummi&excel: positive
the&thai&yummi: positive
DecisionTree learned:
!fine&!worth&!the&!servic: positive
!fine&!worth&!the&servic: positive
!fine&!worth&the&!food: negative
!fine&!worth&the&food: positive
!fine&worth&!hous&!we: conflict
!fine&worth&!hous&we: positive
!fine&worth&hous: neutral
fine&!servic&!expect&!bagel: conflict
fine&!servic&!expect&bagel: conflict
fine&!servic&expect: neutral
fine&servic: positive
DecisionTree learned:
!littl&!wa&!lad&!worth: positive
!littl&!wa&!lad&worth: conflict
!littl&!wa&lad: conflict
!littl&wa&!good&!attent: negative
!littl&wa&!good&attent: positive
!littl&wa&good&!food: positive
!littl&wa&good&food: conflict
littl&!doe&!bagel&!expect: negative
littl&!doe&!bagel&expect: conflict
littl&!doe&bagel: neutral
littl&doe: conflict
DecisionTree learned:
!the&!wife&!worth&!though: positive
!the&!wife&!worth&though: conflict
!the&!wife&worth&!wait: conflict
!the&!wife&worth&wait: conflict
!the&wife&!year&!staff: positive
!the&wife&!year&staff: conflict
!the&wife&year: conflict
the&!staff&!great&!unimpos: positive
the&!staff&!great&unimpos: conflict
the&!staff&great&!servic: positive
the&!staff&great&servic: neutral
the&staff&!i&!n: positive
the&staff&!i&n: negative
the&staff&i&!kind: negative
the&staff&i&kind: positive
DecisionTree learned:
!worth&!small&!n&!atmospher: positive
!worth&!small&!n&atmospher: positive
!worth&!small&n&!ha: negative
!worth&!small&n&ha: conflict
!worth&small&!expect&!live: negative
!worth&small&!expect&live: neutral
!worth&small&expect: conflict
worth&!we&!gigonda&!definit: conflict
worth&!we&!gigonda&definit: negative
worth&!we&gigonda&!great: neutral
worth&!we&gigonda&great: positive
worth&we: positive
DecisionTree learned:
!the&!larg&!cost&!nice: positive
!the&!larg&!cost&nice: positive
!the&!larg&cost&!owner: conflict
!the&!larg&cost&owner: negative
!the&larg&!veri&!place: positive
!the&larg&!veri&place: conflict
!the&larg&veri&!servic: negative
!the&larg&veri&servic: conflict
the&!thai&!expens&!lobster: positive
the&!thai&!expens&lobster: conflict
the&!thai&expens&!price: conflict
the&!thai&expens&price: negative
the&thai&!yummi&!good: conflict
the&thai&!yummi&good: conflict
the&thai&yummi: positive
DecisionTree learned:
!worth&!fine&!the&!servic: positive
!worth&!fine&!the&servic: positive
!worth&!fine&the&!ok: positive
!worth&!fine&the&ok: neutral
!worth&fine&!expect&!bagel: conflict
!worth&fine&!expect&bagel: conflict
!worth&fine&expect: neutral
worth&!hous&!we&!great: conflict
worth&!hous&!we&great: positive
worth&!hous&we: positive
worth&hous: neutral
DecisionTree learned:
!fine&!littl&!wa&!tabl: positive
!fine&!littl&!wa&tabl: negative
!fine&!littl&wa&!curious: negative
!fine&!littl&wa&curious: conflict
!fine&littl&!doe&!server: negative
!fine&littl&!doe&server: conflict
!fine&littl&doe: conflict
fine&!bagel&!wa&!casual: positive
fine&!bagel&!wa&casual: conflict
fine&!bagel&wa&!good: conflict
fine&!bagel&wa&good: positive
fine&bagel: conflict
DecisionTree learned:
!worth&!the&!there&!servic: positive
!worth&!the&!there&servic: positive
!worth&!the&there&!experi: negative
!worth&!the&there&experi: conflict
!worth&the&!wa&!sometim: positive
!worth&the&!wa&sometim: conflict
!worth&the&wa&!minut: positive
!worth&the&wa&minut: neutral
worth&!hous&!actual&!definit: conflict
worth&!hous&!actual&definit: negative
worth&!hous&actual: negative
worth&hous: neutral
DecisionTree learned:
!littl&!appet&!lad&!horribl: positive
!littl&!appet&!lad&horribl: negative
!littl&!appet&lad: conflict
!littl&appet&!small&!becaus: neutral
!littl&appet&!small&becaus: negative
!littl&appet&small: negative
littl&!we&!bagel&!deliveri: conflict
littl&!we&!bagel&deliveri: negative
littl&!we&bagel: neutral
littl&we: neutral
DecisionTree learned:
!littl&!fine&!excel&!lad: positive
!littl&!fine&!excel&lad: conflict
!littl&!fine&excel&!altern: positive
!littl&!fine&excel&altern: negative
!littl&fine&!bagel&!wa: positive
!littl&fine&!bagel&wa: conflict
!littl&fine&bagel: conflict
littl&!bagel&!doe&!tabl: negative
littl&!bagel&!doe&tabl: conflict
littl&!bagel&doe: conflict
littl&bagel: neutral
DecisionTree learned:
!littl&!the&!there&!tasti: positive
!littl&!the&!there&tasti: conflict
!littl&!the&there&!experi: negative
!littl&!the&there&experi: conflict
!littl&the&!walk&!food: negative
!littl&the&!walk&food: positive
!littl&the&walk: neutral
littl&!doe&!thi&!server: negative
littl&!doe&!thi&server: conflict
littl&!doe&thi: conflict
littl&doe: conflict
DecisionTree learned:
!littl&!fine&!excel&!good: positive
!littl&!fine&!excel&good: positive
!littl&!fine&excel&!altern: positive
!littl&!fine&excel&altern: negative
!littl&fine&!servic&!restaur: conflict
!littl&fine&!servic&restaur: positive
!littl&fine&servic: positive
littl&!bagel&!doe&!thi: negative
littl&!bagel&!doe&thi: conflict
littl&!bagel&doe: conflict
littl&bagel: neutral
DecisionTree learned:
!worth&!fine&!the&!s: positive
!worth&!fine&!the&s: positive
!worth&!fine&the&!ok: positive
!worth&!fine&the&ok: neutral
!worth&fine&!servic&!expect: conflict
!worth&fine&!servic&expect: neutral
!worth&fine&servic: positive
worth&!gigonda&!we&!well: conflict
worth&!gigonda&!we&well: positive
worth&!gigonda&we: positive
worth&gigonda&!great: neutral
worth&gigonda&great: positive
DecisionTree learned:
!worth&!turn&!the&!s: positive
!worth&!turn&!the&s: positive
!worth&!turn&the&!air: positive
!worth&!turn&the&air: conflict
!worth&turn&!roll&!hard: conflict
!worth&turn&!roll&hard: negative
!worth&turn&roll: negative
worth&!gigonda&!visit&!overal: conflict
worth&!gigonda&!visit&overal: negative
worth&!gigonda&visit: negative
worth&gigonda&!great: neutral
worth&gigonda&great: positive
DecisionTree learned:
!wa&!littl&!s&!roll: positive
!wa&!littl&!s&roll: positive
!wa&!littl&s&!ambienc: positive
!wa&!littl&s&ambienc: conflict
!wa&littl&!doe&!thi: negative
!wa&littl&!doe&thi: conflict
!wa&littl&doe: conflict
wa&!present&!the&!decent: negative
wa&!present&!the&decent: conflict
wa&!present&the&!good: negative
wa&!present&the&good: positive
wa&present: conflict
DecisionTree learned:
!the&!roll&!cost&!s: positive
!the&!roll&!cost&s: positive
!the&!roll&cost&!place: conflict
!the&!roll&cost&place: positive
!the&roll&!big&!though: positive
!the&roll&!big&though: conflict
!the&roll&big: conflict
the&!hard&!sometim&!expens: positive
the&!hard&!sometim&expens: conflict
the&!hard&sometim&!servic: positive
the&!hard&sometim&servic: conflict
the&hard: conflict
DecisionTree learned:
!worth&!good&!the&!s: negative
!worth&!good&!the&s: positive
!worth&!good&the&!staff: negative
!worth&!good&the&staff: positive
!worth&good&!food&!variou: positive
!worth&good&!food&variou: conflict
!worth&good&food&!wa: positive
!worth&good&food&wa: conflict
worth&!gigonda&!not&!thi: conflict
worth&!gigonda&!not&thi: conflict
worth&!gigonda&not: negative
worth&gigonda&!great: neutral
worth&gigonda&great: positive
DecisionTree learned:
!wa&!turn&!littl&!s: positive
!wa&!turn&!littl&s: positive
!wa&!turn&littl&!bagel: conflict
!wa&!turn&littl&bagel: neutral
!wa&turn&!food&!servic: negative
!wa&turn&!food&servic: conflict
!wa&turn&food: conflict
wa&!present&!the&!curious: negative
wa&!present&!the&curious: conflict
wa&!present&the&!place: negative
wa&!present&the&place: conflict
wa&present: conflict
DecisionTree learned:
!littl&!friendli&!worth&!big: positive
!littl&!friendli&!worth&big: conflict
!littl&!friendli&worth&!hous: conflict
!littl&!friendli&worth&hous: neutral
!littl&friendli&!i&!realli: positive
!littl&friendli&!i&realli: conflict
!littl&friendli&i: conflict
littl&!doe&!thi&!server: negative
littl&!doe&!thi&server: conflict
littl&!doe&thi: conflict
littl&doe: conflict
DecisionTree learned:
!fine&!worth&!the&!textur: positive
!fine&!worth&!the&textur: conflict
!fine&!worth&the&!littl: positive
!fine&!worth&the&littl: conflict
!fine&worth&!gigonda&!actual: conflict
!fine&worth&!gigonda&actual: negative
!fine&worth&gigonda&!price: positive
!fine&worth&gigonda&price: neutral
fine&!servic&!restaur&!expect: conflict
fine&!servic&!restaur&expect: neutral
fine&!servic&restaur: positive
fine&servic: positive
DecisionTree learned:
!fine&!wa&!turn&!pricey: positive
!fine&!wa&!turn&pricey: conflict
!fine&!wa&turn&!servic: negative
!fine&!wa&turn&servic: conflict
!fine&wa&!the&!present: negative
!fine&wa&!the&present: conflict
!fine&wa&the&!so: negative
!fine&wa&the&so: neutral
fine&!servic&!chef&!expect: conflict
fine&!servic&!chef&expect: neutral
fine&!servic&chef: positive
fine&servic: positive
DecisionTree learned:
!bar&!there&!small&!though: positive
!bar&!there&!small&though: conflict
!bar&!there&small&!live: negative
!bar&!there&small&live: neutral
!bar&there&!expect&!experi: negative
!bar&there&!expect&experi: conflict
!bar&there&expect: conflict
bar&!crowd&!pub&!n: neutral
bar&!crowd&!pub&n: negative
bar&!crowd&pub: negative
bar&crowd: negative
DecisionTree learned:
!worth&!the&!turn&!uneven: positive
!worth&!the&!turn&uneven: conflict
!worth&!the&turn&!roll: conflict
!worth&!the&turn&roll: negative
!worth&the&!sometim&!air: positive
!worth&the&!sometim&air: conflict
!worth&the&sometim: conflict
worth&!gigonda&!we&!overal: conflict
worth&!gigonda&!we&overal: negative
worth&!gigonda&we: positive
worth&gigonda&!great: neutral
worth&gigonda&great: positive
DecisionTree learned:
!littl&!good&!fine&!def: positive
!littl&!good&!fine&def: conflict
!littl&!good&fine&!expect: conflict
!littl&!good&fine&expect: neutral
!littl&good&!food&!variou: positive
!littl&good&!food&variou: conflict
!littl&good&food&!wa: positive
!littl&good&food&wa: conflict
littl&!deliveri&!time&!server: conflict
littl&!deliveri&!time&server: conflict
littl&!deliveri&time: conflict
littl&deliveri: negative
DecisionTree learned:
!doe&!worth&!fresh&!big: positive
!doe&!worth&!fresh&big: conflict
!doe&!worth&fresh&!price: positive
!doe&!worth&fresh&price: negative
!doe&worth&!hous&!we: conflict
!doe&worth&!hous&we: positive
!doe&worth&hous: neutral
doe&!offer&!manag&!dim: conflict
doe&!offer&!manag&dim: negative
doe&!offer&manag: negative
doe&offer&!special: negative
doe&offer&special: neutral
DecisionTree learned:
!littl&!quibbl&!uneven&!fine: positive
!littl&!quibbl&!uneven&fine: conflict
!littl&!quibbl&uneven: conflict
!littl&quibbl: conflict
littl&!time&!expect&!server: negative
littl&!time&!expect&server: conflict
littl&!time&expect: conflict
littl&time&!good: conflict
littl&time&good: negative
DecisionTree learned:
!the&!wife&!perhap&!cost: positive
!the&!wife&!perhap&cost: conflict
!the&!wife&perhap: conflict
!the&wife&!year&!staff: positive
!the&wife&!year&staff: conflict
!the&wife&year: conflict
the&!staff&!walk&!ok: positive
the&!staff&!walk&ok: neutral
the&!staff&walk: neutral
the&staff&!i&!n: positive
the&staff&!i&n: negative
the&staff&i&!kind: negative
the&staff&i&kind: positive
DecisionTree learned:
!there&!the&!order&!servic: positive
!there&!the&!order&servic: positive
!there&!the&order&!wine: negative
!there&!the&order&wine: neutral
!there&the&!rest&!wa: positive
!there&the&!rest&wa: negative
!there&the&rest: conflict
there&!experi&!wait: negative
there&!experi&wait&!peopl: conflict
there&!experi&wait&peopl: negative
there&experi: conflict
DecisionTree learned:
!the&!perhap&!servic&!there: positive
!the&!perhap&!servic&there: conflict
!the&!perhap&servic&!deal: positive
!the&!perhap&servic&deal: conflict
!the&perhap: conflict
the&!wa&!sometim&!casual: positive
the&!wa&!sometim&casual: conflict
the&!wa&sometim: conflict
the&wa&!good&!unimpos: negative
the&wa&!good&unimpos: conflict
the&wa&good&!food: positive
the&wa&good&food: conflict
DecisionTree learned:
!the&!turn&!cost&!enjoy: positive
!the&!turn&!cost&enjoy: positive
!the&!turn&cost&!place: conflict
!the&!turn&cost&place: neutral
!the&turn&!food&!servic: negative
!the&turn&!food&servic: conflict
!the&turn&food: conflict
the&!walk&!food&!door: negative
the&!walk&!food&door: conflict
the&!walk&food&!expens: positive
the&!walk&food&expens: conflict
the&walk: neutral
DecisionTree learned:
!littl&!wa&!larg&!cost: positive
!littl&!wa&!larg&cost: conflict
!littl&!wa&larg&!top: conflict
!littl&!wa&larg&top: neutral
!littl&wa&!good&!curious: negative
!littl&wa&!good&curious: conflict
!littl&wa&good&!food: positive
!littl&wa&good&food: conflict
littl&!deliveri&!bagel&!expect: conflict
littl&!deliveri&!bagel&expect: conflict
littl&!deliveri&bagel: neutral
littl&deliveri: negative
DecisionTree learned:
!pricey&!wa&!lad&!though: positive
!pricey&!wa&!lad&though: conflict
!pricey&!wa&lad: conflict
!pricey&wa&!good&!decent: negative
!pricey&wa&!good&decent: conflict
!pricey&wa&good&!food: positive
!pricey&wa&good&food: conflict
pricey&!serv&!the: negative
pricey&!serv&the&!tast: conflict
pricey&!serv&the&tast: positive
pricey&serv: conflict
DecisionTree learned:
!wa&!larg&!perhap&!big: positive
!wa&!larg&!perhap&big: conflict
!wa&!larg&perhap: conflict
!wa&larg&!top&!veri: positive
!wa&larg&!top&veri: conflict
!wa&larg&top: neutral
wa&!the&!present&!curious: negative
wa&!the&!present&curious: conflict
wa&!the&present: conflict
wa&the&!place&!edibl: negative
wa&the&!place&edibl: conflict
wa&the&place&!sunday: conflict
wa&the&place&sunday: negative
DecisionTree learned:
!the&!s&!roll&!worth: positive
!the&!s&!roll&worth: conflict
!the&!s&roll&!though: positive
!the&!s&roll&though: conflict
!the&s&!ve&!n: positive
!the&s&!ve&n: conflict
!the&s&ve&!we: conflict
!the&s&ve&we: positive
the&!wa&!casual&!sometim: positive
the&!wa&!casual&sometim: conflict
the&!wa&casual&!romant: conflict
the&!wa&casual&romant: positive
the&wa&!place&!good: negative
the&wa&!place&good: conflict
the&wa&place&!sunday: conflict
the&wa&place&sunday: negative
DecisionTree learned:
!the&!s&!roll&!turn: positive
!the&!s&!roll&turn: conflict
!the&!s&roll&!big: positive
!the&!s&roll&big: conflict
!the&s&!cute&!outstand: positive
!the&s&!cute&outstand: conflict
!the&s&cute: conflict
the&!staff&!ok&!walk: positive
the&!staff&!ok&walk: neutral
the&!staff&ok&!food: neutral
the&!staff&ok&food: neutral
the&staff&!i&!n: positive
the&staff&!i&n: negative
the&staff&i&!kind: negative
the&staff&i&kind: positive
DecisionTree learned:
!worth&!the&!big&!larg: positive
!worth&!the&!big&larg: conflict
!worth&!the&big&!bun: conflict
!worth&!the&big&bun: neutral
!worth&the&!air&!wa: positive
!worth&the&!air&wa: negative
!worth&the&air: conflict
worth&!high&!wait&!thi: positive
worth&!high&!wait&thi: conflict
worth&!high&wait&!great: conflict
worth&!high&wait&great: negative
worth&high: conflict
Trial 0 Training cc.mallet.classify.AdaBoostM2Trainer@5464ea66 finished
Trial 0 Trainer cc.mallet.classify.AdaBoostM2Trainer@5464ea66 test data accuracy = 0.5780189959294437

NaiveBayesTrainer
Summary. test accuracy mean = 0.5970149253731343 stddev = 0.0 stderr = 0.0

MaxEntTrainer,gaussianPriorVariance=1.0
Summary. test accuracy mean = 0.6472184531886025 stddev = 0.0 stderr = 0.0

cc.mallet.classify.DecisionTreeTrainer@3e110003
Summary. test accuracy mean = 0.5793758480325645 stddev = 0.0 stderr = 0.0

cc.mallet.classify.AdaBoostM2Trainer@5464ea66
Summary. test accuracy mean = 0.5780189959294437 stddev = 0.0 stderr = 0.0
