
-------------------- Trial 0  --------------------

Trial 0 Training NaiveBayesTrainer with 2956 instances
Trial 0 Training NaiveBayesTrainer finished
Trial 0 Trainer NaiveBayesTrainer test data accuracy = 0.6132971506105834
Trial 0 Training MaxEntTrainer,gaussianPriorVariance=1.0 with 2956 instances
Trial 0 Training MaxEntTrainer,gaussianPriorVariance=1.0 finished
Trial 0 Trainer MaxEntTrainer,gaussianPriorVariance=1.0 test data accuracy = 0.6594301221166893
Trial 0 Training cc.mallet.classify.DecisionTreeTrainer@69945ce with 2956 instances
DecisionTree learned:
!great&!but&!good&!delici: positive
!great&!but&!good&delici: positive
!great&!but&good&!not: positive
!great&!but&good&not: negative
!great&but&!worth&!not: positive
!great&but&!worth&not: conflict
!great&but&worth: conflict
great&!not&!three&!want: positive
great&!not&!three&want: negative
great&!not&three&!are: neutral
great&!not&three&are: negative
great&not&!a&!the: positive
great&not&!a&the: negative
great&not&a: positive
Trial 0 Training cc.mallet.classify.DecisionTreeTrainer@69945ce finished
Trial 0 Trainer cc.mallet.classify.DecisionTreeTrainer@69945ce test data accuracy = 0.5739484396200815
Trial 0 Training cc.mallet.classify.AdaBoostM2Trainer@49ff0dde with 2956 instances
DecisionTree learned:
!great&!but&!the&!delici: positive
!great&!but&!the&delici: positive
!great&!but&the&!bar: positive
!great&!but&the&bar: neutral
!great&but&!worth&!not: positive
!great&but&!worth&not: conflict
!great&but&worth: conflict
great&!not&!to&!tini: positive
great&!not&!to&tini: negative
great&!not&to&!they: positive
great&!not&to&they: conflict
great&not&!a&!the: neutral
great&not&!a&the: negative
great&not&a: positive
DecisionTree learned:
!not&!great&!good&!dinner: positive
!not&!great&!good&dinner: neutral
!not&!great&good&!get: positive
!not&!great&good&get: negative
!not&great&!could&!or: positive
!not&great&!could&or: neutral
!not&great&could&!and: positive
!not&great&could&and: negative
not&!but&!wa&!place: negative
not&!but&!wa&place: negative
not&!but&wa&!when: negative
not&!but&wa&when: neutral
not&but&!for&!great: conflict
not&but&!for&great: positive
not&but&for&!are: positive
not&but&for&are: conflict
DecisionTree learned:
!but&!great&!friendli&!delici: positive
!but&!great&!friendli&delici: positive
!but&!great&friendli&!realli: positive
!but&!great&friendli&realli: conflict
!but&great&!not&!want: positive
!but&great&!not&want: negative
!but&great&not&!with: conflict
!but&great&not&with: positive
but&!worth&!n&!not: positive
but&!worth&!n&not: conflict
but&!worth&n&!to: negative
but&!worth&n&to: conflict
but&worth: conflict
DecisionTree learned:
!but&!good&!excel&!the: positive
!but&!good&!excel&the: positive
!but&!good&excel&!salti: positive
!but&!good&excel&salti: negative
!but&good&!not&!get: positive
!but&good&!not&get: negative
!but&good&not&!food: negative
!but&good&not&food: positive
but&!onli&!worth&!service: positive
but&!onli&!worth&service: negative
but&!onli&worth: conflict
but&onli&!food&!place: neutral
but&onli&!food&place: positive
but&onli&food: positive
DecisionTree learned:
!but&!dinner&!great&!good: positive
!but&!dinner&!great&good: positive
!but&!dinner&great&!three: positive
!but&!dinner&great&three: negative
!but&dinner&!would&!drink: neutral
!but&dinner&!would&drink: positive
!but&dinner&would: negative
but&!it&!n&!fine: positive
but&!it&!n&fine: conflict
but&!it&n&!all: negative
but&!it&n&all: neutral
but&it&!thai&!a: conflict
but&it&!thai&a: conflict
but&it&thai&!wa: neutral
but&it&thai&wa: negative
DecisionTree learned:
!but&!the&!great&!delici: positive
!but&!the&!great&delici: positive
!but&!the&great&!for: positive
!but&!the&great&for: neutral
!but&the&!best&!bar: positive
!but&the&!best&bar: neutral
!but&the&best&!ambienc: positive
!but&the&best&ambienc: conflict
but&!worth&!service&!long: positive
but&!worth&!service&long: neutral
but&!worth&service&!not: negative
but&!worth&service&not: conflict
but&worth: conflict
DecisionTree learned:
!not&!n&!dinner&!great: positive
!not&!n&!dinner&great: positive
!not&!n&dinner&!drink: neutral
!not&!n&dinner&drink: positive
!not&n&!place&!been: negative
!not&n&!place&been: conflict
!not&n&place&!the: negative
!not&n&place&the: conflict
not&!but&!wa&!price: negative
not&!but&!wa&price: negative
not&!but&wa&!when: negative
not&!but&wa&when: neutral
not&but&!a&!to: negative
not&but&!a&to: neutral
not&but&a&!the: positive
not&but&a&the: conflict
DecisionTree learned:
!but&!dinner&!friendli&!best: positive
!but&!dinner&!friendli&best: positive
!but&!dinner&friendli&!realli: positive
!but&!dinner&friendli&realli: conflict
!but&dinner&!drink&!would: neutral
!but&dinner&!drink&would: negative
!but&dinner&drink&!of: positive
!but&dinner&drink&of: negative
but&!we&!it&!n: negative
but&!we&!it&n: negative
but&!we&it&!the: conflict
but&!we&it&the: positive
but&we&!were&!staff: neutral
but&we&!were&staff: positive
but&we&were&!dessert: positive
but&we&were&dessert: neutral
DecisionTree learned:
!but&!littl&!good&!though: positive
!but&!littl&!good&though: negative
!but&!littl&good&!befor: positive
!but&!littl&good&befor: neutral
!but&littl&!bagel&!to: conflict
!but&littl&!bagel&to: positive
!but&littl&bagel: neutral
but&!not&!pretti&!casual: positive
but&!not&!pretti&casual: conflict
but&!not&pretti&!with: conflict
but&!not&pretti&with: positive
but&not&!for&!to: conflict
but&not&!for&to: neutral
but&not&for&!are: positive
but&not&for&are: conflict
DecisionTree learned:
!but&!delici&!littl&!good: positive
!but&!delici&!littl&good: positive
!but&!delici&littl&!to: negative
!but&!delici&littl&to: positive
!but&delici&!also&!all: positive
!but&delici&!also&all: neutral
!but&delici&also: neutral
but&!we&!service&!reserv: positive
but&!we&!service&reserv: neutral
but&!we&service&!not: negative
but&!we&service&not: conflict
but&we&!to&!onli: negative
but&we&!to&onli: neutral
but&we&to&!have: neutral
but&we&to&have: positive
DecisionTree learned:
!but&!wa&!best&!though: positive
!but&!wa&!best&though: negative
!but&!wa&best&!at: positive
!but&!wa&best&at: neutral
!but&wa&!good&!fine: negative
!but&wa&!good&fine: conflict
!but&wa&good&!not: positive
!but&wa&good&not: conflict
but&!it&!fine&!n: positive
but&!it&!fine&n: negative
but&!it&fine&!casual: conflict
but&!it&fine&casual: conflict
but&it&!the&!wa: conflict
but&it&!the&wa: negative
but&it&the&!crowd: positive
but&it&the&crowd: conflict
DecisionTree learned:
!but&!dinner&!great&!the: positive
!but&!dinner&!great&the: positive
!but&!dinner&great&!not: positive
!but&!dinner&great&not: conflict
!but&dinner&!ani&!drink: neutral
!but&dinner&!ani&drink: positive
!but&dinner&ani: negative
but&!dish&!wa&!expens: negative
but&!dish&!wa&expens: conflict
but&!dish&wa&!our: negative
but&!dish&wa&our: neutral
but&dish: positive
DecisionTree learned:
!wa&!lad&!though&!friendli: positive
!wa&!lad&!though&friendli: positive
!wa&!lad&though&!i: negative
!wa&!lad&though&i: neutral
!wa&lad: conflict
wa&!and&!our&!yet: negative
wa&!and&!our&yet: conflict
wa&!and&our&!bill: neutral
wa&!and&our&bill: negative
wa&and&!coke&!make: positive
wa&and&!coke&make: neutral
wa&and&coke: neutral
DecisionTree learned:
!but&!littl&!though&!not: positive
!but&!littl&!though&not: negative
!but&!littl&though&!i: negative
!but&!littl&though&i: neutral
!but&littl&!doe&!to: negative
!but&littl&!doe&to: positive
!but&littl&doe: conflict
but&!locat&!fine&!not: positive
but&!locat&!fine&not: conflict
but&!locat&fine&!bagels: neutral
but&!locat&fine&bagels: conflict
but&locat: neutral
DecisionTree learned:
!but&!the&!good&!for: positive
!but&!the&!good&for: neutral
!but&!the&good&!on: positive
!but&!the&good&on: conflict
!but&the&!littl&!wa: positive
!but&the&!littl&wa: negative
!but&the&littl&!is: conflict
!but&the&littl&is: negative
but&!worth&!we&!service: positive
but&!worth&!we&service: negative
but&!worth&we&!lucki: neutral
but&!worth&we&lucki: positive
but&worth: conflict
DecisionTree learned:
!but&!the&!appet&!qualiti: positive
!but&!the&!appet&qualiti: negative
!but&!the&appet&!some: neutral
!but&!the&appet&some: positive
!but&the&!littl&!best: positive
!but&the&!littl&best: positive
!but&the&littl&!time: negative
!but&the&littl&time: conflict
but&!we&!wife&!n: positive
but&!we&!wife&n: negative
but&!we&wife: conflict
but&we&!casserol&!had: neutral
but&we&!casserol&had: negative
but&we&casserol: negative
DecisionTree learned:
!but&!the&!great&!qualiti: positive
!but&!the&!great&qualiti: negative
!but&!the&great&!three: positive
!but&!the&great&three: negative
!but&the&!bar&!wa: positive
!but&the&!bar&wa: negative
!but&the&bar&!do: neutral
!but&the&bar&do: negative
but&!we&!to&!n: positive
but&!we&!to&n: negative
but&!we&to&!for: neutral
but&!we&to&for: conflict
but&we&!casserol&!had: neutral
but&we&!casserol&had: negative
but&we&casserol: negative
DecisionTree learned:
!but&!lad&!though&!the: positive
!but&!lad&!though&the: positive
!but&!lad&though&!i: negative
!but&!lad&though&i: neutral
!but&lad: conflict
but&!it&!place&!had: positive
but&!it&!place&had: negative
but&!it&place&!the: positive
but&!it&place&the: negative
but&it&!good&!of: conflict
but&it&!good&of: positive
but&it&good&!casual: positive
but&it&good&casual: conflict
DecisionTree learned:
!but&!the&!appet&!and: negative
!but&!the&!appet&and: positive
!but&!the&appet&!with: neutral
!but&!the&appet&with: positive
!but&the&!small&!bar: positive
!but&the&!small&bar: neutral
!but&the&small&!good: negative
!but&the&small&good: positive
but&!we&!there&!service: positive
but&!we&!there&service: negative
but&!we&there&!a: positive
but&!we&there&a: conflict
but&we&!lucki&!casserol: neutral
but&we&!lucki&casserol: negative
but&we&lucki: positive
DecisionTree learned:
!wa&!though&!lad&!nice: positive
!wa&!though&!lad&nice: positive
!wa&!though&lad: conflict
!wa&though&!i&!of: negative
!wa&though&!i&of: conflict
!wa&though&i&!for: neutral
!wa&though&i&for: positive
wa&!and&!ok&!yet: negative
wa&!and&!ok&yet: conflict
wa&!and&ok&!dinner: neutral
wa&!and&ok&dinner: negative
wa&and&!it&!coke: positive
wa&and&!it&coke: neutral
wa&and&it&!dish: negative
wa&and&it&dish: conflict
DecisionTree learned:
!but&!littl&!is&!lad: positive
!but&!littl&!is&lad: conflict
!but&!littl&is&!rest: positive
!but&!littl&is&rest: conflict
!but&littl&!bagel&!could: conflict
!but&littl&!bagel&could: conflict
!but&littl&bagel: neutral
but&!we&!there&!few: positive
but&!we&!there&few: neutral
but&!we&there&!a: positive
but&!we&there&a: conflict
but&we&!lucki&!were: neutral
but&we&!lucki&were: neutral
but&we&lucki: positive
DecisionTree learned:
!but&!littl&!the&!good: positive
!but&!littl&!the&good: positive
!but&!littl&the&!though: positive
!but&!littl&the&though: conflict
!but&littl&!bagel&!doe: negative
!but&littl&!bagel&doe: conflict
!but&littl&bagel: neutral
but&!worth&!casual&!not: negative
but&!worth&!casual&not: conflict
but&!worth&casual: conflict
but&worth: conflict
DecisionTree learned:
!wa&!though&!lad&!best: positive
!wa&!though&!lad&best: positive
!wa&!though&lad: conflict
!wa&though&!i&!even: conflict
!wa&though&!i&even: negative
!wa&though&i&!for: neutral
!wa&though&i&for: positive
wa&!and&!good&!yet: negative
wa&!and&!good&yet: conflict
wa&!and&good&!not: positive
wa&!and&good&not: conflict
wa&and&!while&!coke: positive
wa&and&!while&coke: neutral
wa&and&while&!i: neutral
wa&and&while&i: conflict
DecisionTree learned:
!but&!the&!and&!perhap: negative
!but&!the&!and&perhap: conflict
!but&!the&and&!qualiti: positive
!but&!the&and&qualiti: negative
!but&the&!littl&!though: positive
!but&the&!littl&though: conflict
!but&the&littl&!time: negative
!but&the&littl&time: conflict
but&!worth&!who&!service: positive
but&!worth&!who&service: negative
but&!worth&who&!for: neutral
but&!worth&who&for: conflict
but&worth: conflict
DecisionTree learned:
!but&!excel&!the&!for: positive
!but&!excel&!the&for: neutral
!but&!excel&the&!although: positive
!but&!excel&the&although: conflict
!but&excel&!go&!three: positive
!but&excel&!go&three: neutral
!but&excel&go: negative
but&!drink&!wa&!locat: positive
but&!drink&!wa&locat: neutral
but&!drink&wa&!onli: conflict
but&!drink&wa&onli: positive
but&drink&!with: neutral
but&drink&with: positive
DecisionTree learned:
!but&!the&!and&!veri: negative
!but&!the&!and&veri: positive
!but&!the&and&!qualiti: positive
!but&!the&and&qualiti: negative
!but&the&!wa&!though: positive
!but&the&!wa&though: conflict
!but&the&wa&!excel: negative
!but&the&wa&excel: positive
but&!it&!not&!fine: positive
but&!it&!not&fine: conflict
but&!it&not&!for: conflict
but&!it&not&for: negative
but&it&!few&!thai: conflict
but&it&!few&thai: neutral
but&it&few: neutral
DecisionTree learned:
!but&!littl&!friendli&!delici: positive
!but&!littl&!friendli&delici: positive
!but&!littl&friendli&!realli: positive
!but&!littl&friendli&realli: conflict
!but&littl&!bagel&!to: conflict
!but&littl&!bagel&to: positive
!but&littl&bagel: neutral
but&!we&!worth&!not: positive
but&!we&!worth&not: conflict
but&!we&worth: conflict
but&we&!lucki&!were: neutral
but&we&!lucki&were: neutral
but&we&lucki: positive
DecisionTree learned:
!but&!littl&!though&!well: positive
!but&!littl&!though&well: positive
!but&!littl&though&!room: negative
!but&!littl&though&room: neutral
!but&littl&!bagel&!to: conflict
!but&littl&!bagel&to: positive
!but&littl&bagel: neutral
but&!worth&!wa&!wife: positive
but&!worth&!wa&wife: conflict
but&!worth&wa&!onli: negative
but&!worth&wa&onli: positive
but&worth: conflict
DecisionTree learned:
!but&!delici&!the&!appet: positive
!but&!delici&!the&appet: neutral
!but&!delici&the&!although: positive
!but&!delici&the&although: conflict
!but&delici&!all&!also: positive
!but&delici&!all&also: neutral
!but&delici&all: neutral
but&!casual&!not&!locat: negative
but&!casual&!not&locat: neutral
but&!casual&not&!for: conflict
but&!casual&not&for: positive
but&casual: conflict
DecisionTree learned:
!but&!the&!appet&!great: positive
!but&!the&!appet&great: positive
!but&!the&appet&!with: neutral
!but&!the&appet&with: positive
!but&the&!bar&!ok: positive
!but&the&!bar&ok: neutral
!but&the&bar&!crowd: neutral
!but&the&bar&crowd: negative
but&!we&!menu&!look: positive
but&!we&!menu&look: conflict
but&!we&menu&!is: neutral
but&!we&menu&is: positive
but&we&!had&!were: neutral
but&we&!had&were: positive
but&we&had&!with: negative
but&we&had&with: positive
DecisionTree learned:
!but&!the&!great&!tho: positive
!but&!the&!great&tho: conflict
!but&!the&great&!a: positive
!but&!the&great&a: positive
!but&the&!littl&!ok: positive
!but&the&!littl&ok: neutral
!but&the&littl&!could: negative
!but&the&littl&could: conflict
but&!wa&!fine&!worth: positive
but&!wa&!fine&worth: conflict
but&!wa&fine&!bagels: neutral
but&!wa&fine&bagels: conflict
but&wa&!our&!best: conflict
but&wa&!our&best: neutral
but&wa&our: neutral
DecisionTree learned:
!dinner&!not&!good&!well: positive
!dinner&!not&!good&well: positive
!dinner&!not&good&!usual: positive
!dinner&!not&good&usual: conflict
!dinner&not&!sometim&!but: negative
!dinner&not&!sometim&but: neutral
!dinner&not&sometim: conflict
dinner&!drink&!did&!would: neutral
dinner&!drink&!did&would: negative
dinner&!drink&did: negative
dinner&drink&!of: positive
dinner&drink&of: negative
DecisionTree learned:
!but&!lad&!littl&!though: positive
!but&!lad&!littl&though: negative
!but&!lad&littl&!to: conflict
!but&!lad&littl&to: positive
!but&lad: conflict
but&!wa&!casual&!not: positive
but&!wa&!casual&not: conflict
but&!wa&casual: conflict
but&wa&!our&!to: conflict
but&wa&!our&to: negative
but&wa&our: neutral
DecisionTree learned:
!but&!the&!tho&!perhap: positive
!but&!the&!tho&perhap: conflict
!but&!the&tho: conflict
!but&the&!sometim&!best: positive
!but&the&!sometim&best: positive
!but&the&sometim&!and: positive
!but&the&sometim&and: conflict
but&!worth&!not&!casual: negative
but&!worth&!not&casual: conflict
but&!worth&not&!for: conflict
but&!worth&not&for: positive
but&worth: conflict
DecisionTree learned:
!wa&!though&!is&!littl: positive
!wa&!though&!is&littl: conflict
!wa&!though&is&!everyth: positive
!wa&!though&is&everyth: conflict
!wa&though&!i&!the: negative
!wa&though&!i&the: conflict
!wa&though&i&!for: neutral
!wa&though&i&for: positive
wa&!and&!yet&!portion: negative
wa&!and&!yet&portion: conflict
wa&!and&yet&!food: conflict
wa&!and&yet&food: positive
wa&and&!it&!our: positive
wa&and&!it&our: positive
wa&and&it&!dish: negative
wa&and&it&dish: conflict
DecisionTree learned:
!but&!the&!perhap&!good: positive
!but&!the&!perhap&good: positive
!but&!the&perhap: conflict
!but&the&!wa&!though: positive
!but&the&!wa&though: conflict
!but&the&wa&!fine: negative
!but&the&wa&fine: conflict
but&!locat&!onli&!long: negative
but&!locat&!onli&long: neutral
but&!locat&onli&!are: positive
but&!locat&onli&are: neutral
but&locat: neutral
DecisionTree learned:
!but&!lad&!littl&!excel: positive
!but&!lad&!littl&excel: positive
!but&!lad&littl&!bagel: conflict
!but&!lad&littl&bagel: neutral
!but&lad: conflict
but&!wa&!it&!not: positive
but&!wa&!it&not: conflict
but&!wa&it&!the: conflict
but&!wa&it&the: positive
but&wa&!best&!food: negative
but&wa&!best&food: positive
but&wa&best: neutral
DecisionTree learned:
!wa&!is&!cost&!lad: positive
!wa&!is&!cost&lad: conflict
!wa&!is&cost&!have: conflict
!wa&!is&cost&have: negative
!wa&is&!what&!walk: positive
!wa&is&!what&walk: conflict
!wa&is&what&!for: neutral
!wa&is&what&for: positive
wa&!and&!yet&!good: negative
wa&!and&!yet&good: positive
wa&!and&yet&!discreet: conflict
wa&!and&yet&discreet: positive
wa&and&!it&!udon: positive
wa&and&!it&udon: neutral
wa&and&it&!had: negative
wa&and&it&had: positive
DecisionTree learned:
!but&!the&!glass&!tho: positive
!but&!the&!glass&tho: conflict
!but&!the&glass&!not: neutral
!but&!the&glass&not: negative
!but&the&!although&!service: positive
!but&the&!although&service: negative
!but&the&although&!price: conflict
!but&the&although&price: negative
but&!we&!cooking&!who: positive
but&!we&!cooking&who: neutral
but&!we&cooking: neutral
but&we&!servic&!lucki: neutral
but&we&!servic&lucki: positive
but&we&servic: positive
DecisionTree learned:
!but&!though&!well&!lad: positive
!but&!though&!well&lad: conflict
!but&!though&well&!tasti: positive
!but&!though&well&tasti: conflict
!but&though&!it&!an: negative
!but&though&!it&an: conflict
!but&though&it&!what: conflict
!but&though&it&what: neutral
but&!waiters&!fine&!nice: negative
but&!waiters&!fine&nice: positive
but&!waiters&fine&!casual: neutral
but&!waiters&fine&casual: conflict
but&waiters: conflict
DecisionTree learned:
!but&!the&!great&!and: negative
!but&!the&!great&and: positive
!but&!the&great&!kid: positive
!but&!the&great&kid: conflict
!but&the&!although&!small: positive
!but&the&!although&small: negative
!but&the&although&!price: conflict
!but&the&although&price: negative
but&!waiters&!wa&!fine: positive
but&!waiters&!wa&fine: conflict
but&!waiters&wa&!dim: conflict
but&!waiters&wa&dim: neutral
but&waiters: conflict
DecisionTree learned:
!but&!littl&!though&!lad: positive
!but&!littl&!though&lad: conflict
!but&!littl&though&!i: negative
!but&!littl&though&i: neutral
!but&littl&!bagel&!could: conflict
!but&littl&!bagel&could: conflict
!but&littl&bagel: neutral
but&!long&!wa&!the: positive
but&!long&!wa&the: negative
but&!long&wa&!dim: conflict
but&!long&wa&dim: neutral
but&long: neutral
DecisionTree learned:
!but&!littl&!lad&!friendli: positive
!but&!littl&!lad&friendli: positive
!but&!littl&lad: conflict
!but&littl&!you&!bagel: conflict
!but&littl&!you&bagel: neutral
!but&littl&you: positive
but&!locat&!we&!reserv: positive
but&!locat&!we&reserv: neutral
but&!locat&we&!to: negative
but&!locat&we&to: positive
but&locat: neutral
DecisionTree learned:
!dinner&!but&!littl&!is: positive
!dinner&!but&!littl&is: positive
!dinner&!but&littl&!expect: negative
!dinner&!but&littl&expect: conflict
!dinner&but&!weekend&!who: positive
!dinner&but&!weekend&who: neutral
!dinner&but&weekend&!good: negative
!dinner&but&weekend&good: positive
dinner&!would&!drink&!did: neutral
dinner&!would&!drink&did: negative
dinner&!would&drink&!of: positive
dinner&!would&drink&of: negative
dinner&would: negative
DecisionTree learned:
!but&!the&!good&!tho: neutral
!but&!the&!good&tho: conflict
!but&!the&good&!usual: positive
!but&!the&good&usual: conflict
!but&the&!although&!sometim: positive
!but&the&!although&sometim: conflict
!but&the&although&!price: conflict
!but&the&although&price: positive
but&!we&!worth&!wa: negative
but&!we&!worth&wa: conflict
but&!we&worth: conflict
but&we&!were&!wa: neutral
but&we&!were&wa: negative
but&we&were&!and: positive
but&we&were&and: neutral
DecisionTree learned:
!but&!the&!atmospher&!good: neutral
!but&!the&!atmospher&good: positive
!but&!the&atmospher&!to: positive
!but&!the&atmospher&to: conflict
!but&the&!best&!rest: positive
!but&the&!best&rest: conflict
!but&the&best&!ambienc: positive
!but&the&best&ambienc: conflict
but&!who&!bartend&!locat: positive
but&!who&!bartend&locat: neutral
but&!who&bartend: neutral
but&who&!for: neutral
but&who&for&!of: conflict
but&who&for&of: negative
DecisionTree learned:
!but&!is&!littl&!nice: negative
!but&!is&!littl&nice: positive
!but&!is&littl&!bagel: conflict
!but&!is&littl&bagel: neutral
!but&is&!everyth&!perhap: positive
!but&is&!everyth&perhap: conflict
!but&is&everyth&!the: negative
!but&is&everyth&the: conflict
but&!few&!we&!n: positive
but&!few&!we&n: negative
but&!few&we&!casserol: neutral
but&!few&we&casserol: negative
but&few&!for: neutral
but&few&for: conflict
DecisionTree learned:
!but&!the&!good&!perhap: neutral
!but&!the&!good&perhap: conflict
!but&!the&good&!usual: positive
!but&!the&good&usual: conflict
!but&the&!although&!sometim: positive
!but&the&!although&sometim: conflict
!but&the&although&!price: conflict
!but&the&although&price: negative
but&!we&!who&!menu: negative
but&!we&!who&menu: neutral
but&!we&who&!for: neutral
but&!we&who&for: conflict
but&we&!and&!were: negative
but&we&!and&were: positive
but&we&and&!an: neutral
but&we&and&an: negative
DecisionTree learned:
!but&!the&!appet&!atmospher: positive
!but&!the&!appet&atmospher: positive
!but&!the&appet&!great: neutral
!but&!the&appet&great: positive
!but&the&!although&!bar: positive
!but&the&!although&bar: neutral
!but&the&although&!price: conflict
!but&the&although&price: negative
but&!we&!there&!few: negative
but&!we&!there&few: neutral
but&!we&there&!a: positive
but&!we&there&a: conflict
but&we&!casserol&!dessert: neutral
but&we&!casserol&dessert: neutral
but&we&casserol: negative
DecisionTree learned:
!but&!the&!good&!atmospher: neutral
!but&!the&!good&atmospher: positive
!but&!the&good&!usual: positive
!but&!the&good&usual: conflict
!but&the&!good&!small: positive
!but&the&!good&small: negative
!but&the&good&!one: positive
!but&the&good&one: neutral
but&!we&!worth&!service: positive
but&!we&!worth&service: negative
but&!we&worth: conflict
but&we&!to&!had: neutral
but&we&!to&had: negative
but&we&to&!have: neutral
but&we&to&have: positive
DecisionTree learned:
!but&!littl&!excel&!though: positive
!but&!littl&!excel&though: conflict
!but&!littl&excel&!everi: positive
!but&!littl&excel&everi: neutral
!but&littl&!for&!bagel: conflict
!but&littl&!for&bagel: neutral
!but&littl&for&!food: positive
!but&littl&for&food: negative
but&!menu&!not&!fine: negative
but&!menu&!not&fine: conflict
but&!menu&not&!for: conflict
but&!menu&not&for: negative
but&menu&!is&!of: neutral
but&menu&!is&of: negative
but&menu&is&!of: negative
but&menu&is&of: positive
DecisionTree learned:
!but&!the&!good&!perhap: neutral
!but&!the&!good&perhap: conflict
!but&!the&good&!usual: positive
!but&!the&good&usual: conflict
!but&the&!well&!yet: negative
!but&the&!well&yet: conflict
!but&the&well&!tasti: positive
!but&the&well&tasti: conflict
but&!casual&!not&!few: positive
but&!casual&!not&few: neutral
but&!casual&not&!for: conflict
but&!casual&not&for: positive
but&casual: conflict
DecisionTree learned:
!wa&!though&!is&!littl: positive
!wa&!though&!is&littl: conflict
!wa&!though&is&!walk: positive
!wa&!though&is&walk: conflict
!wa&though&!i&!thai: conflict
!wa&though&!i&thai: positive
!wa&though&i&!for: neutral
!wa&though&i&for: positive
wa&!and&!that&!ok: negative
wa&!and&!that&ok: neutral
wa&!and&that&!price: negative
wa&!and&that&price: neutral
wa&and&!it&!our: negative
wa&and&!it&our: neutral
wa&and&it&!dish: negative
wa&and&it&dish: conflict
DecisionTree learned:
!but&!the&!good&!uneven: neutral
!but&!the&!good&uneven: conflict
!but&!the&good&!usual: positive
!but&!the&good&usual: conflict
!but&the&!sometim&!bar: positive
!but&the&!sometim&bar: neutral
!but&the&sometim&!and: positive
!but&the&sometim&and: conflict
but&!we&!service&!there: positive
but&!we&!service&there: conflict
but&!we&service&!not: negative
but&!we&service&not: conflict
but&we&!lucki&!servic: neutral
but&we&!lucki&servic: positive
but&we&lucki: positive
DecisionTree learned:
!but&!the&!tho&!good: neutral
!but&!the&!tho&good: positive
!but&!the&tho: conflict
!but&the&!well&!best: positive
!but&the&!well&best: positive
!but&the&well&!tasti: positive
!but&the&well&tasti: conflict
but&!we&!n&!to: positive
but&!we&!n&to: negative
but&!we&n&!to: negative
but&!we&n&to: conflict
but&we&!were&!a: negative
but&we&!were&a: neutral
but&we&were&!dessert: positive
but&we&were&dessert: neutral
DecisionTree learned:
!but&!the&!great&!qualiti: neutral
!but&!the&!great&qualiti: negative
!but&!the&great&!a: positive
!but&!the&great&a: positive
!but&the&!ue&!sometim: positive
!but&the&!ue&sometim: conflict
!but&the&ue: conflict
but&!long&!who&!fine: positive
but&!long&!who&fine: conflict
but&!long&who&!for: neutral
but&!long&who&for: conflict
but&long: neutral
DecisionTree learned:
!wa&!though&!well&!turn: positive
!wa&!though&!well&turn: negative
!wa&!though&well&!ambienc: positive
!wa&!though&well&ambienc: conflict
!wa&though&!i&!it: negative
!wa&though&!i&it: conflict
!wa&though&i&!for: neutral
!wa&though&i&for: positive
wa&!and&!yet&!good: negative
wa&!and&!yet&good: positive
wa&!and&yet&!discreet: conflict
wa&!and&yet&discreet: positive
wa&and&!while&!our: negative
wa&and&!while&our: neutral
wa&and&while&!i: neutral
wa&and&while&i: conflict
DecisionTree learned:
!dinner&!wa&!though&!friendli: positive
!dinner&!wa&!though&friendli: positive
!dinner&!wa&though&!i: conflict
!dinner&!wa&though&i: neutral
!dinner&wa&!and&!yet: negative
!dinner&wa&!and&yet: conflict
!dinner&wa&and&!fine: positive
!dinner&wa&and&fine: conflict
dinner&!proper&!drink&!did: neutral
dinner&!proper&!drink&did: negative
dinner&!proper&drink&!of: positive
dinner&!proper&drink&of: negative
dinner&proper: negative
DecisionTree learned:
!but&!the&!tho&!good: neutral
!but&!the&!tho&good: positive
!but&!the&tho: conflict
!but&the&!although&!though: positive
!but&the&!although&though: conflict
!but&the&although&!price: conflict
!but&the&although&price: negative
but&!not&!pretti&!casual: negative
but&!not&!pretti&casual: conflict
but&!not&pretti&!tradion: conflict
but&!not&pretti&tradion: positive
but&not&!for&!great: conflict
but&not&!for&great: positive
but&not&for&!are: positive
but&not&for&are: conflict
DecisionTree learned:
!but&!the&!great&!tho: neutral
!but&!the&!great&tho: conflict
!but&!the&great&!a: positive
!but&!the&great&a: neutral
!but&the&!although&!quibbl: positive
!but&the&!although&quibbl: conflict
!but&the&although&!price: conflict
!but&the&although&price: negative
but&!waiters&!it&!wa: negative
but&!waiters&!it&wa: conflict
but&!waiters&it&!never: conflict
but&!waiters&it&never: neutral
but&waiters: conflict
DecisionTree learned:
!but&!the&!good&!atmospher: neutral
!but&!the&!good&atmospher: positive
!but&!the&good&!usual: positive
!but&!the&good&usual: conflict
!but&the&!quibbl&!well: positive
!but&the&!quibbl&well: positive
!but&the&quibbl: conflict
but&!long&!it&!waiters: negative
but&!long&!it&waiters: conflict
but&!long&it&!to: conflict
but&!long&it&to: conflict
but&long: neutral
DecisionTree learned:
!but&!the&!for&!great: positive
!but&!the&!for&great: positive
!but&!the&for&!wine: neutral
!but&!the&for&wine: neutral
!but&the&!littl&!ue: positive
!but&the&!littl&ue: conflict
!but&the&littl&!is: conflict
!but&the&littl&is: negative
but&!casual&!wa&!price: negative
but&!casual&!wa&price: positive
but&!casual&wa&!best: conflict
but&!casual&wa&best: neutral
but&casual: conflict
DecisionTree learned:
!not&!dinner&!lad&!wa: positive
!not&!dinner&!lad&wa: negative
!not&!dinner&lad: conflict
!not&dinner&!have&!up: neutral
!not&dinner&!have&up: positive
!not&dinner&have&!wa: positive
!not&dinner&have&wa: negative
not&!sometim&!price&!but: negative
not&!sometim&!price&but: conflict
not&!sometim&price&!is: negative
not&!sometim&price&is: conflict
not&sometim: conflict
DecisionTree learned:
!but&!excel&!though&!littl: positive
!but&!excel&!though&littl: conflict
!but&!excel&though&!room: conflict
!but&!excel&though&room: neutral
!but&excel&!pair&!go: positive
!but&excel&!pair&go: negative
!but&excel&pair: neutral
but&!wa&!expens&!waiters: positive
but&!wa&!expens&waiters: conflict
but&!wa&expens&!food: negative
but&!wa&expens&food: conflict
but&wa&!our&!best: conflict
but&wa&!our&best: neutral
but&wa&our: neutral
DecisionTree learned:
!but&!the&!tho&!great: neutral
!but&!the&!tho&great: positive
!but&!the&tho: conflict
!but&the&!service&!although: positive
!but&the&!service&although: conflict
!but&the&service&!and: negative
!but&the&service&and: positive
but&!we&!dim&!wa: negative
but&!we&!dim&wa: conflict
but&!we&dim&!again: neutral
but&!we&dim&again: negative
but&we&!were&!casserol: neutral
but&we&!were&casserol: negative
but&we&were&!dessert: positive
but&we&were&dessert: neutral
DecisionTree learned:
!but&!littl&!though&!friendli: positive
!but&!littl&!though&friendli: positive
!but&!littl&though&!room: conflict
!but&!littl&though&room: neutral
!but&littl&!could&!bagel: conflict
!but&littl&!could&bagel: neutral
!but&littl&could&!table: neutral
!but&littl&could&table: conflict
but&!bartend&!it&!nice: negative
but&!bartend&!it&nice: positive
but&!bartend&it&!tast: conflict
but&!bartend&it&tast: negative
but&bartend: neutral
DecisionTree learned:
!dinner&!but&!littl&!lad: positive
!dinner&!but&!littl&lad: conflict
!dinner&!but&littl&!bagel: conflict
!dinner&!but&littl&bagel: neutral
!dinner&but&!waiters&!it: negative
!dinner&but&!waiters&it: conflict
!dinner&but&waiters: conflict
dinner&!bottl&!did&!up: neutral
dinner&!bottl&!did&up: positive
dinner&!bottl&did: negative
dinner&bottl: negative
DecisionTree learned:
!but&!the&!tho&!atmospher: neutral
!but&!the&!tho&atmospher: positive
!but&!the&tho: conflict
!but&the&!although&!service: positive
!but&the&!although&service: negative
!but&the&although&!price: conflict
!but&the&although&price: negative
but&!wa&!fine&!who: positive
but&!wa&!fine&who: neutral
but&!wa&fine&!bagels: neutral
but&!wa&fine&bagels: conflict
but&wa&!our&!that: conflict
but&wa&!our&that: negative
but&wa&our: neutral
DecisionTree learned:
!but&!the&!for&!good: positive
!but&!the&!for&good: positive
!but&!the&for&!drink: neutral
!but&!the&for&drink: neutral
!but&the&!rest&!sometim: positive
!but&the&!rest&sometim: conflict
!but&the&rest&!wa: conflict
!but&the&rest&wa: neutral
but&!it&!chicken&!not: positive
but&!it&!chicken&not: conflict
but&!it&chicken&!can: negative
but&!it&chicken&can: conflict
but&it&!doe&!good: conflict
but&it&!doe&good: positive
but&it&doe: conflict
DecisionTree learned:
!but&!littl&!though&!lad: positive
!but&!littl&!though&lad: conflict
!but&!littl&though&!i: conflict
!but&!littl&though&i: neutral
!but&littl&!could&!to: negative
!but&littl&!could&to: positive
!but&littl&could&!table: neutral
!but&littl&could&table: conflict
but&!time&!weekend&!who: positive
but&!time&!weekend&who: neutral
but&!time&weekend&!good: negative
but&!time&weekend&good: positive
but&time&!be&!my: neutral
but&time&!be&my: negative
but&time&be: negative
DecisionTree learned:
!but&!the&!perhap&!tho: neutral
!but&!the&!perhap&tho: conflict
!but&!the&perhap: conflict
!but&the&!sometim&!nearbi: positive
!but&the&!sometim&nearbi: conflict
!but&the&sometim&!and: positive
!but&the&sometim&and: conflict
but&!slice&!reserv&!it: positive
but&!slice&!reserv&it: conflict
but&!slice&reserv&!wa: neutral
but&!slice&reserv&wa: negative
but&slice: conflict
DecisionTree learned:
!wa&!turn&!lad&!is: positive
!wa&!turn&!lad&is: positive
!wa&!turn&lad: conflict
!wa&turn&!and: negative
!wa&turn&and: conflict
wa&!and&!that&!portion: negative
wa&!and&!that&portion: conflict
wa&!and&that&!us: negative
wa&!and&that&us: neutral
wa&and&!fine&!make: negative
wa&and&!fine&make: neutral
wa&and&fine&!good: conflict
wa&and&fine&good: positive
DecisionTree learned:
!but&!the&!great&!appet: negative
!but&!the&!great&appet: neutral
!but&!the&great&!my: positive
!but&!the&great&my: conflict
!but&the&!small&!while: positive
!but&the&!small&while: conflict
!but&the&small&!it: negative
!but&the&small&it: positive
but&!not&!fine&!wa: positive
but&!not&!fine&wa: conflict
but&!not&fine&!bagels: neutral
but&!not&fine&bagels: conflict
but&not&!for&!to: conflict
but&not&!for&to: neutral
but&not&for&!are: positive
but&not&for&are: conflict
DecisionTree learned:
!but&!littl&!though&!friendli: positive
!but&!littl&!though&friendli: positive
!but&!littl&though&!i: conflict
!but&!littl&though&i: neutral
!but&littl&!to&!bagel: conflict
!but&littl&!to&bagel: neutral
!but&littl&to&!at: positive
!but&littl&to&at: neutral
but&!long&!waiters&!wa: negative
but&!long&!waiters&wa: conflict
but&!long&waiters: conflict
but&long: neutral
DecisionTree learned:
!but&!the&!exceed&!perhap: neutral
!but&!the&!exceed&perhap: conflict
!but&!the&exceed: conflict
!but&the&!best&!around: positive
!but&the&!best&around: conflict
!but&the&best&!ambienc: positive
!but&the&best&ambienc: conflict
but&!too&!reserv&!we: positive
but&!too&!reserv&we: neutral
but&!too&reserv&!wa: neutral
but&!too&reserv&wa: negative
but&too&!wa&!good: neutral
but&too&!wa&good: neutral
but&too&wa: negative
DecisionTree learned:
!but&!littl&!though&!lad: positive
!but&!littl&!though&lad: conflict
!but&!littl&though&!recommend: negative
!but&!littl&though&recommend: neutral
!but&littl&!for&!is: conflict
!but&littl&!for&is: negative
!but&littl&for&!food: positive
!but&littl&for&food: negative
but&!we&!ok&!n: positive
but&!we&!ok&n: negative
but&!we&ok&!servic: neutral
but&!we&ok&servic: negative
but&we&!were&!staff: neutral
but&we&!were&staff: positive
but&we&were&!and: positive
but&we&were&and: neutral
DecisionTree learned:
!but&!littl&!though&!lad: positive
!but&!littl&!though&lad: conflict
!but&!littl&though&!room: conflict
!but&!littl&though&room: neutral
!but&littl&!could&!bagel: conflict
!but&littl&!could&bagel: neutral
!but&littl&could&!table: neutral
!but&littl&could&table: conflict
but&!wa&!not&!casual: positive
but&!wa&!not&casual: conflict
but&!wa&not&!for: conflict
but&!wa&not&for: negative
but&wa&!too&!food: conflict
but&wa&!too&food: positive
but&wa&too: negative
DecisionTree learned:
!but&!the&!atmospher&!perhap: neutral
!but&!the&!atmospher&perhap: conflict
!but&!the&atmospher&!with: positive
!but&!the&atmospher&with: conflict
!but&the&!although&!yet: negative
!but&the&!although&yet: conflict
!but&the&although&!price: conflict
!but&the&although&price: negative
but&!slice&!not&!pretti: negative
but&!slice&!not&pretti: conflict
but&!slice&not&!for: conflict
but&!slice&not&for: positive
but&slice: conflict
DecisionTree learned:
!but&!littl&!though&!well: positive
!but&!littl&!though&well: positive
!but&!littl&though&!of: negative
!but&!littl&though&of: conflict
!but&littl&!could&!bagel: conflict
!but&littl&!could&bagel: neutral
!but&littl&could&!and: conflict
!but&littl&could&and: conflict
but&!it&!waiters&!slice: negative
but&!it&!waiters&slice: conflict
but&!it&waiters: conflict
but&it&!also&!tast: conflict
but&it&!also&tast: negative
but&it&also: negative
DecisionTree learned:
!dinner&!it&!with&!delici: negative
!dinner&!it&!with&delici: positive
!dinner&!it&with&!i: positive
!dinner&!it&with&i: neutral
!dinner&it&!worth&!larg: negative
!dinner&it&!worth&larg: conflict
!dinner&it&worth&!the: negative
!dinner&it&worth&the: conflict
dinner&!bottl&!ani&!would: neutral
dinner&!bottl&!ani&would: negative
dinner&!bottl&ani: negative
dinner&bottl: negative
DecisionTree learned:
!well&!wa&!though&!nice: positive
!well&!wa&!though&nice: positive
!well&!wa&though&!i: conflict
!well&!wa&though&i: neutral
!well&wa&!yet&!and: negative
!well&wa&!yet&and: negative
!well&wa&yet&!discreet: conflict
!well&wa&yet&discreet: positive
well&!veri&!as&!price: conflict
well&!veri&!as&price: positive
well&!veri&as&!restaur: positive
well&!veri&as&restaur: neutral
well&veri&!food: positive
well&veri&food&!good: neutral
well&veri&food&good: positive
DecisionTree learned:
!wa&!though&!lad&!is: positive
!wa&!though&!lad&is: positive
!wa&!though&lad: conflict
!wa&though&!i&!of: negative
!wa&though&!i&of: conflict
!wa&though&i&!for: neutral
!wa&though&i&for: positive
wa&!fine&!and&!yet: negative
wa&!fine&!and&yet: conflict
wa&!fine&and&!rate: negative
wa&!fine&and&rate: conflict
wa&fine&!expect&!good: conflict
wa&fine&!expect&good: positive
wa&fine&expect: neutral
DecisionTree learned:
!but&!the&!great&!usual: neutral
!but&!the&!great&usual: neutral
!but&!the&great&!a: positive
!but&!the&great&a: neutral
!but&the&!around&!nearbi: positive
!but&the&!around&nearbi: conflict
!but&the&around&!with: conflict
!but&the&around&with: neutral
but&!we&!worth&!service: positive
but&!we&!worth&service: negative
but&!we&worth: conflict
but&we&!casserol&!wa: neutral
but&we&!casserol&wa: negative
but&we&casserol: negative
DecisionTree learned:
!but&!dinner&!littl&!cost: positive
!but&!dinner&!littl&cost: conflict
!but&!dinner&littl&!bagel: conflict
!but&!dinner&littl&bagel: neutral
!but&dinner&!drink&!would: neutral
!but&dinner&!drink&would: negative
!but&dinner&drink&!of: positive
!but&dinner&drink&of: negative
but&!long&!it&!place: negative
but&!long&!it&place: positive
but&!long&it&!to: conflict
but&!long&it&to: conflict
but&long: neutral
DecisionTree learned:
!well&!veri&!fine&!littl: negative
!well&!veri&!fine&littl: conflict
!well&!veri&fine&!more: positive
!well&!veri&fine&more: conflict
!well&veri&!food&!to: positive
!well&veri&!food&to: conflict
!well&veri&food&!too: conflict
!well&veri&food&too: neutral
well&!as&!veri&!price: conflict
well&!as&!veri&price: positive
well&!as&veri&!food: positive
well&!as&veri&food: neutral
well&as&!restaur&!not: positive
well&as&!restaur&not: negative
well&as&restaur: neutral
DecisionTree learned:
!but&!littl&!well&!veri: positive
!but&!littl&!well&veri: positive
!but&!littl&well&!tasti: positive
!but&!littl&well&tasti: conflict
!but&littl&!bagel&!to: conflict
!but&littl&!bagel&to: positive
!but&littl&bagel: neutral
but&!wa&!the&!it: positive
but&!wa&!the&it: conflict
but&!wa&the&!casual: negative
but&!wa&the&casual: conflict
but&wa&!to&!our: conflict
but&wa&!to&our: neutral
but&wa&to&!for: negative
but&wa&to&for: positive
DecisionTree learned:
!but&!though&!littl&!is: negative
!but&!though&!littl&is: positive
!but&!though&littl&!to: conflict
!but&!though&littl&to: positive
!but&though&!i&!room: conflict
!but&though&!i&room: neutral
!but&though&i&!for: neutral
!but&though&i&for: positive
but&!we&!menu&!long: negative
but&!we&!menu&long: neutral
but&!we&menu&!is: neutral
but&!we&menu&is: positive
but&we&!were&!wa: neutral
but&we&!were&wa: negative
but&we&were&!and: positive
but&we&were&and: neutral
DecisionTree learned:
!but&!the&!perhap&!good: neutral
!but&!the&!perhap&good: positive
!but&!the&perhap: conflict
!but&the&!ue&!littl: positive
!but&the&!ue&littl: conflict
!but&the&ue: conflict
but&!casual&!dish&!waiters: negative
but&!casual&!dish&waiters: conflict
but&!casual&dish: positive
but&casual: conflict
DecisionTree learned:
!wa&!though&!is&!littl: neutral
!wa&!though&!is&littl: conflict
!wa&!though&is&!everyth: positive
!wa&!though&is&everyth: conflict
!wa&though&!i&!of: conflict
!wa&though&!i&of: conflict
!wa&though&i&!for: neutral
!wa&though&i&for: positive
wa&!yet&!fine&!but: negative
wa&!yet&!fine&but: conflict
wa&!yet&fine&!expect: conflict
wa&!yet&fine&expect: neutral
wa&yet&!food&!discreet: conflict
wa&yet&!food&discreet: positive
wa&yet&food: positive
DecisionTree learned:
!but&!the&!kid&!good: neutral
!but&!the&!kid&good: positive
!but&!the&kid: conflict
!but&the&!sometim&!rest: positive
!but&the&!sometim&rest: conflict
!but&the&sometim: conflict
but&!onli&!long&!wife: negative
but&!onli&!long&wife: conflict
but&!onli&long: neutral
but&onli&!are&!we: positive
but&onli&!are&we: neutral
but&onli&are&!served: neutral
but&onli&are&served: negative
DecisionTree learned:
!but&!littl&!quibbl&!is: positive
!but&!littl&!quibbl&is: positive
!but&!littl&quibbl: conflict
!but&littl&!to&!bagel: conflict
!but&littl&!to&bagel: neutral
!but&littl&to&!at: positive
!but&littl&to&at: neutral
but&!we&!there&!not: negative
but&!we&!there&not: conflict
but&!we&there&!a: positive
but&!we&there&a: conflict
but&we&!have&!servic: neutral
but&we&!have&servic: positive
but&we&have&!for: positive
but&we&have&for: neutral
DecisionTree learned:
!but&!the&!perhap&!good: neutral
!but&!the&!perhap&good: positive
!but&!the&perhap: conflict
!but&the&!rest&!fine: positive
!but&the&!rest&fine: conflict
!but&the&rest&!wa: conflict
!but&the&rest&wa: neutral
but&!we&!long&!wa: negative
but&!we&!long&wa: conflict
but&!we&long: neutral
but&we&!the&!order: negative
but&we&!the&order: neutral
but&we&the&!lucki: neutral
but&we&the&lucki: positive
DecisionTree learned:
!but&!the&!good&!perhap: neutral
!but&!the&!good&perhap: conflict
!but&!the&good&!usual: positive
!but&!the&good&usual: conflict
!but&the&!although&!liter: positive
!but&the&!although&liter: conflict
!but&the&although&!and: negative
!but&the&although&and: conflict
but&!wife&!there&!waiters: negative
but&!wife&!there&waiters: conflict
but&!wife&there&!a: positive
but&!wife&there&a: conflict
but&wife: conflict
DecisionTree learned:
!but&!lad&!littl&!is: negative
!but&!lad&!littl&is: positive
!but&!lad&littl&!could: conflict
!but&!lad&littl&could: conflict
!but&lad: conflict
but&!wife&!wonder&!not: negative
but&!wife&!wonder&not: conflict
but&!wife&wonder: conflict
but&wife: conflict
DecisionTree learned:
!but&!the&!tho&!perhap: neutral
!but&!the&!tho&perhap: conflict
!but&!the&tho: conflict
!but&the&!sometim&!although: positive
!but&the&!sometim&although: conflict
!but&the&sometim&!and: positive
!but&the&sometim&and: conflict
but&!wa&!locat&!too: negative
but&!wa&!locat&too: neutral
but&!wa&locat: neutral
but&wa&!best&!our: conflict
but&wa&!best&our: neutral
but&wa&best: neutral
DecisionTree learned:
!but&!though&!littl&!is: neutral
!but&!though&!littl&is: positive
!but&!though&littl&!bagel: conflict
!but&!though&littl&bagel: neutral
!but&though&!room&!i: conflict
!but&though&!room&i: neutral
!but&though&room: neutral
but&!wife&!edibl&!bartend: positive
but&!wife&!edibl&bartend: neutral
but&!wife&edibl&!and: conflict
but&!wife&edibl&and: negative
but&wife: conflict
DecisionTree learned:
!but&!though&!the&!great: neutral
!but&!though&!the&great: positive
!but&!though&the&!small: positive
!but&!though&the&small: negative
!but&though&!it&!like: negative
!but&though&!it&like: conflict
!but&though&it&!even: conflict
!but&though&it&even: negative
but&!not&!pretti&!look: negative
but&!not&!pretti&look: conflict
but&!not&pretti&!tradion: conflict
but&!not&pretti&tradion: positive
but&not&!great&!for: conflict
but&not&!great&for: negative
but&not&great&!a: negative
but&not&great&a: positive
DecisionTree learned:
!but&!the&!good&!perhap: neutral
!but&!the&!good&perhap: conflict
!but&!the&good&!usual: positive
!but&!the&good&usual: conflict
!but&the&!by&!well: positive
!but&the&!by&well: conflict
!but&the&by&!servic: conflict
!but&the&by&servic: negative
but&!waiters&!wa&!too: negative
but&!waiters&!wa&too: neutral
but&!waiters&wa&!our: conflict
but&!waiters&wa&our: neutral
but&waiters: conflict
DecisionTree learned:
!but&!the&!great&!perhap: neutral
!but&!the&!great&perhap: conflict
!but&!the&great&!even: positive
!but&!the&great&even: conflict
!but&the&!sometim&!worth: positive
!but&the&!sometim&worth: conflict
!but&the&sometim&!and: positive
!but&the&sometim&and: conflict
but&!not&!worth&!fine: negative
but&!not&!worth&fine: conflict
but&!not&worth: conflict
but&not&!for&!great: conflict
but&not&!for&great: positive
but&not&for&!are: negative
but&not&for&are: conflict
DecisionTree learned:
!dinner&!but&!cost&!though: positive
!dinner&!but&!cost&though: conflict
!dinner&!but&cost&!have: conflict
!dinner&!but&cost&have: negative
!dinner&but&!not&!fine: positive
!dinner&but&!not&fine: conflict
!dinner&but&not&!for: conflict
!dinner&but&not&for: negative
dinner&!would&!drink&!up: neutral
dinner&!would&!drink&up: positive
dinner&!would&drink&!of: positive
dinner&!would&drink&of: negative
dinner&would: negative
Trial 0 Training cc.mallet.classify.AdaBoostM2Trainer@49ff0dde finished
Trial 0 Trainer cc.mallet.classify.AdaBoostM2Trainer@49ff0dde test data accuracy = 0.582089552238806

NaiveBayesTrainer
Summary. test accuracy mean = 0.6132971506105834 stddev = 0.0 stderr = 0.0

MaxEntTrainer,gaussianPriorVariance=1.0
Summary. test accuracy mean = 0.6594301221166893 stddev = 0.0 stderr = 0.0

cc.mallet.classify.DecisionTreeTrainer@69945ce
Summary. test accuracy mean = 0.5739484396200815 stddev = 0.0 stderr = 0.0

cc.mallet.classify.AdaBoostM2Trainer@49ff0dde
Summary. test accuracy mean = 0.582089552238806 stddev = 0.0 stderr = 0.0
