
-------------------- Trial 0  --------------------

Trial 0 Training NaiveBayesTrainer with 2956 instances
Trial 0 Training NaiveBayesTrainer finished
Trial 0 Trainer NaiveBayesTrainer test data accuracy = 0.5590230664857531
Trial 0 Training MaxEntTrainer,gaussianPriorVariance=1.0 with 2956 instances
Trial 0 Training MaxEntTrainer,gaussianPriorVariance=1.0 finished
Trial 0 Trainer MaxEntTrainer,gaussianPriorVariance=1.0 test data accuracy = 0.6309362279511533
Trial 0 Training cc.mallet.classify.DecisionTreeTrainer@2b2d96f2 with 2956 instances
DecisionTree learned:
!pos&!neg&!fresh&!not: positive
!pos&!neg&!fresh&not: negative
!pos&!neg&fresh&!out: positive
!pos&!neg&fresh&out: positive
!pos&neg&!food&!at: negative
!pos&neg&!food&at: positive
!pos&neg&food&!in: negative
!pos&neg&food&in: neutral
pos&!but&!not&!neg: positive
pos&!but&!not&neg: positive
pos&!but&not&!was: positive
pos&!but&not&was: negative
pos&but&!ever&!quality: positive
pos&but&!ever&quality: negative
pos&but&ever: negative
Trial 0 Training cc.mallet.classify.DecisionTreeTrainer@2b2d96f2 finished
Trial 0 Trainer cc.mallet.classify.DecisionTreeTrainer@2b2d96f2 test data accuracy = 0.5739484396200815
Trial 0 Training cc.mallet.classify.AdaBoostM2Trainer@781f6226 with 2956 instances
DecisionTree learned:
!neg&!but&!not&!pos: positive
!neg&!but&!not&pos: positive
!neg&!but&not&!was: positive
!neg&!but&not&was: negative
!neg&but&!we&!who: positive
!neg&but&!we&who: neutral
!neg&but&we&!thai: neutral
!neg&but&we&thai: negative
neg&!pos&!food&!by: negative
neg&!pos&!food&by: neutral
neg&!pos&food&!in: negative
neg&!pos&food&in: neutral
neg&pos&!was&!do: positive
neg&pos&!was&do: negative
neg&pos&was&!bar: negative
neg&pos&was&bar: neutral
DecisionTree learned:
!pos&!neg&!fresh&!not: positive
!pos&!neg&!fresh&not: negative
!pos&!neg&fresh&!out: positive
!pos&!neg&fresh&out: positive
!pos&neg&!food&!the: neutral
!pos&neg&!food&the: negative
!pos&neg&food&!and: negative
!pos&neg&food&and: negative
pos&!but&!not&!neg: positive
pos&!but&!not&neg: positive
pos&!but&not&!tastes: negative
pos&!but&not&tastes: positive
pos&but&!ever&!quality: positive
pos&but&!ever&quality: negative
pos&but&ever: negative
DecisionTree learned:
!but&!pos&!neg&!fresh: positive
!but&!pos&!neg&fresh: positive
!but&!pos&neg&!food: negative
!but&!pos&neg&food: negative
!but&pos&!not&!table: positive
!but&pos&!not&table: negative
!but&pos&not&!was: positive
!but&pos&not&was: negative
but&!who&!chicken&!that: positive
but&!who&!chicken&that: negative
but&!who&chicken&!with: negative
but&!who&chicken&with: negative
but&who&!of&!for: neutral
but&who&!of&for: conflict
but&who&of&!pos: conflict
but&who&of&pos: negative
DecisionTree learned:
!but&!pos&!neg&!try: positive
!but&!pos&!neg&try: positive
!but&!pos&neg&!food: negative
!but&!pos&neg&food: negative
!but&pos&!not&!order: positive
!but&pos&!not&order: negative
!but&pos&not&!on: negative
!but&pos&not&on: negative
but&!only&!worth&!other: positive
but&!only&!worth&other: neutral
but&!only&worth&!to: conflict
but&!only&worth&to: neutral
but&only&!was&!ordered: positive
but&only&!was&ordered: neutral
but&only&was&!because: positive
but&only&was&because: positive
DecisionTree learned:
!but&!neg&!not&!did: positive
!but&!neg&!not&did: neutral
!but&!neg&not&!was: positive
!but&!neg&not&was: negative
!but&neg&!was&!is: positive
!but&neg&!was&is: positive
!but&neg&was&!matter: negative
!but&neg&was&matter: conflict
but&!ever&!who&!that: positive
but&!ever&!who&that: positive
but&!ever&who&!for: neutral
but&!ever&who&for: conflict
but&ever: negative
DecisionTree learned:
!but&!pos&!try&!the: neutral
!but&!pos&!try&the: negative
!but&!pos&try&!because: positive
!but&!pos&try&because: neutral
!but&pos&!order&!small: positive
!but&pos&!order&small: negative
!but&pos&order&!with: negative
!but&pos&order&with: neutral
but&!at&!worth&!who: positive
but&!at&!worth&who: neutral
but&!at&worth&!and: conflict
but&!at&worth&and: positive
but&at&!and&!us: negative
but&at&!and&us: neutral
but&at&and&!as: positive
but&at&and&as: conflict
DecisionTree learned:
!but&!neg&!though&!did: positive
!but&!neg&!though&did: neutral
!but&!neg&though&!one: negative
!but&!neg&though&one: conflict
!but&neg&!was&!though: positive
!but&neg&!was&though: positive
!but&neg&was&!pos: negative
!but&neg&was&pos: negative
but&!only&!that&!small: positive
but&!only&!that&small: negative
but&!only&that&!may: negative
but&!only&that&may: neutral
but&only&!was&!is: neutral
but&only&!was&is: positive
but&only&was&!because: positive
but&only&was&because: positive
DecisionTree learned:
!but&!pos&!worth&!doing: positive
!but&!pos&!worth&doing: conflict
!but&!pos&worth&!every: negative
!but&!pos&worth&every: positive
!but&pos&!was&!service: positive
!but&pos&!was&service: positive
!but&pos&was&!menu: positive
!but&pos&was&menu: neutral
but&!only&!that&!wife: positive
but&!only&!that&wife: conflict
but&!only&that&!shrimp: negative
but&!only&that&shrimp: positive
but&only&!food&!place: neutral
but&only&!food&place: positive
but&only&food: positive
DecisionTree learned:
!but&!our&!pos&!worth: positive
!but&!our&!pos&worth: conflict
!but&!our&pos&!small: positive
!but&!our&pos&small: negative
!but&our&!order&!on: neutral
!but&our&!order&on: neutral
!but&our&order&!that: neutral
!but&our&order&that: negative
but&!pad&!only&!at: positive
but&!pad&!only&at: neutral
but&!pad&only&!ordered: positive
but&!pad&only&ordered: neutral
but&pad: conflict
DecisionTree learned:
!but&!though&!not&!service: positive
!but&!though&!not&service: positive
!but&!though&not&!worth: negative
!but&!though&not&worth: conflict
!but&though&!it&!to: negative
!but&though&!it&to: neutral
!but&though&it&!the: negative
!but&though&it&the: conflict
but&!that&!look&!high: positive
but&!that&!look&high: conflict
but&!that&look&!and: neutral
but&!that&look&and: conflict
but&that&!shrimp&!are: negative
but&that&!shrimp&are: neutral
but&that&shrimp&!of: positive
but&that&shrimp&of: positive
DecisionTree learned:
!but&!though&!pos&!try: negative
!but&!though&!pos&try: positive
!but&!though&pos&!do: positive
!but&!though&pos&do: negative
!but&though&!we&!pos: negative
!but&though&!we&pos: conflict
!but&though&we&!the: negative
!but&though&we&the: positive
but&!that&!wife&!at: positive
but&!that&!wife&at: neutral
but&!that&wife&!as: conflict
but&!that&wife&as: neutral
but&that&!shrimp&!you: negative
but&that&!shrimp&you: positive
but&that&shrimp&!of: positive
but&that&shrimp&of: positive
DecisionTree learned:
!but&!is&!great&!matter: positive
!but&!is&!great&matter: conflict
!but&!is&great: positive
!but&is&!though&!be: positive
!but&is&!though&be: neutral
!but&is&though&!your: conflict
!but&is&though&your: negative
but&!small&!that&!wife: positive
but&!small&!that&wife: conflict
but&!small&that&!are: negative
but&!small&that&are: neutral
but&small&!there&!dessert: negative
but&small&!there&dessert: negative
but&small&there&!for: conflict
but&small&there&for: conflict
DecisionTree learned:
!but&!is&!great&!try: positive
!but&!is&!great&try: positive
!but&!is&great: positive
!but&is&!be&!though: positive
!but&is&!be&though: conflict
!but&is&be&!was: negative
!but&is&be&was: neutral
but&!that&!when&!only: positive
but&!that&!when&only: positive
but&!that&when&!on: neutral
but&!that&when&on: neutral
but&that&!shrimp&!my: negative
but&that&!shrimp&my: negative
but&that&shrimp&!of: positive
but&that&shrimp&of: positive
DecisionTree learned:
!but&!is&!great&!flavor: positive
!but&!is&!great&flavor: negative
!but&!is&great: positive
!but&is&!though&!be: positive
!but&is&!though&be: negative
!but&is&though&!cuisine: negative
!but&is&though&cuisine: positive
but&!only&!with&!small: negative
but&!only&!with&small: negative
but&!only&with&!an: negative
but&!only&with&an: positive
but&only&!food&!pos: positive
but&only&!food&pos: neutral
but&only&food: positive
DecisionTree learned:
!but&!though&!service&!was: positive
!but&!though&!service&was: negative
!but&!though&service&!neg: positive
!but&!though&service&neg: negative
!but&though&!we&!pos: negative
!but&though&!we&pos: conflict
!but&though&we&!seated: negative
!but&though&we&seated: positive
but&!that&!we&!what: positive
but&!that&!we&what: neutral
but&!that&we&!got: neutral
but&!that&we&got: negative
but&that&!who&!just: positive
but&that&!who&just: negative
but&that&who: conflict
DecisionTree learned:
!but&!is&!little&!our: positive
!but&!is&!little&our: neutral
!but&!is&little&!also: conflict
!but&!is&little&also: neutral
!but&is&!place&!though: positive
!but&is&!place&though: conflict
!but&is&place&!the: negative
!but&is&place&the: negative
but&!high&!not&!pad: negative
but&!high&!not&pad: conflict
but&!high&not&!very: positive
but&!high&not&very: conflict
but&high&!a&!the: negative
but&high&!a&the: conflict
but&high&a: conflict
DecisionTree learned:
!but&!neg&!though&!not: positive
!but&!neg&!though&not: negative
!but&!neg&though&!one: negative
!but&!neg&though&one: conflict
!but&neg&!was&!lunch: positive
!but&neg&!was&lunch: neutral
!but&neg&was&!pos: negative
!but&neg&was&pos: negative
but&!reservations&!that&!when: positive
but&!reservations&!that&when: neutral
but&!reservations&that&!does: positive
but&!reservations&that&does: negative
but&reservations&!the: negative
but&reservations&the&!neg: negative
but&reservations&the&neg: negative
DecisionTree learned:
!but&!pos&!worth&!the: neutral
!but&!pos&!worth&the: negative
!but&!pos&worth&!every: conflict
!but&!pos&worth&every: positive
!but&pos&!atmosphere&!we: positive
!but&pos&!atmosphere&we: neutral
!but&pos&atmosphere&!they: positive
!but&pos&atmosphere&they: conflict
but&!we&!who&!that: positive
but&!we&!who&that: negative
but&!we&who&!for: neutral
but&!we&who&for: conflict
but&we&!lunch&!menu: neutral
but&we&!lunch&menu: negative
but&we&lunch: conflict
DecisionTree learned:
!but&!is&!can&!great: positive
!but&!is&!can&great: positive
!but&!is&can&!cost: positive
!but&!is&can&cost: conflict
!but&is&!though&!sometimes: positive
!but&is&!though&sometimes: conflict
!but&is&though&!cuisine: negative
!but&is&though&cuisine: positive
but&!wife&!at&!worth: positive
but&!wife&!at&worth: conflict
but&!wife&at&!and: negative
but&!wife&at&and: positive
but&wife&!so&!as: conflict
but&wife&!so&as: conflict
but&wife&so: negative
DecisionTree learned:
!but&!is&!can&!little: positive
!but&!is&!can&little: conflict
!but&!is&can&!cost: positive
!but&!is&can&cost: conflict
!but&is&!though&!doing: positive
!but&is&!though&doing: conflict
!but&is&though&!authentic: conflict
!but&is&though&authentic: neutral
but&!over&!only&!when: negative
but&!over&!only&when: neutral
but&!over&only&!was: neutral
but&!over&only&was: positive
but&over: positive
DecisionTree learned:
!but&!lunch&!our&!neg: positive
!but&!lunch&!our&neg: negative
!but&!lunch&our&!order: neutral
!but&!lunch&our&order: negative
!but&lunch&!small&!because: neutral
!but&lunch&!small&because: negative
!but&lunch&small: negative
but&!that&!when&!chicken: positive
but&!that&!when&chicken: negative
but&!that&when&!were: neutral
but&!that&when&were: neutral
but&that&!who&!my: negative
but&that&!who&my: negative
but&that&who: conflict
DecisionTree learned:
!but&!service&!although&!lunch: positive
!but&!service&!although&lunch: neutral
!but&!service&although&!was: neutral
!but&!service&although&was: conflict
!but&service&!neg&!sometimes: positive
!but&service&!neg&sometimes: conflict
!but&service&neg&!attentive: negative
!but&service&neg&attentive: positive
but&!only&!at&!worth: positive
but&!only&!at&worth: conflict
but&!only&at&!and: negative
but&!only&at&and: neutral
but&only&!food&!ordered: positive
but&only&!food&ordered: neutral
but&only&food: positive
DecisionTree learned:
!but&!pos&!the&!it: neutral
!but&!pos&!the&it: neutral
!but&!pos&the&!worth: negative
!but&!pos&the&worth: conflict
!but&pos&!we&!small: positive
!but&pos&!we&small: negative
!but&pos&we&!were: neutral
!but&pos&we&were: positive
but&!small&!we&!that: positive
but&!small&!we&that: negative
but&!small&we&!very: neutral
but&!small&we&very: positive
but&small&!a&!to: positive
but&small&!a&to: negative
but&small&a&!neg: conflict
but&small&a&neg: negative
DecisionTree learned:
!but&!not&!though&!matter: positive
!but&!not&!though&matter: conflict
!but&!not&though&!with: negative
!but&!not&though&with: positive
!but&not&!day&!worth: negative
!but&not&!day&worth: conflict
!but&not&day: conflict
but&!at&!worth&!look: positive
but&!at&!worth&look: conflict
but&!at&worth&!and: conflict
but&!at&worth&and: conflict
but&at&!and&!very: negative
but&at&!and&very: positive
but&at&and&!as: positive
but&at&and&as: conflict
DecisionTree learned:
!but&!we&!pos&!worth: negative
!but&!we&!pos&worth: conflict
!but&!we&pos&!was: positive
!but&!we&pos&was: positive
!but&we&!is&!cheese: neutral
!but&we&!is&cheese: neutral
!but&we&is&!attentive: negative
!but&we&is&attentive: positive
but&!that&!at&!worth: positive
but&!that&!at&worth: conflict
but&!that&at&!and: negative
but&!that&at&and: neutral
but&that&!us&!my: negative
but&that&!us&my: negative
but&that&us&!with: positive
but&that&us&with: positive
DecisionTree learned:
!but&!though&!neg&!table: positive
!but&!though&!neg&table: negative
!but&!though&neg&!was: positive
!but&!though&neg&was: negative
!but&though&!were&!pos: negative
!but&though&!were&pos: negative
!but&though&were&!to: positive
!but&though&were&to: neutral
but&!that&!chicken&!wife: positive
but&!that&!chicken&wife: conflict
but&!that&chicken&!with: negative
but&!that&chicken&with: negative
but&that&!shrimp&!experience: negative
but&that&!shrimp&experience: positive
but&that&shrimp&!of: positive
but&that&shrimp&of: positive
DecisionTree learned:
!but&!service&!although&!cost: positive
!but&!service&!although&cost: conflict
!but&!service&although&!was: neutral
!but&!service&although&was: conflict
!but&service&!neg&!sometimes: positive
!but&service&!neg&sometimes: conflict
!but&service&neg&!attentive: negative
!but&service&neg&attentive: positive
but&!that&!not&!never: negative
but&!that&!not&never: positive
but&!that&not&!for: conflict
but&!that&not&for: positive
but&that&!experience&!us: negative
but&that&!experience&us: positive
but&that&experience&!are: positive
but&that&experience&are: conflict
DecisionTree learned:
!but&!we&!though&!pos: negative
!but&!we&!though&pos: positive
!but&!we&though&!pos: negative
!but&!we&though&pos: conflict
!but&we&!is&!before: neutral
!but&we&!is&before: negative
!but&we&is&!taste: negative
!but&we&is&taste: negative
but&!chicken&!that&!reservations: positive
but&!chicken&!that&reservations: negative
but&!chicken&that&!who: negative
but&!chicken&that&who: conflict
but&chicken&!with: negative
but&chicken&with: negative
DecisionTree learned:
!but&!it&!with&!far: positive
!but&!it&!with&far: conflict
!but&!it&with&!restaurants: neutral
!but&!it&with&restaurants: negative
!but&it&!matter&!though: negative
!but&it&!matter&though: conflict
!but&it&matter&!i: conflict
!but&it&matter&i: conflict
but&!chicken&!with&!hurry: positive
but&!chicken&!with&hurry: conflict
but&!chicken&with&!i: positive
but&!chicken&with&i: negative
but&chicken&!with: negative
but&chicken&with: negative
DecisionTree learned:
!but&!the&!exceeded&!kids: neutral
!but&!the&!exceeded&kids: conflict
!but&!the&exceeded: conflict
!but&the&!is&!with: positive
!but&the&!is&with: neutral
!but&the&is&!everything: positive
!but&the&is&everything: conflict
but&!when&!that&!our: positive
but&!when&!that&our: neutral
but&!when&that&!who: negative
but&!when&that&who: conflict
but&when&!it&!on: negative
but&when&!it&on: neutral
but&when&it&!pos: neutral
but&when&it&pos: neutral
DecisionTree learned:
!but&!lunch&!try&!though: positive
!but&!lunch&!try&though: negative
!but&!lunch&try&!bagel: positive
!but&!lunch&try&bagel: neutral
!but&lunch&!small&!been: neutral
!but&lunch&!small&been: neutral
!but&lunch&small: negative
but&!that&!wife&!at: positive
but&!that&!wife&at: neutral
but&!that&wife&!as: conflict
but&!that&wife&as: conflict
but&that&!ever&!just: positive
but&that&!ever&just: negative
but&that&ever: negative
DecisionTree learned:
!but&!lunch&!it&!with: positive
!but&!lunch&!it&with: neutral
!but&!lunch&it&!matter: negative
!but&!lunch&it&matter: conflict
!but&lunch&!been&!small: neutral
!but&lunch&!been&small: negative
!but&lunch&been: neutral
but&!at&!look&!worth: positive
but&!at&!look&worth: conflict
but&!at&look&!of: conflict
but&!at&look&of: negative
but&at&!and&!experience: negative
but&at&!and&experience: positive
but&at&and&!as: positive
but&at&and&as: neutral
DecisionTree learned:
!but&!we&!though&!matter: positive
!but&!we&!though&matter: conflict
!but&!we&though&!pos: negative
!but&!we&though&pos: conflict
!but&we&!table&!who: neutral
!but&we&!table&who: positive
!but&we&table&!bar: negative
!but&we&table&bar: neutral
but&!that&!not&!look: negative
but&!that&!not&look: conflict
but&!that&not&!for: conflict
but&!that&not&for: positive
but&that&!who&!us: negative
but&that&!who&us: positive
but&that&who: conflict
DecisionTree learned:
!but&!our&!the&!kids: neutral
!but&!our&!the&kids: conflict
!but&!our&the&!sometimes: positive
!but&!our&the&sometimes: conflict
!but&our&!that&!noodles: neutral
!but&our&!that&noodles: negative
!but&our&that&!people: negative
!but&our&that&people: neutral
but&!not&!small&!got: negative
but&!not&!small&got: neutral
but&!not&small&!there: negative
but&!not&small&there: conflict
but&not&!for&!to: conflict
but&not&!for&to: neutral
but&not&for&!experience: neutral
but&not&for&experience: positive
DecisionTree learned:
!but&!though&!far&!can: positive
!but&!though&!far&can: conflict
!but&!though&far&!by: conflict
!but&!though&far&by: positive
!but&though&!even&!your: conflict
!but&though&!even&your: negative
!but&though&even&!seated: negative
!but&though&even&seated: positive
but&!that&!pizza&!not: negative
but&!that&!pizza&not: neutral
but&!that&pizza&!to: positive
but&!that&pizza&to: positive
but&that&!are&!with: negative
but&that&!are&with: positive
but&that&are&!with: positive
but&that&are&with: neutral
DecisionTree learned:
!but&!is&!little&!great: positive
!but&!is&!little&great: positive
!but&!is&little&!also: conflict
!but&!is&little&also: neutral
!but&is&!place&!though: positive
!but&is&!place&though: conflict
!but&is&place&!the: neutral
!but&is&place&the: negative
but&!that&!not&!look: negative
but&!that&!not&look: conflict
but&!that&not&!for: conflict
but&!that&not&for: neutral
but&that&!who&!or: positive
but&that&!who&or: negative
but&that&who: conflict
DecisionTree learned:
!but&!the&!exceeded&!tho: neutral
!but&!the&!exceeded&tho: conflict
!but&!the&exceeded: conflict
!but&the&!bar&!with: positive
!but&the&!bar&with: neutral
!but&the&bar&!crowded: neutral
!but&the&bar&crowded: negative
but&!that&!not&!high: negative
but&!that&!not&high: conflict
but&!that&not&!for: conflict
but&!that&not&for: positive
but&that&!who&!my: neutral
but&that&!who&my: negative
but&that&who: conflict
DecisionTree learned:
!but&!though&!far&!it: positive
!but&!though&!far&it: negative
!but&!though&far&!by: conflict
!but&!though&far&by: positive
!but&though&!we&!pos: negative
!but&though&!we&pos: conflict
!but&though&we&!to: positive
!but&though&we&to: neutral
but&!that&!only&!price: negative
but&!that&!only&price: positive
but&!that&only&!not: neutral
but&!that&only&not: positive
but&that&!just&!ever: positive
but&that&!just&ever: negative
but&that&just&!for: negative
but&that&just&for: neutral
DecisionTree learned:
!but&!our&!far&!not: positive
!but&!our&!far&not: negative
!but&!our&far&!by: conflict
!but&!our&far&by: positive
!but&our&!other&!noodles: neutral
!but&our&!other&noodles: negative
!but&our&other: negative
but&!at&!who&!that: positive
but&!at&!who&that: negative
but&!at&who&!for: neutral
but&!at&who&for: conflict
but&at&!and&!experience: negative
but&at&!and&experience: positive
but&at&and&!as: positive
but&at&and&as: conflict
DecisionTree learned:
!but&!we&!though&!was: positive
!but&!we&!though&was: negative
!but&!we&though&!pos: negative
!but&!we&though&pos: conflict
!but&we&!bar&!table: neutral
!but&we&!bar&table: negative
!but&we&bar&!service: neutral
!but&we&bar&service: positive
but&!at&!was&!who: positive
but&!at&!was&who: conflict
but&!at&was&!our: negative
but&!at&was&our: neutral
but&at&!and&!experience: negative
but&at&!and&experience: positive
but&at&and&!as: positive
but&at&and&as: neutral
DecisionTree learned:
!but&!pos&!worth&!doing: negative
!but&!pos&!worth&doing: conflict
!but&!pos&worth&!and: conflict
!but&!pos&worth&and: negative
!but&pos&!atmosphere&!everything: positive
!but&pos&!atmosphere&everything: conflict
!but&pos&atmosphere&!they: positive
!but&pos&atmosphere&they: conflict
but&!that&!next&!reservations: positive
but&!that&!next&reservations: negative
but&!that&next&!with: neutral
but&!that&next&with: neutral
but&that&!just&!be: positive
but&that&!just&be: positive
but&that&just&!for: negative
but&that&just&for: neutral
DecisionTree learned:
!but&!try&!pos&!worth: neutral
!but&!try&!pos&worth: conflict
!but&!try&pos&!far: positive
!but&!try&pos&far: conflict
!but&try&!bagel&!still: positive
!but&try&!bagel&still: neutral
!but&try&bagel&!and: neutral
!but&try&bagel&and: neutral
but&!small&!that&!when: positive
but&!small&!that&when: neutral
but&!small&that&!are: negative
but&!small&that&are: neutral
but&small&!there&!dessert: negative
but&small&!there&dessert: negative
but&small&there&!for: conflict
but&small&there&for: conflict
DecisionTree learned:
!but&!we&!though&!the: neutral
!but&!we&!though&the: positive
!but&!we&though&!pos: negative
!but&!we&though&pos: conflict
!but&we&!order&!is: neutral
!but&we&!order&is: negative
!but&we&order&!n: neutral
!but&we&order&n: negative
but&!that&!when&!only: negative
but&!that&!when&only: positive
but&!that&when&!were: neutral
but&!that&when&were: negative
but&that&!may&!just: negative
but&that&!may&just: negative
but&that&may&!for: neutral
but&that&may&for: conflict
DecisionTree learned:
!but&!we&!the&!tho: positive
!but&!we&!the&tho: conflict
!but&!we&the&!worth: positive
!but&!we&the&worth: conflict
!but&we&!that&!cheese: neutral
!but&we&!that&cheese: neutral
!but&we&that&!a: negative
!but&we&that&a: neutral
but&!chicken&!that&!at: positive
but&!chicken&!that&at: neutral
but&!chicken&that&!experience: negative
but&!chicken&that&experience: positive
but&chicken&!with: negative
but&chicken&with: negative
DecisionTree learned:
!but&!though&!matter&!atmosphere: positive
!but&!though&!matter&atmosphere: positive
!but&!though&matter&!i: conflict
!but&!though&matter&i: conflict
!but&though&!we&!pos: negative
!but&though&!we&pos: conflict
!but&though&we&!to: positive
!but&though&we&to: neutral
but&!that&!when&!pizza: positive
but&!that&!when&pizza: positive
but&!that&when&!all: neutral
but&!that&when&all: positive
but&that&!who&!us: negative
but&that&!who&us: positive
but&that&who: conflict
DecisionTree learned:
!but&!worth&!matter&!most: positive
!but&!worth&!matter&most: positive
!but&!worth&matter&!i: conflict
!but&!worth&matter&i: conflict
!but&worth&!and&!of: conflict
!but&worth&!and&of: conflict
!but&worth&and&!enough: neutral
!but&worth&and&enough: negative
but&!that&!go&!pizza: negative
but&!that&!go&pizza: positive
but&!that&go&!is: positive
but&!that&go&is: negative
but&that&!are&!with: negative
but&that&!are&with: positive
but&that&are&!with: positive
but&that&are&with: neutral
DecisionTree learned:
!but&!can&!worth&!matter: positive
!but&!can&!worth&matter: conflict
!but&!can&worth&!and: conflict
!but&!can&worth&and: positive
!but&can&!cost&!they: negative
!but&can&!cost&they: conflict
!but&can&cost&!for: conflict
!but&can&cost&for: conflict
but&!that&!we&!what: positive
but&!that&!we&what: neutral
but&!that&we&!very: negative
but&!that&we&very: conflict
but&that&!just&!or: positive
but&that&!just&or: negative
but&that&just&!for: negative
but&that&just&for: neutral
DecisionTree learned:
!but&!far&!flavor&!most: positive
!but&!far&!flavor&most: positive
!but&!far&flavor&!of: negative
!but&!far&flavor&of: conflict
!but&far&!by&!neg: conflict
!but&far&!by&neg: positive
!but&far&by&!restaurant: positive
!but&far&by&restaurant: neutral
but&!that&!only&!when: positive
but&!that&!only&when: neutral
but&!that&only&!ordered: positive
but&!that&only&ordered: neutral
but&that&!just&!prices: negative
but&that&!just&prices: positive
but&that&just&!for: negative
but&that&just&for: neutral
DecisionTree learned:
!but&!lunch&!we&!though: positive
!but&!lunch&!we&though: negative
!but&!lunch&we&!that: neutral
!but&!lunch&we&that: negative
!but&lunch&!small&!been: neutral
!but&lunch&!small&been: neutral
!but&lunch&small: negative
but&!pizza&!that&!go: negative
but&!pizza&!that&go: positive
but&!pizza&that&!who: negative
but&!pizza&that&who: conflict
but&pizza&!make&!to: positive
but&pizza&!make&to: positive
but&pizza&make: neutral
DecisionTree learned:
!but&!pos&!worth&!house: negative
!but&!pos&!worth&house: conflict
!but&!pos&worth&!and: conflict
!but&!pos&worth&and: positive
!but&pos&!we&!small: positive
!but&pos&!we&small: negative
!but&pos&we&!were: neutral
!but&pos&we&were: positive
but&!that&!look&!not: negative
but&!that&!look&not: positive
but&!that&look&!and: neutral
but&!that&look&and: conflict
but&that&!us&!my: neutral
but&that&!us&my: negative
but&that&us&!with: positive
but&that&us&with: positive
DecisionTree learned:
!but&!although&!can&!though: positive
!but&!although&!can&though: negative
!but&!although&can&!be: conflict
!but&!although&can&be: negative
!but&although&!service&!was: neutral
!but&although&!service&was: conflict
!but&although&service&!pos: positive
!but&although&service&pos: neutral
but&!at&!worth&!small: positive
but&!at&!worth&small: negative
but&!at&worth&!and: conflict
but&!at&worth&and: positive
but&at&!and&!experience: negative
but&at&!and&experience: positive
but&at&and&!as: positive
but&at&and&as: neutral
DecisionTree learned:
!but&!although&!flavor&!is: positive
!but&!although&!flavor&is: positive
!but&!although&flavor&!of: negative
!but&!although&flavor&of: conflict
!but&although&!service&!was: neutral
!but&although&!service&was: conflict
!but&although&service&!pos: positive
!but&although&service&pos: neutral
but&!that&!eat&!wife: positive
but&!that&!eat&wife: conflict
but&!that&eat&!for: positive
but&!that&eat&for: negative
but&that&!shrimp&!ever: negative
but&that&!shrimp&ever: negative
but&that&shrimp&!of: positive
but&that&shrimp&of: positive
DecisionTree learned:
!but&!lunch&!we&!though: positive
!but&!lunch&!we&though: negative
!but&!lunch&we&!that: neutral
!but&!lunch&we&that: negative
!but&lunch&!small&!i: neutral
!but&lunch&!small&i: neutral
!but&lunch&small: negative
but&!that&!small&!when: positive
but&!that&!small&when: neutral
but&!that&small&!were: conflict
but&!that&small&were: negative
but&that&!may&!cost: negative
but&that&!may&cost: positive
but&that&may&!for: neutral
but&that&may&for: conflict
DecisionTree learned:
!but&!lunch&!husband&!is: negative
!but&!lunch&!husband&is: positive
!but&!lunch&husband&!and: conflict
!but&!lunch&husband&and: positive
!but&lunch&!small&!i: neutral
!but&lunch&!small&i: neutral
!but&lunch&small: negative
but&!only&!that&!when: negative
but&!only&!that&when: neutral
but&!only&that&!who: negative
but&!only&that&who: conflict
but&only&!food&!reservation: neutral
but&only&!food&reservation: negative
but&only&food: positive
DecisionTree learned:
!but&!though&!matter&!many: positive
!but&!though&!matter&many: conflict
!but&!though&matter&!i: conflict
!but&!though&matter&i: conflict
!but&though&!even&!it: negative
!but&though&!even&it: conflict
!but&though&even&!with: negative
!but&though&even&with: positive
but&!at&!worth&!not: positive
but&!at&!worth&not: conflict
but&!at&worth&!and: conflict
but&!at&worth&and: positive
but&at&!and&!were: negative
but&at&!and&were: neutral
but&at&and&!as: neutral
but&at&and&as: neutral
DecisionTree learned:
!but&!the&!great&!atmosphere: neutral
!but&!the&!great&atmosphere: positive
!but&!the&great: positive
!but&the&!sometimes&!bar: positive
!but&the&!sometimes&bar: neutral
!but&the&sometimes&!you: conflict
!but&the&sometimes&you: positive
but&!at&!worth&!who: positive
but&!at&!worth&who: neutral
but&!at&worth&!and: conflict
but&!at&worth&and: conflict
but&at&!and&!we: negative
but&at&!and&we: neutral
but&at&and&!as: positive
but&at&and&as: neutral
DecisionTree learned:
!but&!although&!can&!worth: positive
!but&!although&!can&worth: conflict
!but&!although&can&!cost: negative
!but&!although&can&cost: conflict
!but&although&!service&!was: neutral
!but&although&!service&was: conflict
!but&although&service&!pos: negative
!but&although&service&pos: neutral
but&!that&!when&!only: positive
but&!that&!when&only: positive
but&!that&when&!it: neutral
but&!that&when&it: neutral
but&that&!my&!to: positive
but&that&!my&to: neutral
but&that&my&!a: negative
but&that&my&a: positive
DecisionTree learned:
!but&!worth&!most&!everything: positive
!but&!worth&!most&everything: conflict
!but&!worth&most&!of: positive
!but&!worth&most&of: conflict
!but&worth&!and&!of: conflict
!but&worth&!and&of: conflict
!but&worth&and&!you: neutral
!but&worth&and&you: negative
but&!at&!look&!not: positive
but&!at&!look&not: conflict
but&!at&look&!of: conflict
but&!at&look&of: negative
but&at&!and&!we: negative
but&at&!and&we: negative
but&at&and&!as: positive
but&at&and&as: neutral
DecisionTree learned:
!but&!little&!the&!tho: neutral
!but&!little&!the&tho: conflict
!but&!little&the&!sometimes: positive
!but&!little&the&sometimes: conflict
!but&little&!also&!is: conflict
!but&little&!also&is: positive
!but&little&also: neutral
but&!that&!when&!only: negative
but&!that&!when&only: neutral
but&!that&when&!were: neutral
but&!that&when&were: neutral
but&that&!who&!you: negative
but&that&!who&you: positive
but&that&who: conflict
DecisionTree learned:
!but&!far&!little&!most: positive
!but&!far&!little&most: positive
!but&!far&little&!also: conflict
!but&!far&little&also: neutral
!but&far&!by&!neg: conflict
!but&far&!by&neg: conflict
!but&far&by&!fast: positive
!but&far&by&fast: neutral
but&!that&!go&!we: positive
but&!that&!go&we: neutral
but&!that&go&!and: positive
but&!that&go&and: positive
but&that&!shrimp&!experience: negative
but&that&!shrimp&experience: positive
but&that&shrimp&!of: positive
but&that&shrimp&of: positive
DecisionTree learned:
!but&!though&!not&!can: positive
!but&!though&!not&can: conflict
!but&!though&not&!worth: negative
!but&!though&not&worth: conflict
!but&though&!even&!pos: negative
!but&though&!even&pos: conflict
!but&though&even&!seated: negative
!but&though&even&seated: neutral
but&!that&!gem&!when: positive
but&!that&!gem&when: neutral
but&!that&gem: positive
but&that&!experience&!my: neutral
but&that&!experience&my: negative
but&that&experience&!are: positive
but&that&experience&are: conflict
DecisionTree learned:
!but&!worth&!atmosphere&!with: positive
!but&!worth&!atmosphere&with: neutral
!but&!worth&atmosphere&!they: positive
!but&!worth&atmosphere&they: conflict
!but&worth&!and&!of: conflict
!but&worth&!and&of: conflict
!but&worth&and&!enough: neutral
!but&worth&and&enough: negative
but&!only&!that&!when: positive
but&!only&!that&when: neutral
but&!only&that&!who: negative
but&!only&that&who: conflict
but&only&!food&!ordered: neutral
but&only&!food&ordered: neutral
but&only&food: positive
DecisionTree learned:
!but&!far&!it&!most: positive
!but&!far&!it&most: positive
!but&!far&it&!matter: negative
!but&!far&it&matter: conflict
!but&far&!by&!neg: conflict
!but&far&!by&neg: conflict
!but&far&by&!fast: positive
!but&far&by&fast: neutral
but&!that&!only&!at: negative
but&!that&!only&at: neutral
but&!that&only&!was: neutral
but&!that&only&was: positive
but&that&!who&!tasty: positive
but&that&!who&tasty: neutral
but&that&who: conflict
DecisionTree learned:
!but&!our&!little&!the: neutral
!but&!our&!little&the: positive
!but&!our&little&!also: conflict
!but&!our&little&also: neutral
!but&our&!service&!both: neutral
!but&our&!service&both: neutral
!but&our&service&!so: positive
!but&our&service&so: negative
but&!that&!when&!our: positive
but&!that&!when&our: neutral
but&!that&when&!all: neutral
but&!that&when&all: negative
but&that&!shrimp&!experience: neutral
but&that&!shrimp&experience: positive
but&that&shrimp&!of: positive
but&that&shrimp&of: positive
DecisionTree learned:
!but&!service&!although&!our: positive
!but&!service&!although&our: neutral
!but&!service&although&!was: neutral
!but&!service&although&was: conflict
!but&service&!a&!neg: positive
!but&service&!a&neg: negative
!but&service&a&!who: positive
!but&service&a&who: negative
but&!that&!not&!only: negative
but&!that&!not&only: neutral
but&!that&not&!for: conflict
but&!that&not&for: neutral
but&that&!just&!ever: positive
but&that&!just&ever: negative
but&that&just&!for: negative
but&that&just&for: neutral
DecisionTree learned:
!but&!do&!service&!was: positive
!but&!do&!service&was: negative
!but&!do&service&!and: negative
!but&!do&service&and: positive
!but&do&!food&!their: negative
!but&do&!food&their: neutral
!but&do&food&!restaurant: negative
!but&do&food&restaurant: positive
but&!that&!chicken&!sum: positive
but&!that&!chicken&sum: neutral
but&!that&chicken&!with: negative
but&!that&chicken&with: negative
but&that&!from&!little: positive
but&that&!from&little: negative
but&that&from&!for: neutral
but&that&from&for: negative
DecisionTree learned:
!but&!though&!matter&!exclaimed: positive
!but&!though&!matter&exclaimed: conflict
!but&!though&matter&!i: conflict
!but&!though&matter&i: conflict
!but&though&!it&!a: conflict
!but&though&!it&a: negative
!but&though&it&!was: conflict
!but&though&it&was: positive
but&!at&!that&!when: negative
but&!at&!that&when: neutral
but&!at&that&!an: negative
but&!at&that&an: neutral
but&at&!and&!we: negative
but&at&!and&we: neutral
but&at&and&!as: positive
but&at&and&as: neutral
DecisionTree learned:
!but&!house&!we&!rest: positive
!but&!house&!we&rest: conflict
!but&!house&we&!order: neutral
!but&!house&we&order: negative
!but&house&!a&!on: conflict
!but&house&!a&on: positive
!but&house&a&!worth: positive
!but&house&a&worth: neutral
but&!that&!small&!reservations: positive
but&!that&!small&reservations: negative
but&!that&small&!were: conflict
but&!that&small&were: negative
but&that&!ever&!just: positive
but&that&!ever&just: neutral
but&that&ever: negative
DecisionTree learned:
!but&!little&!is&!can: negative
!but&!little&!is&can: conflict
!but&!little&is&!far: positive
!but&!little&is&far: conflict
!but&little&!also&!time: positive
!but&little&!also&time: conflict
!but&little&also: neutral
but&!that&!eat&!not: negative
but&!that&!eat&not: conflict
but&!that&eat&!for: positive
but&!that&eat&for: negative
but&that&!shrimp&!who: negative
but&that&!shrimp&who: conflict
but&that&shrimp&!of: positive
but&that&shrimp&of: positive
DecisionTree learned:
!but&!little&!is&!husband: negative
!but&!little&!is&husband: positive
!but&!little&is&!far: positive
!but&!little&is&far: conflict
!but&little&!also&!time: positive
!but&little&!also&time: conflict
!but&little&also: neutral
but&!at&!that&!only: positive
but&!at&!that&only: positive
but&!at&that&!who: neutral
but&!at&that&who: conflict
but&at&!and&!experience: negative
but&at&!and&experience: positive
but&at&and&!as: neutral
but&at&and&as: neutral
DecisionTree learned:
!but&!little&!worth&!sometimes: positive
!but&!little&!worth&sometimes: conflict
!but&!little&worth&!and: conflict
!but&!little&worth&and: neutral
!but&little&!also&!time: positive
!but&little&!also&time: conflict
!but&little&also: neutral
but&!small&!what&!only: positive
but&!small&!what&only: neutral
but&!small&what&!of: neutral
but&!small&what&of: neutral
but&small&!a&!for: negative
but&small&!a&for: negative
but&small&a&!table: conflict
but&small&a&table: positive
DecisionTree learned:
!but&!we&!rest&!though: positive
!but&!we&!rest&though: conflict
!but&!we&rest&!neg: conflict
!but&!we&rest&neg: conflict
!but&we&!order&!is: neutral
!but&we&!order&is: negative
!but&we&order&!of: negative
!but&we&order&of: negative
but&!that&!eat&!not: negative
but&!that&!eat&not: conflict
but&!that&eat&!for: positive
but&!that&eat&for: negative
but&that&!are&!with: negative
but&that&!are&with: positive
but&that&are&!with: positive
but&that&are&with: neutral
DecisionTree learned:
!but&!we&!rest&!most: positive
!but&!we&!rest&most: positive
!but&!we&rest&!neg: conflict
!but&!we&rest&neg: conflict
!but&we&!bar&!before: neutral
!but&we&!bar&before: negative
!but&we&bar&!service: neutral
!but&we&bar&service: positive
but&!at&!worth&!look: positive
but&!at&!worth&look: conflict
but&!at&worth&!and: conflict
but&!at&worth&and: positive
but&at&!and&!all: neutral
but&at&!and&all: negative
but&at&and&!as: positive
but&at&and&as: neutral
DecisionTree learned:
!but&!far&!it&!most: positive
!but&!far&!it&most: conflict
!but&!far&it&!little: negative
!but&!far&it&little: conflict
!but&far&!by&!neg: conflict
!but&far&!by&neg: conflict
!but&far&by&!restaurant: positive
!but&far&by&restaurant: neutral
but&!that&!chicken&!high: positive
but&!that&!chicken&high: conflict
but&!that&chicken&!with: negative
but&!that&chicken&with: negative
but&that&!are&!with: negative
but&that&!are&with: positive
but&that&are&!with: positive
but&that&are&with: neutral
DecisionTree learned:
!but&!lunch&!we&!was: positive
!but&!lunch&!we&was: negative
!but&!lunch&we&!order: neutral
!but&!lunch&we&order: negative
!but&lunch&!small&!because: neutral
!but&lunch&!small&because: negative
!but&lunch&small: negative
but&!at&!look&!worth: positive
but&!at&!look&worth: conflict
but&!at&look&!of: conflict
but&!at&look&of: negative
but&at&!and&!we: negative
but&at&!and&we: neutral
but&at&and&!as: positive
but&at&and&as: neutral
DecisionTree learned:
!but&!though&!far&!matter: positive
!but&!though&!far&matter: conflict
!but&!though&far&!by: conflict
!but&!though&far&by: positive
!but&though&!your&!even: conflict
!but&though&!your&even: negative
!but&though&your&!pos: negative
!but&though&your&pos: negative
but&!that&!at&!when: positive
but&!that&!at&when: neutral
but&!that&at&!and: neutral
but&!that&at&and: neutral
but&that&!prices&!shrimp: negative
but&that&!prices&shrimp: positive
but&that&prices&!neg: neutral
but&that&prices&neg: positive
DecisionTree learned:
!but&!pos&!house&!worth: negative
!but&!pos&!house&worth: conflict
!but&!pos&house: conflict
!but&pos&!we&!though: positive
!but&pos&!we&though: conflict
!but&pos&we&!were: neutral
!but&pos&we&were: positive
but&!that&!small&!wife: positive
but&!that&!small&wife: conflict
but&!that&small&!a: positive
but&!that&small&a: conflict
but&that&!ever&!just: positive
but&that&!ever&just: negative
but&that&ever: negative
DecisionTree learned:
!but&!worth&!pos&!house: negative
!but&!worth&!pos&house: conflict
!but&!worth&pos&!little: positive
!but&!worth&pos&little: conflict
!but&worth&!and&!prices: conflict
!but&worth&!and&prices: negative
!but&worth&and&!with: neutral
!but&worth&and&with: negative
but&!when&!that&!only: positive
but&!when&!that&only: positive
but&!when&that&!ever: positive
but&!when&that&ever: negative
but&when&!at&!table: neutral
but&when&!at&table: neutral
but&when&at&!were: positive
but&when&at&were: neutral
DecisionTree learned:
!but&!sometimes&!far&!can: positive
!but&!sometimes&!far&can: conflict
!but&!sometimes&far&!by: conflict
!but&!sometimes&far&by: positive
!but&sometimes&!food&!and: positive
!but&sometimes&!food&and: conflict
!but&sometimes&food&!neg: neutral
!but&sometimes&food&neg: negative
but&!that&!only&!at: positive
but&!that&!only&at: neutral
but&!that&only&!not: neutral
but&!that&only&not: positive
but&that&!are&!with: negative
but&that&!are&with: positive
but&that&are&!with: positive
but&that&are&with: neutral
DecisionTree learned:
!but&!our&!it&!most: positive
!but&!our&!it&most: conflict
!but&!our&it&!matter: negative
!but&!our&it&matter: conflict
!but&our&!order&!noodles: neutral
!but&our&!order&noodles: negative
!but&our&order&!that: negative
!but&our&order&that: negative
but&!at&!worth&!look: positive
but&!at&!worth&look: conflict
but&!at&worth&!and: conflict
but&!at&worth&and: positive
but&at&!and&!all: neutral
but&at&!and&all: negative
but&at&and&!as: positive
but&at&and&as: neutral
DecisionTree learned:
!but&!although&!though&!atmosphere: positive
!but&!although&!though&atmosphere: positive
!but&!although&though&!your: conflict
!but&!although&though&your: negative
!but&although&!service&!was: neutral
!but&although&!service&was: conflict
!but&although&service&!pos: positive
!but&although&service&pos: neutral
but&!that&!no&!when: positive
but&!that&!no&when: neutral
but&!that&no&!music: neutral
but&!that&no&music: positive
but&that&!who&!so: neutral
but&that&!who&so: negative
but&that&who: conflict
DecisionTree learned:
!but&!can&!little&!is: neutral
!but&!can&!little&is: positive
!but&!can&little&!pos: neutral
!but&!can&little&pos: conflict
!but&can&!cost&!they: negative
!but&can&!cost&they: conflict
!but&can&cost&!for: conflict
!but&can&cost&for: conflict
but&!that&!gem&!wife: negative
but&!that&!gem&wife: conflict
but&!that&gem: positive
but&that&!who&!us: neutral
but&that&!who&us: positive
but&that&who: conflict
DecisionTree learned:
!but&!exclaimed&!sometimes&!it: positive
!but&!exclaimed&!sometimes&it: negative
!but&!exclaimed&sometimes&!food: conflict
!but&!exclaimed&sometimes&food: negative
!but&exclaimed: conflict
but&!at&!that&!about: positive
but&!at&!that&about: negative
but&!at&that&!was: neutral
but&!at&that&was: negative
but&at&!and&!we: negative
but&at&!and&we: neutral
but&at&and&!as: positive
but&at&and&as: neutral
DecisionTree learned:
!but&!we&!rest&!commission: positive
!but&!we&!rest&commission: conflict
!but&!we&rest&!neg: conflict
!but&!we&rest&neg: conflict
!but&we&!bar&!table: neutral
!but&we&!bar&table: negative
!but&we&bar&!service: neutral
!but&we&bar&service: positive
but&!that&!small&!not: negative
but&!that&!small&not: conflict
but&!that&small&!there: negative
but&!that&small&there: conflict
but&that&!are&!bit: negative
but&that&!are&bit: positive
but&that&are&!with: positive
but&that&are&with: neutral
DecisionTree learned:
!but&!though&!eats&!little: positive
!but&!though&!eats&little: conflict
!but&!though&eats&!for: conflict
!but&!though&eats&for: positive
!but&though&!we&!pos: negative
!but&though&!we&pos: conflict
!but&though&we&!to: positive
!but&though&we&to: neutral
but&!that&!when&!only: positive
but&!that&!when&only: neutral
but&!that&when&!were: neutral
but&!that&when&were: negative
but&that&!are&!with: negative
but&that&!are&with: positive
but&that&are&!with: positive
but&that&are&with: neutral
DecisionTree learned:
!but&!the&!kids&!exceeded: neutral
!but&!the&!kids&exceeded: conflict
!but&!the&kids: conflict
!but&the&!sometimes&!bar: positive
!but&the&!sometimes&bar: neutral
!but&the&sometimes&!you: conflict
!but&the&sometimes&you: positive
but&!only&!that&!when: negative
but&!only&!that&when: neutral
but&!only&that&!who: positive
but&!only&that&who: conflict
but&only&!was&!ordered: neutral
but&only&!was&ordered: neutral
but&only&was&!because: positive
but&only&was&because: negative
DecisionTree learned:
!but&!it&!most&!with: positive
!but&!it&!most&with: neutral
!but&!it&most&!of: negative
!but&!it&most&of: conflict
!but&it&!matter&!price: negative
!but&it&!matter&price: conflict
!but&it&matter&!i: conflict
!but&it&matter&i: conflict
but&!at&!was&!atmosphere: positive
but&!at&!was&atmosphere: neutral
but&!at&was&!so: conflict
but&!at&was&so: negative
but&at&!and&!we: positive
but&at&!and&we: neutral
but&at&and&!as: neutral
but&at&and&as: neutral
DecisionTree learned:
!but&!we&!though&!matter: positive
!but&!we&!though&matter: conflict
!but&!we&though&!pos: negative
!but&!we&though&pos: conflict
!but&we&!before&!is: neutral
!but&we&!before&is: negative
!but&we&before&!about: negative
!but&we&before&about: negative
but&!that&!only&!when: positive
but&!that&!only&when: neutral
but&!that&only&!food: neutral
but&!that&only&food: positive
but&that&!who&!us: neutral
but&that&!who&us: positive
but&that&who: conflict
DecisionTree learned:
!but&!we&!though&!matter: positive
!but&!we&!though&matter: conflict
!but&!we&though&!pos: negative
!but&!we&though&pos: conflict
!but&we&!is&!cheese: neutral
!but&we&!is&cheese: neutral
!but&we&is&!attentive: negative
!but&we&is&attentive: positive
but&!that&!only&!wife: negative
but&!that&!only&wife: conflict
but&!that&only&!food: neutral
but&!that&only&food: positive
but&that&!my&!who: positive
but&that&!my&who: conflict
but&that&my&!a: negative
but&that&my&a: positive
DecisionTree learned:
!but&!house&!pos&!worth: negative
!but&!house&!pos&worth: conflict
!but&!house&pos&!pub: positive
!but&!house&pos&pub: conflict
!but&house&!a&!on: conflict
!but&house&!a&on: positive
!but&house&a&!worth: positive
!but&house&a&worth: neutral
but&!that&!not&!small: negative
but&!that&!not&small: conflict
but&!that&not&!for: conflict
but&!that&not&for: neutral
but&that&!who&!just: positive
but&that&!who&just: negative
but&that&who: conflict
DecisionTree learned:
!but&!far&!it&!most: positive
!but&!far&!it&most: conflict
!but&!far&it&!little: negative
!but&!far&it&little: conflict
!but&far&!by&!neg: conflict
!but&far&!by&neg: conflict
!but&far&by&!fast: positive
!but&far&by&fast: neutral
but&!that&!no&!when: positive
but&!that&!no&when: neutral
but&!that&no&!music: neutral
but&!that&no&music: negative
but&that&!just&!ever: positive
but&that&!just&ever: negative
but&that&just&!for: negative
but&that&just&for: neutral
DecisionTree learned:
!but&!we&!rest&!was: positive
!but&!we&!rest&was: negative
!but&!we&rest&!neg: conflict
!but&!we&rest&neg: conflict
!but&we&!order&!is: neutral
!but&we&!order&is: negative
!but&we&order&!that: neutral
!but&we&order&that: negative
but&!that&!at&!times: positive
but&!that&!at&times: neutral
but&!that&at&!and: negative
but&!that&at&and: neutral
but&that&!experience&!us: neutral
but&that&!experience&us: positive
but&that&experience&!are: positive
but&that&experience&are: conflict
DecisionTree learned:
!but&!can&!little&!though: positive
!but&!can&!little&though: negative
!but&!can&little&!also: conflict
!but&!can&little&also: neutral
!but&can&!cost&!they: negative
!but&can&!cost&they: conflict
!but&can&cost&!for: conflict
!but&can&cost&for: conflict
but&!who&!that&!could: positive
but&!who&!that&could: negative
but&!who&that&!just: positive
but&!who&that&just: negative
but&who&!for&!neg: neutral
but&who&!for&neg: negative
but&who&for&!they: conflict
but&who&for&they: negative
DecisionTree learned:
!but&!worth&!most&!was: positive
!but&!worth&!most&was: negative
!but&!worth&most&!of: positive
!but&!worth&most&of: conflict
!but&worth&!and&!of: conflict
!but&worth&!and&of: conflict
!but&worth&and&!enough: neutral
!but&worth&and&enough: positive
but&!small&!spectacular&!that: negative
but&!small&!spectacular&that: neutral
but&!small&spectacular&!neg: neutral
but&!small&spectacular&neg: neutral
but&small&!a&!are: negative
but&small&!a&are: positive
but&small&a&!table: conflict
but&small&a&table: positive
DecisionTree learned:
!but&!worth&!pos&!house: negative
!but&!worth&!pos&house: conflict
!but&!worth&pos&!everything: positive
!but&!worth&pos&everything: conflict
!but&worth&!and&!of: conflict
!but&worth&!and&of: conflict
!but&worth&and&!with: positive
!but&worth&and&with: negative
but&!that&!at&!sum: positive
but&!that&!at&sum: neutral
but&!that&at&!and: negative
but&!that&at&and: neutral
but&that&!who&!just: positive
but&that&!who&just: negative
but&that&who: conflict
DecisionTree learned:
!but&!we&!though&!flavor: positive
!but&!we&!though&flavor: negative
!but&!we&though&!pos: negative
!but&!we&though&pos: conflict
!but&we&!that&!cheese: neutral
!but&we&!that&cheese: neutral
!but&we&that&!a: negative
!but&we&that&a: neutral
but&!that&!spectacular&!when: positive
but&!that&!spectacular&when: neutral
but&!that&spectacular&!neg: neutral
but&!that&spectacular&neg: neutral
but&that&!shrimp&!bit: negative
but&that&!shrimp&bit: positive
but&that&shrimp&!of: positive
but&that&shrimp&of: positive
DecisionTree learned:
!but&!far&!lunch&!worth: positive
!but&!far&!lunch&worth: conflict
!but&!far&lunch&!small: neutral
!but&!far&lunch&small: negative
!but&far&!by&!pos: positive
!but&far&!by&pos: conflict
!but&far&by&!fast: positive
!but&far&by&fast: neutral
but&!that&!at&!worth: negative
but&!that&!at&worth: conflict
but&!that&at&!and: negative
but&!that&at&and: neutral
but&that&!just&!ever: positive
but&that&!just&ever: negative
but&that&just&!for: negative
but&that&just&for: neutral
DecisionTree learned:
!but&!can&!worth&!pos: negative
!but&!can&!worth&pos: positive
!but&!can&worth&!and: conflict
!but&!can&worth&and: positive
!but&can&!cost&!they: negative
!but&can&!cost&they: conflict
!but&can&cost&!for: conflict
!but&can&cost&for: conflict
but&!at&!worth&!times: positive
but&!at&!worth&times: neutral
but&!at&worth&!and: conflict
but&!at&worth&and: conflict
but&at&!and&!all: neutral
but&at&!and&all: negative
but&at&and&!as: neutral
but&at&and&as: conflict
DecisionTree learned:
!but&!it&!with&!most: positive
!but&!it&!with&most: conflict
!but&!it&with&!restaurants: neutral
!but&!it&with&restaurants: negative
!but&it&!kids&!price: negative
!but&it&!kids&price: conflict
!but&it&kids: conflict
but&!that&!at&!no: negative
but&!that&!at&no: neutral
but&!that&at&!and: negative
but&!that&at&and: positive
but&that&!from&!tasty: positive
but&that&!from&tasty: neutral
but&that&from&!with: negative
but&that&from&with: neutral
DecisionTree learned:
!but&!eats&!most&!little: positive
!but&!eats&!most&little: conflict
!but&!eats&most&!of: negative
!but&!eats&most&of: conflict
!but&eats&!for: conflict
!but&eats&for: positive
but&!small&!what&!who: positive
but&!small&!what&who: neutral
but&!small&what&!for: neutral
but&!small&what&for: neutral
but&small&!a&!are: negative
but&small&!a&are: positive
but&small&a&!table: conflict
but&small&a&table: positive
Trial 0 Training cc.mallet.classify.AdaBoostM2Trainer@781f6226 finished
Trial 0 Trainer cc.mallet.classify.AdaBoostM2Trainer@781f6226 test data accuracy = 0.5834464043419267

NaiveBayesTrainer
Summary. test accuracy mean = 0.5590230664857531 stddev = 0.0 stderr = 0.0

MaxEntTrainer,gaussianPriorVariance=1.0
Summary. test accuracy mean = 0.6309362279511533 stddev = 0.0 stderr = 0.0

cc.mallet.classify.DecisionTreeTrainer@2b2d96f2
Summary. test accuracy mean = 0.5739484396200815 stddev = 0.0 stderr = 0.0

cc.mallet.classify.AdaBoostM2Trainer@781f6226
Summary. test accuracy mean = 0.5834464043419267 stddev = 0.0 stderr = 0.0
