
-------------------- Trial 0  --------------------

Trial 0 Training NaiveBayesTrainer with 2956 instances
Trial 0 Training NaiveBayesTrainer finished
Trial 0 Trainer NaiveBayesTrainer test data accuracy = 0.5888738127544098
Trial 0 Training MaxEntTrainer,gaussianPriorVariance=1.0 with 2956 instances
Trial 0 Training MaxEntTrainer,gaussianPriorVariance=1.0 finished
Trial 0 Trainer MaxEntTrainer,gaussianPriorVariance=1.0 test data accuracy = 0.6377204884667571
Trial 0 Training cc.mallet.classify.DecisionTreeTrainer@38b5dac4 with 2956 instances
DecisionTree learned:
!but&!not&!great&!is: positive
!but&!not&!great&is: positive
!but&!not&great&!three: positive
!but&!not&great&three: negative
!but&not&!was&!are: positive
!but&not&!was&are: negative
!but&not&was&!tip: negative
!but&not&was&tip: neutral
but&!ever&!who&!only: positive
but&!ever&!who&only: positive
but&!ever&who&!reservation: neutral
but&!ever&who&reservation: negative
but&ever: negative
Trial 0 Training cc.mallet.classify.DecisionTreeTrainer@38b5dac4 finished
Trial 0 Trainer cc.mallet.classify.DecisionTreeTrainer@38b5dac4 test data accuracy = 0.5861601085481682
Trial 0 Training cc.mallet.classify.AdaBoostM2Trainer@7e78fc6 with 2956 instances
DecisionTree learned:
!but&!not&!great&!excellent: positive
!but&!not&!great&excellent: positive
!but&!not&great&!three: positive
!but&!not&great&three: negative
!but&not&!was&!are: positive
!but&not&!was&are: negative
!but&not&was&!sapphire: negative
!but&not&was&sapphire: positive
but&!ever&!who&!worth: positive
but&!ever&!who&worth: conflict
but&!ever&who&!reservation: neutral
but&!ever&who&reservation: negative
but&ever: negative
DecisionTree learned:
!but&!not&!great&!is: positive
!but&!not&!great&is: positive
!but&!not&great&!glass: positive
!but&!not&great&glass: neutral
!but&not&!was&!reviews: positive
!but&not&!was&reviews: neutral
!but&not&was&!sapphire: negative
!but&not&was&sapphire: positive
but&!only&!who&!that: positive
but&!only&!who&that: negative
but&!only&who&!of: neutral
but&!only&who&of: negative
but&only&!ordered&!house: positive
but&only&!ordered&house: neutral
but&only&ordered: neutral
DecisionTree learned:
!but&!was&!friendly&!though: positive
!but&!was&!friendly&though: negative
!but&!was&friendly&!server: positive
!but&!was&friendly&server: neutral
!but&was&!not&!delicious: positive
!but&was&!not&delicious: positive
!but&was&not&!tip: negative
!but&was&not&tip: neutral
but&!expensive&!we&!ever: positive
but&!expensive&!we&ever: negative
but&!expensive&we&!never: neutral
but&!expensive&we&never: positive
but&expensive&!our&!food: conflict
but&expensive&!our&food: negative
but&expensive&our: neutral
DecisionTree learned:
!but&!excellent&!friendly&!not: positive
!but&!excellent&!friendly&not: negative
!but&!excellent&friendly&!is: positive
!but&!excellent&friendly&is: positive
!but&excellent&!meal&!moules: positive
!but&excellent&!meal&moules: negative
!but&excellent&meal&!dishes: positive
!but&excellent&meal&dishes: conflict
but&!next&!not&!expensive: positive
but&!next&!not&expensive: conflict
but&!next&not&!than: positive
but&!next&not&than: neutral
but&next&!for&!bar: neutral
but&next&!for&bar: neutral
but&next&for: negative
DecisionTree learned:
!but&!our&!friendly&!excellent: positive
!but&!our&!friendly&excellent: positive
!but&!our&friendly&!barely: positive
!but&!our&friendly&barely: conflict
!but&our&!order&!mean: neutral
!but&our&!order&mean: negative
!but&our&order&!that: negative
!but&our&order&that: negative
but&!we&!wait&!special: positive
but&!we&!wait&special: neutral
but&!we&wait&!a: positive
but&!we&wait&a: neutral
but&we&!got&!very: neutral
but&we&!got&very: negative
but&we&got&!with: negative
but&we&got&with: neutral
DecisionTree learned:
!but&!great&!was&!though: positive
!but&!great&!was&though: negative
!but&!great&was&!delicious: negative
!but&!great&was&delicious: positive
!but&great&!want&!entrees: positive
!but&great&!want&entrees: negative
!but&great&want&!this: negative
!but&great&want&this: positive
but&!who&!that&!only: positive
but&!who&!that&only: positive
but&!who&that&!my: negative
but&!who&that&my: negative
but&who&!for&!reservation: neutral
but&who&!for&reservation: negative
but&who&for&!food: conflict
but&who&for&food: negative
DecisionTree learned:
!but&!not&!great&!is: positive
!but&!not&!great&is: positive
!but&!not&great&!for: positive
!but&!not&great&for: positive
!but&not&!worth&!wo: negative
!but&not&!worth&wo: positive
!but&not&worth&!with: negative
!but&not&worth&with: conflict
but&!small&!only&!other: positive
but&!small&!only&other: conflict
but&!small&only&!was: neutral
but&!small&only&was: positive
but&small&!a&!portion: positive
but&small&!a&portion: negative
but&small&a&!were: conflict
but&small&a&were: negative
DecisionTree learned:
!but&!friendly&!try&!is: positive
!but&!friendly&!try&is: positive
!but&!friendly&try&!spread: positive
!but&!friendly&try&spread: neutral
!but&friendly&!is&!server: positive
!but&friendly&!is&server: neutral
!but&friendly&is&!there: positive
!but&friendly&is&there: conflict
but&!that&!we&!parm: positive
but&!that&!we&parm: negative
but&!that&we&!lunch: negative
but&!that&we&lunch: conflict
but&that&!us&!my: negative
but&that&!us&my: negative
but&that&us&!filet: positive
but&that&us&filet: negative
DecisionTree learned:
!but&!friendly&!not&!rude: positive
!but&!friendly&!not&rude: negative
!but&!friendly&not&!worth: negative
!but&!friendly&not&worth: negative
!but&friendly&!is&!still: positive
!but&friendly&!is&still: neutral
!but&friendly&is&!out: positive
!but&friendly&is&out: conflict
but&!wait&!who&!that: positive
but&!wait&!who&that: negative
but&!wait&who&!of: neutral
but&!wait&who&of: negative
but&wait&!tables&!manager: positive
but&wait&!tables&manager: neutral
but&wait&tables: neutral
DecisionTree learned:
!but&!great&!delicious&!best: positive
!but&!great&!delicious&best: positive
!but&!great&delicious&!to: positive
!but&!great&delicious&to: positive
!but&great&!want&!for: positive
!but&great&!want&for: positive
!but&great&want&!this: negative
!but&great&want&this: positive
but&!at&!look&!worth: positive
but&!at&!look&worth: conflict
but&!at&look&!places: negative
but&!at&look&places: conflict
but&at&!and&!were: negative
but&at&!and&were: neutral
but&at&and&!corriander: neutral
but&at&and&corriander: conflict
DecisionTree learned:
!but&!friendly&!try&!excellent: positive
!but&!friendly&!try&excellent: positive
!but&!friendly&try&!family: positive
!but&!friendly&try&family: neutral
!but&friendly&!is&!server: positive
!but&friendly&!is&server: neutral
!but&friendly&is&!there: positive
!but&friendly&is&there: conflict
but&!high&!only&!that: positive
but&!high&!only&that: negative
but&!high&only&!and: positive
but&!high&only&and: neutral
but&high&!and&!for: conflict
but&high&!and&for: negative
but&high&and: negative
DecisionTree learned:
!but&!delicious&!good&!was: positive
!but&!delicious&!good&was: negative
!but&!delicious&good&!i: positive
!but&!delicious&good&i: negative
!but&delicious&!pho&!that: positive
!but&delicious&!pho&that: positive
!but&delicious&pho&!vegtables: positive
!but&delicious&pho&vegtables: negative
but&!only&!that&!when: positive
but&!only&!that&when: neutral
but&!only&that&!who: negative
but&!only&that&who: conflict
but&only&!was&!ordered: positive
but&only&!was&ordered: neutral
but&only&was&!back: positive
but&only&was&back: negative
DecisionTree learned:
!but&!great&!try&!the: positive
!but&!great&!try&the: positive
!but&!great&try&!family: positive
!but&!great&try&family: neutral
!but&great&!not&!kids: positive
!but&great&!not&kids: conflict
!but&great&not&!that: conflict
!but&great&not&that: negative
but&!who&!that&!we: positive
but&!who&!that&we: negative
but&!who&that&!ever: positive
but&!who&that&ever: negative
but&who&!for&!reservation: neutral
but&who&!for&reservation: negative
but&who&for&!of: conflict
but&who&for&of: negative
DecisionTree learned:
!but&!excellent&!the&!went: positive
!but&!excellent&!the&went: neutral
!but&!excellent&the&!our: positive
!but&!excellent&the&our: neutral
!but&excellent&!for&!moules: positive
!but&excellent&!for&moules: negative
!but&excellent&for&!atmosphere: positive
!but&excellent&for&atmosphere: negative
but&!small&!wife&!at: positive
but&!small&!wife&at: neutral
but&!small&wife&!like: conflict
but&!small&wife&like: negative
but&small&!there&!dessert: negative
but&small&!there&dessert: negative
but&small&there&!for: conflict
but&small&there&for: conflict
DecisionTree learned:
!but&!the&!great&!tho: neutral
!but&!the&!great&tho: conflict
!but&!the&great&!entrees: positive
!but&!the&great&entrees: negative
!but&the&!is&!delicious: positive
!but&the&!is&delicious: positive
!but&the&is&!rest: positive
!but&the&is&rest: conflict
but&!high&!who&!that: positive
but&!high&!who&that: negative
but&!high&who&!of: conflict
but&!high&who&of: negative
but&high&!and&!for: conflict
but&high&!and&for: negative
but&high&and: negative
DecisionTree learned:
!but&!though&!matter&!friendly: positive
!but&!though&!matter&friendly: positive
!but&!though&matter&!ambience: conflict
!but&!though&matter&ambience: neutral
!but&though&!your&!even: conflict
!but&though&!your&even: negative
!but&though&your&!atomosphere: negative
!but&though&your&atomosphere: negative
but&!at&!worth&!look: positive
but&!at&!worth&look: conflict
but&!at&worth&!price: conflict
but&!at&worth&price: positive
but&at&!and&!all: neutral
but&at&!and&all: negative
but&at&and&!corriander: positive
but&at&and&corriander: conflict
DecisionTree learned:
!but&!well&!friendly&!best: positive
!but&!well&!friendly&best: positive
!but&!well&friendly&!is: positive
!but&!well&friendly&is: positive
!but&well&!far&!may: positive
!but&well&!far&may: conflict
!but&well&far&!service: conflict
!but&well&far&service: positive
but&!when&!that&!wait: positive
but&!when&!that&wait: neutral
but&!when&that&!just: positive
but&!when&that&just: negative
but&when&!dumplings&!all: neutral
but&when&!dumplings&all: positive
but&when&dumplings: negative
DecisionTree learned:
!but&!though&!matter&!not: positive
!but&!though&!matter&not: negative
!but&!though&matter&!ambience: conflict
!but&!though&matter&ambience: neutral
!but&though&!even&!it: negative
!but&though&!even&it: conflict
!but&though&even&!the: negative
!but&though&even&the: positive
but&!we&!that&!thai: positive
but&!we&!that&thai: conflict
but&!we&that&!experience: negative
but&!we&that&experience: positive
but&we&!very&!quickly: neutral
but&we&!very&quickly: positive
but&we&very&!frites: negative
but&we&very&frites: positive
DecisionTree learned:
!but&!do&!was&!though: positive
!but&!do&!was&though: negative
!but&!do&was&!attentive: negative
!but&!do&was&attentive: positive
!but&do&!comment&!what: negative
!but&do&!comment&what: neutral
!but&do&comment: neutral
but&!at&!only&!who: positive
but&!at&!only&who: neutral
but&!at&only&!was: neutral
but&!at&only&was: positive
but&at&!and&!we: positive
but&at&!and&we: neutral
but&at&and&!corriander: neutral
but&at&and&corriander: conflict
DecisionTree learned:
!but&!though&!great&!matter: positive
!but&!though&!great&matter: conflict
!but&!though&great&!not: positive
!but&!though&great&not: conflict
!but&though&!it&!fine: negative
!but&though&!it&fine: positive
!but&though&it&!the: negative
!but&though&it&the: conflict
but&!wait&!that&!when: positive
but&!wait&!that&when: neutral
but&!wait&that&!my: positive
but&!wait&that&my: negative
but&wait&!a: positive
but&wait&a&!table: neutral
but&wait&a&table: positive
DecisionTree learned:
!but&!fine&!worth&!friendly: positive
!but&!fine&!worth&friendly: positive
!but&!fine&worth&!and: conflict
!but&!fine&worth&and: positive
!but&fine&!had&!fish: positive
!but&fine&!had&fish: positive
!but&fine&had&!salmon: conflict
!but&fine&had&salmon: negative
but&!rudely&!places&!wait: negative
but&!rudely&!places&wait: neutral
but&!rudely&places&!and: positive
but&!rudely&places&and: conflict
but&rudely&!service: conflict
but&rudely&service: negative
DecisionTree learned:
!but&!it&!good&!friendly: positive
!but&!it&!good&friendly: positive
!but&!it&good&!food: positive
!but&!it&good&food: negative
!but&it&!matter&!though: negative
!but&it&!matter&though: conflict
!but&it&matter&!ambience: conflict
!but&it&matter&ambience: neutral
but&!at&!look&!worth: positive
but&!at&!look&worth: conflict
but&!at&look&!places: negative
but&!at&look&places: conflict
but&at&!and&!experience: negative
but&at&!and&experience: positive
but&at&and&!corriander: positive
but&at&and&corriander: conflict
DecisionTree learned:
!but&!fine&!friendly&!well: positive
!but&!fine&!friendly&well: positive
!but&!fine&friendly&!is: positive
!but&!fine&friendly&is: positive
!but&fine&!salmon&!had: positive
!but&fine&!salmon&had: conflict
!but&fine&salmon&!price: neutral
!but&fine&salmon&price: negative
but&!at&!look&!worth: positive
but&!at&!look&worth: conflict
but&!at&look&!of: conflict
but&!at&look&of: negative
but&at&!and&!us: negative
but&at&!and&us: neutral
but&at&and&!corriander: neutral
but&at&and&corriander: conflict
DecisionTree learned:
!but&!worth&!was&!house: positive
!but&!worth&!was&house: conflict
!but&!worth&was&!attentive: negative
!but&!worth&was&attentive: positive
!but&worth&!and&!well: conflict
!but&worth&!and&well: positive
!but&worth&and&!atomosphere: positive
!but&worth&and&atomosphere: negative
but&!at&!look&!not: positive
but&!at&!look&not: positive
but&!at&look&!places: conflict
but&!at&look&places: conflict
but&at&!and&!experience: negative
but&at&!and&experience: positive
but&at&and&!as: positive
but&at&and&as: neutral
DecisionTree learned:
!but&!try&!do&!good: positive
!but&!try&!do&good: positive
!but&!try&do&!what: negative
!but&!try&do&what: neutral
!but&try&!dining&!time: positive
!but&try&!dining&time: neutral
!but&try&dining: neutral
but&!only&!not&!expensive: negative
but&!only&!not&expensive: conflict
but&!only&not&!for: conflict
but&!only&not&for: positive
but&only&!was&!house: neutral
but&only&!was&house: neutral
but&only&was&!back: positive
but&only&was&back: negative
DecisionTree learned:
!but&!though&!bland&!friendly: positive
!but&!though&!bland&friendly: positive
!but&!though&bland&!a: negative
!but&!though&bland&a: conflict
!but&though&!we&!i: negative
!but&though&!we&i: conflict
!but&though&we&!well: neutral
!but&though&we&well: negative
but&!at&!worth&!who: positive
but&!at&!worth&who: conflict
but&!at&worth&!price: conflict
but&!at&worth&price: positive
but&at&!and&!we: negative
but&at&!and&we: negative
but&at&and&!corriander: neutral
but&at&and&corriander: conflict
DecisionTree learned:
!but&!though&!well&!bland: positive
!but&!though&!well&bland: negative
!but&!though&well&!tasty: positive
!but&!though&well&tasty: conflict
!but&though&!we&!i: negative
!but&though&!we&i: negative
!but&though&we&!at: negative
!but&though&we&at: positive
but&!small&!high&!ok: positive
but&!small&!high&ok: neutral
but&!small&high&!a: negative
but&!small&high&a: conflict
but&small&!there&!dessert: negative
but&small&!there&dessert: conflict
but&small&there&!for: conflict
but&small&there&for: conflict
DecisionTree learned:
!but&!though&!the&!great: neutral
!but&!though&!the&great: positive
!but&!though&the&!was: positive
!but&!though&the&was: negative
!but&though&!we&!i: negative
!but&though&!we&i: conflict
!but&though&we&!well: neutral
!but&though&we&well: negative
but&!that&!at&!worth: positive
but&!that&!at&worth: conflict
but&!that&at&!and: neutral
but&!that&at&and: neutral
but&that&!most&!are: negative
but&that&!most&are: neutral
but&that&most: positive
DecisionTree learned:
!but&!well&!bland&!can: positive
!but&!well&!bland&can: negative
!but&!well&bland&!a: negative
!but&!well&bland&a: conflict
!but&well&!tasty&!of: positive
!but&well&!tasty&of: neutral
!but&well&tasty&!of: conflict
!but&well&tasty&of: positive
but&!at&!go&!only: negative
but&!at&!go&only: neutral
but&!at&go&!food: positive
but&!at&go&food: negative
but&at&!and&!experience: negative
but&at&!and&experience: positive
but&at&and&!corriander: positive
but&at&and&corriander: conflict
DecisionTree learned:
!but&!though&!friendly&!was: positive
!but&!though&!friendly&was: negative
!but&!though&friendly&!is: positive
!but&!though&friendly&is: positive
!but&though&!we&!i: negative
!but&though&!we&i: neutral
!but&though&we&!well: neutral
!but&though&we&well: negative
but&!that&!not&!expensive: positive
but&!that&!not&expensive: conflict
but&!that&not&!for: conflict
but&!that&not&for: neutral
but&that&!who&!just: positive
but&that&!who&just: negative
but&that&who: conflict
DecisionTree learned:
!but&!our&!bland&!fine: positive
!but&!our&!bland&fine: positive
!but&!our&bland&!a: negative
!but&!our&bland&a: conflict
!but&our&!order&!ignored: neutral
!but&our&!order&ignored: negative
!but&our&order&!that: neutral
!but&our&order&that: negative
but&!that&!thai&!wife: positive
but&!that&!thai&wife: conflict
but&!that&thai&!good: negative
but&!that&thai&good: conflict
but&that&!who&!us: negative
but&that&!who&us: positive
but&that&who: conflict
DecisionTree learned:
!but&!fine&!our&!although: positive
!but&!fine&!our&although: neutral
!but&!fine&our&!order: neutral
!but&!fine&our&order: negative
!but&fine&!had&!fish: positive
!but&fine&!had&fish: conflict
!but&fine&had&!salmon: conflict
!but&fine&had&salmon: neutral
but&!small&!parm&!that: positive
but&!small&!parm&that: negative
but&!small&parm: negative
but&small&!there&!dessert: negative
but&small&!there&dessert: conflict
but&small&there&!for: conflict
but&small&there&for: conflict
DecisionTree learned:
!but&!though&!not&!rude: positive
!but&!though&!not&rude: negative
!but&!though&not&!worth: negative
!but&!though&not&worth: conflict
!but&though&!it&!to: negative
!but&though&!it&to: neutral
!but&though&it&!the: negative
!but&though&it&the: conflict
but&!that&!wait&!when: positive
but&!that&!wait&when: neutral
but&!that&wait&!a: positive
but&!that&wait&a: neutral
but&that&!my&!me: positive
but&that&!my&me: neutral
but&that&my&!a: negative
but&that&my&a: positive
DecisionTree learned:
!but&!worth&!matter&!most: positive
!but&!worth&!matter&most: positive
!but&!worth&matter&!ambience: conflict
!but&!worth&matter&ambience: neutral
!but&worth&!and&!well: conflict
!but&worth&!and&well: conflict
!but&worth&and&!atomosphere: positive
!but&worth&and&atomosphere: negative
but&!expensive&!we&!is: negative
but&!expensive&!we&is: positive
but&!expensive&we&!got: neutral
but&!expensive&we&got: negative
but&expensive&!our&!way: conflict
but&expensive&!our&way: negative
but&expensive&our: neutral
DecisionTree learned:
!but&!worth&!friendly&!fine: positive
!but&!worth&!friendly&fine: positive
!but&!worth&friendly&!is: positive
!but&!worth&friendly&is: positive
!but&worth&!and&!spider: conflict
!but&worth&!and&spider: positive
!but&worth&and&!house: negative
!but&worth&and&house: neutral
but&!only&!special&!who: negative
but&!only&!special&who: conflict
but&!only&special&!bagel: neutral
but&!only&special&bagel: conflict
but&only&!was&!bartender: neutral
but&only&!was&bartender: negative
but&only&was&!back: positive
but&only&was&back: negative
DecisionTree learned:
!but&!though&!matter&!bland: positive
!but&!though&!matter&bland: negative
!but&!though&matter&!ambience: conflict
!but&!though&matter&ambience: neutral
!but&though&!it&!fine: negative
!but&though&!it&fine: conflict
!but&though&it&!spider: conflict
!but&though&it&spider: positive
but&!that&!thai&!wife: positive
but&!that&!thai&wife: conflict
but&!that&thai&!places: negative
but&!that&thai&places: conflict
but&that&!my&!rice: positive
but&that&!my&rice: negative
but&that&my&!a: negative
but&that&my&a: positive
DecisionTree learned:
!but&!is&!delicious&!little: neutral
!but&!is&!delicious&little: conflict
!but&!is&delicious&!in: positive
!but&!is&delicious&in: neutral
!but&is&!though&!far: positive
!but&is&!though&far: conflict
!but&is&though&!what: conflict
!but&is&though&what: negative
but&!at&!that&!well: positive
but&!at&!that&well: conflict
but&!at&that&!best: negative
but&!at&that&best: positive
but&at&!and&!experience: negative
but&at&!and&experience: positive
but&at&and&!corriander: neutral
but&at&and&corriander: conflict
DecisionTree learned:
!but&!although&!our&!bland: positive
!but&!although&!our&bland: negative
!but&!although&our&!order: neutral
!but&!although&our&order: negative
!but&although&!the&!food: neutral
!but&although&!the&food: negative
!but&although&the&!of: conflict
!but&although&the&of: neutral
but&!at&!was&!fine: positive
but&!at&!was&fine: conflict
but&!at&was&!our: negative
but&!at&was&our: neutral
but&at&!and&!we: negative
but&at&!and&we: neutral
but&at&and&!corriander: neutral
but&at&and&corriander: conflict
DecisionTree learned:
!but&!fine&!although&!friendly: positive
!but&!fine&!although&friendly: positive
!but&!fine&although&!the: neutral
!but&!fine&although&the: conflict
!but&fine&!salmon&!had: positive
!but&fine&!salmon&had: conflict
!but&fine&salmon&!price: neutral
!but&fine&salmon&price: negative
but&!that&!not&!small: positive
but&!that&!not&small: negative
but&!that&not&!for: conflict
but&!that&not&for: positive
but&that&!are&!with: negative
but&that&!are&with: positive
but&that&are&!with: positive
but&that&are&with: neutral
DecisionTree learned:
!but&!though&!bland&!matter: positive
!but&!though&!bland&matter: conflict
!but&!though&bland&!a: negative
!but&!though&bland&a: conflict
!but&though&!even&!your: conflict
!but&though&!even&your: negative
!but&though&even&!to: positive
!but&though&even&to: neutral
but&!that&!at&!worth: positive
but&!that&!at&worth: conflict
but&!that&at&!and: neutral
but&!that&at&and: positive
but&that&!are&!most: negative
but&that&!are&most: positive
but&that&are&!with: positive
but&that&are&with: neutral
DecisionTree learned:
!but&!we&!though&!the: neutral
!but&!we&!though&the: positive
!but&!we&though&!i: negative
!but&!we&though&i: neutral
!but&we&!before&!is: neutral
!but&we&!before&is: negative
!but&we&before&!about: negative
!but&we&before&about: neutral
but&!we&!that&!go: positive
but&!we&!that&go: positive
but&!we&that&!a: negative
but&!we&that&a: positive
but&we&!lunch&!quickly: neutral
but&we&!lunch&quickly: positive
but&we&lunch: conflict
DecisionTree learned:
!but&!though&!can&!although: positive
!but&!though&!can&although: conflict
!but&!though&can&!be: positive
!but&!though&can&be: negative
!but&though&!even&!your: conflict
!but&though&!even&your: negative
!but&though&even&!i: negative
!but&though&even&i: neutral
but&!at&!worth&!that: positive
but&!at&!worth&that: negative
but&!at&worth&!price: conflict
but&!at&worth&price: positive
but&at&!and&!very: negative
but&at&!and&very: positive
but&at&and&!corriander: neutral
but&at&and&corriander: conflict
DecisionTree learned:
!but&!the&!kids&!tho: neutral
!but&!the&!kids&tho: conflict
!but&!the&kids: conflict
!but&the&!worth&!with: positive
!but&the&!worth&with: neutral
!but&the&worth&!and: conflict
!but&the&worth&and: positive
but&!at&!who&!that: positive
but&!at&!who&that: positive
but&!at&who&!for: neutral
but&!at&who&for: conflict
but&at&!and&!experience: negative
but&at&!and&experience: positive
but&at&and&!corriander: neutral
but&at&and&corriander: conflict
DecisionTree learned:
!but&!can&!though&!little: positive
!but&!can&!though&little: conflict
!but&!can&though&!it: negative
!but&!can&though&it: conflict
!but&can&!be&!they: positive
!but&can&!be&they: conflict
!but&can&be&!service: negative
!but&can&be&service: positive
but&!that&!wait&!high: positive
but&!that&!wait&high: conflict
but&!that&wait&!tables: positive
but&!that&wait&tables: neutral
but&that&!are&!with: negative
but&that&!are&with: positive
but&that&are&!with: positive
but&that&are&with: neutral
DecisionTree learned:
!but&!we&!the&!went: positive
!but&!we&!the&went: neutral
!but&!we&the&!sometimes: positive
!but&!we&the&sometimes: conflict
!but&we&!order&!is: neutral
!but&we&!order&is: negative
!but&we&order&!that: neutral
!but&we&order&that: negative
but&!that&!thai&!parm: positive
but&!that&!thai&parm: negative
but&!that&thai&!places: negative
but&!that&thai&places: conflict
but&that&!who&!us: negative
but&that&!who&us: positive
but&that&who: conflict
DecisionTree learned:
!but&!although&!fine&!friendly: positive
!but&!although&!fine&friendly: positive
!but&!although&fine&!salmon: conflict
!but&!although&fine&salmon: neutral
!but&although&!the&!food: neutral
!but&although&!the&food: negative
!but&although&the&!of: conflict
!but&although&the&of: neutral
but&!special&!at&!worth: positive
but&!special&!at&worth: conflict
but&!special&at&!and: negative
but&!special&at&and: positive
but&special&!bagel&!dessert: neutral
but&special&!bagel&dessert: positive
but&special&bagel: conflict
DecisionTree learned:
!but&!is&!little&!can: positive
!but&!is&!little&can: conflict
!but&!is&little&!also: conflict
!but&!is&little&also: neutral
!but&is&!everything&!friendly: positive
!but&is&!everything&friendly: positive
!but&is&everything&!a: conflict
!but&is&everything&a: positive
but&!rudely&!we&!what: positive
but&!rudely&!we&what: neutral
but&!rudely&we&!very: neutral
but&!rudely&we&very: positive
but&rudely&!service: conflict
but&rudely&service: negative
DecisionTree learned:
!but&!though&!well&!can: positive
!but&!though&!well&can: negative
!but&!though&well&!tasty: positive
!but&!though&well&tasty: conflict
!but&though&!recommend&!to: negative
!but&though&!recommend&to: conflict
!but&though&recommend&!and: neutral
!but&though&recommend&and: negative
but&!at&!was&!fine: positive
but&!at&!was&fine: conflict
but&!at&was&!our: negative
but&!at&was&our: neutral
but&at&!and&!us: negative
but&at&!and&us: neutral
but&at&and&!as: positive
but&at&and&as: neutral
DecisionTree learned:
!but&!we&!though&!bland: positive
!but&!we&!though&bland: negative
!but&!we&though&!i: negative
!but&!we&though&i: neutral
!but&we&!dumplings&!great: neutral
!but&we&!dumplings&great: positive
!but&we&dumplings: positive
but&!at&!is&!food: negative
but&!at&!is&food: negative
but&!at&is&!been: positive
but&!at&is&been: conflict
but&at&!and&!experience: negative
but&at&!and&experience: positive
but&at&and&!corriander: neutral
but&at&and&corriander: conflict
DecisionTree learned:
!but&!good&!fine&!can: positive
!but&!good&!fine&can: negative
!but&!good&fine&!salmon: conflict
!but&!good&fine&salmon: neutral
!but&good&!not&!everything: positive
!but&good&!not&everything: conflict
!but&good&not&!for: conflict
!but&good&not&for: negative
but&!at&!is&!nice: negative
but&!at&!is&nice: positive
but&!at&is&!been: positive
but&!at&is&been: conflict
but&at&!and&!very: neutral
but&at&!and&very: positive
but&at&and&!corriander: neutral
but&at&and&corriander: conflict
DecisionTree learned:
!but&!we&!do&!many: positive
!but&!we&!do&many: positive
!but&!we&do&!comment: negative
!but&!we&do&comment: neutral
!but&we&!before&!is: neutral
!but&we&!before&is: negative
!but&we&before&!about: negative
!but&we&before&about: negative
but&!at&!look&!who: positive
but&!at&!look&who: conflict
but&!at&look&!places: negative
but&!at&look&places: conflict
but&at&!and&!we: positive
but&at&!and&we: neutral
but&at&and&!a: positive
but&at&and&a: neutral
DecisionTree learned:
!but&!fine&!well&!can: positive
!but&!fine&!well&can: conflict
!but&!fine&well&!tasty: positive
!but&!fine&well&tasty: conflict
!but&fine&!had&!cuisine: positive
!but&fine&!had&cuisine: conflict
!but&fine&had&!salmon: conflict
!but&fine&had&salmon: neutral
but&!that&!only&!at: negative
but&!that&!only&at: neutral
but&!that&only&!was: neutral
but&!that&only&was: positive
but&that&!my&!who: neutral
but&that&!my&who: conflict
but&that&my&!a: negative
but&that&my&a: positive
DecisionTree learned:
!but&!although&!friendly&!far: positive
!but&!although&!friendly&far: conflict
!but&!although&friendly&!is: positive
!but&!although&friendly&is: positive
!but&although&!the&!food: neutral
!but&although&!the&food: negative
!but&although&the&!of: conflict
!but&although&the&of: neutral
but&!at&!small&!worth: positive
but&!at&!small&worth: conflict
but&!at&small&!a: negative
but&!at&small&a: negative
but&at&!and&!experience: negative
but&at&!and&experience: positive
but&at&and&!corriander: positive
but&at&and&corriander: conflict
DecisionTree learned:
!but&!friendly&!well&!can: positive
!but&!friendly&!well&can: negative
!but&!friendly&well&!far: positive
!but&!friendly&well&far: conflict
!but&friendly&!is&!the: positive
!but&friendly&!is&the: neutral
!but&friendly&is&!out: positive
!but&friendly&is&out: conflict
but&!only&!at&!well: positive
but&!only&!at&well: positive
but&!only&at&!and: negative
but&!only&at&and: neutral
but&only&!house&!was: positive
but&only&!house&was: positive
but&only&house&!served: negative
but&only&house&served: neutral
DecisionTree learned:
!but&!can&!worth&!far: positive
!but&!can&!worth&far: conflict
!but&!can&worth&!and: conflict
!but&!can&worth&and: positive
!but&can&!of&!are: negative
!but&can&!of&are: conflict
!but&can&of&!on: positive
!but&can&of&on: conflict
but&!small&!inedible&!who: positive
but&!small&!inedible&who: conflict
but&!small&inedible&!parm: conflict
but&!small&inedible&parm: negative
but&small&!there&!dessert: negative
but&small&!there&dessert: conflict
but&small&there&!for: conflict
but&small&there&for: conflict
DecisionTree learned:
!but&!well&!friendly&!can: positive
!but&!well&!friendly&can: negative
!but&!well&friendly&!is: positive
!but&!well&friendly&is: positive
!but&well&!far&!my: positive
!but&well&!far&my: conflict
!but&well&far&!service: conflict
!but&well&far&service: positive
but&!that&!wait&!when: negative
but&!that&!wait&when: neutral
but&!that&wait&!a: positive
but&!that&wait&a: neutral
but&that&!who&!ever: positive
but&that&!who&ever: negative
but&that&who: conflict
DecisionTree learned:
!but&!fine&!our&!house: positive
!but&!fine&!our&house: conflict
!but&!fine&our&!other: neutral
!but&!fine&our&other: negative
!but&fine&!salmon&!had: positive
!but&fine&!salmon&had: conflict
!but&fine&salmon&!price: neutral
!but&fine&salmon&price: negative
but&!that&!not&!look: negative
but&!that&!not&look: conflict
but&!that&not&!for: conflict
but&!that&not&for: positive
but&that&!who&!us: negative
but&that&!who&us: positive
but&that&who: conflict
DecisionTree learned:
!but&!our&!try&!the: neutral
!but&!our&!try&the: positive
!but&!our&try&!dining: positive
!but&!our&try&dining: neutral
!but&our&!order&!ignored: neutral
!but&our&!order&ignored: negative
!but&our&order&!that: neutral
!but&our&order&that: negative
but&!at&!look&!who: positive
but&!at&!look&who: conflict
but&!at&look&!places: conflict
but&!at&look&places: conflict
but&at&!and&!experience: negative
but&at&!and&experience: positive
but&at&and&!corriander: neutral
but&at&and&corriander: conflict
DecisionTree learned:
!but&!fine&!kids&!can: positive
!but&!fine&!kids&can: conflict
!but&!fine&kids&!of: conflict
!but&!fine&kids&of: negative
!but&fine&!salmon&!had: positive
!but&fine&!salmon&had: conflict
!but&fine&salmon&!price: neutral
!but&fine&salmon&price: negative
but&!that&!only&!at: positive
but&!that&!only&at: neutral
but&!that&only&!house: positive
but&!that&only&house: neutral
but&that&!just&!for: positive
but&that&!just&for: negative
but&that&just&!roll: negative
but&that&just&roll: neutral
DecisionTree learned:
!but&!fine&!worth&!can: positive
!but&!fine&!worth&can: conflict
!but&!fine&worth&!and: conflict
!but&!fine&worth&and: neutral
!but&fine&!salmon&!had: positive
!but&fine&!salmon&had: conflict
!but&fine&salmon&!price: neutral
!but&fine&salmon&price: negative
but&!at&!when&!only: negative
but&!at&!when&only: neutral
but&!at&when&!dinner: neutral
but&!at&when&dinner: negative
but&at&!and&!a: negative
but&at&!and&a: neutral
but&at&and&!corriander: neutral
but&at&and&corriander: conflict
DecisionTree learned:
!but&!house&!fine&!can: positive
!but&!house&!fine&can: negative
!but&!house&fine&!salmon: conflict
!but&!house&fine&salmon: negative
!but&house&!gigondas&!measures: positive
!but&house&!gigondas&measures: conflict
!but&house&gigondas: neutral
but&!rudely&!was&!who: positive
but&!rudely&!was&who: conflict
but&!rudely&was&!good: negative
but&!rudely&was&good: negative
but&rudely&!service: conflict
but&rudely&service: negative
DecisionTree learned:
!but&!though&!matter&!friendly: positive
!but&!though&!matter&friendly: positive
!but&!though&matter&!ambience: conflict
!but&!though&matter&ambience: neutral
!but&though&!even&!your: conflict
!but&though&!even&your: negative
!but&though&even&!the: negative
!but&though&even&the: positive
but&!that&!only&!at: positive
but&!that&!only&at: neutral
but&!that&only&!ordered: positive
but&!that&only&ordered: neutral
but&that&!who&!us: negative
but&that&!who&us: positive
but&that&who: conflict
DecisionTree learned:
!but&!well&!worth&!can: positive
!but&!well&!worth&can: conflict
!but&!well&worth&!and: conflict
!but&!well&worth&and: negative
!but&well&!tasty&!may: positive
!but&well&!tasty&may: conflict
!but&well&tasty&!of: conflict
!but&well&tasty&of: positive
but&!only&!at&!worth: positive
but&!only&!at&worth: conflict
but&!only&at&!and: negative
but&!only&at&and: positive
but&only&!house&!ordered: positive
but&only&!house&ordered: neutral
but&only&house&!served: negative
but&only&house&served: neutral
DecisionTree learned:
!but&!fine&!bland&!house: positive
!but&!fine&!bland&house: conflict
!but&!fine&bland&!a: negative
!but&!fine&bland&a: conflict
!but&fine&!salmon&!had: positive
!but&fine&!salmon&had: conflict
!but&fine&salmon&!price: neutral
!but&fine&salmon&price: negative
but&!at&!times&!worth: positive
but&!at&!times&worth: conflict
but&!at&times&!reservations: neutral
but&!at&times&reservations: negative
but&at&!and&!we: positive
but&at&!and&we: negative
but&at&and&!a: positive
but&at&and&a: neutral
DecisionTree learned:
!but&!worth&!matter&!bland: positive
!but&!worth&!matter&bland: negative
!but&!worth&matter&!ambience: conflict
!but&!worth&matter&ambience: neutral
!but&worth&!and&!well: conflict
!but&worth&!and&well: conflict
!but&worth&and&!atomosphere: neutral
!but&worth&and&atomosphere: negative
but&!that&!at&!well: positive
but&!that&!at&well: conflict
but&!that&at&!and: negative
but&!that&at&and: neutral
but&that&!my&!rice: positive
but&that&!my&rice: negative
but&that&my&!a: negative
but&that&my&a: positive
DecisionTree learned:
!but&!we&!though&!can: positive
!but&!we&!though&can: conflict
!but&!we&though&!i: conflict
!but&!we&though&i: conflict
!but&we&!order&!is: neutral
!but&we&!order&is: negative
!but&we&order&!of: neutral
!but&we&order&of: negative
but&!who&!that&!what: positive
but&!who&!that&what: neutral
but&!who&that&!my: positive
but&!who&that&my: negative
but&who&!for&!service: neutral
but&who&!for&service: conflict
but&who&for&!food: conflict
but&who&for&food: negative
DecisionTree learned:
!but&!we&!though&!matter: positive
!but&!we&!though&matter: conflict
!but&!we&though&!i: conflict
!but&!we&though&i: neutral
!but&we&!is&!before: neutral
!but&we&!is&before: negative
!but&we&is&!attentive: negative
!but&we&is&attentive: positive
but&!small&!expensive&!we: positive
but&!small&!expensive&we: neutral
but&!small&expensive&!our: conflict
but&!small&expensive&our: neutral
but&small&!food&!were: conflict
but&small&!food&were: negative
but&small&food: negative
DecisionTree learned:
!but&!can&!little&!worth: positive
!but&!can&!little&worth: conflict
!but&!can&little&!also: conflict
!but&!can&little&also: neutral
!but&can&!be&!and: positive
!but&can&!be&and: conflict
!but&can&be&!of: negative
!but&can&be&of: conflict
but&!at&!was&!worth: positive
but&!at&!was&worth: conflict
but&!at&was&!our: negative
but&!at&was&our: neutral
but&at&!and&!back: negative
but&at&!and&back: neutral
but&at&and&!corriander: neutral
but&at&and&corriander: conflict
DecisionTree learned:
!but&!though&!matter&!bland: positive
!but&!though&!matter&bland: negative
!but&!though&matter&!ambience: conflict
!but&!though&matter&ambience: neutral
!but&though&!raw&!the: negative
!but&though&!raw&the: conflict
!but&though&raw: conflict
but&!that&!not&!places: negative
but&!that&!not&places: conflict
but&!that&not&!for: conflict
but&!that&not&for: positive
but&that&!my&!experience: neutral
but&that&!my&experience: positive
but&that&my&!a: negative
but&that&my&a: positive
DecisionTree learned:
!but&!good&!sometimes&!well: positive
!but&!good&!sometimes&well: positive
!but&!good&sometimes&!get: conflict
!but&!good&sometimes&get: positive
!but&good&!which&!not: positive
!but&good&!which&not: conflict
!but&good&which&!thai: neutral
!but&good&which&thai: negative
but&!that&!wait&!not: negative
but&!that&!wait&not: conflict
but&!that&wait&!a: positive
but&!that&wait&a: neutral
but&that&!are&!has: negative
but&that&!are&has: neutral
but&that&are&!with: positive
but&that&are&with: neutral
DecisionTree learned:
!but&!worth&!bland&!matter: positive
!but&!worth&!bland&matter: conflict
!but&!worth&bland&!a: negative
!but&!worth&bland&a: conflict
!but&worth&!and&!well: conflict
!but&worth&!and&well: conflict
!but&worth&and&!atomosphere: positive
!but&worth&and&atomosphere: negative
but&!that&!not&!small: negative
but&!that&!not&small: negative
but&!that&not&!for: conflict
but&!that&not&for: positive
but&that&!ever&!just: positive
but&that&!ever&just: negative
but&that&ever: negative
DecisionTree learned:
!but&!varys&!fine&!friendly: positive
!but&!varys&!fine&friendly: positive
!but&!varys&fine&!salmon: conflict
!but&!varys&fine&salmon: neutral
!but&varys: conflict
but&!that&!when&!only: positive
but&!that&!when&only: positive
but&!that&when&!service: neutral
but&!that&when&service: neutral
but&that&!who&!my: positive
but&that&!who&my: negative
but&that&who: conflict
DecisionTree learned:
!but&!well&!can&!little: positive
!but&!well&!can&little: conflict
!but&!well&can&!be: conflict
!but&!well&can&be: negative
!but&well&!tasty&!far: positive
!but&well&!tasty&far: conflict
!but&well&tasty&!of: conflict
!but&well&tasty&of: positive
but&!that&!when&!only: positive
but&!that&!when&only: neutral
but&!that&when&!service: negative
but&!that&when&service: neutral
but&that&!my&!are: positive
but&that&!my&are: neutral
but&that&my&!a: negative
but&that&my&a: positive
DecisionTree learned:
!but&!though&!attentive&!exceeded: positive
!but&!though&!attentive&exceeded: conflict
!but&!though&attentive&!food: positive
!but&!though&attentive&food: conflict
!but&though&!we&!i: conflict
!but&though&!we&i: conflict
!but&though&we&!at: negative
!but&though&we&at: positive
but&!that&!only&!when: positive
but&!that&!only&when: neutral
but&!that&only&!ordered: positive
but&!that&only&ordered: neutral
but&that&!are&!with: negative
but&that&!are&with: positive
but&that&are&!with: positive
but&that&are&with: neutral
DecisionTree learned:
!but&!far&!fine&!friendly: positive
!but&!far&!fine&friendly: positive
!but&!far&fine&!salmon: conflict
!but&!far&fine&salmon: negative
!but&far&!well&!salad: positive
!but&far&!well&salad: neutral
!but&far&well&!service: conflict
!but&far&well&service: positive
but&!that&!only&!when: positive
but&!that&!only&when: neutral
but&!that&only&!ordered: positive
but&!that&only&ordered: neutral
but&that&!who&!just: positive
but&that&!who&just: negative
but&that&who: conflict
DecisionTree learned:
!but&!though&!varys&!was: positive
!but&!though&!varys&was: negative
!but&!though&varys: conflict
!but&though&!we&!i: conflict
!but&though&!we&i: conflict
!but&though&we&!to: positive
!but&though&we&to: neutral
but&!that&!when&!wait: negative
but&!that&!when&wait: neutral
but&!that&when&!service: negative
but&!that&when&service: neutral
but&that&!who&!my: positive
but&that&!who&my: negative
but&that&who: conflict
DecisionTree learned:
!but&!bland&!friendly&!can: positive
!but&!bland&!friendly&can: conflict
!but&!bland&friendly&!is: positive
!but&!bland&friendly&is: conflict
!but&bland&!a&!korma: negative
!but&bland&!a&korma: neutral
!but&bland&a&!texture: conflict
!but&bland&a&texture: negative
but&!at&!worth&!not: negative
but&!at&!worth&not: neutral
but&!at&worth&!price: conflict
but&!at&worth&price: positive
but&at&!and&!we: negative
but&at&!and&we: neutral
but&at&and&!as: positive
but&at&and&as: neutral
DecisionTree learned:
!but&!it&!with&!the: neutral
!but&!it&!with&the: positive
!but&!it&with&!restaurants: neutral
!but&!it&with&restaurants: negative
!but&it&!little&!kids: negative
!but&it&!little&kids: conflict
!but&it&little&!time: positive
!but&it&little&time: conflict
but&!at&!times&!that: positive
but&!at&!times&that: negative
but&!at&times&!reservations: neutral
but&!at&times&reservations: negative
but&at&!and&!we: negative
but&at&!and&we: neutral
but&at&and&!corriander: neutral
but&at&and&corriander: conflict
DecisionTree learned:
!but&!little&!is&!measures: negative
!but&!little&!is&measures: conflict
!but&!little&is&!rest: positive
!but&!little&is&rest: conflict
!but&little&!also&!time: conflict
!but&little&!also&time: conflict
!but&little&also: neutral
but&!at&!only&!that: positive
but&!at&!only&that: negative
but&!at&only&!was: neutral
but&!at&only&was: positive
but&at&!and&!all: neutral
but&at&!and&all: negative
but&at&and&!corriander: neutral
but&at&and&corriander: conflict
DecisionTree learned:
!but&!friendly&!though&!well: positive
!but&!friendly&!though&well: positive
!but&!friendly&though&!even: conflict
!but&!friendly&though&even: negative
!but&friendly&!is&!still: positive
!but&friendly&!is&still: neutral
!but&friendly&is&!there: positive
!but&friendly&is&there: conflict
but&!at&!spectacular&!was: positive
but&!at&!spectacular&was: negative
but&!at&spectacular&!food: neutral
but&!at&spectacular&food: negative
but&at&!and&!we: positive
but&at&!and&we: neutral
but&at&and&!corriander: neutral
but&at&and&corriander: conflict
DecisionTree learned:
!but&!is&!varys&!kids: neutral
!but&!is&!varys&kids: conflict
!but&!is&varys: conflict
!but&is&!friendly&!far: positive
!but&is&!friendly&far: conflict
!but&is&friendly&!there: positive
!but&is&friendly&there: conflict
but&!when&!that&!at: positive
but&!when&!that&at: positive
but&!when&that&!who: positive
but&!when&that&who: conflict
but&when&!service&!all: neutral
but&when&!service&all: negative
but&when&service&!waitresses: positive
but&when&service&waitresses: neutral
DecisionTree learned:
!but&!fine&!house&!friendly: positive
!but&!fine&!house&friendly: positive
!but&!fine&house&!measures: positive
!but&!fine&house&measures: conflict
!but&fine&!salmon&!had: positive
!but&fine&!salmon&had: conflict
!but&fine&salmon&!price: neutral
!but&fine&salmon&price: negative
but&!small&!that&!my: positive
but&!small&!that&my: neutral
but&!small&that&!us: neutral
but&!small&that&us: positive
but&small&!food&!is: conflict
but&small&!food&is: positive
but&small&food: negative
DecisionTree learned:
!but&!the&!kids&!vegatables: neutral
!but&!the&!kids&vegatables: conflict
!but&!the&kids: conflict
!but&the&!sometimes&!is: negative
!but&the&!sometimes&is: positive
!but&the&sometimes&!you: conflict
!but&the&sometimes&you: positive
but&!that&!when&!what: positive
but&!that&!when&what: neutral
but&!that&when&!dumplings: neutral
but&!that&when&dumplings: negative
but&that&!who&!my: positive
but&that&!who&my: negative
but&that&who: conflict
DecisionTree learned:
!but&!fine&!house&!worth: positive
!but&!fine&!house&worth: conflict
!but&!fine&house&!gigondas: conflict
!but&!fine&house&gigondas: neutral
!but&fine&!salmon&!had: positive
!but&fine&!salmon&had: conflict
!but&fine&salmon&!price: neutral
!but&fine&salmon&price: negative
but&!at&!rudely&!worth: positive
but&!at&!rudely&worth: conflict
but&!at&rudely&!service: conflict
but&!at&rudely&service: negative
but&at&!and&!experience: neutral
but&at&!and&experience: positive
but&at&and&!a: positive
but&at&and&a: neutral
DecisionTree learned:
!but&!fine&!exceeded&!can: positive
!but&!fine&!exceeded&can: conflict
!but&!fine&exceeded&!place: conflict
!but&!fine&exceeded&place: positive
!but&fine&!salmon&!had: positive
!but&fine&!salmon&had: conflict
!but&fine&salmon&!price: neutral
!but&fine&salmon&price: negative
but&!that&!at&!i: positive
but&!that&!at&i: conflict
but&!that&at&!and: negative
but&!that&at&and: neutral
but&that&!just&!most: positive
but&that&!just&most: positive
but&that&just&!roll: negative
but&that&just&roll: neutral
DecisionTree learned:
!but&!bland&!fine&!can: positive
!but&!bland&!fine&can: conflict
!but&!bland&fine&!salmon: conflict
!but&!bland&fine&salmon: neutral
!but&bland&!a&!korma: negative
!but&bland&!a&korma: neutral
!but&bland&a&!texture: conflict
!but&bland&a&texture: negative
but&!parm&!small&!ok: positive
but&!parm&!small&ok: neutral
but&!parm&small&!there: negative
but&!parm&small&there: conflict
but&parm: negative
DecisionTree learned:
!but&!little&!though&!measures: positive
!but&!little&!though&measures: conflict
!but&!little&though&!your: conflict
!but&!little&though&your: negative
!but&little&!also&!time: conflict
!but&little&!also&time: conflict
!but&little&also: neutral
but&!that&!what&!wife: positive
but&!that&!what&wife: conflict
but&!that&what&!is: negative
but&!that&what&is: neutral
but&that&!just&!ever: positive
but&that&!just&ever: negative
but&that&just&!roll: negative
but&that&just&roll: neutral
DecisionTree learned:
!but&!we&!though&!matter: positive
!but&!we&!though&matter: conflict
!but&!we&though&!i: conflict
!but&!we&though&i: neutral
!but&we&!dumplings&!before: neutral
!but&we&!dumplings&before: negative
!but&we&dumplings: positive
but&!that&!at&!look: positive
but&!that&!at&look: conflict
but&!that&at&!all: neutral
but&!that&at&all: negative
but&that&!most&!very: negative
but&that&!most&very: positive
but&that&most: positive
DecisionTree learned:
!but&!do&!was&!rest: positive
!but&!do&!was&rest: conflict
!but&!do&was&!although: negative
!but&!do&was&although: conflict
!but&do&!what&!comment: negative
!but&do&!what&comment: neutral
!but&do&what&!service: positive
!but&do&what&service: neutral
but&!that&!at&!well: positive
but&!that&!at&well: conflict
but&!that&at&!and: neutral
but&!that&at&and: positive
but&that&!just&!who: positive
but&that&!just&who: conflict
but&that&just&!and: neutral
but&that&just&and: negative
DecisionTree learned:
!but&!is&!delicious&!can: negative
!but&!is&!delicious&can: conflict
!but&!is&delicious&!in: positive
!but&!is&delicious&in: positive
!but&is&!though&!far: positive
!but&is&!though&far: conflict
!but&is&though&!very: positive
!but&is&though&very: conflict
but&!only&!that&!at: positive
but&!only&!that&at: neutral
but&!only&that&!who: negative
but&!only&that&who: conflict
but&only&!and&!is: positive
but&only&!and&is: positive
but&only&and&!was: neutral
but&only&and&was: positive
DecisionTree learned:
!but&!fine&!well&!pricey: positive
!but&!fine&!well&pricey: conflict
!but&!fine&well&!far: positive
!but&!fine&well&far: conflict
!but&fine&!salmon&!food: conflict
!but&fine&!salmon&food: positive
!but&fine&salmon&!price: neutral
!but&fine&salmon&price: negative
but&!at&!look&!not: negative
but&!at&!look&not: conflict
but&!at&look&!places: conflict
but&!at&look&places: conflict
but&at&!and&!we: positive
but&at&!and&we: negative
but&at&and&!corriander: neutral
but&at&and&corriander: conflict
DecisionTree learned:
!but&!we&!though&!although: positive
!but&!we&!though&although: conflict
!but&!we&though&!i: conflict
!but&!we&though&i: neutral
!but&we&!order&!is: neutral
!but&we&!order&is: negative
!but&we&order&!that: negative
!but&we&order&that: negative
but&!at&!eat&!that: positive
but&!at&!eat&that: negative
but&!at&eat&!aspects: negative
but&!at&eat&aspects: positive
but&at&!and&!experience: negative
but&at&!and&experience: positive
but&at&and&!corriander: positive
but&at&and&corriander: conflict
DecisionTree learned:
!but&!we&!though&!matter: positive
!but&!we&!though&matter: conflict
!but&!we&though&!i: conflict
!but&!we&though&i: neutral
!but&we&!order&!is: neutral
!but&we&!order&is: negative
!but&we&order&!that: neutral
!but&we&order&that: negative
but&!only&!that&!not: negative
but&!only&!that&not: conflict
but&!only&that&!has: positive
but&!only&that&has: neutral
but&only&!was&!house: neutral
but&only&!was&house: neutral
but&only&was&!back: positive
but&only&was&back: negative
DecisionTree learned:
!but&!can&!though&!friendly: positive
!but&!can&!though&friendly: positive
!but&!can&though&!even: conflict
!but&!can&though&even: negative
!but&can&!be&!to: conflict
!but&can&!be&to: negative
!but&can&be&!italian: negative
!but&can&be&italian: conflict
but&!at&!worth&!small: positive
but&!at&!worth&small: negative
but&!at&worth&!price: conflict
but&!at&worth&price: positive
but&at&!and&!we: positive
but&at&!and&we: neutral
but&at&and&!a: positive
but&at&and&a: neutral
DecisionTree learned:
!but&!far&!can&!friendly: positive
!but&!far&!can&friendly: positive
!but&!far&can&!be: conflict
!but&!far&can&be: negative
!but&far&!well&!salad: positive
!but&far&!well&salad: neutral
!but&far&well&!service: conflict
!but&far&well&service: positive
but&!at&!worth&!was: positive
but&!at&!worth&was: negative
but&!at&worth&!price: conflict
but&!at&worth&price: positive
but&at&!and&!we: negative
but&at&!and&we: neutral
but&at&and&!corriander: positive
but&at&and&corriander: conflict
DecisionTree learned:
!but&!fine&!varys&!worth: positive
!but&!fine&!varys&worth: conflict
!but&!fine&varys: conflict
!but&fine&!had&!chef: positive
!but&fine&!had&chef: conflict
!but&fine&had&!salmon: conflict
!but&fine&had&salmon: neutral
but&!at&!special&!was: positive
but&!at&!special&was: negative
but&!at&special&!bagel: neutral
but&!at&special&bagel: conflict
but&at&!and&!all: neutral
but&at&!and&all: negative
but&at&and&!corriander: neutral
but&at&and&corriander: conflict
DecisionTree learned:
!but&!although&!friendly&!worth: positive
!but&!although&!friendly&worth: conflict
!but&!although&friendly&!is: positive
!but&!although&friendly&is: conflict
!but&although&!the&!food: neutral
!but&although&!the&food: negative
!but&although&the&!of: conflict
!but&although&the&of: neutral
but&!special&!who&!that: positive
but&!special&!who&that: negative
but&!special&who&!reservation: conflict
but&!special&who&reservation: negative
but&special&!bagel&!dessert: neutral
but&special&!bagel&dessert: positive
but&special&bagel: conflict
DecisionTree learned:
!but&!fine&!friendly&!can: positive
!but&!fine&!friendly&can: conflict
!but&!fine&friendly&!is: positive
!but&!fine&friendly&is: conflict
!but&fine&!salmon&!had: positive
!but&fine&!salmon&had: conflict
!but&fine&salmon&!price: neutral
!but&fine&salmon&price: negative
but&!that&!when&!what: positive
but&!that&!when&what: neutral
but&!that&when&!service: neutral
but&!that&when&service: neutral
but&that&!most&!us: neutral
but&that&!most&us: positive
but&that&most: positive
DecisionTree learned:
!but&!though&!little&!far: positive
!but&!though&!little&far: conflict
!but&!though&little&!also: conflict
!but&!though&little&also: neutral
!but&though&!a&!i: conflict
!but&though&!a&i: conflict
!but&though&a&!out: negative
!but&though&a&out: positive
but&!that&!at&!our: positive
but&!that&!at&our: neutral
but&!that&at&!and: neutral
but&!that&at&and: positive
but&that&!who&!most: negative
but&that&!who&most: positive
but&that&who: conflict
DecisionTree learned:
!but&!worth&!house&!can: positive
!but&!worth&!house&can: conflict
!but&!worth&house&!measures: positive
!but&!worth&house&measures: conflict
!but&worth&!and&!spider: conflict
!but&worth&!and&spider: positive
!but&worth&and&!atomosphere: positive
!but&worth&and&atomosphere: negative
but&!that&!at&!times: positive
but&!that&!at&times: neutral
but&!that&at&!and: negative
but&!that&at&and: neutral
but&that&!us&!are: negative
but&that&!us&are: neutral
but&that&us&!filet: positive
but&that&us&filet: positive
Trial 0 Training cc.mallet.classify.AdaBoostM2Trainer@7e78fc6 finished
Trial 0 Trainer cc.mallet.classify.AdaBoostM2Trainer@7e78fc6 test data accuracy = 0.5780189959294437

NaiveBayesTrainer
Summary. test accuracy mean = 0.5888738127544098 stddev = 0.0 stderr = 0.0

MaxEntTrainer,gaussianPriorVariance=1.0
Summary. test accuracy mean = 0.6377204884667571 stddev = 0.0 stderr = 0.0

cc.mallet.classify.DecisionTreeTrainer@38b5dac4
Summary. test accuracy mean = 0.5861601085481682 stddev = 0.0 stderr = 0.0

cc.mallet.classify.AdaBoostM2Trainer@7e78fc6
Summary. test accuracy mean = 0.5780189959294437 stddev = 0.0 stderr = 0.0
