
-------------------- Trial 0  --------------------

Trial 0 Training NaiveBayesTrainer with 2956 instances
Trial 0 Training NaiveBayesTrainer finished
Trial 0 Trainer NaiveBayesTrainer test data accuracy = 0.6255088195386703
Trial 0 Training MaxEntTrainer,gaussianPriorVariance=1.0 with 2956 instances
Trial 0 Training MaxEntTrainer,gaussianPriorVariance=1.0 finished
Trial 0 Trainer MaxEntTrainer,gaussianPriorVariance=1.0 test data accuracy = 0.6051560379918589
Trial 0 Training cc.mallet.classify.DecisionTreeTrainer@6766afb3 with 2956 instances
DecisionTree learned:
!but&!not&!great&!dinner: positive
!but&!not&!great&dinner: neutral
!but&!not&great&!three: positive
!but&!not&great&three: negative
!but&not&!was&!are: positive
!but&not&!was&are: negative
!but&not&was&!appetizer: negative
!but&not&was&appetizer: neutral
but&!ever&!chicken&!who: positive
but&!ever&!chicken&who: neutral
but&!ever&chicken&!with: negative
but&!ever&chicken&with: negative
but&ever: negative
Trial 0 Training cc.mallet.classify.DecisionTreeTrainer@6766afb3 finished
Trial 0 Trainer cc.mallet.classify.DecisionTreeTrainer@6766afb3 test data accuracy = 0.5861601085481682
Trial 0 Training cc.mallet.classify.AdaBoostM2Trainer@15f66cff with 2956 instances
DecisionTree learned:
!but&!not&!great&!dinner: positive
!but&!not&!great&dinner: neutral
!but&!not&great&!three: positive
!but&!not&great&three: negative
!but&not&!was&!romantic: negative
!but&not&!was&romantic: positive
!but&not&was&!while: negative
!but&not&was&while: positive
but&!ever&!worth&!quality: positive
but&!ever&!worth&quality: negative
but&!ever&worth&!to: conflict
but&!ever&worth&to: positive
but&ever: negative
DecisionTree learned:
!but&!not&!great&!delicious: positive
!but&!not&!great&delicious: positive
!but&!not&great&!for: positive
!but&!not&great&for: positive
!but&not&!was&!worth: positive
!but&not&!was&worth: negative
!but&not&was&!when: negative
!but&not&was&when: neutral
but&!chicken&!who&!that: positive
but&!chicken&!who&that: negative
but&!chicken&who&!of: neutral
but&!chicken&who&of: negative
but&chicken&!with: negative
but&chicken&with: negative
DecisionTree learned:
!but&!friendly&!dinner&!excellent: positive
!but&!friendly&!dinner&excellent: positive
!but&!friendly&dinner&!not: neutral
!but&!friendly&dinner&not: negative
!but&friendly&!there&!your: positive
!but&friendly&!there&your: positive
!but&friendly&there&!and: positive
!but&friendly&there&and: conflict
but&!who&!expensive&!we: positive
but&!who&!expensive&we: neutral
but&!who&expensive&!food: negative
but&!who&expensive&food: conflict
but&who&!for&!with: neutral
but&who&!for&with: negative
but&who&for&!of: conflict
but&who&for&of: negative
DecisionTree learned:
!but&!was&!dinner&!friendly: positive
!but&!was&!dinner&friendly: positive
!but&!was&dinner&!drinks: neutral
!but&!was&dinner&drinks: positive
!but&was&!delicious&!good: negative
!but&was&!delicious&good: positive
!but&was&delicious&!because: positive
!but&was&delicious&because: positive
but&!only&!well&!ever: positive
but&!only&!well&ever: negative
but&!only&well&!not: positive
but&!only&well&not: conflict
but&only&!ordered&!food: positive
but&only&!ordered&food: positive
but&only&ordered: neutral
DecisionTree learned:
!but&!not&!great&!rude: positive
!but&!not&!great&rude: negative
!but&!not&great&!deal: positive
!but&!not&great&deal: neutral
!but&not&!worth&!was: negative
!but&not&!worth&was: negative
!but&not&worth&!with: negative
!but&not&worth&with: conflict
but&!we&!only&!that: positive
but&!we&!only&that: negative
but&!we&only&!with: positive
but&!we&only&with: neutral
but&we&!got&!expensive: neutral
but&we&!got&expensive: negative
but&we&got&!and: neutral
but&we&got&and: negative
DecisionTree learned:
!but&!friendly&!excellent&!was: positive
!but&!friendly&!excellent&was: negative
!but&!friendly&excellent&!can: positive
!but&!friendly&excellent&can: conflict
!but&friendly&!is&!for: positive
!but&friendly&!is&for: neutral
!but&friendly&is&!there: positive
!but&friendly&is&there: conflict
but&!only&!at&!worth: positive
but&!only&!at&worth: conflict
but&!only&at&!and: negative
but&!only&at&and: positive
but&only&!was&!we: positive
but&only&!was&we: neutral
but&only&was&!reservation: positive
but&only&was&reservation: negative
DecisionTree learned:
!but&!not&!dinner&!n: positive
!but&!not&!dinner&n: negative
!but&!not&dinner&!having: neutral
!but&!not&dinner&having: positive
!but&not&!best&!was: negative
!but&not&!best&was: negative
!but&not&best&!i: positive
!but&not&best&i: positive
but&!only&!at&!worth: negative
but&!only&!at&worth: conflict
but&!only&at&!and: negative
but&!only&at&and: positive
but&only&!ordered&!food: positive
but&only&!ordered&food: positive
but&only&ordered: neutral
DecisionTree learned:
!but&!friendly&!try&!excellent: positive
!but&!friendly&!try&excellent: positive
!but&!friendly&try&!first: positive
!but&!friendly&try&first: neutral
!but&friendly&!is&!for: positive
!but&friendly&!is&for: neutral
!but&friendly&is&!there: positive
!but&friendly&is&there: conflict
but&!we&!that&!with: positive
but&!we&!that&with: positive
but&!we&that&!cost: negative
but&!we&that&cost: positive
but&we&!with&!could: neutral
but&we&!with&could: positive
but&we&with&!had: neutral
but&we&with&had: positive
DecisionTree learned:
!but&!great&!order&!is: positive
!but&!great&!order&is: positive
!but&!great&order&!with: negative
!but&!great&order&with: neutral
!but&great&!want&!three: positive
!but&great&!want&three: negative
!but&great&want&!casual: negative
!but&great&want&casual: positive
but&!we&!that&!specials: positive
but&!we&!that&specials: positive
but&!we&that&!you: negative
but&!we&that&you: positive
but&we&!to&!had: negative
but&we&!to&had: positive
but&we&to&!us: positive
but&we&to&us: neutral
DecisionTree learned:
!but&!our&!though&!well: positive
!but&!our&!though&well: positive
!but&!our&though&!a: conflict
!but&!our&though&a: negative
!but&our&!order&!service: neutral
!but&our&!order&service: positive
!but&our&order&!that: negative
!but&our&order&that: negative
but&!we&!that&!thai: positive
but&!we&!that&thai: conflict
but&!we&that&!cost: negative
but&!we&that&cost: positive
but&we&!very&!walk: neutral
but&we&!very&walk: positive
but&we&very&!good: negative
but&we&very&good: positive
DecisionTree learned:
!but&!dinner&!friendly&!worth: positive
!but&!dinner&!friendly&worth: negative
!but&!dinner&friendly&!is: positive
!but&!dinner&friendly&is: positive
!but&dinner&!not&!it: neutral
!but&dinner&!not&it: negative
!but&dinner&not&!of: neutral
!but&dinner&not&of: negative
but&!we&!wife&!look: positive
but&!we&!wife&look: conflict
but&!we&wife&!like: conflict
but&!we&wife&like: negative
but&we&!very&!menu: neutral
but&we&!very&menu: negative
but&we&very&!good: conflict
but&we&very&good: positive
DecisionTree learned:
!but&!is&!delicious&!was: positive
!but&!is&!delicious&was: negative
!but&!is&delicious&!in: positive
!but&!is&delicious&in: positive
!but&is&!be&!though: positive
!but&is&!be&though: conflict
!but&is&be&!was: negative
!but&is&be&was: neutral
but&!who&!that&!us: positive
but&!who&!that&us: negative
but&!who&that&!from: positive
but&!who&that&from: negative
but&who&!of&!for: neutral
but&who&!of&for: conflict
but&who&of&!they: conflict
but&who&of&they: negative
DecisionTree learned:
!but&!do&!good&!excellent: positive
!but&!do&!good&excellent: positive
!but&!do&good&!not: positive
!but&!do&good&not: negative
!but&do&!food&!their: negative
!but&do&!food&their: neutral
!but&do&food&!restaurant: negative
!but&do&food&restaurant: positive
but&!chicken&!at&!who: positive
but&!chicken&!at&who: conflict
but&!chicken&at&!and: negative
but&!chicken&at&and: positive
but&chicken&!with: negative
but&chicken&with: negative
DecisionTree learned:
!but&!our&!friendly&!dinner: positive
!but&!our&!friendly&dinner: neutral
!but&!our&friendly&!most: positive
!but&!our&friendly&most: conflict
!but&our&!other&!service: neutral
!but&our&!other&service: positive
!but&our&other: negative
but&!that&!thai&!wife: positive
but&!that&!thai&wife: conflict
but&!that&thai&!food: negative
but&!that&thai&food: conflict
but&that&!my&!who: positive
but&that&!my&who: conflict
but&that&my&!to: negative
but&that&my&to: positive
DecisionTree learned:
!but&!service&!was&!nice: positive
!but&!service&!was&nice: positive
!but&!service&was&!bland: negative
!but&!service&was&bland: negative
!but&service&!wait&!and: negative
!but&service&!wait&and: positive
!but&service&wait&!not: negative
!but&service&wait&not: neutral
but&!at&!who&!that: positive
but&!at&!who&that: negative
but&!at&who&!for: neutral
but&!at&who&for: conflict
but&at&!and&!experience: negative
but&at&!and&experience: positive
but&at&and&!as: positive
but&at&and&as: conflict
DecisionTree learned:
!but&!though&!well&!friendly: positive
!but&!though&!well&friendly: positive
!but&!though&well&!flavor: positive
!but&!though&well&flavor: negative
!but&though&!a&!i: conflict
!but&though&!a&i: conflict
!but&though&a&!seated: negative
!but&though&a&seated: positive
but&!shrimp&!that&!choices: positive
but&!shrimp&!that&choices: negative
but&!shrimp&that&!who: negative
but&!shrimp&that&who: conflict
but&shrimp&!and: positive
but&shrimp&and: positive
DecisionTree learned:
!but&!is&!delicious&!best: positive
!but&!is&!delicious&best: positive
!but&!is&delicious&!in: positive
!but&!is&delicious&in: positive
!but&is&!well&!though: positive
!but&is&!well&though: conflict
!but&is&well&!as: conflict
!but&is&well&as: positive
but&!chicken&!with&!thai: positive
but&!chicken&!with&thai: conflict
but&!chicken&with&!i: positive
but&!chicken&with&i: negative
but&chicken&!with: negative
but&chicken&with: negative
DecisionTree learned:
!but&!it&!dinner&!great: positive
!but&!it&!dinner&great: positive
!but&!it&dinner&!drinks: neutral
!but&!it&dinner&drinks: positive
!but&it&!matter&!food: negative
!but&it&!matter&food: positive
!but&it&matter&!i: conflict
!but&it&matter&i: conflict
but&!expensive&!who&!that: positive
but&!expensive&!who&that: negative
but&!expensive&who&!of: neutral
but&!expensive&who&of: negative
but&expensive&!our&!it: conflict
but&expensive&!our&it: conflict
but&expensive&our: neutral
DecisionTree learned:
!but&!our&!matter&!worth: positive
!but&!our&!matter&worth: conflict
!but&!our&matter&!with: conflict
!but&!our&matter&with: negative
!but&our&!order&!complimentary: neutral
!but&our&!order&complimentary: negative
!but&our&order&!that: negative
!but&our&order&that: negative
but&!that&!not&!expensive: negative
but&!that&!not&expensive: conflict
but&!that&not&!for: conflict
but&!that&not&for: positive
but&that&!are&!just: negative
but&that&!are&just: negative
but&that&are&!with: positive
but&that&are&with: neutral
DecisionTree learned:
!but&!it&!great&!fine: positive
!but&!it&!great&fine: positive
!but&!it&great&!not: positive
!but&!it&great&not: conflict
!but&it&!matter&!price: negative
!but&it&!matter&price: conflict
!but&it&matter&!i: conflict
!but&it&matter&i: conflict
but&!we&!reservations&!small: positive
but&!we&!reservations&small: negative
but&!we&reservations&!the: negative
but&!we&reservations&the: negative
but&we&!very&!of: neutral
but&we&!very&of: negative
but&we&very&!for: positive
but&we&very&for: negative
DecisionTree learned:
!but&!try&!do&!it: positive
!but&!try&!do&it: negative
!but&!try&do&!what: negative
!but&!try&do&what: neutral
!but&try&!cheese&!because: positive
!but&try&!cheese&because: neutral
!but&try&cheese: neutral
but&!that&!small&!what: positive
but&!that&!small&what: neutral
but&!that&small&!there: negative
but&!that&small&there: conflict
but&that&!ever&!just: positive
but&that&!ever&just: negative
but&that&ever: negative
DecisionTree learned:
!but&!though&!well&!friendly: positive
!but&!though&!well&friendly: positive
!but&!though&well&!as: positive
!but&!though&well&as: positive
!but&though&!a&!i: conflict
!but&though&!a&i: neutral
!but&though&a&!seated: negative
!but&though&a&seated: neutral
but&!small&!who&!that: positive
but&!small&!who&that: negative
but&!small&who&!of: conflict
but&!small&who&of: negative
but&small&!a&!are: negative
but&small&!a&are: positive
but&small&a&!were: conflict
but&small&a&were: negative
DecisionTree learned:
!but&!our&!try&!dinner: positive
!but&!our&!try&dinner: neutral
!but&!our&try&!dining: positive
!but&!our&try&dining: neutral
!but&our&!order&!service: neutral
!but&our&!order&service: positive
!but&our&order&!that: negative
!but&our&order&that: negative
but&!that&!thai&!small: positive
but&!that&!thai&small: negative
but&!that&thai&!food: negative
but&!that&thai&food: conflict
but&that&!prices&!shrimp: negative
but&that&!prices&shrimp: positive
but&that&prices&!they: positive
but&that&prices&they: neutral
DecisionTree learned:
!but&!though&!well&!friendly: positive
!but&!though&!well&friendly: positive
!but&!though&well&!as: positive
!but&!though&well&as: positive
!but&though&!a&!i: conflict
!but&though&!a&i: conflict
!but&though&a&!seated: negative
!but&though&a&seated: neutral
but&!we&!special&!high: positive
but&!we&!special&high: conflict
but&!we&special&!for: neutral
but&!we&special&for: neutral
but&we&!expensive&!walk: neutral
but&we&!expensive&walk: positive
but&we&expensive: conflict
DecisionTree learned:
!but&!the&!went&!great: neutral
!but&!the&!went&great: positive
!but&!the&went&!table: neutral
!but&!the&went&table: negative
!but&the&!wine&!bar: positive
!but&the&!wine&bar: neutral
!but&the&wine&!when: positive
!but&the&wine&when: neutral
but&!at&!worth&!look: positive
but&!at&!worth&look: conflict
but&!at&worth&!and: conflict
but&!at&worth&and: positive
but&at&!and&!experience: negative
but&at&!and&experience: positive
but&at&and&!as: positive
but&at&and&as: neutral
DecisionTree learned:
!but&!though&!well&!friendly: positive
!but&!though&!well&friendly: positive
!but&!though&well&!as: positive
!but&!though&well&as: positive
!but&though&!a&!i: conflict
!but&though&!a&i: neutral
!but&though&a&!reservation: negative
!but&though&a&reservation: neutral
but&!at&!worth&!look: positive
but&!at&!worth&look: conflict
but&!at&worth&!and: conflict
but&!at&worth&and: positive
but&at&!and&!for: neutral
but&at&!and&for: negative
but&at&and&!as: positive
but&at&and&as: neutral
DecisionTree learned:
!but&!the&!atmosphere&!pricey: neutral
!but&!the&!atmosphere&pricey: conflict
!but&!the&atmosphere&!they: positive
!but&!the&atmosphere&they: conflict
!but&the&!is&!with: negative
!but&the&!is&with: neutral
!but&the&is&!everything: positive
!but&the&is&everything: conflict
but&!high&!chicken&!who: positive
but&!high&!chicken&who: neutral
but&!high&chicken&!with: negative
but&!high&chicken&with: negative
but&high&!a&!the: negative
but&high&!a&the: conflict
but&high&a: conflict
DecisionTree learned:
!but&!worth&!matter&!fine: positive
!but&!worth&!matter&fine: positive
!but&!worth&matter&!i: conflict
!but&!worth&matter&i: conflict
!but&worth&!and&!well: conflict
!but&worth&!and&well: conflict
!but&worth&and&!enough: neutral
!but&worth&and&enough: negative
but&!at&!look&!not: negative
but&!at&!look&not: positive
but&!at&look&!of: conflict
but&!at&look&of: negative
but&at&!and&!have: neutral
but&at&!and&have: negative
but&at&and&!as: positive
but&at&and&as: neutral
DecisionTree learned:
!but&!fine&!bland&!matter: positive
!but&!fine&!bland&matter: conflict
!but&!fine&bland&!a: negative
!but&!fine&bland&a: conflict
!but&fine&!had&!of: positive
!but&fine&!had&of: positive
!but&fine&had&!and: conflict
!but&fine&had&and: conflict
but&!who&!that&!at: positive
but&!who&!that&at: neutral
but&!who&that&!just: positive
but&!who&that&just: negative
but&who&!for&!in: neutral
but&who&!for&in: conflict
but&who&for&!of: conflict
but&who&for&of: negative
DecisionTree learned:
!but&!fine&!worth&!matter: positive
!but&!fine&!worth&matter: conflict
!but&!fine&worth&!and: conflict
!but&!fine&worth&and: positive
!but&fine&!expected&!the: positive
!but&fine&!expected&the: conflict
!but&fine&expected: conflict
but&!who&!that&!not: negative
but&!who&!that&not: positive
but&!who&that&!my: positive
but&!who&that&my: negative
but&who&!of&!is: conflict
but&who&!of&is: neutral
but&who&of&!this: negative
but&who&of&this: negative
DecisionTree learned:
!but&!bland&!is&!can: positive
!but&!bland&!is&can: positive
!but&!bland&is&!though: positive
!but&!bland&is&though: conflict
!but&bland&!a&!food: negative
!but&bland&!a&food: negative
!but&bland&a&!as: conflict
!but&bland&a&as: negative
but&!small&!reservations&!when: positive
but&!small&!reservations&when: neutral
but&!small&reservations&!was: neutral
but&!small&reservations&was: negative
but&small&!a&!to: positive
but&small&!a&to: negative
but&small&a&!were: conflict
but&small&a&were: negative
DecisionTree learned:
!but&!service&!was&!rest: positive
!but&!service&!was&rest: conflict
!but&!service&was&!although: negative
!but&!service&was&although: conflict
!but&service&!friendly&!re: positive
!but&service&!friendly&re: conflict
!but&service&friendly&!is: positive
!but&service&friendly&is: conflict
but&!that&!when&!thai: positive
but&!that&!when&thai: negative
but&!that&when&!at: neutral
but&!that&when&at: negative
but&that&!my&!who: neutral
but&that&!my&who: conflict
but&that&my&!to: negative
but&that&my&to: positive
DecisionTree learned:
!but&!it&!can&!fine: positive
!but&!it&!can&fine: positive
!but&!it&can&!be: positive
!but&!it&can&be: negative
!but&it&!matter&!price: negative
!but&it&!matter&price: conflict
!but&it&matter&!i: conflict
!but&it&matter&i: neutral
but&!that&!when&!pizza: positive
but&!that&!when&pizza: positive
but&!that&when&!at: neutral
but&!that&when&at: negative
but&that&!my&!with: negative
but&that&!my&with: positive
but&that&my&!to: negative
but&that&my&to: positive
DecisionTree learned:
!but&!fine&!worth&!bland: positive
!but&!fine&!worth&bland: negative
!but&!fine&worth&!and: conflict
!but&!fine&worth&and: negative
!but&fine&!had&!of: positive
!but&fine&!had&of: positive
!but&fine&had&!and: conflict
!but&fine&had&and: conflict
but&!not&!pad&!expensive: negative
but&!not&!pad&expensive: conflict
but&!not&pad: conflict
but&not&!for&!to: conflict
but&not&!for&to: neutral
but&not&for&!there: negative
but&not&for&there: neutral
DecisionTree learned:
!but&!order&!fine&!bland: positive
!but&!order&!fine&bland: negative
!but&!order&fine&!expected: positive
!but&!order&fine&expected: conflict
!but&order&!wine&!them: negative
!but&order&!wine&them: positive
!but&order&wine&!for: neutral
!but&order&wine&for: neutral
but&!expensive&!we&!small: positive
but&!expensive&!we&small: negative
but&!expensive&we&!next: negative
but&!expensive&we&next: neutral
but&expensive&!food&!to: neutral
but&expensive&!food&to: negative
but&expensive&food&!was: conflict
but&expensive&food&was: conflict
DecisionTree learned:
!but&!excellent&!our&!friendly: positive
!but&!excellent&!our&friendly: positive
!but&!excellent&our&!other: neutral
!but&!excellent&our&other: negative
!but&excellent&!restaurants&!that: positive
!but&excellent&!restaurants&that: positive
!but&excellent&restaurants&!and: conflict
!but&excellent&restaurants&and: neutral
but&!that&!only&!not: negative
but&!that&!only&not: conflict
but&!that&only&!ordered: positive
but&!that&only&ordered: neutral
but&that&!may&!us: negative
but&that&!may&us: positive
but&that&may&!and: conflict
but&that&may&and: neutral
DecisionTree learned:
!but&!though&!well&!can: positive
!but&!though&!well&can: conflict
!but&!though&well&!as: positive
!but&!though&well&as: positive
!but&though&!a&!and: negative
!but&though&!a&and: conflict
!but&though&a&!seated: negative
!but&though&a&seated: positive
but&!high&!small&!not: positive
but&!high&!small&not: neutral
but&!high&small&!were: conflict
but&!high&small&were: negative
but&high&!a&!the: negative
but&high&!a&the: conflict
but&high&a: conflict
DecisionTree learned:
!but&!well&!dinner&!try: positive
!but&!well&!dinner&try: positive
!but&!well&dinner&!not: neutral
!but&!well&dinner&not: negative
!but&well&!as&!reservations: positive
!but&well&!as&reservations: negative
!but&well&as&!was: positive
!but&well&as&was: negative
but&!that&!wife&!at: positive
but&!that&!wife&at: neutral
but&!that&wife&!as: conflict
but&!that&wife&as: conflict
but&that&!are&!bit: negative
but&that&!are&bit: positive
but&that&are&!with: positive
but&that&are&with: neutral
DecisionTree learned:
!but&!worth&!matter&!bland: positive
!but&!worth&!matter&bland: negative
!but&!worth&matter&!i: conflict
!but&!worth&matter&i: conflict
!but&worth&!and&!well: conflict
!but&worth&!and&well: conflict
!but&worth&and&!every: negative
!but&worth&and&every: positive
but&!that&!i&!when: positive
but&!that&!i&when: neutral
but&!that&i&!great: conflict
but&!that&i&great: positive
but&that&!from&!who: positive
but&that&!from&who: conflict
but&that&from&!with: negative
but&that&from&with: neutral
DecisionTree learned:
!but&!we&!well&!though: positive
!but&!we&!well&though: negative
!but&!we&well&!as: neutral
!but&!we&well&as: positive
!but&we&!bar&!table: neutral
!but&we&!bar&table: negative
!but&we&bar&!and: neutral
!but&we&bar&and: neutral
but&!not&!chicken&!with: negative
but&!not&!chicken&with: positive
but&!not&chicken&!with: negative
but&!not&chicken&with: negative
but&not&!for&!to: conflict
but&not&!for&to: neutral
but&not&for&!the: positive
but&not&for&the: neutral
DecisionTree learned:
!but&!bland&!service&!good: positive
!but&!bland&!service&good: positive
!but&!bland&service&!ok: positive
!but&!bland&service&ok: neutral
!but&bland&!a&!not: negative
!but&bland&!a&not: negative
!but&bland&a&!as: conflict
!but&bland&a&as: negative
but&!expensive&!we&!was: positive
but&!expensive&!we&was: negative
but&!expensive&we&!walk: neutral
but&!expensive&we&walk: positive
but&expensive&!food&!to: neutral
but&expensive&!food&to: negative
but&expensive&food&!was: conflict
but&expensive&food&was: conflict
DecisionTree learned:
!but&!friendly&!well&!pricey: positive
!but&!friendly&!well&pricey: conflict
!but&!friendly&well&!as: positive
!but&!friendly&well&as: positive
!but&friendly&!is&!the: positive
!but&friendly&!is&the: neutral
!but&friendly&is&!service: positive
!but&friendly&is&service: conflict
but&!at&!worth&!is: negative
but&!at&!worth&is: positive
but&!at&worth&!and: conflict
but&!at&worth&and: conflict
but&at&!and&!were: negative
but&at&!and&were: neutral
but&at&and&!as: positive
but&at&and&as: neutral
DecisionTree learned:
!but&!fine&!worth&!house: positive
!but&!fine&!worth&house: conflict
!but&!fine&worth&!and: conflict
!but&!fine&worth&and: neutral
!but&fine&!had&!of: positive
!but&fine&!had&of: positive
!but&fine&had&!were: conflict
!but&fine&had&were: conflict
but&!that&!wife&!at: positive
but&!that&!wife&at: neutral
but&!that&wife&!as: conflict
but&!that&wife&as: conflict
but&that&!you&!shrimp: negative
but&that&!you&shrimp: positive
but&that&you&!for: neutral
but&that&you&for: positive
DecisionTree learned:
!but&!fine&!service&!little: positive
!but&!fine&!service&little: conflict
!but&!fine&service&!what: positive
!but&!fine&service&what: neutral
!but&fine&!had&!of: positive
!but&fine&!had&of: conflict
!but&fine&had&!and: conflict
!but&fine&had&and: conflict
but&!at&!worth&!fine: positive
but&!at&!worth&fine: conflict
but&!at&worth&!and: conflict
but&!at&worth&and: positive
but&at&!and&!experience: negative
but&at&!and&experience: positive
but&at&and&!as: positive
but&at&and&as: conflict
DecisionTree learned:
!but&!we&!though&!well: positive
!but&!we&!though&well: positive
!but&!we&though&!i: negative
!but&!we&though&i: neutral
!but&we&!dumplings&!delicious: neutral
!but&we&!dumplings&delicious: positive
!but&we&dumplings: positive
but&!that&!thai&!small: positive
but&!that&!thai&small: negative
but&!that&thai&!food: negative
but&!that&thai&food: conflict
but&that&!who&!ever: neutral
but&that&!who&ever: negative
but&that&who: conflict
DecisionTree learned:
!but&!far&!friendly&!it: positive
!but&!far&!friendly&it: negative
!but&!far&friendly&!is: positive
!but&!far&friendly&is: positive
!but&far&!best&!so: conflict
!but&far&!best&so: conflict
!but&far&best&!a: positive
!but&far&best&a: neutral
but&!that&!when&!only: negative
but&!that&!when&only: positive
but&!that&when&!were: neutral
but&!that&when&were: neutral
but&that&!my&!experience: positive
but&that&!my&experience: positive
but&that&my&!to: negative
but&that&my&to: positive
DecisionTree learned:
!but&!can&!is&!delicious: negative
!but&!can&!is&delicious: positive
!but&!can&is&!far: positive
!but&!can&is&far: conflict
!but&can&!cost&!they: negative
!but&can&!cost&they: conflict
!but&can&cost&!for: conflict
!but&can&cost&for: conflict
but&!that&!when&!only: negative
but&!that&!when&only: positive
but&!that&when&!at: neutral
but&!that&when&at: negative
but&that&!are&!with: negative
but&that&!are&with: positive
but&that&are&!with: positive
but&that&are&with: neutral
DecisionTree learned:
!but&!though&!well&!can: positive
!but&!though&!well&can: conflict
!but&!though&well&!was: positive
!but&!though&well&was: conflict
!but&though&!a&!worth: negative
!but&though&!a&worth: conflict
!but&though&a&!seated: negative
!but&though&a&seated: positive
but&!that&!when&!eat: positive
but&!that&!when&eat: negative
but&!that&when&!on: negative
but&!that&when&on: neutral
but&that&!my&!an: positive
but&that&!my&an: neutral
but&that&my&!to: negative
but&that&my&to: positive
DecisionTree learned:
!but&!though&!well&!atmosphere: positive
!but&!though&!well&atmosphere: positive
!but&!though&well&!as: neutral
!but&!though&well&as: positive
!but&though&!a&!i: conflict
!but&though&!a&i: neutral
!but&though&a&!reservation: negative
!but&though&a&reservation: neutral
but&!chicken&!our&!who: positive
but&!chicken&!our&who: conflict
but&!chicken&our&!place: neutral
but&!chicken&our&place: conflict
but&chicken&!with: negative
but&chicken&with: negative
DecisionTree learned:
!but&!fine&!house&!worth: positive
!but&!fine&!house&worth: conflict
!but&!fine&house&!wine: conflict
!but&!fine&house&wine: positive
!but&fine&!had&!of: positive
!but&fine&!had&of: positive
!but&fine&had&!and: conflict
!but&fine&had&and: conflict
but&!not&!pad&!small: positive
but&!not&!pad&small: negative
but&!not&pad: conflict
but&not&!for&!to: conflict
but&not&!for&to: neutral
but&not&for&!experience: neutral
but&not&for&experience: positive
DecisionTree learned:
!but&!well&!not&!can: positive
!but&!well&!not&can: conflict
!but&!well&not&!nice: negative
!but&!well&not&nice: conflict
!but&well&!as&!very: conflict
!but&well&!as&very: neutral
!but&well&as&!was: positive
!but&well&as&was: negative
but&!at&!special&!that: positive
but&!at&!special&that: negative
but&!at&special&!for: neutral
but&!at&special&for: neutral
but&at&!and&!experience: neutral
but&at&!and&experience: positive
but&at&and&!as: positive
but&at&and&as: neutral
DecisionTree learned:
!but&!we&!well&!though: positive
!but&!we&!well&though: negative
!but&!we&well&!was: positive
!but&!we&well&was: conflict
!but&we&!is&!before: neutral
!but&we&!is&before: negative
!but&we&is&!attentive: negative
!but&we&is&attentive: positive
but&!that&!when&!chicken: positive
but&!that&!when&chicken: negative
but&!that&when&!were: neutral
but&!that&when&were: neutral
but&that&!my&!to: positive
but&that&!my&to: neutral
but&that&my&!to: negative
but&that&my&to: positive
DecisionTree learned:
!but&!it&!with&!dinner: positive
!but&!it&!with&dinner: neutral
!but&!it&with&!wait: neutral
!but&!it&with&wait: negative
!but&it&!matter&!food: negative
!but&it&!matter&food: positive
!but&it&matter&!i: conflict
!but&it&matter&i: conflict
but&!that&!pizza&!chicken: positive
but&!that&!pizza&chicken: negative
but&!that&pizza&!do: positive
but&!that&pizza&do: positive
but&that&!who&!tasty: negative
but&that&!who&tasty: neutral
but&that&who: conflict
DecisionTree learned:
!but&!fine&!house&!worth: positive
!but&!fine&!house&worth: conflict
!but&!fine&house&!a: conflict
!but&!fine&house&a: positive
!but&fine&!had&!of: positive
!but&fine&!had&of: positive
!but&fine&had&!and: conflict
!but&fine&had&and: conflict
but&!that&!when&!well: negative
but&!that&!when&well: positive
but&!that&when&!were: neutral
but&!that&when&were: neutral
but&that&!us&!my: neutral
but&that&!us&my: negative
but&that&us&!good: positive
but&that&us&good: positive
DecisionTree learned:
!but&!good&!sometimes&!can: neutral
!but&!good&!sometimes&can: negative
!but&!good&sometimes&!you: conflict
!but&!good&sometimes&you: positive
!but&good&!which&!not: positive
!but&good&!which&not: conflict
!but&good&which&!for: neutral
!but&good&which&for: negative
but&!at&!look&!who: positive
but&!at&!look&who: conflict
but&!at&look&!of: conflict
but&!at&look&of: negative
but&at&!and&!we: negative
but&at&!and&we: neutral
but&at&and&!as: positive
but&at&and&as: conflict
DecisionTree learned:
!but&!worth&!can&!far: positive
!but&!worth&!can&far: conflict
!but&!worth&can&!be: conflict
!but&!worth&can&be: negative
!but&worth&!and&!of: conflict
!but&worth&!and&of: conflict
!but&worth&and&!with: neutral
!but&worth&and&with: negative
but&!high&!small&!who: positive
but&!high&!small&who: conflict
but&!high&small&!a: negative
but&!high&small&a: conflict
but&high&!a&!the: negative
but&high&!a&the: conflict
but&high&a: conflict
DecisionTree learned:
!but&!worth&!matter&!fine: positive
!but&!worth&!matter&fine: conflict
!but&!worth&matter&!i: conflict
!but&!worth&matter&i: conflict
!but&worth&!and&!well: conflict
!but&worth&!and&well: conflict
!but&worth&and&!enough: neutral
!but&worth&and&enough: positive
but&!not&!with&!high: negative
but&!not&!with&high: conflict
but&!not&with&!chicken: positive
but&!not&with&chicken: negative
but&not&!for&!to: conflict
but&not&!for&to: neutral
but&not&for&!who: neutral
but&not&for&who: conflict
DecisionTree learned:
!but&!bland&!is&!delicious: neutral
!but&!bland&!is&delicious: positive
!but&!bland&is&!far: positive
!but&!bland&is&far: conflict
!but&bland&!a&!not: negative
!but&bland&!a&not: negative
!but&bland&a&!as: conflict
!but&bland&a&as: negative
but&!that&!small&!wife: positive
but&!that&!small&wife: conflict
but&!that&small&!is: conflict
but&!that&small&is: positive
but&that&!us&!my: negative
but&that&!us&my: negative
but&that&us&!good: positive
but&that&us&good: positive
DecisionTree learned:
!but&!far&!worth&!house: positive
!but&!far&!worth&house: conflict
!but&!far&worth&!and: conflict
!but&!far&worth&and: negative
!but&far&!best&!with: conflict
!but&far&!best&with: positive
!but&far&best&!a: positive
!but&far&best&a: neutral
but&!who&!that&!thai: positive
but&!who&!that&thai: conflict
but&!who&that&!of: positive
but&!who&that&of: negative
but&who&!for&!in: neutral
but&who&!for&in: conflict
but&who&for&!of: conflict
but&who&for&of: conflict
DecisionTree learned:
!but&!atmosphere&!fine&!friendly: positive
!but&!atmosphere&!fine&friendly: positive
!but&!atmosphere&fine&!had: positive
!but&!atmosphere&fine&had: conflict
!but&atmosphere&!they&!you: positive
!but&atmosphere&!they&you: negative
!but&atmosphere&they&!with: conflict
!but&atmosphere&they&with: conflict
but&!that&!wife&!at: positive
but&!that&!wife&at: neutral
but&!that&wife&!as: conflict
but&!that&wife&as: conflict
but&that&!experience&!us: neutral
but&that&!experience&us: positive
but&that&experience&!are: positive
but&that&experience&are: conflict
DecisionTree learned:
!but&!far&!bland&!fine: positive
!but&!far&!bland&fine: conflict
!but&!far&bland&!a: negative
!but&!far&bland&a: conflict
!but&far&!best&!there: conflict
!but&far&!best&there: positive
!but&far&best&!a: positive
!but&far&best&a: neutral
but&!we&!that&!fine: positive
but&!we&!that&fine: conflict
but&!we&that&!a: negative
but&!we&that&a: positive
but&we&!never&!expensive: neutral
but&we&!never&expensive: negative
but&we&never: positive
DecisionTree learned:
!but&!fine&!can&!is: positive
!but&!fine&!can&is: positive
!but&!fine&can&!cost: negative
!but&!fine&can&cost: conflict
!but&fine&!expected&!to: positive
!but&fine&!expected&to: positive
!but&fine&expected: conflict
but&!we&!that&!pizza: positive
but&!we&!that&pizza: positive
but&!we&that&!you: negative
but&!we&that&you: positive
but&we&!never&!very: neutral
but&we&!never&very: positive
but&we&never: positive
DecisionTree learned:
!but&!it&!with&!dinner: positive
!but&!it&!with&dinner: neutral
!but&!it&with&!restaurants: neutral
!but&!it&with&restaurants: negative
!but&it&!matter&!food: negative
!but&it&!matter&food: positive
!but&it&matter&!i: conflict
!but&it&matter&i: conflict
but&!that&!our&!only: positive
but&!that&!our&only: positive
but&!that&our&!place: neutral
but&!that&our&place: conflict
but&that&!who&!my: negative
but&that&!who&my: negative
but&that&who: conflict
DecisionTree learned:
!but&!our&!fine&!not: positive
!but&!our&!fine&not: negative
!but&!our&fine&!expected: positive
!but&!our&fine&expected: conflict
!but&our&!order&!they: neutral
!but&our&!order&they: negative
!but&our&order&!that: neutral
!but&our&order&that: negative
but&!that&!when&!thai: positive
but&!that&!when&thai: conflict
but&!that&when&!were: neutral
but&!that&when&were: neutral
but&that&!us&!my: negative
but&that&!us&my: negative
but&that&us&!good: positive
but&that&us&good: positive
DecisionTree learned:
!but&!we&!though&!well: positive
!but&!we&!though&well: positive
!but&!we&though&!i: negative
!but&!we&though&i: conflict
!but&we&!order&!is: neutral
!but&we&!order&is: negative
!but&we&order&!that: neutral
!but&we&order&that: negative
but&!that&!expensive&!we: positive
but&!that&!expensive&we: neutral
but&!that&expensive&!food: negative
but&!that&expensive&food: conflict
but&that&!who&!ever: negative
but&that&!who&ever: negative
but&that&who: conflict
DecisionTree learned:
!but&!service&!worth&!although: positive
!but&!service&!worth&although: conflict
!but&!service&worth&!and: conflict
!but&!service&worth&and: negative
!but&service&!and&!ok: negative
!but&service&!and&ok: neutral
!but&service&and&!with: positive
!but&service&and&with: negative
but&!who&!that&!at: positive
but&!who&!that&at: neutral
but&!who&that&!shrimp: negative
but&!who&that&shrimp: positive
but&who&!for&!with: neutral
but&who&!for&with: negative
but&who&for&!of: conflict
but&who&for&of: conflict
DecisionTree learned:
!but&!bland&!is&!can: neutral
!but&!bland&!is&can: conflict
!but&!bland&is&!far: positive
!but&!bland&is&far: conflict
!but&bland&!a&!food: negative
!but&bland&!a&food: negative
!but&bland&a&!as: conflict
!but&bland&a&as: conflict
but&!that&!special&!when: positive
but&!that&!special&when: neutral
but&!that&special&!for: neutral
but&!that&special&for: neutral
but&that&!who&!just: negative
but&that&!who&just: negative
but&that&who: conflict
DecisionTree learned:
!but&!far&!fine&!although: positive
!but&!far&!fine&although: conflict
!but&!far&fine&!expected: conflict
!but&!far&fine&expected: conflict
!but&far&!best&!with: conflict
!but&far&!best&with: positive
!but&far&best&!a: positive
!but&far&best&a: neutral
but&!only&!well&!small: negative
but&!only&!well&small: conflict
but&!only&well&!not: positive
but&!only&well&not: conflict
but&only&!ordered&!food: positive
but&only&!ordered&food: positive
but&only&ordered: neutral
DecisionTree learned:
!but&!house&!worth&!matter: positive
!but&!house&!worth&matter: conflict
!but&!house&worth&!and: conflict
!but&!house&worth&and: negative
!but&house&!a&!an: conflict
!but&house&!a&an: positive
!but&house&a&!great: positive
!but&house&a&great: neutral
but&!small&!high&!ve: positive
but&!small&!high&ve: conflict
but&!small&high&!for: conflict
but&!small&high&for: negative
but&small&!a&!good: positive
but&small&!a&good: negative
but&small&a&!were: conflict
but&small&a&were: negative
DecisionTree learned:
!but&!it&!with&!the: neutral
!but&!it&!with&the: positive
!but&!it&with&!wait: neutral
!but&!it&with&wait: negative
!but&it&!matter&!worth: negative
!but&it&!matter&worth: conflict
!but&it&matter&!i: conflict
!but&it&matter&i: conflict
but&!that&!when&!eat: positive
but&!that&!when&eat: negative
but&!that&when&!all: neutral
but&!that&when&all: negative
but&that&!experience&!cost: negative
but&that&!experience&cost: positive
but&that&experience&!are: positive
but&that&experience&are: conflict
DecisionTree learned:
!but&!friendly&!though&!well: negative
!but&!friendly&!though&well: positive
!but&!friendly&though&!a: conflict
!but&!friendly&though&a: negative
!but&friendly&!is&!the: positive
!but&friendly&!is&the: neutral
!but&friendly&is&!service: positive
!but&friendly&is&service: conflict
but&!that&!is&!at: negative
but&!that&!is&at: neutral
but&!that&is&!deal: positive
but&!that&is&deal: conflict
but&that&!experience&!tasty: negative
but&that&!experience&tasty: neutral
but&that&experience&!are: positive
but&that&experience&are: conflict
DecisionTree learned:
!but&!little&!though&!well: positive
!but&!little&!though&well: positive
!but&!little&though&!a: conflict
!but&!little&though&a: negative
!but&little&!also&!time: positive
!but&little&!also&time: conflict
!but&little&also: neutral
but&!that&!well&!thai: negative
but&!that&!well&thai: conflict
but&!that&well&!not: positive
but&!that&well&not: conflict
but&that&!us&!my: neutral
but&that&!us&my: negative
but&that&us&!good: positive
but&that&us&good: positive
DecisionTree learned:
!but&!bland&!is&!can: neutral
!but&!bland&!is&can: conflict
!but&!bland&is&!everything: positive
!but&!bland&is&everything: conflict
!but&bland&!a&!and: negative
!but&bland&!a&and: negative
!but&bland&a&!as: conflict
!but&bland&a&as: conflict
but&!that&!pizza&!when: negative
but&!that&!pizza&when: neutral
but&!that&pizza&!to: positive
but&!that&pizza&to: negative
but&that&!shrimp&!prices: negative
but&that&!shrimp&prices: positive
but&that&shrimp: positive
DecisionTree learned:
!but&!bland&!worth&!house: positive
!but&!bland&!worth&house: conflict
!but&!bland&worth&!and: conflict
!but&!bland&worth&and: positive
!but&bland&!a&!food: negative
!but&bland&!a&food: negative
!but&bland&a&!as: conflict
!but&bland&a&as: conflict
but&!that&!thai&!the: conflict
but&!that&!thai&the: negative
but&!that&thai&!food: negative
but&!that&thai&food: conflict
but&that&!tasty&!from: positive
but&that&!tasty&from: negative
but&that&tasty&!and: neutral
but&that&tasty&and: neutral
DecisionTree learned:
!but&!well&!house&!friendly: positive
!but&!well&!house&friendly: positive
!but&!well&house&!a: conflict
!but&!well&house&a: positive
!but&well&!was&!for: positive
!but&well&!was&for: positive
!but&well&was&!as: conflict
!but&well&was&as: negative
but&!when&!that&!only: negative
but&!when&!that&only: positive
but&!when&that&!who: negative
but&!when&that&who: conflict
but&when&!on&!it: negative
but&when&!on&it: neutral
but&when&on: positive
DecisionTree learned:
!but&!friendly&!well&!can: positive
!but&!friendly&!well&can: conflict
!but&!friendly&well&!though: positive
!but&!friendly&well&though: negative
!but&friendly&!is&!food: positive
!but&friendly&!is&food: neutral
!but&friendly&is&!service: positive
!but&friendly&is&service: conflict
but&!that&!when&!what: positive
but&!that&!when&what: neutral
but&!that&when&!on: neutral
but&!that&when&on: positive
but&that&!prices&!would: negative
but&that&!prices&would: positive
but&that&prices&!they: positive
but&that&prices&they: neutral
DecisionTree learned:
!but&!though&!well&!atmosphere: positive
!but&!though&!well&atmosphere: positive
!but&!though&well&!as: neutral
!but&!though&well&as: positive
!but&though&!a&!i: conflict
!but&though&!a&i: conflict
!but&though&a&!seated: negative
!but&though&a&seated: neutral
but&!at&!look&!worth: positive
but&!at&!look&worth: conflict
but&!at&look&!of: conflict
but&!at&look&of: negative
but&at&!and&!experience: negative
but&at&!and&experience: positive
but&at&and&!as: positive
but&at&and&as: neutral
DecisionTree learned:
!but&!house&!fine&!can: positive
!but&!house&!fine&can: conflict
!but&!house&fine&!had: positive
!but&!house&fine&had: conflict
!but&house&!a&!on: conflict
!but&house&!a&on: positive
!but&house&a&!great: positive
!but&house&a&great: neutral
but&!at&!reservations&!only: positive
but&!at&!reservations&only: positive
but&!at&reservations&!the: negative
but&!at&reservations&the: negative
but&at&!and&!all: neutral
but&at&!and&all: negative
but&at&and&!as: positive
but&at&and&as: conflict
DecisionTree learned:
!but&!we&!though&!can: positive
!but&!we&!though&can: conflict
!but&!we&though&!i: conflict
!but&!we&though&i: conflict
!but&we&!great&!table: neutral
!but&we&!great&table: negative
!but&we&great: positive
but&!that&!small&!high: positive
but&!that&!small&high: conflict
but&!that&small&!were: conflict
but&!that&small&were: negative
but&that&!ever&!just: positive
but&that&!ever&just: negative
but&that&ever: negative
DecisionTree learned:
!but&!far&!fine&!little: positive
!but&!far&!fine&little: conflict
!but&!far&fine&!had: positive
!but&!far&fine&had: conflict
!but&far&!best&!with: conflict
!but&far&!best&with: positive
!but&far&best&!a: positive
!but&far&best&a: neutral
but&!that&!when&!what: negative
but&!that&!when&what: neutral
but&!that&when&!were: neutral
but&!that&when&were: neutral
but&that&!shrimp&!us: negative
but&that&!shrimp&us: positive
but&that&shrimp: positive
DecisionTree learned:
!but&!fine&!friendly&!matter: negative
!but&!fine&!friendly&matter: conflict
!but&!fine&friendly&!is: positive
!but&!fine&friendly&is: conflict
!but&fine&!expected&!the: positive
!but&fine&!expected&the: conflict
!but&fine&expected: conflict
but&!that&!not&!pad: negative
but&!that&!not&pad: conflict
but&!that&not&!for: conflict
but&!that&not&for: neutral
but&that&!would&!be: neutral
but&that&!would&be: positive
but&that&would&!for: positive
but&that&would&for: positive
DecisionTree learned:
!but&!friendly&!can&!worth: positive
!but&!friendly&!can&worth: conflict
!but&!friendly&can&!cost: negative
!but&!friendly&can&cost: conflict
!but&friendly&!is&!the: positive
!but&friendly&!is&the: neutral
!but&friendly&is&!service: positive
!but&friendly&is&service: conflict
but&!that&!chicken&!what: positive
but&!that&!chicken&what: neutral
but&!that&chicken&!with: negative
but&!that&chicken&with: negative
but&that&!experience&!shrimp: negative
but&that&!experience&shrimp: positive
but&that&experience&!are: positive
but&that&experience&are: conflict
DecisionTree learned:
!but&!little&!far&!though: positive
!but&!little&!far&though: negative
!but&!little&far&!best: conflict
!but&!little&far&best: positive
!but&little&!also&!time: positive
!but&little&!also&time: conflict
!but&little&also: neutral
but&!that&!reservations&!at: positive
but&!that&!reservations&at: neutral
but&!that&reservations&!had: negative
but&!that&reservations&had: negative
but&that&!my&!who: positive
but&that&!my&who: conflict
but&that&my&!to: negative
but&that&my&to: positive
DecisionTree learned:
!but&!worth&!house&!little: positive
!but&!worth&!house&little: conflict
!but&!worth&house&!a: conflict
!but&!worth&house&a: positive
!but&worth&!and&!well: conflict
!but&worth&!and&well: conflict
!but&worth&and&!with: neutral
!but&worth&and&with: negative
but&!that&!not&!expensive: positive
but&!that&!not&expensive: conflict
but&!that&not&!for: conflict
but&!that&not&for: neutral
but&that&!ever&!may: positive
but&that&!ever&may: neutral
but&that&ever: negative
DecisionTree learned:
!but&!fine&!not&!attentive: positive
!but&!fine&!not&attentive: positive
!but&!fine&not&!worth: negative
!but&!fine&not&worth: conflict
!but&fine&!expected&!the: positive
!but&fine&!expected&the: conflict
!but&fine&expected: conflict
but&!pizza&!not&!small: negative
but&!pizza&!not&small: negative
but&!pizza&not&!for: conflict
but&!pizza&not&for: neutral
but&pizza&!to: positive
but&pizza&to&!they: positive
but&pizza&to&they: positive
DecisionTree learned:
!but&!fine&!far&!can: positive
!but&!fine&!far&can: conflict
!but&!fine&far&!and: positive
!but&!fine&far&and: conflict
!but&fine&!had&!of: positive
!but&fine&!had&of: positive
!but&fine&had&!and: conflict
!but&fine&had&and: conflict
but&!that&!wife&!at: positive
but&!that&!wife&at: neutral
but&!that&wife&!as: conflict
but&!that&wife&as: conflict
but&that&!who&!would: neutral
but&that&!who&would: positive
but&that&who: conflict
DecisionTree learned:
!but&!fine&!little&!is: neutral
!but&!fine&!little&is: positive
!but&!fine&little&!also: conflict
!but&!fine&little&also: neutral
!but&fine&!had&!of: positive
!but&fine&!had&of: conflict
!but&fine&had&!and: conflict
!but&fine&had&and: conflict
but&!that&!only&!when: negative
but&!that&!only&when: neutral
but&!that&only&!was: neutral
but&!that&only&was: positive
but&that&!who&!has: negative
but&that&!who&has: neutral
but&that&who: conflict
DecisionTree learned:
!but&!can&!is&!little: neutral
!but&!can&!is&little: conflict
!but&!can&is&!everything: positive
!but&!can&is&everything: conflict
!but&can&!be&!cost: positive
!but&can&!be&cost: conflict
!but&can&be&!of: negative
!but&can&be&of: conflict
but&!at&!look&!small: positive
but&!at&!look&small: negative
but&!at&look&!of: conflict
but&!at&look&of: negative
but&at&!and&!experience: negative
but&at&!and&experience: positive
but&at&and&!as: neutral
but&at&and&as: neutral
DecisionTree learned:
!but&!fine&!atmosphere&!little: positive
!but&!fine&!atmosphere&little: conflict
!but&!fine&atmosphere&!they: positive
!but&!fine&atmosphere&they: conflict
!but&fine&!had&!of: positive
!but&fine&!had&of: positive
!but&fine&had&!and: conflict
!but&fine&had&and: conflict
but&!at&!that&!eat: positive
but&!at&!that&eat: negative
but&!at&that&!was: neutral
but&!at&that&was: negative
but&at&!and&!we: positive
but&at&!and&we: neutral
but&at&and&!as: neutral
but&at&and&as: neutral
DecisionTree learned:
!but&!atmosphere&!though&!well: neutral
!but&!atmosphere&!though&well: positive
!but&!atmosphere&though&!a: conflict
!but&!atmosphere&though&a: negative
!but&atmosphere&!they&!you: positive
!but&atmosphere&!they&you: negative
!but&atmosphere&they&!with: conflict
!but&atmosphere&they&with: conflict
but&!that&!at&!worth: positive
but&!that&!at&worth: conflict
but&!that&at&!and: neutral
but&!that&at&and: positive
but&that&!who&!you: negative
but&that&!who&you: positive
but&that&who: conflict
DecisionTree learned:
!but&!little&!the&!atmosphere: neutral
!but&!little&!the&atmosphere: conflict
!but&!little&the&!is: negative
!but&!little&the&is: positive
!but&little&!also&!time: positive
!but&little&!also&time: conflict
!but&little&also: neutral
but&!we&!that&!eat: positive
but&!we&!that&eat: negative
but&!we&that&!just: positive
but&!we&that&just: negative
but&we&!expensive&!menu: neutral
but&we&!expensive&menu: negative
but&we&expensive: negative
DecisionTree learned:
!but&!bland&!well&!pricey: positive
!but&!bland&!well&pricey: conflict
!but&!bland&well&!was: positive
!but&!bland&well&was: conflict
!but&bland&!a&!not: negative
!but&bland&!a&not: negative
!but&bland&a&!as: conflict
!but&bland&a&as: conflict
but&!at&!that&!i: positive
but&!at&!that&i: conflict
but&!at&that&!are: negative
but&!at&that&are: neutral
but&at&!and&!very: negative
but&at&!and&very: positive
but&at&and&!as: neutral
but&at&and&as: neutral
DecisionTree learned:
!but&!fine&!bland&!worth: positive
!but&!fine&!bland&worth: conflict
!but&!fine&bland&!a: negative
!but&!fine&bland&a: conflict
!but&fine&!expected&!the: positive
!but&fine&!expected&the: conflict
!but&fine&expected: conflict
but&!that&!when&!what: positive
but&!that&!when&what: neutral
but&!that&when&!at: neutral
but&!that&when&at: negative
but&that&!from&!so: positive
but&that&!from&so: negative
but&that&from&!with: negative
but&that&from&with: neutral
DecisionTree learned:
!but&!friendly&!though&!well: positive
!but&!friendly&!though&well: positive
!but&!friendly&though&!a: conflict
!but&!friendly&though&a: negative
!but&friendly&!is&!the: positive
!but&friendly&!is&the: positive
!but&friendly&is&!service: positive
!but&friendly&is&service: conflict
but&!that&!eat&!fine: positive
but&!that&!eat&fine: conflict
but&!that&eat&!for: positive
but&!that&eat&for: negative
but&that&!who&!shrimp: negative
but&that&!who&shrimp: positive
but&that&who: conflict
DecisionTree learned:
!but&!friendly&!although&!can: negative
!but&!friendly&!although&can: conflict
!but&!friendly&although&!was: neutral
!but&!friendly&although&was: conflict
!but&friendly&!is&!the: positive
!but&friendly&!is&the: neutral
!but&friendly&is&!out: positive
!but&friendly&is&out: conflict
but&!that&!thai&!chicken: positive
but&!that&!thai&chicken: negative
but&!that&thai&!food: negative
but&!that&thai&food: conflict
but&that&!us&!shrimp: negative
but&that&!us&shrimp: positive
but&that&us&!good: positive
but&that&us&good: positive
DecisionTree learned:
!but&!house&!everything&!matter: positive
!but&!house&!everything&matter: conflict
!but&!house&everything&!to: conflict
!but&!house&everything&to: negative
!but&house&!wine&!had: conflict
!but&house&!wine&had: positive
!but&house&wine&!great: positive
!but&house&wine&great: neutral
but&!that&!expensive&!we: positive
but&!that&!expensive&we: negative
but&!that&expensive&!food: negative
but&!that&expensive&food: conflict
but&that&!us&!my: neutral
but&that&!us&my: negative
but&that&us&!good: positive
but&that&us&good: positive
DecisionTree learned:
!but&!we&!rest&!little: positive
!but&!we&!rest&little: conflict
!but&!we&rest&!good: conflict
!but&!we&rest&good: conflict
!but&we&!great&!is: neutral
!but&we&!great&is: negative
!but&we&great: positive
but&!that&!special&!at: positive
but&!that&!special&at: neutral
but&!that&special&!for: neutral
but&!that&special&for: neutral
but&that&!has&!the: positive
but&that&!has&the: neutral
but&that&has&!good: neutral
but&that&has&good: neutral
DecisionTree learned:
!but&!can&!worth&!house: positive
!but&!can&!worth&house: conflict
!but&!can&worth&!and: conflict
!but&!can&worth&and: negative
!but&can&!cost&!they: negative
!but&can&!cost&they: conflict
!but&can&cost&!for: conflict
!but&can&cost&for: conflict
but&!that&!thai&!small: positive
but&!that&!thai&small: negative
but&!that&thai&!food: negative
but&!that&thai&food: conflict
but&that&!who&!ever: neutral
but&that&!who&ever: negative
but&that&who: conflict
DecisionTree learned:
!but&!we&!though&!well: positive
!but&!we&!though&well: positive
!but&!we&though&!i: conflict
!but&!we&though&i: conflict
!but&we&!is&!before: neutral
!but&we&!is&before: negative
!but&we&is&!attentive: negative
!but&we&is&attentive: positive
but&!only&!that&!is: conflict
but&!only&!that&is: positive
but&!only&that&!who: negative
but&!only&that&who: conflict
but&only&!ordered&!food: positive
but&only&!ordered&food: positive
but&only&ordered: neutral
DecisionTree learned:
!but&!fine&!sometimes&!can: positive
!but&!fine&!sometimes&can: conflict
!but&!fine&sometimes&!food: conflict
!but&!fine&sometimes&food: negative
!but&fine&!had&!of: positive
!but&fine&!had&of: positive
!but&fine&had&!and: conflict
!but&fine&had&and: conflict
but&!that&!who&!expensive: positive
but&!that&!who&expensive: conflict
but&!that&who&!for: neutral
but&!that&who&for: conflict
but&that&!are&!an: negative
but&that&!are&an: neutral
but&that&are&!with: positive
but&that&are&with: neutral
Trial 0 Training cc.mallet.classify.AdaBoostM2Trainer@15f66cff finished
Trial 0 Trainer cc.mallet.classify.AdaBoostM2Trainer@15f66cff test data accuracy = 0.5780189959294437

NaiveBayesTrainer
Summary. test accuracy mean = 0.6255088195386703 stddev = 0.0 stderr = 0.0

MaxEntTrainer,gaussianPriorVariance=1.0
Summary. test accuracy mean = 0.6051560379918589 stddev = 0.0 stderr = 0.0

cc.mallet.classify.DecisionTreeTrainer@6766afb3
Summary. test accuracy mean = 0.5861601085481682 stddev = 0.0 stderr = 0.0

cc.mallet.classify.AdaBoostM2Trainer@15f66cff
Summary. test accuracy mean = 0.5780189959294437 stddev = 0.0 stderr = 0.0
