
-------------------- Trial 0  --------------------

Trial 0 Training NaiveBayesTrainer with 1865 instances
Trial 0 Training NaiveBayesTrainer finished
Trial 0 Trainer NaiveBayesTrainer test data accuracy = 0.6389452332657201
Trial 0 Training MaxEntTrainer,gaussianPriorVariance=1.0 with 1865 instances
Trial 0 Training MaxEntTrainer,gaussianPriorVariance=1.0 finished
Trial 0 Trainer MaxEntTrainer,gaussianPriorVariance=1.0 test data accuracy = 0.6531440162271805
Trial 0 Training cc.mallet.classify.DecisionTreeTrainer@69945ce with 1865 instances
DecisionTree learned:
!great&!easy&!but&!fast: negative
!great&!easy&!but&fast: positive
!great&!easy&but&!x: negative
!great&!easy&but&x: neutral
!great&easy&!one&!of: positive
!great&easy&!one&of: positive
!great&easy&one&!to: conflict
!great&easy&one&to: neutral
great&!had&!but&!lack: positive
great&!had&!but&lack: negative
great&!had&but&!one: positive
great&!had&but&one: negative
great&had&!it: negative
great&had&it: negative
Trial 0 Training cc.mallet.classify.DecisionTreeTrainer@69945ce finished
Trial 0 Trainer cc.mallet.classify.DecisionTreeTrainer@69945ce test data accuracy = 0.513184584178499
Trial 0 Training cc.mallet.classify.AdaBoostM2Trainer@49ff0dde with 1865 instances
DecisionTree learned:
!great&!easy&!but&!love: negative
!great&!easy&!but&love: positive
!great&!easy&but&!yes: negative
!great&!easy&but&yes: positive
!great&easy&!go&!laptops: positive
!great&easy&!go&laptops: positive
!great&easy&go&!use: neutral
!great&easy&go&use: neutral
great&!had&!but&!lack: positive
great&!had&!but&lack: negative
great&!had&but&!one: positive
great&!had&but&one: negative
great&had&!it: negative
great&had&it: positive
DecisionTree learned:
!but&!great&!easy&!movie: negative
!but&!great&!easy&movie: neutral
!but&!great&easy&!go: positive
!but&!great&easy&go: neutral
!but&great&!had&!putting: positive
!but&great&!had&putting: neutral
!but&great&had&!it: negative
!but&great&had&it: negative
but&!mac&!there&!well: negative
but&!mac&!there&well: positive
but&!mac&there&!to: negative
but&!mac&there&to: neutral
but&mac&!its&!have: positive
but&mac&!its&have: negative
but&mac&its&!just: neutral
but&mac&its&just: neutral
DecisionTree learned:
!but&!great&!fast&!easy: negative
!but&!great&!fast&easy: positive
!but&!great&fast&!use: positive
!but&!great&fast&use: positive
!but&great&!had&!lack: positive
!but&great&!had&lack: negative
!but&great&had&!it: negative
!but&great&had&it: negative
but&!be&!mac&!x: negative
but&!be&!mac&x: neutral
but&!be&mac&!have: positive
but&!be&mac&have: negative
but&be&!which&!to: negative
but&be&!which&to: negative
but&be&which&!just: conflict
but&be&which&just: positive
DecisionTree learned:
!but&!great&!not&!and: negative
!but&!great&!not&and: positive
!but&!great&not&!apple: negative
!but&!great&not&apple: positive
!but&great&!had&!lack: positive
!but&great&!had&lack: negative
!but&great&had&!it: negative
!but&great&had&it: positive
but&!mac&!be&!gb: negative
but&!mac&!be&gb: neutral
but&!mac&be&!with: negative
but&!mac&be&with: negative
but&mac&!have&!its: positive
but&mac&!have&its: neutral
but&mac&have: negative
DecisionTree learned:
!but&!great&!love&!good: negative
!but&!great&!love&good: positive
!but&!great&love&!size: positive
!but&!great&love&size: positive
!but&great&!had&!nearly: positive
!but&great&!had&nearly: neutral
!but&great&had&!it: negative
!but&great&had&it: negative
but&!mac&!the&!another: conflict
but&!mac&!the&another: neutral
but&!mac&the&!on: negative
but&!mac&the&on: neutral
but&mac&!have&!its: positive
but&mac&!have&its: neutral
but&mac&have: negative
DecisionTree learned:
!but&!fast&!movie&!great: negative
!but&!fast&!movie&great: positive
!but&!fast&movie&!just: neutral
!but&!fast&movie&just: neutral
!but&fast&!one&!you: positive
!but&fast&!one&you: positive
!but&fast&one: neutral
but&!os&!got&!mac: negative
but&!os&!got&mac: positive
but&!os&got&!so: negative
but&!os&got&so: positive
but&os&!have&!is: neutral
but&os&!have&is: neutral
but&os&have: positive
DecisionTree learned:
!but&!easy&!great&!good: negative
!but&!easy&!great&good: positive
!but&!easy&great&!had: positive
!but&!easy&great&had: negative
!but&easy&!for&!one: positive
!but&easy&!for&one: neutral
!but&easy&for&!of: positive
!but&easy&for&of: neutral
but&!got&!mac&!think: negative
but&!got&!mac&think: neutral
but&!got&mac&!more: neutral
but&!got&mac&more: positive
but&got&!so: negative
but&got&so: positive
DecisionTree learned:
!but&!fast&!not&!for: positive
!but&!fast&!not&for: positive
!but&!fast&not&!apple: negative
!but&!fast&not&apple: positive
!but&fast&!one&!you: positive
!but&fast&!one&you: positive
!but&fast&one: neutral
but&!mac&!this&!so: negative
but&!mac&!this&so: neutral
but&!mac&this&!x: negative
but&!mac&this&x: neutral
but&mac&!have&!more: neutral
but&mac&!have&more: positive
but&mac&have: negative
DecisionTree learned:
!but&!easy&!love&!fast: negative
!but&!easy&!love&fast: positive
!but&!easy&love&!over: positive
!but&!easy&love&over: negative
!but&easy&!for&!one: positive
!but&easy&!for&one: neutral
!but&easy&for&!of: positive
!but&easy&for&of: neutral
but&!new&!yes&!in: negative
but&!new&!yes&in: neutral
but&!new&yes&!and: conflict
but&!new&yes&and: positive
but&new&!when&!some: neutral
but&new&!when&some: positive
but&new&when&!so: negative
but&new&when&so: neutral
DecisionTree learned:
!but&!not&!for&!much: positive
!but&!not&!for&much: positive
!but&!not&for&!office: positive
!but&!not&for&office: neutral
!but&not&!through&!want: negative
!but&not&!through&want: neutral
!but&not&through&!just: neutral
!but&not&through&just: neutral
but&!mac&!this&!so: negative
but&!mac&!this&so: neutral
but&!mac&this&!know: negative
but&!mac&this&know: conflict
but&mac&!up&!it: positive
but&mac&!up&it: neutral
but&mac&up: positive
DecisionTree learned:
!but&!movie&!i&!and: negative
!but&!movie&!i&and: positive
!but&!movie&i&!firefox: neutral
!but&!movie&i&firefox: neutral
!but&movie&!just: neutral
!but&movie&just: neutral
but&!this&!so&!and: negative
but&!this&!so&and: positive
but&!this&so&!it: neutral
but&!this&so&it: conflict
but&this&!have&!to: negative
but&this&!have&to: neutral
but&this&have&!with: positive
but&this&have&with: negative
DecisionTree learned:
!but&!and&!not&!or: negative
!but&!and&!not&or: neutral
!but&!and&not&!much: negative
!but&!and&not&much: neutral
!but&and&!i&!were: positive
!but&and&!i&were: negative
!but&and&i&!complain: neutral
!but&and&i&complain: conflict
but&!mac&!difference&!i: negative
but&!mac&!difference&i: negative
but&!mac&difference&!to: neutral
but&!mac&difference&to: neutral
but&mac&!had&!up: neutral
but&mac&!had&up: positive
but&mac&had&!and: negative
but&mac&had&and: positive
DecisionTree learned:
!but&!fast&!easy&!awesome: negative
!but&!fast&!easy&awesome: positive
!but&!fast&easy&!of: positive
!but&!fast&easy&of: positive
!but&fast&!with: positive
!but&fast&with&!software: neutral
!but&fast&with&software: positive
but&!got&!repair&!in: negative
but&!got&!repair&in: neutral
but&!got&repair&!to: negative
but&!got&repair&to: neutral
but&got&!so: negative
but&got&so: positive
DecisionTree learned:
!but&!complain&!and&!awesome: negative
!but&!complain&!and&awesome: positive
!but&!complain&and&!i: positive
!but&!complain&and&i: neutral
!but&complain&!and: positive
!but&complain&and: conflict
but&!mac&!this&!so: negative
but&!mac&!this&so: neutral
but&!mac&this&!have: neutral
but&!mac&this&have: negative
but&mac&!more&!up: neutral
but&mac&!more&up: positive
but&mac&more: positive
DecisionTree learned:
!but&!fast&!for&!much: negative
!but&!fast&!for&much: positive
!but&!fast&for&!to: positive
!but&!fast&for&to: negative
!but&fast&!one&!you: positive
!but&fast&!one&you: neutral
!but&fast&one: neutral
but&!mac&!this&!so: negative
but&!mac&!this&so: neutral
but&!mac&this&!know: negative
but&!mac&this&know: conflict
but&mac&!up&!more: neutral
but&mac&!up&more: positive
but&mac&up: positive
DecisionTree learned:
!but&!good&!for&!much: negative
!but&!good&!for&much: positive
!but&!good&for&!so: neutral
!but&!good&for&so: negative
!but&good&!at&!games: positive
!but&good&!at&games: neutral
!but&good&at&!with: neutral
!but&good&at&with: positive
but&!mac&!features&!this: negative
but&!mac&!features&this: negative
but&!mac&features&!is: positive
but&!mac&features&is: positive
but&mac&!bit&!its: positive
but&mac&!bit&its: neutral
but&mac&bit: neutral
DecisionTree learned:
!but&!for&!pc&!they: negative
!but&!for&!pc&they: neutral
!but&!for&pc&!a: conflict
!but&!for&pc&a: positive
!but&for&!so&!to: positive
!but&for&!so&to: neutral
!but&for&so&!battery: negative
!but&for&so&battery: conflict
but&!this&!so&!machine: negative
but&!this&!so&machine: positive
but&!this&so&!it: neutral
but&!this&so&it: conflict
but&this&!know&!x: negative
but&this&!know&x: neutral
but&this&know: conflict
DecisionTree learned:
!but&!very&!then&!for: negative
!but&!very&!then&for: neutral
!but&!very&then&!inside: negative
!but&!very&then&inside: neutral
!but&very&!functions&!do: positive
!but&very&!functions&do: negative
!but&very&functions: conflict
but&!this&!mac&!difference: conflict
but&!this&!mac&difference: neutral
but&!this&mac&!bit: positive
but&!this&mac&bit: neutral
but&this&!features&!to: negative
but&this&!features&to: neutral
but&this&features: positive
DecisionTree learned:
!but&!great&!complain&!and: negative
!but&!great&!complain&and: positive
!but&!great&complain&!and: positive
!but&!great&complain&and: conflict
!but&great&!had&!pad: positive
!but&great&!had&pad: neutral
!but&great&had&!and: positive
!but&great&had&and: negative
but&!outside&!hard&!mac: negative
but&!outside&!hard&mac: positive
but&!outside&hard&!it: neutral
but&!outside&hard&it: negative
but&outside&!software: neutral
but&outside&software: neutral
DecisionTree learned:
!but&!would&!very&!complain: positive
!but&!would&!very&complain: conflict
!but&!would&very&!functions: positive
!but&!would&very&functions: conflict
!but&would&!their&!wireless: negative
!but&would&!their&wireless: neutral
!but&would&their&!my: neutral
!but&would&their&my: negative
but&!difference&!well&!got: negative
but&!difference&!well&got: negative
but&!difference&well&!so: positive
but&!difference&well&so: neutral
but&difference&!to: neutral
but&difference&to: neutral
DecisionTree learned:
!but&!great&!and&!laptops: negative
!but&!great&!and&laptops: conflict
!but&!great&and&!back: positive
!but&!great&and&back: negative
!but&great&!nearly&!lack: positive
!but&great&!nearly&lack: negative
!but&great&nearly&!use: neutral
!but&great&nearly&use: neutral
but&!well&!this&!has: negative
but&!well&!this&has: conflict
but&!well&this&!computer: negative
but&!well&this&computer: negative
but&well&!so&!is: positive
but&well&!so&is: conflict
but&well&so&!the: neutral
but&well&so&the: neutral
DecisionTree learned:
!but&!for&!pc&!requires: negative
!but&!for&!pc&requires: conflict
!but&!for&pc&!and: conflict
!but&!for&pc&and: positive
!but&for&!so&!to: positive
!but&for&!so&to: neutral
!but&for&so&!laptop: negative
!but&for&so&laptop: conflict
but&!this&!and&!screen: negative
but&!this&!and&screen: conflict
but&!this&and&!have: positive
but&!this&and&have: conflict
but&this&!know&!has: positive
but&this&!know&has: negative
but&this&know: conflict
DecisionTree learned:
!but&!love&!uses&!amazing: negative
!but&!love&!uses&amazing: positive
!but&!love&uses&!of: neutral
!but&!love&uses&of: conflict
!but&love&!size&!program: positive
!but&love&!size&program: neutral
!but&love&size&!of: neutral
!but&love&size&of: positive
but&!think&!new&!the: conflict
but&!think&!new&the: negative
but&!think&new&!had: neutral
but&!think&new&had: positive
but&think&!on: negative
but&think&on: neutral
DecisionTree learned:
!but&!much&!for&!good: negative
!but&!much&!for&good: positive
!but&!much&for&!in: neutral
!but&!much&for&in: negative
!but&much&!i&!out: positive
!but&much&!i&out: negative
!but&much&i&!up: neutral
!but&much&i&up: conflict
but&!this&!so&!difference: negative
but&!this&!so&difference: neutral
but&!this&so&!it: neutral
but&!this&so&it: conflict
but&this&!because&!x: negative
but&this&!because&x: neutral
but&this&because&!just: neutral
but&this&because&just: positive
DecisionTree learned:
!but&!amazing&!fast&!love: negative
!but&!amazing&!fast&love: positive
!but&!amazing&fast&!with: positive
!but&!amazing&fast&with: positive
!but&amazing: positive
but&!this&!so&!has: negative
but&!this&!so&has: positive
but&!this&so&!old: neutral
but&!this&so&old: positive
but&this&!m&!ever: positive
but&this&!m&ever: negative
but&this&m&!a: negative
but&this&m&a: negative
DecisionTree learned:
!but&!complain&!and&!price: negative
!but&!complain&!and&price: positive
!but&!complain&and&!i: positive
!but&!complain&and&i: neutral
!but&complain&!and: positive
!but&complain&and: conflict
but&!repair&!new&!the: conflict
but&!repair&!new&the: positive
but&!repair&new&!when: neutral
but&!repair&new&when: conflict
but&repair&!they: negative
but&repair&they&!to: negative
but&repair&they&to: neutral
DecisionTree learned:
!but&!pc&!for&!good: negative
!but&!pc&!for&good: positive
!but&!pc&for&!office: positive
!but&!pc&for&office: neutral
!but&pc&!users&!and: positive
!but&pc&!users&and: positive
!but&pc&users: neutral
but&!did&!be&!the: conflict
but&!did&!be&the: positive
but&!did&be&!quality: negative
but&!did&be&quality: neutral
but&did&!in&!software: conflict
but&did&!in&software: neutral
but&did&in&!on: negative
but&did&in&on: neutral
DecisionTree learned:
!but&!back&!for&!much: negative
!but&!back&!for&much: positive
!but&!back&for&!so: neutral
!but&!back&for&so: negative
!but&back&!and&!great: negative
!but&back&!and&great: positive
!but&back&and&!laptop: neutral
!but&back&and&laptop: negative
but&!this&!so&!hard: negative
but&!this&!so&hard: neutral
but&!this&so&!laptop: conflict
but&!this&so&laptop: neutral
but&this&!ever&!features: neutral
but&this&!ever&features: positive
but&this&ever&!is: negative
but&this&ever&is: conflict
DecisionTree learned:
!but&!bars&!much&!for: negative
!but&!bars&!much&for: neutral
!but&!bars&much&!i: positive
!but&!bars&much&i: neutral
!but&bars: conflict
but&!mac&!this&!better: positive
but&!mac&!this&better: conflict
but&!mac&this&!know: negative
but&!mac&this&know: conflict
but&mac&!bit&!you: positive
but&mac&!bit&you: positive
but&mac&bit: neutral
DecisionTree learned:
!but&!warranty&!back&!and: negative
!but&!warranty&!back&and: positive
!but&!warranty&back&!a: neutral
!but&!warranty&back&a: negative
!but&warranty&!all&!was: neutral
!but&warranty&!all&was: neutral
!but&warranty&all&!much: negative
!but&warranty&all&much: conflict
but&!this&!so&!machine: negative
but&!this&!so&machine: positive
but&!this&so&!old: neutral
but&!this&so&old: positive
but&this&!know&!x: positive
but&this&!know&x: neutral
but&this&know: conflict
DecisionTree learned:
!but&!much&!easy&!to: positive
!but&!much&!easy&to: negative
!but&!much&easy&!for: positive
!but&!much&easy&for: positive
!but&much&!i&!out: positive
!but&much&!i&out: conflict
!but&much&i&!up: neutral
!but&much&i&up: conflict
but&!standard&!did&!hard: positive
but&!standard&!did&hard: neutral
but&!standard&did&!in: conflict
but&!standard&did&in: neutral
but&standard: conflict
DecisionTree learned:
!but&!pc&!for&!requires: negative
!but&!pc&!for&requires: conflict
!but&!pc&for&!so: neutral
!but&!pc&for&so: negative
!but&pc&!users&!and: positive
!but&pc&!users&and: positive
!but&pc&users: neutral
but&!drive&!difference&!windows: negative
but&!drive&!difference&windows: neutral
but&!drive&difference&!to: neutral
but&!drive&difference&to: neutral
but&drive&!rather&!to: negative
but&drive&!rather&to: negative
but&drive&rather: neutral
DecisionTree learned:
!but&!uses&!had&!not: positive
!but&!uses&!had&not: negative
!but&!uses&had&!a: negative
!but&!uses&had&a: neutral
!but&uses&!of: neutral
!but&uses&of: conflict
but&!this&!so&!outside: negative
but&!this&!so&outside: neutral
but&!this&so&!it: neutral
but&!this&so&it: conflict
but&this&!know&!x: negative
but&this&!know&x: neutral
but&this&know: conflict
DecisionTree learned:
!but&!opted&!much&!is: negative
!but&!opted&!much&is: positive
!but&!opted&much&!of: positive
!but&!opted&much&of: neutral
!but&opted: conflict
but&!difference&!this&!it: negative
but&!difference&!this&it: conflict
but&!difference&this&!computer: neutral
but&!difference&this&computer: negative
but&difference&!to: neutral
but&difference&to: neutral
DecisionTree learned:
!but&!generally&!opted&!great: negative
!but&!generally&!opted&great: positive
!but&!generally&opted: conflict
!but&generally: conflict
but&!well&!need&!great: negative
but&!well&!need&great: positive
but&!well&need&!to: positive
but&!well&need&to: positive
but&well&!so&!too: positive
but&well&!so&too: conflict
but&well&so&!the: neutral
but&well&so&the: positive
DecisionTree learned:
!but&!great&!complain&!and: negative
!but&!great&!complain&and: positive
!but&!great&complain&!and: positive
!but&!great&complain&and: conflict
!but&great&!for&!had: positive
!but&great&!for&had: negative
!but&great&for&!is: positive
!but&great&for&is: positive
but&!this&!has&!mac: negative
but&!this&!has&mac: positive
but&!this&has&!it: neutral
but&!this&has&it: positive
but&this&!with&!has: positive
but&this&!with&has: negative
but&this&with&!for: negative
but&this&with&for: neutral
DecisionTree learned:
!but&!generally&!much&!is: neutral
!but&!generally&!much&is: positive
!but&!generally&much&!of: positive
!but&!generally&much&of: neutral
!but&generally: conflict
but&!this&!so&!and: negative
but&!this&!so&and: positive
but&!this&so&!graphics: neutral
but&!this&so&graphics: conflict
but&this&!has&!with: positive
but&this&!has&with: neutral
but&this&has&!toshiba: negative
but&this&has&toshiba: negative
DecisionTree learned:
!but&!after&!pc&!for: negative
!but&!after&!pc&for: neutral
!but&!after&pc&!users: positive
!but&!after&pc&users: neutral
!but&after&!with&!warranty: negative
!but&after&!with&warranty: neutral
!but&after&with&!i: negative
!but&after&with&i: positive
but&!mac&!web&!screen: negative
but&!mac&!web&screen: conflict
but&!mac&web&!just: neutral
but&!mac&web&just: neutral
but&mac&!have&!up: neutral
but&mac&!have&up: positive
but&mac&have: negative
DecisionTree learned:
!but&!after&!pc&!for: negative
!but&!after&!pc&for: neutral
!but&!after&pc&!users: positive
!but&!after&pc&users: neutral
!but&after&!with&!what: neutral
!but&after&!with&what: positive
!but&after&with&!i: negative
!but&after&with&i: positive
but&!power&!well&!got: negative
but&!power&!well&got: negative
but&!power&well&!its: positive
but&!power&well&its: positive
but&power: neutral
DecisionTree learned:
!but&!requires&!movie&!bars: positive
!but&!requires&!movie&bars: conflict
!but&!requires&movie&!just: neutral
!but&!requires&movie&just: neutral
!but&requires: conflict
but&!this&!so&!processing: negative
but&!this&!so&processing: neutral
but&!this&so&!it: neutral
but&!this&so&it: conflict
but&this&!computer&!with: positive
but&this&!computer&with: negative
but&this&computer&!that: negative
but&this&computer&that: conflict
DecisionTree learned:
!but&!would&!though&!very: negative
!but&!would&!though&very: positive
!but&!would&though&!it: neutral
!but&!would&though&it: conflict
!but&would&!buy&!recommend: negative
!but&would&!buy&recommend: positive
!but&would&buy&!much: neutral
!but&would&buy&much: negative
but&!this&!mac&!disc: conflict
but&!this&!mac&disc: neutral
but&!this&mac&!more: neutral
but&!this&mac&more: positive
but&this&!know&!x: positive
but&this&!know&x: neutral
but&this&know: conflict
DecisionTree learned:
!but&!long&!complain&!much: negative
!but&!long&!complain&much: positive
!but&!long&complain&!and: positive
!but&!long&complain&and: conflict
!but&long&!though&!battery: negative
!but&long&!though&battery: positive
!but&long&though: conflict
but&!this&!so&!difference: negative
but&!this&!so&difference: neutral
but&!this&so&!old: neutral
but&!this&so&old: positive
but&this&!x&!m: positive
but&this&!x&m: neutral
but&this&x: neutral
DecisionTree learned:
!but&!would&!months&!for: positive
!but&!would&!months&for: neutral
!but&!would&months&!of: negative
!but&!would&months&of: neutral
!but&would&!their&!laptop: negative
!but&would&!their&laptop: negative
!but&would&their&!they: negative
!but&would&their&they: neutral
but&!this&!machine&!got: conflict
but&!this&!machine&got: negative
but&!this&machine: positive
but&this&!have&!to: negative
but&this&!have&to: neutral
but&this&have&!with: positive
but&this&have&with: negative
DecisionTree learned:
!but&!complain&!and&!laptops: negative
!but&!complain&!and&laptops: conflict
!but&!complain&and&!extended: positive
!but&!complain&and&extended: neutral
!but&complain&!and: positive
!but&complain&and: conflict
but&!did&!hard&!if: positive
but&!did&!hard&if: neutral
but&!did&hard&!it: neutral
but&!did&hard&it: conflict
but&did&!of&!in: conflict
but&did&!of&in: neutral
but&did&of&!computer: neutral
but&did&of&computer: negative
DecisionTree learned:
!but&!after&!uses&!much: positive
!but&!after&!uses&much: positive
!but&!after&uses&!of: neutral
!but&!after&uses&of: conflict
!but&after&!with&!what: neutral
!but&after&!with&what: positive
!but&after&with&!i: negative
!but&after&with&i: positive
but&!this&!so&!two: negative
but&!this&!so&two: conflict
but&!this&so&!laptop: conflict
but&!this&so&laptop: neutral
but&this&!know&!x: negative
but&this&!know&x: neutral
but&this&know: conflict
DecisionTree learned:
!but&!complain&!and&!though: negative
!but&!complain&!and&though: conflict
!but&!complain&and&!i: positive
!but&!complain&and&i: neutral
!but&complain&!and: positive
!but&complain&and: conflict
but&!this&!so&!difference: negative
but&!this&!so&difference: neutral
but&!this&so&!old: neutral
but&!this&so&old: positive
but&this&!has&!since: positive
but&this&!has&since: negative
but&this&has&!toshiba: negative
but&this&has&toshiba: neutral
DecisionTree learned:
!but&!much&!generally&!requires: negative
!but&!much&!generally&requires: conflict
!but&!much&generally: conflict
!but&much&!i&!pc: positive
!but&much&!i&pc: conflict
!but&much&i&!up: neutral
!but&much&i&up: conflict
but&!new&!think&!in: negative
but&!new&!think&in: positive
but&!new&think&!on: negative
but&!new&think&on: neutral
but&new&!with&!software: neutral
but&new&!with&software: negative
but&new&with&!just: neutral
but&new&with&just: neutral
DecisionTree learned:
!but&!uses&!pc&!generally: positive
!but&!uses&!pc&generally: conflict
!but&!uses&pc&!users: positive
!but&!uses&pc&users: neutral
!but&uses&!of: neutral
!but&uses&of: conflict
but&!this&!there&!difference: positive
but&!this&!there&difference: neutral
but&!this&there&!much: negative
but&!this&there&much: positive
but&this&!have&!to: negative
but&this&!have&to: neutral
but&this&have&!with: positive
but&this&have&with: negative
DecisionTree learned:
!but&!much&!opted&!bars: negative
!but&!much&!opted&bars: conflict
!but&!much&opted: conflict
!but&much&!of&!laptops: positive
!but&much&!of&laptops: conflict
!but&much&of&!not: negative
!but&much&of&not: neutral
but&!new&!overall&!if: negative
but&!new&!overall&if: neutral
but&!new&overall&!to: neutral
but&!new&overall&to: neutral
but&new&!had&!with: neutral
but&new&!had&with: neutral
but&new&had&!just: positive
but&new&had&just: positive
DecisionTree learned:
!but&!for&!pc&!requires: negative
!but&!for&!pc&requires: conflict
!but&!for&pc&!a: conflict
!but&!for&pc&a: positive
!but&for&!so&!in: neutral
!but&for&!so&in: negative
!but&for&so&!laptop: negative
!but&for&so&laptop: conflict
but&!be&!battery&!did: positive
but&!be&!battery&did: neutral
but&!be&battery&!would: conflict
but&!be&battery&would: positive
but&be&!with&!and: negative
but&be&!with&and: positive
but&be&with&!mac: negative
but&be&with&mac: positive
DecisionTree learned:
!but&!much&!requires&!opted: negative
!but&!much&!requires&opted: conflict
!but&!much&requires: conflict
!but&much&!of&!laptops: positive
!but&much&!of&laptops: conflict
!but&much&of&!not: negative
!but&much&of&not: neutral
but&!this&!so&!hard: negative
but&!this&!so&hard: neutral
but&!this&so&!old: neutral
but&!this&so&old: positive
but&this&!know&!x: negative
but&this&!know&x: neutral
but&this&know: conflict
DecisionTree learned:
!but&!had&!not&!much: positive
!but&!had&!not&much: positive
!but&!had&not&!compact: negative
!but&!had&not&compact: conflict
!but&had&!set&!to: negative
!but&had&!set&to: negative
!but&had&set: positive
but&!hard&!did&!if: positive
but&!hard&!did&if: neutral
but&!hard&did&!in: conflict
but&!hard&did&in: neutral
but&hard&!the: conflict
but&hard&the&!you: neutral
but&hard&the&you: neutral
DecisionTree learned:
!but&!opted&!much&!bars: negative
!but&!opted&!much&bars: conflict
!but&!opted&much&!laptops: positive
!but&!opted&much&laptops: conflict
!but&opted: conflict
but&!like&!which&!be: positive
but&!like&!which&be: negative
but&!like&which&!i: negative
but&!like&which&i: conflict
but&like&!the&!to: negative
but&like&!the&to: neutral
but&like&the&!use: positive
but&like&the&use: negative
DecisionTree learned:
!but&!requires&!other&!though: negative
!but&!requires&!other&though: negative
!but&!requires&other&!safari: positive
!but&!requires&other&safari: neutral
!but&requires: conflict
but&!this&!mac&!difference: conflict
but&!this&!mac&difference: neutral
but&!this&mac&!bit: positive
but&!this&mac&bit: neutral
but&this&!have&!to: positive
but&this&!have&to: neutral
but&this&have&!with: positive
but&this&have&with: negative
DecisionTree learned:
!but&!much&!generally&!uses: negative
!but&!much&!generally&uses: neutral
!but&!much&generally: conflict
!but&much&!i&!out: positive
!but&much&!i&out: conflict
!but&much&i&!up: neutral
!but&much&i&up: conflict
but&!mac&!web&!screen: negative
but&!mac&!web&screen: conflict
but&!mac&web&!just: neutral
but&!mac&web&just: positive
but&mac&!more&!used: neutral
but&mac&!more&used: neutral
but&mac&more: positive
DecisionTree learned:
!but&!bars&!easy&!requires: negative
!but&!bars&!easy&requires: conflict
!but&!bars&easy&!microsoft: positive
!but&!bars&easy&microsoft: negative
!but&bars: conflict
but&!drive&!mac&!size: negative
but&!drive&!mac&size: neutral
but&!drive&mac&!system: positive
but&!drive&mac&system: neutral
but&drive&!to&!is: neutral
but&drive&!to&is: neutral
but&drive&to: negative
DecisionTree learned:
!but&!though&!complain&!bars: negative
!but&!though&!complain&bars: conflict
!but&!though&complain&!and: positive
!but&!though&complain&and: conflict
!but&though&!would&!it: neutral
!but&though&!would&it: conflict
!but&though&would&!is: negative
!but&though&would&is: negative
but&!and&!screen&!better: negative
but&!and&!screen&better: conflict
but&!and&screen&!on: conflict
but&!and&screen&on: negative
but&and&!more&!two: positive
but&and&!more&two: conflict
but&and&more&!make: positive
but&and&more&make: positive
DecisionTree learned:
!but&!ease&!requires&!for: negative
!but&!ease&!requires&for: neutral
!but&!ease&requires: conflict
!but&ease: positive
but&!mac&!this&!better: negative
but&!mac&!this&better: conflict
but&!mac&this&!has: positive
but&!mac&this&has: negative
but&mac&!system&!up: positive
but&mac&!system&up: positive
but&mac&system&!is: negative
but&mac&system&is: neutral
DecisionTree learned:
!but&!opted&!complain&!much: negative
!but&!opted&!complain&much: positive
!but&!opted&complain&!and: positive
!but&!opted&complain&and: conflict
!but&opted: conflict
but&!new&!screen&!i: negative
but&!new&!screen&i: positive
but&!new&screen&!email: conflict
but&!new&screen&email: neutral
but&new&!when&!some: neutral
but&new&!when&some: positive
but&new&when&!so: negative
but&new&when&so: neutral
DecisionTree learned:
!but&!complain&!much&!and: negative
!but&!complain&!much&and: positive
!but&!complain&much&!of: positive
!but&!complain&much&of: neutral
!but&complain&!and: positive
!but&complain&and: conflict
but&!drive&!web&!screen: positive
but&!drive&!web&screen: conflict
but&!drive&web&!is: positive
but&!drive&web&is: neutral
but&drive&!to&!is: negative
but&drive&!to&is: neutral
but&drive&to: negative
DecisionTree learned:
!but&!generally&!complain&!bars: negative
!but&!generally&!complain&bars: conflict
!but&!generally&complain&!and: positive
!but&!generally&complain&and: conflict
!but&generally: conflict
but&!the&!it&!i: conflict
but&!the&!it&i: neutral
but&!the&it&!new: conflict
but&!the&it&new: neutral
but&the&!hard&!mac: negative
but&the&!hard&mac: positive
but&the&hard&!you: neutral
but&the&hard&you: neutral
DecisionTree learned:
!but&!ease&!is&!for: negative
!but&!ease&!is&for: neutral
!but&!ease&is&!only: positive
!but&!ease&is&only: negative
!but&ease: positive
but&!mac&!this&!so: negative
but&!mac&!this&so: neutral
but&!mac&this&!know: neutral
but&!mac&this&know: conflict
but&mac&!have&!up: neutral
but&mac&!have&up: positive
but&mac&have: negative
DecisionTree learned:
!but&!uses&!complain&!much: negative
!but&!uses&!complain&much: positive
!but&!uses&complain&!and: positive
!but&!uses&complain&and: conflict
!but&uses&!of: neutral
!but&uses&of: conflict
but&!warranty&!mac&!if: positive
but&!warranty&!mac&if: neutral
but&!warranty&mac&!have: positive
but&!warranty&mac&have: negative
but&warranty&!is&!just: neutral
but&warranty&!is&just: neutral
but&warranty&is: negative
DecisionTree learned:
!but&!for&!requires&!laptops: negative
!but&!for&!requires&laptops: conflict
!but&!for&requires: conflict
!but&for&!so&!desktop: neutral
!but&for&!so&desktop: conflict
!but&for&so&!laptop: negative
!but&for&so&laptop: conflict
but&!new&!in&!for: negative
but&!new&!in&for: neutral
but&!new&in&!was: neutral
but&!new&in&was: negative
but&new&!software&!when: neutral
but&new&!software&when: neutral
but&new&software: negative
DecisionTree learned:
!but&!opted&!pc&!complain: negative
!but&!opted&!pc&complain: conflict
!but&!opted&pc&!users: positive
!but&!opted&pc&users: neutral
!but&opted: conflict
but&!battery&!hard&!if: positive
but&!battery&!hard&if: neutral
but&!battery&hard&!the: conflict
but&!battery&hard&the: neutral
but&battery&!n&!have: conflict
but&battery&!n&have: conflict
but&battery&n&!upgrade: negative
but&battery&n&upgrade: positive
DecisionTree learned:
!but&!back&!much&!generally: positive
!but&!back&!much&generally: conflict
!but&!back&much&!i: positive
!but&!back&much&i: neutral
!but&back&!under&!a: negative
!but&back&!under&a: negative
!but&back&under&!to: neutral
!but&back&under&to: positive
but&!mac&!did&!web: negative
but&!mac&!did&web: neutral
but&!mac&did&!have: neutral
but&!mac&did&have: conflict
but&mac&!laptop&!use: neutral
but&mac&!laptop&use: positive
but&mac&laptop: positive
DecisionTree learned:
!but&!opted&!much&!complain: negative
!but&!opted&!much&complain: conflict
!but&!opted&much&!i: positive
!but&!opted&much&i: neutral
!but&opted: conflict
but&!this&!so&!school: positive
but&!this&!so&school: neutral
but&!this&so&!it: neutral
but&!this&so&it: conflict
but&this&!with&!has: positive
but&this&!with&has: negative
but&this&with&!for: negative
but&this&with&for: neutral
DecisionTree learned:
!but&!much&!generally&!get: positive
!but&!much&!generally&get: negative
!but&!much&generally: conflict
!but&much&!of&!laptops: positive
!but&much&!of&laptops: conflict
!but&much&of&!not: negative
!but&much&of&not: neutral
but&!difference&!i&!windows: conflict
but&!difference&!i&windows: neutral
but&!difference&i&!which: negative
but&!difference&i&which: conflict
but&difference&!to: neutral
but&difference&to: neutral
DecisionTree learned:
!but&!pc&!for&!requires: negative
!but&!pc&!for&requires: conflict
!but&!pc&for&!so: neutral
!but&!pc&for&so: conflict
!but&pc&!and&!mac: conflict
!but&pc&!and&mac: negative
!but&pc&and&!to: positive
!but&pc&and&to: positive
but&!hard&!did&!size: positive
but&!hard&!did&size: neutral
but&!hard&did&!of: conflict
but&!hard&did&of: neutral
but&hard&!the: conflict
but&hard&the&!you: neutral
but&hard&the&you: neutral
DecisionTree learned:
!but&!after&!generally&!much: positive
!but&!after&!generally&much: positive
!but&!after&generally: conflict
!but&after&!with&!price: neutral
!but&after&!with&price: positive
!but&after&with&!i: negative
!but&after&with&i: positive
but&!different&!with&!new: negative
but&!different&!with&new: positive
but&!different&with&!when: neutral
but&!different&with&when: conflict
but&different&!to: conflict
but&different&to: conflict
DecisionTree learned:
!but&!generally&!requires&!much: negative
!but&!generally&!requires&much: positive
!but&!generally&requires: conflict
!but&generally: conflict
but&!windows&!in&!new: negative
but&!windows&!in&new: positive
but&!windows&in&!did: positive
but&!windows&in&did: neutral
but&windows&!i&!be: neutral
but&windows&!i&be: negative
but&windows&i&!it: negative
but&windows&i&it: positive
DecisionTree learned:
!but&!love&!bars&!much: negative
!but&!love&!bars&much: positive
!but&!love&bars: conflict
!but&love&!size&!over: positive
!but&love&!size&over: negative
!but&love&size&!my: neutral
!but&love&size&my: positive
but&!power&!this&!size: negative
but&!power&!this&size: neutral
but&!power&this&!ever: neutral
but&!power&this&ever: negative
but&power: neutral
DecisionTree learned:
!but&!requires&!for&!get: positive
!but&!requires&!for&get: negative
!but&!requires&for&!so: neutral
!but&!requires&for&so: negative
!but&requires: conflict
but&!this&!so&!size: positive
but&!this&!so&size: neutral
but&!this&so&!old: neutral
but&!this&so&old: positive
but&this&!m&!a: negative
but&this&!m&a: positive
but&this&m&!a: negative
but&this&m&a: negative
DecisionTree learned:
!but&!complain&!and&!requires: negative
!but&!complain&!and&requires: conflict
!but&!complain&and&!sol: positive
!but&!complain&and&sol: conflict
!but&complain&!and: positive
!but&complain&and: conflict
but&!mac&!difference&!if: negative
but&!mac&!difference&if: neutral
but&!mac&difference&!to: neutral
but&!mac&difference&to: neutral
but&mac&!up&!a: positive
but&mac&!up&a: neutral
but&mac&up: positive
DecisionTree learned:
!but&!opted&!much&!acceptable: negative
!but&!opted&!much&acceptable: conflict
!but&!opted&much&!i: positive
!but&!opted&much&i: neutral
!but&opted: conflict
but&!i&!windows&!difference: negative
but&!i&!windows&difference: neutral
but&!i&windows&!so: neutral
but&!i&windows&so: neutral
but&i&!which&!easy: positive
but&i&!which&easy: conflict
but&i&which&!use: conflict
but&i&which&use: positive
DecisionTree learned:
!but&!opted&!much&!bars: positive
!but&!opted&!much&bars: conflict
!but&!opted&much&!i: positive
!but&!opted&much&i: neutral
!but&opted: conflict
but&!web&!screen&!repair: positive
but&!web&!screen&repair: negative
but&!web&screen&!and: conflict
but&!web&screen&and: negative
but&web&!just: neutral
but&web&just: neutral
DecisionTree learned:
!but&!much&!uses&!complain: negative
!but&!much&!uses&complain: conflict
!but&!much&uses&!of: neutral
!but&!much&uses&of: conflict
!but&much&!of&!laptops: positive
!but&much&!of&laptops: conflict
!but&much&of&!not: negative
!but&much&of&not: neutral
but&!this&!difference&!so: positive
but&!this&!difference&so: neutral
but&!this&difference&!to: neutral
but&!this&difference&to: neutral
but&this&!have&!m: neutral
but&this&!have&m: negative
but&this&have&!with: positive
but&this&have&with: negative
DecisionTree learned:
!but&!opted&!complain&!much: negative
!but&!opted&!complain&much: positive
!but&!opted&complain&!and: positive
!but&!opted&complain&and: conflict
!but&opted: conflict
but&!i&!windows&!mac: conflict
but&!i&!windows&mac: neutral
but&!i&windows&!so: neutral
but&!i&windows&so: neutral
but&i&!which&!got: positive
but&i&!which&got: negative
but&i&which&!use: conflict
but&i&which&use: positive
DecisionTree learned:
!but&!uses&!much&!complain: negative
!but&!uses&!much&complain: conflict
!but&!uses&much&!of: positive
!but&!uses&much&of: neutral
!but&uses&!of: neutral
!but&uses&of: conflict
but&!repair&!mac&!laptop: negative
but&!repair&!mac&laptop: neutral
but&!repair&mac&!bit: positive
but&!repair&mac&bit: neutral
but&repair&!they: negative
but&repair&they&!to: negative
but&repair&they&to: neutral
DecisionTree learned:
!but&!bars&!for&!laptops: negative
!but&!bars&!for&laptops: conflict
!but&!bars&for&!so: neutral
!but&!bars&for&so: negative
!but&bars: conflict
but&!new&!size&!this: positive
but&!new&!size&this: negative
but&!new&size&!and: neutral
but&!new&size&and: neutral
but&new&!when&!some: neutral
but&new&!when&some: positive
but&new&when&!so: negative
but&new&when&so: neutral
DecisionTree learned:
!but&!after&!complain&!and: negative
!but&!after&!complain&and: positive
!but&!after&complain&!and: positive
!but&!after&complain&and: conflict
!but&after&!with&!just: neutral
!but&after&!with&just: negative
!but&after&with&!i: negative
!but&after&with&i: positive
but&!did&!hard&!if: positive
but&!did&!hard&if: neutral
but&!did&hard&!you: neutral
but&!did&hard&you: positive
but&did&!have&!would: neutral
but&did&!have&would: negative
but&did&have: conflict
DecisionTree learned:
!but&!long&!acceptable&!much: negative
!but&!long&!acceptable&much: positive
!but&!long&acceptable: conflict
!but&long&!though&!battery: negative
!but&long&!though&battery: positive
!but&long&though: conflict
but&!gb&!size&!mac: negative
but&!gb&!size&mac: positive
but&!gb&size&!and: neutral
but&!gb&size&and: neutral
but&gb&!just: neutral
but&gb&just: neutral
DecisionTree learned:
!but&!opted&!much&!uses: negative
!but&!opted&!much&uses: neutral
!but&!opted&much&!laptops: positive
!but&!opted&much&laptops: conflict
!but&opted: conflict
but&!i&!windows&!mac: conflict
but&!i&!windows&mac: neutral
but&!i&windows&!so: neutral
but&!i&windows&so: neutral
but&i&!which&!on: positive
but&i&!which&on: neutral
but&i&which&!use: conflict
but&i&which&use: positive
DecisionTree learned:
!but&!for&!pc&!requires: negative
!but&!for&!pc&requires: conflict
!but&!for&pc&!when: positive
!but&!for&pc&when: conflict
!but&for&!so&!despite: neutral
!but&for&!so&despite: conflict
!but&for&so&!laptop: positive
!but&for&so&laptop: conflict
but&!like&!new&!more: negative
but&!like&!new&more: positive
but&!like&new&!when: positive
but&!like&new&when: neutral
but&like&!the&!to: negative
but&like&!the&to: neutral
but&like&the&!use: positive
but&like&the&use: positive
DecisionTree learned:
!but&!much&!generally&!uses: negative
!but&!much&!generally&uses: neutral
!but&!much&generally: conflict
!but&much&!i&!easier: negative
!but&much&!i&easier: positive
!but&much&i&!up: neutral
!but&much&i&up: conflict
but&!this&!mac&!difference: conflict
but&!this&!mac&difference: neutral
but&!this&mac&!have: positive
but&!this&mac&have: negative
but&this&!m&!a: negative
but&this&!m&a: positive
but&this&m&!a: negative
but&this&m&a: negative
DecisionTree learned:
!but&!requires&!for&!pc: negative
!but&!requires&!for&pc: positive
!but&!requires&for&!so: neutral
!but&!requires&for&so: conflict
!but&requires: conflict
but&!hard&!if&!mac: negative
but&!hard&!if&mac: positive
but&!hard&if&!to: negative
but&!hard&if&to: neutral
but&hard&!the: conflict
but&hard&the&!you: neutral
but&hard&the&you: neutral
DecisionTree learned:
!but&!movie&!for&!get: positive
!but&!movie&!for&get: negative
!but&!movie&for&!so: neutral
!but&!movie&for&so: conflict
!but&movie&!just: neutral
!but&movie&just: neutral
but&!this&!so&!difference: negative
but&!this&!so&difference: neutral
but&!this&so&!the: neutral
but&!this&so&the: conflict
but&this&!know&!m: positive
but&this&!know&m: negative
but&this&know: conflict
DecisionTree learned:
!but&!generally&!opted&!my: negative
!but&!generally&!opted&my: neutral
!but&!generally&opted: conflict
!but&generally: conflict
but&!i&!windows&!difference: conflict
but&!i&!windows&difference: neutral
but&!i&windows&!be: neutral
but&!i&windows&be: negative
but&i&!which&!like: neutral
but&i&!which&like: positive
but&i&which&!use: conflict
but&i&which&use: conflict
DecisionTree learned:
!but&!opted&!requires&!complain: negative
!but&!opted&!requires&complain: conflict
!but&!opted&requires: conflict
!but&opted: conflict
but&!did&!web&!mac: negative
but&!did&!web&mac: neutral
but&!did&web&!just: neutral
but&!did&web&just: positive
but&did&!on&!of: conflict
but&did&!on&of: negative
but&did&on: neutral
DecisionTree learned:
!but&!after&!generally&!much: positive
!but&!after&!generally&much: positive
!but&!after&generally: conflict
!but&after&!with&!price: neutral
!but&after&!with&price: positive
!but&after&with&!i: negative
!but&after&with&i: positive
but&!this&!so&!that: negative
but&!this&!so&that: positive
but&!this&so&!it: neutral
but&!this&so&it: conflict
but&this&!has&!to: positive
but&this&!has&to: neutral
but&this&has&!toshiba: negative
but&this&has&toshiba: negative
DecisionTree learned:
!but&!complain&!and&!though: negative
!but&!complain&!and&though: conflict
!but&!complain&and&!sol: positive
!but&!complain&and&sol: conflict
!but&complain&!and: positive
!but&complain&and: conflict
but&!new&!size&!screen: negative
but&!new&!size&screen: conflict
but&!new&size&!i: neutral
but&!new&size&i: neutral
but&new&!when&!software: neutral
but&new&!when&software: negative
but&new&when&!so: negative
but&new&when&so: neutral
DecisionTree learned:
!but&!complain&!generally&!much: negative
!but&!complain&!generally&much: positive
!but&!complain&generally: conflict
!but&complain: conflict
but&!battery&!did&!web: positive
but&!battery&!did&web: neutral
but&!battery&did&!would: neutral
but&!battery&did&would: negative
but&battery&!n&!great: conflict
but&battery&!n&great: conflict
but&battery&n&!upgrade: negative
but&battery&n&upgrade: negative
DecisionTree learned:
!but&!for&!pc&!requires: negative
!but&!for&!pc&requires: conflict
!but&!for&pc&!and: conflict
!but&!for&pc&and: positive
!but&for&!so&!despite: neutral
!but&for&!so&despite: conflict
!but&for&so&!battery: negative
!but&for&so&battery: conflict
but&!mac&!this&!better: negative
but&!mac&!this&better: conflict
but&!mac&this&!ever: neutral
but&!mac&this&ever: negative
but&mac&!bit&!can: positive
but&mac&!bit&can: neutral
but&mac&bit: neutral
DecisionTree learned:
!but&!requires&!much&!opted: negative
!but&!requires&!much&opted: conflict
!but&!requires&much&!of: positive
!but&!requires&much&of: neutral
!but&requires: conflict
but&!this&!so&!has: negative
but&!this&!so&has: conflict
but&!this&so&!it: neutral
but&!this&so&it: conflict
but&this&!x&!know: positive
but&this&!x&know: conflict
but&this&x: neutral
DecisionTree learned:
!but&!generally&!uses&!long: positive
!but&!generally&!uses&long: positive
!but&!generally&uses&!of: neutral
!but&!generally&uses&of: conflict
!but&generally: conflict
but&!new&!more&!the: conflict
but&!new&!more&the: negative
but&!new&more&!software: positive
but&!new&more&software: conflict
but&new&!with&!software: neutral
but&new&!with&software: negative
but&new&with&!just: neutral
but&new&with&just: neutral
DecisionTree learned:
!but&!complain&!and&!though: negative
!but&!complain&!and&though: conflict
!but&!complain&and&!warranty: positive
!but&!complain&and&warranty: neutral
!but&complain: conflict
but&!hard&!did&!mac: positive
but&!hard&!did&mac: neutral
but&!hard&did&!have: neutral
but&!hard&did&have: conflict
but&hard&!the: conflict
but&hard&the&!you: neutral
but&hard&the&you: neutral
DecisionTree learned:
!but&!generally&!opted&!uses: positive
!but&!generally&!opted&uses: neutral
!but&!generally&opted: conflict
!but&generally: conflict
but&!this&!difference&!windows: positive
but&!this&!difference&windows: neutral
but&!this&difference&!to: neutral
but&!this&difference&to: neutral
but&this&!features&!ever: neutral
but&this&!features&ever: negative
but&this&features: positive
DecisionTree learned:
!but&!much&!generally&!long: neutral
!but&!much&!generally&long: positive
!but&!much&generally: conflict
!but&much&!laptops&!when: positive
!but&much&!laptops&when: conflict
!but&much&laptops&!and: conflict
!but&much&laptops&and: neutral
but&!mac&!this&!difference: negative
but&!mac&!this&difference: neutral
but&!mac&this&!know: neutral
but&!mac&this&know: conflict
but&mac&!more&!my: neutral
but&mac&!more&my: neutral
but&mac&more: positive
DecisionTree learned:
!but&!opted&!long&!generally: neutral
!but&!opted&!long&generally: conflict
!but&!opted&long&!though: positive
!but&!opted&long&though: conflict
!but&opted: conflict
but&!yes&!web&!mac: negative
but&!yes&!web&mac: neutral
but&!yes&web&!just: neutral
but&!yes&web&just: neutral
but&yes&!it: positive
but&yes&it&!is: positive
but&yes&it&is: conflict
DecisionTree learned:
!but&!uses&!after&!long: positive
!but&!uses&!after&long: positive
!but&!uses&after&!with: neutral
!but&!uses&after&with: negative
!but&uses&!of: neutral
!but&uses&of: conflict
but&!web&!screen&!repair: positive
but&!web&!screen&repair: negative
but&!web&screen&!computer: conflict
but&!web&screen&computer: negative
but&web&!just: positive
but&web&just: positive
Trial 0 Training cc.mallet.classify.AdaBoostM2Trainer@49ff0dde finished
Trial 0 Trainer cc.mallet.classify.AdaBoostM2Trainer@49ff0dde test data accuracy = 0.48073022312373226

NaiveBayesTrainer
Summary. test accuracy mean = 0.6389452332657201 stddev = 0.0 stderr = 0.0

MaxEntTrainer,gaussianPriorVariance=1.0
Summary. test accuracy mean = 0.6531440162271805 stddev = 0.0 stderr = 0.0

cc.mallet.classify.DecisionTreeTrainer@69945ce
Summary. test accuracy mean = 0.513184584178499 stddev = 0.0 stderr = 0.0

cc.mallet.classify.AdaBoostM2Trainer@49ff0dde
Summary. test accuracy mean = 0.48073022312373226 stddev = 0.0 stderr = 0.0
