
-------------------- Trial 0  --------------------

Trial 0 Training NaiveBayesTrainer with 1865 instances
Trial 0 Training NaiveBayesTrainer finished
Trial 0 Trainer NaiveBayesTrainer test data accuracy = 0.4746450304259635
Trial 0 Training MaxEntTrainer,gaussianPriorVariance=1.0 with 1865 instances
Trial 0 Training MaxEntTrainer,gaussianPriorVariance=1.0 finished
Trial 0 Trainer MaxEntTrainer,gaussianPriorVariance=1.0 test data accuracy = 0.5314401622718052
Trial 0 Training cc.mallet.classify.DecisionTreeTrainer@b6e39f with 1865 instances
DecisionTree learned:
!b&!w&!g&!n: positive
!b&!w&!g&n: positive
!b&!w&g&!p: positive
!b&!w&g&p: positive
!b&w&!h&!v: positive
!b&w&!h&v: positive
!b&w&h&!r: positive
!b&w&h&r: positive
b&!u&!i: negative
b&!u&i&!m: positive
b&!u&i&m: positive
b&u&!f&!y: negative
b&u&!f&y: negative
b&u&f&!m: negative
b&u&f&m: positive
Trial 0 Training cc.mallet.classify.DecisionTreeTrainer@b6e39f finished
Trial 0 Trainer cc.mallet.classify.DecisionTreeTrainer@b6e39f test data accuracy = 0.4077079107505071
Trial 0 Training cc.mallet.classify.AdaBoostM2Trainer@100c62c8 with 1865 instances
DecisionTree learned:
!b&!w&!v&!g: positive
!b&!w&!v&g: positive
!b&!w&v&!o: negative
!b&!w&v&o: positive
!b&w&!h&!v: positive
!b&w&!h&v: positive
!b&w&h&!d: positive
!b&w&h&d: positive
b&!u&!i: negative
b&!u&i&!m: positive
b&!u&i&m: positive
b&u&!f&!y: negative
b&u&!f&y: negative
b&u&f&!m: negative
b&u&f&m: positive
DecisionTree learned:
!b&!w&!p&!y: negative
!b&!w&!p&y: positive
!b&!w&p&!h: positive
!b&!w&p&h: positive
!b&w&!h&!v: positive
!b&w&!h&v: positive
!b&w&h&!f: positive
!b&w&h&f: positive
b&!u&!i: negative
b&!u&i&!m: positive
b&!u&i&m: positive
b&u&!f&!y: negative
b&u&!f&y: negative
b&u&f&!m: negative
b&u&f&m: positive
DecisionTree learned:
!b&!w&!p&!y: positive
!b&!w&!p&y: positive
!b&!w&p&!h: positive
!b&!w&p&h: positive
!b&w&!h&!v: positive
!b&w&!h&v: positive
!b&w&h&!r: positive
!b&w&h&r: positive
b&!f&!g&!x: negative
b&!f&!g&x: neutral
b&!f&g&!h: positive
b&!f&g&h: negative
b&f&!k&!p: positive
b&f&!k&p: positive
b&f&k&!p: negative
b&f&k&p: negative
DecisionTree learned:
!b&!w&!h&!u: positive
!b&!w&!h&u: positive
!b&!w&h&!g: negative
!b&!w&h&g: positive
!b&w&!h&!v: positive
!b&w&!h&v: positive
!b&w&h&!r: positive
!b&w&h&r: positive
b&!o&!m&!i: negative
b&!o&!m&i: positive
b&!o&m&!c: negative
b&!o&m&c: conflict
b&o&!y&!g: negative
b&o&!y&g: negative
b&o&y&!m: positive
b&o&y&m: positive
DecisionTree learned:
!b&!w&!v&!y: positive
!b&!w&!v&y: positive
!b&!w&v&!g: negative
!b&!w&v&g: positive
!b&w&!d&!v: positive
!b&w&!d&v: positive
!b&w&d&!r: positive
!b&w&d&r: positive
b&!f&!q&!x: negative
b&!f&!q&x: neutral
b&!f&q&!p: conflict
b&!f&q&p: positive
b&f&!c&!y: negative
b&f&!c&y: positive
b&f&c&!g: negative
b&f&c&g: positive
DecisionTree learned:
!u&!y&!w&!p: negative
!u&!y&!w&p: positive
!u&!y&w&!d: positive
!u&!y&w&d: negative
!u&y&!h&!l: neutral
!u&y&!h&l: positive
!u&y&h&!v: positive
!u&y&h&v: positive
u&!b&!r&!f: positive
u&!b&!r&f: positive
u&!b&r&!q: positive
u&!b&r&q: positive
u&b&!f&!q: negative
u&b&!f&q: positive
u&b&f&!m: negative
u&b&f&m: positive
DecisionTree learned:
!b&!w&!h&!u: positive
!b&!w&!h&u: positive
!b&!w&h&!g: negative
!b&!w&h&g: positive
!b&w&!f&!y: negative
!b&w&!f&y: positive
!b&w&f&!h: positive
!b&w&f&h: positive
b&!u&!i: negative
b&!u&i&!v: positive
b&!u&i&v: positive
b&u&!f&!v: negative
b&u&!f&v: negative
b&u&f&!m: negative
b&u&f&m: positive
DecisionTree learned:
!b&!w&!h&!p: positive
!b&!w&!h&p: positive
!b&!w&h&!f: positive
!b&!w&h&f: positive
!b&w&!h&!v: positive
!b&w&!h&v: positive
!b&w&h&!r: positive
!b&w&h&r: positive
b&!u&!i: negative
b&!u&i&!v: negative
b&!u&i&v: positive
b&u&!f&!y: negative
b&u&!f&y: negative
b&u&f&!m: negative
b&u&f&m: positive
DecisionTree learned:
!b&!x&!q&!r: positive
!b&!x&!q&r: positive
!b&!x&q&!g: negative
!b&!x&q&g: positive
!b&x&!d&!f: conflict
!b&x&!d&f: negative
!b&x&d&!z: neutral
!b&x&d&z: positive
b&!u&!i: negative
b&!u&i&!p: negative
b&!u&i&p: positive
b&u&!f&!g: negative
b&u&!f&g: negative
b&u&f&!m: negative
b&u&f&m: positive
DecisionTree learned:
!b&!w&!h&!p: positive
!b&!w&!h&p: positive
!b&!w&h&!p: negative
!b&!w&h&p: positive
!b&w&!r&!d: neutral
!b&w&!r&d: positive
!b&w&r&!d: positive
!b&w&r&d: negative
b&!h&!g&!c: positive
b&!h&!g&c: conflict
b&!h&g&!l: positive
b&!h&g&l: positive
b&h&!k&!p: positive
b&h&!k&p: negative
b&h&k&!i: conflict
b&h&k&i: negative
DecisionTree learned:
!b&!r&!f&!k: positive
!b&!r&!f&k: conflict
!b&!r&f&!y: positive
!b&!r&f&y: neutral
!b&r&!x&!q: positive
!b&r&!x&q: positive
!b&r&x&!w: positive
!b&r&x&w: neutral
b&!o&!q&!m: positive
b&!o&!q&m: negative
b&!o&q: conflict
b&o&!c&!f: negative
b&o&!c&f: positive
b&o&c&!y: positive
b&o&c&y: negative
DecisionTree learned:
!b&!w&!h&!l: positive
!b&!w&!h&l: positive
!b&!w&h&!g: negative
!b&!w&h&g: positive
!b&w&!f&!y: negative
!b&w&!f&y: positive
!b&w&f&!h: positive
!b&w&f&h: positive
b&!u&!v&!h: positive
b&!u&!v&h: negative
b&!u&v&!x: positive
b&!u&v&x: negative
b&u&!f&!q: negative
b&u&!f&q: positive
b&u&f&!m: negative
b&u&f&m: positive
DecisionTree learned:
!b&!r&!f&!d: negative
!b&!r&!f&d: positive
!b&!r&f&!y: positive
!b&!r&f&y: neutral
!b&r&!x&!q: positive
!b&r&!x&q: positive
!b&r&x&!d: neutral
!b&r&x&d: positive
b&!f&!g&!p: negative
b&!f&!g&p: neutral
b&!f&g&!m: positive
b&!f&g&m: negative
b&f&!k&!g: positive
b&f&!k&g: positive
b&f&k&!m: neutral
b&f&k&m: negative
DecisionTree learned:
!b&!r&!f&!k: positive
!b&!r&!f&k: positive
!b&!r&f&!y: positive
!b&!r&f&y: neutral
!b&r&!w&!h: positive
!b&r&!w&h: positive
!b&r&w&!d: positive
!b&r&w&d: negative
b&!u&!i: negative
b&!u&i&!m: positive
b&!u&i&m: positive
b&u&!f&!x: negative
b&u&!f&x: neutral
b&u&f&!m: positive
b&u&f&m: positive
DecisionTree learned:
!b&!w&!h&!l: negative
!b&!w&!h&l: positive
!b&!w&h&!q: positive
!b&!w&h&q: negative
!b&w&!f&!y: negative
!b&w&!f&y: positive
!b&w&f&!n: positive
!b&w&f&n: positive
b&!u&!v&!w: positive
b&!u&!v&w: negative
b&!u&v&!y: positive
b&!u&v&y: positive
b&u&!q&!d: positive
b&u&!q&d: negative
b&u&q&!w: positive
b&u&q&w: positive
DecisionTree learned:
!b&!h&!c: positive
!b&!h&c&!p: negative
!b&!h&c&p: positive
!b&h&!w&!p: negative
!b&h&!w&p: positive
!b&h&w&!r: positive
!b&h&w&r: negative
b&!u&!w&!k: positive
b&!u&!w&k: neutral
b&!u&w&!n: neutral
b&!u&w&n: positive
b&u&!f&!v: negative
b&u&!f&v: negative
b&u&f&!m: negative
b&u&f&m: positive
DecisionTree learned:
!b&!r&!f&!y: negative
!b&!r&!f&y: positive
!b&!r&f&!y: positive
!b&!r&f&y: neutral
!b&r&!d&!f: positive
!b&r&!d&f: positive
!b&r&d&!q: positive
!b&r&d&q: positive
b&!u&!m&!f: positive
b&!u&!m&f: positive
b&!u&m&!p: negative
b&!u&m&p: positive
b&u&!q&!d: positive
b&u&!q&d: negative
b&u&q&!w: positive
b&u&q&w: negative
DecisionTree learned:
!b&!f&!r&!d: negative
!b&!f&!r&d: positive
!b&!f&r&!d: positive
!b&!f&r&d: positive
!b&f&!w&!h: neutral
!b&f&!w&h: positive
!b&f&w&!x: negative
!b&f&w&x: neutral
b&!h&!g&!u: positive
b&!h&!g&u: conflict
b&!h&g&!k: positive
b&!h&g&k: positive
b&h&!o&!m: positive
b&h&!o&m: negative
b&h&o&!g: negative
b&h&o&g: negative
DecisionTree learned:
!b&!r&!f&!l: negative
!b&!r&!f&l: positive
!b&!r&f&!y: positive
!b&!r&f&y: neutral
!b&r&!d&!x: positive
!b&r&!d&x: conflict
!b&r&d&!g: negative
!b&r&d&g: positive
b&!y&!g&!j: negative
b&!y&!g&j: neutral
b&!y&g&!p: negative
b&!y&g&p: positive
b&y&!m&!k: negative
b&y&!m&k: positive
b&y&m&!d: positive
b&y&m&d: positive
DecisionTree learned:
!b&!r&!f&!k: positive
!b&!r&!f&k: conflict
!b&!r&f&!y: positive
!b&!r&f&y: neutral
!b&r&!x&!q: positive
!b&r&!x&q: positive
!b&r&x&!d: neutral
!b&r&x&d: positive
b&!u&!i: negative
b&!u&i&!f: negative
b&!u&i&f: positive
b&u&!d&!x: positive
b&u&!d&x: conflict
b&u&d&!y: negative
b&u&d&y: positive
DecisionTree learned:
!b&!r&!d&!y: negative
!b&!r&!d&y: neutral
!b&!r&d&!f: positive
!b&!r&d&f: positive
!b&r&!w&!h: positive
!b&r&!w&h: positive
!b&r&w&!h: positive
!b&r&w&h: positive
b&!u&!v&!h: positive
b&!u&!v&h: negative
b&!u&v&!f: neutral
b&!u&v&f: positive
b&u&!h&!g: negative
b&u&!h&g: positive
b&u&h&!o: conflict
b&u&h&o: negative
DecisionTree learned:
!b&!w&!q&!p: negative
!b&!w&!q&p: positive
!b&!w&q&!h: positive
!b&!w&q&h: negative
!b&w&!r&!f: positive
!b&w&!r&f: neutral
!b&w&r&!d: positive
!b&w&r&d: negative
b&!f&!u&!k: negative
b&!f&!u&k: positive
b&!f&u&!g: negative
b&!f&u&g: negative
b&f&!c&!y: negative
b&f&!c&y: positive
b&f&c&!k: positive
b&f&c&k: negative
DecisionTree learned:
!b&!w&!h&!l: negative
!b&!w&!h&l: positive
!b&!w&h&!p: negative
!b&!w&h&p: positive
!b&w&!f&!r: positive
!b&w&!f&r: positive
!b&w&f&!k: neutral
!b&w&f&k: negative
b&!u&!w&!k: positive
b&!u&!w&k: neutral
b&!u&w&!n: neutral
b&!u&w&n: negative
b&u&!q&!y: negative
b&u&!q&y: positive
b&u&q&!w: positive
b&u&q&w: positive
DecisionTree learned:
!b&!w&!v&!g: positive
!b&!w&!v&g: positive
!b&!w&v&!u: positive
!b&!w&v&u: negative
!b&w&!f&!r: positive
!b&w&!f&r: negative
!b&w&f&!k: neutral
!b&w&f&k: negative
b&!d&!x&!g: positive
b&!d&!x&g: positive
b&!d&x&!v: negative
b&!d&x&v: conflict
b&d&!c&!y: negative
b&d&!c&y: positive
b&d&c&!u: positive
b&d&c&u: positive
DecisionTree learned:
!b&!r&!f&!l: negative
!b&!r&!f&l: positive
!b&!r&f&!v: neutral
!b&!r&f&v: positive
!b&r&!x&!q: positive
!b&r&!x&q: positive
!b&r&x&!d: conflict
!b&r&x&d: positive
b&!u&!w&!k: positive
b&!u&!w&k: neutral
b&!u&w&!n: neutral
b&!u&w&n: negative
b&u&!h&!g: conflict
b&u&!h&g: positive
b&u&h&!f: negative
b&u&h&f: positive
DecisionTree learned:
!b&!r&!l&!y: negative
!b&!r&!l&y: neutral
!b&!r&l&!k: positive
!b&!r&l&k: positive
!b&r&!x&!q: positive
!b&r&!x&q: positive
!b&r&x&!d: negative
!b&r&x&d: neutral
b&!f&!g&!x: negative
b&!f&!g&x: neutral
b&!f&g&!i: conflict
b&!f&g&i: negative
b&f&!c&!y: negative
b&f&!c&y: positive
b&f&c&!u: positive
b&f&c&u: positive
DecisionTree learned:
!b&!f&!d&!x: positive
!b&!f&!d&x: conflict
!b&!f&d&!r: positive
!b&!f&d&r: negative
!b&f&!w&!h: neutral
!b&f&!w&h: positive
!b&f&w&!k: neutral
!b&f&w&k: negative
b&!c&!h&!f: positive
b&!c&!h&f: negative
b&!c&h&!f: negative
b&!c&h&f: positive
b&c&!p&!k: positive
b&c&!p&k: negative
b&c&p&!k: positive
b&c&p&k: positive
DecisionTree learned:
!b&!f&!k&!x: positive
!b&!f&!k&x: negative
!b&!f&k&!r: conflict
!b&!f&k&r: neutral
!b&f&!k&!y: positive
!b&f&!k&y: neutral
!b&f&k&!y: negative
!b&f&k&y: positive
b&!y&!g&!z: negative
b&!y&!g&z: conflict
b&!y&g&!p: negative
b&!y&g&p: positive
b&y&!m&!k: negative
b&y&!m&k: positive
b&y&m&!q: neutral
b&y&m&q: positive
DecisionTree learned:
!b&!r&!f&!k: positive
!b&!r&!f&k: conflict
!b&!r&f&!y: positive
!b&!r&f&y: neutral
!b&r&!u&!y: negative
!b&r&!u&y: positive
!b&r&u&!d: positive
!b&r&u&d: positive
b&!y&!g&!z: negative
b&!y&!g&z: conflict
b&!y&g&!u: negative
b&!y&g&u: positive
b&y&!h&!g: conflict
b&y&!h&g: positive
b&y&h&!q: negative
b&y&h&q: positive
DecisionTree learned:
!b&!f&!q&!r: positive
!b&!f&!q&r: negative
!b&!f&q&!n: negative
!b&!f&q&n: positive
!b&f&!g&!k: negative
!b&f&!g&k: negative
!b&f&g&!w: positive
!b&f&g&w: neutral
b&!o&!m&!i: negative
b&!o&!m&i: positive
b&!o&m&!c: negative
b&!o&m&c: conflict
b&o&!d&!m: negative
b&o&!d&m: positive
b&o&d&!c: negative
b&o&d&c: negative
DecisionTree learned:
!b&!u&!y&!v: positive
!b&!u&!y&v: negative
!b&!u&y&!k: positive
!b&!u&y&k: negative
!b&u&!r&!f: positive
!b&u&!r&f: neutral
!b&u&r&!d: positive
!b&u&r&d: negative
b&!o&!m&!i: negative
b&!o&!m&i: positive
b&!o&m&!c: negative
b&!o&m&c: conflict
b&o&!g&!h: conflict
b&o&!g&h: neutral
b&o&g&!k: positive
b&o&g&k: negative
DecisionTree learned:
!b&!f&!t&!u: positive
!b&!f&!t&u: neutral
!b&!f&t&!r: positive
!b&!f&t&r: positive
!b&f&!w&!h: neutral
!b&f&!w&h: positive
!b&f&w&!k: neutral
!b&f&w&k: negative
b&!u&!i: negative
b&!u&i&!v: positive
b&!u&i&v: positive
b&u&!f&!j: negative
b&u&!f&j: neutral
b&u&f&!m: negative
b&u&f&m: positive
DecisionTree learned:
!b&!r&!f&!p: negative
!b&!r&!f&p: positive
!b&!r&f&!y: positive
!b&!r&f&y: neutral
!b&r&!u&!l: negative
!b&r&!u&l: positive
!b&r&u&!t: neutral
!b&r&u&t: positive
b&!d&!x&!g: positive
b&!d&!x&g: positive
b&!d&x&!u: positive
b&!d&x&u: conflict
b&d&!c&!y: negative
b&d&!c&y: positive
b&d&c&!u: positive
b&d&c&u: negative
DecisionTree learned:
!b&!r&!f&!k: positive
!b&!r&!f&k: conflict
!b&!r&f&!h: positive
!b&!r&f&h: neutral
!b&r&!x&!q: positive
!b&r&!x&q: positive
!b&r&x&!d: neutral
!b&r&x&d: neutral
b&!f&!u&!k: negative
b&!f&!u&k: positive
b&!f&u&!y: negative
b&!f&u&y: negative
b&f&!c&!y: negative
b&f&!c&y: positive
b&f&c&!k: positive
b&f&c&k: negative
DecisionTree learned:
!b&!r&!f&!k: positive
!b&!r&!f&k: conflict
!b&!r&f&!h: positive
!b&!r&f&h: neutral
!b&r&!d&!x: positive
!b&r&!d&x: conflict
!b&r&d&!u: negative
!b&r&d&u: negative
b&!y&!p&!k: conflict
b&!y&!p&k: negative
b&!y&p&!g: negative
b&!y&p&g: positive
b&y&!c&!n: positive
b&y&!c&n: positive
b&y&c&!z: negative
b&y&c&z: negative
DecisionTree learned:
!b&!r&!f&!k: positive
!b&!r&!f&k: conflict
!b&!r&f&!v: neutral
!b&!r&f&v: positive
!b&r&!d&!x: positive
!b&r&!d&x: conflict
!b&r&d&!w: positive
!b&r&d&w: negative
b&!y&!p&!k: conflict
b&!y&!p&k: negative
b&!y&p&!g: negative
b&!y&p&g: positive
b&y&!q&!d: negative
b&y&!q&d: negative
b&y&q&!w: positive
b&y&q&w: negative
DecisionTree learned:
!b&!r&!f&!k: positive
!b&!r&!f&k: conflict
!b&!r&f&!v: neutral
!b&!r&f&v: positive
!b&r&!x&!q: negative
!b&r&!x&q: positive
!b&r&x&!d: conflict
!b&r&x&d: neutral
b&!o&!m&!i: negative
b&!o&!m&i: positive
b&!o&m&!c: negative
b&!o&m&c: conflict
b&o&!d&!m: negative
b&o&!d&m: negative
b&o&d&!c: negative
b&o&d&c: positive
DecisionTree learned:
!b&!r&!f&!p: negative
!b&!r&!f&p: positive
!b&!r&f&!y: positive
!b&!r&f&y: neutral
!b&r&!x&!q: positive
!b&r&!x&q: positive
!b&r&x&!d: neutral
!b&r&x&d: neutral
b&!d&!x&!g: positive
b&!d&!x&g: negative
b&!d&x&!j: conflict
b&!d&x&j: negative
b&d&!q&!g: negative
b&d&!q&g: negative
b&d&q&!w: positive
b&d&q&w: positive
DecisionTree learned:
!b&!r&!f&!k: positive
!b&!r&!f&k: conflict
!b&!r&f&!y: positive
!b&!r&f&y: neutral
!b&r&!d&!x: positive
!b&r&!d&x: neutral
!b&r&d&!h: positive
!b&r&d&h: negative
b&!h&!g&!u: positive
b&!h&!g&u: conflict
b&!h&g&!w: positive
b&!h&g&w: positive
b&h&!g&!f: neutral
b&h&!g&f: positive
b&h&g&!k: positive
b&h&g&k: negative
DecisionTree learned:
!b&!r&!f&!k: positive
!b&!r&!f&k: conflict
!b&!r&f&!y: positive
!b&!r&f&y: neutral
!b&r&!x&!q: negative
!b&r&!x&q: positive
!b&r&x&!d: negative
!b&r&x&d: neutral
b&!o&!m&!i: negative
b&!o&!m&i: positive
b&!o&m&!c: negative
b&!o&m&c: conflict
b&o&!g&!x: negative
b&o&!g&x: neutral
b&o&g&!y: positive
b&o&g&y: positive
DecisionTree learned:
!b&!r&!f&!l: negative
!b&!r&!f&l: positive
!b&!r&f&!y: positive
!b&!r&f&y: neutral
!b&r&!d&!f: positive
!b&r&!d&f: positive
!b&r&d&!t: neutral
!b&r&d&t: negative
b&!q&!y&!g: negative
b&!q&!y&g: negative
b&!q&y&!m: positive
b&!q&y&m: neutral
b&q&!w&!g: conflict
b&q&!w&g: positive
b&q&w&!j: positive
b&q&w&j: negative
DecisionTree learned:
!b&!r&!f&!k: positive
!b&!r&!f&k: conflict
!b&!r&f&!v: neutral
!b&!r&f&v: positive
!b&r&!x&!q: positive
!b&r&!x&q: positive
!b&r&x&!d: neutral
!b&r&x&d: neutral
b&!d&!x&!m: positive
b&!d&!x&m: positive
b&!d&x&!u: positive
b&!d&x&u: conflict
b&d&!g&!f: neutral
b&d&!g&f: negative
b&d&g&!k: positive
b&d&g&k: negative
DecisionTree learned:
!b&!f&!t&!u: positive
!b&!f&!t&u: neutral
!b&!f&t&!y: negative
!b&!f&t&y: positive
!b&f&!w&!q: positive
!b&f&!w&q: negative
!b&f&w&!n: positive
!b&f&w&n: neutral
b&!o&!q&!i: negative
b&!o&!q&i: positive
b&!o&q: conflict
b&o&!g&!h: conflict
b&o&!g&h: neutral
b&o&g&!y: positive
b&o&g&y: negative
DecisionTree learned:
!b&!r&!f&!k: positive
!b&!r&!f&k: conflict
!b&!r&f&!v: neutral
!b&!r&f&v: positive
!b&r&!d&!x: positive
!b&r&!d&x: negative
!b&r&d&!g: negative
!b&r&d&g: positive
b&!y&!g&!j: negative
b&!y&!g&j: neutral
b&!y&g&!p: negative
b&!y&g&p: positive
b&y&!q&!d: positive
b&y&!q&d: negative
b&y&q&!w: positive
b&y&q&w: negative
DecisionTree learned:
!b&!r&!f&!k: positive
!b&!r&!f&k: conflict
!b&!r&f&!v: neutral
!b&!r&f&v: positive
!b&r&!d&!x: positive
!b&r&!d&x: conflict
!b&r&d&!m: negative
!b&r&d&m: negative
b&!o&!q&!m: positive
b&!o&!q&m: negative
b&!o&q: conflict
b&o&!g&!x: negative
b&o&!g&x: neutral
b&o&g&!y: positive
b&o&g&y: positive
DecisionTree learned:
!b&!r&!l&!y: negative
!b&!r&!l&y: neutral
!b&!r&l&!g: positive
!b&!r&l&g: conflict
!b&r&!x&!q: positive
!b&r&!x&q: positive
!b&r&x&!w: positive
!b&r&x&w: neutral
b&!c&!h&!f: positive
b&!c&!h&f: positive
b&!c&h&!f: negative
b&!c&h&f: positive
b&c&!p&!k: neutral
b&c&!p&k: negative
b&c&p&!g: neutral
b&c&p&g: positive
DecisionTree learned:
!b&!f&!d&!x: positive
!b&!f&!d&x: conflict
!b&!f&d&!r: positive
!b&!f&d&r: positive
!b&f&!g&!k: negative
!b&f&!g&k: negative
!b&f&g&!l: positive
!b&f&g&l: positive
b&!u&!w&!y: positive
b&!u&!w&y: neutral
b&!u&w&!n: neutral
b&!u&w&n: negative
b&u&!f&!v: neutral
b&u&!f&v: negative
b&u&f&!m: negative
b&u&f&m: positive
DecisionTree learned:
!b&!f&!u&!m: positive
!b&!f&!u&m: negative
!b&!f&u&!r: positive
!b&!f&u&r: negative
!b&f&!w&!g: negative
!b&f&!w&g: positive
!b&f&w&!k: neutral
!b&f&w&k: negative
b&!g&!x&!p: neutral
b&!g&!x&p: negative
b&!g&x&!f: neutral
b&!g&x&f: neutral
b&g&!k&!w: positive
b&g&!k&w: positive
b&g&k&!v: negative
b&g&k&v: negative
DecisionTree learned:
!b&!r&!f&!k: positive
!b&!r&!f&k: conflict
!b&!r&f&!l: neutral
!b&!r&f&l: positive
!b&r&!u&!m: negative
!b&r&!u&m: positive
!b&r&u&!t: neutral
!b&r&u&t: positive
b&!u&!w&!k: positive
b&!u&!w&k: neutral
b&!u&w&!n: neutral
b&!u&w&n: positive
b&u&!q&!f: negative
b&u&!q&f: negative
b&u&q&!w: positive
b&u&q&w: positive
DecisionTree learned:
!b&!r&!f&!k: positive
!b&!r&!f&k: conflict
!b&!r&f&!v: neutral
!b&!r&f&v: positive
!b&r&!x&!q: positive
!b&r&!x&q: positive
!b&r&x&!d: neutral
!b&r&x&d: neutral
b&!c&!f&!h: positive
b&!c&!f&h: negative
b&!c&f&!y: negative
b&!c&f&y: positive
b&c&!u&!p: negative
b&c&!u&p: positive
b&c&u&!p: positive
b&c&u&p: negative
DecisionTree learned:
!b&!r&!f&!d: negative
!b&!r&!f&d: positive
!b&!r&f&!s: positive
!b&!r&f&s: neutral
!b&r&!d&!f: positive
!b&r&!d&f: neutral
!b&r&d&!q: negative
!b&r&d&q: positive
b&!u&!v&!w: positive
b&!u&!v&w: negative
b&!u&v&!x: positive
b&!u&v&x: negative
b&u&!d&!x: positive
b&u&!d&x: conflict
b&u&d&!o: conflict
b&u&d&o: negative
DecisionTree learned:
!b&!x&!r&!k: positive
!b&!x&!r&k: neutral
!b&!x&r&!q: positive
!b&!x&r&q: positive
!b&x&!d&!l: neutral
!b&x&!d&l: conflict
!b&x&d&!v: positive
!b&x&d&v: neutral
b&!f&!u&!d: negative
b&!f&!u&d: negative
b&!f&u&!p: conflict
b&!f&u&p: negative
b&f&!c&!y: negative
b&f&!c&y: positive
b&f&c&!g: neutral
b&f&c&g: positive
DecisionTree learned:
!b&!r&!f&!k: positive
!b&!r&!f&k: conflict
!b&!r&f&!y: positive
!b&!r&f&y: neutral
!b&r&!d&!x: positive
!b&r&!d&x: neutral
!b&r&d&!m: negative
!b&r&d&m: negative
b&!h&!g&!w: conflict
b&!h&!g&w: positive
b&!h&g&!w: positive
b&!h&g&w: positive
b&h&!f&!u: negative
b&h&!f&u: negative
b&h&f&!g: positive
b&h&f&g: positive
DecisionTree learned:
!b&!f&!q&!u: positive
!b&!f&!q&u: negative
!b&!f&q&!k: positive
!b&!f&q&k: positive
!b&f&!v&!w: positive
!b&f&!v&w: neutral
!b&f&v&!q: neutral
!b&f&v&q: negative
b&!o&!m: positive
b&!o&m&!c: negative
b&!o&m&c: conflict
b&o&!d&!x: positive
b&o&!d&x: conflict
b&o&d&!c: negative
b&o&d&c: negative
DecisionTree learned:
!b&!r&!f&!k: positive
!b&!r&!f&k: conflict
!b&!r&f&!h: positive
!b&!r&f&h: neutral
!b&r&!w&!q: positive
!b&r&!w&q: negative
!b&r&w&!y: negative
!b&r&w&y: positive
b&!y&!g&!z: negative
b&!y&!g&z: conflict
b&!y&g&!p: conflict
b&!y&g&p: positive
b&y&!m&!c: positive
b&y&!m&c: negative
b&y&m&!q: neutral
b&y&m&q: positive
DecisionTree learned:
!b&!f&!t&!l: positive
!b&!f&!t&l: neutral
!b&!f&t&!r: positive
!b&!f&t&r: negative
!b&f&!w&!h: neutral
!b&f&!w&h: positive
!b&f&w&!o: neutral
!b&f&w&o: positive
b&!f&!u&!k: negative
b&!f&!u&k: positive
b&!f&u&!v: negative
b&!f&u&v: negative
b&f&!c&!y: negative
b&f&!c&y: positive
b&f&c&!g: negative
b&f&c&g: positive
DecisionTree learned:
!b&!r&!l&!y: negative
!b&!r&!l&y: neutral
!b&!r&l&!k: positive
!b&!r&l&k: positive
!b&r&!u&!y: positive
!b&r&!u&y: positive
!b&r&u&!q: neutral
!b&r&u&q: positive
b&!c&!h&!f: positive
b&!c&!h&f: positive
b&!c&h&!f: negative
b&!c&h&f: positive
b&c&!u&!y: positive
b&c&!u&y: positive
b&c&u&!p: negative
b&c&u&p: negative
DecisionTree learned:
!b&!r&!f&!k: positive
!b&!r&!f&k: conflict
!b&!r&f&!y: positive
!b&!r&f&y: neutral
!b&r&!d&!x: positive
!b&r&!d&x: conflict
!b&r&d&!m: negative
!b&r&d&m: negative
b&!c&!f&!h: positive
b&!c&!f&h: negative
b&!c&f&!y: negative
b&!c&f&y: positive
b&c&!p&!k: conflict
b&c&!p&k: negative
b&c&p&!z: positive
b&c&p&z: neutral
DecisionTree learned:
!b&!d&!x&!f: positive
!b&!d&!x&f: positive
!b&!d&x&!l: neutral
!b&!d&x&l: conflict
!b&d&!r&!f: positive
!b&d&!r&f: positive
!b&d&r&!u: positive
!b&d&r&u: positive
b&!c&!f&!h: positive
b&!c&!f&h: negative
b&!c&f&!y: negative
b&!c&f&y: positive
b&c&!p&!k: positive
b&c&!p&k: negative
b&c&p&!z: positive
b&c&p&z: neutral
DecisionTree learned:
!b&!r&!f&!p: negative
!b&!r&!f&p: positive
!b&!r&f&!v: neutral
!b&!r&f&v: positive
!b&r&!d&!x: positive
!b&r&!d&x: neutral
!b&r&d&!u: negative
!b&r&d&u: negative
b&!c&!f&!h: positive
b&!c&!f&h: negative
b&!c&f&!y: negative
b&!c&f&y: positive
b&c&!p&!k: positive
b&c&!p&k: negative
b&c&p&!z: positive
b&c&p&z: negative
DecisionTree learned:
!b&!r&!f&!k: positive
!b&!r&!f&k: conflict
!b&!r&f&!d: neutral
!b&!r&f&d: positive
!b&r&!d&!x: positive
!b&r&!d&x: neutral
!b&r&d&!m: negative
!b&r&d&m: positive
b&!c&!h&!f: positive
b&!c&!h&f: positive
b&!c&h&!f: negative
b&!c&h&f: positive
b&c&!p&!k: positive
b&c&!p&k: negative
b&c&p&!z: positive
b&c&p&z: negative
DecisionTree learned:
!b&!x&!r&!u: negative
!b&!x&!r&u: positive
!b&!x&r&!q: positive
!b&!x&r&q: positive
!b&x&!d&!f: conflict
!b&x&!d&f: neutral
!b&x&d&!z: neutral
!b&x&d&z: positive
b&!y&!g&!j: negative
b&!y&!g&j: neutral
b&!y&g&!l: conflict
b&!y&g&l: negative
b&y&!q&!d: negative
b&y&!q&d: negative
b&y&q&!w: positive
b&y&q&w: negative
DecisionTree learned:
!b&!f&!q&!u: positive
!b&!f&!q&u: negative
!b&!f&q&!n: negative
!b&!f&q&n: positive
!b&f&!w&!g: negative
!b&f&!w&g: positive
!b&f&w&!n: positive
!b&f&w&n: neutral
b&!c&!f&!h: positive
b&!c&!f&h: negative
b&!c&f&!y: negative
b&!c&f&y: positive
b&c&!p&!k: positive
b&c&!p&k: negative
b&c&p&!g: neutral
b&c&p&g: negative
DecisionTree learned:
!b&!r&!f&!l: negative
!b&!r&!f&l: positive
!b&!r&f&!v: neutral
!b&!r&f&v: positive
!b&r&!x&!q: positive
!b&r&!x&q: positive
!b&r&x&!d: conflict
!b&r&x&d: neutral
b&!c&!f&!h: positive
b&!c&!f&h: negative
b&!c&f&!y: negative
b&!c&f&y: positive
b&c&!k&!p: positive
b&c&!k&p: positive
b&c&k&!h: negative
b&c&k&h: neutral
DecisionTree learned:
!b&!d&!x&!l: positive
!b&!d&!x&l: positive
!b&!d&x&!f: conflict
!b&!d&x&f: positive
!b&d&!r&!o: neutral
!b&d&!r&o: positive
!b&d&r&!m: negative
!b&d&r&m: neutral
b&!d&!x&!g: positive
b&!d&!x&g: negative
b&!d&x&!u: positive
b&!d&x&u: conflict
b&d&!g&!p: neutral
b&d&!g&p: negative
b&d&g&!c: negative
b&d&g&c: positive
DecisionTree learned:
!b&!f&!k&!x: positive
!b&!f&!k&x: positive
!b&!f&k&!r: conflict
!b&!f&k&r: neutral
!b&f&!a: negative
!b&f&a&!k: neutral
!b&f&a&k: negative
b&!u&!m&!f: positive
b&!u&!m&f: positive
b&!u&m&!v: negative
b&!u&m&v: positive
b&u&!f&!v: neutral
b&u&!f&v: negative
b&u&f&!m: negative
b&u&f&m: positive
DecisionTree learned:
!b&!r&!f&!g: positive
!b&!r&!f&g: conflict
!b&!r&f&!w: positive
!b&!r&f&w: neutral
!b&r&!u&!l: negative
!b&r&!u&l: positive
!b&r&u&!d: positive
!b&r&u&d: positive
b&!u&!w&!y: positive
b&!u&!w&y: neutral
b&!u&w&!n: neutral
b&!u&w&n: positive
b&u&!f&!v: negative
b&u&!f&v: negative
b&u&f&!m: negative
b&u&f&m: positive
DecisionTree learned:
!b&!r&!f&!l: negative
!b&!r&!f&l: positive
!b&!r&f&!y: positive
!b&!r&f&y: neutral
!b&r&!x&!q: negative
!b&r&!x&q: positive
!b&r&x&!k: neutral
!b&r&x&k: positive
b&!d&!x&!g: positive
b&!d&!x&g: negative
b&!d&x&!y: negative
b&!d&x&y: conflict
b&d&!c&!i: conflict
b&d&!c&i: negative
b&d&c&!g: negative
b&d&c&g: positive
DecisionTree learned:
!b&!r&!f&!u: negative
!b&!r&!f&u: conflict
!b&!r&f&!y: positive
!b&!r&f&y: neutral
!b&r&!x&!q: negative
!b&r&!x&q: negative
!b&r&x&!w: positive
!b&r&x&w: neutral
b&!c&!f&!h: positive
b&!c&!f&h: negative
b&!c&f&!y: negative
b&!c&f&y: positive
b&c&!u&!k: positive
b&c&!u&k: negative
b&c&u&!p: positive
b&c&u&p: negative
DecisionTree learned:
!b&!r&!f&!y: negative
!b&!r&!f&y: conflict
!b&!r&f&!y: positive
!b&!r&f&y: neutral
!b&r&!d&!f: positive
!b&r&!d&f: neutral
!b&r&d&!t: neutral
!b&r&d&t: positive
b&!g&!p&!m: neutral
b&!g&!p&m: conflict
b&!g&p&!v: neutral
b&!g&p&v: negative
b&g&!d&!w: positive
b&g&!d&w: conflict
b&g&d&!k: positive
b&g&d&k: negative
DecisionTree learned:
!b&!f&!g&!c: negative
!b&!f&!g&c: neutral
!b&!f&g&!d: negative
!b&!f&g&d: negative
!b&f&!w&!q: positive
!b&f&!w&q: negative
!b&f&w&!n: positive
!b&f&w&n: neutral
b&!c&!f&!h: positive
b&!c&!f&h: negative
b&!c&f&!m: positive
b&!c&f&m: negative
b&c&!p&!k: conflict
b&c&!p&k: negative
b&c&p&!g: negative
b&c&p&g: positive
DecisionTree learned:
!b&!f&!g&!c: negative
!b&!f&!g&c: neutral
!b&!f&g&!m: positive
!b&!f&g&m: negative
!b&f&!w&!g: negative
!b&f&!w&g: positive
!b&f&w&!h: positive
!b&f&w&h: neutral
b&!o&!q&!m: positive
b&!o&!q&m: negative
b&!o&q: conflict
b&o&!d&!m: positive
b&o&!d&m: negative
b&o&d&!c: negative
b&o&d&c: positive
DecisionTree learned:
!b&!f&!d&!x: positive
!b&!f&!d&x: conflict
!b&!f&d&!r: positive
!b&!f&d&r: negative
!b&f&!w&!h: neutral
!b&f&!w&h: positive
!b&f&w&!o: neutral
!b&f&w&o: neutral
b&!c&!f&!h: positive
b&!c&!f&h: negative
b&!c&f&!y: negative
b&!c&f&y: positive
b&c&!u&!m: positive
b&c&!u&m: positive
b&c&u&!p: positive
b&c&u&p: negative
DecisionTree learned:
!b&!w&!q&!v: positive
!b&!w&!q&v: negative
!b&!w&q&!h: positive
!b&!w&q&h: negative
!b&w&!f&!j: positive
!b&w&!f&j: neutral
!b&w&f&!k: neutral
!b&w&f&k: negative
b&!d&!x&!w: negative
b&!d&!x&w: positive
b&!d&x&!y: negative
b&!d&x&y: conflict
b&d&!c&!i: conflict
b&d&!c&i: negative
b&d&c&!q: negative
b&d&c&q: positive
DecisionTree learned:
!b&!f&!d&!x: negative
!b&!f&!d&x: conflict
!b&!f&d&!r: positive
!b&!f&d&r: negative
!b&f&!a: negative
!b&f&a&!w: positive
!b&f&a&w: neutral
b&!c&!v&!h: positive
b&!c&!v&h: negative
b&!c&v&!y: negative
b&!c&v&y: positive
b&c&!o&!y: positive
b&c&!o&y: conflict
b&c&o&!q: positive
b&c&o&q: positive
DecisionTree learned:
!b&!r&!f&!l: negative
!b&!r&!f&l: positive
!b&!r&f&!v: neutral
!b&!r&f&v: positive
!b&r&!d&!f: positive
!b&r&!d&f: neutral
!b&r&d&!z: negative
!b&r&d&z: positive
b&!u&!w&!n: positive
b&!u&!w&n: neutral
b&!u&w&!n: neutral
b&!u&w&n: negative
b&u&!f&!z: negative
b&u&!f&z: conflict
b&u&f&!m: negative
b&u&f&m: positive
DecisionTree learned:
!b&!r&!f&!k: positive
!b&!r&!f&k: conflict
!b&!r&f&!y: positive
!b&!r&f&y: neutral
!b&r&!x&!t: neutral
!b&r&!x&t: positive
!b&r&x&!w: positive
!b&r&x&w: neutral
b&!d&!w&!h: conflict
b&!d&!w&h: negative
b&!d&w&!m: negative
b&!d&w&m: conflict
b&d&!c&!i: positive
b&d&!c&i: negative
b&d&c&!u: positive
b&d&c&u: negative
DecisionTree learned:
!b&!r&!f&!k: positive
!b&!r&!f&k: conflict
!b&!r&f&!w: positive
!b&!r&f&w: neutral
!b&r&!x&!q: positive
!b&r&!x&q: positive
!b&r&x&!d: negative
!b&r&x&d: neutral
b&!c&!f&!h: positive
b&!c&!f&h: negative
b&!c&f&!y: negative
b&!c&f&y: positive
b&c&!p&!k: conflict
b&c&!p&k: negative
b&c&p&!z: positive
b&c&p&z: neutral
DecisionTree learned:
!b&!f&!d&!x: negative
!b&!f&!d&x: conflict
!b&!f&d&!k: negative
!b&!f&d&k: neutral
!b&f&!k&!g: negative
!b&f&!k&g: positive
!b&f&k&!y: negative
!b&f&k&y: positive
b&!u&!w&!y: positive
b&!u&!w&y: neutral
b&!u&w&!n: neutral
b&!u&w&n: positive
b&u&!c&!f: negative
b&u&!c&f: positive
b&u&c&!p: positive
b&u&c&p: negative
DecisionTree learned:
!b&!f&!d&!x: positive
!b&!f&!d&x: conflict
!b&!f&d&!r: positive
!b&!f&d&r: negative
!b&f&!g&!l: neutral
!b&f&!g&l: negative
!b&f&g&!l: positive
!b&f&g&l: neutral
b&!y&!g&!z: negative
b&!y&!g&z: conflict
b&!y&g&!p: conflict
b&!y&g&p: positive
b&y&!q&!d: positive
b&y&!q&d: neutral
b&y&q&!w: positive
b&y&q&w: negative
DecisionTree learned:
!b&!r&!f&!g: positive
!b&!r&!f&g: conflict
!b&!r&f&!h: positive
!b&!r&f&h: neutral
!b&r&!x&!i: positive
!b&r&!x&i: negative
!b&r&x&!d: negative
!b&r&x&d: positive
b&!c&!f&!x: negative
b&!c&!f&x: conflict
b&!c&f&!y: negative
b&!c&f&y: positive
b&c&!i: negative
b&c&i&!d: positive
b&c&i&d: positive
DecisionTree learned:
!b&!x&!r&!w: positive
!b&!x&!r&w: conflict
!b&!x&r&!q: positive
!b&!x&r&q: positive
!b&x&!d&!l: neutral
!b&x&!d&l: conflict
!b&x&d&!y: negative
!b&x&d&y: neutral
b&!c&!f&!h: positive
b&!c&!f&h: negative
b&!c&f&!y: negative
b&!c&f&y: positive
b&c&!p&!k: positive
b&c&!p&k: negative
b&c&p&!g: negative
b&c&p&g: positive
DecisionTree learned:
!b&!r&!f&!k: positive
!b&!r&!f&k: conflict
!b&!r&f&!y: positive
!b&!r&f&y: neutral
!b&r&!d&!x: positive
!b&r&!d&x: neutral
!b&r&d&!h: positive
!b&r&d&h: negative
b&!w&!q&!j: positive
b&!w&!q&j: conflict
b&!w&q&!g: conflict
b&!w&q&g: positive
b&w&!d&!m: negative
b&w&!d&m: conflict
b&w&d&!c: negative
b&w&d&c: negative
DecisionTree learned:
!b&!u&!w&!k: positive
!b&!u&!w&k: positive
!b&!u&w&!h: positive
!b&!u&w&h: negative
!b&u&!q&!f: negative
!b&u&!q&f: positive
!b&u&q&!x: positive
!b&u&q&x: neutral
b&!c&!f&!x: negative
b&!c&!f&x: conflict
b&!c&f&!y: negative
b&!c&f&y: positive
b&c&!x&!f: negative
b&c&!x&f: positive
b&c&x&!g: neutral
b&c&x&g: negative
DecisionTree learned:
!b&!f&!g&!j: neutral
!b&!f&!g&j: neutral
!b&!f&g&!k: negative
!b&!f&g&k: neutral
!b&f&!k&!g: negative
!b&f&!k&g: positive
!b&f&k&!y: negative
!b&f&k&y: positive
b&!q&!n&!c: neutral
b&!q&!n&c: positive
b&!q&n&!d: negative
b&!q&n&d: negative
b&q&!w&!g: conflict
b&q&!w&g: positive
b&q&w&!j: positive
b&q&w&j: negative
DecisionTree learned:
!b&!u&!y&!w: positive
!b&!u&!y&w: negative
!b&!u&y&!l: negative
!b&!u&y&l: positive
!b&u&!r&!f: positive
!b&u&!r&f: positive
!b&u&r&!x: positive
!b&u&r&x: neutral
b&!c&!f&!h: positive
b&!c&!f&h: negative
b&!c&f&!i: positive
b&!c&f&i: positive
b&c&!p&!k: conflict
b&c&!p&k: negative
b&c&p&!g: neutral
b&c&p&g: positive
DecisionTree learned:
!b&!r&!f&!k: positive
!b&!r&!f&k: conflict
!b&!r&f&!y: positive
!b&!r&f&y: neutral
!b&r&!d&!x: positive
!b&r&!d&x: neutral
!b&r&d&!y: negative
!b&r&d&y: positive
b&!c&!f&!p: neutral
b&!c&!f&p: negative
b&!c&f&!y: negative
b&!c&f&y: positive
b&c&!p&!v: positive
b&c&!p&v: neutral
b&c&p&!z: positive
b&c&p&z: negative
DecisionTree learned:
!b&!r&!f&!y: negative
!b&!r&!f&y: positive
!b&!r&f&!s: positive
!b&!r&f&s: neutral
!b&r&!d&!x: positive
!b&r&!d&x: neutral
!b&r&d&!u: negative
!b&r&d&u: negative
b&!u&!f&!k: negative
b&!u&!f&k: negative
b&!u&f&!k: positive
b&!u&f&k: negative
b&u&!y&!g: neutral
b&u&!y&g: positive
b&u&y&!c: positive
b&u&y&c: positive
DecisionTree learned:
!b&!r&!l&!y: negative
!b&!r&!l&y: neutral
!b&!r&l&!k: positive
!b&!r&l&k: positive
!b&r&!x&!q: negative
!b&r&!x&q: negative
!b&r&x&!d: conflict
!b&r&x&d: neutral
b&!y&!g&!z: negative
b&!y&!g&z: conflict
b&!y&g&!p: conflict
b&!y&g&p: positive
b&y&!c&!z: positive
b&y&!c&z: positive
b&y&c&!z: positive
b&y&c&z: negative
DecisionTree learned:
!b&!q&!u&!y: negative
!b&!q&!u&y: positive
!b&!q&u&!r: positive
!b&!q&u&r: neutral
!b&q&!x&!f: positive
!b&q&!x&f: negative
!b&q&x&!y: positive
!b&q&x&y: neutral
b&!u&!k&!f: negative
b&!u&!k&f: positive
b&!u&k&!y: negative
b&!u&k&y: positive
b&u&!f&!v: neutral
b&u&!f&v: negative
b&u&f&!m: negative
b&u&f&m: positive
DecisionTree learned:
!b&!r&!f&!k: positive
!b&!r&!f&k: conflict
!b&!r&f&!s: positive
!b&!r&f&s: neutral
!b&r&!x&!q: positive
!b&r&!x&q: positive
!b&r&x&!d: neutral
!b&r&x&d: positive
b&!c&!f&!h: positive
b&!c&!f&h: negative
b&!c&f&!y: negative
b&!c&f&y: positive
b&c&!d&!p: positive
b&c&!d&p: positive
b&c&d&!p: neutral
b&c&d&p: positive
DecisionTree learned:
!b&!r&!f&!p: negative
!b&!r&!f&p: conflict
!b&!r&f&!v: neutral
!b&!r&f&v: positive
!b&r&!d&!f: positive
!b&r&!d&f: neutral
!b&r&d&!q: negative
!b&r&d&q: positive
b&!c&!v&!g: neutral
b&!c&!v&g: negative
b&!c&v&!y: negative
b&!c&v&y: positive
b&c&!k&!p: positive
b&c&!k&p: positive
b&c&k&!h: negative
b&c&k&h: neutral
DecisionTree learned:
!b&!r&!f&!y: negative
!b&!r&!f&y: conflict
!b&!r&f&!y: positive
!b&!r&f&y: neutral
!b&r&!x&!q: positive
!b&r&!x&q: positive
!b&r&x&!w: positive
!b&r&x&w: neutral
b&!d&!m&!g: positive
b&!d&!m&g: negative
b&!d&m&!w: negative
b&!d&m&w: conflict
b&d&!g&!f: neutral
b&d&!g&f: negative
b&d&g&!i: conflict
b&d&g&i: positive
DecisionTree learned:
!b&!r&!f&!l: negative
!b&!r&!f&l: positive
!b&!r&f&!y: positive
!b&!r&f&y: neutral
!b&r&!x&!q: negative
!b&r&!x&q: positive
!b&r&x&!d: conflict
!b&r&x&d: positive
b&!c&!f&!i: conflict
b&!c&!f&i: negative
b&!c&f&!y: negative
b&!c&f&y: positive
b&c&!k&!p: conflict
b&c&!k&p: positive
b&c&k&!z: negative
b&c&k&z: neutral
DecisionTree learned:
!b&!r&!f&!k: positive
!b&!r&!f&k: conflict
!b&!r&f&!s: positive
!b&!r&f&s: neutral
!b&r&!d&!f: positive
!b&r&!d&f: neutral
!b&r&d&!t: neutral
!b&r&d&t: negative
b&!c&!i&!f: conflict
b&!c&!i&f: positive
b&!c&i&!z: negative
b&!c&i&z: positive
b&c&!f&!m: positive
b&c&!f&m: negative
b&c&f&!g: neutral
b&c&f&g: positive
DecisionTree learned:
!b&!w&!q&!u: positive
!b&!w&!q&u: positive
!b&!w&q&!f: positive
!b&!w&q&f: negative
!b&w&!r&!f: positive
!b&w&!r&f: neutral
!b&w&r&!d: positive
!b&w&r&d: neutral
b&!g&!p&!m: positive
b&!g&!p&m: conflict
b&!g&p&!x: negative
b&!g&p&x: neutral
b&g&!k&!j: positive
b&g&!k&j: neutral
b&g&k&!v: negative
b&g&k&v: negative
DecisionTree learned:
!b&!r&!f&!k: positive
!b&!r&!f&k: conflict
!b&!r&f&!y: positive
!b&!r&f&y: neutral
!b&r&!x&!q: negative
!b&r&!x&q: positive
!b&r&x&!d: conflict
!b&r&x&d: positive
b&!c&!f&!h: positive
b&!c&!f&h: negative
b&!c&f&!y: negative
b&!c&f&y: positive
b&c&!p&!k: conflict
b&c&!p&k: negative
b&c&p&!g: neutral
b&c&p&g: negative
DecisionTree learned:
!b&!r&!f&!k: positive
!b&!r&!f&k: conflict
!b&!r&f&!l: neutral
!b&!r&f&l: positive
!b&r&!d&!f: positive
!b&r&!d&f: neutral
!b&r&d&!m: negative
!b&r&d&m: neutral
b&!c&!f&!h: positive
b&!c&!f&h: neutral
b&!c&f&!y: negative
b&!c&f&y: positive
b&c&!p&!k: neutral
b&c&!p&k: negative
b&c&p&!z: positive
b&c&p&z: negative
DecisionTree learned:
!b&!r&!f&!k: positive
!b&!r&!f&k: conflict
!b&!r&f&!m: positive
!b&!r&f&m: neutral
!b&r&!x&!q: negative
!b&r&!x&q: negative
!b&r&x&!d: conflict
!b&r&x&d: neutral
b&!c&!f&!h: positive
b&!c&!f&h: negative
b&!c&f&!y: negative
b&!c&f&y: positive
b&c&!q&!u: positive
b&c&!q&u: negative
b&c&q&!w: positive
b&c&q&w: positive
DecisionTree learned:
!b&!r&!f&!k: positive
!b&!r&!f&k: conflict
!b&!r&f&!y: positive
!b&!r&f&y: neutral
!b&r&!a&!f: positive
!b&r&!a&f: negative
!b&r&a&!q: positive
!b&r&a&q: positive
b&!u&!k&!f: negative
b&!u&!k&f: positive
b&!u&k&!w: neutral
b&!u&k&w: negative
b&u&!f&!v: neutral
b&u&!f&v: negative
b&u&f&!m: negative
b&u&f&m: positive
Trial 0 Training cc.mallet.classify.AdaBoostM2Trainer@100c62c8 finished
Trial 0 Trainer cc.mallet.classify.AdaBoostM2Trainer@100c62c8 test data accuracy = 0.40162271805273836

NaiveBayesTrainer
Summary. test accuracy mean = 0.4746450304259635 stddev = 0.0 stderr = 0.0

MaxEntTrainer,gaussianPriorVariance=1.0
Summary. test accuracy mean = 0.5314401622718052 stddev = 0.0 stderr = 0.0

cc.mallet.classify.DecisionTreeTrainer@b6e39f
Summary. test accuracy mean = 0.4077079107505071 stddev = 0.0 stderr = 0.0

cc.mallet.classify.AdaBoostM2Trainer@100c62c8
Summary. test accuracy mean = 0.40162271805273836 stddev = 0.0 stderr = 0.0
