
-------------------- Trial 0  --------------------

Trial 0 Training NaiveBayesTrainer with 1865 instances
Trial 0 Training NaiveBayesTrainer finished
Trial 0 Trainer NaiveBayesTrainer test data accuracy = 0.46247464503042596
Trial 0 Training MaxEntTrainer,gaussianPriorVariance=1.0 with 1865 instances
Trial 0 Training MaxEntTrainer,gaussianPriorVariance=1.0 finished
Trial 0 Trainer MaxEntTrainer,gaussianPriorVariance=1.0 test data accuracy = 0.513184584178499
Trial 0 Training cc.mallet.classify.DecisionTreeTrainer@25fa1bb6 with 1865 instances
DecisionTree learned:
!b&!w&!g&!n: positive
!b&!w&!g&n: positive
!b&!w&g&!p: positive
!b&!w&g&p: positive
!b&w&!h&!v: positive
!b&w&!h&v: positive
!b&w&h&!r: positive
!b&w&h&r: positive
b&!u&!i: negative
b&!u&i&!m: positive
b&!u&i&m: positive
b&u&!f&!y: negative
b&u&!f&y: negative
b&u&f&!m: negative
b&u&f&m: positive
Trial 0 Training cc.mallet.classify.DecisionTreeTrainer@25fa1bb6 finished
Trial 0 Trainer cc.mallet.classify.DecisionTreeTrainer@25fa1bb6 test data accuracy = 0.4077079107505071
Trial 0 Training cc.mallet.classify.AdaBoostM2Trainer@4e17e4ca with 1865 instances
DecisionTree learned:
!b&!w&!h&!u: positive
!b&!w&!h&u: positive
!b&!w&h&!p: positive
!b&!w&h&p: positive
!b&w&!h&!v: positive
!b&w&!h&v: positive
!b&w&h&!d: positive
!b&w&h&d: positive
b&!f&!u&!i: negative
b&!f&!u&i: positive
b&!f&u&!y: negative
b&!f&u&y: negative
b&f&!u&!k: positive
b&f&!u&k: positive
b&f&u&!m: negative
b&f&u&m: positive
DecisionTree learned:
!b&!w&!p&!y: negative
!b&!w&!p&y: positive
!b&!w&p&!h: positive
!b&!w&p&h: positive
!b&w&!r&!f: positive
!b&w&!r&f: positive
!b&w&r&!h: positive
!b&w&r&h: positive
b&!f&!x&!q: negative
b&!f&!x&q: positive
b&!f&x&!g: neutral
b&!f&x&g: positive
b&f&!k&!u: positive
b&f&!k&u: positive
b&f&k&!h: positive
b&f&k&h: negative
DecisionTree learned:
!b&!w&!g&!n: neutral
!b&!w&!g&n: negative
!b&!w&g&!f: positive
!b&!w&g&f: positive
!b&w&!r&!f: positive
!b&w&!r&f: positive
!b&w&r&!h: positive
!b&w&r&h: positive
b&!u&!i: negative
b&!u&i&!m: positive
b&!u&i&m: positive
b&u&!f&!v: negative
b&u&!f&v: negative
b&u&f&!m: negative
b&u&f&m: positive
DecisionTree learned:
!b&!w&!h&!l: positive
!b&!w&!h&l: positive
!b&!w&h&!g: positive
!b&!w&h&g: positive
!b&w&!f&!y: negative
!b&w&!f&y: positive
!b&w&f&!h: positive
!b&w&f&h: positive
b&!u&!i: negative
b&!u&i&!m: positive
b&!u&i&m: positive
b&u&!f&!q: negative
b&u&!f&q: positive
b&u&f&!m: negative
b&u&f&m: positive
DecisionTree learned:
!b&!w&!q&!p: negative
!b&!w&!q&p: positive
!b&!w&q&!g: negative
!b&!w&q&g: positive
!b&w&!h&!v: positive
!b&w&!h&v: positive
!b&w&h&!r: positive
!b&w&h&r: positive
b&!f&!q&!x: negative
b&!f&!q&x: neutral
b&!f&q&!p: conflict
b&!f&q&p: positive
b&f&!u&!k: positive
b&f&!u&k: positive
b&f&u&!m: negative
b&f&u&m: positive
DecisionTree learned:
!b&!w&!v&!y: positive
!b&!w&!v&y: positive
!b&!w&v&!g: negative
!b&!w&v&g: positive
!b&w&!h&!v: positive
!b&w&!h&v: positive
!b&w&h&!r: positive
!b&w&h&r: positive
b&!h&!c&!f: positive
b&!h&!c&f: positive
b&!h&c&!p: negative
b&!h&c&p: positive
b&h&!f&!g: negative
b&h&!f&g: negative
b&h&f&!k: positive
b&h&f&k: negative
DecisionTree learned:
!b&!w&!v&!y: positive
!b&!w&!v&y: positive
!b&!w&v&!u: positive
!b&!w&v&u: positive
!b&w&!f&!y: negative
!b&w&!f&y: positive
!b&w&f&!x: positive
!b&w&f&x: neutral
b&!u&!i: negative
b&!u&i&!v: negative
b&!u&i&v: positive
b&u&!f&!y: negative
b&u&!f&y: negative
b&u&f&!c: positive
b&u&f&c: positive
DecisionTree learned:
!b&!w&!h&!l: positive
!b&!w&!h&l: positive
!b&!w&h&!p: negative
!b&!w&h&p: positive
!b&w&!f&!y: negative
!b&w&!f&y: positive
!b&w&f&!k: positive
!b&w&f&k: positive
b&!h&!k&!c: positive
b&!h&!k&c: positive
b&!h&k&!z: negative
b&!h&k&z: positive
b&h&!y&!g: negative
b&h&!y&g: negative
b&h&y&!m: negative
b&h&y&m: negative
DecisionTree learned:
!b&!r&!f&!l: negative
!b&!r&!f&l: positive
!b&!r&f&!y: positive
!b&!r&f&y: neutral
!b&r&!w&!h: positive
!b&r&!w&h: positive
!b&r&w&!h: positive
!b&r&w&h: positive
b&!y&!g&!j: negative
b&!y&!g&j: neutral
b&!y&g&!p: negative
b&!y&g&p: positive
b&y&!h&!g: positive
b&y&!h&g: positive
b&y&h&!q: positive
b&y&h&q: positive
DecisionTree learned:
!b&!w&!h&!l: positive
!b&!w&!h&l: positive
!b&!w&h&!v: positive
!b&!w&h&v: negative
!b&w&!r&!f: positive
!b&w&!r&f: neutral
!b&w&r&!d: positive
!b&w&r&d: positive
b&!o&!m&!i: negative
b&!o&!m&i: positive
b&!o&m&!v: negative
b&!o&m&v: conflict
b&o&!f&!k: negative
b&o&!f&k: positive
b&o&f&!c: positive
b&o&f&c: positive
DecisionTree learned:
!b&!r&!f&!k: positive
!b&!r&!f&k: positive
!b&!r&f&!y: positive
!b&!r&f&y: neutral
!b&r&!d&!f: positive
!b&r&!d&f: positive
!b&r&d&!h: positive
!b&r&d&h: negative
b&!u&!v&!h: positive
b&!u&!v&h: negative
b&!u&v&!y: positive
b&!u&v&y: positive
b&u&!m&!j: negative
b&u&!m&j: negative
b&u&m&!y: negative
b&u&m&y: positive
DecisionTree learned:
!b&!w&!h&!u: positive
!b&!w&!h&u: positive
!b&!w&h&!g: negative
!b&!w&h&g: positive
!b&w&!r&!d: neutral
!b&w&!r&d: positive
!b&w&r&!x: positive
!b&w&r&x: neutral
b&!u&!v&!w: positive
b&!u&!v&w: negative
b&!u&v&!x: positive
b&!u&v&x: neutral
b&u&!f&!g: negative
b&u&!f&g: negative
b&u&f&!m: negative
b&u&f&m: positive
DecisionTree learned:
!b&!x&!q&!u: positive
!b&!x&!q&u: positive
!b&!x&q&!f: positive
!b&!x&q&f: positive
!b&x&!d&!v: negative
!b&x&!d&v: conflict
!b&x&d&!y: negative
!b&x&d&y: neutral
b&!o&!m&!i: negative
b&!o&!m&i: positive
b&!o&m&!v: negative
b&!o&m&v: conflict
b&o&!f&!g: negative
b&o&!f&g: negative
b&o&f&!w: positive
b&o&f&w: negative
DecisionTree learned:
!b&!r&!f&!k: positive
!b&!r&!f&k: conflict
!b&!r&f&!y: positive
!b&!r&f&y: neutral
!b&r&!x&!q: positive
!b&r&!x&q: positive
!b&r&x&!d: conflict
!b&r&x&d: neutral
b&!y&!g&!j: negative
b&!y&!g&j: neutral
b&!y&g&!p: negative
b&!y&g&p: positive
b&y&!m&!v: positive
b&y&!m&v: negative
b&y&m&!d: positive
b&y&m&d: positive
DecisionTree learned:
!b&!u&!y&!v: positive
!b&!u&!y&v: negative
!b&!u&y&!v: positive
!b&!u&y&v: positive
!b&u&!r&!f: positive
!b&u&!r&f: positive
!b&u&r&!d: positive
!b&u&r&d: positive
b&!y&!g&!z: negative
b&!y&!g&z: conflict
b&!y&g&!p: negative
b&!y&g&p: positive
b&y&!m&!z: positive
b&y&!m&z: neutral
b&y&m&!q: positive
b&y&m&q: positive
DecisionTree learned:
!b&!r&!f&!k: positive
!b&!r&!f&k: positive
!b&!r&f&!v: neutral
!b&!r&f&v: positive
!b&r&!w&!t: neutral
!b&r&!w&t: positive
!b&r&w&!d: positive
!b&r&w&d: negative
b&!f&!g&!x: negative
b&!f&!g&x: neutral
b&!f&g&!i: conflict
b&!f&g&i: negative
b&f&!c&!y: negative
b&f&!c&y: positive
b&f&c&!h: positive
b&f&c&h: positive
DecisionTree learned:
!b&!r&!f&!k: positive
!b&!r&!f&k: conflict
!b&!r&f&!v: neutral
!b&!r&f&v: positive
!b&r&!w&!g: negative
!b&r&!w&g: positive
!b&r&w&!d: positive
!b&r&w&d: negative
b&!o&!m&!i: negative
b&!o&!m&i: positive
b&!o&m&!v: negative
b&!o&m&v: conflict
b&o&!d&!x: positive
b&o&!d&x: conflict
b&o&d&!g: negative
b&o&d&g: positive
DecisionTree learned:
!b&!r&!l&!y: positive
!b&!r&!l&y: neutral
!b&!r&l&!k: positive
!b&!r&l&k: positive
!b&r&!d&!f: positive
!b&r&!d&f: positive
!b&r&d&!u: positive
!b&r&d&u: positive
b&!u&!i: negative
b&!u&i&!w: positive
b&!u&i&w: positive
b&u&!f&!g: neutral
b&u&!f&g: negative
b&u&f&!m: negative
b&u&f&m: positive
DecisionTree learned:
!b&!r&!l&!y: negative
!b&!r&!l&y: neutral
!b&!r&l&!k: positive
!b&!r&l&k: positive
!b&r&!x&!q: positive
!b&r&!x&q: positive
!b&r&x&!w: positive
!b&r&x&w: neutral
b&!u&!w&!y: positive
b&!u&!w&y: positive
b&!u&w&!n: neutral
b&!u&w&n: positive
b&u&!f&!x: negative
b&u&!f&x: neutral
b&u&f&!m: negative
b&u&f&m: positive
DecisionTree learned:
!b&!r&!f&!k: positive
!b&!r&!f&k: conflict
!b&!r&f&!y: positive
!b&!r&f&y: neutral
!b&r&!x&!q: positive
!b&r&!x&q: positive
!b&r&x&!d: neutral
!b&r&x&d: positive
b&!y&!g&!j: negative
b&!y&!g&j: neutral
b&!y&g&!p: negative
b&!y&g&p: positive
b&y&!h&!g: positive
b&y&!h&g: positive
b&y&h&!q: negative
b&y&h&q: positive
DecisionTree learned:
!b&!w&!h&!l: negative
!b&!w&!h&l: positive
!b&!w&h&!f: negative
!b&!w&h&f: positive
!b&w&!f&!y: negative
!b&w&!f&y: positive
!b&w&f&!k: neutral
!b&w&f&k: negative
b&!y&!g&!z: negative
b&!y&!g&z: conflict
b&!y&g&!p: negative
b&!y&g&p: positive
b&y&!q&!d: positive
b&y&!q&d: positive
b&y&q&!w: positive
b&y&q&w: negative
DecisionTree learned:
!b&!w&!h&!l: positive
!b&!w&!h&l: positive
!b&!w&h&!p: negative
!b&!w&h&p: positive
!b&w&!f&!r: positive
!b&w&!f&r: positive
!b&w&f&!h: positive
!b&w&f&h: neutral
b&!u&!w&!n: positive
b&!u&!w&n: positive
b&!u&w&!n: neutral
b&!u&w&n: negative
b&u&!f&!y: negative
b&u&!f&y: positive
b&u&f&!m: negative
b&u&f&m: positive
DecisionTree learned:
!b&!f&!t&!u: positive
!b&!f&!t&u: neutral
!b&!f&t&!h: positive
!b&!f&t&h: negative
!b&f&!w&!g: negative
!b&f&!w&g: positive
!b&f&w&!n: positive
!b&f&w&n: negative
b&!o&!m&!i: negative
b&!o&!m&i: positive
b&!o&m&!v: negative
b&!o&m&v: conflict
b&o&!u&!v: negative
b&o&!u&v: positive
b&o&u&!h: positive
b&o&u&h: negative
DecisionTree learned:
!b&!r&!l&!y: negative
!b&!r&!l&y: neutral
!b&!r&l&!k: positive
!b&!r&l&k: positive
!b&r&!q&!d: positive
!b&r&!q&d: negative
!b&r&q&!x: positive
!b&r&q&x: positive
b&!u&!m&!w: positive
b&!u&!m&w: positive
b&!u&m&!p: negative
b&!u&m&p: positive
b&u&!f&!p: positive
b&u&!f&p: negative
b&u&f&!m: negative
b&u&f&m: positive
DecisionTree learned:
!b&!f&!d&!x: positive
!b&!f&!d&x: conflict
!b&!f&d&!r: positive
!b&!f&d&r: positive
!b&f&!w&!g: negative
!b&f&!w&g: positive
!b&f&w&!h: positive
!b&f&w&h: negative
b&!y&!g&!j: negative
b&!y&!g&j: neutral
b&!y&g&!u: negative
b&!y&g&u: negative
b&y&!q&!m: positive
b&y&!q&m: negative
b&y&q&!w: positive
b&y&q&w: positive
DecisionTree learned:
!b&!r&!f&!d: negative
!b&!r&!f&d: positive
!b&!r&f&!y: positive
!b&!r&f&y: neutral
!b&r&!x&!q: positive
!b&r&!x&q: positive
!b&r&x&!w: positive
!b&r&x&w: neutral
b&!c&!y&!f: negative
b&!c&!y&f: negative
b&!c&y&!n: positive
b&!c&y&n: positive
b&c&!p&!k: positive
b&c&!p&k: negative
b&c&p&!g: neutral
b&c&p&g: positive
DecisionTree learned:
!b&!r&!f&!d: negative
!b&!r&!f&d: positive
!b&!r&f&!v: neutral
!b&!r&f&v: positive
!b&r&!x&!q: positive
!b&r&!x&q: positive
!b&r&x&!w: positive
!b&r&x&w: neutral
b&!u&!i: negative
b&!u&i&!v: positive
b&!u&i&v: positive
b&u&!f&!v: negative
b&u&!f&v: negative
b&u&f&!m: negative
b&u&f&m: positive
DecisionTree learned:
!b&!r&!f&!d: negative
!b&!r&!f&d: positive
!b&!r&f&!v: neutral
!b&!r&f&v: positive
!b&r&!d&!x: positive
!b&r&!d&x: neutral
!b&r&d&!w: positive
!b&r&d&w: negative
b&!u&!v&!h: positive
b&!u&!v&h: negative
b&!u&v&!x: positive
b&!u&v&x: negative
b&u&!h&!g: conflict
b&u&!h&g: positive
b&u&h&!g: neutral
b&u&h&g: negative
DecisionTree learned:
!b&!f&!g&!j: positive
!b&!f&!g&j: neutral
!b&!f&g&!m: positive
!b&!f&g&m: negative
!b&f&!k&!y: positive
!b&f&!k&y: neutral
!b&f&k&!y: negative
!b&f&k&y: positive
b&!y&!g&!z: negative
b&!y&!g&z: conflict
b&!y&g&!c: negative
b&!y&g&c: positive
b&y&!h&!g: conflict
b&y&!h&g: positive
b&y&h&!q: positive
b&y&h&q: positive
DecisionTree learned:
!b&!w&!v&!k: positive
!b&!w&!v&k: positive
!b&!w&v&!u: positive
!b&!w&v&u: positive
!b&w&!r&!f: positive
!b&w&!r&f: neutral
!b&w&r&!d: positive
!b&w&r&d: negative
b&!u&!v&!w: positive
b&!u&!v&w: negative
b&!u&v&!m: positive
b&!u&v&m: positive
b&u&!f&!v: neutral
b&u&!f&v: negative
b&u&f&!m: negative
b&u&f&m: positive
DecisionTree learned:
!b&!r&!f&!l: negative
!b&!r&!f&l: positive
!b&!r&f&!y: positive
!b&!r&f&y: neutral
!b&r&!x&!q: negative
!b&r&!x&q: negative
!b&r&x&!w: positive
!b&r&x&w: neutral
b&!f&!u&!k: negative
b&!f&!u&k: positive
b&!f&u&!v: negative
b&!f&u&v: negative
b&f&!c&!y: negative
b&f&!c&y: positive
b&f&c&!g: negative
b&f&c&g: positive
DecisionTree learned:
!b&!w&!v&!k: positive
!b&!w&!v&k: positive
!b&!w&v&!u: positive
!b&!w&v&u: negative
!b&w&!r&!f: positive
!b&w&!r&f: positive
!b&w&r&!h: positive
!b&w&r&h: negative
b&!o&!m&!i: negative
b&!o&!m&i: positive
b&!o&m&!v: negative
b&!o&m&v: conflict
b&o&!d&!g: neutral
b&o&!d&g: negative
b&o&d&!y: negative
b&o&d&y: negative
DecisionTree learned:
!b&!f&!u&!y: negative
!b&!f&!u&y: positive
!b&!f&u&!r: conflict
!b&!f&u&r: negative
!b&f&!w&!h: neutral
!b&f&!w&h: positive
!b&f&w&!h: positive
!b&f&w&h: positive
b&!c&!f&!h: positive
b&!c&!f&h: negative
b&!c&f&!y: negative
b&!c&f&y: positive
b&c&!p&!k: positive
b&c&!p&k: negative
b&c&p&!g: negative
b&c&p&g: negative
DecisionTree learned:
!b&!r&!l&!y: positive
!b&!r&!l&y: neutral
!b&!r&l&!g: positive
!b&!r&l&g: positive
!b&r&!d&!x: positive
!b&r&!d&x: conflict
!b&r&d&!q: negative
!b&r&d&q: positive
b&!u&!w&!n: positive
b&!u&!w&n: positive
b&!u&w&!n: neutral
b&!u&w&n: negative
b&u&!d&!x: positive
b&u&!d&x: conflict
b&u&d&!o: conflict
b&u&d&o: negative
DecisionTree learned:
!b&!r&!f&!k: positive
!b&!r&!f&k: conflict
!b&!r&f&!h: positive
!b&!r&f&h: neutral
!b&r&!d&!x: positive
!b&r&!d&x: neutral
!b&r&d&!q: negative
!b&r&d&q: positive
b&!o&!m&!i: negative
b&!o&!m&i: positive
b&!o&m&!v: negative
b&!o&m&v: conflict
b&o&!d&!x: positive
b&o&!d&x: conflict
b&o&d&!q: negative
b&o&d&q: positive
DecisionTree learned:
!b&!f&!d&!x: positive
!b&!f&!d&x: conflict
!b&!f&d&!r: positive
!b&!f&d&r: negative
!b&f&!w&!h: neutral
!b&f&!w&h: positive
!b&f&w&!k: neutral
!b&f&w&k: negative
b&!u&!w&!k: positive
b&!u&!w&k: neutral
b&!u&w&!n: neutral
b&!u&w&n: negative
b&u&!w&!q: positive
b&u&!w&q: positive
b&u&w&!d: positive
b&u&w&d: negative
DecisionTree learned:
!b&!w&!h&!p: positive
!b&!w&!h&p: neutral
!b&!w&h&!g: negative
!b&!w&h&g: positive
!b&w&!h&!v: positive
!b&w&!h&v: positive
!b&w&h&!r: positive
!b&w&h&r: neutral
b&!y&!g&!z: negative
b&!y&!g&z: conflict
b&!y&g&!p: negative
b&!y&g&p: positive
b&y&!c&!n: positive
b&y&!c&n: positive
b&y&c&!o: conflict
b&y&c&o: positive
DecisionTree learned:
!b&!x&!r&!w: positive
!b&!x&!r&w: positive
!b&!x&r&!q: positive
!b&!x&r&q: positive
!b&x&!d&!v: neutral
!b&x&!d&v: conflict
!b&x&d&!y: negative
!b&x&d&y: neutral
b&!u&!v&!h: positive
b&!u&!v&h: negative
b&!u&v&!x: positive
b&!u&v&x: neutral
b&u&!f&!x: negative
b&u&!f&x: neutral
b&u&f&!m: negative
b&u&f&m: positive
DecisionTree learned:
!b&!r&!f&!d: negative
!b&!r&!f&d: positive
!b&!r&f&!y: positive
!b&!r&f&y: neutral
!b&r&!d&!x: positive
!b&r&!d&x: neutral
!b&r&d&!u: negative
!b&r&d&u: negative
b&!k&!p&!z: neutral
b&!k&!p&z: positive
b&!k&p&!g: negative
b&!k&p&g: positive
b&k&!h&!g: conflict
b&k&!h&g: positive
b&k&h&!u: positive
b&k&h&u: neutral
DecisionTree learned:
!b&!r&!f&!c: positive
!b&!r&!f&c: positive
!b&!r&f&!v: neutral
!b&!r&f&v: positive
!b&r&!d&!f: positive
!b&r&!d&f: positive
!b&r&d&!u: negative
!b&r&d&u: positive
b&!o&!m: positive
b&!o&m&!v: negative
b&!o&m&v: conflict
b&o&!y&!g: negative
b&o&!y&g: positive
b&o&y&!d: positive
b&o&y&d: positive
DecisionTree learned:
!b&!r&!y&!p: negative
!b&!r&!y&p: positive
!b&!r&y&!f: conflict
!b&!r&y&f: neutral
!b&r&!x&!q: negative
!b&r&!x&q: negative
!b&r&x&!w: positive
!b&r&x&w: neutral
b&!d&!x&!g: positive
b&!d&!x&g: negative
b&!d&x&!u: positive
b&!d&x&u: conflict
b&d&!q&!g: neutral
b&d&!q&g: negative
b&d&q&!w: positive
b&d&q&w: negative
DecisionTree learned:
!b&!f&!d&!x: positive
!b&!f&!d&x: conflict
!b&!f&d&!r: conflict
!b&!f&d&r: negative
!b&f&!v&!w: positive
!b&f&!v&w: positive
!b&f&v&!x: negative
!b&f&v&x: neutral
b&!u&!v&!w: positive
b&!u&!v&w: negative
b&!u&v&!m: positive
b&!u&v&m: positive
b&u&!f&!v: negative
b&u&!f&v: positive
b&u&f&!m: negative
b&u&f&m: positive
DecisionTree learned:
!b&!r&!l&!y: negative
!b&!r&!l&y: neutral
!b&!r&l&!g: positive
!b&!r&l&g: conflict
!b&r&!d&!x: positive
!b&r&!d&x: conflict
!b&r&d&!q: negative
!b&r&d&q: positive
b&!d&!x&!g: positive
b&!d&!x&g: positive
b&!d&x&!u: positive
b&!d&x&u: conflict
b&d&!c&!y: negative
b&d&!c&y: positive
b&d&c&!w: positive
b&d&c&w: negative
DecisionTree learned:
!b&!r&!f&!k: positive
!b&!r&!f&k: conflict
!b&!r&f&!v: neutral
!b&!r&f&v: positive
!b&r&!x&!q: positive
!b&r&!x&q: positive
!b&r&x&!d: neutral
!b&r&x&d: positive
b&!u&!w&!n: positive
b&!u&!w&n: neutral
b&!u&w&!n: neutral
b&!u&w&n: negative
b&u&!f&!q: negative
b&u&!f&q: positive
b&u&f&!m: negative
b&u&f&m: positive
DecisionTree learned:
!b&!f&!d&!x: positive
!b&!f&!d&x: conflict
!b&!f&d&!r: positive
!b&!f&d&r: negative
!b&f&!w&!g: negative
!b&f&!w&g: positive
!b&f&w&!k: neutral
!b&f&w&k: negative
b&!u&!w&!y: positive
b&!u&!w&y: neutral
b&!u&w&!n: neutral
b&!u&w&n: negative
b&u&!f&!v: negative
b&u&!f&v: negative
b&u&f&!m: negative
b&u&f&m: positive
DecisionTree learned:
!b&!f&!g&!j: neutral
!b&!f&!g&j: neutral
!b&!f&g&!m: positive
!b&!f&g&m: negative
!b&f&!w&!h: neutral
!b&f&!w&h: negative
!b&f&w&!k: neutral
!b&f&w&k: negative
b&!u&!i: negative
b&!u&i&!k: positive
b&!u&i&k: positive
b&u&!f&!v: negative
b&u&!f&v: negative
b&u&f&!m: negative
b&u&f&m: positive
DecisionTree learned:
!b&!f&!r&!k: positive
!b&!f&!r&k: conflict
!b&!f&r&!d: positive
!b&!f&r&d: negative
!b&f&!w&!h: neutral
!b&f&!w&h: positive
!b&f&w&!o: neutral
!b&f&w&o: positive
b&!u&!v&!w: positive
b&!u&!v&w: negative
b&!u&v&!x: positive
b&!u&v&x: neutral
b&u&!h&!g: conflict
b&u&!h&g: positive
b&u&h&!f: negative
b&u&h&f: negative
DecisionTree learned:
!b&!f&!t&!u: positive
!b&!f&!t&u: neutral
!b&!f&t&!d: positive
!b&!f&t&d: negative
!b&f&!w&!g: negative
!b&f&!w&g: positive
!b&f&w&!k: neutral
!b&f&w&k: negative
b&!o&!m: positive
b&!o&m&!u: negative
b&!o&m&u: conflict
b&o&!c&!f: negative
b&o&!c&f: positive
b&o&c&!k: positive
b&o&c&k: negative
DecisionTree learned:
!b&!r&!f&!u: negative
!b&!r&!f&u: positive
!b&!r&f&!y: positive
!b&!r&f&y: neutral
!b&r&!u&!l: negative
!b&r&!u&l: positive
!b&r&u&!t: neutral
!b&r&u&t: negative
b&!c&!f&!h: positive
b&!c&!f&h: negative
b&!c&f&!y: negative
b&!c&f&y: positive
b&c&!p&!k: positive
b&c&!p&k: negative
b&c&p&!z: negative
b&c&p&z: negative
DecisionTree learned:
!b&!f&!x&!r: positive
!b&!f&!x&r: negative
!b&!f&x&!d: conflict
!b&!f&x&d: positive
!b&f&!g&!k: negative
!b&f&!g&k: positive
!b&f&g&!l: positive
!b&f&g&l: positive
b&!g&!x&!p: neutral
b&!g&!x&p: negative
b&!g&x&!f: neutral
b&!g&x&f: neutral
b&g&!k&!w: positive
b&g&!k&w: negative
b&g&k&!v: negative
b&g&k&v: negative
DecisionTree learned:
!b&!r&!f&!k: positive
!b&!r&!f&k: positive
!b&!r&f&!v: neutral
!b&!r&f&v: positive
!b&r&!x&!q: positive
!b&r&!x&q: positive
!b&r&x&!d: neutral
!b&r&x&d: neutral
b&!u&!w&!y: positive
b&!u&!w&y: positive
b&!u&w&!n: neutral
b&!u&w&n: negative
b&u&!g&!p: neutral
b&u&!g&p: negative
b&u&g&!y: negative
b&u&g&y: negative
DecisionTree learned:
!b&!r&!f&!u: negative
!b&!r&!f&u: positive
!b&!r&f&!v: neutral
!b&!r&f&v: positive
!b&r&!d&!x: positive
!b&r&!d&x: negative
!b&r&d&!m: negative
!b&r&d&m: negative
b&!o&!m&!i: negative
b&!o&!m&i: positive
b&!o&m&!v: negative
b&!o&m&v: conflict
b&o&!g&!h: conflict
b&o&!g&h: neutral
b&o&g&!k: positive
b&o&g&k: negative
DecisionTree learned:
!b&!r&!f&!k: positive
!b&!r&!f&k: conflict
!b&!r&f&!y: positive
!b&!r&f&y: neutral
!b&r&!d&!x: positive
!b&r&!d&x: conflict
!b&r&d&!m: negative
!b&r&d&m: positive
b&!d&!x&!g: positive
b&!d&!x&g: positive
b&!d&x&!u: positive
b&!d&x&u: conflict
b&d&!c&!i: positive
b&d&!c&i: negative
b&d&c&!u: positive
b&d&c&u: negative
DecisionTree learned:
!b&!r&!k&!l: negative
!b&!r&!k&l: positive
!b&!r&k&!f: conflict
!b&!r&k&f: neutral
!b&r&!u&!y: negative
!b&r&!u&y: negative
!b&r&u&!d: positive
!b&r&u&d: negative
b&!y&!g&!m: neutral
b&!y&!g&m: negative
b&!y&g&!j: positive
b&!y&g&j: negative
b&y&!q&!c: positive
b&y&!q&c: negative
b&y&q&!w: positive
b&y&q&w: positive
DecisionTree learned:
!b&!r&!d: negative
!b&!r&d&!k: positive
!b&!r&d&k: positive
!b&r&!x&!q: positive
!b&r&!x&q: positive
!b&r&x&!d: conflict
!b&r&x&d: neutral
b&!d&!x&!g: positive
b&!d&!x&g: positive
b&!d&x&!v: conflict
b&!d&x&v: conflict
b&d&!c&!i: positive
b&d&!c&i: negative
b&d&c&!o: conflict
b&d&c&o: positive
DecisionTree learned:
!b&!r&!d&!h: positive
!b&!r&!d&h: negative
!b&!r&d&!f: positive
!b&!r&d&f: positive
!b&r&!d&!x: positive
!b&r&!d&x: conflict
!b&r&d&!m: positive
!b&r&d&m: positive
b&!d&!m&!g: neutral
b&!d&!m&g: negative
b&!d&m&!w: positive
b&!d&m&w: positive
b&d&!c&!y: negative
b&d&!c&y: positive
b&d&c&!k: positive
b&d&c&k: negative
DecisionTree learned:
!b&!r&!f&!k: positive
!b&!r&!f&k: conflict
!b&!r&f&!y: positive
!b&!r&f&y: neutral
!b&r&!x&!q: positive
!b&r&!x&q: positive
!b&r&x&!w: positive
!b&r&x&w: neutral
b&!c&!f&!h: positive
b&!c&!f&h: negative
b&!c&f&!y: negative
b&!c&f&y: positive
b&c&!p&!k: positive
b&c&!p&k: negative
b&c&p&!g: neutral
b&c&p&g: positive
DecisionTree learned:
!b&!r&!f&!k: positive
!b&!r&!f&k: conflict
!b&!r&f&!y: positive
!b&!r&f&y: neutral
!b&r&!q&!u: negative
!b&r&!q&u: neutral
!b&r&q&!x: positive
!b&r&q&x: neutral
b&!c&!f&!h: positive
b&!c&!f&h: negative
b&!c&f&!y: negative
b&!c&f&y: positive
b&c&!x&!q: positive
b&c&!x&q: positive
b&c&x&!g: neutral
b&c&x&g: negative
DecisionTree learned:
!b&!y&!u&!c: negative
!b&!y&!u&c: positive
!b&!y&u&!t: neutral
!b&!y&u&t: negative
!b&y&!z&!r: neutral
!b&y&!z&r: positive
!b&y&z&!x: positive
!b&y&z&x: positive
b&!y&!g&!z: negative
b&!y&!g&z: conflict
b&!y&g&!p: conflict
b&!y&g&p: positive
b&y&!q&!c: positive
b&y&!q&c: negative
b&y&q&!w: positive
b&y&q&w: positive
DecisionTree learned:
!b&!r&!u&!y: negative
!b&!r&!u&y: neutral
!b&!r&u&!f: positive
!b&!r&u&f: positive
!b&r&!d&!x: positive
!b&r&!d&x: negative
!b&r&d&!g: negative
!b&r&d&g: positive
b&!u&!w&!y: positive
b&!u&!w&y: neutral
b&!u&w&!n: positive
b&!u&w&n: negative
b&u&!f&!z: negative
b&u&!f&z: conflict
b&u&f&!m: negative
b&u&f&m: positive
DecisionTree learned:
!b&!r&!f&!y: positive
!b&!r&!f&y: conflict
!b&!r&f&!l: neutral
!b&!r&f&l: positive
!b&r&!d&!x: positive
!b&r&!d&x: conflict
!b&r&d&!t: neutral
!b&r&d&t: negative
b&!d&!x&!g: positive
b&!d&!x&g: negative
b&!d&x&!u: positive
b&!d&x&u: conflict
b&d&!c&!i: positive
b&d&!c&i: negative
b&d&c&!k: positive
b&d&c&k: neutral
DecisionTree learned:
!b&!r&!y&!p: negative
!b&!r&!y&p: positive
!b&!r&y&!f: conflict
!b&!r&y&f: neutral
!b&r&!d&!f: negative
!b&r&!d&f: neutral
!b&r&d&!t: neutral
!b&r&d&t: negative
b&!c&!f&!h: positive
b&!c&!f&h: negative
b&!c&f&!y: negative
b&!c&f&y: positive
b&c&!p&!k: positive
b&c&!p&k: negative
b&c&p&!g: negative
b&c&p&g: positive
DecisionTree learned:
!b&!r&!l&!y: negative
!b&!r&!l&y: neutral
!b&!r&l&!f: positive
!b&!r&l&f: positive
!b&r&!w&!u: positive
!b&r&!w&u: positive
!b&r&w&!d: positive
!b&r&w&d: negative
b&!d&!x&!m: positive
b&!d&!x&m: positive
b&!d&x&!v: negative
b&!d&x&v: conflict
b&d&!c&!y: negative
b&d&!c&y: positive
b&d&c&!o: conflict
b&d&c&o: positive
DecisionTree learned:
!b&!f&!u&!p: negative
!b&!f&!u&p: positive
!b&!f&u&!r: positive
!b&!f&u&r: negative
!b&f&!w&!q: positive
!b&f&!w&q: negative
!b&f&w&!h: positive
!b&f&w&h: neutral
b&!u&!m&!f: positive
b&!u&!m&f: positive
b&!u&m&!y: negative
b&!u&m&y: negative
b&u&!f&!j: negative
b&u&!f&j: neutral
b&u&f&!m: negative
b&u&f&m: positive
DecisionTree learned:
!b&!f&!k&!x: negative
!b&!f&!k&x: positive
!b&!f&k&!m: negative
!b&!f&k&m: neutral
!b&f&!w&!h: neutral
!b&f&!w&h: positive
!b&f&w&!n: positive
!b&f&w&n: neutral
b&!c&!y&!f: negative
b&!c&!y&f: negative
b&!c&y&!n: neutral
b&!c&y&n: positive
b&c&!k&!p: positive
b&c&!k&p: positive
b&c&k&!h: positive
b&c&k&h: neutral
DecisionTree learned:
!b&!f&!d&!x: negative
!b&!f&!d&x: conflict
!b&!f&d&!r: conflict
!b&!f&d&r: negative
!b&f&!g&!k: negative
!b&f&!g&k: positive
!b&f&g&!a: negative
!b&f&g&a: positive
b&!c&!f&!h: positive
b&!c&!f&h: negative
b&!c&f&!y: negative
b&!c&f&y: positive
b&c&!p&!k: positive
b&c&!p&k: negative
b&c&p&!g: negative
b&c&p&g: positive
DecisionTree learned:
!b&!f&!d&!x: positive
!b&!f&!d&x: conflict
!b&!f&d&!r: positive
!b&!f&d&r: positive
!b&f&!w&!h: neutral
!b&f&!w&h: positive
!b&f&w&!n: positive
!b&f&w&n: negative
b&!u&!v&!w: negative
b&!u&!v&w: negative
b&!u&v&!m: positive
b&!u&v&m: positive
b&u&!f&!v: neutral
b&u&!f&v: negative
b&u&f&!m: negative
b&u&f&m: positive
DecisionTree learned:
!b&!r&!l&!y: negative
!b&!r&!l&y: neutral
!b&!r&l&!g: positive
!b&!r&l&g: conflict
!b&r&!d&!x: positive
!b&r&!d&x: neutral
!b&r&d&!z: negative
!b&r&d&z: positive
b&!d&!x&!g: positive
b&!d&!x&g: negative
b&!d&x&!u: positive
b&!d&x&u: conflict
b&d&!c&!i: conflict
b&d&!c&i: negative
b&d&c&!o: conflict
b&d&c&o: positive
DecisionTree learned:
!b&!u&!y&!c: negative
!b&!u&!y&c: positive
!b&!u&y&!k: positive
!b&!u&y&k: negative
!b&u&!q&!z: neutral
!b&u&!q&z: positive
!b&u&q&!x: positive
!b&u&q&x: positive
b&!h&!g&!u: positive
b&!h&!g&u: conflict
b&!h&g&!w: positive
b&!h&g&w: positive
b&h&!g&!f: neutral
b&h&!g&f: positive
b&h&g&!k: positive
b&h&g&k: negative
DecisionTree learned:
!b&!r&!f&!y: negative
!b&!r&!f&y: positive
!b&!r&f&!y: positive
!b&!r&f&y: neutral
!b&r&!d&!x: positive
!b&r&!d&x: neutral
!b&r&d&!g: negative
!b&r&d&g: positive
b&!u&!v&!h: positive
b&!u&!v&h: negative
b&!u&v&!m: positive
b&!u&v&m: positive
b&u&!f&!j: negative
b&u&!f&j: neutral
b&u&f&!m: negative
b&u&f&m: positive
DecisionTree learned:
!b&!f&!d&!x: negative
!b&!f&!d&x: conflict
!b&!f&d&!r: positive
!b&!f&d&r: negative
!b&f&!g&!k: negative
!b&f&!g&k: negative
!b&f&g&!l: positive
!b&f&g&l: positive
b&!c&!f&!h: positive
b&!c&!f&h: negative
b&!c&f&!y: negative
b&!c&f&y: positive
b&c&!p&!k: neutral
b&c&!p&k: negative
b&c&p&!g: negative
b&c&p&g: positive
DecisionTree learned:
!b&!f&!u&!y: negative
!b&!f&!u&y: positive
!b&!f&u&!r: positive
!b&!f&u&r: negative
!b&f&!a&!o: positive
!b&f&!a&o: negative
!b&f&a&!g: negative
!b&f&a&g: positive
b&!c&!f&!h: positive
b&!c&!f&h: negative
b&!c&f&!y: negative
b&!c&f&y: positive
b&c&!k&!p: neutral
b&c&!k&p: positive
b&c&k&!z: neutral
b&c&k&z: neutral
DecisionTree learned:
!b&!r&!f&!l: negative
!b&!r&!f&l: positive
!b&!r&f&!h: positive
!b&!r&f&h: neutral
!b&r&!d&!x: positive
!b&r&!d&x: negative
!b&r&d&!q: negative
!b&r&d&q: positive
b&!u&!w&!n: negative
b&!u&!w&n: neutral
b&!u&w&!n: neutral
b&!u&w&n: negative
b&u&!f&!v: negative
b&u&!f&v: negative
b&u&f&!m: negative
b&u&f&m: positive
DecisionTree learned:
!b&!r&!f&!d: negative
!b&!r&!f&d: positive
!b&!r&f&!h: positive
!b&!r&f&h: neutral
!b&r&!x&!q: negative
!b&r&!x&q: positive
!b&r&x&!d: neutral
!b&r&x&d: neutral
b&!d&!x&!m: positive
b&!d&!x&m: positive
b&!d&x&!v: conflict
b&!d&x&v: conflict
b&d&!g&!p: neutral
b&d&!g&p: negative
b&d&g&!z: positive
b&d&g&z: negative
DecisionTree learned:
!b&!r&!f&!u: negative
!b&!r&!f&u: conflict
!b&!r&f&!h: positive
!b&!r&f&h: neutral
!b&r&!d&!x: positive
!b&r&!d&x: conflict
!b&r&d&!z: negative
!b&r&d&z: positive
b&!c&!f&!h: positive
b&!c&!f&h: negative
b&!c&f&!y: negative
b&!c&f&y: positive
b&c&!x&!q: positive
b&c&!x&q: positive
b&c&x&!g: neutral
b&c&x&g: negative
DecisionTree learned:
!b&!r&!y&!p: negative
!b&!r&!y&p: positive
!b&!r&y&!f: conflict
!b&!r&y&f: positive
!b&r&!x&!q: negative
!b&r&!x&q: positive
!b&r&x&!d: neutral
!b&r&x&d: positive
b&!d&!w&!h: conflict
b&!d&!w&h: negative
b&!d&w&!m: neutral
b&!d&w&m: conflict
b&d&!c&!y: negative
b&d&!c&y: positive
b&d&c&!o: conflict
b&d&c&o: positive
DecisionTree learned:
!b&!f&!x&!r: positive
!b&!f&!x&r: negative
!b&!f&x&!d: conflict
!b&!f&x&d: positive
!b&f&!w&!h: neutral
!b&f&!w&h: positive
!b&f&w&!k: neutral
!b&f&w&k: negative
b&!u&!w&!n: positive
b&!u&!w&n: neutral
b&!u&w&!n: neutral
b&!u&w&n: positive
b&u&!f&!q: negative
b&u&!f&q: positive
b&u&f&!m: negative
b&u&f&m: positive
DecisionTree learned:
!b&!r&!l&!y: negative
!b&!r&!l&y: neutral
!b&!r&l&!k: positive
!b&!r&l&k: positive
!b&r&!d&!x: positive
!b&r&!d&x: negative
!b&r&d&!u: positive
!b&r&d&u: negative
b&!c&!f&!h: positive
b&!c&!f&h: negative
b&!c&f&!y: negative
b&!c&f&y: positive
b&c&!o&!m: positive
b&c&!o&m: conflict
b&c&o&!d: negative
b&c&o&d: negative
DecisionTree learned:
!b&!m&!g&!k: neutral
!b&!m&!g&k: positive
!b&!m&g&!h: positive
!b&!m&g&h: positive
!b&m&!l&!g: positive
!b&m&!l&g: positive
!b&m&l&!r: positive
!b&m&l&r: neutral
b&!d&!x&!g: positive
b&!d&!x&g: negative
b&!d&x&!y: negative
b&!d&x&y: conflict
b&d&!c&!i: positive
b&d&!c&i: negative
b&d&c&!o: conflict
b&d&c&o: positive
DecisionTree learned:
!b&!f&!k&!g: negative
!b&!f&!k&g: negative
!b&!f&k&!m: positive
!b&!f&k&m: neutral
!b&f&!n&!c: positive
!b&f&!n&c: positive
!b&f&n&!w: positive
!b&f&n&w: neutral
b&!c&!f&!h: positive
b&!c&!f&h: negative
b&!c&f&!y: negative
b&!c&f&y: positive
b&c&!k&!p: positive
b&c&!k&p: positive
b&c&k&!z: negative
b&c&k&z: negative
DecisionTree learned:
!b&!r&!f&!g: positive
!b&!r&!f&g: conflict
!b&!r&f&!t: positive
!b&!r&f&t: neutral
!b&r&!d&!x: positive
!b&r&!d&x: conflict
!b&r&d&!q: negative
!b&r&d&q: positive
b&!g&!p&!m: positive
b&!g&!p&m: conflict
b&!g&p&!x: negative
b&!g&p&x: neutral
b&g&!d&!w: positive
b&g&!d&w: negative
b&g&d&!i: conflict
b&g&d&i: positive
DecisionTree learned:
!b&!r&!f&!l: negative
!b&!r&!f&l: positive
!b&!r&f&!y: positive
!b&!r&f&y: neutral
!b&r&!x&!q: negative
!b&r&!x&q: positive
!b&r&x&!d: negative
!b&r&x&d: neutral
b&!d&!m&!g: neutral
b&!d&!m&g: negative
b&!d&m&!w: negative
b&!d&m&w: conflict
b&d&!c&!i: positive
b&d&!c&i: negative
b&d&c&!p: neutral
b&d&c&p: positive
DecisionTree learned:
!b&!f&!u&!y: negative
!b&!f&!u&y: positive
!b&!f&u&!t: neutral
!b&!f&u&t: negative
!b&f&!w&!h: neutral
!b&f&!w&h: positive
!b&f&w&!k: neutral
!b&f&w&k: negative
b&!c&!f&!x: negative
b&!c&!f&x: conflict
b&!c&f&!y: negative
b&!c&f&y: positive
b&c&!p&!k: conflict
b&c&!p&k: negative
b&c&p&!z: negative
b&c&p&z: neutral
DecisionTree learned:
!b&!r&!f&!g: positive
!b&!r&!f&g: conflict
!b&!r&f&!m: positive
!b&!r&f&m: neutral
!b&r&!d&!x: positive
!b&r&!d&x: conflict
!b&r&d&!z: negative
!b&r&d&z: positive
b&!u&!m&!f: positive
b&!u&!m&f: positive
b&!u&m&!z: negative
b&!u&m&z: neutral
b&u&!f&!j: negative
b&u&!f&j: neutral
b&u&f&!m: negative
b&u&f&m: positive
DecisionTree learned:
!b&!r&!f&!u: negative
!b&!r&!f&u: positive
!b&!r&f&!p: positive
!b&!r&f&p: neutral
!b&r&!d&!x: positive
!b&r&!d&x: neutral
!b&r&d&!t: neutral
!b&r&d&t: negative
b&!g&!p&!c: neutral
b&!g&!p&c: conflict
b&!g&p&!x: negative
b&!g&p&x: neutral
b&g&!d&!x: positive
b&g&!d&x: conflict
b&g&d&!c: negative
b&g&d&c: positive
DecisionTree learned:
!b&!f&!g&!c: negative
!b&!f&!g&c: neutral
!b&!f&g&!k: positive
!b&!f&g&k: neutral
!b&f&!w&!q: positive
!b&f&!w&q: negative
!b&f&w&!k: neutral
!b&f&w&k: negative
b&!u&!m&!f: positive
b&!u&!m&f: positive
b&!u&m&!z: negative
b&!u&m&z: neutral
b&u&!c&!f: negative
b&u&!c&f: positive
b&u&c&!p: positive
b&u&c&p: negative
DecisionTree learned:
!b&!r&!f&!u: negative
!b&!r&!f&u: positive
!b&!r&f&!t: positive
!b&!r&f&t: neutral
!b&r&!x&!q: negative
!b&r&!x&q: positive
!b&r&x&!d: neutral
!b&r&x&d: neutral
b&!y&!g&!z: negative
b&!y&!g&z: conflict
b&!y&g&!p: conflict
b&!y&g&p: positive
b&y&!c&!d: positive
b&y&!c&d: positive
b&y&c&!z: positive
b&y&c&z: negative
DecisionTree learned:
!b&!f&!d&!x: negative
!b&!f&!d&x: conflict
!b&!f&d&!r: positive
!b&!f&d&r: positive
!b&f&!k&!x: positive
!b&f&!k&x: neutral
!b&f&k&!y: negative
!b&f&k&y: positive
b&!c&!f&!h: positive
b&!c&!f&h: negative
b&!c&f&!v: negative
b&!c&f&v: positive
b&c&!o&!m: positive
b&c&!o&m: conflict
b&c&o&!d: positive
b&c&o&d: positive
DecisionTree learned:
!b&!r&!d&!h: positive
!b&!r&!d&h: negative
!b&!r&d&!k: positive
!b&!r&d&k: conflict
!b&r&!q&!d: positive
!b&r&!q&d: negative
!b&r&q&!x: positive
!b&r&q&x: neutral
b&!u&!w&!y: positive
b&!u&!w&y: neutral
b&!u&w&!m: positive
b&!u&w&m: positive
b&u&!d&!x: positive
b&u&!d&x: conflict
b&u&d&!g: neutral
b&u&d&g: positive
DecisionTree learned:
!b&!r&!f&!g: positive
!b&!r&!f&g: conflict
!b&!r&f&!h: positive
!b&!r&f&h: neutral
!b&r&!x&!q: negative
!b&r&!x&q: positive
!b&r&x&!d: neutral
!b&r&x&d: neutral
b&!c&!f&!g: neutral
b&!c&!f&g: negative
b&!c&f&!y: negative
b&!c&f&y: negative
b&c&!u&!m: positive
b&c&!u&m: positive
b&c&u&!p: positive
b&c&u&p: negative
DecisionTree learned:
!b&!r&!f&!g: positive
!b&!r&!f&g: conflict
!b&!r&f&!v: positive
!b&!r&f&v: positive
!b&r&!d&!x: positive
!b&r&!d&x: positive
!b&r&d&!u: negative
!b&r&d&u: negative
b&!u&!w&!n: negative
b&!u&!w&n: neutral
b&!u&w&!v: negative
b&!u&w&v: positive
b&u&!f&!i: conflict
b&u&!f&i: negative
b&u&f&!m: negative
b&u&f&m: positive
DecisionTree learned:
!b&!r&!k&!l: positive
!b&!r&!k&l: positive
!b&!r&k&!f: conflict
!b&!r&k&f: positive
!b&r&!d&!f: negative
!b&r&!d&f: positive
!b&r&d&!m: negative
!b&r&d&m: negative
b&!u&!v&!w: positive
b&!u&!v&w: negative
b&!u&v&!m: positive
b&!u&v&m: positive
b&u&!f&!y: negative
b&u&!f&y: positive
b&u&f&!m: negative
b&u&f&m: negative
DecisionTree learned:
!b&!f&!d&!x: positive
!b&!f&!d&x: conflict
!b&!f&d&!r: positive
!b&!f&d&r: positive
!b&f&!g&!k: negative
!b&f&!g&k: negative
!b&f&g&!w: positive
!b&f&g&w: neutral
b&!d&!x&!g: positive
b&!d&!x&g: positive
b&!d&x&!f: conflict
b&!d&x&f: conflict
b&d&!c&!i: positive
b&d&!c&i: negative
b&d&c&!u: positive
b&d&c&u: negative
DecisionTree learned:
!b&!r&!f&!y: negative
!b&!r&!f&y: positive
!b&!r&f&!y: positive
!b&!r&f&y: neutral
!b&r&!x&!q: negative
!b&r&!x&q: positive
!b&r&x&!d: negative
!b&r&x&d: neutral
b&!u&!m&!v: positive
b&!u&!m&v: positive
b&!u&m&!z: positive
b&!u&m&z: neutral
b&u&!f&!v: neutral
b&u&!f&v: negative
b&u&f&!m: negative
b&u&f&m: positive
DecisionTree learned:
!b&!r&!k&!d: negative
!b&!r&!k&d: positive
!b&!r&k&!f: conflict
!b&!r&k&f: neutral
!b&r&!d&!x: negative
!b&r&!d&x: negative
!b&r&d&!q: negative
!b&r&d&q: positive
b&!c&!f&!g: neutral
b&!c&!f&g: negative
b&!c&f&!y: negative
b&!c&f&y: positive
b&c&!p&!k: positive
b&c&!p&k: negative
b&c&p&!z: positive
b&c&p&z: neutral
DecisionTree learned:
!b&!r&!k&!u: negative
!b&!r&!k&u: positive
!b&!r&k&!g: positive
!b&!r&k&g: conflict
!b&r&!d&!f: negative
!b&r&!d&f: positive
!b&r&d&!z: negative
!b&r&d&z: positive
b&!c&!f&!h: positive
b&!c&!f&h: negative
b&!c&f&!y: negative
b&!c&f&y: positive
b&c&!d&!p: negative
b&c&!d&p: positive
b&c&d&!g: neutral
b&c&d&g: positive
DecisionTree learned:
!b&!r&!u&!n: neutral
!b&!r&!u&n: negative
!b&!r&u&!k: positive
!b&!r&u&k: conflict
!b&r&!d&!x: positive
!b&r&!d&x: neutral
!b&r&d&!q: positive
!b&r&d&q: negative
b&!c&!f&!h: positive
b&!c&!f&h: negative
b&!c&f&!n: neutral
b&!c&f&n: positive
b&c&!k&!p: conflict
b&c&!k&p: positive
b&c&k&!z: neutral
b&c&k&z: neutral
DecisionTree learned:
!b&!r&!l&!m: neutral
!b&!r&!l&m: negative
!b&!r&l&!g: positive
!b&!r&l&g: conflict
!b&r&!u&!m: negative
!b&r&!u&m: positive
!b&r&u&!d: neutral
!b&r&u&d: positive
b&!c&!f&!h: positive
b&!c&!f&h: negative
b&!c&f&!n: neutral
b&!c&f&n: positive
b&c&!u&!m: positive
b&c&!u&m: positive
b&c&u&!p: positive
b&c&u&p: positive
DecisionTree learned:
!b&!f&!g&!p: negative
!b&!f&!g&p: neutral
!b&!f&g&!m: positive
!b&!f&g&m: negative
!b&f&!n&!m: positive
!b&f&!n&m: negative
!b&f&n&!g: negative
!b&f&n&g: neutral
b&!c&!f&!h: positive
b&!c&!f&h: negative
b&!c&f&!y: positive
b&!c&f&y: positive
b&c&!k&!p: conflict
b&c&!k&p: positive
b&c&k&!z: negative
b&c&k&z: neutral
DecisionTree learned:
!b&!u&!y&!v: positive
!b&!u&!y&v: negative
!b&!u&y&!v: neutral
!b&!u&y&v: positive
!b&u&!r&!f: positive
!b&u&!r&f: positive
!b&u&r&!t: neutral
!b&u&r&t: negative
b&!c&!f&!h: positive
b&!c&!f&h: negative
b&!c&f&!n: neutral
b&!c&f&n: positive
b&c&!u&!m: positive
b&c&!u&m: positive
b&c&u&!p: positive
b&c&u&p: negative
Trial 0 Training cc.mallet.classify.AdaBoostM2Trainer@4e17e4ca finished
Trial 0 Trainer cc.mallet.classify.AdaBoostM2Trainer@4e17e4ca test data accuracy = 0.4117647058823529

NaiveBayesTrainer
Summary. test accuracy mean = 0.46247464503042596 stddev = 0.0 stderr = 0.0

MaxEntTrainer,gaussianPriorVariance=1.0
Summary. test accuracy mean = 0.513184584178499 stddev = 0.0 stderr = 0.0

cc.mallet.classify.DecisionTreeTrainer@25fa1bb6
Summary. test accuracy mean = 0.4077079107505071 stddev = 0.0 stderr = 0.0

cc.mallet.classify.AdaBoostM2Trainer@4e17e4ca
Summary. test accuracy mean = 0.4117647058823529 stddev = 0.0 stderr = 0.0
