
-------------------- Trial 0  --------------------

Trial 0 Training NaiveBayesTrainer with 1865 instances
Trial 0 Training NaiveBayesTrainer finished
Trial 0 Trainer NaiveBayesTrainer test data accuracy = 0.6105476673427992
Trial 0 Training MaxEntTrainer,gaussianPriorVariance=1.0 with 1865 instances
Trial 0 Training MaxEntTrainer,gaussianPriorVariance=1.0 finished
Trial 0 Trainer MaxEntTrainer,gaussianPriorVariance=1.0 test data accuracy = 0.640973630831643
Trial 0 Training cc.mallet.classify.DecisionTreeTrainer@38b5dac4 with 1865 instances
DecisionTree learned:
!great&!easy&!but&!fast: negative
!great&!easy&!but&fast: positive
!great&!easy&but&!x: negative
!great&!easy&but&x: neutral
!great&easy&!one&!of: positive
!great&easy&!one&of: positive
!great&easy&one&!to: conflict
!great&easy&one&to: neutral
great&!had&!but&!lack: positive
great&!had&!but&lack: negative
great&!had&but&!one: positive
great&!had&but&one: negative
great&had&!it: negative
great&had&it: negative
Trial 0 Training cc.mallet.classify.DecisionTreeTrainer@38b5dac4 finished
Trial 0 Trainer cc.mallet.classify.DecisionTreeTrainer@38b5dac4 test data accuracy = 0.513184584178499
Trial 0 Training cc.mallet.classify.AdaBoostM2Trainer@49ff0dde with 1865 instances
DecisionTree learned:
!great&!but&!easy&!fast: negative
!great&!but&!easy&fast: positive
!great&!but&easy&!go: positive
!great&!but&easy&go: neutral
!great&but&!mac&!x: negative
!great&but&!mac&x: neutral
!great&but&mac&!system: positive
!great&but&mac&system: negative
great&!had&!but&!lack: positive
great&!had&!but&lack: negative
great&!had&but&!one: positive
great&!had&but&one: negative
great&had&!it: negative
great&had&it: negative
DecisionTree learned:
!great&!but&!easy&!movie: negative
!great&!but&!easy&movie: neutral
!great&!but&easy&!for: positive
!great&!but&easy&for: positive
!great&but&!well&!got: negative
!great&but&!well&got: negative
!great&but&well&!as: positive
!great&but&well&as: neutral
great&!but&!had&!lack: positive
great&!but&!had&lack: negative
great&!but&had&!it: negative
great&!but&had&it: positive
great&but&!one&!you: positive
great&but&!one&you: negative
great&but&one: negative
DecisionTree learned:
!but&!great&!love&!easy: negative
!but&!great&!love&easy: positive
!but&!great&love&!size: positive
!but&!great&love&size: positive
!but&great&!had&!lack: positive
!but&great&!had&lack: negative
!but&great&had&!it: negative
!but&great&had&it: negative
but&!mac&!be&!the: conflict
but&!mac&!be&the: negative
but&!mac&be&!with: negative
but&!mac&be&with: negative
but&mac&!not&!up: neutral
but&mac&!not&up: positive
but&mac&not&!have: positive
but&mac&not&have: negative
DecisionTree learned:
!but&!not&!good&!great: positive
!but&!not&!good&great: positive
!but&!not&good&!toshiba: positive
!but&!not&good&toshiba: negative
!but&not&!fast&!keynote: negative
!but&not&!fast&keynote: neutral
!but&not&fast: positive
but&!mac&!got&!in: negative
but&!mac&!got&in: neutral
but&!mac&got&!so: negative
but&!mac&got&so: positive
but&mac&!not&!up: neutral
but&mac&!not&up: positive
but&mac&not&!have: positive
but&mac&not&have: negative
DecisionTree learned:
!but&!great&!and&!movie: negative
!but&!great&!and&movie: neutral
!but&!great&and&!i: positive
!but&!great&and&i: positive
!but&great&!had&!nearly: positive
!but&great&!had&nearly: neutral
!but&great&had&!it: negative
!but&great&had&it: negative
but&!be&!mac&!x: negative
but&!be&!mac&x: neutral
but&!be&mac&!system: positive
but&!be&mac&system: neutral
but&be&!which&!more: negative
but&be&!which&more: positive
but&be&which&!just: conflict
but&be&which&just: positive
DecisionTree learned:
!but&!easy&!love&!fast: negative
!but&!easy&!love&fast: positive
!but&!easy&love&!over: positive
!but&!easy&love&over: negative
!but&easy&!for&!one: positive
!but&easy&!for&one: neutral
!but&easy&for&!of: positive
!but&easy&for&of: neutral
but&!new&!yes&!got: negative
but&!new&!yes&got: negative
but&!new&yes&!and: conflict
but&!new&yes&and: positive
but&new&!when&!some: neutral
but&new&!when&some: positive
but&new&when&!so: negative
but&new&when&so: conflict
DecisionTree learned:
!but&!not&!and&!great: negative
!but&!not&!and&great: positive
!but&!not&and&!i: positive
!but&!not&and&i: positive
!but&not&!keynote&!fast: negative
!but&not&!keynote&fast: positive
!but&not&keynote: neutral
but&!mac&!this&!so: negative
but&!mac&!this&so: neutral
but&!mac&this&!x: negative
but&!mac&this&x: neutral
but&mac&!more&!up: neutral
but&mac&!more&up: positive
but&mac&more: positive
DecisionTree learned:
!but&!good&!love&!for: negative
!but&!good&!love&for: neutral
!but&!good&love&!size: positive
!but&!good&love&size: positive
!but&good&!at&!working: positive
!but&good&!at&working: negative
!but&good&at&!just: positive
!but&good&at&just: neutral
but&!mac&!there&!on: negative
but&!mac&!there&on: neutral
but&!mac&there&!to: negative
but&!mac&there&to: neutral
but&mac&!more&!system: positive
but&mac&!more&system: neutral
but&mac&more: positive
DecisionTree learned:
!but&!not&!problems&!after: positive
!but&!not&!problems&after: negative
!but&!not&problems: negative
!but&not&!keynote&!fast: negative
!but&not&!keynote&fast: positive
!but&not&keynote: neutral
but&!this&!so&!the: conflict
but&!this&!so&the: negative
but&!this&so&!it: neutral
but&!this&so&it: conflict
but&this&!x&!because: negative
but&this&!x&because: neutral
but&this&x: neutral
DecisionTree learned:
!but&!great&!love&!and: negative
!but&!great&!love&and: positive
!but&!great&love&!size: positive
!but&!great&love&size: positive
!but&great&!had&!for: positive
!but&great&!had&for: positive
!but&great&had&!it: negative
!but&great&had&it: negative
but&!so&!got&!yes: negative
but&!so&!got&yes: positive
but&!so&got: negative
but&so&!laptop&!i: conflict
but&so&!laptop&i: positive
but&so&laptop&!toshiba: neutral
but&so&laptop&toshiba: negative
DecisionTree learned:
!but&!not&!good&!had: positive
!but&!not&!good&had: negative
!but&!not&good&!are: positive
!but&!not&good&are: neutral
!but&not&!keynote&!fast: negative
!but&not&!keynote&fast: positive
!but&not&keynote: neutral
but&!be&!did&!the: conflict
but&!be&!did&the: positive
but&!be&did&!they: neutral
but&!be&did&they: negative
but&be&!with&!and: negative
but&be&!with&and: negative
but&be&with&!would: negative
but&be&with&would: negative
DecisionTree learned:
!but&!price&!easy&!would: negative
!but&!price&!easy&would: negative
!but&!price&easy&!go: positive
!but&!price&easy&go: neutral
!but&price&!worth&!off: positive
!but&price&!worth&off: neutral
!but&price&worth&!mac: conflict
!but&price&worth&mac: negative
but&!new&!think&!screen: negative
but&!new&!think&screen: conflict
but&!new&think&!on: negative
but&!new&think&on: neutral
but&new&!when&!software: neutral
but&new&!when&software: negative
but&new&when&!so: negative
but&new&when&so: neutral
DecisionTree learned:
!but&!for&!eee&!much: negative
!but&!for&!eee&much: positive
!but&!for&eee: conflict
!but&for&!so&!in: neutral
!but&for&!so&in: negative
!but&for&so&!battery: negative
!but&for&so&battery: conflict
but&!mac&!this&!there: positive
but&!mac&!this&there: negative
but&!mac&this&!not: positive
but&!mac&this&not: negative
but&mac&!have&!up: neutral
but&mac&!have&up: positive
but&mac&have: negative
DecisionTree learned:
!but&!complain&!and&!awesome: negative
!but&!complain&!and&awesome: positive
!but&!complain&and&!back: positive
!but&!complain&and&back: negative
!but&complain&!and: positive
!but&complain&and: conflict
but&!this&!so&!difference: negative
but&!this&!so&difference: neutral
but&!this&so&!laptop: conflict
but&!this&so&laptop: neutral
but&this&!have&!m: neutral
but&this&!have&m: negative
but&this&have&!with: positive
but&this&have&with: negative
DecisionTree learned:
!but&!great&!uses&!i: positive
!but&!great&!uses&i: neutral
!but&!great&uses&!of: neutral
!but&!great&uses&of: conflict
!but&great&!had&!lack: positive
!but&great&!had&lack: negative
!but&great&had&!it: negative
!but&great&had&it: negative
but&!this&!so&!difference: negative
but&!this&!so&difference: neutral
but&!this&so&!it: positive
but&!this&so&it: conflict
but&this&!has&!with: positive
but&this&!has&with: negative
but&this&has&!toshiba: negative
but&this&has&toshiba: neutral
DecisionTree learned:
!but&!not&!much&!easy: positive
!but&!not&!much&easy: positive
!but&!not&much&!laptops: positive
!but&!not&much&laptops: conflict
!but&not&!sit&!for: negative
!but&not&!sit&for: neutral
!but&not&sit: conflict
but&!mac&!this&!has: negative
but&!mac&!this&has: positive
but&!mac&this&!has: neutral
but&!mac&this&has: negative
but&mac&!have&!more: neutral
but&mac&!have&more: positive
but&mac&have: negative
DecisionTree learned:
!but&!fast&!back&!for: negative
!but&!fast&!back&for: neutral
!but&!fast&back&!a: neutral
!but&!fast&back&a: negative
!but&fast&!with: positive
!but&fast&with&!software: neutral
!but&fast&with&software: positive
but&!mac&!hard&!i: negative
but&!mac&!hard&i: positive
but&!mac&hard&!the: conflict
but&!mac&hard&the: neutral
but&mac&!bit&!system: positive
but&mac&!bit&system: neutral
but&mac&bit: neutral
DecisionTree learned:
!but&!great&!amazing&!love: negative
!but&!great&!amazing&love: positive
!but&!great&amazing: positive
!but&great&!nearly&!pad: positive
!but&great&!nearly&pad: neutral
!but&great&nearly&!is: neutral
!but&great&nearly&is: neutral
but&!this&!so&!hard: negative
but&!this&!so&hard: neutral
but&!this&so&!it: neutral
but&!this&so&it: conflict
but&this&!know&!x: negative
but&this&!know&x: neutral
but&this&know: conflict
DecisionTree learned:
!but&!then&!for&!much: negative
!but&!then&!for&much: positive
!but&!then&for&!so: neutral
!but&!then&for&so: negative
!but&then&!inside&!works: negative
!but&then&!inside&works: neutral
!but&then&inside: neutral
but&!mac&!hard&!in: negative
but&!mac&!hard&in: neutral
but&!mac&hard&!it: neutral
but&!mac&hard&it: negative
but&mac&!have&!bit: positive
but&mac&!have&bit: neutral
but&mac&have: negative
DecisionTree learned:
!but&!and&!awesome&!though: negative
!but&!and&!awesome&though: conflict
!but&!and&awesome: positive
!but&and&!complain&!i: positive
!but&and&!complain&i: neutral
!but&and&complain: conflict
but&!mac&!if&!outside: negative
but&!mac&!if&outside: neutral
but&!mac&if&!to: negative
but&!mac&if&to: neutral
but&mac&!more&!have: neutral
but&mac&!more&have: negative
but&mac&more: positive
DecisionTree learned:
!but&!requires&!for&!pc: negative
!but&!requires&!for&pc: positive
!but&!requires&for&!to: positive
!but&!requires&for&to: neutral
!but&requires: conflict
but&!difference&!did&!hard: positive
but&!difference&!did&hard: neutral
but&!difference&did&!in: conflict
but&!difference&did&in: neutral
but&difference&!to: neutral
but&difference&to: neutral
DecisionTree learned:
!but&!after&!and&!laptops: negative
!but&!after&!and&laptops: conflict
!but&!after&and&!i: positive
!but&!after&and&i: neutral
!but&after&!with&!warranty: negative
!but&after&!with&warranty: neutral
!but&after&with&!i: negative
!but&after&with&i: positive
but&!think&!repair&!new: negative
but&!think&!repair&new: neutral
but&!think&repair&!they: negative
but&!think&repair&they: neutral
but&think&!on: negative
but&think&on: neutral
DecisionTree learned:
!but&!much&!very&!complain: negative
!but&!much&!very&complain: conflict
!but&!much&very&!functions: positive
!but&!much&very&functions: conflict
!but&much&!i&!out: positive
!but&much&!i&out: conflict
!but&much&i&!up: neutral
!but&much&i&up: conflict
but&!well&!got&!mac: negative
but&!well&!got&mac: positive
but&!well&got: negative
but&well&!so&!too: positive
but&well&!so&too: conflict
but&well&so&!the: neutral
but&well&so&the: positive
DecisionTree learned:
!but&!after&!not&!much: positive
!but&!after&!not&much: positive
!but&!after&not&!keynote: negative
!but&!after&not&keynote: neutral
!but&after&!with&!what: neutral
!but&after&!with&what: positive
!but&after&with&!i: negative
!but&after&with&i: positive
but&!if&!difference&!mac: negative
but&!if&!difference&mac: neutral
but&!if&difference&!to: neutral
but&!if&difference&to: neutral
but&if&!to&!mac: negative
but&if&!to&mac: positive
but&if&to: neutral
DecisionTree learned:
!but&!complain&!and&!generally: negative
!but&!complain&!and&generally: conflict
!but&!complain&and&!warranty: positive
!but&!complain&and&warranty: neutral
!but&complain&!and: positive
!but&complain&and: conflict
but&!mac&!hard&!did: negative
but&!mac&!hard&did: neutral
but&!mac&hard&!not: neutral
but&!mac&hard&not: negative
but&mac&!its&!bit: positive
but&mac&!its&bit: neutral
but&mac&its&!just: neutral
but&mac&its&just: neutral
DecisionTree learned:
!but&!complain&!and&!though: negative
!but&!complain&!and&though: conflict
!but&!complain&and&!i: positive
!but&!complain&and&i: neutral
!but&complain&!and: positive
!but&complain&and: conflict
but&!this&!mac&!so: negative
but&!this&!mac&so: conflict
but&!this&mac&!more: positive
but&!this&mac&more: positive
but&this&!x&!that: positive
but&this&!x&that: neutral
but&this&x: neutral
DecisionTree learned:
!but&!for&!they&!pc: positive
!but&!for&!they&pc: positive
!but&!for&they&!replace: neutral
!but&!for&they&replace: negative
!but&for&!so&!despite: neutral
!but&for&!so&despite: conflict
!but&for&so&!battery: negative
!but&for&so&battery: conflict
but&!hard&!did&!difference: negative
but&!hard&!did&difference: neutral
but&!hard&did&!of: neutral
but&!hard&did&of: neutral
but&hard&!not&!on: neutral
but&hard&!not&on: neutral
but&hard&not&!the: conflict
but&hard&not&the: negative
DecisionTree learned:
!but&!very&!pc&!after: negative
!but&!very&!pc&after: negative
!but&!very&pc&!users: positive
!but&!very&pc&users: neutral
!but&very&!functions&!frustrating: positive
!but&very&!functions&frustrating: negative
!but&very&functions: conflict
but&!mac&!difference&!i: negative
but&!mac&!difference&i: positive
but&!mac&difference&!to: neutral
but&!mac&difference&to: neutral
but&mac&!have&!more: neutral
but&mac&!have&more: positive
but&mac&have: negative
DecisionTree learned:
!but&!and&!laptops&!is: negative
!but&!and&!laptops&is: negative
!but&!and&laptops&!much: negative
!but&!and&laptops&much: conflict
!but&and&!complain&!warranty: positive
!but&and&!complain&warranty: neutral
!but&and&complain: conflict
but&!os&!like&!gb: negative
but&!os&!like&gb: neutral
but&!os&like&!it: positive
but&!os&like&it: negative
but&os&!have&!to: positive
but&os&!have&to: neutral
but&os&have: positive
DecisionTree learned:
!but&!for&!eee&!much: negative
!but&!for&!eee&much: positive
!but&!for&eee: conflict
!but&for&!so&!despite: neutral
!but&for&!so&despite: conflict
!but&for&so&!laptop: negative
!but&for&so&laptop: conflict
but&!mac&!windows&!gb: negative
but&!mac&!windows&gb: neutral
but&!mac&windows&!i: neutral
but&!mac&windows&i: positive
but&mac&!have&!up: positive
but&mac&!have&up: positive
but&mac&have: negative
DecisionTree learned:
!but&!fast&!generally&!love: negative
!but&!fast&!generally&love: positive
!but&!fast&generally: conflict
!but&fast&!with: positive
!but&fast&with&!just: positive
!but&fast&with&just: neutral
but&!this&!so&!difference: negative
but&!this&!so&difference: neutral
but&!this&so&!it: neutral
but&!this&so&it: conflict
but&this&!know&!x: negative
but&this&!know&x: neutral
but&this&know: conflict
DecisionTree learned:
!but&!generally&!amazing&!great: negative
!but&!generally&!amazing&great: positive
!but&!generally&amazing: positive
!but&generally: conflict
but&!difference&!new&!windows: negative
but&!difference&!new&windows: neutral
but&!difference&new&!when: neutral
but&!difference&new&when: neutral
but&difference&!to: neutral
but&difference&to: neutral
DecisionTree learned:
!but&!would&!months&!uses: positive
!but&!would&!months&uses: neutral
!but&!would&months&!of: negative
!but&!would&months&of: neutral
!but&would&!buy&!new: negative
!but&would&!buy&new: neutral
!but&would&buy&!much: neutral
!but&would&buy&much: negative
but&!back&!this&!so: positive
but&!back&!this&so: neutral
but&!back&this&!know: neutral
but&!back&this&know: conflict
but&back&!a: negative
but&back&a&!to: negative
but&back&a&to: positive
DecisionTree learned:
!but&!for&!requires&!pc: negative
!but&!for&!requires&pc: positive
!but&!for&requires: conflict
!but&for&!so&!to: positive
!but&for&!so&to: neutral
!but&for&so&!battery: negative
!but&for&so&battery: conflict
but&!well&!x&!if: negative
but&!well&!x&if: neutral
but&!well&x&!is: neutral
but&!well&x&is: positive
but&well&!so&!too: positive
but&well&!so&too: conflict
but&well&so&!works: neutral
but&well&so&works: positive
DecisionTree learned:
!but&!easy&!much&!get: negative
!but&!easy&!much&get: negative
!but&!easy&much&!of: positive
!but&!easy&much&of: neutral
!but&easy&!than&!for: positive
!but&easy&!than&for: positive
!but&easy&than: negative
but&!this&!so&!outside: positive
but&!this&!so&outside: neutral
but&!this&so&!graphics: neutral
but&!this&so&graphics: conflict
but&this&!know&!has: positive
but&this&!know&has: negative
but&this&know: conflict
DecisionTree learned:
!but&!good&!after&!movie: positive
!but&!good&!after&movie: neutral
!but&!good&after&!with: neutral
!but&!good&after&with: negative
!but&good&!at&!games: positive
!but&good&!at&games: neutral
!but&good&at&!just: positive
!but&good&at&just: neutral
but&!the&!another&!so: conflict
but&!the&!another&so: neutral
but&!the&another&!mac: neutral
but&!the&another&mac: negative
but&the&!mac&!difference: negative
but&the&!mac&difference: neutral
but&the&mac&!use: neutral
but&the&mac&use: positive
DecisionTree learned:
!but&!pc&!for&!requires: negative
!but&!pc&!for&requires: conflict
!but&!pc&for&!so: neutral
!but&!pc&for&so: negative
!but&pc&!users&!and: positive
!but&pc&!users&and: positive
!but&pc&users: neutral
but&!like&!got&!mac: negative
but&!like&!got&mac: neutral
but&!like&got&!so: negative
but&!like&got&so: positive
but&like&!windows&!it: positive
but&like&!windows&it: positive
but&like&windows: neutral
DecisionTree learned:
!but&!love&!much&!is: negative
!but&!love&!much&is: positive
!but&!love&much&!i: positive
!but&!love&much&i: neutral
!but&love&!size&!program: positive
!but&love&!size&program: neutral
!but&love&size&!my: neutral
!but&love&size&my: positive
but&!mac&!if&!hard: positive
but&!mac&!if&hard: neutral
but&!mac&if&!to: negative
but&!mac&if&to: neutral
but&mac&!laptop&!use: neutral
but&mac&!laptop&use: positive
but&mac&laptop: positive
DecisionTree learned:
!but&!uses&!complain&!much: positive
!but&!uses&!complain&much: positive
!but&!uses&complain&!and: positive
!but&!uses&complain&and: conflict
!but&uses&!of: neutral
!but&uses&of: conflict
but&!standard&!well&!web: negative
but&!standard&!well&web: neutral
but&!standard&well&!need: positive
but&!standard&well&need: neutral
but&standard: conflict
DecisionTree learned:
!but&!complain&!and&!laptops: negative
!but&!complain&!and&laptops: conflict
!but&!complain&and&!warranty: positive
!but&!complain&and&warranty: neutral
!but&complain&!and: positive
!but&complain&and: conflict
but&!mac&!gb&!if: negative
but&!mac&!gb&if: neutral
but&!mac&gb&!just: neutral
but&!mac&gb&just: neutral
but&mac&!more&!up: neutral
but&mac&!more&up: positive
but&mac&more: positive
DecisionTree learned:
!but&!against&!for&!requires: negative
!but&!against&!for&requires: conflict
!but&!against&for&!so: neutral
!but&!against&for&so: negative
!but&against: conflict
but&!this&!so&!size: negative
but&!this&!so&size: neutral
but&!this&so&!old: neutral
but&!this&so&old: positive
but&this&!computer&!m: neutral
but&this&!computer&m: negative
but&this&computer&!that: negative
but&this&computer&that: conflict
DecisionTree learned:
!but&!generally&!requires&!uses: negative
!but&!generally&!requires&uses: neutral
!but&!generally&requires: conflict
!but&generally: conflict
but&!yes&!this&!so: negative
but&!yes&!this&so: neutral
but&!yes&this&!know: negative
but&!yes&this&know: conflict
but&yes&!and: conflict
but&yes&and&!make: positive
but&yes&and&make: positive
DecisionTree learned:
!but&!had&!great&!generally: negative
!but&!had&!great&generally: conflict
!but&!had&great&!nearly: positive
!but&!had&great&nearly: neutral
!but&had&!set&!a: negative
!but&had&!set&a: neutral
!but&had&set: positive
but&!and&!screen&!better: negative
but&!and&!screen&better: conflict
but&!and&screen&!computer: conflict
but&!and&screen&computer: negative
but&and&!than&!m: positive
but&and&!than&m: negative
but&and&than&!gb: positive
but&and&than&gb: neutral
DecisionTree learned:
!but&!for&!pc&!requires: negative
!but&!for&!pc&requires: conflict
!but&!for&pc&!and: conflict
!but&!for&pc&and: positive
!but&for&!so&!despite: neutral
!but&for&!so&despite: conflict
!but&for&so&!laptop: negative
!but&for&so&laptop: conflict
but&!web&!screen&!i: conflict
but&!web&!screen&i: negative
but&!web&screen&!and: conflict
but&!web&screen&and: negative
but&web&!just: neutral
but&web&just: positive
DecisionTree learned:
!but&!complain&!and&!eee: negative
!but&!complain&!and&eee: conflict
!but&!complain&and&!sol: positive
!but&!complain&and&sol: conflict
!but&complain&!and: positive
!but&complain&and: conflict
but&!mac&!this&!better: negative
but&!mac&!this&better: conflict
but&!mac&this&!know: positive
but&!mac&this&know: conflict
but&mac&!more&!use: neutral
but&mac&!more&use: positive
but&mac&more: positive
DecisionTree learned:
!but&!opted&!much&!complain: negative
!but&!opted&!much&complain: conflict
!but&!opted&much&!i: positive
!but&!opted&much&i: neutral
!but&opted: conflict
but&!there&!like&!this: conflict
but&!there&!like&this: negative
but&!there&like&!it: positive
but&!there&like&it: negative
but&there&!to&!much: negative
but&there&!to&much: positive
but&there&to&!with: neutral
but&there&to&with: neutral
DecisionTree learned:
!but&!much&!not&!problems: positive
!but&!much&!not&problems: negative
!but&!much&not&!generally: negative
!but&!much&not&generally: conflict
!but&much&!i&!pc: positive
!but&much&!i&pc: conflict
!but&much&i&!the: conflict
!but&much&i&the: neutral
but&!features&!yes&!think: negative
but&!features&!yes&think: neutral
but&!features&yes&!and: conflict
but&!features&yes&and: positive
but&features&!just&!much: positive
but&features&!just&much: positive
but&features&just: positive
DecisionTree learned:
!but&!complain&!and&!though: negative
!but&!complain&!and&though: conflict
!but&!complain&and&!sol: positive
!but&!complain&and&sol: conflict
!but&complain&!and: positive
!but&complain&and: conflict
but&!this&!mac&!better: negative
but&!this&!mac&better: conflict
but&!this&mac&!have: positive
but&!this&mac&have: negative
but&this&!features&!have: neutral
but&this&!features&have: negative
but&this&features: positive
DecisionTree learned:
!but&!for&!laptops&!eee: negative
!but&!for&!laptops&eee: conflict
!but&!for&laptops&!it: positive
!but&!for&laptops&it: conflict
!but&for&!so&!in: neutral
!but&for&!so&in: negative
!but&for&so&!laptop: negative
!but&for&so&laptop: conflict
but&!in&!new&!for: negative
but&!in&!new&for: neutral
but&!in&new&!not: neutral
but&!in&new&not: positive
but&in&!was&!n: neutral
but&in&!was&n: neutral
but&in&was&!one: negative
but&in&was&one: neutral
DecisionTree learned:
!but&!uses&!requires&!complain: positive
!but&!uses&!requires&complain: conflict
!but&!uses&requires: conflict
!but&uses&!of: neutral
!but&uses&of: conflict
but&!mac&!outside&!this: conflict
but&!mac&!outside&this: negative
but&!mac&outside&!software: neutral
but&!mac&outside&software: neutral
but&mac&!system&!bit: positive
but&mac&!system&bit: neutral
but&mac&system&!is: negative
but&mac&system&is: neutral
DecisionTree learned:
!but&!generally&!much&!eee: positive
!but&!generally&!much&eee: conflict
!but&!generally&much&!i: positive
!but&!generally&much&i: neutral
!but&generally: conflict
but&!mac&!this&!so: negative
but&!mac&!this&so: conflict
but&!mac&this&!know: negative
but&!mac&this&know: conflict
but&mac&!have&!very: neutral
but&mac&!have&very: positive
but&mac&have: negative
DecisionTree learned:
!but&!opted&!against&!complain: positive
!but&!opted&!against&complain: conflict
!but&!opted&against: conflict
!but&opted: conflict
but&!if&!mac&!size: positive
but&!if&!mac&size: neutral
but&!if&mac&!laptop: neutral
but&!if&mac&laptop: positive
but&if&!to: negative
but&if&to: neutral
DecisionTree learned:
!but&!after&!uses&!requires: positive
!but&!after&!uses&requires: conflict
!but&!after&uses&!of: neutral
!but&!after&uses&of: conflict
!but&after&!with&!what: neutral
!but&after&!with&what: positive
!but&after&with&!i: negative
!but&after&with&i: positive
but&!repair&!difference&!outside: negative
but&!repair&!difference&outside: neutral
but&!repair&difference&!to: neutral
but&!repair&difference&to: neutral
but&repair&!they: negative
but&repair&they&!to: neutral
but&repair&they&to: neutral
DecisionTree learned:
!but&!opted&!pc&!for: negative
!but&!opted&!pc&for: neutral
!but&!opted&pc&!hp: positive
!but&!opted&pc&hp: conflict
!but&opted: conflict
but&!this&!so&!processing: negative
but&!this&!so&processing: neutral
but&!this&so&!it: neutral
but&!this&so&it: conflict
but&this&!not&!be: positive
but&this&!not&be: neutral
but&this&not&!was: neutral
but&this&not&was: negative
DecisionTree learned:
!but&!great&!complain&!and: negative
!but&!great&!complain&and: positive
!but&!great&complain&!and: positive
!but&!great&complain&and: conflict
!but&great&!works&!had: positive
!but&great&!works&had: negative
!but&great&works&!all: neutral
!but&great&works&all: positive
but&!mac&!this&!has: negative
but&!mac&!this&has: positive
but&!mac&this&!have: neutral
but&!mac&this&have: positive
but&mac&!more&!the: negative
but&mac&!more&the: neutral
but&mac&more: positive
DecisionTree learned:
!but&!opted&!much&!requires: negative
!but&!opted&!much&requires: conflict
!but&!opted&much&!i: positive
!but&!opted&much&i: neutral
!but&opted: conflict
but&!new&!in&!well: negative
but&!new&!in&well: positive
but&!new&in&!n: neutral
but&!new&in&n: negative
but&new&!when&!some: neutral
but&new&!when&some: positive
but&new&when&!so: negative
but&new&when&so: neutral
DecisionTree learned:
!but&!complain&!you&!i: negative
!but&!complain&!you&i: neutral
!but&!complain&you&!since: neutral
!but&!complain&you&since: negative
!but&complain&!and: positive
!but&complain&and: conflict
but&!there&!this&!difference: conflict
but&!there&!this&difference: neutral
but&!there&this&!not: positive
but&!there&this&not: negative
but&there&!to&!much: negative
but&there&!to&much: positive
but&there&to&!with: neutral
but&there&to&with: neutral
DecisionTree learned:
!but&!ease&!easy&!to: positive
!but&!ease&!easy&to: negative
!but&!ease&easy&!for: positive
!but&!ease&easy&for: positive
!but&ease: positive
but&!drive&!repair&!new: positive
but&!drive&!repair&new: neutral
but&!drive&repair&!they: negative
but&!drive&repair&they: neutral
but&drive&!to&!is: neutral
but&drive&!to&is: neutral
but&drive&to: negative
DecisionTree learned:
!but&!much&!opted&!requires: negative
!but&!much&!opted&requires: conflict
!but&!much&opted: conflict
!but&much&!laptops&!out: positive
!but&much&!laptops&out: negative
!but&much&laptops&!and: conflict
!but&much&laptops&and: neutral
but&!this&!so&!in: conflict
but&!this&!so&in: positive
but&!this&so&!it: neutral
but&!this&so&it: conflict
but&this&!features&!to: positive
but&this&!features&to: neutral
but&this&features: positive
DecisionTree learned:
!but&!for&!pc&!requires: negative
!but&!for&!pc&requires: conflict
!but&!for&pc&!users: positive
!but&!for&pc&users: neutral
!but&for&!so&!desktop: neutral
!but&for&!so&desktop: conflict
!but&for&so&!laptop: negative
!but&for&so&laptop: conflict
but&!drive&!web&!screen: positive
but&!drive&!web&screen: conflict
but&!drive&web&!just: neutral
but&!drive&web&just: positive
but&drive&!to&!is: neutral
but&drive&!to&is: neutral
but&drive&to: negative
DecisionTree learned:
!but&!pc&!for&!against: negative
!but&!pc&!for&against: conflict
!but&!pc&for&!so: neutral
!but&!pc&for&so: conflict
!but&pc&!hp&!much: positive
!but&pc&!hp&much: conflict
!but&pc&hp: conflict
but&!mac&!this&!so: negative
but&!mac&!this&so: neutral
but&!mac&this&!know: neutral
but&!mac&this&know: conflict
but&mac&!on&!up: neutral
but&mac&!on&up: positive
but&mac&on: positive
DecisionTree learned:
!but&!generally&!uses&!much: negative
!but&!generally&!uses&much: positive
!but&!generally&uses&!of: neutral
!but&!generally&uses&of: conflict
!but&generally: conflict
but&!features&!size&!this: negative
but&!features&!size&this: neutral
but&!features&size&!and: neutral
but&!features&size&and: neutral
but&features&!just&!much: positive
but&features&!just&much: positive
but&features&just: neutral
DecisionTree learned:
!but&!much&!requires&!for: negative
!but&!much&!requires&for: neutral
!but&!much&requires: conflict
!but&much&!of&!laptops: positive
!but&much&!of&laptops: conflict
!but&much&of&!the: positive
!but&much&of&the: neutral
but&!in&!new&!windows: conflict
but&!in&!new&windows: neutral
but&!in&new&!software: neutral
but&!in&new&software: negative
but&in&!did&!was: positive
but&in&!did&was: positive
but&in&did&!on: negative
but&in&did&on: neutral
DecisionTree learned:
!but&!uses&!much&!opted: negative
!but&!uses&!much&opted: conflict
!but&!uses&much&!of: positive
!but&!uses&much&of: neutral
!but&uses&!of: neutral
!but&uses&of: conflict
but&!this&!machine&!so: negative
but&!this&!machine&so: neutral
but&!this&machine: positive
but&this&!know&!x: negative
but&this&!know&x: neutral
but&this&know: conflict
DecisionTree learned:
!but&!complain&!eee&!for: negative
!but&!complain&!eee&for: neutral
!but&!complain&eee: conflict
!but&complain&!and: positive
!but&complain&and: conflict
but&!this&!hard&!laptop: conflict
but&!this&!hard&laptop: neutral
but&!this&hard&!n: neutral
but&!this&hard&n: conflict
but&this&!know&!x: neutral
but&this&!know&x: neutral
but&this&know: conflict
DecisionTree learned:
!but&!for&!pc&!requires: negative
!but&!for&!pc&requires: conflict
!but&!for&pc&!a: conflict
!but&!for&pc&a: positive
!but&for&!so&!desktop: neutral
!but&for&!so&desktop: conflict
!but&for&so&!battery: negative
!but&for&so&battery: conflict
but&!mac&!size&!this: conflict
but&!mac&!size&this: neutral
but&!mac&size&!and: neutral
but&!mac&size&and: neutral
but&mac&!the: negative
but&mac&the&!bit: positive
but&mac&the&bit: neutral
DecisionTree learned:
!but&!opted&!long&!much: negative
!but&!opted&!long&much: positive
!but&!opted&long&!though: positive
!but&!opted&long&though: conflict
!but&opted: conflict
but&!this&!there&!so: conflict
but&!this&!there&so: neutral
but&!this&there&!much: negative
but&!this&there&much: positive
but&this&!know&!did: positive
but&this&!know&did: neutral
but&this&know: conflict
DecisionTree learned:
!but&!after&!uses&!complain: positive
!but&!after&!uses&complain: conflict
!but&!after&uses&!of: neutral
!but&!after&uses&of: conflict
!but&after&!with&!not: negative
!but&after&!with&not: neutral
!but&after&with&!i: negative
!but&after&with&i: positive
but&!this&!has&!more: negative
but&!this&!has&more: positive
but&!this&has&!it: neutral
but&!this&has&it: conflict
but&this&!know&!x: negative
but&this&!know&x: neutral
but&this&know: conflict
DecisionTree learned:
!but&!opted&!generally&!complain: positive
!but&!opted&!generally&complain: conflict
!but&!opted&generally: conflict
!but&opted: conflict
but&!most&!web&!screen: negative
but&!most&!web&screen: conflict
but&!most&web&!just: neutral
but&!most&web&just: positive
but&most&!just&!than: positive
but&most&!just&than: conflict
but&most&just: positive
DecisionTree learned:
!but&!long&!eee&!much: negative
!but&!long&!eee&much: positive
!but&!long&eee: conflict
!but&long&!though&!life: negative
!but&long&!though&life: positive
!but&long&though: conflict
but&!new&!in&!for: negative
but&!new&!in&for: neutral
but&!new&in&!did: positive
but&!new&in&did: neutral
but&new&!with&!not: neutral
but&new&!with&not: positive
but&new&with&!just: neutral
but&new&with&just: neutral
DecisionTree learned:
!but&!much&!generally&!uses: negative
!but&!much&!generally&uses: neutral
!but&!much&generally: conflict
!but&much&!i&!out: positive
!but&much&!i&out: conflict
!but&much&i&!up: neutral
!but&much&i&up: conflict
but&!mac&!better&!if: positive
but&!mac&!better&if: neutral
but&!mac&better&!with: conflict
but&!mac&better&with: negative
but&mac&!use&!more: neutral
but&mac&!use&more: positive
but&mac&use: positive
DecisionTree learned:
!but&!generally&!complain&!uses: negative
!but&!generally&!complain&uses: neutral
!but&!generally&complain&!and: positive
!but&!generally&complain&and: conflict
!but&generally: conflict
but&!size&!this&!screen: positive
but&!size&!this&screen: conflict
but&!size&this&!with: positive
but&!size&this&with: negative
but&size&!and: neutral
but&size&and: neutral
DecisionTree learned:
!but&!eee&!for&!ease: negative
!but&!eee&!for&ease: positive
!but&!eee&for&!so: neutral
!but&!eee&for&so: negative
!but&eee: conflict
but&!computer&!this&!mac: conflict
but&!computer&!this&mac: positive
but&!computer&this&!with: positive
but&!computer&this&with: neutral
but&computer&!has&!known: negative
but&computer&!has&known: conflict
but&computer&has&!is: positive
but&computer&has&is: negative
DecisionTree learned:
!but&!for&!requires&!get: positive
!but&!for&!requires&get: negative
!but&!for&requires: conflict
!but&for&!so&!desktop: neutral
!but&for&!so&desktop: conflict
!but&for&so&!laptop: positive
!but&for&so&laptop: conflict
but&!battery&!standard&!computer: positive
but&!battery&!standard&computer: negative
but&!battery&standard: conflict
but&battery&!a&!with: positive
but&battery&!a&with: negative
but&battery&a&!have: conflict
but&battery&a&have: conflict
DecisionTree learned:
!but&!opted&!fast&!other: negative
!but&!opted&!fast&other: neutral
!but&!opted&fast&!with: positive
!but&!opted&fast&with: positive
!but&opted: conflict
but&!difference&!hard&!outside: negative
but&!difference&!hard&outside: neutral
but&!difference&hard&!not: neutral
but&!difference&hard&not: neutral
but&difference&!to: neutral
but&difference&to: neutral
DecisionTree learned:
!but&!love&!opted&!requires: negative
!but&!love&!opted&requires: conflict
!but&!love&opted: conflict
!but&love&!size&!program: positive
!but&love&!size&program: positive
!but&love&size&!my: neutral
!but&love&size&my: positive
but&!i&!windows&!difference: conflict
but&!i&!windows&difference: neutral
but&!i&windows&!not: neutral
but&!i&windows&not: neutral
but&i&!which&!on: positive
but&i&!which&on: neutral
but&i&which&!so: conflict
but&i&which&so: conflict
DecisionTree learned:
!but&!much&!complain&!and: negative
!but&!much&!complain&and: positive
!but&!much&complain&!and: positive
!but&!much&complain&and: conflict
!but&much&!laptops&!i: positive
!but&much&!laptops&i: neutral
!but&much&laptops&!and: conflict
!but&much&laptops&and: neutral
but&!difference&!drive&!mac: positive
but&!difference&!drive&mac: positive
but&!difference&drive&!to: neutral
but&!difference&drive&to: negative
but&difference&!to: neutral
but&difference&to: neutral
DecisionTree learned:
!but&!for&!pc&!requires: negative
!but&!for&!pc&requires: conflict
!but&!for&pc&!and: conflict
!but&!for&pc&and: positive
!but&for&!so&!functions: neutral
!but&for&!so&functions: conflict
!but&for&so&!laptop: negative
!but&for&so&laptop: conflict
but&!than&!battery&!and: neutral
but&!than&!battery&and: positive
but&!than&battery&!a: negative
but&!than&battery&a: conflict
but&than&!it&!just: positive
but&than&!it&just: neutral
but&than&it&!is: positive
but&than&it&is: conflict
DecisionTree learned:
!but&!opted&!complain&!much: negative
!but&!opted&!complain&much: positive
!but&!opted&complain&!and: positive
!but&!opted&complain&and: conflict
!but&opted: conflict
but&!think&!mac&!warranty: positive
but&!think&!mac&warranty: neutral
but&!think&mac&!use: neutral
but&!think&mac&use: positive
but&think&!on: negative
but&think&on: neutral
DecisionTree learned:
!but&!after&!opted&!uses: positive
!but&!after&!opted&uses: neutral
!but&!after&opted: conflict
!but&after&!with&!price: neutral
!but&after&!with&price: positive
!but&after&with&!i: negative
!but&after&with&i: positive
but&!i&!windows&!difference: conflict
but&!i&!windows&difference: neutral
but&!i&windows&!so: neutral
but&!i&windows&so: neutral
but&i&!which&!ever: neutral
but&i&!which&ever: conflict
but&i&which&!so: conflict
but&i&which&so: positive
DecisionTree learned:
!but&!generally&!opted&!pc: positive
!but&!generally&!opted&pc: positive
!but&!generally&opted: conflict
!but&generally: conflict
but&!yes&!drive&!in: negative
but&!yes&!drive&in: neutral
but&!yes&drive&!to: neutral
but&!yes&drive&to: negative
but&yes&!and: conflict
but&yes&and&!make: positive
but&yes&and&make: positive
DecisionTree learned:
!but&!eee&!for&!laptops: negative
!but&!eee&!for&laptops: conflict
!but&!eee&for&!so: neutral
!but&!eee&for&so: negative
!but&eee: conflict
but&!this&!so&!outside: positive
but&!this&!so&outside: neutral
but&!this&so&!it: neutral
but&!this&so&it: conflict
but&this&!know&!x: negative
but&this&!know&x: neutral
but&this&know: conflict
DecisionTree learned:
!but&!eee&!much&!for: negative
!but&!eee&!much&for: neutral
!but&!eee&much&!of: positive
!but&!eee&much&of: neutral
!but&eee: conflict
but&!this&!so&!size: negative
but&!this&!so&size: neutral
but&!this&so&!old: neutral
but&!this&so&old: positive
but&this&!experience&!m: positive
but&this&!experience&m: neutral
but&this&experience&!so: conflict
but&this&experience&so: negative
DecisionTree learned:
!but&!opted&!much&!requires: negative
!but&!opted&!much&requires: conflict
!but&!opted&much&!i: positive
!but&!opted&much&i: neutral
!but&opted: conflict
but&!this&!has&!computer: conflict
but&!this&!has&computer: negative
but&!this&has&!it: positive
but&!this&has&it: conflict
but&this&!experience&!has: neutral
but&this&!experience&has: negative
but&this&experience&!so: conflict
but&this&experience&so: negative
DecisionTree learned:
!but&!much&!eee&!for: negative
!but&!much&!eee&for: neutral
!but&!much&eee: conflict
!but&much&!i&!pc: positive
!but&much&!i&pc: conflict
!but&much&i&!up: neutral
!but&much&i&up: conflict
but&!difference&!i&!windows: conflict
but&!difference&!i&windows: neutral
but&!difference&i&!inch: positive
but&!difference&i&inch: conflict
but&difference&!to: neutral
but&difference&to: neutral
DecisionTree learned:
!but&!acceptable&!requires&!generally: negative
!but&!acceptable&!requires&generally: conflict
!but&!acceptable&requires: conflict
!but&acceptable: conflict
but&!this&!so&!hard: negative
but&!this&!so&hard: neutral
but&!this&so&!graphics: neutral
but&!this&so&graphics: conflict
but&this&!experience&!m: positive
but&this&!experience&m: neutral
but&this&experience&!so: conflict
but&this&experience&so: negative
DecisionTree learned:
!but&!movie&!would&!after: positive
!but&!movie&!would&after: neutral
!but&!movie&would&!their: negative
!but&!movie&would&their: neutral
!but&movie&!just: neutral
!but&movie&just: neutral
but&!battery&!there&!especially: positive
but&!battery&!there&especially: neutral
but&!battery&there&!much: negative
but&!battery&there&much: positive
but&battery&!not&!have: negative
but&battery&!not&have: conflict
but&battery&not&!upgrade: negative
but&battery&not&upgrade: positive
DecisionTree learned:
!but&!acceptable&!opted&!much: negative
!but&!acceptable&!opted&much: positive
!but&!acceptable&opted: conflict
!but&acceptable: conflict
but&!email&!mac&!i: conflict
but&!email&!mac&i: negative
but&!email&mac&!more: neutral
but&!email&mac&more: positive
but&email&!to: neutral
but&email&to: neutral
DecisionTree learned:
!but&!acceptable&!opted&!long: neutral
!but&!acceptable&!opted&long: positive
!but&!acceptable&opted: conflict
!but&acceptable: conflict
but&!this&!so&!outside: positive
but&!this&!so&outside: neutral
but&!this&so&!it: neutral
but&!this&so&it: conflict
but&this&!know&!not: positive
but&this&!know&not: negative
but&this&know: conflict
DecisionTree learned:
!but&!much&!acceptable&!generally: negative
!but&!much&!acceptable&generally: conflict
!but&!much&acceptable: conflict
!but&much&!i&!out: positive
!but&much&!i&out: conflict
!but&much&i&!up: neutral
!but&much&i&up: conflict
but&!did&!be&!if: positive
but&!did&!be&if: neutral
but&!did&be&!will: negative
but&!did&be&will: positive
but&did&!in&!software: conflict
but&did&!in&software: neutral
but&did&in&!me: neutral
but&did&in&me: negative
DecisionTree learned:
!but&!movie&!complain&!ease: negative
!but&!movie&!complain&ease: positive
!but&!movie&complain&!and: positive
!but&!movie&complain&and: conflict
!but&movie&!just: neutral
!but&movie&just: neutral
but&!different&!with&!new: negative
but&!different&!with&new: neutral
but&!different&with&!extra: neutral
but&!different&with&extra: conflict
but&different&!to: conflict
but&different&to: conflict
DecisionTree learned:
!but&!complain&!and&!though: negative
!but&!complain&!and&though: conflict
!but&!complain&and&!sol: positive
!but&!complain&and&sol: conflict
!but&complain&!and: positive
!but&complain&and: conflict
but&!this&!so&!size: negative
but&!this&!so&size: neutral
but&!this&so&!graphics: neutral
but&!this&so&graphics: conflict
but&this&!features&!to: negative
but&this&!features&to: neutral
but&this&features: positive
DecisionTree learned:
!but&!long&!much&!opted: neutral
!but&!long&!much&opted: conflict
!but&!long&much&!i: positive
!but&!long&much&i: neutral
!but&long&!though&!battery: negative
!but&long&!though&battery: positive
!but&long&though: conflict
but&!the&!more&!it: neutral
but&!the&!more&it: conflict
but&!the&more&!is: conflict
but&!the&more&is: positive
but&the&!hard&!mac: positive
but&the&!hard&mac: neutral
but&the&hard&!you: neutral
but&the&hard&you: neutral
DecisionTree learned:
!but&!for&!eee&!laptops: negative
!but&!for&!eee&laptops: conflict
!but&!for&eee: conflict
!but&for&!so&!despite: neutral
!but&for&!so&despite: conflict
!but&for&so&!laptop: negative
!but&for&so&laptop: conflict
but&!so&!got&!gaming: negative
but&!so&!got&gaming: positive
but&!so&got: negative
but&so&!laptop&!features: conflict
but&so&!laptop&features: positive
but&so&laptop&!toshiba: neutral
but&so&laptop&toshiba: negative
DecisionTree learned:
!but&!generally&!my&!opted: positive
!but&!generally&!my&opted: conflict
!but&!generally&my&!laptop: neutral
!but&!generally&my&laptop: negative
!but&generally: conflict
but&!mac&!difference&!i: conflict
but&!mac&!difference&i: negative
but&!mac&difference&!to: neutral
but&!mac&difference&to: neutral
but&mac&!more&!use: neutral
but&mac&!more&use: positive
but&mac&more: positive
DecisionTree learned:
!but&!opted&!much&!eee: positive
!but&!opted&!much&eee: conflict
!but&!opted&much&!of: positive
!but&!opted&much&of: neutral
!but&opted: conflict
but&!web&!screen&!two: negative
but&!web&!screen&two: conflict
but&!web&screen&!the: conflict
but&!web&screen&the: negative
but&web&!just: neutral
but&web&just: neutral
DecisionTree learned:
!but&!complain&!much&!and: negative
!but&!complain&!much&and: positive
!but&!complain&much&!i: positive
!but&!complain&much&i: neutral
!but&complain&!and: positive
!but&complain&and: conflict
but&!this&!so&!that: negative
but&!this&!so&that: conflict
but&!this&so&!it: neutral
but&!this&so&it: conflict
but&this&!know&!features: negative
but&this&!know&features: positive
but&this&know: conflict
DecisionTree learned:
!but&!is&!my&!requires: negative
!but&!is&!my&requires: conflict
!but&!is&my&!so: neutral
!but&!is&my&so: conflict
!but&is&!expensive&!netbook: positive
!but&is&!expensive&netbook: neutral
!but&is&expensive&!so: conflict
!but&is&expensive&so: positive
but&!this&!mac&!difference: negative
but&!this&!mac&difference: neutral
but&!this&mac&!on: neutral
but&!this&mac&on: positive
but&this&!have&!to: positive
but&this&!have&to: neutral
but&this&have&!with: positive
but&this&have&with: negative
DecisionTree learned:
!but&!acceptable&!complain&!opted: negative
!but&!acceptable&!complain&opted: conflict
!but&!acceptable&complain&!and: positive
!but&!acceptable&complain&and: conflict
!but&acceptable: conflict
but&!size&!this&!screen: positive
but&!size&!this&screen: conflict
but&!size&this&!have: neutral
but&!size&this&have: positive
but&size&!and: neutral
but&size&and: neutral
DecisionTree learned:
!but&!for&!pc&!requires: negative
!but&!for&!pc&requires: conflict
!but&!for&pc&!and: conflict
!but&!for&pc&and: positive
!but&for&!so&!desktop: neutral
!but&for&!so&desktop: conflict
!but&for&so&!laptop: negative
!but&for&so&laptop: conflict
but&!this&!mac&!hard: negative
but&!this&!mac&hard: neutral
but&!this&mac&!bit: positive
but&!this&mac&bit: neutral
but&this&!m&!a: negative
but&this&!m&a: positive
but&this&m&!a: negative
but&this&m&a: neutral
Trial 0 Training cc.mallet.classify.AdaBoostM2Trainer@49ff0dde finished
Trial 0 Trainer cc.mallet.classify.AdaBoostM2Trainer@49ff0dde test data accuracy = 0.5050709939148073

NaiveBayesTrainer
Summary. test accuracy mean = 0.6105476673427992 stddev = 0.0 stderr = 0.0

MaxEntTrainer,gaussianPriorVariance=1.0
Summary. test accuracy mean = 0.640973630831643 stddev = 0.0 stderr = 0.0

cc.mallet.classify.DecisionTreeTrainer@38b5dac4
Summary. test accuracy mean = 0.513184584178499 stddev = 0.0 stderr = 0.0

cc.mallet.classify.AdaBoostM2Trainer@49ff0dde
Summary. test accuracy mean = 0.5050709939148073 stddev = 0.0 stderr = 0.0
