
-------------------- Trial 0  --------------------

Trial 0 Training NaiveBayesTrainer with 1865 instances
Trial 0 Training NaiveBayesTrainer finished
Trial 0 Trainer NaiveBayesTrainer test data accuracy = 0.6206896551724138
Trial 0 Training MaxEntTrainer,gaussianPriorVariance=1.0 with 1865 instances
Trial 0 Training MaxEntTrainer,gaussianPriorVariance=1.0 finished
Trial 0 Trainer MaxEntTrainer,gaussianPriorVariance=1.0 test data accuracy = 0.6531440162271805
Trial 0 Training cc.mallet.classify.DecisionTreeTrainer@2b2d96f2 with 1865 instances
DecisionTree learned:
!great&!easy&!but&!fast: negative
!great&!easy&!but&fast: positive
!great&!easy&but&!x: negative
!great&!easy&but&x: neutral
!great&easy&!one&!of: positive
!great&easy&!one&of: positive
!great&easy&one&!is: conflict
!great&easy&one&is: neutral
great&!had&!but&!lack: positive
great&!had&!but&lack: negative
great&!had&but&!intensifier: positive
great&!had&but&intensifier: negative
great&had&!it: negative
great&had&it: negative
Trial 0 Training cc.mallet.classify.DecisionTreeTrainer@2b2d96f2 finished
Trial 0 Trainer cc.mallet.classify.DecisionTreeTrainer@2b2d96f2 test data accuracy = 0.513184584178499
Trial 0 Training cc.mallet.classify.AdaBoostM2Trainer@73901437 with 1865 instances
DecisionTree learned:
!but&!great&!easy&!movie: negative
!but&!great&!easy&movie: neutral
!but&!great&easy&!go: positive
!but&!great&easy&go: neutral
!but&great&!had&!lack: positive
!but&great&!had&lack: negative
!but&great&had&!it: negative
!but&great&had&it: positive
but&!mac&!be&!the: conflict
but&!mac&!be&the: negative
but&!mac&be&!which: negative
but&!mac&be&which: positive
but&mac&!its&!bit: positive
but&mac&!its&bit: neutral
but&mac&its&!intensifier: neutral
but&mac&its&intensifier: neutral
DecisionTree learned:
!great&!but&!easy&!fast: negative
!great&!but&!easy&fast: positive
!great&!but&easy&!already: positive
!great&!but&easy&already: neutral
!great&but&!mac&!x: negative
!great&but&!mac&x: neutral
!great&but&mac&!have: positive
!great&but&mac&have: negative
great&!had&!but&!lack: positive
great&!had&!but&lack: negative
great&!had&but&!is: negative
great&!had&but&is: positive
great&had&!it: negative
great&had&it: negative
DecisionTree learned:
!but&!great&!love&!and: negative
!but&!great&!love&and: positive
!but&!great&love&!size: positive
!but&!great&love&size: positive
!but&great&!had&!lack: positive
!but&great&!had&lack: negative
!but&great&had&!it: negative
!but&great&had&it: negative
but&!got&!mac&!this: negative
but&!got&!mac&this: negative
but&!got&mac&!its: positive
but&!got&mac&its: neutral
but&got&!so: negative
but&got&so: positive
DecisionTree learned:
!but&!easy&!great&!not: positive
!but&!easy&!great&not: negative
!but&!easy&great&!had: positive
!but&!easy&great&had: negative
!but&easy&!go&!already: positive
!but&easy&!go&already: neutral
!but&easy&go&!is: neutral
!but&easy&go&is: neutral
but&!mac&!x&!there: negative
but&!mac&!x&there: negative
but&!mac&x&!is: neutral
but&!mac&x&is: positive
but&mac&!system&!so: positive
but&mac&!system&so: neutral
but&mac&system&!is: negative
but&mac&system&is: neutral
DecisionTree learned:
!but&!fast&!keynote&!great: negative
!but&!fast&!keynote&great: positive
!but&!fast&keynote: neutral
!but&fast&!one&!if: positive
!but&fast&!one&if: positive
!but&fast&one: neutral
but&!well&!got&!x: negative
but&!well&!got&x: neutral
but&!well&got: negative
but&well&!so&!is: positive
but&well&!so&is: positive
but&well&so&!the: neutral
but&well&so&the: positive
DecisionTree learned:
!but&!great&!good&!love: negative
!but&!great&!good&love: positive
!but&!great&good&!at: positive
!but&!great&good&at: neutral
!but&great&!had&!nearly: positive
!but&great&!had&nearly: neutral
!but&great&had&!and: negative
!but&great&had&and: negative
but&!mac&!x&!think: negative
but&!mac&!x&think: neutral
but&!mac&x&!is: neutral
but&!mac&x&is: positive
but&mac&!system&!bit: positive
but&mac&!system&bit: neutral
but&mac&system&!is: negative
but&mac&system&is: neutral
DecisionTree learned:
!but&!fast&!for&!easy: negative
!but&!fast&!for&easy: positive
!but&!fast&for&!to: positive
!but&!fast&for&to: negative
!but&fast&!one&!if: positive
!but&fast&!one&if: positive
!but&fast&one: neutral
but&!new&!difference&!this: negative
but&!new&!difference&this: negative
but&!new&difference&!is: neutral
but&!new&difference&is: neutral
but&new&!was&!when: neutral
but&new&!was&when: neutral
but&new&was&!i: negative
but&new&was&i: positive
DecisionTree learned:
!but&!back&!movie&!and: negative
!but&!back&!movie&and: positive
!but&!back&movie&!just: neutral
!but&!back&movie&just: neutral
!but&back&!and&!toshiba: negative
!but&back&!and&toshiba: positive
!but&back&and&!a: neutral
!but&back&and&a: negative
but&!mac&!got&!hard: negative
but&!mac&!got&hard: neutral
but&!mac&got&!so: negative
but&!mac&got&so: positive
but&mac&!more&!use: neutral
but&mac&!more&use: positive
but&mac&more: positive
DecisionTree learned:
!but&!complain&!not&!for: positive
!but&!complain&!not&for: positive
!but&!complain&not&!apple: negative
!but&!complain&not&apple: positive
!but&complain&!and: positive
!but&complain&and: conflict
but&!mac&!got&!this: negative
but&!mac&!got&this: negative
but&!mac&got&!so: negative
but&!mac&got&so: positive
but&mac&!more&!have: positive
but&mac&!more&have: negative
but&mac&more: positive
DecisionTree learned:
!but&!fast&!good&!love: negative
!but&!fast&!good&love: positive
!but&!fast&good&!at: positive
!but&!fast&good&at: neutral
!but&fast&!if&!one: positive
!but&fast&!if&one: neutral
!but&fast&if: neutral
but&!yes&!so&!in: negative
but&!yes&!so&in: negative
but&!yes&so&!laptop: conflict
but&!yes&so&laptop: neutral
but&yes&!it: positive
but&yes&it&!than: conflict
but&yes&it&than: positive
DecisionTree learned:
!but&!great&!easy&!awesome: negative
!but&!great&!easy&awesome: positive
!but&!great&easy&!go: positive
!but&!great&easy&go: neutral
!but&great&!had&!nearly: positive
!but&great&!had&nearly: neutral
!but&great&had&!it: negative
!but&great&had&it: negative
but&!this&!so&!and: negative
but&!this&!so&and: positive
but&!this&so&!it: neutral
but&!this&so&it: conflict
but&this&!features&!know: negative
but&this&!features&know: conflict
but&this&features: positive
DecisionTree learned:
!but&!great&!movie&!i: negative
!but&!great&!movie&i: neutral
!but&!great&movie&!just: neutral
!but&!great&movie&just: neutral
!but&great&!had&!nearly: positive
!but&great&!had&nearly: neutral
!but&great&had&!it: negative
!but&great&had&it: negative
but&!yes&!new&!this: negative
but&!yes&!new&this: negative
but&!yes&new&!had: neutral
but&!yes&new&had: positive
but&yes&!and: conflict
but&yes&and&!make: positive
but&yes&and&make: positive
DecisionTree learned:
!but&!fast&!would&!for: positive
!but&!fast&!would&for: positive
!but&!fast&would&!i: negative
!but&!fast&would&i: negative
!but&fast&!one&!if: positive
!but&fast&!one&if: neutral
!but&fast&one: neutral
but&!so&!the&!windows: conflict
but&!so&!the&windows: neutral
but&!so&the&!did: negative
but&!so&the&did: neutral
but&so&!it&!of: neutral
but&so&!it&of: positive
but&so&it&!works: conflict
but&so&it&works: conflict
DecisionTree learned:
!but&!and&!awesome&!price: negative
!but&!and&!awesome&price: positive
!but&!and&awesome: positive
!but&and&!i&!were: positive
!but&and&!i&were: negative
!but&and&i&!complain: neutral
!but&and&i&complain: conflict
but&!be&!new&!think: negative
but&!be&!new&think: neutral
but&!be&new&!when: neutral
but&!be&new&when: neutral
but&be&!which&!more: negative
but&be&!which&more: positive
but&be&which&!just: conflict
but&be&which&just: positive
DecisionTree learned:
!but&!love&!movie&!fast: negative
!but&!love&!movie&fast: positive
!but&!love&movie&!just: neutral
!but&!love&movie&just: neutral
!but&love&!size&!program: positive
!but&love&!size&program: positive
!but&love&size&!my: neutral
!but&love&size&my: positive
but&!mac&!this&!so: negative
but&!mac&!this&so: conflict
but&!mac&this&!know: negative
but&!mac&this&know: conflict
but&mac&!had&!up: neutral
but&mac&!had&up: positive
but&mac&had&!and: negative
but&mac&had&and: positive
DecisionTree learned:
!but&!had&!not&!good: positive
!but&!had&!not&good: positive
!but&!had&not&!pc: negative
!but&!had&not&pc: positive
!but&had&!a&!up: negative
!but&had&!a&up: positive
!but&had&a&!and: positive
!but&had&a&and: neutral
but&!this&!so&!has: negative
but&!this&!so&has: conflict
but&!this&so&!old: neutral
but&!this&so&old: positive
but&this&!has&!with: positive
but&this&!has&with: negative
but&this&has&!toshiba: negative
but&this&has&toshiba: negative
DecisionTree learned:
!but&!great&!much&!easy: negative
!but&!great&!much&easy: positive
!but&!great&much&!of: positive
!but&!great&much&of: neutral
!but&great&!for&!had: positive
!but&great&!for&had: negative
!but&great&for&!works: positive
!but&great&for&works: neutral
but&!this&!so&!hard: negative
but&!this&!so&hard: neutral
but&!this&so&!laptop: conflict
but&!this&so&laptop: neutral
but&this&!x&!that: positive
but&this&!x&that: negative
but&this&x: neutral
DecisionTree learned:
!but&!good&!much&!for: negative
!but&!good&!much&for: neutral
!but&!good&much&!i: positive
!but&!good&much&i: neutral
!but&good&!at&!that: positive
!but&good&!at&that: negative
!but&good&at&!i: positive
!but&good&at&i: neutral
but&!difference&!well&!got: negative
but&!difference&!well&got: negative
but&!difference&well&!as: positive
but&!difference&well&as: neutral
but&difference&!is: neutral
but&difference&is: neutral
DecisionTree learned:
!but&!for&!much&!speed: negative
!but&!for&!much&speed: positive
!but&!for&much&!laptops: positive
!but&!for&much&laptops: conflict
!but&for&!so&!in: neutral
!but&for&!so&in: negative
!but&for&so&!laptop: negative
!but&for&so&laptop: conflict
but&!this&!so&!difference: negative
but&!this&!so&difference: neutral
but&!this&so&!it: neutral
but&!this&so&it: conflict
but&this&!know&!features: neutral
but&this&!know&features: positive
but&this&know: conflict
DecisionTree learned:
!but&!uses&!very&!complain: negative
!but&!uses&!very&complain: conflict
!but&!uses&very&!do: positive
!but&!uses&very&do: negative
!but&uses&!intensifier: neutral
!but&uses&intensifier: conflict
but&!this&!so&!the: conflict
but&!this&!so&the: negative
but&!this&so&!laptop: conflict
but&!this&so&laptop: neutral
but&this&!computer&!you: negative
but&this&!computer&you: neutral
but&this&computer&!that: negative
but&this&computer&that: conflict
DecisionTree learned:
!but&!uses&!after&!i: positive
!but&!uses&!after&i: neutral
!but&!uses&after&!with: negative
!but&!uses&after&with: negative
!but&uses&!intensifier: neutral
!but&uses&intensifier: conflict
but&!did&!mac&!if: negative
but&!did&!mac&if: neutral
but&!did&mac&!bit: positive
but&!did&mac&bit: neutral
but&did&!on&!for: negative
but&did&!on&for: neutral
but&did&on: neutral
DecisionTree learned:
!but&!and&!not&!laptops: negative
!but&!and&!not&laptops: conflict
!but&!and&not&!programs: negative
!but&!and&not&programs: neutral
!but&and&!complain&!i: positive
!but&and&!complain&i: neutral
!but&and&complain: conflict
but&!this&!mac&!difference: negative
but&!this&!mac&difference: neutral
but&!this&mac&!system: positive
but&!this&mac&system: neutral
but&this&!computer&!features: neutral
but&this&!computer&features: positive
but&this&computer&!that: negative
but&this&computer&that: conflict
DecisionTree learned:
!but&!not&!for&!much: positive
!but&!not&!for&much: positive
!but&!not&for&!office: positive
!but&!not&for&office: neutral
!but&not&!apple&!because: negative
!but&not&!apple&because: negative
!but&not&apple: positive
but&!mac&!this&!so: negative
but&!mac&!this&so: conflict
but&!mac&this&!know: neutral
but&!mac&this&know: conflict
but&mac&!more&!up: neutral
but&mac&!more&up: positive
but&mac&more: positive
DecisionTree learned:
!but&!fast&!for&!requires: negative
!but&!fast&!for&requires: conflict
!but&!fast&for&!so: neutral
!but&!fast&for&so: negative
!but&fast&!with: positive
!but&fast&with&!just: positive
!but&fast&with&just: neutral
but&!new&!on&!windows: positive
but&!new&!on&windows: neutral
but&!new&on&!i: conflict
but&!new&on&i: neutral
but&new&!with&!software: neutral
but&new&!with&software: negative
but&new&with&!just: neutral
but&new&with&just: neutral
DecisionTree learned:
!but&!bars&!complain&!and: negative
!but&!bars&!complain&and: positive
!but&!bars&complain&!and: positive
!but&!bars&complain&and: conflict
!but&bars: conflict
but&!standard&!drive&!new: negative
but&!standard&!drive&new: neutral
but&!standard&drive&!to: neutral
but&!standard&drive&to: negative
but&standard: conflict
DecisionTree learned:
!but&!and&!laptops&!is: neutral
!but&!and&!laptops&is: negative
!but&!and&laptops&!much: negative
!but&!and&laptops&much: conflict
!but&and&!i&!were: positive
!but&and&!i&were: negative
!but&and&i&!complain: neutral
!but&and&i&complain: conflict
but&!this&!so&!in: negative
but&!this&!so&in: positive
but&!this&so&!it: neutral
but&!this&so&it: conflict
but&this&!x&!a: negative
but&this&!x&a: neutral
but&this&x: neutral
DecisionTree learned:
!but&!amazing&!pc&!for: negative
!but&!amazing&!pc&for: neutral
!but&!amazing&pc&!users: positive
!but&!amazing&pc&users: neutral
!but&amazing: positive
but&!mac&!web&!screen: negative
but&!mac&!web&screen: conflict
but&!mac&web: neutral
but&mac&!more&!up: neutral
but&mac&!more&up: positive
but&mac&more: positive
DecisionTree learned:
!but&!for&!good&!pc: negative
!but&!for&!good&pc: positive
!but&!for&good&!working: positive
!but&!for&good&working: negative
!but&for&!so&!to: positive
!but&for&!so&to: neutral
!but&for&so&!laptop: negative
!but&for&so&laptop: conflict
but&!if&!hard&!mac: negative
but&!if&!hard&mac: positive
but&!if&hard&!it: neutral
but&!if&hard&it: conflict
but&if&!to: negative
but&if&to: neutral
DecisionTree learned:
!but&!very&!love&!then: negative
!but&!very&!love&then: negative
!but&!very&love&!size: positive
!but&!very&love&size: neutral
!but&very&!functions&!frustrating: positive
!but&very&!functions&frustrating: negative
!but&very&functions: conflict
but&!processing&!this&!so: negative
but&!processing&!this&so: neutral
but&!processing&this&!has: positive
but&!processing&this&has: negative
but&processing: neutral
DecisionTree learned:
!but&!after&!had&!not: positive
!but&!after&!had&not: negative
!but&!after&had&!to: negative
!but&!after&had&to: negative
!but&after&!with&!just: neutral
!but&after&!with&just: negative
!but&after&with&!i: negative
!but&after&with&i: positive
but&!this&!mac&!has: negative
but&!this&!mac&has: positive
but&!this&mac&!have: positive
but&!this&mac&have: negative
but&this&!know&!x: negative
but&this&!know&x: neutral
but&this&know: conflict
DecisionTree learned:
!but&!after&!would&!though: positive
!but&!after&!would&though: conflict
!but&!after&would&!i: negative
!but&!after&would&i: negative
!but&after&!with&!what: negative
!but&after&!with&what: positive
!but&after&with&!i: negative
!but&after&with&i: positive
but&!did&!hard&!mac: positive
but&!did&!hard&mac: positive
but&!did&hard&!it: neutral
but&!did&hard&it: conflict
but&did&!in&!intensifier: conflict
but&did&!in&intensifier: neutral
but&did&in&!me: neutral
but&did&in&me: negative
DecisionTree learned:
!but&!much&!is&!for: negative
!but&!much&!is&for: neutral
!but&!much&is&!not: positive
!but&!much&is&not: negative
!but&much&!i&!out: positive
!but&much&!i&out: conflict
!but&much&i&!up: neutral
!but&much&i&up: conflict
but&!mac&!this&!so: negative
but&!mac&!this&so: conflict
but&!mac&this&!experience: positive
but&!mac&this&experience: negative
but&mac&!system&!up: neutral
but&mac&!system&up: positive
but&mac&system&!is: negative
but&mac&system&is: neutral
DecisionTree learned:
!but&!uses&!very&!ease: negative
!but&!uses&!very&ease: positive
!but&!uses&very&!pcs: positive
!but&!uses&very&pcs: negative
!but&uses&!intensifier: neutral
!but&uses&intensifier: conflict
but&!mac&!i&!windows: conflict
but&!mac&!i&windows: neutral
but&!mac&i&!which: positive
but&!mac&i&which: conflict
but&mac&!have&!more: neutral
but&mac&!have&more: positive
but&mac&have: negative
DecisionTree learned:
!but&!requires&!for&!pc: negative
!but&!requires&!for&pc: positive
!but&!requires&for&!so: neutral
!but&!requires&for&so: negative
!but&requires: conflict
but&!got&!mac&!repair: positive
but&!got&!mac&repair: negative
but&!got&mac&!up: positive
but&!got&mac&up: positive
but&got&!so: negative
but&got&so: positive
DecisionTree learned:
!but&!complain&!and&!though: negative
!but&!complain&!and&though: conflict
!but&!complain&and&!i: positive
!but&!complain&and&i: neutral
!but&complain&!and: positive
!but&complain&and: conflict
but&!difference&!this&!so: negative
but&!difference&!this&so: neutral
but&!difference&this&!have: neutral
but&!difference&this&have: positive
but&difference&!is: neutral
but&difference&is: neutral
DecisionTree learned:
!but&!pc&!after&!not: positive
!but&!pc&!after&not: negative
!but&!pc&after&!sales: neutral
!but&!pc&after&sales: positive
!but&pc&!users&!hp: positive
!but&pc&!users&hp: conflict
!but&pc&users: neutral
but&!this&!so&!two: negative
but&!this&!so&two: conflict
but&!this&so&!it: neutral
but&!this&so&it: conflict
but&this&!experience&!features: neutral
but&this&!experience&features: positive
but&this&experience&!intensifier: conflict
but&this&experience&intensifier: negative
DecisionTree learned:
!but&!opted&!much&!generally: positive
!but&!opted&!much&generally: conflict
!but&!opted&much&!i: positive
!but&!opted&much&i: neutral
!but&opted: conflict
but&!standard&!yes&!there: negative
but&!standard&!yes&there: negative
but&!standard&yes&!and: conflict
but&!standard&yes&and: positive
but&standard: conflict
DecisionTree learned:
!but&!love&!uses&!get: positive
!but&!love&!uses&get: negative
!but&!love&uses&!intensifier: neutral
!but&!love&uses&intensifier: conflict
!but&love&!size&!over: positive
!but&love&!size&over: negative
!but&love&size&!my: neutral
!but&love&size&my: positive
but&!the&!another&!intensifier: conflict
but&!the&!another&intensifier: neutral
but&!the&another: neutral
but&the&!hard&!like: negative
but&the&!hard&like: positive
but&the&hard&!you: neutral
but&the&hard&you: neutral
DecisionTree learned:
!but&!complain&!and&!though: negative
!but&!complain&!and&though: conflict
!but&!complain&and&!warranty: positive
!but&!complain&and&warranty: neutral
!but&complain&!and: positive
!but&complain&and: conflict
but&!this&!so&!difference: negative
but&!this&!so&difference: neutral
but&!this&so&!it: neutral
but&!this&so&it: conflict
but&this&!m&!experience: positive
but&this&!m&experience: negative
but&this&m&!a: negative
but&this&m&a: negative
DecisionTree learned:
!but&!pc&!for&!requires: negative
!but&!pc&!for&requires: conflict
!but&!pc&for&!desktop: neutral
!but&!pc&for&desktop: conflict
!but&pc&!users&!and: positive
!but&pc&!users&and: positive
!but&pc&users: neutral
but&!this&!has&!quality: negative
but&!this&!has&quality: conflict
but&!this&has&!it: neutral
but&!this&has&it: conflict
but&this&!know&!x: negative
but&this&!know&x: neutral
but&this&know: conflict
DecisionTree learned:
!but&!much&!generally&!good: negative
!but&!much&!generally&good: positive
!but&!much&generally: conflict
!but&much&!of&!that: positive
!but&much&!of&that: conflict
!but&much&of&!not: negative
!but&much&of&not: neutral
but&!this&!screen&!mac: negative
but&!this&!screen&mac: positive
but&!this&screen&!email: conflict
but&!this&screen&email: neutral
but&this&!have&!to: positive
but&this&!have&to: neutral
but&this&have&!with: positive
but&this&have&with: negative
DecisionTree learned:
!but&!great&!ease&!much: negative
!but&!great&!ease&much: positive
!but&!great&ease: positive
!but&great&!pad&!nearly: positive
!but&great&!pad&nearly: neutral
!but&great&pad&!intensifier: neutral
!but&great&pad&intensifier: neutral
but&!i&!windows&!difference: conflict
but&!i&!windows&difference: neutral
but&!i&windows&!intensifier: neutral
but&!i&windows&intensifier: neutral
but&i&!which&!got: positive
but&i&!which&got: negative
but&i&which&!so: conflict
but&i&which&so: positive
DecisionTree learned:
!but&!complain&!and&!next: negative
!but&!complain&!and&next: neutral
!but&!complain&and&!warranty: positive
!but&!complain&and&warranty: neutral
!but&complain&!and: positive
!but&complain&and: conflict
but&!repair&!new&!difference: negative
but&!repair&!new&difference: neutral
but&!repair&new&!when: neutral
but&!repair&new&when: conflict
but&repair&!to&!toshiba: negative
but&repair&!to&toshiba: negative
but&repair&to: neutral
DecisionTree learned:
!but&!and&!laptops&!opted: negative
!but&!and&!laptops&opted: conflict
!but&!and&laptops&!much: negative
!but&!and&laptops&much: conflict
!but&and&!back&!complain: positive
!but&and&!back&complain: conflict
!but&and&back&!a: neutral
!but&and&back&a: negative
but&!outside&!well&!web: negative
but&!outside&!well&web: neutral
but&!outside&well&!so: positive
but&!outside&well&so: neutral
but&outside&!intensifier: neutral
but&outside&intensifier: neutral
DecisionTree learned:
!but&!uses&!after&!i: positive
!but&!uses&!after&i: neutral
!but&!uses&after&!with: negative
!but&!uses&after&with: negative
!but&uses&!intensifier: neutral
!but&uses&intensifier: conflict
but&!if&!did&!size: positive
but&!if&!did&size: neutral
but&!if&did&!in: conflict
but&!if&did&in: neutral
but&if&!to&!mac: negative
but&if&!to&mac: positive
but&if&to: neutral
DecisionTree learned:
!but&!bars&!for&!much: negative
!but&!bars&!for&much: positive
!but&!bars&for&!so: neutral
!but&!bars&for&so: negative
!but&bars: conflict
but&!new&!more&!the: conflict
but&!new&!more&the: negative
but&!new&more&!and: conflict
but&!new&more&and: positive
but&new&!when&!old: neutral
but&new&!when&old: positive
but&new&when&!intensifier: negative
but&new&when&intensifier: neutral
DecisionTree learned:
!but&!much&!requires&!for: negative
!but&!much&!requires&for: neutral
!but&!much&requires: conflict
!but&much&!of&!laptops: positive
!but&much&!of&laptops: conflict
!but&much&of&!than: neutral
!but&much&of&than: positive
but&!mac&!hard&!did: negative
but&!mac&!hard&did: neutral
but&!mac&hard&!the: conflict
but&!mac&hard&the: neutral
but&mac&!have&!use: positive
but&mac&!have&use: positive
but&mac&have: negative
DecisionTree learned:
!but&!requires&!for&!pc: negative
!but&!requires&!for&pc: positive
!but&!requires&for&!so: neutral
!but&!requires&for&so: conflict
!but&requires: conflict
but&!outside&!hard&!if: positive
but&!outside&!hard&if: neutral
but&!outside&hard&!was: neutral
but&!outside&hard&was: negative
but&outside&!intensifier: neutral
but&outside&intensifier: neutral
DecisionTree learned:
!but&!requires&!for&!bars: negative
!but&!requires&!for&bars: conflict
!but&!requires&for&!so: neutral
!but&!requires&for&so: negative
!but&requires: conflict
but&!mac&!if&!did: negative
but&!mac&!if&did: neutral
but&!mac&if&!to: negative
but&!mac&if&to: neutral
but&mac&!more&!up: neutral
but&mac&!more&up: positive
but&mac&more: positive
DecisionTree learned:
!but&!long&!opted&!complain: negative
!but&!long&!opted&complain: conflict
!but&!long&opted: conflict
!but&long&!though&!life: positive
!but&long&!though&life: positive
!but&long&though: conflict
but&!this&!outside&!mac: negative
but&!this&!outside&mac: neutral
but&!this&outside&!intensifier: neutral
but&!this&outside&intensifier: neutral
but&this&!x&!that: positive
but&this&!x&that: neutral
but&this&x: neutral
DecisionTree learned:
!but&!generally&!safari&!much: negative
!but&!generally&!safari&much: positive
!but&!generally&safari: neutral
!but&generally: conflict
but&!difference&!hard&!i: negative
but&!difference&!hard&i: positive
but&!difference&hard&!the: conflict
but&!difference&hard&the: neutral
but&difference&!is: neutral
but&difference&is: neutral
DecisionTree learned:
!but&!generally&!pc&!opted: negative
!but&!generally&!pc&opted: conflict
!but&!generally&pc&!users: positive
!but&!generally&pc&users: neutral
!but&generally: conflict
but&!this&!outside&!mac: conflict
but&!this&!outside&mac: positive
but&!this&outside&!intensifier: neutral
but&!this&outside&intensifier: neutral
but&this&!features&!to: negative
but&this&!features&to: neutral
but&this&features: positive
DecisionTree learned:
!but&!much&!easy&!generally: negative
!but&!much&!easy&generally: conflict
!but&!much&easy&!intensifier: positive
!but&!much&easy&intensifier: positive
!but&much&!of&!that: positive
!but&much&!of&that: conflict
!but&much&of&!not: negative
!but&much&of&not: neutral
but&!hard&!i&!windows: conflict
but&!hard&!i&windows: neutral
but&!hard&i&!inch: positive
but&!hard&i&inch: conflict
but&hard&!was&!you: neutral
but&hard&!was&you: neutral
but&hard&was&!intensifier: negative
but&hard&was&intensifier: conflict
DecisionTree learned:
!but&!much&!generally&!bars: negative
!but&!much&!generally&bars: conflict
!but&!much&generally: conflict
!but&much&!laptops&!out: positive
!but&much&!laptops&out: conflict
!but&much&laptops&!and: conflict
!but&much&laptops&and: neutral
but&!i&!windows&!gb: conflict
but&!i&!windows&gb: neutral
but&!i&windows&!intensifier: neutral
but&!i&windows&intensifier: neutral
but&i&!which&!ever: negative
but&i&!which&ever: conflict
but&i&which&!so: conflict
but&i&which&so: positive
DecisionTree learned:
!but&!requires&!complain&!generally: negative
!but&!requires&!complain&generally: conflict
!but&!requires&complain&!and: positive
!but&!requires&complain&and: conflict
!but&requires: conflict
but&!web&!screen&!does: positive
but&!web&!screen&does: negative
but&!web&screen&!computer: conflict
but&!web&screen&computer: negative
but&web&!just: neutral
but&web&just: neutral
DecisionTree learned:
!but&!amazing&!though&!complain: negative
!but&!amazing&!though&complain: conflict
!but&!amazing&though&!of: conflict
!but&!amazing&though&of: neutral
!but&amazing: positive
but&!there&!like&!if: negative
but&!there&!like&if: neutral
but&!there&like&!in: negative
but&!there&like&in: positive
but&there&!to&!much: negative
but&there&!to&much: positive
but&there&to&!with: neutral
but&there&to&with: neutral
DecisionTree learned:
!but&!for&!pc&!against: negative
!but&!for&!pc&against: conflict
!but&!for&pc&!and: conflict
!but&!for&pc&and: positive
!but&for&!so&!despite: neutral
!but&for&!so&despite: conflict
!but&for&so&!laptop: negative
!but&for&so&laptop: conflict
but&!this&!so&!only: positive
but&!this&!so&only: conflict
but&!this&so&!old: neutral
but&!this&so&old: positive
but&this&!has&!with: positive
but&this&!has&with: negative
but&this&has&!toshiba: negative
but&this&has&toshiba: negative
DecisionTree learned:
!but&!bars&!much&!opted: negative
!but&!bars&!much&opted: conflict
!but&!bars&much&!i: positive
!but&!bars&much&i: neutral
!but&bars: conflict
but&!mac&!i&!windows: negative
but&!mac&!i&windows: neutral
but&!mac&i&!which: negative
but&!mac&i&which: conflict
but&mac&!bit&!pc: positive
but&mac&!bit&pc: positive
but&mac&bit: neutral
DecisionTree learned:
!but&!much&!requires&!bars: negative
!but&!much&!requires&bars: conflict
!but&!much&requires: conflict
!but&much&!i&!out: positive
!but&much&!i&out: conflict
!but&much&i&!it: neutral
!but&much&i&it: conflict
but&!new&!more&!be: negative
but&!new&!more&be: negative
but&!new&more&!software: positive
but&!new&more&software: conflict
but&new&!with&!software: neutral
but&new&!with&software: negative
but&new&with&!just: neutral
but&new&with&just: neutral
DecisionTree learned:
!but&!much&!uses&!requires: negative
!but&!much&!uses&requires: conflict
!but&!much&uses&!intensifier: neutral
!but&!much&uses&intensifier: conflict
!but&much&!i&!out: positive
!but&much&!i&out: conflict
!but&much&i&!up: neutral
!but&much&i&up: conflict
but&!nothing&!mac&!i: conflict
but&!nothing&!mac&i: negative
but&!nothing&mac&!have: neutral
but&!nothing&mac&have: negative
but&nothing: negative
DecisionTree learned:
!but&!opted&!bars&!generally: positive
!but&!opted&!bars&generally: conflict
!but&!opted&bars: conflict
!but&opted: conflict
but&!difference&!mac&!i: negative
but&!difference&!mac&i: negative
but&!difference&mac&!up: neutral
but&!difference&mac&up: positive
but&difference&!is: neutral
but&difference&is: neutral
DecisionTree learned:
!but&!much&!opted&!requires: negative
!but&!much&!opted&requires: conflict
!but&!much&opted: conflict
!but&much&!i&!out: positive
!but&much&!i&out: conflict
!but&much&i&!up: neutral
!but&much&i&up: conflict
but&!did&!hard&!well: negative
but&!did&!hard&well: positive
but&!did&hard&!it: neutral
but&!did&hard&it: conflict
but&did&!on&!for: conflict
but&did&!on&for: neutral
but&did&on: neutral
DecisionTree learned:
!but&!requires&!for&!get: negative
!but&!requires&!for&get: negative
!but&!requires&for&!so: neutral
!but&!requires&for&so: negative
!but&requires: conflict
but&!mac&!web&!screen: negative
but&!mac&!web&screen: conflict
but&!mac&web&!just: neutral
but&!mac&web&just: positive
but&mac&!had&!very: neutral
but&mac&!had&very: positive
but&mac&had&!and: negative
but&mac&had&and: positive
DecisionTree learned:
!but&!and&!though&!opted: negative
!but&!and&!though&opted: conflict
!but&!and&though&!can: conflict
!but&!and&though&can: positive
!but&and&!complain&!warranty: positive
!but&and&!complain&warranty: neutral
!but&and&complain: conflict
but&!drive&!new&!especially: positive
but&!drive&!new&especially: neutral
but&!drive&new&!when: neutral
but&!drive&new&when: neutral
but&drive&!to&!intensifier: neutral
but&drive&!to&intensifier: neutral
but&drive&to: negative
DecisionTree learned:
!but&!generally&!bars&!long: negative
!but&!generally&!bars&long: positive
!but&!generally&bars: conflict
!but&generally: conflict
but&!i&!difference&!mac: conflict
but&!i&!difference&mac: neutral
but&!i&difference&!is: neutral
but&!i&difference&is: neutral
but&i&!which&!on: negative
but&i&!which&on: neutral
but&i&which&!so: conflict
but&i&which&so: positive
DecisionTree learned:
!but&!complain&!and&!opted: negative
!but&!complain&!and&opted: conflict
!but&!complain&and&!i: positive
!but&!complain&and&i: neutral
!but&complain&!and: positive
!but&complain&and: conflict
but&!this&!so&!difference: negative
but&!this&!so&difference: neutral
but&!this&so&!old: neutral
but&!this&so&old: positive
but&this&!have&!to: negative
but&this&!have&to: neutral
but&this&have&!know: negative
but&this&have&know: conflict
DecisionTree learned:
!but&!though&!generally&!complain: positive
!but&!though&!generally&complain: conflict
!but&!though&generally: conflict
!but&though&!would&!it: neutral
!but&though&!would&it: conflict
!but&though&would&!is: negative
!but&though&would&is: negative
but&!like&!were&!a: positive
but&!like&!were&a: neutral
but&!like&were&!have: neutral
but&!like&were&have: negative
but&like&!windows&!it: positive
but&like&!windows&it: positive
but&like&windows: neutral
DecisionTree learned:
!but&!opted&!much&!get: negative
!but&!opted&!much&get: negative
!but&!opted&much&!i: positive
!but&!opted&much&i: neutral
!but&opted: conflict
but&!processing&!mac&!this: negative
but&!processing&!mac&this: negative
but&!processing&mac&!up: neutral
but&!processing&mac&up: positive
but&processing: neutral
DecisionTree learned:
!but&!opted&!complain&!and: negative
!but&!opted&!complain&and: positive
!but&!opted&complain&!and: positive
!but&!opted&complain&and: conflict
!but&opted: conflict
but&!gaming&!well&!need: negative
but&!gaming&!well&need: positive
but&!gaming&well&!so: positive
but&!gaming&well&so: neutral
but&gaming&!is: positive
but&gaming&is: conflict
DecisionTree learned:
!but&!uses&!long&!complain: negative
!but&!uses&!long&complain: conflict
!but&!uses&long&!though: positive
!but&!uses&long&though: conflict
!but&uses&!intensifier: neutral
!but&uses&intensifier: conflict
but&!difference&!this&!mac: negative
but&!difference&!this&mac: neutral
but&!difference&this&!know: negative
but&!difference&this&know: conflict
but&difference&!is: neutral
but&difference&is: neutral
DecisionTree learned:
!but&!requires&!bars&!for: negative
!but&!requires&!bars&for: neutral
!but&!requires&bars: conflict
!but&requires: conflict
but&!mac&!web&!screen: negative
but&!mac&!web&screen: conflict
but&!mac&web: neutral
but&mac&!bit&!you: positive
but&mac&!bit&you: neutral
but&mac&bit: neutral
DecisionTree learned:
!but&!opted&!firefox&!movie: negative
!but&!opted&!firefox&movie: neutral
!but&!opted&firefox: neutral
!but&opted: conflict
but&!repair&!laptop&!hard: positive
but&!repair&!laptop&hard: neutral
but&!repair&laptop&!a: positive
but&!repair&laptop&a: neutral
but&repair&!to&!toshiba: negative
but&repair&!to&toshiba: negative
but&repair&to: neutral
DecisionTree learned:
!but&!requires&!after&!firefox: positive
!but&!requires&!after&firefox: neutral
!but&!requires&after&!with: neutral
!but&!requires&after&with: negative
!but&requires: conflict
but&!size&!this&!screen: positive
but&!size&!this&screen: conflict
but&!size&this&!know: negative
but&!size&this&know: conflict
but&size&!i: neutral
but&size&i: neutral
DecisionTree learned:
!but&!much&!easy&!to: positive
!but&!much&!easy&to: negative
!but&!much&easy&!for: positive
!but&!much&easy&for: positive
!but&much&!i&!easier: negative
!but&much&!i&easier: positive
!but&much&i&!it: neutral
!but&much&i&it: conflict
but&!be&!difference&!if: positive
but&!be&!difference&if: neutral
but&!be&difference&!is: neutral
but&!be&difference&is: neutral
but&be&!with&!and: negative
but&be&!with&and: negative
but&be&with&!mac: negative
but&be&with&mac: positive
DecisionTree learned:
!but&!generally&!opted&!much: negative
!but&!generally&!opted&much: positive
!but&!generally&opted: conflict
!but&generally: conflict
but&!be&!nothing&!repair: positive
but&!be&!nothing&repair: negative
but&!be&nothing: negative
but&be&!with&!and: negative
but&be&!with&and: negative
but&be&with&!mac: negative
but&be&with&mac: positive
DecisionTree learned:
!but&!much&!uses&!opted: negative
!but&!much&!uses&opted: conflict
!but&!much&uses&!intensifier: neutral
!but&!much&uses&intensifier: conflict
!but&much&!i&!out: positive
!but&much&!i&out: conflict
!but&much&i&!up: neutral
!but&much&i&up: conflict
but&!be&!the&!it: neutral
but&!be&!the&it: conflict
but&!be&the&!they: positive
but&!be&the&they: negative
but&be&!with&!and: negative
but&be&!with&and: negative
but&be&with&!would: negative
but&be&with&would: negative
DecisionTree learned:
!but&!uses&!requires&!much: positive
!but&!uses&!requires&much: positive
!but&!uses&requires: conflict
!but&uses&!intensifier: neutral
!but&uses&intensifier: conflict
but&!size&!this&!so: negative
but&!size&!this&so: conflict
but&!size&this&!know: negative
but&!size&this&know: conflict
but&size&!i: neutral
but&size&i: neutral
DecisionTree learned:
!but&!though&!generally&!uses: negative
!but&!though&!generally&uses: neutral
!but&!though&generally: conflict
!but&though&!would&!it: positive
!but&though&!would&it: conflict
!but&though&would&!is: negative
!but&though&would&is: negative
but&!size&!think&!new: negative
but&!size&!think&new: neutral
but&!size&think&!on: negative
but&!size&think&on: neutral
but&size&!and: neutral
but&size&and: neutral
DecisionTree learned:
!but&!after&!acceptable&!bars: positive
!but&!after&!acceptable&bars: conflict
!but&!after&acceptable: conflict
!but&after&!sales&!with: neutral
!but&after&!sales&with: negative
!but&after&sales&!so: positive
!but&after&sales&so: positive
but&!web&!screen&!standard: negative
but&!web&!screen&standard: conflict
but&!web&screen&!and: conflict
but&!web&screen&and: negative
but&web&!just: neutral
but&web&just: positive
DecisionTree learned:
!but&!complain&!and&!laptops: negative
!but&!complain&!and&laptops: conflict
!but&!complain&and&!back: positive
!but&!complain&and&back: neutral
!but&complain&!and: positive
!but&complain&and: conflict
but&!new&!difference&!i: conflict
but&!new&!difference&i: negative
but&!new&difference&!is: neutral
but&!new&difference&is: neutral
but&new&!when&!software: neutral
but&new&!when&software: negative
but&new&when&!intensifier: negative
but&new&when&intensifier: neutral
DecisionTree learned:
!but&!much&!complain&!and: negative
!but&!much&!complain&and: positive
!but&!much&complain&!and: positive
!but&!much&complain&and: conflict
!but&much&!i&!out: positive
!but&much&!i&out: conflict
!but&much&i&!up: neutral
!but&much&i&up: conflict
but&!mac&!yes&!in: negative
but&!mac&!yes&in: neutral
but&!mac&yes&!is: positive
but&!mac&yes&is: conflict
but&mac&!up&!it: positive
but&mac&!up&it: neutral
but&mac&up: positive
DecisionTree learned:
!but&!acceptable&!generally&!much: negative
!but&!acceptable&!generally&much: positive
!but&!acceptable&generally: conflict
!but&acceptable: conflict
but&!this&!so&!only: positive
but&!this&!so&only: conflict
but&!this&so&!it: neutral
but&!this&so&it: conflict
but&this&!has&!with: positive
but&this&!has&with: negative
but&this&has&!toshiba: negative
but&this&has&toshiba: negative
DecisionTree learned:
!but&!generally&!pc&!requires: negative
!but&!generally&!pc&requires: conflict
!but&!generally&pc&!users: positive
!but&!generally&pc&users: neutral
!but&generally: conflict
but&!this&!outside&!laptop: conflict
but&!this&!outside&laptop: neutral
but&!this&outside&!intensifier: neutral
but&!this&outside&intensifier: neutral
but&this&!have&!to: positive
but&this&!have&to: neutral
but&this&have&!with: positive
but&this&have&with: negative
DecisionTree learned:
!but&!bars&!for&!requires: negative
!but&!bars&!for&requires: conflict
!but&!bars&for&!so: neutral
!but&!bars&for&so: conflict
!but&bars: conflict
but&!gb&!difference&!if: positive
but&!gb&!difference&if: neutral
but&!gb&difference&!is: neutral
but&!gb&difference&is: neutral
but&gb&!just: neutral
but&gb&just: neutral
DecisionTree learned:
!but&!and&!laptops&!is: neutral
!but&!and&!laptops&is: negative
!but&!and&laptops&!much: neutral
!but&!and&laptops&much: conflict
!but&and&!back&!complain: positive
!but&and&!back&complain: conflict
!but&and&back&!laptop: neutral
!but&and&back&laptop: negative
but&!battery&!standard&!gaming: positive
but&!battery&!standard&gaming: positive
but&!battery&standard: conflict
but&battery&!have&!of: negative
but&battery&!have&of: conflict
but&battery&have&!to: conflict
but&battery&have&to: conflict
DecisionTree learned:
!but&!generally&!much&!other: negative
!but&!generally&!much&other: neutral
!but&!generally&much&!i: positive
!but&!generally&much&i: neutral
!but&generally: conflict
but&!mac&!better&!repair: positive
but&!mac&!better&repair: negative
but&!mac&better&!with: conflict
but&!mac&better&with: negative
but&mac&!more&!a: neutral
but&mac&!more&a: neutral
but&mac&more: positive
DecisionTree learned:
!but&!much&!opted&!requires: negative
!but&!much&!opted&requires: conflict
!but&!much&opted: conflict
!but&much&!of&!laptops: positive
!but&much&!of&laptops: conflict
!but&much&of&!not: negative
!but&much&of&not: neutral
but&!hard&!well&!difference: negative
but&!hard&!well&difference: neutral
but&!hard&well&!as: positive
but&!hard&well&as: neutral
but&hard&!the: conflict
but&hard&the&!you: neutral
but&hard&the&you: neutral
DecisionTree learned:
!but&!much&!requires&!for: negative
!but&!much&!requires&for: neutral
!but&!much&requires: conflict
!but&much&!of&!laptops: positive
!but&much&!of&laptops: conflict
!but&much&of&!not: negative
!but&much&of&not: neutral
but&!this&!hard&!laptop: conflict
but&!this&!hard&laptop: neutral
but&!this&hard&!n: neutral
but&!this&hard&n: conflict
but&this&!have&!to: negative
but&this&!have&to: neutral
but&this&have&!with: positive
but&this&have&with: negative
DecisionTree learned:
!but&!uses&!though&!bars: positive
!but&!uses&!though&bars: conflict
!but&!uses&though&!would: conflict
!but&!uses&though&would: negative
!but&uses&!intensifier: neutral
!but&uses&intensifier: conflict
but&!did&!mac&!hard: positive
but&!did&!mac&hard: neutral
but&!did&mac&!have: neutral
but&!did&mac&have: negative
but&did&!have&!would: neutral
but&did&!have&would: negative
but&did&have: conflict
DecisionTree learned:
!but&!much&!get&!and: negative
!but&!much&!get&and: positive
!but&!much&get&!am: negative
!but&!much&get&am: conflict
!but&much&!i&!out: positive
!but&much&!i&out: conflict
!but&much&i&!up: neutral
!but&much&i&up: conflict
but&!yes&!most&!features: negative
but&!yes&!most&features: positive
but&!yes&most&!just: positive
but&!yes&most&just: positive
but&yes&!it: positive
but&yes&it&!than: conflict
but&yes&it&than: positive
DecisionTree learned:
!but&!after&!pc&!for: negative
!but&!after&!pc&for: neutral
!but&!after&pc&!hp: positive
!but&!after&pc&hp: conflict
!but&after&!with&!apart: negative
!but&after&!with&apart: neutral
!but&after&with&!i: negative
!but&after&with&i: positive
but&!battery&!did&!needed: positive
but&!battery&!did&needed: neutral
but&!battery&did&!be: neutral
but&!battery&did&be: conflict
but&battery&!have&!of: negative
but&battery&!have&of: conflict
but&battery&have&!to: conflict
but&battery&have&to: conflict
DecisionTree learned:
!but&!for&!pc&!requires: negative
!but&!for&!pc&requires: conflict
!but&!for&pc&!a: conflict
!but&!for&pc&a: positive
!but&for&!so&!despite: neutral
!but&for&!so&despite: conflict
!but&for&so&!laptop: negative
!but&for&so&laptop: conflict
but&!got&!mac&!hard: positive
but&!got&!mac&hard: neutral
but&!got&mac&!laptop: neutral
but&!got&mac&laptop: positive
but&got&!so: negative
but&got&so: positive
DecisionTree learned:
!but&!love&!much&!uses: negative
!but&!love&!much&uses: neutral
!but&!love&much&!i: positive
!but&!love&much&i: neutral
!but&love&!size&!program: positive
!but&love&!size&program: neutral
!but&love&size&!on: positive
!but&love&size&on: neutral
but&!this&!mac&!school: conflict
but&!this&!mac&school: neutral
but&!this&mac&!have: neutral
but&!this&mac&have: negative
but&this&!know&!x: negative
but&this&!know&x: neutral
but&this&know: conflict
DecisionTree learned:
!but&!for&!pc&!requires: negative
!but&!for&!pc&requires: conflict
!but&!for&pc&!and: conflict
!but&!for&pc&and: positive
!but&for&!so&!desktop: neutral
!but&for&!so&desktop: conflict
!but&for&so&!laptop: negative
!but&for&so&laptop: conflict
but&!size&!difference&!gb: positive
but&!size&!difference&gb: neutral
but&!size&difference&!is: neutral
but&!size&difference&is: neutral
but&size&!i: neutral
but&size&i: neutral
DecisionTree learned:
!but&!opted&!complain&!pc: negative
!but&!opted&!complain&pc: positive
!but&!opted&complain&!and: positive
!but&!opted&complain&and: conflict
!but&opted: conflict
but&!like&!there&!this: conflict
but&!like&!there&this: negative
but&!like&there&!much: negative
but&!like&there&much: positive
but&like&!the&!to: negative
but&like&!the&to: neutral
but&like&the&!is: positive
but&like&the&is: positive
DecisionTree learned:
!but&!acceptable&!bars&!much: negative
!but&!acceptable&!bars&much: positive
!but&!acceptable&bars: conflict
!but&acceptable: conflict
but&!be&!the&!it: neutral
but&!be&!the&it: conflict
but&!be&the&!on: positive
but&!be&the&on: neutral
but&be&!with&!and: negative
but&be&!with&and: negative
but&be&with&!would: neutral
but&be&with&would: negative
DecisionTree learned:
!but&!generally&!opted&!other: negative
!but&!generally&!opted&other: neutral
!but&!generally&opted: conflict
!but&generally: conflict
but&!this&!so&!size: negative
but&!this&!so&size: neutral
but&!this&so&!graphics: neutral
but&!this&so&graphics: conflict
but&this&!x&!m: positive
but&this&!x&m: negative
but&this&x: neutral
DecisionTree learned:
!but&!generally&!complain&!much: negative
!but&!generally&!complain&much: positive
!but&!generally&complain&!and: positive
!but&!generally&complain&and: conflict
!but&generally: conflict
but&!i&!difference&!gb: conflict
but&!i&!difference&gb: neutral
but&!i&difference&!is: neutral
but&!i&difference&is: neutral
but&i&!which&!on: negative
but&i&!which&on: neutral
but&i&which&!so: conflict
but&i&which&so: conflict
DecisionTree learned:
!but&!generally&!much&!complain: negative
!but&!generally&!much&complain: conflict
!but&!generally&much&!of: positive
!but&!generally&much&of: neutral
!but&generally: conflict
but&!well&!web&!screen: negative
but&!well&!web&screen: conflict
but&!well&web&!just: neutral
but&!well&web&just: positive
but&well&!as&!is: positive
but&well&!as&is: conflict
but&well&as&!i: positive
but&well&as&i: neutral
DecisionTree learned:
!but&!for&!pc&!they: negative
!but&!for&!pc&they: neutral
!but&!for&pc&!and: conflict
!but&!for&pc&and: positive
!but&for&!so&!in: neutral
!but&for&!so&in: negative
!but&for&so&!laptop: negative
!but&for&so&laptop: conflict
but&!mac&!better&!if: negative
but&!mac&!better&if: neutral
but&!mac&better&!with: conflict
but&!mac&better&with: negative
but&mac&!use&!and: neutral
but&mac&!use&and: neutral
but&mac&use: positive
Trial 0 Training cc.mallet.classify.AdaBoostM2Trainer@73901437 finished
Trial 0 Trainer cc.mallet.classify.AdaBoostM2Trainer@73901437 test data accuracy = 0.486815415821501

NaiveBayesTrainer
Summary. test accuracy mean = 0.6206896551724138 stddev = 0.0 stderr = 0.0

MaxEntTrainer,gaussianPriorVariance=1.0
Summary. test accuracy mean = 0.6531440162271805 stddev = 0.0 stderr = 0.0

cc.mallet.classify.DecisionTreeTrainer@2b2d96f2
Summary. test accuracy mean = 0.513184584178499 stddev = 0.0 stderr = 0.0

cc.mallet.classify.AdaBoostM2Trainer@73901437
Summary. test accuracy mean = 0.486815415821501 stddev = 0.0 stderr = 0.0
