
-------------------- Trial 0  --------------------

Trial 0 Training NaiveBayesTrainer with 1865 instances
Trial 0 Training NaiveBayesTrainer finished
Trial 0 Trainer NaiveBayesTrainer test data accuracy = 0.59026369168357
Trial 0 Training MaxEntTrainer,gaussianPriorVariance=1.0 with 1865 instances
Trial 0 Training MaxEntTrainer,gaussianPriorVariance=1.0 finished
Trial 0 Trainer MaxEntTrainer,gaussianPriorVariance=1.0 test data accuracy = 0.6369168356997972
Trial 0 Training cc.mallet.classify.DecisionTreeTrainer@2adb1d4 with 1865 instances
DecisionTree learned:
!great&!easy&!but&!fast: negative
!great&!easy&!but&fast: positive
!great&!easy&but&!x: negative
!great&!easy&but&x: neutral
!great&easy&!one&!of: positive
!great&easy&!one&of: positive
!great&easy&one&!is: conflict
!great&easy&one&is: neutral
great&!had&!but&!lack: positive
great&!had&!but&lack: negative
great&!had&but&!intensifier: positive
great&!had&but&intensifier: negative
great&had&!it: negative
great&had&it: negative
Trial 0 Training cc.mallet.classify.DecisionTreeTrainer@2adb1d4 finished
Trial 0 Trainer cc.mallet.classify.DecisionTreeTrainer@2adb1d4 test data accuracy = 0.513184584178499
Trial 0 Training cc.mallet.classify.AdaBoostM2Trainer@5464ea66 with 1865 instances
DecisionTree learned:
!great&!but&!easy&!and: negative
!great&!but&!easy&and: positive
!great&!but&easy&!go: positive
!great&!but&easy&go: neutral
!great&but&!mac&!x: negative
!great&but&!mac&x: neutral
!great&but&mac&!its: positive
!great&but&mac&its: neutral
great&!had&!but&!lack: positive
great&!had&!but&lack: negative
great&!had&but&!intensifier: positive
great&!had&but&intensifier: negative
great&had&!it: negative
great&had&it: negative
DecisionTree learned:
!but&!great&!easy&!movie: negative
!but&!great&!easy&movie: neutral
!but&!great&easy&!go: positive
!but&!great&easy&go: neutral
!but&great&!had&!lack: positive
!but&great&!had&lack: negative
!but&great&had&!it: negative
!but&great&had&it: positive
but&!mac&!another&!be: negative
but&!mac&!another&be: negative
but&!mac&another&!the: neutral
but&!mac&another&the: negative
but&mac&!system&!so: positive
but&mac&!system&so: neutral
but&mac&system&!is: negative
but&mac&system&is: neutral
DecisionTree learned:
!but&!great&!love&!fast: negative
!but&!great&!love&fast: positive
!but&!great&love&!windows: positive
!but&!great&love&windows: positive
!but&great&!had&!nearly: positive
!but&great&!had&nearly: neutral
!but&great&had&!it: negative
!but&great&had&it: positive
but&!got&!mac&!my: negative
but&!got&!mac&my: positive
but&!got&mac&!more: positive
but&!got&mac&more: positive
but&got&!so: negative
but&got&so: positive
DecisionTree learned:
!but&!great&!easy&!not: positive
!but&!great&!easy&not: negative
!but&!great&easy&!already: positive
!but&!great&easy&already: neutral
!but&great&!had&!lack: positive
!but&great&!had&lack: negative
!but&great&had&!it: negative
!but&great&had&it: negative
but&!got&!mac&!this: negative
but&!got&!mac&this: negative
but&!got&mac&!its: positive
but&!got&mac&its: neutral
but&got&!so: negative
but&got&so: positive
DecisionTree learned:
!but&!fast&!great&!love: negative
!but&!fast&!great&love: positive
!but&!fast&great&!had: positive
!but&!fast&great&had: negative
!but&fast&!one&!if: positive
!but&fast&!one&if: positive
!but&fast&one: neutral
but&!nothing&!so&!gb: negative
but&!nothing&!so&gb: neutral
but&!nothing&so&!laptop: conflict
but&!nothing&so&laptop: neutral
but&nothing: negative
DecisionTree learned:
!but&!great&!good&!love: negative
!but&!great&!good&love: positive
!but&!great&good&!at: positive
!but&!great&good&at: neutral
!but&great&!for&!had: positive
!but&great&!for&had: negative
!but&great&for&!is: positive
!but&great&for&is: positive
but&!got&!mac&!this: negative
but&!got&!mac&this: neutral
but&!got&mac&!bit: positive
but&!got&mac&bit: neutral
but&got&!so: negative
but&got&so: positive
DecisionTree learned:
!but&!easy&!fast&!for: negative
!but&!easy&!fast&for: neutral
!but&!easy&fast&!one: positive
!but&!easy&fast&one: neutral
!but&easy&!for&!one: positive
!but&easy&!for&one: neutral
!but&easy&for&!intensifier: positive
!but&easy&for&intensifier: positive
but&!mac&!be&!the: conflict
but&!mac&!be&the: negative
but&!mac&be&!with: negative
but&!mac&be&with: negative
but&mac&!bit&!you: positive
but&mac&!bit&you: neutral
but&mac&bit: neutral
DecisionTree learned:
!but&!movie&!fast&!not: positive
!but&!movie&!fast&not: negative
!but&!movie&fast&!one: positive
!but&!movie&fast&one: neutral
!but&movie&!just: neutral
!but&movie&just: neutral
but&!the&!and&!windows: conflict
but&!the&!and&windows: neutral
but&!the&and&!that: positive
but&!the&and&that: neutral
but&the&!mac&!hard: negative
but&the&!mac&hard: neutral
but&the&mac&!bit: positive
but&the&mac&bit: neutral
DecisionTree learned:
!but&!great&!movie&!good: negative
!but&!great&!movie&good: positive
!but&!great&movie&!just: neutral
!but&!great&movie&just: neutral
!but&great&!had&!pad: positive
!but&great&!had&pad: neutral
!but&great&had&!it: negative
!but&great&had&it: negative
but&!got&!mac&!x: negative
but&!got&!mac&x: neutral
but&!got&mac&!its: positive
but&!got&mac&its: neutral
but&got&!so: negative
but&got&so: positive
DecisionTree learned:
!but&!great&!and&!not: negative
!but&!great&!and&not: negative
!but&!great&and&!back: positive
!but&!great&and&back: negative
!but&great&!nearly&!had: positive
!but&great&!nearly&had: negative
!but&great&nearly&!is: neutral
!but&great&nearly&is: neutral
but&!mac&!this&!so: negative
but&!mac&!this&so: neutral
but&!mac&this&!know: neutral
but&!mac&this&know: conflict
but&mac&!have&!more: neutral
but&mac&!have&more: positive
but&mac&have: negative
DecisionTree learned:
!but&!good&!for&!much: negative
!but&!good&!for&much: positive
!but&!good&for&!in: neutral
!but&!good&for&in: negative
!but&good&!at&!games: positive
!but&good&!at&games: neutral
!but&good&at&!i: positive
!but&good&at&i: neutral
but&!be&!repair&!new: positive
but&!be&!repair&new: neutral
but&!be&repair&!to: negative
but&!be&repair&to: neutral
but&be&!with&!and: negative
but&be&!with&and: negative
but&be&with&!would: negative
but&be&with&would: negative
DecisionTree learned:
!but&!complain&!movie&!great: negative
!but&!complain&!movie&great: positive
!but&!complain&movie&!just: neutral
!but&!complain&movie&just: neutral
!but&complain&!and: positive
!but&complain&and: conflict
but&!mac&!gb&!in: negative
but&!mac&!gb&in: neutral
but&!mac&gb&!just: neutral
but&!mac&gb&just: neutral
but&mac&!more&!up: neutral
but&mac&!more&up: positive
but&mac&more: positive
DecisionTree learned:
!but&!i&!and&!pages: negative
!but&!i&!and&pages: neutral
!but&!i&and&!were: positive
!but&!i&and&were: negative
!but&i&!complain&!pc: neutral
!but&i&!complain&pc: positive
!but&i&complain: conflict
but&!yes&!so&!in: negative
but&!yes&!so&in: negative
but&!yes&so&!laptop: conflict
but&!yes&so&laptop: neutral
but&yes&!it: positive
but&yes&it&!than: conflict
but&yes&it&than: positive
DecisionTree learned:
!but&!easy&!then&!price: negative
!but&!easy&!then&price: positive
!but&!easy&then&!inside: negative
!but&!easy&then&inside: neutral
!but&easy&!for&!one: positive
!but&easy&!for&one: neutral
!but&easy&for&!intensifier: neutral
!but&easy&for&intensifier: positive
but&!well&!got&!think: negative
but&!well&!got&think: neutral
but&!well&got: negative
but&well&!so&!is: positive
but&well&!so&is: positive
but&well&so&!the: neutral
but&well&so&the: neutral
DecisionTree learned:
!but&!for&!good&!ease: negative
!but&!for&!good&ease: positive
!but&!for&good&!working: positive
!but&!for&good&working: negative
!but&for&!so&!to: positive
!but&for&!so&to: neutral
!but&for&so&!laptop: negative
!but&for&so&laptop: conflict
but&!yes&!there&!repair: positive
but&!yes&!there&repair: negative
but&!yes&there&!to: negative
but&!yes&there&to: neutral
but&yes&!and: conflict
but&yes&and&!make: positive
but&yes&and&make: positive
DecisionTree learned:
!but&!would&!for&!much: negative
!but&!would&!for&much: positive
!but&!would&for&!so: neutral
!but&!would&for&so: negative
!but&would&!buy&!box: negative
!but&would&!buy&box: neutral
!but&would&buy&!much: neutral
!but&would&buy&much: negative
but&!difference&!think&!new: negative
but&!difference&!think&new: neutral
but&!difference&think&!on: negative
but&!difference&think&on: neutral
but&difference&!is: neutral
but&difference&is: neutral
DecisionTree learned:
!but&!fast&!love&!after: positive
!but&!fast&!love&after: negative
!but&!fast&love&!size: positive
!but&!fast&love&size: neutral
!but&fast&!with: positive
!but&fast&with&!just: positive
!but&fast&with&just: neutral
but&!difference&!this&!so: negative
but&!difference&!this&so: neutral
but&!difference&this&!x: negative
but&!difference&this&x: neutral
but&difference&!is: neutral
but&difference&is: neutral
DecisionTree learned:
!but&!not&!for&!much: positive
!but&!not&!for&much: positive
!but&!not&for&!office: positive
!but&!not&for&office: neutral
!but&not&!other&!through: negative
!but&not&!other&through: neutral
!but&not&other&!it: positive
!but&not&other&it: conflict
but&!did&!got&!mac: negative
but&!did&!got&mac: positive
but&!did&got&!so: negative
but&!did&got&so: positive
but&did&!they&!a: neutral
but&did&!they&a: conflict
but&did&they&!bought: negative
but&did&they&bought: negative
DecisionTree learned:
!but&!fast&!after&!would: positive
!but&!fast&!after&would: negative
!but&!fast&after&!with: negative
!but&!fast&after&with: negative
!but&fast&!with: positive
!but&fast&with&!intensifier: positive
!but&fast&with&intensifier: positive
but&!so&!in&!windows: negative
but&!so&!in&windows: neutral
but&!so&in&!more: negative
but&!so&in&more: positive
but&so&!laptop&!i: neutral
but&so&!laptop&i: positive
but&so&laptop&!toshiba: neutral
but&so&laptop&toshiba: negative
DecisionTree learned:
!but&!i&!you&!and: negative
!but&!i&!you&and: positive
!but&!i&you&!or: neutral
!but&!i&you&or: neutral
!but&i&!complain&!pc: neutral
!but&i&!complain&pc: positive
!but&i&complain: conflict
but&!this&!so&!track: negative
but&!this&!so&track: neutral
but&!this&so&!old: neutral
but&!this&so&old: positive
but&this&!computer&!x: neutral
but&this&!computer&x: neutral
but&this&computer&!that: negative
but&this&computer&that: conflict
DecisionTree learned:
!but&!months&!for&!much: negative
!but&!months&!for&much: positive
!but&!months&for&!in: neutral
!but&!months&for&in: negative
!but&months&!of&!with: negative
!but&months&!of&with: neutral
!but&months&of&!after: negative
!but&months&of&after: neutral
but&!think&!difference&!features: negative
but&!think&!difference&features: positive
but&!think&difference&!is: neutral
but&!think&difference&is: neutral
but&think&!on: negative
but&think&on: neutral
DecisionTree learned:
!but&!easy&!much&!uses: negative
!but&!easy&!much&uses: neutral
!but&!easy&much&!of: positive
!but&!easy&much&of: neutral
!but&easy&!go&!for: positive
!but&easy&!go&for: positive
!but&easy&go&!is: neutral
!but&easy&go&is: neutral
but&!gb&!mac&!on: negative
but&!gb&!mac&on: neutral
but&!gb&mac&!have: positive
but&!gb&mac&have: negative
but&gb&!just: neutral
but&gb&just: neutral
DecisionTree learned:
!but&!against&!easy&!not: positive
!but&!against&!easy&not: negative
!but&!against&easy&!go: positive
!but&!against&easy&go: neutral
!but&against: conflict
but&!mac&!there&!like: negative
but&!mac&!there&like: positive
but&!mac&there&!to: negative
but&!mac&there&to: neutral
but&mac&!have&!more: neutral
but&mac&!have&more: positive
but&mac&have: negative
DecisionTree learned:
!but&!amazing&!love&!good: negative
!but&!amazing&!love&good: positive
!but&!amazing&love&!over: positive
!but&!amazing&love&over: negative
!but&amazing: positive
but&!mac&!the&!windows: conflict
but&!mac&!the&windows: neutral
but&!mac&the&!hard: negative
but&!mac&the&hard: neutral
but&mac&!more&!up: neutral
but&mac&!more&up: positive
but&mac&more: positive
DecisionTree learned:
!but&!much&!is&!love: negative
!but&!much&!is&love: positive
!but&!much&is&!not: positive
!but&!much&is&not: negative
!but&much&!i&!out: positive
!but&much&!i&out: conflict
!but&much&i&!up: neutral
!but&much&i&up: conflict
but&!this&!so&!screen: negative
but&!this&!so&screen: conflict
but&!this&so&!it: neutral
but&!this&so&it: conflict
but&this&!have&!to: positive
but&this&!have&to: neutral
but&this&have&!it: positive
but&this&have&it: negative
DecisionTree learned:
!but&!pc&!for&!requires: negative
!but&!pc&!for&requires: conflict
!but&!pc&for&!so: neutral
!but&!pc&for&so: negative
!but&pc&!users&!and: positive
!but&pc&!users&and: positive
!but&pc&users: neutral
but&!well&!need&!difference: negative
but&!well&!need&difference: neutral
but&!well&need&!software: positive
but&!well&need&software: positive
but&well&!it&!the: neutral
but&well&!it&the: positive
but&well&it&!is: positive
but&well&it&is: conflict
DecisionTree learned:
!but&!uses&!complain&!and: negative
!but&!uses&!complain&and: positive
!but&!uses&complain&!and: positive
!but&!uses&complain&and: conflict
!but&uses&!intensifier: neutral
!but&uses&intensifier: conflict
but&!size&!did&!be: positive
but&!size&!did&be: negative
but&!size&did&!on: negative
but&!size&did&on: neutral
but&size&!i: neutral
but&size&i: neutral
DecisionTree learned:
!but&!eee&!for&!requires: negative
!but&!eee&!for&requires: conflict
!but&!eee&for&!so: neutral
!but&!eee&for&so: negative
!but&eee: conflict
but&!this&!so&!and: negative
but&!this&!so&and: positive
but&!this&so&!old: neutral
but&!this&so&old: positive
but&this&!know&!x: negative
but&this&!know&x: neutral
but&this&know: conflict
DecisionTree learned:
!but&!and&!laptops&!not: negative
!but&!and&!laptops&not: negative
!but&!and&laptops&!much: negative
!but&!and&laptops&much: conflict
!but&and&!complain&!back: positive
!but&and&!complain&back: neutral
!but&and&complain: conflict
but&!mac&!this&!has: negative
but&!mac&!this&has: positive
but&!mac&this&!know: negative
but&!mac&this&know: conflict
but&mac&!system&!up: positive
but&mac&!system&up: positive
but&mac&system&!is: negative
but&mac&system&is: neutral
DecisionTree learned:
!but&!for&!pc&!ease: negative
!but&!for&!pc&ease: positive
!but&!for&pc&!and: conflict
!but&!for&pc&and: positive
!but&for&!so&!functions: neutral
!but&for&!so&functions: conflict
!but&for&so&!battery: negative
!but&for&so&battery: conflict
but&!this&!so&!size: negative
but&!this&!so&size: neutral
but&!this&so&!it: neutral
but&!this&so&it: conflict
but&this&!x&!ever: positive
but&this&!x&ever: negative
but&this&x: neutral
DecisionTree learned:
!but&!very&!then&!price: negative
!but&!very&!then&price: positive
!but&!very&then&!inside: negative
!but&!very&then&inside: neutral
!but&very&!functions&!frustrating: positive
!but&very&!functions&frustrating: negative
!but&very&functions: conflict
but&!difference&!this&!so: negative
but&!difference&!this&so: conflict
but&!difference&this&!know: negative
but&!difference&this&know: conflict
but&difference&!is: neutral
but&difference&is: neutral
DecisionTree learned:
!but&!much&!safari&!warranty: positive
!but&!much&!safari&warranty: neutral
!but&!much&safari: neutral
!but&much&!laptops&!i: positive
!but&much&!laptops&i: neutral
!but&much&laptops&!and: conflict
!but&much&laptops&and: neutral
but&!mac&!difference&!i: negative
but&!mac&!difference&i: positive
but&!mac&difference&!is: neutral
but&!mac&difference&is: neutral
but&mac&!laptop&!have: neutral
but&mac&!laptop&have: negative
but&mac&laptop: positive
DecisionTree learned:
!but&!had&!and&!not: negative
!but&!had&!and&not: negative
!but&!had&and&!complain: positive
!but&!had&and&complain: conflict
!but&had&!a&!set: negative
!but&had&!a&set: positive
!but&had&a&!and: positive
!but&had&a&and: neutral
but&!did&!hard&!laptop: positive
but&!did&!hard&laptop: neutral
but&!did&hard&!the: conflict
but&!did&hard&the: neutral
but&did&!on&!of: conflict
but&did&!on&of: neutral
but&did&on: neutral
DecisionTree learned:
!but&!complain&!and&!laptops: negative
!but&!complain&!and&laptops: conflict
!but&!complain&and&!i: positive
!but&!complain&and&i: neutral
!but&complain&!and: positive
!but&complain&and: conflict
but&!repair&!difference&!new: positive
but&!repair&!difference&new: neutral
but&!repair&difference&!is: neutral
but&!repair&difference&is: neutral
but&repair&!they: negative
but&repair&they&!to: neutral
but&repair&they&to: neutral
DecisionTree learned:
!but&!for&!pc&!requires: negative
!but&!for&!pc&requires: conflict
!but&!for&pc&!and: conflict
!but&!for&pc&and: positive
!but&for&!so&!despite: neutral
!but&for&!so&despite: conflict
!but&for&so&!battery: negative
!but&for&so&battery: conflict
but&!hard&!if&!did: positive
but&!hard&!if&did: neutral
but&!hard&if&!to: negative
but&!hard&if&to: neutral
but&hard&!the: conflict
but&hard&the&!you: neutral
but&hard&the&you: neutral
DecisionTree learned:
!but&!opted&!much&!very: negative
!but&!opted&!much&very: positive
!but&!opted&much&!i: positive
!but&!opted&much&i: neutral
!but&opted: conflict
but&!this&!mac&!and: conflict
but&!this&!mac&and: positive
but&!this&mac&!bit: positive
but&!this&mac&bit: neutral
but&this&!x&!a: negative
but&this&!x&a: neutral
but&this&x: neutral
DecisionTree learned:
!but&!opted&!pc&!for: negative
!but&!opted&!pc&for: neutral
!but&!opted&pc&!users: positive
!but&!opted&pc&users: neutral
!but&opted: conflict
but&!standard&!drive&!mac: negative
but&!standard&!drive&mac: positive
but&!standard&drive&!to: neutral
but&!standard&drive&to: negative
but&standard: conflict
DecisionTree learned:
!but&!safari&!complain&!generally: positive
!but&!safari&!complain&generally: conflict
!but&!safari&complain&!and: positive
!but&!safari&complain&and: conflict
!but&safari: neutral
but&!the&!intensifier&!needed: conflict
but&!the&!intensifier&needed: neutral
but&!the&intensifier&!that: conflict
but&!the&intensifier&that: neutral
but&the&!like&!mac: negative
but&the&!like&mac: positive
but&the&like&!is: positive
but&the&like&is: positive
DecisionTree learned:
!but&!after&!i&!much: positive
!but&!after&!i&much: positive
!but&!after&i&!complain: neutral
!but&!after&i&complain: conflict
!but&after&!with&!what: negative
!but&after&!with&what: positive
!but&after&with&!i: negative
!but&after&with&i: positive
but&!difference&!hard&!the: conflict
but&!difference&!hard&the: positive
but&!difference&hard&!you: neutral
but&!difference&hard&you: neutral
but&difference&!is: neutral
but&difference&is: neutral
DecisionTree learned:
!but&!after&!uses&!pc: positive
!but&!after&!uses&pc: positive
!but&!after&uses&!intensifier: neutral
!but&!after&uses&intensifier: conflict
!but&after&!with&!just: neutral
!but&after&!with&just: negative
!but&after&with&!i: negative
!but&after&with&i: positive
but&!this&!so&!difference: negative
but&!this&!so&difference: neutral
but&!this&so&!graphics: neutral
but&!this&so&graphics: conflict
but&this&!know&!has: neutral
but&this&!know&has: negative
but&this&know: conflict
DecisionTree learned:
!but&!for&!pc&!requires: negative
!but&!for&!pc&requires: conflict
!but&!for&pc&!users: positive
!but&!for&pc&users: neutral
!but&for&!so&!functions: neutral
!but&for&!so&functions: conflict
!but&for&so&!laptop: negative
!but&for&so&laptop: conflict
but&!this&!so&!outside: negative
but&!this&!so&outside: neutral
but&!this&so&!it: neutral
but&!this&so&it: conflict
but&this&!ever&!x: positive
but&this&!ever&x: neutral
but&this&ever&!so: conflict
but&this&ever&so: negative
DecisionTree learned:
!but&!generally&!after&!uses: positive
!but&!generally&!after&uses: neutral
!but&!generally&after&!warrenty: neutral
!but&!generally&after&warrenty: negative
!but&generally: conflict
but&!hard&!web&!screen: positive
but&!hard&!web&screen: conflict
but&!hard&web&!is: positive
but&!hard&web&is: neutral
but&hard&!it&!new: neutral
but&hard&!it&new: neutral
but&hard&it&!intensifier: positive
but&hard&it&intensifier: conflict
DecisionTree learned:
!but&!requires&!opted&!pc: negative
!but&!requires&!opted&pc: positive
!but&!requires&opted: conflict
!but&requires: conflict
but&!repair&!new&!in: negative
but&!repair&!new&in: positive
but&!repair&new&!when: neutral
but&!repair&new&when: conflict
but&repair&!they: negative
but&repair&they&!to: negative
but&repair&they&to: neutral
DecisionTree learned:
!but&!uses&!generally&!eee: positive
!but&!uses&!generally&eee: conflict
!but&!uses&generally: conflict
!but&uses&!intensifier: neutral
!but&uses&intensifier: conflict
but&!this&!there&!so: conflict
but&!this&!there&so: neutral
but&!this&there&!much: negative
but&!this&there&much: positive
but&this&!computer&!with: positive
but&this&!computer&with: neutral
but&this&computer&!that: negative
but&this&computer&that: conflict
DecisionTree learned:
!but&!awesome&!amazing&!much: negative
!but&!awesome&!amazing&much: positive
!but&!awesome&amazing: positive
!but&awesome&!so: positive
!but&awesome&so: neutral
but&!this&!has&!only: negative
but&!this&!has&only: conflict
but&!this&has&!it: neutral
but&!this&has&it: conflict
but&this&!know&!has: neutral
but&this&!know&has: negative
but&this&know: conflict
DecisionTree learned:
!but&!long&!requires&!much: negative
!but&!long&!requires&much: positive
!but&!long&requires: conflict
!but&long&!though&!last: positive
!but&long&!though&last: negative
!but&long&though: conflict
but&!this&!mac&!difference: negative
but&!this&!mac&difference: neutral
but&!this&mac&!have: neutral
but&!this&mac&have: negative
but&this&!know&!m: positive
but&this&!know&m: neutral
but&this&know: conflict
DecisionTree learned:
!but&!would&!and&!though: negative
!but&!would&!and&though: conflict
!but&!would&and&!i: positive
!but&!would&and&i: neutral
!but&would&!their&!wireless: negative
!but&would&!their&wireless: neutral
!but&would&their&!my: neutral
!but&would&their&my: negative
but&!mac&!drive&!difference: negative
but&!mac&!drive&difference: neutral
but&!mac&drive&!rather: negative
but&!mac&drive&rather: neutral
but&mac&!up&!it: positive
but&mac&!up&it: neutral
but&mac&up: positive
DecisionTree learned:
!but&!eee&!for&!requires: negative
!but&!eee&!for&requires: conflict
!but&!eee&for&!so: neutral
!but&!eee&for&so: negative
!but&eee: conflict
but&!mac&!i&!windows: negative
but&!mac&!i&windows: neutral
but&!mac&i&!which: positive
but&!mac&i&which: conflict
but&mac&!have&!very: neutral
but&mac&!have&very: positive
but&mac&have: negative
DecisionTree learned:
!but&!opted&!much&!generally: positive
!but&!opted&!much&generally: conflict
!but&!opted&much&!i: positive
!but&!opted&much&i: neutral
!but&opted: conflict
but&!this&!outside&!so: negative
but&!this&!outside&so: neutral
but&!this&outside&!intensifier: neutral
but&!this&outside&intensifier: neutral
but&this&!with&!has: positive
but&this&!with&has: negative
but&this&with&!for: negative
but&this&with&for: neutral
DecisionTree learned:
!but&!complain&!and&!laptops: negative
!but&!complain&!and&laptops: conflict
!but&!complain&and&!back: positive
!but&!complain&and&back: neutral
!but&complain&!and: positive
!but&complain&and: conflict
but&!gb&!this&!so: negative
but&!gb&!this&so: neutral
but&!gb&this&!did: positive
but&!gb&this&did: neutral
but&gb&!just: neutral
but&gb&just: neutral
DecisionTree learned:
!but&!is&!for&!requires: negative
!but&!is&!for&requires: conflict
!but&!is&for&!so: neutral
!but&!is&for&so: conflict
!but&is&!expensive&!not: positive
!but&is&!expensive&not: negative
!but&is&expensive&!so: conflict
!but&is&expensive&so: positive
but&!this&!mac&!better: negative
but&!this&!mac&better: conflict
but&!this&mac&!use: positive
but&!this&mac&use: positive
but&this&!have&!to: positive
but&this&!have&to: neutral
but&this&have&!with: positive
but&this&have&with: negative
DecisionTree learned:
!but&!for&!requires&!pc: negative
!but&!for&!requires&pc: positive
!but&!for&requires: conflict
!but&for&!so&!desktop: neutral
!but&for&!so&desktop: conflict
!but&for&so&!battery: negative
!but&for&so&battery: conflict
but&!this&!so&!track: positive
but&!this&!so&track: neutral
but&!this&so&!old: neutral
but&!this&so&old: positive
but&this&!with&!has: positive
but&this&!with&has: negative
but&this&with&!for: negative
but&this&with&for: neutral
DecisionTree learned:
!but&!love&!uses&!i: positive
!but&!love&!uses&i: neutral
!but&!love&uses&!intensifier: neutral
!but&!love&uses&intensifier: conflict
!but&love&!size&!program: positive
!but&love&!size&program: positive
!but&love&size&!my: neutral
!but&love&size&my: positive
but&!web&!screen&!did: negative
but&!web&!screen&did: neutral
but&!web&screen&!computer: conflict
but&!web&screen&computer: negative
but&web&!just: neutral
but&web&just: neutral
DecisionTree learned:
!but&!eee&!for&!laptops: negative
!but&!eee&!for&laptops: conflict
!but&!eee&for&!so: neutral
!but&!eee&for&so: negative
!but&eee: conflict
but&!still&!quality&!the: conflict
but&!still&!quality&the: positive
but&!still&quality&!and: conflict
but&!still&quality&and: positive
but&still&!of&!can: negative
but&still&!of&can: negative
but&still&of&!much: positive
but&still&of&much: negative
DecisionTree learned:
!but&!back&!and&!laptops: negative
!but&!back&!and&laptops: conflict
!but&!back&and&!complain: positive
!but&!back&and&complain: conflict
!but&back&!a&!and: negative
!but&back&!a&and: neutral
!but&back&a&!motherboard: negative
!but&back&a&motherboard: neutral
but&!hard&!more&!the: conflict
but&!hard&!more&the: positive
but&!hard&more&!than: positive
but&!hard&more&than: positive
but&hard&!was&!you: neutral
but&hard&!was&you: neutral
but&hard&was&!intensifier: negative
but&hard&was&intensifier: conflict
DecisionTree learned:
!but&!much&!for&!get: negative
!but&!much&!for&get: negative
!but&!much&for&!intensifier: neutral
!but&!much&for&intensifier: positive
!but&much&!i&!pc: positive
!but&much&!i&pc: conflict
!but&much&i&!up: neutral
!but&much&i&up: conflict
but&!this&!so&!outside: negative
but&!this&!so&outside: neutral
but&!this&so&!it: neutral
but&!this&so&it: conflict
but&this&!x&!had: negative
but&this&!x&had: neutral
but&this&x: neutral
DecisionTree learned:
!but&!generally&!requires&!much: positive
!but&!generally&!requires&much: positive
!but&!generally&requires: conflict
!but&generally: conflict
but&!yes&!mac&!web: negative
but&!yes&!mac&web: neutral
but&!yes&mac&!had: neutral
but&!yes&mac&had: positive
but&yes&!and: conflict
but&yes&and&!make: positive
but&yes&and&make: positive
DecisionTree learned:
!but&!complain&!much&!is: neutral
!but&!complain&!much&is: positive
!but&!complain&much&!i: positive
!but&!complain&much&i: neutral
!but&complain&!and: positive
!but&complain&and: conflict
but&!hard&!well&!web: negative
but&!hard&!well&web: neutral
but&!hard&well&!so: positive
but&!hard&well&so: neutral
but&hard&!the: conflict
but&hard&the&!new: neutral
but&hard&the&new: neutral
DecisionTree learned:
!but&!for&!eee&!they: positive
!but&!for&!eee&they: neutral
!but&!for&eee: conflict
!but&for&!so&!despite: neutral
!but&for&!so&despite: conflict
!but&for&so&!laptop: negative
!but&for&so&laptop: conflict
but&!this&!outside&!so: negative
but&!this&!outside&so: neutral
but&!this&outside&!intensifier: neutral
but&!this&outside&intensifier: neutral
but&this&!know&!features: neutral
but&this&!know&features: positive
but&this&know: conflict
DecisionTree learned:
!but&!complain&!generally&!much: negative
!but&!complain&!generally&much: positive
!but&!complain&generally: conflict
!but&complain&!and: positive
!but&complain&and: conflict
but&!drive&!mac&!there: positive
but&!drive&!mac&there: negative
but&!drive&mac&!have: positive
but&!drive&mac&have: negative
but&drive&!to&!intensifier: neutral
but&drive&!to&intensifier: neutral
but&drive&to: negative
DecisionTree learned:
!but&!eee&!for&!laptops: negative
!but&!eee&!for&laptops: conflict
!but&!eee&for&!so: neutral
!but&!eee&for&so: conflict
!but&eee: conflict
but&!this&!so&!size: positive
but&!this&!so&size: neutral
but&!this&so&!it: neutral
but&!this&so&it: conflict
but&this&!have&!to: negative
but&this&!have&to: neutral
but&this&have&!know: positive
but&this&have&know: conflict
DecisionTree learned:
!but&!generally&!opted&!much: positive
!but&!generally&!opted&much: positive
!but&!generally&opted: conflict
!but&generally: conflict
but&!this&!so&!in: negative
but&!this&!so&in: positive
but&!this&so&!old: neutral
but&!this&so&old: positive
but&this&!have&!to: positive
but&this&!have&to: neutral
but&this&have&!know: positive
but&this&have&know: conflict
DecisionTree learned:
!but&!generally&!much&!get: positive
!but&!generally&!much&get: negative
!but&!generally&much&!of: positive
!but&!generally&much&of: neutral
!but&generally: conflict
but&!this&!so&!two: positive
but&!this&!so&two: conflict
but&!this&so&!features: conflict
but&!this&so&features: positive
but&this&!know&!has: positive
but&this&!know&has: negative
but&this&know: conflict
DecisionTree learned:
!but&!uses&!much&!complain: negative
!but&!uses&!much&complain: conflict
!but&!uses&much&!i: positive
!but&!uses&much&i: neutral
!but&uses&!intensifier: neutral
!but&uses&intensifier: conflict
but&!this&!so&!windows: negative
but&!this&!so&windows: neutral
but&!this&so&!it: neutral
but&!this&so&it: conflict
but&this&!with&!did: positive
but&this&!with&did: neutral
but&this&with&!for: negative
but&this&with&for: neutral
DecisionTree learned:
!but&!requires&!for&!pc: negative
!but&!requires&!for&pc: positive
!but&!requires&for&!so: neutral
!but&!requires&for&so: conflict
!but&requires: conflict
but&!new&!i&!windows: conflict
but&!new&!i&windows: neutral
but&!new&i&!which: negative
but&!new&i&which: conflict
but&new&!with&!software: neutral
but&new&!with&software: negative
but&new&with&!just: neutral
but&new&with&just: neutral
DecisionTree learned:
!but&!uses&!would&!months: positive
!but&!uses&!would&months: negative
!but&!uses&would&!buy: negative
!but&!uses&would&buy: neutral
!but&uses&!intensifier: neutral
!but&uses&intensifier: conflict
but&!this&!and&!screen: negative
but&!this&!and&screen: conflict
but&!this&and&!than: positive
but&!this&and&than: conflict
but&this&!m&!x: positive
but&this&!m&x: neutral
but&this&m&!a: negative
but&this&m&a: neutral
DecisionTree learned:
!but&!generally&!opted&!much: negative
!but&!generally&!opted&much: positive
!but&!generally&opted: conflict
!but&generally: conflict
but&!this&!machine&!mac: negative
but&!this&!machine&mac: neutral
but&!this&machine: positive
but&this&!x&!that: positive
but&this&!x&that: negative
but&this&x: neutral
DecisionTree learned:
!but&!opted&!much&!eee: negative
!but&!opted&!much&eee: conflict
!but&!opted&much&!i: positive
!but&!opted&much&i: neutral
!but&opted: conflict
but&!this&!and&!screen: negative
but&!this&!and&screen: conflict
but&!this&and&!have: positive
but&!this&and&have: conflict
but&this&!had&!x: negative
but&this&!had&x: neutral
but&this&had&!is: neutral
but&this&had&is: conflict
DecisionTree learned:
!but&!uses&!much&!generally: negative
!but&!uses&!much&generally: conflict
!but&!uses&much&!of: positive
!but&!uses&much&of: neutral
!but&uses&!intensifier: neutral
!but&uses&intensifier: conflict
but&!mac&!this&!difference: negative
but&!mac&!this&difference: neutral
but&!mac&this&!have: neutral
but&!mac&this&have: positive
but&mac&!more&!very: neutral
but&mac&!more&very: positive
but&mac&more: positive
DecisionTree learned:
!but&!opted&!uses&!much: positive
!but&!opted&!uses&much: positive
!but&!opted&uses&!intensifier: neutral
!but&!opted&uses&intensifier: conflict
!but&opted: conflict
but&!if&!standard&!warranty: positive
but&!if&!standard&warranty: negative
but&!if&standard: conflict
but&if&!to: negative
but&if&to: neutral
DecisionTree learned:
!but&!much&!requires&!opted: positive
!but&!much&!requires&opted: conflict
!but&!much&requires: conflict
!but&much&!i&!out: positive
!but&much&!i&out: conflict
!but&much&i&!up: neutral
!but&much&i&up: conflict
but&!this&!mac&!machine: conflict
but&!this&!mac&machine: positive
but&!this&mac&!up: neutral
but&!this&mac&up: positive
but&this&!have&!to: positive
but&this&!have&to: neutral
but&this&have&!with: positive
but&this&have&with: negative
DecisionTree learned:
!but&!complain&!opted&!much: negative
!but&!complain&!opted&much: positive
!but&!complain&opted: conflict
!but&complain&!and: positive
!but&complain&and: conflict
but&!mac&!better&!the: conflict
but&!mac&!better&the: positive
but&!mac&better&!with: conflict
but&!mac&better&with: negative
but&mac&!up&!it: positive
but&mac&!up&it: neutral
but&mac&up: positive
DecisionTree learned:
!but&!long&!get&!uses: positive
!but&!long&!get&uses: neutral
!but&!long&get&!am: negative
!but&!long&get&am: conflict
!but&long&!though&!battery: negative
!but&long&!though&battery: positive
!but&long&though: conflict
but&!this&!so&!in: negative
but&!this&!so&in: positive
but&!this&so&!it: neutral
but&!this&so&it: conflict
but&this&!know&!x: negative
but&this&!know&x: neutral
but&this&know: conflict
DecisionTree learned:
!but&!eee&!for&!laptops: negative
!but&!eee&!for&laptops: conflict
!but&!eee&for&!programs: positive
!but&!eee&for&programs: neutral
!but&eee: conflict
but&!new&!more&!the: conflict
but&!new&!more&the: negative
but&!new&more&!and: conflict
but&!new&more&and: positive
but&new&!when&!software: neutral
but&new&!when&software: negative
but&new&when&!so: negative
but&new&when&so: neutral
DecisionTree learned:
!but&!requires&!for&!pc: negative
!but&!requires&!for&pc: positive
!but&!requires&for&!so: neutral
!but&!requires&for&so: negative
!but&requires: conflict
but&!this&!size&!screen: positive
but&!this&!size&screen: conflict
but&!this&size&!and: neutral
but&!this&size&and: neutral
but&this&!have&!to: neutral
but&this&!have&to: neutral
but&this&have&!know: positive
but&this&have&know: conflict
DecisionTree learned:
!but&!opted&!generally&!complain: negative
!but&!opted&!generally&complain: conflict
!but&!opted&generally: conflict
!but&opted: conflict
but&!hard&!web&!screen: positive
but&!hard&!web&screen: conflict
but&!hard&web&!just: neutral
but&!hard&web&just: positive
but&hard&!the: conflict
but&hard&the&!you: neutral
but&hard&the&you: neutral
DecisionTree learned:
!but&!generally&!much&!eee: negative
!but&!generally&!much&eee: conflict
!but&!generally&much&!i: positive
!but&!generally&much&i: neutral
!but&generally: conflict
but&!hard&!laptop&!mac: negative
but&!hard&!laptop&mac: neutral
but&!hard&laptop&!a: positive
but&!hard&laptop&a: neutral
but&hard&!was&!you: neutral
but&hard&!was&you: neutral
but&hard&was&!intensifier: negative
but&hard&was&intensifier: conflict
DecisionTree learned:
!but&!movie&!amazing&!much: negative
!but&!movie&!amazing&much: positive
!but&!movie&amazing: positive
!but&movie&!just: neutral
!but&movie&just: neutral
but&!mac&!i&!windows: negative
but&!mac&!i&windows: neutral
but&!mac&i&!which: positive
but&!mac&i&which: conflict
but&mac&!bit&!pc: positive
but&mac&!bit&pc: positive
but&mac&bit: neutral
DecisionTree learned:
!but&!very&!much&!generally: neutral
!but&!very&!much&generally: conflict
!but&!very&much&!of: positive
!but&!very&much&of: neutral
!but&very&!functions&!once: positive
!but&very&!functions&once: neutral
!but&very&functions: conflict
but&!i&!difference&!windows: conflict
but&!i&!difference&windows: neutral
but&!i&difference&!is: neutral
but&!i&difference&is: neutral
but&i&!which&!like: neutral
but&i&!which&like: positive
but&i&which&!so: conflict
but&i&which&so: positive
DecisionTree learned:
!but&!much&!generally&!complain: negative
!but&!much&!generally&complain: conflict
!but&!much&generally: conflict
!but&much&!i&!out: positive
!but&much&!i&out: conflict
!but&much&i&!up: neutral
!but&much&i&up: conflict
but&!hard&!so&!difference: negative
but&!hard&!so&difference: neutral
but&!hard&so&!laptop: conflict
but&!hard&so&laptop: neutral
but&hard&!the: conflict
but&hard&the&!you: neutral
but&hard&the&you: neutral
DecisionTree learned:
!but&!great&!much&!requires: negative
!but&!great&!much&requires: conflict
!but&!great&much&!i: positive
!but&!great&much&i: neutral
!but&great&!had&!nearly: positive
!but&great&!had&nearly: neutral
!but&great&had&!and: negative
!but&great&had&and: negative
but&!i&!windows&!difference: conflict
but&!i&!windows&difference: neutral
but&!i&windows&!so: neutral
but&!i&windows&so: neutral
but&i&!which&!on: positive
but&i&!which&on: neutral
but&i&which&!so: conflict
but&i&which&so: positive
DecisionTree learned:
!but&!eee&!for&!laptops: negative
!but&!eee&!for&laptops: conflict
!but&!eee&for&!so: neutral
!but&!eee&for&so: conflict
!but&eee: conflict
but&!size&!hard&!did: negative
but&!size&!hard&did: neutral
but&!size&hard&!the: conflict
but&!size&hard&the: neutral
but&size&!and: neutral
but&size&and: neutral
DecisionTree learned:
!but&!opted&!were&!uses: positive
!but&!opted&!were&uses: neutral
!but&!opted&were&!too: negative
!but&!opted&were&too: neutral
!but&opted: conflict
but&!web&!was&!laptop: negative
but&!web&!was&laptop: neutral
but&!web&was&!couple: negative
but&!web&was&couple: conflict
but&web&!just: neutral
but&web&just: neutral
DecisionTree learned:
!but&!long&!generally&!much: negative
!but&!long&!generally&much: positive
!but&!long&generally: conflict
!but&long&!though&!life: positive
!but&long&!though&life: positive
!but&long&though: conflict
but&!if&!difference&!mac: negative
but&!if&!difference&mac: neutral
but&!if&difference&!is: neutral
but&!if&difference&is: neutral
but&if&!to&!mac: negative
but&if&!to&mac: positive
but&if&to: neutral
DecisionTree learned:
!but&!much&!opted&!generally: negative
!but&!much&!opted&generally: conflict
!but&!much&opted: conflict
!but&much&!i&!pc: positive
!but&much&!i&pc: conflict
!but&much&i&!it: neutral
!but&much&i&it: conflict
but&!mac&!this&!better: negative
but&!mac&!this&better: conflict
but&!mac&this&!m: positive
but&!mac&this&m: negative
but&mac&!average&!intensifier: neutral
but&mac&!average&intensifier: positive
but&mac&average: positive
DecisionTree learned:
!but&!generally&!much&!opted: negative
!but&!generally&!much&opted: conflict
!but&!generally&much&!of: positive
!but&!generally&much&of: neutral
!but&generally: conflict
but&!this&!mac&!size: negative
but&!this&!mac&size: neutral
but&!this&mac&!have: neutral
but&!this&mac&have: negative
but&this&!m&!on: positive
but&this&!m&on: neutral
but&this&m&!a: negative
but&this&m&a: neutral
DecisionTree learned:
!but&!for&!eee&!laptops: negative
!but&!for&!eee&laptops: conflict
!but&!for&eee: conflict
!but&for&!so&!to: positive
!but&for&!so&to: neutral
!but&for&so&!laptop: negative
!but&for&so&laptop: conflict
but&!new&!in&!for: negative
but&!new&!in&for: neutral
but&!new&in&!did: positive
but&!new&in&did: neutral
but&new&!when&!some: neutral
but&new&!when&some: positive
but&new&when&!so: negative
but&new&when&so: neutral
DecisionTree learned:
!but&!acceptable&!much&!easy: negative
!but&!acceptable&!much&easy: positive
!but&!acceptable&much&!laptops: positive
!but&!acceptable&much&laptops: conflict
!but&acceptable: conflict
but&!than&!mac&!web: negative
but&!than&!mac&web: neutral
but&!than&mac&!used: positive
but&!than&mac&used: neutral
but&than&!it&!i: neutral
but&than&!it&i: positive
but&than&it&!to: positive
but&than&it&to: conflict
DecisionTree learned:
!but&!warranty&!months&!and: negative
!but&!warranty&!months&and: positive
!but&!warranty&months&!of: negative
!but&!warranty&months&of: neutral
!but&warranty&!all&!twice: neutral
!but&warranty&!all&twice: positive
!but&warranty&all&!so: negative
!but&warranty&all&so: conflict
but&!outside&!this&!was: positive
but&!outside&!this&was: negative
but&!outside&this&!know: positive
but&!outside&this&know: conflict
but&outside&!intensifier: neutral
but&outside&intensifier: neutral
DecisionTree learned:
!but&!pc&!for&!requires: negative
!but&!pc&!for&requires: conflict
!but&!pc&for&!so: neutral
!but&!pc&for&so: conflict
!but&pc&!and&!for: conflict
!but&pc&!and&for: positive
!but&pc&and&!to: neutral
!but&pc&and&to: positive
but&!this&!mac&!windows: positive
but&!this&!mac&windows: neutral
but&!this&mac&!have: positive
but&!this&mac&have: negative
but&this&!have&!caused: neutral
but&this&!have&caused: negative
but&this&have&!with: positive
but&this&have&with: negative
DecisionTree learned:
!but&!requires&!complain&!eee: positive
!but&!requires&!complain&eee: conflict
!but&!requires&complain&!and: positive
!but&!requires&complain&and: conflict
!but&requires: conflict
but&!new&!especially&!difference: negative
but&!new&!especially&difference: neutral
but&!new&especially&!i: neutral
but&!new&especially&i: neutral
but&new&!in&!software: positive
but&new&!in&software: negative
but&new&in&!so: negative
but&new&in&so: neutral
DecisionTree learned:
!but&!opted&!generally&!much: positive
!but&!opted&!generally&much: positive
!but&!opted&generally: conflict
!but&opted: conflict
but&!drive&!there&!m: positive
but&!drive&!there&m: neutral
but&!drive&there&!much: negative
but&!drive&there&much: positive
but&drive&!rather&!to: negative
but&drive&!rather&to: negative
but&drive&rather: neutral
DecisionTree learned:
!but&!complain&!acceptable&!much: negative
!but&!complain&!acceptable&much: positive
!but&!complain&acceptable: conflict
!but&complain&!and: positive
!but&complain&and: conflict
but&!if&!did&!web: positive
but&!if&!did&web: neutral
but&!if&did&!in: conflict
but&!if&did&in: neutral
but&if&!to: negative
but&if&to: neutral
DecisionTree learned:
!but&!complain&!generally&!though: negative
!but&!complain&!generally&though: conflict
!but&!complain&generally: conflict
!but&complain&!and: positive
!but&complain&and: conflict
but&!this&!has&!and: negative
but&!this&!has&and: positive
but&!this&has&!it: neutral
but&!this&has&it: conflict
but&this&!m&!ever: positive
but&this&!m&ever: negative
but&this&m&!a: negative
but&this&m&a: negative
DecisionTree learned:
!but&!requires&!for&!laptops: negative
!but&!requires&!for&laptops: conflict
!but&!requires&for&!so: neutral
!but&!requires&for&so: conflict
!but&requires: conflict
but&!repair&!new&!drive: positive
but&!repair&!new&drive: neutral
but&!repair&new&!with: neutral
but&!repair&new&with: neutral
but&repair&!to&!toshiba: negative
but&repair&!to&toshiba: negative
but&repair&to: neutral
DecisionTree learned:
!but&!opted&!eee&!requires: negative
!but&!opted&!eee&requires: conflict
!but&!opted&eee: conflict
!but&opted: conflict
but&!i&!windows&!difference: conflict
but&!i&!windows&difference: neutral
but&!i&windows&!be: neutral
but&!i&windows&be: negative
but&i&!which&!got: neutral
but&i&!which&got: negative
but&i&which&!so: conflict
but&i&which&so: conflict
DecisionTree learned:
!but&!uses&!eee&!much: negative
!but&!uses&!eee&much: positive
!but&!uses&eee: conflict
!but&uses&!intensifier: neutral
!but&uses&intensifier: conflict
but&!hard&!overall&!i: conflict
but&!hard&!overall&i: positive
but&!hard&overall&!to: neutral
but&!hard&overall&to: neutral
but&hard&!it&!new: neutral
but&hard&!it&new: neutral
but&hard&it&!intensifier: negative
but&hard&it&intensifier: conflict
DecisionTree learned:
!but&!much&!is&!for: negative
!but&!much&!is&for: neutral
!but&!much&is&!not: positive
!but&!much&is&not: negative
!but&much&!i&!easier: negative
!but&much&!i&easier: positive
!but&much&i&!up: neutral
!but&much&i&up: conflict
but&!this&!size&!screen: positive
but&!this&!size&screen: conflict
but&!this&size&!and: neutral
but&!this&size&and: neutral
but&this&!know&!has: positive
but&this&!know&has: negative
but&this&know: conflict
DecisionTree learned:
!but&!eee&!for&!requires: negative
!but&!eee&!for&requires: conflict
!but&!eee&for&!so: neutral
!but&!eee&for&so: conflict
!but&eee: conflict
but&!mac&!there&!this: conflict
but&!mac&!there&this: positive
but&!mac&there&!to: negative
but&!mac&there&to: neutral
but&mac&!more&!very: neutral
but&mac&!more&very: positive
but&mac&more: positive
DecisionTree learned:
!but&!for&!laptops&!requires: negative
!but&!for&!laptops&requires: conflict
!but&!for&laptops&!much: positive
!but&!for&laptops&much: conflict
!but&for&!so&!despite: neutral
!but&for&!so&despite: conflict
!but&for&so&!laptop: positive
!but&for&so&laptop: conflict
but&!if&!this&!so: negative
but&!if&!this&so: neutral
but&!if&this&!know: negative
but&!if&this&know: conflict
but&if&!to: negative
but&if&to: neutral
Trial 0 Training cc.mallet.classify.AdaBoostM2Trainer@5464ea66 finished
Trial 0 Trainer cc.mallet.classify.AdaBoostM2Trainer@5464ea66 test data accuracy = 0.486815415821501

NaiveBayesTrainer
Summary. test accuracy mean = 0.59026369168357 stddev = 0.0 stderr = 0.0

MaxEntTrainer,gaussianPriorVariance=1.0
Summary. test accuracy mean = 0.6369168356997972 stddev = 0.0 stderr = 0.0

cc.mallet.classify.DecisionTreeTrainer@2adb1d4
Summary. test accuracy mean = 0.513184584178499 stddev = 0.0 stderr = 0.0

cc.mallet.classify.AdaBoostM2Trainer@5464ea66
Summary. test accuracy mean = 0.486815415821501 stddev = 0.0 stderr = 0.0
