
-------------------- Trial 0  --------------------

Trial 0 Training NaiveBayesTrainer with 1865 instances
Trial 0 Training NaiveBayesTrainer finished
Trial 0 Trainer NaiveBayesTrainer test data accuracy = 0.640973630831643
Trial 0 Training MaxEntTrainer,gaussianPriorVariance=1.0 with 1865 instances
Trial 0 Training MaxEntTrainer,gaussianPriorVariance=1.0 finished
Trial 0 Trainer MaxEntTrainer,gaussianPriorVariance=1.0 test data accuracy = 0.640973630831643
Trial 0 Training cc.mallet.classify.DecisionTreeTrainer@3e110003 with 1865 instances
DecisionTree learned:
!great&!easy&!but&!fast: negative
!great&!easy&!but&fast: positive
!great&!easy&but&!x: negative
!great&!easy&but&x: neutral
!great&easy&!one&!of: positive
!great&easy&!one&of: positive
!great&easy&one&!to: conflict
!great&easy&one&to: neutral
great&!had&!but&!lack: positive
great&!had&!but&lack: negative
great&!had&but&!one: positive
great&!had&but&one: negative
great&had&!it: negative
great&had&it: negative
Trial 0 Training cc.mallet.classify.DecisionTreeTrainer@3e110003 finished
Trial 0 Trainer cc.mallet.classify.DecisionTreeTrainer@3e110003 test data accuracy = 0.513184584178499
Trial 0 Training cc.mallet.classify.AdaBoostM2Trainer@781f6226 with 1865 instances
DecisionTree learned:
!great&!easy&!but&!fast: negative
!great&!easy&!but&fast: positive
!great&!easy&but&!x: negative
!great&!easy&but&x: neutral
!great&easy&!go&!one: positive
!great&easy&!go&one: conflict
!great&easy&go&!use: neutral
!great&easy&go&use: neutral
great&!had&!but&!lack: positive
great&!had&!but&lack: negative
great&!had&but&!screen: positive
great&!had&but&screen: conflict
great&had&!it: negative
great&had&it: positive
DecisionTree learned:
!great&!but&!easy&!love: negative
!great&!but&!easy&love: positive
!great&!but&easy&!for: positive
!great&!but&easy&for: positive
!great&but&!mac&!be: negative
!great&but&!mac&be: negative
!great&but&mac&!in: neutral
!great&but&mac&in: positive
great&!had&!but&!lack: positive
great&!had&!but&lack: negative
great&!had&but&!one: positive
great&!had&but&one: negative
great&had&!it: negative
great&had&it: negative
DecisionTree learned:
!but&!great&!movie&!easy: negative
!but&!great&!movie&easy: positive
!but&!great&movie&!just: neutral
!but&!great&movie&just: neutral
!but&great&!had&!lack: positive
!but&great&!had&lack: negative
!but&great&had&!it: negative
!but&great&had&it: negative
but&!got&!mac&!x: negative
but&!got&!mac&x: neutral
but&!got&mac&!its: positive
but&!got&mac&its: neutral
but&got&!so: negative
but&got&so: positive
DecisionTree learned:
!but&!great&!fast&!good: negative
!but&!great&!fast&good: positive
!but&!great&fast&!one: positive
!but&!great&fast&one: neutral
!but&great&!had&!lack: positive
!but&great&!had&lack: negative
!but&great&had&!it: negative
!but&great&had&it: positive
but&!got&!mac&!windows: negative
but&!got&!mac&windows: neutral
but&!got&mac&!its: positive
but&!got&mac&its: neutral
but&got&!so: negative
but&got&so: positive
DecisionTree learned:
!but&!great&!and&!movie: negative
!but&!great&!and&movie: neutral
!but&!great&and&!i: positive
!but&!great&and&i: positive
!but&great&!had&!nearly: positive
!but&great&!had&nearly: neutral
!but&great&had&!it: negative
!but&great&had&it: negative
but&!mac&!be&!the: conflict
but&!mac&!be&the: negative
but&!mac&be&!which: negative
but&!mac&be&which: conflict
but&mac&!system&!bit: positive
but&mac&!system&bit: neutral
but&mac&system&!is: negative
but&mac&system&is: neutral
DecisionTree learned:
!but&!fast&!not&!for: positive
!but&!fast&!not&for: positive
!but&!fast&not&!apple: negative
!but&!fast&not&apple: positive
!but&fast&!one&!you: positive
!but&fast&!one&you: positive
!but&fast&one: neutral
but&!mac&!this&!so: negative
but&!mac&!this&so: neutral
but&!mac&this&!x: negative
but&!mac&this&x: neutral
but&mac&!have&!more: neutral
but&mac&!have&more: positive
but&mac&have: negative
DecisionTree learned:
!but&!easy&!movie&!not: positive
!but&!easy&!movie&not: negative
!but&!easy&movie&!just: neutral
!but&!easy&movie&just: neutral
!but&easy&!for&!one: positive
!but&easy&!for&one: neutral
!but&easy&for&!of: positive
!but&easy&for&of: neutral
but&!nothing&!so&!got: positive
but&!nothing&!so&got: negative
but&!nothing&so&!laptop: conflict
but&!nothing&so&laptop: neutral
but&nothing: negative
DecisionTree learned:
!but&!great&!love&!and: negative
!but&!great&!love&and: positive
!but&!great&love&!size: positive
!but&!great&love&size: neutral
!but&great&!had&!nearly: positive
!but&great&!had&nearly: neutral
!but&great&had&!it: negative
!but&great&had&it: negative
but&!got&!yes&!mac: negative
but&!got&!yes&mac: positive
but&!got&yes&!and: conflict
but&!got&yes&and: positive
but&got&!so: negative
but&got&so: positive
DecisionTree learned:
!but&!great&!movie&!love: negative
!but&!great&!movie&love: positive
!but&!great&movie&!just: neutral
!but&!great&movie&just: neutral
!but&great&!for&!had: positive
!but&great&!for&had: negative
!but&great&for&!is: positive
!but&great&for&is: positive
but&!be&!think&!new: negative
but&!be&!think&new: neutral
but&!be&think&!much: neutral
but&!be&think&much: negative
but&be&!to&!a: negative
but&be&!to&a: positive
but&be&to&!just: negative
but&be&to&just: positive
DecisionTree learned:
!but&!very&!awesome&!price: negative
!but&!very&!awesome&price: positive
!but&!very&awesome&!everything: positive
!but&!very&awesome&everything: positive
!but&very&!functions&!would: positive
!but&very&!functions&would: negative
!but&very&functions: conflict
but&!well&!got&!repair: positive
but&!well&!got&repair: negative
but&!well&got: negative
but&well&!so&!too: positive
but&well&!so&too: conflict
but&well&so&!the: neutral
but&well&so&the: neutral
DecisionTree learned:
!but&!and&!laptops&!price: negative
!but&!and&!laptops&price: positive
!but&!and&laptops&!much: negative
!but&!and&laptops&much: conflict
!but&and&!complain&!back: positive
!but&and&!complain&back: negative
!but&and&complain: conflict
but&!mac&!this&!difference: negative
but&!mac&!this&difference: neutral
but&!mac&this&!know: negative
but&!mac&this&know: conflict
but&mac&!more&!up: neutral
but&mac&!more&up: positive
but&mac&more: positive
DecisionTree learned:
!but&!good&!great&!easy: negative
!but&!good&!great&easy: positive
!but&!good&great&!had: positive
!but&!good&great&had: negative
!but&good&!at&!it: positive
!but&good&!at&it: positive
!but&good&at&!just: neutral
!but&good&at&just: neutral
but&!this&!mac&!has: negative
but&!this&!mac&has: positive
but&!this&mac&!system: positive
but&!this&mac&system: neutral
but&this&!have&!to: negative
but&this&!have&to: neutral
but&this&have&!with: positive
but&this&have&with: negative
DecisionTree learned:
!but&!for&!good&!after: negative
!but&!for&!good&after: negative
!but&!for&good&!at: positive
!but&!for&good&at: neutral
!but&for&!so&!in: positive
!but&for&!so&in: negative
!but&for&so&!battery: negative
!but&for&so&battery: conflict
but&!this&!so&!outside: negative
but&!this&!so&outside: neutral
but&!this&so&!it: neutral
but&!this&so&it: conflict
but&this&!x&!a: negative
but&this&!x&a: neutral
but&this&x: neutral
DecisionTree learned:
!but&!and&!not&!or: negative
!but&!and&!not&or: neutral
!but&!and&not&!install: negative
!but&!and&not&install: neutral
!but&and&!back&!complain: positive
!but&and&!back&complain: conflict
!but&and&back&!a: neutral
!but&and&back&a: negative
but&!this&!so&!in: negative
but&!this&!so&in: positive
but&!this&so&!laptop: conflict
but&!this&so&laptop: neutral
but&this&!has&!with: positive
but&this&!has&with: negative
but&this&has&!toshiba: negative
but&this&has&toshiba: negative
DecisionTree learned:
!but&!fast&!would&!months: positive
!but&!fast&!would&months: negative
!but&!fast&would&!buy: negative
!but&!fast&would&buy: neutral
!but&fast&!with: positive
!but&fast&with&!software: positive
!but&fast&with&software: positive
but&!mac&!gb&!think: negative
but&!mac&!gb&think: neutral
but&!mac&gb&!just: neutral
but&!mac&gb&just: neutral
but&mac&!more&!up: neutral
but&mac&!more&up: positive
but&mac&more: positive
DecisionTree learned:
!but&!great&!love&!very: negative
!but&!great&!love&very: positive
!but&!great&love&!size: positive
!but&!great&love&size: positive
!but&great&!for&!speakers: positive
!but&great&!for&speakers: negative
!but&great&for&!is: neutral
!but&great&for&is: positive
but&!mac&!think&!the: conflict
but&!mac&!think&the: negative
but&!mac&think&!on: negative
but&!mac&think&on: neutral
but&mac&!its&!bit: positive
but&mac&!its&bit: neutral
but&mac&its&!just: neutral
but&mac&its&just: neutral
DecisionTree learned:
!but&!for&!they&!n: positive
!but&!for&!they&n: negative
!but&!for&they&!then: negative
!but&!for&they&then: negative
!but&for&!to&!not: positive
!but&for&!to&not: negative
!but&for&to&!someone: neutral
!but&for&to&someone: positive
but&!drive&!difference&!new: negative
but&!drive&!difference&new: neutral
but&!drive&difference&!to: neutral
but&!drive&difference&to: neutral
but&drive&!to&!is: neutral
but&drive&!to&is: neutral
but&drive&to: negative
DecisionTree learned:
!but&!for&!much&!good: negative
!but&!for&!much&good: positive
!but&!for&much&!i: positive
!but&!for&much&i: neutral
!but&for&!so&!to: positive
!but&for&!so&to: neutral
!but&for&so&!battery: negative
!but&for&so&battery: conflict
but&!mac&!this&!so: negative
but&!mac&!this&so: conflict
but&!mac&this&!know: negative
but&!mac&this&know: conflict
but&mac&!bit&!have: positive
but&mac&!bit&have: negative
but&mac&bit: neutral
DecisionTree learned:
!but&!fast&!would&!months: positive
!but&!fast&!would&months: negative
!but&!fast&would&!i: negative
!but&!fast&would&i: negative
!but&fast&!with: positive
!but&fast&with&!just: positive
!but&fast&with&just: neutral
but&!new&!the&!it: neutral
but&!new&!the&it: conflict
but&!new&the&!hard: negative
but&!new&the&hard: neutral
but&new&!with&!i: neutral
but&new&!with&i: positive
but&new&with&!just: neutral
but&new&with&just: neutral
DecisionTree learned:
!but&!then&!for&!they: positive
!but&!then&!for&they: neutral
!but&!then&for&!so: neutral
!but&!then&for&so: negative
!but&then&!inside&!upgrade: negative
!but&then&!inside&upgrade: positive
!but&then&inside: neutral
but&!difference&!mac&!this: negative
but&!difference&!mac&this: positive
but&!difference&mac&!have: neutral
but&!difference&mac&have: negative
but&difference&!to: neutral
but&difference&to: neutral
DecisionTree learned:
!but&!and&!not&!laptops: negative
!but&!and&!not&laptops: conflict
!but&!and&not&!programs: negative
!but&!and&not&programs: neutral
!but&and&!complain&!i: positive
!but&and&!complain&i: neutral
!but&and&complain: conflict
but&!processing&!this&!so: negative
but&!processing&!this&so: conflict
but&!processing&this&!know: negative
but&!processing&this&know: conflict
but&processing: neutral
DecisionTree learned:
!but&!uses&!after&!fast: positive
!but&!uses&!after&fast: positive
!but&!uses&after&!with: neutral
!but&!uses&after&with: negative
!but&uses&!of: neutral
!but&uses&of: conflict
but&!if&!well&!got: negative
but&!if&!well&got: negative
but&!if&well&!as: positive
but&!if&well&as: neutral
but&if&!to&!mac: negative
but&if&!to&mac: positive
but&if&to: neutral
DecisionTree learned:
!but&!had&!not&!much: positive
!but&!had&!not&much: positive
!but&!had&not&!apple: negative
!but&!had&not&apple: positive
!but&had&!a&!set: negative
!but&had&!a&set: positive
!but&had&a&!to: positive
!but&had&a&to: neutral
but&!this&!so&!diminisher: negative
but&!this&!so&diminisher: conflict
but&!this&so&!features: conflict
but&!this&so&features: positive
but&this&!x&!that: positive
but&this&!x&that: neutral
but&this&x: neutral
DecisionTree learned:
!but&!easy&!fast&!much: negative
!but&!easy&!fast&much: positive
!but&!easy&fast&!one: positive
!but&!easy&fast&one: neutral
!but&easy&!for&!one: positive
!but&easy&!for&one: neutral
!but&easy&for&!of: positive
!but&easy&for&of: neutral
but&!this&!so&!hard: negative
but&!this&!so&hard: neutral
but&!this&so&!old: neutral
but&!this&so&old: positive
but&this&!have&!to: positive
but&this&!have&to: neutral
but&this&have&!with: positive
but&this&have&with: negative
DecisionTree learned:
!but&!movie&!i&!after: positive
!but&!movie&!i&after: negative
!but&!movie&i&!pc: neutral
!but&!movie&i&pc: positive
!but&movie&!just: neutral
!but&movie&just: neutral
but&!new&!this&!outside: negative
but&!new&!this&outside: neutral
but&!new&this&!features: negative
but&!new&this&features: positive
but&new&!some&!when: neutral
but&new&!some&when: neutral
but&new&some&!to: negative
but&new&some&to: positive
DecisionTree learned:
!but&!amazing&!awesome&!easy: negative
!but&!amazing&!awesome&easy: positive
!but&!amazing&awesome&!everything: positive
!but&!amazing&awesome&everything: neutral
!but&amazing: positive
but&!hard&!this&!so: negative
but&!hard&!this&so: conflict
but&!hard&this&!x: negative
but&!hard&this&x: neutral
but&hard&!was&!you: neutral
but&hard&!was&you: neutral
but&hard&was&!to: negative
but&hard&was&to: conflict
DecisionTree learned:
!but&!complain&!and&!awesome: negative
!but&!complain&!and&awesome: positive
!but&!complain&and&!i: positive
!but&!complain&and&i: neutral
!but&complain&!and: positive
!but&complain&and: conflict
but&!difference&!did&!hard: negative
but&!difference&!did&hard: neutral
but&!difference&did&!be: neutral
but&!difference&did&be: conflict
but&difference&!to: neutral
but&difference&to: neutral
DecisionTree learned:
!but&!not&!for&!requires: positive
!but&!not&!for&requires: conflict
!but&!not&for&!office: positive
!but&!not&for&office: neutral
!but&not&!compact&!through: negative
!but&not&!compact&through: neutral
!but&not&compact: conflict
but&!yes&!mac&!repair: negative
but&!yes&!mac&repair: negative
but&!yes&mac&!had: positive
but&!yes&mac&had: positive
but&yes&!and: conflict
but&yes&and&!make: positive
but&yes&and&make: positive
DecisionTree learned:
!but&!for&!pc&!safari: negative
!but&!for&!pc&safari: neutral
!but&!for&pc&!and: conflict
!but&!for&pc&and: positive
!but&for&!so&!desktop: neutral
!but&for&!so&desktop: conflict
!but&for&so&!battery: negative
!but&for&so&battery: conflict
but&!mac&!the&!more: conflict
but&!mac&!the&more: positive
but&!mac&the&!hard: negative
but&!mac&the&hard: neutral
but&mac&!had&!learn: positive
but&mac&!had&learn: neutral
but&mac&had&!and: negative
but&mac&had&and: positive
DecisionTree learned:
!but&!love&!uses&!complain: negative
!but&!love&!uses&complain: conflict
!but&!love&uses&!of: neutral
!but&!love&uses&of: conflict
!but&love&!over&!size: positive
!but&love&!over&size: positive
!but&love&over: negative
but&!mac&!this&!so: negative
but&!mac&!this&so: neutral
but&!mac&this&!know: negative
but&!mac&this&know: conflict
but&mac&!up&!more: neutral
but&mac&!up&more: positive
but&mac&up: positive
DecisionTree learned:
!but&!for&!pc&!requires: negative
!but&!for&!pc&requires: conflict
!but&!for&pc&!and: conflict
!but&!for&pc&and: positive
!but&for&!so&!despite: neutral
!but&for&!so&despite: conflict
!but&for&so&!laptop: negative
!but&for&so&laptop: conflict
but&!mac&!if&!difference: negative
but&!mac&!if&difference: neutral
but&!mac&if&!to: negative
but&!mac&if&to: neutral
but&mac&!up&!it: positive
but&mac&!up&it: neutral
but&mac&up: positive
DecisionTree learned:
!but&!and&!laptops&!is: negative
!but&!and&!laptops&is: negative
!but&!and&laptops&!much: negative
!but&!and&laptops&much: conflict
!but&and&!complain&!were: positive
!but&and&!complain&were: negative
!but&and&complain: conflict
but&!new&!i&!difference: conflict
but&!new&!i&difference: neutral
but&!new&i&!inch: negative
but&!new&i&inch: conflict
but&new&!when&!some: neutral
but&new&!when&some: positive
but&new&when&!so: negative
but&new&when&so: neutral
DecisionTree learned:
!but&!complain&!and&!generally: negative
!but&!complain&!and&generally: conflict
!but&!complain&and&!were: positive
!but&!complain&and&were: negative
!but&complain&!and: positive
!but&complain&and: conflict
but&!repair&!did&!be: positive
but&!repair&!did&be: negative
but&!repair&did&!on: conflict
but&!repair&did&on: neutral
but&repair&!they: negative
but&repair&they&!to: negative
but&repair&they&to: neutral
DecisionTree learned:
!but&!love&!for&!pc: negative
!but&!love&!for&pc: positive
!but&!love&for&!so: neutral
!but&!love&for&so: negative
!but&love&!size&!over: positive
!but&love&!size&over: negative
!but&love&size&!my: neutral
!but&love&size&my: positive
but&!this&!so&!disc: negative
but&!this&!so&disc: neutral
but&!this&so&!old: neutral
but&!this&so&old: positive
but&this&!ever&!x: positive
but&this&!ever&x: neutral
but&this&ever&!is: negative
but&this&ever&is: conflict
DecisionTree learned:
!but&!warranty&!complain&!and: negative
!but&!warranty&!complain&and: positive
!but&!warranty&complain&!and: positive
!but&!warranty&complain&and: conflict
!but&warranty&!were&!d: neutral
!but&warranty&!were&d: negative
!but&warranty&were&!to: negative
!but&warranty&were&to: conflict
but&!this&!so&!big: negative
but&!this&!so&big: conflict
but&!this&so&!graphics: neutral
but&!this&so&graphics: conflict
but&this&!has&!have: neutral
but&this&!has&have: negative
but&this&has&!toshiba: negative
but&this&has&toshiba: neutral
DecisionTree learned:
!but&!much&!uses&!get: positive
!but&!much&!uses&get: negative
!but&!much&uses&!of: neutral
!but&!much&uses&of: conflict
!but&much&!i&!out: positive
!but&much&!i&out: negative
!but&much&i&!up: neutral
!but&much&i&up: conflict
but&!mac&!this&!so: negative
but&!mac&!this&so: conflict
but&!mac&this&!x: negative
but&!mac&this&x: neutral
but&mac&!more&!have: neutral
but&mac&!more&have: negative
but&mac&more: positive
DecisionTree learned:
!but&!much&!for&!get: negative
!but&!much&!for&get: negative
!but&!much&for&!not: positive
!but&!much&for&not: negative
!but&much&!i&!pc: positive
!but&much&!i&pc: conflict
!but&much&i&!up: neutral
!but&much&i&up: conflict
but&!mac&!think&!better: negative
but&!mac&!think&better: conflict
but&!mac&think&!on: negative
but&!mac&think&on: neutral
but&mac&!up&!it: positive
but&mac&!up&it: neutral
but&mac&up: positive
DecisionTree learned:
!but&!opted&!pc&!uses: negative
!but&!opted&!pc&uses: neutral
!but&!opted&pc&!users: positive
!but&!opted&pc&users: neutral
!but&opted: conflict
but&!repair&!in&!new: negative
but&!repair&!in&new: neutral
but&!repair&in&!so: positive
but&!repair&in&so: neutral
but&repair&!to&!toshiba: negative
but&repair&!to&toshiba: negative
but&repair&to: neutral
DecisionTree learned:
!but&!opted&!much&!get: positive
!but&!opted&!much&get: negative
!but&!opted&much&!of: positive
!but&!opted&much&of: neutral
!but&opted: conflict
but&!repair&!there&!like: positive
but&!repair&!there&like: positive
but&!repair&there&!much: negative
but&!repair&there&much: positive
but&repair&!they: negative
but&repair&they&!to: neutral
but&repair&they&to: neutral
DecisionTree learned:
!but&!for&!bars&!requires: negative
!but&!for&!bars&requires: conflict
!but&!for&bars: conflict
!but&for&!so&!to: positive
!but&for&!so&to: neutral
!but&for&so&!laptop: negative
!but&for&so&laptop: conflict
but&!this&!difference&!mac: conflict
but&!this&!difference&mac: neutral
but&!this&difference&!to: neutral
but&!this&difference&to: neutral
but&this&!know&!features: negative
but&this&!know&features: positive
but&this&know: conflict
DecisionTree learned:
!but&!bars&!then&!for: positive
!but&!bars&!then&for: neutral
!but&!bars&then&!inside: negative
!but&!bars&then&inside: neutral
!but&bars: conflict
but&!this&!so&!diminisher: positive
but&!this&!so&diminisher: conflict
but&!this&so&!it: neutral
but&!this&so&it: conflict
but&this&!has&!ever: positive
but&this&!has&ever: negative
but&this&has&!toshiba: negative
but&this&has&toshiba: negative
DecisionTree learned:
!but&!requires&!for&!pc: negative
!but&!requires&!for&pc: positive
!but&!requires&for&!so: neutral
!but&!requires&for&so: conflict
!but&requires: conflict
but&!standard&!yes&!new: negative
but&!standard&!yes&new: neutral
but&!standard&yes&!and: conflict
but&!standard&yes&and: positive
but&standard: conflict
DecisionTree learned:
!but&!complain&!and&!bars: negative
!but&!complain&!and&bars: conflict
!but&!complain&and&!warranty: positive
!but&!complain&and&warranty: neutral
!but&complain&!and: positive
!but&complain&and: conflict
but&!new&!i&!windows: conflict
but&!new&!i&windows: neutral
but&!new&i&!which: negative
but&!new&i&which: conflict
but&new&!when&!some: neutral
but&new&!when&some: positive
but&new&when&!so: negative
but&new&when&so: neutral
DecisionTree learned:
!but&!love&!amazing&!generally: negative
!but&!love&!amazing&generally: conflict
!but&!love&amazing: positive
!but&love&!a&!games: positive
!but&love&!a&games: positive
!but&love&a&!the: positive
!but&love&a&the: positive
but&!standard&!difference&!disc: negative
but&!standard&!difference&disc: neutral
but&!standard&difference&!to: neutral
but&!standard&difference&to: neutral
but&standard: conflict
DecisionTree learned:
!but&!pc&!requires&!for: negative
!but&!pc&!requires&for: neutral
!but&!pc&requires: conflict
!but&pc&!users&!and: conflict
!but&pc&!users&and: positive
!but&pc&users: neutral
but&!battery&!my&!it: neutral
but&!battery&!my&it: conflict
but&!battery&my&!it: positive
but&!battery&my&it: neutral
but&battery&!have&!of: negative
but&battery&!have&of: negative
but&battery&have&!to: conflict
but&battery&have&to: conflict
DecisionTree learned:
!but&!complain&!and&!laptops: negative
!but&!complain&!and&laptops: conflict
!but&!complain&and&!i: positive
!but&!complain&and&i: neutral
!but&complain&!and: positive
!but&complain&and: conflict
but&!mac&!i&!windows: conflict
but&!mac&!i&windows: neutral
but&!mac&i&!which: positive
but&!mac&i&which: conflict
but&mac&!had&!up: neutral
but&mac&!had&up: positive
but&mac&had&!and: negative
but&mac&had&and: positive
DecisionTree learned:
!but&!generally&!much&!uses: negative
!but&!generally&!much&uses: neutral
!but&!generally&much&!i: positive
!but&!generally&much&i: neutral
!but&generally: conflict
but&!this&!mac&!there: conflict
but&!this&!mac&there: negative
but&!this&mac&!have: positive
but&!this&mac&have: negative
but&this&!computer&!with: positive
but&this&!computer&with: negative
but&this&computer&!that: negative
but&this&computer&that: conflict
DecisionTree learned:
!but&!for&!good&!much: negative
!but&!for&!good&much: positive
!but&!for&good&!at: positive
!but&!for&good&at: neutral
!but&for&!so&!despite: neutral
!but&for&!so&despite: conflict
!but&for&so&!laptop: negative
!but&for&so&laptop: conflict
but&!and&!to&!i: conflict
but&!and&!to&i: positive
but&!and&to&!a: neutral
but&!and&to&a: neutral
but&and&!two&!most: positive
but&and&!two&most: positive
but&and&two&!this: conflict
but&and&two&this: negative
DecisionTree learned:
!but&!opted&!much&!easy: negative
!but&!opted&!much&easy: positive
!but&!opted&much&!i: positive
!but&!opted&much&i: neutral
!but&opted: conflict
but&!hard&!laptop&!this: conflict
but&!hard&!laptop&this: neutral
but&!hard&laptop&!a: positive
but&!hard&laptop&a: neutral
but&hard&!was&!you: neutral
but&hard&!was&you: neutral
but&hard&was&!to: negative
but&hard&was&to: conflict
DecisionTree learned:
!but&!requires&!complain&!much: negative
!but&!requires&!complain&much: positive
!but&!requires&complain&!and: positive
!but&!requires&complain&and: conflict
!but&requires: conflict
but&!this&!and&!looking: conflict
but&!this&!and&looking: positive
but&!this&and&!have: positive
but&!this&and&have: positive
but&this&!know&!features: negative
but&this&!know&features: positive
but&this&know: conflict
DecisionTree learned:
!but&!requires&!for&!laptops: negative
!but&!requires&!for&laptops: conflict
!but&!requires&for&!so: neutral
!but&!requires&for&so: negative
!but&requires: conflict
but&!new&!i&!windows: conflict
but&!new&!i&windows: neutral
but&!new&i&!which: negative
but&!new&i&which: conflict
but&new&!when&!software: neutral
but&new&!when&software: negative
but&new&when&!so: negative
but&new&when&so: neutral
DecisionTree learned:
!but&!bars&!for&!laptops: negative
!but&!bars&!for&laptops: conflict
!but&!bars&for&!so: neutral
!but&!bars&for&so: negative
!but&bars: conflict
but&!there&!like&!new: negative
but&!there&!like&new: neutral
but&!there&like&!it: positive
but&!there&like&it: negative
but&there&!to&!much: negative
but&there&!to&much: positive
but&there&to&!with: neutral
but&there&to&with: negative
DecisionTree learned:
!but&!opted&!complain&!and: negative
!but&!opted&!complain&and: positive
!but&!opted&complain&!and: positive
!but&!opted&complain&and: conflict
!but&opted: conflict
but&!yes&!most&!processing: negative
but&!yes&!most&processing: neutral
but&!yes&most&!just: positive
but&!yes&most&just: positive
but&yes&!and: conflict
but&yes&and&!make: positive
but&yes&and&make: positive
DecisionTree learned:
!but&!for&!laptops&!get: negative
!but&!for&!laptops&get: negative
!but&!for&laptops&!it: negative
!but&!for&laptops&it: conflict
!but&for&!so&!desktop: neutral
!but&for&!so&desktop: conflict
!but&for&so&!laptop: negative
!but&for&so&laptop: conflict
but&!this&!difference&!size: conflict
but&!this&!difference&size: neutral
but&!this&difference&!to: neutral
but&!this&difference&to: neutral
but&this&!know&!x: negative
but&this&!know&x: neutral
but&this&know: conflict
DecisionTree learned:
!but&!opted&!bars&!generally: negative
!but&!opted&!bars&generally: conflict
!but&!opted&bars: conflict
!but&opted: conflict
but&!new&!in&!well: negative
but&!new&!in&well: positive
but&!new&in&!was: neutral
but&!new&in&was: negative
but&new&!with&!my: neutral
but&new&!with&my: positive
but&new&with&!just: neutral
but&new&with&just: neutral
DecisionTree learned:
!but&!uses&!pc&!after: negative
!but&!uses&!pc&after: negative
!but&!uses&pc&!users: positive
!but&!uses&pc&users: neutral
!but&uses&!of: neutral
!but&uses&of: conflict
but&!if&!processing&!drive: positive
but&!if&!processing&drive: negative
but&!if&processing: neutral
but&if&!to: negative
but&if&to: neutral
DecisionTree learned:
!but&!uses&!much&!requires: positive
!but&!uses&!much&requires: conflict
!but&!uses&much&!i: positive
!but&!uses&much&i: neutral
!but&uses&!of: neutral
!but&uses&of: conflict
but&!difference&!i&!windows: conflict
but&!difference&!i&windows: neutral
but&!difference&i&!which: neutral
but&!difference&i&which: conflict
but&difference&!to: neutral
but&difference&to: neutral
DecisionTree learned:
!but&!much&!bars&!for: negative
!but&!much&!bars&for: neutral
!but&!much&bars: conflict
!but&much&!i&!out: positive
!but&much&!i&out: negative
!but&much&i&!it: neutral
!but&much&i&it: conflict
but&!i&!windows&!difference: conflict
but&!i&!windows&difference: neutral
but&!i&windows&!so: neutral
but&!i&windows&so: conflict
but&i&!which&!look: negative
but&i&!which&look: positive
but&i&which&!use: conflict
but&i&which&use: positive
DecisionTree learned:
!but&!opted&!bars&!uses: negative
!but&!opted&!bars&uses: neutral
!but&!opted&bars: conflict
!but&opted: conflict
but&!be&!if&!gb: positive
but&!be&!if&gb: neutral
but&!be&if&!to: negative
but&!be&if&to: neutral
but&be&!with&!and: negative
but&be&!with&and: negative
but&be&with&!would: negative
but&be&with&would: negative
DecisionTree learned:
!but&!generally&!requires&!complain: negative
!but&!generally&!requires&complain: conflict
!but&!generally&requires: conflict
!but&generally: conflict
but&!this&!there&!machine: positive
but&!this&!there&machine: positive
but&!this&there&!much: negative
but&!this&there&much: positive
but&this&!ever&!m: positive
but&this&!ever&m: negative
but&this&ever&!is: negative
but&this&ever&is: conflict
DecisionTree learned:
!but&!not&!for&!requires: negative
!but&!not&!for&requires: conflict
!but&!not&for&!some: neutral
!but&!not&for&some: negative
!but&not&!through&!compact: negative
!but&not&!through&compact: conflict
!but&not&through&!just: neutral
!but&not&through&just: neutral
but&!web&!screen&!does: positive
but&!web&!screen&does: negative
but&!web&screen&!the: conflict
but&!web&screen&the: negative
but&web&!is: positive
but&web&is: neutral
DecisionTree learned:
!but&!requires&!for&!much: negative
!but&!requires&!for&much: positive
!but&!requires&for&!so: neutral
!but&!requires&for&so: conflict
!but&requires: conflict
but&!did&!was&!hard: positive
but&!did&!was&hard: neutral
but&!did&was&!and: negative
but&!did&was&and: negative
but&did&!in&!software: conflict
but&did&!in&software: neutral
but&did&in&!on: negative
but&did&in&on: neutral
DecisionTree learned:
!but&!much&!is&!for: negative
!but&!much&!is&for: neutral
!but&!much&is&!not: positive
!but&!much&is&not: negative
!but&much&!i&!pc: positive
!but&much&!i&pc: conflict
!but&much&i&!up: neutral
!but&much&i&up: conflict
but&!mac&!this&!better: negative
but&!mac&!this&better: conflict
but&!mac&this&!know: negative
but&!mac&this&know: conflict
but&mac&!have&!bit: positive
but&mac&!have&bit: neutral
but&mac&have: negative
DecisionTree learned:
!but&!after&!laptops&!complain: positive
!but&!after&!laptops&complain: conflict
!but&!after&laptops&!and: conflict
!but&!after&laptops&and: neutral
!but&after&!warranty&!another: negative
!but&after&!warranty&another: neutral
!but&after&warranty&!one: neutral
!but&after&warranty&one: neutral
but&!i&!difference&!mac: conflict
but&!i&!difference&mac: positive
but&!i&difference&!to: neutral
but&!i&difference&to: neutral
but&i&!which&!ever: positive
but&i&!which&ever: conflict
but&i&which&!use: conflict
but&i&which&use: conflict
DecisionTree learned:
!but&!generally&!opted&!much: negative
!but&!generally&!opted&much: positive
!but&!generally&opted: conflict
!but&generally: conflict
but&!did&!the&!it: neutral
but&!did&!the&it: conflict
but&!did&the&!hard: positive
but&!did&the&hard: neutral
but&did&!have&!be: neutral
but&did&!have&be: conflict
but&did&have: conflict
DecisionTree learned:
!but&!bars&!for&!much: negative
!but&!bars&!for&much: positive
!but&!bars&for&!to: positive
!but&!bars&for&to: negative
!but&bars: conflict
but&!this&!there&!size: conflict
but&!this&!there&size: neutral
but&!this&there&!much: negative
but&!this&there&much: positive
but&this&!know&!has: positive
but&this&!know&has: negative
but&this&know: conflict
DecisionTree learned:
!but&!bars&!for&!speed: negative
!but&!bars&!for&speed: positive
!but&!bars&for&!so: neutral
!but&!bars&for&so: conflict
!but&bars: conflict
but&!size&!did&!hard: positive
but&!size&!did&hard: neutral
but&!size&did&!in: conflict
but&!size&did&in: neutral
but&size&!and: neutral
but&size&and: neutral
DecisionTree learned:
!but&!pc&!complain&!not: positive
!but&!pc&!complain&not: negative
!but&!pc&complain&!and: positive
!but&!pc&complain&and: conflict
!but&pc&!users&!and: positive
!but&pc&!users&and: positive
!but&pc&users: neutral
but&!new&!this&!difference: negative
but&!new&!this&difference: neutral
but&!new&this&!know: negative
but&!new&this&know: conflict
but&new&!when&!software: neutral
but&new&!when&software: negative
but&new&when&!so: negative
but&new&when&so: neutral
DecisionTree learned:
!but&!though&!opted&!requires: positive
!but&!though&!opted&requires: conflict
!but&!though&opted: conflict
!but&though&!would&!it: neutral
!but&though&!would&it: conflict
!but&though&would&!is: negative
!but&though&would&is: negative
but&!mac&!this&!so: negative
but&!mac&!this&so: neutral
but&!mac&this&!know: positive
but&!mac&this&know: conflict
but&mac&!more&!have: neutral
but&mac&!more&have: negative
but&mac&more: positive
DecisionTree learned:
!but&!generally&!much&!is: neutral
!but&!generally&!much&is: positive
!but&!generally&much&!i: positive
!but&!generally&much&i: neutral
!but&generally: conflict
but&!battery&!did&!difference: positive
but&!battery&!did&difference: neutral
but&!battery&did&!be: neutral
but&!battery&did&be: conflict
but&battery&!have&!i: conflict
but&battery&!have&i: negative
but&battery&have&!to: conflict
but&battery&have&to: conflict
DecisionTree learned:
!but&!for&!laptops&!requires: negative
!but&!for&!laptops&requires: conflict
!but&!for&laptops&!it: positive
!but&!for&laptops&it: conflict
!but&for&!so&!functions: neutral
!but&for&!so&functions: conflict
!but&for&so&!laptop: positive
!but&for&so&laptop: conflict
but&!this&!size&!screen: positive
but&!this&!size&screen: conflict
but&!this&size&!i: neutral
but&!this&size&i: neutral
but&this&!x&!that: positive
but&this&!x&that: neutral
but&this&x: neutral
DecisionTree learned:
!but&!long&!complain&!generally: negative
!but&!long&!complain&generally: conflict
!but&!long&complain&!and: positive
!but&!long&complain&and: conflict
!but&long&!though&!life: positive
!but&long&!though&life: positive
!but&long&though: conflict
but&!difference&!mac&!this: positive
but&!difference&!mac&this: negative
but&!difference&mac&!laptop: positive
but&!difference&mac&laptop: positive
but&difference&!to: positive
but&difference&to: neutral
DecisionTree learned:
!but&!opted&!love&!much: negative
!but&!opted&!love&much: positive
!but&!opted&love&!a: positive
!but&!opted&love&a: positive
!but&opted: conflict
but&!this&!and&!screen: conflict
but&!this&!and&screen: conflict
but&!this&and&!two: positive
but&!this&and&two: conflict
but&this&!know&!m: positive
but&this&!know&m: neutral
but&this&know: conflict
DecisionTree learned:
!but&!opted&!much&!generally: negative
!but&!opted&!much&generally: conflict
!but&!opted&much&!i: positive
!but&!opted&much&i: neutral
!but&opted: conflict
but&!this&!so&!diminisher: positive
but&!this&!so&diminisher: conflict
but&!this&so&!old: neutral
but&!this&so&old: positive
but&this&!x&!features: negative
but&this&!x&features: positive
but&this&x: neutral
DecisionTree learned:
!but&!uses&!much&!bars: negative
!but&!uses&!much&bars: conflict
!but&!uses&much&!of: positive
!but&!uses&much&of: neutral
!but&uses&!of: neutral
!but&uses&of: conflict
but&!this&!so&!quality: positive
but&!this&!so&quality: conflict
but&!this&so&!graphics: neutral
but&!this&so&graphics: conflict
but&this&!m&!x: positive
but&this&!m&x: neutral
but&this&m&!a: negative
but&this&m&a: negative
DecisionTree learned:
!but&!bars&!long&!much: negative
!but&!bars&!long&much: positive
!but&!bars&long&!though: positive
!but&!bars&long&though: conflict
!but&bars: conflict
but&!new&!processing&!this: positive
but&!new&!processing&this: negative
but&!new&processing: neutral
but&new&!with&!software: neutral
but&new&!with&software: negative
but&new&with&!just: neutral
but&new&with&just: neutral
DecisionTree learned:
!but&!complain&!and&!laptops: negative
!but&!complain&!and&laptops: conflict
!but&!complain&and&!juice: positive
!but&!complain&and&juice: conflict
!but&complain&!and: positive
!but&complain&and: conflict
but&!this&!so&!difference: negative
but&!this&!so&difference: neutral
but&!this&so&!it: neutral
but&!this&so&it: conflict
but&this&!ever&!m: positive
but&this&!ever&m: neutral
but&this&ever&!is: negative
but&this&ever&is: conflict
DecisionTree learned:
!but&!requires&!much&!opted: negative
!but&!requires&!much&opted: conflict
!but&!requires&much&!i: positive
!but&!requires&much&i: neutral
!but&requires: conflict
but&!well&!got&!mac: negative
but&!well&!got&mac: positive
but&!well&got: negative
but&well&!so&!is: positive
but&well&!so&is: positive
but&well&so&!the: neutral
but&well&so&the: positive
DecisionTree learned:
!but&!would&!complain&!and: negative
!but&!would&!complain&and: positive
!but&!would&complain&!and: positive
!but&!would&complain&and: conflict
!but&would&!buy&!recommend: negative
!but&would&!buy&recommend: positive
!but&would&buy&!much: neutral
!but&would&buy&much: negative
but&!drive&!features&!there: positive
but&!drive&!features&there: negative
but&!drive&features&!just: positive
but&!drive&features&just: positive
but&drive&!to&!is: neutral
but&drive&!to&is: neutral
but&drive&to: negative
DecisionTree learned:
!but&!much&!requires&!for: negative
!but&!much&!requires&for: neutral
!but&!much&requires: conflict
!but&much&!laptops&!out: positive
!but&much&!laptops&out: conflict
!but&much&laptops&!and: conflict
!but&much&laptops&and: neutral
but&!well&!like&!web: negative
but&!well&!like&web: neutral
but&!well&like&!in: negative
but&!well&like&in: positive
but&well&!so&!is: positive
but&well&!so&is: positive
but&well&so&!the: neutral
but&well&so&the: positive
DecisionTree learned:
!but&!requires&!for&!pc: negative
!but&!requires&!for&pc: positive
!but&!requires&for&!so: neutral
!but&!requires&for&so: conflict
!but&requires: conflict
but&!yes&!new&!in: negative
but&!yes&!new&in: neutral
but&!yes&new&!when: positive
but&!yes&new&when: neutral
but&yes&!and: conflict
but&yes&and&!make: positive
but&yes&and&make: positive
DecisionTree learned:
!but&!bars&!much&!for: negative
!but&!bars&!much&for: neutral
!but&!bars&much&!of: positive
!but&!bars&much&of: neutral
!but&bars: conflict
but&!mac&!did&!hard: positive
but&!mac&!did&hard: neutral
but&!mac&did&!have: neutral
but&!mac&did&have: conflict
but&mac&!laptop&!programs: neutral
but&mac&!laptop&programs: positive
but&mac&laptop: positive
DecisionTree learned:
!but&!generally&!much&!complain: negative
!but&!generally&!much&complain: conflict
!but&!generally&much&!i: positive
!but&!generally&much&i: neutral
!but&generally: conflict
but&!yes&!in&!new: negative
but&!yes&!in&new: neutral
but&!yes&in&!so: neutral
but&!yes&in&so: neutral
but&yes&!and: conflict
but&yes&and&!make: positive
but&yes&and&make: positive
DecisionTree learned:
!but&!pc&!generally&!requires: negative
!but&!pc&!generally&requires: conflict
!but&!pc&generally: conflict
!but&pc&!users&!and: positive
!but&pc&!users&and: positive
!but&pc&users: neutral
but&!new&!more&!i: negative
but&!new&!more&i: positive
but&!new&more&!software: positive
but&!new&more&software: conflict
but&new&!when&!some: neutral
but&new&!when&some: positive
but&new&when&!so: negative
but&new&when&so: neutral
DecisionTree learned:
!but&!uses&!bars&!amazing: negative
!but&!uses&!bars&amazing: positive
!but&!uses&bars: conflict
!but&uses&!of: neutral
!but&uses&of: conflict
but&!hard&!outside&!this: conflict
but&!hard&!outside&this: positive
but&!hard&outside&!software: neutral
but&!hard&outside&software: neutral
but&hard&!was&!you: neutral
but&hard&!was&you: neutral
but&hard&was&!to: negative
but&hard&was&to: conflict
DecisionTree learned:
!but&!acceptable&!much&!bars: positive
!but&!acceptable&!much&bars: conflict
!but&!acceptable&much&!i: positive
!but&!acceptable&much&i: neutral
!but&acceptable: conflict
but&!this&!so&!outside: positive
but&!this&!so&outside: neutral
but&!this&so&!you: neutral
but&!this&so&you: positive
but&this&!know&!well: negative
but&this&!know&well: positive
but&this&know: conflict
DecisionTree learned:
!but&!for&!pc&!requires: negative
!but&!for&!pc&requires: conflict
!but&!for&pc&!the: neutral
!but&!for&pc&the: positive
!but&for&!so&!functions: neutral
!but&for&!so&functions: conflict
!but&for&so&!laptop: negative
!but&for&so&laptop: conflict
but&!mac&!i&!windows: conflict
but&!mac&!i&windows: neutral
but&!mac&i&!which: positive
but&!mac&i&which: conflict
but&mac&!more&!use: neutral
but&mac&!more&use: positive
but&mac&more: positive
DecisionTree learned:
!but&!for&!pc&!ease: negative
!but&!for&!pc&ease: positive
!but&!for&pc&!a: conflict
!but&!for&pc&a: positive
!but&for&!so&!functions: neutral
!but&for&!so&functions: conflict
!but&for&so&!laptop: negative
!but&for&so&laptop: conflict
but&!like&!web&!screen: negative
but&!like&!web&screen: conflict
but&!like&web&!just: neutral
but&!like&web&just: positive
but&like&!the&!to: negative
but&like&!the&to: neutral
but&like&the&!use: positive
but&like&the&use: positive
DecisionTree learned:
!but&!generally&!complain&!much: negative
!but&!generally&!complain&much: positive
!but&!generally&complain&!and: positive
!but&!generally&complain&and: conflict
!but&generally: conflict
but&!once&!did&!be: positive
but&!once&!did&be: negative
but&!once&did&!on: neutral
but&!once&did&on: neutral
but&once&!always&!to: conflict
but&once&!always&to: conflict
but&once&always: negative
DecisionTree learned:
!but&!though&!complain&!is: neutral
!but&!though&!complain&is: positive
!but&!though&complain&!and: positive
!but&!though&complain&and: conflict
!but&though&!would&!it: neutral
!but&though&!would&it: conflict
!but&though&would&!is: negative
!but&though&would&is: negative
but&!difference&!i&!windows: negative
but&!difference&!i&windows: neutral
but&!difference&i&!which: positive
but&!difference&i&which: conflict
but&difference&!to: neutral
but&difference&to: neutral
DecisionTree learned:
!but&!generally&!much&!uses: positive
!but&!generally&!much&uses: neutral
!but&!generally&much&!of: positive
!but&!generally&much&of: neutral
!but&generally: conflict
but&!this&!and&!screen: negative
but&!this&!and&screen: conflict
but&!this&and&!have: positive
but&!this&and&have: positive
but&this&!know&!x: negative
but&this&!know&x: neutral
but&this&know: conflict
DecisionTree learned:
!but&!back&!opted&!much: positive
!but&!back&!opted&much: positive
!but&!back&opted: conflict
!but&back&!the: negative
!but&back&the&!and: negative
!but&back&the&and: neutral
but&!i&!mac&!gb: conflict
but&!i&!mac&gb: neutral
but&!i&mac&!you: positive
but&!i&mac&you: neutral
but&i&!which&!like: negative
but&i&!which&like: positive
but&i&which&!use: conflict
but&i&which&use: positive
DecisionTree learned:
!but&!generally&!long&!complain: negative
!but&!generally&!long&complain: conflict
!but&!generally&long&!though: positive
!but&!generally&long&though: conflict
!but&generally: conflict
but&!this&!there&!mac: conflict
but&!this&!there&mac: neutral
but&!this&there&!to: negative
but&!this&there&to: neutral
but&this&!know&!m: positive
but&this&!know&m: negative
but&this&know: conflict
DecisionTree learned:
!but&!much&!after&!opted: positive
!but&!much&!after&opted: conflict
!but&!much&after&!with: neutral
!but&!much&after&with: negative
!but&much&!i&!out: positive
!but&much&!i&out: conflict
!but&much&i&!up: neutral
!but&much&i&up: conflict
but&!this&!so&!diminisher: positive
but&!this&!so&diminisher: conflict
but&!this&so&!it: neutral
but&!this&so&it: conflict
but&this&!has&!with: positive
but&this&!has&with: negative
but&this&has&!toshiba: negative
but&this&has&toshiba: neutral
DecisionTree learned:
!but&!generally&!bars&!uses: negative
!but&!generally&!bars&uses: neutral
!but&!generally&bars: conflict
!but&generally: conflict
but&!size&!mac&!windows: negative
but&!size&!mac&windows: neutral
but&!size&mac&!have: neutral
but&!size&mac&have: negative
but&size&!and: neutral
but&size&and: neutral
DecisionTree learned:
!but&!generally&!requires&!much: positive
!but&!generally&!requires&much: positive
!but&!generally&requires: conflict
!but&generally: conflict
but&!this&!overall&!was: positive
but&!this&!overall&was: negative
but&!this&overall&!to: neutral
but&!this&overall&to: neutral
but&this&!m&!since: positive
but&this&!m&since: negative
but&this&m&!a: negative
but&this&m&a: negative
DecisionTree learned:
!but&!requires&!much&!for: negative
!but&!requires&!much&for: neutral
!but&!requires&much&!of: positive
!but&!requires&much&of: neutral
!but&requires: conflict
but&!mac&!did&!difference: negative
but&!mac&!did&difference: neutral
but&!mac&did&!have: neutral
but&!mac&did&have: conflict
but&mac&!had&!use: neutral
but&mac&!had&use: positive
but&mac&had&!and: negative
but&mac&had&and: positive
DecisionTree learned:
!but&!for&!requires&!pc: negative
!but&!for&!requires&pc: positive
!but&!for&requires: conflict
!but&for&!so&!despite: neutral
!but&for&!so&despite: conflict
!but&for&so&!battery: positive
!but&for&so&battery: conflict
but&!mac&!i&!windows: conflict
but&!mac&!i&windows: neutral
but&!mac&i&!they: positive
but&!mac&i&they: negative
but&mac&!use&!more: neutral
but&mac&!use&more: positive
but&mac&use: positive
DecisionTree learned:
!but&!long&!not&!much: positive
!but&!long&!not&much: positive
!but&!long&not&!through: negative
!but&!long&not&through: neutral
!but&long&!though&!battery: negative
!but&long&!though&battery: positive
!but&long&though: conflict
but&!standard&!so&!difference: negative
but&!standard&!so&difference: neutral
but&!standard&so&!old: neutral
but&!standard&so&old: positive
but&standard: conflict
DecisionTree learned:
!but&!complain&!and&!laptops: negative
!but&!complain&!and&laptops: conflict
!but&!complain&and&!warranty: positive
!but&!complain&and&warranty: neutral
!but&complain&!and: positive
!but&complain&and: conflict
but&!difference&!did&!size: negative
but&!difference&!did&size: neutral
but&!difference&did&!me: neutral
but&!difference&did&me: negative
but&difference&!to: neutral
but&difference&to: neutral
Trial 0 Training cc.mallet.classify.AdaBoostM2Trainer@781f6226 finished
Trial 0 Trainer cc.mallet.classify.AdaBoostM2Trainer@781f6226 test data accuracy = 0.4969574036511156

NaiveBayesTrainer
Summary. test accuracy mean = 0.640973630831643 stddev = 0.0 stderr = 0.0

MaxEntTrainer,gaussianPriorVariance=1.0
Summary. test accuracy mean = 0.640973630831643 stddev = 0.0 stderr = 0.0

cc.mallet.classify.DecisionTreeTrainer@3e110003
Summary. test accuracy mean = 0.513184584178499 stddev = 0.0 stderr = 0.0

cc.mallet.classify.AdaBoostM2Trainer@781f6226
Summary. test accuracy mean = 0.4969574036511156 stddev = 0.0 stderr = 0.0
