
-------------------- Trial 0  --------------------

Trial 0 Training NaiveBayesTrainer with 1865 instances
Trial 0 Training NaiveBayesTrainer finished
Trial 0 Trainer NaiveBayesTrainer test data accuracy = 0.6166328600405679
Trial 0 Training MaxEntTrainer,gaussianPriorVariance=1.0 with 1865 instances
Trial 0 Training MaxEntTrainer,gaussianPriorVariance=1.0 finished
Trial 0 Trainer MaxEntTrainer,gaussianPriorVariance=1.0 test data accuracy = 0.6328600405679513
Trial 0 Training cc.mallet.classify.DecisionTreeTrainer@5975d6ab with 1865 instances
DecisionTree learned:
!great&!easy&!but&!fast: negative
!great&!easy&!but&fast: positive
!great&!easy&but&!x: negative
!great&!easy&but&x: neutral
!great&easy&!one&!of: positive
!great&easy&!one&of: positive
!great&easy&one&!to: conflict
!great&easy&one&to: neutral
great&!had&!but&!lack: positive
great&!had&!but&lack: negative
great&!had&but&!one: positive
great&!had&but&one: negative
great&had&!it: negative
great&had&it: negative
Trial 0 Training cc.mallet.classify.DecisionTreeTrainer@5975d6ab finished
Trial 0 Trainer cc.mallet.classify.DecisionTreeTrainer@5975d6ab test data accuracy = 0.513184584178499
Trial 0 Training cc.mallet.classify.AdaBoostM2Trainer@2d58f9d3 with 1865 instances
DecisionTree learned:
!great&!but&!easy&!movie: negative
!great&!but&!easy&movie: neutral
!great&!but&easy&!go: positive
!great&!but&easy&go: neutral
!great&but&!mac&!be: negative
!great&but&!mac&be: negative
!great&but&mac&!its: positive
!great&but&mac&its: neutral
great&!had&!but&!lack: positive
great&!had&!but&lack: negative
great&!had&but&!one: positive
great&!had&but&one: negative
great&had&!it: negative
great&had&it: negative
DecisionTree learned:
!great&!easy&!but&!fast: negative
!great&!easy&!but&fast: positive
!great&!easy&but&!x: negative
!great&!easy&but&x: neutral
!great&easy&!go&!laptops: positive
!great&easy&!go&laptops: positive
!great&easy&go&!is: neutral
!great&easy&go&is: neutral
great&!had&!but&!nearly: positive
great&!had&!but&nearly: neutral
great&!had&but&!one: positive
great&!had&but&one: negative
great&had&!it: negative
great&had&it: positive
DecisionTree learned:
!but&!great&!movie&!love: negative
!but&!great&!movie&love: positive
!but&!great&movie&!just: neutral
!but&!great&movie&just: neutral
!but&great&!had&!lack: positive
!but&great&!had&lack: negative
!but&great&had&!it: negative
!but&great&had&it: negative
but&!mac&!x&!well: negative
but&!mac&!x&well: positive
but&!mac&x&!is: neutral
but&!mac&x&is: positive
but&mac&!its&!have: positive
but&mac&!its&have: negative
but&mac&its&!just: neutral
but&mac&its&just: neutral
DecisionTree learned:
!but&!great&!easy&!fast: negative
!but&!great&!easy&fast: positive
!but&!great&easy&!go: positive
!but&!great&easy&go: neutral
!but&great&!had&!nearly: positive
!but&great&!had&nearly: neutral
!but&great&had&!it: negative
!but&great&had&it: negative
but&!got&!mac&!the: conflict
but&!got&!mac&the: negative
but&!got&mac&!its: positive
but&!got&mac&its: neutral
but&got&!so: negative
but&got&so: positive
DecisionTree learned:
!but&!great&!good&!love: negative
!but&!great&!good&love: positive
!but&!great&good&!at: positive
!but&!great&good&at: neutral
!but&great&!had&!lack: positive
!but&great&!had&lack: negative
!but&great&had&!and: positive
!but&great&had&and: negative
but&!well&!got&!this: positive
but&!well&!got&this: negative
but&!well&got: negative
but&well&!so&!too: positive
but&well&!so&too: conflict
but&well&so&!the: neutral
but&well&so&the: positive
DecisionTree learned:
!but&!fast&!not&!good: positive
!but&!fast&!not&good: positive
!but&!fast&not&!through: negative
!but&!fast&not&through: neutral
!but&fast&!one&!you: positive
!but&fast&!one&you: positive
!but&fast&one: neutral
but&!mac&!this&!so: negative
but&!mac&!this&so: conflict
but&!mac&this&!have: neutral
but&!mac&this&have: negative
but&mac&!have&!its: positive
but&mac&!have&its: neutral
but&mac&have: negative
DecisionTree learned:
!but&!and&!movie&!awesome: negative
!but&!and&!movie&awesome: positive
!but&!and&movie: neutral
!but&and&!i&!were: positive
!but&and&!i&were: negative
!but&and&i&!complain: positive
!but&and&i&complain: conflict
but&!mac&!think&!got: negative
but&!mac&!think&got: negative
but&!mac&think&!on: negative
but&!mac&think&on: neutral
but&mac&!have&!more: positive
but&mac&!have&more: positive
but&mac&have: negative
DecisionTree learned:
!but&!fast&!not&!for: positive
!but&!fast&!not&for: positive
!but&!fast&not&!apple: negative
!but&!fast&not&apple: positive
!but&fast&!one&!you: positive
!but&fast&!one&you: positive
!but&fast&one: neutral
but&!mac&!this&!so: negative
but&!mac&!this&so: neutral
but&!mac&this&!x: negative
but&!mac&this&x: neutral
but&mac&!have&!its: positive
but&mac&!have&its: neutral
but&mac&have: negative
DecisionTree learned:
!but&!easy&!great&!love: negative
!but&!easy&!great&love: positive
!but&!easy&great&!had: positive
!but&!easy&great&had: negative
!but&easy&!for&!one: positive
!but&easy&!for&one: neutral
!but&easy&for&!of: positive
!but&easy&for&of: neutral
but&!mac&!this&!so: negative
but&!mac&!this&so: neutral
but&!mac&this&!x: negative
but&!mac&this&x: neutral
but&mac&!had&!up: neutral
but&mac&!had&up: positive
but&mac&had&!my: negative
but&mac&had&my: positive
DecisionTree learned:
!but&!great&!and&!not: negative
!but&!great&!and&not: negative
!but&!great&and&!back: positive
!but&!great&and&back: negative
!but&great&!for&!speakers: positive
!but&great&!for&speakers: negative
!but&great&for&!is: positive
!but&great&for&is: positive
but&!yes&!there&!which: negative
but&!yes&!there&which: conflict
but&!yes&there&!to: negative
but&!yes&there&to: neutral
but&yes&!and: conflict
but&yes&and&!make: positive
but&yes&and&make: positive
DecisionTree learned:
!but&!easy&!love&!after: negative
!but&!easy&!love&after: negative
!but&!easy&love&!over: positive
!but&!easy&love&over: negative
!but&easy&!for&!one: positive
!but&easy&!for&one: neutral
!but&easy&for&!of: positive
!but&easy&for&of: neutral
but&!features&!got&!this: negative
but&!features&!got&this: neutral
but&!features&got&!so: negative
but&!features&got&so: positive
but&features&!just&!much: positive
but&features&!just&much: positive
but&features&just: positive
DecisionTree learned:
!but&!and&!not&!laptops: negative
!but&!and&!not&laptops: conflict
!but&!and&not&!much: negative
!but&!and&not&much: neutral
!but&and&!back&!i: positive
!but&and&!back&i: neutral
!but&and&back&!laptop: neutral
!but&and&back&laptop: negative
but&!mac&!warranty&!if: negative
but&!mac&!warranty&if: neutral
but&!mac&warranty&!is: neutral
but&!mac&warranty&is: negative
but&mac&!had&!up: neutral
but&mac&!had&up: positive
but&mac&had&!my: negative
but&mac&had&my: positive
DecisionTree learned:
!but&!had&!not&!and: negative
!but&!had&!not&and: positive
!but&!had&not&!apple: negative
!but&!had&not&apple: positive
!but&had&!set&!a: negative
!but&had&!set&a: negative
!but&had&set: positive
but&!mac&!hard&!difference: negative
but&!mac&!hard&difference: neutral
but&!mac&hard&!the: conflict
but&!mac&hard&the: neutral
but&mac&!in&!the: negative
but&mac&!in&the: neutral
but&mac&in&!easy: positive
but&mac&in&easy: positive
DecisionTree learned:
!but&!would&!for&!much: negative
!but&!would&!for&much: positive
!but&!would&for&!so: positive
!but&!would&for&so: negative
!but&would&!buy&!recommend: negative
!but&would&!buy&recommend: positive
!but&would&buy&!much: neutral
!but&would&buy&much: negative
but&!yes&!new&!this: negative
but&!yes&!new&this: negative
but&!yes&new&!with: neutral
but&!yes&new&with: neutral
but&yes&!and: conflict
but&yes&and&!make: positive
but&yes&and&make: positive
DecisionTree learned:
!but&!fast&!for&!awesome: negative
!but&!fast&!for&awesome: positive
!but&!fast&for&!office: neutral
!but&!fast&for&office: neutral
!but&fast&!with: positive
!but&fast&with&!just: positive
!but&fast&with&just: neutral
but&!mac&!think&!the: conflict
but&!mac&!think&the: negative
but&!mac&think&!on: negative
but&!mac&think&on: neutral
but&mac&!bit&!you: positive
but&mac&!bit&you: positive
but&mac&bit: neutral
DecisionTree learned:
!but&!for&!good&!much: negative
!but&!for&!good&much: positive
!but&!for&good&!computer: positive
!but&!for&good&computer: negative
!but&for&!so&!keynote: neutral
!but&for&!so&keynote: neutral
!but&for&so&!laptop: negative
!but&for&so&laptop: conflict
but&!drive&!so&!in: negative
but&!drive&!so&in: positive
but&!drive&so&!laptop: conflict
but&!drive&so&laptop: neutral
but&drive&!rather&!to: negative
but&drive&!rather&to: negative
but&drive&rather: neutral
DecisionTree learned:
!but&!complain&!and&!not: negative
!but&!complain&!and&not: negative
!but&!complain&and&!i: positive
!but&!complain&and&i: neutral
!but&complain&!and: positive
!but&complain&and: conflict
but&!mac&!hard&!did: negative
but&!mac&!hard&did: neutral
but&!mac&hard&!it: neutral
but&!mac&hard&it: conflict
but&mac&!bit&!to: neutral
but&mac&!bit&to: positive
but&mac&bit: neutral
DecisionTree learned:
!but&!eee&!for&!requires: negative
!but&!eee&!for&requires: conflict
!but&!eee&for&!in: neutral
!but&!eee&for&in: negative
!but&eee: conflict
but&!new&!difference&!x: negative
but&!new&!difference&x: neutral
but&!new&difference&!to: positive
but&!new&difference&to: neutral
but&new&!with&!software: positive
but&new&!with&software: negative
but&new&with&!just: neutral
but&new&with&just: neutral
DecisionTree learned:
!but&!easy&!amazing&!fast: negative
!but&!easy&!amazing&fast: positive
!but&!easy&amazing: positive
!but&easy&!for&!one: positive
!but&easy&!for&one: neutral
!but&easy&for&!very: positive
!but&easy&for&very: positive
but&!os&!like&!features: negative
but&!os&!like&features: positive
but&!os&like&!it: positive
but&!os&like&it: positive
but&os&!have&!is: neutral
but&os&!have&is: neutral
but&os&have: positive
DecisionTree learned:
!but&!would&!and&!laptops: negative
!but&!would&!and&laptops: conflict
!but&!would&and&!complain: positive
!but&!would&and&complain: conflict
!but&would&!buy&!laptop: negative
!but&would&!buy&laptop: negative
!but&would&buy&!much: neutral
!but&would&buy&much: negative
but&!nothing&!be&!did: positive
but&!nothing&!be&did: neutral
but&!nothing&be&!with: negative
but&!nothing&be&with: negative
but&nothing: negative
DecisionTree learned:
!but&!and&!awesome&!laptops: negative
!but&!and&!awesome&laptops: conflict
!but&!and&awesome: positive
!but&and&!complain&!i: positive
!but&and&!complain&i: neutral
!but&and&complain: conflict
but&!new&!difference&!repair: negative
but&!new&!difference&repair: negative
but&!new&difference&!to: neutral
but&!new&difference&to: neutral
but&new&!when&!some: neutral
but&new&!when&some: positive
but&new&when&!so: negative
but&new&when&so: neutral
DecisionTree learned:
!but&!uses&!very&!then: positive
!but&!uses&!very&then: negative
!but&!uses&very&!do: positive
!but&!uses&very&do: negative
!but&uses&!of: neutral
!but&uses&of: conflict
but&!mac&!there&!on: positive
but&!mac&!there&on: neutral
but&!mac&there&!to: negative
but&!mac&there&to: neutral
but&mac&!bit&!pc: positive
but&mac&!bit&pc: positive
but&mac&bit: neutral
DecisionTree learned:
!but&!for&!pc&!good: negative
!but&!for&!pc&good: positive
!but&!for&pc&!and: conflict
!but&!for&pc&and: positive
!but&for&!to&!keynote: positive
!but&for&!to&keynote: neutral
!but&for&to&!someone: neutral
!but&for&to&someone: positive
but&!new&!track&!if: negative
but&!new&!track&if: neutral
but&!new&track: neutral
but&new&!when&!some: neutral
but&new&!when&some: positive
but&new&when&!so: negative
but&new&when&so: neutral
DecisionTree learned:
!but&!love&!after&!fast: positive
!but&!love&!after&fast: positive
!but&!love&after&!with: negative
!but&!love&after&with: negative
!but&love&!size&!program: positive
!but&love&!size&program: neutral
!but&love&size&!my: neutral
!but&love&size&my: positive
but&!be&!battery&!did: positive
but&!be&!battery&did: neutral
but&!be&battery&!n: conflict
but&!be&battery&n: negative
but&be&!with&!and: negative
but&be&!with&and: negative
but&be&with&!would: negative
but&be&with&would: negative
DecisionTree learned:
!but&!uses&!complain&!love: negative
!but&!uses&!complain&love: positive
!but&!uses&complain&!and: positive
!but&!uses&complain&and: conflict
!but&uses&!of: neutral
!but&uses&of: conflict
but&!well&!need&!to: negative
but&!well&!need&to: neutral
but&!well&need&!to: positive
but&!well&need&to: positive
but&well&!not&!its: positive
but&well&!not&its: positive
but&well&not: neutral
DecisionTree learned:
!but&!much&!uses&!easy: negative
!but&!much&!uses&easy: positive
!but&!much&uses&!of: neutral
!but&!much&uses&of: conflict
!but&much&!i&!pc: positive
!but&much&!i&pc: conflict
!but&much&i&!up: neutral
!but&much&i&up: conflict
but&!mac&!this&!so: negative
but&!mac&!this&so: conflict
but&!mac&this&!know: negative
but&!mac&this&know: conflict
but&mac&!have&!up: neutral
but&mac&!have&up: positive
but&mac&have: negative
DecisionTree learned:
!but&!much&!warranty&!back: positive
!but&!much&!warranty&back: negative
!but&!much&warranty&!was: neutral
!but&!much&warranty&was: neutral
!but&much&!of&!laptops: positive
!but&much&!of&laptops: conflict
!but&much&of&!not: negative
!but&much&of&not: neutral
but&!be&!the&!and: conflict
but&!be&!the&and: neutral
but&!be&the&!they: positive
but&!be&the&they: negative
but&be&!with&!and: negative
but&be&!with&and: negative
but&be&with&!would: negative
but&be&with&would: negative
DecisionTree learned:
!but&!complain&!and&!price: negative
!but&!complain&!and&price: positive
!but&!complain&and&!warranty: positive
!but&!complain&and&warranty: neutral
!but&complain&!and: positive
!but&complain&and: conflict
but&!got&!mac&!power: negative
but&!got&!mac&power: neutral
but&!got&mac&!more: positive
but&!got&mac&more: positive
but&got&!so: negative
but&got&so: positive
DecisionTree learned:
!but&!for&!requires&!pc: negative
!but&!for&!requires&pc: positive
!but&!for&requires: conflict
!but&for&!so&!to: positive
!but&for&!so&to: neutral
!but&for&so&!laptop: negative
!but&for&so&laptop: conflict
but&!this&!so&!hard: negative
but&!this&!so&hard: neutral
but&!this&so&!old: neutral
but&!this&so&old: positive
but&this&!x&!has: positive
but&this&!x&has: negative
but&this&x: neutral
DecisionTree learned:
!but&!for&!much&!get: negative
!but&!for&!much&get: negative
!but&!for&much&!laptops: positive
!but&!for&much&laptops: conflict
!but&for&!so&!despite: neutral
!but&for&!so&despite: conflict
!but&for&so&!battery: negative
!but&for&so&battery: conflict
but&!new&!more&!the: conflict
but&!new&!more&the: negative
but&!new&more&!always: positive
but&!new&more&always: negative
but&new&!with&!you: positive
but&new&!with&you: neutral
but&new&with&!just: neutral
but&new&with&just: neutral
DecisionTree learned:
!but&!good&!pc&!for: negative
!but&!good&!pc&for: neutral
!but&!good&pc&!users: positive
!but&!good&pc&users: neutral
!but&good&!at&!it: positive
!but&good&!at&it: positive
!but&good&at&!just: positive
!but&good&at&just: neutral
but&!so&!in&!windows: negative
but&!so&!in&windows: neutral
but&!so&in&!did: positive
but&!so&in&did: neutral
but&so&!laptop&!i: neutral
but&so&!laptop&i: positive
but&so&laptop&!toshiba: neutral
but&so&laptop&toshiba: negative
DecisionTree learned:
!but&!complain&!is&!love: neutral
!but&!complain&!is&love: positive
!but&!complain&is&!not: positive
!but&!complain&is&not: negative
!but&complain&!and: positive
!but&complain&and: conflict
but&!mac&!difference&!this: conflict
but&!mac&!difference&this: negative
but&!mac&difference&!to: neutral
but&!mac&difference&to: neutral
but&mac&!bit&!you: positive
but&mac&!bit&you: positive
but&mac&bit: neutral
DecisionTree learned:
!but&!great&!much&!easy: negative
!but&!great&!much&easy: positive
!but&!great&much&!i: positive
!but&!great&much&i: neutral
!but&great&!for&!lack: positive
!but&great&!for&lack: negative
!but&great&for&!is: positive
!but&great&for&is: positive
but&!repair&!there&!new: positive
but&!repair&!there&new: neutral
but&!repair&there&!much: negative
but&!repair&there&much: positive
but&repair&!they: negative
but&repair&they&!to: neutral
but&repair&they&to: neutral
DecisionTree learned:
!but&!for&!requires&!get: negative
!but&!for&!requires&get: negative
!but&!for&requires: conflict
!but&for&!so&!despite: neutral
!but&for&!so&despite: conflict
!but&for&so&!laptop: negative
!but&for&so&laptop: conflict
but&!os&!like&!be: positive
but&!os&!like&be: negative
but&!os&like&!in: negative
but&!os&like&in: positive
but&os&!s&!so: positive
but&os&!s&so: neutral
but&os&s: neutral
DecisionTree learned:
!but&!much&!easy&!to: positive
!but&!much&!easy&to: negative
!but&!much&easy&!for: positive
!but&!much&easy&for: positive
!but&much&!of&!that: positive
!but&much&!of&that: conflict
!but&much&of&!not: negative
!but&much&of&not: neutral
but&!repair&!new&!difference: negative
but&!repair&!new&difference: neutral
but&!repair&new&!with: neutral
but&!repair&new&with: neutral
but&repair&!to&!toshiba: negative
but&repair&!to&toshiba: negative
but&repair&to: neutral
DecisionTree learned:
!but&!uses&!generally&!pc: positive
!but&!uses&!generally&pc: positive
!but&!uses&generally: conflict
!but&uses&!of: neutral
!but&uses&of: conflict
but&!be&!repair&!gb: positive
but&!be&!repair&gb: neutral
but&!be&repair&!they: negative
but&!be&repair&they: neutral
but&be&!with&!and: negative
but&be&!with&and: negative
but&be&with&!would: negative
but&be&with&would: negative
DecisionTree learned:
!but&!pc&!for&!requires: negative
!but&!pc&!for&requires: conflict
!but&!pc&for&!not: neutral
!but&!pc&for&not: negative
!but&pc&!users&!and: positive
!but&pc&!users&and: positive
!but&pc&users: neutral
but&!yes&!difference&!mac: negative
but&!yes&!difference&mac: neutral
but&!yes&difference&!to: neutral
but&!yes&difference&to: neutral
but&yes&!and: conflict
but&yes&and&!make: positive
but&yes&and&make: positive
DecisionTree learned:
!but&!great&!movie&!long: negative
!but&!great&!movie&long: positive
!but&!great&movie&!just: neutral
!but&!great&movie&just: neutral
!but&great&!for&!life: positive
!but&great&!for&life: negative
!but&great&for&!is: neutral
!but&great&for&is: positive
but&!like&!features&!diminisher: negative
but&!like&!features&diminisher: negative
but&!like&features&!just: positive
but&!like&features&just: neutral
but&like&!windows&!it: positive
but&like&!windows&it: positive
but&like&windows: neutral
DecisionTree learned:
!but&!pc&!for&!safari: negative
!but&!pc&!for&safari: neutral
!but&!pc&for&!office: neutral
!but&!pc&for&office: neutral
!but&pc&!hp&!much: positive
!but&pc&!hp&much: conflict
!but&pc&hp: conflict
but&!got&!warranty&!mac: positive
but&!got&!warranty&mac: positive
but&!got&warranty&!just: negative
but&!got&warranty&just: neutral
but&got&!so: negative
but&got&so: positive
DecisionTree learned:
!but&!requires&!generally&!complain: negative
!but&!requires&!generally&complain: conflict
!but&!requires&generally: conflict
!but&requires: conflict
but&!standard&!new&!if: negative
but&!standard&!new&if: neutral
but&!standard&new&!when: neutral
but&!standard&new&when: neutral
but&standard: conflict
DecisionTree learned:
!but&!great&!much&!requires: negative
!but&!great&!much&requires: conflict
!but&!great&much&!i: positive
!but&!great&much&i: neutral
!but&great&!pad&!for: positive
!but&great&!pad&for: positive
!but&great&pad&!so: neutral
!but&great&pad&so: neutral
but&!difference&!so&!this: negative
but&!difference&!so&this: negative
but&!difference&so&!it: neutral
but&!difference&so&it: conflict
but&difference&!to: neutral
but&difference&to: neutral
DecisionTree learned:
!but&!for&!eee&!requires: negative
!but&!for&!eee&requires: conflict
!but&!for&eee: conflict
!but&for&!in&!looks: neutral
!but&for&!in&looks: conflict
!but&for&in&!life: negative
!but&for&in&life: positive
but&!mac&!this&!outside: negative
but&!mac&!this&outside: neutral
but&!mac&this&!know: neutral
but&!mac&this&know: conflict
but&mac&!up&!it: positive
but&mac&!up&it: neutral
but&mac&up: positive
DecisionTree learned:
!but&!opted&!generally&!complain: positive
!but&!opted&!generally&complain: conflict
!but&!opted&generally: conflict
!but&opted: conflict
but&!and&!to&!i: conflict
but&!and&!to&i: negative
but&!and&to&!a: neutral
but&!and&to&a: neutral
but&and&!than&!well: negative
but&and&!than&well: positive
but&and&than&!gb: positive
but&and&than&gb: neutral
DecisionTree learned:
!but&!uses&!much&!opted: negative
!but&!uses&!much&opted: conflict
!but&!uses&much&!of: positive
!but&!uses&much&of: neutral
!but&uses&!of: neutral
!but&uses&of: conflict
but&!gb&!i&!windows: conflict
but&!gb&!i&windows: neutral
but&!gb&i&!which: negative
but&!gb&i&which: conflict
but&gb&!just: neutral
but&gb&just: neutral
DecisionTree learned:
!but&!price&!very&!then: negative
!but&!price&!very&then: negative
!but&!price&very&!functions: positive
!but&!price&very&functions: conflict
!but&price&!worth&!off: positive
!but&price&!worth&off: neutral
!but&price&worth&!mac: conflict
!but&price&worth&mac: negative
but&!got&!mac&!if: negative
but&!got&!mac&if: neutral
but&!got&mac&!use: neutral
but&!got&mac&use: positive
but&got&!so: negative
but&got&so: positive
DecisionTree learned:
!but&!eee&!much&!for: negative
!but&!eee&!much&for: neutral
!but&!eee&much&!i: positive
!but&!eee&much&i: neutral
!but&eee: conflict
but&!in&!new&!had: negative
but&!in&!new&had: conflict
but&!in&new&!software: neutral
but&!in&new&software: negative
but&in&!so&!did: positive
but&in&!so&did: neutral
but&in&so&!and: conflict
but&in&so&and: neutral
DecisionTree learned:
!but&!and&!laptops&!is: neutral
!but&!and&!laptops&is: negative
!but&!and&laptops&!much: negative
!but&!and&laptops&much: conflict
!but&and&!complain&!warranty: positive
!but&and&!complain&warranty: neutral
!but&and&complain: conflict
but&!did&!difference&!hard: negative
but&!did&!difference&hard: neutral
but&!did&difference&!to: neutral
but&!did&difference&to: neutral
but&did&!in&!software: conflict
but&did&!in&software: neutral
but&did&in&!me: neutral
but&did&in&me: negative
DecisionTree learned:
!but&!opted&!after&!pc: positive
!but&!opted&!after&pc: positive
!but&!opted&after&!with: neutral
!but&!opted&after&with: negative
!but&opted: conflict
but&!think&!this&!so: negative
but&!think&!this&so: conflict
but&!think&this&!know: negative
but&!think&this&know: conflict
but&think&!on: negative
but&think&on: neutral
DecisionTree learned:
!but&!eee&!for&!n: positive
!but&!eee&!for&n: negative
!but&!eee&for&!to: positive
!but&!eee&for&to: neutral
!but&eee: conflict
but&!this&!mac&!so: negative
but&!this&!mac&so: conflict
but&!this&mac&!have: neutral
but&!this&mac&have: negative
but&this&!experience&!x: positive
but&this&!experience&x: neutral
but&this&experience&!so: conflict
but&this&experience&so: negative
DecisionTree learned:
!but&!for&!eee&!requires: negative
!but&!for&!eee&requires: conflict
!but&!for&eee: conflict
!but&for&!so&!desktop: neutral
!but&for&!so&desktop: conflict
!but&for&so&!laptop: negative
!but&for&so&laptop: conflict
but&!this&!so&!diminisher: positive
but&!this&!so&diminisher: conflict
but&!this&so&!old: neutral
but&!this&so&old: positive
but&this&!know&!has: positive
but&this&!know&has: negative
but&this&know: conflict
DecisionTree learned:
!but&!for&!pc&!were: negative
!but&!for&!pc&were: negative
!but&!for&pc&!and: conflict
!but&!for&pc&and: positive
!but&for&!so&!despite: neutral
!but&for&!so&despite: conflict
!but&for&so&!laptop: negative
!but&for&so&laptop: conflict
but&!this&!so&!difference: negative
but&!this&!so&difference: neutral
but&!this&so&!it: neutral
but&!this&so&it: conflict
but&this&!computer&!you: positive
but&this&!computer&you: neutral
but&this&computer&!that: negative
but&this&computer&that: conflict
DecisionTree learned:
!but&!for&!eee&!laptops: negative
!but&!for&!eee&laptops: conflict
!but&!for&eee: conflict
!but&for&!so&!desktop: neutral
!but&for&!so&desktop: conflict
!but&for&so&!battery: negative
!but&for&so&battery: conflict
but&!mac&!this&!has: negative
but&!mac&!this&has: conflict
but&!mac&this&!know: negative
but&!mac&this&know: conflict
but&mac&!more&!up: neutral
but&mac&!more&up: positive
but&mac&more: positive
DecisionTree learned:
!but&!generally&!complain&!would: positive
!but&!generally&!complain&would: negative
!but&!generally&complain&!and: positive
!but&!generally&complain&and: conflict
!but&generally: conflict
but&!did&!web&!screen: positive
but&!did&!web&screen: conflict
but&!did&web&!just: neutral
but&!did&web&just: positive
but&did&!in&!software: conflict
but&did&!in&software: neutral
but&did&in&!on: negative
but&did&in&on: neutral
DecisionTree learned:
!but&!acceptable&!very&!requires: negative
!but&!acceptable&!very&requires: conflict
!but&!acceptable&very&!frustrating: positive
!but&!acceptable&very&frustrating: negative
!but&acceptable: conflict
but&!email&!standard&!mac: positive
but&!email&!standard&mac: neutral
but&!email&standard: conflict
but&email&!to: neutral
but&email&to: neutral
DecisionTree learned:
!but&!opted&!much&!long: negative
!but&!opted&!much&long: positive
!but&!opted&much&!i: positive
!but&!opted&much&i: neutral
!but&opted: conflict
but&!repair&!think&!have: positive
but&!repair&!think&have: positive
but&!repair&think&!on: negative
but&!repair&think&on: neutral
but&repair&!they: negative
but&repair&they&!to: negative
but&repair&they&to: neutral
DecisionTree learned:
!but&!much&!firefox&!complain: negative
!but&!much&!firefox&complain: conflict
!but&!much&firefox&!everything: neutral
!but&!much&firefox&everything: neutral
!but&much&!i&!out: positive
!but&much&!i&out: conflict
!but&much&i&!up: neutral
!but&much&i&up: conflict
but&!i&!windows&!gb: conflict
but&!i&!windows&gb: neutral
but&!i&windows&!so: neutral
but&!i&windows&so: neutral
but&i&!they&!which: positive
but&i&!they&which: conflict
but&i&they&!on: negative
but&i&they&on: neutral
DecisionTree learned:
!but&!uses&!complain&!much: negative
!but&!uses&!complain&much: positive
!but&!uses&complain&!and: positive
!but&!uses&complain&and: conflict
!but&uses&!of: neutral
!but&uses&of: conflict
but&!mac&!this&!so: negative
but&!mac&!this&so: conflict
but&!mac&this&!know: positive
but&!mac&this&know: conflict
but&mac&!bit&!the: negative
but&mac&!bit&the: positive
but&mac&bit: neutral
DecisionTree learned:
!but&!for&!get&!you: positive
!but&!for&!get&you: neutral
!but&!for&get&!am: negative
!but&!for&get&am: conflict
!but&for&!so&!to: positive
!but&for&!so&to: neutral
!but&for&so&!laptop: positive
!but&for&so&laptop: conflict
but&!this&!so&!diminisher: positive
but&!this&!so&diminisher: conflict
but&!this&so&!old: neutral
but&!this&so&old: positive
but&this&!know&!not: neutral
but&this&!know&not: negative
but&this&know: conflict
DecisionTree learned:
!but&!generally&!uses&!much: negative
!but&!generally&!uses&much: positive
!but&!generally&uses&!of: neutral
!but&!generally&uses&of: conflict
!but&generally: conflict
but&!think&!the&!it: neutral
but&!think&!the&it: conflict
but&!think&the&!difference: positive
but&!think&the&difference: neutral
but&think&!on: negative
but&think&on: neutral
DecisionTree learned:
!but&!generally&!complain&!much: negative
!but&!generally&!complain&much: positive
!but&!generally&complain&!and: positive
!but&!generally&complain&and: conflict
!but&generally: conflict
but&!mac&!web&!screen: negative
but&!mac&!web&screen: conflict
but&!mac&web&!just: neutral
but&!mac&web&just: positive
but&mac&!more&!up: neutral
but&mac&!more&up: positive
but&mac&more: positive
DecisionTree learned:
!but&!generally&!requires&!much: negative
!but&!generally&!requires&much: positive
!but&!generally&requires: conflict
!but&generally: conflict
but&!track&!this&!so: negative
but&!track&!this&so: conflict
but&!track&this&!know: negative
but&!track&this&know: conflict
but&track: neutral
DecisionTree learned:
!but&!generally&!great&!long: negative
!but&!generally&!great&long: positive
!but&!generally&great&!had: positive
!but&!generally&great&had: negative
!but&generally: conflict
but&!web&!screen&!i: negative
but&!web&!screen&i: positive
but&!web&screen&!computer: conflict
but&!web&screen&computer: negative
but&web&!just: neutral
but&web&just: positive
DecisionTree learned:
!but&!uses&!requires&!pc: negative
!but&!uses&!requires&pc: positive
!but&!uses&requires: conflict
!but&uses&!of: neutral
!but&uses&of: conflict
but&!this&!difference&!mac: conflict
but&!this&!difference&mac: positive
but&!this&difference&!to: neutral
but&!this&difference&to: neutral
but&this&!know&!x: negative
but&this&!know&x: neutral
but&this&know: conflict
DecisionTree learned:
!but&!love&!safari&!for: negative
!but&!love&!safari&for: neutral
!but&!love&safari: neutral
!but&love&!size&!program: positive
!but&love&!size&program: neutral
!but&love&size&!my: neutral
!but&love&size&my: positive
but&!be&!new&!the: conflict
but&!be&!new&the: positive
but&!be&new&!when: neutral
but&!be&new&when: neutral
but&be&!with&!and: negative
but&be&!with&and: negative
but&be&with&!a: negative
but&be&with&a: negative
DecisionTree learned:
!but&!eee&!for&!laptops: negative
!but&!eee&!for&laptops: conflict
!but&!eee&for&!so: neutral
!but&!eee&for&so: conflict
!but&eee: conflict
but&!hard&!laptop&!this: negative
but&!hard&!laptop&this: neutral
but&!hard&laptop&!a: positive
but&!hard&laptop&a: neutral
but&hard&!the: conflict
but&hard&the&!you: neutral
but&hard&the&you: neutral
DecisionTree learned:
!but&!requires&!much&!for: negative
!but&!requires&!much&for: neutral
!but&!requires&much&!i: positive
!but&!requires&much&i: neutral
!but&requires: conflict
but&!new&!if&!os: negative
but&!new&!if&os: neutral
but&!new&if&!to: negative
but&!new&if&to: neutral
but&new&!in&!software: neutral
but&new&!in&software: negative
but&new&in&!so: negative
but&new&in&so: neutral
DecisionTree learned:
!but&!complain&!and&!though: negative
!but&!complain&!and&though: conflict
!but&!complain&and&!sol: positive
!but&!complain&and&sol: conflict
!but&complain&!and: positive
!but&complain&and: conflict
but&!i&!windows&!that: negative
but&!i&!windows&that: conflict
but&!i&windows&!so: neutral
but&!i&windows&so: neutral
but&i&!which&!on: positive
but&i&!which&on: neutral
but&i&which&!so: conflict
but&i&which&so: positive
DecisionTree learned:
!but&!opted&!complain&!long: negative
!but&!opted&!complain&long: positive
!but&!opted&complain&!and: positive
!but&!opted&complain&and: conflict
!but&opted: conflict
but&!did&!hard&!difference: negative
but&!did&!hard&difference: neutral
but&!did&hard&!the: conflict
but&!did&hard&the: neutral
but&did&!in&!software: conflict
but&did&!in&software: neutral
but&did&in&!me: neutral
but&did&in&me: negative
DecisionTree learned:
!but&!after&!much&!generally: positive
!but&!after&!much&generally: conflict
!but&!after&much&!i: positive
!but&!after&much&i: neutral
!but&after&!sales&!with: neutral
!but&after&!sales&with: negative
!but&after&sales&!so: positive
!but&after&sales&so: positive
but&!this&!so&!outside: positive
but&!this&!so&outside: neutral
but&!this&so&!it: neutral
but&!this&so&it: conflict
but&this&!have&!to: negative
but&this&!have&to: neutral
but&this&have&!with: positive
but&this&have&with: negative
DecisionTree learned:
!but&!eee&!for&!requires: negative
!but&!eee&!for&requires: conflict
!but&!eee&for&!so: neutral
!but&!eee&for&so: conflict
!but&eee: conflict
but&!this&!so&!diminisher: positive
but&!this&!so&diminisher: conflict
but&!this&so&!it: neutral
but&!this&so&it: conflict
but&this&!know&!features: neutral
but&this&!know&features: positive
but&this&know: conflict
DecisionTree learned:
!but&!is&!had&!requires: neutral
!but&!is&!had&requires: conflict
!but&!is&had&!a: negative
!but&!is&had&a: neutral
!but&is&!only&!expensive: positive
!but&is&!only&expensive: conflict
!but&is&only&!using: negative
!but&is&only&using: neutral
but&!mac&!this&!so: negative
but&!mac&!this&so: conflict
but&!mac&this&!know: neutral
but&!mac&this&know: conflict
but&mac&!have&!more: neutral
but&mac&!have&more: positive
but&mac&have: negative
DecisionTree learned:
!but&!complain&!opted&!much: negative
!but&!complain&!opted&much: positive
!but&!complain&opted: conflict
!but&complain&!and: positive
!but&complain&and: conflict
but&!repair&!windows&!new: negative
but&!repair&!windows&new: neutral
but&!repair&windows&!i: neutral
but&!repair&windows&i: negative
but&repair&!they: negative
but&repair&they&!to: neutral
but&repair&they&to: neutral
DecisionTree learned:
!but&!requires&!my&!generally: negative
!but&!requires&!my&generally: conflict
!but&!requires&my&!laptop: neutral
!but&!requires&my&laptop: conflict
!but&requires: conflict
but&!this&!difference&!mac: conflict
but&!this&!difference&mac: neutral
but&!this&difference&!to: neutral
but&!this&difference&to: neutral
but&this&!have&!to: positive
but&this&!have&to: neutral
but&this&have&!with: positive
but&this&have&with: negative
DecisionTree learned:
!but&!for&!pc&!they: negative
!but&!for&!pc&they: neutral
!but&!for&pc&!and: conflict
!but&!for&pc&and: positive
!but&for&!so&!functions: neutral
!but&for&!so&functions: conflict
!but&for&so&!laptop: positive
!but&for&so&laptop: conflict
but&!yes&!in&!hard: negative
but&!yes&!in&hard: neutral
but&!yes&in&!so: neutral
but&!yes&in&so: neutral
but&yes&!and: conflict
but&yes&and&!make: positive
but&yes&and&make: positive
DecisionTree learned:
!but&!opted&!complain&!generally: negative
!but&!opted&!complain&generally: conflict
!but&!opted&complain&!and: positive
!but&!opted&complain&and: conflict
!but&opted: conflict
but&!repair&!got&!mac: positive
but&!repair&!got&mac: neutral
but&!repair&got&!so: negative
but&!repair&got&so: positive
but&repair&!they: negative
but&repair&they&!to: negative
but&repair&they&to: neutral
DecisionTree learned:
!but&!eee&!generally&!much: negative
!but&!eee&!generally&much: positive
!but&!eee&generally: conflict
!but&eee: conflict
but&!this&!mac&!windows: positive
but&!this&!mac&windows: neutral
but&!this&mac&!have: positive
but&!this&mac&have: negative
but&this&!has&!with: positive
but&this&!has&with: negative
but&this&has&!toshiba: negative
but&this&has&toshiba: negative
DecisionTree learned:
!but&!very&!opted&!my: negative
!but&!very&!opted&my: neutral
!but&!very&opted: conflict
!but&very&!functions&!would: positive
!but&very&!functions&would: negative
!but&very&functions: conflict
but&!did&!size&!if: positive
but&!did&!size&if: neutral
but&!did&size&!and: neutral
but&!did&size&and: neutral
but&did&!in&!software: conflict
but&did&!in&software: neutral
but&did&in&!on: neutral
but&did&in&on: neutral
DecisionTree learned:
!but&!uses&!generally&!opted: positive
!but&!uses&!generally&opted: conflict
!but&!uses&generally: conflict
!but&uses&!of: neutral
!but&uses&of: conflict
but&!new&!difference&!there: positive
but&!new&!difference&there: negative
but&!new&difference&!to: neutral
but&!new&difference&to: neutral
but&new&!when&!some: neutral
but&new&!when&some: positive
but&new&when&!so: negative
but&new&when&so: neutral
DecisionTree learned:
!but&!opted&!much&!long: neutral
!but&!opted&!much&long: positive
!but&!opted&much&!i: positive
!but&!opted&much&i: neutral
!but&opted: conflict
but&!this&!so&!diminisher: positive
but&!this&!so&diminisher: conflict
but&!this&so&!it: neutral
but&!this&so&it: conflict
but&this&!know&!that: positive
but&this&!know&that: negative
but&this&know: conflict
DecisionTree learned:
!but&!complain&!and&!though: negative
!but&!complain&!and&though: conflict
!but&!complain&and&!sol: positive
!but&!complain&and&sol: conflict
!but&complain&!and: positive
!but&complain&and: conflict
but&!this&!machine&!so: negative
but&!this&!machine&so: neutral
but&!this&machine: positive
but&this&!know&!x: negative
but&this&!know&x: neutral
but&this&know: conflict
DecisionTree learned:
!but&!after&!requires&!much: positive
!but&!after&!requires&much: positive
!but&!after&requires: conflict
!but&after&!with&!what: negative
!but&after&!with&what: positive
!but&after&with&!i: negative
!but&after&with&i: positive
but&!this&!mac&!has: negative
but&!this&!mac&has: conflict
but&!this&mac&!system: positive
but&!this&mac&system: neutral
but&this&!experience&!has: neutral
but&this&!experience&has: negative
but&this&experience&!so: conflict
but&this&experience&so: negative
DecisionTree learned:
!but&!generally&!opted&!much: negative
!but&!generally&!opted&much: positive
!but&!generally&opted: conflict
!but&generally: conflict
but&!i&!mac&!windows: conflict
but&!i&!mac&windows: neutral
but&!i&mac&!you: positive
but&!i&mac&you: neutral
but&i&!which&!on: positive
but&i&!which&on: neutral
but&i&which&!so: conflict
but&i&which&so: positive
DecisionTree learned:
!but&!opted&!much&!long: negative
!but&!opted&!much&long: positive
!but&!opted&much&!i: positive
!but&!opted&much&i: neutral
!but&opted: conflict
but&!most&!this&!so: negative
but&!most&!this&so: neutral
but&!most&this&!know: positive
but&!most&this&know: conflict
but&most&!just&!than: positive
but&most&!just&than: positive
but&most&just: positive
DecisionTree learned:
!but&!much&!long&!generally: negative
!but&!much&!long&generally: conflict
!but&!much&long&!though: positive
!but&!much&long&though: conflict
!but&much&!i&!out: positive
!but&much&!i&out: negative
!but&much&i&!up: neutral
!but&much&i&up: conflict
but&!this&!has&!and: conflict
but&!this&!has&and: positive
but&!this&has&!it: neutral
but&!this&has&it: conflict
but&this&!have&!to: neutral
but&this&!have&to: neutral
but&this&have&!with: positive
but&this&have&with: negative
DecisionTree learned:
!but&!much&!complain&!and: negative
!but&!much&!complain&and: positive
!but&!much&complain&!and: positive
!but&!much&complain&and: conflict
!but&much&!of&!laptops: positive
!but&much&!of&laptops: conflict
!but&much&of&!not: negative
!but&much&of&not: neutral
but&!mac&!hard&!laptop: negative
but&!mac&!hard&laptop: neutral
but&!mac&hard&!the: conflict
but&!mac&hard&the: neutral
but&mac&!bit&!pc: positive
but&mac&!bit&pc: positive
but&mac&bit: neutral
DecisionTree learned:
!but&!complain&!and&!laptops: negative
!but&!complain&!and&laptops: conflict
!but&!complain&and&!back: positive
!but&!complain&and&back: negative
!but&complain&!and: positive
!but&complain&and: conflict
but&!this&!size&!screen: positive
but&!this&!size&screen: conflict
but&!this&size&!and: neutral
but&!this&size&and: neutral
but&this&!x&!with: positive
but&this&!x&with: negative
but&this&x: neutral
DecisionTree learned:
!but&!eee&!much&!for: negative
!but&!eee&!much&for: neutral
!but&!eee&much&!laptops: positive
!but&!eee&much&laptops: conflict
!but&eee: conflict
but&!web&!screen&!standard: negative
but&!web&!screen&standard: conflict
but&!web&screen&!and: conflict
but&!web&screen&and: negative
but&web&!just: neutral
but&web&just: positive
DecisionTree learned:
!but&!not&!for&!eee: positive
!but&!not&!for&eee: conflict
!but&!not&for&!so: positive
!but&!not&for&so: conflict
!but&not&!other&!via: negative
!but&not&!other&via: neutral
!but&not&other&!a: positive
!but&not&other&a: conflict
but&!hard&!laptop&!email: positive
but&!hard&!laptop&email: neutral
but&!hard&laptop&!the: neutral
but&!hard&laptop&the: positive
but&hard&!it&!new: neutral
but&hard&!it&new: neutral
but&hard&it&!to: negative
but&hard&it&to: conflict
DecisionTree learned:
!but&!requires&!for&!against: negative
!but&!requires&!for&against: conflict
!but&!requires&for&!so: neutral
!but&!requires&for&so: conflict
!but&requires: conflict
but&!web&!screen&!does: positive
but&!web&!screen&does: negative
but&!web&screen&!and: conflict
but&!web&screen&and: negative
but&web&!just: neutral
but&web&just: positive
DecisionTree learned:
!but&!opted&!much&!get: positive
!but&!opted&!much&get: negative
!but&!opted&much&!i: positive
!but&!opted&much&i: neutral
!but&opted: conflict
but&!this&!difference&!so: positive
but&!this&!difference&so: neutral
but&!this&difference&!to: neutral
but&!this&difference&to: neutral
but&this&!experience&!has: positive
but&this&!experience&has: negative
but&this&experience&!so: conflict
but&this&experience&so: negative
DecisionTree learned:
!but&!uses&!long&!requires: negative
!but&!uses&!long&requires: conflict
!but&!uses&long&!though: positive
!but&!uses&long&though: conflict
!but&uses&!of: neutral
!but&uses&of: conflict
but&!size&!difference&!if: negative
but&!size&!difference&if: neutral
but&!size&difference&!to: neutral
but&!size&difference&to: neutral
but&size&!and: neutral
but&size&and: neutral
DecisionTree learned:
!but&!back&!other&!my: positive
!but&!back&!other&my: neutral
!but&!back&other&!functions: neutral
!but&!back&other&functions: conflict
!but&back&!a&!and: negative
!but&back&!a&and: neutral
!but&back&a&!motherboard: negative
!but&back&a&motherboard: neutral
but&!yes&!email&!gb: negative
but&!yes&!email&gb: neutral
but&!yes&email&!to: neutral
but&!yes&email&to: neutral
but&yes&!to&!than: conflict
but&yes&!to&than: positive
but&yes&to: positive
DecisionTree learned:
!but&!much&!generally&!opted: negative
!but&!much&!generally&opted: conflict
!but&!much&generally: conflict
!but&much&!laptops&!out: positive
!but&much&!laptops&out: conflict
!but&much&laptops&!and: conflict
!but&much&laptops&and: neutral
but&!this&!difference&!and: conflict
but&!this&!difference&and: positive
but&!this&difference&!to: neutral
but&!this&difference&to: neutral
but&this&!know&!x: negative
but&this&!know&x: neutral
but&this&know: conflict
DecisionTree learned:
!but&!generally&!uses&!opted: positive
!but&!generally&!uses&opted: conflict
!but&!generally&uses&!of: neutral
!but&!generally&uses&of: conflict
!but&generally: conflict
but&!i&!windows&!difference: conflict
but&!i&!windows&difference: neutral
but&!i&windows&!be: neutral
but&!i&windows&be: negative
but&i&!which&!a: positive
but&i&!which&a: neutral
but&i&which&!so: conflict
but&i&which&so: conflict
DecisionTree learned:
!but&!ease&!pc&!for: negative
!but&!ease&!pc&for: neutral
!but&!ease&pc&!users: positive
!but&!ease&pc&users: neutral
!but&ease: positive
but&!size&!i&!windows: conflict
but&!size&!i&windows: neutral
but&!size&i&!which: positive
but&!size&i&which: conflict
but&size&!and: neutral
but&size&and: neutral
DecisionTree learned:
!but&!complain&!much&!and: negative
!but&!complain&!much&and: positive
!but&!complain&much&!laptops: positive
!but&!complain&much&laptops: conflict
!but&complain&!and: positive
!but&complain&and: conflict
but&!this&!outside&!so: positive
but&!this&!outside&so: neutral
but&!this&outside&!software: neutral
but&!this&outside&software: neutral
but&this&!m&!on: positive
but&this&!m&on: neutral
but&this&m&!a: negative
but&this&m&a: neutral
DecisionTree learned:
!but&!complain&!opted&!though: negative
!but&!complain&!opted&though: conflict
!but&!complain&opted: conflict
!but&complain&!and: positive
!but&complain&and: conflict
but&!features&!this&!has: negative
but&!features&!this&has: conflict
but&!features&this&!know: neutral
but&!features&this&know: conflict
but&features&!just&!much: positive
but&features&!just&much: positive
but&features&just: positive
DecisionTree learned:
!but&!love&!though&!ease: negative
!but&!love&!though&ease: positive
!but&!love&though&!of: conflict
!but&!love&though&of: negative
!but&love&!size&!program: positive
!but&love&!size&program: neutral
!but&love&size&!my: neutral
!but&love&size&my: positive
but&!size&!hard&!laptop: positive
but&!size&!hard&laptop: neutral
but&!size&hard&!you: neutral
but&!size&hard&you: neutral
but&size&!i: neutral
but&size&i: neutral
DecisionTree learned:
!but&!generally&!eee&!much: positive
!but&!generally&!eee&much: positive
!but&!generally&eee: conflict
!but&generally: conflict
but&!i&!windows&!gb: conflict
but&!i&!windows&gb: neutral
but&!i&windows&!so: neutral
but&!i&windows&so: conflict
but&i&!on&!for: positive
but&i&!on&for: neutral
but&i&on&!the: conflict
but&i&on&the: neutral
DecisionTree learned:
!but&!much&!get&!and: negative
!but&!much&!get&and: positive
!but&!much&get&!am: negative
!but&!much&get&am: conflict
!but&much&!laptops&!out: positive
!but&much&!laptops&out: conflict
!but&much&laptops&!and: conflict
!but&much&laptops&and: neutral
but&!difference&!i&!windows: conflict
but&!difference&!i&windows: neutral
but&!difference&i&!like: neutral
but&!difference&i&like: positive
but&difference&!to: neutral
but&difference&to: neutral
Trial 0 Training cc.mallet.classify.AdaBoostM2Trainer@2d58f9d3 finished
Trial 0 Trainer cc.mallet.classify.AdaBoostM2Trainer@2d58f9d3 test data accuracy = 0.4746450304259635

NaiveBayesTrainer
Summary. test accuracy mean = 0.6166328600405679 stddev = 0.0 stderr = 0.0

MaxEntTrainer,gaussianPriorVariance=1.0
Summary. test accuracy mean = 0.6328600405679513 stddev = 0.0 stderr = 0.0

cc.mallet.classify.DecisionTreeTrainer@5975d6ab
Summary. test accuracy mean = 0.513184584178499 stddev = 0.0 stderr = 0.0

cc.mallet.classify.AdaBoostM2Trainer@2d58f9d3
Summary. test accuracy mean = 0.4746450304259635 stddev = 0.0 stderr = 0.0
