
-------------------- Trial 0  --------------------

Trial 0 Training NaiveBayesTrainer with 1865 instances
Trial 0 Training NaiveBayesTrainer finished
Trial 0 Trainer NaiveBayesTrainer test data accuracy = 0.6166328600405679
Trial 0 Training MaxEntTrainer,gaussianPriorVariance=1.0 with 1865 instances
Trial 0 Training MaxEntTrainer,gaussianPriorVariance=1.0 finished
Trial 0 Trainer MaxEntTrainer,gaussianPriorVariance=1.0 test data accuracy = 0.6146044624746451
Trial 0 Training cc.mallet.classify.DecisionTreeTrainer@266bade9 with 1865 instances
DecisionTree learned:
!great&!easy&!and&!but: negative
!great&!easy&!and&but: negative
!great&!easy&and&!extended: positive
!great&!easy&and&extended: neutral
!great&easy&!another&!not: positive
!great&easy&!another&not: positive
!great&easy&another: neutral
great&!etc&!but&!lack: positive
great&!etc&!but&lack: negative
great&!etc&but&!is: negative
great&!etc&but&is: positive
great&etc: negative
Trial 0 Training cc.mallet.classify.DecisionTreeTrainer@266bade9 finished
Trial 0 Trainer cc.mallet.classify.DecisionTreeTrainer@266bade9 test data accuracy = 0.5578093306288032
Trial 0 Training cc.mallet.classify.AdaBoostM2Trainer@656de49c with 1865 instances
DecisionTree learned:
!great&!easy&!but&!good: negative
!great&!easy&!but&good: positive
!great&!easy&but&!speed: negative
!great&!easy&but&speed: neutral
!great&easy&!another&!not: positive
!great&easy&!another&not: positive
!great&easy&another: neutral
great&!no&!etc&!lack: positive
great&!no&!etc&lack: negative
great&!no&etc: negative
great&no: neutral
DecisionTree learned:
!great&!and&!but&!easy: negative
!great&!and&!but&easy: positive
!great&!and&but&!repair: negative
!great&!and&but&repair: negative
!great&and&!extended&!easy: positive
!great&and&!extended&easy: positive
!great&and&extended&!my: neutral
!great&and&extended&my: conflict
great&!no&!you&!etc: positive
great&!no&!you&etc: negative
great&!no&you: neutral
great&no: neutral
DecisionTree learned:
!great&!and&!but&!love: negative
!great&!and&!but&love: positive
!great&!and&but&!i: negative
!great&!and&but&i: positive
!great&and&!email&!extended: positive
!great&and&!email&extended: neutral
!great&and&email&!ms: neutral
!great&and&email&ms: positive
great&!lack&!longer&!but: positive
great&!lack&!longer&but: negative
great&!lack&longer: conflict
great&lack: negative
DecisionTree learned:
!great&!but&!speed&!easy: negative
!great&!but&!speed&easy: positive
!great&!but&speed&!nothing: positive
!great&!but&speed&nothing: negative
!great&but&!speed&!i: negative
!great&but&!speed&i: positive
!great&but&speed: neutral
great&!etc&!you&!but: positive
great&!etc&!you&but: conflict
great&!etc&you: neutral
great&etc: negative
DecisionTree learned:
!great&!and&!but&!not: negative
!great&!and&!but&not: negative
!great&!and&but&!repair: negative
!great&!and&but&repair: negative
!great&and&!extended&!after: positive
!great&and&!extended&after: negative
!great&and&extended&!my: neutral
!great&and&extended&my: conflict
great&!etc&!buttons&!software: positive
great&!etc&!buttons&software: neutral
great&!etc&buttons: negative
great&etc: negative
DecisionTree learned:
!great&!and&!but&!love: negative
!great&!and&!but&love: positive
!great&!and&but&!repair: negative
!great&!and&but&repair: negative
!great&and&!email&!easy: positive
!great&and&!email&easy: positive
!great&and&email&!ms: neutral
!great&and&email&ms: positive
great&!longer&!for&!software: positive
great&!longer&!for&software: neutral
great&!longer&for&!screen: positive
great&!longer&for&screen: conflict
great&longer: conflict
DecisionTree learned:
!but&!great&!good&!easy: negative
!but&!great&!good&easy: positive
!but&!great&good&!games: positive
!but&!great&good&games: neutral
!but&great&!etc&!you: positive
!but&great&!etc&you: neutral
!but&great&etc: negative
but&!it&!i&!and: negative
but&!it&!i&and: negative
but&!it&i&!a: positive
but&!it&i&a: neutral
but&it&!mouse&!meets: conflict
but&it&!mouse&meets: positive
but&it&mouse: positive
DecisionTree learned:
!but&!and&!not&!or: negative
!but&!and&!not&or: neutral
!but&!and&not&!graphics: negative
!but&!and&not&graphics: conflict
!but&and&!fast&!support: positive
!but&and&!fast&support: negative
!but&and&fast: positive
but&!it&!i&!and: negative
but&!it&!i&and: neutral
but&!it&i&!is: positive
but&!it&i&is: neutral
but&it&!screen&!its: negative
but&it&!screen&its: conflict
but&it&screen: conflict
DecisionTree learned:
!great&!but&!good&!love: negative
!great&!but&!good&love: positive
!great&!but&good&!no: positive
!great&!but&good&no: negative
!great&but&!it&!was: positive
!great&but&!it&was: conflict
!great&but&it&!mouse: conflict
!great&but&it&mouse: positive
great&!etc&!media&!but: positive
great&!etc&!media&but: conflict
great&!etc&media&!and: conflict
great&!etc&media&and: positive
great&etc: negative
DecisionTree learned:
!but&!great&!is&!speed: negative
!but&!great&!is&speed: positive
!but&!great&is&!bit: positive
!but&!great&is&bit: conflict
!but&great&!media&!life: positive
!but&great&!media&life: negative
!but&great&media&!and: conflict
!but&great&media&and: positive
but&!it&!i&!so: negative
but&!it&!i&so: neutral
but&!it&i&!a: positive
but&!it&i&a: neutral
but&it&!use&!bit: conflict
but&it&!use&bit: positive
but&it&use: negative
DecisionTree learned:
!but&!great&!very&!good: negative
!but&!great&!very&good: positive
!but&!great&very&!about: positive
!but&!great&very&about: conflict
!but&great&!lack&!longer: positive
!but&great&!lack&longer: conflict
!but&great&lack: negative
but&!it&!an&!vhs: negative
but&!it&!an&vhs: conflict
but&!it&an&!with: conflict
but&!it&an&with: neutral
but&it&!keys&!mouse: conflict
but&it&!keys&mouse: positive
but&it&keys: positive
DecisionTree learned:
!but&!and&!is&!not: negative
!but&!and&!is&not: negative
!but&!and&is&!bit: positive
!but&!and&is&bit: conflict
!but&and&!firefox&!about: positive
!but&and&!firefox&about: conflict
!but&and&firefox: neutral
but&!software&!speed&!so: negative
but&!software&!speed&so: neutral
but&!software&speed: neutral
but&software&!of&!it: negative
but&software&!of&it: negative
but&software&of: neutral
DecisionTree learned:
!but&!and&!or&!not: negative
!but&!and&!or&not: negative
!but&!and&or&!as: neutral
!but&!and&or&as: negative
!but&and&!extended&!about: positive
!but&and&!extended&about: conflict
!but&and&extended&!my: neutral
!but&and&extended&my: conflict
but&!it&!i&!and: negative
but&!it&!i&and: neutral
but&!it&i&!a: positive
but&!it&i&a: neutral
but&it&!meets&!keys: negative
but&it&!meets&keys: positive
but&it&meets: positive
DecisionTree learned:
!but&!and&!or&!awesome: negative
!but&!and&!or&awesome: positive
!but&!and&or&!as: neutral
!but&!and&or&as: negative
!but&and&!extended&!email: positive
!but&and&!extended&email: neutral
!but&and&extended&!my: neutral
!but&and&extended&my: conflict
but&!speed&!there&!repair: positive
but&!speed&!there&repair: negative
but&!speed&there&!this: negative
but&!speed&there&this: neutral
but&speed: neutral
DecisionTree learned:
!but&!is&!love&!get: positive
!but&!is&!love&get: negative
!but&!is&love&!had: positive
!but&!is&love&had: neutral
!but&is&!little&!any: positive
!but&is&!little&any: neutral
!but&is&little&!bit: negative
!but&is&little&bit: conflict
but&!an&!new&!had: negative
but&!an&!new&had: negative
but&!an&new&!software: neutral
but&!an&new&software: negative
but&an&!with: conflict
but&an&with: neutral
DecisionTree learned:
!but&!is&!good&!fast: negative
!but&!is&!good&fast: positive
!but&!is&good&!just: positive
!but&!is&good&just: negative
!but&is&!any&!problem: positive
!but&is&!any&problem: negative
!but&is&any&!on: neutral
!but&is&any&on: negative
but&!it&!and&!i: negative
but&!it&!and&i: neutral
but&!it&and&!is: positive
but&!it&and&is: neutral
but&it&!wanted&!mouse: negative
but&it&!wanted&mouse: positive
but&it&wanted: conflict
DecisionTree learned:
!but&!great&!easy&!is: negative
!but&!great&!easy&is: positive
!but&!great&easy&!another: positive
!but&!great&easy&another: neutral
!but&great&!etc&!life: positive
!but&great&!etc&life: conflict
!but&great&etc: negative
but&!it&!support&!and: conflict
but&!it&!support&and: positive
but&!it&support: negative
but&it&!screen&!and: negative
but&it&!screen&and: positive
but&it&screen: conflict
DecisionTree learned:
!but&!and&!or&!price: negative
!but&!and&!or&price: positive
!but&!and&or&!sticking: neutral
!but&!and&or&sticking: positive
!but&and&!extended&!not: positive
!but&and&!extended&not: negative
!but&and&extended&!my: neutral
!but&and&extended&my: conflict
but&!it&!i&!and: negative
but&!it&!i&and: neutral
but&!it&i&!usb: positive
but&!it&i&usb: negative
but&it&!mouse&!meets: conflict
but&it&!mouse&meets: positive
but&it&mouse: positive
DecisionTree learned:
!but&!and&!great&!awesome: negative
!but&!and&!great&awesome: positive
!but&!and&great&!so: positive
!but&!and&great&so: neutral
!but&and&!about&!extended: positive
!but&and&!about&extended: neutral
!but&and&about&!is: conflict
!but&and&about&is: negative
but&!it&!i&!and: negative
but&!it&!i&and: neutral
but&!it&i&!buttons: positive
but&!it&i&buttons: negative
but&it&!meets&!keys: conflict
but&it&!meets&keys: positive
but&it&meets: positive
DecisionTree learned:
!but&!speed&!very&!good: negative
!but&!speed&!very&good: positive
!but&!speed&very&!about: positive
!but&!speed&very&about: conflict
!but&speed&!etc&!nothing: positive
!but&speed&!etc&nothing: negative
!but&speed&etc: negative
but&!repair&!there&!so: positive
but&!repair&!there&so: neutral
but&!repair&there&!this: negative
but&!repair&there&this: neutral
but&repair: negative
DecisionTree learned:
!and&!but&!is&!get: negative
!and&!but&!is&get: negative
!and&!but&is&!little: positive
!and&!but&is&little: conflict
!and&but&!with&!to: negative
!and&but&!with&to: neutral
!and&but&with&!it: neutral
!and&but&with&it: conflict
and&!about&!buttons&!n: positive
and&!about&!buttons&n: negative
and&!about&buttons: negative
and&about&!is: conflict
and&about&is: negative
DecisionTree learned:
!and&!love&!but&!get: negative
!and&!love&!but&get: conflict
!and&!love&but&!it: negative
!and&!love&but&it: negative
!and&love&!had: positive
!and&love&had: neutral
and&!word&!about&!fast: positive
and&!word&!about&fast: positive
and&!word&about&!is: conflict
and&!word&about&is: negative
and&word&!internet&!its: neutral
and&word&!internet&its: conflict
and&word&internet: positive
DecisionTree learned:
!but&!and&!dedicated&!some: negative
!but&!and&!dedicated&some: negative
!but&!and&dedicated&!graphics: positive
!but&!and&dedicated&graphics: conflict
!but&and&!about&!extended: positive
!but&and&!about&extended: neutral
!but&and&about&!is: conflict
!but&and&about&is: negative
but&!speed&!screen&!n: negative
but&!speed&!screen&n: negative
but&!speed&screen&!not: conflict
but&!speed&screen&not: positive
but&speed: neutral
DecisionTree learned:
!but&!is&!fast&!pricetag: negative
!but&!is&!fast&pricetag: conflict
!but&!is&fast: positive
!but&is&!bit&!they: positive
!but&is&!bit&they: negative
!but&is&bit&!not: conflict
!but&is&bit&not: negative
but&!it&!was&!support: neutral
but&!it&!was&support: negative
but&!it&was&!to: negative
but&!it&was&to: conflict
but&it&!bit&!keys: conflict
but&it&!bit&keys: positive
but&it&bit: positive
DecisionTree learned:
!and&!but&!or&!get: negative
!and&!but&!or&get: conflict
!and&!but&or&!up: neutral
!and&!but&or&up: negative
!and&but&!huge&!better: negative
!and&but&!huge&better: conflict
!and&but&huge: conflict
and&!mic&!about&!easy: positive
and&!mic&!about&easy: positive
and&!mic&about&!is: conflict
and&!mic&about&is: negative
and&mic: negative
DecisionTree learned:
!but&!is&!speed&!macbook: negative
!but&!is&!speed&macbook: positive
!but&!is&speed&!etc: positive
!but&!is&speed&etc: negative
!but&is&!little&!great: positive
!but&is&!little&great: positive
!but&is&little&!the: conflict
!but&is&little&the: negative
but&!still&!so&!speed: negative
but&!still&!so&speed: neutral
but&!still&so: neutral
but&still&!to&!warranty: neutral
but&still&!to&warranty: negative
but&still&to: positive
DecisionTree learned:
!and&!but&!great&!macbook: negative
!and&!but&!great&macbook: conflict
!and&!but&great&!media: positive
!and&!but&great&media: conflict
!and&but&!repair&!the: conflict
!and&but&!repair&the: positive
!and&but&repair: negative
and&!buttons&!replaced&!were: positive
and&!buttons&!replaced&were: negative
and&!buttons&replaced&!inside: negative
and&!buttons&replaced&inside: neutral
and&buttons: negative
DecisionTree learned:
!and&!but&!very&!worth: negative
!and&!but&!very&worth: conflict
!and&!but&very&!about: positive
!and&!but&very&about: conflict
!and&but&!it&!i: negative
!and&but&!it&i: neutral
!and&but&it&!mouse: negative
!and&but&it&mouse: positive
and&!about&!n&!buttons: positive
and&!about&!n&buttons: negative
and&!about&n&!a: negative
and&!about&n&a: positive
and&about&!is: conflict
and&about&is: negative
DecisionTree learned:
!and&!but&!worth&!dedicated: negative
!and&!but&!worth&dedicated: conflict
!and&!but&worth&!the: negative
!and&!but&worth&the: conflict
!and&but&!windows&!software: conflict
!and&but&!windows&software: negative
!and&but&windows&!for: negative
!and&but&windows&for: neutral
and&!fast&!firefox&!word: positive
and&!fast&!firefox&word: neutral
and&!fast&firefox: neutral
and&fast: positive
DecisionTree learned:
!and&!but&!yes&!dedicated: negative
!and&!but&!yes&dedicated: conflict
!and&!but&yes: conflict
!and&but&!repair&!an: negative
!and&but&!repair&an: conflict
!and&but&repair: negative
and&!about&!buttons&!the: positive
and&!about&!buttons&the: negative
and&!about&buttons: negative
and&about&!is: conflict
and&about&is: negative
DecisionTree learned:
!and&!but&!great&!get: negative
!and&!but&!great&get: conflict
!and&!but&great&!so: positive
!and&!but&great&so: neutral
!and&but&!support&!it: negative
!and&but&!support&it: negative
!and&but&support: negative
and&!replaced&!extended&!the: positive
and&!replaced&!extended&the: positive
and&!replaced&extended&!my: neutral
and&!replaced&extended&my: conflict
and&replaced&!inside&!use: negative
and&replaced&!inside&use: negative
and&replaced&inside: neutral
DecisionTree learned:
!but&!and&!great&!get: negative
!but&!and&!great&get: conflict
!but&!and&great&!media: positive
!but&!and&great&media: conflict
!but&and&!extended&!not: positive
!but&and&!extended&not: negative
!but&and&extended&!my: neutral
!but&and&extended&my: conflict
but&!it&!i&!and: negative
but&!it&!i&and: neutral
but&!it&i&!like: neutral
but&!it&i&like: positive
but&it&!keys&!meets: conflict
but&it&!keys&meets: positive
but&it&keys: positive
DecisionTree learned:
!and&!but&!worth&!lacking: negative
!and&!but&!worth&lacking: conflict
!and&!but&worth&!make: positive
!and&!but&worth&make: conflict
!and&but&!the&!it: negative
!and&but&!the&it: negative
!and&but&the&!huge: positive
!and&but&the&huge: conflict
and&!word&!email&!replaced: positive
and&!word&!email&replaced: negative
and&!word&email&!ms: neutral
and&!word&email&ms: positive
and&word&!its&!internet: neutral
and&word&!its&internet: positive
and&word&its: conflict
DecisionTree learned:
!but&!is&!fast&!good: negative
!but&!is&!fast&good: positive
!but&!is&fast: positive
!but&is&!little&!great: positive
!but&is&!little&great: positive
!but&is&little&!much: conflict
!but&is&little&much: negative
but&!it&!i&!was: negative
but&!it&!i&was: conflict
but&!it&i&!like: neutral
but&!it&i&like: positive
but&it&!mouse&!bit: conflict
but&it&!mouse&bit: positive
but&it&mouse: positive
DecisionTree learned:
!and&!but&!dedicated&!worth: negative
!and&!but&!dedicated&worth: conflict
!and&!but&dedicated&!graphics: positive
!and&!but&dedicated&graphics: conflict
!and&but&!windows&!card: negative
!and&but&!windows&card: neutral
!and&but&windows&!for: negative
!and&but&windows&for: neutral
and&!about&!extended&!word: positive
and&!about&!extended&word: neutral
and&!about&extended&!my: neutral
and&!about&extended&my: conflict
and&about&!is: conflict
and&about&is: negative
DecisionTree learned:
!and&!but&!great&!dedicated: negative
!and&!but&!great&dedicated: conflict
!and&!but&great&!longer: positive
!and&!but&great&longer: conflict
!and&but&!it&!i: negative
!and&but&!it&i: neutral
!and&but&it&!keys: conflict
!and&but&it&keys: positive
and&!extended&!word&!about: positive
and&!extended&!word&about: conflict
and&!extended&word&!internet: neutral
and&!extended&word&internet: positive
and&extended&!my: neutral
and&extended&my: conflict
DecisionTree learned:
!and&!but&!get&!macbook: negative
!and&!but&!get&macbook: conflict
!and&!but&get&!i: negative
!and&!but&get&i: conflict
!and&but&!in&!huge: negative
!and&but&!in&huge: conflict
!and&but&in&!that: negative
!and&but&in&that: neutral
and&!were&!about&!word: positive
and&!were&!about&word: neutral
and&!were&about&!is: conflict
and&!were&about&is: negative
and&were&!laptop&!software: negative
and&were&!laptop&software: neutral
and&were&laptop: conflict
DecisionTree learned:
!and&!yes&!love&!but: negative
!and&!yes&!love&but: negative
!and&!yes&love&!had: positive
!and&!yes&love&had: neutral
!and&yes: conflict
and&!about&!mic&!n: positive
and&!about&!mic&n: negative
and&!about&mic: negative
and&about&!is: conflict
and&about&is: negative
DecisionTree learned:
!and&!but&!worth&!get: negative
!and&!but&!worth&get: conflict
!and&!but&worth&!make: conflict
!and&!but&worth&make: conflict
!and&but&!card&!system: conflict
!and&but&!card&system: neutral
!and&but&card: neutral
and&!easy&!same&!were: positive
and&!easy&!same&were: negative
and&!easy&same: neutral
and&easy: positive
DecisionTree learned:
!easy&!and&!but&!worth: negative
!easy&!and&!but&worth: conflict
!easy&!and&but&!outside: negative
!easy&!and&but&outside: neutral
!easy&and&!extended&!the: positive
!easy&and&!extended&the: negative
!easy&and&extended&!my: neutral
!easy&and&extended&my: conflict
easy&!another&!not: positive
easy&!another&not&!to: positive
easy&!another&not&to: negative
easy&another: neutral
DecisionTree learned:
!and&!but&!great&!get: negative
!and&!but&!great&get: conflict
!and&!but&great&!media: positive
!and&!but&great&media: conflict
!and&but&!card&!the: negative
!and&but&!card&the: positive
!and&but&card: neutral
and&!fast&!ease&!processor: positive
and&!fast&!ease&processor: positive
and&!fast&ease: positive
and&fast: positive
DecisionTree learned:
!and&!but&!awesome&!some: negative
!and&!but&!awesome&some: negative
!and&!but&awesome: positive
!and&but&!called&!rather: negative
!and&but&!called&rather: neutral
!and&but&called: neutral
and&!about&!email&!bios: positive
and&!about&!email&bios: negative
and&!about&email&!ms: neutral
and&!about&email&ms: positive
and&about&!is: conflict
and&about&is: negative
DecisionTree learned:
!and&!but&!price&!some: negative
!and&!but&!price&some: conflict
!and&!but&price&!worth: positive
!and&!but&price&worth: conflict
!and&but&!card&!i: negative
!and&but&!card&i: positive
!and&but&card: neutral
and&!buttons&!ease&!word: positive
and&!buttons&!ease&word: neutral
and&!buttons&ease: positive
and&buttons: negative
DecisionTree learned:
!and&!but&!or&!inconvenient: negative
!and&!but&!or&inconvenient: conflict
!and&!but&or&!bellying: neutral
!and&!but&or&bellying: positive
!and&but&!system&!who: conflict
!and&but&!system&who: neutral
!and&but&system: neutral
and&!extended&!firefox&!word: positive
and&!extended&!firefox&word: neutral
and&!extended&firefox: neutral
and&extended&!my: neutral
and&extended&my: conflict
DecisionTree learned:
!and&!but&!macbook&!is: neutral
!and&!but&!macbook&is: positive
!and&!but&macbook&!pro: conflict
!and&!but&macbook&pro: positive
!and&but&!it&!i: conflict
!and&but&!it&i: neutral
!and&but&it&!with: negative
!and&but&it&with: conflict
and&!buttons&!word&!extended: positive
and&!buttons&!word&extended: neutral
and&!buttons&word&!internet: neutral
and&!buttons&word&internet: positive
and&buttons: negative
DecisionTree learned:
!and&!love&!very&!good: negative
!and&!love&!very&good: positive
!and&!love&very&!about: positive
!and&!love&very&about: conflict
!and&love&!had: positive
!and&love&had: neutral
and&!about&!were&!the: positive
and&!about&!were&the: negative
and&!about&were&!speakers: negative
and&!about&were&speakers: positive
and&about&!is: conflict
and&about&is: negative
DecisionTree learned:
!and&!but&!generally&!get: negative
!and&!but&!generally&get: conflict
!and&!but&generally: conflict
!and&but&!windows&!laptop: negative
!and&but&!windows&laptop: neutral
!and&but&windows&!for: conflict
!and&but&windows&for: neutral
and&!look&!extended&!ease: positive
and&!look&!extended&ease: positive
and&!look&extended&!my: neutral
and&!look&extended&my: conflict
and&look: positive
DecisionTree learned:
!and&!but&!generally&!great: negative
!and&!but&!generally&great: positive
!and&!but&generally: conflict
!and&but&!software&!with: conflict
!and&but&!software&with: neutral
!and&but&software&!of: negative
!and&but&software&of: neutral
and&!word&!mic&!processor: positive
and&!word&!mic&processor: positive
and&!word&mic: negative
and&word&!its&!internet: neutral
and&word&!its&internet: positive
and&word&its: conflict
DecisionTree learned:
!and&!but&!get&!some: negative
!and&!but&!get&some: conflict
!and&!but&get&!to: conflict
!and&!but&get&to: neutral
!and&but&!system&!the: conflict
!and&but&!system&the: positive
!and&but&system: neutral
and&!word&!mic&!when: positive
and&!word&!mic&when: negative
and&!word&mic: negative
and&word&!internet&!its: neutral
and&word&!internet&its: conflict
and&word&internet: positive
DecisionTree learned:
!and&!some&!but&!to: negative
!and&!some&!but&to: negative
!and&!some&but&!it: positive
!and&!some&but&it: negative
!and&some&!the&!a: negative
!and&some&!the&a: neutral
!and&some&the&!with: conflict
!and&some&the&with: positive
and&!oh&!extended&!about: positive
and&!oh&!extended&about: conflict
and&!oh&extended&!my: neutral
and&!oh&extended&my: conflict
and&oh: conflict
DecisionTree learned:
!and&!worth&!get&!but: negative
!and&!worth&!get&but: negative
!and&!worth&get&!to: conflict
!and&!worth&get&to: negative
!and&worth&!price&!make: positive
!and&worth&!price&make: conflict
!and&worth&price&!of: conflict
!and&worth&price&of: negative
and&!about&!fast&!ease: positive
and&!about&!fast&ease: positive
and&!about&fast: positive
and&about&!is: conflict
and&about&is: negative
DecisionTree learned:
!and&!against&!quality&!perfect: negative
!and&!against&!quality&perfect: conflict
!and&!against&quality&!better: negative
!and&!against&quality&better: conflict
!and&against: conflict
and&!about&!were&!graphics: positive
and&!about&!were&graphics: positive
and&!about&were&!laptop: negative
and&!about&were&laptop: conflict
and&about&!is: conflict
and&about&is: negative
DecisionTree learned:
!and&!but&!get&!worth: negative
!and&!but&!get&worth: conflict
!and&!but&get&!to: conflict
!and&!but&get&to: negative
!and&but&!card&!system: conflict
!and&but&!card&system: neutral
!and&but&card: neutral
and&!oh&!fast&!buttons: positive
and&!oh&!fast&buttons: negative
and&!oh&fast: positive
and&oh: conflict
DecisionTree learned:
!and&!some&!little&!dedicated: negative
!and&!some&!little&dedicated: conflict
!and&!some&little&!are: negative
!and&!some&little&are: neutral
!and&some&!the&!a: negative
!and&some&!the&a: neutral
!and&some&the&!features: conflict
!and&some&the&features: positive
and&!extended&!the&!a: positive
and&!extended&!the&a: positive
and&!extended&the&!same: negative
and&!extended&the&same: neutral
and&extended&!my: neutral
and&extended&my: conflict
DecisionTree learned:
!and&!generally&!but&!worth: negative
!and&!generally&!but&worth: conflict
!and&!generally&but&!windows: negative
!and&!generally&but&windows: neutral
!and&generally: conflict
and&!word&!buttons&!about: positive
and&!word&!buttons&about: conflict
and&!word&buttons: negative
and&word&!its&!internet: neutral
and&word&!its&internet: positive
and&word&its: conflict
DecisionTree learned:
!and&!hard&!yes&!great: negative
!and&!hard&!yes&great: positive
!and&!hard&yes: conflict
!and&hard&!macbook&!s: neutral
!and&hard&!macbook&s: negative
!and&hard&macbook: conflict
and&!oh&!mic&!n: positive
and&!oh&!mic&n: negative
and&!oh&mic: negative
and&oh: conflict
DecisionTree learned:
!and&!but&!get&!dedicated: negative
!and&!but&!get&dedicated: conflict
!and&!but&get&!i: negative
!and&!but&get&i: conflict
!and&but&!it&!i: conflict
!and&but&!it&i: neutral
!and&but&it&!screen: negative
!and&but&it&screen: conflict
and&!firefox&!buttons&!bluetooth: positive
and&!firefox&!buttons&bluetooth: negative
and&!firefox&buttons: negative
and&firefox: neutral
DecisionTree learned:
!and&!but&!macbook&!inconvenient: negative
!and&!but&!macbook&inconvenient: conflict
!and&!but&macbook&!pro: conflict
!and&!but&macbook&pro: positive
!and&but&!its&!an: negative
!and&but&!its&an: conflict
!and&but&its: positive
and&!bios&!bluetooth&!short: positive
and&!bios&!bluetooth&short: negative
and&!bios&bluetooth&!battery: negative
and&!bios&bluetooth&battery: neutral
and&bios: negative
DecisionTree learned:
!and&!yes&!but&!worth: negative
!and&!yes&!but&worth: conflict
!and&!yes&but&!i: conflict
!and&!yes&but&i: positive
!and&yes: conflict
and&!oh&!n&!webcam: positive
and&!oh&!n&webcam: negative
and&!oh&n&!a: negative
and&!oh&n&a: positive
and&oh: conflict
DecisionTree learned:
!and&!but&!or&!dedicated: negative
!and&!but&!or&dedicated: conflict
!and&!but&or&!sticking: neutral
!and&!but&or&sticking: positive
!and&but&!i&!there: conflict
!and&but&!i&there: negative
!and&but&i&!it: neutral
!and&but&i&it: negative
and&!about&!word&!extended: positive
and&!about&!word&extended: neutral
and&!about&word&!its: neutral
and&!about&word&its: conflict
and&about&!is: conflict
and&about&is: negative
DecisionTree learned:
!and&!easy&!is&!some: neutral
!and&!easy&!is&some: conflict
!and&!easy&is&!bit: positive
!and&!easy&is&bit: conflict
!and&easy&!keyboard&!not: positive
!and&easy&!keyboard&not: positive
!and&easy&keyboard: neutral
and&!about&!ease&!mic: positive
and&!about&!ease&mic: negative
and&!about&ease: positive
and&about&!is: conflict
and&about&is: negative
DecisionTree learned:
!and&!but&!dedicated&!not: negative
!and&!but&!dedicated&not: negative
!and&!but&dedicated&!graphics: positive
!and&!but&dedicated&graphics: conflict
!and&but&!winner&!windows: conflict
!and&but&!winner&windows: neutral
!and&but&winner: positive
and&!fast&!ease&!look: negative
and&!fast&!ease&look: positive
and&!fast&ease: positive
and&fast: positive
DecisionTree learned:
!and&!yes&!perfect&!inconvenient: negative
!and&!yes&!perfect&inconvenient: conflict
!and&!yes&perfect&!use: conflict
!and&!yes&perfect&use: positive
!and&yes: conflict
and&!mic&!up&!n: positive
and&!mic&!up&n: negative
and&!mic&up&!it: negative
and&!mic&up&it: positive
and&mic: negative
DecisionTree learned:
!and&!little&!great&!but: negative
!and&!little&!great&but: negative
!and&!little&great&!media: positive
!and&!little&great&media: conflict
!and&little&!is&!are: negative
!and&little&!is&are: neutral
!and&little&is&!to: conflict
!and&little&is&to: negative
and&!about&!word&!my: positive
and&!about&!word&my: neutral
and&!about&word&!internet: neutral
and&!about&word&internet: positive
and&about&!is: conflict
and&about&is: negative
DecisionTree learned:
!and&!but&!hard&!inconvenient: negative
!and&!but&!hard&inconvenient: conflict
!and&!but&hard&!macbook: neutral
!and&!but&hard&macbook: conflict
!and&but&!better&!the: conflict
!and&but&!better&the: positive
!and&but&better: conflict
and&!up&!n&!about: positive
and&!up&!n&about: conflict
and&!up&n&!system: negative
and&!up&n&system: neutral
and&up&!the&!it: negative
and&up&!the&it: positive
and&up&the&!existing: negative
and&up&the&existing: positive
DecisionTree learned:
!and&!requires&!but&!some: positive
!and&!requires&!but&some: negative
!and&!requires&but&!life: negative
!and&!requires&but&life: conflict
!and&requires: conflict
and&!about&!sol&!word: positive
and&!about&!sol&word: neutral
and&!about&sol: conflict
and&about&!is: conflict
and&about&is: negative
DecisionTree learned:
!and&!generally&!but&!is: neutral
!and&!generally&!but&is: positive
!and&!generally&but&!called: conflict
!and&!generally&but&called: neutral
!and&generally: conflict
and&!about&!same&!firefox: positive
and&!about&!same&firefox: neutral
and&!about&same: neutral
and&about&!is: conflict
and&about&is: negative
DecisionTree learned:
!and&!but&!generally&!dedicated: negative
!and&!but&!generally&dedicated: conflict
!and&!but&generally: conflict
!and&but&!system&!i: conflict
!and&but&!system&i: positive
!and&but&system: neutral
and&!buttons&!about&!extended: positive
and&!buttons&!about&extended: neutral
and&!buttons&about&!is: conflict
and&!buttons&about&is: negative
and&buttons: negative
DecisionTree learned:
!and&!but&!macbook&!get: negative
!and&!but&!macbook&get: conflict
!and&!but&macbook&!pro: conflict
!and&!but&macbook&pro: positive
!and&but&!system&!with: negative
!and&but&!system&with: neutral
!and&but&system: neutral
and&!sol&!about&!processor: negative
and&!sol&!about&processor: positive
and&!sol&about&!is: conflict
and&!sol&about&is: negative
and&sol: conflict
DecisionTree learned:
!and&!quality&!yes&!worth: negative
!and&!quality&!yes&worth: conflict
!and&!quality&yes: conflict
!and&quality&!better&!is: negative
!and&quality&!better&is: positive
!and&quality&better&!the: negative
!and&quality&better&the: conflict
and&!word&!about&!would: positive
and&!word&!about&would: negative
and&!word&about: conflict
and&word&!its&!internet: neutral
and&word&!its&internet: positive
and&word&its: conflict
DecisionTree learned:
!and&!is&!get&!some: neutral
!and&!is&!get&some: conflict
!and&!is&get&!to: conflict
!and&!is&get&to: neutral
!and&is&!bit&!media: positive
!and&is&!bit&media: conflict
!and&is&bit&!that: conflict
!and&is&bit&that: negative
and&!had&!n&!very: positive
and&!had&!n&very: positive
and&!had&n&!a: negative
and&!had&n&a: positive
and&had&!specs&!online: negative
and&had&!specs&online: neutral
and&had&specs: positive
DecisionTree learned:
!and&!great&!worth&!against: negative
!and&!great&!worth&against: conflict
!and&!great&worth&!i: conflict
!and&!great&worth&i: positive
!and&great&!longer&!for: positive
!and&great&!longer&for: conflict
!and&great&longer: conflict
and&!graphics&!sol&!short: positive
and&!graphics&!sol&short: negative
and&!graphics&sol: conflict
and&graphics&!warranty: positive
and&graphics&warranty: negative
DecisionTree learned:
!and&!but&!get&!little: negative
!and&!but&!get&little: conflict
!and&!but&get&!to: conflict
!and&!but&get&to: neutral
!and&but&!system&!card: conflict
!and&but&!system&card: neutral
!and&but&system: neutral
and&!about&!were&!graphics: positive
and&!about&!were&graphics: positive
and&!about&were&!laptop: negative
and&!about&were&laptop: conflict
and&about&!is: conflict
and&about&is: negative
DecisionTree learned:
!and&!but&!against&!get: negative
!and&!but&!against&get: conflict
!and&!but&against: conflict
!and&but&!repair&!rather: conflict
!and&but&!repair&rather: neutral
!and&but&repair: negative
and&!oh&!bluetooth&!buttons: positive
and&!oh&!bluetooth&buttons: negative
and&!oh&bluetooth: negative
and&oh: conflict
DecisionTree learned:
!and&!but&!generally&!dedicated: negative
!and&!but&!generally&dedicated: conflict
!and&!but&generally: conflict
!and&but&!the&!called: conflict
!and&but&!the&called: neutral
!and&but&the&!i: conflict
!and&but&the&i: positive
and&!about&!oh&!bios: positive
and&!about&!oh&bios: negative
and&!about&oh: conflict
and&about&!is: conflict
and&about&is: negative
DecisionTree learned:
!and&!inconvenient&!but&!some: negative
!and&!inconvenient&!but&some: conflict
!and&!inconvenient&but&!i: conflict
!and&!inconvenient&but&i: positive
!and&inconvenient: conflict
and&!about&!word&!life: negative
and&!about&!word&life: positive
and&!about&word&!its: neutral
and&!about&word&its: conflict
and&about: conflict
DecisionTree learned:
!and&!but&!get&!dedicated: negative
!and&!but&!get&dedicated: conflict
!and&!but&get&!to: conflict
!and&!but&get&to: negative
!and&but&!called&!windows: negative
!and&but&!called&windows: neutral
!and&but&called: neutral
and&!same&!the&!a: positive
and&!same&!the&a: positive
and&!same&the&!extra: negative
and&!same&the&extra: neutral
and&same: neutral
DecisionTree learned:
!and&!but&!macbook&!get: negative
!and&!but&!macbook&get: conflict
!and&!but&macbook&!pro: conflict
!and&!but&macbook&pro: positive
!and&but&!windows&!called: conflict
!and&but&!windows&called: neutral
!and&but&windows&!for: negative
!and&but&windows&for: neutral
and&!ease&!about&!were: positive
and&!ease&!about&were: negative
and&!ease&about&!is: conflict
and&!ease&about&is: negative
and&ease: positive
DecisionTree learned:
!and&!worth&!but&!little: negative
!and&!worth&!but&little: conflict
!and&!worth&but&!known: negative
!and&!worth&but&known: conflict
!and&worth&!i&!you: conflict
!and&worth&!i&you: positive
!and&worth&i: positive
and&!easy&!about&!my: positive
and&!easy&!about&my: neutral
and&!easy&about: conflict
and&easy: positive
DecisionTree learned:
!and&!great&!against&!but: negative
!and&!great&!against&but: negative
!and&!great&against: conflict
!and&great&!so&!media: positive
!and&great&!so&media: conflict
!and&great&so: neutral
and&!other&!similar&!email: positive
and&!other&!similar&email: neutral
and&!other&similar: neutral
and&other&!screen&!than: neutral
and&other&!screen&than: negative
and&other&screen: positive
DecisionTree learned:
!and&!little&!perfect&!worth: negative
!and&!little&!perfect&worth: conflict
!and&!little&perfect&!use: conflict
!and&!little&perfect&use: positive
!and&little&!is&!are: negative
!and&little&!is&are: neutral
!and&little&is&!screen: conflict
!and&little&is&screen: negative
and&!mic&!my&!after: positive
and&!mic&!my&after: neutral
and&!mic&my&!from: neutral
and&!mic&my&from: neutral
and&mic: negative
DecisionTree learned:
!and&!but&!against&!macbook: negative
!and&!but&!against&macbook: conflict
!and&!but&against: conflict
!and&but&!it&!i: conflict
!and&but&!it&i: neutral
!and&but&it&!mouse: conflict
!and&but&it&mouse: positive
and&!extended&!the&!a: positive
and&!extended&!the&a: neutral
and&!extended&the&!extra: negative
and&!extended&the&extra: neutral
and&extended&!my: neutral
and&extended&my: conflict
DecisionTree learned:
!and&!portability&!very&!but: negative
!and&!portability&!very&but: conflict
!and&!portability&very&!games: positive
!and&!portability&very&games: neutral
!and&portability: conflict
and&!about&!oh&!after: positive
and&!about&!oh&after: neutral
and&!about&oh: conflict
and&about&!is: conflict
and&about&is: negative
DecisionTree learned:
!and&!glossy&!but&!get: negative
!and&!glossy&!but&get: conflict
!and&!glossy&but&!life: positive
!and&!glossy&but&life: conflict
!and&glossy&!the: conflict
!and&glossy&the: negative
and&!oh&!fast&!extended: negative
and&!oh&!fast&extended: neutral
and&!oh&fast: positive
and&oh: conflict
DecisionTree learned:
!and&!easy&!great&!get: negative
!and&!easy&!great&get: conflict
!and&!easy&great&!of: positive
!and&!easy&great&of: negative
!and&easy&!keyboard&!not: positive
!and&easy&!keyboard&not: positive
!and&easy&keyboard: neutral
and&!word&!about&!easy: negative
and&!word&!about&easy: positive
and&!word&about&!is: conflict
and&!word&about&is: negative
and&word&!its&!internet: neutral
and&word&!its&internet: positive
and&word&its: conflict
DecisionTree learned:
!and&!but&!little&!against: negative
!and&!but&!little&against: conflict
!and&!but&little&!is: negative
!and&!but&little&is: conflict
!and&but&!had&!repair: positive
!and&but&!had&repair: negative
!and&but&had&!usb: conflict
!and&but&had&usb: negative
and&!email&!after&!my: positive
and&!email&!after&my: neutral
and&!email&after&!a: neutral
and&!email&after&a: negative
and&email: neutral
DecisionTree learned:
!and&!little&!dedicated&!but: negative
!and&!little&!dedicated&but: negative
!and&!little&dedicated&!graphics: positive
!and&!little&dedicated&graphics: conflict
!and&little&!are&!is: negative
!and&little&!are&is: conflict
!and&little&are: neutral
and&!oh&!would&!up: positive
and&!oh&!would&up: negative
and&!oh&would&!i: negative
and&!oh&would&i: neutral
and&oh: conflict
DecisionTree learned:
!and&!but&!macbook&!price: negative
!and&!but&!macbook&price: positive
!and&!but&macbook&!pro: conflict
!and&!but&macbook&pro: positive
!and&but&!it&!i: conflict
!and&but&!it&i: neutral
!and&but&it&!meets: conflict
!and&but&it&meets: positive
and&!sol&!look&!firefox: positive
and&!sol&!look&firefox: neutral
and&!sol&look: positive
and&sol: conflict
DecisionTree learned:
!and&!yes&!generally&!great: negative
!and&!yes&!generally&great: positive
!and&!yes&generally: conflict
!and&yes: conflict
and&!same&!email&!oh: positive
and&!same&!email&oh: conflict
and&!same&email&!ms: neutral
and&!same&email&ms: positive
and&same: neutral
DecisionTree learned:
!and&!some&!inconvenient&!dedicated: negative
!and&!some&!inconvenient&dedicated: conflict
!and&!some&inconvenient: conflict
!and&some&!the&!a: negative
!and&some&!the&a: neutral
!and&some&the&!features: conflict
!and&some&the&features: positive
and&!sol&!n&!short: positive
and&!sol&!n&short: negative
and&!sol&n&!a: negative
and&!sol&n&a: positive
and&sol: conflict
DecisionTree learned:
!and&!but&!generally&!against: negative
!and&!but&!generally&against: conflict
!and&!but&generally: conflict
!and&but&!outside&!i: conflict
!and&but&!outside&i: neutral
!and&but&outside: neutral
and&!email&!easy&!purchase: positive
and&!email&!easy&purchase: neutral
and&!email&easy: positive
and&email&!ms: neutral
and&email&ms: positive
DecisionTree learned:
!and&!worth&!some&!a: negative
!and&!worth&!some&a: negative
!and&!worth&some&!the: negative
!and&!worth&some&the: conflict
!and&worth&!make&!price: positive
!and&worth&!make&price: conflict
!and&worth&make: conflict
and&!extended&!support&!other: positive
and&!extended&!support&other: neutral
and&!extended&support: negative
and&extended&!my: neutral
and&extended&my: conflict
DecisionTree learned:
!and&!macbook&!but&!get: negative
!and&!macbook&!but&get: conflict
!and&!macbook&but&!system: conflict
!and&!macbook&but&system: neutral
!and&macbook&!the&!for: positive
!and&macbook&!the&for: neutral
!and&macbook&the&!pro: conflict
!and&macbook&the&pro: positive
and&!sol&!the&!a: positive
and&!sol&!the&a: neutral
and&!sol&the&!extra: negative
and&!sol&the&extra: neutral
and&sol: conflict
DecisionTree learned:
!and&!yes&!some&!to: positive
!and&!yes&!some&to: negative
!and&!yes&some&!the: negative
!and&!yes&some&the: conflict
!and&yes: conflict
and&!up&!email&!similar: positive
and&!up&!email&similar: neutral
and&!up&email: neutral
and&up&!mac&!it: negative
and&up&!mac&it: positive
and&up&mac: positive
DecisionTree learned:
!and&!inconvenient&!some&!worth: negative
!and&!inconvenient&!some&worth: conflict
!and&!inconvenient&some&!the: negative
!and&!inconvenient&some&the: conflict
!and&inconvenient: conflict
and&!extended&!firefox&!same: positive
and&!extended&!firefox&same: neutral
and&!extended&firefox: neutral
and&extended&!my: neutral
and&extended&my: conflict
DecisionTree learned:
!and&!but&!some&!to: positive
!and&!but&!some&to: neutral
!and&!but&some&!the: negative
!and&!but&some&the: conflict
!and&but&!with&!an: negative
!and&but&!with&an: conflict
!and&but&with&!it: neutral
!and&but&with&it: conflict
and&!oh&!buttons&!my: positive
and&!oh&!buttons&my: neutral
and&!oh&buttons: negative
and&oh: conflict
DecisionTree learned:
!and&!but&!price&!a: negative
!and&!but&!price&a: negative
!and&!but&price&!since: positive
!and&!but&price&since: conflict
!and&but&!it&!i: conflict
!and&but&!it&i: positive
!and&but&it&!screen: negative
!and&but&it&screen: conflict
and&!about&!sol&!word: positive
and&!about&!sol&word: neutral
and&!about&sol: conflict
and&about: conflict
DecisionTree learned:
!and&!but&!dedicated&!get: negative
!and&!but&!dedicated&get: conflict
!and&!but&dedicated&!graphics: positive
!and&!but&dedicated&graphics: conflict
!and&but&!the&!n: conflict
!and&but&!the&n: negative
!and&but&the&!i: conflict
!and&but&the&i: positive
and&!extra&!buttons&!the: positive
and&!extra&!buttons&the: negative
and&!extra&buttons: negative
and&extra&!is: neutral
and&extra&is: positive
DecisionTree learned:
!and&!great&!but&!dedicated: negative
!and&!great&!but&dedicated: conflict
!and&!great&but&!support: conflict
!and&!great&but&support: negative
!and&great&!so&!of: positive
!and&great&!so&of: negative
!and&great&so: neutral
and&!again&!word&!when: positive
and&!again&!word&when: negative
and&!again&word&!its: neutral
and&!again&word&its: conflict
and&again&!is: negative
and&again&is: neutral
DecisionTree learned:
!and&!great&!perfect&!inconvenient: negative
!and&!great&!perfect&inconvenient: conflict
!and&!great&perfect&!use: conflict
!and&!great&perfect&use: positive
!and&great&!so&!its: conflict
!and&great&!so&its: negative
!and&great&so: neutral
and&!word&!sol&!amazing: negative
and&!word&!sol&amazing: positive
and&!word&sol: conflict
and&word&!its&!internet: neutral
and&word&!its&internet: positive
and&word&its: conflict
Trial 0 Training cc.mallet.classify.AdaBoostM2Trainer@656de49c finished
Trial 0 Trainer cc.mallet.classify.AdaBoostM2Trainer@656de49c test data accuracy = 0.5212981744421906

NaiveBayesTrainer
Summary. test accuracy mean = 0.6166328600405679 stddev = 0.0 stderr = 0.0

MaxEntTrainer,gaussianPriorVariance=1.0
Summary. test accuracy mean = 0.6146044624746451 stddev = 0.0 stderr = 0.0

cc.mallet.classify.DecisionTreeTrainer@266bade9
Summary. test accuracy mean = 0.5578093306288032 stddev = 0.0 stderr = 0.0

cc.mallet.classify.AdaBoostM2Trainer@656de49c
Summary. test accuracy mean = 0.5212981744421906 stddev = 0.0 stderr = 0.0
