
-------------------- Trial 0  --------------------

Trial 0 Training NaiveBayesTrainer with 1865 instances
Trial 0 Training NaiveBayesTrainer finished
Trial 0 Trainer NaiveBayesTrainer test data accuracy = 0.6673427991886409
Trial 0 Training MaxEntTrainer,gaussianPriorVariance=1.0 with 1865 instances
Trial 0 Training MaxEntTrainer,gaussianPriorVariance=1.0 finished
Trial 0 Trainer MaxEntTrainer,gaussianPriorVariance=1.0 test data accuracy = 0.6592292089249493
Trial 0 Training cc.mallet.classify.DecisionTreeTrainer@5328f6ee with 1865 instances
DecisionTree learned:
!great&!easy&!and&!but: negative
!great&!easy&!and&but: negative
!great&!easy&and&!word: positive
!great&!easy&and&word: neutral
!great&easy&!another&!carry: positive
!great&easy&!another&carry: positive
!great&easy&another: neutral
great&!etc&!but&!battery: positive
great&!etc&!but&battery: positive
great&!etc&but&!buttons: positive
great&!etc&but&buttons: negative
great&etc: negative
Trial 0 Training cc.mallet.classify.DecisionTreeTrainer@5328f6ee finished
Trial 0 Trainer cc.mallet.classify.DecisionTreeTrainer@5328f6ee test data accuracy = 0.5456389452332657
Trial 0 Training cc.mallet.classify.AdaBoostM2Trainer@15f66cff with 1865 instances
DecisionTree learned:
!great&!easy&!and&!but: negative
!great&!easy&!and&but: negative
!great&!easy&and&!not: positive
!great&!easy&and&not: negative
!great&easy&!another&!carry: positive
!great&easy&!another&carry: positive
!great&easy&another: neutral
great&!etc&!lack&!but: positive
great&!etc&!lack&but: positive
great&!etc&lack: negative
great&etc: negative
DecisionTree learned:
!great&!but&!easy&!good: negative
!great&!but&!easy&good: positive
!great&!but&easy&!another: positive
!great&!but&easy&another: neutral
!great&but&!repair&!laptop: negative
!great&but&!repair&laptop: neutral
!great&but&repair: negative
great&!etc&!but&!had: positive
great&!etc&!but&had: negative
great&!etc&but&!buttons: positive
great&!etc&but&buttons: negative
great&etc: negative
DecisionTree learned:
!great&!but&!easy&!love: negative
!great&!but&!easy&love: positive
!great&!but&easy&!another: positive
!great&!but&easy&another: neutral
!great&but&!laptop&!features: negative
!great&but&!laptop&features: positive
!great&but&laptop: neutral
great&!but&!media&!side: positive
great&!but&!media&side: neutral
great&!but&media&!gaming: conflict
great&!but&media&gaming: positive
great&but&!is&!s: conflict
great&but&!is&s: positive
great&but&is&!buttons: positive
great&but&is&buttons: negative
DecisionTree learned:
!great&!and&!but&!or: negative
!great&!and&!but&or: neutral
!great&!and&but&!called: negative
!great&!and&but&called: neutral
!great&and&!easy&!n: positive
!great&and&!easy&n: negative
!great&and&easy: positive
great&!etc&!you&!side: positive
great&!etc&!you&side: neutral
great&!etc&you: neutral
great&etc: negative
DecisionTree learned:
!but&!great&!and&!love: negative
!but&!great&!and&love: positive
!but&!great&and&!email: positive
!but&!great&and&email: neutral
!but&great&!media&!you: positive
!but&great&!media&you: neutral
!but&great&media&!gaming: conflict
!but&great&media&gaming: positive
but&!repair&!only&!i: negative
but&!repair&!only&i: negative
but&!repair&only&!i: neutral
but&!repair&only&i: positive
but&repair: negative
DecisionTree learned:
!but&!good&!great&!and: negative
!but&!good&!great&and: positive
!but&!good&great&!side: positive
!but&!good&great&side: neutral
!but&good&!no&!not: positive
!but&good&!no&not: negative
!but&good&no: negative
but&!laptop&!be&!and: negative
but&!laptop&!be&and: positive
but&!laptop&be&!that: negative
but&!laptop&be&that: neutral
but&laptop: neutral
DecisionTree learned:
!but&!good&!love&!is: negative
!but&!good&!love&is: positive
!but&!good&love&!had: positive
!but&!good&love&had: neutral
!but&good&!the: positive
!but&good&the&!no: positive
!but&good&the&no: negative
but&!to&!only&!i: negative
but&!to&!only&i: positive
but&!to&only&!for: neutral
but&!to&only&for: negative
but&to&!battery&!be: neutral
but&to&!battery&be: negative
but&to&battery&!my: conflict
but&to&battery&my: negative
DecisionTree learned:
!but&!great&!speed&!easy: negative
!but&!great&!speed&easy: positive
!but&!great&speed&!nothing: positive
!but&!great&speed&nothing: negative
!but&great&!etc&!media: positive
!but&great&!etc&media: conflict
!but&great&etc: negative
but&!to&!repair&!outside: negative
but&!to&!repair&outside: neutral
but&!to&repair: negative
but&to&!battery&!be: neutral
but&to&!battery&be: negative
but&to&battery&!for: conflict
but&to&battery&for: conflict
DecisionTree learned:
!but&!is&!fast&!and: negative
!but&!is&!fast&and: positive
!but&!is&fast: positive
!but&is&!little&!not: positive
!but&is&!little&not: negative
!but&is&little&!and: conflict
!but&is&little&and: negative
but&!power&!a&!standard: negative
but&!power&!a&standard: conflict
but&!power&a&!screen: positive
but&!power&a&screen: conflict
but&power: neutral
DecisionTree learned:
!but&!great&!and&!or: negative
!but&!great&!and&or: neutral
!but&!great&and&!extended: positive
!but&!great&and&extended: neutral
!but&great&!media&!you: positive
!but&great&!media&you: neutral
!but&great&media&!gaming: conflict
!but&great&media&gaming: positive
but&!alright&!to&!laptop: negative
but&!alright&!to&laptop: neutral
but&!alright&to&!battery: neutral
but&!alright&to&battery: conflict
but&alright: neutral
DecisionTree learned:
!but&!is&!fast&!love: negative
!but&!is&!fast&love: positive
!but&!is&fast: positive
!but&is&!little&!any: positive
!but&is&!little&any: neutral
!but&is&little&!to: conflict
!but&is&little&to: negative
but&!functioning&!wanted&!getting: negative
but&!functioning&!wanted&getting: neutral
but&!functioning&wanted&!to: conflict
but&!functioning&wanted&to: neutral
but&functioning: neutral
DecisionTree learned:
!but&!is&!fast&!speed: negative
!but&!is&!fast&speed: positive
!but&!is&fast: positive
!but&is&!any&!little: positive
!but&is&!any&little: conflict
!but&is&any&!on: neutral
!but&is&any&on: negative
but&!outside&!functioning&!a: negative
but&!outside&!functioning&a: conflict
but&!outside&functioning: neutral
but&outside&!it: neutral
but&outside&it: negative
DecisionTree learned:
!but&!easy&!and&!price: negative
!but&!easy&!and&price: positive
!but&!easy&and&!extended: positive
!but&!easy&and&extended: neutral
!but&easy&!not&!another: positive
!but&easy&!not&another: neutral
!but&easy&not&!and: negative
!but&easy&not&and: positive
but&!it&!and&!i: negative
but&!it&!and&i: neutral
but&!it&and&!new: positive
but&!it&and&new: neutral
but&it&!better&!wanted: negative
but&it&!better&wanted: conflict
but&it&better: neutral
DecisionTree learned:
!but&!great&!speed&!and: negative
!but&!great&!speed&and: positive
!but&!great&speed&!nothing: positive
!but&!great&speed&nothing: negative
!but&great&!battery&!etc: positive
!but&great&!battery&etc: negative
!but&great&battery&!speed: negative
!but&great&battery&speed: positive
but&!it&!and&!i: negative
but&!it&!and&i: neutral
but&!it&and&!new: positive
but&!it&and&new: neutral
but&it&!a&!the: negative
but&it&!a&the: positive
but&it&a&!n: conflict
but&it&a&n: negative
DecisionTree learned:
!but&!easy&!not&!good: positive
!but&!easy&!not&good: positive
!but&!easy&not&!graphics: negative
!but&!easy&not&graphics: conflict
!but&easy&!another&!carry: positive
!but&easy&!another&carry: positive
!but&easy&another: neutral
but&!learning&!only&!i: negative
but&!learning&!only&i: negative
but&!learning&only&!i: neutral
but&!learning&only&i: positive
but&learning&!mac: neutral
but&learning&mac: positive
DecisionTree learned:
!but&!is&!and&!love: negative
!but&!is&!and&love: positive
!but&!is&and&!extended: positive
!but&!is&and&extended: neutral
!but&is&!what&!any: positive
!but&is&!what&any: neutral
!but&is&what&!a: positive
!but&is&what&a: conflict
but&!features&!power&!to: negative
but&!features&!power&to: neutral
but&!features&power: neutral
but&features&!new: positive
but&features&new: neutral
DecisionTree learned:
!but&!is&!macbook&!love: negative
!but&!is&!macbook&love: positive
!but&!is&macbook&!pro: conflict
!but&!is&macbook&pro: positive
!but&is&!any&!problem: positive
!but&is&!any&problem: negative
!but&is&any&!on: neutral
!but&is&any&on: negative
but&!be&!it&!and: negative
but&!be&!it&and: positive
but&!be&it&!n: conflict
but&!be&it&n: negative
but&be&!a&!mac: negative
but&be&!a&mac: positive
but&be&a&!with: positive
but&be&a&with: negative
DecisionTree learned:
!but&!great&!good&!love: negative
!but&!great&!good&love: positive
!but&!great&good&!just: positive
!but&!great&good&just: negative
!but&great&!media&!battery: positive
!but&great&!media&battery: negative
!but&great&media&!gaming: conflict
!but&great&media&gaming: positive
but&!repair&!little&!computer: positive
but&!repair&!little&computer: conflict
but&!repair&little: negative
but&repair: negative
DecisionTree learned:
!but&!and&!or&!awesome: negative
!but&!and&!or&awesome: positive
!but&!and&or&!as: neutral
!but&!and&or&as: negative
!but&and&!word&!extended: positive
!but&and&!word&extended: neutral
!but&and&word&!i: neutral
!but&and&word&i: positive
but&!laptop&!on&!the: conflict
but&!laptop&!on&the: positive
but&!laptop&on&!i: negative
but&!laptop&on&i: neutral
but&laptop: neutral
DecisionTree learned:
!but&!and&!price&!some: negative
!but&!and&!price&some: negative
!but&!and&price&!pc: positive
!but&!and&price&pc: conflict
!but&and&!email&!fast: positive
!but&and&!email&fast: positive
!but&and&email&!ms: neutral
!but&and&email&ms: positive
but&!so&!laptop&!support: positive
but&!so&!laptop&support: negative
but&!so&laptop: neutral
but&so: neutral
DecisionTree learned:
!but&!good&!complain&!and: negative
!but&!good&!complain&and: positive
!but&!good&complain&!to: conflict
!but&!good&complain&to: positive
!but&good&!taking&!no: positive
!but&good&!taking&no: negative
!but&good&taking: neutral
but&!little&!laptop&!use: positive
but&!little&!laptop&use: negative
but&!little&laptop: neutral
but&little: negative
DecisionTree learned:
!but&!is&!its&!back: neutral
!but&!is&!its&back: negative
!but&!is&its&!system: positive
!but&!is&its&system: negative
!but&is&!little&!not: positive
!but&is&!little&not: negative
!but&is&little&!and: conflict
!but&is&little&and: negative
but&!alright&!support&!power: positive
but&!alright&!support&power: neutral
but&!alright&support: negative
but&alright: neutral
DecisionTree learned:
!but&!speed&!easy&!is: negative
!but&!speed&!easy&is: positive
!but&!speed&easy&!another: positive
!but&!speed&easy&another: neutral
!but&speed&!use&!nothing: positive
!but&speed&!use&nothing: negative
!but&speed&use: negative
but&!alright&!another&!a: negative
but&!alright&!another&a: conflict
but&!alright&another: neutral
but&alright: neutral
DecisionTree learned:
!but&!complain&!great&!and: negative
!but&!complain&!great&and: positive
!but&!complain&great&!you: positive
!but&!complain&great&you: neutral
!but&complain&!to: conflict
!but&complain&to: positive
but&!to&!only&!alright: negative
but&!to&!only&alright: neutral
but&!to&only&!i: neutral
but&!to&only&i: positive
but&to&!battery&!be: neutral
but&to&!battery&be: negative
but&to&battery&!for: conflict
but&to&battery&for: conflict
DecisionTree learned:
!but&!is&!fast&!not: negative
!but&!is&!fast&not: negative
!but&!is&fast: positive
!but&is&!any&!little: positive
!but&is&!any&little: conflict
!but&is&any&!on: neutral
!but&is&any&on: negative
but&!an&!to&!i: negative
but&!an&!to&i: positive
but&!an&to&!battery: neutral
but&!an&to&battery: conflict
but&an&!with&!and: conflict
but&an&!with&and: positive
but&an&with: neutral
DecisionTree learned:
!but&!and&!it&!little: negative
!but&!and&!it&little: negative
!but&!and&it&!laptops: negative
!but&!and&it&laptops: conflict
!but&and&!board&!extended: positive
!but&and&!board&extended: neutral
!but&and&board: negative
but&!it&!and&!i: conflict
but&!it&!and&i: neutral
but&!it&and&!new: positive
but&!it&and&new: neutral
but&it&!better&!bit: negative
but&it&!better&bit: positive
but&it&better: neutral
DecisionTree learned:
!but&!complain&!laptops&!after: positive
!but&!complain&!laptops&after: negative
!but&!complain&laptops&!it: neutral
!but&!complain&laptops&it: conflict
!but&complain&!to: conflict
!but&complain&to: positive
but&!huge&!the&!software: conflict
but&!huge&!the&software: negative
but&!huge&the&!new: negative
but&!huge&the&new: neutral
but&huge: conflict
DecisionTree learned:
!but&!is&!macbook&!love: negative
!but&!is&!macbook&love: positive
!but&!is&macbook&!of: positive
!but&!is&macbook&of: negative
!but&is&!what&!laptop: positive
!but&is&!what&laptop: neutral
!but&is&what&!a: positive
!but&is&what&a: conflict
but&!repair&!a&!be: positive
but&!repair&!a&be: negative
but&!repair&a&!n: conflict
but&!repair&a&n: negative
but&repair: negative
DecisionTree learned:
!but&!complain&!and&!awesome: negative
!but&!complain&!and&awesome: positive
!but&!complain&and&!the: positive
!but&!complain&and&the: negative
!but&complain&!to: conflict
!but&complain&to: positive
but&!power&!outside&!laptop: positive
but&!power&!outside&laptop: neutral
but&!power&outside&!it: neutral
but&!power&outside&it: negative
but&power: neutral
DecisionTree learned:
!but&!and&!or&!laptops: negative
!but&!and&!or&laptops: conflict
!but&!and&or&!phone: neutral
!but&!and&or&phone: positive
!but&and&!extended&!is: positive
!but&and&!extended&is: positive
!but&and&extended&!when: neutral
!but&and&extended&when: conflict
but&!screen&!life&!standard: positive
but&!screen&!life&standard: conflict
but&!screen&life&!for: conflict
but&!screen&life&for: conflict
but&screen&!and&!on: conflict
but&screen&!and&on: negative
but&screen&and: positive
DecisionTree learned:
!but&!the&!s&!good: neutral
!but&!the&!s&good: positive
!but&!the&s&!and: conflict
!but&!the&s&and: positive
!but&the&!despite&!price: negative
!but&the&!despite&price: positive
!but&the&despite: conflict
but&!laptop&!use&!well: negative
but&!laptop&!use&well: positive
but&!laptop&use&!is: positive
but&!laptop&use&is: negative
but&laptop: neutral
DecisionTree learned:
!but&!and&!worth&!despite: negative
!but&!and&!worth&despite: conflict
!but&!and&worth&!the: negative
!but&!and&worth&the: conflict
!but&and&!extended&!is: positive
!but&and&!extended&is: positive
!but&and&extended&!when: neutral
!but&and&extended&when: conflict
but&!alright&!laptop&!huge: negative
but&!alright&!laptop&huge: conflict
but&!alright&laptop: neutral
but&alright: neutral
DecisionTree learned:
!but&!easy&!speed&!amazing: negative
!but&!easy&!speed&amazing: positive
!but&!easy&speed&!use: positive
!but&!easy&speed&use: negative
!but&easy&!another&!not: positive
!but&easy&!another&not: positive
!but&easy&another: neutral
but&!power&!to&!laptop: negative
but&!power&!to&laptop: neutral
but&!power&to&!battery: neutral
but&!power&to&battery: conflict
but&power: neutral
DecisionTree learned:
!but&!would&!and&!price: negative
!but&!would&!and&price: positive
!but&!would&and&!sol: positive
!but&!would&and&sol: conflict
!but&would&!i&!use: negative
!but&would&!i&use: neutral
!but&would&i&!they: negative
!but&would&i&they: neutral
but&!to&!functioning&!laptop: negative
but&!to&!functioning&laptop: neutral
but&!to&functioning: neutral
but&to&!battery&!be: neutral
but&to&!battery&be: negative
but&to&battery&!my: conflict
but&to&battery&my: negative
DecisionTree learned:
!but&!generally&!very&!speed: negative
!but&!generally&!very&speed: positive
!but&!generally&very&!about: positive
!but&!generally&very&about: conflict
!but&generally: conflict
but&!laptop&!use&!i: negative
but&!laptop&!use&i: neutral
but&!laptop&use&!is: positive
but&!laptop&use&is: negative
but&laptop: neutral
DecisionTree learned:
!but&!concerned&!is&!and: neutral
!but&!concerned&!is&and: positive
!but&!concerned&is&!movie: positive
!but&!concerned&is&movie: conflict
!but&concerned: conflict
but&!screen&!you&!outside: negative
but&!screen&!you&outside: neutral
but&!screen&you&!to: positive
but&!screen&you&to: neutral
but&screen&!and&!on: conflict
but&screen&!and&on: negative
but&screen&and: positive
DecisionTree learned:
!but&!complain&!and&!laptops: negative
!but&!complain&!and&laptops: conflict
!but&!complain&and&!firefox: positive
!but&!complain&and&firefox: neutral
!but&complain&!to: conflict
!but&complain&to: positive
but&!called&!and&!i: conflict
but&!called&!and&i: neutral
but&!called&and&!has: positive
but&!called&and&has: conflict
but&called: neutral
DecisionTree learned:
!but&!is&!and&!some: neutral
!but&!is&!and&some: negative
!but&!is&and&!extended: positive
!but&!is&and&extended: neutral
!but&is&!little&!not: positive
!but&is&!little&not: negative
!but&is&little&!and: conflict
!but&is&little&and: negative
but&!it&!and&!i: conflict
but&!it&!and&i: neutral
but&!it&and&!new: positive
but&!it&and&new: neutral
but&it&!better&!bit: conflict
but&it&!better&bit: positive
but&it&better: neutral
DecisionTree learned:
!but&!after&!or&!other: positive
!but&!after&!or&other: neutral
!but&!after&or&!windows: neutral
!but&!after&or&windows: negative
!but&after&!especially&!what: negative
!but&after&!especially&what: positive
!but&after&especially: conflict
but&!gaming&!the&!just: conflict
but&!gaming&!the&just: positive
but&!gaming&the&!computer: positive
but&!gaming&the&computer: conflict
but&gaming: positive
DecisionTree learned:
!but&!easy&!after&!to: positive
!but&!easy&!after&to: negative
!but&!easy&after&!especially: negative
!but&!easy&after&especially: conflict
!but&easy&!keyboard&!not: positive
!but&easy&!keyboard&not: negative
!but&easy&keyboard: neutral
but&!support&!was&!an: positive
but&!support&!was&an: conflict
but&!support&was&!very: negative
but&!support&was&very: positive
but&support: negative
DecisionTree learned:
!but&!and&!or&!it: negative
!but&!and&!or&it: negative
!but&!and&or&!lagging: neutral
!but&!and&or&lagging: positive
!but&and&!extended&!is: positive
!but&and&!extended&is: positive
!but&and&extended&!when: neutral
!but&and&extended&when: conflict
but&!instead&!and&!i: negative
but&!instead&!and&i: negative
but&!instead&and&!has: positive
but&!instead&and&has: conflict
but&instead: positive
DecisionTree learned:
!but&!eee&!great&!speed: negative
!but&!eee&!great&speed: positive
!but&!eee&great&!media: positive
!but&!eee&great&media: conflict
!but&eee: conflict
but&!an&!screen&!standard: negative
but&!an&!screen&standard: conflict
but&!an&screen&!the: conflict
but&!an&screen&the: negative
but&an&!with&!and: conflict
but&an&!with&and: positive
but&an&with: neutral
DecisionTree learned:
!but&!complain&!and&!lacking: negative
!but&!complain&!and&lacking: conflict
!but&!complain&and&!email: positive
!but&!complain&and&email: neutral
!but&complain&!to: conflict
!but&complain&to: positive
but&!to&!only&!with: positive
but&!to&!only&with: neutral
but&!to&only&!for: neutral
but&!to&only&for: negative
but&to&!battery&!be: neutral
but&to&!battery&be: negative
but&to&battery&!my: conflict
but&to&battery&my: negative
DecisionTree learned:
!but&!requires&!is&!back: positive
!but&!requires&!is&back: negative
!but&!requires&is&!little: positive
!but&!requires&is&little: conflict
!but&requires: conflict
but&!little&!n&!battery: positive
but&!little&!n&battery: conflict
but&!little&n&!that: negative
but&!little&n&that: conflict
but&little: negative
DecisionTree learned:
!but&!macbook&!had&!love: negative
!but&!macbook&!had&love: positive
!but&!macbook&had&!that: negative
!but&!macbook&had&that: neutral
!but&macbook&!pro&!for: conflict
!but&macbook&!pro&for: neutral
!but&macbook&pro&!of: positive
!but&macbook&pro&of: negative
but&!computer&!was&!an: positive
but&!computer&!was&an: neutral
but&!computer&was&!very: negative
but&!computer&was&very: positive
but&computer&!that: negative
but&computer&that: conflict
DecisionTree learned:
!but&!and&!worth&!yes: negative
!but&!and&!worth&yes: conflict
!but&!and&worth&!for: conflict
!but&!and&worth&for: neutral
!but&and&!sol&!not: positive
!but&and&!sol&not: negative
!but&and&sol: conflict
but&!to&!functioning&!i: conflict
but&!to&!functioning&i: positive
but&!to&functioning: neutral
but&to&!this&!you: negative
but&to&!this&you: neutral
but&to&this: neutral
DecisionTree learned:
!but&!complain&!and&!worth: negative
!but&!complain&!and&worth: conflict
!but&!complain&and&!had: positive
!but&!complain&and&had: negative
!but&complain&!to: conflict
!but&complain&to: positive
but&!screen&!so&!alright: negative
but&!screen&!so&alright: neutral
but&!screen&so: neutral
but&screen&!and&!very: conflict
but&screen&!and&very: negative
but&screen&and: positive
DecisionTree learned:
!but&!complain&!and&!drive: negative
!but&!complain&!and&drive: negative
!but&!complain&and&!were: positive
!but&!complain&and&were: negative
!but&complain&!to: conflict
!but&complain&to: positive
but&!gaming&!features&!same: negative
but&!gaming&!features&same: positive
but&!gaming&features&!new: positive
but&!gaming&features&new: neutral
but&gaming: positive
DecisionTree learned:
!but&!and&!or&!it: negative
!but&!and&!or&it: negative
!but&!and&or&!phone: neutral
!but&!and&or&phone: positive
!but&and&!the&!not: positive
!but&and&!the&not: neutral
!but&and&the&!when: negative
!but&and&the&when: neutral
but&!look&!laptop&!functioning: negative
but&!look&!laptop&functioning: neutral
but&!look&laptop: neutral
but&look&!if: positive
but&look&if: negative
DecisionTree learned:
!but&!generally&!easy&!macbook: negative
!but&!generally&!easy&macbook: positive
!but&!generally&easy&!another: positive
!but&!generally&easy&another: neutral
!but&generally: conflict
but&!rather&!screen&!standard: positive
but&!rather&!screen&standard: conflict
but&!rather&screen&!and: conflict
but&!rather&screen&and: positive
but&rather: neutral
DecisionTree learned:
!and&!but&!worth&!generally: negative
!and&!but&!worth&generally: conflict
!and&!but&worth&!money: conflict
!and&!but&worth&money: neutral
!and&but&!i&!called: conflict
!and&but&!i&called: neutral
!and&but&i&!did: neutral
!and&but&i&did: conflict
and&!sol&!word&!complain: positive
and&!sol&!word&complain: conflict
and&!sol&word&!its: neutral
and&!sol&word&its: conflict
and&sol: conflict
DecisionTree learned:
!but&!after&!lacking&!complain: positive
!but&!after&!lacking&complain: conflict
!but&!after&lacking&!is: conflict
!but&!after&lacking&is: negative
!but&after&!especially&!what: negative
!but&after&!especially&what: positive
!but&after&especially: conflict
but&!alright&!repair&!only: negative
but&!alright&!repair&only: neutral
but&!alright&repair: negative
but&alright: neutral
DecisionTree learned:
!and&!yes&!but&!laptops: negative
!and&!yes&!but&laptops: conflict
!and&!yes&but&!who: negative
!and&!yes&but&who: neutral
!and&yes: conflict
and&!word&!media&!complain: positive
and&!word&!media&complain: conflict
and&!word&media&!is: positive
and&!word&media&is: conflict
and&word&!its&!i: neutral
and&word&!its&i: positive
and&word&its: conflict
DecisionTree learned:
!and&!but&!price&!little: negative
!and&!but&!price&little: conflict
!and&!but&price&!pc: positive
!and&!but&price&pc: conflict
!and&but&!i&!an: negative
!and&but&!i&an: neutral
!and&but&i&!did: positive
!and&but&i&did: conflict
and&!sol&!email&!media: positive
and&!sol&!email&media: conflict
and&!sol&email&!ms: neutral
and&!sol&email&ms: positive
and&sol: conflict
DecisionTree learned:
!but&!and&!laptops&!some: negative
!but&!and&!laptops&some: negative
!but&!and&laptops&!it: negative
!but&!and&laptops&it: conflict
!but&and&!sol&!is: positive
!but&and&!sol&is: positive
!but&and&sol: conflict
but&!outside&!office&!called: positive
but&!outside&!office&called: neutral
but&!outside&office&!is: neutral
but&!outside&office&is: neutral
but&outside&!it: neutral
but&outside&it: negative
DecisionTree learned:
!but&!macbook&!eee&!complain: negative
!but&!macbook&!eee&complain: conflict
!but&!macbook&eee: conflict
!but&macbook&!pro&!for: conflict
!but&macbook&!pro&for: neutral
!but&macbook&pro&!of: positive
!but&macbook&pro&of: negative
but&!to&!only&!functioning: positive
but&!to&!only&functioning: neutral
but&!to&only&!for: neutral
but&!to&only&for: negative
but&to&!battery&!be: neutral
but&to&!battery&be: negative
but&to&battery&!my: conflict
but&to&battery&my: negative
DecisionTree learned:
!but&!and&!it&!some: neutral
!but&!and&!it&some: conflict
!but&!and&it&!laptops: negative
!but&!and&it&laptops: conflict
!but&and&!sol&!is: positive
!but&and&!sol&is: positive
!but&and&sol: conflict
but&!features&!to&!only: negative
but&!features&!to&only: neutral
but&!features&to&!battery: neutral
but&!features&to&battery: conflict
but&features&!new: positive
but&features&new: neutral
DecisionTree learned:
!but&!macbook&!some&!eee: negative
!but&!macbook&!some&eee: conflict
!but&!macbook&some&!especially: negative
!but&!macbook&some&especially: conflict
!but&macbook&!pro&!for: conflict
!but&macbook&!pro&for: neutral
!but&macbook&pro&!of: positive
!but&macbook&pro&of: negative
but&!getting&!on&!an: positive
but&!getting&!on&an: conflict
but&!getting&on&!i: conflict
but&!getting&on&i: neutral
but&getting: neutral
DecisionTree learned:
!but&!movie&!generally&!worth: positive
!but&!movie&!generally&worth: conflict
!but&!movie&generally: conflict
!but&movie&!just: neutral
!but&movie&just: conflict
but&!it&!and&!i: conflict
but&!it&!and&i: neutral
but&!it&and&!new: positive
but&!it&and&new: neutral
but&it&!that&!is: conflict
but&it&!that&is: positive
but&it&that&!can: positive
but&it&that&can: neutral
DecisionTree learned:
!but&!complain&!and&!yes: negative
!but&!complain&!and&yes: conflict
!but&!complain&and&!extended: positive
!but&!complain&and&extended: neutral
!but&complain&!to: conflict
!but&complain&to: positive
but&!cost&!life&!they: positive
but&!cost&!life&they: negative
but&!cost&life&!to: conflict
but&!cost&life&to: conflict
but&cost&!is: conflict
but&cost&is: positive
DecisionTree learned:
!but&!generally&!had&!love: positive
!but&!generally&!had&love: positive
!but&!generally&had&!a: negative
!but&!generally&had&a: neutral
!but&generally: conflict
but&!it&!and&!i: negative
but&!it&!and&i: neutral
but&!it&and&!new: positive
but&!it&and&new: neutral
but&it&!that&!mouse: conflict
but&it&!that&mouse: positive
but&it&that&!the: negative
but&it&that&the: positive
DecisionTree learned:
!but&!macbook&!long&!is: neutral
!but&!macbook&!long&is: positive
!but&!macbook&long&!so: positive
!but&!macbook&long&so: conflict
!but&macbook&!pro&!for: conflict
!but&macbook&!pro&for: neutral
!but&macbook&pro&!of: positive
!but&macbook&pro&of: negative
but&!it&!and&!i: conflict
but&!it&!and&i: neutral
but&!it&and&!has: positive
but&!it&and&has: neutral
but&it&!better&!bit: negative
but&it&!better&bit: positive
but&it&better: neutral
DecisionTree learned:
!but&!and&!yes&!little: negative
!but&!and&!yes&little: conflict
!but&!and&yes: conflict
!but&and&!extended&!media: positive
!but&and&!extended&media: conflict
!but&and&extended&!when: neutral
!but&and&extended&when: conflict
but&!screen&!an&!mouse: negative
but&!screen&!an&mouse: positive
but&!screen&an&!with: conflict
but&!screen&an&with: neutral
but&screen&!and&!the: conflict
but&screen&!and&the: conflict
but&screen&and: positive
DecisionTree learned:
!but&!after&!complain&!and: negative
!but&!after&!complain&and: positive
!but&!after&complain&!to: conflict
!but&!after&complain&to: positive
!but&after&!especially&!warranty: negative
!but&after&!especially&warranty: neutral
!but&after&especially: conflict
but&!it&!and&!i: conflict
but&!it&!and&i: neutral
but&!it&and&!has: positive
but&!it&and&has: neutral
but&it&!be&!n: conflict
but&it&!be&n: negative
but&it&be&!would: negative
but&it&be&would: positive
DecisionTree learned:
!and&!it&!lacking&!eee: negative
!and&!it&!lacking&eee: conflict
!and&!it&lacking: conflict
!and&it&!to&!worth: negative
!and&it&!to&worth: conflict
!and&it&to&!up: negative
!and&it&to&up: positive
and&!word&!extended&!video: positive
and&!word&!extended&video: negative
and&!word&extended&!when: neutral
and&!word&extended&when: conflict
and&word&!its&!i: neutral
and&word&!its&i: positive
and&word&its: conflict
DecisionTree learned:
!but&!yes&!easy&!movie: negative
!but&!yes&!easy&movie: neutral
!but&!yes&easy&!carry: positive
!but&!yes&easy&carry: negative
!but&yes&!and: conflict
!but&yes&and: positive
but&!to&!only&!outside: negative
but&!to&!only&outside: neutral
but&!to&only&!i: neutral
but&!to&only&i: positive
but&to&!battery&!little: neutral
but&to&!battery&little: negative
but&to&battery&!my: conflict
but&to&battery&my: negative
DecisionTree learned:
!but&!concerned&!after&!laptops: positive
!but&!concerned&!after&laptops: neutral
!but&!concerned&after&!especially: negative
!but&!concerned&after&especially: conflict
!but&concerned: conflict
but&!learning&!alright&!called: negative
but&!learning&!alright&called: neutral
but&!learning&alright: neutral
but&learning&!mac: neutral
but&learning&mac: positive
DecisionTree learned:
!but&!good&!opted&!generally: negative
!but&!good&!opted&generally: conflict
!but&!good&opted&!battery: conflict
!but&!good&opted&battery: positive
!but&good&!the: positive
!but&good&the&!taking: positive
!but&good&the&taking: neutral
but&!gaming&!only&!i: conflict
but&!gaming&!only&i: positive
but&!gaming&only&!i: neutral
but&!gaming&only&i: positive
but&gaming: positive
DecisionTree learned:
!but&!arisen&!movie&!macbook: negative
!but&!arisen&!movie&macbook: positive
!but&!arisen&movie&!just: neutral
!but&!arisen&movie&just: conflict
!but&arisen: conflict
but&!a&!only&!you: negative
but&!a&!only&you: positive
but&!a&only&!i: neutral
but&!a&only&i: positive
but&a&!look&!for: conflict
but&a&!look&for: positive
but&a&look: positive
DecisionTree learned:
!but&!macbook&!eee&!is: neutral
!but&!macbook&!eee&is: positive
!but&!macbook&eee: conflict
!but&macbook&!pro&!for: conflict
!but&macbook&!pro&for: neutral
!but&macbook&pro&!of: positive
!but&macbook&pro&of: negative
but&!laptop&!os&!says: negative
but&!laptop&!os&says: neutral
but&!laptop&os&!have: neutral
but&!laptop&os&have: positive
but&laptop: neutral
DecisionTree learned:
!but&!and&!some&!to: negative
!but&!and&!some&to: neutral
!but&!and&some&!the: negative
!but&!and&some&the: conflict
!but&and&!sol&!is: positive
!but&and&!sol&is: positive
!but&and&sol: conflict
but&!n&!it&!and: positive
but&!n&!it&and: positive
but&!n&it&!better: conflict
but&!n&it&better: neutral
but&n&!that&!mouse: negative
but&n&!that&mouse: positive
but&n&that: conflict
DecisionTree learned:
!and&!yes&!some&!to: positive
!and&!yes&!some&to: negative
!and&!yes&some&!features: conflict
!and&!yes&some&features: positive
!and&yes: conflict
and&!complain&!sol&!the: neutral
and&!complain&!sol&the: negative
and&!complain&sol: conflict
and&complain: conflict
DecisionTree learned:
!but&!had&!and&!perfect: negative
!but&!had&!and&perfect: conflict
!but&!had&and&!sol: positive
!but&!had&and&sol: conflict
!but&had&!ms&!applications: negative
!but&had&!ms&applications: positive
!but&had&ms: positive
but&!on&!life&!laptop: negative
but&!on&!life&laptop: neutral
but&!on&life&!to: conflict
but&!on&life&to: conflict
but&on&!i&!are: negative
but&on&!i&are: conflict
but&on&i: neutral
DecisionTree learned:
!but&!and&!some&!to: negative
!but&!and&!some&to: negative
!but&!and&some&!features: conflict
!but&!and&some&features: positive
!but&and&!media&!sol: positive
!but&and&!media&sol: conflict
!but&and&media&!gaming: conflict
!but&and&media&gaming: positive
but&!another&!a&!did: positive
but&!another&!a&did: neutral
but&!another&a&!look: conflict
but&!another&a&look: positive
but&another: neutral
DecisionTree learned:
!but&!and&!perfect&!yes: negative
!but&!and&!perfect&yes: conflict
!but&!and&perfect&!so: negative
!but&!and&perfect&so: conflict
!but&and&!sol&!media: positive
!but&and&!sol&media: conflict
!but&and&sol: conflict
but&!an&!computer&!screen: negative
but&!an&!computer&screen: conflict
but&!an&computer&!that: negative
but&!an&computer&that: conflict
but&an&!with&!just: conflict
but&an&!with&just: neutral
but&an&with: neutral
DecisionTree learned:
!but&!concerned&!arisen&!despite: negative
!but&!concerned&!arisen&despite: conflict
!but&!concerned&arisen: conflict
!but&concerned: conflict
but&!laptop&!a&!functioning: positive
but&!laptop&!a&functioning: neutral
but&!laptop&a&!screen: neutral
but&!laptop&a&screen: conflict
but&laptop: neutral
DecisionTree learned:
!but&!and&!generally&!it: neutral
!but&!and&!generally&it: negative
!but&!and&generally: conflict
!but&and&!video&!complain: positive
!but&and&!video&complain: conflict
!but&and&video&!for: negative
!but&and&video&for: conflict
but&!it&!an&!look: negative
but&!it&!an&look: positive
but&!it&an&!with: conflict
but&!it&an&with: neutral
but&it&!better&!bit: conflict
but&it&!better&bit: positive
but&it&better: neutral
DecisionTree learned:
!but&!macbook&!some&!movie: positive
!but&!macbook&!some&movie: neutral
!but&!macbook&some&!other: negative
!but&!macbook&some&other: conflict
!but&macbook&!pro&!for: conflict
!but&macbook&!pro&for: neutral
!but&macbook&pro&!of: positive
!but&macbook&pro&of: negative
but&!little&!to&!laptop: negative
but&!little&!to&laptop: neutral
but&!little&to&!battery: neutral
but&!little&to&battery: conflict
but&little: negative
DecisionTree learned:
!and&!to&!it&!lacking: positive
!and&!to&!it&lacking: conflict
!and&!to&it&!boot: negative
!and&!to&it&boot: neutral
!and&to&!after&!up: neutral
!and&to&!after&up: positive
!and&to&after&!some: negative
!and&to&after&some: conflict
and&!the&!not&!but: positive
and&!the&!not&but: negative
and&!the&not&!about: neutral
and&!the&not&about: conflict
and&the&!when&!great: negative
and&the&!when&great: positive
and&the&when&!laptop: neutral
and&the&when&laptop: conflict
DecisionTree learned:
!and&!or&!it&!little: neutral
!and&!or&!it&little: conflict
!and&!or&it&!to: negative
!and&!or&it&to: negative
!and&or&!as&!up: neutral
!and&or&!as&up: positive
!and&or&as: negative
and&!email&!firefox&!extended: positive
and&!email&!firefox&extended: neutral
and&!email&firefox: neutral
and&email&!ms&!screen: neutral
and&email&!ms&screen: positive
and&email&ms: positive
DecisionTree learned:
!but&!very&!macbook&!despite: negative
!but&!very&!macbook&despite: conflict
!but&!very&macbook&!pro: conflict
!but&!very&macbook&pro: positive
!but&very&!about&!features: positive
!but&very&!about&features: negative
!but&very&about: conflict
but&!to&!did&!i: conflict
but&!to&!did&i: positive
but&!to&did&!it: neutral
but&!to&did&it: negative
but&to&!battery&!be: neutral
but&to&!battery&be: negative
but&to&battery&!for: negative
but&to&battery&for: conflict
DecisionTree learned:
!and&!eee&!it&!little: neutral
!and&!eee&!it&little: conflict
!and&!eee&it&!to: negative
!and&!eee&it&to: negative
!and&eee: conflict
and&!email&!media&!camera: positive
and&!email&!media&camera: conflict
and&!email&media&!gaming: conflict
and&!email&media&gaming: positive
and&email&!ms&!screen: neutral
and&email&!ms&screen: positive
and&email&ms: positive
DecisionTree learned:
!but&!and&!it&!eee: neutral
!but&!and&!it&eee: conflict
!but&!and&it&!to: negative
!but&!and&it&to: negative
!but&and&!media&!complain: positive
!but&and&!media&complain: conflict
!but&and&media&!gaming: conflict
!but&and&media&gaming: positive
but&!outside&!you&!who: negative
but&!outside&!you&who: neutral
but&!outside&you&!to: positive
but&!outside&you&to: neutral
but&outside&!it: neutral
but&outside&it: negative
DecisionTree learned:
!and&!but&!generally&!lacking: negative
!and&!but&!generally&lacking: conflict
!and&!but&generally: conflict
!and&but&!i&!to: conflict
!and&but&!i&to: neutral
!and&but&i&!did: neutral
!and&but&i&did: neutral
and&!media&!had&!complain: positive
and&!media&!had&complain: conflict
and&!media&had&!that: negative
and&!media&had&that: neutral
and&media&!is: positive
and&media&is: conflict
DecisionTree learned:
!and&!eee&!it&!little: neutral
!and&!eee&!it&little: conflict
!and&!eee&it&!to: negative
!and&!eee&it&to: negative
!and&eee: conflict
and&!sol&!word&!media: positive
and&!sol&!word&media: conflict
and&!sol&word&!its: neutral
and&!sol&word&its: conflict
and&sol: conflict
DecisionTree learned:
!and&!but&!it&!generally: neutral
!and&!but&!it&generally: conflict
!and&!but&it&!to: negative
!and&!but&it&to: negative
!and&but&!i&!an: negative
!and&but&!i&an: neutral
!and&but&i&!did: neutral
!and&but&i&did: conflict
and&!sol&!email&!media: positive
and&!sol&!email&media: conflict
and&!sol&email&!ms: neutral
and&!sol&email&ms: positive
and&sol: conflict
DecisionTree learned:
!but&!and&!arisen&!yes: negative
!but&!and&!arisen&yes: conflict
!but&!and&arisen: conflict
!but&and&!sol&!media: positive
!but&and&!sol&media: conflict
!but&and&sol: conflict
but&!was&!screen&!on: positive
but&!was&!screen&on: neutral
but&!was&screen&!very: conflict
but&!was&screen&very: negative
but&was&!very&!that: negative
but&was&!very&that: conflict
but&was&very: positive
DecisionTree learned:
!but&!and&!portability&!requires: negative
!but&!and&!portability&requires: conflict
!but&!and&portability: conflict
!but&and&!media&!i: positive
!but&and&!media&i: neutral
!but&and&media&!gaming: conflict
!but&and&media&gaming: positive
but&!standard&!screen&!an: negative
but&!standard&!screen&an: neutral
but&!standard&screen&!and: conflict
but&!standard&screen&and: positive
but&standard: conflict
DecisionTree learned:
!but&!and&!portability&!loading: negative
!but&!and&!portability&loading: conflict
!but&!and&portability: conflict
!but&and&!sol&!is: positive
!but&and&!sol&is: positive
!but&and&sol: conflict
but&!it&!and&!that: negative
but&!it&!and&that: conflict
but&!it&and&!new: positive
but&!it&and&new: neutral
but&it&!that&!bit: conflict
but&it&!that&bit: positive
but&it&that&!the: negative
but&it&that&the: positive
DecisionTree learned:
!but&!macbook&!laptops&!eee: negative
!but&!macbook&!laptops&eee: conflict
!but&!macbook&laptops&!it: neutral
!but&!macbook&laptops&it: conflict
!but&macbook&!pro&!for: conflict
!but&macbook&!pro&for: neutral
!but&macbook&pro&!of: positive
!but&macbook&pro&of: negative
but&!use&!a&!buy: negative
but&!use&!a&buy: conflict
but&!use&a&!battery: neutral
but&!use&a&battery: conflict
but&use&!is&!a: positive
but&use&!is&a: negative
but&use&is: negative
DecisionTree learned:
!but&!and&!loading&!portability: negative
!but&!and&!loading&portability: conflict
!but&!and&loading: conflict
!but&and&!media&!sol: positive
!but&and&!media&sol: conflict
!but&and&media: conflict
but&!to&!looking&!buy: negative
but&!to&!looking&buy: conflict
but&!to&looking: positive
but&to&!battery&!have: neutral
but&to&!battery&have: positive
but&to&battery&!my: conflict
but&to&battery&my: negative
DecisionTree learned:
!and&!generally&!but&!worth: neutral
!and&!generally&!but&worth: conflict
!and&!generally&but&!warranty: negative
!and&!generally&but&warranty: neutral
!and&generally: conflict
and&!media&!word&!ease: positive
and&!media&!word&ease: positive
and&!media&word&!i: neutral
and&!media&word&i: positive
and&media&!gaming: conflict
and&media&gaming: positive
DecisionTree learned:
!but&!concerned&!very&!opted: negative
!but&!concerned&!very&opted: conflict
!but&!concerned&very&!features: positive
!but&!concerned&very&features: negative
!but&concerned: conflict
but&!standard&!it&!and: negative
but&!standard&!it&and: positive
but&!standard&it&!better: conflict
but&!standard&it&better: neutral
but&standard: conflict
DecisionTree learned:
!and&!yes&!but&!opted: negative
!and&!yes&!but&opted: conflict
!and&!yes&but&!i: conflict
!and&!yes&but&i: positive
!and&yes: conflict
and&!word&!graphics&!ease: positive
and&!word&!graphics&ease: positive
and&!word&graphics&!warranty: positive
and&!word&graphics&warranty: negative
and&word&!its&!i: neutral
and&word&!its&i: positive
and&word&its: conflict
DecisionTree learned:
!and&!yes&!but&!worth: negative
!and&!yes&!but&worth: conflict
!and&!yes&but&!i: conflict
!and&!yes&but&i: neutral
!and&yes: conflict
and&!the&!complain&!but: positive
and&!the&!complain&but: positive
and&!the&complain: conflict
and&the&!when&!media: negative
and&the&!when&media: conflict
and&the&when&!laptop: neutral
and&the&when&laptop: conflict
DecisionTree learned:
!but&!complain&!and&!little: negative
!but&!complain&!and&little: conflict
!but&!complain&and&!media: positive
!but&!complain&and&media: conflict
!but&complain&!to: conflict
!but&complain&to: positive
but&!use&!to&!only: positive
but&!use&!to&only: neutral
but&!use&to&!battery: neutral
but&!use&to&battery: conflict
but&use&!of&!easy: negative
but&use&!of&easy: positive
but&use&of: positive
DecisionTree learned:
!and&!little&!it&!despite: positive
!and&!little&!it&despite: conflict
!and&!little&it&!to: negative
!and&!little&it&to: negative
!and&little&!is: negative
!and&little&is&!to: conflict
!and&little&is&to: negative
and&!word&!were&!great: positive
and&!word&!were&great: positive
and&!word&were&!laptop: negative
and&!word&were&laptop: conflict
and&word&!its&!i: neutral
and&word&!its&i: positive
and&word&its: conflict
DecisionTree learned:
!and&!to&!it&!little: positive
!and&!to&!it&little: conflict
!and&!to&it&!boot: negative
!and&!to&it&boot: neutral
!and&to&!takes&!up: neutral
!and&to&!takes&up: positive
!and&to&takes&!just: conflict
!and&to&takes&just: positive
and&!complain&!media&!sol: positive
and&!complain&!media&sol: conflict
and&!complain&media&!gaming: conflict
and&!complain&media&gaming: positive
and&complain: conflict
DecisionTree learned:
!and&!drive&!but&!it: positive
!and&!drive&!but&it: negative
!and&!drive&but&!i: conflict
!and&!drive&but&i: positive
!and&drive&!s&!dvd: neutral
!and&drive&!s&dvd: negative
!and&drive&s: negative
and&!sol&!camera&!ease: positive
and&!sol&!camera&ease: positive
and&!sol&camera&!it: positive
and&!sol&camera&it: conflict
and&sol: conflict
DecisionTree learned:
!but&!loading&!concerned&!complain: positive
!but&!loading&!concerned&complain: conflict
!but&!loading&concerned: conflict
!but&loading: conflict
but&!huge&!life&!n: positive
but&!huge&!life&n: negative
but&!huge&life&!to: conflict
but&!huge&life&to: conflict
but&huge: conflict
Trial 0 Training cc.mallet.classify.AdaBoostM2Trainer@15f66cff finished
Trial 0 Trainer cc.mallet.classify.AdaBoostM2Trainer@15f66cff test data accuracy = 0.5273833671399595

NaiveBayesTrainer
Summary. test accuracy mean = 0.6673427991886409 stddev = 0.0 stderr = 0.0

MaxEntTrainer,gaussianPriorVariance=1.0
Summary. test accuracy mean = 0.6592292089249493 stddev = 0.0 stderr = 0.0

cc.mallet.classify.DecisionTreeTrainer@5328f6ee
Summary. test accuracy mean = 0.5456389452332657 stddev = 0.0 stderr = 0.0

cc.mallet.classify.AdaBoostM2Trainer@15f66cff
Summary. test accuracy mean = 0.5273833671399595 stddev = 0.0 stderr = 0.0
