
-------------------- Trial 0  --------------------

Trial 0 Training NaiveBayesTrainer with 1865 instances
Trial 0 Training NaiveBayesTrainer finished
Trial 0 Trainer NaiveBayesTrainer test data accuracy = 0.4077079107505071
Trial 0 Training MaxEntTrainer,gaussianPriorVariance=1.0 with 1865 instances
Trial 0 Training MaxEntTrainer,gaussianPriorVariance=1.0 finished
Trial 0 Trainer MaxEntTrainer,gaussianPriorVariance=1.0 test data accuracy = 0.4077079107505071
Trial 0 Training cc.mallet.classify.DecisionTreeTrainer@58ecb281 with 1865 instances
DecisionTree learned:
root: positive
Trial 0 Training cc.mallet.classify.DecisionTreeTrainer@58ecb281 finished
Trial 0 Trainer cc.mallet.classify.DecisionTreeTrainer@58ecb281 test data accuracy = 0.4077079107505071
Trial 0 Training cc.mallet.classify.AdaBoostM2Trainer@6766afb3 with 1865 instances
DecisionTree learned:
root: positive
DecisionTree learned:
root: positive
DecisionTree learned:
root: positive
DecisionTree learned:
root: positive
DecisionTree learned:
root: positive
DecisionTree learned:
root: positive
DecisionTree learned:
root: positive
DecisionTree learned:
root: positive
DecisionTree learned:
root: positive
DecisionTree learned:
root: positive
DecisionTree learned:
root: positive
DecisionTree learned:
root: positive
DecisionTree learned:
root: positive
DecisionTree learned:
root: positive
DecisionTree learned:
root: positive
DecisionTree learned:
root: positive
DecisionTree learned:
root: positive
DecisionTree learned:
root: positive
DecisionTree learned:
root: positive
DecisionTree learned:
root: positive
DecisionTree learned:
root: positive
DecisionTree learned:
root: positive
DecisionTree learned:
root: positive
DecisionTree learned:
root: positive
DecisionTree learned:
root: positive
DecisionTree learned:
root: positive
DecisionTree learned:
root: positive
DecisionTree learned:
root: positive
DecisionTree learned:
root: positive
DecisionTree learned:
root: positive
DecisionTree learned:
root: positive
DecisionTree learned:
root: positive
DecisionTree learned:
root: positive
DecisionTree learned:
root: positive
DecisionTree learned:
root: positive
DecisionTree learned:
root: positive
DecisionTree learned:
root: positive
DecisionTree learned:
root: positive
DecisionTree learned:
root: positive
DecisionTree learned:
root: positive
DecisionTree learned:
root: positive
DecisionTree learned:
root: positive
DecisionTree learned:
root: positive
DecisionTree learned:
root: positive
DecisionTree learned:
root: positive
DecisionTree learned:
root: positive
DecisionTree learned:
root: positive
DecisionTree learned:
root: positive
DecisionTree learned:
root: positive
DecisionTree learned:
root: positive
DecisionTree learned:
root: positive
DecisionTree learned:
root: positive
DecisionTree learned:
root: positive
DecisionTree learned:
root: positive
DecisionTree learned:
root: negative
DecisionTree learned:
root: positive
DecisionTree learned:
root: positive
DecisionTree learned:
root: positive
DecisionTree learned:
root: positive
DecisionTree learned:
root: negative
DecisionTree learned:
root: positive
DecisionTree learned:
root: positive
DecisionTree learned:
root: positive
DecisionTree learned:
root: positive
DecisionTree learned:
root: positive
DecisionTree learned:
root: positive
DecisionTree learned:
root: positive
DecisionTree learned:
root: positive
DecisionTree learned:
root: positive
DecisionTree learned:
root: positive
DecisionTree learned:
root: positive
DecisionTree learned:
root: positive
DecisionTree learned:
root: positive
DecisionTree learned:
root: positive
DecisionTree learned:
root: positive
DecisionTree learned:
root: positive
DecisionTree learned:
root: positive
DecisionTree learned:
root: positive
DecisionTree learned:
root: positive
DecisionTree learned:
root: positive
DecisionTree learned:
root: negative
DecisionTree learned:
root: positive
DecisionTree learned:
root: positive
DecisionTree learned:
root: positive
DecisionTree learned:
root: positive
DecisionTree learned:
root: positive
DecisionTree learned:
root: negative
DecisionTree learned:
root: positive
DecisionTree learned:
root: positive
DecisionTree learned:
root: positive
DecisionTree learned:
root: positive
DecisionTree learned:
root: positive
DecisionTree learned:
root: positive
DecisionTree learned:
root: negative
DecisionTree learned:
root: positive
DecisionTree learned:
root: positive
DecisionTree learned:
root: positive
DecisionTree learned:
root: positive
DecisionTree learned:
root: positive
DecisionTree learned:
root: positive
Trial 0 Training cc.mallet.classify.AdaBoostM2Trainer@6766afb3 finished
Trial 0 Trainer cc.mallet.classify.AdaBoostM2Trainer@6766afb3 test data accuracy = 0.4077079107505071

NaiveBayesTrainer
Summary. test accuracy mean = 0.4077079107505071 stddev = 0.0 stderr = 0.0

MaxEntTrainer,gaussianPriorVariance=1.0
Summary. test accuracy mean = 0.4077079107505071 stddev = 0.0 stderr = 0.0

cc.mallet.classify.DecisionTreeTrainer@58ecb281
Summary. test accuracy mean = 0.4077079107505071 stddev = 0.0 stderr = 0.0

cc.mallet.classify.AdaBoostM2Trainer@6766afb3
Summary. test accuracy mean = 0.4077079107505071 stddev = 0.0 stderr = 0.0
