
-------------------- Trial 0  --------------------

Trial 0 Training NaiveBayesTrainer with 1865 instances
Trial 0 Training NaiveBayesTrainer finished
Trial 0 Trainer NaiveBayesTrainer test data accuracy = 0.5862068965517241
Trial 0 Training MaxEntTrainer,gaussianPriorVariance=1.0 with 1865 instances
Trial 0 Training MaxEntTrainer,gaussianPriorVariance=1.0 finished
Trial 0 Trainer MaxEntTrainer,gaussianPriorVariance=1.0 test data accuracy = 0.6267748478701826
Trial 0 Training cc.mallet.classify.DecisionTreeTrainer@6766afb3 with 1865 instances
DecisionTree learned:
!great&!easy&!but&!fast: negative
!great&!easy&!but&fast: positive
!great&!easy&but&!x: negative
!great&!easy&but&x: neutral
!great&easy&!one&!of: positive
!great&easy&!one&of: positive
!great&easy&one&!is: conflict
!great&easy&one&is: neutral
great&!had&!but&!lack: positive
great&!had&!but&lack: negative
great&!had&but&!one: positive
great&!had&but&one: negative
great&had&!it: negative
great&had&it: negative
Trial 0 Training cc.mallet.classify.DecisionTreeTrainer@6766afb3 finished
Trial 0 Trainer cc.mallet.classify.DecisionTreeTrainer@6766afb3 test data accuracy = 0.513184584178499
Trial 0 Training cc.mallet.classify.AdaBoostM2Trainer@11bbf1ca with 1865 instances
DecisionTree learned:
!great&!easy&!but&!movie: negative
!great&!easy&!but&movie: neutral
!great&!easy&but&!got: negative
!great&!easy&but&got: negative
!great&easy&!one&!for: positive
!great&easy&!one&for: positive
!great&easy&one&!is: conflict
!great&easy&one&is: neutral
great&!had&!but&!lack: positive
great&!had&!but&lack: negative
great&!had&but&!one: positive
great&!had&but&one: negative
great&had&!it: negative
great&had&it: negative
DecisionTree learned:
!but&!great&!easy&!fast: negative
!but&!great&!easy&fast: positive
!but&!great&easy&!already: positive
!but&!great&easy&already: neutral
!but&great&!had&!lack: positive
!but&great&!had&lack: negative
!but&great&had&!it: negative
!but&great&had&it: negative
but&!mac&!x&!well: negative
but&!mac&!x&well: positive
but&!mac&x&!is: neutral
but&!mac&x&is: positive
but&mac&!have&!in: positive
but&mac&!have&in: positive
but&mac&have: negative
DecisionTree learned:
!but&!great&!easy&!love: negative
!but&!great&!easy&love: positive
!but&!great&easy&!of: positive
!but&!great&easy&of: positive
!but&great&!had&!nearly: positive
!but&great&!had&nearly: neutral
!but&great&had&!it: negative
!but&great&had&it: positive
but&!mac&!power&!well: negative
but&!mac&!power&well: positive
but&!mac&power: neutral
but&mac&!its&!bit: positive
but&mac&!its&bit: neutral
but&mac&its&!so: neutral
but&mac&its&so: neutral
DecisionTree learned:
!but&!fast&!not&!movie: positive
!but&!fast&!not&movie: neutral
!but&!fast&not&!apple: negative
!but&!fast&not&apple: positive
!but&fast&!one&!if: positive
!but&fast&!one&if: positive
!but&fast&one: neutral
but&!be&!the&!another: conflict
but&!be&!the&another: neutral
but&!be&the&!mac: negative
but&!be&the&mac: positive
but&be&!which&!more: negative
but&be&!which&more: positive
but&be&which&!to: conflict
but&be&which&to: positive
DecisionTree learned:
!but&!great&!and&!movie: negative
!but&!great&!and&movie: neutral
!but&!great&and&!back: positive
!but&!great&and&back: negative
!but&great&!had&!lack: positive
!but&great&!had&lack: negative
!but&great&had&!it: negative
!but&great&had&it: negative
but&!got&!mac&!this: negative
but&!got&!mac&this: negative
but&!got&mac&!its: positive
but&!got&mac&its: neutral
but&got&!so: negative
but&got&so: positive
DecisionTree learned:
!but&!great&!good&!for: negative
!but&!great&!good&for: neutral
!but&!great&good&!at: positive
!but&!great&good&at: neutral
!but&great&!had&!lack: positive
!but&great&!had&lack: negative
!but&great&had&!it: negative
!but&great&had&it: positive
but&!mac&!there&!on: negative
but&!mac&!there&on: neutral
but&!mac&there&!this: negative
but&!mac&there&this: neutral
but&mac&!more&!up: neutral
but&mac&!more&up: positive
but&mac&more: positive
DecisionTree learned:
!but&!fast&!love&!for: negative
!but&!fast&!love&for: neutral
!but&!fast&love&!size: positive
!but&!fast&love&size: neutral
!but&fast&!with: positive
!but&fast&with&!just: positive
!but&fast&with&just: neutral
but&!so&!this&!and: negative
but&!so&!this&and: positive
but&!so&this&!x: negative
but&!so&this&x: neutral
but&so&!laptop&!i: conflict
but&so&!laptop&i: positive
but&so&laptop&!toshiba: neutral
but&so&laptop&toshiba: negative
DecisionTree learned:
!but&!great&!easy&!love: negative
!but&!great&!easy&love: positive
!but&!great&easy&!go: positive
!but&!great&easy&go: neutral
!but&great&!had&!nearly: positive
!but&great&!had&nearly: neutral
!but&great&had&!it: negative
!but&great&had&it: negative
but&!mac&!this&!so: negative
but&!mac&!this&so: conflict
but&!mac&this&!x: negative
but&!mac&this&x: neutral
but&mac&!have&!its: positive
but&mac&!have&its: neutral
but&mac&have: negative
DecisionTree learned:
!but&!fast&!not&!good: positive
!but&!fast&!not&good: positive
!but&!fast&not&!other: negative
!but&!fast&not&other: conflict
!but&fast&!if&!one: positive
!but&fast&!if&one: neutral
!but&fast&if: positive
but&!in&!new&!well: negative
but&!in&!new&well: positive
but&!in&new&!software: positive
but&!in&new&software: negative
but&in&!like&!so: negative
but&in&!like&so: neutral
but&in&like: positive
DecisionTree learned:
!but&!would&!and&!not: negative
!but&!would&!and&not: negative
!but&!would&and&!i: positive
!but&!would&and&i: neutral
!but&would&!their&!recommend: negative
!but&would&!their&recommend: positive
!but&would&their&!my: neutral
!but&would&their&my: negative
but&!mac&!got&!this: negative
but&!mac&!got&this: negative
but&!mac&got&!so: negative
but&!mac&got&so: positive
but&mac&!have&!its: positive
but&mac&!have&its: neutral
but&mac&have: negative
DecisionTree learned:
!but&!great&!and&!laptops: negative
!but&!great&!and&laptops: conflict
!but&!great&and&!i: positive
!but&!great&and&i: neutral
!but&great&!had&!lack: positive
!but&great&!had&lack: negative
!but&great&had&!it: negative
!but&great&had&it: negative
but&!got&!mac&!hard: negative
but&!got&!mac&hard: neutral
but&!got&mac&!bit: positive
but&!got&mac&bit: neutral
but&got&!so: negative
but&got&so: positive
DecisionTree learned:
!but&!not&!very&!much: positive
!but&!not&!very&much: positive
!but&!not&very&!functions: positive
!but&!not&very&functions: conflict
!but&not&!through&!netbook: negative
!but&not&!through&netbook: neutral
!but&not&through&!is: neutral
!but&not&through&is: neutral
but&!new&!in&!windows: negative
but&!new&!in&windows: neutral
but&!new&in&!more: neutral
but&!new&in&more: positive
but&new&!with&!when: neutral
but&new&!with&when: negative
but&new&with&!just: neutral
but&new&with&just: neutral
DecisionTree learned:
!but&!then&!movie&!easy: positive
!but&!then&!movie&easy: positive
!but&!then&movie&!just: neutral
!but&!then&movie&just: neutral
!but&then&!inside&!will: negative
!but&then&!inside&will: positive
!but&then&inside: neutral
but&!be&!did&!nothing: positive
but&!be&!did&nothing: negative
but&!be&did&!have: neutral
but&!be&did&have: conflict
but&be&!with&!and: negative
but&be&!with&and: negative
but&be&with&!would: neutral
but&be&with&would: negative
DecisionTree learned:
!but&!fast&!love&!good: negative
!but&!fast&!love&good: positive
!but&!fast&love&!over: positive
!but&!fast&love&over: negative
!but&fast&!with: positive
!but&fast&with&!just: positive
!but&fast&with&just: neutral
but&!well&!got&!mac: negative
but&!well&!got&mac: positive
but&!well&got: negative
but&well&!so&!too: positive
but&well&!so&too: conflict
but&well&so&!the: neutral
but&well&so&the: positive
DecisionTree learned:
!but&!i&!were&!and: negative
!but&!i&!were&and: positive
!but&!i&were&!software: negative
!but&!i&were&software: neutral
!but&i&!complain&!pc: neutral
!but&i&!complain&pc: positive
!but&i&complain: conflict
but&!mac&!gb&!if: negative
but&!mac&!gb&if: neutral
but&!mac&gb&!than: neutral
but&!mac&gb&than: neutral
but&mac&!more&!use: neutral
but&mac&!more&use: positive
but&mac&more: positive
DecisionTree learned:
!but&!great&!for&!much: negative
!but&!great&!for&much: positive
!but&!great&for&!so: neutral
!but&!great&for&so: negative
!but&great&!speakers&!life: positive
!but&great&!speakers&life: negative
!but&great&speakers: negative
but&!this&!difference&!so: negative
but&!this&!difference&so: neutral
but&!this&difference&!is: neutral
but&!this&difference&is: neutral
but&this&!have&!to: negative
but&this&!have&to: neutral
but&this&have&!know: positive
but&this&have&know: conflict
DecisionTree learned:
!but&!love&!for&!they: negative
!but&!love&!for&they: negative
!but&!love&for&!in: neutral
!but&!love&for&in: negative
!but&love&!size&!over: positive
!but&love&!size&over: negative
!but&love&size&!my: neutral
!but&love&size&my: positive
but&!mac&!there&!repair: positive
but&!mac&!there&repair: negative
but&!mac&there&!to: negative
but&!mac&there&to: neutral
but&mac&!very&!more: neutral
but&mac&!very&more: positive
but&mac&very: positive
DecisionTree learned:
!but&!after&!i&!you: positive
!but&!after&!i&you: neutral
!but&!after&i&!complain: neutral
!but&!after&i&complain: conflict
!but&after&!with&!through: negative
!but&after&!with&through: neutral
!but&after&with&!i: negative
!but&after&with&i: positive
but&!this&!so&!the: conflict
but&!this&!so&the: negative
but&!this&so&!it: neutral
but&!this&so&it: conflict
but&this&!have&!to: negative
but&this&!have&to: neutral
but&this&have&!it: positive
but&this&have&it: negative
DecisionTree learned:
!but&!fast&!love&!amazing: negative
!but&!fast&!love&amazing: positive
!but&!fast&love&!a: positive
!but&!fast&love&a: positive
!but&fast&!if&!one: positive
!but&fast&!if&one: neutral
!but&fast&if: neutral
but&!yes&!new&!drive: negative
but&!yes&!new&drive: neutral
but&!yes&new&!with: neutral
but&!yes&new&with: neutral
but&yes&!and: conflict
but&yes&and&!make: positive
but&yes&and&make: positive
DecisionTree learned:
!but&!movie&!after&!requires: positive
!but&!movie&!after&requires: conflict
!but&!movie&after&!with: neutral
!but&!movie&after&with: positive
!but&movie&!just: neutral
!but&movie&just: neutral
but&!be&!did&!so: positive
but&!be&!did&so: neutral
but&!be&did&!have: neutral
but&!be&did&have: conflict
but&be&!which&!to: negative
but&be&!which&to: negative
but&be&which&!to: conflict
but&be&which&to: positive
DecisionTree learned:
!but&!and&!laptops&!opted: negative
!but&!and&!laptops&opted: conflict
!but&!and&laptops&!much: negative
!but&!and&laptops&much: conflict
!but&and&!back&!i: positive
!but&and&!back&i: neutral
!but&and&back&!a: neutral
!but&and&back&a: negative
but&!mac&!this&!difference: negative
but&!mac&!this&difference: neutral
but&!mac&this&!have: neutral
but&!mac&this&have: negative
but&mac&!more&!have: neutral
but&mac&!more&have: negative
but&mac&more: positive
DecisionTree learned:
!but&!easy&!to&!for: positive
!but&!easy&!to&for: positive
!but&!easy&to&!pc: negative
!but&!easy&to&pc: positive
!but&easy&!go&!for: positive
!but&easy&!go&for: positive
!but&easy&go&!is: neutral
!but&easy&go&is: neutral
but&!think&!new&!difference: negative
but&!think&!new&difference: neutral
but&!think&new&!when: neutral
but&!think&new&when: negative
but&think&!on: negative
but&think&on: neutral
DecisionTree learned:
!but&!generally&!much&!good: negative
!but&!generally&!much&good: positive
!but&!generally&much&!of: positive
!but&!generally&much&of: neutral
!but&generally: conflict
but&!most&!so&!gb: negative
but&!most&!so&gb: neutral
but&!most&so&!laptop: conflict
but&!most&so&laptop: neutral
but&most&!just&!use: conflict
but&most&!just&use: positive
but&most&just: positive
DecisionTree learned:
!but&!for&!much&!good: negative
!but&!for&!much&good: positive
!but&!for&much&!laptops: positive
!but&!for&much&laptops: conflict
!but&for&!so&!despite: neutral
!but&for&!so&despite: conflict
!but&for&so&!laptop: negative
!but&for&so&laptop: conflict
but&!mac&!think&!yes: negative
but&!mac&!think&yes: positive
but&!mac&think&!on: negative
but&!mac&think&on: neutral
but&mac&!system&!bit: positive
but&mac&!system&bit: neutral
but&mac&system&!is: negative
but&mac&system&is: neutral
DecisionTree learned:
!but&!complain&!and&!laptops: negative
!but&!complain&!and&laptops: conflict
!but&!complain&and&!warranty: positive
!but&!complain&and&warranty: neutral
!but&complain&!and: positive
!but&complain&and: conflict
but&!difference&!this&!so: negative
but&!difference&!this&so: neutral
but&!difference&this&!know: negative
but&!difference&this&know: conflict
but&difference&!is: neutral
but&difference&is: neutral
DecisionTree learned:
!but&!complain&!and&!awesome: negative
!but&!complain&!and&awesome: positive
!but&!complain&and&!back: positive
!but&!complain&and&back: negative
!but&complain&!and: positive
!but&complain&and: conflict
but&!got&!mac&!hard: negative
but&!got&!mac&hard: neutral
but&!got&mac&!up: neutral
but&!got&mac&up: positive
but&got&!so: negative
but&got&so: positive
DecisionTree learned:
!but&!complain&!and&!is: negative
!but&!complain&!and&is: negative
!but&!complain&and&!back: positive
!but&!complain&and&back: negative
!but&complain&!and: positive
!but&complain&and: conflict
but&!this&!so&!difference: negative
but&!this&!so&difference: neutral
but&!this&so&!old: neutral
but&!this&so&old: positive
but&this&!x&!know: negative
but&this&!x&know: conflict
but&this&x: neutral
DecisionTree learned:
!but&!complain&!and&!laptops: negative
!but&!complain&!and&laptops: conflict
!but&!complain&and&!i: positive
!but&!complain&and&i: neutral
!but&complain&!and: positive
!but&complain&and: conflict
but&!this&!so&!and: negative
but&!this&!so&and: positive
but&!this&so&!old: neutral
but&!this&so&old: positive
but&this&!is&!x: positive
but&this&!is&x: neutral
but&this&is&!and: conflict
but&this&is&and: negative
DecisionTree learned:
!but&!for&!pc&!easy: negative
!but&!for&!pc&easy: positive
!but&!for&pc&!and: conflict
!but&!for&pc&and: positive
!but&for&!so&!in: neutral
!but&for&!so&in: negative
!but&for&so&!battery: negative
!but&for&so&battery: conflict
but&!mac&!i&!windows: negative
but&!mac&!i&windows: neutral
but&!mac&i&!which: positive
but&!mac&i&which: conflict
but&mac&!have&!bit: positive
but&mac&!have&bit: neutral
but&mac&have: negative
DecisionTree learned:
!but&!much&!love&!is: negative
!but&!much&!love&is: positive
!but&!much&love&!size: positive
!but&!much&love&size: neutral
!but&much&!i&!out: positive
!but&much&!i&out: conflict
!but&much&i&!it: neutral
!but&much&i&it: conflict
but&!mac&!need&!this: negative
but&!mac&!need&this: negative
but&!mac&need&!so: positive
but&!mac&need&so: neutral
but&mac&!laptop&!on: neutral
but&mac&!laptop&on: positive
but&mac&laptop: positive
DecisionTree learned:
!but&!for&!pc&!requires: negative
!but&!for&!pc&requires: conflict
!but&!for&pc&!even: positive
!but&!for&pc&even: conflict
!but&for&!so&!in: neutral
!but&for&!so&in: negative
!but&for&so&!battery: negative
!but&for&so&battery: conflict
but&!hard&!this&!difference: negative
but&!hard&!this&difference: neutral
but&!hard&this&!know: positive
but&!hard&this&know: conflict
but&hard&!the: conflict
but&hard&the&!you: neutral
but&hard&the&you: neutral
DecisionTree learned:
!but&!uses&!very&!after: positive
!but&!uses&!very&after: negative
!but&!uses&very&!processor: positive
!but&!uses&very&processor: neutral
!but&uses&!this: neutral
!but&uses&this: conflict
but&!difference&!this&!so: negative
but&!difference&!this&so: conflict
but&!difference&this&!features: negative
but&!difference&this&features: positive
but&difference&!is: neutral
but&difference&is: positive
DecisionTree learned:
!but&!warranty&!and&!to: negative
!but&!warranty&!and&to: negative
!but&!warranty&and&!complain: positive
!but&!warranty&and&complain: conflict
!but&warranty&!all&!buy: neutral
!but&warranty&!all&buy: negative
!but&warranty&all&!so: negative
!but&warranty&all&so: conflict
but&!this&!overall&!so: negative
but&!this&!overall&so: conflict
but&!this&overall&!to: neutral
but&!this&overall&to: neutral
but&this&!has&!experience: positive
but&this&!has&experience: negative
but&this&has&!toshiba: negative
but&this&has&toshiba: negative
DecisionTree learned:
!but&!much&!get&!not: positive
!but&!much&!get&not: negative
!but&!much&get&!am: negative
!but&!much&get&am: conflict
!but&much&!i&!out: positive
!but&much&!i&out: conflict
!but&much&i&!up: neutral
!but&much&i&up: conflict
but&!hard&!did&!if: positive
but&!hard&!did&if: neutral
but&!hard&did&!in: conflict
but&!hard&did&in: neutral
but&hard&!the: conflict
but&hard&the&!you: neutral
but&hard&the&you: neutral
DecisionTree learned:
!but&!for&!requires&!pc: negative
!but&!for&!requires&pc: positive
!but&!for&requires: conflict
!but&for&!so&!to: positive
!but&for&!so&to: neutral
!but&for&so&!battery: negative
!but&for&so&battery: conflict
but&!new&!this&!track: positive
but&!new&!this&track: neutral
but&!new&this&!know: negative
but&!new&this&know: conflict
but&new&!with&!software: neutral
but&new&!with&software: negative
but&new&with&!just: neutral
but&new&with&just: neutral
DecisionTree learned:
!but&!eee&!generally&!uses: positive
!but&!eee&!generally&uses: neutral
!but&!eee&generally: conflict
!but&eee: conflict
but&!repair&!new&!difference: negative
but&!repair&!new&difference: neutral
but&!repair&new&!with: positive
but&!repair&new&with: neutral
but&repair&!to&!toshiba: negative
but&repair&!to&toshiba: negative
but&repair&to: neutral
DecisionTree learned:
!but&!safari&!for&!requires: negative
!but&!safari&!for&requires: conflict
!but&!safari&for&!so: neutral
!but&!safari&for&so: negative
!but&safari: neutral
but&!mac&!features&!web: negative
but&!mac&!features&web: neutral
but&!mac&features&!is: positive
but&!mac&features&is: positive
but&mac&!bit&!you: positive
but&mac&!bit&you: positive
but&mac&bit: neutral
DecisionTree learned:
!but&!great&!eee&!uses: negative
!but&!great&!eee&uses: neutral
!but&!great&eee: conflict
!but&great&!nearly&!pad: positive
!but&great&!nearly&pad: neutral
!but&great&nearly&!is: neutral
!but&great&nearly&is: neutral
but&!repair&!new&!difference: negative
but&!repair&!new&difference: neutral
but&!repair&new&!when: neutral
but&!repair&new&when: conflict
but&repair&!they: negative
but&repair&they&!to: neutral
but&repair&they&to: neutral
DecisionTree learned:
!but&!uses&!complain&!pc: negative
!but&!uses&!complain&pc: positive
!but&!uses&complain&!and: positive
!but&!uses&complain&and: conflict
!but&uses&!this: neutral
!but&uses&this: conflict
but&!think&!mac&!there: positive
but&!think&!mac&there: negative
but&!think&mac&!have: neutral
but&!think&mac&have: negative
but&think&!on: negative
but&think&on: neutral
DecisionTree learned:
!but&!uses&!after&!pc: positive
!but&!uses&!after&pc: positive
!but&!uses&after&!sales: negative
!but&!uses&after&sales: positive
!but&uses&!this: neutral
!but&uses&this: conflict
but&!hard&!mac&!i: conflict
but&!hard&!mac&i: positive
but&!hard&mac&!have: neutral
but&!hard&mac&have: negative
but&hard&!it&!new: neutral
but&hard&!it&new: neutral
but&hard&it&!to: negative
but&hard&it&to: conflict
DecisionTree learned:
!but&!awesome&!ease&!amazing: negative
!but&!awesome&!ease&amazing: positive
!but&!awesome&ease: positive
!but&awesome&!so: positive
!but&awesome&so: positive
but&!this&!so&!outside: positive
but&!this&!so&outside: neutral
but&!this&so&!it: neutral
but&!this&so&it: conflict
but&this&!computer&!you: negative
but&this&!computer&you: neutral
but&this&computer&!that: negative
but&this&computer&that: conflict
DecisionTree learned:
!but&!for&!pc&!requires: negative
!but&!for&!pc&requires: conflict
!but&!for&pc&!and: conflict
!but&!for&pc&and: positive
!but&for&!so&!desktop: neutral
!but&for&!so&desktop: conflict
!but&for&so&!laptop: negative
!but&for&so&laptop: conflict
but&!this&!so&!has: negative
but&!this&!so&has: conflict
but&!this&so&!it: neutral
but&!this&so&it: conflict
but&this&!x&!that: positive
but&this&!x&that: negative
but&this&x: neutral
DecisionTree learned:
!but&!would&!after&!had: positive
!but&!would&!after&had: negative
!but&!would&after&!with: negative
!but&!would&after&with: negative
!but&would&!their&!least: negative
!but&would&!their&least: neutral
!but&would&their&!is: neutral
!but&would&their&is: positive
but&!yes&!in&!new: negative
but&!yes&!in&new: neutral
but&!yes&in&!so: neutral
but&!yes&in&so: neutral
but&yes&!and: conflict
but&yes&and&!make: positive
but&yes&and&make: positive
DecisionTree learned:
!but&!requires&!for&!pc: negative
!but&!requires&!for&pc: positive
!but&!requires&for&!so: neutral
!but&!requires&for&so: negative
!but&requires: conflict
but&!be&!if&!did: positive
but&!be&!if&did: neutral
but&!be&if&!to: negative
but&!be&if&to: neutral
but&be&!to&!more: negative
but&be&!to&more: positive
but&be&to&!just: negative
but&be&to&just: positive
DecisionTree learned:
!but&!opted&!much&!generally: negative
!but&!opted&!much&generally: conflict
!but&!opted&much&!of: positive
!but&!opted&much&of: neutral
!but&opted: conflict
but&!this&!mac&!better: positive
but&!this&!mac&better: conflict
but&!this&mac&!have: neutral
but&!this&mac&have: negative
but&this&!has&!with: positive
but&this&!has&with: negative
but&this&has&!toshiba: negative
but&this&has&toshiba: negative
DecisionTree learned:
!but&!complain&!eee&!for: negative
!but&!complain&!eee&for: neutral
!but&!complain&eee: conflict
!but&complain&!and: positive
!but&complain&and: conflict
but&!mac&!this&!size: negative
but&!mac&!this&size: neutral
but&!mac&this&!have: neutral
but&!mac&this&have: negative
but&mac&!more&!up: neutral
but&mac&!more&up: positive
but&mac&more: positive
DecisionTree learned:
!but&!much&!for&!requires: negative
!but&!much&!for&requires: conflict
!but&!much&for&!not: neutral
!but&!much&for&not: negative
!but&much&!of&!laptops: positive
!but&much&!of&laptops: conflict
!but&much&of&!not: negative
!but&much&of&not: neutral
but&!web&!screen&!does: negative
but&!web&!screen&does: negative
but&!web&screen&!on: conflict
but&!web&screen&on: negative
but&web&!is: positive
but&web&is: neutral
DecisionTree learned:
!but&!complain&!and&!though: negative
!but&!complain&!and&though: conflict
!but&!complain&and&!juice: positive
!but&!complain&and&juice: conflict
!but&complain&!and: positive
!but&complain&and: conflict
but&!features&!this&!so: negative
but&!features&!this&so: conflict
but&!features&this&!know: negative
but&!features&this&know: conflict
but&features&!mac&!is: positive
but&features&!mac&is: positive
but&features&mac: neutral
DecisionTree learned:
!but&!opted&!great&!long: negative
!but&!opted&!great&long: positive
!but&!opted&great&!pad: positive
!but&!opted&great&pad: neutral
!but&opted: conflict
but&!i&!windows&!difference: negative
but&!i&!windows&difference: neutral
but&!i&windows&!so: neutral
but&!i&windows&so: neutral
but&i&!inch&!which: negative
but&i&!inch&which: conflict
but&i&inch: conflict
DecisionTree learned:
!but&!complain&!and&!not: negative
!but&!complain&!and&not: negative
!but&!complain&and&!i: positive
!but&!complain&and&i: neutral
!but&complain&!and: positive
!but&complain&and: conflict
but&!the&!it&!i: conflict
but&!the&!it&i: neutral
but&!the&it&!for: conflict
but&!the&it&for: positive
but&the&!hard&!mac: negative
but&the&!hard&mac: neutral
but&the&hard&!you: neutral
but&the&hard&you: positive
DecisionTree learned:
!but&!much&!complain&!is: neutral
!but&!much&!complain&is: positive
!but&!much&complain&!and: positive
!but&!much&complain&and: conflict
!but&much&!i&!out: positive
!but&much&!i&out: conflict
!but&much&i&!up: neutral
!but&much&i&up: conflict
but&!hard&!did&!laptop: negative
but&!hard&!did&laptop: positive
but&!hard&did&!have: neutral
but&!hard&did&have: conflict
but&hard&!was&!you: neutral
but&hard&!was&you: neutral
but&hard&was&!to: negative
but&hard&was&to: conflict
DecisionTree learned:
!but&!generally&!pc&!uses: negative
!but&!generally&!pc&uses: neutral
!but&!generally&pc&!users: positive
!but&!generally&pc&users: neutral
!but&generally: conflict
but&!standard&!the&!and: conflict
but&!standard&!the&and: positive
but&!standard&the&!hard: positive
but&!standard&the&hard: neutral
but&standard: conflict
DecisionTree learned:
!but&!complain&!and&!or: negative
!but&!complain&!and&or: neutral
!but&!complain&and&!juice: positive
!but&!complain&and&juice: conflict
!but&complain&!and: positive
!but&complain&and: conflict
but&!think&!the&!it: neutral
but&!think&!the&it: conflict
but&!think&the&!mac: negative
but&!think&the&mac: neutral
but&think&!on: negative
but&think&on: neutral
DecisionTree learned:
!but&!opted&!much&!easy: negative
!but&!opted&!much&easy: positive
!but&!opted&much&!i: positive
!but&!opted&much&i: neutral
!but&opted: conflict
but&!hard&!this&!size: negative
but&!hard&!this&size: neutral
but&!hard&this&!know: negative
but&!hard&this&know: conflict
but&hard&!the: conflict
but&hard&the&!you: neutral
but&hard&the&you: neutral
DecisionTree learned:
!but&!eee&!much&!for: negative
!but&!eee&!much&for: neutral
!but&!eee&much&!of: positive
!but&!eee&much&of: neutral
!but&eee: conflict
but&!mac&!difference&!i: conflict
but&!mac&!difference&i: negative
but&!mac&difference&!is: neutral
but&!mac&difference&is: neutral
but&mac&!use&!more: neutral
but&mac&!use&more: positive
but&mac&use: positive
DecisionTree learned:
!but&!uses&!generally&!much: negative
!but&!uses&!generally&much: positive
!but&!uses&generally: conflict
!but&uses&!this: neutral
!but&uses&this: conflict
but&!i&!windows&!gb: conflict
but&!i&!windows&gb: neutral
but&!i&windows&!or: neutral
but&!i&windows&or: negative
but&i&!which&!on: positive
but&i&!which&on: neutral
but&i&which&!so: conflict
but&i&which&so: positive
DecisionTree learned:
!but&!much&!opted&!generally: negative
!but&!much&!opted&generally: conflict
!but&!much&opted: conflict
!but&much&!i&!pc: positive
!but&much&!i&pc: conflict
!but&much&i&!up: neutral
!but&much&i&up: conflict
but&!the&!it&!i: conflict
but&!the&!it&i: neutral
but&!the&it&!new: conflict
but&!the&it&new: neutral
but&the&!mac&!did: positive
but&the&!mac&did: neutral
but&the&mac&!more: neutral
but&the&mac&more: positive
DecisionTree learned:
!but&!opted&!much&!uses: negative
!but&!opted&!much&uses: neutral
!but&!opted&much&!of: positive
!but&!opted&much&of: neutral
!but&opted: conflict
but&!think&!new&!if: negative
but&!think&!new&if: neutral
but&!think&new&!when: neutral
but&!think&new&when: neutral
but&think&!on: negative
but&think&on: neutral
DecisionTree learned:
!but&!eee&!for&!laptops: negative
!but&!eee&!for&laptops: conflict
!but&!eee&for&!so: neutral
!but&!eee&for&so: negative
!but&eee: conflict
but&!size&!this&!screen: positive
but&!size&!this&screen: conflict
but&!size&this&!know: neutral
but&!size&this&know: conflict
but&size&!and: neutral
but&size&and: neutral
DecisionTree learned:
!but&!complain&!planned&!much: negative
!but&!complain&!planned&much: positive
!but&!complain&planned: conflict
!but&complain&!and: positive
!but&complain&and: conflict
but&!track&!this&!so: negative
but&!track&!this&so: neutral
but&!track&this&!know: negative
but&!track&this&know: conflict
but&track: neutral
DecisionTree learned:
!but&!much&!for&!requires: negative
!but&!much&!for&requires: conflict
!but&!much&for&!long: neutral
!but&!much&for&long: conflict
!but&much&!i&!out: positive
!but&much&!i&out: conflict
!but&much&i&!up: neutral
!but&much&i&up: conflict
but&!did&!i&!windows: conflict
but&!did&!i&windows: neutral
but&!did&i&!a: negative
but&!did&i&a: neutral
but&did&!in&!software: conflict
but&did&!in&software: neutral
but&did&in&!on: neutral
but&did&in&on: neutral
DecisionTree learned:
!but&!opted&!generally&!eee: negative
!but&!opted&!generally&eee: conflict
!but&!opted&generally: conflict
!but&opted: conflict
but&!be&!if&!i: conflict
but&!be&!if&i: positive
but&!be&if&!to: negative
but&!be&if&to: neutral
but&be&!to&!more: negative
but&be&!to&more: positive
but&be&to&!just: negative
but&be&to&just: positive
DecisionTree learned:
!but&!uses&!much&!great: negative
!but&!uses&!much&great: positive
!but&!uses&much&!i: positive
!but&!uses&much&i: neutral
!but&uses&!this: neutral
!but&uses&this: conflict
but&!gb&!computer&!this: positive
but&!gb&!computer&this: neutral
but&!gb&computer&!has: negative
but&!gb&computer&has: conflict
but&gb&!than: neutral
but&gb&than: neutral
DecisionTree learned:
!but&!for&!requires&!laptops: negative
!but&!for&!requires&laptops: conflict
!but&!for&requires: conflict
!but&for&!so&!to: positive
!but&for&!so&to: neutral
!but&for&so&!laptop: negative
!but&for&so&laptop: conflict
but&!mac&!i&!windows: conflict
but&!mac&!i&windows: neutral
but&!mac&i&!which: positive
but&!mac&i&which: conflict
but&mac&!system&!up: positive
but&mac&!system&up: positive
but&mac&system&!is: negative
but&mac&system&is: neutral
DecisionTree learned:
!but&!planned&!safari&!complain: negative
!but&!planned&!safari&complain: conflict
!but&!planned&safari: neutral
!but&planned: conflict
but&!yes&!repair&!be: positive
but&!yes&!repair&be: negative
but&!yes&repair&!they: negative
but&!yes&repair&they: neutral
but&yes&!it: positive
but&yes&it&!is: positive
but&yes&it&is: conflict
DecisionTree learned:
!but&!then&!for&!pc: negative
!but&!then&!for&pc: positive
!but&!then&for&!so: neutral
!but&!then&for&so: conflict
!but&then&!inside&!will: negative
!but&then&!inside&will: positive
!but&then&inside: neutral
but&!this&!outside&!was: conflict
but&!this&!outside&was: negative
but&!this&outside&!software: neutral
but&!this&outside&software: neutral
but&this&!experience&!x: positive
but&this&!experience&x: neutral
but&this&experience&!is: negative
but&this&experience&is: conflict
DecisionTree learned:
!but&!eee&!for&!requires: negative
!but&!eee&!for&requires: conflict
!but&!eee&for&!so: neutral
!but&!eee&for&so: negative
!but&eee: conflict
but&!mac&!this&!track: negative
but&!mac&!this&track: neutral
but&!mac&this&!know: negative
but&!mac&this&know: conflict
but&mac&!have&!very: neutral
but&mac&!have&very: positive
but&mac&have: negative
DecisionTree learned:
!but&!much&!for&!get: negative
!but&!much&!for&get: negative
!but&!much&for&!long: neutral
!but&!much&for&long: conflict
!but&much&!laptops&!out: positive
!but&much&!laptops&out: negative
!but&much&laptops&!and: conflict
!but&much&laptops&and: neutral
but&!mac&!hard&!i: conflict
but&!mac&!hard&i: positive
but&!mac&hard&!the: conflict
but&!mac&hard&the: neutral
but&mac&!have&!bit: positive
but&mac&!have&bit: neutral
but&mac&have: negative
DecisionTree learned:
!but&!generally&!requires&!much: negative
!but&!generally&!requires&much: positive
!but&!generally&requires: conflict
!but&generally: conflict
but&!gb&!i&!windows: conflict
but&!gb&!i&windows: neutral
but&!gb&i&!which: negative
but&!gb&i&which: conflict
but&gb&!than: neutral
but&gb&than: neutral
DecisionTree learned:
!but&!eee&!for&!requires: negative
!but&!eee&!for&requires: conflict
!but&!eee&for&!so: neutral
!but&!eee&for&so: conflict
!but&eee: conflict
but&!this&!difference&!mac: conflict
but&!this&!difference&mac: neutral
but&!this&difference&!is: neutral
but&!this&difference&is: neutral
but&this&!x&!that: positive
but&this&!x&that: negative
but&this&x: neutral
DecisionTree learned:
!but&!for&!requires&!laptops: negative
!but&!for&!requires&laptops: conflict
!but&!for&requires: conflict
!but&for&!so&!desktop: neutral
!but&for&!so&desktop: conflict
!but&for&so&!laptop: positive
!but&for&so&laptop: conflict
but&!this&!size&!screen: positive
but&!this&!size&screen: conflict
but&!this&size&!and: neutral
but&!this&size&and: neutral
but&this&!know&!features: negative
but&this&!know&features: positive
but&this&know: conflict
DecisionTree learned:
!but&!opted&!generally&!complain: negative
!but&!opted&!generally&complain: conflict
!but&!opted&generally: conflict
!but&opted: conflict
but&!mac&!repair&!difference: negative
but&!mac&!repair&difference: neutral
but&!mac&repair&!to: negative
but&!mac&repair&to: neutral
but&mac&!have&!more: neutral
but&mac&!have&more: positive
but&mac&have: negative
DecisionTree learned:
!but&!for&!pc&!were: negative
!but&!for&!pc&were: negative
!but&!for&pc&!and: conflict
!but&!for&pc&and: positive
!but&for&!so&!functions: neutral
!but&for&!so&functions: conflict
!but&for&so&!laptop: positive
!but&for&so&laptop: conflict
but&!this&!so&!difference: negative
but&!this&!so&difference: neutral
but&!this&so&!graphics: neutral
but&!this&so&graphics: conflict
but&this&!know&!features: neutral
but&this&!know&features: positive
but&this&know: conflict
DecisionTree learned:
!but&!eee&!for&!requires: negative
!but&!eee&!for&requires: conflict
!but&!eee&for&!so: neutral
!but&!eee&for&so: conflict
!but&eee: conflict
but&!mac&!did&!be: positive
but&!mac&!did&be: negative
but&!mac&did&!in: conflict
but&!mac&did&in: neutral
but&mac&!up&!it: neutral
but&mac&!up&it: neutral
but&mac&up: positive
DecisionTree learned:
!but&!would&!months&!though: positive
!but&!would&!months&though: conflict
!but&!would&months&!of: negative
!but&!would&months&of: neutral
!but&would&!their&!my: negative
!but&would&!their&my: neutral
!but&would&their&!my: neutral
!but&would&their&my: negative
but&!think&!size&!new: positive
but&!think&!size&new: neutral
but&!think&size&!and: neutral
but&!think&size&and: neutral
but&think&!on: negative
but&think&on: neutral
DecisionTree learned:
!but&!uses&!generally&!opted: positive
!but&!uses&!generally&opted: conflict
!but&!uses&generally: conflict
!but&uses&!this: neutral
!but&uses&this: conflict
but&!this&!so&!hard: positive
but&!this&!so&hard: neutral
but&!this&so&!it: neutral
but&!this&so&it: conflict
but&this&!know&!x: negative
but&this&!know&x: neutral
but&this&know: conflict
DecisionTree learned:
!but&!uses&!opted&!generally: negative
!but&!uses&!opted&generally: conflict
!but&!uses&opted: conflict
!but&uses&!this: neutral
!but&uses&this: conflict
but&!this&!so&!machine: negative
but&!this&!so&machine: positive
but&!this&so&!laptop: conflict
but&!this&so&laptop: neutral
but&this&!know&!features: negative
but&this&!know&features: positive
but&this&know: conflict
DecisionTree learned:
!but&!generally&!easy&!eee: negative
!but&!generally&!easy&eee: conflict
!but&!generally&easy&!go: positive
!but&!generally&easy&go: neutral
!but&generally: conflict
but&!this&!so&!hard: positive
but&!this&!so&hard: neutral
but&!this&so&!laptop: conflict
but&!this&so&laptop: neutral
but&this&!x&!that: positive
but&this&!x&that: neutral
but&this&x: neutral
DecisionTree learned:
!but&!opted&!complain&!and: negative
!but&!opted&!complain&and: positive
!but&!opted&complain&!and: positive
!but&!opted&complain&and: conflict
!but&opted: conflict
but&!hard&!laptop&!web: negative
but&!hard&!laptop&web: positive
but&!hard&laptop&!a: negative
but&!hard&laptop&a: neutral
but&hard&!the: conflict
but&hard&the&!you: neutral
but&hard&the&you: neutral
DecisionTree learned:
!but&!against&!long&!generally: negative
!but&!against&!long&generally: conflict
!but&!against&long&!though: positive
!but&!against&long&though: conflict
!but&against: conflict
but&!new&!if&!outside: negative
but&!new&!if&outside: neutral
but&!new&if&!to: negative
but&!new&if&to: neutral
but&new&!when&!software: neutral
but&new&!when&software: negative
but&new&when&!so: negative
but&new&when&so: neutral
DecisionTree learned:
!but&!much&!is&!had: neutral
!but&!much&!is&had: negative
!but&!much&is&!not: positive
!but&!much&is&not: negative
!but&much&!laptops&!out: positive
!but&much&!laptops&out: conflict
!but&much&laptops&!and: conflict
!but&much&laptops&and: neutral
but&!different&!yes&!computer: negative
but&!different&!yes&computer: negative
but&!different&yes&!and: conflict
but&!different&yes&and: positive
but&different&!software: conflict
but&different&software: conflict
DecisionTree learned:
!but&!much&!uses&!eee: negative
!but&!much&!uses&eee: conflict
!but&!much&uses&!this: neutral
!but&!much&uses&this: conflict
!but&much&!i&!pc: positive
!but&much&!i&pc: conflict
!but&much&i&!it: neutral
!but&much&i&it: conflict
but&!new&!i&!windows: conflict
but&!new&!i&windows: neutral
but&!new&i&!which: negative
but&!new&i&which: conflict
but&new&!with&!software: positive
but&new&!with&software: negative
but&new&with&!just: neutral
but&new&with&just: neutral
DecisionTree learned:
!but&!generally&!much&!complain: negative
!but&!generally&!much&complain: conflict
!but&!generally&much&!of: positive
!but&!generally&much&of: neutral
!but&generally: conflict
but&!difference&!i&!windows: negative
but&!difference&!i&windows: neutral
but&!difference&i&!which: neutral
but&!difference&i&which: conflict
but&difference&!is: neutral
but&difference&is: neutral
DecisionTree learned:
!but&!generally&!much&!complain: neutral
!but&!generally&!much&complain: conflict
!but&!generally&much&!i: positive
!but&!generally&much&i: neutral
!but&generally: conflict
but&!this&!so&!difference: positive
but&!this&!so&difference: neutral
but&!this&so&!it: neutral
but&!this&so&it: conflict
but&this&!know&!m: positive
but&this&!know&m: negative
but&this&know: conflict
DecisionTree learned:
!but&!opted&!eee&!long: negative
!but&!opted&!eee&long: positive
!but&!opted&eee: conflict
!but&opted: conflict
but&!did&!mac&!difference: negative
but&!did&!mac&difference: neutral
but&!did&mac&!laptop: neutral
but&!did&mac&laptop: positive
but&did&!in&!software: conflict
but&did&!in&software: neutral
but&did&in&!on: neutral
but&did&in&on: neutral
DecisionTree learned:
!but&!complain&!and&!though: negative
!but&!complain&!and&though: conflict
!but&!complain&and&!juice: positive
!but&!complain&and&juice: conflict
!but&complain&!and: positive
!but&complain&and: conflict
but&!this&!mac&!better: negative
but&!this&!mac&better: conflict
but&!this&mac&!the: positive
but&!this&mac&the: neutral
but&this&!know&!features: negative
but&this&!know&features: positive
but&this&know: conflict
DecisionTree learned:
!but&!requires&!for&!pc: negative
!but&!requires&!for&pc: positive
!but&!requires&for&!so: neutral
!but&!requires&for&so: negative
!but&requires: conflict
but&!size&!like&!if: negative
but&!size&!like&if: neutral
but&!size&like&!the: negative
but&!size&like&the: positive
but&size&!and: neutral
but&size&and: neutral
DecisionTree learned:
!but&!opted&!complain&!much: positive
!but&!opted&!complain&much: positive
!but&!opted&complain&!and: positive
!but&!opted&complain&and: conflict
!but&opted: conflict
but&!this&!mac&!better: negative
but&!this&!mac&better: conflict
but&!this&mac&!have: positive
but&!this&mac&have: negative
but&this&!know&!m: positive
but&this&!know&m: negative
but&this&know: conflict
DecisionTree learned:
!but&!fast&!eee&!for: negative
!but&!fast&!eee&for: neutral
!but&!fast&eee: conflict
!but&fast&!with: positive
!but&fast&with&!just: positive
!but&fast&with&just: neutral
but&!this&!mac&!there: conflict
but&!this&!mac&there: negative
but&!this&mac&!up: neutral
but&!this&mac&up: positive
but&this&!x&!m: positive
but&this&!x&m: negative
but&this&x: neutral
DecisionTree learned:
!but&!planned&!much&!opted: negative
!but&!planned&!much&opted: conflict
!but&!planned&much&!of: positive
!but&!planned&much&of: neutral
!but&planned: conflict
but&!gb&!i&!windows: positive
but&!gb&!i&windows: neutral
but&!gb&i&!which: positive
but&!gb&i&which: conflict
but&gb&!than: neutral
but&gb&than: neutral
DecisionTree learned:
!but&!much&!complain&!and: negative
!but&!much&!complain&and: positive
!but&!much&complain&!and: positive
!but&!much&complain&and: conflict
!but&much&!i&!out: positive
!but&much&!i&out: conflict
!but&much&i&!up: neutral
!but&much&i&up: conflict
but&!difference&!i&!windows: conflict
but&!difference&!i&windows: neutral
but&!difference&i&!which: positive
but&!difference&i&which: conflict
but&difference&!is: neutral
but&difference&is: neutral
DecisionTree learned:
!but&!much&!complain&!and: negative
!but&!much&!complain&and: positive
!but&!much&complain&!and: positive
!but&!much&complain&and: conflict
!but&much&!laptops&!i: positive
!but&much&!laptops&i: neutral
!but&much&laptops&!and: conflict
!but&much&laptops&and: neutral
but&!i&!windows&!difference: conflict
but&!i&!windows&difference: neutral
but&!i&windows&!so: neutral
but&!i&windows&so: conflict
but&i&!which&!like: negative
but&i&!which&like: positive
but&i&which&!so: conflict
but&i&which&so: positive
DecisionTree learned:
!but&!price&!after&!to: positive
!but&!price&!after&to: negative
!but&!price&after&!with: neutral
!but&!price&after&with: negative
!but&price&!worth&!off: positive
!but&price&!worth&off: neutral
!but&price&worth&!mac: conflict
!but&price&worth&mac: negative
but&!this&!mac&!has: negative
but&!this&!mac&has: positive
but&!this&mac&!used: positive
but&!this&mac&used: neutral
but&this&!know&!m: positive
but&this&!know&m: neutral
but&this&know: conflict
DecisionTree learned:
!but&!for&!laptops&!requires: negative
!but&!for&!laptops&requires: conflict
!but&!for&laptops&!much: positive
!but&!for&laptops&much: conflict
!but&for&!so&!despite: neutral
!but&for&!so&despite: conflict
!but&for&so&!laptop: negative
!but&for&so&laptop: conflict
but&!mac&!web&!screen: negative
but&!mac&!web&screen: conflict
but&!mac&web&!is: positive
but&!mac&web&is: neutral
but&mac&!have&!more: neutral
but&mac&!have&more: positive
but&mac&have: negative
DecisionTree learned:
!but&!requires&!for&!get: negative
!but&!requires&!for&get: negative
!but&!requires&for&!so: neutral
!but&!requires&for&so: conflict
!but&requires: conflict
but&!this&!size&!screen: positive
but&!this&!size&screen: conflict
but&!this&size&!and: neutral
but&!this&size&and: neutral
but&this&!know&!features: negative
but&this&!know&features: positive
but&this&know: conflict
DecisionTree learned:
!but&!complain&!and&!next: negative
!but&!complain&!and&next: neutral
!but&!complain&and&!back: positive
!but&!complain&and&back: neutral
!but&complain&!and: positive
!but&complain&and: conflict
but&!this&!mac&!outside: conflict
but&!this&!mac&outside: neutral
but&!this&mac&!on: neutral
but&!this&mac&on: positive
but&this&!experience&!has: positive
but&this&!experience&has: negative
but&this&experience&!is: negative
but&this&experience&is: conflict
DecisionTree learned:
!but&!generally&!much&!eee: negative
!but&!generally&!much&eee: conflict
!but&!generally&much&!i: positive
!but&!generally&much&i: neutral
!but&generally: conflict
but&!i&!windows&!mac: conflict
but&!i&!windows&mac: neutral
but&!i&windows&!or: neutral
but&!i&windows&or: negative
but&i&!which&!on: positive
but&i&!which&on: neutral
but&i&which&!so: conflict
but&i&which&so: positive
DecisionTree learned:
!but&!generally&!uses&!after: positive
!but&!generally&!uses&after: negative
!but&!generally&uses&!this: neutral
!but&!generally&uses&this: conflict
!but&generally: conflict
but&!mac&!did&!drive: positive
but&!mac&!did&drive: negative
but&!mac&did&!they: neutral
but&!mac&did&they: negative
but&mac&!the&!and: negative
but&mac&!the&and: positive
but&mac&the&!my: neutral
but&mac&the&my: neutral
DecisionTree learned:
!but&!generally&!requires&!much: negative
!but&!generally&!requires&much: positive
!but&!generally&requires: conflict
!but&generally: conflict
but&!this&!size&!screen: positive
but&!this&!size&screen: conflict
but&!this&size&!and: neutral
but&!this&size&and: neutral
but&this&!experience&!features: neutral
but&this&!experience&features: positive
but&this&experience&!is: negative
but&this&experience&is: conflict
DecisionTree learned:
!but&!requires&!opted&!uses: negative
!but&!requires&!opted&uses: neutral
!but&!requires&opted: conflict
!but&requires: conflict
but&!drive&!track&!mac: positive
but&!drive&!track&mac: positive
but&!drive&track: neutral
but&drive&!rather&!to: negative
but&drive&!rather&to: negative
but&drive&rather: neutral
Trial 0 Training cc.mallet.classify.AdaBoostM2Trainer@11bbf1ca finished
Trial 0 Trainer cc.mallet.classify.AdaBoostM2Trainer@11bbf1ca test data accuracy = 0.4787018255578093

NaiveBayesTrainer
Summary. test accuracy mean = 0.5862068965517241 stddev = 0.0 stderr = 0.0

MaxEntTrainer,gaussianPriorVariance=1.0
Summary. test accuracy mean = 0.6267748478701826 stddev = 0.0 stderr = 0.0

cc.mallet.classify.DecisionTreeTrainer@6766afb3
Summary. test accuracy mean = 0.513184584178499 stddev = 0.0 stderr = 0.0

cc.mallet.classify.AdaBoostM2Trainer@11bbf1ca
Summary. test accuracy mean = 0.4787018255578093 stddev = 0.0 stderr = 0.0
