
-------------------- Trial 0  --------------------

Trial 0 Training NaiveBayesTrainer with 1865 instances
Trial 0 Training NaiveBayesTrainer finished
Trial 0 Trainer NaiveBayesTrainer test data accuracy = 0.537525354969574
Trial 0 Training MaxEntTrainer,gaussianPriorVariance=1.0 with 1865 instances
Trial 0 Training MaxEntTrainer,gaussianPriorVariance=1.0 finished
Trial 0 Trainer MaxEntTrainer,gaussianPriorVariance=1.0 test data accuracy = 0.5334685598377282
Trial 0 Training cc.mallet.classify.DecisionTreeTrainer@6719dc16 with 1865 instances
DecisionTree learned:
!use&!warranty&!price&!vista: positive
!use&!warranty&!price&vista: negative
!use&!warranty&price&!tag: positive
!use&!warranty&price&tag: negative
!use&warranty&!year&!to: negative
!use&warranty&!year&to: neutral
!use&warranty&year&!one: neutral
!use&warranty&year&one: neutral
use&!school&!home&!business: positive
use&!school&!home&business: positive
use&!school&home: positive
use&school: neutral
Trial 0 Training cc.mallet.classify.DecisionTreeTrainer@6719dc16 finished
Trial 0 Trainer cc.mallet.classify.DecisionTreeTrainer@6719dc16 test data accuracy = 0.4117647058823529
Trial 0 Training cc.mallet.classify.AdaBoostM2Trainer@c75e4fc with 1865 instances
DecisionTree learned:
!use&!graphics&!price&!warranty: positive
!use&!graphics&!price&warranty: negative
!use&!graphics&price&!tag: positive
!use&!graphics&price&tag: conflict
!use&graphics&!non&!card: positive
!use&graphics&!non&card: negative
!use&graphics&non: conflict
use&!school&!home&!business: positive
use&!school&!home&business: positive
use&!school&home: positive
use&school: neutral
DecisionTree learned:
!use&!warranty&!runs&!speed: positive
!use&!warranty&!runs&speed: positive
!use&!warranty&runs: positive
!use&warranty&!company&!one: neutral
!use&warranty&!company&one: neutral
!use&warranty&company: negative
use&!school&!business&!home: positive
use&!school&!business&home: positive
use&!school&business: positive
use&school: neutral
DecisionTree learned:
!use&!price&!graphics&!works: positive
!use&!price&!graphics&works: positive
!use&!price&graphics&!non: positive
!use&!price&graphics&non: conflict
!use&price&!premium&!tag: positive
!use&price&!premium&tag: conflict
!use&price&premium: negative
use&!school&!home&!business: positive
use&!school&!home&business: positive
use&!school&home: positive
use&school: neutral
DecisionTree learned:
!use&!vista&!warranty&!drive: positive
!use&!vista&!warranty&drive: negative
!use&!vista&warranty&!extended: negative
!use&!vista&warranty&extended: neutral
!use&vista&!system&!os: negative
!use&vista&!system&os: negative
!use&vista&system: neutral
use&!school&!home&!business: positive
use&!school&!home&business: positive
use&!school&home: positive
use&school: neutral
DecisionTree learned:
!speed&!use&!vista&!look: positive
!speed&!use&!vista&look: positive
!speed&!use&vista&!system: negative
!speed&!use&vista&system: neutral
!speed&use&!school&!home: positive
!speed&use&!school&home: positive
!speed&use&school: neutral
speed&!internet&!processor: positive
speed&!internet&processor: positive
speed&internet: positive
DecisionTree learned:
!use&!price&!life&!runs: negative
!use&!price&!life&runs: positive
!use&!price&life&!extended: positive
!use&!price&life&extended: conflict
!use&price&!range&!premium: positive
!use&price&!range&premium: negative
!use&price&range: negative
use&!school&!business&!home: positive
use&!school&!business&home: positive
use&!school&business: positive
use&school: neutral
DecisionTree learned:
!price&!life&!quality&!screen: positive
!price&!life&!quality&screen: positive
!price&!life&quality&!sound: positive
!price&!life&quality&sound: negative
!price&life&!extended&!storage: positive
!price&life&!extended&storage: conflict
!price&life&extended: conflict
price&!tag&!premium&!range: positive
price&!tag&!premium&range: negative
price&!tag&premium: negative
price&tag: conflict
DecisionTree learned:
!price&!use&!life&!motherboard: positive
!price&!use&!life&motherboard: negative
!price&!use&life&!storage: positive
!price&!use&life&storage: conflict
!price&use&!school&!business: positive
!price&use&!school&business: positive
!price&use&school: neutral
price&!tag&!premium&!range: positive
price&!tag&!premium&range: negative
price&!tag&premium: negative
price&tag: conflict
DecisionTree learned:
!warranty&!use&!graphics&!games: positive
!warranty&!use&!graphics&games: neutral
!warranty&!use&graphics&!non: positive
!warranty&!use&graphics&non: conflict
!warranty&use&!school&!home: positive
!warranty&use&!school&home: positive
!warranty&use&school: neutral
warranty&!one&!company&!to: neutral
warranty&!one&!company&to: neutral
warranty&!one&company: negative
warranty&one: neutral
DecisionTree learned:
!vhs&!games&!life&!vista: positive
!vhs&!games&!life&vista: negative
!vhs&!games&life&!storage: positive
!vhs&!games&life&storage: conflict
!vhs&games&!playing&!video: neutral
!vhs&games&!playing&video: neutral
!vhs&games&playing: neutral
vhs: conflict
DecisionTree learned:
!value&!life&!quality&!service: positive
!value&!life&!quality&service: negative
!value&!life&quality&!sound: positive
!value&!life&quality&sound: negative
!value&life&!extended&!storage: positive
!value&life&!extended&storage: conflict
!value&life&extended: neutral
value: positive
DecisionTree learned:
!look&!warranty&!use&!quality: positive
!look&!warranty&!use&quality: positive
!look&!warranty&use&!school: positive
!look&!warranty&use&school: neutral
!look&warranty&!company&!extended: neutral
!look&warranty&!company&extended: neutral
!look&warranty&company: negative
look: positive
DecisionTree learned:
!life&!runs&!vista&!warrenty: positive
!life&!runs&!vista&warrenty: negative
!life&!runs&vista&!windows: negative
!life&!runs&vista&windows: neutral
!life&runs: positive
life&!extended&!storage&!battery: positive
life&!extended&!storage&battery: positive
life&!extended&storage: conflict
life&extended: neutral
DecisionTree learned:
!motherboard&!quality&!cost&!graphics: positive
!motherboard&!quality&!cost&graphics: positive
!motherboard&!quality&cost: conflict
!motherboard&quality&!sound&!connect: positive
!motherboard&quality&!sound&connect: negative
!motherboard&quality&sound: negative
motherboard: negative
DecisionTree learned:
!screen&!cost&!warranty&!vista: positive
!screen&!cost&!warranty&vista: negative
!screen&!cost&warranty&!one: neutral
!screen&!cost&warranty&one: neutral
!screen&cost: conflict
screen&!seventeen&!size&!inch: positive
screen&!seventeen&!size&inch: neutral
screen&!seventeen&size: negative
screen&seventeen: conflict
DecisionTree learned:
!life&!screen&!quality&!battery: positive
!life&!screen&!quality&battery: negative
!life&!screen&quality&!sound: positive
!life&!screen&quality&sound: negative
!life&screen&!seventeen&!size: positive
!life&screen&!seventeen&size: neutral
!life&screen&seventeen: conflict
life&!extended&!storage&!battery: positive
life&!extended&!storage&battery: positive
life&!extended&storage: conflict
life&extended: neutral
DecisionTree learned:
!screen&!cost&!price&!life: positive
!screen&!cost&!price&life: positive
!screen&!cost&price&!tag: positive
!screen&!cost&price&tag: conflict
!screen&cost: conflict
screen&!size&!seventeen&!video: positive
screen&!size&!seventeen&video: negative
screen&!size&seventeen: conflict
screen&size: neutral
DecisionTree learned:
!quality&!speed&!motherboard&!bios: positive
!quality&!speed&!motherboard&bios: negative
!quality&!speed&motherboard: negative
!quality&speed&!internet&!processor: positive
!quality&speed&!internet&processor: positive
!quality&speed&internet: positive
quality&!sound&!build&!connect: positive
quality&!sound&!build&connect: negative
quality&!sound&build: negative
quality&sound: negative
DecisionTree learned:
!games&!life&!quality&!warrenty: positive
!games&!life&!quality&warrenty: negative
!games&!life&quality&!display: positive
!games&!life&quality&display: positive
!games&life&!extended&!storage: positive
!games&life&!extended&storage: conflict
!games&life&extended: conflict
games&!playing&!video&!action: neutral
games&!playing&!video&action: neutral
games&!playing&video: neutral
games&playing: neutral
DecisionTree learned:
!screen&!life&!quality&!graphics: negative
!screen&!life&!quality&graphics: positive
!screen&!life&quality&!display: negative
!screen&!life&quality&display: positive
!screen&life&!extended&!storage: positive
!screen&life&!extended&storage: conflict
!screen&life&extended: conflict
screen&!seventeen&!size&!resolutions: negative
screen&!seventeen&!size&resolutions: negative
screen&!seventeen&size: negative
screen&seventeen: conflict
DecisionTree learned:
!reboot&!use&!works&!quality: positive
!reboot&!use&!works&quality: negative
!reboot&!use&works: positive
!reboot&use&!school&!business: positive
!reboot&use&!school&business: positive
!reboot&use&school: neutral
reboot: conflict
DecisionTree learned:
!battery&!screen&!cost&!motherboards: positive
!battery&!screen&!cost&motherboards: conflict
!battery&!screen&cost: conflict
!battery&screen&!seventeen&!size: negative
!battery&screen&!seventeen&size: neutral
!battery&screen&seventeen: conflict
battery&!life&!cell&!timer: negative
battery&!life&!cell&timer: negative
battery&!life&cell: positive
battery&life&!extended: positive
battery&life&extended: conflict
DecisionTree learned:
!graphics&!screen&!price&!google: negative
!graphics&!screen&!price&google: conflict
!graphics&!screen&price&!tag: positive
!graphics&!screen&price&tag: conflict
!graphics&screen&!seventeen&!size: negative
!graphics&screen&!seventeen&size: neutral
!graphics&screen&seventeen: conflict
graphics&!non&!card&!screen: positive
graphics&!non&!card&screen: positive
graphics&!non&card: negative
graphics&non: conflict
DecisionTree learned:
!use&!reboot&!hard&!drive: positive
!use&!reboot&!hard&drive: negative
!use&!reboot&hard&!disk: neutral
!use&!reboot&hard&disk: neutral
!use&reboot: conflict
use&!school&!home&!business: positive
use&!school&!home&business: positive
use&!school&home: positive
use&school: neutral
DecisionTree learned:
!quality&!screen&!life&!price: positive
!quality&!screen&!life&price: positive
!quality&!screen&life&!extended: positive
!quality&!screen&life&extended: conflict
!quality&screen&!size&!seventeen: positive
!quality&screen&!size&seventeen: conflict
!quality&screen&size: positive
quality&!sound&!display&!build: positive
quality&!sound&!display&build: negative
quality&!sound&display: positive
quality&sound: negative
DecisionTree learned:
!life&!speed&!battery&!quality: positive
!life&!speed&!battery&quality: positive
!life&!speed&battery&!cell: negative
!life&!speed&battery&cell: positive
!life&speed&!internet&!processor: positive
!life&speed&!internet&processor: positive
!life&speed&internet: positive
life&!storage&!extended&!battery: positive
life&!storage&!extended&battery: positive
life&!storage&extended: neutral
life&storage: conflict
DecisionTree learned:
!cost&!warranty&!quality&!price: positive
!cost&!warranty&!quality&price: positive
!cost&!warranty&quality&!display: positive
!cost&!warranty&quality&display: positive
!cost&warranty&!year&!to: neutral
!cost&warranty&!year&to: neutral
!cost&warranty&year&!one: neutral
!cost&warranty&year&one: neutral
cost: conflict
DecisionTree learned:
!price&!warranty&!life&!quality: positive
!price&!warranty&!life&quality: positive
!price&!warranty&life&!extended: positive
!price&!warranty&life&extended: neutral
!price&warranty&!company&!year: neutral
!price&warranty&!company&year: neutral
!price&warranty&company: negative
price&!tag&!retail&!premium: positive
price&!tag&!retail&premium: negative
price&!tag&retail: negative
price&tag: conflict
DecisionTree learned:
!motherboards&!hard&!value&!quality: positive
!motherboards&!hard&!value&quality: positive
!motherboards&!hard&value: positive
!motherboards&hard&!reboot&!space: neutral
!motherboards&hard&!reboot&space: positive
!motherboards&hard&reboot: conflict
motherboards: conflict
DecisionTree learned:
!quality&!screen&!life&!graphics: negative
!quality&!screen&!life&graphics: positive
!quality&!screen&life&!extended: positive
!quality&!screen&life&extended: conflict
!quality&screen&!seventeen&!size: positive
!quality&screen&!seventeen&size: neutral
!quality&screen&seventeen: conflict
quality&!sound&!build&!control: positive
quality&!sound&!build&control: negative
quality&!sound&build: negative
quality&sound: negative
DecisionTree learned:
!pricetag&!screen&!explorer&!price: positive
!pricetag&!screen&!explorer&price: positive
!pricetag&!screen&explorer: conflict
!pricetag&screen&!seventeen&!glass: positive
!pricetag&screen&!seventeen&glass: positive
!pricetag&screen&seventeen: conflict
pricetag: conflict
DecisionTree learned:
!quality&!graphics&!screen&!pricetag: positive
!quality&!graphics&!screen&pricetag: conflict
!quality&!graphics&screen&!seventeen: negative
!quality&!graphics&screen&seventeen: conflict
!quality&graphics&!non&!card: positive
!quality&graphics&!non&card: positive
!quality&graphics&non: conflict
quality&!sound&!display&!high: positive
quality&!sound&!display&high: positive
quality&!sound&display: positive
quality&sound: negative
DecisionTree learned:
!warranty&!quality&!price&!games: positive
!warranty&!quality&!price&games: neutral
!warranty&!quality&price&!tag: positive
!warranty&!quality&price&tag: conflict
!warranty&quality&!sound&!build: positive
!warranty&quality&!sound&build: negative
!warranty&quality&sound: negative
warranty&!to&!service&!toshiba: neutral
warranty&!to&!service&toshiba: negative
warranty&!to&service: negative
warranty&to: neutral
DecisionTree learned:
!google&!quality&!warranty&!vhs: positive
!google&!quality&!warranty&vhs: conflict
!google&!quality&warranty&!toshiba: neutral
!google&!quality&warranty&toshiba: negative
!google&quality&!connect&!sound: positive
!google&quality&!connect&sound: negative
!google&quality&connect: negative
google: conflict
DecisionTree learned:
!screen&!cost&!battery&!price: positive
!screen&!cost&!battery&price: positive
!screen&!cost&battery&!life: negative
!screen&!cost&battery&life: positive
!screen&cost: conflict
screen&!seventeen&!glass&!size: positive
screen&!seventeen&!glass&size: negative
screen&!seventeen&glass: positive
screen&seventeen: conflict
DecisionTree learned:
!quality&!value&!life&!screen: positive
!quality&!value&!life&screen: positive
!quality&!value&life&!extended: positive
!quality&!value&life&extended: conflict
!quality&value: positive
quality&!control&!sound&!build: positive
quality&!control&!sound&build: negative
quality&!control&sound: negative
quality&control: negative
DecisionTree learned:
!vhs&!screen&!portability&!life: negative
!vhs&!screen&!portability&life: positive
!vhs&!screen&portability: positive
!vhs&screen&!seventeen&!lcd: positive
!vhs&screen&!seventeen&lcd: negative
!vhs&screen&seventeen: conflict
vhs: conflict
DecisionTree learned:
!screen&!runs&!quality&!pricetag: positive
!screen&!runs&!quality&pricetag: conflict
!screen&!runs&quality&!sound: positive
!screen&!runs&quality&sound: negative
!screen&runs: positive
screen&!seventeen&!hinges&!size: positive
screen&!seventeen&!hinges&size: positive
screen&!seventeen&hinges: negative
screen&seventeen: conflict
DecisionTree learned:
!portability&!quality&!life&!price: negative
!portability&!quality&!life&price: positive
!portability&!quality&life&!extended: positive
!portability&!quality&life&extended: conflict
!portability&quality&!sound&!display: positive
!portability&quality&!sound&display: positive
!portability&quality&sound: negative
portability: conflict
DecisionTree learned:
!life&!quality&!cost&!screen: negative
!life&!quality&!cost&screen: positive
!life&!quality&cost: conflict
!life&quality&!build&!control: positive
!life&quality&!build&control: negative
!life&quality&build: negative
life&!extended&!storage&!battery: positive
life&!extended&!storage&battery: positive
life&!extended&storage: conflict
life&extended: neutral
DecisionTree learned:
!quality&!screen&!battery&!cost: positive
!quality&!screen&!battery&cost: conflict
!quality&!screen&battery&!life: negative
!quality&!screen&battery&life: positive
!quality&screen&!seventeen&!size: positive
!quality&screen&!seventeen&size: neutral
!quality&screen&seventeen: conflict
quality&!sound&!graphics&!high: positive
quality&!sound&!graphics&high: positive
quality&!sound&graphics: positive
quality&sound: negative
DecisionTree learned:
!quality&!screen&!portability&!full: negative
!quality&!screen&!portability&full: conflict
!quality&!screen&portability: positive
!quality&screen&!size&!video: positive
!quality&screen&!size&video: negative
!quality&screen&size: positive
quality&!build&!display&!sound: positive
quality&!build&!display&sound: negative
quality&!build&display: positive
quality&build: negative
DecisionTree learned:
!quality&!warranty&!bios&!life: positive
!quality&!warranty&!bios&life: positive
!quality&!warranty&bios: negative
!quality&warranty&!extended&!one: negative
!quality&warranty&!extended&one: neutral
!quality&warranty&extended: neutral
quality&!sound&!high&!build: negative
quality&!sound&!high&build: negative
quality&!sound&high: positive
quality&sound: negative
DecisionTree learned:
!vhs&!quality&!screen&!battery: positive
!vhs&!quality&!screen&battery: negative
!vhs&!quality&screen&!size: positive
!vhs&!quality&screen&size: neutral
!vhs&quality&!display&!sound: negative
!vhs&quality&!display&sound: negative
!vhs&quality&display: positive
vhs: conflict
DecisionTree learned:
!quality&!functions&!life&!screen: negative
!quality&!functions&!life&screen: negative
!quality&!functions&life&!extended: positive
!quality&!functions&life&extended: conflict
!quality&functions: conflict
quality&!sound&!control&!build: positive
quality&!sound&!control&build: negative
quality&!sound&control: negative
quality&sound: negative
DecisionTree learned:
!quality&!camera&!life&!explorer: positive
!quality&!camera&!life&explorer: conflict
!quality&!camera&life&!extended: positive
!quality&!camera&life&extended: neutral
!quality&camera&!built: conflict
!quality&camera&built: positive
quality&!sound&!build&!connect: positive
quality&!sound&!build&connect: negative
quality&!sound&build: negative
quality&sound: negative
DecisionTree learned:
!quality&!screen&!price&!graphics: negative
!quality&!screen&!price&graphics: positive
!quality&!screen&price&!tag: positive
!quality&!screen&price&tag: conflict
!quality&screen&!size&!seventeen: negative
!quality&screen&!size&seventeen: conflict
!quality&screen&size: neutral
quality&!sound&!control&!build: positive
quality&!sound&!control&build: negative
quality&!sound&control: negative
quality&sound: negative
DecisionTree learned:
!quality&!screen&!graphics&!speakers: positive
!quality&!screen&!graphics&speakers: conflict
!quality&!screen&graphics&!non: positive
!quality&!screen&graphics&non: conflict
!quality&screen&!seventeen&!size: negative
!quality&screen&!seventeen&size: positive
!quality&screen&seventeen: conflict
quality&!sound&!build&!connect: positive
quality&!sound&!build&connect: negative
quality&!sound&build: negative
quality&sound: negative
DecisionTree learned:
!quality&!battery&!screen&!motherboards: positive
!quality&!battery&!screen&motherboards: conflict
!quality&!battery&screen&!size: positive
!quality&!battery&screen&size: neutral
!quality&battery&!extended&!life: negative
!quality&battery&!extended&life: positive
!quality&battery&extended: neutral
quality&!sound&!connect&!display: positive
quality&!sound&!connect&display: positive
quality&!sound&connect: negative
quality&sound: negative
DecisionTree learned:
!cost&!full&!quality&!motherboards: positive
!cost&!full&!quality&motherboards: conflict
!cost&!full&quality&!construction: positive
!cost&!full&quality&construction: negative
!cost&full&!service: negative
!cost&full&service: conflict
cost: conflict
DecisionTree learned:
!quality&!explorer&!screen&!price: positive
!quality&!explorer&!screen&price: positive
!quality&!explorer&screen&!size: negative
!quality&!explorer&screen&size: neutral
!quality&explorer: conflict
quality&!sound&!connect&!display: positive
quality&!sound&!connect&display: positive
quality&!sound&connect: negative
quality&sound: negative
DecisionTree learned:
!screen&!life&!quality&!price: positive
!screen&!life&!quality&price: positive
!screen&!life&quality&!display: negative
!screen&!life&quality&display: positive
!screen&life&!storage&!extended: positive
!screen&life&!storage&extended: conflict
!screen&life&storage: conflict
screen&!seventeen&!size&!inch: negative
screen&!seventeen&!size&inch: neutral
screen&!seventeen&size: neutral
screen&seventeen: conflict
DecisionTree learned:
!motherboards&!vista&!screen&!price: positive
!motherboards&!vista&!screen&price: positive
!motherboards&!vista&screen&!size: positive
!motherboards&!vista&screen&size: neutral
!motherboards&vista&!system&!windows: negative
!motherboards&vista&!system&windows: negative
!motherboards&vista&system: neutral
motherboards: conflict
DecisionTree learned:
!cost&!google&!quality&!full: positive
!cost&!google&!quality&full: conflict
!cost&!google&quality&!sound: positive
!cost&!google&quality&sound: negative
!cost&google: conflict
cost: conflict
DecisionTree learned:
!quality&!portability&!pricetag&!reboot: positive
!quality&!portability&!pricetag&reboot: conflict
!quality&!portability&pricetag: conflict
!quality&portability: conflict
quality&!sound&!display&!build: positive
quality&!sound&!display&build: negative
quality&!sound&display: positive
quality&sound: negative
DecisionTree learned:
!life&!price&!screen&!quality: negative
!life&!price&!screen&quality: negative
!life&!price&screen&!size: positive
!life&!price&screen&size: positive
!life&price&!tag&!retail: positive
!life&price&!tag&retail: negative
!life&price&tag: conflict
life&!extended&!storage&!battery: positive
life&!extended&!storage&battery: positive
life&!extended&storage: conflict
life&extended: conflict
DecisionTree learned:
!functions&!quality&!screen&!explorer: positive
!functions&!quality&!screen&explorer: conflict
!functions&!quality&screen&!seventeen: negative
!functions&!quality&screen&seventeen: conflict
!functions&quality&!connect&!screen: positive
!functions&quality&!connect&screen: positive
!functions&quality&connect: negative
functions: conflict
DecisionTree learned:
!explorer&!quality&!screen&!cost: positive
!explorer&!quality&!screen&cost: conflict
!explorer&!quality&screen&!size: negative
!explorer&!quality&screen&size: neutral
!explorer&quality&!display&!sound: negative
!explorer&quality&!display&sound: negative
!explorer&quality&display: positive
explorer: conflict
DecisionTree learned:
!quality&!full&!runs&!life: negative
!quality&!full&!runs&life: positive
!quality&!full&runs: positive
!quality&full&!service: negative
!quality&full&service: conflict
quality&!sound&!build&!connect: negative
quality&!sound&!build&connect: negative
quality&!sound&build: negative
quality&sound: negative
DecisionTree learned:
!games&!quality&!cost&!pricetag: positive
!games&!quality&!cost&pricetag: conflict
!games&!quality&cost: conflict
!games&quality&!display&!connect: positive
!games&quality&!display&connect: negative
!games&quality&display: positive
games&!action&!playing&!video: neutral
games&!action&!playing&video: neutral
games&!action&playing: neutral
games&action: neutral
DecisionTree learned:
!quality&!explorer&!google&!cost: positive
!quality&!explorer&!google&cost: conflict
!quality&!explorer&google: conflict
!quality&explorer: conflict
quality&!display&!sound&!graphics: negative
quality&!display&!sound&graphics: positive
quality&!display&sound: negative
quality&display: positive
DecisionTree learned:
!quality&!google&!cost&!look: negative
!quality&!google&!cost&look: positive
!quality&!google&cost: conflict
!quality&google: conflict
quality&!sound&!connect&!construction: positive
quality&!sound&!connect&construction: negative
quality&!sound&connect: negative
quality&sound: negative
DecisionTree learned:
!quality&!warrenty&!functions&!life: positive
!quality&!warrenty&!functions&life: positive
!quality&!warrenty&functions: conflict
!quality&warrenty&!extended: negative
!quality&warrenty&extended: negative
quality&!screen&!sound&!control: positive
quality&!screen&!sound&control: negative
quality&!screen&sound: negative
quality&screen: positive
DecisionTree learned:
!price&!google&!quality&!cost: negative
!price&!google&!quality&cost: conflict
!price&!google&quality&!high: negative
!price&!google&quality&high: positive
!price&google: conflict
price&!tag&!premium&!range: positive
price&!tag&!premium&range: negative
price&!tag&premium: negative
price&tag: conflict
DecisionTree learned:
!value&!screen&!full&!runs: negative
!value&!screen&!full&runs: positive
!value&!screen&full&!service: negative
!value&!screen&full&service: conflict
!value&screen&!acer&!size: positive
!value&screen&!acer&size: negative
!value&screen&acer: negative
value: positive
DecisionTree learned:
!price&!screen&!functions&!graphics: negative
!price&!screen&!functions&graphics: positive
!price&!screen&functions: conflict
!price&screen&!size&!seventeen: negative
!price&screen&!size&seventeen: conflict
!price&screen&size: neutral
price&!tag&!retail&!premium: positive
price&!tag&!retail&premium: negative
price&!tag&retail: negative
price&tag: conflict
DecisionTree learned:
!explorer&!reboot&!hard&!drive: positive
!explorer&!reboot&!hard&drive: negative
!explorer&!reboot&hard&!disk: negative
!explorer&!reboot&hard&disk: neutral
!explorer&reboot: conflict
explorer: conflict
DecisionTree learned:
!price&!motherboards&!life&!screen: negative
!price&!motherboards&!life&screen: positive
!price&!motherboards&life&!storage: positive
!price&!motherboards&life&storage: conflict
!price&motherboards: conflict
price&!range&!tag&!retail: positive
price&!range&!tag&retail: negative
price&!range&tag: conflict
price&range: negative
DecisionTree learned:
!screen&!pricetag&!price&!weight: negative
!screen&!pricetag&!price&weight: conflict
!screen&!pricetag&price&!tag: positive
!screen&!pricetag&price&tag: conflict
!screen&pricetag: conflict
screen&!size&!quality&!resolutions: negative
screen&!size&!quality&resolutions: negative
screen&!size&quality: positive
screen&size: positive
DecisionTree learned:
!quality&!pricetag&!vhs&!screen: positive
!quality&!pricetag&!vhs&screen: negative
!quality&!pricetag&vhs: conflict
!quality&pricetag: conflict
quality&!build&!usb&!control: positive
quality&!build&!usb&control: negative
quality&!build&usb: negative
quality&build: negative
DecisionTree learned:
!explorer&!screen&!quality&!reboot: positive
!explorer&!screen&!quality&reboot: conflict
!explorer&!screen&quality&!control: positive
!explorer&!screen&quality&control: negative
!explorer&screen&!size&!glass: negative
!explorer&screen&!size&glass: positive
!explorer&screen&size: neutral
explorer: conflict
DecisionTree learned:
!portability&!quality&!life&!motherboards: positive
!portability&!quality&!life&motherboards: conflict
!portability&!quality&life&!extended: positive
!portability&!quality&life&extended: conflict
!portability&quality&!display&!graphics: negative
!portability&quality&!display&graphics: positive
!portability&quality&display: positive
portability: conflict
DecisionTree learned:
!functions&!portability&!battery&!screen: positive
!functions&!portability&!battery&screen: negative
!functions&!portability&battery&!life: negative
!functions&!portability&battery&life: positive
!functions&portability: conflict
functions: conflict
DecisionTree learned:
!functions&!quality&!screen&!life: positive
!functions&!quality&!screen&life: positive
!functions&!quality&screen&!size: positive
!functions&!quality&screen&size: neutral
!functions&quality&!control&!build: positive
!functions&quality&!control&build: negative
!functions&quality&control: negative
functions: conflict
DecisionTree learned:
!quality&!warranty&!value&!screen: negative
!quality&!warranty&!value&screen: positive
!quality&!warranty&value: positive
!quality&warranty&!toshiba&!service: neutral
!quality&warranty&!toshiba&service: negative
!quality&warranty&toshiba&!service: negative
!quality&warranty&toshiba&service: neutral
quality&!display&!screen&!construction: negative
quality&!display&!screen&construction: negative
quality&!display&screen: positive
quality&display: positive
DecisionTree learned:
!cost&!motherboards&!screen&!life: positive
!cost&!motherboards&!screen&life: positive
!cost&!motherboards&screen&!size: positive
!cost&!motherboards&screen&size: neutral
!cost&motherboards: conflict
cost: conflict
DecisionTree learned:
!vhs&!quality&!cost&!life: positive
!vhs&!quality&!cost&life: positive
!vhs&!quality&cost: conflict
!vhs&quality&!display&!control: positive
!vhs&quality&!display&control: negative
!vhs&quality&display: positive
vhs: conflict
DecisionTree learned:
!cost&!pricetag&!screen&!life: negative
!cost&!pricetag&!screen&life: positive
!cost&!pricetag&screen&!acer: positive
!cost&!pricetag&screen&acer: negative
!cost&pricetag: conflict
cost: conflict
DecisionTree learned:
!quality&!portability&!reboot&!hard: positive
!quality&!portability&!reboot&hard: neutral
!quality&!portability&reboot: conflict
!quality&portability: conflict
quality&!control&!high&!graphics: conflict
quality&!control&!high&graphics: positive
quality&!control&high: positive
quality&control: negative
DecisionTree learned:
!price&!cost&!screen&!portability: positive
!price&!cost&!screen&portability: conflict
!price&!cost&screen&!size: positive
!price&!cost&screen&size: negative
!price&cost: conflict
price&!tag&!retail&!premium: positive
price&!tag&!retail&premium: negative
price&!tag&retail: negative
price&tag: conflict
DecisionTree learned:
!screen&!life&!quality&!cost: negative
!screen&!life&!quality&cost: conflict
!screen&!life&quality&!graphics: negative
!screen&!life&quality&graphics: positive
!screen&life&!extended&!storage: positive
!screen&life&!extended&storage: conflict
!screen&life&extended: conflict
screen&!size&!seventeen&!lcd: positive
screen&!size&!seventeen&lcd: negative
screen&!size&seventeen: conflict
screen&size: neutral
DecisionTree learned:
!quality&!weight&!battery&!graphics: positive
!quality&!weight&!battery&graphics: positive
!quality&!weight&battery&!life: negative
!quality&!weight&battery&life: positive
!quality&weight: conflict
quality&!sound&!graphics&!display: conflict
quality&!sound&!graphics&display: positive
quality&!sound&graphics: positive
quality&sound: negative
DecisionTree learned:
!quality&!pricetag&!full&!battery: positive
!quality&!pricetag&!full&battery: negative
!quality&!pricetag&full&!service: negative
!quality&!pricetag&full&service: conflict
!quality&pricetag: conflict
quality&!control&!screen&!construction: positive
quality&!control&!screen&construction: positive
quality&!control&screen: positive
quality&control: negative
DecisionTree learned:
!explorer&!google&!graphics&!battery: positive
!explorer&!google&!graphics&battery: negative
!explorer&!google&graphics&!non: positive
!explorer&!google&graphics&non: conflict
!explorer&google: conflict
explorer: conflict
DecisionTree learned:
!motherboards&!works&!warranty&!google: positive
!motherboards&!works&!warranty&google: conflict
!motherboards&!works&warranty&!year: neutral
!motherboards&!works&warranty&year: neutral
!motherboards&works: positive
motherboards: conflict
DecisionTree learned:
!warranty&!bios&!pricetag&!google: positive
!warranty&!bios&!pricetag&google: conflict
!warranty&!bios&pricetag: conflict
!warranty&bios: negative
warranty&!year&!company&!to: neutral
warranty&!year&!company&to: neutral
warranty&!year&company: negative
warranty&year&!one: neutral
warranty&year&one: neutral
DecisionTree learned:
!google&!quality&!life&!screen: negative
!google&!quality&!life&screen: positive
!google&!quality&life&!extended: positive
!google&!quality&life&extended: neutral
!google&quality&!graphics&!display: negative
!google&quality&!graphics&display: positive
!google&quality&graphics: positive
google: conflict
DecisionTree learned:
!screen&!quality&!speakers&!cost: positive
!screen&!quality&!speakers&cost: conflict
!screen&!quality&speakers: conflict
!screen&quality&!construction&!graphics: positive
!screen&quality&!construction&graphics: positive
!screen&quality&construction: negative
screen&!size&!display&!seventeen: positive
screen&!size&!display&seventeen: conflict
screen&!size&display: negative
screen&size: negative
DecisionTree learned:
!quality&!price&!battery&!pricetag: positive
!quality&!price&!battery&pricetag: conflict
!quality&!price&battery&!extended: negative
!quality&!price&battery&extended: conflict
!quality&price&!retail&!tag: positive
!quality&price&!retail&tag: conflict
!quality&price&retail: negative
quality&!display&!construction&!screen: negative
quality&!display&!construction&screen: positive
quality&!display&construction: negative
quality&display: positive
DecisionTree learned:
!explorer&!quality&!screen&!vhs: negative
!explorer&!quality&!screen&vhs: conflict
!explorer&!quality&screen&!seventeen: positive
!explorer&!quality&screen&seventeen: conflict
!explorer&quality&!connect&!sound: positive
!explorer&quality&!connect&sound: negative
!explorer&quality&connect: negative
explorer: conflict
DecisionTree learned:
!screen&!life&!weight&!graphics: positive
!screen&!life&!weight&graphics: positive
!screen&!life&weight: conflict
!screen&life&!extended&!storage: positive
!screen&life&!extended&storage: conflict
!screen&life&extended: conflict
screen&!seventeen&!size&!inch: positive
screen&!seventeen&!size&inch: neutral
screen&!seventeen&size: neutral
screen&seventeen: conflict
DecisionTree learned:
!quality&!google&!speakers&!graphics: negative
!quality&!google&!speakers&graphics: positive
!quality&!google&speakers: conflict
!quality&google: conflict
quality&!sound&!construction&!build: positive
quality&!sound&!construction&build: negative
quality&!sound&construction: negative
quality&sound: negative
DecisionTree learned:
!explorer&!functions&!cost&!full: positive
!explorer&!functions&!cost&full: conflict
!explorer&!functions&cost: conflict
!explorer&functions: conflict
explorer: conflict
DecisionTree learned:
!feature&!full&!battery&!portability: negative
!feature&!full&!battery&portability: conflict
!feature&!full&battery&!extended: negative
!feature&!full&battery&extended: neutral
!feature&full&!service: negative
!feature&full&service: conflict
feature&!safety&!drag: conflict
feature&!safety&drag: positive
feature&safety: neutral
DecisionTree learned:
!screen&!life&!quality&!vhs: negative
!screen&!life&!quality&vhs: conflict
!screen&!life&quality&!display: positive
!screen&!life&quality&display: positive
!screen&life&!extended&!storage: positive
!screen&life&!extended&storage: conflict
!screen&life&extended: neutral
screen&!size&!backlit&!seventeen: negative
screen&!size&!backlit&seventeen: conflict
screen&!size&backlit: positive
screen&size: neutral
DecisionTree learned:
!cost&!life&!screen&!quality: negative
!cost&!life&!screen&quality: negative
!cost&!life&screen&!size: negative
!cost&!life&screen&size: neutral
!cost&life&!extended&!storage: positive
!cost&life&!extended&storage: conflict
!cost&life&extended: conflict
cost: conflict
DecisionTree learned:
!portability&!life&!functions&!screen: negative
!portability&!life&!functions&screen: positive
!portability&!life&functions: conflict
!portability&life&!extended&!storage: positive
!portability&life&!extended&storage: conflict
!portability&life&extended: conflict
portability: conflict
DecisionTree learned:
!portability&!battery&!screen&!quality: positive
!portability&!battery&!screen&quality: negative
!portability&!battery&screen&!size: positive
!portability&!battery&screen&size: neutral
!portability&battery&!life&!cell: negative
!portability&battery&!life&cell: positive
!portability&battery&life&!extended: positive
!portability&battery&life&extended: conflict
portability: conflict
DecisionTree learned:
!motherboards&!speed&!portability&!pricetag: negative
!motherboards&!speed&!portability&pricetag: conflict
!motherboards&!speed&portability: conflict
!motherboards&speed&!processor&!internet: positive
!motherboards&speed&!processor&internet: positive
!motherboards&speed&processor: positive
motherboards: conflict
DecisionTree learned:
!quality&!portability&!cost&!explorer: negative
!quality&!portability&!cost&explorer: conflict
!quality&!portability&cost: conflict
!quality&portability: conflict
quality&!sound&!control&!construction: positive
quality&!sound&!control&construction: positive
quality&!sound&control: negative
quality&sound: negative
Trial 0 Training cc.mallet.classify.AdaBoostM2Trainer@c75e4fc finished
Trial 0 Trainer cc.mallet.classify.AdaBoostM2Trainer@c75e4fc test data accuracy = 0.4077079107505071

NaiveBayesTrainer
Summary. test accuracy mean = 0.537525354969574 stddev = 0.0 stderr = 0.0

MaxEntTrainer,gaussianPriorVariance=1.0
Summary. test accuracy mean = 0.5334685598377282 stddev = 0.0 stderr = 0.0

cc.mallet.classify.DecisionTreeTrainer@6719dc16
Summary. test accuracy mean = 0.4117647058823529 stddev = 0.0 stderr = 0.0

cc.mallet.classify.AdaBoostM2Trainer@c75e4fc
Summary. test accuracy mean = 0.4077079107505071 stddev = 0.0 stderr = 0.0
