
-------------------- Trial 0  --------------------

Trial 0 Training NaiveBayesTrainer with 1865 instances
Trial 0 Training NaiveBayesTrainer finished
Trial 0 Trainer NaiveBayesTrainer test data accuracy = 0.4746450304259635
Trial 0 Training MaxEntTrainer,gaussianPriorVariance=1.0 with 1865 instances
Trial 0 Training MaxEntTrainer,gaussianPriorVariance=1.0 finished
Trial 0 Trainer MaxEntTrainer,gaussianPriorVariance=1.0 test data accuracy = 0.513184584178499
Trial 0 Training cc.mallet.classify.DecisionTreeTrainer@b6e39f with 1865 instances
DecisionTree learned:
!great&!comfortable&!music&!inadequate: negative
!great&!comfortable&!music&inadequate: negative
!great&!comfortable&music&!up: neutral
!great&!comfortable&music&up: positive
!great&comfortable&!moon&!software: positive
!great&comfortable&!moon&software: neutral
!great&comfortable&moon: neutral
great&!inadequate&!many&!useful: positive
great&!inadequate&!many&useful: neutral
great&!inadequate&many&!such: negative
great&!inadequate&many&such: positive
great&inadequate&!short: negative
great&inadequate&short: negative
Trial 0 Training cc.mallet.classify.DecisionTreeTrainer@b6e39f finished
Trial 0 Trainer cc.mallet.classify.DecisionTreeTrainer@b6e39f test data accuracy = 0.4949290060851927
Trial 0 Training cc.mallet.classify.AdaBoostM2Trainer@1d2940b3 with 1865 instances
DecisionTree learned:
!great&!comfortable&!music&!inadequate: negative
!great&!comfortable&!music&inadequate: negative
!great&!comfortable&music&!several: negative
!great&!comfortable&music&several: neutral
!great&comfortable&!moon&!many: positive
!great&comfortable&!moon&many: positive
!great&comfortable&moon: neutral
great&!inadequate&!useful&!many: positive
great&!inadequate&!useful&many: positive
great&!inadequate&useful: neutral
great&inadequate&!short: negative
great&inadequate&short: negative
DecisionTree learned:
!great&!comfortable&!well&!music: negative
!great&!comfortable&!well&music: neutral
!great&!comfortable&well&!able: positive
!great&!comfortable&well&able: negative
!great&comfortable&!software&!moon: positive
!great&comfortable&!software&moon: neutral
!great&comfortable&software: neutral
great&!inadequate&!useful&!many: positive
great&!inadequate&!useful&many: positive
great&!inadequate&useful: neutral
great&inadequate&!short: negative
great&inadequate&short: negative
DecisionTree learned:
!up&!comfortable&!music&!like: negative
!up&!comfortable&!music&like: neutral
!up&!comfortable&music&!several: neutral
!up&!comfortable&music&several: neutral
!up&comfortable&!software&!have: positive
!up&comfortable&!software&have: positive
!up&comfortable&software: neutral
up&!small&!inadequate&!stopping: positive
up&!small&!inadequate&stopping: negative
up&!small&inadequate&!short: negative
up&!small&inadequate&short: negative
up&small&!easy: conflict
up&small&easy&!new: positive
up&small&easy&new: positive
DecisionTree learned:
!up&!easy&!fantastic&!music: negative
!up&!easy&!fantastic&music: neutral
!up&!easy&fantastic&!fast: positive
!up&!easy&fantastic&fast: neutral
!up&easy&!moon&!software: positive
!up&easy&!moon&software: neutral
!up&easy&moon: neutral
up&!small&!bad&!modal: positive
up&!small&!bad&modal: conflict
up&!small&bad: negative
up&small&!easy: conflict
up&small&easy&!new: positive
up&small&easy&new: positive
DecisionTree learned:
!great&!comfortable&!solid&!regretful: negative
!great&!comfortable&!solid&regretful: negative
!great&!comfortable&solid&!firm: positive
!great&!comfortable&solid&firm: positive
!great&comfortable&!moon&!many: positive
!great&comfortable&!moon&many: positive
!great&comfortable&moon: neutral
great&!inadequate&!useful&!clear: positive
great&!inadequate&!useful&clear: neutral
great&!inadequate&useful: neutral
great&inadequate&!short: negative
great&inadequate&short: negative
DecisionTree learned:
!great&!comfortable&!like&!fantastic: negative
!great&!comfortable&!like&fantastic: positive
!great&!comfortable&like&!such: neutral
!great&!comfortable&like&such: negative
!great&comfortable&!good&!have: positive
!great&comfortable&!good&have: positive
!great&comfortable&good: positive
great&!small&!average&!many: positive
great&!small&!average&many: negative
great&!small&average: conflict
great&small: conflict
DecisionTree learned:
!up&!comfortable&!fantastic&!full: negative
!up&!comfortable&!fantastic&full: positive
!up&!comfortable&fantastic&!terrific: positive
!up&!comfortable&fantastic&terrific: positive
!up&comfortable&!good&!full: positive
!up&comfortable&!good&full: neutral
!up&comfortable&good: positive
up&!bad&!useful&!stopping: positive
up&!bad&!useful&stopping: negative
up&!bad&useful: neutral
up&bad: negative
DecisionTree learned:
!up&!comfortable&!full&!music: negative
!up&!comfortable&!full&music: neutral
!up&!comfortable&full&!future: positive
!up&!comfortable&full&future: conflict
!up&comfortable&!software&!have: positive
!up&comfortable&!software&have: neutral
!up&comfortable&software: neutral
up&!small&!modal&!bad: positive
up&!small&!modal&bad: negative
up&!small&modal: conflict
up&small&!easy: conflict
up&small&easy&!new: positive
up&small&easy&new: positive
DecisionTree learned:
!up&!full&!due&!music: negative
!up&!full&!due&music: neutral
!up&!full&due&!particular: negative
!up&!full&due&particular: conflict
!up&full&!future&!big: positive
!up&full&!future&big: conflict
!up&full&future&!different: conflict
!up&full&future&different: conflict
up&!inadequate&!modal&!small: positive
up&!inadequate&!modal&small: positive
up&!inadequate&modal: conflict
up&inadequate&!short: negative
up&inadequate&short: negative
DecisionTree learned:
!great&!easy&!smooth&!fantastic: negative
!great&!easy&!smooth&fantastic: positive
!great&!easy&smooth: conflict
!great&easy&!new&!comfortable: positive
!great&easy&!new&comfortable: positive
!great&easy&new&!software: positive
!great&easy&new&software: neutral
great&!clear&!average&!many: positive
great&!clear&!average&many: negative
great&!clear&average: conflict
great&clear: neutral
DecisionTree learned:
!easily&!great&!like&!inadequate: negative
!easily&!great&!like&inadequate: negative
!easily&!great&like&!such: neutral
!easily&!great&like&such: negative
!easily&great&!comfortable&!many: positive
!easily&great&!comfortable&many: negative
!easily&great&comfortable: negative
easily&!software&!good&!up: positive
easily&!software&!good&up: positive
easily&!software&good: positive
easily&software: neutral
DecisionTree learned:
!like&!inadequate&!up&!music: positive
!like&!inadequate&!up&music: neutral
!like&!inadequate&up&!bad: positive
!like&!inadequate&up&bad: negative
!like&inadequate&!easy&!overall: negative
!like&inadequate&!easy&overall: negative
!like&inadequate&easy: positive
like&!base&!such&!other: neutral
like&!base&!such&other: neutral
like&!base&such: negative
like&base&!future: negative
like&base&future: positive
DecisionTree learned:
!great&!smooth&!regretful&!expensive: positive
!great&!smooth&!regretful&expensive: conflict
!great&!smooth&regretful&!to: negative
!great&!smooth&regretful&to: positive
!great&smooth: conflict
great&!average&!inadequate&!comfortable: positive
great&!average&!inadequate&comfortable: negative
great&!average&inadequate&!short: negative
great&!average&inadequate&short: negative
great&average: conflict
DecisionTree learned:
!up&!cool&!few&!music: negative
!up&!cool&!few&music: neutral
!up&!cool&few&!lapp: neutral
!up&!cool&few&lapp: neutral
!up&cool: positive
up&!small&!useful&!stopping: positive
up&!small&!useful&stopping: negative
up&!small&useful: neutral
up&small&!easy: conflict
up&small&easy&!new: positive
up&small&easy&new: neutral
DecisionTree learned:
!smooth&!due&!well&!big: negative
!smooth&!due&!well&big: positive
!smooth&!due&well&!small: positive
!smooth&!due&well&small: conflict
!smooth&due&!particular&!up: negative
!smooth&due&!particular&up: negative
!smooth&due&particular: conflict
smooth: conflict
DecisionTree learned:
!smooth&!flying&!capital&!expensive: negative
!smooth&!flying&!capital&expensive: conflict
!smooth&!flying&capital&!average: positive
!smooth&!flying&capital&average: conflict
!smooth&flying&!atrocious&!new: positive
!smooth&flying&!atrocious&new: neutral
!smooth&flying&atrocious: negative
smooth: conflict
DecisionTree learned:
!up&!smooth&!expensive&!like: negative
!up&!smooth&!expensive&like: neutral
!up&!smooth&expensive&!many: positive
!up&!smooth&expensive&many: conflict
!up&smooth: conflict
up&!inadequate&!many&!comfortable: positive
up&!inadequate&!many&comfortable: negative
up&!inadequate&many&!such: negative
up&!inadequate&many&such: positive
up&inadequate&!short: negative
up&inadequate&short: negative
DecisionTree learned:
!easily&!nice&!firm&!inadequate: negative
!easily&!nice&!firm&inadequate: negative
!easily&!nice&firm&!drive: positive
!easily&!nice&firm&drive: negative
!easily&nice&!great&!bright: positive
!easily&nice&!great&bright: positive
!easily&nice&great: positive
easily&!moon&!software&!many: positive
easily&!moon&!software&many: positive
easily&!moon&software: neutral
easily&moon: neutral
DecisionTree learned:
!regretful&!inadequate&!great&!solid: positive
!regretful&!inadequate&!great&solid: positive
!regretful&!inadequate&great&!average: positive
!regretful&!inadequate&great&average: conflict
!regretful&inadequate&!overall&!easy: negative
!regretful&inadequate&!overall&easy: positive
!regretful&inadequate&overall&!great: negative
!regretful&inadequate&overall&great: negative
regretful&!to&!lone&!badly: negative
regretful&!to&!lone&badly: negative
regretful&!to&lone: negative
regretful&to: positive
DecisionTree learned:
!nice&!flying&!easily&!other: negative
!nice&!flying&!easily&other: positive
!nice&!flying&easily&!up: positive
!nice&!flying&easily&up: positive
!nice&flying&!atrocious&!effective: positive
!nice&flying&!atrocious&effective: neutral
!nice&flying&atrocious: negative
nice&!great&!bright&!comfortable: positive
nice&!great&!bright&comfortable: positive
nice&!great&bright: positive
nice&great: positive
DecisionTree learned:
!nice&!easy&!pleasant&!full: negative
!nice&!easy&!pleasant&full: positive
!nice&!easy&pleasant: conflict
!nice&easy&!bad&!have: positive
!nice&easy&!bad&have: neutral
!nice&easy&bad: negative
nice&!great&!bright&!supernumerary: conflict
nice&!great&!bright&supernumerary: positive
nice&!great&bright: positive
nice&great: positive
DecisionTree learned:
!easily&!nice&!due&!moon: negative
!easily&!nice&!due&moon: conflict
!easily&!nice&due&!particular: negative
!easily&!nice&due&particular: conflict
!easily&nice&!great&!bright: positive
!easily&nice&!great&bright: positive
!easily&nice&great: positive
easily&!moon&!software&!up: positive
easily&!moon&!software&up: positive
easily&!moon&software: neutral
easily&moon: neutral
DecisionTree learned:
!nice&!cool&!fantastic&!easily: negative
!nice&!cool&!fantastic&easily: positive
!nice&!cool&fantastic&!terrific: positive
!nice&!cool&fantastic&terrific: positive
!nice&cool: positive
nice&!great&!comfortable&!darkness: conflict
nice&!great&!comfortable&darkness: positive
nice&!great&comfortable: positive
nice&great: positive
DecisionTree learned:
!smooth&!free&!firm&!cool: negative
!smooth&!free&!firm&cool: positive
!smooth&!free&firm&!drive: positive
!smooth&!free&firm&drive: negative
!smooth&free&!particular&!different: positive
!smooth&free&!particular&different: positive
!smooth&free&particular: conflict
smooth: conflict
DecisionTree learned:
!expensive&!easily&!great&!solid: negative
!expensive&!easily&!great&solid: positive
!expensive&!easily&great&!comfortable: positive
!expensive&!easily&great&comfortable: negative
!expensive&easily&!many&!have: positive
!expensive&easily&!many&have: positive
!expensive&easily&many: neutral
expensive&!many&!minimal&!easy: positive
expensive&!many&!minimal&easy: positive
expensive&!many&minimal: conflict
expensive&many: conflict
DecisionTree learned:
!big&!fantastic&!other&!regretful: negative
!big&!fantastic&!other&regretful: negative
!big&!fantastic&other&!bribe: neutral
!big&!fantastic&other&bribe: negative
!big&fantastic&!antic&!terrific: positive
!big&fantastic&!antic&terrific: positive
!big&fantastic&antic: positive
big&!boastful&!pleasant&!average: positive
big&!boastful&!pleasant&average: conflict
big&!boastful&pleasant: conflict
big&boastful&!portable&!new: conflict
big&boastful&!portable&new: neutral
big&boastful&portable: positive
DecisionTree learned:
!like&!smooth&!acceptable&!flying: positive
!like&!smooth&!acceptable&flying: positive
!like&!smooth&acceptable: conflict
!like&smooth: conflict
like&!such&!future&!by: neutral
like&!such&!future&by: negative
like&!such&future: positive
like&such: negative
DecisionTree learned:
!nice&!other&!regretful&!huge: positive
!nice&!other&!regretful&huge: positive
!nice&!other&regretful&!lone: negative
!nice&!other&regretful&lone: negative
!nice&other&!lapp&!bribe: positive
!nice&other&!lapp&bribe: negative
!nice&other&lapp: neutral
nice&!great&!bright&!darkness: positive
nice&!great&!bright&darkness: positive
nice&!great&bright: positive
nice&great: positive
DecisionTree learned:
!huge&!expensive&!other&!boastful: negative
!huge&!expensive&!other&boastful: conflict
!huge&!expensive&other&!acceptable: neutral
!huge&!expensive&other&acceptable: conflict
!huge&expensive&!many&!minimal: positive
!huge&expensive&!many&minimal: conflict
!huge&expensive&many: conflict
huge&!different&!old&!happy: conflict
huge&!different&!old&happy: positive
huge&!different&old: positive
huge&different: conflict
DecisionTree learned:
!due&!firm&!nice&!expensive: positive
!due&!firm&!nice&expensive: positive
!due&!firm&nice&!great: positive
!due&!firm&nice&great: positive
!due&firm&!drive&!atrocious: positive
!due&firm&!drive&atrocious: negative
!due&firm&drive: negative
due&!particular&!widen&!usual: negative
due&!particular&!widen&usual: negative
due&!particular&widen: negative
due&particular: conflict
DecisionTree learned:
!dependable&!easily&!other&!future: negative
!dependable&!easily&!other&future: neutral
!dependable&!easily&other&!acceptable: neutral
!dependable&!easily&other&acceptable: conflict
!dependable&easily&!full&!have: positive
!dependable&easily&!full&have: neutral
!dependable&easily&full: neutral
dependable&!able&!top&!short: positive
dependable&!able&!top&short: negative
dependable&!able&top: negative
dependable&able: negative
DecisionTree learned:
!nice&!regretful&!smooth&!easily: positive
!nice&!regretful&!smooth&easily: positive
!nice&!regretful&smooth: conflict
!nice&regretful&!to&!lone: negative
!nice&regretful&!to&lone: negative
!nice&regretful&to: positive
nice&!great&!comfortable&!darkness: positive
nice&!great&!comfortable&darkness: positive
nice&!great&comfortable: positive
nice&great: positive
DecisionTree learned:
!nice&!expensive&!free&!supernumerary: negative
!nice&!expensive&!free&supernumerary: neutral
!nice&!expensive&free&!particular: positive
!nice&!expensive&free&particular: conflict
!nice&expensive&!many&!minimal: positive
!nice&expensive&!many&minimal: conflict
!nice&expensive&many: conflict
nice&!great&!bright&!supernumerary: conflict
nice&!great&!bright&supernumerary: positive
nice&!great&bright: positive
nice&great: positive
DecisionTree learned:
!big&!fantastic&!similar&!expensive: negative
!big&!fantastic&!similar&expensive: conflict
!big&!fantastic&similar: neutral
!big&fantastic&!terrific&!antic: neutral
!big&fantastic&!terrific&antic: positive
!big&fantastic&terrific: positive
big&!pleasant&!moon&!comfortable: positive
big&!pleasant&!moon&comfortable: negative
big&!pleasant&moon: conflict
big&pleasant: conflict
DecisionTree learned:
!acceptable&!smooth&!unfold&!flying: negative
!acceptable&!smooth&!unfold&flying: positive
!acceptable&!smooth&unfold&!base: neutral
!acceptable&!smooth&unfold&base: neutral
!acceptable&smooth: conflict
acceptable: conflict
DecisionTree learned:
!inadequate&!well&!huge&!flying: negative
!inadequate&!well&!huge&flying: positive
!inadequate&!well&huge&!different: positive
!inadequate&!well&huge&different: conflict
!inadequate&well&!small&!clear: positive
!inadequate&well&!small&clear: positive
!inadequate&well&small: conflict
inadequate&!due&!overall&!easy: negative
inadequate&!due&!overall&easy: positive
inadequate&!due&overall: negative
inadequate&due: negative
DecisionTree learned:
!fantastic&!smooth&!regretful&!former: positive
!fantastic&!smooth&!regretful&former: negative
!fantastic&!smooth&regretful&!to: negative
!fantastic&!smooth&regretful&to: positive
!fantastic&smooth: conflict
fantastic&!terrific&!antic&!fast: positive
fantastic&!terrific&!antic&fast: neutral
fantastic&!terrific&antic: positive
fantastic&terrific: positive
DecisionTree learned:
!atrocious&!flying&!well&!supernumerary: negative
!atrocious&!flying&!well&supernumerary: neutral
!atrocious&!flying&well&!small: positive
!atrocious&!flying&well&small: conflict
!atrocious&flying&!clear&!effective: positive
!atrocious&flying&!clear&effective: neutral
!atrocious&flying&clear: neutral
atrocious&!severe: negative
atrocious&severe&!chic: conflict
atrocious&severe&chic: negative
DecisionTree learned:
!like&!huge&!expensive&!cool: positive
!like&!huge&!expensive&cool: positive
!like&!huge&expensive&!many: positive
!like&!huge&expensive&many: conflict
!like&huge&!happy&!old: conflict
!like&huge&!happy&old: positive
!like&huge&happy: positive
like&!such&!future&!by: neutral
like&!such&!future&by: negative
like&!such&future: positive
like&such: negative
DecisionTree learned:
!fantastic&!inadequate&!supernumerary&!smooth: positive
!fantastic&!inadequate&!supernumerary&smooth: conflict
!fantastic&!inadequate&supernumerary&!new: positive
!fantastic&!inadequate&supernumerary&new: conflict
!fantastic&inadequate&!overall&!due: negative
!fantastic&inadequate&!overall&due: neutral
!fantastic&inadequate&overall&!great: negative
!fantastic&inadequate&overall&great: negative
fantastic&!terrific&!antic&!english: positive
fantastic&!terrific&!antic&english: positive
fantastic&!terrific&antic: positive
fantastic&terrific: positive
DecisionTree learned:
!huge&!like&!boastful&!due: positive
!huge&!like&!boastful&due: negative
!huge&!like&boastful&!portable: conflict
!huge&!like&boastful&portable: neutral
!huge&like&!such&!base: neutral
!huge&like&!such&base: positive
!huge&like&such: negative
huge&!old&!happy&!different: conflict
huge&!old&!happy&different: conflict
huge&!old&happy: positive
huge&old: positive
DecisionTree learned:
!expensive&!inadequate&!smooth&!like: positive
!expensive&!inadequate&!smooth&like: neutral
!expensive&!inadequate&smooth: conflict
!expensive&inadequate&!overall&!due: negative
!expensive&inadequate&!overall&due: negative
!expensive&inadequate&overall&!great: negative
!expensive&inadequate&overall&great: negative
expensive&!many&!minimal&!easy: positive
expensive&!many&!minimal&easy: positive
expensive&!many&minimal: conflict
expensive&many: conflict
DecisionTree learned:
!smooth&!supernumerary&!fresh&!other: negative
!smooth&!supernumerary&!fresh&other: neutral
!smooth&!supernumerary&fresh&!equal: neutral
!smooth&!supernumerary&fresh&equal: negative
!smooth&supernumerary&!new&!key: neutral
!smooth&supernumerary&!new&key: positive
!smooth&supernumerary&new: conflict
smooth: conflict
DecisionTree learned:
!moon&!unable&!flying&!regretful: positive
!moon&!unable&!flying&regretful: negative
!moon&!unable&flying&!clear: positive
!moon&!unable&flying&clear: neutral
!moon&unable: negative
moon&!future&!big&!base: positive
moon&!future&!big&base: negative
moon&!future&big: conflict
moon&future&!different: conflict
moon&future&different: positive
DecisionTree learned:
!huge&!expensive&!smooth&!well: negative
!huge&!expensive&!smooth&well: positive
!huge&!expensive&smooth: conflict
!huge&expensive&!many&!minimal: positive
!huge&expensive&!many&minimal: conflict
!huge&expensive&many: conflict
huge&!different&!old&!happy: conflict
huge&!different&!old&happy: positive
huge&!different&old: positive
huge&different: conflict
DecisionTree learned:
!fantastic&!nice&!expensive&!like: negative
!fantastic&!nice&!expensive&like: neutral
!fantastic&!nice&expensive&!many: positive
!fantastic&!nice&expensive&many: conflict
!fantastic&nice&!great&!supernumerary: positive
!fantastic&nice&!great&supernumerary: positive
!fantastic&nice&great: positive
fantastic&!terrific&!antic&!fast: positive
fantastic&!terrific&!antic&fast: neutral
fantastic&!terrific&antic: positive
fantastic&terrific: positive
DecisionTree learned:
!huge&!perfective&!nice&!due: negative
!huge&!perfective&!nice&due: negative
!huge&!perfective&nice&!bright: positive
!huge&!perfective&nice&bright: positive
!huge&perfective&!hanker&!easy: positive
!huge&perfective&!hanker&easy: positive
!huge&perfective&hanker: conflict
huge&!happy&!different&!old: conflict
huge&!happy&!different&old: positive
huge&!happy&different: conflict
huge&happy: positive
DecisionTree learned:
!huge&!unfold&!great&!drive: negative
!huge&!unfold&!great&drive: negative
!huge&!unfold&great&!useful: positive
!huge&!unfold&great&useful: neutral
!huge&unfold&!sharp&!respective: neutral
!huge&unfold&!sharp&respective: neutral
!huge&unfold&sharp: negative
huge&!different&!happy&!old: conflict
huge&!different&!happy&old: positive
huge&!different&happy: positive
huge&different: conflict
DecisionTree learned:
!nice&!cool&!fantastic&!pleasant: negative
!nice&!cool&!fantastic&pleasant: conflict
!nice&!cool&fantastic&!antic: positive
!nice&!cool&fantastic&antic: positive
!nice&cool: positive
nice&!great&!comfortable&!bright: positive
nice&!great&!comfortable&bright: positive
nice&!great&comfortable: positive
nice&great: positive
DecisionTree learned:
!full&!fantastic&!solid&!other: negative
!full&!fantastic&!solid&other: positive
!full&!fantastic&solid&!firm: positive
!full&!fantastic&solid&firm: positive
!full&fantastic&!antic&!terrific: neutral
!full&fantastic&!antic&terrific: positive
!full&fantastic&antic: positive
full&!future&!large&!entire: positive
full&!future&!large&entire: neutral
full&!future&large: conflict
full&future&!different: conflict
full&future&different: conflict
DecisionTree learned:
!huge&!fantastic&!supernumerary&!due: negative
!huge&!fantastic&!supernumerary&due: negative
!huge&!fantastic&supernumerary&!new: positive
!huge&!fantastic&supernumerary&new: conflict
!huge&fantastic&!terrific&!antic: positive
!huge&fantastic&!terrific&antic: positive
!huge&fantastic&terrific: positive
huge&!different&!old&!happy: conflict
huge&!different&!old&happy: positive
huge&!different&old: positive
huge&different: positive
DecisionTree learned:
!pleasant&!like&!easily&!supernumerary: negative
!pleasant&!like&!easily&supernumerary: neutral
!pleasant&!like&easily&!up: positive
!pleasant&!like&easily&up: positive
!pleasant&like&!such&!future: neutral
!pleasant&like&!such&future: positive
!pleasant&like&such: negative
pleasant: conflict
DecisionTree learned:
!due&!expensive&!nice&!unable: positive
!due&!expensive&!nice&unable: negative
!due&!expensive&nice&!great: positive
!due&!expensive&nice&great: positive
!due&expensive&!many&!minimal: positive
!due&expensive&!many&minimal: conflict
!due&expensive&many: conflict
due&!particular&!widen&!usual: negative
due&!particular&!widen&usual: negative
due&!particular&widen: negative
due&particular: conflict
DecisionTree learned:
!like&!future&!firm&!touch: negative
!like&!future&!firm&touch: negative
!like&!future&firm&!unfold: positive
!like&!future&firm&unfold: neutral
!like&future&!full&!lone: neutral
!like&future&!full&lone: conflict
!like&future&full&!different: conflict
!like&future&full&different: conflict
like&!such&!future&!great: neutral
like&!such&!future&great: positive
like&!such&future: positive
like&such: negative
DecisionTree learned:
!huge&!big&!supernumerary&!unable: negative
!huge&!big&!supernumerary&unable: negative
!huge&!big&supernumerary&!new: positive
!huge&!big&supernumerary&new: conflict
!huge&big&!boastful&!pleasant: positive
!huge&big&!boastful&pleasant: conflict
!huge&big&boastful&!portable: conflict
!huge&big&boastful&portable: neutral
huge&!different&!old&!happy: conflict
huge&!different&!old&happy: positive
huge&!different&old: positive
huge&different: conflict
DecisionTree learned:
!huge&!cool&!supernumerary&!perfective: negative
!huge&!cool&!supernumerary&perfective: positive
!huge&!cool&supernumerary&!new: positive
!huge&!cool&supernumerary&new: conflict
!huge&cool: positive
huge&!happy&!different&!old: conflict
huge&!happy&!different&old: positive
huge&!happy&different: conflict
huge&happy: positive
DecisionTree learned:
!cool&!drive&!due&!lone: positive
!cool&!drive&!due&lone: negative
!cool&!drive&due&!particular: negative
!cool&!drive&due&particular: conflict
!cool&drive&!crash&!difficult: negative
!cool&drive&!crash&difficult: neutral
!cool&drive&crash: negative
cool: positive
DecisionTree learned:
!inadequate&!other&!regretful&!unable: positive
!inadequate&!other&!regretful&unable: negative
!inadequate&!other&regretful&!lone: negative
!inadequate&!other&regretful&lone: negative
!inadequate&other&!lapp&!acceptable: positive
!inadequate&other&!lapp&acceptable: conflict
!inadequate&other&lapp: neutral
inadequate&!due&!easy&!overall: negative
inadequate&!due&!easy&overall: negative
inadequate&!due&easy: positive
inadequate&due: negative
DecisionTree learned:
!expensive&!huge&!nice&!fantastic: negative
!expensive&!huge&!nice&fantastic: positive
!expensive&!huge&nice&!great: positive
!expensive&!huge&nice&great: positive
!expensive&huge&!happy&!different: conflict
!expensive&huge&!happy&different: conflict
!expensive&huge&happy: positive
expensive&!many&!minimal&!easy: positive
expensive&!many&!minimal&easy: positive
expensive&!many&minimal: conflict
expensive&many: conflict
DecisionTree learned:
!great&!acceptable&!huge&!supernumerary: negative
!great&!acceptable&!huge&supernumerary: neutral
!great&!acceptable&huge&!old: conflict
!great&!acceptable&huge&old: positive
!great&acceptable: conflict
great&!small&!useful&!average: positive
great&!small&!useful&average: conflict
great&!small&useful: neutral
great&small: conflict
DecisionTree learned:
!like&!pleasant&!perfective&!due: positive
!like&!pleasant&!perfective&due: negative
!like&!pleasant&perfective&!hanker: positive
!like&!pleasant&perfective&hanker: conflict
!like&pleasant: conflict
like&!future&!by&!such: neutral
like&!future&!by&such: negative
like&!future&by: negative
like&future: positive
DecisionTree learned:
!easy&!full&!acceptable&!due: positive
!easy&!full&!acceptable&due: negative
!easy&!full&acceptable: conflict
!easy&full&!future&!large: positive
!easy&full&!future&large: conflict
!easy&full&future&!different: conflict
!easy&full&future&different: conflict
easy&!moon&!new&!comfortable: positive
easy&!moon&!new&comfortable: positive
easy&!moon&new&!software: positive
easy&!moon&new&software: neutral
easy&moon: neutral
DecisionTree learned:
!bad&!flying&!touch&!inadequate: positive
!bad&!flying&!touch&inadequate: negative
!bad&!flying&touch&!new: conflict
!bad&!flying&touch&new: negative
!bad&flying&!atrocious&!clear: positive
!bad&flying&!atrocious&clear: neutral
!bad&flying&atrocious: negative
bad&!large&!to&!up: negative
bad&!large&!to&up: negative
bad&!large&to: neutral
bad&large&!portable&!new: conflict
bad&large&!portable&new: neutral
bad&large&portable: neutral
DecisionTree learned:
!like&!cool&!inadequate&!smooth: positive
!like&!cool&!inadequate&smooth: conflict
!like&!cool&inadequate&!due: negative
!like&!cool&inadequate&due: neutral
!like&cool: positive
like&!future&!such&!quick: neutral
like&!future&!such&quick: positive
like&!future&such: negative
like&future: positive
DecisionTree learned:
!big&!like&!common&!other: negative
!big&!like&!common&other: positive
!big&!like&common: negative
!big&like&!lapp: neutral
!big&like&lapp&!other: neutral
!big&like&lapp&other: neutral
big&!pleasant&!moon&!average: positive
big&!pleasant&!moon&average: conflict
big&!pleasant&moon: conflict
big&pleasant: conflict
DecisionTree learned:
!huge&!smooth&!perfective&!due: positive
!huge&!smooth&!perfective&due: negative
!huge&!smooth&perfective&!hanker: positive
!huge&!smooth&perfective&hanker: conflict
!huge&smooth: conflict
huge&!different&!old&!happy: conflict
huge&!different&!old&happy: positive
huge&!different&old: positive
huge&different: conflict
DecisionTree learned:
!expensive&!free&!drive&!firm: positive
!expensive&!free&!drive&firm: positive
!expensive&!free&drive&!chief: neutral
!expensive&!free&drive&chief: neutral
!expensive&free&!particular&!different: positive
!expensive&free&!particular&different: conflict
!expensive&free&particular: conflict
expensive&!many&!minimal&!easy: positive
expensive&!many&!minimal&easy: positive
expensive&!many&minimal: conflict
expensive&many: conflict
DecisionTree learned:
!expensive&!of&!huge&!bad: negative
!expensive&!of&!huge&bad: negative
!expensive&!of&huge&!different: conflict
!expensive&!of&huge&different: conflict
!expensive&of&!easy: neutral
!expensive&of&easy: neutral
expensive&!many&!minimal&!easy: positive
expensive&!many&!minimal&easy: positive
expensive&!many&minimal: conflict
expensive&many: conflict
DecisionTree learned:
!boastful&!atrocious&!flying&!well: negative
!boastful&!atrocious&!flying&well: positive
!boastful&!atrocious&flying&!new: positive
!boastful&!atrocious&flying&new: neutral
!boastful&atrocious&!severe: negative
!boastful&atrocious&severe&!chic: conflict
!boastful&atrocious&severe&chic: negative
boastful&!portable&!new&!other: conflict
boastful&!portable&!new&other: negative
boastful&!portable&new: neutral
boastful&portable: neutral
DecisionTree learned:
!supernumerary&!fresh&!bad&!acceptable: negative
!supernumerary&!fresh&!bad&acceptable: conflict
!supernumerary&!fresh&bad&!portable: negative
!supernumerary&!fresh&bad&portable: neutral
!supernumerary&fresh&!equal&!previous: neutral
!supernumerary&fresh&!equal&previous: positive
!supernumerary&fresh&equal: negative
supernumerary&!new&!key&!small: neutral
supernumerary&!new&!key&small: negative
supernumerary&!new&key: positive
supernumerary&new: conflict
DecisionTree learned:
!hanker&!nice&!unable&!regretful: negative
!hanker&!nice&!unable&regretful: negative
!hanker&!nice&unable: negative
!hanker&nice&!great&!easy: conflict
!hanker&nice&!great&easy: positive
!hanker&nice&great: positive
hanker&!perfective&!stopping&!to: positive
hanker&!perfective&!stopping&to: negative
hanker&!perfective&stopping&!certain: negative
hanker&!perfective&stopping&certain: positive
hanker&perfective: conflict
DecisionTree learned:
!expensive&!huge&!inadequate&!great: negative
!expensive&!huge&!inadequate&great: positive
!expensive&!huge&inadequate&!due: negative
!expensive&!huge&inadequate&due: neutral
!expensive&huge&!different&!happy: conflict
!expensive&huge&!different&happy: positive
!expensive&huge&different: conflict
expensive&!minimal&!many&!easy: negative
expensive&!minimal&!many&easy: positive
expensive&!minimal&many: conflict
expensive&minimal: conflict
DecisionTree learned:
!huge&!drive&!firm&!smooth: positive
!huge&!drive&!firm&smooth: conflict
!huge&!drive&firm&!atrocious: positive
!huge&!drive&firm&atrocious: negative
!huge&drive&!manual&!useful: negative
!huge&drive&!manual&useful: neutral
!huge&drive&manual: neutral
huge&!happy&!different&!old: conflict
huge&!happy&!different&old: positive
huge&!happy&different: conflict
huge&happy: positive
DecisionTree learned:
!huge&!nice&!expensive&!hanker: negative
!huge&!nice&!expensive&hanker: positive
!huge&!nice&expensive&!many: conflict
!huge&!nice&expensive&many: conflict
!huge&nice&!darkness&!great: conflict
!huge&nice&!darkness&great: positive
!huge&nice&darkness: positive
huge&!old&!happy&!different: conflict
huge&!old&!happy&different: conflict
huge&!old&happy: positive
huge&old: positive
DecisionTree learned:
!pleasant&!drive&!firm&!expensive: positive
!pleasant&!drive&!firm&expensive: conflict
!pleasant&!drive&firm&!atrocious: positive
!pleasant&!drive&firm&atrocious: negative
!pleasant&drive&!useful&!difficult: negative
!pleasant&drive&!useful&difficult: negative
!pleasant&drive&useful: neutral
pleasant: conflict
DecisionTree learned:
!drive&!lone&!smooth&!expensive: positive
!drive&!lone&!smooth&expensive: conflict
!drive&!lone&smooth: conflict
!drive&lone&!future&!much: negative
!drive&lone&!future&much: neutral
!drive&lone&future: conflict
drive&!crash&!useful&!difficult: negative
drive&!crash&!useful&difficult: neutral
drive&!crash&useful: neutral
drive&crash: negative
DecisionTree learned:
!full&!fantastic&!other&!significant: negative
!full&!fantastic&!other&significant: neutral
!full&!fantastic&other&!old: neutral
!full&!fantastic&other&old: positive
!full&fantastic&!terrific&!antic: neutral
!full&fantastic&!terrific&antic: positive
!full&fantastic&terrific: positive
full&!future&!large&!good: positive
full&!future&!large&good: positive
full&!future&large: conflict
full&future&!different: conflict
full&future&different: conflict
DecisionTree learned:
!free&!smooth&!perfective&!unable: positive
!free&!smooth&!perfective&unable: negative
!free&!smooth&perfective&!hanker: positive
!free&!smooth&perfective&hanker: conflict
!free&smooth: conflict
free&!particular&!different&!great: negative
free&!particular&!different&great: positive
free&!particular&different: conflict
free&particular: conflict
DecisionTree learned:
!nice&!supernumerary&!fresh&!other: negative
!nice&!supernumerary&!fresh&other: neutral
!nice&!supernumerary&fresh&!interest: neutral
!nice&!supernumerary&fresh&interest: negative
!nice&supernumerary&!new&!worth: positive
!nice&supernumerary&!new&worth: neutral
!nice&supernumerary&new: conflict
nice&!comfortable&!great&!darkness: conflict
nice&!comfortable&!great&darkness: positive
nice&!comfortable&great: positive
nice&comfortable: positive
DecisionTree learned:
!music&!inadequate&!drive&!firm: positive
!music&!inadequate&!drive&firm: positive
!music&!inadequate&drive&!useful: negative
!music&!inadequate&drive&useful: neutral
!music&inadequate&!easy&!overall: negative
!music&inadequate&!easy&overall: negative
!music&inadequate&easy: positive
music&!professional&!several&!up: neutral
music&!professional&!several&up: neutral
music&!professional&several: neutral
music&professional: negative
DecisionTree learned:
!supernumerary&!fresh&!other&!expensive: negative
!supernumerary&!fresh&!other&expensive: conflict
!supernumerary&!fresh&other&!acceptable: neutral
!supernumerary&!fresh&other&acceptable: conflict
!supernumerary&fresh&!equal&!interest: neutral
!supernumerary&fresh&!equal&interest: negative
!supernumerary&fresh&equal: negative
supernumerary&!new&!widen&!worth: positive
supernumerary&!new&!widen&worth: neutral
supernumerary&!new&widen: neutral
supernumerary&new: conflict
DecisionTree learned:
!huge&!severe&!supernumerary&!fresh: negative
!huge&!severe&!supernumerary&fresh: neutral
!huge&!severe&supernumerary&!new: neutral
!huge&!severe&supernumerary&new: conflict
!huge&severe&!chic: conflict
!huge&severe&chic: negative
huge&!happy&!different&!old: conflict
huge&!happy&!different&old: positive
huge&!happy&different: conflict
huge&happy: positive
DecisionTree learned:
!expensive&!acceptable&!former&!easily: negative
!expensive&!acceptable&!former&easily: positive
!expensive&!acceptable&former&!new: negative
!expensive&!acceptable&former&new: negative
!expensive&acceptable: conflict
expensive&!many&!minimal&!easy: negative
expensive&!many&!minimal&easy: positive
expensive&!many&minimal: conflict
expensive&many: conflict
DecisionTree learned:
!inadequate&!nice&!expensive&!smooth: positive
!inadequate&!nice&!expensive&smooth: conflict
!inadequate&!nice&expensive&!many: positive
!inadequate&!nice&expensive&many: conflict
!inadequate&nice&!comfortable&!great: conflict
!inadequate&nice&!comfortable&great: positive
!inadequate&nice&comfortable: positive
inadequate&!overall&!graphic&!due: negative
inadequate&!overall&!graphic&due: negative
inadequate&!overall&graphic: negative
inadequate&overall&!great: negative
inadequate&overall&great: positive
DecisionTree learned:
!former&!expensive&!drive&!future: positive
!former&!expensive&!drive&future: conflict
!former&!expensive&drive&!manual: neutral
!former&!expensive&drive&manual: neutral
!former&expensive&!minimal&!many: negative
!former&expensive&!minimal&many: conflict
!former&expensive&minimal: conflict
former&!by&!new&!very: negative
former&!by&!new&very: positive
former&!by&new: positive
former&by&!new&!up: negative
former&by&!new&up: negative
former&by&new: negative
DecisionTree learned:
!like&!fantastic&!flying&!base: negative
!like&!fantastic&!flying&base: neutral
!like&!fantastic&flying&!effective: positive
!like&!fantastic&flying&effective: neutral
!like&fantastic&!terrific&!antic: neutral
!like&fantastic&!terrific&antic: positive
!like&fantastic&terrific: positive
like&!lapp: neutral
like&lapp&!other&!entire: negative
like&lapp&!other&entire: neutral
like&lapp&other: neutral
DecisionTree learned:
!of&!music&!supernumerary&!fresh: negative
!of&!music&!supernumerary&fresh: neutral
!of&!music&supernumerary&!new: positive
!of&!music&supernumerary&new: conflict
!of&music&!professional&!up: neutral
!of&music&!professional&up: neutral
!of&music&professional: negative
of&!easy: neutral
of&easy: neutral
DecisionTree learned:
!nice&!standard&!acceptable&!expensive: negative
!nice&!standard&!acceptable&expensive: conflict
!nice&!standard&acceptable: conflict
!nice&standard&!proprietorship&!gear: neutral
!nice&standard&!proprietorship&gear: neutral
!nice&standard&proprietorship: negative
nice&!great&!bright&!supernumerary: conflict
nice&!great&!bright&supernumerary: positive
nice&!great&bright: positive
nice&great: positive
DecisionTree learned:
!pleasant&!due&!unfold&!supernumerary: positive
!pleasant&!due&!unfold&supernumerary: positive
!pleasant&!due&unfold&!aware: neutral
!pleasant&!due&unfold&aware: negative
!pleasant&due&!particular&!widen: negative
!pleasant&due&!particular&widen: negative
!pleasant&due&particular: conflict
pleasant: conflict
DecisionTree learned:
!nice&!acceptable&!fantastic&!drive: positive
!nice&!acceptable&!fantastic&drive: neutral
!nice&!acceptable&fantastic&!terrific: positive
!nice&!acceptable&fantastic&terrific: positive
!nice&acceptable: conflict
nice&!great&!bright&!easy: conflict
nice&!great&!bright&easy: positive
nice&!great&bright: positive
nice&great: positive
DecisionTree learned:
!inadequate&!cool&!like&!expensive: positive
!inadequate&!cool&!like&expensive: conflict
!inadequate&!cool&like&!such: neutral
!inadequate&!cool&like&such: negative
!inadequate&cool: positive
inadequate&!due&!easy&!short: negative
inadequate&!due&!easy&short: negative
inadequate&!due&easy: positive
inadequate&due: neutral
DecisionTree learned:
!huge&!expensive&!solid&!smooth: negative
!huge&!expensive&!solid&smooth: conflict
!huge&!expensive&solid&!firm: positive
!huge&!expensive&solid&firm: positive
!huge&expensive&!many&!minimal: positive
!huge&expensive&!many&minimal: conflict
!huge&expensive&many: conflict
huge&!old&!happy&!different: conflict
huge&!old&!happy&different: conflict
huge&!old&happy: positive
huge&old: positive
DecisionTree learned:
!smooth&!inadequate&!huge&!fantastic: negative
!smooth&!inadequate&!huge&fantastic: positive
!smooth&!inadequate&huge&!different: conflict
!smooth&!inadequate&huge&different: conflict
!smooth&inadequate&!easy&!due: negative
!smooth&inadequate&!easy&due: neutral
!smooth&inadequate&easy: positive
smooth: conflict
DecisionTree learned:
!bad&!unable&!expensive&!free: positive
!bad&!unable&!expensive&free: positive
!bad&!unable&expensive&!many: conflict
!bad&!unable&expensive&many: conflict
!bad&unable: negative
bad&!large&!to&!up: negative
bad&!large&!to&up: negative
bad&!large&to: positive
bad&large&!portable&!new: conflict
bad&large&!portable&new: neutral
bad&large&portable: neutral
DecisionTree learned:
!hanker&!bad&!free&!due: positive
!hanker&!bad&!free&due: negative
!hanker&!bad&free&!particular: positive
!hanker&!bad&free&particular: conflict
!hanker&bad&!large&!to: negative
!hanker&bad&!large&to: positive
!hanker&bad&large&!other: conflict
!hanker&bad&large&other: negative
hanker&!perfective&!to&!stopping: positive
hanker&!perfective&!to&stopping: negative
hanker&!perfective&to: negative
hanker&perfective: conflict
DecisionTree learned:
!huge&!touch&!big&!slowly: negative
!huge&!touch&!big&slowly: positive
!huge&!touch&big&!comfortable: positive
!huge&!touch&big&comfortable: negative
!huge&touch&!new&!much: conflict
!huge&touch&!new&much: negative
!huge&touch&new: negative
huge&!different&!happy&!old: conflict
huge&!different&!happy&old: positive
huge&!different&happy: positive
huge&different: conflict
DecisionTree learned:
!smooth&!pleasant&!huge&!supernumerary: negative
!smooth&!pleasant&!huge&supernumerary: positive
!smooth&!pleasant&huge&!different: conflict
!smooth&!pleasant&huge&different: conflict
!smooth&pleasant: conflict
smooth: conflict
DecisionTree learned:
!huge&!fantastic&!of&!unfold: negative
!huge&!fantastic&!of&unfold: neutral
!huge&!fantastic&of&!easy: neutral
!huge&!fantastic&of&easy: neutral
!huge&fantastic&!blue&!terrific: positive
!huge&fantastic&!blue&terrific: positive
!huge&fantastic&blue: positive
huge&!different&!happy&!old: conflict
huge&!different&!happy&old: positive
huge&!different&happy: positive
huge&different: conflict
DecisionTree learned:
!pleasant&!supernumerary&!fresh&!like: negative
!pleasant&!supernumerary&!fresh&like: neutral
!pleasant&!supernumerary&fresh&!equal: neutral
!pleasant&!supernumerary&fresh&equal: negative
!pleasant&supernumerary&!widen&!worth: positive
!pleasant&supernumerary&!widen&worth: neutral
!pleasant&supernumerary&widen: neutral
pleasant: conflict
DecisionTree learned:
!huge&!fantastic&!expensive&!bad: negative
!huge&!fantastic&!expensive&bad: negative
!huge&!fantastic&expensive&!many: positive
!huge&!fantastic&expensive&many: conflict
!huge&fantastic&!terrific&!antic: positive
!huge&fantastic&!terrific&antic: positive
!huge&fantastic&terrific: positive
huge&!different&!happy&!old: negative
huge&!different&!happy&old: positive
huge&!different&happy: positive
huge&different: conflict
Trial 0 Training cc.mallet.classify.AdaBoostM2Trainer@1d2940b3 finished
Trial 0 Trainer cc.mallet.classify.AdaBoostM2Trainer@1d2940b3 test data accuracy = 0.5050709939148073

NaiveBayesTrainer
Summary. test accuracy mean = 0.4746450304259635 stddev = 0.0 stderr = 0.0

MaxEntTrainer,gaussianPriorVariance=1.0
Summary. test accuracy mean = 0.513184584178499 stddev = 0.0 stderr = 0.0

cc.mallet.classify.DecisionTreeTrainer@b6e39f
Summary. test accuracy mean = 0.4949290060851927 stddev = 0.0 stderr = 0.0

cc.mallet.classify.AdaBoostM2Trainer@1d2940b3
Summary. test accuracy mean = 0.5050709939148073 stddev = 0.0 stderr = 0.0
