
-------------------- Trial 0  --------------------

Trial 0 Training NaiveBayesTrainer with 1865 instances
Trial 0 Training NaiveBayesTrainer finished
Trial 0 Trainer NaiveBayesTrainer test data accuracy = 0.6531440162271805
Trial 0 Training MaxEntTrainer,gaussianPriorVariance=1.0 with 1865 instances
Trial 0 Training MaxEntTrainer,gaussianPriorVariance=1.0 finished
Trial 0 Trainer MaxEntTrainer,gaussianPriorVariance=1.0 test data accuracy = 0.6166328600405679
Trial 0 Training cc.mallet.classify.DecisionTreeTrainer@266bade9 with 1865 instances
DecisionTree learned:
!great&!and&!good&!easy: negative
!great&!and&!good&easy: positive
!great&!and&good: positive
!great&and&!mic&!extended: positive
!great&and&!mic&extended: neutral
!great&and&mic: negative
great&!memory&!so&!lack: positive
great&!memory&!so&lack: negative
great&!memory&so: neutral
great&memory: negative
Trial 0 Training cc.mallet.classify.DecisionTreeTrainer@266bade9 finished
Trial 0 Trainer cc.mallet.classify.DecisionTreeTrainer@266bade9 test data accuracy = 0.5314401622718052
Trial 0 Training cc.mallet.classify.AdaBoostM2Trainer@1d2940b3 with 1865 instances
DecisionTree learned:
!great&!and&!good&!easy: negative
!great&!and&!good&easy: positive
!great&!and&good: positive
!great&and&!word&!mic: positive
!great&and&!word&mic: negative
!great&and&word&!internet: neutral
!great&and&word&internet: positive
great&!so&!video&!memory: positive
great&!so&!video&memory: negative
great&!so&video: conflict
great&so: neutral
DecisionTree learned:
!great&!and&!good&!but: negative
!great&!and&!good&but: negative
!great&!and&good: positive
!great&and&!extended&!n: positive
!great&and&!extended&n: negative
!great&and&extended&!when: neutral
!great&and&extended&when: conflict
great&!memory&!so&!lack: positive
great&!memory&!so&lack: negative
great&!memory&so: neutral
great&memory: negative
DecisionTree learned:
!great&!easy&!but&!and: negative
!great&!easy&!but&and: positive
!great&!easy&but&!memory: negative
!great&!easy&but&memory: neutral
!great&easy&!not: positive
!great&easy&not&!carry: positive
!great&easy&not&carry: negative
great&!memory&!lack&!so: positive
great&!memory&!lack&so: neutral
great&!memory&lack: negative
great&memory: negative
DecisionTree learned:
!great&!easy&!good&!but: negative
!great&!easy&!good&but: negative
!great&!easy&good: positive
!great&easy&!not: positive
!great&easy&not&!carry: positive
!great&easy&not&carry: negative
great&!video&!memory&!so: positive
great&!video&!memory&so: neutral
great&!video&memory: negative
great&video: conflict
DecisionTree learned:
!great&!and&!is&!but: negative
!great&!and&!is&but: negative
!great&!and&is&!screen: positive
!great&!and&is&screen: negative
!great&and&!extended&!word: positive
!great&and&!extended&word: neutral
!great&and&extended&!when: neutral
!great&and&extended&when: conflict
great&!memory&!lack&!video: positive
great&!memory&!lack&video: conflict
great&!memory&lack: negative
great&memory: negative
DecisionTree learned:
!but&!great&!speed&!good: negative
!but&!great&!speed&good: positive
!but&!great&speed&!difference: positive
!but&!great&speed&difference: negative
!but&great&!lack&!video: positive
!but&great&!lack&video: conflict
!but&great&lack: negative
but&!the&!memory&!of: conflict
but&!the&!memory&of: neutral
but&!the&memory: neutral
but&the&!like&!was: negative
but&the&!like&was: positive
but&the&like: positive
DecisionTree learned:
!but&!is&!love&!and: negative
!but&!is&!love&and: positive
!but&!is&love: positive
!but&is&!if&!secured: positive
!but&is&!if&secured: neutral
!but&is&if: neutral
but&!memory&!fixed&!an: negative
but&!memory&!fixed&an: neutral
but&!memory&fixed: neutral
but&memory: neutral
DecisionTree learned:
!easy&!but&!not&!is: positive
!easy&!but&!not&is: positive
!easy&!but&not&!any: negative
!easy&!but&not&any: positive
!easy&but&!repair&!support: negative
!easy&but&!repair&support: negative
!easy&but&repair: negative
easy&!not: positive
easy&not&!carry: positive
easy&not&carry: negative
DecisionTree learned:
!and&!but&!is&!love: negative
!and&!but&!is&love: positive
!and&!but&is&!use: positive
!and&!but&is&use: positive
!and&but&!gaming&!vhs: negative
!and&but&!gaming&vhs: conflict
!and&but&gaming: positive
and&!extended&!mic&!word: positive
and&!extended&!mic&word: neutral
and&!extended&mic: negative
and&extended&!when: neutral
and&extended&when: conflict
DecisionTree learned:
!great&!but&!easy&!good: negative
!great&!but&!easy&good: positive
!great&!but&easy&!carry: positive
!great&!but&easy&carry: positive
!great&but&!the&!memory: conflict
!great&but&!the&memory: neutral
!great&but&the&!replace: negative
!great&but&the&replace: neutral
great&!video&!memory&!so: positive
great&!video&!memory&so: neutral
great&!video&memory: negative
great&video: conflict
DecisionTree learned:
!and&!is&!but&!love: negative
!and&!is&!but&love: positive
!and&!is&but&!price: negative
!and&!is&but&price: positive
!and&is&!screen&!chrome: positive
!and&is&!screen&chrome: conflict
!and&is&screen&!size: conflict
!and&is&screen&size: positive
and&!email&!mouse&!fast: positive
and&!email&!mouse&fast: positive
and&!email&mouse&!keyboard: negative
and&!email&mouse&keyboard: neutral
and&email&!office: neutral
and&email&office: positive
DecisionTree learned:
!great&!and&!very&!love: negative
!great&!and&!very&love: positive
!great&!and&very&!games: positive
!great&!and&very&games: positive
!great&and&!not&!firefox: positive
!great&and&!not&firefox: neutral
!great&and&not&!a: negative
!great&and&not&a: conflict
great&!so&!memory&!lack: positive
great&!so&!memory&lack: negative
great&!so&memory: negative
great&so: neutral
DecisionTree learned:
!and&!very&!price&!love: negative
!and&!very&!price&love: positive
!and&!very&price&!my: positive
!and&!very&price&my: neutral
!and&very&!are&!system: positive
!and&very&!are&system: negative
!and&very&are&!games: negative
!and&very&are&games: positive
and&!extended&!what&!gaming: positive
and&!extended&!what&gaming: neutral
and&!extended&what&!the: conflict
and&!extended&what&the: positive
and&extended&!when: neutral
and&extended&when: conflict
DecisionTree learned:
!but&!is&!speed&!life: negative
!but&!is&!speed&life: positive
!but&!is&speed&!memory: positive
!but&!is&speed&memory: negative
!but&is&!chrome&!screen: positive
!but&is&!chrome&screen: positive
!but&is&chrome: conflict
but&!memory&!vhs&!the: conflict
but&!memory&!vhs&the: negative
but&!memory&vhs: conflict
but&memory: neutral
DecisionTree learned:
!and&!but&!is&!drive: negative
!and&!but&!is&drive: negative
!and&!but&is&!clear: positive
!and&!but&is&clear: conflict
!and&but&!the&!drivers: conflict
!and&but&!the&drivers: positive
!and&but&the&!to: negative
!and&but&the&to: neutral
and&!what&!mic&!n: positive
and&!what&!mic&n: negative
and&!what&mic: negative
and&what&!the: conflict
and&what&the: positive
DecisionTree learned:
!and&!or&!great&!but: negative
!and&!or&!great&but: negative
!and&!or&great&!its: positive
!and&!or&great&its: negative
!and&or&!phone&!movies: neutral
!and&or&!phone&movies: positive
!and&or&phone: positive
and&!the&!what&!has: positive
and&!the&!what&has: positive
and&!the&what: conflict
and&the&!is&!mouse: negative
and&the&!is&mouse: negative
and&the&is&!warranty: positive
and&the&is&warranty: negative
DecisionTree learned:
!easy&!amazing&!price&!but: negative
!easy&!amazing&!price&but: negative
!easy&!amazing&price&!worth: positive
!easy&!amazing&price&worth: conflict
!easy&amazing: positive
easy&!not: positive
easy&not&!carry: positive
easy&not&carry: negative
DecisionTree learned:
!or&!great&!the&!but: positive
!or&!great&!the&but: conflict
!or&!great&the&!is: negative
!or&!great&the&is: positive
!or&great&!video&!so: positive
!or&great&!video&so: neutral
!or&great&video: conflict
or&!up&!not&!as: neutral
or&!up&!not&as: negative
or&!up&not: negative
or&up&!it: negative
or&up&it: positive
DecisionTree learned:
!and&!but&!is&!life: negative
!and&!but&!is&life: positive
!and&!but&is&!screen: positive
!and&!but&is&screen: conflict
!and&but&!repair&!software: negative
!and&but&!repair&software: negative
!and&but&repair: negative
and&!extended&!email&!what: positive
and&!extended&!email&what: conflict
and&!extended&email&!office: neutral
and&!extended&email&office: positive
and&extended&!when: neutral
and&extended&when: conflict
DecisionTree learned:
!but&!not&!and&!worth: negative
!but&!not&!and&worth: conflict
!but&!not&and&!gaming: positive
!but&!not&and&gaming: neutral
!but&not&!graphics&!what: negative
!but&not&!graphics&what: conflict
!but&not&graphics: conflict
but&!gaming&!the&!memory: conflict
but&!gaming&!the&memory: neutral
but&!gaming&the&!vhs: negative
but&!gaming&the&vhs: conflict
but&gaming: positive
DecisionTree learned:
!but&!and&!is&!drive: negative
!but&!and&!is&drive: negative
!but&!and&is&!if: positive
!but&!and&is&if: neutral
!but&and&!extended&!other: positive
!but&and&!extended&other: neutral
!but&and&extended&!when: neutral
!but&and&extended&when: conflict
but&!the&!support&!it: conflict
but&!the&!support&it: conflict
but&!the&support: negative
but&the&!repair&!that: neutral
but&the&!repair&that: positive
but&the&repair: negative
DecisionTree learned:
!and&!but&!love&!i: negative
!and&!but&!love&i: neutral
!and&!but&love: positive
!and&but&!vhs&!software: negative
!and&but&!vhs&software: negative
!and&but&vhs: conflict
and&!word&!we&!what: positive
and&!word&!we&what: conflict
and&!word&we&!so: conflict
and&!word&we&so: neutral
and&word&!has&!internet: neutral
and&word&!has&internet: positive
and&word&has: conflict
DecisionTree learned:
!but&!very&!life&!not: positive
!but&!very&!life&not: negative
!but&!very&life&!a: positive
!but&!very&life&a: conflict
!but&very&!games&!like: positive
!but&very&!games&like: negative
!but&very&games: positive
but&!the&!memory&!an: conflict
but&!the&!memory&an: neutral
but&!the&memory: neutral
but&the&!to&!was: negative
but&the&!to&was: positive
but&the&to&!new: conflict
but&the&to&new: neutral
DecisionTree learned:
!easy&!and&!good&!or: negative
!easy&!and&!good&or: neutral
!easy&!and&good: positive
!easy&and&!stuff&!email: positive
!easy&and&!stuff&email: neutral
!easy&and&stuff: conflict
easy&!not: positive
easy&not&!carry: positive
easy&not&carry: negative
DecisionTree learned:
!and&!great&!but&!awesome: negative
!and&!great&!but&awesome: positive
!and&!great&but&!repair: negative
!and&!great&but&repair: negative
!and&great&!its&!video: positive
!and&great&!its&video: conflict
!and&great&its: negative
and&!support&!supply&!n: positive
and&!support&!supply&n: negative
and&!support&supply: negative
and&support&!is: negative
and&support&is: positive
DecisionTree learned:
!but&!life&!is&!non: negative
!but&!life&!is&non: conflict
!but&!life&is&!screen: positive
!but&!life&is&screen: positive
!but&life&!a&!diminish: positive
!but&life&!a&diminish: conflict
!but&life&a&!you: conflict
!but&life&a&you: positive
but&!it&!software&!repair: positive
but&!it&!software&repair: negative
but&!it&software&!extra: negative
but&!it&software&extra: conflict
but&it&!the&!camera: negative
but&it&!the&camera: conflict
but&it&the: positive
DecisionTree learned:
!and&!is&!but&!life: negative
!and&!is&!but&life: positive
!and&!is&but&!drivers: negative
!and&!is&but&drivers: positive
!and&is&!chrome&!screen: positive
!and&is&!chrome&screen: conflict
!and&is&chrome: conflict
and&!firefox&!what&!word: positive
and&!firefox&!what&word: neutral
and&!firefox&what&!the: conflict
and&!firefox&what&the: positive
and&firefox: neutral
DecisionTree learned:
!easy&!speed&!price&!love: negative
!easy&!speed&!price&love: positive
!easy&!speed&price&!why: positive
!easy&!speed&price&why: neutral
!easy&speed&!memory&!difference: positive
!easy&speed&!memory&difference: negative
!easy&speed&memory&!great: neutral
!easy&speed&memory&great: negative
easy&!not: positive
easy&not&!carry: positive
easy&not&carry: negative
DecisionTree learned:
!and&!but&!is&!life: negative
!and&!but&!is&life: conflict
!and&!but&is&!chrome: positive
!and&!but&is&chrome: conflict
!and&but&!gaming&!the: conflict
!and&but&!gaming&the: negative
!and&but&gaming: positive
and&!bad&!what&!has: positive
and&!bad&!what&has: positive
and&!bad&what&!the: conflict
and&!bad&what&the: positive
and&bad: negative
DecisionTree learned:
!and&!is&!drive&!but: negative
!and&!is&!drive&but: negative
!and&!is&drive&!i: negative
!and&!is&drive&i: neutral
!and&is&!screen&!little: positive
!and&is&!screen&little: conflict
!and&is&screen&!the: conflict
!and&is&screen&the: negative
and&!what&!word&!extended: positive
and&!what&!word&extended: neutral
and&!what&word&!has: neutral
and&!what&word&has: conflict
and&what&!the: conflict
and&what&the: positive
DecisionTree learned:
!and&!speed&!good&!or: negative
!and&!speed&!good&or: neutral
!and&!speed&good: positive
!and&speed&!difference: positive
!and&speed&difference: negative
and&!we&!word&!video: positive
and&!we&!word&video: negative
and&!we&word&!has: neutral
and&!we&word&has: conflict
and&we&!so: conflict
and&we&so: neutral
DecisionTree learned:
!but&!the&!screen&!get: positive
!but&!the&!screen&get: conflict
!but&!the&screen&!it: positive
!but&!the&screen&it: conflict
!but&the&!is&!some: negative
!but&the&!is&some: conflict
!but&the&is&!huge: positive
!but&the&is&huge: conflict
but&!software&!it&!price: neutral
but&!software&!it&price: positive
but&!software&it&!was: conflict
but&!software&it&was: negative
but&software&!extra: negative
but&software&extra: conflict
DecisionTree learned:
!easy&!good&!and&!or: negative
!easy&!good&!and&or: neutral
!easy&!good&and&!extended: positive
!easy&!good&and&extended: neutral
!easy&good: positive
easy&!not: positive
easy&not&!carry: positive
easy&not&carry: negative
DecisionTree learned:
!but&!warranty&!and&!or: negative
!but&!warranty&!and&or: neutral
!but&!warranty&and&!what: positive
!but&!warranty&and&what: conflict
!but&warranty&!the&!would: neutral
!but&warranty&!the&would: positive
!but&warranty&the&!after: negative
!but&warranty&the&after: neutral
but&!vhs&!software&!it: positive
but&!vhs&!software&it: conflict
but&!vhs&software&!extra: negative
but&!vhs&software&extra: conflict
but&vhs: conflict
DecisionTree learned:
!and&!but&!worth&!some: negative
!and&!but&!worth&some: conflict
!and&!but&worth&!it: conflict
!and&!but&worth&it: positive
!and&but&!card&!vhs: negative
!and&but&!card&vhs: conflict
!and&but&card: neutral
and&!what&!would&!motherboard: positive
and&!what&!would&motherboard: neutral
and&!what&would&!use: negative
and&!what&would&use: neutral
and&what: conflict
DecisionTree learned:
!and&!very&!love&!price: negative
!and&!very&!love&price: positive
!and&!very&love: positive
!and&very&!are&!service: positive
!and&very&!are&service: negative
!and&very&are&!games: negative
!and&very&are&games: neutral
and&!email&!word&!extended: positive
and&!email&!word&extended: neutral
and&!email&word&!internet: neutral
and&!email&word&internet: positive
and&email&!office: neutral
and&email&office: positive
DecisionTree learned:
!and&!wanted&!some&!life: negative
!and&!wanted&!some&life: positive
!and&!wanted&some&!the: negative
!and&!wanted&some&the: conflict
!and&wanted&!it&!windows: neutral
!and&wanted&!it&windows: conflict
!and&wanted&it: conflict
and&!what&!stuff&!extended: positive
and&!what&!stuff&extended: neutral
and&!what&stuff: conflict
and&what: conflict
DecisionTree learned:
!great&!and&!but&!life: negative
!great&!and&!but&life: positive
!great&!and&but&!of: negative
!great&!and&but&of: neutral
!great&and&!extended&!word: positive
!great&and&!extended&word: neutral
!great&and&extended&!when: neutral
!great&and&extended&when: conflict
great&!memory&!video&!so: positive
great&!memory&!video&so: neutral
great&!memory&video: conflict
great&memory: negative
DecisionTree learned:
!and&!worth&!dedicated&!great: negative
!and&!worth&!dedicated&great: positive
!and&!worth&dedicated&!graphics: positive
!and&!worth&dedicated&graphics: conflict
!and&worth&!it&!i: conflict
!and&worth&!it&i: positive
!and&worth&it&!is: negative
!and&worth&it&is: positive
and&!video&!firefox&!extended: positive
and&!video&!firefox&extended: neutral
and&!video&firefox: neutral
and&video: negative
DecisionTree learned:
!and&!speed&!wanted&!some: negative
!and&!speed&!wanted&some: conflict
!and&!speed&wanted&!it: neutral
!and&!speed&wanted&it: conflict
!and&speed&!difference: positive
!and&speed&difference: negative
and&!stuff&!extended&!mic: positive
and&!stuff&!extended&mic: negative
and&!stuff&extended&!when: neutral
and&!stuff&extended&when: conflict
and&stuff: conflict
DecisionTree learned:
!and&!wanted&!drive&!life: negative
!and&!wanted&!drive&life: positive
!and&!wanted&drive&!i: negative
!and&!wanted&drive&i: neutral
!and&wanted&!it&!windows: neutral
!and&wanted&!it&windows: conflict
!and&wanted&it: conflict
and&!email&!has&!having: positive
and&!email&!has&having: conflict
and&!email&has&!but: positive
and&!email&has&but: conflict
and&email&!office: neutral
and&email&office: positive
DecisionTree learned:
!life&!and&!to&!dedicated: negative
!life&!and&!to&dedicated: conflict
!life&!and&to&!replace: neutral
!life&!and&to&replace: conflict
!life&and&!what&!video: positive
!life&and&!what&video: negative
!life&and&what&!the: conflict
!life&and&what&the: positive
life&!a&!diminish&!extended: positive
life&!a&!diminish&extended: conflict
life&!a&diminish: conflict
life&a&!you&!hour: conflict
life&a&!you&hour: neutral
life&a&you: positive
DecisionTree learned:
!and&!price&!life&!screen: negative
!and&!price&!life&screen: negative
!and&!price&life&!a: positive
!and&!price&life&a: conflict
!and&price&!my&!since: positive
!and&price&!my&since: conflict
!and&price&my: neutral
and&!again&!stuff&!what: positive
and&!again&!stuff&what: conflict
and&!again&stuff: conflict
and&again: negative
DecisionTree learned:
!and&!but&!is&!inconvenient: negative
!and&!but&!is&inconvenient: conflict
!and&!but&is&!dedicated: positive
!and&!but&is&dedicated: conflict
!and&but&!gaming&!fixed: conflict
!and&but&!gaming&fixed: neutral
!and&but&gaming: positive
and&!extended&!email&!other: positive
and&!extended&!email&other: neutral
and&!extended&email&!office: neutral
and&!extended&email&office: positive
and&extended&!when: neutral
and&extended&when: conflict
DecisionTree learned:
!and&!great&!worth&!but: negative
!and&!great&!worth&but: negative
!and&!great&worth&!it: conflict
!and&!great&worth&it: negative
!and&great&!video&!so: positive
!and&great&!video&so: neutral
!and&great&video: conflict
and&!when&!stuff&!n: positive
and&!when&!stuff&n: negative
and&!when&stuff: conflict
and&when&!the&!lightweight: negative
and&when&!the&lightweight: positive
and&when&the: conflict
DecisionTree learned:
!and&!screen&!not&!life: positive
!and&!screen&!not&life: positive
!and&!screen&not&!graphics: negative
!and&!screen&not&graphics: conflict
!and&screen&!the&!it: conflict
!and&screen&!the&it: conflict
!and&screen&the&!huge: negative
!and&screen&the&huge: conflict
and&!extended&!email&!gaming: positive
and&!extended&!email&gaming: neutral
and&!extended&email: neutral
and&extended&!when: neutral
and&extended&when: conflict
DecisionTree learned:
!and&!awesome&!very&!drive: negative
!and&!awesome&!very&drive: negative
!and&!awesome&very&!games: positive
!and&!awesome&very&games: positive
!and&awesome: positive
and&!mic&!video&!port: positive
and&!mic&!video&port: neutral
and&!mic&video: negative
and&mic: negative
DecisionTree learned:
!and&!awesome&!reboot&!dedicated: negative
!and&!awesome&!reboot&dedicated: conflict
!and&!awesome&reboot: conflict
!and&awesome: positive
and&!what&!extended&!fast: positive
and&!what&!extended&fast: positive
and&!what&extended&!when: neutral
and&!what&extended&when: conflict
and&what: conflict
DecisionTree learned:
!and&!but&!dedicated&!feature: negative
!and&!but&!dedicated&feature: conflict
!and&!but&dedicated&!graphics: positive
!and&!but&dedicated&graphics: conflict
!and&but&!that&!its: conflict
!and&but&!that&its: positive
!and&but&that&!warranty: positive
!and&but&that&warranty: negative
and&!email&!having&!out: positive
and&!email&!having&out: neutral
and&!email&having&!make: conflict
and&!email&having&make: positive
and&email&!office: neutral
and&email&office: positive
DecisionTree learned:
!and&!but&!against&!get: negative
!and&!but&!against&get: conflict
!and&!but&against: conflict
!and&but&!the&!fixed: conflict
!and&but&!the&fixed: neutral
!and&but&the&!replace: negative
!and&but&the&replace: neutral
and&!fast&!as&!email: positive
and&!fast&!as&email: neutral
and&!fast&as&!ilife: neutral
and&!fast&as&ilife: positive
and&fast: positive
DecisionTree learned:
!and&!but&!some&!life: negative
!and&!but&!some&life: positive
!and&!but&some&!the: negative
!and&!but&some&the: conflict
!and&but&!the&!of: conflict
!and&but&!the&of: neutral
!and&but&the&!battery: negative
!and&but&the&battery: conflict
and&!what&!has&!bios: positive
and&!what&!has&bios: negative
and&!what&has&!but: positive
and&!what&has&but: conflict
and&what&!the: conflict
and&what&the: positive
DecisionTree learned:
!and&!concerned&!but&!a: negative
!and&!concerned&!but&a: neutral
!and&!concerned&but&!vhs: negative
!and&!concerned&but&vhs: conflict
!and&concerned: conflict
and&!stuff&!bios&!mic: positive
and&!stuff&!bios&mic: negative
and&!stuff&bios: negative
and&stuff: conflict
DecisionTree learned:
!and&!nice&!but&!is: negative
!and&!nice&!but&is: positive
!and&!nice&but&!its: negative
!and&!nice&but&its: positive
!and&nice&!the: positive
!and&nice&the: conflict
and&!gadgets&!fast&!as: positive
and&!gadgets&!fast&as: neutral
and&!gadgets&fast: positive
and&gadgets: neutral
DecisionTree learned:
!and&!great&!screen&!against: negative
!and&!great&!screen&against: conflict
!and&!great&screen&!the: conflict
!and&!great&screen&the: negative
!and&great&!video&!so: positive
!and&great&!video&so: neutral
!and&great&video: conflict
and&!other&!as&!email: positive
and&!other&!as&email: neutral
and&!other&as&!ilife: neutral
and&!other&as&ilife: positive
and&other&!features: neutral
and&other&features: positive
DecisionTree learned:
!and&!price&!inconvenient&!quality: negative
!and&!price&!inconvenient&quality: positive
!and&!price&inconvenient: conflict
!and&price&!my&!since: positive
!and&price&!my&since: conflict
!and&price&my: neutral
and&!use&!firefox&!as: positive
and&!use&!firefox&as: neutral
and&!use&firefox: neutral
and&use&!i&!you: positive
and&use&!i&you: neutral
and&use&i: negative
DecisionTree learned:
!and&!screen&!but&!worth: negative
!and&!screen&!but&worth: conflict
!and&!screen&but&!drivers: negative
!and&!screen&but&drivers: positive
!and&screen&!the&!it: conflict
!and&screen&!the&it: conflict
!and&screen&the&!huge: negative
!and&screen&the&huge: conflict
and&!out&!stuff&!what: positive
and&!out&!stuff&what: conflict
and&!out&stuff: conflict
and&out&!when&!built: neutral
and&out&!when&built: negative
and&out&when: conflict
DecisionTree learned:
!and&!screen&!but&!worth: negative
!and&!screen&!but&worth: conflict
!and&!screen&but&!outside: negative
!and&!screen&but&outside: neutral
!and&screen&!it&!is: negative
!and&screen&!it&is: conflict
!and&screen&it: conflict
and&!for&!what&!warranty: positive
and&!for&!what&warranty: neutral
and&!for&what: conflict
and&for&!had&!email: positive
and&for&!had&email: neutral
and&for&had: negative
DecisionTree learned:
!and&!drive&!but&!concerned: positive
!and&!drive&!but&concerned: conflict
!and&!drive&but&!still: conflict
!and&!drive&but&still: neutral
!and&drive&!i&!which: negative
!and&drive&!i&which: positive
!and&drive&i&!it: neutral
!and&drive&i&it: negative
and&!gaming&!firefox&!motherboard: positive
and&!gaming&!firefox&motherboard: neutral
and&!gaming&firefox: neutral
and&gaming&!movies: neutral
and&gaming&movies: positive
DecisionTree learned:
!and&!speed&!life&!price: negative
!and&!speed&!life&price: positive
!and&!speed&life&!the: conflict
!and&!speed&life&the: positive
!and&speed&!difference: positive
!and&speed&difference: negative
and&!fast&!extended&!stuff: negative
and&!fast&!extended&stuff: conflict
and&!fast&extended&!when: neutral
and&!fast&extended&when: conflict
and&fast: positive
DecisionTree learned:
!and&!life&!but&!to: negative
!and&!life&!but&to: neutral
!and&!life&but&!that: conflict
!and&!life&but&that: positive
!and&life&!the&!hr: conflict
!and&life&!the&hr: neutral
!and&life&the&!amazing: negative
!and&life&the&amazing: positive
and&!having&!gaming&!word: positive
and&!having&!gaming&word: neutral
and&!having&gaming&!movies: neutral
and&!having&gaming&movies: positive
and&having&!make: conflict
and&having&make: positive
DecisionTree learned:
!and&!concerned&!get&!works: negative
!and&!concerned&!get&works: positive
!and&!concerned&get&!to: conflict
!and&!concerned&get&to: negative
!and&concerned: conflict
and&!extended&!same&!as: positive
and&!extended&!same&as: neutral
and&!extended&same: neutral
and&extended&!when: neutral
and&extended&when: conflict
DecisionTree learned:
!and&!some&!quality&!get: negative
!and&!some&!quality&get: conflict
!and&!some&quality&!will: negative
!and&!some&quality&will: conflict
!and&some&!the&!do: negative
!and&some&!the&do: neutral
!and&some&the&!with: conflict
!and&some&the&with: negative
and&!gaming&!other&!extended: positive
and&!gaming&!other&extended: neutral
and&!gaming&other&!features: neutral
and&!gaming&other&features: positive
and&gaming&!movies: neutral
and&gaming&movies: positive
DecisionTree learned:
!and&!very&!drive&!but: negative
!and&!very&!drive&but: negative
!and&!very&drive&!dvd: neutral
!and&!very&drive&dvd: negative
!and&very&!games&!large: positive
!and&very&!games&large: negative
!and&very&games: neutral
and&!word&!graphics&!as: negative
and&!word&!graphics&as: neutral
and&!word&graphics&!were: positive
and&!word&graphics&were: negative
and&word&!internet&!has: neutral
and&word&!internet&has: conflict
and&word&internet: positive
DecisionTree learned:
!and&!but&!worth&!a: negative
!and&!but&!worth&a: neutral
!and&!but&worth&!it: conflict
!and&!but&worth&it: negative
!and&but&!hard&!that: conflict
!and&but&!hard&that: positive
!and&but&hard: neutral
and&!bad&!word&!mic: positive
and&!bad&!word&mic: negative
and&!bad&word&!has: neutral
and&!bad&word&has: conflict
and&bad: negative
DecisionTree learned:
!and&!life&!quality&!some: negative
!and&!life&!quality&some: conflict
!and&!life&quality&!will: negative
!and&!life&quality&will: conflict
!and&life&!a&!diminish: positive
!and&life&!a&diminish: conflict
!and&life&a&!hour: conflict
!and&life&a&hour: neutral
and&!what&!word&!same: positive
and&!what&!word&same: neutral
and&!what&word&!has: neutral
and&!what&word&has: conflict
and&what&!the: conflict
and&what&the: positive
DecisionTree learned:
!and&!inconvenient&!against&!screen: negative
!and&!inconvenient&!against&screen: negative
!and&!inconvenient&against: conflict
!and&inconvenient: conflict
and&!what&!stuff&!went: positive
and&!what&!stuff&went: negative
and&!what&stuff: conflict
and&what: conflict
DecisionTree learned:
!and&!but&!is&!life: neutral
!and&!but&!is&life: conflict
!and&!but&is&!dedicated: positive
!and&!but&is&dedicated: conflict
!and&but&!of&!hard: conflict
!and&but&!of&hard: neutral
!and&but&of&!the: neutral
!and&but&of&the: positive
and&!has&!what&!we: positive
and&!has&!what&we: neutral
and&!has&what&!the: conflict
and&!has&what&the: positive
and&has&!but&!the: positive
and&has&!but&the: positive
and&has&but: conflict
DecisionTree learned:
!and&!some&!dedicated&!screen: negative
!and&!some&!dedicated&screen: negative
!and&!some&dedicated&!graphics: positive
!and&!some&dedicated&graphics: conflict
!and&some&!the&!do: negative
!and&some&!the&do: neutral
!and&some&the&!with: conflict
!and&some&the&with: positive
and&!stuff&!we&!what: positive
and&!stuff&!we&what: conflict
and&!stuff&we&!so: conflict
and&!stuff&we&so: neutral
and&stuff: conflict
DecisionTree learned:
!and&!best&!but&!is: negative
!and&!best&!but&is: positive
!and&!best&but&!price: negative
!and&!best&but&price: positive
!and&best&!of: positive
!and&best&of: conflict
and&!not&!has&!functioning: positive
and&!not&!has&functioning: neutral
and&!not&has&!it: positive
and&!not&has&it: conflict
and&not&!i&!a: negative
and&not&!i&a: conflict
and&not&i: neutral
DecisionTree learned:
!and&!reboot&!screen&!worth: positive
!and&!reboot&!screen&worth: conflict
!and&!reboot&screen&!it: negative
!and&!reboot&screen&it: conflict
!and&reboot: conflict
and&!firefox&!other&!sd: positive
and&!firefox&!other&sd: neutral
and&!firefox&other&!features: neutral
and&!firefox&other&features: positive
and&firefox: neutral
DecisionTree learned:
!and&!quality&!price&!generally: negative
!and&!quality&!price&generally: conflict
!and&!quality&price&!since: positive
!and&!quality&price&since: conflict
!and&quality&!will&!vhs: negative
!and&quality&!will&vhs: conflict
!and&quality&will: conflict
and&!what&!has&!extended: positive
and&!what&!has&extended: neutral
and&!what&has&!but: positive
and&!what&has&but: conflict
and&what: conflict
DecisionTree learned:
!and&!drive&!but&!inconvenient: positive
!and&!drive&!but&inconvenient: conflict
!and&!drive&but&!the: conflict
!and&!drive&but&the: negative
!and&drive&!i&!which: negative
!and&drive&!i&which: positive
!and&drive&i&!it: neutral
!and&drive&i&it: negative
and&!what&!extended&!stuff: positive
and&!what&!extended&stuff: conflict
and&!what&extended&!when: neutral
and&!what&extended&when: conflict
and&what&!the: conflict
and&what&the: positive
DecisionTree learned:
!and&!life&!problems&!screen: negative
!and&!life&!problems&screen: conflict
!and&!life&problems: negative
!and&life&!the&!diminish: conflict
!and&life&!the&diminish: conflict
!and&life&the&!than: positive
!and&life&the&than: negative
and&!motherboard&!the&!programs: neutral
and&!motherboard&!the&programs: negative
and&!motherboard&the&!memory: negative
and&!motherboard&the&memory: neutral
and&motherboard&!some&!went: neutral
and&motherboard&!some&went: negative
and&motherboard&some: neutral
DecisionTree learned:
!and&!against&!dedicated&!price: negative
!and&!against&!dedicated&price: positive
!and&!against&dedicated&!graphics: neutral
!and&!against&dedicated&graphics: conflict
!and&against: conflict
and&!what&!firefox&!we: positive
and&!what&!firefox&we: neutral
and&!what&firefox: neutral
and&what&!the: conflict
and&what&the: positive
DecisionTree learned:
!and&!drive&!but&!screen: positive
!and&!drive&!but&screen: negative
!and&!drive&but&!card: conflict
!and&!drive&but&card: neutral
!and&drive&!which&!it: neutral
!and&drive&!which&it: negative
!and&drive&which: positive
and&!what&!for&!dual: negative
and&!what&!for&dual: neutral
and&!what&for&!service: neutral
and&!what&for&service: negative
and&what: conflict
DecisionTree learned:
!and&!life&!dedicated&!but: negative
!and&!life&!dedicated&but: conflict
!and&!life&dedicated&!graphics: positive
!and&!life&dedicated&graphics: conflict
!and&life&!the&!hour: conflict
!and&life&!the&hour: positive
!and&life&the&!too: positive
!and&life&the&too: negative
and&!stuff&!what&!out: positive
and&!stuff&!what&out: neutral
and&!stuff&what&!the: conflict
and&!stuff&what&the: positive
and&stuff: conflict
DecisionTree learned:
!and&!or&!life&!little: negative
!and&!or&!life&little: negative
!and&!or&life&!the: conflict
!and&!or&life&the: positive
!and&or&!problem&!sticking: neutral
!and&or&!problem&sticking: positive
!and&or&problem: positive
and&!we&!having&!has: positive
and&!we&!having&has: positive
and&!we&having&!make: conflict
and&!we&having&make: positive
and&we&!so: conflict
and&we&so: neutral
DecisionTree learned:
!and&!but&!worth&!dedicated: negative
!and&!but&!worth&dedicated: conflict
!and&!but&worth&!it: conflict
!and&!but&worth&it: negative
!and&but&!still&!repair: conflict
!and&but&!still&repair: negative
!and&but&still: neutral
and&!stuff&!what&!out: positive
and&!stuff&!what&out: neutral
and&!stuff&what&!the: conflict
and&!stuff&what&the: positive
and&stuff: conflict
DecisionTree learned:
!and&!screen&!but&!against: negative
!and&!screen&!but&against: conflict
!and&!screen&but&!like: conflict
!and&!screen&but&like: positive
!and&screen&!it&!is: negative
!and&screen&!it&is: conflict
!and&screen&it: conflict
and&!when&!fast&!gaming: positive
and&!when&!fast&gaming: neutral
and&!when&fast: positive
and&when&!the: negative
and&when&the: conflict
DecisionTree learned:
!and&!worth&!very&!quality: negative
!and&!worth&!very&quality: negative
!and&!worth&very&!games: positive
!and&!worth&very&games: positive
!and&worth&!it&!i: conflict
!and&worth&!it&i: positive
!and&worth&it&!is: negative
!and&worth&it&is: positive
and&!mic&!supply&!easy: positive
and&!mic&!supply&easy: positive
and&!mic&supply: negative
and&mic: negative
DecisionTree learned:
!and&!screen&!life&!but: negative
!and&!screen&!life&but: conflict
!and&!screen&life&!a: positive
!and&!screen&life&a: conflict
!and&screen&!it&!huge: positive
!and&screen&!it&huge: conflict
!and&screen&it: conflict
and&!look&!programs&!as: positive
and&!look&!programs&as: neutral
and&!look&programs&!from: positive
and&!look&programs&from: negative
and&look: positive
DecisionTree learned:
!and&!but&!is&!life: neutral
!and&!but&!is&life: conflict
!and&!but&is&!secured: positive
!and&!but&is&secured: neutral
!and&but&!the&!lower: conflict
!and&but&!the&lower: positive
!and&but&the&!replace: negative
!and&but&the&replace: conflict
and&!the&!of&!well: positive
and&!the&!of&well: positive
and&!the&of&!you: neutral
and&!the&of&you: positive
and&the&!is&!when: negative
and&the&!is&when: conflict
and&the&is&!warranty: positive
and&the&is&warranty: negative
DecisionTree learned:
!and&!screen&!best&!little: negative
!and&!screen&!best&little: negative
!and&!screen&best&!of: positive
!and&!screen&best&of: conflict
!and&screen&!the&!it: conflict
!and&screen&!the&it: conflict
!and&screen&the&!huge: negative
!and&screen&the&huge: conflict
and&!when&!programs&!the: positive
and&!when&!programs&the: negative
and&!when&programs&!some: positive
and&!when&programs&some: negative
and&when&!the&!lightweight: negative
and&when&!the&lightweight: positive
and&when&the: conflict
DecisionTree learned:
!and&!generally&!very&!screen: negative
!and&!generally&!very&screen: conflict
!and&!generally&very&!games: positive
!and&!generally&very&games: positive
!and&generally: conflict
and&!warranty&!email&!motherboard: positive
and&!warranty&!email&motherboard: neutral
and&!warranty&email&!office: neutral
and&!warranty&email&office: positive
and&warranty&!is&!this: neutral
and&warranty&!is&this: positive
and&warranty&is: negative
DecisionTree learned:
!and&!generally&!but&!is: neutral
!and&!generally&!but&is: positive
!and&!generally&but&!the: conflict
!and&!generally&but&the: positive
!and&generally: conflict
and&!what&!programs&!when: positive
and&!what&!programs&when: negative
and&!what&programs&!some: positive
and&!what&programs&some: negative
and&what&!the: conflict
and&what&the: positive
DecisionTree learned:
!and&!get&!generally&!some: negative
!and&!get&!generally&some: conflict
!and&!get&generally: conflict
!and&get&!the&!to: conflict
!and&get&!the&to: negative
!and&get&the&!system: positive
!and&get&the&system: neutral
and&!extended&!having&!support: positive
and&!extended&!having&support: negative
and&!extended&having&!make: conflict
and&!extended&having&make: positive
and&extended&!when: neutral
and&extended&when: conflict
DecisionTree learned:
!and&!reboot&!price&!get: negative
!and&!reboot&!price&get: conflict
!and&!reboot&price&!my: positive
!and&!reboot&price&my: neutral
!and&reboot: conflict
and&!bad&!graphics&!has: positive
and&!bad&!graphics&has: positive
and&!bad&graphics&!were: positive
and&!bad&graphics&were: negative
and&bad: negative
DecisionTree learned:
!and&!reboot&!dedicated&!but: negative
!and&!reboot&!dedicated&but: conflict
!and&!reboot&dedicated&!graphics: positive
!and&!reboot&dedicated&graphics: conflict
!and&reboot: conflict
and&!inch&!the&!they: positive
and&!inch&!the&they: negative
and&!inch&the&!is: negative
and&!inch&the&is: positive
and&inch: neutral
DecisionTree learned:
!and&!but&!get&!life: negative
!and&!but&!get&life: positive
!and&!but&get&!the: conflict
!and&!but&get&the: negative
!and&but&!its&!the: conflict
!and&but&!its&the: negative
!and&but&its: positive
and&!when&!the&!programs: neutral
and&!when&!the&programs: positive
and&!when&the&!is: negative
and&!when&the&is: positive
and&when&!the&!lightweight: negative
and&when&!the&lightweight: positive
and&when&the: conflict
DecisionTree learned:
!and&!concerned&!drive&!problems: negative
!and&!concerned&!drive&problems: negative
!and&!concerned&drive&!which: negative
!and&!concerned&drive&which: positive
!and&concerned: conflict
and&!extended&!word&!other: negative
and&!extended&!word&other: neutral
and&!extended&word&!internet: neutral
and&!extended&word&internet: positive
and&extended&!when: neutral
and&extended&when: conflict
DecisionTree learned:
!and&!screen&!some&!price: negative
!and&!screen&!some&price: positive
!and&!screen&some&!the: negative
!and&!screen&some&the: conflict
!and&screen&!the&!it: conflict
!and&screen&!the&it: conflict
!and&screen&the&!huge: negative
!and&screen&the&huge: conflict
and&!what&!word&!extended: positive
and&!what&!word&extended: neutral
and&!what&word&!i: neutral
and&!what&word&i: positive
and&what: conflict
DecisionTree learned:
!and&!worth&!quality&!huge: negative
!and&!worth&!quality&huge: conflict
!and&!worth&quality&!will: negative
!and&!worth&quality&will: conflict
!and&worth&!it&!i: conflict
!and&worth&!it&i: positive
!and&worth&it&!is: negative
!and&worth&it&is: positive
and&!inch&!firefox&!warranty: positive
and&!inch&!firefox&warranty: neutral
and&!inch&firefox: neutral
and&inch: neutral
DecisionTree learned:
!and&!reboot&!feature&!but: negative
!and&!reboot&!feature&but: conflict
!and&!reboot&feature&!of: positive
!and&!reboot&feature&of: conflict
!and&reboot: conflict
and&!stuff&!what&!we: positive
and&!stuff&!what&we: neutral
and&!stuff&what&!the: conflict
and&!stuff&what&the: positive
and&stuff: conflict
DecisionTree learned:
!and&!but&!get&!against: negative
!and&!but&!get&against: conflict
!and&!but&get&!the: conflict
!and&!but&get&the: negative
!and&but&!gaming&!the: conflict
!and&but&!gaming&the: negative
!and&but&gaming: positive
and&!extended&!as&!well: negative
and&!extended&!as&well: positive
and&!extended&as&!memory: positive
and&!extended&as&memory: neutral
and&extended&!when: neutral
and&extended&when: conflict
DecisionTree learned:
!and&!or&!get&!but: negative
!and&!or&!get&but: conflict
!and&!or&get&!the: conflict
!and&!or&get&the: negative
!and&or&!problem&!up: neutral
!and&or&!problem&up: negative
!and&or&problem: positive
and&!fast&!graphics&!has: negative
and&!fast&!graphics&has: positive
and&!fast&graphics&!were: positive
and&!fast&graphics&were: negative
and&fast: positive
DecisionTree learned:
!and&!worth&!get&!a: negative
!and&!worth&!get&a: neutral
!and&!worth&get&!the: conflict
!and&!worth&get&the: positive
!and&worth&!i&!it: conflict
!and&worth&!i&it: negative
!and&worth&i: positive
and&!we&!mic&!n: positive
and&!we&!mic&n: negative
and&!we&mic: negative
and&we&!so: conflict
and&we&so: neutral
DecisionTree learned:
!and&!little&!but&!generally: positive
!and&!little&!but&generally: conflict
!and&!little&but&!the: conflict
!and&!little&but&the: negative
!and&little&!mouse: negative
!and&little&mouse: conflict
and&!what&!extended&!stuff: negative
and&!what&!extended&stuff: conflict
and&!what&extended&!when: neutral
and&!what&extended&when: conflict
and&what: conflict
DecisionTree learned:
!and&!worth&!life&!screen: negative
!and&!worth&!life&screen: conflict
!and&!worth&life&!the: conflict
!and&!worth&life&the: positive
!and&worth&!i&!it: conflict
!and&worth&!i&it: negative
!and&worth&i: positive
and&!mic&!other&!gaming: positive
and&!mic&!other&gaming: neutral
and&!mic&other&!features: neutral
and&!mic&other&features: positive
and&mic: negative
DecisionTree learned:
!and&!against&!but&!a: negative
!and&!against&!but&a: neutral
!and&!against&but&!gaming: conflict
!and&!against&but&gaming: positive
!and&against: conflict
and&!stuff&!when&!mic: positive
and&!stuff&!when&mic: negative
and&!stuff&when&!the: negative
and&!stuff&when&the: conflict
and&stuff: conflict
DecisionTree learned:
!and&!inconvenient&!some&!screen: negative
!and&!inconvenient&!some&screen: negative
!and&!inconvenient&some&!the: negative
!and&!inconvenient&some&the: conflict
!and&inconvenient: conflict
and&!gaming&!in&!other: positive
and&!gaming&!in&other: neutral
and&!gaming&in&!a: negative
and&!gaming&in&a: positive
and&gaming&!movies: neutral
and&gaming&movies: positive
Trial 0 Training cc.mallet.classify.AdaBoostM2Trainer@1d2940b3 finished
Trial 0 Trainer cc.mallet.classify.AdaBoostM2Trainer@1d2940b3 test data accuracy = 0.4969574036511156

NaiveBayesTrainer
Summary. test accuracy mean = 0.6531440162271805 stddev = 0.0 stderr = 0.0

MaxEntTrainer,gaussianPriorVariance=1.0
Summary. test accuracy mean = 0.6166328600405679 stddev = 0.0 stderr = 0.0

cc.mallet.classify.DecisionTreeTrainer@266bade9
Summary. test accuracy mean = 0.5314401622718052 stddev = 0.0 stderr = 0.0

cc.mallet.classify.AdaBoostM2Trainer@1d2940b3
Summary. test accuracy mean = 0.4969574036511156 stddev = 0.0 stderr = 0.0
