
-------------------- Trial 0  --------------------

Trial 0 Training NaiveBayesTrainer with 1865 instances
Trial 0 Training NaiveBayesTrainer finished
Trial 0 Trainer NaiveBayesTrainer test data accuracy = 0.665314401622718
Trial 0 Training MaxEntTrainer,gaussianPriorVariance=1.0 with 1865 instances
Trial 0 Training MaxEntTrainer,gaussianPriorVariance=1.0 finished
Trial 0 Trainer MaxEntTrainer,gaussianPriorVariance=1.0 test data accuracy = 0.6430020283975659
Trial 0 Training cc.mallet.classify.DecisionTreeTrainer@69945ce with 1865 instances
DecisionTree learned:
!great&!easy&!and&!good: negative
!great&!easy&!and&good: positive
!great&!easy&and&!extended: positive
!great&!easy&and&extended: neutral
!great&easy&!not: positive
!great&easy&not&!carry: positive
!great&easy&not&carry: negative
great&!etc&!no&!lack: positive
great&!etc&!no&lack: negative
great&!etc&no: neutral
great&etc: negative
Trial 0 Training cc.mallet.classify.DecisionTreeTrainer@69945ce finished
Trial 0 Trainer cc.mallet.classify.DecisionTreeTrainer@69945ce test data accuracy = 0.5436105476673428
Trial 0 Training cc.mallet.classify.AdaBoostM2Trainer@49ff0dde with 1865 instances
DecisionTree learned:
!great&!easy&!and&!good: negative
!great&!easy&!and&good: positive
!great&!easy&and&!were: positive
!great&!easy&and&were: negative
!great&easy&!not: positive
!great&easy&not&!carry: positive
!great&easy&not&carry: negative
great&!etc&!no&!lack: positive
great&!etc&!no&lack: negative
great&!etc&no: neutral
great&etc: negative
DecisionTree learned:
!great&!easy&!and&!but: negative
!great&!easy&!and&but: negative
!great&!easy&and&!extended: positive
!great&!easy&and&extended: neutral
!great&easy&!not: positive
!great&easy&not&!carry: positive
!great&easy&not&carry: negative
great&!etc&!video&!longer: positive
great&!etc&!video&longer: conflict
great&!etc&video: conflict
great&etc: negative
DecisionTree learned:
!great&!and&!but&!good: negative
!great&!and&!but&good: positive
!great&!and&but&!became: negative
!great&!and&but&became: conflict
!great&and&!firefox&!email: positive
!great&and&!firefox&email: neutral
!great&and&firefox: neutral
great&!no&!etc&!lack: positive
great&!no&!etc&lack: negative
great&!no&etc: negative
great&no: neutral
DecisionTree learned:
!great&!easy&!good&!and: negative
!great&!easy&!good&and: positive
!great&!easy&good&!just: positive
!great&!easy&good&just: negative
!great&easy&!not: positive
!great&easy&not&!carry: positive
!great&easy&not&carry: negative
great&!no&!etc&!longer: positive
great&!no&!etc&longer: conflict
great&!no&etc: negative
great&no: neutral
DecisionTree learned:
!great&!easy&!but&!speed: negative
!great&!easy&!but&speed: positive
!great&!easy&but&!memory: negative
!great&!easy&but&memory: neutral
!great&easy&!carry: positive
!great&easy&carry&!not: positive
!great&easy&carry&not: negative
great&!etc&!video&!small: positive
great&!etc&!video&small: conflict
great&!etc&video: conflict
great&etc: negative
DecisionTree learned:
!but&!great&!speed&!easy: negative
!but&!great&!speed&easy: positive
!but&!great&speed&!difference: positive
!but&!great&speed&difference: negative
!but&great&!no&!longer: positive
!but&great&!no&longer: conflict
!but&great&no: neutral
but&!repair&!the&!memory: conflict
but&!repair&!the&memory: neutral
but&!repair&the&!to: positive
but&!repair&the&to: neutral
but&repair: negative
DecisionTree learned:
!great&!but&!good&!very: negative
!great&!but&!good&very: positive
!great&!but&good&!games: positive
!great&!but&good&games: neutral
!great&but&!repair&!software: positive
!great&but&!repair&software: negative
!great&but&repair: negative
great&!video&!etc&!its: positive
great&!video&!etc&its: negative
great&!video&etc: negative
great&video: conflict
DecisionTree learned:
!but&!great&!good&!speed: negative
!but&!great&!good&speed: positive
!but&!great&good&!just: positive
!but&!great&good&just: negative
!but&great&!lack&!etc: positive
!but&great&!lack&etc: negative
!but&great&lack: negative
but&!repair&!memory&!the: conflict
but&!repair&!memory&the: positive
but&!repair&memory: neutral
but&repair: negative
DecisionTree learned:
!but&!great&!or&!easy: positive
!but&!great&!or&easy: positive
!but&!great&or&!windows: neutral
!but&!great&or&windows: negative
!but&great&!video&!no: positive
!but&great&!video&no: neutral
!but&great&video: conflict
but&!battery&!the&!memory: negative
but&!battery&!the&memory: neutral
but&!battery&the&!better: positive
but&!battery&the&better: conflict
but&battery: conflict
DecisionTree learned:
!great&!and&!love&!but: negative
!great&!and&!love&but: negative
!great&!and&love: positive
!great&and&!extended&!what: positive
!great&and&!extended&what: conflict
!great&and&extended&!when: neutral
!great&and&extended&when: conflict
great&!longer&!small&!no: positive
great&!longer&!small&no: neutral
great&!longer&small: conflict
great&longer: conflict
DecisionTree learned:
!but&!is&!fast&!speed: negative
!but&!is&!fast&speed: positive
!but&!is&fast: positive
!but&is&!not&!screen: positive
!but&is&!not&screen: positive
!but&is&not&!so: negative
!but&is&not&so: conflict
but&!still&!memory&!the: conflict
but&!still&!memory&the: negative
but&!still&memory: neutral
but&still&!and: neutral
but&still&and: positive
DecisionTree learned:
!and&!love&!but&!is: negative
!and&!love&!but&is: positive
!and&!love&but&!the: conflict
!and&!love&but&the: positive
!and&love: positive
and&!extended&!fast&!mic: positive
and&!extended&!fast&mic: negative
and&!extended&fast: positive
and&extended&!when: neutral
and&extended&when: conflict
DecisionTree learned:
!but&!not&!and&!love: negative
!but&!not&!and&love: positive
!but&!not&and&!were: positive
!but&!not&and&were: negative
!but&not&!i&!what: negative
!but&not&!i&what: conflict
!but&not&i: neutral
but&!repair&!software&!could: positive
but&!repair&!software&could: negative
but&!repair&software&!of: negative
but&!repair&software&of: neutral
but&repair: negative
DecisionTree learned:
!but&!great&!not&!and: negative
!but&!great&!not&and: positive
!but&!great&not&!i: negative
!but&!great&not&i: neutral
!but&great&!video&!longer: positive
!but&great&!video&longer: conflict
!but&great&video: conflict
but&!i&!and&!of: negative
but&!i&!and&of: conflict
but&!i&and&!it: positive
but&!i&and&it: conflict
but&i&!camera&!is: positive
but&i&!camera&is: neutral
but&i&camera: conflict
DecisionTree learned:
!but&!is&!speed&!fast: negative
!but&!is&!speed&fast: positive
!but&!is&speed&!etc: positive
!but&!is&speed&etc: negative
!but&is&!bit&!not: positive
!but&is&!bit&not: negative
!but&is&bit&!screen: negative
!but&is&bit&screen: conflict
but&!still&!life&!of: negative
but&!still&!life&of: neutral
but&!still&life: conflict
but&still&!and: neutral
but&still&and: positive
DecisionTree learned:
!but&!easy&!good&!very: negative
!but&!easy&!good&very: positive
!but&!easy&good&!just: positive
!but&!easy&good&just: negative
!but&easy&!carry: positive
!but&easy&carry&!not: positive
!but&easy&carry&not: negative
but&!repair&!functioning&!are: positive
but&!repair&!functioning&are: conflict
but&!repair&functioning: neutral
but&repair: negative
DecisionTree learned:
!but&!and&!or&!run: negative
!but&!and&!or&run: neutral
!but&!and&or&!as: neutral
!but&!and&or&as: negative
!but&and&!extended&!what: positive
!but&and&!extended&what: conflict
!but&and&extended&!when: neutral
!but&and&extended&when: conflict
but&!the&!memory&!n: conflict
but&!the&!memory&n: negative
but&!the&memory: neutral
but&the&!to&!are: negative
but&the&!to&are: conflict
but&the&to&!that: neutral
but&the&to&that: conflict
DecisionTree learned:
!and&!but&!to&!love: negative
!and&!but&!to&love: positive
!and&!but&to&!easy: neutral
!and&!but&to&easy: positive
!and&but&!repair&!still: negative
!and&but&!repair&still: neutral
!and&but&repair: negative
and&!extended&!email&!extra: positive
and&!extended&!email&extra: neutral
and&!extended&email&!office: neutral
and&!extended&email&office: positive
and&extended&!when: neutral
and&extended&when: conflict
DecisionTree learned:
!and&!or&!drive&!but: negative
!and&!or&!drive&but: negative
!and&!or&drive&!after: negative
!and&!or&drive&after: neutral
!and&or&!as&!lagging: neutral
!and&or&!as&lagging: positive
!and&or&as: negative
and&!what&!word&!extended: positive
and&!what&!word&extended: neutral
and&!what&word&!internet: neutral
and&!what&word&internet: positive
and&what&!it: positive
and&what&it: conflict
DecisionTree learned:
!but&!and&!or&!not: negative
!but&!and&!or&not: negative
!but&!and&or&!windows: neutral
!but&!and&or&windows: negative
!but&and&!mic&!extended: positive
!but&and&!mic&extended: neutral
!but&and&mic: negative
but&!an&!the&!called: conflict
but&!an&!the&called: neutral
but&!an&the&!are: positive
but&!an&the&are: conflict
but&an&!with: conflict
but&an&with: neutral
DecisionTree learned:
!but&!great&!awesome&!easy: negative
!but&!great&!awesome&easy: positive
!but&!great&awesome: positive
!but&great&!lack&!longer: positive
!but&great&!lack&longer: conflict
!but&great&lack: negative
but&!an&!it&!software: positive
but&!an&!it&software: negative
but&!an&it&!keys: negative
but&!an&it&keys: positive
but&an&!with: conflict
but&an&with: neutral
DecisionTree learned:
!and&!very&!price&!love: negative
!and&!very&!price&love: positive
!and&!very&price&!it: positive
!and&!very&price&it: conflict
!and&very&!games&!large: positive
!and&very&!games&large: negative
!and&very&games: neutral
and&!email&!buttons&!bios: positive
and&!email&!buttons&bios: negative
and&!email&buttons: negative
and&email&!office: neutral
and&email&office: positive
DecisionTree learned:
!but&!and&!or&!to: positive
!but&!and&!or&to: negative
!but&!and&or&!windows: neutral
!but&!and&or&windows: negative
!but&and&!email&!extended: positive
!but&and&!email&extended: neutral
!but&and&email&!office: neutral
!but&and&email&office: positive
but&!battery&!the&!n: conflict
but&!battery&!the&n: negative
but&!battery&the&!better: positive
but&!battery&the&better: conflict
but&battery: conflict
DecisionTree learned:
!and&!or&!drive&!to: negative
!and&!or&!drive&to: negative
!and&!or&drive&!via: negative
!and&!or&drive&via: neutral
!and&or&!as&!lagging: neutral
!and&or&!as&lagging: positive
!and&or&as: negative
and&!were&!the&!firefox: positive
and&!were&!the&firefox: neutral
and&!were&the&!same: negative
and&!were&the&same: neutral
and&were&!laptop&!software: negative
and&were&!laptop&software: neutral
and&were&laptop: conflict
DecisionTree learned:
!but&!great&!speed&!very: negative
!but&!great&!speed&very: positive
!but&!great&speed&!difference: positive
!but&!great&speed&difference: negative
!but&great&!video&!longer: positive
!but&great&!video&longer: conflict
!but&great&video: conflict
but&!an&!the&!memory: conflict
but&!an&!the&memory: neutral
but&!an&the&!to: positive
but&!an&the&to: neutral
but&an&!with: conflict
but&an&with: neutral
DecisionTree learned:
!and&!but&!to&!or: negative
!and&!but&!to&or: neutral
!and&!but&to&!easy: negative
!and&!but&to&easy: positive
!and&but&!i&!called: negative
!and&but&!i&called: neutral
!and&but&i&!the: negative
!and&but&i&the: positive
and&!word&!what&!the: positive
and&!word&!what&the: negative
and&!word&what&!it: positive
and&!word&what&it: conflict
and&word&!internet&!its: neutral
and&word&!internet&its: conflict
and&word&internet: positive
DecisionTree learned:
!and&!price&!but&!a: negative
!and&!price&!but&a: negative
!and&!price&but&!still: negative
!and&!price&but&still: neutral
!and&price&!since&!it: positive
!and&price&!since&it: conflict
!and&price&since: conflict
and&!word&!having&!extended: positive
and&!word&!having&extended: neutral
and&!word&having&!make: conflict
and&!word&having&make: positive
and&word&!its&!internet: neutral
and&word&!its&internet: positive
and&word&its: conflict
DecisionTree learned:
!but&!and&!to&!screen: negative
!but&!and&!to&screen: negative
!but&!and&to&!be: neutral
!but&!and&to&be: positive
!but&and&!having&!extended: positive
!but&and&!having&extended: neutral
!but&and&having&!make: conflict
!but&and&having&make: positive
but&!became&!the&!memory: conflict
but&!became&!the&memory: neutral
but&!became&the&!to: positive
but&!became&the&to: neutral
but&became: conflict
DecisionTree learned:
!but&!and&!to&!screen: negative
!but&!and&!to&screen: negative
!but&!and&to&!up: negative
!but&!and&to&up: positive
!but&and&!extended&!firefox: positive
!but&and&!extended&firefox: neutral
!but&and&extended&!when: neutral
!but&and&extended&when: conflict
but&!i&!it&!and: negative
but&!i&!it&and: positive
but&!i&it&!that: conflict
but&!i&it&that: positive
but&i&!has&!buttons: positive
but&i&!has&buttons: negative
but&i&has&!found: conflict
but&i&has&found: negative
DecisionTree learned:
!and&!or&!but&!to: negative
!and&!or&!but&to: negative
!and&!or&but&!called: negative
!and&!or&but&called: neutral
!and&or&!as&!up: neutral
!and&or&!as&up: negative
!and&or&as: negative
and&!extended&!what&!word: positive
and&!extended&!what&word: neutral
and&!extended&what&!it: positive
and&!extended&what&it: conflict
and&extended&!when: neutral
and&extended&when: conflict
DecisionTree learned:
!and&!but&!to&!get: negative
!and&!but&!to&get: conflict
!and&!but&to&!up: negative
!and&!but&to&up: positive
!and&but&!hard&!called: conflict
!and&but&!hard&called: neutral
!and&but&hard: neutral
and&!word&!extended&!what: positive
and&!word&!extended&what: conflict
and&!word&extended&!when: neutral
and&!word&extended&when: conflict
and&word&!internet&!its: neutral
and&word&!internet&its: conflict
and&word&internet: positive
DecisionTree learned:
!and&!macbook&!screen&!price: negative
!and&!macbook&!screen&price: positive
!and&!macbook&screen&!the: conflict
!and&!macbook&screen&the: negative
!and&macbook&!pro&!fast: conflict
!and&macbook&!pro&fast: positive
!and&macbook&pro&!completely: positive
!and&macbook&pro&completely: negative
and&!were&!what&!word: positive
and&!were&!what&word: neutral
and&!were&what&!it: positive
and&!were&what&it: conflict
and&were&!software&!laptop: negative
and&were&!software&laptop: conflict
and&were&software: neutral
DecisionTree learned:
!and&!love&!but&!is: negative
!and&!love&!but&is: positive
!and&!love&but&!the: conflict
!and&!love&but&the: negative
!and&love: positive
and&!word&!fast&!buttons: positive
and&!word&!fast&buttons: negative
and&!word&fast: positive
and&word&!its&!internet: neutral
and&word&!its&internet: positive
and&word&its: conflict
DecisionTree learned:
!and&!portability&!drive&!screen: negative
!and&!portability&!drive&screen: negative
!and&!portability&drive&!it: neutral
!and&!portability&drive&it: negative
!and&portability: conflict
and&!word&!extended&!sd: positive
and&!word&!extended&sd: neutral
and&!word&extended&!when: neutral
and&!word&extended&when: conflict
and&word&!internet&!its: neutral
and&word&!internet&its: conflict
and&word&internet: positive
DecisionTree learned:
!but&!good&!and&!to: negative
!but&!good&!and&to: negative
!but&!good&and&!fast: positive
!but&!good&and&fast: positive
!but&good&!games&!just: positive
!but&good&!games&just: negative
!but&good&games: neutral
but&!repair&!the&!you: conflict
but&!repair&!the&you: negative
but&!repair&the&!to: positive
but&!repair&the&to: neutral
but&repair: negative
DecisionTree learned:
!and&!but&!to&!some: negative
!and&!but&!to&some: conflict
!and&!but&to&!of: neutral
!and&!but&to&of: positive
!and&but&!still&!media: conflict
!and&but&!still&media: neutral
!and&but&still: neutral
and&!word&!buttons&!when: positive
and&!word&!buttons&when: negative
and&!word&buttons: negative
and&word&!its&!internet: neutral
and&word&!its&internet: positive
and&word&its: conflict
DecisionTree learned:
!and&!awesome&!very&!love: negative
!and&!awesome&!very&love: positive
!and&!awesome&very&!games: positive
!and&!awesome&very&games: neutral
!and&awesome: positive
and&!email&!extended&!other: positive
and&!email&!extended&other: neutral
and&!email&extended&!when: neutral
and&!email&extended&when: conflict
and&email&!office: neutral
and&email&office: positive
DecisionTree learned:
!and&!or&!drive&!screen: negative
!and&!or&!drive&screen: negative
!and&!or&drive&!dvd: neutral
!and&!or&drive&dvd: negative
!and&or&!lagging&!up: neutral
!and&or&!lagging&up: negative
!and&or&lagging: positive
and&!what&!extended&!word: positive
and&!what&!extended&word: neutral
and&!what&extended&!when: neutral
and&!what&extended&when: conflict
and&what&!it: positive
and&what&it: conflict
DecisionTree learned:
!and&!but&!to&!dedicated: negative
!and&!but&!to&dedicated: conflict
!and&!but&to&!easy: negative
!and&!but&to&easy: positive
!and&but&!still&!the: conflict
!and&but&!still&the: negative
!and&but&still: neutral
and&!word&!extended&!what: positive
and&!word&!extended&what: conflict
and&!word&extended&!when: neutral
and&!word&extended&when: conflict
and&word&!its&!i: neutral
and&word&!its&i: positive
and&word&its: conflict
DecisionTree learned:
!and&!macbook&!but&!to: negative
!and&!macbook&!but&to: neutral
!and&!macbook&but&!still: negative
!and&!macbook&but&still: neutral
!and&macbook&!pro&!fast: conflict
!and&macbook&!pro&fast: positive
!and&macbook&pro&!completely: positive
!and&macbook&pro&completely: negative
and&!what&!word&!fast: positive
and&!what&!word&fast: positive
and&!what&word&!internet: neutral
and&!what&word&internet: positive
and&what&!it: positive
and&what&it: conflict
DecisionTree learned:
!and&!but&!to&!some: negative
!and&!but&!to&some: negative
!and&!but&to&!easy: negative
!and&!but&to&easy: positive
!and&but&!battery&!still: negative
!and&but&!battery&still: neutral
!and&but&battery: conflict
and&!what&!extended&!word: positive
and&!what&!extended&word: neutral
and&!what&extended&!when: neutral
and&!what&extended&when: conflict
and&what&!it: positive
and&what&it: conflict
DecisionTree learned:
!and&!drive&!worth&!screen: negative
!and&!drive&!worth&screen: negative
!and&!drive&worth&!at: conflict
!and&!drive&worth&at: positive
!and&drive&!i&!interface: negative
!and&drive&!i&interface: positive
!and&drive&i&!it: neutral
!and&drive&i&it: negative
and&!extended&!what&!email: positive
and&!extended&!what&email: neutral
and&!extended&what&!it: positive
and&!extended&what&it: conflict
and&extended&!when: neutral
and&extended&when: conflict
DecisionTree learned:
!and&!is&!macbook&!but: neutral
!and&!is&!macbook&but: negative
!and&!is&macbook&!pro: conflict
!and&!is&macbook&pro: positive
!and&is&!bit&!dedicated: positive
!and&is&!bit&dedicated: conflict
!and&is&bit&!body: conflict
!and&is&bit&body: negative
and&!extended&!word&!other: positive
and&!extended&!word&other: neutral
and&!extended&word&!its: neutral
and&!extended&word&its: conflict
and&extended&!when: neutral
and&extended&when: conflict
DecisionTree learned:
!and&!worth&!or&!dedicated: negative
!and&!worth&!or&dedicated: conflict
!and&!worth&or&!as: neutral
!and&!worth&or&as: negative
!and&worth&!pricetag&!price: positive
!and&worth&!pricetag&price: conflict
!and&worth&pricetag: conflict
and&!what&!fast&!same: positive
and&!what&!fast&same: neutral
and&!what&fast: positive
and&what&!it: positive
and&what&it: conflict
DecisionTree learned:
!and&!to&!love&!screen: negative
!and&!to&!love&screen: negative
!and&!to&love: positive
!and&to&!up&!replace: neutral
!and&to&!up&replace: negative
!and&to&up&!boot: positive
!and&to&up&boot: negative
and&!buttons&!bios&!mic: positive
and&!buttons&!bios&mic: negative
and&!buttons&bios: negative
and&buttons: negative
DecisionTree learned:
!and&!drive&!to&!screen: positive
!and&!drive&!to&screen: conflict
!and&!drive&to&!easy: neutral
!and&!drive&to&easy: positive
!and&drive&!an&!external: neutral
!and&drive&!an&external: neutral
!and&drive&an: negative
and&!oh&!firefox&!having: positive
and&!oh&!firefox&having: conflict
and&!oh&firefox: neutral
and&oh: conflict
DecisionTree learned:
!and&!dedicated&!macbook&!screen: negative
!and&!dedicated&!macbook&screen: negative
!and&!dedicated&macbook&!pro: conflict
!and&!dedicated&macbook&pro: positive
!and&dedicated&!graphics&!also: neutral
!and&dedicated&!graphics&also: positive
!and&dedicated&graphics: conflict
and&!buttons&!bluetooth&!n: positive
and&!buttons&!bluetooth&n: negative
and&!buttons&bluetooth: negative
and&buttons: negative
DecisionTree learned:
!and&!price&!screen&!dedicated: negative
!and&!price&!screen&dedicated: conflict
!and&!price&screen&!the: conflict
!and&!price&screen&the: negative
!and&price&!since&!it: positive
!and&price&!since&it: conflict
!and&price&since: conflict
and&!port&!oh&!bluetooth: positive
and&!port&!oh&bluetooth: negative
and&!port&oh: conflict
and&port&!video: neutral
and&port&video: negative
DecisionTree learned:
!and&!worth&!but&!to: negative
!and&!worth&!but&to: negative
!and&!worth&but&!the: conflict
!and&!worth&but&the: negative
!and&worth&!the: negative
!and&worth&the&!i: conflict
!and&worth&the&i: positive
and&!having&!email&!same: positive
and&!having&!email&same: neutral
and&!having&email&!office: neutral
and&!having&email&office: positive
and&having&!make: conflict
and&having&make: positive
DecisionTree learned:
!and&!but&!to&!generally: negative
!and&!but&!to&generally: conflict
!and&!but&to&!be: neutral
!and&!but&to&be: positive
!and&but&!battery&!the: conflict
!and&but&!battery&the: positive
!and&but&battery: conflict
and&!having&!n&!graphics: positive
and&!having&!n&graphics: positive
and&!having&n&!i: negative
and&!having&n&i: neutral
and&having&!make: conflict
and&having&make: positive
DecisionTree learned:
!and&!awesome&!to&!get: negative
!and&!awesome&!to&get: conflict
!and&!awesome&to&!but: negative
!and&!awesome&to&but: neutral
!and&awesome: positive
and&!support&!the&!cd: positive
and&!support&!the&cd: negative
and&!support&the&!same: negative
and&!support&the&same: neutral
and&support&!great: negative
and&support&great: positive
DecisionTree learned:
!and&!but&!to&!dedicated: negative
!and&!but&!to&dedicated: conflict
!and&!but&to&!of: neutral
!and&!but&to&of: negative
!and&but&!the&!you: conflict
!and&but&!the&you: negative
!and&but&the&!i: negative
!and&but&the&i: positive
and&!firefox&!extended&!are: positive
and&!firefox&!extended&are: negative
and&!firefox&extended&!when: neutral
and&!firefox&extended&when: conflict
and&firefox: neutral
DecisionTree learned:
!and&!drive&!screen&!inconvenient: negative
!and&!drive&!screen&inconvenient: conflict
!and&!drive&screen&!the: conflict
!and&!drive&screen&the: negative
!and&drive&!dvd&!keyboard: neutral
!and&drive&!dvd&keyboard: positive
!and&drive&dvd: negative
and&!what&!word&!when: positive
and&!what&!word&when: negative
and&!what&word&!i: neutral
and&!what&word&i: positive
and&what&!it: positive
and&what&it: conflict
DecisionTree learned:
!and&!lacking&!macbook&!but: negative
!and&!lacking&!macbook&but: conflict
!and&!lacking&macbook&!pro: conflict
!and&!lacking&macbook&pro: positive
!and&lacking: conflict
and&!my&!word&!bios: positive
and&!my&!word&bios: negative
and&!my&word&!its: neutral
and&!my&word&its: conflict
and&my&!was&!built: neutral
and&my&!was&built: negative
and&my&was: negative
DecisionTree learned:
!and&!but&!to&!get: positive
!and&!but&!to&get: conflict
!and&!but&to&!not: negative
!and&!but&to&not: negative
!and&but&!an&!still: negative
!and&but&!an&still: neutral
!and&but&an&!with: conflict
!and&but&an&with: neutral
and&!what&!extended&!firefox: positive
and&!what&!extended&firefox: neutral
and&!what&extended&!when: neutral
and&!what&extended&when: conflict
and&what&!it: positive
and&what&it: conflict
DecisionTree learned:
!and&!screen&!but&!worth: negative
!and&!screen&!but&worth: conflict
!and&!screen&but&!called: conflict
!and&!screen&but&called: neutral
!and&screen&!the&!all: conflict
!and&screen&!the&all: neutral
!and&screen&the&!huge: negative
!and&screen&the&huge: conflict
and&!extended&!the&!programs: positive
and&!extended&!the&programs: negative
and&!extended&the&!functioning: negative
and&!extended&the&functioning: neutral
and&extended&!when: neutral
and&extended&when: conflict
DecisionTree learned:
!and&!huge&!love&!drive: negative
!and&!huge&!love&drive: neutral
!and&!huge&love: positive
!and&huge&!mousepad: conflict
!and&huge&mousepad: negative
and&!email&!oh&!what: positive
and&!email&!oh&what: conflict
and&!email&oh: conflict
and&email&!office: neutral
and&email&office: positive
DecisionTree learned:
!and&!dedicated&!but&!to: negative
!and&!dedicated&!but&to: negative
!and&!dedicated&but&!card: negative
!and&!dedicated&but&card: neutral
!and&dedicated&!graphics&!also: neutral
!and&dedicated&!graphics&also: positive
!and&dedicated&graphics: conflict
and&!support&!what&!extended: positive
and&!support&!what&extended: neutral
and&!support&what&!it: positive
and&!support&what&it: conflict
and&support: negative
DecisionTree learned:
!and&!but&!to&!some: positive
!and&!but&!to&some: negative
!and&!but&to&!of: neutral
!and&!but&to&of: positive
!and&but&!i&!the: conflict
!and&but&!i&the: negative
!and&but&i&!has: positive
!and&but&i&has: negative
and&!buttons&!graphics&!fast: positive
and&!buttons&!graphics&fast: positive
and&!buttons&graphics&!were: positive
and&!buttons&graphics&were: negative
and&buttons: negative
DecisionTree learned:
!and&!perfect&!screen&!some: negative
!and&!perfect&!screen&some: conflict
!and&!perfect&screen&!the: conflict
!and&!perfect&screen&the: negative
!and&perfect: conflict
and&!extended&!n&!has: positive
and&!extended&!n&has: positive
and&!extended&n&!a: negative
and&!extended&n&a: positive
and&extended&!when: neutral
and&extended&when: conflict
DecisionTree learned:
!and&!to&!some&!worth: negative
!and&!to&!some&worth: conflict
!and&!to&some&!os: negative
!and&!to&some&os: conflict
!and&to&!but&!of: neutral
!and&to&!but&of: positive
!and&to&but&!battery: neutral
!and&to&but&battery: conflict
and&!bluetooth&!for&!programs: positive
and&!bluetooth&!for&programs: positive
and&!bluetooth&for&!to: neutral
and&!bluetooth&for&to: negative
and&bluetooth: negative
DecisionTree learned:
!and&!screen&!but&!to: positive
!and&!screen&!but&to: neutral
!and&!screen&but&!have: negative
!and&!screen&but&have: conflict
!and&screen&!the&!all: conflict
!and&screen&!the&all: negative
!and&screen&the&!huge: negative
!and&screen&the&huge: conflict
and&!bluetooth&!word&!programs: positive
and&!bluetooth&!word&programs: positive
and&!bluetooth&word&!its: neutral
and&!bluetooth&word&its: conflict
and&bluetooth: negative
DecisionTree learned:
!and&!to&!some&!perfect: negative
!and&!to&!some&perfect: conflict
!and&!to&some&!the: negative
!and&!to&some&the: conflict
!and&to&!but&!be: neutral
!and&to&!but&be: positive
!and&to&but&!battery: neutral
!and&to&but&battery: conflict
and&!oh&!extended&!what: positive
and&!oh&!extended&what: conflict
and&!oh&extended&!when: neutral
and&!oh&extended&when: conflict
and&oh: conflict
DecisionTree learned:
!and&!some&!but&!a: negative
!and&!some&!but&a: negative
!and&!some&but&!card: conflict
!and&!some&but&card: neutral
!and&some&!the&!do: negative
!and&some&!the&do: neutral
!and&some&the&!os: conflict
!and&some&the&os: conflict
and&!support&!buttons&!word: positive
and&!support&!buttons&word: neutral
and&!support&buttons: negative
and&support: negative
DecisionTree learned:
!and&!drive&!warranty&!very: positive
!and&!drive&!warranty&very: positive
!and&!drive&warranty&!business: neutral
!and&!drive&warranty&business: positive
!and&drive&!interface&!i: negative
!and&drive&!interface&i: neutral
!and&drive&interface: positive
and&!oh&!what&!amazing: positive
and&!oh&!what&amazing: positive
and&!oh&what&!it: positive
and&!oh&what&it: conflict
and&oh: conflict
DecisionTree learned:
!and&!google&!macbook&!some: negative
!and&!google&!macbook&some: conflict
!and&!google&macbook&!pro: conflict
!and&!google&macbook&pro: positive
!and&google: conflict
and&!support&!the&!its: positive
and&!support&!the&its: negative
and&!support&the&!we: negative
and&!support&the&we: conflict
and&support: negative
DecisionTree learned:
!and&!to&!it&!get: neutral
!and&!to&!it&get: conflict
!and&!to&it&!a: negative
!and&!to&it&a: conflict
!and&to&!but&!easy: neutral
!and&to&!but&easy: positive
!and&to&but&!battery: neutral
!and&to&but&battery: conflict
and&!extended&!mic&!fast: positive
and&!extended&!mic&fast: positive
and&!extended&mic: negative
and&extended&!when: neutral
and&extended&when: conflict
DecisionTree learned:
!and&!or&!but&!to: negative
!and&!or&!but&to: negative
!and&!or&but&!repair: conflict
!and&!or&but&repair: negative
!and&or&!lagging&!other: neutral
!and&or&!lagging&other: positive
!and&or&lagging: positive
and&!good&!oh&!after: positive
and&!good&!oh&after: negative
and&!good&oh: conflict
and&good: positive
DecisionTree learned:
!and&!screen&!not&!drive: positive
!and&!screen&!not&drive: negative
!and&!screen&not&!graphics: negative
!and&!screen&not&graphics: conflict
!and&screen&!the&!all: conflict
!and&screen&!the&all: negative
!and&screen&the&!huge: negative
!and&screen&the&huge: conflict
and&!ease&!processor&!fast: negative
and&!ease&!processor&fast: positive
and&!ease&processor: positive
and&ease: positive
DecisionTree learned:
!and&!but&!to&!get: negative
!and&!but&!to&get: conflict
!and&!but&to&!be: neutral
!and&!but&to&be: positive
!and&but&!became&!still: conflict
!and&but&!became&still: neutral
!and&but&became: conflict
and&!word&!having&!extended: positive
and&!word&!having&extended: neutral
and&!word&having&!make: conflict
and&!word&having&make: positive
and&word&!its&!internet: neutral
and&word&!its&internet: positive
and&word&its: conflict
DecisionTree learned:
!and&!to&!awesome&!dedicated: negative
!and&!to&!awesome&dedicated: conflict
!and&!to&awesome: positive
!and&to&!easy&!but: neutral
!and&to&!easy&but: neutral
!and&to&easy&!not: positive
!and&to&easy&not: negative
and&!having&!email&!support: positive
and&!having&!email&support: negative
and&!having&email&!office: neutral
and&!having&email&office: positive
and&having&!make: conflict
and&having&make: positive
DecisionTree learned:
!and&!but&!to&!screen: positive
!and&!but&!to&screen: conflict
!and&!but&to&!up: neutral
!and&!but&to&up: positive
!and&but&!the&!external: conflict
!and&but&!the&external: neutral
!and&but&the&!of: negative
!and&but&the&of: neutral
and&!what&!support&!the: positive
and&!what&!support&the: negative
and&!what&support: negative
and&what&!it: positive
and&what&it: conflict
DecisionTree learned:
!and&!to&!dedicated&!screen: negative
!and&!to&!dedicated&screen: conflict
!and&!to&dedicated&!graphics: positive
!and&!to&dedicated&graphics: conflict
!and&to&!but&!of: neutral
!and&to&!but&of: positive
!and&to&but&!battery: neutral
!and&to&but&battery: conflict
and&!extended&!oh&!look: positive
and&!extended&!oh&look: positive
and&!extended&oh: conflict
and&extended&!when: neutral
and&extended&when: conflict
DecisionTree learned:
!and&!to&!it&!get: negative
!and&!to&!it&get: conflict
!and&!to&it&!a: negative
!and&!to&it&a: conflict
!and&to&!but&!easy: negative
!and&to&!but&easy: positive
!and&to&but&!battery: neutral
!and&to&but&battery: conflict
and&!email&!out&!what: positive
and&!email&!out&what: conflict
and&!email&out&!was: negative
and&!email&out&was: neutral
and&email&!office: neutral
and&email&office: positive
DecisionTree learned:
!and&!price&!but&!to: negative
!and&!price&!but&to: neutral
!and&!price&but&!used: conflict
!and&!price&but&used: neutral
!and&price&!since&!it: positive
!and&price&!since&it: conflict
!and&price&since: conflict
and&!extended&!are&!n: positive
and&!extended&!are&n: negative
and&!extended&are&!the: positive
and&!extended&are&the: negative
and&extended&!when: neutral
and&extended&when: conflict
DecisionTree learned:
!and&!worth&!drive&!to: positive
!and&!worth&!drive&to: neutral
!and&!worth&drive&!interface: negative
!and&!worth&drive&interface: positive
!and&worth&!i&!of: conflict
!and&worth&!i&of: negative
!and&worth&i: positive
and&!what&!my&!email: negative
and&!what&!my&email: neutral
and&!what&my&!than: neutral
and&!what&my&than: positive
and&what&!it: positive
and&what&it: conflict
DecisionTree learned:
!and&!to&!screen&!get: negative
!and&!to&!screen&get: conflict
!and&!to&screen&!it: negative
!and&!to&screen&it: conflict
!and&to&!be&!but: negative
!and&to&!be&but: neutral
!and&to&be&!that: positive
!and&to&be&that: negative
and&!buttons&!support&!purchase: positive
and&!buttons&!support&purchase: neutral
and&!buttons&support: negative
and&buttons: negative
DecisionTree learned:
!and&!to&!get&!generally: negative
!and&!to&!get&generally: conflict
!and&!to&get&!the: conflict
!and&!to&get&the: negative
!and&to&!but&!of: neutral
!and&to&!but&of: positive
!and&to&but&!battery: neutral
!and&to&but&battery: conflict
and&!bluetooth&!for&!ease: negative
and&!bluetooth&!for&ease: positive
and&!bluetooth&for&!to: positive
and&!bluetooth&for&to: negative
and&bluetooth: negative
DecisionTree learned:
!and&!macbook&!some&!screen: negative
!and&!macbook&!some&screen: conflict
!and&!macbook&some&!the: negative
!and&!macbook&some&the: conflict
!and&macbook&!pro&!as: conflict
!and&macbook&!pro&as: negative
!and&macbook&pro&!completely: positive
!and&macbook&pro&completely: negative
and&!what&!extended&!after: positive
and&!what&!extended&after: neutral
and&!what&extended&!when: neutral
and&!what&extended&when: conflict
and&what&!it: positive
and&what&it: conflict
DecisionTree learned:
!and&!but&!to&!get: negative
!and&!but&!to&get: conflict
!and&!but&to&!up: negative
!and&!but&to&up: positive
!and&but&!external&!hard: conflict
!and&but&!external&hard: neutral
!and&but&external: neutral
and&!having&!extra&!look: negative
and&!having&!extra&look: positive
and&!having&extra&!is: neutral
and&!having&extra&is: positive
and&having&!make: conflict
and&having&make: positive
DecisionTree learned:
!and&!but&!to&!some: negative
!and&!but&!to&some: conflict
!and&!but&to&!easy: negative
!and&!but&to&easy: positive
!and&but&!still&!i: conflict
!and&but&!still&i: positive
!and&but&still: neutral
and&!same&!the&!its: positive
and&!same&!the&its: negative
and&!same&the&!extra: negative
and&!same&the&extra: neutral
and&same: neutral
DecisionTree learned:
!and&!to&!get&!it: negative
!and&!to&!get&it: negative
!and&!to&get&!the: conflict
!and&!to&get&the: negative
!and&to&!you&!but: negative
!and&to&!you&but: conflict
!and&to&you&!screen: neutral
!and&to&you&screen: positive
and&!gaming&!fast&!in: positive
and&!gaming&!fast&in: negative
and&!gaming&fast: positive
and&gaming&!it&!i: positive
and&gaming&!it&i: neutral
and&gaming&it: neutral
DecisionTree learned:
!and&!to&!screen&!some: negative
!and&!to&!screen&some: conflict
!and&!to&screen&!the: conflict
!and&!to&screen&the: negative
!and&to&!but&!of: neutral
!and&to&!but&of: negative
!and&to&but&!battery: neutral
!and&to&but&battery: conflict
and&!has&!programs&!when: positive
and&!has&!programs&when: negative
and&!has&programs&!some: positive
and&!has&programs&some: negative
and&has&!but&!full: positive
and&has&!but&full: negative
and&has&but&!it: neutral
and&has&but&it: conflict
DecisionTree learned:
!and&!worth&!macbook&!but: negative
!and&!worth&!macbook&but: conflict
!and&!worth&macbook&!pro: conflict
!and&!worth&macbook&pro: positive
!and&worth&!pricetag&!price: positive
!and&worth&!pricetag&price: conflict
!and&worth&pricetag: conflict
and&!oh&!what&!buttons: positive
and&!oh&!what&buttons: negative
and&!oh&what&!it: positive
and&!oh&what&it: conflict
and&oh: conflict
DecisionTree learned:
!and&!to&!screen&!against: positive
!and&!to&!screen&against: conflict
!and&!to&screen&!the: conflict
!and&!to&screen&the: negative
!and&to&!you&!power: negative
!and&to&!you&power: neutral
!and&to&you&!screen: neutral
!and&to&you&screen: positive
and&!are&!what&!extended: positive
and&!are&!what&extended: neutral
and&!are&what: conflict
and&are&!the: positive
and&are&the&!graphics: negative
and&are&the&graphics: positive
DecisionTree learned:
!and&!to&!get&!screen: positive
!and&!to&!get&screen: conflict
!and&!to&get&!the: conflict
!and&!to&get&the: negative
!and&to&!easy&!but: negative
!and&to&!easy&but: neutral
!and&to&easy&!not: positive
!and&to&easy&not: negative
and&!word&!programs&!are: positive
and&!word&!programs&are: negative
and&!word&programs&!some: positive
and&!word&programs&some: negative
and&word&!its&!internet: neutral
and&word&!its&internet: positive
and&word&its: conflict
DecisionTree learned:
!and&!to&!get&!despite: negative
!and&!to&!get&despite: conflict
!and&!to&get&!you: conflict
!and&!to&get&you: negative
!and&to&!but&!up: neutral
!and&to&!but&up: positive
!and&to&but&!battery: negative
!and&to&but&battery: conflict
and&!same&!the&!its: positive
and&!same&!the&its: negative
and&!same&the&!some: negative
and&!same&the&some: neutral
and&same: neutral
DecisionTree learned:
!and&!to&!or&!despite: negative
!and&!to&!or&despite: conflict
!and&!to&or&!lagging: neutral
!and&!to&or&lagging: positive
!and&to&!but&!of: neutral
!and&to&!but&of: positive
!and&to&but&!battery: neutral
!and&to&but&battery: conflict
and&!word&!firefox&!graphics: negative
and&!word&!firefox&graphics: positive
and&!word&firefox: neutral
and&word&!its&!internet: neutral
and&word&!its&internet: positive
and&word&its: conflict
DecisionTree learned:
!and&!to&!some&!portability: positive
!and&!to&!some&portability: conflict
!and&!to&some&!the: negative
!and&!to&some&the: conflict
!and&to&!up&!not: neutral
!and&to&!up&not: negative
!and&to&up&!with: positive
!and&to&up&with: negative
and&!fast&!extra&!bios: positive
and&!fast&!extra&bios: negative
and&!fast&extra&!is: neutral
and&!fast&extra&is: positive
and&fast: positive
DecisionTree learned:
!and&!worth&!but&!to: positive
!and&!worth&!but&to: negative
!and&!worth&but&!card: conflict
!and&!worth&but&card: neutral
!and&worth&!i&!at: conflict
!and&worth&!i&at: positive
!and&worth&i: positive
and&!are&!supply&!n: positive
and&!are&!supply&n: negative
and&!are&supply: negative
and&are&!the: positive
and&are&the&!easy: negative
and&are&the&easy: positive
DecisionTree learned:
!and&!to&!or&!despite: positive
!and&!to&!or&despite: conflict
!and&!to&or&!lagging: neutral
!and&!to&or&lagging: positive
!and&to&!up&!not: neutral
!and&to&!up&not: negative
!and&to&up&!boot: positive
!and&to&up&boot: negative
and&!extended&!what&!word: negative
and&!extended&!what&word: neutral
and&!extended&what&!it: positive
and&!extended&what&it: conflict
and&extended&!when: neutral
and&extended&when: conflict
DecisionTree learned:
!and&!macbook&!to&!lacking: positive
!and&!macbook&!to&lacking: conflict
!and&!macbook&to&!but: negative
!and&!macbook&to&but: neutral
!and&macbook&!pro&!as: conflict
!and&macbook&!pro&as: negative
!and&macbook&pro&!completely: positive
!and&macbook&pro&completely: negative
and&!graphics&!what&!buttons: positive
and&!graphics&!what&buttons: negative
and&!graphics&what: conflict
and&graphics&!were: positive
and&graphics&were: negative
DecisionTree learned:
!and&!to&!some&!dedicated: negative
!and&!to&!some&dedicated: conflict
!and&!to&some&!the: negative
!and&!to&some&the: conflict
!and&to&!but&!up: neutral
!and&to&!but&up: positive
!and&to&but&!battery: neutral
!and&to&but&battery: conflict
and&!what&!laptop&!easy: neutral
and&!what&!laptop&easy: positive
and&!what&laptop&!when: negative
and&!what&laptop&when: conflict
and&what: conflict
DecisionTree learned:
!and&!to&!perfect&!some: negative
!and&!to&!perfect&some: conflict
!and&!to&perfect: conflict
!and&to&!up&!not: neutral
!and&to&!up&not: negative
!and&to&up&!boot: positive
!and&to&up&boot: negative
and&!extended&!word&!firefox: positive
and&!extended&!word&firefox: neutral
and&!extended&word&!its: neutral
and&!extended&word&its: conflict
and&extended&!when: neutral
and&extended&when: conflict
DecisionTree learned:
!and&!to&!against&!google: positive
!and&!to&!against&google: conflict
!and&!to&against: conflict
!and&to&!but&!of: neutral
!and&to&!but&of: positive
!and&to&but&!battery: neutral
!and&to&but&battery: conflict
and&!ease&!email&!extra: negative
and&!ease&!email&extra: neutral
and&!ease&email: neutral
and&ease: positive
DecisionTree learned:
!and&!to&!or&!generally: positive
!and&!to&!or&generally: conflict
!and&!to&or&!lagging: neutral
!and&!to&or&lagging: positive
!and&to&!but&!of: neutral
!and&to&!but&of: positive
!and&to&but&!battery: neutral
!and&to&but&battery: conflict
and&!what&!oh&!graphics: negative
and&!what&!oh&graphics: positive
and&!what&oh: conflict
and&what: conflict
DecisionTree learned:
!and&!to&!against&!it: positive
!and&!to&!against&it: negative
!and&!to&against: conflict
!and&to&!you&!but: negative
!and&to&!you&but: conflict
!and&to&you&!screen: neutral
!and&to&you&screen: positive
and&!oh&!look&!were: positive
and&!oh&!look&were: negative
and&!oh&look: positive
and&oh: conflict
DecisionTree learned:
!and&!to&!google&!some: positive
!and&!to&!google&some: conflict
!and&!to&google: conflict
!and&to&!be&!but: negative
!and&to&!be&but: neutral
!and&to&be&!that: positive
!and&to&be&that: negative
and&!word&!programs&!when: positive
and&!word&!programs&when: negative
and&!word&programs&!some: positive
and&!word&programs&some: negative
and&word&!its&!internet: neutral
and&word&!its&internet: positive
and&word&its: conflict
DecisionTree learned:
!and&!macbook&!hard&!but: negative
!and&!macbook&!hard&but: conflict
!and&!macbook&hard&!my: neutral
!and&!macbook&hard&my: negative
!and&macbook&!pro&!as: conflict
!and&macbook&!pro&as: negative
!and&macbook&pro&!completely: positive
!and&macbook&pro&completely: negative
and&!extended&!same&!graphics: positive
and&!extended&!same&graphics: positive
and&!extended&same: neutral
and&extended&!when: neutral
and&extended&when: conflict
DecisionTree learned:
!and&!to&!dedicated&!some: negative
!and&!to&!dedicated&some: conflict
!and&!to&dedicated&!graphics: positive
!and&!to&dedicated&graphics: conflict
!and&to&!be&!but: neutral
!and&to&!be&but: neutral
!and&to&be&!that: positive
!and&to&be&that: negative
and&!ports&!look&!extended: positive
and&!ports&!look&extended: neutral
and&!ports&look: positive
and&ports&!working: neutral
and&ports&working: negative
Trial 0 Training cc.mallet.classify.AdaBoostM2Trainer@49ff0dde finished
Trial 0 Trainer cc.mallet.classify.AdaBoostM2Trainer@49ff0dde test data accuracy = 0.5030425963488844

NaiveBayesTrainer
Summary. test accuracy mean = 0.665314401622718 stddev = 0.0 stderr = 0.0

MaxEntTrainer,gaussianPriorVariance=1.0
Summary. test accuracy mean = 0.6430020283975659 stddev = 0.0 stderr = 0.0

cc.mallet.classify.DecisionTreeTrainer@69945ce
Summary. test accuracy mean = 0.5436105476673428 stddev = 0.0 stderr = 0.0

cc.mallet.classify.AdaBoostM2Trainer@49ff0dde
Summary. test accuracy mean = 0.5030425963488844 stddev = 0.0 stderr = 0.0
