
-------------------- Trial 0  --------------------

Trial 0 Training NaiveBayesTrainer with 1865 instances
Trial 0 Training NaiveBayesTrainer finished
Trial 0 Trainer NaiveBayesTrainer test data accuracy = 0.6754563894523327
Trial 0 Training MaxEntTrainer,gaussianPriorVariance=1.0 with 1865 instances
Trial 0 Training MaxEntTrainer,gaussianPriorVariance=1.0 finished
Trial 0 Trainer MaxEntTrainer,gaussianPriorVariance=1.0 test data accuracy = 0.6592292089249493
Trial 0 Training cc.mallet.classify.DecisionTreeTrainer@266bade9 with 1865 instances
DecisionTree learned:
!great&!easy&!and&!but: negative
!great&!easy&!and&but: negative
!great&!easy&and&!extended: positive
!great&!easy&and&extended: neutral
!great&easy&!another&!not: positive
!great&easy&!another&not: positive
!great&easy&another: neutral
great&!etc&!but&!media: positive
great&!etc&!but&media: positive
great&!etc&but&!is: conflict
great&!etc&but&is: positive
great&etc: negative
Trial 0 Training cc.mallet.classify.DecisionTreeTrainer@266bade9 finished
Trial 0 Trainer cc.mallet.classify.DecisionTreeTrainer@266bade9 test data accuracy = 0.5456389452332657
Trial 0 Training cc.mallet.classify.AdaBoostM2Trainer@656de49c with 1865 instances
DecisionTree learned:
!great&!easy&!and&!but: negative
!great&!easy&!and&but: negative
!great&!easy&and&!word: positive
!great&!easy&and&word: neutral
!great&easy&!another&!not: positive
!great&easy&!another&not: positive
!great&easy&another: neutral
great&!but&!etc&!you: positive
great&!but&!etc&you: neutral
great&!but&etc: negative
great&but&!is: conflict
great&but&is&!buttons: positive
great&but&is&buttons: negative
DecisionTree learned:
!great&!easy&!and&!but: negative
!great&!easy&!and&but: negative
!great&!easy&and&!email: positive
!great&!easy&and&email: neutral
!great&easy&!another&!not: positive
!great&easy&!another&not: positive
!great&easy&another: neutral
great&!side&!etc&!lack: positive
great&!side&!etc&lack: negative
great&!side&etc: negative
great&side: neutral
DecisionTree learned:
!great&!and&!but&!good: negative
!great&!and&!but&good: positive
!great&!and&but&!i: negative
!great&!and&but&i: positive
!great&and&!extended&!easy: positive
!great&and&!extended&easy: positive
!great&and&extended&!when: neutral
!great&and&extended&when: conflict
great&!but&!media&!lack: positive
great&!but&!media&lack: negative
great&!but&media&!gaming: conflict
great&!but&media&gaming: positive
great&but&!is: conflict
great&but&is&!buttons: positive
great&but&is&buttons: negative
DecisionTree learned:
!great&!good&!but&!love: negative
!great&!good&!but&love: positive
!great&!good&but&!laptop: negative
!great&!good&but&laptop: neutral
!great&good&!no&!games: positive
!great&good&!no&games: neutral
!great&good&no: negative
great&!but&!etc&!had: positive
great&!but&!etc&had: negative
great&!but&etc: negative
great&but&!is: conflict
great&but&is&!buttons: positive
great&but&is&buttons: negative
DecisionTree learned:
!great&!easy&!but&!good: negative
!great&!easy&!but&good: positive
!great&!easy&but&!laptop: negative
!great&!easy&but&laptop: neutral
!great&easy&!not&!another: positive
!great&easy&!not&another: neutral
!great&easy&not&!and: negative
!great&easy&not&and: positive
great&!side&!etc&!but: positive
great&!side&!etc&but: conflict
great&!side&etc: negative
great&side: neutral
DecisionTree learned:
!but&!easy&!great&!and: negative
!but&!easy&!great&and: positive
!but&!easy&great&!media: positive
!but&!easy&great&media: conflict
!but&easy&!another&!not: positive
!but&easy&!another&not: positive
!but&easy&another: neutral
but&!repair&!on&!and: negative
but&!repair&!on&and: positive
but&!repair&on&!screen: neutral
but&!repair&on&screen: negative
but&repair: negative
DecisionTree learned:
!but&!easy&!great&!speed: negative
!but&!easy&!great&speed: positive
!but&!easy&great&!media: positive
!but&!easy&great&media: conflict
!but&easy&!another&!not: positive
!but&easy&!another&not: positive
!but&easy&another: neutral
but&!laptop&!support&!temperatures: negative
but&!laptop&!support&temperatures: neutral
but&!laptop&support: negative
but&laptop: neutral
DecisionTree learned:
!and&!but&!great&!love: negative
!and&!but&!great&love: positive
!and&!but&great&!its: positive
!and&!but&great&its: negative
!and&but&!called&!on: negative
!and&but&!called&on: neutral
!and&but&called: neutral
and&!extended&!word&!is: positive
and&!extended&!word&is: positive
and&!extended&word&!i: neutral
and&!extended&word&i: positive
and&extended&!when: neutral
and&extended&when: conflict
DecisionTree learned:
!but&!fast&!speed&!is: negative
!but&!fast&!speed&is: positive
!but&!fast&speed&!use: positive
!but&!fast&speed&use: negative
!but&fast&!program: positive
!but&fast&program: neutral
but&!industry&!new&!repair: negative
but&!industry&!new&repair: negative
but&!industry&new&!software: neutral
but&!industry&new&software: negative
but&industry: conflict
DecisionTree learned:
!but&!not&!is&!and: negative
!but&!not&!is&and: positive
!but&!not&is&!little: positive
!but&!not&is&little: conflict
!but&not&!i&!graphics: negative
!but&not&!i&graphics: conflict
!but&not&i&!bought: neutral
!but&not&i&bought: positive
but&!laptop&!called&!power: negative
but&!laptop&!called&power: neutral
but&!laptop&called: neutral
but&laptop: neutral
DecisionTree learned:
!but&!good&!very&!love: negative
!but&!good&!very&love: positive
!but&!good&very&!about: positive
!but&!good&very&about: conflict
!but&good&!no&!went: positive
!but&good&!no&went: negative
!but&good&no: negative
but&!laptop&!new&!called: negative
but&!laptop&!new&called: neutral
but&!laptop&new&!software: neutral
but&!laptop&new&software: negative
but&laptop: neutral
DecisionTree learned:
!but&!great&!speed&!and: negative
!but&!great&!speed&and: positive
!but&!great&speed&!nothing: positive
!but&!great&speed&nothing: negative
!but&great&!too&!side: positive
!but&great&!too&side: neutral
!but&great&too: neutral
but&!repair&!so&!power: positive
but&!repair&!so&power: neutral
but&!repair&so: neutral
but&repair: negative
DecisionTree learned:
!but&!very&!love&!is: negative
!but&!very&!love&is: positive
!but&!very&love&!had: positive
!but&!very&love&had: neutral
!but&very&!about&!are: positive
!but&very&!about&are: negative
!but&very&about: conflict
but&!so&!outside&!did: negative
but&!so&!outside&did: neutral
but&!so&outside: neutral
but&so: neutral
DecisionTree learned:
!but&!is&!fast&!love: negative
!but&!is&!fast&love: positive
!but&!is&fast: positive
!but&is&!little&!any: positive
!but&is&!little&any: neutral
!but&is&little&!and: conflict
!but&is&little&and: negative
but&!laptop&!they&!that: negative
but&!laptop&!they&that: positive
but&!laptop&they&!did: negative
but&!laptop&they&did: neutral
but&laptop: neutral
DecisionTree learned:
!but&!great&!and&!laptops: negative
!but&!great&!and&laptops: conflict
!but&!great&and&!not: positive
!but&!great&and&not: negative
!but&great&!etc&!too: positive
!but&great&!etc&too: neutral
!but&great&etc: negative
but&!on&!screen&!life: negative
but&!on&!screen&life: conflict
but&!on&screen&!not: conflict
but&!on&screen&not: positive
but&on&!i&!outside: negative
but&on&!i&outside: neutral
but&on&i: neutral
DecisionTree learned:
!but&!is&!and&!some: negative
!but&!is&!and&some: negative
!but&!is&and&!extended: positive
!but&!is&and&extended: neutral
!but&is&!little&!laptops: positive
!but&is&!little&laptops: conflict
!but&is&little&!to: conflict
!but&is&little&to: negative
but&!to&!power&!did: negative
but&!to&!power&did: neutral
but&!to&power: neutral
but&to&!be&!battery: neutral
but&to&!be&battery: conflict
but&to&be: negative
DecisionTree learned:
!but&!or&!easy&!speed: negative
!but&!or&!easy&speed: positive
!but&!or&easy&!not: positive
!but&!or&easy&not: negative
!but&or&!windows&!got: neutral
!but&or&!windows&got: negative
!but&or&windows&!plenty: negative
!but&or&windows&plenty: positive
but&!screen&!life&!an: positive
but&!screen&!life&an: conflict
but&!screen&life&!to: conflict
but&!screen&life&to: negative
but&screen&!not&!the: conflict
but&screen&!not&the: negative
but&screen&not: positive
DecisionTree learned:
!but&!very&!great&!good: negative
!but&!very&!great&good: positive
!but&!very&great&!media: positive
!but&!very&great&media: conflict
!but&very&!about&!are: positive
!but&very&!about&are: negative
!but&very&about: conflict
but&!repair&!and&!to: negative
but&!repair&!and&to: neutral
but&!repair&and&!has: positive
but&!repair&and&has: neutral
but&repair: negative
DecisionTree learned:
!but&!easy&!is&!and: negative
!but&!easy&!is&and: positive
!but&!easy&is&!little: positive
!but&!easy&is&little: conflict
!but&easy&!another&!not: positive
!but&easy&!another&not: positive
!but&easy&another: neutral
but&!on&!new&!an: positive
but&!on&!new&an: conflict
but&!on&new&!software: neutral
but&!on&new&software: negative
but&on&!the: negative
but&on&the&!screen: neutral
but&on&the&screen: negative
DecisionTree learned:
!but&!complain&!and&!or: negative
!but&!complain&!and&or: neutral
!but&!complain&and&!extended: positive
!but&!complain&and&extended: neutral
!but&complain&!to: conflict
!but&complain&to: positive
but&!use&!was&!to: positive
but&!use&!was&to: neutral
but&!use&was&!one: negative
but&!use&was&one: positive
but&use&!is&!a: positive
but&use&!is&a: negative
but&use&is: negative
DecisionTree learned:
!but&!is&!and&!some: negative
!but&!is&!and&some: negative
!but&!is&and&!extended: positive
!but&!is&and&extended: neutral
!but&is&!little&!great: positive
!but&is&!little&great: positive
!but&is&little&!and: conflict
!but&is&little&and: negative
but&!new&!had&!temperatures: positive
but&!new&!had&temperatures: neutral
but&!new&had&!and: conflict
but&!new&had&and: negative
but&new&!software: neutral
but&new&software: negative
DecisionTree learned:
!but&!complain&!and&!or: negative
!but&!complain&!and&or: neutral
!but&!complain&and&!media: positive
!but&!complain&and&media: conflict
!but&complain&!to: conflict
!but&complain&to: positive
but&!laptop&!outside&!new: negative
but&!laptop&!outside&new: neutral
but&!laptop&outside: neutral
but&laptop: neutral
DecisionTree learned:
!and&!but&!price&!or: negative
!and&!but&!price&or: neutral
!and&!but&price&!since: positive
!and&!but&price&since: conflict
!and&but&!with&!to: negative
!and&but&!with&to: neutral
!and&but&with&!as: neutral
!and&but&with&as: negative
and&!extended&!word&!about: positive
and&!extended&!word&about: negative
and&!extended&word&!its: neutral
and&!extended&word&its: conflict
and&extended&!when: neutral
and&extended&when: conflict
DecisionTree learned:
!but&!fast&!love&!and: negative
!but&!fast&!love&and: positive
!but&!fast&love&!had: positive
!but&!fast&love&had: neutral
!but&fast&!program: positive
!but&fast&program: neutral
but&!to&!wanted&!did: negative
but&!to&!wanted&did: neutral
but&!to&wanted: conflict
but&to&!battery&!be: neutral
but&to&!battery&be: negative
but&to&battery&!my: conflict
but&to&battery&my: conflict
DecisionTree learned:
!but&!good&!complain&!and: negative
!but&!good&!complain&and: positive
!but&!good&complain&!to: conflict
!but&!good&complain&to: positive
!but&good&!cord&!just: positive
!but&good&!cord&just: negative
!but&good&cord: neutral
but&!laptop&!support&!repair: positive
but&!laptop&!support&repair: negative
but&!laptop&support: negative
but&laptop: neutral
DecisionTree learned:
!but&!is&!and&!some: negative
!but&!is&!and&some: negative
!but&!is&and&!graphics: positive
!but&!is&and&graphics: positive
!but&is&!little&!dedicated: positive
!but&is&!little&dedicated: conflict
!but&is&little&!and: conflict
!but&is&little&and: negative
but&!repair&!screen&!was: positive
but&!repair&!screen&was: negative
but&!repair&screen&!not: conflict
but&!repair&screen&not: positive
but&repair: negative
DecisionTree learned:
!but&!great&!and&!or: negative
!but&!great&!and&or: neutral
!but&!great&and&!complain: positive
!but&!great&and&complain: conflict
!but&great&!media&!you: positive
!but&great&!media&you: neutral
!but&great&media&!gaming: conflict
!but&great&media&gaming: positive
but&!be&!it&!and: positive
but&!be&!it&and: positive
but&!be&it&!that: conflict
but&!be&it&that: positive
but&be&!can&!would: negative
but&be&!can&would: positive
but&be&can: neutral
DecisionTree learned:
!but&!not&!and&!get: negative
!but&!not&!and&get: conflict
!but&!not&and&!extended: positive
!but&!not&and&extended: neutral
!but&not&!i&!what: negative
!but&not&!i&what: conflict
!but&not&i&!can: neutral
!but&not&i&can: negative
but&!screen&!an&!you: negative
but&!screen&!an&you: neutral
but&!screen&an&!with: conflict
but&!screen&an&with: neutral
but&screen&!not&!very: conflict
but&screen&!not&very: negative
but&screen&not: positive
DecisionTree learned:
!but&!good&!very&!much: negative
!but&!good&!very&much: positive
!but&!good&very&!about: positive
!but&!good&very&about: conflict
!but&good&!cord&!games: positive
!but&good&!cord&games: neutral
!but&good&cord: neutral
but&!power&!an&!new: negative
but&!power&!an&new: neutral
but&!power&an&!with: conflict
but&!power&an&with: neutral
but&power: neutral
DecisionTree learned:
!but&!very&!dedicated&!macbook: negative
!but&!very&!dedicated&macbook: positive
!but&!very&dedicated&!graphics: positive
!but&!very&dedicated&graphics: conflict
!but&very&!about&!included: positive
!but&very&!about&included: neutral
!but&very&about: conflict
but&!new&!an&!called: positive
but&!new&!an&called: neutral
but&!new&an&!with: conflict
but&!new&an&with: neutral
but&new&!software: neutral
but&new&software: negative
DecisionTree learned:
!but&!dedicated&!easy&!awesome: negative
!but&!dedicated&!easy&awesome: positive
!but&!dedicated&easy&!keyboard: positive
!but&!dedicated&easy&keyboard: neutral
!but&dedicated&!graphics&!to: neutral
!but&dedicated&!graphics&to: positive
!but&dedicated&graphics: conflict
but&!on&!laptop&!did: positive
but&!on&!laptop&did: neutral
but&!on&laptop: neutral
but&on&!i&!outside: negative
but&on&!i&outside: neutral
but&on&i: neutral
DecisionTree learned:
!and&!but&!price&!it: negative
!and&!but&!price&it: negative
!and&!but&price&!worth: positive
!and&!but&price&worth: conflict
!and&but&!on&!called: negative
!and&but&!on&called: neutral
!and&but&on&!screen: neutral
!and&but&on&screen: negative
and&!were&!email&!firefox: positive
and&!were&!email&firefox: neutral
and&!were&email&!office: neutral
and&!were&email&office: positive
and&were&!laptop&!software: negative
and&were&!laptop&software: neutral
and&were&laptop: conflict
DecisionTree learned:
!but&!great&!speed&!good: negative
!but&!great&!speed&good: positive
!but&!great&speed&!nothing: positive
!but&!great&speed&nothing: negative
!but&great&!media&!had: positive
!but&great&!media&had: negative
!but&great&media: conflict
but&!it&!be&!and: positive
but&!it&!be&and: positive
but&!it&be&!just: negative
but&!it&be&just: positive
but&it&!be&!that: conflict
but&it&!be&that: negative
but&it&be&!would: negative
but&it&be&would: positive
DecisionTree learned:
!but&!get&!macbook&!generally: negative
!but&!get&!macbook&generally: conflict
!but&!get&macbook&!pro: conflict
!but&!get&macbook&pro: positive
!but&get&!do&!i: negative
!but&get&!do&i: conflict
!but&get&do: conflict
but&!new&!and&!os: negative
but&!new&!and&os: positive
but&!new&and&!has: positive
but&!new&and&has: neutral
but&new&!software: neutral
but&new&software: negative
DecisionTree learned:
!but&!love&!very&!speed: negative
!but&!love&!very&speed: positive
!but&!love&very&!about: positive
!but&!love&very&about: conflict
!but&love&!had: positive
!but&love&had: neutral
but&!power&!screen&!an: negative
but&!power&!screen&an: neutral
but&!power&screen&!the: conflict
but&!power&screen&the: negative
but&power: neutral
DecisionTree learned:
!but&!is&!and&!some: neutral
!but&!is&!and&some: negative
!but&!is&and&!graphics: positive
!but&!is&and&graphics: positive
!but&is&!yes&!little: positive
!but&is&!yes&little: conflict
!but&is&yes&!and: conflict
!but&is&yes&and: positive
but&!huge&!had&!life: positive
but&!huge&!had&life: conflict
but&!huge&had&!the: negative
but&!huge&had&the: conflict
but&huge: conflict
DecisionTree learned:
!but&!and&!little&!get: negative
!but&!and&!little&get: conflict
!but&!and&little&!is: negative
!but&!and&little&is: conflict
!but&and&!is&!extended: positive
!but&and&!is&extended: neutral
!but&and&is&!the: positive
!but&and&is&the: positive
but&!an&!life&!oh: negative
but&!an&!life&oh: conflict
but&!an&life&!to: conflict
but&!an&life&to: conflict
but&an&!not&!the: neutral
but&an&!not&the: conflict
but&an&not: conflict
DecisionTree learned:
!but&!and&!it&!get: negative
!but&!and&!it&get: conflict
!but&!and&it&!laptops: negative
!but&!and&it&laptops: conflict
!but&and&!is&!graphics: positive
!but&and&!is&graphics: positive
!but&and&is&!you: positive
!but&and&is&you: neutral
but&!did&!to&!power: positive
but&!did&!to&power: neutral
but&!did&to&!be: neutral
but&!did&to&be: negative
but&did&!to: neutral
but&did&to: conflict
DecisionTree learned:
!but&!easy&!complain&!amazing: negative
!but&!easy&!complain&amazing: positive
!but&!easy&complain&!to: conflict
!but&!easy&complain&to: positive
!but&easy&!another&!not: positive
!but&easy&!another&not: positive
!but&easy&another: neutral
but&!screen&!n&!repair: positive
but&!screen&!n&repair: negative
but&!screen&n&!mouse: negative
but&!screen&n&mouse: positive
but&screen&!the: conflict
but&screen&the&!n: negative
but&screen&the&n: conflict
DecisionTree learned:
!but&!complain&!and&!generally: negative
!but&!complain&!and&generally: conflict
!but&!complain&and&!media: positive
!but&!complain&and&media: conflict
!but&complain&!to: conflict
!but&complain&to: positive
but&!new&!laptop&!power: negative
but&!new&!laptop&power: neutral
but&!new&laptop: neutral
but&new&!software: neutral
but&new&software: negative
DecisionTree learned:
!but&!macbook&!worth&!get: negative
!but&!macbook&!worth&get: negative
!but&!macbook&worth&!and: conflict
!but&!macbook&worth&and: negative
!but&macbook&!pro&!and: conflict
!but&macbook&!pro&and: positive
!but&macbook&pro&!much: positive
!but&macbook&pro&much: negative
but&!office&!laptop&!did: negative
but&!office&!laptop&did: neutral
but&!office&laptop: neutral
but&office&!to&!is: positive
but&office&!to&is: neutral
but&office&to: neutral
DecisionTree learned:
!and&!but&!perfect&!dedicated: negative
!and&!but&!perfect&dedicated: conflict
!and&!but&perfect&!use: conflict
!and&!but&perfect&use: positive
!and&but&!called&!i: conflict
!and&but&!called&i: positive
!and&but&called: neutral
and&!email&!had&!extended: positive
and&!email&!had&extended: neutral
and&!email&had&!that: negative
and&!email&had&that: neutral
and&email&!office: neutral
and&email&office: positive
DecisionTree learned:
!but&!dedicated&!laptops&!some: negative
!but&!dedicated&!laptops&some: negative
!but&!dedicated&laptops&!it: neutral
!but&!dedicated&laptops&it: conflict
!but&dedicated&!graphics&!to: neutral
!but&dedicated&!graphics&to: positive
!but&dedicated&graphics: conflict
but&!it&!and&!to: negative
but&!it&!and&to: neutral
but&!it&and&!has: positive
but&!it&and&has: neutral
but&it&!better&!would: conflict
but&it&!better&would: positive
but&it&better: neutral
DecisionTree learned:
!and&!but&!get&!it: negative
!and&!but&!get&it: negative
!and&!but&get&!i: negative
!and&!but&get&i: conflict
!and&but&!did&!life: negative
!and&but&!did&life: conflict
!and&but&did&!to: neutral
!and&but&did&to: conflict
and&!firefox&!extended&!media: positive
and&!firefox&!extended&media: conflict
and&!firefox&extended&!when: neutral
and&!firefox&extended&when: conflict
and&firefox: neutral
DecisionTree learned:
!but&!dedicated&!complain&!not: positive
!but&!dedicated&!complain&not: negative
!but&!dedicated&complain&!to: conflict
!but&!dedicated&complain&to: positive
!but&dedicated&!graphics&!to: neutral
!but&dedicated&!graphics&to: positive
!but&dedicated&graphics: conflict
but&!had&!laptop&!huge: negative
but&!had&!laptop&huge: conflict
but&!had&laptop: neutral
but&had&!and&!use: conflict
but&had&!and&use: negative
but&had&and: negative
DecisionTree learned:
!and&!worth&!but&!inconvenient: negative
!and&!worth&!but&inconvenient: conflict
!and&!worth&but&!outside: positive
!and&!worth&but&outside: neutral
!and&worth&!the: negative
!and&worth&the&!for: conflict
!and&worth&the&for: neutral
and&!extended&!about&!media: positive
and&!extended&!about&media: conflict
and&!extended&about&!not: negative
and&!extended&about&not: conflict
and&extended&!when: neutral
and&extended&when: conflict
DecisionTree learned:
!but&!easy&!clear&!macbook: negative
!but&!easy&!clear&macbook: positive
!but&!easy&clear&!yes: positive
!but&!easy&clear&yes: conflict
!but&easy&!another&!not: positive
!but&easy&!another&not: positive
!but&easy&another: neutral
but&!be&!it&!and: positive
but&!be&!it&and: positive
but&!be&it&!n: conflict
but&!be&it&n: negative
but&be&!can&!would: negative
but&be&!can&would: positive
but&be&can: neutral
DecisionTree learned:
!and&!it&!some&!but: negative
!and&!it&!some&but: negative
!and&!it&some&!the: negative
!and&!it&some&the: conflict
!and&it&!laptops&!pricetag: negative
!and&it&!laptops&pricetag: conflict
!and&it&laptops: conflict
and&!complain&!extended&!video: positive
and&!complain&!extended&video: negative
and&!complain&extended&!when: neutral
and&!complain&extended&when: conflict
and&complain: conflict
DecisionTree learned:
!but&!and&!little&!get: negative
!but&!and&!little&get: conflict
!but&!and&little&!is: negative
!but&!and&little&is: conflict
!but&and&!complain&!back: positive
!but&and&!complain&back: negative
!but&and&complain: conflict
but&!new&!repair&!power: positive
but&!new&!repair&power: neutral
but&!new&repair: negative
but&new&!software: neutral
but&new&software: negative
DecisionTree learned:
!and&!but&!it&!get: negative
!and&!but&!it&get: conflict
!and&!but&it&!laptops: negative
!and&!but&it&laptops: conflict
!and&but&!outside&!i: negative
!and&but&!outside&i: positive
!and&but&outside: neutral
and&!extended&!email&!complain: positive
and&!extended&!email&complain: conflict
and&!extended&email&!office: neutral
and&!extended&email&office: positive
and&extended&!when: neutral
and&extended&when: conflict
DecisionTree learned:
!easy&!but&!much&!is: neutral
!easy&!but&!much&is: positive
!easy&!but&much&!laptops: positive
!easy&!but&much&laptops: conflict
!easy&but&!repair&!life: positive
!easy&but&!repair&life: conflict
!easy&but&repair: negative
easy&!carry&!another: positive
easy&!carry&another: neutral
easy&carry&!not: positive
easy&carry&not: negative
DecisionTree learned:
!and&!but&!get&!inconvenient: negative
!and&!but&!get&inconvenient: conflict
!and&!but&get&!to: conflict
!and&!but&get&to: neutral
!and&but&!on&!industry: positive
!and&but&!on&industry: conflict
!and&but&on&!i: negative
!and&but&on&i: neutral
and&!video&!about&!oh: positive
and&!video&!about&oh: conflict
and&!video&about&!not: negative
and&!video&about&not: conflict
and&video&!for&!professional: negative
and&video&!for&professional: negative
and&video&for&!is: positive
and&video&for&is: conflict
DecisionTree learned:
!but&!macbook&!inconvenient&!generally: negative
!but&!macbook&!inconvenient&generally: conflict
!but&!macbook&inconvenient: conflict
!but&macbook&!pro&!larger: conflict
!but&macbook&!pro&larger: neutral
!but&macbook&pro&!much: positive
!but&macbook&pro&much: negative
but&!and&!in&!an: negative
but&!and&!in&an: conflict
but&!and&in&!a: neutral
but&!and&in&a: positive
but&and&!has&!new: negative
but&and&!has&new: neutral
but&and&has&!it: neutral
but&and&has&it: conflict
DecisionTree learned:
!and&!but&!macbook&!dedicated: negative
!and&!but&!macbook&dedicated: conflict
!and&!but&macbook&!pro: conflict
!and&!but&macbook&pro: positive
!and&but&!mouse&!do: conflict
!and&but&!mouse&do: negative
!and&but&mouse: positive
and&!media&!email&!buttons: positive
and&!media&!email&buttons: negative
and&!media&email&!office: neutral
and&!media&email&office: positive
and&media&!gaming: conflict
and&media&gaming: positive
DecisionTree learned:
!but&!love&!speed&!very: negative
!but&!love&!speed&very: positive
!but&!love&speed&!use: positive
!but&!love&speed&use: negative
!but&love&!had: positive
!but&love&had: neutral
but&!laptop&!outside&!office: negative
but&!laptop&!outside&office: neutral
but&!laptop&outside: neutral
but&laptop: neutral
DecisionTree learned:
!and&!but&!get&!it: negative
!and&!but&!get&it: negative
!and&!but&get&!to: conflict
!and&!but&get&to: neutral
!and&but&!to&!did: negative
!and&but&!to&did: neutral
!and&but&to&!battery: neutral
!and&but&to&battery: conflict
and&!fast&!ease&!email: positive
and&!fast&!ease&email: neutral
and&!fast&ease: positive
and&fast&!to: positive
and&fast&to: neutral
DecisionTree learned:
!but&!complain&!and&!requires: negative
!but&!complain&!and&requires: conflict
!but&!complain&and&!sol: positive
!but&!complain&and&sol: conflict
!but&complain&!to: conflict
!but&complain&to: positive
but&!support&!outside&!they: positive
but&!support&!outside&they: negative
but&!support&outside: neutral
but&support: negative
DecisionTree learned:
!but&!and&!perfect&!laptops: negative
!but&!and&!perfect&laptops: conflict
!but&!and&perfect&!use: conflict
!but&!and&perfect&use: positive
!but&and&!is&!extended: positive
!but&and&!is&extended: neutral
!but&and&is&!the: positive
!but&and&is&the: positive
but&!screen&!was&!did: positive
but&!screen&!was&did: neutral
but&!screen&was&!one: negative
but&!screen&was&one: positive
but&screen&!the: conflict
but&screen&the&!that: negative
but&screen&the&that: positive
DecisionTree learned:
!and&!but&!dedicated&!get: negative
!and&!but&!dedicated&get: conflict
!and&!but&dedicated&!graphics: positive
!and&!but&dedicated&graphics: conflict
!and&but&!life&!an: positive
!and&but&!life&an: conflict
!and&but&life&!to: conflict
!and&but&life&to: negative
and&!the&!were&!a: positive
and&!the&!were&a: positive
and&!the&were&!software: negative
and&!the&were&software: neutral
and&the&!ease&!is: negative
and&the&!ease&is: positive
and&the&ease: positive
DecisionTree learned:
!but&!macbook&!functions&!is: neutral
!but&!macbook&!functions&is: positive
!but&!macbook&functions&!this: positive
!but&!macbook&functions&this: conflict
!but&macbook&!pro&!larger: conflict
!but&macbook&!pro&larger: neutral
!but&macbook&pro&!completely: positive
!but&macbook&pro&completely: negative
but&!was&!to&!did: negative
but&!was&!to&did: neutral
but&!was&to&!be: neutral
but&!was&to&be: negative
but&was&!very&!that: negative
but&was&!very&that: conflict
but&was&very: positive
DecisionTree learned:
!but&!dedicated&!macbook&!problems: negative
!but&!dedicated&!macbook&problems: negative
!but&!dedicated&macbook&!pro: conflict
!but&!dedicated&macbook&pro: positive
!but&dedicated&!graphics&!to: neutral
!but&dedicated&!graphics&to: positive
!but&dedicated&graphics: conflict
but&!huge&!to&!did: negative
but&!huge&!to&did: neutral
but&!huge&to&!battery: neutral
but&!huge&to&battery: conflict
but&huge: conflict
DecisionTree learned:
!and&!or&!yes&!dedicated: negative
!and&!or&!yes&dedicated: conflict
!and&!or&yes: conflict
!and&or&!bellying&!my: neutral
!and&or&!bellying&my: positive
!and&or&bellying: positive
and&!email&!firefox&!complain: positive
and&!email&!firefox&complain: conflict
and&!email&firefox: neutral
and&email&!office: neutral
and&email&office: positive
DecisionTree learned:
!and&!worth&!but&!inconvenient: negative
!and&!worth&!but&inconvenient: conflict
!and&!worth&but&!to: negative
!and&!worth&but&to: neutral
!and&worth&!my&!the: negative
!and&worth&!my&the: conflict
!and&worth&my: neutral
and&!sol&!back&!the: positive
and&!sol&!back&the: negative
and&!sol&back&!they: negative
and&!sol&back&they: neutral
and&sol: conflict
DecisionTree learned:
!and&!it&!some&!but: neutral
!and&!it&!some&but: negative
!and&!it&some&!the: negative
!and&!it&some&the: conflict
!and&it&!laptops&!to: negative
!and&it&!laptops&to: negative
!and&it&laptops: conflict
and&!complain&!extended&!word: positive
and&!complain&!extended&word: neutral
and&!complain&extended&!when: neutral
and&!complain&extended&when: conflict
and&complain: conflict
DecisionTree learned:
!but&!speed&!macbook&!pricetag: negative
!but&!speed&!macbook&pricetag: conflict
!but&!speed&macbook&!pro: conflict
!but&!speed&macbook&pro: positive
!but&speed&!use&!nothing: positive
!but&speed&!use&nothing: negative
!but&speed&use: negative
but&!new&!wanted&!support: positive
but&!new&!wanted&support: negative
but&!new&wanted&!to: conflict
but&!new&wanted&to: neutral
but&new&!software: neutral
but&new&software: negative
DecisionTree learned:
!but&!lacking&!dedicated&!get: negative
!but&!lacking&!dedicated&get: conflict
!but&!lacking&dedicated&!graphics: positive
!but&!lacking&dedicated&graphics: conflict
!but&lacking&!and: conflict
!but&lacking&and: negative
but&!laptop&!use&!gaming: conflict
but&!laptop&!use&gaming: positive
but&!laptop&use&!of: negative
but&!laptop&use&of: positive
but&laptop: neutral
DecisionTree learned:
!but&!macbook&!complain&!and: negative
!but&!macbook&!complain&and: positive
!but&!macbook&complain&!to: conflict
!but&!macbook&complain&to: positive
!but&macbook&!pro&!larger: conflict
!but&macbook&!pro&larger: neutral
!but&macbook&pro&!completely: positive
!but&macbook&pro&completely: negative
but&!an&!support&!be: positive
but&!an&!support&be: negative
but&!an&support: negative
but&an&!with&!just: conflict
but&an&!with&just: neutral
but&an&with: neutral
DecisionTree learned:
!and&!but&!laptops&!requires: negative
!and&!but&!laptops&requires: conflict
!and&!but&laptops&!it: negative
!and&!but&laptops&it: conflict
!and&but&!called&!an: positive
!and&but&!called&an: neutral
!and&but&called: neutral
and&!extended&!back&!the: positive
and&!extended&!back&the: negative
and&!extended&back&!they: negative
and&!extended&back&they: neutral
and&extended&!when: neutral
and&extended&when: conflict
DecisionTree learned:
!but&!complain&!and&!some: negative
!but&!complain&!and&some: conflict
!but&!complain&and&!media: positive
!but&!complain&and&media: conflict
!but&complain&!to: conflict
!but&complain&to: positive
but&!called&!an&!new: negative
but&!called&!an&new: neutral
but&!called&an&!with: conflict
but&!called&an&with: neutral
but&called: neutral
DecisionTree learned:
!but&!macbook&!pricetag&!inconvenient: negative
!but&!macbook&!pricetag&inconvenient: conflict
!but&!macbook&pricetag: conflict
!but&macbook&!hard&!of: positive
!but&macbook&!hard&of: conflict
!but&macbook&hard: conflict
but&!power&!new&!isolator: negative
but&!power&!new&isolator: neutral
but&!power&new&!software: neutral
but&!power&new&software: negative
but&power: neutral
DecisionTree learned:
!but&!love&!very&!generally: negative
!but&!love&!very&generally: conflict
!but&!love&very&!about: positive
!but&!love&very&about: conflict
!but&love&!had: positive
!but&love&had: neutral
but&!on&!laptop&!office: positive
but&!on&!laptop&office: neutral
but&!on&laptop: neutral
but&on&!i&!outside: negative
but&on&!i&outside: neutral
but&on&i: neutral
DecisionTree learned:
!and&!but&!lacking&!get: negative
!and&!but&!lacking&get: conflict
!and&!but&lacking: conflict
!and&but&!industry&!did: negative
!and&but&!industry&did: neutral
!and&but&industry: conflict
and&!firefox&!media&!complain: positive
and&!firefox&!media&complain: conflict
and&!firefox&media&!gaming: conflict
and&!firefox&media&gaming: positive
and&firefox: neutral
DecisionTree learned:
!but&!and&!little&!perfect: negative
!but&!and&!little&perfect: conflict
!but&!and&little&!is: negative
!but&!and&little&is: conflict
!but&and&!media&!extended: positive
!but&and&!media&extended: neutral
!but&and&media&!gaming: conflict
!but&and&media&gaming: positive
but&!huge&!had&!was: positive
but&!huge&!had&was: conflict
but&!huge&had&!the: negative
but&!huge&had&the: conflict
but&huge: conflict
DecisionTree learned:
!and&!it&!little&!get: positive
!and&!it&!little&get: conflict
!and&!it&little&!is: negative
!and&!it&little&is: conflict
!and&it&!laptops&!long: negative
!and&it&!laptops&long: conflict
!and&it&laptops: conflict
and&!extended&!about&!media: positive
and&!extended&!about&media: conflict
and&!extended&about&!not: negative
and&!extended&about&not: conflict
and&extended&!when: neutral
and&extended&when: conflict
DecisionTree learned:
!but&!generally&!inconvenient&!some: positive
!but&!generally&!inconvenient&some: negative
!but&!generally&inconvenient: conflict
!but&generally: conflict
but&!and&!called&!in: conflict
but&!and&!called&in: neutral
but&!and&called: neutral
but&and&!has&!new: positive
but&and&!has&new: neutral
but&and&has&!it: neutral
but&and&has&it: conflict
DecisionTree learned:
!but&!love&!and&!takes: negative
!but&!love&!and&takes: conflict
!but&!love&and&!sol: positive
!but&!love&and&sol: conflict
!but&love&!had: positive
!but&love&had: neutral
but&!an&!huge&!life: negative
but&!an&!huge&life: conflict
but&!an&huge: conflict
but&an&!with&!just: conflict
but&an&!with&just: neutral
but&an&with: neutral
DecisionTree learned:
!and&!it&!little&!get: neutral
!and&!it&!little&get: conflict
!and&!it&little&!than: negative
!and&!it&little&than: conflict
!and&it&!to&!laptops: negative
!and&it&!to&laptops: conflict
!and&it&to&!the: negative
!and&it&to&the: negative
and&!is&!its&!extended: negative
and&!is&!its&extended: neutral
and&!is&its&!has: positive
and&!is&its&has: conflict
and&is&!you&!media: positive
and&is&!you&media: conflict
and&is&you: neutral
DecisionTree learned:
!and&!but&!generally&!dedicated: negative
!and&!but&!generally&dedicated: conflict
!and&!but&generally: conflict
!and&but&!screen&!on: positive
!and&but&!screen&on: neutral
!and&but&screen&!the: conflict
!and&but&screen&the: negative
and&!had&!word&!is: positive
and&!had&!word&is: positive
and&!had&word&!its: neutral
and&!had&word&its: conflict
and&had&!screen&!online: negative
and&had&!screen&online: neutral
and&had&screen: positive
DecisionTree learned:
!and&!it&!little&!some: neutral
!and&!it&!little&some: conflict
!and&!it&little&!is: negative
!and&!it&little&is: conflict
!and&it&!laptops&!to: negative
!and&it&!laptops&to: negative
!and&it&laptops: conflict
and&!complain&!extended&!video: positive
and&!complain&!extended&video: negative
and&!complain&extended&!when: neutral
and&!complain&extended&when: conflict
and&complain: conflict
DecisionTree learned:
!yes&!but&!dedicated&!macbook: negative
!yes&!but&!dedicated&macbook: positive
!yes&!but&dedicated&!graphics: positive
!yes&!but&dedicated&graphics: conflict
!yes&but&!gaming&!called: negative
!yes&but&!gaming&called: neutral
!yes&but&gaming: positive
yes&!and: conflict
yes&and: positive
DecisionTree learned:
!and&!get&!but&!it: neutral
!and&!get&!but&it: negative
!and&!get&but&!outside: negative
!and&!get&but&outside: neutral
!and&get&!i&!do: negative
!and&get&!i&do: conflict
!and&get&i: conflict
and&!complain&!media&!extended: positive
and&!complain&!media&extended: neutral
and&!complain&media&!gaming: conflict
and&!complain&media&gaming: positive
and&complain: conflict
DecisionTree learned:
!but&!and&!little&!it: negative
!but&!and&!little&it: negative
!but&!and&little&!is: negative
!but&!and&little&is: conflict
!but&and&!fast&!media: positive
!but&and&!fast&media: conflict
!but&and&fast: positive
but&!outside&!was&!to: positive
but&!outside&!was&to: neutral
but&!outside&was&!one: conflict
but&!outside&was&one: positive
but&outside: neutral
DecisionTree learned:
!and&!but&!price&!some: negative
!and&!but&!price&some: conflict
!and&!but&price&!worth: positive
!and&!but&price&worth: conflict
!and&but&!outside&!to: conflict
!and&but&!outside&to: neutral
!and&but&outside: neutral
and&!email&!sol&!about: positive
and&!email&!sol&about: negative
and&!email&sol: conflict
and&email&!office: neutral
and&email&office: positive
DecisionTree learned:
!and&!yes&!little&!but: negative
!and&!yes&!little&but: positive
!and&!yes&little&!is: negative
!and&!yes&little&is: conflict
!and&yes: conflict
and&!word&!firefox&!about: positive
and&!word&!firefox&about: negative
and&!word&firefox: neutral
and&word&!its&!i: neutral
and&word&!its&i: positive
and&word&its: conflict
DecisionTree learned:
!and&!yes&!generally&!but: negative
!and&!yes&!generally&but: positive
!and&!yes&generally: conflict
!and&yes: conflict
and&!media&!about&!extended: positive
and&!media&!about&extended: neutral
and&!media&about&!not: negative
and&!media&about&not: conflict
and&media&!gaming: conflict
and&media&gaming: positive
DecisionTree learned:
!but&!and&!it&!get: negative
!but&!and&!it&get: conflict
!but&!and&it&!laptops: negative
!but&!and&it&laptops: conflict
!but&and&!media&!fast: negative
!but&and&!media&fast: positive
!but&and&media&!gaming: conflict
!but&and&media&gaming: positive
but&!new&!on&!industry: negative
but&!new&!on&industry: conflict
but&!new&on&!the: negative
but&!new&on&the: neutral
but&new&!software: neutral
but&new&software: negative
DecisionTree learned:
!but&!inconvenient&!is&!and: neutral
!but&!inconvenient&!is&and: negative
!but&!inconvenient&is&!little: positive
!but&!inconvenient&is&little: conflict
!but&inconvenient: conflict
but&!on&!they&!so: positive
but&!on&!they&so: neutral
but&!on&they&!than: negative
but&!on&they&than: conflict
but&on&!the: negative
but&on&the&!screen: neutral
but&on&the&screen: negative
DecisionTree learned:
!and&!yes&!or&!better: negative
!and&!yes&!or&better: conflict
!and&!yes&or&!sticking: neutral
!and&!yes&or&sticking: positive
!and&yes: conflict
and&!media&!complain&!extended: positive
and&!media&!complain&extended: neutral
and&!media&complain: conflict
and&media&!is: positive
and&media&is: conflict
DecisionTree learned:
!but&!and&!get&!it: neutral
!but&!and&!get&it: negative
!but&!and&get&!to: conflict
!but&!and&get&to: neutral
!but&and&!is&!extended: negative
!but&and&!is&extended: neutral
!but&and&is&!the: positive
!but&and&is&the: positive
but&!laptop&!called&!on: negative
but&!laptop&!called&on: neutral
but&!laptop&called: neutral
but&laptop: neutral
DecisionTree learned:
!and&!but&!get&!it: negative
!and&!but&!get&it: negative
!and&!but&get&!i: negative
!and&!but&get&i: conflict
!and&but&!no&!i: conflict
!and&but&!no&i: positive
!and&but&no&!is: conflict
!and&but&no&is: negative
and&!sol&!word&!is: positive
and&!sol&!word&is: positive
and&!sol&word&!its: neutral
and&!sol&word&its: conflict
and&sol: conflict
DecisionTree learned:
!but&!macbook&!generally&!inconvenient: negative
!but&!macbook&!generally&inconvenient: conflict
!but&!macbook&generally: conflict
!but&macbook&!pro&!the: positive
!but&macbook&!pro&the: conflict
!but&macbook&pro&!much: positive
!but&macbook&pro&much: negative
but&!office&!outside&!gaming: negative
but&!office&!outside&gaming: positive
but&!office&outside: neutral
but&office&!is&!to: positive
but&office&!is&to: neutral
but&office&is: neutral
DecisionTree learned:
!and&!yes&!little&!but: negative
!and&!yes&!little&but: conflict
!and&!yes&little&!is: negative
!and&!yes&little&is: conflict
!and&yes: conflict
and&!complain&!extended&!media: positive
and&!complain&!extended&media: conflict
and&!complain&extended&!when: neutral
and&!complain&extended&when: conflict
and&complain: conflict
DecisionTree learned:
!but&!or&!pricetag&!macbook: negative
!but&!or&!pricetag&macbook: positive
!but&!or&pricetag: conflict
!but&or&!windows&!battery: neutral
!but&or&!windows&battery: negative
!but&or&windows&!plenty: negative
!but&or&windows&plenty: positive
but&!industry&!life&!screen: positive
but&!industry&!life&screen: conflict
but&!industry&life&!to: conflict
but&!industry&life&to: conflict
but&industry: conflict
DecisionTree learned:
!and&!it&!little&!some: neutral
!and&!it&!little&some: conflict
!and&!it&little&!is: negative
!and&!it&little&is: conflict
!and&it&!to&!long: positive
!and&it&!to&long: conflict
!and&it&to&!easy: negative
!and&it&to&easy: positive
and&!complain&!sol&!word: positive
and&!complain&!sol&word: neutral
and&!complain&sol: conflict
and&complain: conflict
DecisionTree learned:
!and&!but&!generally&!it: negative
!and&!but&!generally&it: negative
!and&!but&generally: conflict
!and&but&!industry&!called: conflict
!and&but&!industry&called: neutral
!and&but&industry: conflict
and&!complain&!had&!firefox: positive
and&!complain&!had&firefox: neutral
and&!complain&had&!online: negative
and&!complain&had&online: neutral
and&complain: conflict
DecisionTree learned:
!and&!yes&!but&!some: negative
!and&!yes&!but&some: conflict
!and&!yes&but&!an: positive
!and&!yes&but&an: conflict
!and&yes: conflict
and&!is&!its&!graphics: neutral
and&!is&!its&graphics: positive
and&!is&its&!it: positive
and&!is&its&it: negative
and&is&!media&!about: positive
and&is&!media&about: negative
and&is&media: conflict
DecisionTree learned:
!and&!but&!takes&!to: positive
!and&!but&!takes&to: neutral
!and&!but&takes&!especially: positive
!and&!but&takes&especially: conflict
!and&but&!outside&!isolator: conflict
!and&but&!outside&isolator: neutral
!and&but&outside: neutral
and&!complain&!buttons&!email: positive
and&!complain&!buttons&email: neutral
and&!complain&buttons: negative
and&complain: conflict
DecisionTree learned:
!and&!but&!dedicated&!inconvenient: negative
!and&!but&!dedicated&inconvenient: conflict
!and&!but&dedicated&!graphics: positive
!and&!but&dedicated&graphics: conflict
!and&but&!on&!is: conflict
!and&but&!on&is: negative
!and&but&on&!i: negative
!and&but&on&i: neutral
and&!extended&!media&!word: positive
and&!extended&!media&word: neutral
and&!extended&media&!gaming: conflict
and&!extended&media&gaming: positive
and&extended&!when: neutral
and&extended&when: conflict
DecisionTree learned:
!and&!little&!but&!get: negative
!and&!little&!but&get: conflict
!and&!little&but&!screen: negative
!and&!little&but&screen: conflict
!and&little&!is: negative
!and&little&is&!much: conflict
!and&little&is&much: negative
and&!oh&!the&!cd: neutral
and&!oh&!the&cd: negative
and&!oh&the&!programs: negative
and&!oh&the&programs: positive
and&oh: conflict
DecisionTree learned:
!and&!it&!some&!get: neutral
!and&!it&!some&get: conflict
!and&!it&some&!the: negative
!and&!it&some&the: conflict
!and&it&!to&!laptops: negative
!and&it&!to&laptops: conflict
!and&it&to&!the: neutral
!and&it&to&the: negative
and&!extended&!complain&!firefox: positive
and&!extended&!complain&firefox: neutral
and&!extended&complain: conflict
and&extended&!when: neutral
and&extended&when: conflict
Trial 0 Training cc.mallet.classify.AdaBoostM2Trainer@656de49c finished
Trial 0 Trainer cc.mallet.classify.AdaBoostM2Trainer@656de49c test data accuracy = 0.5070993914807302

NaiveBayesTrainer
Summary. test accuracy mean = 0.6754563894523327 stddev = 0.0 stderr = 0.0

MaxEntTrainer,gaussianPriorVariance=1.0
Summary. test accuracy mean = 0.6592292089249493 stddev = 0.0 stderr = 0.0

cc.mallet.classify.DecisionTreeTrainer@266bade9
Summary. test accuracy mean = 0.5456389452332657 stddev = 0.0 stderr = 0.0

cc.mallet.classify.AdaBoostM2Trainer@656de49c
Summary. test accuracy mean = 0.5070993914807302 stddev = 0.0 stderr = 0.0
