
-------------------- Trial 0  --------------------

Trial 0 Training NaiveBayesTrainer with 1865 instances
Trial 0 Training NaiveBayesTrainer finished
Trial 0 Trainer NaiveBayesTrainer test data accuracy = 0.6693711967545639
Trial 0 Training MaxEntTrainer,gaussianPriorVariance=1.0 with 1865 instances
Trial 0 Training MaxEntTrainer,gaussianPriorVariance=1.0 finished
Trial 0 Trainer MaxEntTrainer,gaussianPriorVariance=1.0 test data accuracy = 0.6470588235294118
Trial 0 Training cc.mallet.classify.DecisionTreeTrainer@5328f6ee with 1865 instances
DecisionTree learned:
!great&!easy&!and&!but: negative
!great&!easy&!and&but: negative
!great&!easy&and&!good: positive
!great&!easy&and&good: positive
!great&easy&!go&!carry: positive
!great&easy&!go&carry: positive
!great&easy&go: neutral
great&!life&!etc&!more: positive
great&!life&!etc&more: negative
great&!life&etc: negative
great&life&!but&!of: positive
great&life&!but&of: negative
great&life&but: conflict
Trial 0 Training cc.mallet.classify.DecisionTreeTrainer@5328f6ee finished
Trial 0 Trainer cc.mallet.classify.DecisionTreeTrainer@5328f6ee test data accuracy = 0.5415821501014199
Trial 0 Training cc.mallet.classify.AdaBoostM2Trainer@15f66cff with 1865 instances
DecisionTree learned:
!great&!easy&!but&!and: negative
!great&!easy&!but&and: positive
!great&!easy&but&!laptop: negative
!great&!easy&but&laptop: neutral
!great&easy&!go&!carry: positive
!great&easy&!go&carry: positive
!great&easy&go: neutral
great&!life&!pad&!you: positive
great&!life&!pad&you: neutral
great&!life&pad&!to: neutral
great&!life&pad&to: neutral
great&life&!but&!of: positive
great&life&!but&of: negative
great&life&but: conflict
DecisionTree learned:
!great&!good&!easy&!love: negative
!great&!good&!easy&love: positive
!great&!good&easy&!go: positive
!great&!good&easy&go: neutral
!great&good&!but&!no: positive
!great&good&!but&no: negative
!great&good&but&!is: conflict
!great&good&but&is: negative
great&!small&!etc&!life: positive
great&!small&!etc&life: negative
great&!small&etc: negative
great&small: conflict
DecisionTree learned:
!great&!and&!but&!or: negative
!great&!and&!but&or: neutral
!great&!and&but&!on: negative
!great&!and&but&on: neutral
!great&and&!easy&!word: positive
!great&and&!easy&word: neutral
!great&and&easy: positive
great&!pad&!life&!etc: positive
great&!pad&!life&etc: negative
great&!pad&life&!but: negative
great&!pad&life&but: conflict
great&pad&!to&!so: neutral
great&pad&!to&so: positive
great&pad&to: neutral
DecisionTree learned:
!great&!but&!love&!good: negative
!great&!but&!love&good: positive
!great&!but&love&!had: positive
!great&!but&love&had: neutral
!great&but&!laptop&!on: negative
!great&but&!laptop&on: neutral
!great&but&laptop: neutral
great&!etc&!life&!more: positive
great&!etc&!life&more: negative
great&!etc&life&!but: positive
great&!etc&life&but: conflict
great&etc: negative
DecisionTree learned:
!but&!great&!easy&!and: negative
!but&!great&!easy&and: positive
!but&!great&easy&!go: positive
!but&!great&easy&go: neutral
!but&great&!media&!pad: positive
!but&great&!media&pad: neutral
!but&great&media: conflict
but&!screen&!on&!you: negative
but&!screen&!on&you: neutral
but&!screen&on&!are: neutral
but&!screen&on&are: conflict
but&screen&!and&!on: conflict
but&screen&!and&on: negative
but&screen&and: positive
DecisionTree learned:
!but&!great&!and&!love: negative
!but&!great&!and&love: positive
!but&!great&and&!easy: positive
!but&!great&and&easy: positive
!but&great&!etc&!life: positive
!but&great&!etc&life: positive
!but&great&etc: negative
but&!laptop&!and&!on: negative
but&!laptop&!and&on: neutral
but&!laptop&and&!has: positive
but&!laptop&and&has: conflict
but&laptop: neutral
DecisionTree learned:
!but&!great&!good&!very: negative
!but&!great&!good&very: positive
!but&!great&good&!games: positive
!but&!great&good&games: neutral
!but&great&!my&!media: positive
!but&great&!my&media: conflict
!but&great&my&!software: positive
!but&great&my&software: neutral
but&!laptop&!repair&!and: negative
but&!laptop&!repair&and: positive
but&!laptop&repair&!toshiba: negative
but&!laptop&repair&toshiba: neutral
but&laptop: neutral
DecisionTree learned:
!but&!fast&!is&!love: negative
!but&!fast&!is&love: positive
!but&!fast&is&!pc: positive
!but&!fast&is&pc: conflict
!but&fast&!program: positive
!but&fast&program: neutral
but&!repair&!and&!screen: negative
but&!repair&!and&screen: conflict
but&!repair&and&!has: positive
but&!repair&and&has: neutral
but&repair&!toshiba: negative
but&repair&toshiba: neutral
DecisionTree learned:
!but&!is&!fast&!and: negative
!but&!is&!fast&and: positive
!but&!is&fast: positive
!but&is&!different&!not: positive
!but&is&!different&not: negative
!but&is&different: conflict
but&!office&!warranty&!be: negative
but&!office&!warranty&be: negative
but&!office&warranty&!that: negative
but&!office&warranty&that: neutral
but&office&!is&!to: positive
but&office&!is&to: neutral
but&office&is: neutral
DecisionTree learned:
!but&!great&!or&!not: positive
!but&!great&!or&not: negative
!but&!great&or&!you: neutral
!but&!great&or&you: neutral
!but&great&!media&!pad: positive
!but&great&!media&pad: neutral
!but&great&media: conflict
but&!be&!it&!and: conflict
but&!be&!it&and: positive
but&!be&it&!wanted: negative
but&!be&it&wanted: conflict
but&be&!would&!that: negative
but&be&!would&that: neutral
but&be&would&!software: positive
but&be&would&software: negative
DecisionTree learned:
!but&!easy&!great&!speed: negative
!but&!easy&!great&speed: positive
!but&!easy&great&!media: positive
!but&!easy&great&media: conflict
!but&easy&!go&!not: positive
!but&easy&!go&not: positive
!but&easy&go: neutral
but&!learning&!gaming&!power: negative
but&!learning&!gaming&power: neutral
but&!learning&gaming: positive
but&learning&!mac: neutral
but&learning&mac: positive
DecisionTree learned:
!but&!easy&!and&!or: negative
!but&!easy&!and&or: neutral
!but&!easy&and&!extended: positive
!but&!easy&and&extended: neutral
!but&easy&!go&!not: positive
!but&easy&!go&not: positive
!but&easy&go: neutral
but&!and&!called&!i: negative
but&!and&!called&i: neutral
but&!and&called: neutral
but&and&!has&!new: positive
but&and&!has&new: neutral
but&and&has&!it: neutral
but&and&has&it: conflict
DecisionTree learned:
!but&!good&!love&!fast: negative
!but&!good&!love&fast: positive
!but&!good&love&!had: positive
!but&!good&love&had: neutral
!but&good&!no&!so: positive
!but&good&!no&so: negative
!but&good&no: negative
but&!on&!and&!called: negative
but&!on&!and&called: neutral
but&!on&and&!has: negative
but&!on&and&has: neutral
but&on&!i&!are: negative
but&on&!i&are: conflict
but&on&i&!my: neutral
but&on&i&my: negative
DecisionTree learned:
!but&!easy&!good&!is: negative
!but&!easy&!good&is: positive
!but&!easy&good&!charge: positive
!but&!easy&good&charge: neutral
!but&easy&!keyboard&!carry: positive
!but&easy&!keyboard&carry: positive
!but&easy&keyboard: neutral
but&!it&!and&!i: negative
but&!it&!and&i: neutral
but&!it&and&!as: negative
but&!it&and&as: neutral
but&it&!quality&!they: positive
but&it&!quality&they: negative
but&it&quality: neutral
DecisionTree learned:
!but&!is&!and&!or: negative
!but&!is&!and&or: neutral
!but&!is&and&!extended: positive
!but&!is&and&extended: neutral
!but&is&!any&!not: positive
!but&is&!any&not: negative
!but&is&any&!so: neutral
!but&is&any&so: positive
but&!looking&!and&!that: negative
but&!looking&!and&that: conflict
but&!looking&and&!has: positive
but&!looking&and&has: conflict
but&looking: positive
DecisionTree learned:
!but&!great&!very&!speed: negative
!but&!great&!very&speed: positive
!but&!great&very&!was: positive
!but&!great&very&was: conflict
!but&great&!media&!life: positive
!but&great&!media&life: negative
!but&great&media: conflict
but&!laptop&!use&!repair: negative
but&!laptop&!use&repair: negative
but&!laptop&use&!of: negative
but&!laptop&use&of: positive
but&laptop: neutral
DecisionTree learned:
!but&!very&!love&!and: negative
!but&!very&!love&and: positive
!but&!very&love&!had: positive
!but&!very&love&had: neutral
!but&very&!was&!features: positive
!but&very&!was&features: negative
!but&very&was&!to: conflict
!but&very&was&to: positive
but&!it&!and&!better: negative
but&!it&!and&better: conflict
but&!it&and&!up: positive
but&!it&and&up: negative
but&it&!wanted&!a: negative
but&it&!wanted&a: conflict
but&it&wanted: conflict
DecisionTree learned:
!but&!good&!complain&!and: negative
!but&!good&!complain&and: positive
!but&!good&complain&!to: conflict
!but&!good&complain&to: positive
!but&good&!charge&!games: positive
!but&good&!charge&games: neutral
!but&good&charge: neutral
but&!of&!features&!screen: negative
but&!of&!features&screen: conflict
but&!of&features&!so: positive
but&!of&features&so: neutral
but&of&!i&!just: positive
but&of&!i&just: neutral
but&of&i&!use: neutral
but&of&i&use: positive
DecisionTree learned:
!but&!fast&!is&!back: negative
!but&!fast&!is&back: negative
!but&!fast&is&!what: positive
!but&!fast&is&what: conflict
!but&fast&!program: positive
!but&fast&program: neutral
but&!it&!and&!support: conflict
but&!it&!and&support: negative
but&!it&and&!as: negative
but&!it&and&as: neutral
but&it&!quality&!the: conflict
but&it&!quality&the: positive
but&it&quality: neutral
DecisionTree learned:
!but&!is&!fast&!macbook: negative
!but&!is&!fast&macbook: positive
!but&!is&fast: positive
!but&is&!any&!not: positive
!but&is&!any&not: negative
!but&is&any&!on: neutral
!but&is&any&on: negative
but&!office&!temperatures&!and: negative
but&!office&!temperatures&and: positive
but&!office&temperatures: neutral
but&office&!you&!is: positive
but&office&!you&is: neutral
but&office&you: neutral
DecisionTree learned:
!but&!and&!price&!some: negative
!but&!and&!price&some: negative
!but&!and&price&!pay: positive
!but&!and&price&pay: conflict
!but&and&!extended&!email: positive
!but&and&!extended&email: neutral
!but&and&extended&!when: neutral
!but&and&extended&when: conflict
but&!laptop&!on&!to: negative
but&!laptop&!on&to: neutral
but&!laptop&on&!i: negative
but&!laptop&on&i: neutral
but&laptop: neutral
DecisionTree learned:
!but&!and&!laptops&!some: negative
!but&!and&!laptops&some: negative
!but&!and&laptops&!it: neutral
!but&!and&laptops&it: conflict
!but&and&!extended&!firefox: positive
!but&and&!extended&firefox: neutral
!but&and&extended&!when: neutral
!but&and&extended&when: conflict
but&!so&!and&!support: negative
but&!so&!and&support: negative
but&!so&and&!buy: negative
but&!so&and&buy: neutral
but&so&!it: neutral
but&so&it: conflict
DecisionTree learned:
!but&!love&!great&!amazing: negative
!but&!love&!great&amazing: positive
!but&!love&great&!media: positive
!but&!love&great&media: conflict
!but&love&!had: positive
!but&love&had: neutral
but&!standard&!a&!cost: negative
but&!standard&!a&cost: conflict
but&!standard&a&!look: neutral
but&!standard&a&look: positive
but&standard: conflict
DecisionTree learned:
!but&!after&!not&!easy: positive
!but&!after&!not&easy: positive
!but&!after&not&!graphics: negative
!but&!after&not&graphics: conflict
!but&after&!especially&!sales: negative
!but&after&!especially&sales: positive
!but&after&especially: conflict
but&!and&!on&!the: conflict
but&!and&!on&the: negative
but&!and&on&!i: negative
but&!and&on&i: neutral
but&and&!has&!new: positive
but&and&!has&new: neutral
but&and&has&!it: neutral
but&and&has&it: conflict
DecisionTree learned:
!but&!after&!or&!complain: positive
!but&!after&!or&complain: conflict
!but&!after&or&!windows: neutral
!but&!after&or&windows: negative
!but&after&!especially&!sales: negative
!but&after&!especially&sales: positive
!but&after&especially: conflict
but&!and&!i&!to: conflict
but&!and&!i&to: neutral
but&!and&i&!which: neutral
but&!and&i&which: conflict
but&and&!has&!you: negative
but&and&!has&you: neutral
but&and&has&!it: neutral
but&and&has&it: conflict
DecisionTree learned:
!but&!and&!or&!will: negative
!but&!and&!or&will: conflict
!but&!and&or&!can: neutral
!but&!and&or&can: positive
!but&and&!email&!extended: positive
!but&and&!email&extended: neutral
!but&and&email&!office: neutral
!but&and&email&office: positive
but&!gaming&!laptop&!x: negative
but&!gaming&!laptop&x: neutral
but&!gaming&laptop: neutral
but&gaming: positive
DecisionTree learned:
!and&!but&!laptops&!very: negative
!and&!but&!laptops&very: positive
!and&!but&laptops&!it: negative
!and&!but&laptops&it: conflict
!and&but&!to&!an: negative
!and&but&!to&an: conflict
!and&but&to&!was: neutral
!and&but&to&was: conflict
and&!email&!complain&!had: positive
and&!email&!complain&had: negative
and&!email&complain: conflict
and&email&!office&!screen: neutral
and&email&!office&screen: positive
and&email&office: positive
DecisionTree learned:
!but&!and&!awesome&!price: negative
!but&!and&!awesome&price: positive
!but&!and&awesome: positive
!but&and&!extended&!email: positive
!but&and&!extended&email: neutral
!but&and&extended&!when: neutral
!but&and&extended&when: conflict
but&!life&!screen&!an: negative
but&!life&!screen&an: conflict
but&!life&screen&!and: conflict
but&!life&screen&and: positive
but&life&!free&!to: conflict
but&life&!free&to: negative
but&life&free: conflict
DecisionTree learned:
!but&!amazing&!good&!speed: negative
!but&!amazing&!good&speed: positive
!but&!amazing&good&!charge: positive
!but&!amazing&good&charge: neutral
!but&amazing: positive
but&!and&!i&!to: negative
but&!and&!i&to: neutral
but&!and&i&!known: neutral
but&!and&i&known: conflict
but&and&!has&!new: positive
but&and&!has&new: neutral
but&and&has&!it: neutral
but&and&has&it: conflict
DecisionTree learned:
!but&!price&!speed&!is: negative
!but&!price&!speed&is: positive
!but&!price&speed&!use: positive
!but&!price&speed&use: negative
!but&price&!worth&!pay: positive
!but&price&!worth&pay: conflict
!but&price&worth&!mac: conflict
!but&price&worth&mac: negative
but&!it&!and&!time: negative
but&!it&!and&time: positive
but&!it&and&!be: positive
but&!it&and&be: negative
but&it&!quality&!after: negative
but&it&!quality&after: positive
but&it&quality: neutral
DecisionTree learned:
!but&!and&!eee&!or: negative
!but&!and&!eee&or: neutral
!but&!and&eee: conflict
!but&and&!firefox&!email: positive
!but&and&!firefox&email: neutral
!but&and&firefox: neutral
but&!and&!support&!screen: negative
but&!and&!support&screen: conflict
but&!and&support: negative
but&and&!has&!you: negative
but&and&!has&you: neutral
but&and&has&!it: neutral
but&and&has&it: conflict
DecisionTree learned:
!but&!arisen&!is&!macbook: negative
!but&!arisen&!is&macbook: positive
!but&!arisen&is&!mind: positive
!but&!arisen&is&mind: conflict
!but&arisen: conflict
but&!x&!on&!a: positive
but&!x&!on&a: conflict
but&!x&on&!i: negative
but&!x&on&i: neutral
but&x&!is: neutral
but&x&is: positive
DecisionTree learned:
!but&!the&!s&!twice: neutral
!but&!the&!s&twice: conflict
!but&!the&s&!and: conflict
!but&!the&s&and: positive
!but&the&!different&!love: negative
!but&the&!different&love: positive
!but&the&different&!is: negative
!but&the&different&is: conflict
but&!os&!learning&!standard: negative
but&!os&!learning&standard: conflict
but&!os&learning: neutral
but&os&!have&!to: positive
but&os&!have&to: neutral
but&os&have: positive
DecisionTree learned:
!but&!macbook&!complain&!good: negative
!but&!macbook&!complain&good: positive
!but&!macbook&complain&!to: conflict
!but&!macbook&complain&to: positive
!but&macbook&!of&!hard: positive
!but&macbook&!of&hard: conflict
!but&macbook&of&!will: negative
!but&macbook&of&will: conflict
but&!and&!better&!that: negative
but&!and&!better&that: conflict
but&!and&better&!still: conflict
but&!and&better&still: neutral
but&and&!has&!gb: positive
but&and&!has&gb: neutral
but&and&has&!it: neutral
but&and&has&it: conflict
DecisionTree learned:
!but&!easy&!requires&!movie: negative
!but&!easy&!requires&movie: neutral
!but&!easy&requires: conflict
!but&easy&!not&!go: positive
!but&easy&!not&go: neutral
!but&easy&not&!much: negative
!but&easy&not&much: positive
but&!temperatures&!look&!be: negative
but&!temperatures&!look&be: negative
but&!temperatures&look&!if: positive
but&!temperatures&look&if: negative
but&temperatures: neutral
DecisionTree learned:
!but&!very&!macbook&!complain: negative
!but&!very&!macbook&complain: conflict
!but&!very&macbook&!pro: conflict
!but&!very&macbook&pro: positive
!but&very&!was&!features: positive
!but&very&!was&features: negative
!but&very&was&!and: conflict
!but&very&was&and: positive
but&!life&!it&!and: positive
but&!life&!it&and: negative
but&!life&it&!quality: negative
but&!life&it&quality: neutral
but&life&!to: conflict
but&life&to&!free: negative
but&life&to&free: conflict
DecisionTree learned:
!but&!and&!worth&!generally: negative
!but&!and&!worth&generally: conflict
!but&!and&worth&!for: conflict
!but&!and&worth&for: neutral
!but&and&!complain&!extended: positive
!but&and&!complain&extended: neutral
!but&and&complain: conflict
but&!temperatures&!look&!you: negative
but&!temperatures&!look&you: neutral
but&!temperatures&look&!if: positive
but&!temperatures&look&if: negative
but&temperatures: neutral
DecisionTree learned:
!but&!the&!s&!twice: neutral
!but&!the&!s&twice: conflict
!but&!the&s&!and: conflict
!but&!the&s&and: positive
!but&the&!someone&!ease: negative
!but&the&!someone&ease: positive
!but&the&someone: conflict
but&!battery&!to&!an: negative
but&!battery&!to&an: conflict
but&!battery&to&!be: neutral
but&!battery&to&be: negative
but&battery&!n&!my: conflict
but&battery&!n&my: conflict
but&battery&n&!it: negative
but&battery&n&it: negative
DecisionTree learned:
!but&!and&!some&!it: negative
!but&!and&!some&it: negative
!but&!and&some&!features: negative
!but&!and&some&features: positive
!but&and&!sol&!media: positive
!but&and&!sol&media: conflict
!but&and&sol: conflict
but&!and&!os&!on: conflict
but&!and&!os&on: neutral
but&!and&os&!to: positive
but&!and&os&to: neutral
but&and&!has&!you: positive
but&and&!has&you: neutral
but&and&has&!it: neutral
but&and&has&it: conflict
DecisionTree learned:
!but&!the&!s&!eee: neutral
!but&!the&!s&eee: conflict
!but&!the&s&!and: conflict
!but&!the&s&and: positive
!but&the&!macbook&!worth: negative
!but&the&!macbook&worth: conflict
!but&the&macbook&!pro: conflict
!but&the&macbook&pro: positive
but&!a&!did&!you: negative
but&!a&!did&you: neutral
but&!a&did&!software: neutral
but&!a&did&software: negative
but&a&!look&!mouse: conflict
but&a&!look&mouse: positive
but&a&look: positive
DecisionTree learned:
!but&!very&!arisen&!for: negative
!but&!very&!arisen&for: neutral
!but&!very&arisen: conflict
!but&very&!was&!included: positive
!but&very&!was&included: neutral
!but&very&was&!and: conflict
!but&very&was&and: positive
but&!it&!and&!like: conflict
but&!it&!and&like: positive
but&!it&and&!new: positive
but&!it&and&new: neutral
but&it&!quality&!easily: conflict
but&it&!quality&easily: positive
but&it&quality: neutral
DecisionTree learned:
!and&!but&!great&!worth: negative
!and&!but&!great&worth: conflict
!and&!but&great&!fan: positive
!and&!but&great&fan: neutral
!and&but&!screen&!called: negative
!and&but&!screen&called: neutral
!and&but&screen&!the: conflict
!and&but&screen&the: conflict
and&!were&!graphics&!board: positive
and&!were&!graphics&board: negative
and&!were&graphics: positive
and&were&!of&!laptop: negative
and&were&!of&laptop: conflict
and&were&of: positive
DecisionTree learned:
!but&!requires&!and&!it: negative
!but&!requires&!and&it: negative
!but&!requires&and&!extended: positive
!but&!requires&and&extended: neutral
!but&requires: conflict
but&!computer&!it&!and: positive
but&!computer&!it&and: neutral
but&!computer&it&!quality: negative
but&!computer&it&quality: neutral
but&computer&!that: negative
but&computer&that: conflict
DecisionTree learned:
!and&!but&!eee&!it: negative
!and&!but&!eee&it: negative
!and&!but&eee: conflict
!and&but&!called&!a: negative
!and&but&!called&a: neutral
!and&but&called: neutral
and&!sol&!complain&!firefox: positive
and&!sol&!complain&firefox: neutral
and&!sol&complain: conflict
and&sol: conflict
DecisionTree learned:
!but&!opted&!complain&!and: negative
!but&!opted&!complain&and: positive
!but&!opted&complain&!to: conflict
!but&!opted&complain&to: positive
!but&opted&!despite: positive
!but&opted&despite: conflict
but&!so&!and&!i: negative
but&!so&!and&i: neutral
but&!so&and&!buy: positive
but&!so&and&buy: neutral
but&so&!it: neutral
but&so&it: conflict
DecisionTree learned:
!but&!complain&!movie&!not: positive
!but&!complain&!movie&not: negative
!but&!complain&movie&!is: neutral
!but&!complain&movie&is: conflict
!but&complain&!to: conflict
!but&complain&to: positive
but&!laptop&!use&!computer: positive
but&!laptop&!use&computer: negative
but&!laptop&use&!is: positive
but&!laptop&use&is: negative
but&laptop: neutral
DecisionTree learned:
!and&!but&!laptops&!some: negative
!and&!but&!laptops&some: negative
!and&!but&laptops&!it: negative
!and&!but&laptops&it: conflict
!and&but&!i&!who: negative
!and&but&!i&who: neutral
!and&but&i&!on: positive
!and&but&i&on: neutral
and&!extended&!firefox&!word: positive
and&!extended&!firefox&word: neutral
and&!extended&firefox: neutral
and&extended&!when&!mouse: neutral
and&extended&!when&mouse: negative
and&extended&when: conflict
DecisionTree learned:
!but&!macbook&!very&!opted: negative
!but&!macbook&!very&opted: conflict
!but&!macbook&very&!was: positive
!but&!macbook&very&was: conflict
!but&macbook&!pro&!for: conflict
!but&macbook&!pro&for: neutral
!but&macbook&pro&!of: positive
!but&macbook&pro&of: negative
but&!temperatures&!so&!and: negative
but&!temperatures&!so&and: positive
but&!temperatures&so&!it: neutral
but&!temperatures&so&it: conflict
but&temperatures: neutral
DecisionTree learned:
!but&!complain&!and&!some: negative
!but&!complain&!and&some: negative
!but&!complain&and&!extended: positive
!but&!complain&and&extended: neutral
!but&complain&!to: conflict
!but&complain&to: positive
but&!so&!and&!i: conflict
but&!so&!and&i: neutral
but&!so&and&!has: positive
but&!so&and&has: neutral
but&so&!it: neutral
but&so&it: conflict
DecisionTree learned:
!and&!but&!worth&!macbook: negative
!and&!but&!worth&macbook: conflict
!and&!but&worth&!for: conflict
!and&!but&worth&for: neutral
!and&but&!standard&!that: negative
!and&but&!standard&that: conflict
!and&but&standard: conflict
and&!extended&!firefox&!word: positive
and&!extended&!firefox&word: neutral
and&!extended&firefox: neutral
and&extended&!when&!mouse: neutral
and&extended&!when&mouse: negative
and&extended&when: conflict
DecisionTree learned:
!and&!but&!some&!or: negative
!and&!but&!some&or: neutral
!and&!but&some&!features: negative
!and&!but&some&features: positive
!and&but&!that&!it: neutral
!and&but&!that&it: negative
!and&but&that&!look: conflict
!and&but&that&look: positive
and&!complain&!sol&!you: positive
and&!complain&!sol&you: neutral
and&!complain&sol: conflict
and&complain: conflict
DecisionTree learned:
!and&!but&!opted&!will: negative
!and&!but&!opted&will: conflict
!and&!but&opted&!despite: positive
!and&!but&opted&despite: conflict
!and&but&!a&!called: positive
!and&but&!a&called: neutral
!and&but&a&!like: neutral
!and&but&a&like: positive
and&!email&!firefox&!extended: positive
and&!email&!firefox&extended: neutral
and&!email&firefox: neutral
and&email&!office&!screen: neutral
and&email&!office&screen: positive
and&email&office: positive
DecisionTree learned:
!but&!generally&!some&!after: positive
!but&!generally&!some&after: negative
!but&!generally&some&!and: conflict
!but&!generally&some&and: negative
!but&generally: conflict
but&!warranty&!standard&!the: conflict
but&!warranty&!standard&the: positive
but&!warranty&standard: conflict
but&warranty&!has&!days: neutral
but&warranty&!has&days: negative
but&warranty&has: negative
DecisionTree learned:
!but&!generally&!complain&!and: negative
!but&!generally&!complain&and: positive
!but&!generally&complain&!to: conflict
!but&!generally&complain&to: positive
!but&generally: conflict
but&!laptop&!life&!little: positive
but&!laptop&!life&little: negative
but&!laptop&life&!to: conflict
but&!laptop&life&to: conflict
but&laptop: neutral
DecisionTree learned:
!and&!but&!eee&!it: neutral
!and&!but&!eee&it: negative
!and&!but&eee: conflict
!and&but&!i&!the: conflict
!and&but&!i&the: negative
!and&but&i&!on: positive
!and&but&i&on: neutral
and&!n&!sol&!media: positive
and&!n&!sol&media: conflict
and&!n&sol: conflict
and&n&!system&!they: negative
and&n&!system&they: positive
and&n&system&!you: neutral
and&n&system&you: positive
DecisionTree learned:
!and&!but&!or&!it: positive
!and&!but&!or&it: negative
!and&!but&or&!as: neutral
!and&!but&or&as: negative
!and&but&!an&!screen: negative
!and&but&!an&screen: conflict
!and&but&an&!a: conflict
!and&but&an&a: neutral
and&!you&!firefox&!fast: positive
and&!you&!firefox&fast: positive
and&!you&firefox: neutral
and&you&!of&!programs: neutral
and&you&!of&programs: positive
and&you&of&!it: positive
and&you&of&it: negative
DecisionTree learned:
!and&!but&!worth&!opted: negative
!and&!but&!worth&opted: conflict
!and&!but&worth&!the: negative
!and&!but&worth&the: conflict
!and&but&!a&!i: negative
!and&but&!a&i: negative
!and&but&a&!mouse: neutral
!and&but&a&mouse: positive
and&!had&!email&!extended: positive
and&!had&!email&extended: neutral
and&!had&email&!screen: neutral
and&!had&email&screen: positive
and&had&!could&!which: negative
and&had&!could&which: neutral
and&had&could: neutral
DecisionTree learned:
!and&!but&!mind&!it: negative
!and&!but&!mind&it: negative
!and&!but&mind: conflict
!and&but&!i&!the: conflict
!and&but&!i&the: negative
!and&but&i&!on: positive
!and&but&i&on: neutral
and&!n&!graphics&!had: positive
and&!n&!graphics&had: negative
and&!n&graphics: positive
and&n&!need&!online: negative
and&n&!need&online: neutral
and&n&need&!you: neutral
and&n&need&you: positive
DecisionTree learned:
!but&!movie&!generally&!love: negative
!but&!movie&!generally&love: positive
!but&!movie&generally: conflict
!but&movie&!is: neutral
!but&movie&is: conflict
but&!it&!and&!that: neutral
but&!it&!and&that: conflict
but&!it&and&!up: positive
but&!it&and&up: negative
but&it&!quality&!the: negative
but&it&!quality&the: positive
but&it&quality: neutral
DecisionTree learned:
!and&!yes&!but&!eee: negative
!and&!yes&!but&eee: conflict
!and&!yes&but&!screen: positive
!and&!yes&but&screen: conflict
!and&yes: conflict
and&!complain&!sol&!media: positive
and&!complain&!sol&media: conflict
and&!complain&sol: conflict
and&complain: conflict
DecisionTree learned:
!but&!and&!yes&!some: negative
!but&!and&!yes&some: negative
!but&!and&yes: conflict
!but&and&!media&!extended: positive
!but&and&!media&extended: neutral
!but&and&media: conflict
but&!office&!instead&!very: negative
but&!office&!instead&very: positive
but&!office&instead: positive
but&office&!is&!to: positive
but&office&!is&to: neutral
but&office&is: neutral
DecisionTree learned:
!but&!movie&!easy&!speed: negative
!but&!movie&!easy&speed: positive
!but&!movie&easy&!go: positive
!but&!movie&easy&go: neutral
!but&movie&!is: neutral
!but&movie&is: conflict
but&!x&!temperatures&!so: negative
but&!x&!temperatures&so: neutral
but&!x&temperatures: neutral
but&x: neutral
DecisionTree learned:
!and&!but&!generally&!it: neutral
!and&!but&!generally&it: negative
!and&!but&generally: conflict
!and&but&!i&!to: negative
!and&but&!i&to: neutral
!and&but&i&!known: neutral
!and&but&i&known: conflict
and&!complain&!were&!graphics: positive
and&!complain&!were&graphics: positive
and&!complain&were&!of: negative
and&!complain&were&of: positive
and&complain: conflict
DecisionTree learned:
!and&!but&!opted&!it: neutral
!and&!but&!opted&it: negative
!and&!but&opted&!despite: positive
!and&!but&opted&despite: conflict
!and&but&!who&!i: negative
!and&but&!who&i: neutral
!and&but&who: neutral
and&!media&!complain&!sol: positive
and&!media&!complain&sol: conflict
and&!media&complain: conflict
and&media&!but: conflict
and&media&but: positive
DecisionTree learned:
!and&!laptops&!but&!some: negative
!and&!laptops&!but&some: negative
!and&!laptops&but&!who: negative
!and&!laptops&but&who: neutral
!and&laptops&!it&!the: neutral
!and&laptops&!it&the: negative
!and&laptops&it: conflict
and&!complain&!sol&!average: positive
and&!complain&!sol&average: conflict
and&!complain&sol: conflict
and&complain: conflict
DecisionTree learned:
!and&!but&!opted&!price: negative
!and&!but&!opted&price: positive
!and&!but&opted&!despite: positive
!and&!but&opted&despite: conflict
!and&but&!os&!an: negative
!and&but&!os&an: conflict
!and&but&os&!have: neutral
!and&but&os&have: positive
and&!sol&!you&!i: positive
and&!sol&!you&i: neutral
and&!sol&you&!of: neutral
and&!sol&you&of: positive
and&sol: conflict
DecisionTree learned:
!and&!but&!awesome&!eee: negative
!and&!but&!awesome&eee: conflict
!and&!but&awesome: positive
!and&but&!temperatures&!os: negative
!and&but&!temperatures&os: neutral
!and&but&temperatures: neutral
and&!complain&!word&!sol: positive
and&!complain&!word&sol: conflict
and&!complain&word&!to: positive
and&!complain&word&to: neutral
and&complain: conflict
DecisionTree learned:
!and&!yes&!but&!some: negative
!and&!yes&!but&some: conflict
!and&!yes&but&!i: negative
!and&!yes&but&i: neutral
!and&yes: conflict
and&!firefox&!complain&!sol: positive
and&!firefox&!complain&sol: conflict
and&!firefox&complain: conflict
and&firefox: neutral
DecisionTree learned:
!and&!it&!some&!but: neutral
!and&!it&!some&but: positive
!and&!it&some&!features: conflict
!and&!it&some&features: positive
!and&it&!to&!by: negative
!and&it&!to&by: neutral
!and&it&to&!easy: negative
!and&it&to&easy: positive
and&!sol&!media&!the: neutral
and&!sol&!media&the: negative
and&!sol&media&!but: conflict
and&!sol&media&but: positive
and&sol: conflict
DecisionTree learned:
!and&!yes&!but&!worth: negative
!and&!yes&!but&worth: conflict
!and&!yes&but&!i: negative
!and&!yes&but&i: neutral
!and&yes: conflict
and&!complain&!sol&!media: positive
and&!complain&!sol&media: conflict
and&!complain&sol: conflict
and&complain: conflict
DecisionTree learned:
!and&!but&!some&!it: negative
!and&!but&!some&it: negative
!and&!but&some&!features: negative
!and&!but&some&features: positive
!and&but&!on&!that: negative
!and&but&!on&that: conflict
!and&but&on&!i: negative
!and&but&on&i: neutral
and&!n&!graphics&!video: positive
and&!n&!graphics&video: negative
and&!n&graphics: positive
and&n&!need&!online: negative
and&n&!need&online: neutral
and&n&need&!you: neutral
and&n&need&you: positive
DecisionTree learned:
!and&!yes&!or&!very: negative
!and&!yes&!or&very: positive
!and&!yes&or&!can: neutral
!and&!yes&or&can: positive
!and&yes: conflict
and&!word&!complain&!media: positive
and&!word&!complain&media: conflict
and&!word&complain: conflict
and&word&!to&!making: positive
and&word&!to&making: neutral
and&word&to: neutral
DecisionTree learned:
!and&!very&!but&!requires: negative
!and&!very&!but&requires: conflict
!and&!very&but&!i: negative
!and&!very&but&i: neutral
!and&very&!was&!games: positive
!and&very&!was&games: neutral
!and&very&was&!but: conflict
!and&very&was&but: positive
and&!media&!extended&!the: neutral
and&!media&!extended&the: negative
and&!media&extended&!when: neutral
and&!media&extended&when: conflict
and&media&!but: conflict
and&media&but: positive
DecisionTree learned:
!and&!it&!little&!but: neutral
!and&!it&!little&but: positive
!and&!it&little&!than: negative
!and&!it&little&than: conflict
!and&it&!to&!laptops: negative
!and&it&!to&laptops: conflict
!and&it&to&!not: negative
!and&it&to&not: negative
and&!complain&!email&!media: negative
and&!complain&!email&media: conflict
and&!complain&email&!office: neutral
and&!complain&email&office: positive
and&complain: conflict
DecisionTree learned:
!and&!but&!yes&!some: negative
!and&!but&!yes&some: conflict
!and&!but&yes: conflict
!and&but&!to&!i: conflict
!and&but&!to&i: positive
!and&but&to&!was: neutral
!and&but&to&was: conflict
and&!sol&!the&!not: positive
and&!sol&!the&not: neutral
and&!sol&the&!media: negative
and&!sol&the&media: conflict
and&sol: conflict
DecisionTree learned:
!and&!but&!perfect&!laptops: negative
!and&!but&!perfect&laptops: conflict
!and&!but&perfect&!so: positive
!and&!but&perfect&so: conflict
!and&but&!that&!better: positive
!and&but&!that&better: conflict
!and&but&that&!has: conflict
!and&but&that&has: negative
and&!sol&!media&!the: neutral
and&!sol&!media&the: negative
and&!sol&media&!but: conflict
and&!sol&media&but: positive
and&sol: conflict
DecisionTree learned:
!and&!but&!laptops&!some: negative
!and&!but&!laptops&some: conflict
!and&!but&laptops&!it: negative
!and&!but&laptops&it: conflict
!and&but&!screen&!i: negative
!and&but&!screen&i: neutral
!and&but&screen&!the: conflict
!and&but&screen&the: negative
and&!email&!easy&!you: negative
and&!email&!easy&you: neutral
and&!email&easy: positive
and&email&!office&!screen: neutral
and&email&!office&screen: positive
and&email&office: positive
DecisionTree learned:
!but&!and&!generally&!eee: negative
!but&!and&!generally&eee: conflict
!but&!and&generally: conflict
!but&and&!email&!fast: positive
!but&and&!email&fast: positive
!but&and&email&!office: neutral
!but&and&email&office: positive
but&!life&!been&!standard: negative
but&!life&!been&standard: conflict
but&!life&been: positive
but&life&!to: conflict
but&life&to&!free: negative
but&life&to&free: conflict
DecisionTree learned:
!and&!but&!macbook&!perfect: negative
!and&!but&!macbook&perfect: conflict
!and&!but&macbook&!pro: conflict
!and&!but&macbook&pro: positive
!and&but&!an&!on: negative
!and&but&!an&on: neutral
!and&but&an&!a: conflict
!and&but&an&a: neutral
and&!media&!extended&!the: positive
and&!media&!extended&the: negative
and&!media&extended&!when: neutral
and&!media&extended&when: conflict
and&media&!but: conflict
and&media&but: positive
DecisionTree learned:
!and&!but&!some&!it: neutral
!and&!but&!some&it: negative
!and&!but&some&!features: conflict
!and&!but&some&features: positive
!and&but&!to&!an: negative
!and&but&!to&an: conflict
!and&but&to&!was: neutral
!and&but&to&was: conflict
and&!word&!when&!firefox: positive
and&!word&!when&firefox: neutral
and&!word&when&!there: negative
and&!word&when&there: neutral
and&word&!so&!to: positive
and&word&!so&to: neutral
and&word&so: conflict
DecisionTree learned:
!and&!generally&!yes&!needs: negative
!and&!generally&!yes&needs: conflict
!and&!generally&yes: conflict
!and&generally: conflict
and&!firefox&!you&!fast: positive
and&!firefox&!you&fast: positive
and&!firefox&you&!of: neutral
and&!firefox&you&of: positive
and&firefox: neutral
DecisionTree learned:
!but&!and&!or&!some: negative
!but&!and&!or&some: conflict
!but&!and&or&!can: neutral
!but&!and&or&can: positive
!but&and&!extended&!is: positive
!but&and&!extended&is: positive
!but&and&extended&!when: neutral
!but&and&extended&when: conflict
but&!it&!and&!like: conflict
but&!it&!and&like: positive
but&!it&and&!new: negative
but&!it&and&new: neutral
but&it&!quality&!they: conflict
but&it&!quality&they: negative
but&it&quality: neutral
DecisionTree learned:
!but&!eee&!generally&!macbook: negative
!but&!eee&!generally&macbook: positive
!but&!eee&generally: conflict
!but&eee: conflict
but&!a&!did&!any: positive
but&!a&!did&any: neutral
but&!a&did&!software: neutral
but&!a&did&software: negative
but&a&!mouse&!look: conflict
but&a&!mouse&look: positive
but&a&mouse: positive
DecisionTree learned:
!and&!yes&!but&!macbook: negative
!and&!yes&!but&macbook: conflict
!and&!yes&but&!a: negative
!and&!yes&but&a: conflict
!and&yes: conflict
and&!complain&!macbook&!graphics: negative
and&!complain&!macbook&graphics: positive
and&!complain&macbook: positive
and&complain: conflict
DecisionTree learned:
!and&!or&!arisen&!opted: negative
!and&!or&!arisen&opted: conflict
!and&!or&arisen: conflict
!and&or&!sticking&!as: neutral
!and&or&!sticking&as: negative
!and&or&sticking: positive
and&!sol&!video&!complain: positive
and&!sol&!video&complain: conflict
and&!sol&video&!for: negative
and&!sol&video&for: conflict
and&sol: conflict
DecisionTree learned:
!and&!but&!mind&!will: negative
!and&!but&!mind&will: conflict
!and&!but&mind: conflict
!and&but&!called&!i: conflict
!and&but&!called&i: neutral
!and&but&called: neutral
and&!were&!complain&!media: positive
and&!were&!complain&media: conflict
and&!were&complain: conflict
and&were&!software&!laptop: negative
and&were&!software&laptop: conflict
and&were&software: neutral
DecisionTree learned:
!and&!yes&!generally&!but: negative
!and&!yes&!generally&but: negative
!and&!yes&generally: conflict
!and&yes: conflict
and&!media&!word&!board: positive
and&!media&!word&board: negative
and&!media&word&!to: positive
and&!media&word&to: neutral
and&media&!is: positive
and&media&is: conflict
DecisionTree learned:
!and&!but&!laptops&!some: negative
!and&!but&!laptops&some: conflict
!and&!but&laptops&!it: negative
!and&!but&laptops&it: conflict
!and&but&!i&!to: conflict
!and&but&!i&to: neutral
!and&but&i&!which: neutral
!and&but&i&which: conflict
and&!media&!the&!not: positive
and&!media&!the&not: neutral
and&!media&the&!when: negative
and&!media&the&when: neutral
and&media&!but: conflict
and&media&but: positive
DecisionTree learned:
!and&!awesome&!yes&!opted: negative
!and&!awesome&!yes&opted: conflict
!and&!awesome&yes: conflict
!and&awesome: positive
and&!extended&!complain&!ease: positive
and&!extended&!complain&ease: positive
and&!extended&complain: conflict
and&extended&!when&!mouse: neutral
and&extended&!when&mouse: negative
and&extended&when: conflict
DecisionTree learned:
!and&!but&!opted&!it: neutral
!and&!but&!opted&it: negative
!and&!but&opted&!despite: positive
!and&!but&opted&despite: conflict
!and&but&!screen&!instead: negative
!and&but&!screen&instead: positive
!and&but&screen&!the: conflict
!and&but&screen&the: negative
and&!warranty&!firefox&!back: positive
and&!warranty&!firefox&back: negative
and&!warranty&firefox: neutral
and&warranty&!days&!is: neutral
and&warranty&!days&is: negative
and&warranty&days: negative
DecisionTree learned:
!and&!little&!laptops&!but: neutral
!and&!little&!laptops&but: negative
!and&!little&laptops&!it: negative
!and&!little&laptops&it: conflict
!and&little&!than&!well: negative
!and&little&!than&well: conflict
!and&little&than: conflict
and&!complain&!media&!extended: positive
and&!complain&!media&extended: neutral
and&!complain&media&!is: positive
and&!complain&media&is: conflict
and&complain: conflict
DecisionTree learned:
!and&!loading&!little&!but: negative
!and&!loading&!little&but: positive
!and&!loading&little&!than: negative
!and&!loading&little&than: conflict
!and&loading: conflict
and&!word&!i&!you: positive
and&!word&!i&you: neutral
and&!word&i&!install: neutral
and&!word&i&install: negative
and&word&!to&!making: positive
and&word&!to&making: neutral
and&word&to: neutral
DecisionTree learned:
!and&!but&!some&!eee: negative
!and&!but&!some&eee: conflict
!and&!but&some&!features: conflict
!and&!but&some&features: positive
!and&but&!standard&!an: positive
!and&but&!standard&an: conflict
!and&but&standard: conflict
and&!firefox&!extended&!easy: positive
and&!firefox&!extended&easy: positive
and&!firefox&extended&!when: neutral
and&!firefox&extended&when: conflict
and&firefox: neutral
DecisionTree learned:
!and&!awesome&!despite&!but: negative
!and&!awesome&!despite&but: negative
!and&!awesome&despite&!use: conflict
!and&!awesome&despite&use: negative
!and&awesome: positive
and&!warranty&!graphics&!email: positive
and&!warranty&!graphics&email: neutral
and&!warranty&graphics: positive
and&warranty&!is&!days: neutral
and&warranty&!is&days: negative
and&warranty&is: negative
DecisionTree learned:
!and&!but&!very&!price: negative
!and&!but&!very&price: positive
!and&!but&very&!was: positive
!and&!but&very&was: conflict
!and&but&!help&!been: conflict
!and&but&!help&been: positive
!and&but&help: negative
and&!media&!always&!extended: positive
and&!media&!always&extended: neutral
and&!media&always&!can: negative
and&!media&always&can: conflict
and&media&!but: conflict
and&media&but: positive
DecisionTree learned:
!and&!or&!will&!but: negative
!and&!or&!will&but: negative
!and&!or&will&!to: conflict
!and&!or&will&to: negative
!and&or&!sticking&!can: neutral
!and&or&!sticking&can: positive
!and&or&sticking: positive
and&!complain&!you&!i: positive
and&!complain&!you&i: neutral
and&!complain&you&!programs: neutral
and&!complain&you&programs: positive
and&complain: conflict
DecisionTree learned:
!and&!yes&!eee&!to: negative
!and&!yes&!eee&to: neutral
!and&!yes&eee: conflict
!and&yes: conflict
and&!complain&!video&!camera: positive
and&!complain&!video&camera: conflict
and&!complain&video&!for: negative
and&!complain&video&for: conflict
and&complain: conflict
DecisionTree learned:
!and&!very&!but&!worth: negative
!and&!very&!but&worth: conflict
!and&!very&but&!screen: negative
!and&!very&but&screen: conflict
!and&very&!was&!games: positive
!and&very&!was&games: neutral
!and&very&was&!but: conflict
!and&very&was&but: positive
and&!sol&!word&!average: positive
and&!sol&!word&average: conflict
and&!sol&word&!so: neutral
and&!sol&word&so: conflict
and&sol: conflict
DecisionTree learned:
!and&!perfect&!but&!worth: negative
!and&!perfect&!but&worth: conflict
!and&!perfect&but&!to: positive
!and&!perfect&but&to: neutral
!and&perfect&!so&!the: negative
!and&perfect&!so&the: positive
!and&perfect&so: conflict
and&!complain&!firefox&!bluetooth: positive
and&!complain&!firefox&bluetooth: negative
and&!complain&firefox: neutral
and&complain: conflict
DecisionTree learned:
!and&!but&!some&!it: neutral
!and&!but&!some&it: negative
!and&!but&some&!features: conflict
!and&!but&some&features: positive
!and&but&!on&!that: positive
!and&but&!on&that: conflict
!and&but&on&!i: negative
!and&but&on&i: neutral
and&!media&!complain&!ease: negative
and&!media&!complain&ease: positive
and&!media&complain: conflict
and&media&!but: conflict
and&media&but: positive
Trial 0 Training cc.mallet.classify.AdaBoostM2Trainer@15f66cff finished
Trial 0 Trainer cc.mallet.classify.AdaBoostM2Trainer@15f66cff test data accuracy = 0.5192697768762677

NaiveBayesTrainer
Summary. test accuracy mean = 0.6693711967545639 stddev = 0.0 stderr = 0.0

MaxEntTrainer,gaussianPriorVariance=1.0
Summary. test accuracy mean = 0.6470588235294118 stddev = 0.0 stderr = 0.0

cc.mallet.classify.DecisionTreeTrainer@5328f6ee
Summary. test accuracy mean = 0.5415821501014199 stddev = 0.0 stderr = 0.0

cc.mallet.classify.AdaBoostM2Trainer@15f66cff
Summary. test accuracy mean = 0.5192697768762677 stddev = 0.0 stderr = 0.0
