
-------------------- Trial 0  --------------------

Trial 0 Training NaiveBayesTrainer with 1865 instances
Trial 0 Training NaiveBayesTrainer finished
Trial 0 Trainer NaiveBayesTrainer test data accuracy = 0.6876267748478702
Trial 0 Training MaxEntTrainer,gaussianPriorVariance=1.0 with 1865 instances
Trial 0 Training MaxEntTrainer,gaussianPriorVariance=1.0 finished
Trial 0 Trainer MaxEntTrainer,gaussianPriorVariance=1.0 test data accuracy = 0.6592292089249493
Trial 0 Training cc.mallet.classify.DecisionTreeTrainer@6766afb3 with 1865 instances
DecisionTree learned:
!great&!easi&!and&!but: negative
!great&!easi&!and&but: negative
!great&!easi&and&!extend: positive
!great&!easi&and&extend: neutral
!great&easi&!anoth&!carri: positive
!great&easi&!anoth&carri: positive
!great&easi&anoth: neutral
great&!etc&!but&!batteri: positive
great&!etc&!but&batteri: positive
great&!etc&but&!button: positive
great&!etc&but&button: negative
great&etc: negative
Trial 0 Training cc.mallet.classify.DecisionTreeTrainer@6766afb3 finished
Trial 0 Trainer cc.mallet.classify.DecisionTreeTrainer@6766afb3 test data accuracy = 0.5496957403651116
Trial 0 Training cc.mallet.classify.AdaBoostM2Trainer@11bbf1ca with 1865 instances
DecisionTree learned:
!great&!easi&!and&!but: negative
!great&!easi&!and&but: negative
!great&!easi&and&!extend: positive
!great&!easi&and&extend: neutral
!great&easi&!anoth&!carri: positive
!great&easi&!anoth&carri: positive
!great&easi&anoth: neutral
great&!but&!etc&!lack: positive
great&!but&!etc&lack: negative
great&!but&etc: negative
great&but&!button&!for: positive
great&but&!button&for: conflict
great&but&button: negative
DecisionTree learned:
!great&!easi&!and&!but: negative
!great&!easi&!and&but: negative
!great&!easi&and&!word: positive
!great&!easi&and&word: neutral
!great&easi&!anoth&!carri: positive
!great&easi&!anoth&carri: positive
!great&easi&anoth: neutral
great&!but&!etc&!media: positive
great&!but&!etc&media: conflict
great&!but&etc: negative
great&but&!is&!spec: conflict
great&but&!is&spec: positive
great&but&is&!button: positive
great&but&is&button: negative
DecisionTree learned:
!great&!but&!easi&!love: negative
!great&!but&!easi&love: positive
!great&!but&easi&!anoth: positive
!great&!but&easi&anoth: neutral
!great&but&!repair&!be: positive
!great&but&!repair&be: negative
!great&but&repair: negative
great&!vent&!etc&!but: positive
great&!vent&!etc&but: positive
great&!vent&etc: negative
great&vent: neutral
DecisionTree learned:
!great&!good&!but&!and: negative
!great&!good&!but&and: positive
!great&!good&but&!a: negative
!great&!good&but&a: conflict
!great&good&!the: positive
!great&good&the&!skip: positive
!great&good&the&skip: neutral
great&!you&!vent&!button: positive
great&!you&!vent&button: negative
great&!you&vent: neutral
great&you: neutral
DecisionTree learned:
!but&!good&!great&!love: negative
!but&!good&!great&love: positive
!but&!good&great&!had: positive
!but&!good&great&had: negative
!but&good&!just&!not: positive
!but&good&!just&not: negative
!but&good&just&!and: negative
!but&good&just&and: positive
but&!be&!repair&!n: positive
but&!be&!repair&n: negative
but&!be&repair: negative
but&be&!would&!a: negative
but&be&!would&a: negative
but&be&would&!softwar: positive
but&be&would&softwar: negative
DecisionTree learned:
!but&!easi&!great&!speed: negative
!but&!easi&!great&speed: positive
!but&!easi&great&!you: positive
!but&!easi&great&you: neutral
!but&easi&!not&!anoth: positive
!but&easi&!not&anoth: neutral
!but&easi&not&!and: negative
!but&easi&not&and: positive
but&!need&!to&!replac: negative
but&!need&!to&replac: neutral
but&!need&to&!you: negative
but&!need&to&you: neutral
but&need&!the&!of: neutral
but&need&!the&of: positive
but&need&the: positive
DecisionTree learned:
!but&!easi&!and&!price: negative
!but&!easi&!and&price: positive
!but&!easi&and&!email: positive
!but&!easi&and&email: neutral
!but&easi&!anoth&!not: positive
!but&easi&!anoth&not: positive
!but&easi&anoth: neutral
but&!laptop&!to&!onli: negative
but&!laptop&!to&onli: neutral
but&!laptop&to&!batteri: neutral
but&!laptop&to&batteri: conflict
but&laptop&!secur&!thi: neutral
but&laptop&!secur&thi: positive
but&laptop&secur: positive
DecisionTree learned:
!but&!great&!love&!good: negative
!but&!great&!love&good: positive
!but&!great&love&!had: positive
!but&!great&love&had: neutral
!but&great&!media&!batteri: positive
!but&great&!media&batteri: negative
!but&great&media&!game: conflict
!but&great&media&game: positive
but&!support&!standard&!screen: positive
but&!support&!standard&screen: conflict
but&!support&standard: conflict
but&support: negative
DecisionTree learned:
!but&!is&!fast&!and: negative
!but&!is&!fast&and: positive
!but&!is&fast: positive
!but&is&!ani&!movi: positive
!but&is&!ani&movi: conflict
!but&is&ani&!on: neutral
!but&is&ani&on: negative
but&!littl&!laptop&!to: positive
but&!littl&!laptop&to: neutral
but&!littl&laptop&!the: neutral
but&!littl&laptop&the: positive
but&littl: negative
DecisionTree learned:
!but&!or&!problem&!speed: positive
!but&!or&!problem&speed: positive
!but&!or&problem&!no: negative
!but&!or&problem&no: positive
!but&or&!app&!up: neutral
!but&or&!app&up: negative
!but&or&app: positive
but&!n&!repair&!noth: positive
but&!n&!repair&noth: negative
but&!n&repair: negative
but&n&!that&!i: negative
but&n&!that&i: negative
but&n&that: conflict
DecisionTree learned:
!but&!is&!macbook&!love: negative
!but&!is&!macbook&love: positive
!but&!is&macbook&!for: positive
!but&!is&macbook&for: neutral
!but&is&!littl&!ani: positive
!but&is&!littl&ani: neutral
!but&is&littl&!and: conflict
!but&is&littl&and: negative
but&!power&!and&!i: negative
but&!power&!and&i: positive
but&!power&and&!new: positive
but&!power&and&new: neutral
but&power: neutral
DecisionTree learned:
!but&!is&!and&!or: negative
!but&!is&!and&or: neutral
!but&!is&and&!extend: positive
!but&!is&and&extend: neutral
!but&is&!littl&!ani: positive
!but&is&!littl&ani: neutral
!but&is&littl&!to: conflict
!but&is&littl&to: negative
but&!be&!would&!you: negative
but&!be&!would&you: neutral
but&!be&would&!softwar: conflict
but&!be&would&softwar: positive
but&be&!would&!a: negative
but&be&!would&a: negative
but&be&would&!softwar: positive
but&be&would&softwar: negative
DecisionTree learned:
!but&!is&!and&!drive: negative
!but&!is&!and&drive: negative
!but&!is&and&!extend: positive
!but&!is&and&extend: neutral
!but&is&!littl&!not: positive
!but&is&!littl&not: negative
!but&is&littl&!to: conflict
!but&is&littl&to: negative
but&!huge&!repair&!learn: negative
but&!huge&!repair&learn: neutral
but&!huge&repair: negative
but&huge: conflict
DecisionTree learned:
!but&!great&!easi&!speed: negative
!but&!great&!easi&speed: positive
!but&!great&easi&!anoth: positive
!but&!great&easi&anoth: neutral
!but&great&!you&!vent: positive
!but&great&!you&vent: neutral
!but&great&you: neutral
but&!laptop&!temperatur&!new: negative
but&!laptop&!temperatur&new: neutral
but&!laptop&temperatur: neutral
but&laptop&!thi&!secur: neutral
but&laptop&!thi&secur: positive
but&laptop&thi: positive
DecisionTree learned:
!but&!easi&!fast&!is: negative
!but&!easi&!fast&is: positive
!but&!easi&fast&!program: positive
!but&!easi&fast&program: neutral
!but&easi&!anoth&!not: positive
!but&easi&!anoth&not: positive
!but&easi&anoth: neutral
but&!power&!temperatur&!to: negative
but&!power&!temperatur&to: neutral
but&!power&temperatur: neutral
but&power: neutral
DecisionTree learned:
!but&!is&!not&!fast: positive
!but&!is&!not&fast: positive
!but&!is&not&!i: negative
!but&!is&not&i: neutral
!but&is&!ani&!laptop: positive
!but&is&!ani&laptop: neutral
!but&is&ani&!on: neutral
!but&is&ani&on: negative
but&!screen&!look&!life: negative
but&!screen&!look&life: conflict
but&!screen&look&!if: positive
but&!screen&look&if: negative
but&screen&!and&!the: conflict
but&screen&!and&the: negative
but&screen&and: positive
DecisionTree learned:
!but&!good&!and&!price: negative
!but&!good&!and&price: positive
!but&!good&and&!complain: positive
!but&!good&and&complain: conflict
!but&good&!no&!game: positive
!but&good&!no&game: neutral
!but&good&no: negative
but&!power&!so&!warranti: positive
but&!power&!so&warranti: neutral
but&!power&so: neutral
but&power: neutral
DecisionTree learned:
!but&!great&!good&!speed: negative
!but&!great&!good&speed: positive
!but&!great&good&!skip: positive
!but&!great&good&skip: neutral
!but&great&!media&!softwar: positive
!but&great&!media&softwar: neutral
!but&great&media&!game: conflict
!but&great&media&game: positive
but&!repair&!be&!gener: positive
but&!repair&!be&gener: negative
but&!repair&be&!would: negative
but&!repair&be&would: positive
but&repair: negative
DecisionTree learned:
!but&!complain&!and&!version: negative
!but&!complain&!and&version: conflict
!but&!complain&and&!email: positive
!but&!complain&and&email: neutral
!but&complain&!to: conflict
!but&complain&to: positive
but&!offic&!power&!i: negative
but&!offic&!power&i: positive
but&!offic&power: neutral
but&offic&!to&!is: positive
but&offic&!to&is: neutral
but&offic&to: neutral
DecisionTree learned:
!but&!not&!and&!veri: negative
!but&!not&!and&veri: positive
!but&!not&and&!extend: positive
!but&!not&and&extend: neutral
!but&not&!cd&!graphic: negative
!but&not&!cd&graphic: conflict
!but&not&cd: conflict
but&!batteri&!to&!temperatur: negative
but&!batteri&!to&temperatur: neutral
but&!batteri&to&!you: neutral
but&!batteri&to&you: neutral
but&batteri&!have&!for: negative
but&batteri&!have&for: conflict
but&batteri&have: conflict
DecisionTree learned:
!but&!is&!and&!some: negative
!but&!is&!and&some: negative
!but&!is&and&!extend: positive
!but&!is&and&extend: neutral
!but&is&!littl&!ye: positive
!but&is&!littl&ye: conflict
!but&is&littl&!to: conflict
!but&is&littl&to: negative
but&!to&!power&!i: negative
but&!to&!power&i: positive
but&!to&power: neutral
but&to&!batteri&!with: neutral
but&to&!batteri&with: negative
but&to&batteri&!my: conflict
but&to&batteri&my: negative
DecisionTree learned:
!but&!amaz&!love&!veri: negative
!but&!amaz&!love&veri: positive
!but&!amaz&love&!had: positive
!but&!amaz&love&had: neutral
!but&amaz: positive
but&!littl&!function&!laptop: negative
but&!littl&!function&laptop: neutral
but&!littl&function: neutral
but&littl: negative
DecisionTree learned:
!but&!problem&!or&!easi: positive
!but&!problem&!or&easi: positive
!but&!problem&or&!window: neutral
!but&!problem&or&window: negative
!but&problem&!no&!out: negative
!but&problem&!no&out: neutral
!but&problem&no&!is: positive
!but&problem&no&is: negative
but&!on&!power&!function: negative
but&!on&!power&function: neutral
but&!on&power: neutral
but&on&!i&!are: negative
but&on&!i&are: conflict
but&on&i: neutral
DecisionTree learned:
!but&!great&!and&!worth: negative
!but&!great&!and&worth: conflict
!but&!great&and&!were: positive
!but&!great&and&were: negative
!but&great&!media&!lack: positive
!but&great&!media&lack: negative
!but&great&media: conflict
but&!temperatur&!a&!they: positive
but&!temperatur&!a&they: negative
but&!temperatur&a&!batteri: neutral
but&!temperatur&a&batteri: conflict
but&temperatur: neutral
DecisionTree learned:
!but&!and&!price&!awesom: negative
!but&!and&!price&awesom: positive
!but&!and&price&!sinc: positive
!but&!and&price&sinc: conflict
!but&and&!sol&!email: positive
!but&and&!sol&email: neutral
!but&and&sol: conflict
but&!support&!repair&!look: positive
but&!support&!repair&look: positive
but&!support&repair: negative
but&support: negative
DecisionTree learned:
!but&!love&!is&!macbook: negative
!but&!love&!is&macbook: positive
!but&!love&is&!littl: positive
!but&!love&is&littl: conflict
!but&love&!had: positive
!but&love&had: neutral
but&!laptop&!outsid&!to: negative
but&!laptop&!outsid&to: neutral
but&!laptop&outsid&!it: neutral
but&!laptop&outsid&it: negative
but&laptop&!the: neutral
but&laptop&the&!is: positive
but&laptop&the&is: neutral
DecisionTree learned:
!but&!is&!game&!good: negative
!but&!is&!game&good: positive
!but&!is&game&!high: neutral
!but&!is&game&high: positive
!but&is&!ani&!secur: positive
!but&is&!ani&secur: neutral
!but&is&ani&!on: neutral
!but&is&ani&on: negative
but&!want&!warranti&!i: negative
but&!want&!warranti&i: positive
but&!want&warranti&!repair: neutral
but&!want&warranti&repair: negative
but&want&!to: conflict
but&want&to: neutral
DecisionTree learned:
!but&!complain&!great&!and: negative
!but&!complain&!great&and: positive
!but&!complain&great&!media: positive
!but&!complain&great&media: conflict
!but&complain&!to: conflict
!but&complain&to: positive
but&!be&!power&!new: positive
but&!be&!power&new: neutral
but&!be&power: neutral
but&be&!a&!mac: negative
but&be&!a&mac: positive
but&be&a&!would: neutral
but&be&a&would: positive
DecisionTree learned:
!but&!great&!and&!or: negative
!but&!great&!and&or: neutral
!but&!great&and&!sol: positive
!but&!great&and&sol: conflict
!but&great&!media&!etc: positive
!but&great&!media&etc: negative
!but&great&media: conflict
but&!repair&!use&!i: conflict
but&!repair&!use&i: neutral
but&!repair&use&!for: positive
but&!repair&use&for: neutral
but&repair: negative
DecisionTree learned:
!but&!complain&!and&!it: negative
!but&!complain&!and&it: negative
!but&!complain&and&!the: positive
!but&!complain&and&the: negative
!but&complain&!to: conflict
!but&complain&to: positive
but&!be&!use&!repair: conflict
but&!be&!use&repair: negative
but&!be&use&!of: negative
but&!be&use&of: positive
but&be&!a&!mac: negative
but&be&!a&mac: positive
but&be&a&!would: neutral
but&be&a&would: positive
DecisionTree learned:
!but&!and&!price&!some: negative
!but&!and&!price&some: negative
!but&!and&price&!pc: positive
!but&!and&price&pc: conflict
!but&and&!extend&!is: positive
!but&and&!extend&is: positive
!but&and&extend&!when: neutral
!but&and&extend&when: conflict
but&!screen&!you&!laptop: negative
but&!screen&!you&laptop: neutral
but&!screen&you&!to: positive
but&!screen&you&to: neutral
but&screen&!and&!the: conflict
but&screen&!and&the: negative
but&screen&and: positive
DecisionTree learned:
!but&!complain&!and&!it: negative
!but&!complain&!and&it: negative
!but&!complain&and&!the: positive
!but&!complain&and&the: negative
!but&complain&!to: conflict
!but&complain&to: positive
but&!temperatur&!life&!replac: positive
but&!temperatur&!life&replac: neutral
but&!temperatur&life&!to: conflict
but&!temperatur&life&to: conflict
but&temperatur: neutral
DecisionTree learned:
!but&!and&!worth&!will: negative
!but&!and&!worth&will: conflict
!but&!and&worth&!money: conflict
!but&!and&worth&money: neutral
!but&and&!had&!extend: positive
!but&and&!had&extend: neutral
!but&and&had&!that: negative
!but&and&had&that: neutral
but&!on&!screen&!you: positive
but&!on&!screen&you: neutral
but&!on&screen&!and: conflict
but&!on&screen&and: positive
but&on&!i&!are: negative
but&on&!i&are: conflict
but&on&i: neutral
DecisionTree learned:
!but&!macbook&!love&!short: negative
!but&!macbook&!love&short: negative
!but&!macbook&love&!had: positive
!but&!macbook&love&had: neutral
!but&macbook&!for&!be: positive
!but&macbook&!for&be: conflict
!but&macbook&for&!of: neutral
!but&macbook&for&of: negative
but&!laptop&!so&!temperatur: negative
but&!laptop&!so&temperatur: neutral
but&!laptop&so: neutral
but&laptop&!secur&!thi: neutral
but&laptop&!secur&thi: positive
but&laptop&secur: positive
DecisionTree learned:
!but&!is&!macbook&!laptop: negative
!but&!is&!macbook&laptop: positive
!but&!is&macbook&!of: positive
!but&!is&macbook&of: conflict
!but&is&!ye&!littl: positive
!but&is&!ye&littl: conflict
!but&is&ye&!and: conflict
!but&is&ye&and: positive
but&!power&!function&!i: negative
but&!power&!function&i: positive
but&!power&function: neutral
but&power: neutral
DecisionTree learned:
!but&!veri&!back&!love: negative
!but&!veri&!back&love: positive
!but&!veri&back&!they: negative
!but&!veri&back&they: negative
!but&veri&!about&!featur: positive
!but&veri&!about&featur: negative
!but&veri&about: conflict
but&!laptop&!function&!i: negative
but&!laptop&!function&i: positive
but&!laptop&function: neutral
but&laptop&!thi&!secur: neutral
but&laptop&!thi&secur: positive
but&laptop&thi: positive
DecisionTree learned:
!but&!amaz&!good&!and: negative
!but&!amaz&!good&and: positive
!but&!amaz&good&!skip: positive
!but&!amaz&good&skip: neutral
!but&amaz: positive
but&!n&!a&!make: positive
but&!n&!a&make: conflict
but&!n&a&!it: neutral
but&!n&a&it: conflict
but&n&!that&!mous: negative
but&n&!that&mous: positive
but&n&that: conflict
DecisionTree learned:
!but&!is&!macbook&!after: negative
!but&!is&!macbook&after: negative
!but&!is&macbook&!for: positive
!but&!is&macbook&for: neutral
!but&is&!littl&!ani: positive
!but&is&!littl&ani: neutral
!but&is&littl&!and: conflict
!but&is&littl&and: negative
but&!power&!call&!on: positive
but&!power&!call&on: neutral
but&!power&call: neutral
but&power: neutral
DecisionTree learned:
!but&!love&!and&!price: negative
!but&!love&!and&price: positive
!but&!love&and&!sol: positive
!but&!love&and&sol: conflict
!but&love&!had: positive
!but&love&had: neutral
but&!i&!onli&!to: conflict
but&!i&!onli&to: neutral
but&!i&onli&!for: neutral
but&!i&onli&for: negative
but&i&!on&!with: positive
but&i&!on&with: neutral
but&i&on: neutral
DecisionTree learned:
!but&!the&!s&!twice: neutral
!but&!the&!s&twice: conflict
!but&!the&s&!and: conflict
!but&!the&s&and: positive
!but&the&!version&!gener: negative
!but&the&!version&gener: conflict
!but&the&version&!can: conflict
!but&the&version&can: negative
but&!call&!need&!so: negative
but&!call&!need&so: neutral
but&!call&need&!laptop: positive
but&!call&need&laptop: neutral
but&call: neutral
DecisionTree learned:
!but&!and&!or&!it: negative
!but&!and&!or&it: negative
!but&!and&or&!as: neutral
!but&!and&or&as: negative
!but&and&!fast&!extend: positive
!but&and&!fast&extend: neutral
!but&and&fast: positive
but&!function&!be&!it: positive
but&!function&!be&it: conflict
but&!function&be&!would: negative
but&!function&be&would: positive
but&function: neutral
DecisionTree learned:
!but&!is&!macbook&!laptop: neutral
!but&!is&!macbook&laptop: positive
!but&!is&macbook&!pro: positive
!but&!is&macbook&pro: positive
!but&is&!littl&!movi: positive
!but&is&!littl&movi: conflict
!but&is&littl&!and: conflict
!but&is&littl&and: negative
but&!a&!be&!to: negative
but&!a&!be&to: neutral
but&!a&be&!mac: negative
but&!a&be&mac: positive
but&a&!batteri&!it: neutral
but&a&!batteri&it: conflict
but&a&batteri&!have: conflict
but&a&batteri&have: conflict
DecisionTree learned:
!but&!eee&!the&!s: neutral
!but&!eee&!the&s: positive
!but&!eee&the&!version: negative
!but&!eee&the&version: conflict
!but&eee: conflict
but&!learn&!power&!temperatur: negative
but&!learn&!power&temperatur: neutral
but&!learn&power: neutral
but&learn&!mac: neutral
but&learn&mac: positive
DecisionTree learned:
!but&!version&!is&!felt: neutral
!but&!version&!is&felt: conflict
!but&!version&is&!littl: positive
!but&!version&is&littl: conflict
!but&version&!program&!can: conflict
!but&version&!program&can: negative
!but&version&program&!to: neutral
!but&version&program&to: positive
but&!to&!replac&!outsid: negative
but&!to&!replac&outsid: neutral
but&!to&replac: neutral
but&to&!batteri&!you: neutral
but&to&!batteri&you: neutral
but&to&batteri&!my: conflict
but&to&batteri&my: negative
DecisionTree learned:
!but&!worth&!the&!s: neutral
!but&!worth&!the&s: positive
!but&!worth&the&!despit: negative
!but&!worth&the&despit: conflict
!but&worth&!and&!for: conflict
!but&worth&!and&for: neutral
!but&worth&and&!n: positive
!but&worth&and&n: negative
but&!want&!i&!onli: conflict
but&!want&!i&onli: neutral
but&!want&i&!they: positive
but&!want&i&they: negative
but&want&!to: conflict
but&want&to: neutral
DecisionTree learned:
!but&!complain&!and&!it: neutral
!but&!complain&!and&it: negative
!but&!complain&and&!media: positive
!but&!complain&and&media: conflict
!but&complain&!to: conflict
!but&complain&to: positive
but&!use&!problem&!support: conflict
but&!use&!problem&support: negative
but&!use&problem: negative
but&use&!is&!a: positive
but&use&!is&a: negative
but&use&is: negative
DecisionTree learned:
!but&!or&!not&!and: positive
!but&!or&!not&and: positive
!but&!or&not&!cd: negative
!but&!or&not&cd: conflict
!but&or&!window&!month: neutral
!but&or&!window&month: negative
!but&or&window&!plenti: negative
!but&or&window&plenti: positive
but&!laptop&!who&!call: negative
but&!laptop&!who&call: neutral
but&!laptop&who: neutral
but&laptop&!thi&!secur: neutral
but&laptop&!thi&secur: positive
but&laptop&thi: positive
DecisionTree learned:
!but&!the&!s&!good: neutral
!but&!the&!s&good: positive
!but&!the&s&!and: conflict
!but&!the&s&and: positive
!but&the&!version&!despit: negative
!but&the&!version&despit: conflict
!but&the&version&!can: conflict
!but&the&version&can: negative
but&!look&!averag&!laptop: negative
but&!look&!averag&laptop: neutral
but&!look&averag: positive
but&look&!if: positive
but&look&if: negative
DecisionTree learned:
!but&!complain&!and&!worth: negative
!but&!complain&!and&worth: conflict
!but&!complain&and&!sol: positive
!but&!complain&and&sol: conflict
!but&complain&!to: conflict
!but&complain&to: positive
but&!function&!laptop&!i: negative
but&!function&!laptop&i: positive
but&!function&laptop&!the: neutral
but&!function&laptop&the: positive
but&function: neutral
DecisionTree learned:
!but&!complain&!especi&!worth: negative
!but&!complain&!especi&worth: conflict
!but&!complain&especi&!use: positive
!but&!complain&especi&use: conflict
!but&complain&!to: conflict
!but&complain&to: positive
but&!standard&!the&!softwar: conflict
but&!standard&!the&softwar: negative
but&!standard&the&!run: positive
but&!standard&the&run: conflict
but&standard: conflict
DecisionTree learned:
!but&!macbook&!is&!some: neutral
!but&!macbook&!is&some: negative
!but&!macbook&is&!littl: positive
!but&!macbook&is&littl: conflict
!but&macbook&!hard&!be: positive
!but&macbook&!hard&be: conflict
!but&macbook&hard: conflict
but&!i&!and&!an: negative
but&!i&!and&an: conflict
but&!i&and&!ha: positive
but&!i&and&ha: neutral
but&i&!buy&!did: positive
but&i&!buy&did: conflict
but&i&buy: conflict
DecisionTree learned:
!but&!speed&!easi&!complain: negative
!but&!speed&!easi&complain: conflict
!but&!speed&easi&!keyboard: positive
!but&!speed&easi&keyboard: neutral
!but&speed&!use&!differ: positive
!but&speed&!use&differ: negative
!but&speed&use: negative
but&!screen&!wa&!to: negative
but&!screen&!wa&to: neutral
but&!screen&wa&!that: negative
but&!screen&wa&that: conflict
but&screen&!and&!the: conflict
but&screen&!and&the: conflict
but&screen&and: positive
DecisionTree learned:
!but&!eee&!version&!opt: negative
!but&!eee&!version&opt: conflict
!but&!eee&version&!program: conflict
!but&!eee&version&program: positive
!but&eee: conflict
but&!function&!featur&!n: positive
but&!function&!featur&n: negative
but&!function&featur&!comput: positive
but&!function&featur&comput: conflict
but&function: neutral
DecisionTree learned:
!but&!reboot&!great&!and: negative
!but&!reboot&!great&and: positive
!but&!reboot&great&!media: positive
!but&!reboot&great&media: conflict
!but&reboot&!hard: negative
!but&reboot&hard: conflict
but&!be&!they&!huge: positive
but&!be&!they&huge: conflict
but&!be&they&!than: negative
but&!be&they&than: conflict
but&be&!a&!mac: negative
but&be&!a&mac: positive
but&be&a&!would: neutral
but&be&a&would: positive
DecisionTree learned:
!but&!complain&!amaz&!and: negative
!but&!complain&!amaz&and: positive
!but&!complain&amaz: positive
!but&complain&!to: conflict
!but&complain&to: positive
but&!to&!replac&!laptop: positive
but&!to&!replac&laptop: neutral
but&!to&replac: neutral
but&to&!batteri&!with: neutral
but&to&!batteri&with: negative
but&to&batteri&!my: conflict
but&to&batteri&my: negative
DecisionTree learned:
!but&!complain&!and&!it: neutral
!but&!complain&!and&it: negative
!but&!complain&and&!media: positive
!but&!complain&and&media: conflict
!but&complain&!to: conflict
!but&complain&to: positive
but&!need&!on&!use: conflict
but&!need&!on&use: positive
but&!need&on&!i: negative
but&!need&on&i: neutral
but&need&!use: positive
but&need&use: neutral
DecisionTree learned:
!but&!version&!is&!get: neutral
!but&!version&!is&get: neutral
!but&!version&is&!littl: positive
!but&!version&is&littl: conflict
!but&version&!program&!can: conflict
!but&version&!program&can: negative
!but&version&program&!to: neutral
!but&version&program&to: positive
but&!standard&!learn&!on: positive
but&!standard&!learn&on: neutral
but&!standard&learn&!mac: neutral
but&!standard&learn&mac: positive
but&standard: conflict
DecisionTree learned:
!but&!mind&!eee&!against: negative
!but&!mind&!eee&against: conflict
!but&!mind&eee: conflict
!but&mind: conflict
but&!huge&!comput&!the: conflict
but&!huge&!comput&the: positive
but&!huge&comput&!that: negative
but&!huge&comput&that: conflict
but&huge: conflict
DecisionTree learned:
!but&!complain&!and&!worth: negative
!but&!complain&!and&worth: conflict
!but&!complain&and&!extend: positive
!but&!complain&and&extend: neutral
!but&complain&!to: conflict
!but&complain&to: positive
but&!look&!laptop&!be: negative
but&!look&!laptop&be: negative
but&!look&laptop&!thi: neutral
but&!look&laptop&thi: positive
but&look&!if: positive
but&look&if: negative
DecisionTree learned:
!but&!and&!ye&!worth: negative
!but&!and&!ye&worth: conflict
!but&!and&ye: conflict
!but&and&!media&!sol: positive
!but&and&!media&sol: conflict
!but&and&media: conflict
but&!os&!laptop&!function: negative
but&!os&!laptop&function: neutral
but&!os&laptop&!secur: neutral
but&!os&laptop&secur: positive
but&os&!have&!is: neutral
but&os&!have&is: positive
but&os&have: positive
DecisionTree learned:
!but&!and&!laptop&!opt: negative
!but&!and&!laptop&opt: conflict
!but&!and&laptop&!it: neutral
!but&!and&laptop&it: conflict
!but&and&!sol&!is: positive
!but&and&!sol&is: positive
!but&and&sol: conflict
but&!standard&!make&!a: positive
but&!standard&!make&a: conflict
but&!standard&make&!window: conflict
but&!standard&make&window: negative
but&standard: conflict
DecisionTree learned:
!but&!is&!eee&!some: neutral
!but&!is&!eee&some: negative
!but&!is&eee: conflict
!but&is&!littl&!laptop: positive
!but&is&!littl&laptop: neutral
!but&is&littl&!and: conflict
!but&is&littl&and: negative
but&!learn&!i&!and: conflict
but&!learn&!i&and: positive
but&!learn&i&!they: positive
but&!learn&i&they: negative
but&learn&!mac: neutral
but&learn&mac: positive
DecisionTree learned:
!but&!is&!and&!some: neutral
!but&!is&!and&some: negative
!but&!is&and&!sol: positive
!but&!is&and&sol: conflict
!but&is&!movi&!great: positive
!but&is&!movi&great: positive
!but&is&movi: conflict
but&!i&!and&!call: conflict
but&!i&!and&call: neutral
but&!i&and&!ha: positive
but&!i&and&ha: neutral
but&i&!on&!with: positive
but&i&!on&with: neutral
but&i&on: neutral
DecisionTree learned:
!but&!complain&!and&!against: negative
!but&!complain&!and&against: conflict
!but&!complain&and&!extend: positive
!but&!complain&and&extend: neutral
!but&complain&!to: conflict
!but&complain&to: positive
but&!wa&!to&!replac: positive
but&!wa&!to&replac: neutral
but&!wa&to&!littl: neutral
but&!wa&to&littl: negative
but&wa&!one&!that: negative
but&wa&!one&that: conflict
but&wa&one&!year: positive
but&wa&one&year: negative
DecisionTree learned:
!but&!eee&!felt&!macbook: negative
!but&!eee&!felt&macbook: positive
!but&!eee&felt: conflict
!but&eee: conflict
but&!learn&!use&!offic: negative
but&!learn&!use&offic: neutral
but&!learn&use&!a: positive
but&!learn&use&a: negative
but&learn&!mac: neutral
but&learn&mac: positive
DecisionTree learned:
!but&!felt&!after&!use: negative
!but&!felt&!after&use: positive
!but&!felt&after&!especi: negative
!but&!felt&after&especi: conflict
!but&felt: conflict
but&!standard&!power&!learn: negative
but&!standard&!power&learn: neutral
but&!standard&power: neutral
but&standard: conflict
DecisionTree learned:
!and&!problem&!it&!get: neutral
!and&!problem&!it&get: conflict
!and&!problem&it&!laptop: negative
!and&!problem&it&laptop: conflict
!and&problem&!no&!or: negative
!and&problem&!no&or: positive
!and&problem&no&!is: positive
!and&problem&no&is: negative
and&!media&!sol&!the: positive
and&!media&!sol&the: negative
and&!media&sol: conflict
and&media&!game: conflict
and&media&game: positive
DecisionTree learned:
!but&!and&!drive&!worth: negative
!but&!and&!drive&worth: conflict
!but&!and&drive&!for: neutral
!but&!and&drive&for: negative
!but&and&!email&!firefox: positive
!but&and&!email&firefox: neutral
!but&and&email&!ms: neutral
!but&and&email&ms: positive
but&!temperatur&!a&!they: positive
but&!temperatur&!a&they: negative
but&!temperatur&a&!have: positive
but&!temperatur&a&have: conflict
but&temperatur: neutral
DecisionTree learned:
!but&!and&!worth&!perfect: negative
!but&!and&!worth&perfect: conflict
!but&!and&worth&!money: conflict
!but&!and&worth&money: neutral
!but&and&!sol&!is: positive
!but&and&!sol&is: positive
!but&and&sol: conflict
but&!os&!be&!on: positive
but&!os&!be&on: neutral
but&!os&be&!a: negative
but&!os&be&a: neutral
but&os&!have&!is: neutral
but&os&!have&is: positive
but&os&have: positive
DecisionTree learned:
!but&!and&!it&!get: neutral
!but&!and&!it&get: conflict
!but&!and&it&!laptop: negative
!but&!and&it&laptop: conflict
!but&and&!complain&!media: positive
!but&and&!complain&media: conflict
!but&and&complain: conflict
but&!learn&!i&!onli: negative
but&!learn&!i&onli: neutral
but&!learn&i&!on: positive
but&!learn&i&on: neutral
but&learn&!mac: neutral
but&learn&mac: positive
DecisionTree learned:
!but&!and&!opt&!it: neutral
!but&!and&!opt&it: negative
!but&!and&opt&!batteri: conflict
!but&!and&opt&batteri: positive
!but&and&!extend&!media: positive
!but&and&!extend&media: conflict
!but&and&extend&!when: neutral
!but&and&extend&when: conflict
but&!a&!buy&!and: negative
but&!a&!buy&and: positive
but&!a&buy: conflict
but&a&!batteri&!screen: neutral
but&a&!batteri&screen: conflict
but&a&batteri&!have: negative
but&a&batteri&have: conflict
DecisionTree learned:
!and&!drive&!but&!worth: negative
!and&!drive&!but&worth: conflict
!and&!drive&but&!i: conflict
!and&!drive&but&i: neutral
!and&drive&!the&!as: negative
!and&drive&!the&as: neutral
!and&drive&the&!dvd: neutral
!and&drive&the&dvd: negative
and&!had&!email&!present: positive
and&!had&!email&present: neutral
and&!had&email&!ms: neutral
and&!had&email&ms: positive
and&had&!that&!chat: negative
and&had&!that&chat: neutral
and&had&that&!old: neutral
and&had&that&old: negative
DecisionTree learned:
!but&!eee&!and&!perfect: negative
!but&!eee&!and&perfect: conflict
!but&!eee&and&!media: positive
!but&!eee&and&media: conflict
!but&eee: conflict
but&!replac&!to&!outsid: positive
but&!replac&!to&outsid: neutral
but&!replac&to&!you: positive
but&!replac&to&you: neutral
but&replac&!to: neutral
but&replac&to&!my: conflict
but&replac&to&my: conflict
DecisionTree learned:
!but&!reboot&!complain&!laptop: negative
!but&!reboot&!complain&laptop: positive
!but&!reboot&complain&!to: conflict
!but&!reboot&complain&to: positive
!but&reboot&!hard: negative
!but&reboot&hard: conflict
but&!outsid&!power&!offic: negative
but&!outsid&!power&offic: neutral
but&!outsid&power: neutral
but&outsid&!it: neutral
but&outsid&it: negative
DecisionTree learned:
!but&!felt&!version&!not: positive
!but&!felt&!version&not: negative
!but&!felt&version&!program: conflict
!but&!felt&version&program: positive
!but&felt: conflict
but&!power&!on&!gener: positive
but&!power&!on&gener: negative
but&!power&on&!i: negative
but&!power&on&i: neutral
but&power: neutral
DecisionTree learned:
!but&!reboot&!use&!gener: negative
!but&!reboot&!use&gener: conflict
!but&!reboot&use&!especi: neutral
!but&!reboot&use&especi: conflict
!but&reboot&!hard: negative
!but&reboot&hard: conflict
but&!make&!screen&!an: negative
but&!make&!screen&an: conflict
but&!make&screen&!and: conflict
but&!make&screen&and: positive
but&make&!to&!window: conflict
but&make&!to&window: negative
but&make&to: negative
DecisionTree learned:
!but&!and&!worth&!version: negative
!but&!and&!worth&version: conflict
!but&!and&worth&!money: conflict
!but&!and&worth&money: neutral
!but&and&!word&!complain: positive
!but&and&!word&complain: conflict
!but&and&word&!i: neutral
!but&and&word&i: positive
but&!laptop&!instead&!new: negative
but&!laptop&!instead&new: neutral
but&!laptop&instead: positive
but&laptop&!thi&!secur: neutral
but&laptop&!thi&secur: positive
but&laptop&thi: positive
DecisionTree learned:
!but&!complain&!and&!perfect: negative
!but&!complain&!and&perfect: conflict
!but&!complain&and&!media: positive
!but&!complain&and&media: conflict
!but&complain&!to: conflict
!but&complain&to: positive
but&!function&!it&!and: conflict
but&!function&!it&and: positive
but&!function&it&!better: conflict
but&!function&it&better: neutral
but&function: neutral
DecisionTree learned:
!but&!and&!some&!to: positive
!but&!and&!some&to: negative
!but&!and&some&!featur: conflict
!but&!and&some&featur: positive
!but&and&!media&!sol: positive
!but&and&!media&sol: conflict
!but&and&media: conflict
but&!power&!an&!to: negative
but&!power&!an&to: neutral
but&!power&an&!a: conflict
but&!power&an&a: neutral
but&power: neutral
DecisionTree learned:
!but&!and&!version&!portabl: negative
!but&!and&!version&portabl: conflict
!but&!and&version&!program: conflict
!but&!and&version&program: positive
!but&and&!media&!complain: positive
!but&and&!media&complain: conflict
!but&and&media&!game: conflict
!but&and&media&game: positive
but&!want&!comput&!featur: positive
but&!want&!comput&featur: positive
but&!want&comput&!that: negative
but&!want&comput&that: conflict
but&want&!to: conflict
but&want&to: neutral
DecisionTree learned:
!and&!but&!opt&!worth: negative
!and&!but&!opt&worth: conflict
!and&!but&opt&!batteri: conflict
!and&!but&opt&batteri: positive
!and&but&!i&!to: conflict
!and&but&!i&to: neutral
!and&but&i&!did: neutral
!and&but&i&did: conflict
and&!media&!extend&!the: positive
and&!media&!extend&the: negative
and&!media&extend&!when: neutral
and&!media&extend&when: conflict
and&media&!game: conflict
and&media&game: positive
DecisionTree learned:
!but&!worth&!felt&!after: positive
!but&!worth&!felt&after: negative
!but&!worth&felt: conflict
!but&worth&!and&!for: conflict
!but&worth&!and&for: neutral
!but&worth&and&!n: positive
!but&worth&and&n: negative
but&!learn&!i&!onli: negative
but&!learn&!i&onli: neutral
but&!learn&i&!buy: neutral
but&!learn&i&buy: conflict
but&learn&!mac: neutral
but&learn&mac: positive
DecisionTree learned:
!but&!and&!perfect&!reboot: negative
!but&!and&!perfect&reboot: conflict
!but&!and&perfect&!so: negative
!but&!and&perfect&so: conflict
!but&and&!extend&!is: positive
!but&and&!extend&is: positive
!but&and&extend&!when: neutral
!but&and&extend&when: conflict
but&!support&!use&!problem: conflict
but&!support&!use&problem: negative
but&!support&use&!learn: positive
but&!support&use&learn: neutral
but&support: negative
DecisionTree learned:
!but&!and&!drive&!perfect: positive
!but&!and&!drive&perfect: conflict
!but&!and&drive&!for: neutral
!but&!and&drive&for: negative
!but&and&!sol&!media: positive
!but&and&!sol&media: conflict
!but&and&sol: conflict
but&!laptop&!make&!replac: positive
but&!laptop&!make&replac: neutral
but&!laptop&make&!window: conflict
but&!laptop&make&window: negative
but&laptop&!secur: neutral
but&laptop&secur: positive
DecisionTree learned:
!and&!ye&!or&!it: negative
!and&!ye&!or&it: negative
!and&!ye&or&!phone: neutral
!and&!ye&or&phone: positive
!and&ye: conflict
and&!word&!sol&!firefox: positive
and&!word&!sol&firefox: neutral
and&!word&sol: conflict
and&word&!i&!but: neutral
and&word&!i&but: conflict
and&word&i: positive
DecisionTree learned:
!and&!but&!littl&!it: neutral
!and&!but&!littl&it: negative
!and&!but&littl&!is: negative
!and&!but&littl&is: conflict
!and&but&!i&!replac: conflict
!and&but&!i&replac: neutral
!and&but&i&!did: neutral
!and&but&i&did: conflict
and&!media&!extend&!complain: positive
and&!media&!extend&complain: conflict
and&!media&extend&!when: neutral
and&!media&extend&when: conflict
and&media&!game: conflict
and&media&game: positive
DecisionTree learned:
!and&!but&!against&!version: negative
!and&!but&!against&version: conflict
!and&!but&against: conflict
!and&but&!i&!an: conflict
!and&but&!i&an: conflict
!and&but&i&!did: neutral
!and&but&i&did: conflict
and&!had&!n&!eas: positive
and&!had&!n&eas: positive
and&!had&n&!need: negative
and&!had&n&need: neutral
and&had&!that&!wa: negative
and&had&!that&wa: positive
and&had&that&!new: neutral
and&had&that&new: neutral
DecisionTree learned:
!but&!and&!mind&!it: neutral
!but&!and&!mind&it: negative
!but&!and&mind: conflict
!but&and&!sol&!is: positive
!but&and&!sol&is: positive
!but&and&sol: conflict
but&!os&!learn&!power: negative
but&!os&!learn&power: neutral
but&!os&learn: neutral
but&os&!have&!is: neutral
but&os&!have&is: positive
but&os&have: positive
DecisionTree learned:
!but&!and&!some&!to: positive
!but&!and&!some&to: negative
!but&!and&some&!featur: conflict
!but&!and&some&featur: positive
!but&and&!complain&!media: positive
!but&and&!complain&media: conflict
!but&and&complain: conflict
but&!use&!call&!i: conflict
but&!use&!call&i: neutral
but&!use&call: neutral
but&use&!have&!for: negative
but&use&!have&for: neutral
but&use&have: positive
DecisionTree learned:
!but&!eee&!felt&!laptop: negative
!but&!eee&!felt&laptop: positive
!but&!eee&felt: conflict
!but&eee: conflict
but&!replac&!to&!isol: negative
but&!replac&!to&isol: neutral
but&!replac&to&!thi: positive
but&!replac&to&thi: neutral
but&replac&!to: neutral
but&replac&to&!for: conflict
but&replac&to&for: conflict
DecisionTree learned:
!but&!and&!get&!to: positive
!but&!and&!get&to: negative
!but&!and&get&!i: neutral
!but&!and&get&i: conflict
!but&and&!complain&!sol: positive
!but&and&!complain&sol: conflict
!but&and&complain: conflict
but&!i&!onli&!you: conflict
but&!i&!onli&you: positive
but&!i&onli&!for: neutral
but&!i&onli&for: negative
but&i&!buy&!did: neutral
but&i&!buy&did: neutral
but&i&buy: conflict
DecisionTree learned:
!and&!ye&!get&!but: negative
!and&!ye&!get&but: negative
!and&!ye&get&!i: negative
!and&!ye&get&i: conflict
!and&ye: conflict
and&!had&!complain&!extend: positive
and&!had&!complain&extend: neutral
and&!had&complain: conflict
and&had&!that&!to: negative
and&had&!that&to: negative
and&had&that&!new: negative
and&had&that&new: neutral
DecisionTree learned:
!but&!and&!get&!to: positive
!but&!and&!get&to: neutral
!but&!and&get&!i: negative
!but&!and&get&i: conflict
!but&and&!sol&!is: neutral
!but&and&!sol&is: positive
!but&and&sol: conflict
but&!warranti&!i&!and: conflict
but&!warranti&!i&and: positive
but&!warranti&i&!buy: positive
but&!warranti&i&buy: conflict
but&warranti&!repair: neutral
but&warranti&repair: negative
DecisionTree learned:
!but&!and&!worth&!some: negative
!but&!and&!worth&some: negative
!but&!and&worth&!for: conflict
!but&!and&worth&for: neutral
!but&and&!email&!present: positive
!but&and&!email&present: neutral
!but&and&email&!ms: neutral
!but&and&email&ms: positive
but&!function&!to&!replac: negative
but&!function&!to&replac: neutral
but&!function&to&!batteri: neutral
but&!function&to&batteri: negative
but&function: neutral
DecisionTree learned:
!and&!opt&!reboot&!it: neutral
!and&!opt&!reboot&it: negative
!and&!opt&reboot&!hard: negative
!and&!opt&reboot&hard: conflict
!and&opt&!batteri: conflict
!and&opt&batteri: positive
and&!media&!complain&!sol: positive
and&!media&!complain&sol: conflict
and&!media&complain: conflict
and&media&!game: conflict
and&media&game: positive
DecisionTree learned:
!but&!and&!littl&!felt: negative
!but&!and&!littl&felt: conflict
!but&!and&littl&!is: negative
!but&!and&littl&is: conflict
!but&and&!media&!sol: positive
!but&and&!media&sol: conflict
!but&and&media&!game: conflict
!but&and&media&game: positive
but&!outsid&!learn&!function: negative
but&!outsid&!learn&function: neutral
but&!outsid&learn&!mac: neutral
but&!outsid&learn&mac: positive
but&outsid&!it: neutral
but&outsid&it: negative
DecisionTree learned:
!and&!some&!to&!it: positive
!and&!some&!to&it: negative
!and&!some&to&!replac: neutral
!and&!some&to&replac: negative
!and&some&!featur&!is: conflict
!and&some&!featur&is: neutral
!and&some&featur&!the: negative
!and&some&featur&the: positive
and&!email&!sol&!word: positive
and&!email&!sol&word: neutral
and&!email&sol: conflict
and&email&!screen&!ms: neutral
and&email&!screen&ms: positive
and&email&screen: positive
DecisionTree learned:
!but&!and&!some&!to: positive
!but&!and&!some&to: neutral
!but&!and&some&!featur: conflict
!but&!and&some&featur: positive
!but&and&!media&!complain: positive
!but&and&!media&complain: conflict
!but&and&media&!game: conflict
!but&and&media&game: positive
but&!buy&!i&!and: conflict
but&!buy&!i&and: positive
but&!buy&i&!did: positive
but&!buy&i&did: neutral
but&buy: conflict
DecisionTree learned:
!but&!and&!some&!to: positive
!but&!and&!some&to: neutral
!but&!and&some&!the: negative
!but&!and&some&the: conflict
!but&and&!sol&!complain: positive
!but&and&!sol&complain: conflict
!but&and&sol: conflict
but&!with&!littl&!to: positive
but&!with&!littl&to: neutral
but&!with&littl: negative
but&with&!problem&!as: neutral
but&with&!problem&as: negative
but&with&problem: negative
DecisionTree learned:
!and&!ye&!or&!will: negative
!and&!ye&!or&will: conflict
!and&!ye&or&!phone: neutral
!and&!ye&or&phone: positive
!and&ye: conflict
and&!firefox&!fast&!had: positive
and&!firefox&!fast&had: negative
and&!firefox&fast&!new: positive
and&!firefox&fast&new: neutral
and&firefox: neutral
Trial 0 Training cc.mallet.classify.AdaBoostM2Trainer@11bbf1ca finished
Trial 0 Trainer cc.mallet.classify.AdaBoostM2Trainer@11bbf1ca test data accuracy = 0.5172413793103449

NaiveBayesTrainer
Summary. test accuracy mean = 0.6876267748478702 stddev = 0.0 stderr = 0.0

MaxEntTrainer,gaussianPriorVariance=1.0
Summary. test accuracy mean = 0.6592292089249493 stddev = 0.0 stderr = 0.0

cc.mallet.classify.DecisionTreeTrainer@6766afb3
Summary. test accuracy mean = 0.5496957403651116 stddev = 0.0 stderr = 0.0

cc.mallet.classify.AdaBoostM2Trainer@11bbf1ca
Summary. test accuracy mean = 0.5172413793103449 stddev = 0.0 stderr = 0.0
