
-------------------- Trial 0  --------------------

Trial 0 Training NaiveBayesTrainer with 1865 instances
Trial 0 Training NaiveBayesTrainer finished
Trial 0 Trainer NaiveBayesTrainer test data accuracy = 0.6470588235294118
Trial 0 Training MaxEntTrainer,gaussianPriorVariance=1.0 with 1865 instances
Trial 0 Training MaxEntTrainer,gaussianPriorVariance=1.0 finished
Trial 0 Trainer MaxEntTrainer,gaussianPriorVariance=1.0 test data accuracy = 0.6612576064908722
Trial 0 Training cc.mallet.classify.DecisionTreeTrainer@2adb1d4 with 1865 instances
DecisionTree learned:
!great&!easy&!but&!fast: negative
!great&!easy&!but&fast: positive
!great&!easy&but&!rbr: negative
!great&!easy&but&rbr: positive
!great&easy&!one&!of: positive
!great&easy&!one&of: positive
!great&easy&one&!rb: neutral
!great&easy&one&rb: conflict
great&!had&!but&!lack: positive
great&!had&!but&lack: negative
great&!had&but&!cd: positive
great&!had&but&cd: negative
great&had&!nnp: negative
great&had&nnp: negative
Trial 0 Training cc.mallet.classify.DecisionTreeTrainer@2adb1d4 finished
Trial 0 Trainer cc.mallet.classify.DecisionTreeTrainer@2adb1d4 test data accuracy = 0.5172413793103449
Trial 0 Training cc.mallet.classify.AdaBoostM2Trainer@5464ea66 with 1865 instances
DecisionTree learned:
!great&!easy&!but&!fast: negative
!great&!easy&!but&fast: positive
!great&!easy&but&!rbr: negative
!great&!easy&but&rbr: positive
!great&easy&!one&!prp: positive
!great&easy&!one&prp: positive
!great&easy&one&!rb: neutral
!great&easy&one&rb: conflict
great&!had&!but&!lack: positive
great&!had&!but&lack: negative
great&!had&but&!cd: positive
great&!had&but&cd: negative
great&had&!nnp: positive
great&had&nnp: negative
DecisionTree learned:
!but&!great&!easy&!love: negative
!but&!great&!easy&love: positive
!but&!great&easy&!go: positive
!but&!great&easy&go: neutral
!but&great&!had&!lack: positive
!but&great&!had&lack: negative
!but&great&had&!nnp: negative
!but&great&had&nnp: negative
but&!rbr&!well&!got: negative
but&!rbr&!well&got: negative
but&!rbr&well&!so: positive
but&!rbr&well&so: neutral
but&rbr&!it&!great: positive
but&rbr&!it&great: positive
but&rbr&it&!nn: conflict
but&rbr&it&nn: positive
DecisionTree learned:
!but&!great&!movie&!vbd: positive
!but&!great&!movie&vbd: negative
!but&!great&movie&!just: neutral
!but&!great&movie&just: neutral
!but&great&!had&!lack: positive
!but&great&!had&lack: negative
!but&great&had&!nnp: negative
!but&great&had&nnp: negative
but&!mac&!x&!be: negative
but&!mac&!x&be: negative
but&!mac&x&!vb: positive
but&!mac&x&vb: neutral
but&mac&!its&!in: negative
but&mac&!its&in: positive
but&mac&its&!nnp: neutral
but&mac&its&nnp: neutral
DecisionTree learned:
!but&!great&!good&!fast: negative
!but&!great&!good&fast: positive
!but&!great&good&!at: positive
!but&!great&good&at: neutral
!but&great&!had&!nearly: positive
!but&great&!had&nearly: neutral
!but&great&had&!nnp: negative
!but&great&had&nnp: negative
but&!mac&!did&!be: negative
but&!mac&!did&be: negative
but&!mac&did&!on: neutral
but&!mac&did&on: neutral
but&mac&!its&!jj: neutral
but&mac&!its&jj: positive
but&mac&its&!nnp: neutral
but&mac&its&nnp: neutral
DecisionTree learned:
!but&!and&!not&!movie: negative
!but&!and&!not&movie: neutral
!but&!and&not&!much: negative
!but&!and&not&much: neutral
!but&and&!prp&!n: positive
!but&and&!prp&n: negative
!but&and&prp&!complain: positive
!but&and&prp&complain: conflict
but&!wdt&!mac&!this: negative
but&!wdt&!mac&this: negative
but&!wdt&mac&!in: negative
but&!wdt&mac&in: positive
but&wdt&!the&!it: neutral
but&wdt&!the&it: conflict
but&wdt&the&!once: positive
but&wdt&the&once: negative
DecisionTree learned:
!but&!great&!easy&!fast: negative
!but&!great&!easy&fast: positive
!but&!great&easy&!for: positive
!but&!great&easy&for: positive
!but&great&!had&!for: positive
!but&great&!had&for: positive
!but&great&had&!nnp: negative
!but&great&had&nnp: negative
but&!new&!x&!i: negative
but&!new&!x&i: negative
but&!new&x&!vb: positive
but&!new&x&vb: neutral
but&new&!rb: negative
but&new&rb&!when: neutral
but&new&rb&when: conflict
DecisionTree learned:
!but&!in&!not&!is: positive
!but&!in&!not&is: positive
!but&!in&not&!online: negative
!but&!in&not&online: neutral
!but&in&!vbd&!movie: positive
!but&in&!vbd&movie: neutral
!but&in&vbd&!features: negative
!but&in&vbd&features: positive
but&!difference&!mac&!this: negative
but&!difference&!mac&this: negative
but&!difference&mac&!in: negative
but&!difference&mac&in: positive
but&difference&!vb: neutral
but&difference&vb: neutral
DecisionTree learned:
!but&!in&!not&!is: positive
!but&!in&!not&is: positive
!but&!in&not&!vbz: negative
!but&!in&not&vbz: negative
!but&in&!movie&!and: negative
!but&in&!movie&and: positive
!but&in&movie&!just: neutral
!but&in&movie&just: neutral
but&!wdt&!be&!new: negative
but&!wdt&!be&new: neutral
but&!wdt&be&!to: negative
but&!wdt&be&to: negative
but&wdt&!the&!it: neutral
but&wdt&!the&it: conflict
but&wdt&the&!once: positive
but&wdt&the&once: negative
DecisionTree learned:
!but&!great&!cd&!and: negative
!but&!great&!cd&and: positive
!but&!great&cd&!working: neutral
!but&!great&cd&working: negative
!but&great&!had&!nearly: positive
!but&great&!had&nearly: neutral
!but&great&had&!nnp: negative
!but&great&had&nnp: negative
but&!mac&!there&!on: negative
but&!mac&!there&on: neutral
but&!mac&there&!to: negative
but&!mac&there&to: neutral
but&mac&!vbp&!nnp: neutral
but&mac&!vbp&nnp: positive
but&mac&vbp&!vbn: neutral
but&mac&vbp&vbn: positive
DecisionTree learned:
!but&!love&!fast&!good: negative
!but&!love&!fast&good: positive
!but&!love&fast&!one: positive
!but&!love&fast&one: neutral
!but&love&!over&!size: positive
!but&love&!over&size: positive
!but&love&over: negative
but&!new&!the&!it: neutral
but&!new&!the&it: conflict
but&!new&the&!wdt: negative
but&!new&the&wdt: positive
but&new&!when&!some: neutral
but&new&!when&some: positive
but&new&when&!vb: negative
but&new&when&vb: neutral
DecisionTree learned:
!but&!easy&!not&!for: positive
!but&!easy&!not&for: positive
!but&!easy&not&!other: negative
!but&!easy&not&other: conflict
!but&easy&!of&!prp: positive
!but&easy&!of&prp: positive
!but&easy&of&!for: positive
!but&easy&of&for: neutral
but&!got&!mac&!hard: negative
but&!got&!mac&hard: neutral
but&!got&mac&!more: neutral
but&!got&mac&more: positive
but&got&!so: negative
but&got&so: positive
DecisionTree learned:
!but&!cd&!for&!and: negative
!but&!cd&!for&and: positive
!but&!cd&for&!is: neutral
!but&!cd&for&is: positive
!but&cd&!had&!it: neutral
!but&cd&!had&it: negative
!but&cd&had&!a: negative
!but&cd&had&a: neutral
but&!this&!so&!wdt: negative
but&!this&!so&wdt: conflict
but&!this&so&!it: neutral
but&!this&so&it: conflict
but&this&!vbn&!since: neutral
but&this&!vbn&since: negative
but&this&vbn&!and: negative
but&this&vbn&and: negative
DecisionTree learned:
!but&!great&!and&!cc: negative
!but&!great&!and&cc: neutral
!but&!great&and&!i: positive
!but&!great&and&i: neutral
!but&great&!had&!rb: positive
!but&great&!had&rb: positive
!but&great&had&!nnp: positive
!but&great&had&nnp: negative
but&!rbr&!well&!features: negative
but&!rbr&!well&features: positive
but&!rbr&well&!jj: neutral
but&!rbr&well&jj: positive
but&rbr&!it&!easy: positive
but&rbr&!it&easy: positive
but&rbr&it&!nn: conflict
but&rbr&it&nn: positive
DecisionTree learned:
!but&!in&!requires&!good: positive
!but&!in&!requires&good: positive
!but&!in&requires: conflict
!but&in&!ease&!had: positive
!but&in&!ease&had: negative
!but&in&ease: positive
but&!this&!so&!difference: negative
but&!this&!so&difference: neutral
but&!this&so&!old: neutral
but&!this&so&old: positive
but&this&!vb&!a: negative
but&this&!vb&a: positive
but&this&vb&!in: positive
but&this&vb&in: neutral
DecisionTree learned:
!but&!love&!easy&!much: negative
!but&!love&!easy&much: positive
!but&!love&easy&!for: positive
!but&!love&easy&for: positive
!but&love&!size&!program: positive
!but&love&!size&program: neutral
!but&love&size&!my: neutral
!but&love&size&my: positive
but&!rbr&!well&!need: negative
but&!rbr&!well&need: positive
but&!rbr&well&!jj: neutral
but&!rbr&well&jj: positive
but&rbr&!it&!easy: positive
but&rbr&!it&easy: positive
but&rbr&it&!rb: positive
but&rbr&it&rb: conflict
DecisionTree learned:
!but&!fast&!for&!speed: negative
!but&!fast&!for&speed: positive
!but&!fast&for&!so: neutral
!but&!fast&for&so: negative
!but&fast&!one&!if: positive
!but&fast&!one&if: positive
!but&fast&one: neutral
but&!got&!mac&!think: positive
but&!got&!mac&think: neutral
but&!got&mac&!more: positive
but&!got&mac&more: positive
but&got&!so: negative
but&got&so: positive
DecisionTree learned:
!but&!great&!uses&!complain: negative
!but&!great&!uses&complain: conflict
!but&!great&uses&!this: neutral
!but&!great&uses&this: conflict
!but&great&!vbp&!pad: positive
!but&great&!vbp&pad: neutral
!but&great&vbp&!nearly: positive
!but&great&vbp&nearly: neutral
but&!got&!mac&!another: negative
but&!got&!mac&another: neutral
but&!got&mac&!its: positive
but&!got&mac&its: neutral
but&got&!so: negative
but&got&so: positive
DecisionTree learned:
!but&!not&!for&!much: positive
!but&!not&!for&much: positive
!but&!not&for&!office: positive
!but&!not&for&office: neutral
!but&not&!sit&!through: negative
!but&not&!sit&through: neutral
!but&not&sit: conflict
but&!mac&!hard&!did: negative
but&!mac&!hard&did: neutral
but&!mac&hard&!vbd: neutral
but&!mac&hard&vbd: negative
but&mac&!system&!up: positive
but&mac&!system&up: positive
but&mac&system&!vb: negative
but&mac&system&vb: neutral
DecisionTree learned:
!but&!after&!uses&!much: positive
!but&!after&!uses&much: positive
!but&!after&uses&!this: neutral
!but&!after&uses&this: conflict
!but&after&!with&!rb: negative
!but&after&!with&rb: neutral
!but&after&with&!nnp: negative
!but&after&with&nnp: positive
but&!in&!better&!it: positive
but&!in&!better&it: conflict
but&!in&better: conflict
but&in&!mac&!rbr: negative
but&in&!mac&rbr: positive
but&in&mac&!up: positive
but&in&mac&up: positive
DecisionTree learned:
!but&!would&!and&!though: negative
!but&!would&!and&though: conflict
!but&!would&and&!prp: positive
!but&!would&and&prp: positive
!but&would&!their&!laptop: negative
!but&would&!their&laptop: negative
!but&would&their&!rb: neutral
!but&would&their&rb: negative
but&!got&!mac&!this: positive
but&!got&!mac&this: negative
but&!got&mac&!up: positive
but&!got&mac&up: positive
but&got&!so: negative
but&got&so: positive
DecisionTree learned:
!but&!for&!cd&!laptops: positive
!but&!for&!cd&laptops: conflict
!but&!for&cd&!am: neutral
!but&!for&cd&am: conflict
!but&for&!so&!vbd: positive
!but&for&!so&vbd: neutral
!but&for&so&!laptop: negative
!but&for&so&laptop: conflict
but&!mac&!features&!this: negative
but&!mac&!features&this: negative
but&!mac&features&!much: positive
but&!mac&features&much: positive
but&mac&!in: negative
but&mac&in&!use: positive
but&mac&in&use: positive
DecisionTree learned:
!but&!easy&!much&!for: negative
!but&!easy&!much&for: neutral
!but&!easy&much&!i: positive
!but&!easy&much&i: neutral
!but&easy&!for&!one: positive
!but&easy&!for&one: neutral
!but&easy&for&!very: neutral
!but&easy&for&very: positive
but&!mac&!there&!this: conflict
but&!mac&!there&this: negative
but&!mac&there&!to: negative
but&!mac&there&to: neutral
but&mac&!up&!it: positive
but&mac&!up&it: neutral
but&mac&up: positive
DecisionTree learned:
!but&!fast&!love&!easy: negative
!but&!fast&!love&easy: positive
!but&!fast&love&!size: positive
!but&!fast&love&size: positive
!but&fast&!with: positive
!but&fast&with&!software: neutral
!but&fast&with&software: positive
but&!mac&!think&!windows: negative
but&!mac&!think&windows: neutral
but&!mac&think&!on: negative
but&!mac&think&on: neutral
but&mac&!up&!more: neutral
but&mac&!up&more: positive
but&mac&up: positive
DecisionTree learned:
!but&!in&!requires&!usb: positive
!but&!in&!requires&usb: neutral
!but&!in&requires: conflict
!but&in&!complain&!and: negative
!but&in&!complain&and: positive
!but&in&complain&!rb: positive
!but&in&complain&rb: conflict
but&!difference&!this&!so: negative
but&!difference&!this&so: neutral
but&!difference&this&!know: neutral
but&!difference&this&know: conflict
but&difference&!vb: neutral
but&difference&vb: neutral
DecisionTree learned:
!but&!good&!for&!much: negative
!but&!good&!for&much: positive
!but&!good&for&!so: neutral
!but&!good&for&so: negative
!but&good&!at&!wdt: positive
!but&good&!at&wdt: negative
!but&good&at&!rb: positive
!but&good&at&rb: neutral
but&!mac&!did&!be: negative
but&!mac&!did&be: negative
but&!mac&did&!on: neutral
but&!mac&did&on: neutral
but&mac&!jj: neutral
but&mac&jj&!you: positive
but&mac&jj&you: positive
DecisionTree learned:
!but&!opted&!great&!cd: positive
!but&!opted&!great&cd: neutral
!but&!opted&great&!vbp: positive
!but&!opted&great&vbp: positive
!but&opted: conflict
but&!this&!so&!and: negative
but&!this&!so&and: positive
but&!this&so&!laptop: conflict
but&!this&so&laptop: neutral
but&this&!vb&!vbn: positive
but&this&!vb&vbn: negative
but&this&vb&!very: neutral
but&this&vb&very: positive
DecisionTree learned:
!but&!good&!uses&!pc: negative
!but&!good&!uses&pc: positive
!but&!good&uses&!this: neutral
!but&!good&uses&this: conflict
!but&good&!at&!games: positive
!but&good&!at&games: neutral
!but&good&at&!vb: neutral
!but&good&at&vb: neutral
but&!this&!so&!wdt: negative
but&!this&!so&wdt: conflict
but&!this&so&!it: neutral
but&!this&so&it: conflict
but&this&!vbn&!x: positive
but&this&!vbn&x: neutral
but&this&vbn&!for: negative
but&this&vbn&for: neutral
DecisionTree learned:
!but&!much&!vb&!cc: negative
!but&!much&!vb&cc: positive
!but&!much&vb&!easy: negative
!but&!much&vb&easy: positive
!but&much&!i&!out: positive
!but&much&!i&out: negative
!but&much&i&!rp: neutral
!but&much&i&rp: conflict
but&!new&!x&!like: negative
but&!new&!x&like: positive
but&!new&x&!vb: positive
but&!new&x&vb: neutral
but&new&!with&!rb: negative
but&new&!with&rb: neutral
but&new&with&!just: neutral
but&new&with&just: neutral
DecisionTree learned:
!but&!pc&!for&!against: negative
!but&!pc&!for&against: conflict
!but&!pc&for&!vb: positive
!but&!pc&for&vb: neutral
!but&pc&!users&!and: positive
!but&pc&!users&and: positive
!but&pc&users: neutral
but&!in&!vbp&!nns: conflict
but&!in&!vbp&nns: negative
but&!in&vbp&!and: negative
but&!in&vbp&and: positive
but&in&!jjs&!this: negative
but&in&!jjs&this: neutral
but&in&jjs&!of: conflict
but&in&jjs&of: conflict
DecisionTree learned:
!but&!in&!requires&!is: positive
!but&!in&!requires&is: positive
!but&!in&requires: conflict
!but&in&!pc&!for: negative
!but&in&!pc&for: neutral
!but&in&pc&!users: positive
!but&in&pc&users: neutral
but&!new&!the&!it: neutral
but&!new&!the&it: conflict
but&!new&the&!wdt: negative
but&!new&the&wdt: conflict
but&new&!nns&!vb: negative
but&new&!nns&vb: neutral
but&new&nns&!with: positive
but&new&nns&with: neutral
DecisionTree learned:
!but&!much&!easy&!vb: positive
!but&!much&!easy&vb: negative
!but&!much&easy&!for: positive
!but&!much&easy&for: positive
!but&much&!of&!laptops: positive
!but&much&!of&laptops: conflict
!but&much&of&!not: negative
!but&much&of&not: neutral
but&!gb&!i&!windows: conflict
but&!gb&!i&windows: neutral
but&!gb&i&!inch: positive
but&!gb&i&inch: conflict
but&gb&!jjr: neutral
but&gb&jjr: neutral
DecisionTree learned:
!but&!amazing&!pc&!for: negative
!but&!amazing&!pc&for: neutral
!but&!amazing&pc&!users: positive
!but&!amazing&pc&users: neutral
!but&amazing: positive
but&!mac&!if&!this: negative
but&!mac&!if&this: negative
but&!mac&if&!to: negative
but&!mac&if&to: neutral
but&mac&!system&!jj: neutral
but&mac&!system&jj: positive
but&mac&system&!vb: negative
but&mac&system&vb: neutral
DecisionTree learned:
!but&!price&!love&!cd: positive
!but&!price&!love&cd: neutral
!but&!price&love&!over: positive
!but&!price&love&over: negative
!but&price&!worth&!off: positive
!but&price&!worth&off: neutral
!but&price&worth&!software: conflict
!but&price&worth&software: negative
but&!difference&!this&!so: negative
but&!difference&!this&so: conflict
but&!difference&this&!wdt: negative
but&!difference&this&wdt: neutral
but&difference&!vb: neutral
but&difference&vb: neutral
DecisionTree learned:
!but&!complain&!much&!and: negative
!but&!complain&!much&and: positive
!but&!complain&much&!i: positive
!but&!complain&much&i: neutral
!but&complain&!rb: positive
!but&complain&rb: conflict
but&!repair&!new&!unit: negative
but&!repair&!new&unit: neutral
but&!repair&new&!with: neutral
but&!repair&new&with: neutral
but&repair&!they: negative
but&repair&they&!nnp: neutral
but&repair&they&nnp: negative
DecisionTree learned:
!but&!fast&!for&!pc: negative
!but&!fast&!for&pc: positive
!but&!fast&for&!not: neutral
!but&!fast&for&not: negative
!but&fast&!if&!one: positive
!but&fast&!if&one: neutral
!but&fast&if: neutral
but&!mac&!difference&!i: conflict
but&!mac&!difference&i: positive
but&!mac&difference&!vb: neutral
but&!mac&difference&vb: neutral
but&mac&!jj: neutral
but&mac&jj&!pc: neutral
but&mac&jj&pc: positive
DecisionTree learned:
!but&!much&!is&!love: neutral
!but&!much&!is&love: positive
!but&!much&is&!not: positive
!but&!much&is&not: negative
!but&much&!of&!that: positive
!but&much&!of&that: conflict
!but&much&of&!nns: negative
!but&much&of&nns: neutral
but&!in&!nns&!vbp: conflict
but&!in&!nns&vbp: negative
but&!in&nns&!a: positive
but&!in&nns&a: negative
but&in&!jjs&!this: negative
but&in&!jjs&this: negative
but&in&jjs&!of: negative
but&in&jjs&of: conflict
DecisionTree learned:
!but&!complain&!cc&!though: negative
!but&!complain&!cc&though: conflict
!but&!complain&cc&!back: positive
!but&!complain&cc&back: negative
!but&complain&!rb: positive
!but&complain&rb: conflict
but&!this&!so&!wdt: negative
but&!this&!so&wdt: conflict
but&!this&so&!it: neutral
but&!this&so&it: conflict
but&this&!vb&!know: positive
but&this&!vb&know: conflict
but&this&vb&!very: neutral
but&this&vb&very: negative
DecisionTree learned:
!but&!for&!pc&!they: negative
!but&!for&!pc&they: neutral
!but&!for&pc&!vbd: conflict
!but&!for&pc&vbd: positive
!but&for&!so&!vbd: positive
!but&for&!so&vbd: neutral
!but&for&so&!laptop: negative
!but&for&so&laptop: conflict
but&!this&!so&!screen: negative
but&!this&!so&screen: conflict
but&!this&so&!the: neutral
but&!this&so&the: conflict
but&this&!vb&!for: negative
but&this&!vb&for: positive
but&this&vb&!in: positive
but&this&vb&in: neutral
DecisionTree learned:
!but&!opted&!complain&!much: negative
!but&!opted&!complain&much: positive
!but&!opted&complain&!rb: positive
!but&!opted&complain&rb: conflict
!but&opted: conflict
but&!this&!mac&!hard: positive
but&!this&!mac&hard: neutral
but&!this&mac&!rp: neutral
but&!this&mac&rp: positive
but&this&!vbn&!since: neutral
but&this&!vbn&since: negative
but&this&vbn&!and: positive
but&this&vbn&and: negative
DecisionTree learned:
!but&!bars&!for&!cd: positive
!but&!bars&!for&cd: neutral
!but&!bars&for&!so: neutral
!but&!bars&for&so: negative
!but&bars: conflict
but&!hard&!did&!if: positive
but&!hard&!did&if: neutral
but&!hard&did&!of: neutral
but&!hard&did&of: neutral
but&hard&!rp&!nnp: neutral
but&hard&!rp&nnp: neutral
but&hard&rp&!mac: conflict
but&hard&rp&mac: positive
DecisionTree learned:
!but&!requires&!in&!is: positive
!but&!requires&!in&is: positive
!but&!requires&in&!much: negative
!but&!requires&in&much: positive
!but&requires: conflict
but&!drive&!difference&!new: negative
but&!drive&!difference&new: neutral
but&!drive&difference&!vb: positive
but&!drive&difference&vb: neutral
but&drive&!to&!vb: neutral
but&drive&!to&vb: neutral
but&drive&to: negative
DecisionTree learned:
!but&!awesome&!price&!and: negative
!but&!awesome&!price&and: positive
!but&!awesome&price&!worth: positive
!but&!awesome&price&worth: conflict
!but&awesome&!so: positive
!but&awesome&so: neutral
but&!new&!i&!windows: conflict
but&!new&!i&windows: neutral
but&!new&i&!jj: neutral
but&!new&i&jj: negative
but&new&!when&!about: positive
but&new&!when&about: neutral
but&new&when&!vb: negative
but&new&when&vb: neutral
DecisionTree learned:
!but&!complain&!and&!opted: negative
!but&!complain&!and&opted: conflict
!but&!complain&and&!sol: positive
!but&!complain&and&sol: conflict
!but&complain&!rb: positive
!but&complain&rb: conflict
but&!repair&!mac&!hard: positive
but&!repair&!mac&hard: neutral
but&!repair&mac&!vb: positive
but&!repair&mac&vb: neutral
but&repair&!they: negative
but&repair&they&!nnp: neutral
but&repair&they&nnp: negative
DecisionTree learned:
!but&!complain&!cc&!laptops: negative
!but&!complain&!cc&laptops: conflict
!but&!complain&cc&!sol: positive
!but&!complain&cc&sol: conflict
!but&complain&!rb: positive
!but&complain&rb: conflict
but&!i&!windows&!difference: conflict
but&!i&!windows&difference: neutral
but&!i&windows&!so: neutral
but&!i&windows&so: neutral
but&i&!which&!they: positive
but&i&!which&they: negative
but&i&which&!use: conflict
but&i&which&use: positive
DecisionTree learned:
!but&!not&!for&!laptops: positive
!but&!not&!for&laptops: conflict
!but&!not&for&!nnp: positive
!but&!not&for&nnp: neutral
!but&not&!other&!apple: negative
!but&not&!other&apple: positive
!but&not&other&!nns: conflict
!but&not&other&nns: positive
but&!there&!prp&!email: conflict
but&!there&!prp&email: neutral
but&!there&prp&!it: neutral
but&!there&prp&it: conflict
but&there&!much&!to: negative
but&there&!much&to: neutral
but&there&much: positive
DecisionTree learned:
!but&!much&!bars&!for: negative
!but&!much&!bars&for: neutral
!but&!much&bars: conflict
!but&much&!i&!out: positive
!but&much&!i&out: conflict
!but&much&i&!it: neutral
!but&much&i&it: conflict
but&!prp&!vbz&!not: conflict
but&!prp&!vbz&not: negative
but&!prp&vbz&!not: negative
but&!prp&vbz&not: positive
but&prp&!got&!new: positive
but&prp&!got&new: neutral
but&prp&got&!so: negative
but&prp&got&so: positive
DecisionTree learned:
!but&!against&!generally&!long: negative
!but&!against&!generally&long: positive
!but&!against&generally: conflict
!but&against: conflict
but&!new&!got&!size: negative
but&!new&!got&size: neutral
but&!new&got&!so: negative
but&!new&got&so: positive
but&new&!rb: negative
but&new&rb&!with: positive
but&new&rb&with: neutral
DecisionTree learned:
!but&!uses&!after&!pc: positive
!but&!uses&!after&pc: positive
!but&!uses&after&!rb: negative
!but&!uses&after&rb: negative
!but&uses&!this: neutral
!but&uses&this: conflict
but&!in&!better&!it: positive
but&!in&!better&it: negative
but&!in&better: conflict
but&in&!jjs&!non: positive
but&in&!jjs&non: conflict
but&in&jjs&!of: conflict
but&in&jjs&of: positive
DecisionTree learned:
!but&!generally&!pc&!uses: negative
!but&!generally&!pc&uses: neutral
!but&!generally&pc&!users: positive
!but&!generally&pc&users: neutral
!but&generally: conflict
but&!drive&!the&!it: neutral
but&!drive&!the&it: conflict
but&!drive&the&!wdt: positive
but&!drive&the&wdt: positive
but&drive&!to&!vb: neutral
but&drive&!to&vb: neutral
but&drive&to: negative
DecisionTree learned:
!but&!opted&!ease&!pc: negative
!but&!opted&!ease&pc: positive
!but&!opted&ease: positive
!but&opted: conflict
but&!in&!better&!it: positive
but&!in&!better&it: negative
but&!in&better: conflict
but&in&!battery&!back: positive
but&in&!battery&back: negative
but&in&battery&!nns: negative
but&in&battery&nns: conflict
DecisionTree learned:
!but&!generally&!very&!after: negative
!but&!generally&!very&after: negative
!but&!generally&very&!functions: positive
!but&!generally&very&functions: conflict
!but&generally: conflict
but&!mac&!rbr&!gb: negative
but&!mac&!rbr&gb: neutral
but&!mac&rbr&!vb: positive
but&!mac&rbr&vb: positive
but&mac&!prp: positive
but&mac&prp&!on: neutral
but&mac&prp&on: positive
DecisionTree learned:
!but&!bars&!requires&!for: negative
!but&!bars&!requires&for: neutral
!but&!bars&requires: conflict
!but&bars: conflict
but&!i&!windows&!difference: conflict
but&!i&!windows&difference: neutral
but&!i&windows&!so: neutral
but&!i&windows&so: conflict
but&i&!jj&!ever: neutral
but&i&!jj&ever: conflict
but&i&jj&!inch: negative
but&i&jj&inch: conflict
DecisionTree learned:
!but&!bars&!generally&!much: negative
!but&!bars&!generally&much: positive
!but&!bars&generally: conflict
!but&bars: conflict
but&!temperatures&!this&!difference: positive
but&!temperatures&!this&difference: neutral
but&!temperatures&this&!know: negative
but&!temperatures&this&know: conflict
but&temperatures: neutral
DecisionTree learned:
!but&!much&!generally&!uses: negative
!but&!much&!generally&uses: neutral
!but&!much&generally: conflict
!but&much&!laptops&!out: positive
!but&much&!laptops&out: conflict
!but&much&laptops&!and: conflict
!but&much&laptops&and: neutral
but&!difference&!this&!so: negative
but&!difference&!this&so: neutral
but&!difference&this&!know: negative
but&!difference&this&know: conflict
but&difference&!vb: neutral
but&difference&vb: neutral
DecisionTree learned:
!but&!opted&!much&!get: positive
!but&!opted&!much&get: negative
!but&!opted&much&!laptops: positive
!but&!opted&much&laptops: conflict
!but&opted: conflict
but&!new&!drive&!if: negative
but&!new&!drive&if: neutral
but&!new&drive&!to: neutral
but&!new&drive&to: negative
but&new&!with&!rb: negative
but&new&!with&rb: neutral
but&new&with&!just: neutral
but&new&with&just: neutral
DecisionTree learned:
!but&!love&!opted&!uses: negative
!but&!love&!opted&uses: neutral
!but&!love&opted: conflict
!but&love&!size&!program: positive
!but&love&!size&program: positive
!but&love&size&!my: neutral
!but&love&size&my: positive
but&!this&!so&!outside: negative
but&!this&!so&outside: neutral
but&!this&so&!it: neutral
but&!this&so&it: conflict
but&this&!vb&!for: positive
but&this&!vb&for: positive
but&this&vb&!in: positive
but&this&vb&in: neutral
DecisionTree learned:
!but&!complain&!cc&!generally: negative
!but&!complain&!cc&generally: conflict
!but&!complain&cc&!sol: positive
!but&!complain&cc&sol: conflict
!but&complain&!rb: positive
!but&complain&rb: conflict
but&!mac&!this&!so: negative
but&!mac&!this&so: conflict
but&!mac&this&!vbn: positive
but&!mac&this&vbn: negative
but&mac&!nnp&!jjr: neutral
but&mac&!nnp&jjr: neutral
but&mac&nnp&!vbp: positive
but&mac&nnp&vbp: positive
DecisionTree learned:
!but&!bars&!for&!requires: negative
!but&!bars&!for&requires: conflict
!but&!bars&for&!so: neutral
!but&!bars&for&so: conflict
!but&bars: conflict
but&!this&!like&!size: conflict
but&!this&!like&size: neutral
but&!this&like&!vbz: positive
but&!this&like&vbz: negative
but&this&!vb&!for: positive
but&this&!vb&for: positive
but&this&vb&!very: neutral
but&this&vb&very: negative
DecisionTree learned:
!but&!long&!much&!complain: negative
!but&!long&!much&complain: conflict
!but&!long&much&!of: positive
!but&!long&much&of: neutral
!but&long&!that&!will: positive
!but&long&!that&will: negative
!but&long&that&!so: negative
!but&long&that&so: conflict
but&!well&!outside&!hard: negative
but&!well&!outside&hard: neutral
but&!well&outside&!vb: neutral
but&!well&outside&vb: neutral
but&well&!as&!is: positive
but&well&!as&is: positive
but&well&as&!jj: neutral
but&well&as&jj: positive
DecisionTree learned:
!but&!though&!uses&!after: positive
!but&!though&!uses&after: negative
!but&!though&uses&!this: neutral
!but&!though&uses&this: conflict
!but&though&!md&!nnp: conflict
!but&though&!md&nnp: negative
!but&though&md&!would: positive
!but&though&md&would: negative
but&!think&!repair&!new: positive
but&!think&!repair&new: neutral
but&!think&repair&!they: negative
but&!think&repair&they: neutral
but&think&!on: negative
but&think&on: neutral
DecisionTree learned:
!but&!opted&!generally&!uses: positive
!but&!opted&!generally&uses: neutral
!but&!opted&generally: conflict
!but&opted: conflict
but&!battery&!m&!if: positive
but&!battery&!m&if: neutral
but&!battery&m&!vb: negative
but&!battery&m&vb: neutral
but&battery&!have&!nns: negative
but&battery&!have&nns: conflict
but&battery&have&!jjr: conflict
but&battery&have&jjr: conflict
DecisionTree learned:
!but&!requires&!in&!is: positive
!but&!requires&!in&is: positive
!but&!requires&in&!much: neutral
!but&!requires&in&much: conflict
!but&requires: conflict
but&!mac&!this&!difference: negative
but&!mac&!this&difference: neutral
but&!mac&this&!vbn: neutral
but&!mac&this&vbn: negative
but&mac&!in: negative
but&mac&in&!use: neutral
but&mac&in&use: positive
DecisionTree learned:
!but&!opted&!uses&!requires: negative
!but&!opted&!uses&requires: conflict
!but&!opted&uses&!this: neutral
!but&!opted&uses&this: conflict
!but&opted: conflict
but&!this&!mac&!outside: negative
but&!this&!mac&outside: neutral
but&!this&mac&!in: negative
but&!this&mac&in: positive
but&this&!vb&!for: negative
but&this&!vb&for: positive
but&this&vb&!very: neutral
but&this&vb&very: negative
DecisionTree learned:
!but&!for&!bars&!requires: negative
!but&!for&!bars&requires: conflict
!but&!for&bars: conflict
!but&for&!so&!vbd: positive
!but&for&!so&vbd: neutral
!but&for&so&!laptop: positive
!but&for&so&laptop: conflict
but&!hard&!i&!windows: conflict
but&!hard&!i&windows: neutral
but&!hard&i&!inch: positive
but&!hard&i&inch: conflict
but&hard&!vbn&!vb: neutral
but&hard&!vbn&vb: neutral
but&hard&vbn&!nnp: conflict
but&hard&vbn&nnp: neutral
DecisionTree learned:
!but&!much&!generally&!complain: negative
!but&!much&!generally&complain: conflict
!but&!much&generally: conflict
!but&much&!i&!vb: conflict
!but&much&!i&vb: positive
!but&much&i&!rp: neutral
!but&much&i&rp: conflict
but&!web&!screen&!outside: negative
but&!web&!screen&outside: neutral
but&!web&screen&!the: conflict
but&!web&screen&the: negative
but&web&!nnp: neutral
but&web&nnp: positive
DecisionTree learned:
!but&!bars&!for&!laptops: negative
!but&!bars&!for&laptops: conflict
!but&!bars&for&!so: neutral
!but&!bars&for&so: conflict
!but&bars: conflict
but&!this&!mac&!size: conflict
but&!this&!mac&size: neutral
but&!this&mac&!in: negative
but&!this&mac&in: positive
but&this&!vb&!for: negative
but&this&!vb&for: positive
but&this&vb&!very: neutral
but&this&vb&very: negative
DecisionTree learned:
!but&!great&!opted&!amazing: negative
!but&!great&!opted&amazing: positive
!but&!great&opted: conflict
!but&great&!vbp&!pad: positive
!but&great&!vbp&pad: neutral
!but&great&vbp&!nearly: positive
!but&great&vbp&nearly: neutral
but&!repair&!new&!a: negative
but&!repair&!new&a: neutral
but&!repair&new&!when: neutral
but&!repair&new&when: conflict
but&repair&!to&!toshiba: negative
but&repair&!to&toshiba: negative
but&repair&to: neutral
DecisionTree learned:
!but&!complain&!generally&!requires: negative
!but&!complain&!generally&requires: conflict
!but&!complain&generally: conflict
!but&complain&!rb: positive
!but&complain&rb: conflict
but&!difference&!hard&!mac: negative
but&!difference&!hard&mac: neutral
but&!difference&hard&!the: conflict
but&!difference&hard&the: neutral
but&difference&!vb: neutral
but&difference&vb: neutral
DecisionTree learned:
!but&!pc&!for&!requires: negative
!but&!pc&!for&requires: conflict
!but&!pc&for&!vbd: positive
!but&!pc&for&vbd: neutral
!but&pc&!vbd&!mac: conflict
!but&pc&!vbd&mac: neutral
!but&pc&vbd&!dt: negative
!but&pc&vbd&dt: positive
but&!this&!so&!size: negative
but&!this&!so&size: neutral
but&!this&so&!nns: neutral
but&!this&so&nns: conflict
but&this&!vb&!for: negative
but&this&!vb&for: positive
but&this&vb&!they: neutral
but&this&vb&they: negative
DecisionTree learned:
!but&!generally&!opted&!complain: positive
!but&!generally&!opted&complain: conflict
!but&!generally&opted: conflict
!but&generally: conflict
but&!wdt&!this&!be: negative
but&!wdt&!this&be: negative
but&!wdt&this&!md: positive
but&!wdt&this&md: negative
but&wdt&!the&!and: conflict
but&wdt&!the&and: neutral
but&wdt&the&!like: conflict
but&wdt&the&like: positive
DecisionTree learned:
!but&!opted&!much&!generally: negative
!but&!opted&!much&generally: conflict
!but&!opted&much&!laptops: positive
!but&!opted&much&laptops: conflict
!but&opted: conflict
but&!in&!better&!it: positive
but&!in&!better&it: conflict
but&!in&better: conflict
but&in&!mac&!hard: negative
but&in&!mac&hard: neutral
but&in&mac&!vbd: neutral
but&in&mac&vbd: positive
DecisionTree learned:
!but&!acceptable&!requires&!much: negative
!but&!acceptable&!requires&much: positive
!but&!acceptable&requires: conflict
!but&acceptable: conflict
but&!got&!battery&!my: positive
but&!got&!battery&my: positive
but&!got&battery&!vbp: conflict
but&!got&battery&vbp: negative
but&got: negative
DecisionTree learned:
!but&!back&!for&!pc: negative
!but&!back&!for&pc: positive
!but&!back&for&!so: neutral
!but&!back&for&so: conflict
!but&back&!a&!and: negative
!but&back&!a&and: neutral
!but&back&a&!great: negative
!but&back&a&great: positive
but&!the&!dt&!that: positive
but&!the&!dt&that: conflict
but&!the&dt&!vbp: conflict
but&!the&dt&vbp: neutral
but&the&!wdt&!be: positive
but&the&!wdt&be: negative
but&the&wdt&!great: conflict
but&the&wdt&great: negative
DecisionTree learned:
!but&!acceptable&!generally&!long: negative
!but&!acceptable&!generally&long: positive
!but&!acceptable&generally: conflict
!but&acceptable: conflict
but&!wdt&!be&!this: positive
but&!wdt&!be&this: negative
but&!wdt&be&!to: negative
but&!wdt&be&to: negative
but&wdt&!the&!and: conflict
but&wdt&!the&and: neutral
but&wdt&the&!like: conflict
but&wdt&the&like: positive
DecisionTree learned:
!but&!complain&!cc&!though: negative
!but&!complain&!cc&though: conflict
!but&!complain&cc&!sol: positive
!but&!complain&cc&sol: conflict
!but&complain&!rb: positive
!but&complain&rb: conflict
but&!mac&!difference&!i: conflict
but&!mac&!difference&i: positive
but&!mac&difference&!vb: neutral
but&!mac&difference&vb: neutral
but&mac&!more&!in: negative
but&mac&!more&in: neutral
but&mac&more: positive
DecisionTree learned:
!but&!complain&!cc&!though: negative
!but&!complain&!cc&though: conflict
!but&!complain&cc&!sol: positive
!but&!complain&cc&sol: conflict
!but&complain&!rb: positive
!but&complain&rb: conflict
but&!in&!better&!it: positive
but&!in&!better&it: conflict
but&!in&better: conflict
but&in&!mac&!gb: negative
but&in&!mac&gb: neutral
but&in&mac&!very: neutral
but&in&mac&very: positive
DecisionTree learned:
!but&!opted&!much&!get: positive
!but&!opted&!much&get: negative
!but&!opted&much&!laptops: positive
!but&!opted&much&laptops: conflict
!but&opted: conflict
but&!wdt&!be&!computer: positive
but&!wdt&!be&computer: negative
but&!wdt&be&!vbz: negative
but&!wdt&be&vbz: negative
but&wdt&!the&!and: conflict
but&wdt&!the&and: neutral
but&wdt&the&!like: conflict
but&wdt&the&like: positive
DecisionTree learned:
!but&!not&!much&!is: neutral
!but&!not&!much&is: positive
!but&!not&much&!laptops: positive
!but&!not&much&laptops: conflict
!but&not&!through&!other: negative
!but&not&!through&other: conflict
!but&not&through&!so: neutral
!but&not&through&so: neutral
but&!new&!screen&!jjs: negative
but&!new&!screen&jjs: conflict
but&!new&screen&!email: conflict
but&!new&screen&email: neutral
but&new&!rb: negative
but&new&rb&!with: neutral
but&new&rb&with: neutral
DecisionTree learned:
!but&!complain&!cc&!laptops: negative
!but&!complain&!cc&laptops: conflict
!but&!complain&cc&!sol: positive
!but&!complain&cc&sol: conflict
!but&complain&!rb: positive
!but&complain&rb: conflict
but&!temperatures&!this&!so: negative
but&!temperatures&!this&so: neutral
but&!temperatures&this&!vb: positive
but&!temperatures&this&vb: neutral
but&temperatures: neutral
DecisionTree learned:
!but&!bars&!for&!requires: negative
!but&!bars&!for&requires: conflict
!but&!bars&for&!so: neutral
!but&!bars&for&so: conflict
!but&bars: conflict
but&!i&!windows&!difference: conflict
but&!i&!windows&difference: neutral
but&!i&windows&!prp: negative
but&!i&windows&prp: neutral
but&i&!inch&!jj: neutral
but&i&!inch&jj: negative
but&i&inch: conflict
DecisionTree learned:
!but&!though&!generally&!complain: neutral
!but&!though&!generally&complain: conflict
!but&!though&generally: conflict
!but&though&!md&!nnp: conflict
!but&though&!md&nnp: negative
!but&though&md&!would: positive
!but&though&md&would: negative
but&!couple&!did&!size: positive
but&!couple&!did&size: neutral
but&!couple&did&!nns: negative
but&!couple&did&nns: neutral
but&couple&!vb: negative
but&couple&vb&!rb: conflict
but&couple&vb&rb: conflict
DecisionTree learned:
!but&!bars&!complain&!cc: negative
!but&!bars&!complain&cc: positive
!but&!bars&complain&!rb: positive
!but&!bars&complain&rb: conflict
!but&bars: conflict
but&!wdt&!i&!windows: negative
but&!wdt&!i&windows: neutral
but&!wdt&i&!on: negative
but&!wdt&i&on: neutral
but&wdt&!the&!and: conflict
but&wdt&!the&and: neutral
but&wdt&the&!once: conflict
but&wdt&the&once: negative
DecisionTree learned:
!but&!generally&!bars&!long: negative
!but&!generally&!bars&long: positive
!but&!generally&bars: conflict
!but&generally: conflict
but&!be&!did&!new: positive
but&!be&!did&new: positive
but&!be&did&!jj: neutral
but&!be&did&jj: negative
but&be&!wdt&!more: negative
but&be&!wdt&more: positive
but&be&wdt&!just: conflict
but&be&wdt&just: positive
DecisionTree learned:
!but&!requires&!bars&!for: negative
!but&!requires&!bars&for: neutral
!but&!requires&bars: conflict
!but&requires: conflict
but&!mac&!rbr&!the: conflict
but&!mac&!rbr&the: negative
but&!mac&rbr&!vb: positive
but&!mac&rbr&vb: positive
but&mac&!up&!had: neutral
but&mac&!up&had: positive
but&mac&up: positive
DecisionTree learned:
!but&!generally&!my&!opted: negative
!but&!generally&!my&opted: conflict
!but&!generally&my&!though: neutral
!but&!generally&my&though: conflict
!but&generally: conflict
but&!mac&!this&!so: positive
but&!mac&!this&so: conflict
but&!mac&this&!vbn: positive
but&!mac&this&vbn: negative
but&mac&!up&!it: neutral
but&mac&!up&it: neutral
but&mac&up: positive
DecisionTree learned:
!but&!though&!opted&!get: positive
!but&!though&!opted&get: negative
!but&!though&opted: conflict
!but&though&!md&!nnp: conflict
!but&though&!md&nnp: negative
!but&though&md&!would: positive
!but&though&md&would: negative
but&!this&!so&!difference: negative
but&!this&!so&difference: neutral
but&!this&so&!it: neutral
but&!this&so&it: conflict
but&this&!know&!x: negative
but&this&!know&x: neutral
but&this&know: conflict
DecisionTree learned:
!but&!acceptable&!much&!bars: negative
!but&!acceptable&!much&bars: conflict
!but&!acceptable&much&!laptops: positive
!but&!acceptable&much&laptops: conflict
!but&acceptable: conflict
but&!gb&!still&!wdt: negative
but&!gb&!still&wdt: conflict
but&!gb&still&!nns: negative
but&!gb&still&nns: positive
but&gb&!jjr: neutral
but&gb&jjr: neutral
DecisionTree learned:
!but&!complain&!cc&!not: negative
!but&!complain&!cc&not: negative
!but&!complain&cc&!sol: positive
!but&!complain&cc&sol: conflict
!but&complain&!rb: positive
!but&complain&rb: conflict
but&!nothing&!got&!mac: positive
but&!nothing&!got&mac: positive
but&!nothing&got&!so: negative
but&!nothing&got&so: positive
but&nothing: negative
DecisionTree learned:
!but&!acceptable&!opted&!long: negative
!but&!acceptable&!opted&long: positive
!but&!acceptable&opted: conflict
!but&acceptable: conflict
but&!mac&!pos&!hard: positive
but&!mac&!pos&hard: neutral
but&!mac&pos: neutral
but&mac&!vb&!rb: negative
but&mac&!vb&rb: positive
but&mac&vb&!use: neutral
but&mac&vb&use: positive
DecisionTree learned:
!but&!bars&!for&!requires: negative
!but&!bars&!for&requires: conflict
!but&!bars&for&!so: neutral
!but&!bars&for&so: conflict
!but&bars: conflict
but&!battery&!m&!gb: positive
but&!battery&!m&gb: neutral
but&!battery&m&!vb: negative
but&!battery&m&vb: neutral
but&battery&!md&!nns: negative
but&battery&!md&nns: conflict
but&battery&md&!in: positive
but&battery&md&in: positive
DecisionTree learned:
!but&!much&!long&!generally: negative
!but&!much&!long&generally: conflict
!but&!much&long&!though: positive
!but&!much&long&though: conflict
!but&much&!of&!that: positive
!but&much&!of&that: conflict
!but&much&of&!nns: negative
!but&much&of&nns: neutral
but&!difference&!i&!windows: conflict
but&!difference&!i&windows: neutral
but&!difference&i&!which: positive
but&!difference&i&which: conflict
but&difference&!vb: neutral
but&difference&vb: neutral
DecisionTree learned:
!but&!bars&!acceptable&!requires: negative
!but&!bars&!acceptable&requires: conflict
!but&!bars&acceptable: conflict
!but&bars: conflict
but&!in&!vbp&!nns: conflict
but&!in&!vbp&nns: negative
but&!in&vbp&!it: positive
but&!in&vbp&it: negative
but&in&!jjs&!this: negative
but&in&!jjs&this: neutral
but&in&jjs&!of: conflict
but&in&jjs&of: conflict
DecisionTree learned:
!but&!for&!requires&!pc: negative
!but&!for&!requires&pc: positive
!but&!for&requires: conflict
!but&for&!so&!vbd: positive
!but&for&!so&vbd: neutral
!but&for&so&!laptop: negative
!but&for&so&laptop: conflict
but&!web&!screen&!jjs: negative
but&!web&!screen&jjs: conflict
but&!web&screen&!and: conflict
but&!web&screen&and: negative
but&web&!is: positive
but&web&is: neutral
DecisionTree learned:
!but&!for&!bars&!against: negative
!but&!for&!bars&against: conflict
!but&!for&bars: conflict
!but&for&!so&!vbd: positive
!but&for&!so&vbd: neutral
!but&for&so&!battery: negative
!but&for&so&battery: conflict
but&!new&!think&!size: negative
but&!new&!think&size: neutral
but&!new&think&!on: negative
but&!new&think&on: neutral
but&new&!nns&!vb: negative
but&new&!nns&vb: neutral
but&new&nns&!some: neutral
but&new&nns&some: positive
DecisionTree learned:
!but&!bars&!for&!much: negative
!but&!bars&!for&much: positive
!but&!bars&for&!vbd: positive
!but&!bars&for&vbd: neutral
!but&bars: conflict
but&!in&!better&!it: positive
but&!in&!better&it: negative
but&!in&better: conflict
but&in&!mac&!difference: negative
but&in&!mac&difference: neutral
but&in&mac&!nnp: neutral
but&in&mac&nnp: positive
DecisionTree learned:
!but&!opted&!requires&!uses: negative
!but&!opted&!requires&uses: neutral
!but&!opted&requires: conflict
!but&opted: conflict
but&!think&!repair&!with: positive
but&!think&!repair&with: neutral
but&!think&repair&!they: negative
but&!think&repair&they: neutral
but&think&!on: negative
but&think&on: neutral
DecisionTree learned:
!but&!acceptable&!much&!opted: negative
!but&!acceptable&!much&opted: conflict
!but&!acceptable&much&!i: positive
!but&!acceptable&much&i: neutral
!but&acceptable: conflict
but&!got&!mac&!web: negative
but&!got&!mac&web: neutral
but&!got&mac&!vbn: neutral
but&!got&mac&vbn: positive
but&got: negative
DecisionTree learned:
!but&!much&!generally&!get: neutral
!but&!much&!generally&get: negative
!but&!much&generally: conflict
!but&much&!laptops&!out: positive
!but&much&!laptops&out: conflict
!but&much&laptops&!and: conflict
!but&much&laptops&and: neutral
but&!gaming&!mac&!this: negative
but&!gaming&!mac&this: negative
but&!gaming&mac&!nnp: neutral
but&!gaming&mac&nnp: positive
but&gaming&!is: positive
but&gaming&is: positive
DecisionTree learned:
!but&!much&!requires&!for: negative
!but&!much&!requires&for: positive
!but&!much&requires: conflict
!but&much&!nns&!jj: positive
!but&much&!nns&jj: negative
!but&much&nns&!of: positive
!but&much&nns&of: neutral
but&!the&!another&!i: conflict
but&!the&!another&i: neutral
but&!the&another&!vb: negative
but&!the&another&vb: neutral
but&the&!wdt&!be: positive
but&the&!wdt&be: negative
but&the&wdt&!once: positive
but&the&wdt&once: negative
DecisionTree learned:
!but&!for&!they&!n: positive
!but&!for&!they&n: negative
!but&!for&they&!jjs: neutral
!but&!for&they&jjs: positive
!but&for&!so&!vbd: positive
!but&for&!so&vbd: neutral
!but&for&so&!battery: negative
!but&for&so&battery: conflict
but&!did&!mac&!hard: positive
but&!did&!mac&hard: neutral
but&!did&mac&!vb: positive
but&!did&mac&vb: neutral
but&did&!of&!nnp: conflict
but&did&!of&nnp: neutral
but&did&of&!md: neutral
but&did&of&md: negative
Trial 0 Training cc.mallet.classify.AdaBoostM2Trainer@5464ea66 finished
Trial 0 Trainer cc.mallet.classify.AdaBoostM2Trainer@5464ea66 test data accuracy = 0.5436105476673428

NaiveBayesTrainer
Summary. test accuracy mean = 0.6470588235294118 stddev = 0.0 stderr = 0.0

MaxEntTrainer,gaussianPriorVariance=1.0
Summary. test accuracy mean = 0.6612576064908722 stddev = 0.0 stderr = 0.0

cc.mallet.classify.DecisionTreeTrainer@2adb1d4
Summary. test accuracy mean = 0.5172413793103449 stddev = 0.0 stderr = 0.0

cc.mallet.classify.AdaBoostM2Trainer@5464ea66
Summary. test accuracy mean = 0.5436105476673428 stddev = 0.0 stderr = 0.0
