
-------------------- Trial 0  --------------------

Trial 0 Training NaiveBayesTrainer with 1865 instances
Trial 0 Training NaiveBayesTrainer finished
Trial 0 Trainer NaiveBayesTrainer test data accuracy = 0.6572008113590264
Trial 0 Training MaxEntTrainer,gaussianPriorVariance=1.0 with 1865 instances
Trial 0 Training MaxEntTrainer,gaussianPriorVariance=1.0 finished
Trial 0 Trainer MaxEntTrainer,gaussianPriorVariance=1.0 test data accuracy = 0.6592292089249493
Trial 0 Training cc.mallet.classify.DecisionTreeTrainer@266bade9 with 1865 instances
DecisionTree learned:
!great&!easy&!and&!but: negative
!great&!easy&!and&but: negative
!great&!easy&and&!word: positive
!great&!easy&and&word: neutral
!great&easy&!another&!carry: positive
!great&easy&!another&carry: positive
!great&easy&another: neutral
great&!etc&!but&!battery: positive
great&!etc&!but&battery: positive
great&!etc&but&!buttons: positive
great&!etc&but&buttons: negative
great&etc: negative
Trial 0 Training cc.mallet.classify.DecisionTreeTrainer@266bade9 finished
Trial 0 Trainer cc.mallet.classify.DecisionTreeTrainer@266bade9 test data accuracy = 0.5456389452332657
Trial 0 Training cc.mallet.classify.AdaBoostM2Trainer@11bbf1ca with 1865 instances
DecisionTree learned:
!great&!easy&!but&!good: negative
!great&!easy&!but&good: positive
!great&!easy&but&!laptop: negative
!great&!easy&but&laptop: neutral
!great&easy&!another&!carry: positive
!great&easy&!another&carry: positive
!great&easy&another: neutral
great&!etc&!battery&!buttons: positive
great&!etc&!battery&buttons: negative
great&!etc&battery&!a: positive
great&!etc&battery&a: negative
great&etc: negative
DecisionTree learned:
!great&!and&!but&!good: negative
!great&!and&!but&good: positive
!great&!and&but&!to: negative
!great&!and&but&to: neutral
!great&and&!easy&!not: positive
!great&and&!easy&not: negative
!great&and&easy: positive
great&!etc&!had&!but: positive
great&!etc&!had&but: positive
great&!etc&had: negative
great&etc: negative
DecisionTree learned:
!great&!and&!but&!love: negative
!great&!and&!but&love: positive
!great&!and&but&!i: negative
!great&!and&but&i: positive
!great&and&!email&!were: positive
!great&and&!email&were: negative
!great&and&email&!screen: neutral
!great&and&email&screen: positive
great&!vents&!you&!but: positive
great&!vents&!you&but: positive
great&!vents&you: neutral
great&vents: neutral
DecisionTree learned:
!great&!easy&!but&!and: negative
!great&!easy&!but&and: positive
!great&!easy&but&!repair: negative
!great&!easy&but&repair: negative
!great&easy&!another&!carry: positive
!great&easy&!another&carry: positive
!great&easy&another: neutral
great&!you&!vents&!etc: positive
great&!you&!vents&etc: negative
great&!you&vents: neutral
great&you: neutral
DecisionTree learned:
!but&!great&!easy&!love: negative
!but&!great&!easy&love: positive
!but&!great&easy&!another: positive
!but&!great&easy&another: neutral
!but&great&!media&!etc: positive
!but&great&!media&etc: negative
!but&great&media&!gaming: conflict
!but&great&media&gaming: positive
but&!it&!and&!i: negative
but&!it&!and&i: neutral
but&!it&and&!has: positive
but&!it&and&has: neutral
but&it&!be&!n: conflict
but&it&!be&n: negative
but&it&be&!would: negative
but&it&be&would: positive
DecisionTree learned:
!but&!great&!and&!good: negative
!but&!great&!and&good: positive
!but&!great&and&!extended: positive
!but&!great&and&extended: neutral
!but&great&!battery&!media: positive
!but&great&!battery&media: conflict
!but&great&battery&!speed: negative
!but&great&battery&speed: positive
but&!laptop&!gaming&!features: negative
but&!laptop&!gaming&features: positive
but&!laptop&gaming: positive
but&laptop: neutral
DecisionTree learned:
!but&!is&!fast&!love: negative
!but&!is&!fast&love: positive
!but&!is&fast: positive
!but&is&!any&!easy: positive
!but&is&!any&easy: positive
!but&is&any&!on: neutral
!but&is&any&on: negative
but&!repair&!laptop&!to: negative
but&!repair&!laptop&to: neutral
but&!repair&laptop: neutral
but&repair: negative
DecisionTree learned:
!but&!great&!speed&!and: negative
!but&!great&!speed&and: positive
!but&!great&speed&!nothing: positive
!but&!great&speed&nothing: negative
!but&great&!you&!media: positive
!but&great&!you&media: conflict
!but&great&you: neutral
but&!be&!it&!and: negative
but&!be&!it&and: positive
but&!be&it&!n: conflict
but&!be&it&n: negative
but&be&!that&!would: negative
but&be&!that&would: positive
but&be&that: neutral
DecisionTree learned:
!but&!or&!easy&!speed: negative
!but&!or&!easy&speed: positive
!but&!or&easy&!another: positive
!but&!or&easy&another: neutral
!but&or&!windows&!battery: neutral
!but&or&!windows&battery: negative
!but&or&windows&!plenty: negative
!but&or&windows&plenty: positive
but&!a&!standard&!be: negative
but&!a&!standard&be: negative
but&!a&standard: conflict
but&a&!battery&!it: neutral
but&a&!battery&it: conflict
but&a&battery&!have: conflict
but&a&battery&have: conflict
DecisionTree learned:
!but&!easy&!is&!and: negative
!but&!easy&!is&and: positive
!but&!easy&is&!any: positive
!but&!easy&is&any: neutral
!but&easy&!another&!carry: positive
!but&easy&!another&carry: positive
!but&easy&another: neutral
but&!be&!it&!and: conflict
but&!be&!it&and: positive
but&!be&it&!n: conflict
but&!be&it&n: negative
but&be&!that&!would: negative
but&be&!that&would: negative
but&be&that: neutral
DecisionTree learned:
!but&!is&!fast&!speed: negative
!but&!is&!fast&speed: positive
!but&!is&fast: positive
!but&is&!little&!great: positive
!but&is&!little&great: positive
!but&is&little&!and: conflict
!but&is&little&and: negative
but&!laptop&!intensifier&!to: negative
but&!laptop&!intensifier&to: neutral
but&!laptop&intensifier&!and: positive
but&!laptop&intensifier&and: neutral
but&laptop: neutral
DecisionTree learned:
!but&!great&!and&!or: negative
!but&!great&!and&or: neutral
!but&!great&and&!extended: positive
!but&!great&and&extended: neutral
!but&great&!no&!you: positive
!but&great&!no&you: neutral
!but&great&no: neutral
but&!intensifier&!on&!screen: negative
but&!intensifier&!on&screen: conflict
but&!intensifier&on&!i: negative
but&!intensifier&on&i: neutral
but&intensifier&!of&!very: neutral
but&intensifier&!of&very: positive
but&intensifier&of&!is: positive
but&intensifier&of&is: positive
DecisionTree learned:
!but&!great&!is&!fast: negative
!but&!great&!is&fast: positive
!but&!great&is&!what: positive
!but&!great&is&what: conflict
!but&great&!you&!media: positive
!but&great&!you&media: conflict
!but&great&you: neutral
but&!repair&!life&!huge: positive
but&!repair&!life&huge: conflict
but&!repair&life&!to: conflict
but&!repair&life&to: conflict
but&repair: negative
DecisionTree learned:
!but&!easy&!good&!love: negative
!but&!easy&!good&love: positive
!but&!easy&good&!the: positive
!but&!easy&good&the: positive
!but&easy&!another&!carry: positive
!but&easy&!another&carry: positive
!but&easy&another: neutral
but&!screen&!features&!little: negative
but&!screen&!features&little: negative
but&!screen&features&!new: positive
but&!screen&features&new: neutral
but&screen&!and&!the: conflict
but&screen&!and&the: negative
but&screen&and: positive
DecisionTree learned:
!but&!easy&!speed&!great: negative
!but&!easy&!speed&great: positive
!but&!easy&speed&!use: positive
!but&!easy&speed&use: negative
!but&easy&!not&!another: positive
!but&easy&!not&another: neutral
!but&easy&not&!and: negative
!but&easy&not&and: positive
but&!laptop&!little&!to: negative
but&!laptop&!little&to: neutral
but&!laptop&little: negative
but&laptop: neutral
DecisionTree learned:
!but&!is&!love&!fast: negative
!but&!is&!love&fast: positive
!but&!is&love&!had: positive
!but&!is&love&had: neutral
!but&is&!any&!little: positive
!but&is&!any&little: conflict
!but&is&any&!on: neutral
!but&is&any&on: negative
but&!to&!only&!i: negative
but&!to&!only&i: positive
but&!to&only&!i: neutral
but&!to&only&i: positive
but&to&!battery&!be: neutral
but&to&!battery&be: negative
but&to&battery&!my: conflict
but&to&battery&my: negative
DecisionTree learned:
!but&!fast&!is&!macbook: negative
!but&!fast&!is&macbook: positive
!but&!fast&is&!little: positive
!but&!fast&is&little: conflict
!but&fast&!program: positive
!but&fast&program: neutral
but&!support&!repair&!standard: positive
but&!support&!repair&standard: conflict
but&!support&repair: negative
but&support: negative
DecisionTree learned:
!but&!good&!complain&!and: negative
!but&!good&!complain&and: positive
!but&!good&complain&!to: conflict
!but&!good&complain&to: positive
!but&good&!no&!games: positive
!but&good&!no&games: neutral
!but&good&no: negative
but&!to&!standard&!temperatures: negative
but&!to&!standard&temperatures: neutral
but&!to&standard: conflict
but&to&!battery&!be: neutral
but&to&!battery&be: negative
but&to&battery&!for: negative
but&to&battery&for: conflict
DecisionTree learned:
!but&!not&!easy&!price: positive
!but&!not&!easy&price: positive
!but&!not&easy&!another: positive
!but&!not&easy&another: neutral
!but&not&!graphics&!complain: negative
!but&not&!graphics&complain: conflict
!but&not&graphics: conflict
but&!and&!did&!i: negative
but&!and&!did&i: positive
but&!and&did&!a: neutral
but&!and&did&a: conflict
but&and&!new&!has: positive
but&and&!new&has: neutral
but&and&new: neutral
DecisionTree learned:
!but&!and&!price&!some: negative
!but&!and&!price&some: negative
!but&!and&price&!since: positive
!but&!and&price&since: conflict
!but&and&!extended&!not: positive
!but&and&!extended&not: negative
!but&and&extended&!when: neutral
!but&and&extended&when: conflict
but&!repair&!screen&!life: positive
but&!repair&!screen&life: conflict
but&!repair&screen&!and: conflict
but&!repair&screen&and: positive
but&repair: negative
DecisionTree learned:
!but&!the&!good&!concerned: positive
!but&!the&!good&concerned: conflict
!but&!the&good: positive
!but&the&!generally&!worth: negative
!but&the&!generally&worth: conflict
!but&the&generally: conflict
but&!functioning&!called&!power: negative
but&!functioning&!called&power: neutral
but&!functioning&called: neutral
but&functioning: neutral
DecisionTree learned:
!but&!is&!and&!some: negative
!but&!is&!and&some: negative
!but&!is&and&!extended: positive
!but&!is&and&extended: neutral
!but&is&!little&!not: positive
!but&is&!little&not: negative
!but&is&little&!to: conflict
!but&is&little&to: negative
but&!laptop&!use&!cost: negative
but&!laptop&!use&cost: conflict
but&!laptop&use&!is: positive
but&!laptop&use&is: negative
but&laptop: neutral
DecisionTree learned:
!but&!is&!back&!some: positive
!but&!is&!back&some: negative
!but&!is&back&!they: negative
!but&!is&back&they: neutral
!but&is&!any&!n: positive
!but&is&!any&n: negative
!but&is&any&!on: neutral
!but&is&any&on: negative
but&!laptop&!temperatures&!features: negative
but&!laptop&!temperatures&features: positive
but&!laptop&temperatures: neutral
but&laptop: neutral
DecisionTree learned:
!but&!is&!macbook&!back: negative
!but&!is&!macbook&back: negative
!but&!is&macbook&!of: positive
!but&!is&macbook&of: conflict
!but&is&!little&!pc: positive
!but&is&!little&pc: conflict
!but&is&little&!to: conflict
!but&is&little&to: negative
but&!laptop&!temperatures&!features: negative
but&!laptop&!temperatures&features: positive
but&!laptop&temperatures: neutral
but&laptop: neutral
DecisionTree learned:
!but&!the&!s&!good: neutral
!but&!the&!s&good: positive
!but&!the&s&!and: conflict
!but&!the&s&and: positive
!but&the&!worth&!ease: negative
!but&the&!worth&ease: positive
!but&the&worth&!and: conflict
!but&the&worth&and: positive
but&!outside&!functioning&!laptop: negative
but&!outside&!functioning&laptop: neutral
but&!outside&functioning: neutral
but&outside&!it: neutral
but&outside&it: negative
DecisionTree learned:
!but&!movie&!complain&!not: positive
!but&!movie&!complain&not: negative
!but&!movie&complain&!to: conflict
!but&!movie&complain&to: positive
!but&movie&!intensifier: neutral
!but&movie&intensifier: conflict
but&!it&!and&!support: neutral
but&!it&!and&support: negative
but&!it&and&!new: positive
but&!it&and&new: neutral
but&it&!that&!is: conflict
but&it&!that&is: positive
but&it&that&!the: neutral
but&it&that&the: positive
DecisionTree learned:
!but&!and&!or&!awesome: negative
!but&!and&!or&awesome: positive
!but&!and&or&!phone: neutral
!but&!and&or&phone: positive
!but&and&!extended&!the: positive
!but&and&!extended&the: negative
!but&and&extended&!when: neutral
!but&and&extended&when: conflict
but&!screen&!was&!to: negative
but&!screen&!was&to: neutral
but&!screen&was&!intensifier: negative
but&!screen&was&intensifier: positive
but&screen&!and&!intensifier: conflict
but&screen&!and&intensifier: negative
but&screen&and: positive
DecisionTree learned:
!but&!complain&!and&!or: negative
!but&!complain&!and&or: neutral
!but&!complain&and&!the: positive
!but&!complain&and&the: negative
!but&complain&!to: conflict
!but&complain&to: positive
but&!learning&!called&!an: negative
but&!learning&!called&an: conflict
but&!learning&called: neutral
but&learning&!mac: neutral
but&learning&mac: positive
DecisionTree learned:
!but&!and&!price&!very: negative
!but&!and&!price&very: positive
!but&!and&price&!since: positive
!but&!and&price&since: conflict
!but&and&!email&!is: positive
!but&and&!email&is: positive
!but&and&email&!office: neutral
!but&and&email&office: positive
but&!screen&!repair&!warranty: negative
but&!screen&!repair&warranty: neutral
but&!screen&repair: negative
but&screen&!the&!and: conflict
but&screen&!the&and: positive
but&screen&the&!that: negative
but&screen&the&that: conflict
DecisionTree learned:
!but&!or&!not&!and: negative
!but&!or&!not&and: positive
!but&!or&not&!graphics: negative
!but&!or&not&graphics: conflict
!but&or&!windows&!apps: neutral
!but&or&!windows&apps: positive
!but&or&windows&!plenty: negative
!but&or&windows&plenty: positive
but&!be&!it&!and: conflict
but&!be&!it&and: positive
but&!be&it&!mouse: conflict
but&!be&it&mouse: positive
but&be&!that&!would: negative
but&be&!that&would: positive
but&be&that: neutral
DecisionTree learned:
!but&!great&!amazing&!love: negative
!but&!great&!amazing&love: positive
!but&!great&amazing: positive
!but&great&!media&!had: positive
!but&great&!media&had: negative
!but&great&media&!gaming: conflict
!but&great&media&gaming: positive
but&!it&!and&!i: negative
but&!it&!and&i: neutral
but&!it&and&!intensifier: negative
but&!it&and&intensifier: neutral
but&it&!better&!n: conflict
but&it&!better&n: negative
but&it&better: neutral
DecisionTree learned:
!but&!had&!love&!great: negative
!but&!had&!love&great: positive
!but&!had&love: positive
!but&had&!applications&!a: negative
!but&had&!applications&a: neutral
!but&had&applications: positive
but&!life&!to&!only: positive
but&!life&!to&only: neutral
but&!life&to&!have: neutral
but&!life&to&have: positive
but&life&!for&!to: conflict
but&life&!for&to: negative
but&life&for: conflict
DecisionTree learned:
!but&!laptops&!good&!after: negative
!but&!laptops&!good&after: negative
!but&!laptops&good&!no: positive
!but&!laptops&good&no: negative
!but&laptops&!it&!intensifier: neutral
!but&laptops&!it&intensifier: positive
!but&laptops&it: conflict
but&!repair&!be&!it: positive
but&!repair&!be&it: conflict
but&!repair&be&!would: negative
but&!repair&be&would: positive
but&repair: negative
DecisionTree learned:
!but&!is&!macbook&!despite: negative
!but&!is&!macbook&despite: conflict
!but&!is&macbook&!pro: conflict
!but&!is&macbook&pro: positive
!but&is&!little&!pc: positive
!but&is&!little&pc: conflict
!but&is&little&!and: conflict
!but&is&little&and: negative
but&!to&!outside&!power: negative
but&!to&!outside&power: neutral
but&!to&outside&!it: neutral
but&!to&outside&it: negative
but&to&!battery&!be: neutral
but&to&!battery&be: negative
but&to&battery&!my: conflict
but&to&battery&my: negative
DecisionTree learned:
!but&!complain&!and&!eee: negative
!but&!complain&!and&eee: conflict
!but&!complain&and&!media: positive
!but&!complain&and&media: conflict
!but&complain&!to: conflict
!but&complain&to: positive
but&!standard&!life&!computer: negative
but&!standard&!life&computer: conflict
but&!standard&life&!to: conflict
but&!standard&life&to: conflict
but&standard: conflict
DecisionTree learned:
!but&!complain&!and&!it: negative
!but&!complain&!and&it: negative
!but&!complain&and&!the: positive
!but&!complain&and&the: negative
!but&complain&!to: conflict
!but&complain&to: positive
but&!functioning&!temperatures&!called: positive
but&!functioning&!temperatures&called: neutral
but&!functioning&temperatures: neutral
but&functioning: neutral
DecisionTree learned:
!but&!easy&!is&!some: neutral
!but&!easy&!is&some: negative
!but&!easy&is&!little: positive
!but&!easy&is&little: conflict
!but&easy&!keyboard&!carry: positive
!but&easy&!keyboard&carry: positive
!but&easy&keyboard: neutral
but&!rather&!os&!functioning: positive
but&!rather&!os&functioning: neutral
but&!rather&os&!of: positive
but&!rather&os&of: neutral
but&rather: neutral
DecisionTree learned:
!but&!eee&!complain&!little: positive
!but&!eee&!complain&little: conflict
!but&!eee&complain&!to: conflict
!but&!eee&complain&to: positive
!but&eee: conflict
but&!screen&!you&!an: negative
but&!screen&!you&an: conflict
but&!screen&you&!to: positive
but&!screen&you&to: neutral
but&screen&!and&!intensifier: conflict
but&screen&!and&intensifier: negative
but&screen&and: positive
DecisionTree learned:
!but&!and&!laptops&!awesome: negative
!but&!and&!laptops&awesome: positive
!but&!and&laptops&!it: negative
!but&!and&laptops&it: conflict
!but&and&!extended&!is: positive
!but&and&!extended&is: positive
!but&and&extended&!when: neutral
!but&and&extended&when: conflict
but&!laptop&!who&!rather: positive
but&!laptop&!who&rather: neutral
but&!laptop&who: neutral
but&laptop: neutral
DecisionTree learned:
!but&!easy&!and&!generally: negative
!but&!easy&!and&generally: conflict
!but&!easy&and&!email: positive
!but&!easy&and&email: neutral
!but&easy&!keyboard&!not: positive
!but&easy&!keyboard&not: positive
!but&easy&keyboard: neutral
but&!temperatures&!to&!an: negative
but&!temperatures&!to&an: neutral
but&!temperatures&to&!battery: neutral
but&!temperatures&to&battery: conflict
but&temperatures: neutral
DecisionTree learned:
!but&!and&!yes&!laptops: negative
!but&!and&!yes&laptops: conflict
!but&!and&yes: conflict
!but&and&!word&!i: positive
!but&and&!word&i: neutral
!but&and&word&!i: neutral
!but&and&word&i: positive
but&!so&!says&!laptop: negative
but&!so&!says&laptop: neutral
but&!so&says: neutral
but&so: neutral
DecisionTree learned:
!but&!and&!it&!some: neutral
!but&!and&!it&some: negative
!but&!and&it&!laptops: negative
!but&!and&it&laptops: conflict
!but&and&!word&!email: positive
!but&and&!word&email: neutral
!but&and&word&!i: neutral
!but&and&word&i: positive
but&!power&!called&!laptop: negative
but&!power&!called&laptop: neutral
but&!power&called: neutral
but&power: neutral
DecisionTree learned:
!but&!speed&!opted&!is: neutral
!but&!speed&!opted&is: positive
!but&!speed&opted&!battery: conflict
!but&!speed&opted&battery: positive
!but&speed&!use&!nothing: positive
!but&speed&!use&nothing: negative
!but&speed&use: negative
but&!an&!functioning&!outside: negative
but&!an&!functioning&outside: neutral
but&!an&functioning: neutral
but&an&!and&!with: conflict
but&an&!and&with: neutral
but&an&and: positive
DecisionTree learned:
!but&!great&!and&!yes: negative
!but&!great&!and&yes: conflict
!but&!great&and&!extended: positive
!but&!great&and&extended: neutral
!but&great&!media&!etc: positive
!but&great&!media&etc: negative
!but&great&media&!gaming: conflict
!but&great&media&gaming: positive
but&!power&!to&!did: positive
but&!power&!to&did: neutral
but&!power&to&!battery: neutral
but&!power&to&battery: conflict
but&power: neutral
DecisionTree learned:
!but&!macbook&!very&!good: negative
!but&!macbook&!very&good: positive
!but&!macbook&very&!about: positive
!but&!macbook&very&about: conflict
!but&macbook&!pro&!and: conflict
!but&macbook&!pro&and: positive
!but&macbook&pro&!of: positive
!but&macbook&pro&of: negative
but&!on&!laptop&!use: positive
but&!on&!laptop&use: positive
but&!on&laptop: neutral
but&on&!i&!are: negative
but&on&!i&are: conflict
but&on&i: neutral
DecisionTree learned:
!and&!or&!laptops&!awesome: negative
!and&!or&!laptops&awesome: positive
!and&!or&laptops&!it: negative
!and&!or&laptops&it: conflict
!and&or&!as&!sticking: neutral
!and&or&!as&sticking: positive
!and&or&as: negative
and&!sol&!media&!complain: positive
and&!sol&!media&complain: conflict
and&!sol&media&!gaming: conflict
and&!sol&media&gaming: positive
and&sol: conflict
DecisionTree learned:
!but&!yes&!long&!the: neutral
!but&!yes&!long&the: negative
!but&!yes&long&!so: positive
!but&!yes&long&so: conflict
!but&yes&!and: conflict
!but&yes&and: positive
but&!power&!an&!temperatures: negative
but&!power&!an&temperatures: neutral
but&!power&an&!with: conflict
but&!power&an&with: neutral
but&power: neutral
DecisionTree learned:
!and&!but&!eee&!requires: negative
!and&!but&!eee&requires: conflict
!and&!but&eee: conflict
!and&but&!i&!an: conflict
!and&but&!i&an: conflict
!and&but&i&!did: positive
!and&but&i&did: conflict
and&!complain&!word&!extended: positive
and&!complain&!word&extended: neutral
and&!complain&word&!i: neutral
and&!complain&word&i: positive
and&complain: conflict
DecisionTree learned:
!and&!but&!or&!it: negative
!and&!but&!or&it: negative
!and&!but&or&!sticking: neutral
!and&!but&or&sticking: positive
!and&but&!i&!to: conflict
!and&but&!i&to: neutral
!and&but&i&!did: positive
!and&but&i&did: conflict
and&!sol&!word&!complain: positive
and&!sol&!word&complain: conflict
and&!sol&word&!its: neutral
and&!sol&word&its: conflict
and&sol: conflict
DecisionTree learned:
!but&!and&!some&!to: negative
!but&!and&!some&to: negative
!but&!and&some&!need: negative
!but&!and&some&need: neutral
!but&and&!sol&!video: positive
!but&and&!sol&video: negative
!but&and&sol: conflict
but&!intensifier&!outside&!an: positive
but&!intensifier&!outside&an: conflict
but&!intensifier&outside&!it: neutral
but&!intensifier&outside&it: negative
but&intensifier&!has&!so: positive
but&intensifier&!has&so: neutral
but&intensifier&has: neutral
DecisionTree learned:
!but&!is&!some&!macbook: neutral
!but&!is&!some&macbook: positive
!but&!is&some&!this: negative
!but&!is&some&this: conflict
!but&is&!little&!laptop: positive
!but&is&!little&laptop: neutral
!but&is&little&!and: conflict
!but&is&little&and: negative
but&!computer&!repair&!very: positive
but&!computer&!repair&very: positive
but&!computer&repair: negative
but&computer&!and: conflict
but&computer&and: negative
DecisionTree learned:
!but&!eee&!movie&!lacking: positive
!but&!eee&!movie&lacking: conflict
!but&!eee&movie&!intensifier: neutral
!but&!eee&movie&intensifier: conflict
!but&eee: conflict
but&!power&!to&!an: positive
but&!power&!to&an: conflict
but&!power&to&!battery: neutral
but&!power&to&battery: conflict
but&power: neutral
DecisionTree learned:
!but&!pricetag&!macbook&!is: neutral
!but&!pricetag&!macbook&is: positive
!but&!pricetag&macbook&!pro: conflict
!but&!pricetag&macbook&pro: positive
!but&pricetag: conflict
but&!i&!only&!to: negative
but&!i&!only&to: neutral
but&!i&only&!for: neutral
but&!i&only&for: negative
but&i&!did&!on: positive
but&i&!did&on: neutral
but&i&did&!not: conflict
but&i&did&not: neutral
DecisionTree learned:
!but&!and&!worth&!yes: negative
!but&!and&!worth&yes: conflict
!but&!and&worth&!for: conflict
!but&!and&worth&for: positive
!but&and&!sol&!media: positive
!but&and&!sol&media: conflict
!but&and&sol: conflict
but&!gaming&!a&!functioning: negative
but&!gaming&!a&functioning: neutral
but&!gaming&a&!mouse: conflict
but&!gaming&a&mouse: positive
but&gaming: positive
DecisionTree learned:
!but&!and&!little&!portability: negative
!but&!and&!little&portability: conflict
!but&!and&little&!is: negative
!but&!and&little&is: conflict
!but&and&!media&!sol: positive
!but&and&!media&sol: conflict
!but&and&media: conflict
but&!screen&!an&!only: negative
but&!screen&!an&only: neutral
but&!screen&an&!with: conflict
but&!screen&an&with: neutral
but&screen&!and&!the: conflict
but&screen&!and&the: negative
but&screen&and: positive
DecisionTree learned:
!but&!worth&!movie&!macbook: negative
!but&!worth&!movie&macbook: positive
!but&!worth&movie&!intensifier: neutral
!but&!worth&movie&intensifier: conflict
!but&worth&!it&!and: neutral
!but&worth&!it&and: positive
!but&worth&it&!work: conflict
!but&worth&it&work: negative
but&!standard&!outside&!the: conflict
but&!standard&!outside&the: positive
but&!standard&outside: neutral
but&standard: conflict
DecisionTree learned:
!but&!opted&!is&!generally: neutral
!but&!opted&!is&generally: conflict
!but&!opted&is&!little: positive
!but&!opted&is&little: conflict
!but&opted&!battery: conflict
!but&opted&battery: positive
but&!life&!to&!only: negative
but&!life&!to&only: neutral
but&!life&to&!have: neutral
but&!life&to&have: positive
but&life&!to: conflict
but&life&to&!for: negative
but&life&to&for: conflict
DecisionTree learned:
!but&!or&!and&!laptops: negative
!but&!or&!and&laptops: conflict
!but&!or&and&!media: positive
!but&!or&and&media: conflict
!but&or&!apps&!up: neutral
!but&or&!apps&up: negative
!but&or&apps: positive
but&!getting&!office&!i: conflict
but&!getting&!office&i: positive
but&!getting&office&!is: neutral
but&!getting&office&is: neutral
but&getting: neutral
DecisionTree learned:
!but&!worth&!some&!complain: positive
!but&!worth&!some&complain: conflict
!but&!worth&some&!inside: negative
!but&!worth&some&inside: neutral
!but&worth&!it&!and: neutral
!but&worth&!it&and: positive
!but&worth&it&!work: conflict
!but&worth&it&work: negative
but&!n&!battery&!to: positive
but&!n&!battery&to: neutral
but&!n&battery&!my: conflict
but&!n&battery&my: conflict
but&n&!that&!i: negative
but&n&!that&i: negative
but&n&that: conflict
DecisionTree learned:
!but&!generally&!despite&!eee: positive
!but&!generally&!despite&eee: conflict
!but&!generally&despite&!intensifier: conflict
!but&!generally&despite&intensifier: negative
!but&generally: conflict
but&!standard&!use&!the: conflict
but&!standard&!use&the: positive
but&!standard&use&!intensifier: negative
but&!standard&use&intensifier: positive
but&standard: conflict
DecisionTree learned:
!and&!but&!little&!it: neutral
!and&!but&!little&it: negative
!and&!but&little&!is: negative
!and&!but&little&is: conflict
!and&but&!i&!an: conflict
!and&but&!i&an: neutral
!and&but&i&!did: neutral
!and&but&i&did: conflict
and&!word&!extended&!had: positive
and&!word&!extended&had: negative
and&!word&extended&!when: neutral
and&!word&extended&when: conflict
and&word&!its&!i: neutral
and&word&!its&i: positive
and&word&its: conflict
DecisionTree learned:
!but&!eee&!macbook&!some: negative
!but&!eee&!macbook&some: negative
!but&!eee&macbook&!pro: conflict
!but&!eee&macbook&pro: positive
!but&eee: conflict
but&!a&!cost&!they: positive
but&!a&!cost&they: negative
but&!a&cost: conflict
but&a&!battery&!screen: neutral
but&a&!battery&screen: conflict
but&a&battery&!in: conflict
but&a&battery&in: negative
DecisionTree learned:
!but&!complain&!and&!laptops: negative
!but&!complain&!and&laptops: conflict
!but&!complain&and&!media: positive
!but&!complain&and&media: conflict
!but&complain&!to: conflict
!but&complain&to: positive
but&!you&!i&!only: conflict
but&!you&!i&only: neutral
but&!you&i&!they: positive
but&!you&i&they: negative
but&you&!to&!the: negative
but&you&!to&the: positive
but&you&to: neutral
DecisionTree learned:
!but&!and&!yes&!requires: negative
!but&!and&!yes&requires: conflict
!but&!and&yes: conflict
!but&and&!extended&!is: positive
!but&and&!extended&is: positive
!but&and&extended&!when: neutral
!but&and&extended&when: conflict
but&!says&!laptop&!outside: positive
but&!says&!laptop&outside: neutral
but&!says&laptop: neutral
but&says: neutral
DecisionTree learned:
!but&!and&!will&!little: negative
!but&!and&!will&little: conflict
!but&!and&will&!to: conflict
!but&!and&will&to: neutral
!but&and&!is&!sol: positive
!but&and&!is&sol: conflict
!but&and&is&!what: positive
!but&and&is&what: conflict
but&!you&!with&!power: negative
but&!you&!with&power: neutral
but&!you&with&!i: negative
but&!you&with&i: neutral
but&you&!to&!the: negative
but&you&!to&the: positive
but&you&to: neutral
DecisionTree learned:
!and&!but&!generally&!needs: negative
!and&!but&!generally&needs: conflict
!and&!but&generally: conflict
!and&but&!i&!an: negative
!and&but&!i&an: neutral
!and&but&i&!did: positive
!and&but&i&did: neutral
and&!complain&!email&!media: positive
and&!complain&!email&media: conflict
and&!complain&email&!office: neutral
and&!complain&email&office: positive
and&complain: conflict
DecisionTree learned:
!but&!laptops&!movie&!macbook: negative
!but&!laptops&!movie&macbook: positive
!but&!laptops&movie&!intensifier: neutral
!but&!laptops&movie&intensifier: conflict
!but&laptops&!it&!intensifier: neutral
!but&laptops&!it&intensifier: positive
!but&laptops&it: conflict
but&!temperatures&!to&!an: negative
but&!temperatures&!to&an: neutral
but&!temperatures&to&!battery: neutral
but&!temperatures&to&battery: conflict
but&temperatures: neutral
DecisionTree learned:
!but&!some&!concerned&!will: positive
!but&!some&!concerned&will: conflict
!but&!some&concerned: conflict
!but&some&!especially&!other: negative
!but&some&!especially&other: conflict
!but&some&especially: conflict
but&!you&!with&!on: positive
but&!you&!with&on: neutral
but&!you&with&!i: negative
but&!you&with&i: neutral
but&you&!to&!intensifier: positive
but&you&!to&intensifier: neutral
but&you&to: neutral
DecisionTree learned:
!but&!and&!perfect&!eee: negative
!but&!and&!perfect&eee: conflict
!but&!and&perfect&!so: negative
!but&!and&perfect&so: conflict
!but&and&!word&!sol: positive
!but&and&!word&sol: conflict
!but&and&word&!i: neutral
!but&and&word&i: positive
but&!os&!learning&!be: negative
but&!os&!learning&be: negative
but&!os&learning: neutral
but&os&!of&!the: neutral
but&os&!of&the: positive
but&os&of: neutral
DecisionTree learned:
!but&!and&!it&!little: neutral
!but&!and&!it&little: conflict
!but&!and&it&!laptops: negative
!but&!and&it&laptops: conflict
!but&and&!media&!sol: positive
!but&and&!media&sol: conflict
!but&and&media: conflict
but&!functioning&!to&!only: negative
but&!functioning&!to&only: neutral
but&!functioning&to&!battery: neutral
but&!functioning&to&battery: conflict
but&functioning: neutral
DecisionTree learned:
!but&!macbook&!complain&!some: negative
!but&!macbook&!complain&some: negative
!but&!macbook&complain&!to: conflict
!but&!macbook&complain&to: positive
!but&macbook&!pro&!for: conflict
!but&macbook&!pro&for: neutral
!but&macbook&pro&!of: positive
!but&macbook&pro&of: negative
but&!repair&!laptop&!to: positive
but&!repair&!laptop&to: neutral
but&!repair&laptop: neutral
but&repair: negative
DecisionTree learned:
!but&!and&!opted&!it: negative
!but&!and&!opted&it: negative
!but&!and&opted&!battery: conflict
!but&!and&opted&battery: positive
!but&and&!had&!sol: positive
!but&and&!had&sol: conflict
!but&and&had&!could: negative
!but&and&had&could: neutral
but&!office&!i&!learning: conflict
but&!office&!i&learning: neutral
but&!office&i&!they: positive
but&!office&i&they: negative
but&office&!is&!to: positive
but&office&!is&to: neutral
but&office&is: neutral
DecisionTree learned:
!but&!and&!some&!to: positive
!but&!and&!some&to: negative
!but&!and&some&!features: conflict
!but&!and&some&features: positive
!but&and&!media&!extended: positive
!but&and&!media&extended: neutral
!but&and&media&!gaming: conflict
!but&and&media&gaming: positive
but&!temperatures&!support&!little: positive
but&!temperatures&!support&little: negative
but&!temperatures&support: negative
but&temperatures: neutral
DecisionTree learned:
!but&!and&!it&!some: neutral
!but&!and&!it&some: conflict
!but&!and&it&!to: negative
!but&!and&it&to: negative
!but&and&!complain&!extended: positive
!but&and&!complain&extended: neutral
!but&and&complain: conflict
but&!life&!little&!to: positive
but&!life&!little&to: neutral
but&!life&little: negative
but&life&!to: conflict
but&life&to&!for: negative
but&life&to&for: conflict
DecisionTree learned:
!but&!and&!laptops&!some: negative
!but&!and&!laptops&some: conflict
!but&!and&laptops&!it: negative
!but&!and&laptops&it: conflict
!but&and&!media&!sol: positive
!but&and&!media&sol: conflict
!but&and&media: conflict
but&!huge&!an&!cost: negative
but&!huge&!an&cost: conflict
but&!huge&an&!with: conflict
but&!huge&an&with: neutral
but&huge: conflict
DecisionTree learned:
!but&!and&!worth&!needs: negative
!but&!and&!worth&needs: conflict
!but&!and&worth&!money: conflict
!but&!and&worth&money: neutral
!but&and&!sol&!is: positive
!but&and&!sol&is: positive
!but&and&sol: conflict
but&!functioning&!on&!isolator: positive
but&!functioning&!on&isolator: neutral
but&!functioning&on&!i: conflict
but&!functioning&on&i: neutral
but&functioning: neutral
DecisionTree learned:
!and&!yes&!drive&!pricetag: negative
!and&!yes&!drive&pricetag: conflict
!and&!yes&drive&!dvd: neutral
!and&!yes&drive&dvd: negative
!and&yes: conflict
and&!sol&!word&!media: positive
and&!sol&!word&media: conflict
and&!sol&word&!i: neutral
and&!sol&word&i: positive
and&sol: conflict
DecisionTree learned:
!and&!yes&!laptops&!but: negative
!and&!yes&!laptops&but: negative
!and&!yes&laptops&!it: neutral
!and&!yes&laptops&it: conflict
!and&yes: conflict
and&!complain&!word&!media: positive
and&!complain&!word&media: conflict
and&!complain&word&!its: neutral
and&!complain&word&its: conflict
and&complain: conflict
DecisionTree learned:
!and&!drive&!but&!mind: negative
!and&!drive&!but&mind: conflict
!and&!drive&but&!i: conflict
!and&!drive&but&i: positive
!and&drive&!for&!it: neutral
!and&drive&!for&it: negative
!and&drive&for&!is: negative
!and&drive&for&is: positive
and&!complain&!media&!firefox: positive
and&!complain&!media&firefox: neutral
and&!complain&media&!is: positive
and&!complain&media&is: conflict
and&complain: conflict
DecisionTree learned:
!but&!generally&!eee&!yes: negative
!but&!generally&!eee&yes: conflict
!but&!generally&eee: conflict
!but&generally: conflict
but&!features&!an&!learning: negative
but&!features&!an&learning: neutral
but&!features&an&!with: conflict
but&!features&an&with: neutral
but&features&!new: positive
but&features&new: neutral
DecisionTree learned:
!and&!yes&!some&!to: negative
!and&!yes&!some&to: neutral
!and&!yes&some&!the: negative
!and&!yes&some&the: conflict
!and&yes: conflict
and&!firefox&!word&!sol: positive
and&!firefox&!word&sol: conflict
and&!firefox&word&!its: neutral
and&!firefox&word&its: conflict
and&firefox: neutral
DecisionTree learned:
!but&!and&!some&!to: negative
!but&!and&!some&to: negative
!but&!and&some&!features: conflict
!but&!and&some&features: positive
!but&and&!media&!laptop: positive
!but&and&!media&laptop: negative
!but&and&media: conflict
but&!office&!intensifier&!and: conflict
but&!office&!intensifier&and: positive
but&!office&intensifier&!has: positive
but&!office&intensifier&has: neutral
but&office&!to&!is: positive
but&office&!to&is: neutral
but&office&to: neutral
DecisionTree learned:
!but&!and&!worth&!needs: negative
!but&!and&!worth&needs: conflict
!but&!and&worth&!money: conflict
!but&!and&worth&money: neutral
!but&and&!media&!sol: positive
!but&and&!media&sol: conflict
!but&and&media: conflict
but&!learning&!says&!a: negative
but&!learning&!says&a: conflict
but&!learning&says: neutral
but&learning&!mac: neutral
but&learning&mac: positive
DecisionTree learned:
!and&!but&!little&!it: neutral
!and&!but&!little&it: negative
!and&!but&little&!is: negative
!and&!but&little&is: conflict
!and&but&!i&!an: conflict
!and&but&!i&an: neutral
!and&but&i&!did: positive
!and&but&i&did: conflict
and&!graphics&!is&!its: neutral
and&!graphics&!is&its: positive
and&!graphics&is&!garageband: positive
and&!graphics&is&garageband: neutral
and&graphics&!is: positive
and&graphics&is: negative
DecisionTree learned:
!and&!but&!some&!to: negative
!and&!but&!some&to: neutral
!and&!but&some&!features: conflict
!and&!but&some&features: positive
!and&but&!i&!computer: negative
!and&but&!i&computer: conflict
!and&but&i&!n: neutral
!and&but&i&n: negative
and&!board&!were&!graphics: positive
and&!board&!were&graphics: positive
and&!board&were&!of: negative
and&!board&were&of: positive
and&board: negative
DecisionTree learned:
!but&!macbook&!worth&!movie: negative
!but&!macbook&!worth&movie: neutral
!but&!macbook&worth&!and: conflict
!but&!macbook&worth&and: negative
!but&macbook&!pro&!for: conflict
!but&macbook&!pro&for: neutral
!but&macbook&pro&!of: positive
!but&macbook&pro&of: negative
but&!office&!intensifier&!says: conflict
but&!office&!intensifier&says: neutral
but&!office&intensifier&!has: positive
but&!office&intensifier&has: neutral
but&office&!to&!is: positive
but&office&!to&is: neutral
but&office&to: neutral
DecisionTree learned:
!but&!eee&!after&!macbook: positive
!but&!eee&!after&macbook: positive
!but&!eee&after&!especially: negative
!but&!eee&after&especially: conflict
!but&eee: conflict
but&!laptop&!outside&!to: negative
but&!laptop&!outside&to: neutral
but&!laptop&outside&!it: neutral
but&!laptop&outside&it: negative
but&laptop: neutral
DecisionTree learned:
!but&!and&!it&!some: neutral
!but&!and&!it&some: conflict
!but&!and&it&!laptops: negative
!but&!and&it&laptops: conflict
!but&and&!sol&!is: neutral
!but&and&!sol&is: positive
!but&and&sol: conflict
but&!laptop&!gaming&!use: negative
but&!laptop&!gaming&use: positive
but&!laptop&gaming: positive
but&laptop: neutral
DecisionTree learned:
!but&!and&!requires&!opted: neutral
!but&!and&!requires&opted: conflict
!but&!and&requires: conflict
!but&and&!sol&!is: positive
!but&and&!sol&is: positive
!but&and&sol: conflict
but&!outside&!intensifier&!warranty: conflict
but&!outside&!intensifier&warranty: neutral
but&!outside&intensifier&!has: positive
but&!outside&intensifier&has: neutral
but&outside&!it: neutral
but&outside&it: negative
DecisionTree learned:
!and&!but&!eee&!it: neutral
!and&!but&!eee&it: negative
!and&!but&eee: conflict
!and&but&!i&!an: conflict
!and&but&!i&an: conflict
!and&but&i&!did: neutral
!and&but&i&did: conflict
and&!word&!complain&!video: positive
and&!word&!complain&video: negative
and&!word&complain: conflict
and&word&!its&!i: neutral
and&word&!its&i: positive
and&word&its: conflict
DecisionTree learned:
!and&!yes&!little&!will: negative
!and&!yes&!little&will: conflict
!and&!yes&little&!is: negative
!and&!yes&little&is: conflict
!and&yes: conflict
and&!media&!sol&!the: positive
and&!media&!sol&the: negative
and&!media&sol: conflict
and&media&!gaming: conflict
and&media&gaming: positive
DecisionTree learned:
!but&!complain&!and&!some: neutral
!but&!complain&!and&some: conflict
!but&!complain&and&!media: positive
!but&!complain&and&media: conflict
!but&complain&!to: conflict
!but&complain&to: positive
but&!standard&!new&!the: conflict
but&!standard&!new&the: negative
but&!standard&new&!and: positive
but&!standard&new&and: neutral
but&standard: conflict
DecisionTree learned:
!and&!but&!portability&!little: negative
!and&!but&!portability&little: conflict
!and&!but&portability: conflict
!and&but&!i&!to: conflict
!and&but&!i&to: neutral
!and&but&i&!did: neutral
!and&but&i&did: conflict
and&!firefox&!complain&!video: positive
and&!firefox&!complain&video: negative
and&!firefox&complain: conflict
and&firefox: neutral
DecisionTree learned:
!but&!and&!generally&!some: negative
!but&!and&!generally&some: conflict
!but&!and&generally: conflict
!but&and&!back&!media: positive
!but&and&!back&media: conflict
!but&and&back&!they: negative
!but&and&back&they: neutral
but&!use&!power&!office: conflict
but&!use&!power&office: neutral
but&!use&power: neutral
but&use&!of&!love: negative
but&use&!of&love: positive
but&use&of: positive
DecisionTree learned:
!and&!yes&!drive&!to: negative
!and&!yes&!drive&to: neutral
!and&!yes&drive&!that: neutral
!and&!yes&drive&that: negative
!and&yes: conflict
and&!word&!extended&!media: positive
and&!word&!extended&media: conflict
and&!word&extended&!when: neutral
and&!word&extended&when: conflict
and&word&!its&!i: neutral
and&word&!its&i: positive
and&word&its: conflict
DecisionTree learned:
!but&!and&!some&!to: positive
!but&!and&!some&to: neutral
!but&!and&some&!features: conflict
!but&!and&some&features: positive
!but&and&!extended&!is: positive
!but&and&!extended&is: positive
!but&and&extended&!when: neutral
!but&and&extended&when: conflict
but&!they&!outside&!who: positive
but&!they&!outside&who: neutral
but&!they&outside&!it: neutral
but&!they&outside&it: negative
but&they&!than&!warranty: negative
but&they&!than&warranty: neutral
but&they&than: conflict
DecisionTree learned:
!but&!despite&!generally&!eee: negative
!but&!despite&!generally&eee: conflict
!but&!despite&generally: conflict
!but&despite&!intensifier: conflict
!but&despite&intensifier: negative
but&!buy&!did&!i: negative
but&!buy&!did&i: positive
but&!buy&did&!in: conflict
but&!buy&did&in: neutral
but&buy: conflict
DecisionTree learned:
!and&!mind&!opted&!it: negative
!and&!mind&!opted&it: negative
!and&!mind&opted&!battery: conflict
!and&!mind&opted&battery: positive
!and&mind: conflict
and&!sol&!camera&!media: positive
and&!sol&!camera&media: conflict
and&!sol&camera&!it: positive
and&!sol&camera&it: conflict
and&sol: conflict
DecisionTree learned:
!and&!drive&!but&!perfect: negative
!and&!drive&!but&perfect: conflict
!and&!drive&but&!i: conflict
!and&!drive&but&i: neutral
!and&drive&!for&!when: neutral
!and&drive&!for&when: negative
!and&drive&for&!is: negative
!and&drive&for&is: positive
and&!media&!word&!extended: positive
and&!media&!word&extended: neutral
and&!media&word&!its: neutral
and&!media&word&its: conflict
and&media&!gaming: conflict
and&media&gaming: positive
DecisionTree learned:
!and&!but&!portability&!requires: negative
!and&!but&!portability&requires: conflict
!and&!but&portability: conflict
!and&but&!i&!the: conflict
!and&but&!i&the: negative
!and&but&i&!did: positive
!and&but&i&did: neutral
and&!word&!email&!complain: positive
and&!word&!email&complain: conflict
and&!word&email&!office: neutral
and&!word&email&office: positive
and&word&!its&!i: neutral
and&word&!its&i: positive
and&word&its: conflict
Trial 0 Training cc.mallet.classify.AdaBoostM2Trainer@11bbf1ca finished
Trial 0 Trainer cc.mallet.classify.AdaBoostM2Trainer@11bbf1ca test data accuracy = 0.5273833671399595

NaiveBayesTrainer
Summary. test accuracy mean = 0.6572008113590264 stddev = 0.0 stderr = 0.0

MaxEntTrainer,gaussianPriorVariance=1.0
Summary. test accuracy mean = 0.6592292089249493 stddev = 0.0 stderr = 0.0

cc.mallet.classify.DecisionTreeTrainer@266bade9
Summary. test accuracy mean = 0.5456389452332657 stddev = 0.0 stderr = 0.0

cc.mallet.classify.AdaBoostM2Trainer@11bbf1ca
Summary. test accuracy mean = 0.5273833671399595 stddev = 0.0 stderr = 0.0
