
-------------------- Trial 0  --------------------

Trial 0 Training NaiveBayesTrainer with 1865 instances
Trial 0 Training NaiveBayesTrainer finished
Trial 0 Trainer NaiveBayesTrainer test data accuracy = 0.6551724137931034
Trial 0 Training MaxEntTrainer,gaussianPriorVariance=1.0 with 1865 instances
Trial 0 Training MaxEntTrainer,gaussianPriorVariance=1.0 finished
Trial 0 Trainer MaxEntTrainer,gaussianPriorVariance=1.0 test data accuracy = 0.6490872210953347
Trial 0 Training cc.mallet.classify.DecisionTreeTrainer@266bade9 with 1865 instances
DecisionTree learned:
!great&!easy&!and&!but: negative
!great&!easy&!and&but: negative
!great&!easy&and&!word: positive
!great&!easy&and&word: neutral
!great&easy&!another&!carry: positive
!great&easy&!another&carry: positive
!great&easy&another: neutral
great&!etc&!but&!battery: positive
great&!etc&!but&battery: positive
great&!etc&but&!buttons: positive
great&!etc&but&buttons: negative
great&etc: negative
Trial 0 Training cc.mallet.classify.DecisionTreeTrainer@266bade9 finished
Trial 0 Trainer cc.mallet.classify.DecisionTreeTrainer@266bade9 test data accuracy = 0.5456389452332657
Trial 0 Training cc.mallet.classify.AdaBoostM2Trainer@7e78fc6 with 1865 instances
DecisionTree learned:
!great&!easy&!and&!but: negative
!great&!easy&!and&but: negative
!great&!easy&and&!word: positive
!great&!easy&and&word: neutral
!great&easy&!another&!not: positive
!great&easy&!another&not: positive
!great&easy&another: neutral
great&!etc&!you&!but: positive
great&!etc&!you&but: positive
great&!etc&you: neutral
great&etc: negative
DecisionTree learned:
!great&!but&!easy&!love: negative
!great&!but&!easy&love: positive
!great&!but&easy&!carry: positive
!great&!but&easy&carry: positive
!great&but&!to&!laptop: negative
!great&but&!to&laptop: neutral
!great&but&to&!battery: neutral
!great&but&to&battery: conflict
great&!etc&!but&!battery: positive
great&!etc&!but&battery: positive
great&!etc&but&!buttons: positive
great&!etc&but&buttons: negative
great&etc: negative
DecisionTree learned:
!great&!and&!but&!good: negative
!great&!and&!but&good: positive
!great&!and&but&!i: negative
!great&!and&but&i: positive
!great&and&!easy&!n: positive
!great&and&!easy&n: negative
!great&and&easy: positive
great&!etc&!vents&!you: positive
great&!etc&!vents&you: neutral
great&!etc&vents: neutral
great&etc: negative
DecisionTree learned:
!great&!but&!good&!easy: negative
!great&!but&!good&easy: positive
!great&!but&good&!no: positive
!great&!but&good&no: negative
!great&but&!repair&!support: negative
!great&but&!repair&support: negative
!great&but&repair: negative
great&!but&!vents&!media: positive
great&!but&!vents&media: conflict
great&!but&vents: neutral
great&but&!buttons&!is: conflict
great&but&!buttons&is: positive
great&but&buttons: negative
DecisionTree learned:
!but&!great&!and&!or: negative
!but&!great&!and&or: neutral
!but&!great&and&!extended: positive
!but&!great&and&extended: neutral
!but&great&!media&!etc: positive
!but&great&!media&etc: negative
!but&great&media&!gaming: conflict
!but&great&media&gaming: positive
but&!laptop&!repair&!be: positive
but&!laptop&!repair&be: negative
but&!laptop&repair: negative
but&laptop: neutral
DecisionTree learned:
!but&!great&!is&!speed: negative
!but&!great&!is&speed: positive
!but&!great&is&!diminisher: positive
!but&!great&is&diminisher: negative
!but&great&!media&!battery: positive
!but&great&!media&battery: negative
!but&great&media&!gaming: conflict
!but&great&media&gaming: positive
but&!it&!and&!i: negative
but&!it&!and&i: neutral
but&!it&and&!diminisher: positive
but&!it&and&diminisher: negative
but&it&!better&!wanted: negative
but&it&!better&wanted: conflict
but&it&better: neutral
DecisionTree learned:
!but&!good&!easy&!love: negative
!but&!good&!easy&love: positive
!but&!good&easy&!another: positive
!but&!good&easy&another: neutral
!but&good&!no&!not: positive
!but&good&!no&not: negative
!but&good&no: negative
but&!screen&!it&!did: negative
but&!screen&!it&did: neutral
but&!screen&it&!better: negative
but&!screen&it&better: neutral
but&screen&!and&!very: conflict
but&screen&!and&very: negative
but&screen&and: positive
DecisionTree learned:
!but&!great&!good&!speed: negative
!but&!great&!good&speed: positive
!but&!great&good&!no: positive
!but&!great&good&no: negative
!but&great&!battery&!etc: positive
!but&great&!battery&etc: negative
!but&great&battery&!of: positive
!but&great&battery&of: negative
but&!laptop&!says&!to: negative
but&!laptop&!says&to: neutral
but&!laptop&says: neutral
but&laptop: neutral
DecisionTree learned:
!but&!or&!and&!price: negative
!but&!or&!and&price: positive
!but&!or&and&!fast: positive
!but&!or&and&fast: positive
!but&or&!windows&!apps: neutral
!but&or&!windows&apps: positive
!but&or&windows&!plenty: negative
!but&or&windows&plenty: positive
but&!it&!and&!support: positive
but&!it&!and&support: negative
but&!it&and&!new: positive
but&!it&and&new: neutral
but&it&!bit&!that: conflict
but&it&!bit&that: positive
but&it&bit: positive
DecisionTree learned:
!but&!great&!and&!little: negative
!but&!great&!and&little: conflict
!but&!great&and&!email: positive
!but&!great&and&email: neutral
!but&great&!no&!media: positive
!but&great&!no&media: conflict
!but&great&no: neutral
but&!be&!it&!and: conflict
but&!be&!it&and: positive
but&!be&it&!n: conflict
but&!be&it&n: negative
but&be&!would&!that: negative
but&be&!would&that: neutral
but&be&would&!software: positive
but&be&would&software: negative
DecisionTree learned:
!but&!is&!love&!fast: negative
!but&!is&!love&fast: positive
!but&!is&love&!had: positive
!but&!is&love&had: neutral
!but&is&!diminisher&!any: positive
!but&is&!diminisher&any: neutral
!but&is&diminisher&!little: negative
!but&is&diminisher&little: conflict
but&!called&!laptop&!features: negative
but&!called&!laptop&features: positive
but&!called&laptop: neutral
but&called: neutral
DecisionTree learned:
!but&!love&!and&!price: negative
!but&!love&!and&price: positive
!but&!love&and&!were: positive
!but&!love&and&were: negative
!but&love&!had: positive
!but&love&had: neutral
but&!power&!temperatures&!to: positive
but&!power&!temperatures&to: neutral
but&!power&temperatures: neutral
but&power: neutral
DecisionTree learned:
!but&!great&!and&!awesome: negative
!but&!great&!and&awesome: positive
!but&!great&and&!email: positive
!but&!great&and&email: neutral
!but&great&!battery&!media: positive
!but&great&!battery&media: conflict
!but&great&battery&!quality: positive
!but&great&battery&quality: negative
but&!laptop&!to&!temperatures: negative
but&!laptop&!to&temperatures: neutral
but&!laptop&to&!you: negative
but&!laptop&to&you: neutral
but&laptop: neutral
DecisionTree learned:
!but&!is&!and&!some: negative
!but&!is&!and&some: negative
!but&!is&and&!extended: positive
!but&!is&and&extended: neutral
!but&is&!little&!any: positive
!but&is&!little&any: neutral
!but&is&little&!and: conflict
!but&is&little&and: negative
but&!i&!be&!only: negative
but&!i&!be&only: neutral
but&!i&be&!just: negative
but&!i&be&just: positive
but&i&!on&!with: positive
but&i&!on&with: neutral
but&i&on: neutral
DecisionTree learned:
!but&!is&!and&!or: negative
!but&!is&!and&or: neutral
!but&!is&and&!extended: positive
!but&!is&and&extended: neutral
!but&is&!any&!diminisher: positive
!but&is&!any&diminisher: negative
!but&is&any&!on: neutral
!but&is&any&on: negative
but&!so&!laptop&!power: positive
but&!so&!laptop&power: neutral
but&!so&laptop: neutral
but&so: neutral
DecisionTree learned:
!but&!speed&!great&!and: negative
!but&!speed&!great&and: positive
!but&!speed&great&!battery: positive
!but&!speed&great&battery: negative
!but&speed&!use&!nothing: positive
!but&speed&!use&nothing: negative
!but&speed&use: negative
but&!so&!little&!life: positive
but&!so&!little&life: conflict
but&!so&little: negative
but&so: neutral
DecisionTree learned:
!but&!easy&!love&!is: negative
!but&!easy&!love&is: positive
!but&!easy&love&!had: positive
!but&!easy&love&had: neutral
!but&easy&!another&!not: positive
!but&easy&!another&not: positive
!but&easy&another: neutral
but&!battery&!to&!functioning: negative
but&!battery&!to&functioning: neutral
but&!battery&to&!be: neutral
but&!battery&to&be: negative
but&battery&!n&!my: conflict
but&battery&!n&my: conflict
but&battery&n&!it: negative
but&battery&n&it: negative
DecisionTree learned:
!but&!easy&!is&!love: negative
!but&!easy&!is&love: positive
!but&!easy&is&!diminisher: positive
!but&!easy&is&diminisher: negative
!but&easy&!another&!not: positive
!but&easy&!another&not: positive
!but&easy&another: neutral
but&!features&!a&!temperatures: negative
but&!features&!a&temperatures: neutral
but&!features&a&!look: conflict
but&!features&a&look: positive
but&features&!new: positive
but&features&new: neutral
DecisionTree learned:
!but&!complain&!good&!speed: negative
!but&!complain&!good&speed: positive
!but&!complain&good&!taking: positive
!but&!complain&good&taking: neutral
!but&complain&!to: conflict
!but&complain&to: positive
but&!a&!did&!outside: negative
but&!a&!did&outside: neutral
but&!a&did&!software: neutral
but&!a&did&software: negative
but&a&!screen&!battery: neutral
but&a&!screen&battery: conflict
but&a&screen: conflict
DecisionTree learned:
!but&!easy&!speed&!worth: negative
!but&!easy&!speed&worth: conflict
!but&!easy&speed&!use: positive
!but&!easy&speed&use: negative
!but&easy&!keyboard&!not: positive
!but&easy&!keyboard&not: positive
!but&easy&keyboard: neutral
but&!power&!screen&!an: negative
but&!power&!screen&an: conflict
but&!power&screen&!and: conflict
but&!power&screen&and: positive
but&power: neutral
DecisionTree learned:
!but&!is&!fast&!and: negative
!but&!is&!fast&and: positive
!but&!is&fast: positive
!but&is&!movie&!diminisher: positive
!but&is&!movie&diminisher: negative
!but&is&movie: conflict
but&!to&!laptop&!features: negative
but&!to&!laptop&features: positive
but&!to&laptop: neutral
but&to&!battery&!be: neutral
but&to&!battery&be: negative
but&to&battery&!my: conflict
but&to&battery&my: negative
DecisionTree learned:
!but&!not&!and&!drive: negative
!but&!not&!and&drive: neutral
!but&!not&and&!extended: positive
!but&!not&and&extended: neutral
!but&not&!complain&!graphics: negative
!but&not&!complain&graphics: conflict
!but&not&complain: conflict
but&!power&!to&!functioning: positive
but&!power&!to&functioning: neutral
but&!power&to&!battery: neutral
but&!power&to&battery: conflict
but&power: neutral
DecisionTree learned:
!but&!good&!complain&!and: negative
!but&!good&!complain&and: positive
!but&!good&complain&!to: conflict
!but&!good&complain&to: positive
!but&good&!taking&!games: positive
!but&good&!taking&games: neutral
!but&good&taking: neutral
but&!to&!power&!i: conflict
but&!to&!power&i: positive
but&!to&power: neutral
but&to&!you&!a: positive
but&to&!you&a: neutral
but&to&you: neutral
DecisionTree learned:
!but&!is&!macbook&!some: negative
!but&!is&!macbook&some: negative
!but&!is&macbook&!pro: conflict
!but&!is&macbook&pro: positive
!but&is&!little&!yes: positive
!but&is&!little&yes: conflict
!but&is&little&!and: conflict
!but&is&little&and: negative
but&!a&!standard&!functioning: negative
but&!a&!standard&functioning: neutral
but&!a&standard: conflict
but&a&!look&!for: conflict
but&a&!look&for: conflict
but&a&look: positive
DecisionTree learned:
!but&!is&!macbook&!some: negative
!but&!is&!macbook&some: negative
!but&!is&macbook&!of: positive
!but&!is&macbook&of: conflict
!but&is&!any&!little: positive
!but&is&!any&little: conflict
!but&is&any&!on: neutral
!but&is&any&on: negative
but&!on&!functioning&!a: negative
but&!on&!functioning&a: conflict
but&!on&functioning: neutral
but&on&!i&!are: negative
but&on&!i&are: conflict
but&on&i: neutral
DecisionTree learned:
!but&!easy&!is&!fast: negative
!but&!easy&!is&fast: positive
!but&!easy&is&!pc: positive
!but&!easy&is&pc: conflict
!but&easy&!another&!not: positive
!but&easy&!another&not: positive
!but&easy&another: neutral
but&!screen&!standard&!an: negative
but&!screen&!standard&an: neutral
but&!screen&standard: conflict
but&screen&!and&!the: conflict
but&screen&!and&the: conflict
but&screen&and: positive
DecisionTree learned:
!but&!complain&!and&!it: negative
!but&!complain&!and&it: negative
!but&!complain&and&!the: positive
!but&!complain&and&the: negative
!but&complain&!to: conflict
!but&complain&to: positive
but&!a&!power&!temperatures: negative
but&!a&!power&temperatures: neutral
but&!a&power: neutral
but&a&!gaming&!mouse: conflict
but&a&!gaming&mouse: positive
but&a&gaming: positive
DecisionTree learned:
!but&!movie&!great&!and: negative
!but&!movie&!great&and: positive
!but&!movie&great&!media: positive
!but&!movie&great&media: conflict
!but&movie&!just: neutral
!but&movie&just: conflict
but&!little&!it&!and: negative
but&!little&!it&and: positive
but&!little&it&!that: conflict
but&!little&it&that: positive
but&little: negative
DecisionTree learned:
!but&!easy&!fast&!eee: negative
!but&!easy&!fast&eee: conflict
!but&!easy&fast&!program: positive
!but&!easy&fast&program: neutral
!but&easy&!another&!not: positive
!but&easy&!another&not: positive
!but&easy&another: neutral
but&!laptop&!repair&!outside: positive
but&!laptop&!repair&outside: neutral
but&!laptop&repair: negative
but&laptop: neutral
DecisionTree learned:
!but&!and&!laptops&!or: negative
!but&!and&!laptops&or: neutral
!but&!and&laptops&!it: negative
!but&!and&laptops&it: conflict
!but&and&!sol&!is: positive
!but&and&!sol&is: positive
!but&and&sol: conflict
but&!laptop&!to&!i: negative
but&!laptop&!to&i: positive
but&!laptop&to&!battery: neutral
but&!laptop&to&battery: conflict
but&laptop: neutral
DecisionTree learned:
!but&!great&!and&!problems: negative
!but&!great&!and&problems: negative
!but&!great&and&!were: positive
!but&!great&and&were: negative
!but&great&!media&!too: positive
!but&great&!media&too: neutral
!but&great&media: conflict
but&!screen&!standard&!an: negative
but&!screen&!standard&an: conflict
but&!screen&standard: conflict
but&screen&!was&!very: conflict
but&screen&!was&very: negative
but&screen&was&!and: negative
but&screen&was&and: positive
DecisionTree learned:
!but&!complain&!and&!laptops: negative
!but&!complain&!and&laptops: conflict
!but&!complain&and&!extended: positive
!but&!complain&and&extended: neutral
!but&complain&!to: conflict
!but&complain&to: positive
but&!laptop&!to&!features: negative
but&!laptop&!to&features: positive
but&!laptop&to&!battery: neutral
but&!laptop&to&battery: conflict
but&laptop: neutral
DecisionTree learned:
!but&!complain&!and&!laptops: negative
!but&!complain&!and&laptops: conflict
!but&!complain&and&!the: positive
!but&!complain&and&the: negative
!but&complain&!to: conflict
!but&complain&to: positive
but&!power&!functioning&!to: positive
but&!power&!functioning&to: neutral
but&!power&functioning: neutral
but&power: neutral
DecisionTree learned:
!but&!not&!great&!and: negative
!but&!not&!great&and: positive
!but&!not&great&!media: positive
!but&!not&great&media: conflict
!but&not&!graphics&!complain: negative
!but&not&!graphics&complain: conflict
!but&not&graphics: conflict
but&!to&!only&!functioning: negative
but&!to&!only&functioning: neutral
but&!to&only&!i: neutral
but&!to&only&i: positive
but&to&!battery&!be: neutral
but&to&!battery&be: negative
but&to&battery&!for: negative
but&to&battery&for: conflict
DecisionTree learned:
!but&!and&!it&!eee: negative
!but&!and&!it&eee: conflict
!but&!and&it&!laptops: negative
!but&!and&it&laptops: conflict
!but&and&!sol&!email: positive
!but&and&!sol&email: neutral
!but&and&sol: conflict
but&!was&!to&!outside: positive
but&!was&!to&outside: neutral
but&!was&to&!be: neutral
but&!was&to&be: negative
but&was&!that&!very: negative
but&was&!that&very: positive
but&was&that&!it: conflict
but&was&that&it: positive
DecisionTree learned:
!but&!the&!s&!google: neutral
!but&!the&!s&google: conflict
!but&!the&s&!and: conflict
!but&!the&s&and: positive
!but&the&!despite&!some: negative
!but&the&!despite&some: conflict
!but&the&despite: conflict
but&!repair&!and&!i: conflict
but&!repair&!and&i: positive
but&!repair&and&!has: positive
but&!repair&and&has: conflict
but&repair: negative
DecisionTree learned:
!but&!and&!price&!requires: negative
!but&!and&!price&requires: conflict
!but&!and&price&!since: positive
!but&!and&price&since: conflict
!but&and&!sol&!is: positive
!but&and&!sol&is: positive
!but&and&sol: conflict
but&!little&!use&!repair: positive
but&!little&!use&repair: negative
but&!little&use&!is: positive
but&!little&use&is: negative
but&little: negative
DecisionTree learned:
!but&!good&!for&!worth: negative
!but&!good&!for&worth: conflict
!but&!good&for&!to: neutral
!but&!good&for&to: neutral
!but&good&!the: positive
!but&good&the&!went: positive
!but&good&the&went: negative
but&!power&!to&!laptop: positive
but&!power&!to&laptop: neutral
but&!power&to&!battery: neutral
but&!power&to&battery: conflict
but&power: neutral
DecisionTree learned:
!but&!complain&!and&!some: negative
!but&!complain&!and&some: conflict
!but&!complain&and&!sol: positive
!but&!complain&and&sol: conflict
!but&complain&!to: conflict
!but&complain&to: positive
but&!outside&!be&!it: positive
but&!outside&!be&it: conflict
but&!outside&be&!would: negative
but&!outside&be&would: positive
but&outside&!it: neutral
but&outside&it: negative
DecisionTree learned:
!but&!and&!worth&!or: negative
!but&!and&!worth&or: neutral
!but&!and&worth&!for: conflict
!but&!and&worth&for: neutral
!but&and&!extended&!is: positive
!but&and&!extended&is: positive
!but&and&extended&!when: neutral
!but&and&extended&when: conflict
but&!support&!huge&!was: positive
but&!support&!huge&was: negative
but&!support&huge: conflict
but&support: negative
DecisionTree learned:
!but&!speed&!very&!ease: negative
!but&!speed&!very&ease: positive
!but&!speed&very&!about: positive
!but&!speed&very&about: conflict
!but&speed&!use&!nothing: positive
!but&speed&!use&nothing: negative
!but&speed&use: negative
but&!i&!and&!warranty: conflict
but&!i&!and&warranty: neutral
but&!i&and&!has: positive
but&!i&and&has: neutral
but&i&!on&!did: positive
but&i&!on&did: neutral
but&i&on: neutral
DecisionTree learned:
!but&!is&!and&!some: neutral
!but&!is&!and&some: negative
!but&!is&and&!extended: positive
!but&!is&and&extended: neutral
!but&is&!pc&!little: positive
!but&is&!pc&little: conflict
!but&is&pc: conflict
but&!screen&!software&!repair: positive
but&!screen&!software&repair: negative
but&!screen&software&!price: negative
but&!screen&software&price: neutral
but&screen&!and&!the: conflict
but&screen&!and&the: negative
but&screen&and: positive
DecisionTree learned:
!but&!and&!very&!worth: negative
!but&!and&!very&worth: conflict
!but&!and&very&!about: positive
!but&!and&very&about: conflict
!but&and&!extended&!is: positive
!but&and&!extended&is: positive
!but&and&extended&!when: neutral
!but&and&extended&when: conflict
but&!standard&!it&!computer: positive
but&!standard&!it&computer: conflict
but&!standard&it&!better: negative
but&!standard&it&better: neutral
but&standard: conflict
DecisionTree learned:
!but&!generally&!complain&!had: positive
!but&!generally&!complain&had: negative
!but&!generally&complain&!to: conflict
!but&!generally&complain&to: positive
!but&generally: conflict
but&!power&!functioning&!i: negative
but&!power&!functioning&i: positive
but&!power&functioning: neutral
but&power: neutral
DecisionTree learned:
!but&!macbook&!had&!complain: positive
!but&!macbook&!had&complain: conflict
!but&!macbook&had&!a: negative
!but&!macbook&had&a: neutral
!but&macbook&!pro&!for: conflict
!but&macbook&!pro&for: neutral
!but&macbook&pro&!of: positive
!but&macbook&pro&of: negative
but&!to&!only&!who: negative
but&!to&!only&who: neutral
but&!to&only&!for: neutral
but&!to&only&for: negative
but&to&!battery&!you: neutral
but&to&!battery&you: neutral
but&to&battery&!my: conflict
but&to&battery&my: conflict
DecisionTree learned:
!but&!and&!price&!awesome: negative
!but&!and&!price&awesome: positive
!but&!and&price&!pc: positive
!but&!and&price&pc: conflict
!but&and&!sol&!is: positive
!but&and&!sol&is: positive
!but&and&sol: conflict
but&!it&!and&!i: negative
but&!it&!and&i: neutral
but&!it&and&!diminisher: positive
but&!it&and&diminisher: negative
but&it&!that&!n: conflict
but&it&!that&n: negative
but&it&that&!the: negative
but&it&that&the: positive
DecisionTree learned:
!but&!or&!not&!and: negative
!but&!or&!not&and: positive
!but&!or&not&!graphics: negative
!but&!or&not&graphics: conflict
!but&or&!up&!apps: neutral
!but&or&!up&apps: positive
!but&or&up&!phone: negative
!but&or&up&phone: positive
but&!an&!to&!only: negative
but&!an&!to&only: neutral
but&!an&to&!be: neutral
but&!an&to&be: negative
but&an&!a&!and: conflict
but&an&!a&and: positive
but&an&a: neutral
DecisionTree learned:
!but&!and&!drive&!perfect: negative
!but&!and&!drive&perfect: conflict
!but&!and&drive&!which: negative
!but&!and&drive&which: neutral
!but&and&!extended&!email: positive
!but&and&!extended&email: neutral
!but&and&extended&!when: neutral
!but&and&extended&when: conflict
but&!who&!computer&!screen: negative
but&!who&!computer&screen: conflict
but&!who&computer&!that: negative
but&!who&computer&that: conflict
but&who: neutral
DecisionTree learned:
!but&!complain&!and&!it: neutral
!but&!complain&!and&it: negative
!but&!complain&and&!the: positive
!but&!complain&and&the: negative
!but&complain&!to: conflict
!but&complain&to: positive
but&!on&!standard&!the: conflict
but&!on&!standard&the: positive
but&!on&standard: conflict
but&on&!i&!are: negative
but&on&!i&are: conflict
but&on&i: neutral
DecisionTree learned:
!but&!macbook&!speed&!easy: negative
!but&!macbook&!speed&easy: positive
!but&!macbook&speed&!nothing: positive
!but&!macbook&speed&nothing: negative
!but&macbook&!pro&!for: conflict
!but&macbook&!pro&for: neutral
!but&macbook&pro&!of: positive
!but&macbook&pro&of: negative
but&!laptop&!use&!outside: negative
but&!laptop&!use&outside: neutral
but&!laptop&use&!is: positive
but&!laptop&use&is: negative
but&laptop: neutral
DecisionTree learned:
!but&!and&!worth&!some: negative
!but&!and&!worth&some: negative
!but&!and&worth&!for: conflict
!but&!and&worth&for: positive
!but&and&!complain&!the: positive
!but&and&!complain&the: negative
!but&and&complain: conflict
but&!laptop&!use&!to: positive
but&!laptop&!use&to: neutral
but&!laptop&use&!of: negative
but&!laptop&use&of: positive
but&laptop: neutral
DecisionTree learned:
!but&!and&!perfect&!little: negative
!but&!and&!perfect&little: negative
!but&!and&perfect&!so: negative
!but&!and&perfect&so: conflict
!but&and&!media&!extended: positive
!but&and&!media&extended: neutral
!but&and&media&!gaming: conflict
!but&and&media&gaming: positive
but&!power&!you&!i: negative
but&!power&!you&i: positive
but&!power&you&!to: positive
but&!power&you&to: neutral
but&power: neutral
DecisionTree learned:
!but&!takes&!love&!easy: negative
!but&!takes&!love&easy: positive
!but&!takes&love&!had: positive
!but&!takes&love&had: neutral
!but&takes&!especially: positive
!but&takes&especially: conflict
but&!standard&!computer&!the: conflict
but&!standard&!computer&the: negative
but&!standard&computer&!that: negative
but&!standard&computer&that: conflict
but&standard: conflict
DecisionTree learned:
!but&!speed&!long&!complain: negative
!but&!speed&!long&complain: conflict
!but&!speed&long&!so: positive
!but&!speed&long&so: conflict
!but&speed&!use&!nothing: positive
!but&speed&!use&nothing: negative
!but&speed&use: negative
but&!it&!and&!i: negative
but&!it&!and&i: neutral
but&!it&and&!new: negative
but&!it&and&new: neutral
but&it&!that&!bit: conflict
but&it&!that&bit: positive
but&it&that&!can: positive
but&it&that&can: neutral
DecisionTree learned:
!but&!and&!laptops&!little: negative
!but&!and&!laptops&little: conflict
!but&!and&laptops&!it: negative
!but&!and&laptops&it: conflict
!but&and&!sol&!media: positive
!but&and&!sol&media: conflict
!but&and&sol: conflict
but&!learning&!outside&!called: negative
but&!learning&!outside&called: neutral
but&!learning&outside&!it: neutral
but&!learning&outside&it: negative
but&learning&!mac: neutral
but&learning&mac: positive
DecisionTree learned:
!but&!macbook&!some&!is: neutral
!but&!macbook&!some&is: positive
!but&!macbook&some&!inside: negative
!but&!macbook&some&inside: neutral
!but&macbook&!pro&!for: conflict
!but&macbook&!pro&for: neutral
!but&macbook&pro&!of: positive
!but&macbook&pro&of: negative
but&!power&!new&!and: negative
but&!power&!new&and: positive
but&!power&new&!and: positive
but&!power&new&and: neutral
but&power: neutral
DecisionTree learned:
!but&!after&!concerned&!laptops: positive
!but&!after&!concerned&laptops: conflict
!but&!after&concerned: conflict
!but&after&!especially&!then: negative
!but&after&!especially&then: neutral
!but&after&especially: conflict
but&!mouse&!little&!repair: positive
but&!mouse&!little&repair: negative
but&!mouse&little: negative
but&mouse: positive
DecisionTree learned:
!but&!and&!lacking&!will: negative
!but&!and&!lacking&will: conflict
!but&!and&lacking: conflict
!but&and&!had&!complain: positive
!but&and&!had&complain: conflict
!but&and&had&!that: negative
!but&and&had&that: neutral
but&!screen&!repair&!it: positive
but&!screen&!repair&it: conflict
but&!screen&repair: negative
but&screen&!and&!the: conflict
but&screen&!and&the: negative
but&screen&and: positive
DecisionTree learned:
!but&!opted&!macbook&!concerned: negative
!but&!opted&!macbook&concerned: conflict
!but&!opted&macbook&!pro: conflict
!but&!opted&macbook&pro: positive
!but&opted&!battery: conflict
!but&opted&battery: positive
but&!standard&!the&!cost: conflict
but&!standard&!the&cost: conflict
but&!standard&the&!computer: positive
but&!standard&the&computer: conflict
but&standard: conflict
DecisionTree learned:
!but&!and&!lacking&!it: neutral
!but&!and&!lacking&it: negative
!but&!and&lacking: conflict
!but&and&!sol&!is: positive
!but&and&!sol&is: positive
!but&and&sol: conflict
but&!did&!os&!on: negative
but&!did&!os&on: neutral
but&!did&os&!to: positive
but&!did&os&to: neutral
but&did&!in&!software: conflict
but&did&!in&software: negative
but&did&in&!it: neutral
but&did&in&it: negative
DecisionTree learned:
!but&!little&!against&!arisen: negative
!but&!little&!against&arisen: conflict
!but&!little&against: conflict
!but&little&!is&!and: negative
!but&little&!is&and: neutral
!but&little&is&!and: conflict
!but&little&is&and: negative
but&!it&!and&!that: positive
but&!it&!and&that: conflict
but&!it&and&!diminisher: positive
but&!it&and&diminisher: negative
but&it&!better&!would: negative
but&it&!better&would: conflict
but&it&better: neutral
DecisionTree learned:
!but&!is&!macbook&!some: neutral
!but&!is&!macbook&some: negative
!but&!is&macbook&!pro: conflict
!but&!is&macbook&pro: positive
!but&is&!little&!crystal: positive
!but&is&!little&crystal: conflict
!but&is&little&!and: conflict
!but&is&little&and: negative
but&!who&!repair&!use: positive
but&!who&!repair&use: positive
but&!who&repair: negative
but&who: neutral
DecisionTree learned:
!but&!generally&!and&!it: negative
!but&!generally&!and&it: negative
!but&!generally&and&!media: positive
!but&!generally&and&media: conflict
!but&generally: conflict
but&!temperatures&!to&!warranty: positive
but&!temperatures&!to&warranty: neutral
but&!temperatures&to&!battery: neutral
but&!temperatures&to&battery: conflict
but&temperatures: neutral
DecisionTree learned:
!but&!opted&!generally&!back: positive
!but&!opted&!generally&back: negative
!but&!opted&generally: conflict
!but&opted&!battery: conflict
!but&opted&battery: positive
but&!it&!an&!and: negative
but&!it&!an&and: positive
but&!it&an&!a: conflict
but&!it&an&a: neutral
but&it&!that&!n: conflict
but&it&!that&n: negative
but&it&that&!i: positive
but&it&that&i: negative
DecisionTree learned:
!but&!eee&!complain&!the: neutral
!but&!eee&!complain&the: negative
!but&!eee&complain&!to: conflict
!but&!eee&complain&to: positive
!but&eee: conflict
but&!power&!wanted&!battery: negative
but&!power&!wanted&battery: conflict
but&!power&wanted&!to: conflict
but&!power&wanted&to: neutral
but&power: neutral
DecisionTree learned:
!but&!and&!worth&!some: negative
!but&!and&!worth&some: conflict
!but&!and&worth&!for: conflict
!but&!and&worth&for: neutral
!but&and&!email&!complain: positive
!but&and&!email&complain: conflict
!but&and&email&!office: neutral
!but&and&email&office: positive
but&!life&!who&!functioning: positive
but&!life&!who&functioning: neutral
but&!life&who: neutral
but&life&!to: conflict
but&life&to&!for: negative
but&life&to&for: conflict
DecisionTree learned:
!but&!generally&!yes&!macbook: negative
!but&!generally&!yes&macbook: positive
!but&!generally&yes&!and: conflict
!but&!generally&yes&and: positive
!but&generally: conflict
but&!to&!an&!features: negative
but&!to&!an&features: positive
but&!to&an&!a: conflict
but&!to&an&a: neutral
but&to&!battery&!be: neutral
but&to&!battery&be: negative
but&to&battery&!my: conflict
but&to&battery&my: negative
DecisionTree learned:
!but&!its&!despite&!great: negative
!but&!its&!despite&great: positive
!but&!its&despite: conflict
!but&its&!system&!lack: positive
!but&its&!system&lack: negative
!but&its&system: negative
but&!screen&!functioning&!i: negative
but&!screen&!functioning&i: positive
but&!screen&functioning: neutral
but&screen&!and&!very: conflict
but&screen&!and&very: negative
but&screen&and: positive
DecisionTree learned:
!but&!complain&!and&!laptops: negative
!but&!complain&!and&laptops: conflict
!but&!complain&and&!sol: positive
!but&!complain&and&sol: conflict
!but&complain&!to: conflict
!but&complain&to: positive
but&!use&!features&!i: negative
but&!use&!features&i: positive
but&!use&features&!new: positive
but&!use&features&new: neutral
but&use&!a&!is: positive
but&use&!a&is: negative
but&use&a&!it: neutral
but&use&a&it: negative
DecisionTree learned:
!and&!yes&!eee&!but: negative
!and&!yes&!eee&but: negative
!and&!yes&eee: conflict
!and&yes: conflict
and&!media&!complain&!sol: positive
and&!media&!complain&sol: conflict
and&!media&complain: conflict
and&media&!is: positive
and&media&is: conflict
DecisionTree learned:
!but&!macbook&!speed&!very: negative
!but&!macbook&!speed&very: positive
!but&!macbook&speed&!to: positive
!but&!macbook&speed&to: positive
!but&macbook&!pro&!for: conflict
!but&macbook&!pro&for: neutral
!but&macbook&pro&!of: positive
!but&macbook&pro&of: negative
but&!called&!features&!they: positive
but&!called&!features&they: negative
but&!called&features&!new: positive
but&!called&features&new: neutral
but&called: neutral
DecisionTree learned:
!and&!yes&!generally&!but: negative
!and&!yes&!generally&but: negative
!and&!yes&generally: conflict
!and&yes: conflict
and&!email&!media&!extended: positive
and&!email&!media&extended: neutral
and&!email&media&!gaming: conflict
and&!email&media&gaming: positive
and&email&!office&!screen: neutral
and&email&!office&screen: positive
and&email&office: positive
DecisionTree learned:
!and&!but&!worth&!some: negative
!and&!but&!worth&some: conflict
!and&!but&worth&!for: conflict
!and&!but&worth&for: neutral
!and&but&!i&!an: negative
!and&but&!i&an: conflict
!and&but&i&!did: positive
!and&but&i&did: neutral
and&!media&!complain&!were: positive
and&!media&!complain&were: negative
and&!media&complain: conflict
and&media&!gaming: conflict
and&media&gaming: positive
DecisionTree learned:
!but&!and&!laptops&!perfect: negative
!but&!and&!laptops&perfect: conflict
!but&!and&laptops&!it: negative
!but&!and&laptops&it: conflict
!but&and&!email&!media: positive
!but&and&!email&media: conflict
!but&and&email&!office: neutral
!but&and&email&office: positive
but&!outside&!to&!of: negative
but&!outside&!to&of: positive
but&!outside&to&!battery: neutral
but&!outside&to&battery: conflict
but&outside&!it: neutral
but&outside&it: negative
DecisionTree learned:
!but&!eee&!concerned&!laptops: negative
!but&!eee&!concerned&laptops: neutral
!but&!eee&concerned: conflict
!but&eee: conflict
but&!learning&!office&!i: conflict
but&!learning&!office&i: positive
but&!learning&office&!to: neutral
but&!learning&office&to: neutral
but&learning&!mac: neutral
but&learning&mac: positive
DecisionTree learned:
!but&!and&!lacking&!opted: negative
!but&!and&!lacking&opted: conflict
!but&!and&lacking: conflict
!but&and&!sol&!is: positive
!but&and&!sol&is: positive
!but&and&sol: conflict
but&!power&!an&!screen: positive
but&!power&!an&screen: conflict
but&!power&an&!a: conflict
but&!power&an&a: neutral
but&power: neutral
DecisionTree learned:
!and&!yes&!little&!but: negative
!and&!yes&!little&but: negative
!and&!yes&little&!is: negative
!and&!yes&little&is: conflict
!and&yes: conflict
and&!sol&!word&!complain: positive
and&!sol&!word&complain: conflict
and&!sol&word&!its: neutral
and&!sol&word&its: conflict
and&sol: conflict
DecisionTree learned:
!and&!but&!some&!to: negative
!and&!but&!some&to: negative
!and&!but&some&!the: negative
!and&!but&some&the: conflict
!and&but&!i&!an: negative
!and&but&!i&an: conflict
!and&but&i&!did: positive
!and&but&i&did: neutral
and&!sol&!graphics&!ease: positive
and&!sol&!graphics&ease: positive
and&!sol&graphics&!is: positive
and&!sol&graphics&is: negative
and&sol: conflict
DecisionTree learned:
!but&!and&!lacking&!it: neutral
!but&!and&!lacking&it: negative
!but&!and&lacking: conflict
!but&and&!extended&!is: positive
!but&and&!extended&is: positive
!but&and&extended&!when: neutral
!but&and&extended&when: conflict
but&!little&!use&!be: conflict
but&!little&!use&be: negative
but&!little&use&!of: negative
but&!little&use&of: positive
but&little: negative
DecisionTree learned:
!and&!yes&!generally&!but: negative
!and&!yes&!generally&but: negative
!and&!yes&generally: conflict
!and&yes: conflict
and&!firefox&!media&!word: positive
and&!firefox&!media&word: neutral
and&!firefox&media&!gaming: conflict
and&!firefox&media&gaming: positive
and&firefox: neutral
DecisionTree learned:
!and&!yes&!opted&!little: negative
!and&!yes&!opted&little: negative
!and&!yes&opted&!battery: conflict
!and&!yes&opted&battery: positive
!and&yes: conflict
and&!sol&!the&!always: positive
and&!sol&!the&always: negative
and&!sol&the&!media: negative
and&!sol&the&media: conflict
and&sol: conflict
DecisionTree learned:
!but&!generally&!eee&!complain: negative
!but&!generally&!eee&complain: conflict
!but&!generally&eee: conflict
!but&generally: conflict
but&!standard&!gaming&!a: negative
but&!standard&!gaming&a: conflict
but&!standard&gaming: positive
but&standard: conflict
DecisionTree learned:
!and&!or&!to&!it: positive
!and&!or&!to&it: negative
!and&!or&to&!takes: negative
!and&!or&to&takes: conflict
!and&or&!as&!sticking: neutral
!and&or&!as&sticking: positive
!and&or&as: negative
and&!word&!extended&!complain: positive
and&!word&!extended&complain: conflict
and&!word&extended&!when: neutral
and&!word&extended&when: conflict
and&word&!i&!its: neutral
and&word&!i&its: conflict
and&word&i: positive
DecisionTree learned:
!and&!drive&!generally&!but: negative
!and&!drive&!generally&but: negative
!and&!drive&generally: conflict
!and&drive&!dvd&!s: neutral
!and&drive&!dvd&s: negative
!and&drive&dvd: negative
and&!media&!email&!sol: positive
and&!media&!email&sol: conflict
and&!media&email&!office: neutral
and&!media&email&office: positive
and&media&!gaming: conflict
and&media&gaming: positive
DecisionTree learned:
!and&!little&!it&!generally: negative
!and&!little&!it&generally: conflict
!and&!little&it&!to: negative
!and&!little&it&to: negative
!and&little&!is: negative
!and&little&is&!to: conflict
!and&little&is&to: negative
and&!sol&!camera&!word: positive
and&!sol&!camera&word: neutral
and&!sol&camera&!it: positive
and&!sol&camera&it: conflict
and&sol: conflict
DecisionTree learned:
!and&!yes&!eee&!arisen: negative
!and&!yes&!eee&arisen: conflict
!and&!yes&eee: conflict
!and&yes: conflict
and&!video&!sol&!camera: positive
and&!video&!sol&camera: conflict
and&!video&sol: conflict
and&video&!for&!professional: negative
and&video&!for&professional: negative
and&video&for&!media: positive
and&video&for&media: conflict
DecisionTree learned:
!and&!it&!requires&!generally: neutral
!and&!it&!requires&generally: conflict
!and&!it&requires: conflict
!and&it&!to&!as: negative
!and&it&!to&as: conflict
!and&it&to&!so: negative
!and&it&to&so: positive
and&!complain&!had&!buttons: positive
and&!complain&!had&buttons: negative
and&!complain&had&!that: negative
and&!complain&had&that: neutral
and&complain: conflict
DecisionTree learned:
!and&!but&!perfect&!opted: negative
!and&!but&!perfect&opted: conflict
!and&!but&perfect&!so: negative
!and&!but&perfect&so: conflict
!and&but&!i&!warranty: conflict
!and&but&!i&warranty: neutral
!and&but&i&!did: positive
!and&but&i&did: neutral
and&!extended&!firefox&!word: positive
and&!extended&!firefox&word: neutral
and&!extended&firefox: neutral
and&extended&!when&!mouse: neutral
and&extended&!when&mouse: negative
and&extended&when: conflict
DecisionTree learned:
!and&!but&!some&!to: negative
!and&!but&!some&to: neutral
!and&!but&some&!features: conflict
!and&!but&some&features: positive
!and&but&!i&!called: conflict
!and&but&!i&called: neutral
!and&but&i&!did: neutral
!and&but&i&did: conflict
and&!media&!buttons&!word: positive
and&!media&!buttons&word: neutral
and&!media&buttons: negative
and&media&!gaming: conflict
and&media&gaming: positive
DecisionTree learned:
!and&!it&!little&!but: neutral
!and&!it&!little&but: conflict
!and&!it&little&!is: negative
!and&!it&little&is: conflict
!and&it&!to&!boot: negative
!and&it&!to&boot: neutral
!and&it&to&!so: negative
!and&it&to&so: positive
and&!complain&!sol&!i: positive
and&!complain&!sol&i: neutral
and&!complain&sol: conflict
and&complain: conflict
DecisionTree learned:
!but&!and&!little&!lacking: negative
!but&!and&!little&lacking: conflict
!but&!and&little&!is: negative
!but&!and&little&is: conflict
!but&and&!sol&!media: positive
!but&and&!sol&media: conflict
!but&and&sol: conflict
but&!looking&!use&!the: conflict
but&!looking&!use&the: positive
but&!looking&use&!is: positive
but&!looking&use&is: negative
but&looking: positive
DecisionTree learned:
!and&!but&!little&!it: neutral
!and&!but&!little&it: negative
!and&!but&little&!is: negative
!and&!but&little&is: conflict
!and&but&!i&!who: conflict
!and&but&!i&who: neutral
!and&but&i&!did: positive
!and&but&i&did: neutral
and&!email&!extended&!had: positive
and&!email&!extended&had: negative
and&!email&extended&!when: neutral
and&!email&extended&when: conflict
and&email&!screen&!office: neutral
and&email&!screen&office: positive
and&email&screen: positive
DecisionTree learned:
!but&!eee&!some&!macbook: negative
!but&!eee&!some&macbook: positive
!but&!eee&some&!other: negative
!but&!eee&some&other: conflict
!but&eee: conflict
but&!so&!life&!power: positive
but&!so&!life&power: neutral
but&!so&life&!to: conflict
but&!so&life&to: conflict
but&so: neutral
DecisionTree learned:
!and&!drive&!to&!little: positive
!and&!drive&!to&little: conflict
!and&!drive&to&!after: neutral
!and&!drive&to&after: conflict
!and&drive&!for&!s: neutral
!and&drive&!for&s: negative
!and&drive&for&!is: negative
!and&drive&for&is: positive
and&!media&!had&!word: positive
and&!media&!had&word: neutral
and&!media&had&!that: negative
and&!media&had&that: neutral
and&media&!gaming: conflict
and&media&gaming: positive
DecisionTree learned:
!and&!or&!but&!will: negative
!and&!or&!but&will: conflict
!and&!or&but&!i: conflict
!and&!or&but&i: neutral
!and&or&!sticking&!phone: neutral
!and&or&!sticking&phone: positive
!and&or&sticking: positive
and&!buttons&!had&!firefox: positive
and&!buttons&!had&firefox: neutral
and&!buttons&had&!that: negative
and&!buttons&had&that: neutral
and&buttons: negative
DecisionTree learned:
!and&!eee&!but&!generally: negative
!and&!eee&!but&generally: conflict
!and&!eee&but&!i: conflict
!and&!eee&but&i: neutral
!and&eee: conflict
and&!the&!about&!but: positive
and&!the&!about&but: positive
and&!the&about&!it: negative
and&!the&about&it: conflict
and&the&!media&!when: negative
and&the&!media&when: neutral
and&the&media&!gaming: conflict
and&the&media&gaming: positive
DecisionTree learned:
!and&!yes&!drive&!laptops: negative
!and&!yes&!drive&laptops: conflict
!and&!yes&drive&!machine: neutral
!and&!yes&drive&machine: positive
!and&yes: conflict
and&!complain&!video&!extended: positive
and&!complain&!video&extended: neutral
and&!complain&video&!for: negative
and&!complain&video&for: conflict
and&complain: conflict
DecisionTree learned:
!and&!loading&!it&!requires: neutral
!and&!loading&!it&requires: conflict
!and&!loading&it&!laptops: negative
!and&!loading&it&laptops: conflict
!and&loading: conflict
and&!sol&!complain&!always: positive
and&!sol&!complain&always: negative
and&!sol&complain: conflict
and&sol: conflict
DecisionTree learned:
!and&!but&!laptops&!loading: negative
!and&!but&!laptops&loading: conflict
!and&!but&laptops&!it: negative
!and&!but&laptops&it: conflict
!and&but&!i&!an: negative
!and&but&!i&an: conflict
!and&but&i&!did: positive
!and&but&i&did: conflict
and&!firefox&!email&!you: positive
and&!firefox&!email&you: neutral
and&!firefox&email&!screen: neutral
and&!firefox&email&screen: positive
and&firefox: neutral
DecisionTree learned:
!and&!it&!little&!eee: neutral
!and&!it&!little&eee: conflict
!and&!it&little&!is: negative
!and&!it&little&is: conflict
!and&it&!to&!laptops: negative
!and&it&!to&laptops: conflict
!and&it&to&!service: negative
!and&it&to&service: neutral
and&!media&!sol&!the: positive
and&!media&!sol&the: negative
and&!media&sol: conflict
and&media&!is: positive
and&media&is: conflict
Trial 0 Training cc.mallet.classify.AdaBoostM2Trainer@7e78fc6 finished
Trial 0 Trainer cc.mallet.classify.AdaBoostM2Trainer@7e78fc6 test data accuracy = 0.513184584178499

NaiveBayesTrainer
Summary. test accuracy mean = 0.6551724137931034 stddev = 0.0 stderr = 0.0

MaxEntTrainer,gaussianPriorVariance=1.0
Summary. test accuracy mean = 0.6490872210953347 stddev = 0.0 stderr = 0.0

cc.mallet.classify.DecisionTreeTrainer@266bade9
Summary. test accuracy mean = 0.5456389452332657 stddev = 0.0 stderr = 0.0

cc.mallet.classify.AdaBoostM2Trainer@7e78fc6
Summary. test accuracy mean = 0.513184584178499 stddev = 0.0 stderr = 0.0
