
-------------------- Trial 0  --------------------

Trial 0 Training NaiveBayesTrainer with 1865 instances
Trial 0 Training NaiveBayesTrainer finished
Trial 0 Trainer NaiveBayesTrainer test data accuracy = 0.6632860040567952
Trial 0 Training MaxEntTrainer,gaussianPriorVariance=1.0 with 1865 instances
Trial 0 Training MaxEntTrainer,gaussianPriorVariance=1.0 finished
Trial 0 Trainer MaxEntTrainer,gaussianPriorVariance=1.0 test data accuracy = 0.6713995943204868
Trial 0 Training cc.mallet.classify.DecisionTreeTrainer@266bade9 with 1865 instances
DecisionTree learned:
!great&!easy&!and&!but: negative
!great&!easy&!and&but: negative
!great&!easy&and&!word: positive
!great&!easy&and&word: neutral
!great&easy&!another&!carry: positive
!great&easy&!another&carry: positive
!great&easy&another: neutral
great&!etc&!but&!battery: positive
great&!etc&!but&battery: positive
great&!etc&but&!buttons: positive
great&!etc&but&buttons: negative
great&etc: negative
Trial 0 Training cc.mallet.classify.DecisionTreeTrainer@266bade9 finished
Trial 0 Trainer cc.mallet.classify.DecisionTreeTrainer@266bade9 test data accuracy = 0.5456389452332657
Trial 0 Training cc.mallet.classify.AdaBoostM2Trainer@15f66cff with 1865 instances
DecisionTree learned:
!great&!easy&!and&!but: negative
!great&!easy&!and&but: negative
!great&!easy&and&!email: positive
!great&!easy&and&email: neutral
!great&easy&!another&!carry: positive
!great&easy&!another&carry: positive
!great&easy&another: neutral
great&!but&!etc&!battery: positive
great&!but&!etc&battery: positive
great&!but&etc: negative
great&but&!buttons&!is: conflict
great&but&!buttons&is: positive
great&but&buttons: negative
DecisionTree learned:
!great&!easy&!but&!good: negative
!great&!easy&!but&good: positive
!great&!easy&but&!laptop: negative
!great&!easy&but&laptop: neutral
!great&easy&!another&!carry: positive
!great&easy&!another&carry: positive
!great&easy&another: neutral
great&!etc&!but&!battery: positive
great&!etc&!but&battery: positive
great&!etc&but&!buttons: positive
great&!etc&but&buttons: negative
great&etc: negative
DecisionTree learned:
!great&!and&!but&!love: negative
!great&!and&!but&love: positive
!great&!and&but&!screen: negative
!great&!and&but&screen: conflict
!great&and&!easy&!extended: positive
!great&and&!easy&extended: neutral
!great&and&easy: positive
great&!you&!side&!but: positive
great&!you&!side&but: positive
great&!you&side: neutral
great&you: neutral
DecisionTree learned:
!great&!but&!and&!love: negative
!great&!but&!and&love: positive
!great&!but&and&!not: positive
!great&!but&and&not: negative
!great&but&!repair&!standard: negative
!great&but&!repair&standard: conflict
!great&but&repair: negative
great&!etc&!side&!you: positive
great&!etc&!side&you: neutral
great&!etc&side: neutral
great&etc: negative
DecisionTree learned:
!great&!but&!easy&!speed: negative
!great&!but&!easy&speed: positive
!great&!but&easy&!another: positive
!great&!but&easy&another: neutral
!great&but&!laptop&!features: negative
!great&but&!laptop&features: positive
!great&but&laptop: neutral
great&!battery&!you&!side: positive
great&!battery&!you&side: neutral
great&!battery&you: neutral
great&battery&!but&!of: positive
great&battery&!but&of: negative
great&battery&but: conflict
DecisionTree learned:
!but&!great&!easy&!and: negative
!but&!great&!easy&and: positive
!but&!great&easy&!another: positive
!but&!great&easy&another: neutral
!but&great&!media&!lack: positive
!but&great&!media&lack: negative
!but&great&media&!gaming: conflict
!but&great&media&gaming: positive
but&!power&!so&!and: negative
but&!power&!so&and: positive
but&!power&so: neutral
but&power: neutral
DecisionTree learned:
!but&!great&!good&!and: negative
!but&!great&!good&and: positive
!but&!great&good&!no: positive
!but&!great&good&no: negative
!but&great&!media&!etc: positive
!but&great&!media&etc: negative
!but&great&media: conflict
but&!laptop&!repair&!be: negative
but&!laptop&!repair&be: negative
but&!laptop&repair: negative
but&laptop: neutral
DecisionTree learned:
!but&!is&!love&!fast: negative
!but&!is&!love&fast: positive
!but&!is&love&!had: positive
!but&!is&love&had: neutral
!but&is&!not&!little: positive
!but&is&!not&little: conflict
!but&is&not&!graphics: negative
!but&is&not&graphics: conflict
but&!laptop&!to&!temperatures: negative
but&!laptop&!to&temperatures: neutral
but&!laptop&to&!battery: neutral
but&!laptop&to&battery: conflict
but&laptop: neutral
DecisionTree learned:
!but&!great&!is&!speed: negative
!but&!great&!is&speed: positive
!but&!great&is&!any: positive
!but&!great&is&any: neutral
!but&great&!side&!you: positive
!but&great&!side&you: neutral
!but&great&side: neutral
but&!power&!to&!temperatures: negative
but&!power&!to&temperatures: neutral
but&!power&to&!battery: neutral
but&!power&to&battery: conflict
but&power: neutral
DecisionTree learned:
!but&!easy&!speed&!complain: negative
!but&!easy&!speed&complain: conflict
!but&!easy&speed&!use: positive
!but&!easy&speed&use: negative
!but&easy&!another&!not: positive
!but&easy&!another&not: positive
!but&easy&another: neutral
but&!repair&!screen&!you: negative
but&!repair&!screen&you: neutral
but&!repair&screen&!and: conflict
but&!repair&screen&and: positive
but&repair: negative
DecisionTree learned:
!but&!is&!and&!some: negative
!but&!is&!and&some: negative
!but&!is&and&!extended: positive
!but&!is&and&extended: neutral
!but&is&!any&!little: positive
!but&is&!any&little: conflict
!but&is&any&!on: neutral
!but&is&any&on: negative
but&!support&!outside&!to: negative
but&!support&!outside&to: neutral
but&!support&outside&!it: neutral
but&!support&outside&it: negative
but&support: negative
DecisionTree learned:
!but&!easy&!great&!good: negative
!but&!easy&!great&good: positive
!but&!easy&great&!media: positive
!but&!easy&great&media: conflict
!but&easy&!another&!carry: positive
!but&easy&!another&carry: positive
!but&easy&another: neutral
but&!features&!power&!be: negative
but&!features&!power&be: negative
but&!features&power: neutral
but&features&!new: positive
but&features&new: neutral
DecisionTree learned:
!but&!love&!is&!fast: negative
!but&!love&!is&fast: positive
!but&!love&is&!pc: positive
!but&!love&is&pc: conflict
!but&love&!had: positive
!but&love&had: neutral
but&!laptop&!to&!temperatures: negative
but&!laptop&!to&temperatures: neutral
but&!laptop&to&!battery: neutral
but&!laptop&to&battery: conflict
but&laptop: neutral
DecisionTree learned:
!but&!or&!good&!great: negative
!but&!or&!good&great: positive
!but&!or&good&!no: positive
!but&!or&good&no: negative
!but&or&!apps&!up: neutral
!but&or&!apps&up: negative
!but&or&apps: positive
but&!laptop&!life&!to: positive
but&!laptop&!life&to: neutral
but&!laptop&life&!to: conflict
but&!laptop&life&to: negative
but&laptop: neutral
DecisionTree learned:
!but&!love&!great&!and: negative
!but&!love&!great&and: positive
!but&!love&great&!media: positive
!but&!love&great&media: conflict
!but&love&!had: positive
!but&love&had: neutral
but&!was&!to&!screen: positive
but&!was&!to&screen: conflict
but&!was&to&!be: neutral
but&!was&to&be: negative
but&was&!very&!that: negative
but&was&!very&that: conflict
but&was&very: positive
DecisionTree learned:
!but&!is&!and&!some: negative
!but&!is&!and&some: negative
!but&!is&and&!extended: positive
!but&!is&and&extended: neutral
!but&is&!little&!any: positive
!but&is&!little&any: neutral
!but&is&little&!and: conflict
!but&is&little&and: negative
but&!power&!features&!to: negative
but&!power&!features&to: neutral
but&!power&features&!new: positive
but&!power&features&new: neutral
but&power: neutral
DecisionTree learned:
!but&!love&!good&!easy: negative
!but&!love&!good&easy: positive
!but&!love&good&!the: positive
!but&!love&good&the: positive
!but&love&!had: positive
!but&love&had: neutral
but&!looking&!temperatures&!use: negative
but&!looking&!temperatures&use: positive
but&!looking&temperatures: neutral
but&looking: positive
DecisionTree learned:
!but&!is&!and&!price: negative
!but&!is&!and&price: positive
!but&!is&and&!extended: positive
!but&!is&and&extended: neutral
!but&is&!any&!little: positive
!but&is&!any&little: conflict
!but&is&any&!on: neutral
!but&is&any&on: negative
but&!power&!features&!be: negative
but&!power&!features&be: negative
but&!power&features&!new: positive
but&!power&features&new: neutral
but&power: neutral
DecisionTree learned:
!but&!or&!had&!love: positive
!but&!or&!had&love: positive
!but&!or&had&!a: negative
!but&!or&had&a: negative
!but&or&!apps&!strange: neutral
!but&or&!apps&strange: positive
!but&or&apps: positive
but&!laptop&!huge&!power: negative
but&!laptop&!huge&power: neutral
but&!laptop&huge: conflict
but&laptop: neutral
DecisionTree learned:
!but&!fast&!is&!macbook: negative
!but&!fast&!is&macbook: positive
!but&!fast&is&!not: positive
!but&!fast&is&not: negative
!but&fast&!program: positive
!but&fast&program: neutral
but&!screen&!an&!called: negative
but&!screen&!an&called: neutral
but&!screen&an&!with: conflict
but&!screen&an&with: neutral
but&screen&!and&!the: conflict
but&screen&!and&the: negative
but&screen&and: positive
DecisionTree learned:
!but&!is&!and&!some: negative
!but&!is&!and&some: negative
!but&!is&and&!extended: positive
!but&!is&and&extended: neutral
!but&is&!what&!any: positive
!but&is&!what&any: neutral
!but&is&what&!a: positive
!but&is&what&a: conflict
but&!on&!functioning&!learning: negative
but&!on&!functioning&learning: neutral
but&!on&functioning: neutral
but&on&!i&!are: negative
but&on&!i&are: conflict
but&on&i: neutral
DecisionTree learned:
!but&!and&!laptops&!some: negative
!but&!and&!laptops&some: negative
!but&!and&laptops&!it: neutral
!but&!and&laptops&it: conflict
!but&and&!back&!firefox: positive
!but&and&!back&firefox: neutral
!but&and&back&!inside: negative
!but&and&back&inside: neutral
but&!laptop&!isolator&!it: positive
but&!laptop&!isolator&it: conflict
but&!laptop&isolator: neutral
but&laptop: neutral
DecisionTree learned:
!but&!good&!speed&!great: negative
!but&!good&!speed&great: positive
!but&!good&speed&!use: positive
!but&!good&speed&use: negative
!but&good&!taking&!no: positive
!but&good&!taking&no: negative
!but&good&taking: neutral
but&!repair&!support&!screen: positive
but&!repair&!support&screen: conflict
but&!repair&support: negative
but&repair: negative
DecisionTree learned:
!but&!good&!very&!speed: negative
!but&!good&!very&speed: positive
!but&!good&very&!about: positive
!but&!good&very&about: conflict
!but&good&!the: positive
!but&good&the&!just: positive
!but&good&the&just: negative
but&!to&!i&!and: conflict
but&!to&!i&and: positive
but&!to&i&!buy: positive
but&!to&i&buy: conflict
but&to&!battery&!be: neutral
but&to&!battery&be: negative
but&to&battery&!my: conflict
but&to&battery&my: negative
DecisionTree learned:
!but&!or&!not&!after: positive
!but&!or&!not&after: negative
!but&!or&not&!cd: negative
!but&!or&not&cd: conflict
!but&or&!up&!strange: neutral
!but&or&!up&strange: positive
!but&or&up&!phone: negative
!but&or&up&phone: positive
but&!screen&!an&!it: positive
but&!screen&!an&it: conflict
but&!screen&an&!with: conflict
but&!screen&an&with: neutral
but&screen&!and&!the: conflict
but&screen&!and&the: negative
but&screen&and: positive
DecisionTree learned:
!but&!and&!price&!awesome: negative
!but&!and&!price&awesome: positive
!but&!and&price&!since: positive
!but&!and&price&since: conflict
!but&and&!complain&!extended: positive
!but&and&!complain&extended: neutral
!but&and&complain: conflict
but&!battery&!to&!an: positive
but&!battery&!to&an: conflict
but&!battery&to&!you: neutral
but&!battery&to&you: neutral
but&battery&!n&!my: conflict
but&battery&!n&my: conflict
but&battery&n&!it: positive
but&battery&n&it: negative
DecisionTree learned:
!but&!the&!s&!good: neutral
!but&!the&!s&good: positive
!but&!the&s&!and: conflict
!but&!the&s&and: positive
!but&the&!great&!generally: negative
!but&the&!great&generally: conflict
!but&the&great&!media: positive
!but&the&great&media: conflict
but&!laptop&!use&!to: negative
but&!laptop&!use&to: neutral
but&!laptop&use&!is: positive
but&!laptop&use&is: negative
but&laptop: neutral
DecisionTree learned:
!but&!after&!or&!not: positive
!but&!after&!or&not: negative
!but&!after&or&!apps: neutral
!but&!after&or&apps: positive
!but&after&!especially&!warranty: negative
!but&after&!especially&warranty: neutral
!but&after&especially: conflict
but&!the&!just&!use: conflict
but&!the&!just&use: negative
but&!the&just&!software: positive
but&!the&just&software: negative
but&the&!new&!outside: negative
but&the&!new&outside: neutral
but&the&new&!and: positive
but&the&new&and: neutral
DecisionTree learned:
!but&!very&!macbook&!movie: negative
!but&!very&!macbook&movie: neutral
!but&!very&macbook&!for: positive
!but&!very&macbook&for: neutral
!but&very&!about&!features: positive
!but&very&!about&features: negative
!but&very&about: conflict
but&!to&!only&!i: negative
but&!to&!only&i: positive
but&!to&only&!i: neutral
but&!to&only&i: positive
but&to&!battery&!be: neutral
but&to&!battery&be: negative
but&to&battery&!for: negative
but&to&battery&for: conflict
DecisionTree learned:
!but&!love&!after&!uses: positive
!but&!love&!after&uses: neutral
!but&!love&after&!especially: negative
!but&!love&after&especially: conflict
!but&love&!had: positive
!but&love&had: neutral
but&!laptop&!repair&!called: positive
but&!laptop&!repair&called: neutral
but&!laptop&repair: negative
but&laptop: neutral
DecisionTree learned:
!but&!is&!and&!will: negative
!but&!is&!and&will: conflict
!but&!is&and&!sol: positive
!but&!is&and&sol: conflict
!but&is&!what&!pc: positive
!but&is&!what&pc: conflict
!but&is&what&!a: positive
!but&is&what&a: conflict
but&!on&!be&!it: positive
but&!on&!be&it: negative
but&!on&be&!that: negative
but&!on&be&that: neutral
but&on&!i&!are: negative
but&on&!i&are: conflict
but&on&i: neutral
DecisionTree learned:
!but&!complain&!movie&!not: positive
!but&!complain&!movie&not: negative
!but&!complain&movie&!is: neutral
!but&!complain&movie&is: conflict
!but&complain&!to: conflict
!but&complain&to: positive
but&!so&!a&!did: negative
but&!so&!a&did: neutral
but&!so&a&!look: conflict
but&!so&a&look: positive
but&so: neutral
DecisionTree learned:
!but&!and&!laptops&!awesome: negative
!but&!and&!laptops&awesome: positive
!but&!and&laptops&!it: negative
!but&!and&laptops&it: conflict
!but&and&!email&!extended: positive
!but&and&!email&extended: neutral
!but&and&email&!office: neutral
!but&and&email&office: positive
but&!i&!only&!you: negative
but&!i&!only&you: positive
but&!i&only&!for: neutral
but&!i&only&for: negative
but&i&!on&!did: positive
but&i&!on&did: conflict
but&i&on: neutral
DecisionTree learned:
!but&!and&!will&!little: negative
!but&!and&!will&little: negative
!but&!and&will&!you: conflict
!but&!and&will&you: positive
!but&and&!fast&!sol: positive
!but&and&!fast&sol: conflict
!but&and&fast: positive
but&!office&!isolator&!it: positive
but&!office&!isolator&it: negative
but&!office&isolator: neutral
but&office&!is&!to: positive
but&office&!is&to: neutral
but&office&is: neutral
DecisionTree learned:
!but&!and&!or&!it: negative
!but&!and&!or&it: negative
!but&!and&or&!phone: neutral
!but&!and&or&phone: positive
!but&and&!were&!great: positive
!but&and&!were&great: positive
!but&and&were&!laptop: negative
!but&and&were&laptop: conflict
but&!features&!did&!to: negative
but&!features&!did&to: neutral
but&!features&did&!a: neutral
but&!features&did&a: conflict
but&features&!new: positive
but&features&new: neutral
DecisionTree learned:
!but&!complain&!macbook&!easy: negative
!but&!complain&!macbook&easy: positive
!but&!complain&macbook&!pro: conflict
!but&!complain&macbook&pro: positive
!but&complain&!to: conflict
!but&complain&to: positive
but&!laptop&!little&!to: positive
but&!laptop&!little&to: neutral
but&!laptop&little: negative
but&laptop: neutral
DecisionTree learned:
!but&!speed&!and&!or: negative
!but&!speed&!and&or: neutral
!but&!speed&and&!sol: positive
!but&!speed&and&sol: conflict
!but&speed&!use&!nothing: positive
!but&speed&!use&nothing: negative
!but&speed&use: negative
but&!repair&!little&!use: positive
but&!repair&!little&use: negative
but&!repair&little: negative
but&repair: negative
DecisionTree learned:
!but&!and&!awesome&!some: negative
!but&!and&!awesome&some: conflict
!but&!and&awesome: positive
!but&and&!word&!i: positive
!but&and&!word&i: neutral
!but&and&word&!i: neutral
!but&and&word&i: positive
but&!use&!support&!be: conflict
but&!use&!support&be: negative
but&!use&support: negative
but&use&!of&!to: negative
but&use&!of&to: positive
but&use&of: positive
DecisionTree learned:
!but&!is&!macbook&!generally: negative
!but&!is&!macbook&generally: conflict
!but&!is&macbook&!pro: conflict
!but&!is&macbook&pro: positive
!but&is&!little&!yes: positive
!but&is&!little&yes: conflict
!but&is&little&!to: conflict
!but&is&little&to: negative
but&!on&!huge&!with: positive
but&!on&!huge&with: neutral
but&!on&huge: conflict
but&on&!i&!are: negative
but&on&!i&are: conflict
but&on&i: neutral
DecisionTree learned:
!but&!and&!price&!little: negative
!but&!and&!price&little: conflict
!but&!and&price&!since: positive
!but&!and&price&since: conflict
!but&and&!extended&!media: positive
!but&and&!extended&media: conflict
!but&and&extended&!when: neutral
!but&and&extended&when: conflict
but&!gaming&!os&!repair: positive
but&!gaming&!os&repair: negative
but&!gaming&os&!of: positive
but&!gaming&os&of: neutral
but&gaming: positive
DecisionTree learned:
!but&!and&!worth&!requires: negative
!but&!and&!worth&requires: conflict
!but&!and&worth&!for: conflict
!but&!and&worth&for: neutral
!but&and&!is&!extended: positive
!but&and&!is&extended: neutral
!but&and&is&!media: positive
!but&and&is&media: conflict
but&!wanted&!i&!and: conflict
but&!wanted&!i&and: positive
but&!wanted&i&!can: positive
but&!wanted&i&can: neutral
but&wanted&!to: conflict
but&wanted&to: neutral
DecisionTree learned:
!but&!and&!yes&!worth: negative
!but&!and&!yes&worth: conflict
!but&!and&yes: conflict
!but&and&!is&!extended: positive
!but&and&!is&extended: neutral
!but&and&is&!what: positive
!but&and&is&what: conflict
but&!power&!i&!be: conflict
but&!power&!i&be: negative
but&!power&i&!on: positive
but&!power&i&on: neutral
but&power: neutral
DecisionTree learned:
!but&!easy&!and&!little: negative
!but&!easy&!and&little: conflict
!but&!easy&and&!sol: positive
!but&!easy&and&sol: conflict
!but&easy&!another&!not: positive
!but&easy&!another&not: positive
!but&easy&another: neutral
but&!support&!little&!it: positive
but&!support&!little&it: conflict
but&!support&little: negative
but&support: negative
DecisionTree learned:
!but&!and&!price&!or: negative
!but&!and&!price&or: neutral
!but&!and&price&!since: positive
!but&!and&price&since: conflict
!but&and&!sol&!is: positive
!but&and&!sol&is: positive
!but&and&sol: conflict
but&!standard&!it&!and: positive
but&!standard&!it&and: positive
but&!standard&it&!better: negative
but&!standard&it&better: neutral
but&standard: conflict
DecisionTree learned:
!but&!and&!little&!it: negative
!but&!and&!little&it: negative
!but&!and&little&!is: negative
!but&!and&little&is: conflict
!but&and&!the&!not: positive
!but&and&!the&not: neutral
!but&and&the&!when: negative
!but&and&the&when: neutral
but&!it&!and&!i: conflict
but&!it&!and&i: neutral
but&!it&and&!new: positive
but&!it&and&new: neutral
but&it&!better&!that: conflict
but&it&!better&that: positive
but&it&better: neutral
DecisionTree learned:
!but&!and&!inconvenient&!worth: negative
!but&!and&!inconvenient&worth: conflict
!but&!and&inconvenient&!battery: conflict
!but&!and&inconvenient&battery: positive
!but&and&!media&!sol: positive
!but&and&!media&sol: conflict
!but&and&media&!gaming: conflict
!but&and&media&gaming: positive
but&!a&!only&!you: negative
but&!a&!only&you: positive
but&!a&only&!for: neutral
but&!a&only&for: negative
but&a&!gaming&!mouse: conflict
but&a&!gaming&mouse: positive
but&a&gaming: positive
DecisionTree learned:
!but&!after&!macbook&!complain: positive
!but&!after&!macbook&complain: conflict
!but&!after&macbook&!pro: conflict
!but&!after&macbook&pro: positive
!but&after&!especially&!what: negative
!but&after&!especially&what: positive
!but&after&especially: conflict
but&!power&!i&!be: conflict
but&!power&!i&be: negative
but&!power&i&!on: positive
but&!power&i&on: neutral
but&power: neutral
DecisionTree learned:
!but&!and&!drive&!requires: negative
!but&!and&!drive&requires: conflict
!but&!and&drive&!for: neutral
!but&!and&drive&for: negative
!but&and&!sol&!media: positive
!but&and&!sol&media: conflict
!but&and&sol: conflict
but&!standard&!the&!mouse: conflict
but&!standard&!the&mouse: positive
but&!standard&the&!computer: positive
but&!standard&the&computer: negative
but&standard: conflict
DecisionTree learned:
!but&!is&!and&!some: neutral
!but&!is&!and&some: negative
!but&!is&and&!extended: positive
!but&!is&and&extended: neutral
!but&is&!little&!yes: positive
!but&is&!little&yes: conflict
!but&is&little&!to: conflict
!but&is&little&to: negative
but&!functioning&!to&!outside: positive
but&!functioning&!to&outside: neutral
but&!functioning&to&!battery: neutral
but&!functioning&to&battery: conflict
but&functioning: neutral
DecisionTree learned:
!but&!eee&!the&!s: neutral
!but&!eee&!the&s: positive
!but&!eee&the&!despite: negative
!but&!eee&the&despite: conflict
!but&eee: conflict
but&!power&!computer&!standard: negative
but&!power&!computer&standard: conflict
but&!power&computer&!that: negative
but&!power&computer&that: conflict
but&power: neutral
DecisionTree learned:
!but&!and&!laptops&!requires: negative
!but&!and&!laptops&requires: conflict
!but&!and&laptops&!it: neutral
!but&!and&laptops&it: conflict
!but&and&!media&!complain: positive
!but&and&!media&complain: conflict
!but&and&media: conflict
but&!little&!called&!i: negative
but&!little&!called&i: positive
but&!little&called: neutral
but&little: negative
DecisionTree learned:
!but&!eee&!laptops&!complain: negative
!but&!eee&!laptops&complain: conflict
!but&!eee&laptops&!it: neutral
!but&!eee&laptops&it: conflict
!but&eee: conflict
but&!cost&!learning&!they: positive
but&!cost&!learning&they: negative
but&!cost&learning&!mac: neutral
but&!cost&learning&mac: positive
but&cost&!is: conflict
but&cost&is: positive
DecisionTree learned:
!but&!generally&!complain&!yes: negative
!but&!generally&!complain&yes: conflict
!but&!generally&complain&!to: conflict
!but&!generally&complain&to: positive
!but&generally: conflict
but&!gaming&!was&!to: negative
but&!gaming&!was&to: neutral
but&!gaming&was&!very: negative
but&!gaming&was&very: positive
but&gaming: positive
DecisionTree learned:
!but&!eee&!is&!macbook: neutral
!but&!eee&!is&macbook: positive
!but&!eee&is&!little: positive
!but&!eee&is&little: conflict
!but&eee: conflict
but&!use&!life&!screen: negative
but&!use&!life&screen: conflict
but&!use&life&!to: conflict
but&!use&life&to: conflict
but&use&!is&!a: positive
but&use&!is&a: negative
but&use&is: negative
DecisionTree learned:
!but&!movie&!long&!macbook: negative
!but&!movie&!long&macbook: positive
!but&!movie&long&!so: positive
!but&!movie&long&so: conflict
!but&movie&!is: neutral
!but&movie&is: conflict
but&!who&!i&!only: negative
but&!who&!i&only: neutral
but&!who&i&!buy: positive
but&!who&i&buy: conflict
but&who: neutral
DecisionTree learned:
!but&!eee&!macbook&!laptops: negative
!but&!eee&!macbook&laptops: neutral
!but&!eee&macbook&!pro: conflict
!but&!eee&macbook&pro: positive
!but&eee: conflict
but&!a&!cost&!they: positive
but&!a&!cost&they: negative
but&!a&cost: conflict
but&a&!battery&!to: positive
but&a&!battery&to: neutral
but&a&battery&!in: conflict
but&a&battery&in: negative
DecisionTree learned:
!but&!functions&!is&!fast: neutral
!but&!functions&!is&fast: positive
!but&!functions&is&!little: negative
!but&!functions&is&little: conflict
!but&functions&!this: positive
!but&functions&this: conflict
but&!gaming&!a&!did: negative
but&!gaming&!a&did: neutral
but&!gaming&a&!n: conflict
but&!gaming&a&n: negative
but&gaming: positive
DecisionTree learned:
!and&!or&!to&!it: positive
!and&!or&!to&it: negative
!and&!or&to&!after: negative
!and&!or&to&after: conflict
!and&or&!as&!phone: neutral
!and&or&!as&phone: positive
!and&or&as: negative
and&!had&!n&!the: positive
and&!had&!n&the: positive
and&!had&n&!need: negative
and&!had&n&need: neutral
and&had&!that&!online: negative
and&had&!that&online: neutral
and&had&that&!old: neutral
and&had&that&old: negative
DecisionTree learned:
!but&!arisen&!eee&!requires: positive
!but&!arisen&!eee&requires: conflict
!but&!arisen&eee: conflict
!but&arisen: conflict
but&!instead&!new&!power: negative
but&!instead&!new&power: neutral
but&!instead&new&!software: neutral
but&!instead&new&software: negative
but&instead: positive
DecisionTree learned:
!but&!generally&!easy&!macbook: negative
!but&!generally&!easy&macbook: positive
!but&!generally&easy&!another: positive
!but&!generally&easy&another: neutral
!but&generally: conflict
but&!it&!and&!i: conflict
but&!it&!and&i: neutral
but&!it&and&!new: positive
but&!it&and&new: neutral
but&it&!better&!n: conflict
but&it&!better&n: negative
but&it&better: neutral
DecisionTree learned:
!but&!inconvenient&!macbook&!long: negative
!but&!inconvenient&!macbook&long: positive
!but&!inconvenient&macbook&!of: positive
!but&!inconvenient&macbook&of: conflict
!but&inconvenient&!battery: conflict
!but&inconvenient&battery: positive
but&!life&!functioning&!outside: positive
but&!life&!functioning&outside: neutral
but&!life&functioning: neutral
but&life&!to: conflict
but&life&to&!for: negative
but&life&to&for: conflict
DecisionTree learned:
!but&!and&!it&!inconvenient: negative
!but&!and&!it&inconvenient: conflict
!but&!and&it&!laptops: negative
!but&!and&it&laptops: conflict
!but&and&!complain&!media: positive
!but&and&!complain&media: conflict
!but&and&complain: conflict
but&!laptop&!isolator&!it: positive
but&!laptop&!isolator&it: conflict
but&!laptop&isolator: neutral
but&laptop: neutral
DecisionTree learned:
!but&!eee&!very&!speed: negative
!but&!eee&!very&speed: positive
!but&!eee&very&!about: positive
!but&!eee&very&about: conflict
!but&eee: conflict
but&!standard&!only&!a: negative
but&!standard&!only&a: conflict
but&!standard&only&!i: neutral
but&!standard&only&i: conflict
but&standard: conflict
DecisionTree learned:
!but&!worth&!complain&!generally: positive
!but&!worth&!complain&generally: conflict
!but&!worth&complain&!to: conflict
!but&!worth&complain&to: positive
!but&worth&!and&!for: conflict
!but&worth&!and&for: positive
!but&worth&and&!mouse: negative
!but&worth&and&mouse: positive
but&!little&!use&!was: positive
but&!little&!use&was: negative
but&!little&use&!is: positive
but&!little&use&is: negative
but&little: negative
DecisionTree learned:
!but&!very&!the&!needs: neutral
!but&!very&!the&needs: conflict
!but&!very&the&!despite: negative
!but&!very&the&despite: conflict
!but&very&!about&!are: positive
!but&very&!about&are: negative
!but&very&about: conflict
but&!functioning&!called&!a: negative
but&!functioning&!called&a: conflict
but&!functioning&called: neutral
but&functioning: neutral
DecisionTree learned:
!but&!and&!arisen&!inconvenient: negative
!but&!and&!arisen&inconvenient: conflict
!but&!and&arisen: conflict
!but&and&!sol&!is: positive
!but&and&!sol&is: positive
!but&and&sol: conflict
but&!did&!to&!with: positive
but&!did&!to&with: neutral
but&!did&to&!you: negative
but&!did&to&you: neutral
but&did&!a&!software: neutral
but&did&!a&software: negative
but&did&a&!i: negative
but&did&a&i: conflict
DecisionTree learned:
!but&!or&!and&!it: positive
!but&!or&!and&it: negative
!but&!or&and&!sol: positive
!but&!or&and&sol: conflict
!but&or&!apps&!up: neutral
!but&or&!apps&up: negative
!but&or&apps: positive
but&!was&!to&!with: negative
but&!was&!to&with: neutral
but&!was&to&!be: neutral
but&!was&to&be: negative
but&was&!very&!that: negative
but&was&!very&that: positive
but&was&very: positive
DecisionTree learned:
!but&!and&!lacking&!perfect: negative
!but&!and&!lacking&perfect: conflict
!but&!and&lacking: conflict
!but&and&!sol&!media: positive
!but&and&!sol&media: conflict
!but&and&sol: conflict
but&!did&!support&!repair: positive
but&!did&!support&repair: negative
but&!did&support: negative
but&did&!a&!software: neutral
but&did&!a&software: negative
but&did&a&!i: negative
but&did&a&i: conflict
DecisionTree learned:
!and&!but&!laptops&!mind: negative
!and&!but&!laptops&mind: conflict
!and&!but&laptops&!it: negative
!and&!but&laptops&it: conflict
!and&but&!i&!warranty: conflict
!and&but&!i&warranty: neutral
!and&but&i&!did: positive
!and&but&i&did: neutral
and&!word&!board&!media: positive
and&!word&!board&media: conflict
and&!word&board: negative
and&word&!its&!i: neutral
and&word&!its&i: positive
and&word&its: conflict
DecisionTree learned:
!but&!complain&!eee&!for: negative
!but&!complain&!eee&for: neutral
!but&!complain&eee: conflict
!but&complain&!to: conflict
!but&complain&to: positive
but&!was&!screen&!an: positive
but&!was&!screen&an: neutral
but&!was&screen&!very: conflict
but&!was&screen&very: negative
but&was&!very&!sure: negative
but&was&!very&sure: positive
but&was&very: positive
DecisionTree learned:
!but&!generally&!complain&!and: negative
!but&!generally&!complain&and: positive
!but&!generally&complain&!to: conflict
!but&!generally&complain&to: positive
!but&generally: conflict
but&!laptop&!use&!be: conflict
but&!laptop&!use&be: negative
but&!laptop&use&!a: positive
but&!laptop&use&a: negative
but&laptop: neutral
DecisionTree learned:
!and&!but&!worth&!generally: negative
!and&!but&!worth&generally: conflict
!and&!but&worth&!for: conflict
!and&!but&worth&for: neutral
!and&but&!i&!who: conflict
!and&but&!i&who: neutral
!and&but&i&!did: neutral
!and&but&i&did: neutral
and&!sol&!word&!media: positive
and&!sol&!word&media: conflict
and&!sol&word&!i: neutral
and&!sol&word&i: positive
and&sol: conflict
DecisionTree learned:
!but&!concerned&!macbook&!is: neutral
!but&!concerned&!macbook&is: positive
!but&!concerned&macbook&!pro: conflict
!but&!concerned&macbook&pro: positive
!but&concerned: conflict
but&!it&!and&!i: negative
but&!it&!and&i: neutral
but&!it&and&!new: positive
but&!it&and&new: neutral
but&it&!better&!the: conflict
but&it&!better&the: positive
but&it&better: neutral
DecisionTree learned:
!but&!laptops&!eee&!is: neutral
!but&!laptops&!eee&is: positive
!but&!laptops&eee: conflict
!but&laptops&!it&!mac: neutral
!but&laptops&!it&mac: positive
!but&laptops&it: conflict
but&!so&!i&!only: negative
but&!so&!i&only: neutral
but&!so&i&!buy: positive
but&!so&i&buy: conflict
but&so: neutral
DecisionTree learned:
!but&!arisen&!complain&!and: negative
!but&!arisen&!complain&and: positive
!but&!arisen&complain&!to: conflict
!but&!arisen&complain&to: positive
!but&arisen: conflict
but&!who&!laptop&!be: positive
but&!who&!laptop&be: negative
but&!who&laptop: neutral
but&who: neutral
DecisionTree learned:
!but&!and&!price&!mind: negative
!but&!and&!price&mind: conflict
!but&!and&price&!since: positive
!but&!and&price&since: conflict
!but&and&!email&!complain: positive
!but&and&!email&complain: conflict
!but&and&email&!office: neutral
!but&and&email&office: positive
but&!getting&!functioning&!i: negative
but&!getting&!functioning&i: positive
but&!getting&functioning: neutral
but&getting: neutral
DecisionTree learned:
!and&!but&!generally&!it: negative
!and&!but&!generally&it: negative
!and&!but&generally: conflict
!and&but&!i&!warranty: conflict
!and&but&!i&warranty: neutral
!and&but&i&!did: positive
!and&but&i&did: conflict
and&!media&!sol&!complain: positive
and&!media&!sol&complain: conflict
and&!media&sol: conflict
and&media&!gaming: conflict
and&media&gaming: positive
DecisionTree learned:
!but&!generally&!worth&!back: negative
!but&!generally&!worth&back: negative
!but&!generally&worth&!it: positive
!but&!generally&worth&it: conflict
!but&generally: conflict
but&!laptop&!os&!on: positive
but&!laptop&!os&on: neutral
but&!laptop&os&!have: neutral
but&!laptop&os&have: positive
but&laptop: neutral
DecisionTree learned:
!but&!and&!yes&!some: negative
!but&!and&!yes&some: conflict
!but&!and&yes: conflict
!but&and&!sol&!is: positive
!but&and&!sol&is: positive
!but&and&sol: conflict
but&!warranty&!n&!a: positive
but&!warranty&!n&a: neutral
but&!warranty&n&!that: negative
but&!warranty&n&that: conflict
but&warranty&!repair: neutral
but&warranty&repair: negative
DecisionTree learned:
!but&!and&!will&!arisen: negative
!but&!and&!will&arisen: conflict
!but&!and&will&!you: conflict
!but&!and&will&you: positive
!but&and&!sol&!is: positive
!but&and&!sol&is: positive
!but&and&sol: conflict
but&!need&!standard&!it: negative
but&!need&!standard&it: conflict
but&!need&standard: conflict
but&need: positive
DecisionTree learned:
!and&!but&!little&!lacking: negative
!and&!but&!little&lacking: conflict
!and&!but&little&!is: negative
!and&!but&little&is: conflict
!and&but&!i&!to: conflict
!and&but&!i&to: neutral
!and&but&i&!did: positive
!and&but&i&did: neutral
and&!sol&!word&!media: positive
and&!sol&!word&media: conflict
and&!sol&word&!i: neutral
and&!sol&word&i: positive
and&sol: conflict
DecisionTree learned:
!but&!worth&!movie&!long: negative
!but&!worth&!movie&long: positive
!but&!worth&movie&!is: neutral
!but&!worth&movie&is: conflict
!but&worth&!and&!money: conflict
!but&worth&!and&money: neutral
!but&worth&and&!n: positive
!but&worth&and&n: negative
but&!cost&!on&!os: negative
but&!cost&!on&os: neutral
but&!cost&on&!i: negative
but&!cost&on&i: neutral
but&cost&!is: conflict
but&cost&is: positive
DecisionTree learned:
!but&!and&!little&!it: neutral
!but&!and&!little&it: negative
!but&!and&little&!is: negative
!but&!and&little&is: conflict
!but&and&!extended&!media: positive
!but&and&!extended&media: conflict
!but&and&extended&!when: neutral
!but&and&extended&when: conflict
but&!learning&!support&!be: positive
but&!learning&!support&be: negative
but&!learning&support: negative
but&learning&!mac: neutral
but&learning&mac: positive
DecisionTree learned:
!but&!and&!lacking&!it: neutral
!but&!and&!lacking&it: negative
!but&!and&lacking: conflict
!but&and&!media&!email: positive
!but&and&!media&email: neutral
!but&and&media&!gaming: conflict
!but&and&media&gaming: positive
but&!it&!and&!i: negative
but&!it&!and&i: neutral
but&!it&and&!new: positive
but&!it&and&new: neutral
but&it&!better&!bit: conflict
but&it&!better&bit: positive
but&it&better: neutral
DecisionTree learned:
!and&!yes&!eee&!but: negative
!and&!yes&!eee&but: negative
!and&!yes&eee: conflict
!and&yes: conflict
and&!word&!media&!extended: positive
and&!word&!media&extended: neutral
and&!word&media&!is: positive
and&!word&media&is: conflict
and&word&!its&!i: neutral
and&word&!its&i: positive
and&word&its: conflict
DecisionTree learned:
!but&!functions&!s&!worth: negative
!but&!functions&!s&worth: conflict
!but&!functions&s&!it: neutral
!but&!functions&s&it: positive
!but&functions&!this: positive
!but&functions&this: conflict
but&!be&!it&!and: conflict
but&!be&!it&and: positive
but&!be&it&!n: conflict
but&!be&it&n: negative
but&be&!would&!that: negative
but&be&!would&that: neutral
but&be&would&!software: positive
but&be&would&software: negative
DecisionTree learned:
!but&!and&!little&!it: neutral
!but&!and&!little&it: negative
!but&!and&little&!is: negative
!but&!and&little&is: conflict
!but&and&!complain&!media: positive
!but&and&!complain&media: conflict
!but&and&complain: conflict
but&!i&!only&!learning: negative
but&!i&!only&learning: neutral
but&!i&only&!for: neutral
but&!i&only&for: negative
but&i&!on&!can: positive
but&i&!on&can: neutral
but&i&on: neutral
DecisionTree learned:
!but&!and&!worth&!yes: negative
!but&!and&!worth&yes: conflict
!but&!and&worth&!for: conflict
!but&!and&worth&for: positive
!but&and&!complain&!sol: positive
!but&and&!complain&sol: conflict
!but&and&complain: conflict
but&!called&!an&!outside: positive
but&!called&!an&outside: neutral
but&!called&an&!with: conflict
but&!called&an&with: neutral
but&called: neutral
DecisionTree learned:
!and&!but&!worth&!some: negative
!and&!but&!worth&some: conflict
!and&!but&worth&!for: conflict
!and&!but&worth&for: neutral
!and&but&!i&!an: conflict
!and&but&!i&an: neutral
!and&but&i&!did: positive
!and&but&i&did: neutral
and&!complain&!word&!media: positive
and&!complain&!word&media: conflict
and&!complain&word&!i: neutral
and&!complain&word&i: positive
and&complain: conflict
DecisionTree learned:
!and&!it&!generally&!but: neutral
!and&!it&!generally&but: neutral
!and&!it&generally: conflict
!and&it&!to&!laptops: negative
!and&it&!to&laptops: conflict
!and&it&to&!so: negative
!and&it&to&so: neutral
and&!media&!word&!complain: positive
and&!media&!word&complain: conflict
and&!media&word&!its: neutral
and&!media&word&its: conflict
and&media&!is: positive
and&media&is: conflict
DecisionTree learned:
!but&!and&!will&!inconvenient: negative
!but&!and&!will&inconvenient: conflict
!but&!and&will&!to: conflict
!but&!and&will&to: neutral
!but&and&!media&!were: positive
!but&and&!media&were: negative
!but&and&media&!gaming: conflict
!but&and&media&gaming: positive
but&!computer&!the&!well: conflict
but&!computer&!the&well: neutral
but&!computer&the&!had: positive
but&!computer&the&had: conflict
but&computer&!that: negative
but&computer&that: conflict
DecisionTree learned:
!but&!complain&!and&!laptops: negative
!but&!complain&!and&laptops: conflict
!but&!complain&and&!extended: positive
!but&!complain&and&extended: neutral
!but&complain&!to: conflict
!but&complain&to: positive
but&!computer&!it&!and: positive
but&!computer&!it&and: positive
but&!computer&it&!be: conflict
but&!computer&it&be: positive
but&computer&!that: negative
but&computer&that: conflict
DecisionTree learned:
!but&!mind&!macbook&!concerned: negative
!but&!mind&!macbook&concerned: conflict
!but&!mind&macbook&!pro: conflict
!but&!mind&macbook&pro: positive
!but&mind: conflict
but&!who&!i&!only: conflict
but&!who&!i&only: neutral
but&!who&i&!can: positive
but&!who&i&can: neutral
but&who: neutral
DecisionTree learned:
!and&!but&!some&!to: positive
!and&!but&!some&to: negative
!and&!but&some&!the: negative
!and&!but&some&the: conflict
!and&but&!i&!called: conflict
!and&but&!i&called: neutral
!and&but&i&!did: positive
!and&but&i&did: conflict
and&!firefox&!word&!extended: positive
and&!firefox&!word&extended: neutral
and&!firefox&word&!i: neutral
and&!firefox&word&i: positive
and&firefox: neutral
DecisionTree learned:
!but&!quality&!takes&!to: neutral
!but&!quality&!takes&to: negative
!but&!quality&takes&!especially: positive
!but&!quality&takes&especially: conflict
!but&quality&!on&!high: negative
!but&quality&!on&high: positive
!but&quality&on: conflict
but&!it&!and&!i: conflict
but&!it&!and&i: neutral
but&!it&and&!new: positive
but&!it&and&new: neutral
but&it&!that&!n: conflict
but&it&!that&n: negative
but&it&that&!can: negative
but&it&that&can: neutral
DecisionTree learned:
!but&!some&!inconvenient&!macbook: negative
!but&!some&!inconvenient&macbook: positive
!but&!some&inconvenient&!battery: conflict
!but&!some&inconvenient&battery: positive
!but&some&!inside&!the: negative
!but&some&!inside&the: conflict
!but&some&inside: neutral
but&!features&!warranty&!a: negative
but&!features&!warranty&a: conflict
but&!features&warranty&!repair: neutral
but&!features&warranty&repair: negative
but&features&!new: positive
but&features&new: neutral
DecisionTree learned:
!and&!or&!it&!eee: positive
!and&!or&!it&eee: conflict
!and&!or&it&!to: negative
!and&!or&it&to: negative
!and&or&!strange&!as: neutral
!and&or&!strange&as: negative
!and&or&strange: positive
and&!sol&!firefox&!word: positive
and&!sol&!firefox&word: neutral
and&!sol&firefox: neutral
and&sol: conflict
DecisionTree learned:
!and&!yes&!but&!some: neutral
!and&!yes&!but&some: conflict
!and&!yes&but&!an: positive
!and&!yes&but&an: neutral
!and&yes: conflict
and&!complain&!sol&!email: positive
and&!complain&!sol&email: neutral
and&!complain&sol: conflict
and&complain: conflict
DecisionTree learned:
!and&!to&!dedicated&!yes: negative
!and&!to&!dedicated&yes: conflict
!and&!to&dedicated&!graphics: neutral
!and&!to&dedicated&graphics: conflict
!and&to&!after&!easy: neutral
!and&to&!after&easy: positive
!and&to&after&!especially: negative
!and&to&after&especially: conflict
and&!complain&!sol&!video: positive
and&!complain&!sol&video: negative
and&!complain&sol: conflict
and&complain: conflict
DecisionTree learned:
!and&!yes&!portability&!perfect: negative
!and&!yes&!portability&perfect: conflict
!and&!yes&portability: conflict
!and&yes: conflict
and&!media&!the&!not: positive
and&!media&!the&not: neutral
and&!media&the&!when: negative
and&!media&the&when: neutral
and&media&!is: positive
and&media&is: conflict
Trial 0 Training cc.mallet.classify.AdaBoostM2Trainer@15f66cff finished
Trial 0 Trainer cc.mallet.classify.AdaBoostM2Trainer@15f66cff test data accuracy = 0.5212981744421906

NaiveBayesTrainer
Summary. test accuracy mean = 0.6632860040567952 stddev = 0.0 stderr = 0.0

MaxEntTrainer,gaussianPriorVariance=1.0
Summary. test accuracy mean = 0.6713995943204868 stddev = 0.0 stderr = 0.0

cc.mallet.classify.DecisionTreeTrainer@266bade9
Summary. test accuracy mean = 0.5456389452332657 stddev = 0.0 stderr = 0.0

cc.mallet.classify.AdaBoostM2Trainer@15f66cff
Summary. test accuracy mean = 0.5212981744421906 stddev = 0.0 stderr = 0.0
