
-------------------- Trial 0  --------------------

Trial 0 Training NaiveBayesTrainer with 1865 instances
Trial 0 Training NaiveBayesTrainer finished
Trial 0 Trainer NaiveBayesTrainer test data accuracy = 0.6876267748478702
Trial 0 Training MaxEntTrainer,gaussianPriorVariance=1.0 with 1865 instances
Trial 0 Training MaxEntTrainer,gaussianPriorVariance=1.0 finished
Trial 0 Trainer MaxEntTrainer,gaussianPriorVariance=1.0 test data accuracy = 0.6490872210953347
Trial 0 Training cc.mallet.classify.DecisionTreeTrainer@2b2d96f2 with 1865 instances
DecisionTree learned:
!great&!easy&!and&!but: negative
!great&!easy&!and&but: negative
!great&!easy&and&!vbz: positive
!great&!easy&and&vbz: positive
!great&easy&!cd&!carry: positive
!great&easy&!cd&carry: positive
!great&easy&cd: neutral
great&!etc&!but&!battery: positive
great&!etc&!but&battery: positive
great&!etc&but&!vbz: conflict
great&!etc&but&vbz: positive
great&etc: negative
Trial 0 Training cc.mallet.classify.DecisionTreeTrainer@2b2d96f2 finished
Trial 0 Trainer cc.mallet.classify.DecisionTreeTrainer@2b2d96f2 test data accuracy = 0.5456389452332657
Trial 0 Training cc.mallet.classify.AdaBoostM2Trainer@7e78fc6 with 1865 instances
DecisionTree learned:
!great&!and&!but&!love: negative
!great&!and&!but&love: positive
!great&!and&but&!i: negative
!great&!and&but&i: positive
!great&and&!easy&!word: positive
!great&and&!easy&word: neutral
!great&and&easy: positive
great&!etc&!lack&!small: positive
great&!etc&!lack&small: conflict
great&!etc&lack: negative
great&etc: negative
DecisionTree learned:
!great&!easy&!and&!but: negative
!great&!easy&!and&but: negative
!great&!easy&and&!email: positive
!great&!easy&and&email: neutral
!great&easy&!cd&!carry: positive
!great&easy&!cd&carry: positive
!great&easy&cd: neutral
great&!but&!etc&!battery: positive
great&!but&!etc&battery: positive
great&!but&etc: negative
great&but&!vbz: conflict
great&but&vbz&!vb: positive
great&but&vbz&vb: negative
DecisionTree learned:
!great&!easy&!good&!love: negative
!great&!easy&!good&love: positive
!great&!easy&good&!no: positive
!great&!easy&good&no: negative
!great&easy&!cd&!carry: positive
!great&easy&!cd&carry: positive
!great&easy&cd: neutral
great&!media&!but&!you: positive
great&!media&!but&you: neutral
great&!media&but&!vbz: conflict
great&!media&but&vbz: positive
great&media&!gaming: conflict
great&media&gaming: positive
DecisionTree learned:
!great&!and&!but&!good: negative
!great&!and&!but&good: positive
!great&!and&but&!another: negative
!great&!and&but&another: neutral
!great&and&!vbz&!extended: positive
!great&and&!vbz&extended: neutral
!great&and&vbz&!jj: positive
!great&and&vbz&jj: positive
great&!but&!media&!vents: positive
great&!but&!media&vents: neutral
great&!but&media&!gaming: conflict
great&!but&media&gaming: positive
great&but&!vbz: conflict
great&but&vbz&!vb: positive
great&but&vbz&vb: negative
DecisionTree learned:
!but&!great&!vbz&!love: negative
!but&!great&!vbz&love: positive
!but&!great&vbz&!not: positive
!but&!great&vbz&not: negative
!but&great&!you&!vbn: positive
!but&great&!you&vbn: negative
!but&great&you: neutral
but&!laptop&!wdt&!temperatures: negative
but&!laptop&!wdt&temperatures: neutral
but&!laptop&wdt&!vbd: positive
but&!laptop&wdt&vbd: neutral
but&laptop: neutral
DecisionTree learned:
!but&!easy&!great&!speed: negative
!but&!easy&!great&speed: positive
!but&!easy&great&!you: positive
!but&!easy&great&you: neutral
!but&easy&!cd&!not: positive
!but&easy&!cd&not: positive
!but&easy&cd: neutral
but&!laptop&!wdt&!features: negative
but&!laptop&!wdt&features: positive
but&!laptop&wdt&!vbd: positive
but&!laptop&wdt&vbd: neutral
but&laptop: neutral
DecisionTree learned:
!but&!vbz&!great&!good: negative
!but&!vbz&!great&good: positive
!but&!vbz&great&!vb: positive
!but&!vbz&great&vb: positive
!but&vbz&!not&!and: positive
!but&vbz&!not&and: positive
!but&vbz&not&!has: negative
!but&vbz&not&has: positive
but&!be&!it&!and: negative
but&!be&!it&and: positive
but&!be&it&!vbp: conflict
but&!be&it&vbp: positive
but&be&!jjr&!would: negative
but&be&!jjr&would: negative
but&be&jjr&!just: neutral
but&be&jjr&just: positive
DecisionTree learned:
!but&!vbz&!love&!and: negative
!but&!vbz&!love&and: positive
!but&!vbz&love&!vbn: positive
!but&!vbz&love&vbn: neutral
!but&vbz&!little&!not: positive
!but&vbz&!little&not: negative
!but&vbz&little&!jj: conflict
!but&vbz&little&jj: negative
but&!laptop&!getting&!repair: negative
but&!laptop&!getting&repair: negative
but&!laptop&getting: neutral
but&laptop: neutral
DecisionTree learned:
!but&!easy&!great&!and: negative
!but&!easy&!great&and: positive
!but&!easy&great&!media: positive
!but&!easy&great&media: conflict
!but&easy&!cd&!not: positive
!but&easy&!cd&not: positive
!but&easy&cd: neutral
but&!wdt&!features&!i: negative
but&!wdt&!features&i: negative
but&!wdt&features&!new: positive
but&!wdt&features&new: neutral
but&wdt&!vbd&!dt: conflict
but&wdt&!vbd&dt: positive
but&wdt&vbd&!it: neutral
but&wdt&vbd&it: conflict
DecisionTree learned:
!but&!easy&!fast&!speed: negative
!but&!easy&!fast&speed: positive
!but&!easy&fast&!cd: positive
!but&!easy&fast&cd: neutral
!but&easy&!cd&!not: positive
!but&easy&!cd&not: positive
!but&easy&cd: neutral
but&!laptop&!repair&!to: negative
but&!laptop&!repair&to: neutral
but&!laptop&repair: negative
but&laptop: neutral
DecisionTree learned:
!but&!vbz&!it&!or: positive
!but&!vbz&!it&or: neutral
!but&!vbz&it&!will: negative
!but&!vbz&it&will: conflict
!but&vbz&!the&!not: positive
!but&vbz&!the&not: negative
!but&vbz&the&!any: positive
!but&vbz&the&any: neutral
but&!it&!and&!i: negative
but&!it&!and&i: neutral
but&!it&and&!new: positive
but&!it&and&new: neutral
but&it&!vbp&!be: conflict
but&it&!vbp&be: positive
but&it&vbp&!in: negative
but&it&vbp&in: positive
DecisionTree learned:
!but&!vbz&!or&!love: negative
!but&!vbz&!or&love: positive
!but&!vbz&or&!so: neutral
!but&!vbz&or&so: negative
!but&vbz&!very&!great: positive
!but&vbz&!very&great: positive
!but&vbz&very&!laptop: positive
!but&vbz&very&laptop: conflict
but&!wdt&!they&!so: negative
but&!wdt&!they&so: neutral
but&!wdt&they&!rb: conflict
but&!wdt&they&rb: negative
but&wdt&!vbd&!dt: conflict
but&wdt&!vbd&dt: positive
but&wdt&vbd&!it: neutral
but&wdt&vbd&it: conflict
DecisionTree learned:
!but&!easy&!good&!love: negative
!but&!easy&!good&love: positive
!but&!easy&good&!no: positive
!but&!easy&good&no: negative
!but&easy&!cd&!not: positive
!but&easy&!cd&not: positive
!but&easy&cd: neutral
but&!wdt&!learning&!i: negative
but&!wdt&!learning&i: positive
but&!wdt&learning&!nn: positive
but&!wdt&learning&nn: neutral
but&wdt&!vbd&!dt: conflict
but&wdt&!vbd&dt: positive
but&wdt&vbd&!it: neutral
but&wdt&vbd&it: conflict
DecisionTree learned:
!but&!and&!price&!some: negative
!but&!and&!price&some: negative
!but&!and&price&!works: positive
!but&!and&price&works: neutral
!but&and&!md&!vbd: positive
!but&and&!md&vbd: negative
!but&and&md&!vbd: negative
!but&and&md&vbd: neutral
but&!repair&!jj&!use: conflict
but&!repair&!jj&use: negative
but&!repair&jj&!and: negative
but&!repair&jj&and: positive
but&repair: negative
DecisionTree learned:
!but&!cd&!easy&!fast: negative
!but&!cd&!easy&fast: positive
!but&!cd&easy&!carry: positive
!but&!cd&easy&carry: positive
!but&cd&!complain&!despite: neutral
!but&cd&!complain&despite: conflict
!but&cd&complain: conflict
but&!wdt&!on&!so: negative
but&!wdt&!on&so: neutral
but&!wdt&on&!i: negative
but&!wdt&on&i: neutral
but&wdt&!vbd&!dt: conflict
but&wdt&!vbd&dt: positive
but&wdt&vbd&!it: neutral
but&wdt&vbd&it: conflict
DecisionTree learned:
!but&!good&!very&!great: negative
!but&!good&!very&great: positive
!but&!good&very&!about: positive
!but&!good&very&about: conflict
!but&good&!the: positive
!but&good&the&!taking: positive
!but&good&the&taking: neutral
but&!power&!the&!vbp: conflict
but&!power&!the&vbp: negative
but&!power&the&!prp: negative
but&!power&the&prp: positive
but&power: neutral
DecisionTree learned:
!but&!easy&!and&!price: negative
!but&!easy&!and&price: positive
!but&!easy&and&!extended: positive
!but&!easy&and&extended: neutral
!but&easy&!not&!cd: positive
!but&easy&!not&cd: neutral
!but&easy&not&!and: negative
!but&easy&not&and: positive
but&!rb&!to&!features: conflict
but&!rb&!to&features: positive
but&!rb&to&!nns: neutral
but&!rb&to&nns: negative
but&rb&!power&!did: positive
but&rb&!power&did: neutral
but&rb&power: neutral
DecisionTree learned:
!but&!vbd&!complain&!movie: positive
!but&!vbd&!complain&movie: neutral
!but&!vbd&complain&!rb: positive
!but&!vbd&complain&rb: conflict
!but&vbd&!wanted&!well: negative
!but&vbd&!wanted&well: neutral
!but&vbd&wanted: neutral
but&!standard&!was&!to: negative
but&!standard&!was&to: neutral
but&!standard&was&!very: negative
but&!standard&was&very: positive
but&standard: conflict
DecisionTree learned:
!but&!is&!and&!some: negative
!but&!is&!and&some: negative
!but&!is&and&!extended: positive
!but&!is&and&extended: neutral
!but&is&!any&!little: positive
!but&is&!any&little: conflict
!but&is&any&!on: neutral
!but&is&any&on: negative
but&!laptop&!temperatures&!standard: positive
but&!laptop&!temperatures&standard: conflict
but&!laptop&temperatures: neutral
but&laptop: neutral
DecisionTree learned:
!but&!complain&!great&!and: negative
!but&!complain&!great&and: positive
!but&!complain&great&!media: positive
!but&!complain&great&media: conflict
!but&complain&!rb: positive
!but&complain&rb: conflict
but&!be&!it&!an: positive
but&!be&!it&an: neutral
but&!be&it&!vbp: conflict
but&!be&it&vbp: positive
but&be&!that&!nn: positive
but&be&!that&nn: negative
but&be&that: neutral
DecisionTree learned:
!but&!cd&!cc&!to: negative
!but&!cd&!cc&to: negative
!but&!cd&cc&!sol: positive
!but&!cd&cc&sol: conflict
!but&cd&!nn&!ports: neutral
!but&cd&!nn&ports: negative
!but&cd&nn&!complain: neutral
!but&cd&nn&complain: conflict
but&!a&!vbp&!no: negative
but&!a&!vbp&no: conflict
but&!a&vbp&!vb: positive
but&!a&vbp&vb: negative
but&a&!in&!rb: conflict
but&a&!in&rb: negative
but&a&in&!battery: neutral
but&a&in&battery: conflict
DecisionTree learned:
!but&!vbz&!will&!its: negative
!but&!vbz&!will&its: positive
!but&!vbz&will&!cc: conflict
!but&!vbz&will&cc: neutral
!but&vbz&!little&!the: positive
!but&vbz&!little&the: positive
!but&vbz&little&!jj: conflict
!but&vbz&little&jj: negative
but&!space&!new&!in: positive
but&!space&!new&in: negative
but&!space&new&!software: neutral
but&!space&new&software: negative
but&space&!keyboard: positive
but&space&keyboard: positive
DecisionTree learned:
!but&!good&!and&!little: negative
!but&!good&!and&little: conflict
!but&!good&and&!extended: positive
!but&!good&and&extended: neutral
!but&good&!no&!taking: positive
!but&good&!no&taking: neutral
!but&good&no: negative
but&!screen&!life&!computer: negative
but&!screen&!life&computer: conflict
but&!screen&life&!in: conflict
but&!screen&life&in: conflict
but&screen&!and&!on: conflict
but&screen&!and&on: negative
but&screen&and: positive
DecisionTree learned:
!but&!and&!awesome&!price: negative
!but&!and&!awesome&price: positive
!but&!and&awesome: positive
!but&and&!extended&!fast: positive
!but&and&!extended&fast: positive
!but&and&extended&!when: neutral
!but&and&extended&when: conflict
but&!rp&!vbg&!vbd: negative
but&!rp&!vbg&vbd: neutral
but&!rp&vbg&!for: positive
but&!rp&vbg&for: conflict
but&rp&!software: negative
but&rp&software: conflict
DecisionTree learned:
!but&!cc&!cd&!lacking: negative
!but&!cc&!cd&lacking: conflict
!but&!cc&cd&!despite: neutral
!but&!cc&cd&despite: conflict
!but&cc&!and&!vbg: neutral
!but&cc&!and&vbg: positive
!but&cc&and&!rb: positive
!but&cc&and&rb: negative
but&!learning&!huge&!life: negative
but&!learning&!huge&life: conflict
but&!learning&huge: conflict
but&learning&!nn: positive
but&learning&nn: neutral
DecisionTree learned:
!but&!vbz&!generally&!its: negative
!but&!vbz&!generally&its: positive
!but&!vbz&generally: conflict
!but&vbz&!the&!s: positive
!but&vbz&!the&s: conflict
!but&vbz&the&!any: negative
!but&vbz&the&any: neutral
but&!it&!and&!very: negative
but&!it&!and&very: positive
but&!it&and&!new: positive
but&!it&and&new: neutral
but&it&!vbg&!vbp: conflict
but&it&!vbg&vbp: negative
but&it&vbg: positive
DecisionTree learned:
!but&!after&!laptops&!movie: positive
!but&!after&!laptops&movie: neutral
!but&!after&laptops&!it: neutral
!but&!after&laptops&it: conflict
!but&after&!especially&!warranty: negative
!but&after&!especially&warranty: neutral
!but&after&especially: conflict
but&!power&!be&!it: positive
but&!power&!be&it: conflict
but&!power&be&!would: negative
but&!power&be&would: positive
but&power: neutral
DecisionTree learned:
!but&!vbz&!price&!graphics: negative
!but&!vbz&!price&graphics: positive
!but&!vbz&price&!nns: positive
!but&!vbz&price&nns: neutral
!but&vbz&!little&!the: positive
!but&vbz&!little&the: negative
!but&vbz&little&!jj: conflict
!but&vbz&little&jj: negative
but&!an&!jj&!to: negative
but&!an&!jj&to: neutral
but&!an&jj&!functioning: positive
but&!an&jj&functioning: neutral
but&an&!rb&!and: neutral
but&an&!rb&and: positive
but&an&rb&!just: conflict
but&an&rb&just: neutral
DecisionTree learned:
!but&!and&!worth&!cc: negative
!but&!and&!worth&cc: neutral
!but&!and&worth&!nnp: conflict
!but&!and&worth&nnp: neutral
!but&and&!complain&!the: positive
!but&and&!complain&the: negative
!but&and&complain: conflict
but&!a&!did&!outside: negative
but&!a&!did&outside: neutral
but&!a&did&!vb: negative
but&!a&did&vb: neutral
but&a&!in&!rb: conflict
but&a&!in&rb: negative
but&a&in&!battery: neutral
but&a&in&battery: conflict
DecisionTree learned:
!but&!cc&!laptops&!awesome: negative
!but&!cc&!laptops&awesome: positive
!but&!cc&laptops&!nnp: conflict
!but&!cc&laptops&nnp: negative
!but&cc&!or&!extended: positive
!but&cc&!or&extended: neutral
!but&cc&or&!vbd: neutral
!but&cc&or&vbd: negative
but&!repair&!only&!i: negative
but&!repair&!only&i: positive
but&!repair&only&!vbz: conflict
but&!repair&only&vbz: neutral
but&repair: negative
DecisionTree learned:
!but&!is&!fast&!macbook: negative
!but&!is&!fast&macbook: positive
!but&!is&fast: positive
!but&is&!any&!what: positive
!but&is&!any&what: conflict
!but&is&any&!on: neutral
!but&is&any&on: negative
but&!power&!repair&!vb: positive
but&!power&!repair&vb: negative
but&!power&repair: negative
but&power: neutral
DecisionTree learned:
!but&!good&!speed&!macbook: negative
!but&!good&!speed&macbook: positive
!but&!good&speed&!to: positive
!but&!good&speed&to: negative
!but&good&!the: positive
!but&good&the&!no: positive
!but&good&the&no: negative
but&!laptop&!wdt&!i: negative
but&!laptop&!wdt&i: negative
but&!laptop&wdt&!vbd: positive
but&!laptop&wdt&vbd: neutral
but&laptop: neutral
DecisionTree learned:
!but&!complain&!movie&!cd: positive
!but&!complain&!movie&cd: neutral
!but&!complain&movie&!so: neutral
!but&!complain&movie&so: conflict
!but&complain&!rb: positive
!but&complain&rb: conflict
but&!laptop&!they&!functioning: positive
but&!laptop&!they&functioning: neutral
but&!laptop&they&!rb: conflict
but&!laptop&they&rb: negative
but&laptop: neutral
DecisionTree learned:
!but&!price&!cd&!cc: negative
!but&!price&!cd&cc: positive
!but&!price&cd&!despite: neutral
!but&!price&cd&despite: conflict
!but&price&!since&!pc: positive
!but&price&!since&pc: conflict
!but&price&since: conflict
but&!laptop&!on&!so: negative
but&!laptop&!on&so: neutral
but&!laptop&on&!i: negative
but&!laptop&on&i: neutral
but&laptop: neutral
DecisionTree learned:
!but&!had&!love&!and: negative
!but&!had&!love&and: positive
!but&!had&love: positive
!but&had&!love&!applications: negative
!but&had&!love&applications: positive
!but&had&love: neutral
but&!screen&!support&!an: negative
but&!screen&!support&an: neutral
but&!screen&support: negative
but&screen&!and&!very: conflict
but&screen&!and&very: negative
but&screen&and: positive
DecisionTree learned:
!but&!is&!macbook&!some: neutral
!but&!is&!macbook&some: negative
!but&!is&macbook&!pro: conflict
!but&!is&macbook&pro: positive
!but&is&!what&!yes: negative
!but&is&!what&yes: conflict
!but&is&what&!a: positive
!but&is&what&a: conflict
but&!be&!it&!and: conflict
but&!be&!it&and: positive
but&!be&it&!vb: positive
but&!be&it&vb: conflict
but&be&!prp: negative
but&be&prp&!would: negative
but&be&prp&would: positive
DecisionTree learned:
!but&!complain&!after&!vb: positive
!but&!complain&!after&vb: negative
!but&!complain&after&!especially: negative
!but&!complain&after&especially: conflict
!but&complain&!rb: positive
!but&complain&rb: conflict
but&!jj&!laptop&!to: conflict
but&!jj&!laptop&to: neutral
but&!jj&laptop: neutral
but&jj&!and&!of: negative
but&jj&!and&of: positive
but&jj&and&!new: positive
but&jj&and&new: neutral
DecisionTree learned:
!but&!easy&!vbz&!eee: negative
!but&!easy&!vbz&eee: conflict
!but&!easy&vbz&!little: positive
!but&!easy&vbz&little: conflict
!but&easy&!not&!cd: positive
!but&easy&!not&cd: neutral
!but&easy&not&!and: negative
!but&easy&not&and: positive
but&!temperatures&!they&!power: positive
but&!temperatures&!they&power: neutral
but&!temperatures&they&!toshiba: negative
but&!temperatures&they&toshiba: neutral
but&temperatures: neutral
DecisionTree learned:
!but&!speed&!easy&!or: negative
!but&!speed&!easy&or: neutral
!but&!speed&easy&!cd: positive
!but&!speed&easy&cd: neutral
!but&speed&!use&!nothing: positive
!but&speed&!use&nothing: negative
!but&speed&use: negative
but&!laptop&!new&!power: negative
but&!laptop&!new&power: neutral
but&!laptop&new&!and: positive
but&!laptop&new&and: neutral
but&laptop: neutral
DecisionTree learned:
!but&!amazing&!cc&!little: negative
!but&!amazing&!cc&little: conflict
!but&!amazing&cc&!sol: positive
!but&!amazing&cc&sol: conflict
!but&amazing: positive
but&!a&!be&!rp: positive
but&!a&!be&rp: negative
but&!a&be&!nn: positive
but&!a&be&nn: negative
but&a&!in&!battery: negative
but&a&!in&battery: conflict
but&a&in&!battery: neutral
but&a&in&battery: conflict
DecisionTree learned:
!but&!easy&!is&!macbook: negative
!but&!easy&!is&macbook: positive
!but&!easy&is&!movie: negative
!but&!easy&is&movie: conflict
!but&easy&!cd&!not: positive
!but&easy&!cd&not: positive
!but&easy&cd: neutral
but&!power&!standard&!huge: negative
but&!power&!standard&huge: conflict
but&!power&standard: conflict
but&power: neutral
DecisionTree learned:
!but&!generally&!great&!speed: negative
!but&!generally&!great&speed: positive
!but&!generally&great&!media: positive
!but&!generally&great&media: conflict
!but&generally: conflict
but&!i&!only&!learning: negative
but&!i&!only&learning: neutral
but&!i&only&!vbz: negative
but&!i&only&vbz: neutral
but&i&!vb&!outside: positive
but&i&!vb&outside: neutral
but&i&vb&!in: negative
but&i&vb&in: neutral
DecisionTree learned:
!but&!cc&!requires&!it: negative
!but&!cc&!requires&it: negative
!but&!cc&requires: conflict
!but&cc&!sol&!is: positive
!but&cc&!sol&is: positive
!but&cc&sol: conflict
but&!power&!repair&!an: negative
but&!power&!repair&an: neutral
but&!power&repair: negative
but&power: neutral
DecisionTree learned:
!but&!cc&!it&!little: negative
!but&!cc&!it&little: conflict
!but&!cc&it&!jj: negative
!but&!cc&it&jj: negative
!but&cc&!the&!not: positive
!but&cc&!the&not: neutral
!but&cc&the&!wrb: negative
!but&cc&the&wrb: neutral
but&!rb&!i&!you: conflict
but&!rb&!i&you: neutral
but&!rb&i&!vbd: positive
but&!rb&i&vbd: neutral
but&rb&!warranty&!power: positive
but&rb&!warranty&power: neutral
but&rb&warranty&!cd: neutral
but&rb&warranty&cd: negative
DecisionTree learned:
!but&!vbz&!it&!lacking: positive
!but&!vbz&!it&lacking: conflict
!but&!vbz&it&!arisen: neutral
!but&!vbz&it&arisen: conflict
!but&vbz&!very&!crystal: positive
!but&vbz&!very&crystal: conflict
!but&vbz&very&!laptop: positive
!but&vbz&very&laptop: conflict
but&!who&!vb&!outside: positive
but&!who&!vb&outside: neutral
but&!who&vb&!be: conflict
but&!who&vb&be: negative
but&who: neutral
DecisionTree learned:
!but&!cc&!little&!it: negative
!but&!cc&!little&it: negative
!but&!cc&little&!is: negative
!but&!cc&little&is: conflict
!but&cc&!is&!sol: positive
!but&cc&!is&sol: conflict
!but&cc&is&!garageband: positive
!but&cc&is&garageband: neutral
but&!laptop&!use&!vb: positive
but&!laptop&!use&vb: negative
but&!laptop&use&!vbz: positive
but&!laptop&use&vbz: negative
but&laptop: neutral
DecisionTree learned:
!but&!generally&!vbz&!opted: neutral
!but&!generally&!vbz&opted: conflict
!but&!generally&vbz&!little: positive
!but&!generally&vbz&little: conflict
!but&generally: conflict
but&!on&!with&!new: positive
but&!on&!with&new: neutral
but&!on&with&!price: negative
but&!on&with&price: neutral
but&on&!i&!nns: negative
but&on&!i&nns: conflict
but&on&i: neutral
DecisionTree learned:
!but&!cc&!worth&!perfect: negative
!but&!cc&!worth&perfect: conflict
!but&!cc&worth&!nnp: conflict
!but&!cc&worth&nnp: neutral
!but&cc&!sol&!is: positive
!but&cc&!sol&is: positive
!but&cc&sol: conflict
but&!standard&!the&!jj: conflict
but&!standard&!the&jj: positive
but&!standard&the&!prp: negative
but&!standard&the&prp: positive
but&standard: conflict
DecisionTree learned:
!but&!complain&!cc&!it: positive
!but&!complain&!cc&it: negative
!but&!complain&cc&!media: positive
!but&!complain&cc&media: conflict
!but&complain&!rb: positive
!but&complain&rb: conflict
but&!repair&!software&!rp: positive
but&!repair&!software&rp: negative
but&!repair&software&!i: negative
but&!repair&software&i: neutral
but&repair: negative
DecisionTree learned:
!but&!cc&!it&!some: negative
!but&!cc&!it&some: conflict
!but&!cc&it&!jj: negative
!but&!cc&it&jj: negative
!but&cc&!sol&!is: positive
!but&cc&!sol&is: positive
!but&cc&sol: conflict
but&!screen&!an&!on: positive
but&!screen&!an&on: neutral
but&!screen&an&!rb: neutral
but&!screen&an&rb: conflict
but&screen&!and&!on: conflict
but&screen&!and&on: negative
but&screen&and: positive
DecisionTree learned:
!but&!is&!and&!some: neutral
!but&!is&!and&some: negative
!but&!is&and&!sol: positive
!but&!is&and&sol: conflict
!but&is&!yes&!what: negative
!but&is&!yes&what: conflict
!but&is&yes&!nn: conflict
!but&is&yes&nn: positive
but&!rp&!vbg&!an: positive
but&!rp&!vbg&an: neutral
but&!rp&vbg&!for: positive
but&!rp&vbg&for: conflict
but&rp&!software: negative
but&rp&software: negative
DecisionTree learned:
!but&!complain&!vb&!warranty: positive
!but&!complain&!vb&warranty: neutral
!but&!complain&vb&!will: negative
!but&!complain&vb&will: neutral
!but&complain&!rb: positive
!but&complain&rb: conflict
but&!jj&!standard&!the: conflict
but&!jj&!standard&the: positive
but&!jj&standard: conflict
but&jj&!and&!who: negative
but&jj&!and&who: neutral
but&jj&and&!new: positive
but&jj&and&new: neutral
DecisionTree learned:
!but&!cc&!it&!movie: neutral
!but&!cc&!it&movie: conflict
!but&!cc&it&!to: negative
!but&!cc&it&to: negative
!but&cc&!sol&!media: positive
!but&cc&!sol&media: negative
!but&cc&sol: conflict
but&!repair&!warranty&!learning: positive
but&!repair&!warranty&learning: neutral
but&!repair&warranty: neutral
but&repair: negative
DecisionTree learned:
!but&!good&!cc&!cd: negative
!but&!good&!cc&cd: neutral
!but&!good&cc&!or: positive
!but&!good&cc&or: neutral
!but&good&!the: positive
!but&good&the&!vbz: positive
!but&good&the&vbz: positive
but&!functioning&!on&!the: conflict
but&!functioning&!on&the: positive
but&!functioning&on&!i: negative
but&!functioning&on&i: neutral
but&functioning: neutral
DecisionTree learned:
!but&!cc&!eee&!some: negative
!but&!cc&!eee&some: conflict
!but&!cc&eee: conflict
!but&cc&!sol&!is: positive
!but&cc&!sol&is: positive
!but&cc&sol: conflict
but&!wdt&!i&!learning: negative
but&!wdt&!i&learning: neutral
but&!wdt&i&!vb: positive
but&!wdt&i&vb: neutral
but&wdt&!vbn&!jj: neutral
but&wdt&!vbn&jj: conflict
but&wdt&vbn&!in: conflict
but&wdt&vbn&in: positive
DecisionTree learned:
!but&!cc&!worth&!eee: negative
!but&!cc&!worth&eee: conflict
!but&!cc&worth&!nnp: conflict
!but&!cc&worth&nnp: neutral
!but&cc&!sol&!is: positive
!but&cc&!sol&is: positive
!but&cc&sol: conflict
but&!rb&!to&!outside: conflict
but&!rb&!to&outside: neutral
but&!rb&to&!for: neutral
but&!rb&to&for: conflict
but&rb&!vbg&!nns: negative
but&rb&!vbg&nns: positive
but&rb&vbg&!nnp: positive
but&rb&vbg&nnp: neutral
DecisionTree learned:
!but&!eee&!macbook&!is: negative
!but&!eee&!macbook&is: negative
!but&!eee&macbook&!pro: conflict
!but&!eee&macbook&pro: positive
!but&eee: conflict
but&!little&!power&!on: positive
but&!little&!power&on: neutral
but&!little&power: neutral
but&little: negative
DecisionTree learned:
!but&!cc&!requires&!laptops: negative
!but&!cc&!requires&laptops: conflict
!but&!cc&requires: conflict
!but&cc&!md&!vbd: positive
!but&cc&!md&vbd: negative
!but&cc&md&!would: neutral
!but&cc&md&would: negative
but&!outside&!software&!vb: positive
but&!outside&!software&vb: conflict
but&!outside&software&!rb: conflict
but&!outside&software&rb: negative
but&outside&!rb: neutral
but&outside&rb: negative
DecisionTree learned:
!but&!cc&!worth&!generally: negative
!but&!cc&!worth&generally: conflict
!but&!cc&worth&!for: conflict
!but&!cc&worth&for: neutral
!but&cc&!sol&!the: neutral
!but&cc&!sol&the: negative
!but&cc&sol: conflict
but&!i&!only&!and: conflict
but&!i&!only&and: positive
but&!i&only&!vbz: negative
but&!i&only&vbz: neutral
but&i&!in&!can: positive
but&i&!in&can: conflict
but&i&in&!only: neutral
but&i&in&only: positive
DecisionTree learned:
!but&!cc&!worth&!lacking: negative
!but&!cc&!worth&lacking: conflict
!but&!cc&worth&!for: conflict
!but&!cc&worth&for: neutral
!but&cc&!media&!sol: positive
!but&cc&!media&sol: conflict
!but&cc&media&!rb: conflict
!but&cc&media&rb: negative
but&!huge&!repair&!laptop: positive
but&!huge&!repair&laptop: neutral
but&!huge&repair: negative
but&huge: conflict
DecisionTree learned:
!but&!cc&!cd&!some: negative
!but&!cc&!cd&some: conflict
!but&!cc&cd&!despite: neutral
!but&!cc&cd&despite: conflict
!but&cc&!media&!extended: positive
!but&cc&!media&extended: neutral
!but&cc&media&!rb: conflict
!but&cc&media&rb: negative
but&!and&!i&!warranty: conflict
but&!and&!i&warranty: neutral
but&!and&i&!did: neutral
but&!and&i&did: conflict
but&and&!has&!new: positive
but&and&!has&new: neutral
but&and&has&!in: conflict
but&and&has&in: neutral
DecisionTree learned:
!but&!cc&!it&!requires: neutral
!but&!cc&!it&requires: conflict
!but&!cc&it&!jj: negative
!but&!cc&it&jj: negative
!but&cc&!the&!complain: neutral
!but&cc&!the&complain: conflict
!but&cc&the&!media: negative
!but&cc&the&media: conflict
but&!says&!wdt&!in: positive
but&!says&!wdt&in: negative
but&!says&wdt&!vbd: positive
but&!says&wdt&vbd: neutral
but&says: neutral
DecisionTree learned:
!but&!macbook&!laptops&!vb: positive
!but&!macbook&!laptops&vb: negative
!but&!macbook&laptops&!it: neutral
!but&!macbook&laptops&it: conflict
!but&macbook&!nnp&!and: conflict
!but&macbook&!nnp&and: positive
!but&macbook&nnp&!of: positive
!but&macbook&nnp&of: negative
but&!was&!jj&!to: conflict
but&!was&!jj&to: neutral
but&!was&jj&!and: negative
but&!was&jj&and: positive
but&was&!one&!that: negative
but&was&!one&that: conflict
but&was&one&!rb: negative
but&was&one&rb: positive
DecisionTree learned:
!but&!cc&!eee&!it: negative
!but&!cc&!eee&it: negative
!but&!cc&eee: conflict
!but&cc&!sol&!is: neutral
!but&cc&!sol&is: positive
!but&cc&sol: conflict
but&!outside&!software&!use: conflict
but&!outside&!software&use: positive
but&!outside&software&!rb: conflict
but&!outside&software&rb: negative
but&outside&!rb: neutral
but&outside&rb: negative
DecisionTree learned:
!but&!cc&!little&!it: negative
!but&!cc&!little&it: negative
!but&!cc&little&!is: negative
!but&!cc&little&is: conflict
!but&cc&!sol&!is: positive
!but&cc&!sol&is: positive
!but&cc&sol: conflict
but&!standard&!functioning&!laptop: negative
but&!standard&!functioning&laptop: neutral
but&!standard&functioning: neutral
but&standard: conflict
DecisionTree learned:
!but&!cc&!price&!some: negative
!but&!cc&!price&some: conflict
!but&!cc&price&!prp: positive
!but&!cc&price&prp: conflict
!but&cc&!or&!media: positive
!but&cc&!or&media: conflict
!but&cc&or&!windows: neutral
!but&cc&or&windows: negative
but&!was&!to&!an: positive
but&!was&!to&an: conflict
but&!was&to&!jj: neutral
but&!was&to&jj: negative
but&was&!very&!that: negative
but&was&!very&that: conflict
but&was&very: positive
DecisionTree learned:
!but&!complain&!cc&!it: positive
!but&!complain&!cc&it: negative
!but&!complain&cc&!the: neutral
!but&!complain&cc&the: negative
!but&complain&!rb: positive
!but&complain&rb: conflict
but&!did&!i&!and: conflict
but&!did&!i&and: positive
but&!did&i&!in: negative
but&!did&i&in: neutral
but&did&!nnp&!i: negative
but&did&!nnp&i: conflict
but&did&nnp: neutral
DecisionTree learned:
!but&!cc&!generally&!movie: negative
!but&!cc&!generally&movie: conflict
!but&!cc&generally: conflict
!but&cc&!the&!not: positive
!but&cc&!the&not: neutral
!but&cc&the&!vbz: negative
!but&cc&the&vbz: positive
but&!i&!and&!an: conflict
but&!i&!and&an: neutral
but&!i&and&!vbz: positive
but&!i&and&vbz: neutral
but&i&!in&!can: positive
but&i&!in&can: conflict
but&i&in&!only: neutral
but&i&in&only: positive
DecisionTree learned:
!but&!complain&!cc&!eee: negative
!but&!complain&!cc&eee: conflict
!but&!complain&cc&!sol: positive
!but&!complain&cc&sol: conflict
!but&complain&!rb: positive
!but&complain&rb: conflict
but&!vb&!rp&!nnp: positive
but&!vb&!rp&nnp: positive
but&!vb&rp&!software: negative
but&!vb&rp&software: conflict
but&vb&!have&!has: negative
but&vb&!have&has: conflict
but&vb&have: conflict
DecisionTree learned:
!but&!cc&!some&!it: neutral
!but&!cc&!some&it: negative
!but&!cc&some&!nn: conflict
!but&!cc&some&nn: negative
!but&cc&!or&!email: positive
!but&cc&!or&email: neutral
!but&cc&or&!windows: neutral
!but&cc&or&windows: negative
but&!little&!huge&!software: positive
but&!little&!huge&software: negative
but&!little&huge: conflict
but&little: negative
DecisionTree learned:
!but&!cc&!laptops&!perfect: negative
!but&!cc&!laptops&perfect: conflict
!but&!cc&laptops&!nnp: conflict
!but&!cc&laptops&nnp: neutral
!but&cc&!sol&!is: neutral
!but&cc&!sol&is: positive
!but&cc&sol: conflict
but&!repair&!cost&!that: negative
but&!repair&!cost&that: conflict
but&!repair&cost&!is: conflict
but&!repair&cost&is: positive
but&repair: negative
DecisionTree learned:
!and&!but&!eee&!generally: negative
!and&!but&!eee&generally: conflict
!and&!but&eee: conflict
!and&but&!i&!wdt: conflict
!and&but&!i&wdt: neutral
!and&but&i&!did: positive
!and&but&i&did: neutral
and&!word&!extended&!complain: positive
and&!word&!extended&complain: conflict
and&!word&extended&!when: neutral
and&!word&extended&when: conflict
and&word&!i&!its: neutral
and&word&!i&its: conflict
and&word&i: positive
DecisionTree learned:
!but&!cc&!eee&!it: negative
!but&!cc&!eee&it: negative
!but&!cc&eee: conflict
!but&cc&!media&!complain: positive
!but&cc&!media&complain: conflict
!but&cc&media&!rb: conflict
!but&cc&media&rb: negative
but&!screen&!an&!wdt: negative
but&!screen&!an&wdt: neutral
but&!screen&an&!rb: neutral
but&!screen&an&rb: conflict
but&screen&!and&!on: conflict
but&screen&!and&on: negative
but&screen&and: positive
DecisionTree learned:
!and&!but&!worth&!will: negative
!and&!but&!worth&will: conflict
!and&!but&worth&!nnp: conflict
!and&!but&worth&nnp: neutral
!and&but&!i&!an: conflict
!and&but&!i&an: neutral
!and&but&i&!did: neutral
!and&but&i&did: neutral
and&!media&!complain&!word: positive
and&!media&!complain&word: neutral
and&!media&complain: conflict
and&media&!gaming: conflict
and&media&gaming: positive
DecisionTree learned:
!and&!yes&!laptops&!but: negative
!and&!yes&!laptops&but: negative
!and&!yes&laptops&!nnp: conflict
!and&!yes&laptops&nnp: neutral
!and&yes: conflict
and&!sol&!nnp&!vbd: positive
and&!sol&!nnp&vbd: negative
and&!sol&nnp&!not: neutral
and&!sol&nnp&not: negative
and&sol: conflict
DecisionTree learned:
!and&!but&!perfect&!some: negative
!and&!but&!perfect&some: conflict
!and&!but&perfect&!vb: conflict
!and&!but&perfect&vb: positive
!and&but&!i&!an: negative
!and&but&!i&an: neutral
!and&but&i&!did: positive
!and&but&i&did: neutral
and&!word&!media&!rb: positive
and&!word&!media&rb: negative
and&!word&media&!rb: conflict
and&!word&media&rb: positive
and&word&!i&!its: neutral
and&word&!i&its: conflict
and&word&i: positive
DecisionTree learned:
!and&!but&!perfect&!little: negative
!and&!but&!perfect&little: conflict
!and&!but&perfect&!vb: conflict
!and&!but&perfect&vb: negative
!and&but&!a&!vbd: negative
!and&but&!a&vbd: negative
!and&but&a&!n: conflict
!and&but&a&n: negative
and&!complain&!media&!extended: positive
and&!complain&!media&extended: neutral
and&!complain&media&!gaming: conflict
and&!complain&media&gaming: positive
and&complain: conflict
DecisionTree learned:
!and&!but&!loading&!requires: negative
!and&!but&!loading&requires: conflict
!and&!but&loading: conflict
!and&but&!i&!wdt: conflict
!and&but&!i&wdt: neutral
!and&but&i&!did: neutral
!and&but&i&did: conflict
and&!vbn&!email&!spreadsheets: positive
and&!vbn&!email&spreadsheets: neutral
and&!vbn&email&!vbd: neutral
and&!vbn&email&vbd: positive
and&vbn&!laptop&!my: negative
and&vbn&!laptop&my: neutral
and&vbn&laptop&!vbg: positive
and&vbn&laptop&vbg: neutral
DecisionTree learned:
!and&!but&!worth&!little: neutral
!and&!but&!worth&little: conflict
!and&!but&worth&!for: conflict
!and&!but&worth&for: positive
!and&but&!i&!to: conflict
!and&but&!i&to: neutral
!and&but&i&!did: neutral
!and&but&i&did: neutral
and&!were&!graphics&!vbz: negative
and&!were&!graphics&vbz: positive
and&!were&graphics: positive
and&were&!laptop&!of: negative
and&were&!laptop&of: positive
and&were&laptop: conflict
DecisionTree learned:
!and&!will&!vb&!some: positive
!and&!will&!vb&some: conflict
!and&!will&vb&!but: negative
!and&!will&vb&but: negative
!and&will&!to&!a: conflict
!and&will&!to&a: positive
!and&will&to&!windows: neutral
!and&will&to&windows: positive
and&!media&!word&!firefox: positive
and&!media&!word&firefox: neutral
and&!media&word&!its: neutral
and&!media&word&its: conflict
and&media&!gaming: conflict
and&media&gaming: positive
DecisionTree learned:
!but&!cc&!worth&!will: negative
!but&!cc&!worth&will: conflict
!but&!cc&worth&!nnp: conflict
!but&!cc&worth&nnp: positive
!but&cc&!media&!complain: positive
!but&cc&!media&complain: conflict
!but&cc&media&!rb: conflict
!but&cc&media&rb: negative
but&!repair&!warranty&!outside: positive
but&!repair&!warranty&outside: neutral
but&!repair&warranty: neutral
but&repair: negative
DecisionTree learned:
!and&!but&!cd&!requires: negative
!and&!but&!cd&requires: conflict
!and&!but&cd&!despite: neutral
!and&!but&cd&despite: conflict
!and&but&!i&!warranty: conflict
!and&but&!i&warranty: neutral
!and&but&i&!did: neutral
!and&but&i&did: conflict
and&!complain&!sol&!media: positive
and&!complain&!sol&media: conflict
and&!complain&sol: conflict
and&complain: conflict
DecisionTree learned:
!and&!yes&!little&!but: negative
!and&!yes&!little&but: negative
!and&!yes&little&!jj: conflict
!and&!yes&little&jj: negative
!and&yes: conflict
and&!word&!buttons&!firefox: positive
and&!word&!buttons&firefox: neutral
and&!word&buttons: negative
and&word&!i&!its: neutral
and&word&!i&its: conflict
and&word&i: positive
DecisionTree learned:
!but&!cc&!movie&!worth: negative
!but&!cc&!movie&worth: conflict
!but&!cc&movie: conflict
!but&cc&!or&!complain: positive
!but&cc&!or&complain: conflict
!but&cc&or&!windows: neutral
!but&cc&or&windows: negative
but&!support&!features&!rb: conflict
but&!support&!features&rb: positive
but&!support&features&!new: positive
but&!support&features&new: neutral
but&support: negative
DecisionTree learned:
!and&!it&!generally&!loading: neutral
!and&!it&!generally&loading: conflict
!and&!it&generally: conflict
!and&it&!to&!vbz: neutral
!and&it&!to&vbz: positive
!and&it&to&!much: negative
!and&it&to&much: positive
and&!had&!email&!buttons: positive
and&!had&!email&buttons: negative
and&!had&email&!vbd: neutral
and&!had&email&vbd: positive
and&had&!that&!wdt: negative
and&had&!that&wdt: neutral
and&had&that&!cd: neutral
and&had&that&cd: negative
DecisionTree learned:
!and&!but&!some&!to: positive
!and&!but&!some&to: negative
!and&!but&some&!nn: conflict
!and&!but&some&nn: negative
!and&but&!i&!who: conflict
!and&but&!i&who: neutral
!and&but&i&!did: neutral
!and&but&i&did: conflict
and&!complain&!email&!media: negative
and&!complain&!email&media: conflict
and&!complain&email&!vbd: neutral
and&!complain&email&vbd: positive
and&complain: conflict
DecisionTree learned:
!but&!cc&!movie&!it: negative
!but&!cc&!movie&it: negative
!but&!cc&movie: conflict
!but&cc&!sol&!is: neutral
!but&cc&!sol&is: positive
!but&cc&sol: conflict
but&!to&!only&!i: conflict
but&!to&!only&i: positive
but&!to&only&!vbz: negative
but&!to&only&vbz: neutral
but&to&!battery&!jj: neutral
but&to&!battery&jj: negative
but&to&battery&!rb: negative
but&to&battery&rb: conflict
DecisionTree learned:
!and&!little&!but&!some: neutral
!and&!little&!but&some: conflict
!and&!little&but&!i: conflict
!and&!little&but&i: neutral
!and&little&!is: negative
!and&little&is&!jj: conflict
!and&little&is&jj: negative
and&!media&!prp&!same: positive
and&!media&!prp&same: neutral
and&!media&prp&!complain: neutral
and&!media&prp&complain: conflict
and&media&!gaming: conflict
and&media&gaming: positive
DecisionTree learned:
!and&!but&!generally&!some: negative
!and&!but&!generally&some: conflict
!and&!but&generally: conflict
!and&but&!i&!an: negative
!and&but&!i&an: conflict
!and&but&i&!did: neutral
!and&but&i&did: conflict
and&!email&!media&!prp: positive
and&!email&!media&prp: negative
and&!email&media&!rb: conflict
and&!email&media&rb: positive
and&email&!vbd&!screen: neutral
and&email&!vbd&screen: positive
and&email&vbd: positive
DecisionTree learned:
!and&!yes&!but&!worth: negative
!and&!yes&!but&worth: conflict
!and&!yes&but&!i: conflict
!and&!yes&but&i: neutral
!and&yes: conflict
and&!video&!n&!graphics: positive
and&!video&!n&graphics: positive
and&!video&n&!need: negative
and&!video&n&need: neutral
and&video&!for&!professional: negative
and&video&!for&professional: negative
and&video&for&!media: positive
and&video&for&media: conflict
DecisionTree learned:
!and&!it&!little&!some: neutral
!and&!it&!little&some: conflict
!and&!it&little&!is: negative
!and&!it&little&is: conflict
!and&it&!jj&!vbz: negative
!and&it&!jj&vbz: positive
!and&it&jj&!vbp: conflict
!and&it&jj&vbp: positive
and&!sol&!vbz&!graphics: negative
and&!sol&!vbz&graphics: positive
and&!sol&vbz&!n: positive
and&!sol&vbz&n: negative
and&sol: conflict
DecisionTree learned:
!but&!cc&!generally&!it: negative
!but&!cc&!generally&it: negative
!but&!cc&generally: conflict
!but&cc&!media&!complain: positive
!but&cc&!media&complain: conflict
!but&cc&media&!rb: conflict
!but&cc&media&rb: negative
but&!did&!learning&!i: negative
but&!did&!learning&i: positive
but&!did&learning&!nn: positive
but&!did&learning&nn: neutral
but&did&!nnp&!i: negative
but&did&!nnp&i: conflict
but&did&nnp: neutral
DecisionTree learned:
!and&!but&!opted&!cd: negative
!and&!but&!opted&cd: neutral
!and&!but&opted&!battery: conflict
!and&!but&opted&battery: positive
!and&but&!i&!wdt: conflict
!and&but&!i&wdt: neutral
!and&but&i&!did: positive
!and&but&i&did: conflict
and&!complain&!sol&!email: positive
and&!complain&!sol&email: neutral
and&!complain&sol: conflict
and&complain: conflict
DecisionTree learned:
!and&!but&!eee&!generally: negative
!and&!but&!eee&generally: conflict
!and&!but&eee: conflict
!and&but&!i&!an: conflict
!and&but&!i&an: neutral
!and&but&i&!did: positive
!and&but&i&did: neutral
and&!media&!email&!prp: positive
and&!media&!email&prp: neutral
and&!media&email&!vbd: neutral
and&!media&email&vbd: positive
and&media&!gaming: conflict
and&media&gaming: positive
DecisionTree learned:
!and&!but&!generally&!takes: negative
!and&!but&!generally&takes: conflict
!and&!but&generally: conflict
!and&but&!i&!wdt: conflict
!and&but&!i&wdt: neutral
!and&but&i&!did: positive
!and&but&i&did: neutral
and&!complain&!video&!extended: positive
and&!complain&!video&extended: neutral
and&!complain&video&!nns: negative
and&!complain&video&nns: conflict
and&complain: conflict
DecisionTree learned:
!but&!cc&!laptops&!requires: negative
!but&!cc&!laptops&requires: conflict
!but&!cc&laptops&!nnp: conflict
!but&!cc&laptops&nnp: negative
!but&cc&!complain&!the: neutral
!but&cc&!complain&the: negative
!but&cc&complain: conflict
but&!a&!standard&!computer: negative
but&!a&!standard&computer: negative
but&!a&standard: conflict
but&a&!in&!rb: conflict
but&a&!in&rb: negative
but&a&in&!battery: neutral
but&a&in&battery: conflict
DecisionTree learned:
!but&!cc&!will&!vb: positive
!but&!cc&!will&vb: negative
!but&!cc&will&!for: conflict
!but&!cc&will&for: positive
!but&cc&!sol&!is: neutral
!but&cc&!sol&is: positive
!but&cc&sol: conflict
but&!who&!features&!rb: conflict
but&!who&!features&rb: negative
but&!who&features&!new: positive
but&!who&features&new: neutral
but&who: neutral
DecisionTree learned:
!and&!yes&!needs&!but: negative
!and&!yes&!needs&but: negative
!and&!yes&needs&!so: negative
!and&!yes&needs&so: conflict
!and&yes: conflict
and&!extended&!vbz&!it: positive
and&!extended&!vbz&it: negative
and&!extended&vbz&!jj: neutral
and&!extended&vbz&jj: positive
and&extended&!when&!mouse: neutral
and&extended&!when&mouse: negative
and&extended&when: conflict
DecisionTree learned:
!and&!it&!eee&!little: neutral
!and&!it&!eee&little: conflict
!and&!it&eee: conflict
!and&it&!jj&!arisen: negative
!and&it&!jj&arisen: conflict
!and&it&jj&!vbp: conflict
!and&it&jj&vbp: positive
and&!extended&!media&!the: positive
and&!extended&!media&the: negative
and&!extended&media&!gaming: conflict
and&!extended&media&gaming: positive
and&extended&!when&!mouse: neutral
and&extended&!when&mouse: negative
and&extended&when: conflict
DecisionTree learned:
!and&!but&!will&!vb: positive
!and&!but&!will&vb: negative
!and&!but&will&!cc: conflict
!and&!but&will&cc: neutral
!and&but&!i&!who: conflict
!and&but&!i&who: neutral
!and&but&i&!did: positive
!and&but&i&did: conflict
and&!complain&!had&!buttons: positive
and&!complain&!had&buttons: negative
and&!complain&had&!that: negative
and&!complain&had&that: neutral
and&complain: conflict
Trial 0 Training cc.mallet.classify.AdaBoostM2Trainer@7e78fc6 finished
Trial 0 Trainer cc.mallet.classify.AdaBoostM2Trainer@7e78fc6 test data accuracy = 0.5152129817444219

NaiveBayesTrainer
Summary. test accuracy mean = 0.6876267748478702 stddev = 0.0 stderr = 0.0

MaxEntTrainer,gaussianPriorVariance=1.0
Summary. test accuracy mean = 0.6490872210953347 stddev = 0.0 stderr = 0.0

cc.mallet.classify.DecisionTreeTrainer@2b2d96f2
Summary. test accuracy mean = 0.5456389452332657 stddev = 0.0 stderr = 0.0

cc.mallet.classify.AdaBoostM2Trainer@7e78fc6
Summary. test accuracy mean = 0.5152129817444219 stddev = 0.0 stderr = 0.0
