
-------------------- Trial 0  --------------------

Trial 0 Training NaiveBayesTrainer with 1865 instances
Trial 0 Training NaiveBayesTrainer finished
Trial 0 Trainer NaiveBayesTrainer test data accuracy = 0.640973630831643
Trial 0 Training MaxEntTrainer,gaussianPriorVariance=1.0 with 1865 instances
Trial 0 Training MaxEntTrainer,gaussianPriorVariance=1.0 finished
Trial 0 Trainer MaxEntTrainer,gaussianPriorVariance=1.0 test data accuracy = 0.6206896551724138
Trial 0 Training cc.mallet.classify.DecisionTreeTrainer@4e17e4ca with 1865 instances
DecisionTree learned:
!great&!easi&!and&!but: negative
!great&!easi&!and&but: negative
!great&!easi&and&!not: positive
!great&!easi&and&not: negative
!great&easi&!cd&!carri: positive
!great&easi&!cd&carri: positive
!great&easi&cd: neutral
great&!etc&!but&!batteri: positive
great&!etc&!but&batteri: positive
great&!etc&but&!vbz: conflict
great&!etc&but&vbz: positive
great&etc: negative
Trial 0 Training cc.mallet.classify.DecisionTreeTrainer@4e17e4ca finished
Trial 0 Trainer cc.mallet.classify.DecisionTreeTrainer@4e17e4ca test data accuracy = 0.5294117647058824
Trial 0 Training cc.mallet.classify.AdaBoostM2Trainer@781f6226 with 1865 instances
DecisionTree learned:
!great&!easi&!and&!but: negative
!great&!easi&!and&but: negative
!great&!easi&and&!vbz: positive
!great&!easi&and&vbz: positive
!great&easi&!cd&!carri: positive
!great&easi&!cd&carri: positive
!great&easi&cd: neutral
great&!etc&!you&!vent: positive
great&!etc&!you&vent: neutral
great&!etc&you: neutral
great&etc: negative
DecisionTree learned:
!great&!easi&!but&!good: negative
!great&!easi&!but&good: positive
!great&!easi&but&!wdt: negative
!great&!easi&but&wdt: positive
!great&easi&!cd&!carri: positive
!great&easi&!cd&carri: positive
!great&easi&cd: neutral
great&!have&!etc&!softwar: positive
great&!have&!etc&softwar: neutral
great&!have&etc: negative
great&have&!qualiti&!jjr: positive
great&have&!qualiti&jjr: conflict
great&have&qualiti: negative
DecisionTree learned:
!great&!but&!love&!vbz: negative
!great&!but&!love&vbz: positive
!great&!but&love&!vbd: positive
!great&!but&love&vbd: neutral
!great&but&!wdt&!repair: negative
!great&but&!wdt&repair: negative
!great&but&wdt&!vbd: positive
!great&but&wdt&vbd: neutral
great&!but&!etc&!media: positive
great&!but&!etc&media: conflict
great&!but&etc: negative
great&but&!vbz: conflict
great&but&vbz&!vb: positive
great&but&vbz&vb: negative
DecisionTree learned:
!great&!but&!good&!love: negative
!great&!but&!good&love: positive
!great&!but&good&!no: positive
!great&!but&good&no: negative
!great&but&!wdt&!softwar: negative
!great&but&!wdt&softwar: negative
!great&but&wdt&!vbd: positive
!great&but&wdt&vbd: neutral
great&!lack&!vb&!you: positive
great&!lack&!vb&you: neutral
great&!lack&vb&!vbd: positive
great&!lack&vb&vbd: negative
great&lack: negative
DecisionTree learned:
!but&!great&!and&!vbz: negative
!but&!great&!and&vbz: negative
!but&!great&and&!extend: positive
!but&!great&and&extend: neutral
!but&great&!etc&!batteri: positive
!but&great&!etc&batteri: positive
!but&great&etc: negative
but&!look&!wdt&!i: negative
but&!look&!wdt&i: positive
but&!look&wdt&!screen: neutral
but&!look&wdt&screen: conflict
but&look&!nn: negative
but&look&nn: positive
DecisionTree learned:
!and&!but&!great&!cd: negative
!and&!but&!great&cd: neutral
!and&!but&great&!batteri: positive
!and&!but&great&batteri: negative
!and&but&!a&!vbd: negative
!and&but&!a&vbd: negative
!and&but&a&!in: negative
!and&but&a&in: neutral
and&!easy&!not&!short: positive
and&!easy&!not&short: negative
and&!easy&not&!program: negative
and&!easy&not&program: positive
and&easy: positive
DecisionTree learned:
!but&!easy&!great&!and: negative
!but&!easy&!great&and: positive
!but&!easy&great&!vent: positive
!but&!easy&great&vent: neutral
!but&easy&!not: positive
!but&easy&not&!and: negative
!but&easy&not&and: positive
but&!laptop&!getting&!and: negative
but&!laptop&!getting&and: positive
but&!laptop&getting: neutral
but&laptop&!jj: neutral
but&laptop&jj: positive
DecisionTree learned:
!but&!easy&!vbz&!love: negative
!but&!easy&!vbz&love: positive
!but&!easy&vbz&!diminisher: positive
!but&!easy&vbz&diminisher: negative
!but&easy&!not: positive
!but&easy&not&!and: negative
!but&easy&not&and: positive
but&!repair&!laptop&!be: negative
but&!repair&!laptop&be: negative
but&!repair&laptop&!jj: neutral
but&!repair&laptop&jj: positive
but&repair: negative
DecisionTree learned:
!but&!great&!and&!cc: negative
!but&!great&!and&cc: neutral
!but&!great&and&!email: positive
!but&!great&and&email: neutral
!but&great&!media&!etc: positive
!but&great&!media&etc: negative
!but&great&media&!game: conflict
!but&great&media&game: positive
but&!laptop&!temperatur&!new: negative
but&!laptop&!temperatur&new: neutral
but&!laptop&temperatur: neutral
but&laptop&!jj: neutral
but&laptop&jj: positive
DecisionTree learned:
!but&!easi&!speed&!good: negative
!but&!easi&!speed&good: positive
!but&!easi&speed&!use: positive
!but&!easi&speed&use: negative
!but&easi&!cd&!carri: positive
!but&easi&!cd&carri: positive
!but&easi&cd: neutral
but&!screen&!learn&!power: negative
but&!screen&!learn&power: neutral
but&!screen&learn&!mac: neutral
but&!screen&learn&mac: positive
but&screen&!and&!the: conflict
but&screen&!and&the: negative
but&screen&and: positive
DecisionTree learned:
!but&!great&!speed&!good: negative
!but&!great&!speed&good: positive
!but&!great&speed&!differ: positive
!but&!great&speed&differ: negative
!but&great&!media&!vent: positive
!but&great&!media&vent: neutral
!but&great&media&!game: conflict
!but&great&media&game: positive
but&!jj&!laptop&!to: conflict
but&!jj&!laptop&to: neutral
but&!jj&laptop: neutral
but&jj&!and&!replac: negative
but&jj&!and&replac: neutral
but&jj&and&!new: positive
but&jj&and&new: neutral
DecisionTree learned:
!but&!great&!and&!cc: negative
!but&!great&!and&cc: neutral
!but&!great&and&!complain: positive
!but&!great&and&complain: conflict
!but&great&!media&!vbn: positive
!but&great&!media&vbn: neutral
!but&great&media&!game: conflict
!but&great&media&game: positive
but&!wdt&!features&!i: negative
but&!wdt&!features&i: positive
but&!wdt&features&!new: positive
but&!wdt&features&new: neutral
but&wdt&!vbd&!great: positive
but&wdt&!vbd&great: conflict
but&wdt&vbd&!it: neutral
but&wdt&vbd&it: conflict
DecisionTree learned:
!but&!not&!vbz&!graphic: negative
!but&!not&!vbz&graphic: positive
!but&!not&vbz&!diminisher: positive
!but&!not&vbz&diminisher: negative
!but&not&!complain&!intensifier: negative
!but&not&!complain&intensifier: positive
!but&not&complain&!to: conflict
!but&not&complain&to: positive
but&!repair&!be&!temperatur: positive
but&!repair&!be&temperatur: neutral
but&!repair&be&!a: negative
but&!repair&be&a: neutral
but&repair: negative
DecisionTree learned:
!but&!and&!price&!cd: negative
!but&!and&!price&cd: neutral
!but&!and&price&!pc: positive
!but&!and&price&pc: conflict
!but&and&!fast&!email: positive
!but&and&!fast&email: neutral
!but&and&fast: positive
but&!i&!and&!replac: conflict
but&!i&!and&replac: neutral
but&!i&and&!ha: positive
but&!i&and&ha: neutral
but&i&!in&!can: positive
but&i&!in&can: conflict
but&i&in&!diminisher: neutral
but&i&in&diminisher: negative
DecisionTree learned:
!but&!and&!price&!problem: negative
!but&!and&!price&problem: negative
!but&!and&price&!work: positive
!but&!and&price&work: neutral
!but&and&!extend&!cd: positive
!but&and&!extend&cd: negative
!but&and&extend&!when: neutral
!but&and&extend&when: conflict
but&!so&!on&!power: positive
but&!so&!on&power: neutral
but&!so&on&!i: negative
but&!so&on&i: neutral
but&so: neutral
DecisionTree learned:
!but&!love&!vbz&!version: negative
!but&!love&!vbz&version: conflict
!but&!love&vbz&!diminisher: positive
!but&!love&vbz&diminisher: negative
!but&love&!vbd: positive
!but&love&vbd: neutral
but&!repair&!onli&!rb: conflict
but&!repair&!onli&rb: positive
but&!repair&onli&!vbz: conflict
but&!repair&onli&vbz: neutral
but&repair: negative
DecisionTree learned:
!but&!and&!problem&!cc: negative
!but&!and&!problem&cc: neutral
!but&!and&problem&!me: negative
!but&!and&problem&me: positive
!but&and&!extend&!email: positive
!but&and&!extend&email: neutral
!but&and&extend&!when: neutral
!but&and&extend&when: conflict
but&!look&!learn&!i: negative
but&!look&!learn&i: positive
but&!look&learn&!mac: neutral
but&!look&learn&mac: positive
but&look&!nn: negative
but&look&nn: positive
DecisionTree learned:
!but&!veri&!speed&!love: negative
!but&!veri&!speed&love: positive
!but&!veri&speed&!differ: positive
!but&!veri&speed&differ: negative
!but&veri&!about&!vbp: positive
!but&veri&!about&vbp: negative
!but&veri&about: conflict
but&!wdt&!i&!and: conflict
but&!wdt&!i&and: positive
but&!wdt&i&!vb: positive
but&!wdt&i&vb: neutral
but&wdt&!vbd&!great: positive
but&wdt&!vbd&great: conflict
but&wdt&vbd&!it: neutral
but&wdt&vbd&it: conflict
DecisionTree learned:
!but&!easi&!speed&!is: negative
!but&!easi&!speed&is: positive
!but&!easi&speed&!use: positive
!but&!easi&speed&use: negative
!but&easi&!not: positive
!but&easi&not&!and: negative
!but&easi&not&and: positive
but&!laptop&!vb&!outsid: positive
but&!laptop&!vb&outsid: neutral
but&!laptop&vb&!be: conflict
but&!laptop&vb&be: negative
but&laptop&!in: positive
but&laptop&in: neutral
DecisionTree learned:
!but&!vbz&!its&!or: negative
!but&!vbz&!its&or: neutral
!but&!vbz&its&!lack: positive
!but&!vbz&its&lack: negative
!but&vbz&!littl&!the: positive
!but&vbz&!littl&the: positive
!but&vbz&littl&!jj: conflict
!but&vbz&littl&jj: negative
but&!intensifier&!be&!warranti: conflict
but&!intensifier&!be&warranti: neutral
but&!intensifier&be&!better: negative
but&!intensifier&be&better: neutral
but&intensifier&!and&!so: positive
but&intensifier&!and&so: neutral
but&intensifier&and&!use: neutral
but&intensifier&and&use: positive
DecisionTree learned:
!but&!not&!and&!littl: negative
!but&!not&!and&littl: conflict
!but&!not&and&!replac: positive
!but&!not&and&replac: negative
!but&not&!keynote&!intensifier: negative
!but&not&!keynote&intensifier: positive
!but&not&keynote: neutral
but&!laptop&!outsid&!they: negative
but&!laptop&!outsid&they: negative
but&!laptop&outsid&!rb: neutral
but&!laptop&outsid&rb: negative
but&laptop&!jj: neutral
but&laptop&jj: positive
DecisionTree learned:
!but&!vbd&!movie&!love: positive
!but&!vbd&!movie&love: positive
!but&!vbd&movie&!just: neutral
!but&!vbd&movie&just: conflict
!but&vbd&!despit&!larg: negative
!but&vbd&!despit&larg: conflict
!but&vbd&despit: conflict
but&!a&!be&!to: positive
but&!a&!be&to: neutral
but&!a&be&!mac: negative
but&!a&be&mac: positive
but&a&!in&!rb: conflict
but&a&!in&rb: negative
but&a&in&!batteri: neutral
but&a&in&batteri: conflict
DecisionTree learned:
!but&!is&!macbook&!fast: negative
!but&!is&!macbook&fast: positive
!but&!is&macbook&!for: positive
!but&!is&macbook&for: neutral
!but&is&!ani&!what: positive
!but&is&!ani&what: conflict
!but&is&ani&!on: neutral
!but&is&ani&on: negative
but&!function&!temperatur&!to: negative
but&!function&!temperatur&to: neutral
but&!function&temperatur: neutral
but&function: neutral
DecisionTree learned:
!but&!macbook&!love&!easy: negative
!but&!macbook&!love&easy: positive
!but&!macbook&love&!vbd: positive
!but&!macbook&love&vbd: neutral
!but&macbook&!be&!hard: positive
!but&macbook&!be&hard: conflict
!but&macbook&be: conflict
but&!huge&!littl&!learn: negative
but&!huge&!littl&learn: neutral
but&!huge&littl: negative
but&huge: conflict
DecisionTree learned:
!but&!amaz&!the&!good: neutral
!but&!amaz&!the&good: positive
!but&!amaz&the&!vbz: negative
!but&!amaz&the&vbz: negative
!but&amaz: positive
but&!littl&!n&!a: positive
but&!littl&!n&a: conflict
but&!littl&n&!prp: conflict
but&!littl&n&prp: negative
but&littl: negative
DecisionTree learned:
!but&!cc&!it&!littl: negative
!but&!cc&!it&littl: conflict
!but&!cc&it&!laptop: negative
!but&!cc&it&laptop: conflict
!but&cc&!is&!the: neutral
!but&cc&!is&the: negative
!but&cc&is&!card: positive
!but&cc&is&card: conflict
but&!temperatur&!call&!features: negative
but&!temperatur&!call&features: positive
but&!temperatur&call: neutral
but&temperatur: neutral
DecisionTree learned:
!but&!great&!and&!worth: negative
!but&!great&!and&worth: conflict
!but&!great&and&!extend: positive
!but&!great&and&extend: neutral
!but&great&!media&!lack: positive
!but&great&!media&lack: negative
!but&great&media&!game: conflict
!but&great&media&game: positive
but&!os&!learn&!features: negative
but&!os&!learn&features: positive
but&!os&learn: neutral
but&os&!nn: positive
but&os&nn: neutral
DecisionTree learned:
!but&!speed&!vbz&!game: negative
!but&!speed&!vbz&game: neutral
!but&!speed&vbz&!littl: positive
!but&!speed&vbz&littl: conflict
!but&speed&!use&!differ: positive
!but&speed&!use&differ: negative
!but&speed&use: negative
but&!a&!features&!jj: negative
but&!a&!features&jj: negative
but&!a&features&!new: positive
but&!a&features&new: neutral
but&a&!in&!rb: conflict
but&a&!in&rb: negative
but&a&in&!batteri: neutral
but&a&in&batteri: conflict
DecisionTree learned:
!but&!complain&!great&!and: negative
!but&!complain&!great&and: positive
!but&!complain&great&!media: positive
!but&!complain&great&media: conflict
!but&complain&!to: conflict
!but&complain&to: positive
but&!screen&!wdt&!replac: negative
but&!screen&!wdt&replac: neutral
but&!screen&wdt&!vbd: positive
but&!screen&wdt&vbd: neutral
but&screen&!and&!the: conflict
but&screen&!and&the: conflict
but&screen&and: positive
DecisionTree learned:
!but&!cc&!cd&!will: negative
!but&!cc&!cd&will: conflict
!but&!cc&cd&!despit: neutral
!but&!cc&cd&despit: conflict
!but&cc&!extend&!md: positive
!but&cc&!extend&md: negative
!but&cc&extend&!when: neutral
!but&cc&extend&when: conflict
but&!support&!i&!and: conflict
but&!support&!i&and: positive
but&!support&i&!in: positive
but&!support&i&in: neutral
but&support: negative
DecisionTree learned:
!but&!is&!cc&!get: negative
!but&!is&!cc&get: conflict
!but&!is&cc&!extend: positive
!but&!is&cc&extend: neutral
!but&is&!ani&!littl: positive
!but&is&!ani&littl: conflict
!but&is&ani&!on: neutral
!but&is&ani&on: negative
but&!instead&!replac&!i: negative
but&!instead&!replac&i: neutral
but&!instead&replac&!to: neutral
but&!instead&replac&to: conflict
but&instead: positive
DecisionTree learned:
!but&!complain&!cc&!cd: negative
!but&!complain&!cc&cd: neutral
!but&!complain&cc&!or: positive
!but&!complain&cc&or: neutral
!but&complain&!to: conflict
!but&complain&to: positive
but&!a&!vbp&!no: positive
but&!a&!vbp&no: conflict
but&!a&vbp&!prp: conflict
but&!a&vbp&prp: negative
but&a&!in&!rb: conflict
but&a&!in&rb: negative
but&a&in&!batteri: neutral
but&a&in&batteri: conflict
DecisionTree learned:
!but&!cc&!price&!littl: negative
!but&!cc&!price&littl: negative
!but&!cc&price&!prp: positive
!but&!cc&price&prp: positive
!but&cc&!or&!complain: positive
!but&cc&!or&complain: conflict
!but&cc&or&!up: neutral
!but&cc&or&up: negative
but&!rp&!vbg&!vbd: positive
but&!rp&!vbg&vbd: neutral
but&!rp&vbg&!for: positive
but&!rp&vbg&for: conflict
but&rp&!softwar: negative
but&rp&softwar: conflict
DecisionTree learned:
!but&!easi&!complain&!vb: positive
!but&!easi&!complain&vb: negative
!but&!easi&complain&!to: conflict
!but&!easi&complain&to: positive
!but&easi&!cd&!carri: positive
!but&easi&!cd&carri: positive
!but&easi&cd: neutral
but&!a&!vbp&!rp: positive
but&!a&!vbp&rp: negative
but&!a&vbp&!make: negative
but&!a&vbp&make: conflict
but&a&!in&!rb: conflict
but&a&!in&rb: negative
but&a&in&!batteri: neutral
but&a&in&batteri: conflict
DecisionTree learned:
!but&!cc&!get&!laptops: negative
!but&!cc&!get&laptops: conflict
!but&!cc&get&!i: negative
!but&!cc&get&i: conflict
!but&cc&!the&!complain: positive
!but&cc&!the&complain: conflict
!but&cc&the&!when: negative
!but&cc&the&when: neutral
but&!wa&!vbd&!new: negative
but&!wa&!vbd&new: neutral
but&!wa&vbd&!it: neutral
but&!wa&vbd&it: positive
but&wa&!to&!rb: negative
but&wa&!to&rb: positive
but&wa&to&!rb: conflict
but&wa&to&rb: conflict
DecisionTree learned:
!but&!speed&!use&!gener: negative
!but&!speed&!use&gener: conflict
!but&!speed&use&!after: positive
!but&!speed&use&after: negative
!but&speed&!use&!differ: positive
!but&speed&!use&differ: negative
!but&speed&use: negative
but&!use&!i&!onli: conflict
but&!use&!i&onli: neutral
but&!use&i&!in: positive
but&!use&i&in: neutral
but&use&!vbz&!vbp: neutral
but&use&!vbz&vbp: positive
but&use&vbz: negative
DecisionTree learned:
!but&!cc&!littl&!laptops: negative
!but&!cc&!littl&laptops: conflict
!but&!cc&littl&!is: negative
!but&!cc&littl&is: conflict
!but&cc&!complain&!extend: positive
!but&cc&!complain&extend: neutral
!but&cc&complain: conflict
but&!standard&!power&!learn: negative
but&!standard&!power&learn: neutral
but&!standard&power: neutral
but&standard: conflict
DecisionTree learned:
!but&!vbz&!version&!eee: negative
!but&!vbz&!version&eee: conflict
!but&!vbz&version&!program: conflict
!but&!vbz&version&program: positive
!but&vbz&!littl&!veri: positive
!but&vbz&!littl&veri: positive
!but&vbz&littl&!jj: conflict
!but&vbz&littl&jj: negative
but&!be&!new&!it: positive
but&!be&!new&it: conflict
but&!be&new&!rb: neutral
but&!be&new&rb: positive
but&be&!a&!mac: negative
but&be&!a&mac: positive
but&be&a&!jj: neutral
but&be&a&jj: positive
DecisionTree learned:
!but&!cc&!requires&!price: negative
!but&!cc&!requires&price: positive
!but&!cc&requires: conflict
!but&cc&!sol&!is: positive
!but&cc&!sol&is: positive
!but&cc&sol: conflict
but&!repair&!standard&!outsid: positive
but&!repair&!standard&outsid: neutral
but&!repair&standard: conflict
but&repair: negative
DecisionTree learned:
!but&!cc&!worth&!problem: negative
!but&!cc&!worth&problem: negative
!but&!cc&worth&!nnp: conflict
!but&!cc&worth&nnp: positive
!but&cc&!the&!complain: positive
!but&cc&!the&complain: conflict
!but&cc&the&!when: negative
!but&cc&the&when: neutral
but&!features&!i&!wdt: negative
but&!features&!i&wdt: positive
but&!features&i&!in: positive
but&!features&i&in: neutral
but&features&!new: positive
but&features&new: neutral
DecisionTree learned:
!but&!version&!vbz&!generally: neutral
!but&!version&!vbz&generally: conflict
!but&!version&vbz&!crystal: positive
!but&!version&vbz&crystal: conflict
!but&version&!program&!nnp: conflict
!but&version&!program&nnp: negative
!but&version&program&!to: neutral
!but&version&program&to: positive
but&!warranti&!n&!batteri: positive
but&!warranti&!n&batteri: conflict
but&!warranti&n&!prp: conflict
but&!warranti&n&prp: negative
but&warranti&!cd: neutral
but&warranti&cd: negative
DecisionTree learned:
!but&!had&!cc&!worth: negative
!but&!had&!cc&worth: conflict
!but&!had&cc&!md: positive
!but&!had&cc&md: negative
!but&had&!applications&!in: negative
!but&had&!applications&in: negative
!but&had&applications: positive
but&!intensifier&!i&!and: conflict
but&!intensifier&!i&and: positive
but&!intensifier&i&!did: positive
but&!intensifier&i&did: conflict
but&intensifier&!and&!vbn: negative
but&intensifier&!and&vbn: positive
but&intensifier&and&!use: neutral
but&intensifier&and&use: positive
DecisionTree learned:
!but&!easy&!cc&!mind: negative
!but&!easy&!cc&mind: conflict
!but&!easy&cc&!sol: positive
!but&!easy&cc&sol: conflict
!but&easy&!cd&!not: positive
!but&easy&!cd&not: positive
!but&easy&cd: neutral
but&!outsid&!intensifier&!same: conflict
but&!outsid&!intensifier&same: positive
but&!outsid&intensifier&!and: positive
but&!outsid&intensifier&and: neutral
but&outsid&!rb: neutral
but&outsid&rb: negative
DecisionTree learned:
!but&!cc&!laptops&!generally: negative
!but&!cc&!laptops&generally: conflict
!but&!cc&laptops&!nnp: conflict
!but&!cc&laptops&nnp: negative
!but&cc&!fast&!sol: positive
!but&cc&!fast&sol: conflict
!but&cc&fast: positive
but&!jj&!to&!laptop: conflict
but&!jj&!to&laptop: neutral
but&!jj&to&!batteri: neutral
but&!jj&to&batteri: conflict
but&jj&!function&!replac: positive
but&jj&!function&replac: neutral
but&jj&function: neutral
DecisionTree learned:
!but&!problem&!after&!to: positive
!but&!problem&!after&to: negative
!but&!problem&after&!especi: negative
!but&!problem&after&especi: conflict
!but&problem&!no&!out: negative
!but&problem&!no&out: neutral
!but&problem&no&!is: positive
!but&problem&no&is: negative
but&!temperatur&!warranti&!intensifier: positive
but&!temperatur&!warranti&intensifier: positive
but&!temperatur&warranti&!cd: neutral
but&!temperatur&warranti&cd: negative
but&temperatur: neutral
DecisionTree learned:
!but&!cc&!cd&!macbook: negative
!but&!cc&!cd&macbook: positive
!but&!cc&cd&!despit: neutral
!but&!cc&cd&despit: conflict
!but&cc&!vbd&!md: positive
!but&cc&!vbd&md: negative
!but&cc&vbd&!sol: negative
!but&cc&vbd&sol: conflict
but&!on&!be&!new: positive
but&!on&!be&new: neutral
but&!on&be&!vbn: negative
but&!on&be&vbn: neutral
but&on&!i&!nns: negative
but&on&!i&nns: conflict
but&on&i: neutral
DecisionTree learned:
!but&!cc&!cd&!littl: negative
!but&!cc&!cd&littl: negative
!but&!cc&cd&!despit: neutral
!but&!cc&cd&despit: conflict
!but&cc&!fast&!sol: positive
!but&cc&!fast&sol: conflict
!but&cc&fast: positive
but&!i&!and&!warranti: conflict
but&!i&!and&warranti: neutral
but&!i&and&!ha: positive
but&!i&and&ha: conflict
but&i&!in&!can: positive
but&i&!in&can: conflict
but&i&in&!diminisher: neutral
but&i&in&diminisher: negative
DecisionTree learned:
!but&!cc&!it&!get: neutral
!but&!cc&!it&get: conflict
!but&!cc&it&!laptop: negative
!but&!cc&it&laptop: conflict
!but&cc&!the&!complain: neutral
!but&cc&!the&complain: conflict
!but&cc&the&!when: negative
!but&cc&the&when: neutral
but&!on&!screen&!comput: positive
but&!on&!screen&comput: conflict
but&!on&screen&!and: conflict
but&!on&screen&and: positive
but&on&!i&!nns: negative
but&on&!i&nns: conflict
but&on&i: neutral
DecisionTree learned:
!and&!but&!littl&!ye: negative
!and&!but&!littl&ye: conflict
!and&!but&littl&!is: negative
!and&!but&littl&is: conflict
!and&but&!i&!replac: conflict
!and&but&!i&replac: neutral
!and&but&i&!on: positive
!and&but&i&on: neutral
and&!word&!fast&!media: positive
and&!word&!fast&media: conflict
and&!word&fast&!new: positive
and&!word&fast&new: neutral
and&word&!i&!its: neutral
and&word&!i&its: conflict
and&word&i: positive
DecisionTree learned:
!but&!cc&!worth&!get: negative
!but&!cc&!worth&get: conflict
!but&!cc&worth&!nnp: conflict
!but&!cc&worth&nnp: neutral
!but&cc&!media&!or: positive
!but&cc&!media&or: neutral
!but&cc&media&!rb: conflict
!but&cc&media&rb: negative
but&!learn&!temperatur&!intensifier: negative
but&!learn&!temperatur&intensifier: positive
but&!learn&temperatur: neutral
but&learn&!mac: neutral
but&learn&mac: positive
DecisionTree learned:
!but&!cc&!laptops&!some: negative
!but&!cc&!laptops&some: conflict
!but&!cc&laptops&!nnp: conflict
!but&!cc&laptops&nnp: negative
!but&cc&!extend&!is: positive
!but&cc&!extend&is: positive
!but&cc&extend&!when: neutral
!but&cc&extend&when: conflict
but&!wa&!replac&!to: positive
but&!wa&!replac&to: neutral
but&!wa&replac: neutral
but&wa&!vb&!rb: conflict
but&wa&!vb&rb: positive
but&wa&vb&!to: negative
but&wa&vb&to: conflict
DecisionTree learned:
!but&!version&!complain&!vbz: neutral
!but&!version&!complain&vbz: positive
!but&!version&complain&!to: conflict
!but&!version&complain&to: positive
!but&version&!jj&!mac: negative
!but&version&!jj&mac: neutral
!but&version&jj&!to: conflict
!but&version&jj&to: positive
but&!function&!i&!onli: negative
but&!function&!i&onli: neutral
but&!function&i&!did: positive
but&!function&i&did: conflict
but&function: neutral
DecisionTree learned:
!but&!cc&!price&!version: negative
!but&!cc&!price&version: conflict
!but&!cc&price&!prp: positive
!but&!cc&price&prp: conflict
!but&cc&!great&!were: positive
!but&cc&!great&were: negative
!but&cc&great&!media: positive
!but&cc&great&media: conflict
but&!screen&!wdt&!i: negative
but&!screen&!wdt&i: positive
but&!screen&wdt&!vbd: positive
but&!screen&wdt&vbd: neutral
but&screen&!and&!on: conflict
but&screen&!and&on: negative
but&screen&and: positive
DecisionTree learned:
!but&!after&!macbook&!vb: positive
!but&!after&!macbook&vb: negative
!but&!after&macbook&!for: positive
!but&!after&macbook&for: neutral
!but&after&!especi&!warranti: negative
!but&after&!especi&warranti: neutral
!but&after&especi: conflict
but&!power&!be&!rb: conflict
but&!power&!be&rb: positive
but&!power&be&!vbn: negative
but&!power&be&vbn: neutral
but&power: neutral
DecisionTree learned:
!but&!cc&!it&!get: negative
!but&!cc&!it&get: conflict
!but&!cc&it&!laptop: negative
!but&!cc&it&laptop: conflict
!but&cc&!is&!sol: neutral
!but&cc&!is&sol: conflict
!but&cc&is&!card: positive
!but&cc&is&card: conflict
but&!learn&!standard&!vb: positive
but&!learn&!standard&vb: negative
but&!learn&standard: conflict
but&learn&!mac: neutral
but&learn&mac: positive
DecisionTree learned:
!but&!easy&!complain&!cc: negative
!but&!easy&!complain&cc: positive
!but&!easy&complain&!to: conflict
!but&!easy&complain&to: positive
!but&easy&!cd&!carri: positive
!but&easy&!cd&carri: positive
!but&easy&cd: neutral
but&!screen&!wdt&!i: negative
but&!screen&!wdt&i: positive
but&!screen&wdt&!vbd: positive
but&!screen&wdt&vbd: neutral
but&screen&!and&!intensifier: conflict
but&screen&!and&intensifier: negative
but&screen&and: positive
DecisionTree learned:
!but&!cc&!generally&!it: neutral
!but&!cc&!generally&it: negative
!but&!cc&generally: conflict
!but&cc&!great&!were: positive
!but&cc&!great&were: negative
!but&cc&great&!media: positive
!but&cc&great&media: conflict
but&!cost&!they&!that: positive
but&!cost&!they&that: conflict
but&!cost&they&!vbd: negative
but&!cost&they&vbd: neutral
but&cost&!is: conflict
but&cost&is: positive
DecisionTree learned:
!but&!ye&!back&!arisen: positive
!but&!ye&!back&arisen: conflict
!but&!ye&back&!motherboard: negative
!but&!ye&back&motherboard: neutral
!but&ye&!nn: conflict
!but&ye&nn: positive
but&!temperatur&!be&!rp: positive
but&!temperatur&!be&rp: negative
but&!temperatur&be&!would: negative
but&!temperatur&be&would: positive
but&temperatur: neutral
DecisionTree learned:
!but&!cc&!cd&!littl: negative
!but&!cc&!cd&littl: conflict
!but&!cc&cd&!despit: neutral
!but&!cc&cd&despit: conflict
!but&cc&!is&!extend: positive
!but&cc&!is&extend: neutral
!but&cc&is&!jj: neutral
!but&cc&is&jj: positive
but&!laptop&!look&!intensifier: negative
but&!laptop&!look&intensifier: negative
but&!laptop&look&!nn: negative
but&!laptop&look&nn: positive
but&laptop&!jj: neutral
but&laptop&jj: positive
DecisionTree learned:
!but&!movie&!after&!laptops: positive
!but&!movie&!after&laptops: neutral
!but&!movie&after&!especi: negative
!but&!movie&after&especi: conflict
!but&movie&!just: neutral
!but&movie&just: conflict
but&!outsid&!repair&!to: positive
but&!outsid&!repair&to: neutral
but&!outsid&repair: negative
but&outsid&!rb: neutral
but&outsid&rb: negative
DecisionTree learned:
!but&!cc&!arisen&!littl: negative
!but&!cc&!arisen&littl: conflict
!but&!cc&arisen: conflict
!but&cc&!extend&!is: positive
!but&cc&!extend&is: positive
!but&cc&extend&!when: neutral
!but&cc&extend&when: conflict
but&!to&!i&!and: conflict
but&!to&!i&and: positive
but&!to&i&!on: positive
but&!to&i&on: neutral
but&to&!jj&!batteri: neutral
but&to&!jj&batteri: conflict
but&to&jj&!new: negative
but&to&jj&new: neutral
DecisionTree learned:
!but&!cc&!it&!get: negative
!but&!cc&!it&get: conflict
!but&!cc&it&!laptop: negative
!but&!cc&it&laptop: conflict
!but&cc&!sol&!media: positive
!but&cc&!sol&media: conflict
!but&cc&sol: conflict
but&!repair&!warranti&!rb: conflict
but&!repair&!warranti&rb: positive
but&!repair&warranti: neutral
but&repair: negative
DecisionTree learned:
!and&!ye&!awesom&!loading: negative
!and&!ye&!awesom&loading: conflict
!and&!ye&awesom: positive
!and&ye: conflict
and&!spreadsheet&!complain&!extend: positive
and&!spreadsheet&!complain&extend: neutral
and&!spreadsheet&complain: conflict
and&spreadsheet: neutral
DecisionTree learned:
!but&!cc&!get&!to: positive
!but&!cc&!get&to: negative
!but&!cc&get&!i: negative
!but&!cc&get&i: conflict
!but&cc&!complain&!the: neutral
!but&cc&!complain&the: negative
!but&cc&complain: conflict
but&!a&!cost&!standard: negative
but&!a&!cost&standard: conflict
but&!a&cost: conflict
but&a&!in&!rb: conflict
but&a&!in&rb: negative
but&a&in&!batteri: neutral
but&a&in&batteri: conflict
DecisionTree learned:
!but&!good&!cc&!generally: negative
!but&!good&!cc&generally: conflict
!but&!good&cc&!sol: positive
!but&!good&cc&sol: conflict
!but&good&!just&!got: positive
!but&good&!just&got: negative
!but&good&just: negative
but&!vb&!outsid&!of: positive
but&!vb&!outsid&of: positive
but&!vb&outsid&!rb: neutral
but&!vb&outsid&rb: negative
but&vb&!have&!ha: negative
but&vb&!have&ha: conflict
but&vb&have: conflict
DecisionTree learned:
!but&!eee&!version&!vbz: neutral
!but&!eee&!version&vbz: positive
!but&!eee&version&!nnp: conflict
!but&!eee&version&nnp: negative
!but&eee: conflict
but&!on&!repair&!function: positive
but&!on&!repair&function: neutral
but&!on&repair: negative
but&on&!i&!nns: negative
but&on&!i&nns: conflict
but&on&i: neutral
DecisionTree learned:
!and&!but&!laptops&!littl: negative
!and&!but&!laptops&littl: conflict
!and&!but&laptops&!nnp: conflict
!and&!but&laptops&nnp: neutral
!and&but&!i&!replac: conflict
!and&but&!i&replac: neutral
!and&but&i&!did: positive
!and&but&i&did: neutral
and&!word&!media&!prp: positive
and&!word&!media&prp: neutral
and&!word&media&!is: positive
and&!word&media&is: conflict
and&word&!i&!its: neutral
and&word&!i&its: conflict
and&word&i: positive
DecisionTree learned:
!but&!generally&!vbz&!version: neutral
!but&!generally&!vbz&version: conflict
!but&!generally&vbz&!littl: positive
!but&!generally&vbz&littl: conflict
!but&generally: conflict
but&!who&!jj&!the: conflict
but&!who&!jj&the: positive
but&!who&jj&!and: negative
but&!who&jj&and: positive
but&who: neutral
DecisionTree learned:
!but&!cc&!ye&!worth: negative
!but&!cc&!ye&worth: conflict
!but&!cc&ye: conflict
!but&cc&!or&!extend: positive
!but&cc&!or&extend: neutral
!but&cc&or&!up: neutral
!but&cc&or&up: negative
but&!be&!standard&!new: negative
but&!be&!standard&new: neutral
but&!be&standard: conflict
but&be&!a&!mac: negative
but&be&!a&mac: positive
but&be&a&!jj: neutral
but&be&a&jj: positive
DecisionTree learned:
!but&!cc&!perfect&!eee: negative
!but&!cc&!perfect&eee: conflict
!but&!cc&perfect&!so: negative
!but&!cc&perfect&so: conflict
!but&cc&!sol&!is: neutral
!but&cc&!sol&is: positive
!but&cc&sol: conflict
but&!function&!i&!onli: conflict
but&!function&!i&onli: neutral
but&!function&i&!in: positive
but&!function&i&in: neutral
but&function: neutral
DecisionTree learned:
!but&!cc&!requires&!it: positive
!but&!cc&!requires&it: negative
!but&!cc&requires: conflict
!but&cc&!is&!sol: neutral
!but&cc&!is&sol: conflict
!but&cc&is&!jj: negative
!but&cc&is&jj: positive
but&!vb&!i&!and: conflict
but&!vb&!i&and: positive
but&!vb&i&!they: positive
but&!vb&i&they: negative
but&vb&!be&!it: neutral
but&vb&!be&it: conflict
but&vb&be&!that: negative
but&vb&be&that: neutral
DecisionTree learned:
!and&!it&!get&!but: neutral
!and&!it&!get&but: negative
!and&!it&get&!i: neutral
!and&!it&get&i: conflict
!and&it&!laptop&!arisen: negative
!and&it&!laptop&arisen: conflict
!and&it&laptop&!as: positive
!and&it&laptop&as: conflict
and&!complain&!word&!sol: positive
and&!complain&!word&sol: conflict
and&!complain&word&!i: neutral
and&!complain&word&i: positive
and&complain: conflict
DecisionTree learned:
!but&!cc&!littl&!it: neutral
!but&!cc&!littl&it: negative
!but&!cc&littl&!is: negative
!but&!cc&littl&is: conflict
!but&cc&!media&!sol: positive
!but&cc&!media&sol: conflict
!but&cc&media&!rb: conflict
!but&cc&media&rb: negative
but&!laptop&!rb&!to: conflict
but&!laptop&!rb&to: neutral
but&!laptop&rb&!an: positive
but&!laptop&rb&an: conflict
but&laptop&!jj: neutral
but&laptop&jj: positive
DecisionTree learned:
!and&!to&!will&!dedicated: positive
!and&!to&!will&dedicated: conflict
!and&!to&will&!not: conflict
!and&!to&will&not: positive
!and&to&!after&!comput: neutral
!and&to&!after&comput: negative
!and&to&after&!nnp: negative
!and&to&after&nnp: conflict
and&!media&!extend&!not: positive
and&!media&!extend&not: negative
and&!media&extend&!when: neutral
and&!media&extend&when: conflict
and&media&!is: positive
and&media&is: conflict
DecisionTree learned:
!and&!but&!littl&!perfect: neutral
!and&!but&!littl&perfect: conflict
!and&!but&littl&!is: negative
!and&!but&littl&is: conflict
!and&but&!i&!warranti: conflict
!and&but&!i&warranti: neutral
!and&but&i&!did: positive
!and&but&i&did: neutral
and&!word&!firefox&!extend: positive
and&!word&!firefox&extend: neutral
and&!word&firefox: neutral
and&word&!i&!its: neutral
and&word&!i&its: conflict
and&word&i: positive
DecisionTree learned:
!but&!cc&!requires&!some: negative
!but&!cc&!requires&some: conflict
!but&!cc&requires: conflict
!but&cc&!media&!extend: positive
!but&cc&!media&extend: neutral
!but&cc&media&!rb: conflict
!but&cc&media&rb: negative
but&!a&!they&!comput: positive
but&!a&!they&comput: negative
but&!a&they&!than: negative
but&!a&they&than: conflict
but&a&!in&!which: negative
but&a&!in&which: conflict
but&a&in&!and: neutral
but&a&in&and: positive
DecisionTree learned:
!and&!to&!version&!but: positive
!and&!to&!version&but: negative
!and&!to&version&!nnp: conflict
!and&!to&version&nnp: negative
!and&to&!after&!easi: neutral
!and&to&!after&easi: positive
!and&to&after&!nnp: negative
!and&to&after&nnp: conflict
and&!complain&!had&!buttons: positive
and&!complain&!had&buttons: negative
and&!complain&had&!that: negative
and&!complain&had&that: neutral
and&complain: conflict
DecisionTree learned:
!but&!cc&!mind&!get: negative
!but&!cc&!mind&get: conflict
!but&!cc&mind: conflict
!but&cc&!would&!rb: positive
!but&cc&!would&rb: negative
!but&cc&would&!my: negative
!but&cc&would&my: neutral
but&!power&!to&!function: positive
but&!power&!to&function: neutral
but&!power&to&!batteri: neutral
but&!power&to&batteri: conflict
but&power: neutral
DecisionTree learned:
!and&!laptops&!but&!requires: negative
!and&!laptops&!but&requires: conflict
!and&!laptops&but&!i: conflict
!and&!laptops&but&i: neutral
!and&laptops&!nnp: conflict
!and&laptops&nnp&!rb: neutral
!and&laptops&nnp&rb: negative
and&!media&!word&!complain: positive
and&!media&!word&complain: conflict
and&!media&word&!its: neutral
and&!media&word&its: conflict
and&media&!game: conflict
and&media&game: positive
DecisionTree learned:
!and&!littl&!it&!get: neutral
!and&!littl&!it&get: conflict
!and&!littl&it&!laptop: negative
!and&!littl&it&laptop: conflict
!and&littl&!jj&!is: negative
!and&littl&!jj&is: conflict
!and&littl&jj: negative
and&!complain&!word&!media: positive
and&!complain&!word&media: conflict
and&!complain&word&!i: neutral
and&!complain&word&i: positive
and&complain: conflict
DecisionTree learned:
!and&!to&!it&!but: positive
!and&!to&!it&but: conflict
!and&!to&it&!laptop: negative
!and&!to&it&laptop: conflict
!and&to&!after&!rp: neutral
!and&to&!after&rp: positive
!and&to&after&!nnp: negative
!and&to&after&nnp: conflict
and&!complain&!word&!media: positive
and&!complain&!word&media: conflict
and&!complain&word&!i: neutral
and&!complain&word&i: positive
and&complain: conflict
DecisionTree learned:
!but&!cc&!version&!ye: negative
!but&!cc&!version&ye: conflict
!but&!cc&version&!program: conflict
!but&!cc&version&program: positive
!but&cc&!and&!vbg: neutral
!but&cc&!and&vbg: positive
!but&cc&and&!extend: positive
!but&cc&and&extend: neutral
but&!to&!replac&!laptop: negative
but&!to&!replac&laptop: neutral
but&!to&replac: neutral
but&to&!jj&!batteri: neutral
but&to&!jj&batteri: negative
but&to&jj&!nn: positive
but&to&jj&nn: negative
DecisionTree learned:
!but&!cc&!perfect&!littl: negative
!but&!cc&!perfect&littl: conflict
!but&!cc&perfect&!so: negative
!but&!cc&perfect&so: conflict
!but&cc&!complain&!the: neutral
!but&cc&!complain&the: negative
!but&cc&complain: conflict
but&!littl&!i&!diminisher: conflict
but&!littl&!i&diminisher: neutral
but&!littl&i&!in: positive
but&!littl&i&in: neutral
but&littl: negative
DecisionTree learned:
!but&!eee&!macbook&!movie: negative
!but&!eee&!macbook&movie: neutral
!but&!eee&macbook&!for: positive
!but&!eee&macbook&for: neutral
!but&eee: conflict
but&!outsid&!softwar&!repair: positive
but&!outsid&!softwar&repair: negative
but&!outsid&softwar&!rb: conflict
but&!outsid&softwar&rb: negative
but&outsid&!rb: neutral
but&outsid&rb: negative
DecisionTree learned:
!but&!cc&!mind&!version: positive
!but&!cc&!mind&version: conflict
!but&!cc&mind: conflict
!but&cc&!the&!complain: neutral
!but&cc&!the&complain: conflict
!but&cc&the&!media: negative
!but&cc&the&media: conflict
but&!space&!laptop&!i: conflict
but&!space&!laptop&i: positive
but&!space&laptop&!in: positive
but&!space&laptop&in: neutral
but&space&!intensifier: positive
but&space&intensifier: positive
DecisionTree learned:
!but&!cc&!mind&!generally: negative
!but&!cc&!mind&generally: conflict
!but&!cc&mind: conflict
!but&cc&!email&!board: positive
!but&cc&!email&board: negative
!but&cc&email&!vbd: neutral
!but&cc&email&vbd: positive
but&!look&!a&!temperatur: negative
but&!look&!a&temperatur: neutral
but&!look&a&!in: conflict
but&!look&a&in: neutral
but&look&!nn: negative
but&look&nn: positive
DecisionTree learned:
!and&!but&!needs&!version: negative
!and&!but&!needs&version: conflict
!and&!but&needs&!so: negative
!and&!but&needs&so: conflict
!and&but&!i&!who: conflict
!and&but&!i&who: neutral
!and&but&i&!did: positive
!and&but&i&did: conflict
and&!the&!about&!but: positive
and&!the&!about&but: positive
and&!the&about&!vb: negative
and&!the&about&vb: conflict
and&the&!great&!when: negative
and&the&!great&when: neutral
and&the&great&!media: positive
and&the&great&media: conflict
DecisionTree learned:
!but&!cc&!requires&!worth: negative
!but&!cc&!requires&worth: conflict
!but&!cc&requires: conflict
!but&cc&!media&!md: positive
!but&cc&!media&md: negative
!but&cc&media&!rb: conflict
!but&cc&media&rb: negative
but&!power&!ha&!and: conflict
but&!power&!ha&and: positive
but&!power&ha&!the: conflict
but&!power&ha&the: positive
but&power: neutral
DecisionTree learned:
!and&!but&!ye&!generally: negative
!and&!but&!ye&generally: conflict
!and&!but&ye: conflict
!and&but&!i&!call: conflict
!and&but&!i&call: neutral
!and&but&i&!did: positive
!and&but&i&did: neutral
and&!complain&!extend&!vbd: positive
and&!complain&!extend&vbd: negative
and&!complain&extend&!when: neutral
and&!complain&extend&when: conflict
and&complain: conflict
DecisionTree learned:
!and&!ye&!but&!generally: negative
!and&!ye&!but&generally: conflict
!and&!ye&but&!i: conflict
!and&!ye&but&i: neutral
!and&ye: conflict
and&!word&!sd&!firefox: positive
and&!word&!sd&firefox: neutral
and&!word&sd: neutral
and&word&!its&!i: neutral
and&word&!its&i: positive
and&word&its: conflict
DecisionTree learned:
!and&!ye&!needs&!drive: positive
!and&!ye&!needs&drive: neutral
!and&!ye&needs&!so: negative
!and&!ye&needs&so: conflict
!and&ye: conflict
and&!media&!prp&!same: positive
and&!media&!prp&same: neutral
and&!media&prp&!had: neutral
and&!media&prp&had: negative
and&media&!game: conflict
and&media&game: positive
DecisionTree learned:
!but&!some&!love&!macbook: negative
!but&!some&!love&macbook: positive
!but&!some&love&!vbd: positive
!but&!some&love&vbd: neutral
!but&some&!nn&!vb: conflict
!but&some&!nn&vb: negative
!but&some&nn&!in: neutral
!but&some&nn&in: negative
but&!getting&!standard&!support: negative
but&!getting&!standard&support: negative
but&!getting&standard: conflict
but&getting: neutral
DecisionTree learned:
!and&!but&!mind&!worth: negative
!and&!but&!mind&worth: conflict
!and&!but&mind: conflict
!and&but&!i&!an: conflict
!and&but&!i&an: conflict
!and&but&i&!did: positive
!and&but&i&did: conflict
and&!email&!prp&!same: positive
and&!email&!prp&same: neutral
and&!email&prp&!vbd: positive
and&!email&prp&vbd: negative
and&email&!screen&!vbd: neutral
and&email&!screen&vbd: positive
and&email&screen: positive
DecisionTree learned:
!and&!requires&!but&!perfect: negative
!and&!requires&!but&perfect: conflict
!and&!requires&but&!i: conflict
!and&!requires&but&i: neutral
!and&requires: conflict
and&!camera&!sol&!word: positive
and&!camera&!sol&word: neutral
and&!camera&sol: conflict
and&camera&!vb: positive
and&camera&vb: conflict
DecisionTree learned:
!and&!to&!but&!generally: positive
!and&!to&!but&generally: conflict
!and&!to&but&!i: conflict
!and&!to&but&i: neutral
!and&to&!after&!rp: neutral
!and&to&!after&rp: positive
!and&to&after&!nnp: negative
!and&to&after&nnp: conflict
and&!media&!extend&!word: positive
and&!media&!extend&word: neutral
and&!media&extend&!when: neutral
and&!media&extend&when: conflict
and&media&!is: positive
and&media&is: conflict
DecisionTree learned:
!but&!cc&!worth&!despit: negative
!but&!cc&!worth&despit: conflict
!but&!cc&worth&!nnp: conflict
!but&!cc&worth&nnp: positive
!but&cc&!sol&!is: neutral
!but&cc&!sol&is: positive
!but&cc&sol: conflict
but&!huge&!backlit&!replac: negative
but&!huge&!backlit&replac: neutral
but&!huge&backlit: conflict
but&huge: conflict
DecisionTree learned:
!and&!to&!version&!generally: negative
!and&!to&!version&generally: conflict
!and&!to&version&!nnp: conflict
!and&!to&version&nnp: negative
!and&to&!after&!replace: neutral
!and&to&!after&replace: conflict
!and&to&after&!nnp: negative
!and&to&after&nnp: conflict
and&!media&!bluetooth&!extend: positive
and&!media&!bluetooth&extend: neutral
and&!media&bluetooth&!port: negative
and&!media&bluetooth&port: neutral
and&media&!game: conflict
and&media&game: positive
DecisionTree learned:
!and&!but&!perfect&!mind: neutral
!and&!but&!perfect&mind: conflict
!and&!but&perfect&!so: negative
!and&!but&perfect&so: conflict
!and&but&!i&!replac: conflict
!and&but&!i&replac: neutral
!and&but&i&!did: neutral
!and&but&i&did: conflict
and&!had&!the&!about: positive
and&!had&!the&about: negative
and&!had&the&!when: negative
and&!had&the&when: neutral
and&had&!that&!not: negative
and&had&!that&not: negative
and&had&that&!cd: neutral
and&had&that&cd: negative
DecisionTree learned:
!but&!cc&!worth&!ye: negative
!but&!cc&!worth&ye: conflict
!but&!cc&worth&!nnp: conflict
!but&!cc&worth&nnp: neutral
!but&cc&!is&!sol: neutral
!but&cc&!is&sol: conflict
!but&cc&is&!card: negative
!but&cc&is&card: conflict
but&!standard&!wa&!replac: negative
but&!standard&!wa&replac: neutral
but&!standard&wa&!intensifier: negative
but&!standard&wa&intensifier: positive
but&standard: conflict
DecisionTree learned:
!but&!cc&!requires&!it: positive
!but&!cc&!requires&it: negative
!but&!cc&requires: conflict
!but&cc&!fast&!rb: positive
!but&cc&!fast&rb: negative
!but&cc&fast: positive
but&!new&!the&!vbg: conflict
but&!new&!the&vbg: positive
but&!new&the&!outsid: positive
but&!new&the&outsid: neutral
but&new&!rb: neutral
but&new&rb: positive
Trial 0 Training cc.mallet.classify.AdaBoostM2Trainer@781f6226 finished
Trial 0 Trainer cc.mallet.classify.AdaBoostM2Trainer@781f6226 test data accuracy = 0.5212981744421906

NaiveBayesTrainer
Summary. test accuracy mean = 0.640973630831643 stddev = 0.0 stderr = 0.0

MaxEntTrainer,gaussianPriorVariance=1.0
Summary. test accuracy mean = 0.6206896551724138 stddev = 0.0 stderr = 0.0

cc.mallet.classify.DecisionTreeTrainer@4e17e4ca
Summary. test accuracy mean = 0.5294117647058824 stddev = 0.0 stderr = 0.0

cc.mallet.classify.AdaBoostM2Trainer@781f6226
Summary. test accuracy mean = 0.5212981744421906 stddev = 0.0 stderr = 0.0
