
-------------------- Trial 0  --------------------

Trial 0 Training NaiveBayesTrainer with 1865 instances
Trial 0 Training NaiveBayesTrainer finished
Trial 0 Trainer NaiveBayesTrainer test data accuracy = 0.5618661257606491
Trial 0 Training MaxEntTrainer,gaussianPriorVariance=1.0 with 1865 instances
Trial 0 Training MaxEntTrainer,gaussianPriorVariance=1.0 finished
Trial 0 Trainer MaxEntTrainer,gaussianPriorVariance=1.0 test data accuracy = 0.5760649087221096
Trial 0 Training cc.mallet.classify.DecisionTreeTrainer@266bade9 with 1865 instances
DecisionTree learned:
!in&!use&!cc&!wrb: positive
!in&!use&!cc&wrb: negative
!in&!use&cc&!prp: positive
!in&!use&cc&prp: positive
!in&use: positive
in&!vbd&!cd&!md: positive
in&!vbd&!cd&md: negative
in&!vbd&cd&!vbp: negative
in&!vbd&cd&vbp: positive
in&vbd&!jjr&!price: negative
in&vbd&!jjr&price: positive
in&vbd&jjr&!dt: negative
in&vbd&jjr&dt: positive
Trial 0 Training cc.mallet.classify.DecisionTreeTrainer@266bade9 finished
Trial 0 Trainer cc.mallet.classify.DecisionTreeTrainer@266bade9 test data accuracy = 0.5010141987829615
Trial 0 Training cc.mallet.classify.AdaBoostM2Trainer@15f66cff with 1865 instances
DecisionTree learned:
!in&!reboot&!use&!cc: positive
!in&!reboot&!use&cc: positive
!in&!reboot&use: positive
!in&reboot: conflict
in&!vbd&!cd&!md: positive
in&!vbd&!cd&md: negative
in&!vbd&cd&!vbp: negative
in&!vbd&cd&vbp: positive
in&vbd&!extended&!vbn: negative
in&vbd&!extended&vbn: negative
in&vbd&extended&!vbg: neutral
in&vbd&extended&vbg: conflict
DecisionTree learned:
!in&!jj&!service&!cd: positive
!in&!jj&!service&cd: negative
!in&!jj&service: neutral
!in&jj&!cc&!vbz: negative
!in&jj&!cc&vbz: positive
!in&jj&cc&!vbp: positive
!in&jj&cc&vbp: positive
in&!vbd&!cc&!pos: negative
in&!vbd&!cc&pos: negative
in&!vbd&cc&!md: positive
in&!vbd&cc&md: negative
in&vbd&!vbn&!nns: negative
in&vbd&!vbn&nns: positive
in&vbd&vbn&!rbr: negative
in&vbd&vbn&rbr: positive
DecisionTree learned:
!in&!jjr&!wrb&!dt: positive
!in&!jjr&!wrb&dt: positive
!in&!jjr&wrb&!cc: negative
!in&!jjr&wrb&cc: negative
!in&jjr&!vbp&!last: positive
!in&jjr&!vbp&last: positive
!in&jjr&vbp&!first: negative
!in&jjr&vbp&first: positive
in&!vbd&!vbz&!ex: positive
in&!vbd&!vbz&ex: neutral
in&!vbd&vbz&!md: positive
in&!vbd&vbz&md: negative
in&vbd&!jjr&!price: negative
in&vbd&!jjr&price: positive
in&vbd&jjr&!dt: negative
in&vbd&jjr&dt: positive
DecisionTree learned:
!in&!jjr&!chrome&!use: positive
!in&!jjr&!chrome&use: positive
!in&!jjr&chrome: conflict
!in&jjr&!vbp&!vhs: positive
!in&jjr&!vbp&vhs: conflict
!in&jjr&vbp&!first: negative
!in&jjr&vbp&first: positive
in&!price&!vbd&!cc: negative
in&!price&!vbd&cc: positive
in&!price&vbd&!jjr: negative
in&!price&vbd&jjr: negative
in&price&!vbp&!rbr: positive
in&price&!vbp&rbr: positive
in&price&vbp&!middle: negative
in&price&vbp&middle: conflict
DecisionTree learned:
!cc&!price&!in&!bag: positive
!cc&!price&!in&bag: neutral
!cc&!price&in&!functions: negative
!cc&!price&in&functions: conflict
!cc&price&!rbr&!tag: positive
!cc&price&!rbr&tag: negative
!cc&price&rbr&!nnp: conflict
!cc&price&rbr&nnp: negative
cc&!vbd&!md&!vbp: positive
cc&!vbd&!md&vbp: positive
cc&!vbd&md&!prp: negative
cc&!vbd&md&prp: positive
cc&vbd&!prp&!dt: positive
cc&vbd&!prp&dt: negative
cc&vbd&prp&!jjr: negative
cc&vbd&prp&jjr: positive
DecisionTree learned:
!cd&!in&!jjr&!jjs: positive
!cd&!in&!jjr&jjs: negative
!cd&!in&jjr&!speakers: positive
!cd&!in&jjr&speakers: negative
!cd&in&!to&!nns: positive
!cd&in&!to&nns: positive
!cd&in&to&!vbd: positive
!cd&in&to&vbd: negative
cd&!jjs&!wp&!vbn: neutral
cd&!jjs&!wp&vbn: negative
cd&!jjs&wp&!vbd: neutral
cd&!jjs&wp&vbd: neutral
cd&jjs&!feature&!vbz: positive
cd&jjs&!feature&vbz: positive
cd&jjs&feature: conflict
DecisionTree learned:
!first&!vbz&!rbr&!vbd: neutral
!first&!vbz&!rbr&vbd: negative
!first&!vbz&rbr&!wrb: positive
!first&!vbz&rbr&wrb: neutral
!first&vbz&!vb&!jj: negative
!first&vbz&!vb&jj: positive
!first&vbz&vb&!use: positive
!first&vbz&vb&use: positive
first&!cd&!cc&!wdt: positive
first&!cd&!cc&wdt: positive
first&!cd&cc&!nnp: positive
first&!cd&cc&nnp: positive
first&cd&!rb&!weight: neutral
first&cd&!rb&weight: conflict
first&cd&rb&!wrb: positive
first&cd&rb&wrb: neutral
DecisionTree learned:
!in&!jjr&!dt&!tech: positive
!in&!jjr&!dt&tech: neutral
!in&!jjr&dt&!vbz: negative
!in&!jjr&dt&vbz: positive
!in&jjr&!vbp&!last: conflict
!in&jjr&!vbp&last: positive
!in&jjr&vbp&!first: negative
!in&jjr&vbp&first: positive
in&!warranty&!use&!hard: negative
in&!warranty&!use&hard: neutral
in&!warranty&use&!school: positive
in&!warranty&use&school: neutral
in&warranty&!jjs&!to: neutral
in&warranty&!jjs&to: neutral
in&warranty&jjs: positive
DecisionTree learned:
!cd&!cc&!vb&!warranty: positive
!cd&!cc&!vb&warranty: neutral
!cd&!cc&vb&!cost: negative
!cd&!cc&vb&cost: conflict
!cd&cc&!first&!md: positive
!cd&cc&!first&md: negative
!cd&cc&first&!nnp: positive
!cd&cc&first&nnp: positive
cd&!vbd&!camera&!vbp: negative
cd&!vbd&!camera&vbp: neutral
cd&!vbd&camera: conflict
cd&vbd&!jjs&!jjr: negative
cd&vbd&!jjs&jjr: positive
cd&vbd&jjs&!feature: positive
cd&vbd&jjs&feature: conflict
DecisionTree learned:
!in&!chrome&!jj&!cd: positive
!in&!chrome&!jj&cd: neutral
!in&!chrome&jj&!vbp: positive
!in&!chrome&jj&vbp: positive
!in&chrome: conflict
in&!first&!price&!life: negative
in&!first&!price&life: positive
in&!first&price&!rp: positive
in&!first&price&rp: neutral
in&first&!screen&!rb: positive
in&first&!screen&rb: positive
in&first&screen&!vbg: conflict
in&first&screen&vbg: positive
DecisionTree learned:
!in&!jj&!chrome&!service: negative
!in&!jj&!chrome&service: neutral
!in&!jj&chrome: conflict
!in&jj&!vbp&!cc: positive
!in&jj&!vbp&cc: positive
!in&jj&vbp&!rb: positive
!in&jj&vbp&rb: negative
in&!hard&!vbd&!wdt: positive
in&!hard&!vbd&wdt: positive
in&!hard&vbd&!jjr: negative
in&!hard&vbd&jjr: positive
in&hard&!space&!vbd: neutral
in&hard&!space&vbd: negative
in&hard&space: positive
DecisionTree learned:
!first&!price&!graphics&!life: negative
!first&!price&!graphics&life: positive
!first&!price&graphics&!vbd: positive
!first&!price&graphics&vbd: conflict
!first&price&!rp&!vbp: positive
!first&price&!rp&vbp: conflict
!first&price&rp: neutral
first&!cc&!weight&!to: positive
first&!cc&!weight&to: negative
first&!cc&weight: conflict
first&cc&!prp&!vbn: positive
first&cc&!prp&vbn: negative
first&cc&prp&!screen: positive
first&cc&prp&screen: conflict
DecisionTree learned:
!cc&!cd&!hard&!price: negative
!cc&!cd&!hard&price: positive
!cc&!cd&hard&!reboot: negative
!cc&!cd&hard&reboot: conflict
!cc&cd&!weight&!full: neutral
!cc&cd&!weight&full: conflict
!cc&cd&weight: conflict
cc&!prp&!ex&!vbn: positive
cc&!prp&!ex&vbn: negative
cc&!prp&ex&!vb: neutral
cc&!prp&ex&vb: negative
cc&prp&!vbz&!rbr: negative
cc&prp&!vbz&rbr: positive
cc&prp&vbz&!jjs: positive
cc&prp&vbz&jjs: positive
DecisionTree learned:
!first&!vbz&!full&!games: negative
!first&!vbz&!full&games: neutral
!first&!vbz&full: conflict
!first&vbz&!vb&!jj: negative
!first&vbz&!vb&jj: positive
!first&vbz&vb&!service: positive
!first&vbz&vb&service: negative
first&!cc&!vbn&!weight: positive
first&!cc&!vbn&weight: conflict
first&!cc&vbn&!wdt: neutral
first&!cc&vbn&wdt: conflict
first&cc&!cd&!nnp: positive
first&cc&!cd&nnp: positive
first&cc&cd&!vbp: negative
first&cc&cd&vbp: positive
DecisionTree learned:
!use&!first&!price&!life: negative
!use&!first&!price&life: positive
!use&!first&price&!rp: positive
!use&!first&price&rp: neutral
!use&first&!cc&!vbn: negative
!use&first&!cc&vbn: positive
!use&first&cc&!cd: positive
!use&first&cc&cd: negative
use&!school&!ratio: negative
use&!school&ratio&!md: positive
use&!school&ratio&md: positive
use&school: neutral
DecisionTree learned:
!in&!jjr&!jj&!chrome: negative
!in&!jjr&!jj&chrome: conflict
!in&!jjr&jj&!vbp: positive
!in&!jjr&jj&vbp: positive
!in&jjr&!vbp&!quality: positive
!in&jjr&!vbp&quality: conflict
!in&jjr&vbp&!first: negative
!in&jjr&vbp&first: positive
in&!hard&!nnp&!rbr: negative
in&!hard&!nnp&rbr: positive
in&!hard&nnp&!last: positive
in&!hard&nnp&last: neutral
in&hard&!space&!vbd: neutral
in&hard&!space&vbd: negative
in&hard&space: positive
DecisionTree learned:
!first&!graphics&!life&!jj: negative
!first&!graphics&!life&jj: positive
!first&!graphics&life&!nn: conflict
!first&!graphics&life&nn: positive
!first&graphics&!vbd: positive
!first&graphics&vbd&!vbz: positive
!first&graphics&vbd&vbz: conflict
first&!cc&!vbn&!weight: positive
first&!cc&!vbn&weight: conflict
first&!cc&vbn&!wdt: positive
first&!cc&vbn&wdt: conflict
first&cc&!screen&!rb: positive
first&cc&!screen&rb: negative
first&cc&screen&!vbn: conflict
first&cc&screen&vbn: negative
DecisionTree learned:
!use&!in&!jjr&!camera: positive
!use&!in&!jjr&camera: conflict
!use&!in&jjr&!nns: conflict
!use&!in&jjr&nns: positive
!use&in&!nnp&!rbr: negative
!use&in&!nnp&rbr: positive
!use&in&nnp&!last: positive
!use&in&nnp&last: neutral
use&!ratio&!vb: neutral
use&!ratio&vb: negative
use&ratio&!to&!md: positive
use&ratio&!to&md: neutral
use&ratio&to&!cc: positive
use&ratio&to&cc: positive
DecisionTree learned:
!cc&!hard&!cost&!functions: negative
!cc&!hard&!cost&functions: conflict
!cc&!hard&cost&!rb: conflict
!cc&!hard&cost&rb: positive
!cc&hard&!reboot&!vbn: neutral
!cc&hard&!reboot&vbn: negative
!cc&hard&reboot: conflict
cc&!first&!vbn&!wp: positive
cc&!first&!vbn&wp: neutral
cc&!first&vbn&!graphics: negative
cc&!first&vbn&graphics: conflict
cc&first&!screen&!rb: positive
cc&first&!screen&rb: negative
cc&first&screen&!vbp: conflict
cc&first&screen&vbp: neutral
DecisionTree learned:
!life&!use&!rbr&!cd: negative
!life&!use&!rbr&cd: neutral
!life&!use&rbr&!pricetag: positive
!life&!use&rbr&pricetag: conflict
!life&use&!school&!ratio: negative
!life&use&!school&ratio: positive
!life&use&school: neutral
life&!last&!vbp&!cc: positive
life&!last&!vbp&cc: conflict
life&!last&vbp&!cc: positive
life&!last&vbp&cc: positive
life&last&!cd: positive
life&last&cd: neutral
DecisionTree learned:
!cc&!price&!speed&!functions: negative
!cc&!price&!speed&functions: conflict
!cc&!price&speed: positive
!cc&price&!rbr&!vb: positive
!cc&price&!rbr&vb: positive
!cc&price&rbr&!nnp: conflict
!cc&price&rbr&nnp: negative
cc&!first&!wdt&!vbp: positive
cc&!first&!wdt&vbp: neutral
cc&!first&wdt&!jjs: positive
cc&!first&wdt&jjs: conflict
cc&first&!screen&!rb: positive
cc&first&!screen&rb: negative
cc&first&screen&!vbn: conflict
cc&first&screen&vbn: negative
DecisionTree learned:
!cc&!hard&!in&!wrb: positive
!cc&!hard&!in&wrb: negative
!cc&!hard&in&!jj: negative
!cc&!hard&in&jj: negative
!cc&hard&!reboot&!drive: neutral
!cc&hard&!reboot&drive: negative
!cc&hard&reboot: conflict
cc&!first&!graphics&!wdt: positive
cc&!first&!graphics&wdt: positive
cc&!first&graphics&!vbd: positive
cc&!first&graphics&vbd: conflict
cc&first&!screen&!ports: positive
cc&first&!screen&ports: conflict
cc&first&screen&!vbn: conflict
cc&first&screen&vbn: negative
DecisionTree learned:
!in&!jj&!chrome&!service: positive
!in&!jj&!chrome&service: neutral
!in&!jj&chrome: conflict
!in&jj&!to&!vbp: positive
!in&jj&!to&vbp: positive
!in&jj&to&!dt: positive
!in&jj&to&dt: negative
in&!life&!first&!jj: neutral
in&!life&!first&jj: positive
in&!life&first&!ports: positive
in&!life&first&ports: conflict
in&life&!first&!md: conflict
in&life&!first&md: positive
in&life&first&!jj: positive
in&life&first&jj: negative
DecisionTree learned:
!cc&!price&!life&!battery: negative
!cc&!price&!life&battery: negative
!cc&!price&life&!vbp: positive
!cc&!price&life&vbp: positive
!cc&price&!rbr&!retail: positive
!cc&price&!rbr&retail: negative
!cc&price&rbr&!nnp: conflict
!cc&price&rbr&nnp: negative
cc&!first&!graphics&!wdt: positive
cc&!first&!graphics&wdt: positive
cc&!first&graphics&!vbd: positive
cc&!first&graphics&vbd: conflict
cc&first&!cd&!nnp: negative
cc&first&!cd&nnp: positive
cc&first&cd&!mouse: negative
cc&first&cd&mouse: conflict
DecisionTree learned:
!cc&!price&!full&!nnp: negative
!cc&!price&!full&nnp: negative
!cc&!price&full&!to: negative
!cc&!price&full&to: conflict
!cc&price&!rbr&!vb: positive
!cc&price&!rbr&vb: positive
!cc&price&rbr&!nnp: conflict
!cc&price&rbr&nnp: negative
cc&!first&!vbz&!life: neutral
cc&!first&!vbz&life: conflict
cc&!first&vbz&!jjs: positive
cc&!first&vbz&jjs: positive
cc&first&!rb&!nns: positive
cc&first&!rb&nns: positive
cc&first&rb&!nnp: negative
cc&first&rb&nnp: positive
DecisionTree learned:
!cc&!cost&!hard&!in: negative
!cc&!cost&!hard&in: negative
!cc&!cost&hard&!reboot: neutral
!cc&!cost&hard&reboot: conflict
!cc&cost&!rb: conflict
!cc&cost&rb: positive
cc&!prp&!ex&!vbn: positive
cc&!prp&!ex&vbn: negative
cc&!prp&ex&!vb: neutral
cc&!prp&ex&vb: negative
cc&prp&!vbz&!xp: negative
cc&prp&!vbz&xp: conflict
cc&prp&vbz&!non: positive
cc&prp&vbz&non: conflict
DecisionTree learned:
!cc&!hard&!in&!service: positive
!cc&!hard&!in&service: neutral
!cc&!hard&in&!warranty: negative
!cc&!hard&in&warranty: neutral
!cc&hard&!reboot&!in: negative
!cc&hard&!reboot&in: neutral
!cc&hard&reboot: conflict
cc&!prp&!ex&!vbn: positive
cc&!prp&!ex&vbn: negative
cc&!prp&ex&!windows: neutral
cc&!prp&ex&windows: negative
cc&prp&!rbr&!vbz: negative
cc&prp&!rbr&vbz: positive
cc&prp&rbr&!pricetag: positive
cc&prp&rbr&pricetag: conflict
DecisionTree learned:
!cc&!cost&!price&!functions: negative
!cc&!cost&!price&functions: conflict
!cc&!cost&price&!rbr: positive
!cc&!cost&price&rbr: conflict
!cc&cost&!rb: conflict
!cc&cost&rb: positive
cc&!first&!life&!vbz: neutral
cc&!first&!life&vbz: positive
cc&!first&life&!vbz: conflict
cc&!first&life&vbz: positive
cc&first&!screen&!card: positive
cc&first&!screen&card: conflict
cc&first&screen&!vbn: conflict
cc&first&screen&vbn: negative
DecisionTree learned:
!first&!explorer&!price&!life: negative
!first&!explorer&!price&life: positive
!first&!explorer&price&!rp: positive
!first&!explorer&price&rp: neutral
!first&explorer: conflict
first&!cc&!weight&!keyboard: positive
first&!cc&!weight&keyboard: neutral
first&!cc&weight: conflict
first&cc&!screen&!os: positive
first&cc&!screen&os: conflict
first&cc&screen&!vbp: conflict
first&cc&screen&vbp: neutral
DecisionTree learned:
!cc&!hard&!functions&!to: negative
!cc&!hard&!functions&to: negative
!cc&!hard&functions: conflict
!cc&hard&!reboot&!vbn: neutral
!cc&hard&!reboot&vbn: negative
!cc&hard&reboot: conflict
cc&!first&!graphics&!life: positive
cc&!first&!graphics&life: positive
cc&!first&graphics&!vbz: positive
cc&!first&graphics&vbz: conflict
cc&first&!screen&!rb: positive
cc&first&!screen&rb: negative
cc&first&screen&!vbn: conflict
cc&first&screen&vbn: negative
DecisionTree learned:
!life&!cc&!speed&!cost: negative
!life&!cc&!speed&cost: conflict
!life&!cc&speed: positive
!life&cc&!first&!md: positive
!life&cc&!first&md: negative
!life&cc&first&!screen: positive
!life&cc&first&screen: conflict
life&!last&!extended&!vbg: positive
life&!last&!extended&vbg: positive
life&!last&extended&!to: neutral
life&!last&extended&to: conflict
life&last&!cd: positive
life&last&cd: neutral
DecisionTree learned:
!cc&!reboot&!full&!functions: negative
!cc&!reboot&!full&functions: conflict
!cc&!reboot&full&!to: negative
!cc&!reboot&full&to: conflict
!cc&reboot: conflict
cc&!first&!wdt&!vbp: positive
cc&!first&!wdt&vbp: neutral
cc&!first&wdt&!nns: neutral
cc&!first&wdt&nns: positive
cc&first&!cost&!screen: positive
cc&first&!cost&screen: conflict
cc&first&cost: conflict
DecisionTree learned:
!cc&!cost&!hard&!life: negative
!cc&!cost&!hard&life: positive
!cc&!cost&hard&!reboot: neutral
!cc&!cost&hard&reboot: conflict
!cc&cost&!rb: conflict
!cc&cost&rb: positive
cc&!prp&!ex&!last: positive
cc&!prp&!ex&last: positive
cc&!prp&ex&!vb: neutral
cc&!prp&ex&vb: negative
cc&prp&!vbn&!nns: negative
cc&prp&!vbn&nns: positive
cc&prp&vbn&!wdt: negative
cc&prp&vbn&wdt: positive
DecisionTree learned:
!cc&!nnp&!functions&!price: negative
!cc&!nnp&!functions&price: positive
!cc&!nnp&functions: conflict
!cc&nnp&!full&!first: negative
!cc&nnp&!full&first: positive
!cc&nnp&full: conflict
cc&!first&!graphics&!wdt: positive
cc&!first&!graphics&wdt: positive
cc&!first&graphics&!vbd: positive
cc&!first&graphics&vbd: conflict
cc&first&!os&!card: positive
cc&first&!os&card: conflict
cc&first&os: conflict
DecisionTree learned:
!use&!cc&!price&!cd: negative
!use&!cc&!price&cd: neutral
!use&!cc&price&!rbr: positive
!use&!cc&price&rbr: conflict
!use&cc&!prp&!ex: positive
!use&cc&!prp&ex: neutral
!use&cc&prp&!jjs: neutral
!use&cc&prp&jjs: positive
use&!to&!vbz&!md: positive
use&!to&!vbz&md: neutral
use&!to&vbz: positive
use&to&!ratio: negative
use&to&ratio&!nns: positive
use&to&ratio&nns: positive
DecisionTree learned:
!cc&!full&!nnp&!hard: negative
!cc&!full&!nnp&hard: neutral
!cc&!full&nnp&!cd: negative
!cc&!full&nnp&cd: neutral
!cc&full&!to: negative
!cc&full&to: conflict
cc&!prp&!ex&!vbn: positive
cc&!prp&!ex&vbn: negative
cc&!prp&ex&!vb: neutral
cc&!prp&ex&vb: positive
cc&prp&!vbn&!screen: neutral
cc&prp&!vbn&screen: positive
cc&prp&vbn&!graphics: negative
cc&prp&vbn&graphics: conflict
DecisionTree learned:
!cc&!full&!nnp&!price: negative
!cc&!full&!nnp&price: positive
!cc&!full&nnp&!sales: negative
!cc&!full&nnp&sales: positive
!cc&full&!to: negative
!cc&full&to: conflict
cc&!first&!graphics&!wdt: positive
cc&!first&!graphics&wdt: positive
cc&!first&graphics&!vbz: positive
cc&!first&graphics&vbz: conflict
cc&first&!cd&!nnp: positive
cc&first&!cd&nnp: positive
cc&first&cd&!mouse: negative
cc&first&cd&mouse: conflict
DecisionTree learned:
!use&!cc&!functions&!cost: negative
!use&!cc&!functions&cost: conflict
!use&!cc&functions: conflict
!use&cc&!prp&!ex: positive
!use&cc&!prp&ex: neutral
!use&cc&prp&!rbr: neutral
!use&cc&prp&rbr: positive
use&!ratio&!vb: neutral
use&!ratio&vb: negative
use&ratio&!to&!md: positive
use&ratio&!to&md: neutral
use&ratio&to&!cc: positive
use&ratio&to&cc: positive
DecisionTree learned:
!cc&!cost&!full&!nnp: negative
!cc&!cost&!full&nnp: negative
!cc&!cost&full&!to: negative
!cc&!cost&full&to: conflict
!cc&cost&!rb: conflict
!cc&cost&rb: positive
cc&!first&!explorer&!vbz: neutral
cc&!first&!explorer&vbz: positive
cc&!first&explorer: conflict
cc&first&!in&!jjr: negative
cc&first&!in&jjr: conflict
cc&first&in&!screen: positive
cc&first&in&screen: conflict
DecisionTree learned:
!cc&!cd&!battery&!price: negative
!cc&!cd&!battery&price: positive
!cc&!cd&battery&!life: negative
!cc&!cd&battery&life: positive
!cc&cd&!full&!weight: neutral
!cc&cd&!full&weight: conflict
!cc&cd&full&!to: negative
!cc&cd&full&to: conflict
cc&!prp&!ex&!vbn: positive
cc&!prp&!ex&vbn: negative
cc&!prp&ex&!to: neutral
cc&!prp&ex&to: negative
cc&prp&!wdt&!battery: neutral
cc&prp&!wdt&battery: negative
cc&prp&wdt&!nns: neutral
cc&prp&wdt&nns: positive
DecisionTree learned:
!cc&!full&!nnp&!hard: negative
!cc&!full&!nnp&hard: neutral
!cc&!full&nnp&!first: negative
!cc&!full&nnp&first: positive
!cc&full&!to: negative
!cc&full&to: conflict
cc&!prp&!ex&!vbn: positive
cc&!prp&!ex&vbn: negative
cc&!prp&ex&!vb: neutral
cc&!prp&ex&vb: negative
cc&prp&!vbn&!screen: neutral
cc&prp&!vbn&screen: negative
cc&prp&vbn&!xp: negative
cc&prp&vbn&xp: conflict
DecisionTree learned:
!life&!wdt&!cc&!battery: negative
!life&!wdt&!cc&battery: negative
!life&!wdt&cc&!first: positive
!life&!wdt&cc&first: positive
!life&wdt&!vbd&!jjs: positive
!life&wdt&!vbd&jjs: conflict
!life&wdt&vbd&!nnp: positive
!life&wdt&vbd&nnp: neutral
life&!last&!vbp&!cc: positive
life&!last&!vbp&cc: conflict
life&!last&vbp&!cc: conflict
life&!last&vbp&cc: positive
life&last&!cd: positive
life&last&cd: neutral
DecisionTree learned:
!cc&!price&!cd&!life: negative
!cc&!price&!cd&life: positive
!cc&!price&cd&!weight: neutral
!cc&!price&cd&weight: conflict
!cc&price&!rbr&!vb: positive
!cc&price&!rbr&vb: positive
!cc&price&rbr&!nnp: conflict
!cc&price&rbr&nnp: negative
cc&!first&!explorer&!wdt: positive
cc&!first&!explorer&wdt: positive
cc&!first&explorer: conflict
cc&first&!prp&!vbn: positive
cc&first&!prp&vbn: negative
cc&first&prp&!in: negative
cc&first&prp&in: positive
DecisionTree learned:
!cc&!functions&!cost&!vbn: positive
!cc&!functions&!cost&vbn: negative
!cc&!functions&cost&!rb: conflict
!cc&!functions&cost&rb: positive
!cc&functions: conflict
cc&!prp&!ex&!to: positive
cc&!prp&!ex&to: negative
cc&!prp&ex&!vb: neutral
cc&!prp&ex&vb: negative
cc&prp&!vbz&!first: neutral
cc&prp&!vbz&first: negative
cc&prp&vbz&!jjs: positive
cc&prp&vbz&jjs: positive
DecisionTree learned:
!cc&!price&!battery&!wdt: negative
!cc&!price&!battery&wdt: positive
!cc&!price&battery&!vbp: negative
!cc&!price&battery&vbp: positive
!cc&price&!rbr&!vb: positive
!cc&price&!rbr&vb: positive
!cc&price&rbr&!nnp: conflict
!cc&price&rbr&nnp: negative
cc&!prp&!ex&!vbn: positive
cc&!prp&!ex&vbn: negative
cc&!prp&ex&!windows: neutral
cc&!prp&ex&windows: negative
cc&prp&!vbz&!xp: neutral
cc&prp&!vbz&xp: conflict
cc&prp&vbz&!jjs: positive
cc&prp&vbz&jjs: positive
DecisionTree learned:
!first&!life&!jj&!battery: neutral
!first&!life&!jj&battery: positive
!first&!life&jj&!wdt: negative
!first&!life&jj&wdt: positive
!first&life&!last&!wdt: conflict
!first&life&!last&wdt: negative
!first&life&last&!cd: positive
!first&life&last&cd: neutral
first&!cc&!vbd&!vbg: positive
first&!cc&!vbd&vbg: negative
first&!cc&vbd&!keyboard: positive
first&!cc&vbd&keyboard: conflict
first&cc&!screen&!cost: positive
first&cc&!screen&cost: conflict
first&cc&screen&!vbn: conflict
first&cc&screen&vbn: negative
DecisionTree learned:
!cc&!nnp&!functions&!wdt: negative
!cc&!nnp&!functions&wdt: negative
!cc&!nnp&functions: conflict
!cc&nnp&!full&!ibook: negative
!cc&nnp&!full&ibook: neutral
!cc&nnp&full: conflict
cc&!prp&!ex&!vbn: positive
cc&!prp&!ex&vbn: negative
cc&!prp&ex&!windows: neutral
cc&!prp&ex&windows: negative
cc&prp&!vbz&!xp: neutral
cc&prp&!vbz&xp: conflict
cc&prp&vbz&!jjs: positive
cc&prp&vbz&jjs: positive
DecisionTree learned:
!cc&!price&!reboot&!weight: negative
!cc&!price&!reboot&weight: conflict
!cc&!price&reboot: conflict
!cc&price&!rbr&!vb: positive
!cc&price&!rbr&vb: positive
!cc&price&rbr&!nnp: conflict
!cc&price&rbr&nnp: negative
cc&!prp&!ex&!vbn: positive
cc&!prp&!ex&vbn: negative
cc&!prp&ex&!vb: neutral
cc&!prp&ex&vb: positive
cc&prp&!vbz&!life: neutral
cc&prp&!vbz&life: conflict
cc&prp&vbz&!nnp: positive
cc&prp&vbz&nnp: neutral
DecisionTree learned:
!cc&!functions&!full&!nnp: negative
!cc&!functions&!full&nnp: negative
!cc&!functions&full&!to: negative
!cc&!functions&full&to: conflict
!cc&functions: conflict
cc&!prp&!ex&!vbn: positive
cc&!prp&!ex&vbn: negative
cc&!prp&ex&!windows: neutral
cc&!prp&ex&windows: negative
cc&prp&!battery&!wdt: negative
cc&prp&!battery&wdt: positive
cc&prp&battery&!vbp: conflict
cc&prp&battery&vbp: negative
DecisionTree learned:
!cc&!cost&!hard&!in: positive
!cc&!cost&!hard&in: negative
!cc&!cost&hard&!reboot: neutral
!cc&!cost&hard&reboot: conflict
!cc&cost&!rb: conflict
!cc&cost&rb: positive
cc&!first&!wdt&!life: negative
cc&!first&!wdt&life: conflict
cc&!first&wdt&!jjs: positive
cc&!first&wdt&jjs: conflict
cc&first&!garageband&!screen: positive
cc&first&!garageband&screen: conflict
cc&first&garageband: neutral
DecisionTree learned:
!cc&!hard&!in&!wrb: positive
!cc&!hard&!in&wrb: negative
!cc&!hard&in&!functions: negative
!cc&!hard&in&functions: conflict
!cc&hard&!reboot&!vbn: neutral
!cc&hard&!reboot&vbn: negative
!cc&hard&reboot: conflict
cc&!first&!wdt&!life: positive
cc&!first&!wdt&life: conflict
cc&!first&wdt&!jjs: positive
cc&!first&wdt&jjs: conflict
cc&first&!screen&!cost: positive
cc&first&!screen&cost: conflict
cc&first&screen&!vbp: conflict
cc&first&screen&vbp: neutral
DecisionTree learned:
!cc&!full&!nnp&!cost: negative
!cc&!full&!nnp&cost: conflict
!cc&!full&nnp&!first: neutral
!cc&!full&nnp&first: positive
!cc&full&!to: negative
!cc&full&to: conflict
cc&!first&!graphics&!wdt: positive
cc&!first&!graphics&wdt: positive
cc&!first&graphics&!vbd: positive
cc&!first&graphics&vbd: conflict
cc&first&!screen&!card: positive
cc&first&!screen&card: conflict
cc&first&screen&!vbn: conflict
cc&first&screen&vbn: negative
DecisionTree learned:
!cc&!price&!speed&!hard: negative
!cc&!price&!speed&hard: neutral
!cc&!price&speed: positive
!cc&price&!rbr&!vb: positive
!cc&price&!rbr&vb: positive
!cc&price&rbr&!nnp: conflict
!cc&price&rbr&nnp: negative
cc&!prp&!ex&!vbn: positive
cc&!prp&!ex&vbn: negative
cc&!prp&ex&!vb: neutral
cc&!prp&ex&vb: neutral
cc&prp&!vbz&!xp: neutral
cc&prp&!vbz&xp: conflict
cc&prp&vbz&!jjs: positive
cc&prp&vbz&jjs: positive
DecisionTree learned:
!cc&!battery&!cost&!keyboard: negative
!cc&!battery&!cost&keyboard: negative
!cc&!battery&cost&!rb: conflict
!cc&!battery&cost&rb: positive
!cc&battery&!vbp&!life: negative
!cc&battery&!vbp&life: positive
!cc&battery&vbp&!middle: positive
!cc&battery&vbp&middle: conflict
cc&!first&!graphics&!explorer: positive
cc&!first&!graphics&explorer: conflict
cc&!first&graphics&!vbd: positive
cc&!first&graphics&vbd: conflict
cc&first&!cd&!nnp: negative
cc&first&!cd&nnp: positive
cc&first&cd&!mouse: negative
cc&first&cd&mouse: conflict
DecisionTree learned:
!cc&!functions&!cost&!cd: negative
!cc&!functions&!cost&cd: neutral
!cc&!functions&cost&!rb: conflict
!cc&!functions&cost&rb: positive
!cc&functions: conflict
cc&!prp&!ex&!vbn: positive
cc&!prp&!ex&vbn: negative
cc&!prp&ex&!vb: neutral
cc&!prp&ex&vb: positive
cc&prp&!vbz&!rbr: neutral
cc&prp&!vbz&rbr: positive
cc&prp&vbz&!jjs: positive
cc&prp&vbz&jjs: positive
DecisionTree learned:
!last&!life&!cost&!cc: negative
!last&!life&!cost&cc: positive
!last&!life&cost&!rp: positive
!last&!life&cost&rp: conflict
!last&life&!extended&!vbg: conflict
!last&life&!extended&vbg: positive
!last&life&extended&!to: neutral
!last&life&extended&to: conflict
last&!rbr&!non&!reboot: neutral
last&!rbr&!non&reboot: conflict
last&!rbr&non: conflict
last&rbr&!prp&!vbd: negative
last&rbr&!prp&vbd: positive
last&rbr&prp&!vbz: neutral
last&rbr&prp&vbz: conflict
DecisionTree learned:
!cc&!to&!functions&!mouse: positive
!cc&!to&!functions&mouse: neutral
!cc&!to&functions: conflict
!cc&to&!keyboard&!full: neutral
!cc&to&!keyboard&full: conflict
!cc&to&keyboard&!first: neutral
!cc&to&keyboard&first: conflict
cc&!prp&!ex&!to: positive
cc&!prp&!ex&to: negative
cc&!prp&ex&!vb: neutral
cc&!prp&ex&vb: negative
cc&prp&!vbn&!wp: positive
cc&prp&!vbn&wp: neutral
cc&prp&vbn&!graphics: negative
cc&prp&vbn&graphics: conflict
DecisionTree learned:
!cc&!in&!hard&!wrb: positive
!cc&!in&!hard&wrb: negative
!cc&!in&hard&!drive: conflict
!cc&!in&hard&drive: negative
!cc&in&!battery&!full: negative
!cc&in&!battery&full: conflict
!cc&in&battery&!jj: positive
!cc&in&battery&jj: negative
cc&!first&!wdt&!vbd: positive
cc&!first&!wdt&vbd: negative
cc&!first&wdt&!jjs: positive
cc&!first&wdt&jjs: conflict
cc&first&!screen&!os: positive
cc&first&!screen&os: conflict
cc&first&screen&!vbn: conflict
cc&first&screen&vbn: conflict
DecisionTree learned:
!cc&!weight&!jj&!works: negative
!cc&!weight&!jj&works: positive
!cc&!weight&jj&!vb: positive
!cc&!weight&jj&vb: negative
!cc&weight&!first&!rb: negative
!cc&weight&!first&rb: neutral
!cc&weight&first: conflict
cc&!prp&!ex&!to: positive
cc&!prp&!ex&to: negative
cc&!prp&ex&!vb: neutral
cc&!prp&ex&vb: neutral
cc&prp&!vb&!cd: positive
cc&prp&!vb&cd: neutral
cc&prp&vb&!motherboards: negative
cc&prp&vb&motherboards: conflict
DecisionTree learned:
!cc&!price&!full&!nnp: negative
!cc&!price&!full&nnp: negative
!cc&!price&full&!to: negative
!cc&!price&full&to: conflict
!cc&price&!rbr&!vbn: positive
!cc&price&!rbr&vbn: negative
!cc&price&rbr&!nnp: conflict
!cc&price&rbr&nnp: negative
cc&!first&!explorer&!wdt: negative
cc&!first&!explorer&wdt: positive
cc&!first&explorer: conflict
cc&first&!cost&!screen: positive
cc&first&!cost&screen: conflict
cc&first&cost: conflict
DecisionTree learned:
!cc&!life&!battery&!price: negative
!cc&!life&!battery&price: positive
!cc&!life&battery&!vbz: positive
!cc&!life&battery&vbz: negative
!cc&life&!vbp&!cd: positive
!cc&life&!vbp&cd: neutral
!cc&life&vbp&!vbz: positive
!cc&life&vbp&vbz: conflict
cc&!first&!wdt&!wp: positive
cc&!first&!wdt&wp: neutral
cc&!first&wdt&!jjs: positive
cc&!first&wdt&jjs: conflict
cc&first&!cost&!prp: positive
cc&first&!cost&prp: positive
cc&first&cost: conflict
DecisionTree learned:
!cc&!battery&!weight&!jj: negative
!cc&!battery&!weight&jj: positive
!cc&!battery&weight&!first: negative
!cc&!battery&weight&first: conflict
!cc&battery&!vbp&!dt: positive
!cc&battery&!vbp&dt: negative
!cc&battery&vbp&!middle: positive
!cc&battery&vbp&middle: conflict
cc&!first&!life&!wdt: positive
cc&!first&!life&wdt: positive
cc&!first&life&!vbz: conflict
cc&!first&life&vbz: positive
cc&first&!prp&!vbn: positive
cc&first&!prp&vbn: negative
cc&first&prp&!in: negative
cc&first&prp&in: positive
DecisionTree learned:
!cc&!full&!nnp&!hard: negative
!cc&!full&!nnp&hard: neutral
!cc&!full&nnp&!cd: negative
!cc&!full&nnp&cd: neutral
!cc&full&!to: negative
!cc&full&to: conflict
cc&!first&!explorer&!wdt: positive
cc&!first&!explorer&wdt: positive
cc&!first&explorer: conflict
cc&first&!prp&!vbn: positive
cc&first&!prp&vbn: negative
cc&first&prp&!os: negative
cc&first&prp&os: conflict
DecisionTree learned:
!cc&!nnp&!cost&!rp: positive
!cc&!nnp&!cost&rp: negative
!cc&!nnp&cost: conflict
!cc&nnp&!full&!first: negative
!cc&nnp&!full&first: positive
!cc&nnp&full: conflict
cc&!first&!wdt&!vbp: positive
cc&!first&!wdt&vbp: neutral
cc&!first&wdt&!jjs: positive
cc&!first&wdt&jjs: conflict
cc&first&!cd&!nnp: negative
cc&first&!cd&nnp: positive
cc&first&cd&!mouse: negative
cc&first&cd&mouse: conflict
DecisionTree learned:
!cc&!speed&!price&!runs: negative
!cc&!speed&!price&runs: positive
!cc&!speed&price&!rbr: positive
!cc&!speed&price&rbr: conflict
!cc&speed: positive
cc&!prp&!ex&!to: positive
cc&!prp&!ex&to: positive
cc&!prp&ex&!vb: neutral
cc&!prp&ex&vb: positive
cc&prp&!vbz&!keyboard: neutral
cc&prp&!vbz&keyboard: conflict
cc&prp&vbz&!jjs: positive
cc&prp&vbz&jjs: positive
DecisionTree learned:
!last&!cc&!cost&!jjr: negative
!last&!cc&!cost&jjr: positive
!last&!cc&cost&!rb: conflict
!last&!cc&cost&rb: positive
!last&cc&!prp&!to: positive
!last&cc&!prp&to: negative
!last&cc&prp&!jjr: neutral
!last&cc&prp&jjr: positive
last&!rbr&!non&!reboot: neutral
last&!rbr&!non&reboot: conflict
last&!rbr&non: conflict
last&rbr&!md&!to: positive
last&rbr&!md&to: negative
last&rbr&md&!to: negative
last&rbr&md&to: neutral
DecisionTree learned:
!cc&!weight&!jj&!vbp: positive
!cc&!weight&!jj&vbp: neutral
!cc&!weight&jj&!vb: positive
!cc&!weight&jj&vb: negative
!cc&weight&!first&!rb: negative
!cc&weight&!first&rb: neutral
!cc&weight&first: conflict
cc&!last&!prp&!ex: positive
cc&!last&!prp&ex: neutral
cc&!last&prp&!vbz: neutral
cc&!last&prp&vbz: positive
cc&last&!dt&!microsoft: positive
cc&last&!dt&microsoft: neutral
cc&last&dt&!graphics: negative
cc&last&dt&graphics: conflict
DecisionTree learned:
!cc&!functions&!weight&!jj: negative
!cc&!functions&!weight&jj: positive
!cc&!functions&weight&!first: negative
!cc&!functions&weight&first: conflict
!cc&functions: conflict
cc&!first&!vbz&!life: neutral
cc&!first&!vbz&life: conflict
cc&!first&vbz&!prp: negative
cc&!first&vbz&prp: positive
cc&first&!prp&!vbn: positive
cc&first&!prp&vbn: negative
cc&first&prp&!nns: negative
cc&first&prp&nns: neutral
DecisionTree learned:
!cc&!reboot&!in&!service: positive
!cc&!reboot&!in&service: neutral
!cc&!reboot&in&!keyboard: negative
!cc&!reboot&in&keyboard: neutral
!cc&reboot: conflict
cc&!first&!wdt&!wp: positive
cc&!first&!wdt&wp: neutral
cc&!first&wdt&!jjs: positive
cc&!first&wdt&jjs: conflict
cc&first&!os&!prp: positive
cc&first&!os&prp: negative
cc&first&os&!vb: positive
cc&first&os&vb: conflict
DecisionTree learned:
!cc&!cost&!functions&!life: negative
!cc&!cost&!functions&life: positive
!cc&!cost&functions: conflict
!cc&cost: conflict
cc&!prp&!ex&!vbn: positive
cc&!prp&!ex&vbn: negative
cc&!prp&ex&!vb: neutral
cc&!prp&ex&vb: positive
cc&prp&!vbz&!life: neutral
cc&prp&!vbz&life: conflict
cc&prp&vbz&!jjs: positive
cc&prp&vbz&jjs: positive
DecisionTree learned:
!cc&!cost&!reboot&!in: negative
!cc&!cost&!reboot&in: negative
!cc&!cost&reboot: conflict
!cc&cost: conflict
cc&!first&!wdt&!wp: positive
cc&!first&!wdt&wp: negative
cc&!first&wdt&!jjs: positive
cc&!first&wdt&jjs: conflict
cc&first&!screen&!wrb: positive
cc&first&!screen&wrb: negative
cc&first&screen&!in: negative
cc&first&screen&in: conflict
DecisionTree learned:
!cc&!nnp&!keyboard&!vbn: positive
!cc&!nnp&!keyboard&vbn: negative
!cc&!nnp&keyboard&!vbd: neutral
!cc&!nnp&keyboard&vbd: conflict
!cc&nnp&!full&!adobe: neutral
!cc&nnp&!full&adobe: neutral
!cc&nnp&full: conflict
cc&!first&!wdt&!battery: negative
cc&!first&!wdt&battery: conflict
cc&!first&wdt&!jjs: positive
cc&!first&wdt&jjs: conflict
cc&first&!garageband&!prp: positive
cc&first&!garageband&prp: negative
cc&first&garageband: neutral
DecisionTree learned:
!cc&!functions&!speed&!battery: negative
!cc&!functions&!speed&battery: negative
!cc&!functions&speed: positive
!cc&functions: conflict
cc&!prp&!to&!ex: positive
cc&!prp&!to&ex: neutral
cc&!prp&to&!programs: negative
cc&!prp&to&programs: positive
cc&prp&!vbz&!xp: neutral
cc&prp&!vbz&xp: conflict
cc&prp&vbz&!jjs: positive
cc&prp&vbz&jjs: positive
DecisionTree learned:
!cc&!cost&!speed&!full: negative
!cc&!cost&!speed&full: conflict
!cc&!cost&speed: positive
!cc&cost&!rb: conflict
!cc&cost&rb: positive
cc&!first&!explorer&!wdt: positive
cc&!first&!explorer&wdt: positive
cc&!first&explorer: conflict
cc&first&!screen&!speakers: negative
cc&first&!screen&speakers: conflict
cc&first&screen&!vbp: conflict
cc&first&screen&vbp: neutral
DecisionTree learned:
!cc&!life&!functions&!battery: negative
!cc&!life&!functions&battery: negative
!cc&!life&functions: conflict
!cc&life&!vbp&!in: positive
!cc&life&!vbp&in: negative
!cc&life&vbp&!vbz: positive
!cc&life&vbp&vbz: conflict
cc&!first&!life&!vbz: neutral
cc&!first&!life&vbz: positive
cc&!first&life&!vbp: conflict
cc&!first&life&vbp: positive
cc&first&!screen&!ports: positive
cc&first&!screen&ports: conflict
cc&first&screen&!vbp: conflict
cc&first&screen&vbp: neutral
DecisionTree learned:
!last&!cc&!jjr&!to: positive
!last&!cc&!jjr&to: negative
!last&!cc&jjr&!cd: positive
!last&!cc&jjr&cd: negative
!last&cc&!prp&!ex: negative
!last&cc&!prp&ex: neutral
!last&cc&prp&!screen: neutral
!last&cc&prp&screen: conflict
last&!pricetag&!non&!reboot: neutral
last&!pricetag&!non&reboot: conflict
last&!pricetag&non: conflict
last&pricetag: conflict
DecisionTree learned:
!last&!life&!cc&!full: positive
!last&!life&!cc&full: conflict
!last&!life&cc&!prp: positive
!last&!life&cc&prp: neutral
!last&life&!extended&!vbg: conflict
!last&life&!extended&vbg: positive
!last&life&extended&!to: neutral
!last&life&extended&to: conflict
last&!rbr&!non&!reboot: neutral
last&!rbr&!non&reboot: conflict
last&!rbr&non: conflict
last&rbr&!to&!vbz: positive
last&rbr&!to&vbz: conflict
last&rbr&to&!jj: negative
last&rbr&to&jj: neutral
DecisionTree learned:
!cc&!cost&!hard&!life: negative
!cc&!cost&!hard&life: positive
!cc&!cost&hard&!reboot: neutral
!cc&!cost&hard&reboot: conflict
!cc&cost&!rb: conflict
!cc&cost&rb: positive
cc&!first&!life&!vbz: neutral
cc&!first&!life&vbz: positive
cc&!first&life&!vbp: conflict
cc&!first&life&vbp: positive
cc&first&!screen&!wrb: positive
cc&first&!screen&wrb: negative
cc&first&screen&!in: negative
cc&first&screen&in: conflict
DecisionTree learned:
!cc&!price&!speed&!built: negative
!cc&!price&!speed&built: positive
!cc&!price&speed: positive
!cc&price&!rbr&!vb: positive
!cc&price&!rbr&vb: positive
!cc&price&rbr&!nnp: conflict
!cc&price&rbr&nnp: negative
cc&!first&!life&!wdt: negative
cc&!first&!life&wdt: positive
cc&!first&life&!vbz: conflict
cc&!first&life&vbz: positive
cc&first&!speakers&!screen: positive
cc&first&!speakers&screen: conflict
cc&first&speakers&!in: negative
cc&first&speakers&in: conflict
DecisionTree learned:
!cc&!full&!nnp&!cost: positive
!cc&!full&!nnp&cost: conflict
!cc&!full&nnp&!first: neutral
!cc&!full&nnp&first: positive
!cc&full&!to: negative
!cc&full&to: conflict
cc&!first&!explorer&!graphics: positive
cc&!first&!explorer&graphics: conflict
cc&!first&explorer: conflict
cc&first&!speakers&!screen: positive
cc&first&!speakers&screen: conflict
cc&first&speakers&!in: negative
cc&first&speakers&in: conflict
DecisionTree learned:
!cc&!speed&!nnp&!keyboard: negative
!cc&!speed&!nnp&keyboard: neutral
!cc&!speed&nnp&!full: negative
!cc&!speed&nnp&full: conflict
!cc&speed: positive
cc&!last&!prp&!to: positive
cc&!last&!prp&to: negative
cc&!last&prp&!nns: neutral
cc&!last&prp&nns: positive
cc&last&!dt&!microsoft: positive
cc&last&!dt&microsoft: neutral
cc&last&dt&!card: negative
cc&last&dt&card: neutral
DecisionTree learned:
!cc&!weight&!full&!nnp: negative
!cc&!weight&!full&nnp: neutral
!cc&!weight&full&!to: negative
!cc&!weight&full&to: conflict
!cc&weight&!first&!rb: negative
!cc&weight&!first&rb: neutral
!cc&weight&first: conflict
cc&!first&!portability&!uh: positive
cc&!first&!portability&uh: conflict
cc&!first&portability&!vbd: positive
cc&!first&portability&vbd: conflict
cc&first&!ratio&!cd: positive
cc&first&!ratio&cd: neutral
cc&first&ratio&!in: negative
cc&first&ratio&in: positive
DecisionTree learned:
!cc&!nnp&!hard&!wdt: negative
!cc&!nnp&!hard&wdt: negative
!cc&!nnp&hard&!reboot: neutral
!cc&!nnp&hard&reboot: conflict
!cc&nnp&!full&!first: negative
!cc&nnp&!full&first: positive
!cc&nnp&full: conflict
cc&!prp&!ex&!vbn: positive
cc&!prp&!ex&vbn: negative
cc&!prp&ex&!vb: neutral
cc&!prp&ex&vb: positive
cc&prp&!battery&!wdt: negative
cc&prp&!battery&wdt: positive
cc&prp&battery&!vbp: conflict
cc&prp&battery&vbp: positive
DecisionTree learned:
!last&!cc&!life&!keyboard: negative
!last&!cc&!life&keyboard: neutral
!last&!cc&life&!vbp: positive
!last&!cc&life&vbp: conflict
!last&cc&!prp&!to: positive
!last&cc&!prp&to: negative
!last&cc&prp&!wp: positive
!last&cc&prp&wp: conflict
last&!rbr&!non&!reboot: neutral
last&!rbr&!non&reboot: conflict
last&!rbr&non: conflict
last&rbr&!to&!vbz: positive
last&rbr&!to&vbz: conflict
last&rbr&to&!jj: negative
last&rbr&to&jj: neutral
DecisionTree learned:
!cc&!functions&!life&!battery: negative
!cc&!functions&!life&battery: negative
!cc&!functions&life&!vbp: positive
!cc&!functions&life&vbp: conflict
!cc&functions: conflict
cc&!first&!wdt&!wp: positive
cc&!first&!wdt&wp: neutral
cc&!first&wdt&!nns: neutral
cc&!first&wdt&nns: positive
cc&first&!cost&!prp: positive
cc&first&!cost&prp: negative
cc&first&cost: conflict
DecisionTree learned:
!cc&!reboot&!in&!service: positive
!cc&!reboot&!in&service: neutral
!cc&!reboot&in&!cost: negative
!cc&!reboot&in&cost: conflict
!cc&reboot: conflict
cc&!first&!vhs&!wdt: negative
cc&!first&!vhs&wdt: positive
cc&!first&vhs: conflict
cc&first&!ratio&!cd: positive
cc&first&!ratio&cd: neutral
cc&first&ratio&!in: negative
cc&first&ratio&in: negative
DecisionTree learned:
!cc&!nnp&!keyboard&!life: negative
!cc&!nnp&!keyboard&life: positive
!cc&!nnp&keyboard&!vbd: neutral
!cc&!nnp&keyboard&vbd: conflict
!cc&nnp&!full&!cd: negative
!cc&nnp&!full&cd: neutral
!cc&nnp&full: conflict
cc&!first&!uh&!wp: positive
cc&!first&!uh&wp: conflict
cc&!first&uh&!vbg: negative
cc&!first&uh&vbg: conflict
cc&first&!os&!prp: positive
cc&first&!os&prp: negative
cc&first&os&!vb: positive
cc&first&os&vb: conflict
DecisionTree learned:
!last&!cc&!jjr&!in: negative
!last&!cc&!jjr&in: negative
!last&!cc&jjr&!cd: positive
!last&!cc&jjr&cd: negative
!last&cc&!prp&!ex: negative
!last&cc&!prp&ex: neutral
!last&cc&prp&!battery: neutral
!last&cc&prp&battery: conflict
last&!rbr&!dt&!support: positive
last&!rbr&!dt&support: neutral
last&!rbr&dt&!price: neutral
last&!rbr&dt&price: positive
last&rbr&!to&!vbd: conflict
last&rbr&!to&vbd: positive
last&rbr&to&!jj: negative
last&rbr&to&jj: neutral
DecisionTree learned:
!cc&!price&!functions&!hard: negative
!cc&!price&!functions&hard: neutral
!cc&!price&functions: conflict
!cc&price&!rbr&!vbd: negative
!cc&price&!rbr&vbd: positive
!cc&price&rbr&!nnp: conflict
!cc&price&rbr&nnp: negative
cc&!first&!graphics&!wp: positive
cc&!first&!graphics&wp: neutral
cc&!first&graphics&!vbd: positive
cc&!first&graphics&vbd: conflict
cc&first&!card&!os: positive
cc&first&!card&os: conflict
cc&first&card: conflict
DecisionTree learned:
!cc&!nnp&!wdt&!life: negative
!cc&!nnp&!wdt&life: positive
!cc&!nnp&wdt&!jj: positive
!cc&!nnp&wdt&jj: negative
!cc&nnp&!full&!ibook: negative
!cc&nnp&!full&ibook: neutral
!cc&nnp&full: conflict
cc&!first&!graphics&!middle: positive
cc&!first&!graphics&middle: positive
cc&!first&graphics&!vbg: positive
cc&!first&graphics&vbg: conflict
cc&first&!ratio&!cd: positive
cc&first&!ratio&cd: neutral
cc&first&ratio&!in: negative
cc&first&ratio&in: negative
DecisionTree learned:
!cc&!life&!drive&!battery: positive
!cc&!life&!drive&battery: negative
!cc&!life&drive&!first: negative
!cc&!life&drive&first: neutral
!cc&life&!vbp&!cd: positive
!cc&life&!vbp&cd: neutral
!cc&life&vbp&!vbd: conflict
!cc&life&vbp&vbd: positive
cc&!prp&!ex&!vbn: positive
cc&!prp&!ex&vbn: negative
cc&!prp&ex&!vb: neutral
cc&!prp&ex&vb: positive
cc&prp&!portability&!feature: positive
cc&prp&!portability&feature: conflict
cc&prp&portability&!vbp: conflict
cc&prp&portability&vbp: positive
DecisionTree learned:
!last&!cc&!jjr&!to: positive
!last&!cc&!jjr&to: neutral
!last&!cc&jjr&!battery: positive
!last&!cc&jjr&battery: negative
!last&cc&!prp&!to: positive
!last&cc&!prp&to: negative
!last&cc&prp&!nns: negative
!last&cc&prp&nns: positive
last&!rbr&!reboot&!non: neutral
last&!rbr&!reboot&non: conflict
last&!rbr&reboot: conflict
last&rbr&!to&!vbz: positive
last&rbr&!to&vbz: conflict
last&rbr&to&!jj: negative
last&rbr&to&jj: neutral
DecisionTree learned:
!cc&!nnp&!wdt&!life: negative
!cc&!nnp&!wdt&life: positive
!cc&!nnp&wdt&!jj: positive
!cc&!nnp&wdt&jj: negative
!cc&nnp&!full&!cd: negative
!cc&nnp&!full&cd: neutral
!cc&nnp&full: conflict
cc&!prp&!to&!ex: positive
cc&!prp&!to&ex: neutral
cc&!prp&to&!pad: negative
cc&!prp&to&pad: neutral
cc&prp&!vbz&!first: neutral
cc&prp&!vbz&first: negative
cc&prp&vbz&!jjs: positive
cc&prp&vbz&jjs: positive
DecisionTree learned:
!cc&!nnp&!cost&!keyboard: positive
!cc&!nnp&!cost&keyboard: neutral
!cc&!nnp&cost: conflict
!cc&nnp&!full&!ibook: negative
!cc&nnp&!full&ibook: neutral
!cc&nnp&full: conflict
cc&!first&!life&!wdt: negative
cc&!first&!life&wdt: positive
cc&!first&life&!vbz: conflict
cc&!first&life&vbz: positive
cc&first&!screen&!os: positive
cc&first&!screen&os: conflict
cc&first&screen&!vbp: conflict
cc&first&screen&vbp: neutral
DecisionTree learned:
!cc&!functions&!full&!nnp: negative
!cc&!functions&!full&nnp: neutral
!cc&!functions&full&!to: negative
!cc&!functions&full&to: conflict
!cc&functions: conflict
cc&!first&!vbd&!wdt: positive
cc&!first&!vbd&wdt: positive
cc&!first&vbd&!battery: neutral
cc&!first&vbd&battery: conflict
cc&first&!manual&!ports: negative
cc&first&!manual&ports: conflict
cc&first&manual: neutral
DecisionTree learned:
!cc&!battery&!keyboard&!functions: negative
!cc&!battery&!keyboard&functions: conflict
!cc&!battery&keyboard&!vbn: neutral
!cc&!battery&keyboard&vbn: conflict
!cc&battery&!vbp&!dt: positive
!cc&battery&!vbp&dt: negative
!cc&battery&vbp&!four: conflict
!cc&battery&vbp&four: positive
cc&!last&!nns&!to: negative
cc&!last&!nns&to: neutral
cc&!last&nns&!battery: positive
cc&!last&nns&battery: conflict
cc&last&!pricetag&!dt: positive
cc&last&!pricetag&dt: negative
cc&last&pricetag: conflict
DecisionTree learned:
!cc&!weight&!jj&!ibook: negative
!cc&!weight&!jj&ibook: neutral
!cc&!weight&jj&!functions: positive
!cc&!weight&jj&functions: conflict
!cc&weight&!first&!rb: negative
!cc&weight&!first&rb: neutral
!cc&weight&first: conflict
cc&!first&!wdt&!wp: positive
cc&!first&!wdt&wp: conflict
cc&!first&wdt&!nns: neutral
cc&!first&wdt&nns: positive
cc&first&!speakers&!in: negative
cc&first&!speakers&in: positive
cc&first&speakers&!in: negative
cc&first&speakers&in: conflict
DecisionTree learned:
!cc&!nnp&!wdt&!weight: negative
!cc&!nnp&!wdt&weight: conflict
!cc&!nnp&wdt&!jj: positive
!cc&!nnp&wdt&jj: negative
!cc&nnp&!full&!vbz: negative
!cc&nnp&!full&vbz: positive
!cc&nnp&full: conflict
cc&!prp&!to&!ex: positive
cc&!prp&!to&ex: neutral
cc&!prp&to&!in: positive
cc&!prp&to&in: negative
cc&prp&!last&!wp: neutral
cc&prp&!last&wp: conflict
cc&prp&last&!wdt: negative
cc&prp&last&wdt: neutral
DecisionTree learned:
!cc&!cost&!keyboard&!vbn: positive
!cc&!cost&!keyboard&vbn: neutral
!cc&!cost&keyboard&!vbn: neutral
!cc&!cost&keyboard&vbn: conflict
!cc&cost&!rb: conflict
!cc&cost&rb: positive
cc&!last&!prp&!to: positive
cc&!last&!prp&to: negative
cc&!last&prp&!wp: positive
cc&!last&prp&wp: conflict
cc&last&!pricetag&!card: positive
cc&last&!pricetag&card: neutral
cc&last&pricetag: conflict
DecisionTree learned:
!cc&!full&!nnp&!weight: negative
!cc&!full&!nnp&weight: conflict
!cc&!full&nnp&!first: neutral
!cc&!full&nnp&first: positive
!cc&full&!to: negative
!cc&full&to: conflict
cc&!prp&!to&!ex: positive
cc&!prp&!to&ex: neutral
cc&!prp&to&!pad: negative
cc&!prp&to&pad: neutral
cc&prp&!vb&!cd: positive
cc&prp&!vb&cd: neutral
cc&prp&vb&!nnp: negative
cc&prp&vb&nnp: neutral
Trial 0 Training cc.mallet.classify.AdaBoostM2Trainer@15f66cff finished
Trial 0 Trainer cc.mallet.classify.AdaBoostM2Trainer@15f66cff test data accuracy = 0.5152129817444219

NaiveBayesTrainer
Summary. test accuracy mean = 0.5618661257606491 stddev = 0.0 stderr = 0.0

MaxEntTrainer,gaussianPriorVariance=1.0
Summary. test accuracy mean = 0.5760649087221096 stddev = 0.0 stderr = 0.0

cc.mallet.classify.DecisionTreeTrainer@266bade9
Summary. test accuracy mean = 0.5010141987829615 stddev = 0.0 stderr = 0.0

cc.mallet.classify.AdaBoostM2Trainer@15f66cff
Summary. test accuracy mean = 0.5152129817444219 stddev = 0.0 stderr = 0.0
