
-------------------- Trial 0  --------------------

Trial 0 Training NaiveBayesTrainer with 1865 instances
Trial 0 Training NaiveBayesTrainer finished
Trial 0 Trainer NaiveBayesTrainer test data accuracy = 0.6734279918864098
Trial 0 Training MaxEntTrainer,gaussianPriorVariance=1.0 with 1865 instances
Trial 0 Training MaxEntTrainer,gaussianPriorVariance=1.0 finished
Trial 0 Trainer MaxEntTrainer,gaussianPriorVariance=1.0 test data accuracy = 0.6632860040567952
Trial 0 Training cc.mallet.classify.DecisionTreeTrainer@5328f6ee with 1865 instances
DecisionTree learned:
!great&!easi&!and&!but: negative
!great&!easi&!and&but: negative
!great&!easi&and&!extend: positive
!great&!easi&and&extend: neutral
!great&easi&!anoth&!carri: positive
!great&easi&!anoth&carri: positive
!great&easi&anoth: neutral
great&!etc&!but&!batteri: positive
great&!etc&!but&batteri: positive
great&!etc&but&!button: positive
great&!etc&but&button: negative
great&etc: negative
Trial 0 Training cc.mallet.classify.DecisionTreeTrainer@5328f6ee finished
Trial 0 Trainer cc.mallet.classify.DecisionTreeTrainer@5328f6ee test data accuracy = 0.5496957403651116
Trial 0 Training cc.mallet.classify.AdaBoostM2Trainer@1d2940b3 with 1865 instances
DecisionTree learned:
!great&!easi&!and&!but: negative
!great&!easi&!and&but: negative
!great&!easi&and&!had: positive
!great&!easi&and&had: negative
!great&easi&!anoth&!carri: positive
!great&easi&!anoth&carri: positive
!great&easi&anoth: neutral
great&!etc&!but&!batteri: positive
great&!etc&!but&batteri: positive
great&!etc&but&!button: positive
great&!etc&but&button: negative
great&etc: negative
DecisionTree learned:
!great&!and&!but&!good: negative
!great&!and&!but&good: positive
!great&!and&but&!outsid: negative
!great&!and&but&outsid: neutral
!great&and&!easi&!good: positive
!great&and&!easi&good: positive
!great&and&easi: positive
great&!etc&!but&!media: positive
great&!etc&!but&media: conflict
great&!etc&but&!button: positive
great&!etc&but&button: negative
great&etc: negative
DecisionTree learned:
!great&!easi&!but&!love: negative
!great&!easi&!but&love: positive
!great&!easi&but&!need: negative
!great&!easi&but&need: positive
!great&easi&!anoth&!carri: positive
!great&easi&!anoth&carri: positive
!great&easi&anoth: neutral
great&!batteri&!vent&!etc: positive
great&!batteri&!vent&etc: negative
great&!batteri&vent: neutral
great&batteri&!it: positive
great&batteri&it&!but: negative
great&batteri&it&but: conflict
DecisionTree learned:
!great&!and&!but&!good: negative
!great&!and&!but&good: positive
!great&!and&but&!i: negative
!great&!and&but&i: positive
!great&and&!word&!were: positive
!great&and&!word&were: negative
!great&and&word&!i: neutral
!great&and&word&i: positive
great&!but&!etc&!batteri: positive
great&!but&!etc&batteri: positive
great&!but&etc: negative
great&but&!is&!spec: conflict
great&but&!is&spec: positive
great&but&is&!button: positive
great&but&is&button: negative
DecisionTree learned:
!but&!great&!easi&!good: negative
!but&!great&!easi&good: positive
!but&!great&easi&!anoth: positive
!but&!great&easi&anoth: neutral
!but&great&!etc&!you: positive
!but&great&!etc&you: neutral
!but&great&etc: negative
but&!laptop&!os&!be: negative
but&!laptop&!os&be: negative
but&!laptop&os&!have: neutral
but&!laptop&os&have: positive
but&laptop&!the: neutral
but&laptop&the&!is: positive
but&laptop&the&is: neutral
DecisionTree learned:
!but&!great&!love&!and: negative
!but&!great&!love&and: positive
!but&!great&love&!had: positive
!but&!great&love&had: neutral
!but&great&!media&!batteri: positive
!but&great&!media&batteri: positive
!but&great&media&!game: conflict
!but&great&media&game: positive
but&!power&!need&!softwar: negative
but&!power&!need&softwar: negative
but&!power&need&!use: positive
but&!power&need&use: neutral
but&power: neutral
DecisionTree learned:
!but&!is&!love&!fast: negative
!but&!is&!love&fast: positive
!but&!is&love&!user: positive
!but&!is&love&user: neutral
!but&is&!ani&!use: positive
!but&is&!ani&use: positive
!but&is&ani&!on: neutral
!but&is&ani&on: negative
but&!to&!laptop&!repair: positive
but&!to&!laptop&repair: negative
but&!to&laptop&!thi: neutral
but&!to&laptop&thi: positive
but&to&!batteri&!you: neutral
but&to&!batteri&you: neutral
but&to&batteri&!my: conflict
but&to&batteri&my: conflict
DecisionTree learned:
!but&!great&!easi&!is: negative
!but&!great&!easi&is: positive
!but&!great&easi&!anoth: positive
!but&!great&easi&anoth: neutral
!but&great&!vent&!media: positive
!but&great&!vent&media: conflict
!but&great&vent: neutral
but&!look&!screen&!repair: negative
but&!look&!screen&repair: negative
but&!look&screen&!and: conflict
but&!look&screen&and: positive
but&look&!if: positive
but&look&if: negative
DecisionTree learned:
!but&!speed&!great&!easi: negative
!but&!speed&!great&easi: positive
!but&!speed&great&!batteri: positive
!but&!speed&great&batteri: negative
!but&speed&!differ&!use: positive
!but&speed&!differ&use: negative
!but&speed&differ: negative
but&!power&!to&!replac: negative
but&!power&!to&replac: neutral
but&!power&to&!batteri: neutral
but&!power&to&batteri: conflict
but&power: neutral
DecisionTree learned:
!but&!easi&!speed&!is: negative
!but&!easi&!speed&is: positive
!but&!easi&speed&!to: positive
!but&!easi&speed&to: positive
!but&easi&!anoth&!not: positive
!but&easi&!anoth&not: positive
!but&easi&anoth: neutral
but&!to&!laptop&!i: negative
but&!to&!laptop&i: positive
but&!to&laptop&!the: neutral
but&!to&laptop&the: positive
but&to&!batteri&!with: neutral
but&to&!batteri&with: negative
but&to&batteri&!my: conflict
but&to&batteri&my: negative
DecisionTree learned:
!but&!and&!price&!love: negative
!but&!and&!price&love: positive
!but&!and&price&!sinc: positive
!but&!and&price&sinc: conflict
!but&and&!email&!extend: positive
!but&and&!email&extend: neutral
!but&and&email&!offic: neutral
!but&and&email&offic: positive
but&!so&!on&!power: negative
but&!so&!on&power: neutral
but&!so&on&!i: negative
but&!so&on&i: neutral
but&so: neutral
DecisionTree learned:
!but&!good&!is&!and: negative
!but&!good&!is&and: positive
!but&!good&is&!littl: positive
!but&!good&is&littl: conflict
!but&good&!no&!not: positive
!but&good&!no&not: negative
!but&good&no: negative
but&!repair&!temperatur&!to: negative
but&!repair&!temperatur&to: neutral
but&!repair&temperatur: neutral
but&repair: negative
DecisionTree learned:
!but&!is&!fast&!and: negative
!but&!is&!fast&and: positive
!but&!is&fast: positive
!but&is&!ani&!problem: positive
!but&is&!ani&problem: negative
!but&is&ani&!on: neutral
!but&is&ani&on: negative
but&!to&!replac&!i: negative
but&!to&!replac&i: positive
but&!to&replac: neutral
but&to&!batteri&!littl: neutral
but&to&!batteri&littl: negative
but&to&batteri&!for: negative
but&to&batteri&for: conflict
DecisionTree learned:
!but&!great&!good&!veri: negative
!but&!great&!good&veri: positive
!but&!great&good&!just: positive
!but&!great&good&just: negative
!but&great&!media&!etc: positive
!but&great&!media&etc: negative
!but&great&media&!game: conflict
!but&great&media&game: positive
but&!power&!temperatur&!need: negative
but&!power&!temperatur&need: positive
but&!power&temperatur: neutral
but&power: neutral
DecisionTree learned:
!but&!speed&!is&!macbook: negative
!but&!speed&!is&macbook: positive
!but&!speed&is&!ani: positive
!but&!speed&is&ani: neutral
!but&speed&!use&!differ: positive
!but&speed&!use&differ: negative
!but&speed&use: negative
but&!so&!call&!on: negative
but&!so&!call&on: neutral
but&!so&call: neutral
but&so: neutral
DecisionTree learned:
!but&!not&!and&!or: negative
!but&!not&!and&or: neutral
!but&!not&and&!extend: positive
!but&!not&and&extend: neutral
!but&not&!cd&!graphic: negative
!but&not&!cd&graphic: conflict
!but&not&cd: conflict
but&!learn&!temperatur&!an: negative
but&!learn&!temperatur&an: conflict
but&!learn&temperatur: neutral
but&learn&!mac: neutral
but&learn&mac: positive
DecisionTree learned:
!but&!or&!and&!littl: negative
!but&!or&!and&littl: negative
!but&!or&and&!extend: positive
!but&!or&and&extend: neutral
!but&or&!app&!up: neutral
!but&or&!app&up: negative
!but&or&app: positive
but&!laptop&!function&!to: negative
but&!laptop&!function&to: neutral
but&!laptop&function: neutral
but&laptop&!pc&!thi: neutral
but&laptop&!pc&thi: positive
but&laptop&pc: positive
DecisionTree learned:
!but&!love&!and&!or: negative
!but&!love&!and&or: neutral
!but&!love&and&!extend: positive
!but&!love&and&extend: neutral
!but&love&!had: positive
!but&love&had: neutral
but&!function&!laptop&!repair: negative
but&!function&!laptop&repair: negative
but&!function&laptop&!the: neutral
but&!function&laptop&the: neutral
but&function: neutral
DecisionTree learned:
!but&!speed&!problem&!not: positive
!but&!speed&!problem&not: negative
!but&!speed&problem&!no: negative
!but&!speed&problem&no: positive
!but&speed&!differ&!use: positive
!but&speed&!differ&use: negative
!but&speed&differ: negative
but&!screen&!standard&!power: negative
but&!screen&!standard&power: neutral
but&!screen&standard: conflict
but&screen&!and&!veri: conflict
but&screen&!and&veri: negative
but&screen&and: positive
DecisionTree learned:
!but&!is&!and&!or: negative
!but&!is&!and&or: neutral
!but&!is&and&!extend: positive
!but&!is&and&extend: neutral
!but&is&!ani&!secur: positive
!but&is&!ani&secur: neutral
!but&is&ani&!on: neutral
!but&is&ani&on: negative
but&!repair&!function&!warranti: negative
but&!repair&!function&warranti: neutral
but&!repair&function: neutral
but&repair: negative
DecisionTree learned:
!but&!good&!amaz&!love: negative
!but&!good&!amaz&love: positive
!but&!good&amaz: positive
!but&good&!night&!no: positive
!but&good&!night&no: negative
!but&good&night: neutral
but&!look&!huge&!function: negative
but&!look&!huge&function: neutral
but&!look&huge: conflict
but&look&!if: positive
but&look&if: negative
DecisionTree learned:
!but&!love&!is&!macbook: negative
!but&!love&!is&macbook: positive
!but&!love&is&!ani: positive
!but&!love&is&ani: neutral
!but&love&!had: positive
!but&love&had: neutral
but&!look&!laptop&!function: negative
but&!look&!laptop&function: neutral
but&!look&laptop&!thi: neutral
but&!look&laptop&thi: positive
but&look&!if: positive
but&look&if: negative
DecisionTree learned:
!but&!and&!littl&!price: negative
!but&!and&!littl&price: positive
!but&!and&littl&!is: negative
!but&!and&littl&is: conflict
!but&and&!extend&!email: positive
!but&and&!extend&email: neutral
!but&and&extend&!when: neutral
!but&and&extend&when: conflict
but&!power&!be&!new: positive
but&!power&!be&new: neutral
but&!power&be&!a: negative
but&!power&be&a: neutral
but&power: neutral
DecisionTree learned:
!but&!easi&!speed&!love: negative
!but&!easi&!speed&love: positive
!but&!easi&speed&!use: positive
!but&!easi&speed&use: negative
!but&easi&!not&!anoth: positive
!but&easi&!not&anoth: neutral
!but&easi&not&!and: negative
!but&easi&not&and: positive
but&!learn&!on&!standard: negative
but&!learn&!on&standard: conflict
but&!learn&on&!i: negative
but&!learn&on&i: neutral
but&learn&!mac: neutral
but&learn&mac: positive
DecisionTree learned:
!but&!complain&!great&!and: negative
!but&!complain&!great&and: positive
!but&!complain&great&!video: positive
!but&!complain&great&video: conflict
!but&complain&!to: conflict
!but&complain&to: positive
but&!standard&!screen&!have: negative
but&!standard&!screen&have: conflict
but&!standard&screen&!and: conflict
but&!standard&screen&and: positive
but&standard: conflict
DecisionTree learned:
!but&!or&!speed&!great: negative
!but&!or&!speed&great: positive
!but&!or&speed&!use: positive
!but&!or&speed&use: negative
!but&or&!window&!month: neutral
!but&or&!window&month: negative
!but&or&window&!plenti: negative
!but&or&window&plenti: positive
but&!be&!new&!use: conflict
but&!be&!new&use: positive
but&!be&new&!and: positive
but&!be&new&and: neutral
but&be&!would&!a: negative
but&be&!would&a: neutral
but&be&would&!softwar: positive
but&be&would&softwar: negative
DecisionTree learned:
!but&!complain&!and&!littl: negative
!but&!complain&!and&littl: conflict
!but&!complain&and&!the: positive
!but&!complain&and&the: negative
!but&complain&!to: conflict
!but&complain&to: positive
but&!a&!onli&!to: negative
but&!a&!onli&to: negative
but&!a&onli&!for: neutral
but&!a&onli&for: negative
but&a&!batteri&!it: neutral
but&a&!batteri&it: conflict
but&a&batteri&!have: negative
but&a&batteri&have: conflict
DecisionTree learned:
!but&!is&!macbook&!fast: negative
!but&!is&!macbook&fast: positive
!but&!is&macbook&!of: positive
!but&!is&macbook&of: conflict
!but&is&!littl&!not: positive
!but&is&!littl&not: negative
!but&is&littl&!and: conflict
!but&is&littl&and: negative
but&!use&!i&!onli: negative
but&!use&!i&onli: neutral
but&!use&i&!on: positive
but&!use&i&on: neutral
but&use&!of&!learn: negative
but&use&!of&learn: neutral
but&use&of: positive
DecisionTree learned:
!but&!is&!macbook&!laptop: negative
!but&!is&!macbook&laptop: positive
!but&!is&macbook&!for: positive
!but&!is&macbook&for: neutral
!but&is&!littl&!ye: positive
!but&is&!littl&ye: conflict
!but&is&littl&!and: conflict
!but&is&littl&and: negative
but&!n&!be&!repair: positive
but&!n&!be&repair: negative
but&!n&be&!a: negative
but&!n&be&a: neutral
but&n&!that&!i: negative
but&n&!that&i: negative
but&n&that: conflict
DecisionTree learned:
!but&!use&!complain&!and: negative
!but&!use&!complain&and: positive
!but&!use&complain&!to: conflict
!but&!use&complain&to: positive
!but&use&!after&!littl: positive
!but&use&!after&littl: negative
!but&use&after&!especi: negative
!but&use&after&especi: conflict
but&!support&!wa&!to: positive
but&!support&!wa&to: neutral
but&!support&wa&!veri: negative
but&!support&wa&veri: positive
but&support: negative
DecisionTree learned:
!but&!great&!and&!worth: negative
!but&!great&!and&worth: conflict
!but&!great&and&!complain: positive
!but&!great&and&complain: conflict
!but&great&!media&!you: positive
!but&great&!media&you: neutral
!but&great&media&!game: conflict
!but&great&media&game: positive
but&!to&!laptop&!replac: negative
but&!to&!laptop&replac: neutral
but&!to&laptop&!thi: neutral
but&!to&laptop&thi: positive
but&to&!batteri&!you: positive
but&to&!batteri&you: neutral
but&to&batteri&!my: conflict
but&to&batteri&my: negative
DecisionTree learned:
!but&!not&!version&!laptop: positive
!but&!not&!version&laptop: positive
!but&!not&version&!mac: conflict
!but&!not&version&mac: neutral
!but&not&!cd&!graphic: negative
!but&not&!cd&graphic: conflict
!but&not&cd: conflict
but&!a&!they&!be: positive
but&!a&!they&be: negative
but&!a&they&!than: negative
but&!a&they&than: conflict
but&a&!game&!mous: conflict
but&a&!game&mous: positive
but&a&game: positive
DecisionTree learned:
!but&!is&!macbook&!some: negative
!but&!is&!macbook&some: negative
!but&!is&macbook&!for: positive
!but&!is&macbook&for: neutral
!but&is&!littl&!crystal: positive
!but&is&!littl&crystal: conflict
!but&is&littl&!to: conflict
!but&is&littl&to: negative
but&!power&!be&!new: conflict
but&!power&!be&new: neutral
but&!power&be&!would: negative
but&!power&be&would: positive
but&power: neutral
DecisionTree learned:
!but&!worth&!use&!speed: negative
!but&!worth&!use&speed: positive
!but&!worth&use&!especi: neutral
!but&!worth&use&especi: conflict
!but&worth&!it&!and: neutral
!but&worth&!it&and: positive
!but&worth&it&!work: conflict
!but&worth&it&work: negative
but&!support&!be&!repair: positive
but&!support&!be&repair: negative
but&!support&be&!better: negative
but&!support&be&better: neutral
but&support: negative
DecisionTree learned:
!but&!use&!gener&!laptop: negative
!but&!use&!gener&laptop: positive
!but&!use&gener: conflict
!but&use&!after&!littl: positive
!but&use&!after&littl: conflict
!but&use&after&!especi: negative
!but&use&after&especi: conflict
but&!repair&!be&!noth: positive
but&!repair&!be&noth: negative
but&!repair&be&!a: negative
but&!repair&be&a: neutral
but&repair: negative
DecisionTree learned:
!but&!and&!price&!drive: negative
!but&!and&!price&drive: neutral
!but&!and&price&!pc: positive
!but&!and&price&pc: conflict
!but&and&!extend&!is: positive
!but&and&!extend&is: positive
!but&and&extend&!when: neutral
!but&and&extend&when: conflict
but&!n&!a&!did: positive
but&!n&!a&did: neutral
but&!n&a&!game: conflict
but&!n&a&game: positive
but&n&!that&!mous: negative
but&n&!that&mous: positive
but&n&that: conflict
DecisionTree learned:
!but&!portabl&!easi&!amaz: negative
!but&!portabl&!easi&amaz: positive
!but&!portabl&easi&!not: positive
!but&!portabl&easi&not: negative
!but&portabl&!and: conflict
!but&portabl&and: positive
but&!littl&!repair&!be: positive
but&!littl&!repair&be: negative
but&!littl&repair: negative
but&littl: negative
DecisionTree learned:
!but&!complain&!the&!s: neutral
!but&!complain&!the&s: positive
!but&!complain&the&!version: negative
!but&!complain&the&version: conflict
!but&complain&!to: conflict
!but&complain&to: positive
but&!littl&!laptop&!to: positive
but&!littl&!laptop&to: neutral
but&!littl&laptop&!pc: neutral
but&!littl&laptop&pc: positive
but&littl: negative
DecisionTree learned:
!but&!inconveni&!use&!complain: negative
!but&!inconveni&!use&complain: conflict
!but&!inconveni&use&!especi: positive
!but&!inconveni&use&especi: conflict
!but&inconveni&!batteri: conflict
!but&inconveni&batteri: positive
but&!to&!replac&!i: conflict
but&!to&!replac&i: positive
but&!to&replac: neutral
but&to&!batteri&!you: neutral
but&to&!batteri&you: neutral
but&to&batteri&!my: conflict
but&to&batteri&my: negative
DecisionTree learned:
!but&!and&!portabl&!awesom: negative
!but&!and&!portabl&awesom: positive
!but&!and&portabl: conflict
!but&and&!word&!extend: positive
!but&and&!word&extend: neutral
!but&and&word&!i: neutral
!but&and&word&i: positive
but&!laptop&!gener&!power: negative
but&!laptop&!gener&power: neutral
but&!laptop&gener: negative
but&laptop&!the: neutral
but&laptop&the&!is: positive
but&laptop&the&is: neutral
DecisionTree learned:
!but&!and&!littl&!version: negative
!but&!and&!littl&version: conflict
!but&!and&littl&!is: negative
!but&!and&littl&is: conflict
!but&and&!is&!sol: positive
!but&and&!is&sol: conflict
!but&and&is&!what: positive
!but&and&is&what: conflict
but&!i&!you&!onli: conflict
but&!i&!you&onli: neutral
but&!i&you&!to: positive
but&!i&you&to: neutral
but&i&!use&!ha: neutral
but&i&!use&ha: conflict
but&i&use&!and: positive
but&i&use&and: negative
DecisionTree learned:
!but&!worth&!version&!complain: positive
!but&!worth&!version&complain: conflict
!but&!worth&version&!program: conflict
!but&!worth&version&program: positive
!but&worth&!money&!and: conflict
!but&worth&!money&and: negative
!but&worth&money&!is: neutral
!but&worth&money&is: positive
but&!want&!laptop&!so: negative
but&!want&!laptop&so: neutral
but&!want&laptop&!thi: neutral
but&!want&laptop&thi: positive
but&want&!to: conflict
but&want&to: neutral
DecisionTree learned:
!but&!felt&!macbook&!is: negative
!but&!felt&!macbook&is: positive
!but&!felt&macbook&!for: positive
!but&!felt&macbook&for: neutral
!but&felt: conflict
but&!outsid&!a&!featur: negative
but&!outsid&!a&featur: positive
but&!outsid&a&!screen: conflict
but&!outsid&a&screen: conflict
but&outsid&!it: neutral
but&outsid&it: negative
DecisionTree learned:
!but&!felt&!version&!eee: negative
!but&!felt&!version&eee: conflict
!but&!felt&version&!program: conflict
!but&!felt&version&program: positive
!but&felt: conflict
but&!temperatur&!to&!replac: positive
but&!temperatur&!to&replac: neutral
but&!temperatur&to&!batteri: neutral
but&!temperatur&to&batteri: conflict
but&temperatur: neutral
DecisionTree learned:
!but&!against&!worth&!problem: positive
!but&!against&!worth&problem: negative
!but&!against&worth&!and: conflict
!but&!against&worth&and: negative
!but&against: conflict
but&!temperatur&!rather&!warranti: positive
but&!temperatur&!rather&warranti: neutral
but&!temperatur&rather: neutral
but&temperatur: neutral
DecisionTree learned:
!but&!problem&!or&!eee: positive
!but&!problem&!or&eee: conflict
!but&!problem&or&!up: neutral
!but&!problem&or&up: negative
!but&problem&!out&!push: negative
!but&problem&!out&push: neutral
!but&problem&out: neutral
but&!repair&!use&!power: conflict
but&!repair&!use&power: neutral
but&!repair&use&!is: positive
but&!repair&use&is: negative
but&repair: negative
DecisionTree learned:
!but&!version&!is&!get: negative
!but&!version&!is&get: neutral
!but&!version&is&!littl: positive
!but&!version&is&littl: conflict
!but&version&!program&!is: conflict
!but&version&!program&is: positive
!but&version&program&!to: neutral
!but&version&program&to: positive
but&!temperatur&!os&!screen: negative
but&!temperatur&!os&screen: conflict
but&!temperatur&os&!of: positive
but&!temperatur&os&of: neutral
but&temperatur: neutral
DecisionTree learned:
!but&!laptop&!is&!and: negative
!but&!laptop&!is&and: positive
!but&!laptop&is&!ani: positive
!but&!laptop&is&ani: neutral
!but&laptop&!it&!went: neutral
!but&laptop&!it&went: conflict
!but&laptop&it&!and: conflict
!but&laptop&it&and: negative
but&!so&!look&!use: negative
but&!so&!look&use: positive
but&!so&look&!if: positive
but&!so&look&if: negative
but&so: neutral
DecisionTree learned:
!but&!worth&!back&!macbook: positive
!but&!worth&!back&macbook: positive
!but&!worth&back&!they: negative
!but&!worth&back&they: neutral
!but&worth&!money&!and: conflict
!but&worth&!money&and: negative
!but&worth&money&!is: neutral
!but&worth&money&is: positive
but&!to&!replac&!ground: positive
but&!to&!replac&ground: neutral
but&!to&replac: neutral
but&to&!batteri&!you: positive
but&to&!batteri&you: neutral
but&to&batteri&!my: conflict
but&to&batteri&my: negative
DecisionTree learned:
!but&!back&!macbook&!amaz: negative
!but&!back&!macbook&amaz: positive
!but&!back&macbook&!hard: positive
!but&!back&macbook&hard: conflict
!but&back&!they: negative
!but&back&they&!is: neutral
!but&back&they&is: negative
but&!outsid&!make&!a: positive
but&!outsid&!make&a: conflict
but&!outsid&make&!window: conflict
but&!outsid&make&window: negative
but&outsid&!it: neutral
but&outsid&it: negative
DecisionTree learned:
!but&!ye&!concern&!veri: negative
!but&!ye&!concern&veri: positive
!but&!ye&concern&!is: conflict
!but&!ye&concern&is: negative
!but&ye&!and: conflict
!but&ye&and: positive
but&!life&!want&!an: positive
but&!life&!want&an: conflict
but&!life&want&!to: conflict
but&!life&want&to: neutral
but&life&!to: conflict
but&life&to&!for: negative
but&life&to&for: conflict
DecisionTree learned:
!and&!but&!eee&!worth: negative
!and&!but&!eee&worth: conflict
!and&!but&eee: conflict
!and&but&!i&!an: negative
!and&but&!i&an: neutral
!and&but&i&!did: neutral
!and&but&i&did: conflict
and&!media&!extend&!the: positive
and&!media&!extend&the: negative
and&!media&extend&!when: neutral
and&!media&extend&when: conflict
and&media&!is: positive
and&media&is: conflict
DecisionTree learned:
!but&!complain&!and&!worth: negative
!but&!complain&!and&worth: conflict
!but&!complain&and&!sol: positive
!but&!complain&and&sol: conflict
!but&complain&!to: conflict
!but&complain&to: positive
but&!repair&!comput&!screen: positive
but&!repair&!comput&screen: conflict
but&!repair&comput&!that: negative
but&!repair&comput&that: conflict
but&repair: negative
DecisionTree learned:
!but&!the&!s&!twice: neutral
!but&!the&!s&twice: conflict
!but&!the&s&!and: conflict
!but&!the&s&and: positive
!but&the&!version&!price: negative
!but&the&!version&price: positive
!but&the&version&!to: conflict
!but&the&version&to: positive
but&!standard&!a&!call: negative
but&!standard&!a&call: neutral
but&!standard&a&!batteri: neutral
but&!standard&a&batteri: conflict
but&standard: conflict
DecisionTree learned:
!but&!reboot&!complain&!back: positive
!but&!reboot&!complain&back: negative
!but&!reboot&complain&!to: conflict
!but&!reboot&complain&to: positive
!but&reboot&!hard: negative
!but&reboot&hard: conflict
but&!function&!onli&!i: negative
but&!function&!onli&i: positive
but&!function&onli&!i: neutral
but&!function&onli&i: positive
but&function: neutral
DecisionTree learned:
!but&!and&!ye&!littl: negative
!but&!and&!ye&littl: conflict
!but&!and&ye: conflict
!but&and&!sol&!is: positive
!but&and&!sol&is: positive
!but&and&sol: conflict
but&!use&!be&!support: conflict
but&!use&!be&support: negative
but&!use&be&!better: negative
but&!use&be&better: neutral
but&use&!is&!a: positive
but&use&!is&a: negative
but&use&is: negative
DecisionTree learned:
!but&!the&!s&!twice: neutral
!but&!the&!s&twice: conflict
!but&!the&s&!a: positive
!but&!the&s&a: conflict
!but&the&!despit&!version: negative
!but&the&!despit&version: conflict
!but&the&despit: conflict
but&!screen&!an&!wa: positive
but&!screen&!an&wa: conflict
but&!screen&an&!a: conflict
but&!screen&an&a: neutral
but&screen&!and&!veri: conflict
but&screen&!and&veri: negative
but&screen&and: positive
DecisionTree learned:
!but&!and&!it&!get: negative
!but&!and&!it&get: conflict
!but&!and&it&!laptop: negative
!but&!and&it&laptop: conflict
!but&and&!sol&!media: positive
!but&and&!sol&media: conflict
!but&and&sol: conflict
but&!i&!and&!call: conflict
but&!i&!and&call: neutral
but&!i&and&!ha: positive
but&!i&and&ha: neutral
but&i&!buy&!did: positive
but&i&!buy&did: neutral
but&i&buy: conflict
DecisionTree learned:
!but&!love&!had&!use: negative
!but&!love&!had&use: positive
!but&!love&had&!could: negative
!but&!love&had&could: neutral
!but&love&!had: positive
!but&love&had: neutral
but&!littl&!a&!outsid: positive
but&!littl&!a&outsid: neutral
but&!littl&a&!n: neutral
but&!littl&a&n: negative
but&littl: negative
DecisionTree learned:
!but&!and&!mind&!some: negative
!but&!and&!mind&some: conflict
!but&!and&mind: conflict
!but&and&!extend&!is: positive
!but&and&!extend&is: positive
!but&and&extend&!when: neutral
!but&and&extend&when: conflict
but&!outsid&!comput&!support: positive
but&!outsid&!comput&support: negative
but&!outsid&comput&!that: negative
but&!outsid&comput&that: conflict
but&outsid&!it: neutral
but&outsid&it: negative
DecisionTree learned:
!but&!is&!macbook&!fast: negative
!but&!is&!macbook&fast: positive
!but&!is&macbook&!pro: conflict
!but&!is&macbook&pro: positive
!but&is&!littl&!laptop: positive
!but&is&!littl&laptop: neutral
!but&is&littl&!and: conflict
!but&is&littl&and: negative
but&!outsid&!laptop&!to: negative
but&!outsid&!laptop&to: neutral
but&!outsid&laptop&!thi: neutral
but&!outsid&laptop&thi: positive
but&outsid&!it: neutral
but&outsid&it: negative
DecisionTree learned:
!but&!complain&!and&!it: neutral
!but&!complain&!and&it: negative
!but&!complain&and&!media: positive
!but&!complain&and&media: conflict
!but&complain&!to: conflict
!but&complain&to: positive
but&!the&!well&!use: conflict
but&!the&!well&use: negative
but&!the&well&!ha: positive
but&!the&well&ha: neutral
but&the&!comput&!huge: positive
but&the&!comput&huge: conflict
but&the&comput&!that: negative
but&the&comput&that: conflict
DecisionTree learned:
!but&!and&!worth&!ye: negative
!but&!and&!worth&ye: conflict
!but&!and&worth&!money: conflict
!but&!and&worth&money: neutral
!but&and&!media&!sol: positive
!but&and&!media&sol: conflict
!but&and&media&!game: conflict
!but&and&media&game: positive
but&!function&!i&!onli: conflict
but&!function&!i&onli: neutral
but&!function&i&!buy: neutral
but&!function&i&buy: conflict
but&function: neutral
DecisionTree learned:
!but&!game&!complain&!and: negative
!but&!game&!complain&and: positive
!but&!game&complain&!to: conflict
!but&!game&complain&to: positive
!but&game&!high&!great: neutral
!but&game&!high&great: positive
!but&game&high: positive
but&!laptop&!i&!you: conflict
but&!laptop&!i&you: positive
but&!laptop&i&!buy: positive
but&!laptop&i&buy: conflict
but&laptop&!thi&!pc: neutral
but&laptop&!thi&pc: positive
but&laptop&thi: positive
DecisionTree learned:
!but&!and&!worth&!littl: negative
!but&!and&!worth&littl: conflict
!but&!and&worth&!money: conflict
!but&!and&worth&money: positive
!but&and&!media&!extend: positive
!but&and&!media&extend: neutral
!but&and&media&!game: conflict
!but&and&media&game: positive
but&!comput&!the&!softwar: conflict
but&!comput&!the&softwar: negative
but&!comput&the&!on: positive
but&!comput&the&on: neutral
but&comput&!that: negative
but&comput&that: conflict
DecisionTree learned:
!but&!and&!inconveni&!littl: negative
!but&!and&!inconveni&littl: conflict
!but&!and&inconveni&!batteri: conflict
!but&!and&inconveni&batteri: positive
!but&and&!media&!extend: positive
!but&and&!media&extend: neutral
!but&and&media&!game: conflict
!but&and&media&game: positive
but&!n&!a&!did: positive
but&!n&!a&did: neutral
but&!n&a&!i: conflict
but&!n&a&i: neutral
but&n&!that&!mous: negative
but&n&!that&mous: positive
but&n&that: conflict
DecisionTree learned:
!but&!and&!version&!ye: negative
!but&!and&!version&ye: conflict
!but&!and&version&!program: conflict
!but&!and&version&program: positive
!but&and&!media&!complain: positive
!but&and&!media&complain: conflict
!but&and&media: conflict
but&!standard&!comput&!screen: positive
but&!standard&!comput&screen: conflict
but&!standard&comput&!that: negative
but&!standard&comput&that: conflict
but&standard: conflict
DecisionTree learned:
!but&!and&!worth&!get: negative
!but&!and&!worth&get: conflict
!but&!and&worth&!for: conflict
!but&!and&worth&for: neutral
!but&and&!sol&!is: positive
!but&and&!sol&is: positive
!but&and&sol: conflict
but&!want&!i&!and: negative
but&!want&!i&and: positive
but&!want&i&!on: positive
but&!want&i&on: neutral
but&want&!to: conflict
but&want&to: neutral
DecisionTree learned:
!but&!mind&!complain&!version: negative
!but&!mind&!complain&version: conflict
!but&!mind&complain&!to: conflict
!but&!mind&complain&to: positive
!but&mind: conflict
but&!call&!warranti&!power: positive
but&!call&!warranti&power: neutral
but&!call&warranti&!repair: neutral
but&!call&warranti&repair: negative
but&call: neutral
DecisionTree learned:
!but&!felt&!inconveni&!easi: negative
!but&!felt&!inconveni&easi: positive
!but&!felt&inconveni&!batteri: conflict
!but&!felt&inconveni&batteri: positive
!but&felt: conflict
but&!learn&!function&!outsid: negative
but&!learn&!function&outsid: neutral
but&!learn&function: neutral
but&learn&!mac: neutral
but&learn&mac: positive
DecisionTree learned:
!but&!macbook&!mind&!speed: negative
!but&!macbook&!mind&speed: positive
!but&!macbook&mind: conflict
!but&macbook&!for&!hard: positive
!but&macbook&!for&hard: conflict
!but&macbook&for&!of: neutral
!but&macbook&for&of: negative
but&!function&!laptop&!outsid: positive
but&!function&!laptop&outsid: neutral
but&!function&laptop&!pc: neutral
but&!function&laptop&pc: positive
but&function: neutral
DecisionTree learned:
!but&!inconveni&!felt&!littl: positive
!but&!inconveni&!felt&littl: conflict
!but&!inconveni&felt: conflict
!but&inconveni&!batteri: conflict
!but&inconveni&batteri: positive
but&!i&!and&!winner: conflict
but&!i&!and&winner: positive
but&!i&and&!ha: positive
but&!i&and&ha: neutral
but&i&!on&!can: positive
but&i&!on&can: neutral
but&i&on: neutral
DecisionTree learned:
!but&!and&!mind&!worth: negative
!but&!and&!mind&worth: conflict
!but&!and&mind: conflict
!but&and&!complain&!media: positive
!but&and&!complain&media: conflict
!but&and&complain: conflict
but&!laptop&!function&!temperatur: positive
but&!laptop&!function&temperatur: neutral
but&!laptop&function: neutral
but&laptop&!pc: neutral
but&laptop&pc: positive
DecisionTree learned:
!but&!version&!felt&!complain: positive
!but&!version&!felt&complain: conflict
!but&!version&felt: conflict
!but&version&!program&!can: conflict
!but&version&!program&can: negative
!but&version&program&!to: neutral
!but&version&program&to: positive
but&!function&!it&!and: conflict
but&!function&!it&and: positive
but&!function&it&!n: conflict
but&!function&it&n: negative
but&function: neutral
DecisionTree learned:
!but&!and&!perfect&!eee: negative
!but&!and&!perfect&eee: conflict
!but&!and&perfect&!so: negative
!but&!and&perfect&so: conflict
!but&and&!email&!complain: positive
!but&and&!email&complain: conflict
!but&and&email&!offic: neutral
!but&and&email&offic: positive
but&!noth&!be&!use: conflict
but&!noth&!be&use: negative
but&!noth&be&!better: negative
but&!noth&be&better: neutral
but&noth: negative
DecisionTree learned:
!but&!felt&!worth&!some: positive
!but&!felt&!worth&some: negative
!but&!felt&worth&!and: conflict
!but&!felt&worth&and: positive
!but&felt: conflict
but&!screen&!n&!an: positive
but&!screen&!n&an: conflict
but&!screen&n&!that: negative
but&!screen&n&that: conflict
but&screen&!wa&!veri: conflict
but&screen&!wa&veri: negative
but&screen&wa&!and: negative
but&screen&wa&and: positive
DecisionTree learned:
!but&!love&!and&!littl: negative
!but&!love&!and&littl: conflict
!but&!love&and&!sol: positive
!but&!love&and&sol: conflict
!but&love&!user: positive
!but&love&user: neutral
but&!screen&!an&!i: negative
but&!screen&!an&i: positive
but&!screen&an&!a: conflict
but&!screen&an&a: neutral
but&screen&!the&!and: conflict
but&screen&!the&and: positive
but&screen&the&!that: negative
but&screen&the&that: conflict
DecisionTree learned:
!but&!and&!it&!get: neutral
!but&!and&!it&get: conflict
!but&!and&it&!laptop: negative
!but&!and&it&laptop: conflict
!but&and&!media&!sol: positive
!but&and&!media&sol: conflict
!but&and&media: conflict
but&!function&!a&!to: negative
but&!function&!a&to: neutral
but&!function&a&!an: conflict
but&!function&a&an: neutral
but&function: neutral
DecisionTree learned:
!but&!macbook&!despit&!laptop: negative
!but&!macbook&!despit&laptop: positive
!but&!macbook&despit&!so: conflict
!but&!macbook&despit&so: negative
!but&macbook&!hard&!of: positive
!but&macbook&!hard&of: negative
!but&macbook&hard: conflict
but&!be&!to&!replac: positive
but&!be&!to&replac: neutral
but&!be&to&!batteri: neutral
but&!be&to&batteri: conflict
but&be&!would&!a: negative
but&be&!would&a: neutral
but&be&would&!softwar: positive
but&be&would&softwar: negative
DecisionTree learned:
!but&!and&!perfect&!drive: positive
!but&!and&!perfect&drive: neutral
!but&!and&perfect&!so: negative
!but&!and&perfect&so: conflict
!but&and&!sol&!is: positive
!but&and&!sol&is: positive
!but&and&sol: conflict
but&!temperatur&!use&!laptop: conflict
but&!temperatur&!use&laptop: neutral
but&!temperatur&use&!learn: positive
but&!temperatur&use&learn: neutral
but&temperatur: neutral
DecisionTree learned:
!and&!perfect&!to&!but: positive
!and&!perfect&!to&but: negative
!and&!perfect&to&!after: neutral
!and&!perfect&to&after: conflict
!and&perfect&!so&!is: negative
!and&perfect&!so&is: positive
!and&perfect&so: conflict
and&!sol&!great&!the: positive
and&!sol&!great&the: negative
and&!sol&great&!softwar: positive
and&!sol&great&softwar: neutral
and&sol: conflict
DecisionTree learned:
!but&!mind&!eee&!despit: positive
!but&!mind&!eee&despit: conflict
!but&!mind&eee: conflict
!but&mind: conflict
but&!new&!littl&!laptop: positive
but&!new&!littl&laptop: neutral
but&!new&littl: negative
but&new&!and: positive
but&new&and: neutral
DecisionTree learned:
!and&!drive&!but&!littl: positive
!and&!drive&!but&littl: conflict
!and&!drive&but&!i: conflict
!and&!drive&but&i: neutral
!and&drive&!the&!as: negative
!and&drive&!the&as: neutral
!and&drive&the&!dvd: neutral
!and&drive&the&dvd: negative
and&!media&!word&!sol: positive
and&!media&!word&sol: conflict
and&!media&word&!i: neutral
and&!media&word&i: positive
and&media&!is: positive
and&media&is: conflict
DecisionTree learned:
!and&!or&!it&!felt: neutral
!and&!or&!it&felt: conflict
!and&!or&it&!laptop: negative
!and&!or&it&laptop: conflict
!and&or&!lag&!as: neutral
!and&or&!lag&as: negative
!and&or&lag: positive
and&!word&!complain&!sol: positive
and&!word&!complain&sol: conflict
and&!word&complain: conflict
and&word&!but&!i: neutral
and&word&!but&i: positive
and&word&but: conflict
DecisionTree learned:
!but&!and&!ye&!get: negative
!but&!and&!ye&get: conflict
!but&!and&ye: conflict
!but&and&!media&!email: positive
!but&and&!media&email: neutral
!but&and&media: conflict
but&!so&!i&!and: conflict
but&!so&!i&and: positive
but&!so&i&!with: positive
but&!so&i&with: neutral
but&so: neutral
DecisionTree learned:
!but&!version&!is&!felt: neutral
!but&!version&!is&felt: conflict
!but&!version&is&!littl: positive
!but&!version&is&littl: conflict
!but&version&!program&!offic: conflict
!but&version&!program&offic: negative
!but&version&program&!to: neutral
!but&version&program&to: positive
but&!standard&!power&!offic: negative
but&!standard&!power&offic: neutral
but&!standard&power: neutral
but&standard: conflict
DecisionTree learned:
!and&!but&!some&!to: negative
!and&!but&!some&to: negative
!and&!but&some&!featur: conflict
!and&!but&some&featur: positive
!and&but&!i&!call: conflict
!and&but&!i&call: neutral
!and&but&i&!did: neutral
!and&but&i&did: conflict
and&!sol&!complain&!media: positive
and&!sol&!complain&media: conflict
and&!sol&complain: conflict
and&sol: conflict
DecisionTree learned:
!but&!eee&!is&!and: neutral
!but&!eee&!is&and: positive
!but&!eee&is&!movi: positive
!but&!eee&is&movi: conflict
!but&eee: conflict
but&!wa&!to&!replac: conflict
but&!wa&!to&replac: neutral
but&!wa&to&!be: neutral
but&!wa&to&be: negative
but&wa&!veri&!that: negative
but&wa&!veri&that: conflict
but&wa&veri: positive
DecisionTree learned:
!and&!ye&!mind&!but: negative
!and&!ye&!mind&but: negative
!and&!ye&mind: conflict
!and&ye: conflict
and&!email&!firefox&!word: positive
and&!email&!firefox&word: neutral
and&!email&firefox: neutral
and&email&!offic&!screen: neutral
and&email&!offic&screen: positive
and&email&offic: positive
DecisionTree learned:
!but&!and&!get&!to: negative
!but&!and&!get&to: negative
!but&!and&get&!i: negative
!but&!and&get&i: conflict
!but&and&!media&!sol: positive
!but&and&!media&sol: conflict
!but&and&media&!game: conflict
!but&and&media&game: positive
but&!laptop&!to&!replac: negative
but&!laptop&!to&replac: neutral
but&!laptop&to&!batteri: neutral
but&!laptop&to&batteri: conflict
but&laptop&!thi: neutral
but&laptop&thi: positive
DecisionTree learned:
!but&!against&!macbook&!get: negative
!but&!against&!macbook&get: negative
!but&!against&macbook&!for: positive
!but&!against&macbook&for: neutral
!but&against: conflict
but&!power&!i&!you: conflict
but&!power&!i&you: neutral
but&!power&i&!they: positive
but&!power&i&they: negative
but&power: neutral
DecisionTree learned:
!but&!and&!worth&!get: negative
!but&!and&!worth&get: conflict
!but&!and&worth&!for: conflict
!but&!and&worth&for: neutral
!but&and&!email&!extend: positive
!but&and&!email&extend: neutral
!but&and&email&!offic: neutral
!but&and&email&offic: positive
but&!standard&!function&!learn: negative
but&!standard&!function&learn: neutral
but&!standard&function: neutral
but&standard: conflict
DecisionTree learned:
!but&!easi&!and&!will: negative
!but&!easi&!and&will: conflict
!but&!easi&and&!media: positive
!but&!easi&and&media: conflict
!but&easi&!anoth&!not: positive
!but&easi&!anoth&not: positive
!but&easi&anoth: neutral
but&!be&!they&!that: positive
but&!be&!they&that: conflict
but&!be&they&!than: negative
but&!be&they&than: conflict
but&be&!better&!would: negative
but&be&!better&would: positive
but&be&better: neutral
DecisionTree learned:
!and&!but&!littl&!version: negative
!and&!but&!littl&version: conflict
!and&!but&littl&!is: negative
!and&!but&littl&is: conflict
!and&but&!i&!the: conflict
!and&but&!i&the: negative
!and&but&i&!did: neutral
!and&but&i&did: conflict
and&!sol&!complain&!fast: positive
and&!sol&!complain&fast: positive
and&!sol&complain: conflict
and&sol: conflict
DecisionTree learned:
!but&!and&!reboot&!ye: negative
!but&!and&!reboot&ye: conflict
!but&!and&reboot&!hard: negative
!but&!and&reboot&hard: conflict
!but&and&!complain&!sol: positive
!but&and&!complain&sol: conflict
!but&and&complain: conflict
but&!to&!replac&!i: conflict
but&!to&!replac&i: positive
but&!to&replac: neutral
but&to&!batteri&!you: neutral
but&to&!batteri&you: neutral
but&to&batteri&!my: conflict
but&to&batteri&my: negative
DecisionTree learned:
!but&!version&!complain&!laptop: negative
!but&!version&!complain&laptop: positive
!but&!version&complain&!to: conflict
!but&!version&complain&to: positive
!but&version&!program&!can: conflict
!but&version&!program&can: negative
!but&version&program&!to: neutral
!but&version&program&to: positive
but&!littl&!wa&!to: positive
but&!littl&!wa&to: neutral
but&!littl&wa&!one: negative
but&!littl&wa&one: positive
but&littl: negative
DecisionTree learned:
!but&!and&!awesom&!price: negative
!but&!and&!awesom&price: positive
!but&!and&awesom: positive
!but&and&!media&!sol: positive
!but&and&!media&sol: conflict
!but&and&media&!game: conflict
!but&and&media&game: positive
but&!laptop&!call&!veri: negative
but&!laptop&!call&veri: positive
but&!laptop&call: neutral
but&laptop&!thi&!pc: neutral
but&laptop&!thi&pc: positive
but&laptop&thi: positive
DecisionTree learned:
!and&!to&!it&!router: positive
!and&!to&!it&router: conflict
!and&!to&it&!laptop: negative
!and&!to&it&laptop: conflict
!and&to&!after&!up: neutral
!and&to&!after&up: positive
!and&to&after&!especi: negative
!and&to&after&especi: conflict
and&!complain&!sol&!media: positive
and&!complain&!sol&media: conflict
and&!complain&sol: conflict
and&complain: conflict
DecisionTree learned:
!but&!and&!littl&!or: negative
!but&!and&!littl&or: neutral
!but&!and&littl&!is: negative
!but&!and&littl&is: conflict
!but&and&!the&!not: positive
!but&and&!the&not: neutral
!but&and&the&!when: negative
!but&and&the&when: neutral
but&!laptop&!i&!onli: conflict
but&!laptop&!i&onli: neutral
but&!laptop&i&!use: neutral
but&!laptop&i&use: negative
but&laptop&!thi&!pc: neutral
but&laptop&!thi&pc: positive
but&laptop&thi: positive
DecisionTree learned:
!and&!but&!inconveni&!mind: negative
!and&!but&!inconveni&mind: conflict
!and&!but&inconveni&!batteri: conflict
!and&!but&inconveni&batteri: positive
!and&but&!i&!to: conflict
!and&but&!i&to: neutral
!and&but&i&!did: positive
!and&but&i&did: conflict
and&!word&!had&!n: positive
and&!word&!had&n: negative
and&!word&had&!that: negative
and&!word&had&that: neutral
and&word&!but&!i: neutral
and&word&!but&i: positive
and&word&but: conflict
Trial 0 Training cc.mallet.classify.AdaBoostM2Trainer@1d2940b3 finished
Trial 0 Trainer cc.mallet.classify.AdaBoostM2Trainer@1d2940b3 test data accuracy = 0.5273833671399595

NaiveBayesTrainer
Summary. test accuracy mean = 0.6734279918864098 stddev = 0.0 stderr = 0.0

MaxEntTrainer,gaussianPriorVariance=1.0
Summary. test accuracy mean = 0.6632860040567952 stddev = 0.0 stderr = 0.0

cc.mallet.classify.DecisionTreeTrainer@5328f6ee
Summary. test accuracy mean = 0.5496957403651116 stddev = 0.0 stderr = 0.0

cc.mallet.classify.AdaBoostM2Trainer@1d2940b3
Summary. test accuracy mean = 0.5273833671399595 stddev = 0.0 stderr = 0.0
