
-------------------- Trial 0  --------------------

Trial 0 Training NaiveBayesTrainer with 1865 instances
Trial 0 Training NaiveBayesTrainer finished
Trial 0 Trainer NaiveBayesTrainer test data accuracy = 0.6734279918864098
Trial 0 Training MaxEntTrainer,gaussianPriorVariance=1.0 with 1865 instances
Trial 0 Training MaxEntTrainer,gaussianPriorVariance=1.0 finished
Trial 0 Trainer MaxEntTrainer,gaussianPriorVariance=1.0 test data accuracy = 0.6490872210953347
Trial 0 Training cc.mallet.classify.DecisionTreeTrainer@6766afb3 with 1865 instances
DecisionTree learned:
!great&!easy&!but&!fast: negative
!great&!easy&!but&fast: positive
!great&!easy&but&!rbr: negative
!great&!easy&but&rbr: positive
!great&easy&!easi&!order: positive
!great&easy&!easi&order: neutral
!great&easy&easi&!cd: positive
!great&easy&easi&cd: neutral
great&!had&!but&!lack: positive
great&!had&!but&lack: negative
great&!had&but&!cd: positive
great&!had&but&cd: negative
great&had&!batteri: negative
great&had&batteri&!qualiti: positive
great&had&batteri&qualiti: negative
Trial 0 Training cc.mallet.classify.DecisionTreeTrainer@6766afb3 finished
Trial 0 Trainer cc.mallet.classify.DecisionTreeTrainer@6766afb3 test data accuracy = 0.5172413793103449
Trial 0 Training cc.mallet.classify.AdaBoostM2Trainer@656de49c with 1865 instances
DecisionTree learned:
!great&!but&!easy&!fast: negative
!great&!but&!easy&fast: positive
!great&!but&easy&!order: positive
!great&!but&easy&order: neutral
!great&but&!rbr&!well: negative
!great&but&!rbr&well: neutral
!great&but&rbr&!mani: positive
!great&but&rbr&mani: neutral
great&!had&!but&!lack: positive
great&!had&!but&lack: negative
great&!had&but&!cd: positive
great&!had&but&cd: negative
great&had&!batteri: negative
great&had&batteri&!qualiti: positive
great&had&batteri&qualiti: negative
DecisionTree learned:
!but&!great&!love&!easy: negative
!but&!great&!love&easy: positive
!but&!great&love&!size: positive
!but&!great&love&size: positive
!but&great&!had&!lack: positive
!but&great&!had&lack: negative
!but&great&had&!batteri: negative
!but&great&had&batteri: positive
but&!mac&!x&!need: negative
but&!mac&!x&need: positive
but&!mac&x&!is: neutral
but&!mac&x&is: positive
but&mac&!system&!function: positive
but&mac&!system&function: neutral
but&mac&system&!use: negative
but&mac&system&use: neutral
DecisionTree learned:
!but&!great&!not&!good: positive
!but&!great&!not&good: positive
!but&!great&not&!apple: negative
!but&!great&not&apple: positive
!but&great&!had&!instal: positive
!but&great&!had&instal: neutral
!but&great&had&!batteri: negative
!but&great&had&batteri: positive
but&!got&!mac&!anoth: negative
but&!got&!mac&anoth: neutral
but&!got&mac&!its: positive
but&!got&mac&its: neutral
but&got&!so: negative
but&got&so: positive
DecisionTree learned:
!but&!great&!movie&!easi: negative
!but&!great&!movie&easi: positive
!but&!great&movie&!ha: neutral
!but&!great&movie&ha: positive
!but&great&!had&!nearly: positive
!but&great&!had&nearly: neutral
!but&great&had&!batteri: negative
!but&great&had&batteri: positive
but&!be&!the&!windows: conflict
but&!be&!the&windows: neutral
but&!be&the&!nothing: positive
but&!be&the&nothing: negative
but&be&!wdt&!vbz: negative
but&be&!wdt&vbz: negative
but&be&wdt&!onli: conflict
but&be&wdt&onli: negative
DecisionTree learned:
!but&!great&!in&!does: positive
!but&!great&!in&does: negative
!but&!great&in&!vbd: positive
!but&!great&in&vbd: negative
!but&great&!had&!lack: positive
!but&great&!had&lack: negative
!but&great&had&!batteri: negative
!but&great&had&batteri: positive
but&!got&!mac&!difference: negative
but&!got&!mac&difference: neutral
but&!got&mac&!more: positive
but&!got&mac&more: positive
but&got&!so: negative
but&got&so: positive
DecisionTree learned:
!but&!fast&!not&!for: positive
!but&!fast&!not&for: positive
!but&!fast&not&!through: negative
!but&!fast&not&through: neutral
!but&fast&!onc&!program: positive
!but&fast&!onc&program: neutral
!but&fast&onc: neutral
but&!mac&!featur&!wdt: negative
but&!mac&!featur&wdt: conflict
but&!mac&featur&!comput: positive
but&!mac&featur&comput: conflict
but&mac&!vbp&!used: positive
but&mac&!vbp&used: neutral
but&mac&vbp&!vb: negative
but&mac&vbp&vb: neutral
DecisionTree learned:
!but&!fast&!love&!cd: positive
!but&!fast&!love&cd: neutral
!but&!fast&love&!size: positive
!but&!fast&love&size: positive
!but&fast&!program&!onc: positive
!but&fast&!program&onc: neutral
!but&fast&program: neutral
but&!wdt&!mac&!be: negative
but&!wdt&!mac&be: negative
but&!wdt&mac&!in: negative
but&!wdt&mac&in: positive
but&wdt&!the&!it: neutral
but&wdt&!the&it: conflict
but&wdt&the&!like: conflict
but&wdt&the&like: positive
DecisionTree learned:
!but&!and&!movie&!not: negative
!but&!and&!movie&not: negative
!but&!and&movie: neutral
!but&and&!prp&!n: positive
!but&and&!prp&n: negative
!but&and&prp&!complain: positive
!but&and&prp&complain: conflict
but&!rbr&!well&!x: negative
but&!rbr&!well&x: neutral
but&!rbr&well&!so: positive
but&!rbr&well&so: neutral
but&rbr&!mani&!ye: positive
but&rbr&!mani&ye: conflict
but&rbr&mani: neutral
DecisionTree learned:
!but&!easy&!great&!in: positive
!but&!easy&!great&in: negative
!but&!easy&great&!had: positive
!but&!easy&great&had: negative
!but&easy&!order&!one: positive
!but&easy&!order&one: neutral
!but&easy&order&!easi: neutral
!but&easy&order&easi: positive
but&!and&!on&!to: negative
but&!and&!on&to: neutral
but&!and&on&!about: neutral
but&!and&on&about: conflict
but&and&!just&!this: positive
but&and&!just&this: negative
but&and&just&!amaz: neutral
but&and&just&amaz: positive
DecisionTree learned:
!but&!easi&!great&!movie: negative
!but&!easi&!great&movie: neutral
!but&!easi&great&!vbp: positive
!but&!easi&great&vbp: positive
!but&easi&!cd&!not: positive
!but&easi&!cd&not: positive
!but&easi&cd: neutral
but&!batteri&!got&!my: negative
but&!batteri&!got&my: positive
but&!batteri&got&!so: negative
but&!batteri&got&so: positive
but&batteri&!vbp&!vbz: conflict
but&batteri&!vbp&vbz: conflict
but&batteri&vbp&!with: positive
but&batteri&vbp&with: negative
DecisionTree learned:
!but&!love&!and&!awesome: negative
!but&!love&!and&awesome: positive
!but&!love&and&!i: positive
!but&!love&and&i: neutral
!but&love&!windows&!open: positive
!but&love&!windows&open: positive
!but&love&windows&!thi: positive
!but&love&windows&thi: neutral
but&!rbr&!need&!think: negative
but&!rbr&!need&think: neutral
but&!rbr&need&!jj: neutral
but&!rbr&need&jj: positive
but&rbr&!button&!mani: positive
but&rbr&!button&mani: neutral
but&rbr&button: negative
DecisionTree learned:
!but&!movie&!fast&!cd: positive
!but&!movie&!fast&cd: neutral
!but&!movie&fast&!program: positive
!but&!movie&fast&program: neutral
!but&movie&!ha: neutral
!but&movie&ha: positive
but&!repair&!new&!think: negative
but&!repair&!new&think: neutral
but&!repair&new&!window: neutral
but&!repair&new&window: conflict
but&repair&!they: negative
but&repair&they&!day: neutral
but&repair&they&day: negative
DecisionTree learned:
!but&!use&!to&!cd: positive
!but&!use&!to&cd: neutral
!but&!use&to&!pc: negative
!but&!use&to&pc: positive
!but&use&!music&!easi: positive
!but&use&!music&easi: positive
!but&use&music: neutral
but&!this&!so&!wdt: negative
but&!this&!so&wdt: conflict
but&!this&so&!vbg: neutral
but&!this&so&vbg: conflict
but&this&!vb&!not: positive
but&this&!vb&not: negative
but&this&vb&!in: positive
but&this&vb&in: neutral
DecisionTree learned:
!but&!in&!requir&!is: positive
!but&!in&!requir&is: positive
!but&!in&requir: conflict
!but&in&!much&!vbd: positive
!but&in&!much&vbd: negative
!but&in&much&!laptop: positive
!but&in&much&laptop: conflict
but&!mac&!featur&!rbr: negative
but&!mac&!featur&rbr: positive
but&!mac&featur&!comput: positive
but&!mac&featur&comput: conflict
but&mac&!function&!mani: positive
but&mac&!function&mani: neutral
but&mac&function: neutral
DecisionTree learned:
!but&!and&!great&!movie: negative
!but&!and&!great&movie: neutral
!but&!and&great&!vbp: positive
!but&!and&great&vbp: negative
!but&and&!back&!complain: positive
!but&and&!back&complain: conflict
!but&and&back&!a: neutral
!but&and&back&a: negative
but&!got&!mac&!this: negative
but&!got&!mac&this: negative
but&!got&mac&!more: positive
but&!got&mac&more: positive
but&got&!so: negative
but&got&so: positive
DecisionTree learned:
!but&!for&!cd&!and: negative
!but&!for&!cd&and: positive
!but&!for&cd&!get: neutral
!but&!for&cd&get: negative
!but&for&!vbd&!vbz: neutral
!but&for&!vbd&vbz: positive
!but&for&vbd&!i: negative
!but&for&vbd&i: neutral
but&!this&!so&!outside: negative
but&!this&!so&outside: neutral
but&!this&so&!laptop: conflict
but&!this&so&laptop: neutral
but&this&!vbn&!vb: positive
but&this&!vbn&vb: neutral
but&this&vbn&!for: negative
but&this&vbn&for: negative
DecisionTree learned:
!but&!fast&!problem&!love: negative
!but&!fast&!problem&love: positive
!but&!fast&problem&!an: negative
!but&!fast&problem&an: neutral
!but&fast&!program&!onc: positive
!but&fast&!program&onc: neutral
!but&fast&program: neutral
but&!got&!mac&!this: negative
but&!got&!mac&this: neutral
but&!got&mac&!jj: neutral
but&!got&mac&jj: positive
but&got&!so: negative
but&got&so: positive
DecisionTree learned:
!but&!and&!laptops&!for: negative
!but&!and&!laptops&for: neutral
!but&!and&laptops&!much: negative
!but&!and&laptops&much: conflict
!but&and&!prp&!even: positive
!but&and&!prp&even: negative
!but&and&prp&!complain: positive
!but&and&prp&complain: conflict
but&!be&!prp&!vbz: conflict
but&!be&!prp&vbz: positive
but&!be&prp&!it: neutral
but&!be&prp&it: positive
but&be&!windows&!wdt: negative
but&be&!windows&wdt: positive
but&be&windows&!load: neutral
but&be&windows&load: negative
DecisionTree learned:
!but&!easi&!complain&!cc: negative
!but&!easi&!complain&cc: positive
!but&!easi&complain&!rb: positive
!but&!easi&complain&rb: conflict
!but&easi&!cd&!not: positive
!but&easi&!cd&not: positive
!but&easi&cd: neutral
but&!rbr&!well&!featur: negative
but&!rbr&!well&featur: positive
but&!rbr&well&!so: positive
but&!rbr&well&so: neutral
but&rbr&!button&!mani: positive
but&rbr&!button&mani: neutral
but&rbr&button: negative
DecisionTree learned:
!but&!easi&!uses&!fast: negative
!but&!easi&!uses&fast: positive
!but&!easi&uses&!use: conflict
!but&!easi&uses&use: neutral
!but&easi&!cd&!carri: positive
!but&easi&!cd&carri: positive
!but&easi&cd: neutral
but&!learn&!did&!hard: negative
but&!learn&!did&hard: neutral
but&!learn&did&!veri: neutral
but&!learn&did&veri: positive
but&learn&!i&!offic: neutral
but&learn&!i&offic: positive
but&learn&i: positive
DecisionTree learned:
!but&!for&!good&!much: negative
!but&!for&!good&much: positive
!but&!for&good&!vbp: positive
!but&!for&good&vbp: positive
!but&for&!so&!vbd: positive
!but&for&!so&vbd: neutral
!but&for&so&!batteri: negative
!but&for&so&batteri: conflict
but&!this&!so&!wdt: negative
but&!this&!so&wdt: conflict
but&!this&so&!featur: conflict
but&!this&so&featur: positive
but&this&!vbn&!since: neutral
but&this&!vbn&since: negative
but&this&vbn&!make: negative
but&this&vbn&make: conflict
DecisionTree learned:
!but&!then&!price&!same: positive
!but&!then&!price&same: neutral
!but&!then&price&!worth: positive
!but&!then&price&worth: conflict
!but&then&!inside&!works: negative
!but&then&!inside&works: neutral
!but&then&inside: neutral
but&!mac&!track&!this: negative
but&!mac&!track&this: negative
but&!mac&track: neutral
but&mac&!system&!jj: neutral
but&mac&!system&jj: positive
but&mac&system&!use: negative
but&mac&system&use: neutral
DecisionTree learned:
!but&!for&!pc&!requires: negative
!but&!for&!pc&requires: conflict
!but&!for&pc&!and: conflict
!but&!for&pc&and: positive
!but&for&!vbd&!use: positive
!but&for&!vbd&use: neutral
!but&for&vbd&!i: negative
!but&for&vbd&i: neutral
but&!the&!it&!prp: conflict
but&!the&!it&prp: neutral
but&!the&it&!for: conflict
but&!the&it&for: positive
but&the&!wdt&!be: positive
but&the&!wdt&be: negative
but&the&wdt&!great: positive
but&the&wdt&great: negative
DecisionTree learned:
!but&!love&!pc&!after: negative
!but&!love&!pc&after: negative
!but&!love&pc&!users: positive
!but&!love&pc&users: neutral
!but&love&!size&!wrb: positive
!but&love&!size&wrb: neutral
!but&love&size&!becaus: neutral
!but&love&size&becaus: positive
but&!rbr&!think&!new: negative
but&!rbr&!think&new: neutral
but&!rbr&think&!on: negative
but&!rbr&think&on: neutral
but&rbr&!vb&!qualiti: conflict
but&rbr&!vb&qualiti: positive
but&rbr&vb&!button: positive
but&rbr&vb&button: negative
DecisionTree learned:
!but&!amazing&!uses&!cd: positive
!but&!amazing&!uses&cd: neutral
!but&!amazing&uses&!use: conflict
!but&!amazing&uses&use: neutral
!but&amazing: positive
but&!this&!so&!screen: negative
but&!this&!so&screen: conflict
but&!this&so&!old: neutral
but&!this&so&old: positive
but&this&!x&!md: positive
but&this&!x&md: negative
but&this&x: neutral
DecisionTree learned:
!but&!in&!requir&!good: positive
!but&!in&!requir&good: positive
!but&!in&requir: conflict
!but&in&!and&!laptops: negative
!but&in&!and&laptops: conflict
!but&in&and&!complain: positive
!but&in&and&complain: conflict
but&!repair&!new&!this: positive
but&!repair&!new&this: neutral
but&!repair&new&!softwar: neutral
but&!repair&new&softwar: negative
but&repair&!they: negative
but&repair&they&!day: neutral
but&repair&they&day: negative
DecisionTree learned:
!but&!requires&!in&!is: positive
!but&!requires&!in&is: positive
!but&!requires&in&!pc: negative
!but&!requires&in&pc: positive
!but&requires: conflict
but&!in&!better&!it: positive
but&!in&!better&it: conflict
but&!in&better: conflict
but&in&!a&!x: negative
but&in&!a&x: neutral
but&in&a&!battery: neutral
but&in&a&battery: conflict
DecisionTree learned:
!but&!much&!for&!good: negative
!but&!much&!for&good: positive
!but&!much&for&!cc: positive
!but&!much&for&cc: neutral
!but&much&!laptop&!i: positive
!but&much&!laptop&i: neutral
!but&much&laptop&!just: conflict
!but&much&laptop&just: positive
but&!need&!new&!difference: negative
but&!need&!new&difference: neutral
but&!need&new&!window: neutral
but&!need&new&window: conflict
but&need&!jj: neutral
but&need&jj&!becaus: positive
but&need&jj&becaus: conflict
DecisionTree learned:
!but&!fast&!for&!eee: negative
!but&!fast&!for&eee: conflict
!but&!fast&for&!so: neutral
!but&!fast&for&so: negative
!but&fast&!onc&!program: positive
!but&fast&!onc&program: neutral
!but&fast&onc: neutral
but&!mac&!on&!there: positive
but&!mac&!on&there: negative
but&!mac&on&!i: negative
but&!mac&on&i: neutral
but&mac&!jj: neutral
but&mac&jj&!its: positive
but&mac&jj&its: neutral
DecisionTree learned:
!but&!for&!much&!get: negative
!but&!for&!much&get: negative
!but&!for&much&!laptops: positive
!but&!for&much&laptops: conflict
!but&for&!so&!vbd: positive
!but&for&!so&vbd: neutral
!but&for&so&!batteri: negative
!but&for&so&batteri: conflict
but&!be&!outside&!difference: positive
but&!be&!outside&difference: neutral
but&!be&outside&!veri: neutral
but&!be&outside&veri: positive
but&be&!wdt&!to: negative
but&be&!wdt&to: negative
but&be&wdt&!just: conflict
but&be&wdt&just: positive
DecisionTree learned:
!but&!despit&!great&!use: negative
!but&!despit&!great&use: positive
!but&!despit&great&!vbp: positive
!but&!despit&great&vbp: positive
!but&despit&!use: conflict
!but&despit&use: negative
but&!new&!this&!has: negative
but&!new&!this&has: conflict
but&!new&this&!vb: negative
but&!new&this&vb: neutral
but&new&!rb: negative
but&new&rb&!window: neutral
but&new&rb&window: conflict
DecisionTree learned:
!but&!for&!pc&!cd: negative
!but&!for&!pc&cd: neutral
!but&!for&pc&!and: conflict
!but&!for&pc&and: positive
!but&for&!so&!vbd: positive
!but&for&!so&vbd: neutral
!but&for&so&!batteri: negative
!but&for&so&batteri: conflict
but&!in&!better&!it: positive
but&!in&!better&it: negative
but&!in&better: conflict
but&in&!wa&!did: positive
but&in&!wa&did: neutral
but&in&wa&!to: positive
but&in&wa&to: conflict
DecisionTree learned:
!but&!complain&!and&!next: negative
!but&!complain&!and&next: neutral
!but&!complain&and&!extend: positive
!but&!complain&and&extend: neutral
!but&complain&!rb: positive
!but&complain&rb: conflict
but&!learn&!this&!card: negative
but&!learn&!this&card: conflict
but&!learn&this&!wdt: negative
but&!learn&this&wdt: neutral
but&learn&!i&!offic: neutral
but&learn&!i&offic: positive
but&learn&i: positive
DecisionTree learned:
!but&!good&!complain&!and: negative
!but&!good&!complain&and: positive
!but&!good&complain&!rb: positive
!but&!good&complain&rb: conflict
!but&good&!at&!wdt: positive
!but&good&!at&wdt: negative
!but&good&at&!custom: neutral
!but&good&at&custom: positive
but&!mac&!difference&!hard: negative
but&!mac&!difference&hard: neutral
but&!mac&difference&!appl: positive
but&!mac&difference&appl: neutral
but&mac&!jj: neutral
but&mac&jj&!you: positive
but&mac&jj&you: neutral
DecisionTree learned:
!but&!for&!problem&!cd: positive
!but&!for&!problem&cd: neutral
!but&!for&problem&!software: negative
!but&!for&problem&software: positive
!but&for&!vbd&!way: positive
!but&for&!vbd&way: negative
!but&for&vbd&!cc: negative
!but&for&vbd&cc: neutral
but&!learn&!this&!has: negative
but&!learn&!this&has: positive
but&!learn&this&!know: negative
but&!learn&this&know: conflict
but&learn&!i&!offic: neutral
but&learn&!i&offic: positive
but&learn&i: positive
DecisionTree learned:
!but&!vbz&!had&!lacking: neutral
!but&!vbz&!had&lacking: conflict
!but&!vbz&had&!to: negative
!but&!vbz&had&to: negative
!but&vbz&!though&!gener: positive
!but&vbz&!though&gener: conflict
!but&vbz&though&!nnp: conflict
!but&vbz&though&nnp: negative
but&!got&!did&!be: positive
but&!got&!did&be: negative
but&!got&did&!on: negative
but&!got&did&on: neutral
but&got&!so: negative
but&got&so: positive
DecisionTree learned:
!but&!not&!for&!eee: positive
!but&!not&!for&eee: conflict
!but&!not&for&!dt: neutral
!but&!not&for&dt: positive
!but&not&!complain&!through: negative
!but&not&!complain&through: neutral
!but&not&complain: conflict
but&!new&!rbr&!the: conflict
but&!new&!rbr&the: negative
but&!new&rbr&!vb: positive
but&!new&rbr&vb: positive
but&new&!rb: negative
but&new&rb&!window: neutral
but&new&rb&window: conflict
DecisionTree learned:
!but&!much&!back&!warranty: positive
!but&!much&!back&warranty: neutral
!but&!much&back&!and: negative
!but&!much&back&and: negative
!but&much&!laptop&!i: positive
!but&much&!laptop&i: neutral
!but&much&laptop&!just: conflict
!but&much&laptop&just: positive
but&!hard&!laptop&!look: negative
but&!hard&!laptop&look: positive
but&!hard&laptop&!jj: neutral
but&!hard&laptop&jj: positive
but&hard&!vbn&!time: neutral
but&hard&!vbn&time: negative
but&hard&vbn&!nnp: conflict
but&hard&vbn&nnp: neutral
DecisionTree learned:
!but&!much&!vb&!cc: negative
!but&!much&!vb&cc: positive
!but&!much&vb&!use: negative
!but&!much&vb&use: positive
!but&much&!laptop&!i: positive
!but&much&!laptop&i: neutral
!but&much&laptop&!just: conflict
!but&much&laptop&just: positive
but&!learn&!hard&!did: negative
but&!learn&!hard&did: neutral
but&!learn&hard&!vbn: neutral
but&!learn&hard&vbn: neutral
but&learn&!i&!offic: neutral
but&learn&!i&offic: positive
but&learn&i: positive
DecisionTree learned:
!but&!love&!despit&!uses: negative
!but&!love&!despit&uses: neutral
!but&!love&despit&!use: conflict
!but&!love&despit&use: negative
!but&love&!befor&!of: positive
!but&love&!befor&of: positive
!but&love&befor&!becaus: neutral
!but&love&befor&becaus: positive
but&!new&!drive&!if: positive
but&!new&!drive&if: neutral
but&!new&drive&!vb: neutral
but&!new&drive&vb: negative
but&new&!window&!rb: negative
but&new&!window&rb: neutral
but&new&window: conflict
DecisionTree learned:
!but&!requires&!eee&!for: negative
!but&!requires&!eee&for: neutral
!but&!requires&eee: conflict
!but&requires: conflict
but&!in&!better&!it: positive
but&!in&!better&it: negative
but&!in&better: conflict
but&in&!mac&!i: conflict
but&in&!mac&i: negative
but&in&mac&!find: positive
but&in&mac&find: neutral
DecisionTree learned:
!but&!eee&!for&!requires: negative
!but&!eee&!for&requires: conflict
!but&!eee&for&!so: neutral
!but&!eee&for&so: negative
!but&eee: conflict
but&!this&!so&!hard: negative
but&!this&!so&hard: neutral
but&!this&so&!vbg: neutral
but&!this&so&vbg: conflict
but&this&!wdt&!has: positive
but&this&!wdt&has: negative
but&this&wdt&!to: conflict
but&this&wdt&to: neutral
DecisionTree learned:
!but&!eee&!for&!laptops: negative
!but&!eee&!for&laptops: conflict
!but&!eee&for&!gener: neutral
!but&!eee&for&gener: conflict
!but&eee: conflict
but&!this&!there&!littl: positive
but&!this&!there&littl: negative
but&!this&there&!much: negative
but&!this&there&much: positive
but&this&!vb&!for: negative
but&this&!vb&for: positive
but&this&vb&!they: neutral
but&this&vb&they: negative
DecisionTree learned:
!but&!opt&!uses&!much: negative
!but&!opt&!uses&much: positive
!but&!opt&uses&!use: conflict
!but&!opt&uses&use: neutral
!but&opt&!batteri: conflict
!but&opt&batteri: positive
but&!in&!vbp&!vb: conflict
but&!in&!vbp&vb: conflict
but&!in&vbp&!it: positive
but&!in&vbp&it: negative
but&in&!rbr&!well: negative
but&in&!rbr&well: positive
but&in&rbr&!mani: positive
but&in&rbr&mani: neutral
DecisionTree learned:
!but&!complain&!cc&!laptops: negative
!but&!complain&!cc&laptops: conflict
!but&!complain&cc&!back: positive
!but&!complain&cc&back: negative
!but&complain&!rb: positive
!but&complain&rb: conflict
but&!pos&!did&!os: negative
but&!pos&!did&os: neutral
but&!pos&did&!of: conflict
but&!pos&did&of: neutral
but&pos: neutral
DecisionTree learned:
!but&!opt&!movie&!after: positive
!but&!opt&!movie&after: negative
!but&!opt&movie&!ha: neutral
!but&!opt&movie&ha: positive
!but&opt&!batteri: conflict
!but&opt&batteri: positive
but&!learn&!hard&!size: negative
but&!learn&!hard&size: neutral
but&!learn&hard&!it: neutral
but&!learn&hard&it: conflict
but&learn&!i&!offic: neutral
but&learn&!i&offic: positive
but&learn&i: positive
DecisionTree learned:
!but&!good&!very&!laptop: negative
!but&!good&!very&laptop: neutral
!but&!good&very&!function: positive
!but&!good&very&function: conflict
!but&good&!at&!games: positive
!but&good&!at&games: neutral
!but&good&at&!custom: neutral
!but&good&at&custom: positive
but&!this&!difference&!so: negative
but&!this&!difference&so: neutral
but&!this&difference&!appl: positive
but&!this&difference&appl: neutral
but&this&!know&!because: negative
but&this&!know&because: neutral
but&this&know: conflict
DecisionTree learned:
!but&!complain&!cc&!though: negative
!but&!complain&!cc&though: conflict
!but&!complain&cc&!i: positive
!but&!complain&cc&i: neutral
!but&complain&!rb: positive
!but&complain&rb: conflict
but&!gb&!game&!in: conflict
but&!gb&!game&in: negative
but&!gb&game: positive
but&gb&!edit: neutral
but&gb&edit: neutral
DecisionTree learned:
!but&!generally&!ease&!eee: negative
!but&!generally&!ease&eee: conflict
!but&!generally&ease: positive
!but&generally&!use: conflict
!but&generally&use: neutral
but&!this&!difference&!so: negative
but&!this&!difference&so: conflict
but&!this&difference&!appl: positive
but&!this&difference&appl: neutral
but&this&!vb&!start: positive
but&this&!vb&start: neutral
but&this&vb&!very: neutral
but&this&vb&very: negative
DecisionTree learned:
!but&!for&!requires&!much: negative
!but&!for&!requires&much: positive
!but&!for&requires: conflict
!but&for&!vbd&!way: positive
!but&for&!vbd&way: negative
!but&for&vbd&!it: neutral
!but&for&vbd&it: neutral
but&!gb&!web&!screen: negative
but&!gb&!web&screen: conflict
but&!gb&web&!brows: positive
but&!gb&web&brows: neutral
but&gb&!edit: neutral
but&gb&edit: neutral
DecisionTree learned:
!but&!eee&!back&!would: positive
!but&!eee&!back&would: negative
!but&!eee&back&!a: neutral
!but&!eee&back&a: negative
!but&eee: conflict
but&!there&!new&!i: conflict
but&!there&!new&i: positive
but&!there&new&!window: neutral
but&!there&new&window: conflict
but&there&!to&!much: negative
but&there&!to&much: positive
but&there&to&!load: neutral
but&there&to&load: negative
DecisionTree learned:
!but&!requires&!in&!is: positive
!but&!requires&!in&is: positive
!but&!requires&in&!much: neutral
!but&!requires&in&much: positive
!but&requires: conflict
but&!this&!so&!difference: negative
but&!this&!so&difference: neutral
but&!this&so&!as: conflict
but&!this&so&as: neutral
but&this&!vb&!for: negative
but&this&!vb&for: positive
but&this&vb&!very: neutral
but&this&vb&very: negative
DecisionTree learned:
!but&!for&!bad&!against: negative
!but&!for&!bad&against: conflict
!but&!for&bad: negative
!but&for&!so&!vbd: positive
!but&for&!so&vbd: neutral
!but&for&so&!batteri: negative
!but&for&so&batteri: conflict
but&!littl&!standard&!the: conflict
but&!littl&!standard&the: positive
but&!littl&standard: conflict
but&littl&!than&!jj: conflict
but&littl&!than&jj: negative
but&littl&than: conflict
DecisionTree learned:
!but&!love&!complain&!and: negative
!but&!love&!complain&and: positive
!but&!love&complain&!rb: positive
!but&!love&complain&rb: conflict
!but&love&!over&!open: positive
!but&love&!over&open: neutral
!but&love&over&!window: negative
!but&love&over&window: positive
but&!featur&!in&!better: positive
but&!featur&!in&better: conflict
but&!featur&in&!rbr: negative
but&!featur&in&rbr: positive
but&featur&!comput&!function: positive
but&featur&!comput&function: neutral
but&featur&comput: conflict
DecisionTree learned:
!but&!uses&!not&!much: positive
!but&!uses&!not&much: positive
!but&!uses&not&!complain: negative
!but&!uses&not&complain: conflict
!but&uses&!use: conflict
!but&uses&use: neutral
but&!got&!this&!mac: conflict
but&!got&!this&mac: neutral
but&!got&this&!wdt: positive
but&!got&this&wdt: neutral
but&got&!so: negative
but&got&so: positive
DecisionTree learned:
!but&!eee&!uses&!laptop: negative
!but&!eee&!uses&laptop: positive
!but&!eee&uses&!use: conflict
!but&!eee&uses&use: neutral
!but&eee: conflict
but&!web&!screen&!hard: negative
but&!web&!screen&hard: neutral
but&!web&screen&!and: conflict
but&!web&screen&and: negative
but&web&!brows&!start: positive
but&web&!brows&start: neutral
but&web&brows: neutral
DecisionTree learned:
!but&!complain&!not&!gener: positive
!but&!complain&!not&gener: conflict
!but&!complain&not&!apple: negative
!but&!complain&not&apple: positive
!but&complain&!rb: positive
!but&complain&rb: conflict
but&!gb&!if&!track: negative
but&!gb&!if&track: neutral
but&!gb&if&!to: negative
but&!gb&if&to: neutral
but&gb&!edit: neutral
but&gb&edit: neutral
DecisionTree learned:
!but&!would&!gener&!requires: positive
!but&!would&!gener&requires: conflict
!but&!would&gener: conflict
!but&would&!wa&!buy: negative
!but&would&!wa&buy: neutral
!but&would&wa&!vbn: positive
!but&would&wa&vbn: neutral
but&!batteri&!m&!web: positive
but&!batteri&!m&web: neutral
but&!batteri&m&!thi: neutral
but&!batteri&m&thi: negative
but&batteri&!n&!involv: conflict
but&batteri&!n&involv: negative
but&batteri&n&!upgrade: negative
but&batteri&n&upgrade: positive
DecisionTree learned:
!but&!against&!for&!speed: negative
!but&!against&!for&speed: positive
!but&!against&for&!so: neutral
!but&!against&for&so: negative
!but&against: conflict
but&!this&!so&!outside: negative
but&!this&!so&outside: neutral
but&!this&so&!laptop: conflict
but&!this&so&laptop: neutral
but&this&!know&!md: negative
but&this&!know&md: neutral
but&this&know: conflict
DecisionTree learned:
!but&!despit&!generally&!fast: negative
!but&!despit&!generally&fast: positive
!but&!despit&generally&!use: conflict
!but&!despit&generally&use: neutral
!but&despit&!use: conflict
!but&despit&use: negative
but&!there&!prp&!brows: conflict
but&!there&!prp&brows: neutral
but&!there&prp&!new: positive
but&!there&prp&new: neutral
but&there&!to&!much: negative
but&there&!to&much: positive
but&there&to&!load: neutral
but&there&to&load: negative
DecisionTree learned:
!but&!problem&!though&!opt: positive
!but&!problem&!though&opt: conflict
!but&!problem&though&!laptop: negative
!but&!problem&though&laptop: conflict
!but&problem&!which&!software: negative
!but&problem&!which&software: positive
!but&problem&which: positive
but&!gb&!mac&!i: conflict
but&!gb&!mac&i: negative
but&!gb&mac&!up: neutral
but&!gb&mac&up: positive
but&gb&!edit: neutral
but&gb&edit: neutral
DecisionTree learned:
!but&!for&!laptops&!get: negative
!but&!for&!laptops&get: negative
!but&!for&laptops&!it: neutral
!but&!for&laptops&it: conflict
!but&for&!so&!vbd: positive
!but&for&!so&vbd: neutral
!but&for&so&!laptop: negative
!but&for&so&laptop: conflict
but&!mac&!i&!windows: conflict
but&!mac&!i&windows: neutral
but&!mac&i&!inch: positive
but&!mac&i&inch: conflict
but&mac&!prp: positive
but&mac&prp&!jj: neutral
but&mac&prp&jj: neutral
DecisionTree learned:
!but&!uses&!opt&!laptop: negative
!but&!uses&!opt&laptop: positive
!but&!uses&opt&!batteri: conflict
!but&!uses&opt&batteri: positive
!but&uses&!use: conflict
!but&uses&use: neutral
but&!the&!wdt&!vbg: conflict
but&!the&!wdt&vbg: positive
but&!the&wdt&!and: conflict
but&!the&wdt&and: neutral
but&the&!wdt&!be: positive
but&the&!wdt&be: negative
but&the&wdt&!once: conflict
but&the&wdt&once: negative
DecisionTree learned:
!but&!love&!opt&!generally: negative
!but&!love&!opt&generally: conflict
!but&!love&opt&!batteri: conflict
!but&!love&opt&batteri: positive
!but&love&!size&!wrb: positive
!but&love&!size&wrb: positive
!but&love&size&!becaus: neutral
!but&love&size&becaus: positive
but&!anoth&!web&!screen: negative
but&!anoth&!web&screen: conflict
but&!anoth&web&!amaz: neutral
but&!anoth&web&amaz: positive
but&anoth&!vb: negative
but&anoth&vb: neutral
DecisionTree learned:
!but&!eee&!opt&!complain: positive
!but&!eee&!opt&complain: conflict
!but&!eee&opt&!batteri: conflict
!but&!eee&opt&batteri: positive
!but&eee: conflict
but&!the&!it&!i: conflict
but&!the&!it&i: neutral
but&!the&it&!new: conflict
but&!the&it&new: neutral
but&the&!hard&!overall: positive
but&the&!hard&overall: neutral
but&the&hard&!nnp: neutral
but&the&hard&nnp: neutral
DecisionTree learned:
!but&!complain&!cc&!though: negative
!but&!complain&!cc&though: conflict
!but&!complain&cc&!juic: positive
!but&!complain&cc&juic: conflict
!but&complain&!rb: positive
!but&complain&rb: conflict
but&!new&!this&!wa: positive
but&!new&!this&wa: negative
but&!new&this&!vb: negative
but&!new&this&vb: neutral
but&new&!rb: negative
but&new&rb&!window: neutral
but&new&rb&window: conflict
DecisionTree learned:
!but&!generally&!complain&!requires: negative
!but&!generally&!complain&requires: conflict
!but&!generally&complain&!rb: positive
!but&!generally&complain&rb: conflict
!but&generally&!use: conflict
!but&generally&use: neutral
but&!in&!vbp&!vb: conflict
but&!in&!vbp&vb: conflict
but&!in&vbp&!it: positive
but&!in&vbp&it: negative
but&in&!mac&!differ: negative
but&in&!mac&differ: conflict
but&in&mac&!up: neutral
but&in&mac&up: positive
DecisionTree learned:
!but&!laptop&!prp&!gener: negative
!but&!laptop&!prp&gener: conflict
!but&!laptop&prp&!opt: neutral
!but&!laptop&prp&opt: conflict
!but&laptop&!this&!it: neutral
!but&laptop&!this&it: negative
!but&laptop&this&!vbg: positive
!but&laptop&this&vbg: negative
but&!this&!learn&!hard: conflict
but&!this&!learn&hard: neutral
but&!this&learn&!i: neutral
but&!this&learn&i: positive
but&this&!vb&!make: positive
but&this&!vb&make: conflict
but&this&vb&!very: neutral
but&this&vb&very: negative
DecisionTree learned:
!but&!requires&!in&!is: positive
!but&!requires&!in&is: positive
!but&!requires&in&!pc: neutral
!but&!requires&in&pc: positive
!but&requires: conflict
but&!think&!the&!another: conflict
but&!think&!the&another: neutral
but&!think&the&!wdt: negative
but&!think&the&wdt: conflict
but&think&!on: negative
but&think&on: neutral
DecisionTree learned:
!but&!uses&!much&!complain: negative
!but&!uses&!much&complain: conflict
!but&!uses&much&!laptop: positive
!but&!uses&much&laptop: conflict
!but&uses&!use: conflict
!but&uses&use: neutral
but&!think&!gb&!got: positive
but&!think&!gb&got: negative
but&!think&gb&!edit: neutral
but&!think&gb&edit: neutral
but&think&!on: negative
but&think&on: neutral
DecisionTree learned:
!but&!requires&!in&!is: positive
!but&!requires&!in&is: positive
!but&!requires&in&!eee: neutral
!but&!requires&in&eee: conflict
!but&requires: conflict
but&!web&!screen&!prp: negative
but&!web&!screen&prp: positive
but&!web&screen&!on: conflict
but&!web&screen&on: negative
but&web&!brows&!start: positive
but&web&!brows&start: neutral
but&web&brows: neutral
DecisionTree learned:
!but&!complain&!cc&!laptops: negative
!but&!complain&!cc&laptops: conflict
!but&!complain&cc&!warranty: positive
!but&!complain&cc&warranty: neutral
!but&complain&!rb: positive
!but&complain&rb: conflict
but&!batteri&!did&!mac: negative
but&!batteri&!did&mac: positive
but&!batteri&did&!veri: neutral
but&!batteri&did&veri: positive
but&batteri&!n&!involv: conflict
but&batteri&!n&involv: negative
but&batteri&n&!upgrade: negative
but&batteri&n&upgrade: positive
DecisionTree learned:
!but&!much&!is&!for: negative
!but&!much&!is&for: neutral
!but&!much&is&!not: positive
!but&!much&is&not: negative
!but&much&!laptop&!i: positive
!but&much&!laptop&i: neutral
!but&much&laptop&!just: conflict
!but&much&laptop&just: positive
but&!this&!so&!outside: positive
but&!this&!so&outside: neutral
but&!this&so&!old: neutral
but&!this&so&old: positive
but&this&!vb&!a: negative
but&this&!vb&a: positive
but&this&vb&!they: neutral
but&this&vb&they: negative
DecisionTree learned:
!but&!long&!use&!vb: positive
!but&!long&!use&vb: negative
!but&!long&use&!keynote: positive
!but&!long&use&keynote: neutral
!but&long&!though&!life: negative
!but&long&!though&life: positive
!but&long&though: conflict
but&!in&!better&!it: positive
but&!in&!better&it: negative
but&!in&better: conflict
but&in&!difference&!this: positive
but&in&!difference&this: neutral
but&in&difference&!appl: positive
but&in&difference&appl: neutral
DecisionTree learned:
!but&!eee&!much&!other: negative
!but&!eee&!much&other: neutral
!but&!eee&much&!laptop: positive
!but&!eee&much&laptop: conflict
!but&eee: conflict
but&!game&!new&!i: conflict
but&!game&!new&i: negative
but&!game&new&!rb: negative
but&!game&new&rb: neutral
but&game: positive
DecisionTree learned:
!but&!opt&!requires&!uses: negative
!but&!opt&!requires&uses: neutral
!but&!opt&requires: conflict
!but&opt&!batteri: conflict
!but&opt&batteri: positive
but&!this&!so&!size: positive
but&!this&!so&size: neutral
but&!this&so&!vbg: neutral
but&!this&so&vbg: conflict
but&this&!md&!x: positive
but&this&!md&x: neutral
but&this&md&!fix: negative
but&this&md&fix: neutral
DecisionTree learned:
!but&!for&!pc&!requires: negative
!but&!for&!pc&requires: conflict
!but&!for&pc&!and: conflict
!but&!for&pc&and: positive
!but&for&!so&!vbd: positive
!but&for&!so&vbd: neutral
!but&for&so&!batteri: negative
!but&for&so&batteri: conflict
but&!if&!size&!did: positive
but&!if&!size&did: neutral
but&!if&size&!brows: neutral
but&!if&size&brows: neutral
but&if&!to&!mac: negative
but&if&!to&mac: positive
but&if&to: neutral
DecisionTree learned:
!but&!complain&!cc&!laptops: negative
!but&!complain&!cc&laptops: conflict
!but&!complain&cc&!juic: positive
!but&!complain&cc&juic: conflict
!but&complain&!rb: positive
!but&complain&rb: conflict
but&!i&!windows&!difference: conflict
but&!i&!windows&difference: neutral
but&!i&windows&!load: neutral
but&!i&windows&load: negative
but&i&!which&!a: positive
but&i&!which&a: neutral
but&i&which&!work: conflict
but&i&which&work: positive
DecisionTree learned:
!but&!and&!laptops&!is: neutral
!but&!and&!laptops&is: negative
!but&!and&laptops&!much: negative
!but&!and&laptops&much: conflict
!but&and&!complain&!prp: positive
!but&and&!complain&prp: neutral
!but&and&complain: conflict
but&!if&!learn&!web: negative
but&!if&!learn&web: neutral
but&!if&learn&!a: positive
but&!if&learn&a: neutral
but&if&!to&!mac: negative
but&if&!to&mac: positive
but&if&to: neutral
DecisionTree learned:
!but&!requires&!opt&!uses: negative
!but&!requires&!opt&uses: neutral
!but&!requires&opt&!batteri: conflict
!but&!requires&opt&batteri: positive
!but&requires: conflict
but&!in&!nns&!great: conflict
but&!in&!nns&great: positive
but&!in&nns&!a: positive
but&!in&nns&a: negative
but&in&!rbr&!up: positive
but&in&!rbr&up: negative
but&in&rbr&!mani: positive
but&in&rbr&mani: neutral
DecisionTree learned:
!but&!eee&!against&!for: negative
!but&!eee&!against&for: neutral
!but&!eee&against: conflict
!but&eee: conflict
but&!differ&!did&!need: negative
but&!differ&!did&need: positive
but&!differ&did&!have: neutral
but&!differ&did&have: conflict
but&differ&!is: neutral
but&differ&is: conflict
DecisionTree learned:
!but&!complain&!acceptable&!very: negative
!but&!complain&!acceptable&very: positive
!but&!complain&acceptable: conflict
!but&complain&!rb: positive
!but&complain&rb: conflict
but&!littl&!prp&!brows: conflict
but&!littl&!prp&brows: neutral
but&!littl&prp&!non: positive
but&!littl&prp&non: conflict
but&littl&!than&!jj: conflict
but&littl&!than&jj: negative
but&littl&than: conflict
DecisionTree learned:
!but&!eee&!for&!requires: negative
!but&!eee&!for&requires: conflict
!but&!eee&for&!so: neutral
!but&!eee&for&so: conflict
!but&eee: conflict
but&!drive&!new&!overall: negative
but&!drive&!new&overall: neutral
but&!drive&new&!nns: neutral
but&!drive&new&nns: positive
but&drive&!to&!is: neutral
but&drive&!to&is: neutral
but&drive&to: negative
DecisionTree learned:
!but&!against&!uses&!complain: negative
!but&!against&!uses&complain: conflict
!but&!against&uses&!use: conflict
!but&!against&uses&use: neutral
!but&against: conflict
but&!wdt&!i&!so: negative
but&!wdt&!i&so: conflict
but&!wdt&i&!replac: negative
but&!wdt&i&replac: neutral
but&wdt&!the&!jj: neutral
but&wdt&!the&jj: conflict
but&wdt&the&!once: conflict
but&wdt&the&once: negative
DecisionTree learned:
!but&!generally&!laptop&!opt: positive
!but&!generally&!laptop&opt: conflict
!but&!generally&laptop&!much: neutral
!but&!generally&laptop&much: conflict
!but&generally&!use: conflict
!but&generally&use: neutral
but&!rbr&!game&!well: negative
but&!rbr&!game&well: positive
but&!rbr&game: positive
but&rbr&!mani&!ye: positive
but&rbr&!mani&ye: conflict
but&rbr&mani: neutral
DecisionTree learned:
!but&!acceptable&!generally&!eee: positive
!but&!acceptable&!generally&eee: conflict
!but&!acceptable&generally&!use: conflict
!but&!acceptable&generally&use: neutral
!but&acceptable: conflict
but&!difference&!this&!outside: positive
but&!difference&!this&outside: neutral
but&!difference&this&!know: neutral
but&!difference&this&know: conflict
but&difference&!appl: positive
but&difference&appl: neutral
DecisionTree learned:
!but&!despit&!uses&!laptop: negative
!but&!despit&!uses&laptop: positive
!but&!despit&uses&!use: conflict
!but&!despit&uses&use: neutral
!but&despit&!use: conflict
!but&despit&use: negative
but&!be&!size&!prp: conflict
but&!be&!size&prp: positive
but&!be&size&!and: neutral
but&!be&size&and: neutral
but&be&!to&!a: negative
but&be&!to&a: positive
but&be&to&!fix: negative
but&be&to&fix: neutral
DecisionTree learned:
!but&!eee&!opt&!laptop: negative
!but&!eee&!opt&laptop: positive
!but&!eee&opt&!batteri: conflict
!but&!eee&opt&batteri: positive
!but&eee: conflict
but&!be&!if&!mac: positive
but&!be&!if&mac: neutral
but&!be&if&!to: negative
but&!be&if&to: neutral
but&be&!to&!a: negative
but&be&!to&a: positive
but&be&to&!fix: negative
but&be&to&fix: neutral
DecisionTree learned:
!but&!complain&!and&!gener: negative
!but&!complain&!and&gener: conflict
!but&!complain&and&!warranty: positive
!but&!complain&and&warranty: neutral
!but&complain&!rb: positive
!but&complain&rb: conflict
but&!this&!so&!difference: negative
but&!this&!so&difference: neutral
but&!this&so&!as: conflict
but&!this&so&as: neutral
but&this&!know&!vb: positive
but&this&!know&vb: neutral
but&this&know: conflict
DecisionTree learned:
!but&!generally&!long&!much: negative
!but&!generally&!long&much: positive
!but&!generally&long&!though: positive
!but&!generally&long&though: conflict
!but&generally&!use: conflict
!but&generally&use: neutral
but&!did&!be&!mac: positive
but&!did&!be&mac: neutral
but&!did&be&!a: negative
but&!did&be&a: neutral
but&did&!veri&!nns: negative
but&did&!veri&nns: neutral
but&did&veri: positive
DecisionTree learned:
!but&!laptop&!is&!faster: neutral
!but&!laptop&!is&faster: positive
!but&!laptop&is&!in: positive
!but&!laptop&is&in: negative
!but&laptop&!much&!though: positive
!but&laptop&!much&though: conflict
!but&laptop&much&!suck: conflict
!but&laptop&much&suck: negative
but&!wdt&!be&!this: positive
but&!wdt&!be&this: negative
but&!wdt&be&!more: negative
but&!wdt&be&more: positive
but&wdt&!the&!it: neutral
but&wdt&!the&it: conflict
but&wdt&the&!once: conflict
but&wdt&the&once: negative
DecisionTree learned:
!but&!long&!eee&!complain: negative
!but&!long&!eee&complain: conflict
!but&!long&eee: conflict
!but&long&!though&!battery: negative
!but&long&!though&battery: positive
!but&long&though: conflict
but&!this&!wa&!laptop: conflict
but&!this&!wa&laptop: neutral
but&!this&wa&!vbz: negative
but&!this&wa&vbz: conflict
but&this&!vb&!for: negative
but&this&!vb&for: positive
but&this&vb&!they: neutral
but&this&vb&they: negative
DecisionTree learned:
!but&!uses&!laptop&!generally: negative
!but&!uses&!laptop&generally: conflict
!but&!uses&laptop&!this: neutral
!but&!uses&laptop&this: positive
!but&uses&!use: conflict
!but&uses&use: neutral
but&!differ&!the&!so: conflict
but&!differ&!the&so: neutral
but&!differ&the&!hard: negative
but&!differ&the&hard: neutral
but&differ&!is: neutral
but&differ&is: conflict
DecisionTree learned:
!but&!were&!cc&!laptops: negative
!but&!were&!cc&laptops: conflict
!but&!were&cc&!complain: positive
!but&!were&cc&complain: conflict
!but&were&!too&!extend: negative
!but&were&!too&extend: conflict
!but&were&too: neutral
but&!got&!screen&!prp: negative
but&!got&!screen&prp: positive
but&!got&screen&!web: conflict
but&!got&screen&web: neutral
but&got: negative
DecisionTree learned:
!but&!opt&!generally&!laptop: negative
!but&!opt&!generally&laptop: negative
!but&!opt&generally&!use: conflict
!but&!opt&generally&use: neutral
!but&opt&!batteri: conflict
!but&opt&batteri: positive
but&!mac&!hard&!i: conflict
but&!mac&!hard&i: positive
but&!mac&hard&!the: conflict
but&!mac&hard&the: neutral
but&mac&!function&!find: positive
but&mac&!function&find: neutral
but&mac&function: neutral
DecisionTree learned:
!but&!uses&!laptop&!eee: negative
!but&!uses&!laptop&eee: conflict
!but&!uses&laptop&!this: neutral
!but&!uses&laptop&this: positive
!but&uses&!use: conflict
!but&uses&use: neutral
but&!mac&!outsid&!hard: negative
but&!mac&!outsid&hard: neutral
but&!mac&outsid&!softwar: neutral
but&!mac&outsid&softwar: neutral
but&mac&!jj: neutral
but&mac&jj&!mani: positive
but&mac&jj&mani: neutral
DecisionTree learned:
!but&!ease&!easi&!long: negative
!but&!ease&!easi&long: positive
!but&!ease&easi&!cd: positive
!but&!ease&easi&cd: neutral
!but&ease: positive
but&!did&!the&!need: conflict
but&!did&!the&need: neutral
but&!did&the&!was: positive
but&!did&the&was: negative
but&did&!have&!veri: neutral
but&did&!have&veri: positive
but&did&have: conflict
DecisionTree learned:
!but&!generally&!acceptable&!requires: negative
!but&!generally&!acceptable&requires: conflict
!but&!generally&acceptable: conflict
!but&generally&!use: conflict
!but&generally&use: neutral
but&!repair&!new&!difference: negative
but&!repair&!new&difference: neutral
but&!repair&new&!window: neutral
but&!repair&new&window: conflict
but&repair&!they: negative
but&repair&they&!day: neutral
but&repair&they&day: negative
DecisionTree learned:
!but&!acceptable&!eee&!requires: negative
!but&!acceptable&!eee&requires: conflict
!but&!acceptable&eee: conflict
!but&acceptable: conflict
but&!ani&!this&!mac: conflict
but&!ani&!this&mac: positive
but&!ani&this&!know: negative
but&!ani&this&know: conflict
but&ani&!softwar: neutral
but&ani&softwar: neutral
DecisionTree learned:
!but&!long&!opt&!much: negative
!but&!long&!opt&much: positive
!but&!long&opt&!batteri: conflict
!but&!long&opt&batteri: positive
!but&long&!though&!life: positive
!but&long&!though&life: positive
!but&long&though: conflict
but&!in&!better&!it: positive
but&!in&!better&it: conflict
but&!in&better: conflict
but&in&!wa&!i: conflict
but&in&!wa&i: neutral
but&in&wa&!this: negative
but&in&wa&this: positive
Trial 0 Training cc.mallet.classify.AdaBoostM2Trainer@656de49c finished
Trial 0 Trainer cc.mallet.classify.AdaBoostM2Trainer@656de49c test data accuracy = 0.5537525354969574

NaiveBayesTrainer
Summary. test accuracy mean = 0.6734279918864098 stddev = 0.0 stderr = 0.0

MaxEntTrainer,gaussianPriorVariance=1.0
Summary. test accuracy mean = 0.6490872210953347 stddev = 0.0 stderr = 0.0

cc.mallet.classify.DecisionTreeTrainer@6766afb3
Summary. test accuracy mean = 0.5172413793103449 stddev = 0.0 stderr = 0.0

cc.mallet.classify.AdaBoostM2Trainer@656de49c
Summary. test accuracy mean = 0.5537525354969574 stddev = 0.0 stderr = 0.0
