
-------------------- Trial 0  --------------------

Trial 0 Training NaiveBayesTrainer with 1865 instances
Trial 0 Training NaiveBayesTrainer finished
Trial 0 Trainer NaiveBayesTrainer test data accuracy = 0.640973630831643
Trial 0 Training MaxEntTrainer,gaussianPriorVariance=1.0 with 1865 instances
Trial 0 Training MaxEntTrainer,gaussianPriorVariance=1.0 finished
Trial 0 Trainer MaxEntTrainer,gaussianPriorVariance=1.0 test data accuracy = 0.6348884381338742
Trial 0 Training cc.mallet.classify.DecisionTreeTrainer@5975d6ab with 1865 instances
DecisionTree learned:
!great&!easy&!but&!fast: negative
!great&!easy&!but&fast: positive
!great&!easy&but&!rbr: negative
!great&!easy&but&rbr: positive
!great&easy&!one&!of: positive
!great&easy&!one&of: positive
!great&easy&one&!in: conflict
!great&easy&one&in: neutral
great&!had&!but&!lack: positive
great&!had&!but&lack: negative
great&!had&but&!cd: positive
great&!had&but&cd: negative
great&had&!nnp: negative
great&had&nnp: negative
Trial 0 Training cc.mallet.classify.DecisionTreeTrainer@5975d6ab finished
Trial 0 Trainer cc.mallet.classify.DecisionTreeTrainer@5975d6ab test data accuracy = 0.5172413793103449
Trial 0 Training cc.mallet.classify.AdaBoostM2Trainer@2d58f9d3 with 1865 instances
DecisionTree learned:
!great&!easy&!but&!fast: negative
!great&!easy&!but&fast: positive
!great&!easy&but&!rbr: negative
!great&!easy&but&rbr: positive
!great&easy&!prp&!dt: positive
!great&easy&!prp&dt: positive
!great&easy&prp&!one: positive
!great&easy&prp&one: conflict
great&!had&!but&!lack: positive
great&!had&!but&lack: negative
great&!had&but&!cd: positive
great&!had&but&cd: negative
great&had&!nnp: negative
great&had&nnp: negative
DecisionTree learned:
!but&!great&!easy&!love: negative
!but&!great&!easy&love: positive
!but&!great&easy&!go: positive
!but&!great&easy&go: neutral
!but&great&!had&!lack: positive
!but&great&!had&lack: negative
!but&great&had&!nnp: positive
!but&great&had&nnp: negative
but&!mac&!x&!be: negative
but&!mac&!x&be: negative
but&!mac&x&!in: positive
but&!mac&x&in: neutral
but&mac&!in: negative
but&mac&in&!its: positive
but&mac&in&its: neutral
DecisionTree learned:
!but&!great&!easy&!movie: negative
!but&!great&!easy&movie: neutral
!but&!great&easy&!go: positive
!but&!great&easy&go: neutral
!but&great&!had&!lack: positive
!but&great&!had&lack: negative
!but&great&had&!nnp: negative
!but&great&had&nnp: negative
but&!got&!mac&!wdt: negative
but&!got&!mac&wdt: conflict
but&!got&mac&!vbp: positive
but&!got&mac&vbp: neutral
but&got&!so: negative
but&got&so: positive
DecisionTree learned:
!but&!great&!and&!movie: negative
!but&!great&!and&movie: neutral
!but&!great&and&!back: positive
!but&!great&and&back: negative
!but&great&!had&!lack: positive
!but&great&!had&lack: negative
!but&great&had&!nnp: positive
!but&great&had&nnp: negative
but&!mac&!got&!this: negative
but&!mac&!got&this: negative
but&!mac&got&!so: negative
but&!mac&got&so: positive
but&mac&!system&!jj: neutral
but&mac&!system&jj: positive
but&mac&system&!in: negative
but&mac&system&in: neutral
DecisionTree learned:
!but&!fast&!not&!good: positive
!but&!fast&!not&good: positive
!but&!fast&not&!apple: negative
!but&!fast&not&apple: positive
!but&fast&!one&!if: positive
!but&fast&!one&if: positive
!but&fast&one: neutral
but&!mac&!rbr&!be: negative
but&!mac&!rbr&be: negative
but&!mac&rbr&!it: positive
but&!mac&rbr&it: positive
but&mac&!in: negative
but&mac&in&!more: neutral
but&mac&in&more: positive
DecisionTree learned:
!but&!in&!good&!n: positive
!but&!in&!good&n: negative
!but&!in&good&!games: positive
!but&!in&good&games: positive
!but&in&!vbd&!and: negative
!but&in&!vbd&and: positive
!but&in&vbd&!for: negative
!but&in&vbd&for: neutral
but&!rbr&!well&!x: negative
but&!rbr&!well&x: neutral
but&!rbr&well&!so: positive
but&!rbr&well&so: neutral
but&rbr&!it&!in: positive
but&rbr&!it&in: positive
but&rbr&it&!in: conflict
but&rbr&it&in: positive
DecisionTree learned:
!but&!great&!easy&!love: negative
!but&!great&!easy&love: positive
!but&!great&easy&!prp: positive
!but&!great&easy&prp: positive
!but&great&!had&!nearly: positive
!but&great&!had&nearly: neutral
!but&great&had&!nnp: negative
!but&great&had&nnp: negative
but&!be&!prp&!vbz: conflict
but&!be&!prp&vbz: positive
but&!be&prp&!new: negative
but&!be&prp&new: neutral
but&be&!wdt&!is: negative
but&be&!wdt&is: negative
but&be&wdt&!to: conflict
but&be&wdt&to: positive
DecisionTree learned:
!but&!in&!is&!graphics: positive
!but&!in&!is&graphics: positive
!but&!in&is&!not: positive
!but&!in&is&not: negative
!but&in&!fast&!movie: negative
!but&in&!fast&movie: neutral
!but&in&fast&!nns: positive
!but&in&fast&nns: positive
but&!new&!think&!x: negative
but&!new&!think&x: neutral
but&!new&think&!on: negative
but&!new&think&on: neutral
but&new&!rb: negative
but&new&rb&!nns: neutral
but&new&rb&nns: neutral
DecisionTree learned:
!but&!great&!good&!for: negative
!but&!great&!good&for: neutral
!but&!great&good&!at: positive
!but&!great&good&at: neutral
!but&great&!had&!nearly: positive
!but&great&!had&nearly: neutral
!but&great&had&!nnp: negative
!but&great&had&nnp: negative
but&!rbr&!well&!got: negative
but&!rbr&!well&got: negative
but&!rbr&well&!jj: neutral
but&!rbr&well&jj: positive
but&rbr&!it&!great: positive
but&rbr&!it&great: negative
but&rbr&it&!rb: positive
but&rbr&it&rb: conflict
DecisionTree learned:
!but&!cd&!and&!movie: negative
!but&!cd&!and&movie: neutral
!but&!cd&and&!i: positive
!but&!cd&and&i: positive
!but&cd&!am&!had: neutral
!but&cd&!am&had: negative
!but&cd&am&!get: positive
!but&cd&am&get: conflict
but&!mac&!the&!another: conflict
but&!mac&!the&another: neutral
but&!mac&the&!wdt: negative
but&!mac&the&wdt: positive
but&mac&!vb&!in: negative
but&mac&!vb&in: positive
but&mac&vb&!use: neutral
but&mac&vb&use: positive
DecisionTree learned:
!but&!in&!not&!is: positive
!but&!in&!not&is: positive
!but&!in&not&!online: negative
!but&!in&not&online: neutral
!but&in&!great&!would: positive
!but&in&!great&would: negative
!but&in&great&!had: positive
!but&in&great&had: negative
but&!well&!got&!repair: negative
but&!well&!got&repair: negative
but&!well&got: negative
but&well&!so&!is: positive
but&well&!so&is: positive
but&well&so&!jj: neutral
but&well&so&jj: neutral
DecisionTree learned:
!but&!not&!for&!much: positive
!but&!not&!for&much: positive
!but&!not&for&!programs: positive
!but&!not&for&programs: neutral
!but&not&!compact&!through: negative
!but&not&!compact&through: neutral
!but&not&compact: conflict
but&!in&!vbp&!nns: conflict
but&!in&!vbp&nns: negative
but&!in&vbp&!and: negative
but&!in&vbp&and: positive
but&in&!rbr&!well: negative
but&in&!rbr&well: positive
but&in&rbr&!easy: positive
but&in&rbr&easy: neutral
DecisionTree learned:
!but&!easy&!not&!for: positive
!but&!easy&!not&for: positive
!but&!easy&not&!apple: negative
!but&!easy&not&apple: positive
!but&easy&!of&!prp: positive
!but&easy&!of&prp: positive
!but&easy&of&!for: positive
!but&easy&of&for: neutral
but&!rbr&!the&!wdt: conflict
but&!rbr&!the&wdt: neutral
but&!rbr&the&!hard: negative
but&!rbr&the&hard: neutral
but&rbr&!it&!easy: positive
but&rbr&!it&easy: positive
but&rbr&it&!vb: conflict
but&rbr&it&vb: positive
DecisionTree learned:
!but&!easy&!fast&!love: negative
!but&!easy&!fast&love: positive
!but&!easy&fast&!one: positive
!but&!easy&fast&one: neutral
!but&easy&!for&!one: positive
!but&easy&!for&one: neutral
!but&easy&for&!of: positive
!but&easy&for&of: neutral
but&!mac&!difference&!this: negative
but&!mac&!difference&this: negative
but&!mac&difference&!rb: neutral
but&!mac&difference&rb: neutral
but&mac&!jj: neutral
but&mac&jj&!its: positive
but&mac&jj&its: neutral
DecisionTree learned:
!but&!fast&!not&!much: positive
!but&!fast&!not&much: positive
!but&!fast&not&!other: negative
!but&!fast&not&other: conflict
!but&fast&!with: positive
!but&fast&with&!nnp: neutral
!but&fast&with&nnp: positive
but&!wdt&!gb&!difference: negative
but&!wdt&!gb&difference: neutral
but&!wdt&gb&!than: neutral
but&!wdt&gb&than: neutral
but&wdt&!the&!it: neutral
but&wdt&!the&it: conflict
but&wdt&the&!once: positive
but&wdt&the&once: negative
DecisionTree learned:
!but&!and&!pages&!pc: negative
!but&!and&!pages&pc: positive
!but&!and&pages&!nnp: positive
!but&!and&pages&nnp: neutral
!but&and&!prp&!n: positive
!but&and&!prp&n: negative
!but&and&prp&!complain: positive
!but&and&prp&complain: conflict
but&!this&!so&!core: negative
but&!this&!so&core: neutral
but&!this&so&!vbg: neutral
but&!this&so&vbg: conflict
but&this&!vb&!for: negative
but&this&!vb&for: positive
but&this&vb&!in: positive
but&this&vb&in: neutral
DecisionTree learned:
!but&!cd&!much&!for: negative
!but&!cd&!much&for: positive
!but&!cd&much&!laptops: positive
!but&!cd&much&laptops: conflict
!but&cd&!price&!times: neutral
!but&cd&!price&times: negative
!but&cd&price: positive
but&!this&!so&!the: conflict
but&!this&!so&the: negative
but&!this&so&!it: neutral
but&!this&so&it: conflict
but&this&!vbn&!x: positive
but&this&!vbn&x: neutral
but&this&vbn&!know: negative
but&this&vbn&know: conflict
DecisionTree learned:
!but&!for&!safari&!speed: negative
!but&!for&!safari&speed: positive
!but&!for&safari: neutral
!but&for&!vbd&!way: positive
!but&for&!vbd&way: negative
!but&for&vbd&!i: negative
!but&for&vbd&i: neutral
but&!mac&!the&!vbp: conflict
but&!mac&!the&vbp: neutral
but&!mac&the&!on: negative
but&!mac&the&on: neutral
but&mac&!system&!up: positive
but&mac&!system&up: positive
but&mac&system&!in: negative
but&mac&system&in: neutral
DecisionTree learned:
!but&!in&!requires&!is: positive
!but&!in&!requires&is: positive
!but&!in&requires: conflict
!but&in&!opted&!complain: negative
!but&in&!opted&complain: conflict
!but&in&opted: conflict
but&!got&!mac&!this: negative
but&!got&!mac&this: neutral
but&!got&mac&!up: neutral
but&!got&mac&up: positive
but&got&!so: negative
but&got&so: positive
DecisionTree learned:
!but&!cd&!uses&!much: positive
!but&!cd&!uses&much: positive
!but&!cd&uses&!this: neutral
!but&!cd&uses&this: conflict
!but&cd&!they&!get: neutral
!but&cd&!they&get: negative
!but&cd&they&!had: neutral
!but&cd&they&had: negative
but&!new&!x&!i: negative
but&!new&!x&i: negative
but&!new&x&!in: positive
but&!new&x&in: neutral
but&new&!when&!some: neutral
but&new&!when&some: positive
but&new&when&!so: negative
but&new&when&so: neutral
DecisionTree learned:
!but&!love&!great&!good: negative
!but&!love&!great&good: positive
!but&!love&great&!vbp: positive
!but&!love&great&vbp: positive
!but&love&!size&!over: positive
!but&love&!size&over: positive
!but&love&size&!my: neutral
!but&love&size&my: positive
but&!mac&!repair&!there: positive
but&!mac&!repair&there: negative
but&!mac&repair&!they: negative
but&!mac&repair&they: neutral
but&mac&!up&!more: neutral
but&mac&!up&more: positive
but&mac&up: positive
DecisionTree learned:
!but&!then&!for&!awesome: negative
!but&!then&!for&awesome: positive
!but&!then&for&!so: positive
!but&!then&for&so: conflict
!but&then&!inside&!upgrade: negative
!but&then&!inside&upgrade: positive
!but&then&inside: neutral
but&!new&!think&!difference: negative
but&!new&!think&difference: neutral
but&!new&think&!on: negative
but&!new&think&on: neutral
but&new&!rb: negative
but&new&rb&!with: neutral
but&new&rb&with: neutral
DecisionTree learned:
!but&!movie&!after&!complain: positive
!but&!movie&!after&complain: conflict
!but&!movie&after&!with: negative
!but&!movie&after&with: negative
!but&movie&!just: neutral
!but&movie&just: neutral
but&!drive&!there&!like: positive
but&!drive&!there&like: positive
but&!drive&there&!to: negative
but&!drive&there&to: neutral
but&drive&!to&!vb: neutral
but&drive&!to&vb: neutral
but&drive&to: negative
DecisionTree learned:
!but&!and&!not&!though: negative
!but&!and&!not&though: conflict
!but&!and&not&!in: negative
!but&!and&not&in: negative
!but&and&!prp&!n: positive
!but&and&!prp&n: negative
!but&and&prp&!complain: positive
!but&and&prp&complain: conflict
but&!this&!so&!wdt: negative
but&!this&!so&wdt: conflict
but&!this&so&!old: neutral
but&!this&so&old: positive
but&this&!md&!x: positive
but&this&!md&x: neutral
but&this&md&!n: negative
but&this&md&n: neutral
DecisionTree learned:
!but&!cd&!uses&!much: positive
!but&!cd&!uses&much: positive
!but&!cd&uses&!this: neutral
!but&!cd&uses&this: conflict
!but&cd&!it&!weight: neutral
!but&cd&!it&weight: conflict
!but&cd&it&!wp: negative
!but&cd&it&wp: neutral
but&!difference&!hard&!if: positive
but&!difference&!hard&if: neutral
but&!difference&hard&!the: conflict
but&!difference&hard&the: neutral
but&difference&!rb: neutral
but&difference&rb: neutral
DecisionTree learned:
!but&!in&!requires&!is: positive
!but&!in&!requires&is: positive
!but&!in&requires: conflict
!but&in&!had&!complain: neutral
!but&in&!had&complain: conflict
!but&in&had&!a: negative
!but&in&had&a: neutral
but&!wdt&!mac&!i: negative
but&!wdt&!mac&i: negative
but&!wdt&mac&!up: neutral
but&!wdt&mac&up: positive
but&wdt&!the&!and: conflict
but&wdt&!the&and: neutral
but&wdt&the&!once: positive
but&wdt&the&once: negative
DecisionTree learned:
!but&!much&!amazing&!great: negative
!but&!much&!amazing&great: positive
!but&!much&amazing: positive
!but&much&!i&!out: positive
!but&much&!i&out: conflict
!but&much&i&!it: neutral
!but&much&i&it: conflict
but&!yes&!in&!better: positive
but&!yes&!in&better: conflict
but&!yes&in&!mac: negative
but&!yes&in&mac: positive
but&yes&!in: conflict
but&yes&in&!nnp: positive
but&yes&in&nnp: positive
DecisionTree learned:
!but&!for&!pc&!requires: negative
!but&!for&!pc&requires: conflict
!but&!for&pc&!vbd: conflict
!but&!for&pc&vbd: positive
!but&for&!so&!vbd: positive
!but&for&!so&vbd: neutral
!but&for&so&!my: positive
!but&for&so&my: conflict
but&!the&!dt&!nn: negative
but&!the&!dt&nn: conflict
but&!the&dt&!vbp: conflict
but&!the&dt&vbp: neutral
but&the&!mac&!hard: negative
but&the&!mac&hard: neutral
but&the&mac&!use: neutral
but&the&mac&use: positive
DecisionTree learned:
!but&!uses&!cd&!much: positive
!but&!uses&!cd&much: positive
!but&!uses&cd&!router: neutral
!but&!uses&cd&router: conflict
!but&uses&!this: neutral
!but&uses&this: conflict
but&!did&!be&!the: conflict
but&!did&!be&the: positive
but&!did&be&!a: negative
but&!did&be&a: negative
but&did&!on&!of: conflict
but&did&!on&of: neutral
but&did&on: neutral
DecisionTree learned:
!but&!much&!for&!cd: negative
!but&!much&!for&cd: neutral
!but&!much&for&!cc: positive
!but&!much&for&cc: neutral
!but&much&!i&!out: positive
!but&much&!i&out: conflict
!but&much&i&!rp: neutral
!but&much&i&rp: conflict
but&!got&!features&!think: negative
but&!got&!features&think: neutral
but&!got&features&!just: positive
but&!got&features&just: positive
but&got&!so: negative
but&got&so: positive
DecisionTree learned:
!but&!much&!is&!for: negative
!but&!much&!is&for: neutral
!but&!much&is&!not: positive
!but&!much&is&not: negative
!but&much&!i&!out: positive
!but&much&!i&out: conflict
!but&much&i&!it: neutral
!but&much&i&it: conflict
but&!features&!wdt&!this: negative
but&!features&!wdt&this: negative
but&!features&wdt&!the: neutral
but&!features&wdt&the: conflict
but&features&!just&!much: positive
but&features&!just&much: positive
but&features&just: positive
DecisionTree learned:
!but&!for&!laptops&!requires: negative
!but&!for&!laptops&requires: conflict
!but&!for&laptops&!it: negative
!but&!for&laptops&it: conflict
!but&for&!so&!vbd: positive
!but&for&!so&vbd: neutral
!but&for&so&!laptop: negative
!but&for&so&laptop: conflict
but&!in&!nns&!great: conflict
but&!in&!nns&great: positive
but&!in&nns&!a: positive
but&!in&nns&a: negative
but&in&!mac&!i: conflict
but&in&!mac&i: positive
but&in&mac&!more: positive
but&in&mac&more: positive
DecisionTree learned:
!but&!love&!fast&!uses: negative
!but&!love&!fast&uses: neutral
!but&!love&fast&!with: positive
!but&!love&fast&with: positive
!but&love&!size&!wrb: positive
!but&love&!size&wrb: neutral
!but&love&size&!my: neutral
!but&love&size&my: positive
but&!wdt&!this&!so: negative
but&!wdt&!this&so: conflict
but&!wdt&this&!because: negative
but&!wdt&this&because: neutral
but&wdt&!the&!and: conflict
but&wdt&!the&and: neutral
but&wdt&the&!like: conflict
but&wdt&the&like: positive
DecisionTree learned:
!but&!complain&!and&!next: negative
!but&!complain&!and&next: neutral
!but&!complain&and&!i: positive
!but&!complain&and&i: neutral
!but&complain&!rb: positive
!but&complain&rb: conflict
but&!mac&!features&!rbr: negative
but&!mac&!features&rbr: positive
but&!mac&features&!much: positive
but&!mac&features&much: positive
but&mac&!up&!had: neutral
but&mac&!up&had: positive
but&mac&up: positive
DecisionTree learned:
!but&!great&!love&!amazing: negative
!but&!great&!love&amazing: positive
!but&!great&love&!over: positive
!but&!great&love&over: negative
!but&great&!had&!its: positive
!but&great&!had&its: negative
!but&great&had&!nnp: positive
!but&great&had&nnp: negative
but&!nothing&!so&!hard: negative
but&!nothing&!so&hard: neutral
but&!nothing&so&!it: neutral
but&!nothing&so&it: conflict
but&nothing: negative
DecisionTree learned:
!but&!complain&!and&!laptops: negative
!but&!complain&!and&laptops: conflict
!but&!complain&and&!i: positive
!but&!complain&and&i: neutral
!but&complain&!rb: positive
!but&complain&rb: conflict
but&!battery&!m&!my: negative
but&!battery&!m&my: positive
but&!battery&m&!vb: negative
but&!battery&m&vb: neutral
but&battery&!a&!with: positive
but&battery&!a&with: negative
but&battery&a&!vbz: negative
but&battery&a&vbz: conflict
DecisionTree learned:
!but&!much&!for&!requires: negative
!but&!much&!for&requires: conflict
!but&!much&for&!nnp: positive
!but&!much&for&nnp: neutral
!but&much&!of&!laptops: positive
!but&much&!of&laptops: conflict
!but&much&of&!nns: negative
!but&much&of&nns: neutral
but&!did&!difference&!hard: negative
but&!did&!difference&hard: neutral
but&!did&difference&!rb: neutral
but&!did&difference&rb: positive
but&did&!nns&!be: negative
but&did&!nns&be: conflict
but&did&nns&!have: neutral
but&did&nns&have: conflict
DecisionTree learned:
!but&!opted&!complain&!cc: negative
!but&!opted&!complain&cc: positive
!but&!opted&complain&!rb: positive
!but&!opted&complain&rb: conflict
!but&opted: conflict
but&!in&!better&!s: negative
but&!in&!better&s: conflict
but&!in&better: conflict
but&in&!mac&!battery: negative
but&in&!mac&battery: conflict
but&in&mac&!jj: neutral
but&in&mac&jj: positive
DecisionTree learned:
!but&!opted&!much&!easy: negative
!but&!opted&!much&easy: positive
!but&!opted&much&!i: positive
!but&!opted&much&i: neutral
!but&opted: conflict
but&!difference&!this&!so: negative
but&!difference&!this&so: neutral
but&!difference&this&!vb: positive
but&!difference&this&vb: neutral
but&difference&!rb: neutral
but&difference&rb: neutral
DecisionTree learned:
!but&!and&!though&!is: neutral
!but&!and&!though&is: negative
!but&!and&though&!can: conflict
!but&!and&though&can: neutral
!but&and&!prp&!using: positive
!but&and&!prp&using: negative
!but&and&prp&!complain: positive
!but&and&prp&complain: conflict
but&!difference&!this&!so: negative
but&!difference&!this&so: conflict
but&!difference&this&!know: negative
but&!difference&this&know: conflict
but&difference&!rb: neutral
but&difference&rb: neutral
DecisionTree learned:
!but&!for&!cd&!you: positive
!but&!for&!cd&you: neutral
!but&!for&cd&!am: neutral
!but&!for&cd&am: neutral
!but&for&!so&!vbd: positive
!but&for&!so&vbd: neutral
!but&for&so&!battery: negative
!but&for&so&battery: conflict
but&!hard&!did&!i: conflict
but&!hard&!did&i: positive
but&!hard&did&!of: neutral
but&!hard&did&of: neutral
but&hard&!vbn&!it: neutral
but&hard&!vbn&it: negative
but&hard&vbn&!nnp: conflict
but&hard&vbn&nnp: neutral
DecisionTree learned:
!but&!generally&!pc&!complain: negative
!but&!generally&!pc&complain: conflict
!but&!generally&pc&!users: positive
!but&!generally&pc&users: neutral
!but&generally: conflict
but&!repair&!mac&!this: conflict
but&!repair&!mac&this: neutral
but&!repair&mac&!up: neutral
but&!repair&mac&up: positive
but&repair&!they: negative
but&repair&they&!nnp: neutral
but&repair&they&nnp: negative
DecisionTree learned:
!but&!pc&!for&!requires: negative
!but&!pc&!for&requires: conflict
!but&!pc&for&!vbd: positive
!but&!pc&for&vbd: neutral
!but&pc&!users&!and: positive
!but&pc&!users&and: positive
!but&pc&users: neutral
but&!mac&!hard&!laptop: negative
but&!mac&!hard&laptop: neutral
but&!mac&hard&!vbn: neutral
but&!mac&hard&vbn: neutral
but&mac&!up&!prp: positive
but&mac&!up&prp: neutral
but&mac&up: positive
DecisionTree learned:
!but&!much&!requires&!generally: negative
!but&!much&!requires&generally: conflict
!but&!much&requires: conflict
!but&much&!of&!laptops: positive
!but&much&!of&laptops: conflict
!but&much&of&!not: negative
!but&much&of&not: neutral
but&!mac&!web&!screen: negative
but&!mac&!web&screen: conflict
but&!mac&web&!nnp: neutral
but&!mac&web&nnp: positive
but&mac&!system&!up: positive
but&mac&!system&up: positive
but&mac&system&!in: negative
but&mac&system&in: neutral
DecisionTree learned:
!but&!good&!for&!pc: negative
!but&!good&!for&pc: positive
!but&!good&for&!so: neutral
!but&!good&for&so: negative
!but&good&!at&!wdt: positive
!but&good&!at&wdt: negative
!but&good&at&!nnp: neutral
!but&good&at&nnp: neutral
but&!mac&!repair&!windows: positive
but&!mac&!repair&windows: neutral
but&!mac&repair&!they: negative
but&!mac&repair&they: neutral
but&mac&!jj: neutral
but&mac&jj&!nnp: neutral
but&mac&jj&nnp: positive
DecisionTree learned:
!but&!uses&!love&!fast: negative
!but&!uses&!love&fast: positive
!but&!uses&love&!size: positive
!but&!uses&love&size: neutral
!but&uses&!this: neutral
!but&uses&this: conflict
but&!new&!especially&!this: negative
but&!new&!especially&this: negative
but&!new&especially&!so: neutral
but&!new&especially&so: neutral
but&new&!with&!rb: negative
but&new&!with&rb: neutral
but&new&with&!just: neutral
but&new&with&just: neutral
DecisionTree learned:
!but&!pc&!for&!stack: negative
!but&!pc&!for&stack: conflict
!but&!pc&for&!vbd: positive
!but&!pc&for&vbd: neutral
!but&pc&!users&!and: positive
!but&pc&!users&and: positive
!but&pc&users: neutral
but&!difference&!new&!i: conflict
but&!difference&!new&i: negative
but&!difference&new&!with: positive
but&!difference&new&with: neutral
but&difference&!rb: neutral
but&difference&rb: neutral
DecisionTree learned:
!but&!for&!pc&!jjr: negative
!but&!for&!pc&jjr: positive
!but&!for&pc&!vbd: conflict
!but&!for&pc&vbd: positive
!but&for&!so&!vbd: positive
!but&for&!so&vbd: neutral
!but&for&so&!laptop: negative
!but&for&so&laptop: conflict
but&!there&!like&!this: conflict
but&!there&!like&this: negative
but&!there&like&!vbz: positive
but&!there&like&vbz: negative
but&there&!to&!much: negative
but&there&!to&much: positive
but&there&to&!nnp: neutral
but&there&to&nnp: neutral
DecisionTree learned:
!but&!eee&!for&!requires: negative
!but&!eee&!for&requires: conflict
!but&!eee&for&!vbd: positive
!but&!eee&for&vbd: neutral
!but&eee: conflict
but&!new&!this&!two: negative
but&!new&!this&two: conflict
but&!new&this&!vb: negative
but&!new&this&vb: neutral
but&new&!rb: negative
but&new&rb&!nns: neutral
but&new&rb&nns: positive
DecisionTree learned:
!but&!love&!much&!easy: negative
!but&!love&!much&easy: positive
!but&!love&much&!i: positive
!but&!love&much&i: neutral
!but&love&!over&!size: positive
!but&love&!over&size: neutral
!but&love&over: negative
but&!this&!so&!wdt: negative
but&!this&!so&wdt: conflict
but&!this&so&!old: neutral
but&!this&so&old: positive
but&this&!vb&!a: negative
but&this&!vb&a: positive
but&this&vb&!in: positive
but&this&vb&in: neutral
DecisionTree learned:
!but&!generally&!pc&!opted: negative
!but&!generally&!pc&opted: conflict
!but&!generally&pc&!users: positive
!but&!generally&pc&users: neutral
!but&generally: conflict
but&!i&!windows&!mac: conflict
but&!i&!windows&mac: neutral
but&!i&windows&!so: neutral
but&!i&windows&so: conflict
but&i&!jj&!ever: neutral
but&i&!jj&ever: conflict
but&i&jj&!inch: negative
but&i&jj&inch: conflict
DecisionTree learned:
!but&!uses&!complain&!much: positive
!but&!uses&!complain&much: positive
!but&!uses&complain&!rb: positive
!but&!uses&complain&rb: conflict
!but&uses&!this: neutral
!but&uses&this: conflict
but&!be&!non&!prp: conflict
but&!be&!non&prp: positive
but&!be&non: conflict
but&be&!wdt&!a: negative
but&be&!wdt&a: negative
but&be&wdt&!to: conflict
but&be&wdt&to: positive
DecisionTree learned:
!but&!though&!generally&!opted: positive
!but&!though&!generally&opted: conflict
!but&!though&generally: conflict
!but&though&!md&!nnp: conflict
!but&though&!md&nnp: negative
!but&though&md&!would: positive
!but&though&md&would: negative
but&!mac&!if&!hard: positive
but&!mac&!if&hard: neutral
but&!mac&if&!nn: negative
but&!mac&if&nn: neutral
but&mac&!prp: positive
but&mac&prp&!up: neutral
but&mac&prp&up: positive
DecisionTree learned:
!but&!and&!laptops&!for: negative
!but&!and&!laptops&for: neutral
!but&!and&laptops&!much: neutral
!but&!and&laptops&much: conflict
!but&and&!complain&!extended: positive
!but&and&!complain&extended: neutral
!but&and&complain: conflict
but&!this&!windows&!difference: conflict
but&!this&!windows&difference: neutral
but&!this&windows&!nns: neutral
but&!this&windows&nns: neutral
but&this&!vb&!for: negative
but&this&!vb&for: positive
but&this&vb&!jj: neutral
but&this&vb&jj: negative
DecisionTree learned:
!but&!warranty&!and&!requires: negative
!but&!warranty&!and&requires: conflict
!but&!warranty&and&!complain: positive
!but&!warranty&and&complain: conflict
!but&warranty&!were&!in: negative
!but&warranty&!were&in: neutral
!but&warranty&were&!nnp: negative
!but&warranty&were&nnp: conflict
but&!did&!mac&!difference: negative
but&!did&!mac&difference: neutral
but&!did&mac&!used: positive
but&!did&mac&used: neutral
but&did&!have&!nns: negative
but&did&!have&nns: neutral
but&did&have: conflict
DecisionTree learned:
!but&!much&!requires&!for: negative
!but&!much&!requires&for: neutral
!but&!much&requires: conflict
!but&much&!i&!out: positive
!but&much&!i&out: conflict
!but&much&i&!rp: neutral
!but&much&i&rp: conflict
but&!be&!if&!outside: positive
but&!be&!if&outside: neutral
but&!be&if&!nn: negative
but&!be&if&nn: neutral
but&be&!wdt&!to: negative
but&be&!wdt&to: negative
but&be&wdt&!to: conflict
but&be&wdt&to: positive
DecisionTree learned:
!but&!would&!months&!for: positive
!but&!would&!months&for: neutral
!but&!would&months&!of: negative
!but&!would&months&of: neutral
!but&would&!their&!my: negative
!but&would&!their&my: neutral
!but&would&their&!rb: neutral
!but&would&their&rb: negative
but&!mac&!if&!difference: negative
but&!mac&!if&difference: neutral
but&!mac&if&!to: negative
but&!mac&if&to: neutral
but&mac&!more&!use: neutral
but&mac&!more&use: positive
but&mac&more: positive
DecisionTree learned:
!but&!generally&!long&!uses: negative
!but&!generally&!long&uses: neutral
!but&!generally&long&!though: positive
!but&!generally&long&though: conflict
!but&generally: conflict
but&!mac&!this&!so: negative
but&!mac&!this&so: neutral
but&!mac&this&!vb: positive
but&!mac&this&vb: neutral
but&mac&!jj: neutral
but&mac&jj&!pc: positive
but&mac&jj&pc: positive
DecisionTree learned:
!but&!eee&!for&!laptops: negative
!but&!eee&!for&laptops: conflict
!but&!eee&for&!so: neutral
!but&!eee&for&so: negative
!but&eee: conflict
but&!hard&!did&!web: positive
but&!hard&!did&web: neutral
but&!hard&did&!of: neutral
but&!hard&did&of: neutral
but&hard&!rp&!nnp: neutral
but&hard&!rp&nnp: neutral
but&hard&rp&!nnp: conflict
but&hard&rp&nnp: positive
DecisionTree learned:
!but&!uses&!much&!opted: negative
!but&!uses&!much&opted: conflict
!but&!uses&much&!laptops: positive
!but&!uses&much&laptops: conflict
!but&uses&!this: neutral
!but&uses&this: conflict
but&!outside&!web&!screen: negative
but&!outside&!web&screen: conflict
but&!outside&web&!nnp: neutral
but&!outside&web&nnp: positive
but&outside&!nnp: neutral
but&outside&nnp: neutral
DecisionTree learned:
!but&!opted&!not&!much: positive
!but&!opted&!not&much: positive
!but&!opted&not&!because: negative
!but&!opted&not&because: negative
!but&opted: conflict
but&!mac&!web&!screen: negative
but&!mac&!web&screen: conflict
but&!mac&web&!nnp: neutral
but&!mac&web&nnp: positive
but&mac&!vbd&!vb: positive
but&mac&!vbd&vb: neutral
but&mac&vbd&!in: negative
but&mac&vbd&in: positive
DecisionTree learned:
!but&!generally&!fast&!eee: negative
!but&!generally&!fast&eee: conflict
!but&!generally&fast&!if: positive
!but&!generally&fast&if: neutral
!but&generally: conflict
but&!email&!prp&!times: negative
but&!email&!prp&times: negative
but&!email&prp&!it: positive
but&!email&prp&it: conflict
but&email&!nnp: neutral
but&email&nnp: neutral
DecisionTree learned:
!but&!generally&!much&!complain: positive
!but&!generally&!much&complain: conflict
!but&!generally&much&!of: positive
!but&!generally&much&of: neutral
!but&generally: conflict
but&!mac&!core&!this: negative
but&!mac&!core&this: negative
but&!mac&core: neutral
but&mac&!system&!more: neutral
but&mac&!system&more: positive
but&mac&system&!in: negative
but&mac&system&in: neutral
DecisionTree learned:
!but&!eee&!for&!requires: negative
!but&!eee&!for&requires: conflict
!but&!eee&for&!so: neutral
!but&!eee&for&so: negative
!but&eee: conflict
but&!mac&!if&!wdt: negative
but&!mac&!if&wdt: conflict
but&!mac&if&!to: negative
but&!mac&if&to: neutral
but&mac&!up&!on: neutral
but&mac&!up&on: positive
but&mac&up: positive
DecisionTree learned:
!but&!generally&!much&!requires: negative
!but&!generally&!much&requires: conflict
!but&!generally&much&!i: positive
!but&!generally&much&i: neutral
!but&generally: conflict
but&!this&!so&!disc: negative
but&!this&!so&disc: neutral
but&!this&so&!old: neutral
but&!this&so&old: positive
but&this&!md&!has: positive
but&this&!md&has: negative
but&this&md&!use: neutral
but&this&md&use: negative
DecisionTree learned:
!but&!requires&!for&!laptops: negative
!but&!requires&!for&laptops: conflict
!but&!requires&for&!so: neutral
!but&!requires&for&so: negative
!but&requires: conflict
but&!new&!wdt&!i: negative
but&!new&!wdt&i: negative
but&!new&wdt&!the: neutral
but&!new&wdt&the: conflict
but&new&!with&!rb: negative
but&new&!with&rb: positive
but&new&with&!just: neutral
but&new&with&just: neutral
DecisionTree learned:
!but&!long&!uses&!great: negative
!but&!long&!uses&great: positive
!but&!long&uses&!this: neutral
!but&!long&uses&this: conflict
!but&long&!though&!life: positive
!but&long&!though&life: positive
!but&long&though: conflict
but&!this&!so&!difference: negative
but&!this&!so&difference: neutral
but&!this&so&!nns: neutral
but&!this&so&nns: positive
but&this&!vb&!vbn: positive
but&this&!vb&vbn: negative
but&this&vb&!rb: neutral
but&this&vb&rb: negative
DecisionTree learned:
!but&!opted&!generally&!my: negative
!but&!opted&!generally&my: neutral
!but&!opted&generally: conflict
!but&opted: conflict
but&!windows&!new&!i: conflict
but&!windows&!new&i: negative
but&!windows&new&!rb: negative
but&!windows&new&rb: neutral
but&windows&!i&!so: neutral
but&windows&!i&so: neutral
but&windows&i&!software: negative
but&windows&i&software: neutral
DecisionTree learned:
!but&!much&!macbook&!very: negative
!but&!much&!macbook&very: positive
!but&!much&macbook&!of: positive
!but&!much&macbook&of: negative
!but&much&!i&!out: positive
!but&much&!i&out: conflict
!but&much&i&!it: neutral
!but&much&i&it: conflict
but&!hard&!size&!prp: negative
but&!hard&!size&prp: positive
but&!hard&size&!nnp: neutral
but&!hard&size&nnp: neutral
but&hard&!vbn&!vb: neutral
but&hard&!vbn&vb: neutral
but&hard&vbn&!nnp: conflict
but&hard&vbn&nnp: neutral
DecisionTree learned:
!but&!generally&!complain&!eee: negative
!but&!generally&!complain&eee: conflict
!but&!generally&complain&!rb: positive
!but&!generally&complain&rb: conflict
!but&generally: conflict
but&!in&!better&!it: positive
but&!in&!better&it: conflict
but&!in&better: conflict
but&in&!i&!windows: negative
but&in&!i&windows: neutral
but&in&i&!jj: neutral
but&in&i&jj: positive
DecisionTree learned:
!but&!opted&!uses&!generally: negative
!but&!opted&!uses&generally: conflict
!but&!opted&uses&!this: neutral
!but&!opted&uses&this: conflict
!but&opted: conflict
but&!new&!size&!screen: negative
but&!new&!size&screen: conflict
but&!new&size&!nnp: neutral
but&!new&size&nnp: neutral
but&new&!when&!about: neutral
but&new&!when&about: neutral
but&new&when&!so: negative
but&new&when&so: neutral
DecisionTree learned:
!but&!eee&!much&!generally: positive
!but&!eee&!much&generally: conflict
!but&!eee&much&!i: positive
!but&!eee&much&i: neutral
!but&eee: conflict
but&!well&!nothing&!repair: positive
but&!well&!nothing&repair: negative
but&!well&nothing: negative
but&well&!so&!is: positive
but&well&!so&is: positive
but&well&so&!with: neutral
but&well&so&with: positive
DecisionTree learned:
!but&!much&!opted&!eee: negative
!but&!much&!opted&eee: conflict
!but&!much&opted: conflict
!but&much&!of&!laptops: positive
!but&much&!of&laptops: conflict
!but&much&of&!nns: negative
!but&much&of&nns: neutral
but&!in&!better&!it: positive
but&!in&!better&it: negative
but&!in&better: conflict
but&in&!jjs&!this: negative
but&in&!jjs&this: neutral
but&in&jjs&!of: negative
but&in&jjs&of: positive
DecisionTree learned:
!but&!generally&!complain&!eee: negative
!but&!generally&!complain&eee: conflict
!but&!generally&complain&!rb: positive
!but&!generally&complain&rb: conflict
!but&generally: conflict
but&!size&!this&!so: negative
but&!size&!this&so: conflict
but&!size&this&!vb: positive
but&!size&this&vb: neutral
but&size&!and: neutral
but&size&and: neutral
DecisionTree learned:
!but&!price&!acceptable&!long: negative
!but&!price&!acceptable&long: positive
!but&!price&acceptable: conflict
!but&price&!worth&!off: positive
!but&price&!worth&off: neutral
!but&price&worth&!software: conflict
!but&price&worth&software: negative
but&!new&!think&!screen: negative
but&!new&!think&screen: conflict
but&!new&think&!on: negative
but&!new&think&on: neutral
but&new&!when&!software: neutral
but&new&!when&software: negative
but&new&when&!so: negative
but&new&when&so: conflict
DecisionTree learned:
!but&!complain&!cc&!though: negative
!but&!complain&!cc&though: conflict
!but&!complain&cc&!warranty: positive
!but&!complain&cc&warranty: neutral
!but&complain&!rb: positive
!but&complain&rb: conflict
but&!got&!new&!difference: negative
but&!got&!new&difference: neutral
but&!got&new&!with: neutral
but&!got&new&with: neutral
but&got&!so: negative
but&got&so: positive
DecisionTree learned:
!but&!for&!requires&!pc: negative
!but&!for&!requires&pc: positive
!but&!for&requires: conflict
!but&for&!so&!vbd: positive
!but&for&!so&vbd: neutral
!but&for&so&!battery: positive
!but&for&so&battery: conflict
but&!mac&!web&!screen: positive
but&!mac&!web&screen: conflict
but&!mac&web&!nnp: neutral
but&!mac&web&nnp: neutral
but&mac&!use&!more: neutral
but&mac&!use&more: positive
but&mac&use: positive
DecisionTree learned:
!but&!fast&!uses&!much: negative
!but&!fast&!uses&much: positive
!but&!fast&uses&!this: neutral
!but&!fast&uses&this: conflict
!but&fast&!with: positive
!but&fast&with&!nnp: neutral
!but&fast&with&nnp: positive
but&!in&!better&!it: positive
but&!in&!better&it: conflict
but&!in&better: conflict
but&in&!m&!battery: positive
but&in&!m&battery: conflict
but&in&m&!a: negative
but&in&m&a: neutral
DecisionTree learned:
!but&!complain&!cc&!though: negative
!but&!complain&!cc&though: conflict
!but&!complain&cc&!when: positive
!but&!complain&cc&when: negative
!but&complain&!rb: positive
!but&complain&rb: conflict
but&!difference&!new&!jjs: negative
but&!difference&!new&jjs: conflict
but&!difference&new&!rb: negative
but&!difference&new&rb: neutral
but&difference&!rb: neutral
but&difference&rb: neutral
DecisionTree learned:
!but&!back&!and&!eee: negative
!but&!back&!and&eee: conflict
!but&!back&and&!juice: positive
!but&!back&and&juice: conflict
!but&back&!a&!and: negative
!but&back&!a&and: neutral
!but&back&a&!motherboard: negative
!but&back&a&motherboard: neutral
but&!new&!this&!has: negative
but&!new&!this&has: conflict
but&!new&this&!vb: negative
but&!new&this&vb: neutral
but&new&!when&!had: neutral
but&new&!when&had: positive
but&new&when: conflict
DecisionTree learned:
!but&!opted&!uses&!much: negative
!but&!opted&!uses&much: positive
!but&!opted&uses&!this: neutral
!but&!opted&uses&this: conflict
!but&opted: conflict
but&!battery&!m&!computer: positive
but&!battery&!m&computer: negative
but&!battery&m&!to: negative
but&!battery&m&to: neutral
but&battery&!vbz&!rb: conflict
but&battery&!vbz&rb: negative
but&battery&vbz&!vbp: conflict
but&battery&vbz&vbp: positive
DecisionTree learned:
!but&!generally&!long&!vbz: neutral
!but&!generally&!long&vbz: positive
!but&!generally&long&!though: positive
!but&!generally&long&though: conflict
!but&generally: conflict
but&!new&!i&!windows: conflict
but&!new&!i&windows: neutral
but&!new&i&!jj: neutral
but&!new&i&jj: positive
but&new&!with&!rb: negative
but&new&!with&rb: neutral
but&new&with&!just: neutral
but&new&with&just: neutral
DecisionTree learned:
!but&!opted&!much&!requires: negative
!but&!opted&!much&requires: conflict
!but&!opted&much&!i: positive
!but&!opted&much&i: neutral
!but&opted: conflict
but&!this&!so&!only: positive
but&!this&!so&only: conflict
but&!this&so&!graphics: neutral
but&!this&so&graphics: conflict
but&this&!know&!md: positive
but&this&!know&md: neutral
but&this&know: conflict
DecisionTree learned:
!but&!opted&!generally&!much: negative
!but&!opted&!generally&much: positive
!but&!opted&generally: conflict
!but&opted: conflict
but&!think&!mac&!the: conflict
but&!think&!mac&the: positive
but&!think&mac&!in: negative
but&!think&mac&in: neutral
but&think&!on: negative
but&think&on: neutral
DecisionTree learned:
!but&!much&!uses&!generally: positive
!but&!much&!uses&generally: conflict
!but&!much&uses&!this: neutral
!but&!much&uses&this: conflict
!but&much&!laptops&!i: positive
!but&much&!laptops&i: neutral
!but&much&laptops&!and: conflict
!but&much&laptops&and: neutral
but&!did&!difference&!mac: negative
but&!did&!difference&mac: positive
but&!did&difference&!rb: neutral
but&!did&difference&rb: positive
but&did&!battery&!would: neutral
but&did&!battery&would: conflict
but&did&battery&!jj: conflict
but&did&battery&jj: negative
DecisionTree learned:
!but&!much&!generally&!complain: negative
!but&!much&!generally&complain: conflict
!but&!much&generally: conflict
!but&much&!laptops&!out: positive
!but&much&!laptops&out: negative
!but&much&laptops&!and: conflict
!but&much&laptops&and: neutral
but&!prp&!email&!to: conflict
but&!prp&!email&to: negative
but&!prp&email: neutral
but&prp&!non&!new: negative
but&prp&!non&new: neutral
but&prp&non: conflict
DecisionTree learned:
!but&!generally&!very&!opted: negative
!but&!generally&!very&opted: conflict
!but&!generally&very&!functions: positive
!but&!generally&very&functions: conflict
!but&generally: conflict
but&!web&!screen&!i: conflict
but&!web&!screen&i: negative
but&!web&screen&!computer: conflict
but&!web&screen&computer: negative
but&web&!nnp: neutral
but&web&nnp: positive
DecisionTree learned:
!but&!requires&!in&!is: positive
!but&!requires&!in&is: positive
!but&!requires&in&!much: neutral
!but&!requires&in&much: conflict
!but&requires: conflict
but&!nothing&!so&!jjs: negative
but&!nothing&!so&jjs: conflict
but&!nothing&so&!it: neutral
but&!nothing&so&it: conflict
but&nothing: negative
DecisionTree learned:
!but&!requires&!in&!is: positive
!but&!requires&!in&is: positive
!but&!requires&in&!opted: neutral
!but&!requires&in&opted: conflict
!but&requires: conflict
but&!well&!got&!different: negative
but&!well&!got&different: conflict
but&!well&got: negative
but&well&!so&!is: positive
but&well&!so&is: positive
but&well&so&!jj: neutral
but&well&so&jj: positive
DecisionTree learned:
!but&!requires&!for&!pc: negative
!but&!requires&!for&pc: positive
!but&!requires&for&!so: neutral
!but&!requires&for&so: conflict
!but&requires: conflict
but&!new&!repair&!outside: positive
but&!new&!repair&outside: neutral
but&!new&repair&!jj: neutral
but&!new&repair&jj: negative
but&new&!nns&!rb: negative
but&new&!nns&rb: neutral
but&new&nns&!with: positive
but&new&nns&with: neutral
DecisionTree learned:
!but&!love&!opted&!generally: negative
!but&!love&!opted&generally: conflict
!but&!love&opted: conflict
!but&love&!size&!program: positive
!but&love&!size&program: neutral
!but&love&size&!my: neutral
!but&love&size&my: positive
but&!in&!nns&!vbp: conflict
but&!in&!nns&vbp: negative
but&!in&nns&!a: positive
but&!in&nns&a: negative
but&in&!os&!like: negative
but&in&!os&like: positive
but&in&os&!so: neutral
but&in&os&so: neutral
DecisionTree learned:
!but&!complain&!cc&!though: negative
!but&!complain&!cc&though: conflict
!but&!complain&cc&!juice: positive
!but&!complain&cc&juice: conflict
!but&complain&!rb: positive
!but&complain&rb: conflict
but&!hard&!i&!difference: conflict
but&!hard&!i&difference: neutral
but&!hard&i&!jj: neutral
but&!hard&i&jj: positive
but&hard&!was&!nnp: neutral
but&hard&!was&nnp: neutral
but&hard&was&!to: negative
but&hard&was&to: conflict
DecisionTree learned:
!but&!acceptable&!requires&!opted: positive
!but&!acceptable&!requires&opted: conflict
!but&!acceptable&requires: conflict
!but&acceptable: conflict
but&!gb&!battery&!m: positive
but&!gb&!battery&m: negative
but&!gb&battery&!md: conflict
but&!gb&battery&md: positive
but&gb&!than: neutral
but&gb&than: neutral
DecisionTree learned:
!but&!much&!eee&!for: negative
!but&!much&!eee&for: neutral
!but&!much&eee: conflict
!but&much&!laptops&!out: positive
!but&much&!laptops&out: conflict
!but&much&laptops&!and: conflict
!but&much&laptops&and: positive
but&!mac&!web&!screen: negative
but&!mac&!web&screen: conflict
but&!mac&web&!nnp: neutral
but&!mac&web&nnp: positive
but&mac&!up&!more: neutral
but&mac&!up&more: positive
but&mac&up: positive
DecisionTree learned:
!but&!much&!eee&!requires: negative
!but&!much&!eee&requires: conflict
!but&!much&eee: conflict
!but&much&!laptops&!out: positive
!but&much&!laptops&out: conflict
!but&much&laptops&!and: conflict
!but&much&laptops&and: neutral
but&!core&!think&!new: negative
but&!core&!think&new: neutral
but&!core&think&!on: negative
but&!core&think&on: neutral
but&core: neutral
DecisionTree learned:
!but&!much&!complain&!and: negative
!but&!much&!complain&and: positive
!but&!much&complain&!rb: positive
!but&!much&complain&rb: conflict
!but&much&!i&!out: positive
!but&much&!i&out: conflict
!but&much&i&!rp: neutral
!but&much&i&rp: conflict
but&!jjs&!this&!so: negative
but&!jjs&!this&so: conflict
but&!jjs&this&!md: positive
but&!jjs&this&md: neutral
but&jjs&!of&!nnp: negative
but&jjs&!of&nnp: conflict
but&jjs&of&!software: conflict
but&jjs&of&software: positive
DecisionTree learned:
!but&!price&!long&!generally: negative
!but&!price&!long&generally: conflict
!but&!price&long&!though: positive
!but&!price&long&though: conflict
!but&price&!worth&!off: positive
!but&price&!worth&off: neutral
!but&price&worth&!software: conflict
!but&price&worth&software: negative
but&!web&!screen&!prp: negative
but&!web&!screen&prp: positive
but&!web&screen&!computer: conflict
but&!web&screen&computer: negative
but&web&!is: positive
but&web&is: neutral
DecisionTree learned:
!but&!after&!would&!though: positive
!but&!after&!would&though: conflict
!but&!after&would&!i: negative
!but&!after&would&i: negative
!but&after&!with&!rb: negative
!but&after&!with&rb: neutral
!but&after&with&!nnp: negative
!but&after&with&nnp: positive
but&!this&!and&!screen: negative
but&!this&!and&screen: conflict
but&!this&and&!two: positive
but&!this&and&two: conflict
but&this&!wdt&!with: positive
but&this&!wdt&with: negative
but&this&wdt&!vb: conflict
but&this&wdt&vb: neutral
DecisionTree learned:
!but&!generally&!ease&!long: negative
!but&!generally&!ease&long: positive
!but&!generally&ease: positive
!but&generally: conflict
but&!battery&!m&!new: positive
but&!battery&!m&new: neutral
but&!battery&m&!vb: negative
but&!battery&m&vb: neutral
but&battery&!nns&!in: conflict
but&battery&!nns&in: negative
but&battery&nns&!rb: conflict
but&battery&nns&rb: conflict
DecisionTree learned:
!but&!opted&!much&!acceptable: negative
!but&!opted&!much&acceptable: conflict
!but&!opted&much&!nns: negative
!but&!opted&much&nns: conflict
!but&opted: conflict
but&!this&!so&!difference: positive
but&!this&!so&difference: neutral
but&!this&so&!graphics: neutral
but&!this&so&graphics: conflict
but&this&!know&!md: negative
but&this&!know&md: neutral
but&this&know: conflict
Trial 0 Training cc.mallet.classify.AdaBoostM2Trainer@2d58f9d3 finished
Trial 0 Trainer cc.mallet.classify.AdaBoostM2Trainer@2d58f9d3 test data accuracy = 0.5354969574036511

NaiveBayesTrainer
Summary. test accuracy mean = 0.640973630831643 stddev = 0.0 stderr = 0.0

MaxEntTrainer,gaussianPriorVariance=1.0
Summary. test accuracy mean = 0.6348884381338742 stddev = 0.0 stderr = 0.0

cc.mallet.classify.DecisionTreeTrainer@5975d6ab
Summary. test accuracy mean = 0.5172413793103449 stddev = 0.0 stderr = 0.0

cc.mallet.classify.AdaBoostM2Trainer@2d58f9d3
Summary. test accuracy mean = 0.5354969574036511 stddev = 0.0 stderr = 0.0
