
-------------------- Trial 0  --------------------

Trial 0 Training NaiveBayesTrainer with 1865 instances
Trial 0 Training NaiveBayesTrainer finished
Trial 0 Trainer NaiveBayesTrainer test data accuracy = 0.6835699797160243
Trial 0 Training MaxEntTrainer,gaussianPriorVariance=1.0 with 1865 instances
Trial 0 Training MaxEntTrainer,gaussianPriorVariance=1.0 finished
Trial 0 Trainer MaxEntTrainer,gaussianPriorVariance=1.0 test data accuracy = 0.6592292089249493
Trial 0 Training cc.mallet.classify.DecisionTreeTrainer@5328f6ee with 1865 instances
DecisionTree learned:
!great&!easi&!and&!but: negative
!great&!easi&!and&but: negative
!great&!easi&and&!extend: positive
!great&!easi&and&extend: neutral
!great&easi&!anoth&!carri: positive
!great&easi&!anoth&carri: positive
!great&easi&anoth: neutral
great&!etc&!but&!batteri: positive
great&!etc&!but&batteri: positive
great&!etc&but&!button: positive
great&!etc&but&button: negative
great&etc: negative
Trial 0 Training cc.mallet.classify.DecisionTreeTrainer@5328f6ee finished
Trial 0 Trainer cc.mallet.classify.DecisionTreeTrainer@5328f6ee test data accuracy = 0.5496957403651116
Trial 0 Training cc.mallet.classify.AdaBoostM2Trainer@15f66cff with 1865 instances
DecisionTree learned:
!great&!easi&!and&!but: negative
!great&!easi&!and&but: negative
!great&!easi&and&!good: positive
!great&!easi&and&good: positive
!great&easi&!anoth&!not: positive
!great&easi&!anoth&not: positive
!great&easi&anoth: neutral
great&!etc&!lack&!but: positive
great&!etc&!lack&but: positive
great&!etc&lack: negative
great&etc: negative
DecisionTree learned:
!great&!and&!but&!good: negative
!great&!and&!but&good: positive
!great&!and&but&!i: negative
!great&!and&but&i: neutral
!great&and&!easi&!the: positive
!great&and&!easi&the: positive
!great&and&easi: positive
great&!you&!etc&!batteri: positive
great&!you&!etc&batteri: positive
great&!you&etc: negative
great&you: neutral
DecisionTree learned:
!great&!and&!but&!good: negative
!great&!and&!but&good: positive
!great&!and&but&!i: negative
!great&!and&but&i: positive
!great&and&!word&!extend: positive
!great&and&!word&extend: neutral
!great&and&word&!i: neutral
!great&and&word&i: positive
great&!etc&!you&!vent: positive
great&!etc&!you&vent: neutral
great&!etc&you: neutral
great&etc: negative
DecisionTree learned:
!great&!but&!easi&!love: negative
!great&!but&!easi&love: positive
!great&!but&easi&!anoth: positive
!great&!but&easi&anoth: neutral
!great&but&!intensifier&!laptop: negative
!great&but&!intensifier&laptop: neutral
!great&but&intensifier: neutral
great&!but&!media&!etc: positive
great&!but&!media&etc: negative
great&!but&media&!game: conflict
great&!but&media&game: positive
great&but&!button&!is: conflict
great&but&!button&is: positive
great&but&button: negative
DecisionTree learned:
!but&!great&!speed&!easi: negative
!but&!great&!speed&easi: positive
!but&!great&speed&!differ: positive
!but&!great&speed&differ: negative
!but&great&!media&!vent: positive
!but&great&!media&vent: neutral
!but&great&media&!game: conflict
!but&great&media&game: positive
but&!intensifier&!be&!they: positive
but&!intensifier&!be&they: negative
but&!intensifier&be&!would: negative
but&!intensifier&be&would: positive
but&intensifier: neutral
DecisionTree learned:
!but&!great&!love&!good: negative
!but&!great&!love&good: positive
!but&!great&love&!had: positive
!but&!great&love&had: neutral
!but&great&!batteri&!etc: positive
!but&great&!batteri&etc: negative
!but&great&batteri&!it: positive
!but&great&batteri&it: negative
but&!repair&!temperatur&!to: positive
but&!repair&!temperatur&to: neutral
but&!repair&temperatur: neutral
but&repair: negative
DecisionTree learned:
!but&!great&!love&!is: negative
!but&!great&!love&is: positive
!but&!great&love&!had: positive
!but&!great&love&had: neutral
!but&great&!vent&!had: positive
!but&great&!vent&had: negative
!but&great&vent: neutral
but&!new&!laptop&!huge: negative
but&!new&!laptop&huge: conflict
but&!new&laptop&!the: neutral
but&!new&laptop&the: positive
but&new&!and&!softwar: positive
but&new&!and&softwar: negative
but&new&and: neutral
DecisionTree learned:
!but&!easi&!great&!fast: negative
!but&!easi&!great&fast: positive
!but&!easi&great&!media: positive
!but&!easi&great&media: conflict
!but&easi&!anoth&!not: positive
!but&easi&!anoth&not: positive
!but&easi&anoth: neutral
but&!intensifier&!repair&!be: positive
but&!intensifier&!repair&be: negative
but&!intensifier&repair: negative
but&intensifier: neutral
DecisionTree learned:
!but&!is&!and&!or: negative
!but&!is&!and&or: neutral
!but&!is&and&!graphic: positive
!but&!is&and&graphic: positive
!but&is&!ani&!problem: positive
!but&is&!ani&problem: negative
!but&is&ani&!on: neutral
!but&is&ani&on: negative
but&!intensifier&!call&!laptop: negative
but&!intensifier&!call&laptop: neutral
but&!intensifier&call: neutral
but&intensifier: neutral
DecisionTree learned:
!but&!is&!fast&!easi: negative
!but&!is&!fast&easi: positive
!but&!is&fast: positive
!but&is&!ani&!problem: positive
!but&is&!ani&problem: negative
!but&is&ani&!on: neutral
!but&is&ani&on: negative
but&!laptop&!temperatur&!need: negative
but&!laptop&!temperatur&need: positive
but&!laptop&temperatur: neutral
but&laptop&!thi&!secur: neutral
but&laptop&!thi&secur: positive
but&laptop&thi: positive
DecisionTree learned:
!but&!is&!love&!and: negative
!but&!is&!love&and: positive
!but&!is&love&!user: positive
!but&!is&love&user: neutral
!but&is&!ani&!not: positive
!but&is&!ani&not: negative
!but&is&ani&!on: neutral
!but&is&ani&on: negative
but&!repair&!be&!would: positive
but&!repair&!be&would: conflict
but&!repair&be&!a: negative
but&!repair&be&a: neutral
but&repair: negative
DecisionTree learned:
!but&!good&!and&!love: negative
!but&!good&!and&love: positive
!but&!good&and&!extend: positive
!but&!good&and&extend: neutral
!but&good&!no&!skip: positive
!but&good&!no&skip: neutral
!but&good&no: negative
but&!call&!who&!laptop: negative
but&!call&!who&laptop: neutral
but&!call&who: neutral
but&call: neutral
DecisionTree learned:
!but&!easi&!speed&!great: negative
!but&!easi&!speed&great: positive
!but&!easi&speed&!use: positive
!but&!easi&speed&use: negative
!but&easi&!keyboard&!not: positive
!but&easi&!keyboard&not: positive
!but&easi&keyboard: neutral
but&!learn&!support&!i: negative
but&!learn&!support&i: negative
but&!learn&support: negative
but&learn&!mac: neutral
but&learn&mac: positive
DecisionTree learned:
!but&!is&!macbook&!had: positive
!but&!is&!macbook&had: negative
!but&!is&macbook&!for: positive
!but&!is&macbook&for: neutral
!but&is&!littl&!secur: positive
!but&is&!littl&secur: neutral
!but&is&littl&!to: conflict
!but&is&littl&to: negative
but&!intensifier&!offic&!need: negative
but&!intensifier&!offic&need: positive
but&!intensifier&offic&!is: neutral
but&!intensifier&offic&is: neutral
but&intensifier: neutral
DecisionTree learned:
!but&!easi&!complain&!or: positive
!but&!easi&!complain&or: neutral
!but&!easi&complain&!to: conflict
!but&!easi&complain&to: positive
!but&easi&!not&!keyboard: positive
!but&easi&!not&keyboard: neutral
!but&easi&not&!and: negative
!but&easi&not&and: positive
but&!littl&!to&!replac: positive
but&!littl&!to&replac: neutral
but&!littl&to&!batteri: neutral
but&!littl&to&batteri: conflict
but&littl: negative
DecisionTree learned:
!but&!and&!price&!drive: negative
!but&!and&!price&drive: neutral
!but&!and&price&!pc: positive
!but&!and&price&pc: conflict
!but&and&!extend&!email: positive
!but&and&!extend&email: neutral
!but&and&extend&!when: neutral
!but&and&extend&when: conflict
but&!intensifier&!call&!laptop: negative
but&!intensifier&!call&laptop: neutral
but&!intensifier&call: neutral
but&intensifier: neutral
DecisionTree learned:
!but&!is&!fast&!love: negative
!but&!is&!fast&love: positive
!but&!is&fast: positive
!but&is&!littl&!ani: positive
!but&is&!littl&ani: neutral
!but&is&littl&!to: conflict
!but&is&littl&to: negative
but&!need&!offic&!call: negative
but&!need&!offic&call: neutral
but&!need&offic&!to: neutral
but&!need&offic&to: neutral
but&need&!laptop: positive
but&need&laptop&!my: neutral
but&need&laptop&my: positive
DecisionTree learned:
!but&!great&!and&!or: negative
!but&!great&!and&or: neutral
!but&!great&and&!were: positive
!but&!great&and&were: negative
!but&great&!media&!you: positive
!but&great&!media&you: neutral
!but&great&media&!game: conflict
!but&great&media&game: positive
but&!screen&!standard&!support: negative
but&!screen&!standard&support: negative
but&!screen&standard: conflict
but&screen&!the&!and: conflict
but&screen&!the&and: positive
but&screen&the&!that: negative
but&screen&the&that: conflict
DecisionTree learned:
!but&!great&!amaz&!not: positive
!but&!great&!amaz&not: negative
!but&!great&amaz: positive
!but&great&!media&!vent: positive
!but&great&!media&vent: neutral
!but&great&media&!game: conflict
!but&great&media&game: positive
but&!look&!be&!n: conflict
but&!look&!be&n: negative
but&!look&be&!a: negative
but&!look&be&a: neutral
but&look&!if: positive
but&look&if: negative
DecisionTree learned:
!but&!or&!speed&!complain: negative
!but&!or&!speed&complain: conflict
!but&!or&speed&!use: positive
!but&!or&speed&use: negative
!but&or&!up&!as: neutral
!but&or&!up&as: negative
!but&or&up&!phone: negative
!but&or&up&phone: positive
but&!to&!laptop&!replac: negative
but&!to&!laptop&replac: neutral
but&!to&laptop&!the: neutral
but&!to&laptop&the: positive
but&to&!batteri&!you: positive
but&to&!batteri&you: neutral
but&to&batteri&!my: conflict
but&to&batteri&my: negative
DecisionTree learned:
!but&!and&!price&!drive: negative
!but&!and&!price&drive: neutral
!but&!and&price&!sinc: positive
!but&!and&price&sinc: conflict
!but&and&!extend&!email: positive
!but&and&!extend&email: neutral
!but&and&extend&!when: neutral
!but&and&extend&when: conflict
but&!the&!use&!softwar: conflict
but&!the&!use&softwar: negative
but&!the&use&!a: positive
but&!the&use&a: negative
but&the&!on&!come: negative
but&the&!on&come: neutral
but&the&on&!i: conflict
but&the&on&i: neutral
DecisionTree learned:
!but&!problem&!and&!after: negative
!but&!problem&!and&after: negative
!but&!problem&and&!extend: positive
!but&!problem&and&extend: neutral
!but&problem&!out&!no: negative
!but&problem&!out&no: positive
!but&problem&out: neutral
but&!intensifier&!need&!use: negative
but&!intensifier&!need&use: positive
but&!intensifier&need&!use: positive
but&!intensifier&need&use: neutral
but&intensifier: neutral
DecisionTree learned:
!but&!and&!or&!worth: negative
!but&!and&!or&worth: conflict
!but&!and&or&!as: neutral
!but&!and&or&as: negative
!but&and&!complain&!extend: positive
!but&and&!complain&extend: neutral
!but&and&complain: conflict
but&!call&!intensifier&!offic: negative
but&!call&!intensifier&offic: neutral
but&!call&intensifier: neutral
but&call: neutral
DecisionTree learned:
!but&!use&!speed&!fast: negative
!but&!use&!speed&fast: positive
!but&!use&speed&!differ: positive
!but&!use&speed&differ: negative
!but&use&!some&!littl: positive
!but&use&!some&littl: conflict
!but&use&some&!to: negative
!but&use&some&to: conflict
but&!would&!be&!in: negative
but&!would&!be&in: neutral
but&!would&be&!better: negative
but&!would&be&better: neutral
but&would&!be&!softwar: conflict
but&would&!be&softwar: positive
but&would&be&!softwar: positive
but&would&be&softwar: negative
DecisionTree learned:
!but&!and&!will&!awesom: negative
!but&!and&!will&awesom: positive
!but&!and&will&!to: conflict
!but&!and&will&to: neutral
!but&and&!complain&!the: positive
!but&and&!complain&the: negative
!but&and&complain: conflict
but&!intensifier&!i&!laptop: negative
but&!intensifier&!i&laptop: neutral
but&!intensifier&i&!did: positive
but&!intensifier&i&did: conflict
but&intensifier: neutral
DecisionTree learned:
!and&!but&!price&!drive: negative
!and&!but&!price&drive: neutral
!and&!but&price&!pc: positive
!and&!but&price&pc: conflict
!and&but&!i&!warranti: conflict
!and&but&!i&warranti: neutral
!and&but&i&!did: neutral
!and&but&i&did: conflict
and&!extend&!word&!firefox: positive
and&!extend&!word&firefox: neutral
and&!extend&word&!i: neutral
and&!extend&word&i: positive
and&extend&!when&!mous: neutral
and&extend&!when&mous: negative
and&extend&when: conflict
DecisionTree learned:
!but&!easi&!is&!and: negative
!but&!easi&!is&and: positive
!but&!easi&is&!what: positive
!but&!easi&is&what: conflict
!but&easi&!anoth&!not: positive
!but&easi&!anoth&not: positive
!but&easi&anoth: neutral
but&!a&!they&!be: positive
but&!a&!they&be: negative
but&!a&they&!than: negative
but&!a&they&than: conflict
but&a&!mous&!game: conflict
but&a&!mous&game: positive
but&a&mous: positive
DecisionTree learned:
!but&!veri&!good&!macbook: negative
!but&!veri&!good&macbook: positive
!but&!veri&good&!it: positive
!but&!veri&good&it: positive
!but&veri&!about&!featur: positive
!but&veri&!about&featur: negative
!but&veri&about: conflict
but&!i&!and&!an: conflict
but&!i&!and&an: neutral
but&!i&and&!ha: positive
but&!i&and&ha: neutral
but&i&!on&!did: positive
but&i&!on&did: neutral
but&i&on: neutral
DecisionTree learned:
!but&!love&!is&!macbook: negative
!but&!love&!is&macbook: positive
!but&!love&is&!littl: positive
!but&!love&is&littl: conflict
!but&love&!had: positive
!but&love&had: neutral
but&!learn&!repair&!i: negative
but&!learn&!repair&i: neutral
but&!learn&repair: negative
but&learn&!mac: neutral
but&learn&mac: positive
DecisionTree learned:
!but&!good&!love&!and: negative
!but&!good&!love&and: positive
!but&!good&love&!had: positive
!but&!good&love&had: neutral
!but&good&!the: positive
!but&good&the&!game: positive
!but&good&the&game: neutral
but&!be&!to&!function: positive
but&!be&!to&function: neutral
but&!be&to&!batteri: neutral
but&!be&to&batteri: conflict
but&be&!would&!better: negative
but&be&!would&better: neutral
but&be&would&!softwar: positive
but&be&would&softwar: negative
DecisionTree learned:
!but&!easi&!not&!and: negative
!but&!easi&!not&and: positive
!but&!easi&not&!graphic: negative
!but&!easi&not&graphic: conflict
!but&easi&!anoth&!not: positive
!but&easi&!anoth&not: positive
!but&easi&anoth: neutral
but&!temperatur&!a&!be: positive
but&!temperatur&!a&be: negative
but&!temperatur&a&!n: conflict
but&!temperatur&a&n: negative
but&temperatur: neutral
DecisionTree learned:
!but&!and&!version&!ye: negative
!but&!and&!version&ye: conflict
!but&!and&version&!program: conflict
!but&!and&version&program: positive
!but&and&!back&!email: positive
!but&and&!back&email: neutral
!but&and&back&!they: negative
!but&and&back&they: neutral
but&!outsid&!to&!laptop: positive
but&!outsid&!to&laptop: neutral
but&!outsid&to&!batteri: neutral
but&!outsid&to&batteri: conflict
but&outsid&!it: neutral
but&outsid&it: negative
DecisionTree learned:
!and&!but&!littl&!it: negative
!and&!but&!littl&it: negative
!and&!but&littl&!is: negative
!and&!but&littl&is: conflict
!and&but&!screen&!i: negative
!and&but&!screen&i: neutral
!and&but&screen&!the: conflict
!and&but&screen&the: negative
and&!short&!the&!not: positive
and&!short&!the&not: neutral
and&!short&the&!when: positive
and&!short&the&when: neutral
and&short: negative
DecisionTree learned:
!but&!complain&!and&!or: negative
!but&!complain&!and&or: neutral
!but&!complain&and&!extend: positive
!but&!complain&and&extend: neutral
!but&complain&!to: conflict
!but&complain&to: positive
but&!intensifier&!i&!learn: negative
but&!intensifier&!i&learn: neutral
but&!intensifier&i&!buy: positive
but&!intensifier&i&buy: conflict
but&intensifier: neutral
DecisionTree learned:
!but&!is&!macbook&!some: neutral
!but&!is&!macbook&some: negative
!but&!is&macbook&!for: positive
!but&!is&macbook&for: neutral
!but&is&!littl&!ye: positive
!but&is&!littl&ye: conflict
!but&is&littl&!and: conflict
!but&is&littl&and: negative
but&!screen&!an&!support: positive
but&!screen&!an&support: negative
but&!screen&an&!with: conflict
but&!screen&an&with: neutral
but&screen&!and&!the: conflict
but&screen&!and&the: negative
but&screen&and: positive
DecisionTree learned:
!but&!or&!not&!version: positive
!but&!or&!not&version: conflict
!but&!or&not&!graphic: negative
!but&!or&not&graphic: conflict
!but&or&!window&!got: neutral
!but&or&!window&got: negative
!but&or&window&!plenti: negative
!but&or&window&plenti: positive
but&!to&!replac&!i: negative
but&!to&!replac&i: positive
but&!to&replac: neutral
but&to&!batteri&!littl: neutral
but&to&!batteri&littl: negative
but&to&batteri&!my: conflict
but&to&batteri&my: negative
DecisionTree learned:
!but&!is&!and&!some: negative
!but&!is&!and&some: negative
!but&!is&and&!extend: positive
!but&!is&and&extend: neutral
!but&is&!littl&!movi: positive
!but&is&!littl&movi: conflict
!but&is&littl&!to: conflict
!but&is&littl&to: negative
but&!repair&!intensifier&!warranti: negative
but&!repair&!intensifier&warranti: neutral
but&!repair&intensifier: neutral
but&repair: negative
DecisionTree learned:
!but&!easi&!lack&!macbook: negative
!but&!easi&!lack&macbook: positive
!but&!easi&lack&!thi: negative
!but&!easi&lack&thi: conflict
!but&easi&!anoth&!not: positive
!but&easi&!anoth&not: positive
!but&easi&anoth: neutral
but&!repair&!warranti&!on: positive
but&!repair&!warranti&on: neutral
but&!repair&warranti: neutral
but&repair: negative
DecisionTree learned:
!but&!great&!and&!will: negative
!but&!great&!and&will: conflict
!but&!great&and&!were: positive
!but&!great&and&were: negative
!but&great&!media&!batteri: positive
!but&great&!media&batteri: negative
!but&great&media&!game: conflict
!but&great&media&game: positive
but&!a&!call&!intensifier: positive
but&!a&!call&intensifier: neutral
but&!a&call: neutral
but&a&!n&!batteri: conflict
but&a&!n&batteri: conflict
but&a&n&!mous: negative
but&a&n&mous: positive
DecisionTree learned:
!but&!is&!and&!some: neutral
!but&!is&!and&some: negative
!but&!is&and&!sol: positive
!but&!is&and&sol: conflict
!but&is&!littl&!ye: positive
!but&is&!littl&ye: conflict
!but&is&littl&!to: conflict
!but&is&littl&to: negative
but&!repair&!warranti&!i: conflict
but&!repair&!warranti&i: positive
but&!repair&warranti: neutral
but&repair: negative
DecisionTree learned:
!but&!complain&!and&!littl: negative
!but&!complain&!and&littl: conflict
!but&!complain&and&!extend: positive
!but&!complain&and&extend: neutral
!but&complain&!to: conflict
!but&complain&to: positive
but&!to&!replac&!intensifier: negative
but&!to&!replac&intensifier: neutral
but&!to&replac: neutral
but&to&!batteri&!littl: neutral
but&to&!batteri&littl: negative
but&to&batteri&!my: conflict
but&to&batteri&my: negative
DecisionTree learned:
!but&!worth&!veri&!complain: negative
!but&!worth&!veri&complain: conflict
!but&!worth&veri&!about: positive
!but&!worth&veri&about: conflict
!but&worth&!it&!and: neutral
!but&worth&!it&and: positive
!but&worth&it&!work: conflict
!but&worth&it&work: negative
but&!screen&!standard&!an: negative
but&!screen&!standard&an: conflict
but&!screen&standard: conflict
but&screen&!and&!the: conflict
but&screen&!and&the: conflict
but&screen&and: positive
DecisionTree learned:
!but&!opt&!eee&!is: negative
!but&!opt&!eee&is: positive
!but&!opt&eee: conflict
!but&opt&!batteri: conflict
!but&opt&batteri: positive
but&!i&!learn&!onli: negative
but&!i&!learn&onli: neutral
but&!i&learn: neutral
but&i&!on&!with: positive
but&i&!on&with: neutral
but&i&on: neutral
DecisionTree learned:
!but&!use&!complain&!macbook: negative
!but&!use&!complain&macbook: positive
!but&!use&complain&!to: conflict
!but&!use&complain&to: positive
!but&use&!especi&!littl: neutral
!but&use&!especi&littl: conflict
!but&use&especi: conflict
but&!i&!and&!warranti: negative
but&!i&!and&warranti: neutral
but&!i&and&!new: positive
but&!i&and&new: neutral
but&i&!use&!on: positive
but&i&!use&on: neutral
but&i&use&!and: positive
but&i&use&and: negative
DecisionTree learned:
!but&!speed&!use&!arisen: negative
!but&!speed&!use&arisen: conflict
!but&!speed&use&!after: positive
!but&!speed&use&after: negative
!but&speed&!use&!differ: positive
!but&speed&!use&differ: negative
!but&speed&use: negative
but&!to&!replac&!i: negative
but&!to&!replac&i: positive
but&!to&replac: neutral
but&to&!batteri&!with: neutral
but&to&!batteri&with: negative
but&to&batteri&!my: conflict
but&to&batteri&my: negative
DecisionTree learned:
!but&!against&!back&!and: negative
!but&!against&!back&and: positive
!but&!against&back&!motherboard: negative
!but&!against&back&motherboard: negative
!but&against: conflict
but&!wa&!to&!with: positive
but&!wa&!to&with: neutral
but&!wa&to&!you: positive
but&!wa&to&you: neutral
but&wa&!veri&!sure: negative
but&wa&!veri&sure: positive
but&wa&veri: positive
DecisionTree learned:
!but&!and&!version&!against: negative
!but&!and&!version&against: conflict
!but&!and&version&!program: conflict
!but&!and&version&program: positive
!but&and&!back&!would: positive
!but&and&!back&would: negative
!but&and&back&!they: negative
!but&and&back&they: neutral
but&!huge&!wa&!to: positive
but&!huge&!wa&to: neutral
but&!huge&wa&!veri: negative
but&!huge&wa&veri: positive
but&huge: conflict
DecisionTree learned:
!but&!worth&!use&!macbook: negative
!but&!worth&!use&macbook: positive
!but&!worth&use&!especi: neutral
!but&!worth&use&especi: conflict
!but&worth&!and&!money: conflict
!but&worth&!and&money: neutral
!but&worth&and&!it: positive
!but&worth&and&it: negative
but&!call&!function&!i: negative
but&!call&!function&i: positive
but&!call&function: neutral
but&call: neutral
DecisionTree learned:
!but&!macbook&!is&!laptop: neutral
!but&!macbook&!is&laptop: positive
!but&!macbook&is&!littl: positive
!but&!macbook&is&littl: conflict
!but&macbook&!for&!pro: conflict
!but&macbook&!for&pro: positive
!but&macbook&for&!of: neutral
!but&macbook&for&of: negative
but&!standard&!life&!make: positive
but&!standard&!life&make: conflict
but&!standard&life&!to: conflict
but&!standard&life&to: conflict
but&standard: conflict
DecisionTree learned:
!and&!but&!felt&!price: negative
!and&!but&!felt&price: positive
!and&!but&felt: conflict
!and&but&!i&!warranti: conflict
!and&but&!i&warranti: neutral
!and&but&i&!did: positive
!and&but&i&did: conflict
and&!email&!had&!n: positive
and&!email&!had&n: negative
and&!email&had&!that: negative
and&!email&had&that: neutral
and&email&!ms&!screen: neutral
and&email&!ms&screen: positive
and&email&ms: positive
DecisionTree learned:
!but&!laptop&!is&!and: neutral
!but&!laptop&!is&and: positive
!but&!laptop&is&!littl: positive
!but&!laptop&is&littl: conflict
!but&laptop&!it&!went: positive
!but&laptop&!it&went: conflict
!but&laptop&it&!and: conflict
!but&laptop&it&and: negative
but&!on&!intensifier&!ha: positive
but&!on&!intensifier&ha: conflict
but&!on&intensifier: neutral
but&on&!i&!are: negative
but&on&!i&are: conflict
but&on&i: neutral
DecisionTree learned:
!but&!against&!for&!macbook: negative
!but&!against&!for&macbook: positive
!but&!against&for&!to: neutral
!but&!against&for&to: neutral
!but&against: conflict
but&!after&!standard&!screen: positive
but&!after&!standard&screen: conflict
but&!after&standard: conflict
but&after&!it&!for: negative
but&after&!it&for: conflict
but&after&it: positive
DecisionTree learned:
!but&!opt&!problem&!felt: positive
!but&!opt&!problem&felt: conflict
!but&!opt&problem&!no: negative
!but&!opt&problem&no: positive
!but&opt&!batteri: conflict
!but&opt&batteri: positive
but&!intensifier&!temperatur&!gener: positive
but&!intensifier&!temperatur&gener: negative
but&!intensifier&temperatur: neutral
but&intensifier: neutral
DecisionTree learned:
!and&!it&!mind&!but: negative
!and&!it&!mind&but: negative
!and&!it&mind: conflict
!and&it&!laptop&!long: negative
!and&it&!laptop&long: conflict
!and&it&laptop&!as: positive
!and&it&laptop&as: conflict
and&!sol&!word&!complain: positive
and&!sol&!word&complain: conflict
and&!sol&word&!i: neutral
and&!sol&word&i: positive
and&sol: conflict
DecisionTree learned:
!but&!great&!and&!felt: negative
!but&!great&!and&felt: conflict
!but&!great&and&!sol: positive
!but&!great&and&sol: conflict
!but&great&!video&!softwar: positive
!but&great&!video&softwar: neutral
!but&great&video&!game: conflict
!but&great&video&game: positive
but&!need&!screen&!an: negative
but&!need&!screen&an: conflict
but&!need&screen&!and: conflict
but&!need&screen&and: positive
but&need&!use&!intensifier: positive
but&need&!use&intensifier: neutral
but&need&use: neutral
DecisionTree learned:
!but&!macbook&!worth&!complain: negative
!but&!macbook&!worth&complain: conflict
!but&!macbook&worth&!and: conflict
!but&!macbook&worth&and: positive
!but&macbook&!for&!hard: positive
!but&macbook&!for&hard: conflict
!but&macbook&for&!of: neutral
!but&macbook&for&of: negative
but&!offic&!outsid&!replac: positive
but&!offic&!outsid&replac: neutral
but&!offic&outsid&!it: neutral
but&!offic&outsid&it: negative
but&offic&!is&!to: positive
but&offic&!is&to: neutral
but&offic&is: neutral
DecisionTree learned:
!but&!and&!it&!get: negative
!but&!and&!it&get: conflict
!but&!and&it&!laptop: negative
!but&!and&it&laptop: conflict
!but&and&!extend&!is: positive
!but&and&!extend&is: positive
!but&and&extend&!when: neutral
!but&and&extend&when: conflict
but&!on&!the&!softwar: conflict
but&!on&!the&softwar: negative
but&!on&the&!had: positive
but&!on&the&had: conflict
but&on&!i&!are: negative
but&on&!i&are: conflict
but&on&i: neutral
DecisionTree learned:
!but&!felt&!macbook&!eee: negative
!but&!felt&!macbook&eee: conflict
!but&!felt&macbook&!of: positive
!but&!felt&macbook&of: negative
!but&felt: conflict
but&!repair&!look&!os: negative
but&!repair&!look&os: neutral
but&!repair&look&!if: positive
but&!repair&look&if: negative
but&repair: negative
DecisionTree learned:
!but&!macbook&!complain&!laptop: negative
!but&!macbook&!complain&laptop: positive
!but&!macbook&complain&!to: conflict
!but&!macbook&complain&to: positive
!but&macbook&!be&!hard: positive
!but&macbook&!be&hard: conflict
!but&macbook&be: conflict
but&!a&!come&!they: positive
but&!a&!come&they: negative
but&!a&come&!it: neutral
but&!a&come&it: positive
but&a&!batteri&!it: neutral
but&a&!batteri&it: conflict
but&a&batteri&!have: negative
but&a&batteri&have: conflict
DecisionTree learned:
!but&!speed&!good&!amaz: negative
!but&!speed&!good&amaz: positive
!but&!speed&good&!the: positive
!but&!speed&good&the: positive
!but&speed&!use&!differ: positive
!but&speed&!use&differ: negative
!but&speed&use: negative
but&!laptop&!n&!did: positive
but&!laptop&!n&did: neutral
but&!laptop&n&!that: negative
but&!laptop&n&that: conflict
but&laptop&!secur&!thi: neutral
but&laptop&!secur&thi: positive
but&laptop&secur: positive
DecisionTree learned:
!but&!and&!mind&!worth: negative
!but&!and&!mind&worth: conflict
!but&!and&mind: conflict
!but&and&!email&!is: positive
!but&and&!email&is: positive
!but&and&email&!ms: neutral
!but&and&email&ms: positive
but&!temperatur&!screen&!an: positive
but&!temperatur&!screen&an: conflict
but&!temperatur&screen&!and: conflict
but&!temperatur&screen&and: positive
but&temperatur: neutral
DecisionTree learned:
!but&!complain&!version&!opt: negative
!but&!complain&!version&opt: conflict
!but&!complain&version&!program: conflict
!but&!complain&version&program: positive
!but&complain&!to: conflict
!but&complain&to: positive
but&!laptop&!to&!replac: positive
but&!laptop&!to&replac: neutral
but&!laptop&to&!batteri: neutral
but&!laptop&to&batteri: conflict
but&laptop&!thi&!secur: neutral
but&laptop&!thi&secur: positive
but&laptop&thi: positive
DecisionTree learned:
!but&!ye&!felt&!eee: negative
!but&!ye&!felt&eee: conflict
!but&!ye&felt: conflict
!but&ye&!and: conflict
!but&ye&and: positive
but&!n&!outsid&!a: positive
but&!n&!outsid&a: conflict
but&!n&outsid: neutral
but&n&!that&!mous: negative
but&n&!that&mous: positive
but&n&that: conflict
DecisionTree learned:
!and&!ye&!perfect&!but: negative
!and&!ye&!perfect&but: negative
!and&!ye&perfect&!intensifier: negative
!and&!ye&perfect&intensifier: conflict
!and&ye: conflict
and&!great&!were&!the: positive
and&!great&!were&the: positive
and&!great&were&!of: negative
and&!great&were&of: positive
and&great&!media&!softwar: positive
and&great&!media&softwar: neutral
and&great&media: conflict
DecisionTree learned:
!but&!complain&!and&!worth: negative
!but&!complain&!and&worth: conflict
!but&!complain&and&!media: positive
!but&!complain&and&media: conflict
!but&complain&!to: conflict
!but&complain&to: positive
but&!look&!use&!i: negative
but&!look&!use&i: neutral
but&!look&use&!of: negative
but&!look&use&of: positive
but&look&!if: positive
but&look&if: negative
DecisionTree learned:
!but&!eee&!and&!littl: negative
!but&!eee&!and&littl: conflict
!but&!eee&and&!sol: positive
!but&!eee&and&sol: conflict
!but&eee: conflict
but&!function&!i&!the: conflict
but&!function&!i&the: negative
but&!function&i&!buy: neutral
but&!function&i&buy: conflict
but&function: neutral
DecisionTree learned:
!but&!opt&!eee&!version: negative
!but&!opt&!eee&version: conflict
!but&!opt&eee: conflict
!but&opt&!batteri: conflict
!but&opt&batteri: positive
but&!intensifier&!offic&!os: negative
but&!intensifier&!offic&os: neutral
but&!intensifier&offic&!to: neutral
but&!intensifier&offic&to: neutral
but&intensifier: neutral
DecisionTree learned:
!but&!laptop&!is&!and: neutral
!but&!laptop&!is&and: positive
!but&!laptop&is&!littl: positive
!but&!laptop&is&littl: conflict
!but&laptop&!it&!went: positive
!but&laptop&!it&went: conflict
!but&laptop&it&!and: conflict
!but&laptop&it&and: negative
but&!intensifier&!to&!i: conflict
but&!intensifier&!to&i: positive
but&!intensifier&to&!batteri: neutral
but&!intensifier&to&batteri: conflict
but&intensifier: neutral
DecisionTree learned:
!and&!felt&!littl&!it: negative
!and&!felt&!littl&it: negative
!and&!felt&littl&!is: negative
!and&!felt&littl&is: conflict
!and&felt: conflict
and&!sol&!media&!complain: positive
and&!sol&!media&complain: conflict
and&!sol&media&!game: conflict
and&!sol&media&game: positive
and&sol: conflict
DecisionTree learned:
!and&!version&!but&!perfect: negative
!and&!version&!but&perfect: conflict
!and&!version&but&!i: conflict
!and&!version&but&i: neutral
!and&version&!program&!can: conflict
!and&version&!program&can: negative
!and&version&program&!to: neutral
!and&version&program&to: positive
and&!email&!camera&!great: positive
and&!email&!camera&great: positive
and&!email&camera&!it: positive
and&!email&camera&it: conflict
and&email&!ms&!screen: neutral
and&email&!ms&screen: positive
and&email&ms: positive
DecisionTree learned:
!but&!ye&!good&!felt: negative
!but&!ye&!good&felt: conflict
!but&!ye&good&!no: positive
!but&!ye&good&no: negative
!but&ye&!and: conflict
!but&ye&and: positive
but&!os&!use&!intensifier: positive
but&!os&!use&intensifier: neutral
but&!os&use&!of: negative
but&!os&use&of: positive
but&os&!have&!is: neutral
but&os&!have&is: positive
but&os&have: positive
DecisionTree learned:
!but&!eee&!worth&!love: positive
!but&!eee&!worth&love: positive
!but&!eee&worth&!and: conflict
!but&!eee&worth&and: negative
!but&eee: conflict
but&!outsid&!littl&!to: positive
but&!outsid&!littl&to: neutral
but&!outsid&littl: negative
but&outsid&!it: neutral
but&outsid&it: negative
DecisionTree learned:
!but&!felt&!is&!macbook: neutral
!but&!felt&!is&macbook: positive
!but&!felt&is&!movi: positive
!but&!felt&is&movi: conflict
!but&felt: conflict
but&!repair&!warranti&!use: conflict
but&!repair&!warranti&use: positive
but&!repair&warranti: neutral
but&repair: negative
DecisionTree learned:
!but&!and&!price&!version: negative
!but&!and&!price&version: conflict
!but&!and&price&!sinc: positive
!but&!and&price&sinc: conflict
!but&and&!complain&!media: positive
!but&and&!complain&media: conflict
!but&and&complain: conflict
but&!want&!outsid&!repair: positive
but&!want&!outsid&repair: negative
but&!want&outsid&!it: neutral
but&!want&outsid&it: negative
but&want&!to: conflict
but&want&to: neutral
DecisionTree learned:
!but&!and&!price&!some: neutral
!but&!and&!price&some: negative
!but&!and&price&!sinc: positive
!but&!and&price&sinc: conflict
!but&and&!complain&!media: positive
!but&and&!complain&media: conflict
!but&and&complain: conflict
but&!temperatur&!offic&!support: positive
but&!temperatur&!offic&support: negative
but&!temperatur&offic&!is: neutral
but&!temperatur&offic&is: neutral
but&temperatur: neutral
DecisionTree learned:
!but&!opt&!macbook&!felt: negative
!but&!opt&!macbook&felt: conflict
!but&!opt&macbook&!of: positive
!but&!opt&macbook&of: conflict
!but&opt&!batteri: conflict
!but&opt&batteri: positive
but&!offic&!laptop&!outsid: negative
but&!offic&!laptop&outsid: neutral
but&!offic&laptop&!the: neutral
but&!offic&laptop&the: positive
but&offic&!is&!to: positive
but&offic&!is&to: neutral
but&offic&is: neutral
DecisionTree learned:
!but&!eee&!complain&!opt: positive
!but&!eee&!complain&opt: conflict
!but&!eee&complain&!to: conflict
!but&!eee&complain&to: positive
!but&eee: conflict
but&!outsid&!laptop&!intensifier: negative
but&!outsid&!laptop&intensifier: neutral
but&!outsid&laptop&!thi: neutral
but&!outsid&laptop&thi: positive
but&outsid&!it: neutral
but&outsid&it: negative
DecisionTree learned:
!and&!but&!some&!to: positive
!and&!but&!some&to: negative
!and&!but&some&!the: negative
!and&!but&some&the: conflict
!and&but&!i&!call: conflict
!and&but&!i&call: neutral
!and&but&i&!did: positive
!and&but&i&did: conflict
and&!word&!extend&!camera: positive
and&!word&!extend&camera: conflict
and&!word&extend&!when: neutral
and&!word&extend&when: conflict
and&word&!but&!i: neutral
and&word&!but&i: positive
and&word&but: conflict
DecisionTree learned:
!but&!felt&!against&!complain: negative
!but&!felt&!against&complain: conflict
!but&!felt&against: conflict
!but&felt: conflict
but&!be&!on&!the: conflict
but&!be&!on&the: positive
but&!be&on&!i: negative
but&!be&on&i: neutral
but&be&!a&!mac: negative
but&be&!a&mac: positive
but&be&a&!would: neutral
but&be&a&would: positive
DecisionTree learned:
!but&!version&!opt&!eee: negative
!but&!version&!opt&eee: conflict
!but&!version&opt&!batteri: conflict
!but&!version&opt&batteri: positive
!but&version&!program&!can: conflict
!but&version&!program&can: negative
!but&version&program&!to: neutral
!but&version&program&to: positive
but&!temperatur&!intensifier&!offic: negative
but&!temperatur&!intensifier&offic: neutral
but&!temperatur&intensifier: neutral
but&temperatur: neutral
DecisionTree learned:
!and&!drive&!ye&!reboot: negative
!and&!drive&!ye&reboot: conflict
!and&!drive&ye: conflict
!and&drive&!dvd&!the: negative
!and&drive&!dvd&the: neutral
!and&drive&dvd: negative
and&!media&!sol&!the: positive
and&!media&!sol&the: negative
and&!media&sol: conflict
and&media&!is: positive
and&media&is: conflict
DecisionTree learned:
!but&!eee&!version&!worth: negative
!but&!eee&!version&worth: conflict
!but&!eee&version&!program: conflict
!but&!eee&version&program: positive
!but&eee: conflict
but&!temperatur&!isol&!be: positive
but&!temperatur&!isol&be: negative
but&!temperatur&isol: neutral
but&temperatur: neutral
DecisionTree learned:
!but&!and&!littl&!it: neutral
!but&!and&!littl&it: negative
!but&!and&littl&!is: negative
!but&!and&littl&is: conflict
!but&and&!media&!sol: positive
!but&and&!media&sol: conflict
!but&and&media&!game: conflict
!but&and&media&game: positive
but&!temperatur&!intensifier&!offic: positive
but&!temperatur&!intensifier&offic: neutral
but&!temperatur&intensifier: neutral
but&temperatur: neutral
DecisionTree learned:
!but&!despit&!eee&!s: negative
!but&!despit&!eee&s: positive
!but&!despit&eee: conflict
!but&despit&!intensifier: conflict
!but&despit&intensifier: negative
but&!offic&!laptop&!call: positive
but&!offic&!laptop&call: neutral
but&!offic&laptop&!thi: neutral
but&!offic&laptop&thi: positive
but&offic&!is&!to: positive
but&offic&!is&to: neutral
but&offic&is: neutral
DecisionTree learned:
!and&!but&!littl&!ye: negative
!and&!but&!littl&ye: conflict
!and&!but&littl&!is: negative
!and&!but&littl&is: conflict
!and&but&!i&!replac: conflict
!and&but&!i&replac: neutral
!and&but&i&!did: positive
!and&but&i&did: conflict
and&!complain&!sol&!media: positive
and&!complain&!sol&media: conflict
and&!complain&sol: conflict
and&complain: conflict
DecisionTree learned:
!but&!version&!is&!get: neutral
!but&!version&!is&get: neutral
!but&!version&is&!littl: positive
!but&!version&is&littl: conflict
!but&version&!program&!offic: conflict
!but&version&!program&offic: positive
!but&version&program&!to: neutral
!but&version&program&to: positive
but&!offic&!want&!i: negative
but&!offic&!want&i: positive
but&!offic&want: conflict
but&offic&!is&!to: positive
but&offic&!is&to: neutral
but&offic&is: neutral
DecisionTree learned:
!but&!after&!concern&!reboot: positive
!but&!after&!concern&reboot: conflict
!but&!after&concern&!is: conflict
!but&!after&concern&is: negative
!but&after&!especi&!warranti: negative
!but&after&!especi&warranti: neutral
!but&after&especi: conflict
but&!laptop&!on&!offic: positive
but&!laptop&!on&offic: neutral
but&!laptop&on&!i: negative
but&!laptop&on&i: neutral
but&laptop&!thi&!that: neutral
but&laptop&!thi&that: positive
but&laptop&thi: positive
DecisionTree learned:
!but&!reboot&!eee&!version: positive
!but&!reboot&!eee&version: conflict
!but&!reboot&eee: conflict
!but&reboot&!hard: negative
!but&reboot&hard: conflict
but&!wa&!screen&!an: positive
but&!wa&!screen&an: conflict
but&!wa&screen&!veri: conflict
but&!wa&screen&veri: negative
but&wa&!veri&!key: negative
but&wa&!veri&key: conflict
but&wa&veri: positive
DecisionTree learned:
!and&!to&!problem&!it: positive
!and&!to&!problem&it: negative
!and&!to&problem&!intensifier: negative
!and&!to&problem&intensifier: neutral
!and&to&!after&!program: negative
!and&to&!after&program: positive
!and&to&after&!especi: negative
!and&to&after&especi: conflict
and&!media&!camera&!complain: positive
and&!media&!camera&complain: conflict
and&!media&camera&!it: positive
and&!media&camera&it: conflict
and&media&!game: conflict
and&media&game: positive
DecisionTree learned:
!but&!opt&!portabl&!eee: negative
!but&!opt&!portabl&eee: conflict
!but&!opt&portabl&!and: conflict
!but&!opt&portabl&and: positive
!but&opt&!batteri: conflict
!but&opt&batteri: positive
but&!standard&!wa&!replac: positive
but&!standard&!wa&replac: neutral
but&!standard&wa&!one: negative
but&!standard&wa&one: positive
but&standard: conflict
DecisionTree learned:
!and&!it&!despit&!get: neutral
!and&!it&!despit&get: conflict
!and&!it&despit: conflict
!and&it&!laptop&!long: negative
!and&it&!laptop&long: conflict
!and&it&laptop&!for: conflict
!and&it&laptop&for: positive
and&!sol&!word&!media: positive
and&!sol&!word&media: conflict
and&!sol&word&!but: neutral
and&!sol&word&but: conflict
and&sol: conflict
DecisionTree learned:
!and&!ye&!reboot&!worth: negative
!and&!ye&!reboot&worth: conflict
!and&!ye&reboot&!hard: negative
!and&!ye&reboot&hard: conflict
!and&ye: conflict
and&!word&!media&!complain: positive
and&!word&!media&complain: conflict
and&!word&media&!is: positive
and&!word&media&is: conflict
and&word&!i&!but: neutral
and&word&!i&but: conflict
and&word&i: positive
DecisionTree learned:
!but&!and&!perfect&!worth: negative
!but&!and&!perfect&worth: conflict
!but&!and&perfect&!intensifier: negative
!but&!and&perfect&intensifier: conflict
!but&and&!media&!extend: positive
!but&and&!media&extend: neutral
!but&and&media&!game: conflict
!but&and&media&game: positive
but&!life&!to&!laptop: negative
but&!life&!to&laptop: neutral
but&!life&to&!you: positive
but&!life&to&you: neutral
but&life&!to: conflict
but&life&to&!for: negative
but&life&to&for: conflict
DecisionTree learned:
!but&!worth&!back&!opt: positive
!but&!worth&!back&opt: conflict
!but&!worth&back&!they: negative
!but&!worth&back&they: negative
!but&worth&!and&!for: conflict
!but&worth&!and&for: neutral
!but&worth&and&!mous: negative
!but&worth&and&mous: positive
but&!make&!offic&!learn: negative
but&!make&!offic&learn: neutral
but&!make&offic&!is: neutral
but&!make&offic&is: neutral
but&make&!to&!window: conflict
but&make&!to&window: negative
but&make&to: negative
DecisionTree learned:
!but&!macbook&!mind&!laptop: negative
!but&!macbook&!mind&laptop: positive
!but&!macbook&mind: conflict
!but&macbook&!pro&!the: positive
!but&macbook&!pro&the: conflict
!but&macbook&pro&!of: positive
!but&macbook&pro&of: negative
but&!to&!replac&!laptop: negative
but&!to&!replac&laptop: neutral
but&!to&replac: neutral
but&to&!batteri&!you: positive
but&to&!batteri&you: neutral
but&to&batteri&!for: negative
but&to&batteri&for: conflict
DecisionTree learned:
!but&!complain&!and&!reboot: negative
!but&!complain&!and&reboot: conflict
!but&!complain&and&!the: positive
!but&!complain&and&the: negative
!but&complain&!to: conflict
!but&complain&to: positive
but&!offic&!intensifier&!i: conflict
but&!offic&!intensifier&i: neutral
but&!offic&intensifier: neutral
but&offic&!is&!to: positive
but&offic&!is&to: neutral
but&offic&is: neutral
DecisionTree learned:
!but&!veri&!worth&!version: negative
!but&!veri&!worth&version: conflict
!but&!veri&worth&!and: conflict
!but&!veri&worth&and: negative
!but&veri&!about&!featur: positive
!but&veri&!about&featur: negative
!but&veri&about: conflict
but&!i&!intensifier&!be: conflict
but&!i&!intensifier&be: negative
but&!i&intensifier: neutral
but&i&!a&!outsid: positive
but&i&!a&outsid: neutral
but&i&a&!n: neutral
but&i&a&n: negative
DecisionTree learned:
!but&!and&!worth&!mind: negative
!but&!and&!worth&mind: conflict
!but&!and&worth&!for: conflict
!but&!and&worth&for: neutral
!but&and&!complain&!sol: positive
!but&and&!complain&sol: conflict
!but&and&complain: conflict
but&!laptop&!gener&!i: negative
but&!laptop&!gener&i: neutral
but&!laptop&gener: negative
but&laptop&!secur&!thi: neutral
but&laptop&!secur&thi: positive
but&laptop&secur: positive
DecisionTree learned:
!and&!opt&!but&!version: negative
!and&!opt&!but&version: conflict
!and&!opt&but&!i: conflict
!and&!opt&but&i: positive
!and&opt&!batteri: conflict
!and&opt&batteri: positive
and&!sol&!media&!word: positive
and&!sol&!media&word: neutral
and&!sol&media&!is: positive
and&!sol&media&is: conflict
and&sol: conflict
DecisionTree learned:
!but&!complain&!and&!it: neutral
!but&!complain&!and&it: negative
!but&!complain&and&!media: positive
!but&!complain&and&media: conflict
!but&complain&!to: conflict
!but&complain&to: positive
but&!laptop&!function&!i: negative
but&!laptop&!function&i: negative
but&!laptop&function: neutral
but&laptop&!secur: neutral
but&laptop&secur: positive
Trial 0 Training cc.mallet.classify.AdaBoostM2Trainer@15f66cff finished
Trial 0 Trainer cc.mallet.classify.AdaBoostM2Trainer@15f66cff test data accuracy = 0.5192697768762677

NaiveBayesTrainer
Summary. test accuracy mean = 0.6835699797160243 stddev = 0.0 stderr = 0.0

MaxEntTrainer,gaussianPriorVariance=1.0
Summary. test accuracy mean = 0.6592292089249493 stddev = 0.0 stderr = 0.0

cc.mallet.classify.DecisionTreeTrainer@5328f6ee
Summary. test accuracy mean = 0.5496957403651116 stddev = 0.0 stderr = 0.0

cc.mallet.classify.AdaBoostM2Trainer@15f66cff
Summary. test accuracy mean = 0.5192697768762677 stddev = 0.0 stderr = 0.0
