
-------------------- Trial 0  --------------------

Trial 0 Training NaiveBayesTrainer with 1865 instances
Trial 0 Training NaiveBayesTrainer finished
Trial 0 Trainer NaiveBayesTrainer test data accuracy = 0.6713995943204868
Trial 0 Training MaxEntTrainer,gaussianPriorVariance=1.0 with 1865 instances
Trial 0 Training MaxEntTrainer,gaussianPriorVariance=1.0 finished
Trial 0 Trainer MaxEntTrainer,gaussianPriorVariance=1.0 test data accuracy = 0.6572008113590264
Trial 0 Training cc.mallet.classify.DecisionTreeTrainer@6766afb3 with 1865 instances
DecisionTree learned:
!great&!easi&!and&!but: negative
!great&!easi&!and&but: negative
!great&!easi&and&!extend: positive
!great&!easi&and&extend: neutral
!great&easi&!anoth&!carri: positive
!great&easi&!anoth&carri: positive
!great&easi&anoth: neutral
great&!etc&!but&!batteri: positive
great&!etc&!but&batteri: positive
great&!etc&but&!button: positive
great&!etc&but&button: negative
great&etc: negative
Trial 0 Training cc.mallet.classify.DecisionTreeTrainer@6766afb3 finished
Trial 0 Trainer cc.mallet.classify.DecisionTreeTrainer@6766afb3 test data accuracy = 0.5496957403651116
Trial 0 Training cc.mallet.classify.AdaBoostM2Trainer@49ff0dde with 1865 instances
DecisionTree learned:
!great&!easi&!and&!but: negative
!great&!easi&!and&but: negative
!great&!easi&and&!email: positive
!great&!easi&and&email: neutral
!great&easi&!anoth&!carri: positive
!great&easi&!anoth&carri: positive
!great&easi&anoth: neutral
great&!etc&!media&!but: positive
great&!etc&!media&but: positive
great&!etc&media&!game: conflict
great&!etc&media&game: positive
great&etc: negative
DecisionTree learned:
!great&!easi&!and&!but: negative
!great&!easi&!and&but: negative
!great&!easi&and&!firefox: positive
!great&!easi&and&firefox: neutral
!great&easi&!anoth&!carri: positive
!great&easi&!anoth&carri: positive
!great&easi&anoth: neutral
great&!you&!had&!etc: positive
great&!you&!had&etc: negative
great&!you&had: negative
great&you: neutral
DecisionTree learned:
!great&!good&!and&!love: negative
!great&!good&!and&love: positive
!great&!good&and&!word: positive
!great&!good&and&word: neutral
!great&good&!the: positive
!great&good&the&!no: positive
!great&good&the&no: negative
great&!but&!batteri&!etc: positive
great&!but&!batteri&etc: negative
great&!but&batteri&!it: positive
great&!but&batteri&it: negative
great&but&!button&!for: positive
great&but&!button&for: conflict
great&but&button: negative
DecisionTree learned:
!great&!but&!easi&!speed: negative
!great&!but&!easi&speed: positive
!great&!but&easi&!anoth: positive
!great&!but&easi&anoth: neutral
!great&but&!intensifier&!repair: negative
!great&but&!intensifier&repair: negative
!great&but&intensifier: neutral
great&!vent&!but&!etc: positive
great&!vent&!but&etc: negative
great&!vent&but&!button: conflict
great&!vent&but&button: negative
great&vent: neutral
DecisionTree learned:
!but&!great&!good&!and: negative
!but&!great&!good&and: positive
!but&!great&good&!night: positive
!but&!great&good&night: neutral
!but&great&!batteri&!etc: positive
!but&great&!batteri&etc: negative
!but&great&batteri&!it: positive
!but&great&batteri&it: negative
but&!intensifier&!laptop&!you: negative
but&!intensifier&!laptop&you: positive
but&!intensifier&laptop&!and: neutral
but&!intensifier&laptop&and: positive
but&intensifier: neutral
DecisionTree learned:
!great&!but&!love&!easi: negative
!great&!but&!love&easi: positive
!great&!but&love&!had: positive
!great&!but&love&had: neutral
!great&but&!intensifier&!need: negative
!great&but&!intensifier&need: positive
!great&but&intensifier: neutral
great&!longer&!media&!no: positive
great&!longer&!media&no: neutral
great&!longer&media&!game: conflict
great&!longer&media&game: positive
great&longer: conflict
DecisionTree learned:
!but&!is&!fast&!love: negative
!but&!is&!fast&love: positive
!but&!is&fast: positive
!but&is&!ani&!littl: positive
!but&is&!ani&littl: conflict
!but&is&ani&!on: neutral
!but&is&ani&on: negative
but&!intensifier&!be&!temperatur: negative
but&!intensifier&!be&temperatur: neutral
but&!intensifier&be&!a: negative
but&!intensifier&be&a: positive
but&intensifier: neutral
DecisionTree learned:
!but&!is&!and&!or: negative
!but&!is&!and&or: neutral
!but&!is&and&!extend: positive
!but&!is&and&extend: neutral
!but&is&!problem&!ani: positive
!but&is&!problem&ani: neutral
!but&is&problem&!support: negative
!but&is&problem&support: positive
but&!intensifier&!and&!i: negative
but&!intensifier&!and&i: positive
but&!intensifier&and&!ha: positive
but&!intensifier&and&ha: conflict
but&intensifier: neutral
DecisionTree learned:
!great&!but&!easi&!speed: negative
!great&!but&!easi&speed: positive
!great&!but&easi&!not: positive
!great&!but&easi&not: positive
!great&but&!to&!laptop: negative
!great&but&!to&laptop: neutral
!great&but&to&!you: negative
!great&but&to&you: neutral
great&!media&!but&!you: positive
great&!media&!but&you: neutral
great&!media&but&!button: positive
great&!media&but&button: negative
great&media&!game: conflict
great&media&game: positive
DecisionTree learned:
!but&!is&!fast&!love: negative
!but&!is&!fast&love: positive
!but&!is&fast: positive
!but&is&!littl&!ani: positive
!but&is&!littl&ani: neutral
!but&is&littl&!and: conflict
!but&is&littl&and: negative
but&!look&!be&!repair: positive
but&!look&!be&repair: negative
but&!look&be&!learn: negative
but&!look&be&learn: positive
but&look&!if: positive
but&look&if: negative
DecisionTree learned:
!but&!easi&!fast&!not: positive
!but&!easi&!fast&not: negative
!but&!easi&fast&!program: positive
!but&!easi&fast&program: neutral
!but&easi&!anoth&!not: positive
!but&easi&!anoth&not: positive
!but&easi&anoth: neutral
but&!to&!need&!screen: negative
but&!to&!need&screen: conflict
but&!to&need&!laptop: positive
but&!to&need&laptop: neutral
but&to&!batteri&!you: neutral
but&to&!batteri&you: neutral
but&to&batteri&!my: conflict
but&to&batteri&my: conflict
DecisionTree learned:
!but&!great&!good&!complain: negative
!but&!great&!good&complain: conflict
!but&!great&good&!no: positive
!but&!great&good&no: negative
!but&great&!media&!vent: positive
!but&great&!media&vent: neutral
!but&great&media&!game: conflict
!but&great&media&game: positive
but&!intensifier&!huge&!support: negative
but&!intensifier&!huge&support: negative
but&!intensifier&huge: conflict
but&intensifier: neutral
DecisionTree learned:
!but&!is&!and&!some: negative
!but&!is&!and&some: negative
!but&!is&and&!extend: positive
!but&!is&and&extend: neutral
!but&is&!ani&!littl: positive
!but&is&!ani&littl: conflict
!but&is&ani&!on: neutral
!but&is&ani&on: negative
but&!temperatur&!laptop&!to: negative
but&!temperatur&!laptop&to: neutral
but&!temperatur&laptop&!the: neutral
but&!temperatur&laptop&the: positive
but&temperatur: neutral
DecisionTree learned:
!but&!good&!great&!love: negative
!but&!good&!great&love: positive
!but&!good&great&!you: positive
!but&!good&great&you: neutral
!but&good&!game&!just: positive
!but&good&!game&just: negative
!but&good&game: neutral
but&!the&!call&!softwar: conflict
but&!the&!call&softwar: negative
but&!the&call: neutral
but&the&!on&!had: positive
but&the&!on&had: conflict
but&the&on&!i: negative
but&the&on&i: neutral
DecisionTree learned:
!but&!is&!macbook&!love: negative
!but&!is&!macbook&love: positive
!but&!is&macbook&!of: positive
!but&!is&macbook&of: negative
!but&is&!n&!problem: positive
!but&is&!n&problem: negative
!but&is&n&!you: negative
!but&is&n&you: positive
but&!laptop&!littl&!repair: negative
but&!laptop&!littl&repair: negative
but&!laptop&littl: negative
but&laptop&!thi&!pc: neutral
but&laptop&!thi&pc: positive
but&laptop&thi: positive
DecisionTree learned:
!but&!great&!amaz&!the: positive
!but&!great&!amaz&the: negative
!but&!great&amaz: positive
!but&great&!you&!media: positive
!but&great&!you&media: conflict
!but&great&you: neutral
but&!a&!they&!to: positive
but&!a&!they&to: neutral
but&!a&they&!warranti: negative
but&!a&they&warranti: neutral
but&a&!batteri&!it: neutral
but&a&!batteri&it: conflict
but&a&batteri&!have: negative
but&a&batteri&have: conflict
DecisionTree learned:
!but&!complain&!and&!or: negative
!but&!complain&!and&or: neutral
!but&!complain&and&!extend: positive
!but&!complain&and&extend: neutral
!but&complain&!to: conflict
!but&complain&to: positive
but&!repair&!warranti&!intensifier: positive
but&!repair&!warranti&intensifier: neutral
but&!repair&warranti: neutral
but&repair: negative
DecisionTree learned:
!but&!great&!use&!speed: negative
!but&!great&!use&speed: positive
!but&!great&use&!after: positive
!but&!great&use&after: negative
!but&great&!media&!batteri: positive
!but&great&!media&batteri: negative
!but&great&media: conflict
but&!offic&!learn&!i: negative
but&!offic&!learn&i: positive
but&!offic&learn&!mac: neutral
but&!offic&learn&mac: positive
but&offic&!is&!to: positive
but&offic&!is&to: neutral
but&offic&is: neutral
DecisionTree learned:
!but&!and&!price&!or: negative
!but&!and&!price&or: neutral
!but&!and&price&!sinc: positive
!but&!and&price&sinc: conflict
!but&and&!email&!extend: positive
!but&and&!email&extend: neutral
!but&and&email&!offic: neutral
!but&and&email&offic: positive
but&!an&!screen&!make: negative
but&!an&!screen&make: conflict
but&!an&screen&!the: conflict
but&!an&screen&the: negative
but&an&!with&!just: conflict
but&an&!with&just: neutral
but&an&with: neutral
DecisionTree learned:
!but&!is&!macbook&!easi: negative
!but&!is&!macbook&easi: positive
!but&!is&macbook&!for: positive
!but&!is&macbook&for: negative
!but&is&!movi&!littl: positive
!but&is&!movi&littl: conflict
!but&is&movi: conflict
but&!i&!and&!call: conflict
but&!i&!and&call: neutral
but&!i&and&!oh: positive
but&!i&and&oh: conflict
but&i&!on&!with: positive
but&i&!on&with: neutral
but&i&on: neutral
DecisionTree learned:
!but&!and&!worth&!some: negative
!but&!and&!worth&some: negative
!but&!and&worth&!money: conflict
!but&!and&worth&money: neutral
!but&and&!extend&!complain: positive
!but&and&!extend&complain: conflict
!but&and&extend&!when: neutral
!but&and&extend&when: conflict
but&!be&!they&!new: positive
but&!be&!they&new: neutral
but&!be&they&!than: negative
but&!be&they&than: conflict
but&be&!a&!mac: negative
but&be&!a&mac: positive
but&be&a&!hard: neutral
but&be&a&hard: negative
DecisionTree learned:
!but&!love&!good&!and: negative
!but&!love&!good&and: positive
!but&!love&good&!no: positive
!but&!love&good&no: negative
!but&love&!had: positive
!but&love&had: neutral
but&!life&!laptop&!i: negative
but&!life&!laptop&i: positive
but&!life&laptop&!thi: neutral
but&!life&laptop&thi: positive
but&life&!to: conflict
but&life&to&!for: negative
but&life&to&for: conflict
DecisionTree learned:
!but&!veri&!complain&!and: negative
!but&!veri&!complain&and: positive
!but&!veri&complain&!to: conflict
!but&!veri&complain&to: positive
!but&veri&!about&!there: positive
!but&veri&!about&there: negative
!but&veri&about: conflict
but&!comput&!intensifier&!be: positive
but&!comput&!intensifier&be: negative
but&!comput&intensifier: neutral
but&comput&!that: negative
but&comput&that: conflict
DecisionTree learned:
!but&!and&!it&!awesom: negative
!but&!and&!it&awesom: positive
!but&!and&it&!laptop: negative
!but&!and&it&laptop: conflict
!but&and&!extend&!easi: positive
!but&and&!extend&easi: positive
!but&and&extend&!when: neutral
!but&and&extend&when: conflict
but&!laptop&!screen&!function: negative
but&!laptop&!screen&function: neutral
but&!laptop&screen&!and: conflict
but&!laptop&screen&and: positive
but&laptop&!pc&!thi: neutral
but&laptop&!pc&thi: positive
but&laptop&pc: positive
DecisionTree learned:
!but&!easi&!is&!and: negative
!but&!easi&!is&and: positive
!but&!easi&is&!littl: positive
!but&!easi&is&littl: conflict
!but&easi&!anoth&!not: positive
!but&easi&!anoth&not: positive
!but&easi&anoth: neutral
but&!laptop&!replac&!to: negative
but&!laptop&!replac&to: neutral
but&!laptop&replac&!to: neutral
but&!laptop&replac&to: conflict
but&laptop&!that&!thi: neutral
but&laptop&!that&thi: positive
but&laptop&that: positive
DecisionTree learned:
!but&!good&!is&!macbook: negative
!but&!good&!is&macbook: positive
!but&!good&is&!littl: positive
!but&!good&is&littl: conflict
!but&good&!just&!night: positive
!but&good&!just&night: neutral
!but&good&just&!work: positive
!but&good&just&work: negative
but&!repair&!be&!n: positive
but&!repair&!be&n: negative
but&!repair&be&!would: negative
but&!repair&be&would: positive
but&repair: negative
DecisionTree learned:
!but&!is&!macbook&!back: neutral
!but&!is&!macbook&back: negative
!but&!is&macbook&!for: positive
!but&!is&macbook&for: neutral
!but&is&!littl&!movi: positive
!but&is&!littl&movi: conflict
!but&is&littl&!and: conflict
!but&is&littl&and: negative
but&!to&!replac&!laptop: negative
but&!to&!replac&laptop: neutral
but&!to&replac: neutral
but&to&!batteri&!littl: neutral
but&to&!batteri&littl: negative
but&to&batteri&!my: conflict
but&to&batteri&my: negative
DecisionTree learned:
!but&!or&!complain&!and: negative
!but&!or&!complain&and: positive
!but&!or&complain&!to: conflict
!but&!or&complain&to: positive
!but&or&!up&!app: neutral
!but&or&!up&app: positive
!but&or&up&!phone: negative
!but&or&up&phone: positive
but&!temperatur&!to&!replac: negative
but&!temperatur&!to&replac: neutral
but&!temperatur&to&!batteri: neutral
but&!temperatur&to&batteri: conflict
but&temperatur: neutral
DecisionTree learned:
!but&!and&!price&!some: negative
!but&!and&!price&some: negative
!but&!and&price&!work: positive
!but&!and&price&work: neutral
!but&and&!email&!extend: positive
!but&and&!email&extend: neutral
!but&and&email&!offic: neutral
!but&and&email&offic: positive
but&!game&!a&!outsid: negative
but&!game&!a&outsid: neutral
but&!game&a&!mous: conflict
but&!game&a&mous: positive
but&game: positive
DecisionTree learned:
!but&!and&!worth&!reboot: negative
!but&!and&!worth&reboot: conflict
!but&!and&worth&!money: conflict
!but&!and&worth&money: neutral
!but&and&!sol&!is: positive
!but&and&!sol&is: positive
!but&and&sol: conflict
but&!i&!learn&!and: conflict
but&!i&!learn&and: positive
but&!i&learn: neutral
but&i&!on&!can: positive
but&i&!on&can: neutral
but&i&on: neutral
DecisionTree learned:
!but&!and&!or&!worth: negative
!but&!and&!or&worth: conflict
!but&!and&or&!as: neutral
!but&!and&or&as: negative
!but&and&!extend&!is: positive
!but&and&!extend&is: positive
!but&and&extend&!when: neutral
!but&and&extend&when: conflict
but&!intensifier&!i&!be: conflict
but&!intensifier&!i&be: negative
but&!intensifier&i&!they: positive
but&!intensifier&i&they: negative
but&intensifier: neutral
DecisionTree learned:
!but&!and&!price&!eee: negative
!but&!and&!price&eee: conflict
!but&!and&price&!pc: positive
!but&!and&price&pc: conflict
!but&and&!sol&!is: positive
!but&and&!sol&is: positive
!but&and&sol: conflict
but&!on&!intensifier&!ground: positive
but&!on&!intensifier&ground: neutral
but&!on&intensifier: neutral
but&on&!i&!are: negative
but&on&!i&are: conflict
but&on&i: neutral
DecisionTree learned:
!but&!and&!awesom&!some: negative
!but&!and&!awesom&some: negative
!but&!and&awesom: positive
!but&and&!back&!complain: positive
!but&and&!back&complain: conflict
!but&and&back&!they: negative
!but&and&back&they: neutral
but&!screen&!support&!littl: positive
but&!screen&!support&littl: negative
but&!screen&support: negative
but&screen&!and&!the: conflict
but&screen&!and&the: conflict
but&screen&and: positive
DecisionTree learned:
!but&!macbook&!easi&!is: negative
!but&!macbook&!easi&is: positive
!but&!macbook&easi&!anoth: positive
!but&!macbook&easi&anoth: neutral
!but&macbook&!for&!hard: positive
!but&macbook&!for&hard: conflict
!but&macbook&for&!of: neutral
!but&macbook&for&of: negative
but&!screen&!repair&!on: positive
but&!screen&!repair&on: neutral
but&!screen&repair: negative
but&screen&!and&!the: conflict
but&screen&!and&the: conflict
but&screen&and: positive
DecisionTree learned:
!but&!veri&!speed&!good: negative
!but&!veri&!speed&good: positive
!but&!veri&speed&!use: positive
!but&!veri&speed&use: negative
!but&veri&!about&!featur: positive
!but&veri&!about&featur: negative
!but&veri&about: conflict
but&!laptop&!offic&!intensifier: negative
but&!laptop&!offic&intensifier: neutral
but&!laptop&offic&!is: neutral
but&!laptop&offic&is: neutral
but&laptop&!the: neutral
but&laptop&the&!is: positive
but&laptop&the&is: neutral
DecisionTree learned:
!but&!complain&!and&!price: negative
!but&!complain&!and&price: positive
!but&!complain&and&!extend: positive
!but&!complain&and&extend: neutral
!but&complain&!to: conflict
!but&complain&to: positive
but&!offic&!i&!onli: negative
but&!offic&!i&onli: neutral
but&!offic&i&!did: positive
but&!offic&i&did: conflict
but&offic&!is&!to: positive
but&offic&!is&to: neutral
but&offic&is: neutral
DecisionTree learned:
!but&!felt&!version&!not: positive
!but&!felt&!version&not: negative
!but&!felt&version&!program: conflict
!but&!felt&version&program: positive
!but&felt: conflict
but&!standard&!os&!repair: negative
but&!standard&!os&repair: negative
but&!standard&os&!is: neutral
but&!standard&os&is: positive
but&standard: conflict
DecisionTree learned:
!but&!mind&!or&!not: positive
!but&!mind&!or&not: negative
!but&!mind&or&!app: neutral
!but&!mind&or&app: positive
!but&mind: conflict
but&!there&!offic&!outsid: positive
but&!there&!offic&outsid: neutral
but&!there&offic&!to: neutral
but&!there&offic&to: neutral
but&there&!to&!just: negative
but&there&!to&just: positive
but&there&to: neutral
DecisionTree learned:
!but&!complain&!problem&!and: negative
!but&!complain&!problem&and: positive
!but&!complain&problem&!no: negative
!but&!complain&problem&no: positive
!but&complain&!to: conflict
!but&complain&to: positive
but&!function&!a&!call: negative
but&!function&!a&call: neutral
but&!function&a&!game: conflict
but&!function&a&game: positive
but&function: neutral
DecisionTree learned:
!but&!felt&!worth&!version: negative
!but&!felt&!worth&version: conflict
!but&!felt&worth&!and: conflict
!but&!felt&worth&and: positive
!but&felt: conflict
but&!comput&!the&!softwar: conflict
but&!comput&!the&softwar: negative
but&!comput&the&!had: positive
but&!comput&the&had: conflict
but&comput&!that: negative
but&comput&that: conflict
DecisionTree learned:
!but&!problem&!laptop&!is: neutral
!but&!problem&!laptop&is: positive
!but&!problem&laptop&!it: positive
!but&!problem&laptop&it: conflict
!but&problem&!out&!intensifier: negative
!but&problem&!out&intensifier: neutral
!but&problem&out: neutral
but&!i&!be&!and: conflict
but&!i&!be&and: positive
but&!i&be&!a: negative
but&!i&be&a: positive
but&i&!buy&!did: positive
but&i&!buy&did: neutral
but&i&buy: conflict
DecisionTree learned:
!but&!macbook&!great&!amaz: negative
!but&!macbook&!great&amaz: positive
!but&!macbook&great&!media: positive
!but&!macbook&great&media: conflict
!but&macbook&!pro&!hard: positive
!but&macbook&!pro&hard: conflict
!but&macbook&pro&!of: positive
!but&macbook&pro&of: negative
but&!new&!replac&!to: positive
but&!new&!replac&to: neutral
but&!new&replac&!to: neutral
but&!new&replac&to: conflict
but&new&!and&!is: positive
but&new&!and&is: negative
but&new&and: neutral
DecisionTree learned:
!but&!against&!macbook&!worth: negative
!but&!against&!macbook&worth: conflict
!but&!against&macbook&!for: positive
!but&!against&macbook&for: neutral
!but&against: conflict
but&!replac&!to&!function: positive
but&!replac&!to&function: neutral
but&!replac&to&!you: positive
but&!replac&to&you: neutral
but&replac&!to: neutral
but&replac&to&!for: conflict
but&replac&to&for: conflict
DecisionTree learned:
!but&!love&!and&!it: negative
!but&!love&!and&it: negative
!but&!love&and&!extend: positive
!but&!love&and&extend: neutral
!but&love&!had: positive
!but&love&had: neutral
but&!littl&!temperatur&!laptop: positive
but&!littl&!temperatur&laptop: neutral
but&!littl&temperatur: neutral
but&littl: negative
DecisionTree learned:
!but&!and&!price&!littl: negative
!but&!and&!price&littl: conflict
!but&!and&price&!sinc: positive
!but&!and&price&sinc: conflict
!but&and&!had&!word: positive
!but&and&!had&word: neutral
!but&and&had&!that: negative
!but&and&had&that: neutral
but&!temperatur&!laptop&!to: negative
but&!temperatur&!laptop&to: neutral
but&!temperatur&laptop&!the: neutral
but&!temperatur&laptop&the: positive
but&temperatur: neutral
DecisionTree learned:
!but&!love&!version&!is: negative
!but&!love&!version&is: positive
!but&!love&version&!program: conflict
!but&!love&version&program: positive
!but&love&!had: positive
!but&love&had: neutral
but&!screen&!standard&!wa: negative
but&!screen&!standard&wa: negative
but&!screen&standard: conflict
but&screen&!and&!the: conflict
but&screen&!and&the: negative
but&screen&and: positive
DecisionTree learned:
!but&!use&!gener&!speed: negative
!but&!use&!gener&speed: positive
!but&!use&gener: conflict
!but&use&!especi&!littl: neutral
!but&use&!especi&littl: conflict
!but&use&especi: conflict
but&!outsid&!intensifier&!call: positive
but&!outsid&!intensifier&call: neutral
but&!outsid&intensifier: neutral
but&outsid&!it: neutral
but&outsid&it: negative
DecisionTree learned:
!but&!and&!worth&!ye: negative
!but&!and&!worth&ye: conflict
!but&!and&worth&!for: conflict
!but&!and&worth&for: neutral
!but&and&!email&!complain: positive
!but&and&!email&complain: conflict
!but&and&email&!offic: neutral
!but&and&email&offic: positive
but&!make&!intensifier&!did: negative
but&!make&!intensifier&did: neutral
but&!make&intensifier: neutral
but&make&!window&!to: conflict
but&make&!window&to: negative
but&make&window: negative
DecisionTree learned:
!but&!version&!inconveni&!after: positive
!but&!version&!inconveni&after: negative
!but&!version&inconveni&!batteri: conflict
!but&!version&inconveni&batteri: positive
!but&version&!program&!can: conflict
!but&version&!program&can: negative
!but&version&program&!mac: positive
!but&version&program&mac: neutral
but&!use&!i&!and: conflict
but&!use&!i&and: positive
but&!use&i&!buy: positive
but&!use&i&buy: conflict
but&use&!is&!a: positive
but&use&!is&a: negative
but&use&is: negative
DecisionTree learned:
!but&!against&!is&!macbook: neutral
!but&!against&!is&macbook: positive
!but&!against&is&!ye: positive
!but&!against&is&ye: conflict
!but&against: conflict
but&!i&!and&!replac: conflict
but&!i&!and&replac: neutral
but&!i&and&!ha: positive
but&!i&and&ha: neutral
but&i&!they&!n: neutral
but&i&!they&n: negative
but&i&they: negative
DecisionTree learned:
!but&!is&!macbook&!fast: negative
!but&!is&!macbook&fast: positive
!but&!is&macbook&!for: positive
!but&!is&macbook&for: neutral
!but&is&!littl&!ye: positive
!but&is&!littl&ye: conflict
!but&is&littl&!to: conflict
!but&is&littl&to: negative
but&!i&!and&!call: conflict
but&!i&!and&call: neutral
but&!i&and&!ha: positive
but&!i&and&ha: conflict
but&i&!did&!buy: positive
but&i&!did&buy: conflict
but&i&did&!not: conflict
but&i&did&not: neutral
DecisionTree learned:
!but&!eee&!macbook&!is: neutral
!but&!eee&!macbook&is: positive
!but&!eee&macbook&!pro: conflict
!but&!eee&macbook&pro: positive
!but&eee: conflict
but&!look&!i&!onli: negative
but&!look&!i&onli: neutral
but&!look&i&!on: positive
but&!look&i&on: neutral
but&look&!if: positive
but&look&if: negative
DecisionTree learned:
!but&!complain&!and&!or: negative
!but&!complain&!and&or: neutral
!but&!complain&and&!sol: positive
!but&!complain&and&sol: conflict
!but&complain&!to: conflict
!but&complain&to: positive
but&!i&!learn&!offic: negative
but&!i&!learn&offic: neutral
but&!i&learn: neutral
but&i&!on&!with: positive
but&i&!on&with: neutral
but&i&on: neutral
DecisionTree learned:
!but&!is&!macbook&!some: neutral
!but&!is&!macbook&some: negative
!but&!is&macbook&!pro: conflict
!but&!is&macbook&pro: positive
!but&is&!littl&!ye: positive
!but&is&!littl&ye: conflict
!but&is&littl&!to: conflict
!but&is&littl&to: negative
but&!learn&!i&!be: conflict
but&!learn&!i&be: negative
but&!learn&i&!did: positive
but&!learn&i&did: conflict
but&learn&!mac: neutral
but&learn&mac: positive
DecisionTree learned:
!but&!macbook&!felt&!speed: negative
!but&!macbook&!felt&speed: positive
!but&!macbook&felt: conflict
!but&macbook&!hard&!be: positive
!but&macbook&!hard&be: conflict
!but&macbook&hard: conflict
but&!and&!i&!an: conflict
but&!and&!i&an: conflict
but&!and&i&!did: neutral
but&!and&i&did: neutral
but&and&!ha&!new: positive
but&and&!ha&new: neutral
but&and&ha&!intensifier: conflict
but&and&ha&intensifier: neutral
DecisionTree learned:
!but&!and&!perfect&!inconveni: negative
!but&!and&!perfect&inconveni: conflict
!but&!and&perfect&!so: negative
!but&!and&perfect&so: conflict
!but&and&!sol&!complain: positive
!but&and&!sol&complain: conflict
!but&and&sol: conflict
but&!want&!i&!onli: negative
but&!want&!i&onli: neutral
but&!want&i&!on: positive
but&!want&i&on: neutral
but&want&!to: conflict
but&want&to: neutral
DecisionTree learned:
!but&!version&!good&!back: negative
!but&!version&!good&back: negative
!but&!version&good&!no: positive
!but&!version&good&no: negative
!but&version&!program&!can: conflict
!but&version&!program&can: negative
!but&version&program&!mac: positive
!but&version&program&mac: neutral
but&!temperatur&!os&!laptop: negative
but&!temperatur&!os&laptop: neutral
but&!temperatur&os&!is: neutral
but&!temperatur&os&is: positive
but&temperatur: neutral
DecisionTree learned:
!but&!worth&!use&!s: negative
!but&!worth&!use&s: positive
!but&!worth&use&!especi: neutral
!but&!worth&use&especi: conflict
!but&worth&!it&!and: neutral
!but&worth&!it&and: positive
!but&worth&it&!mac: conflict
!but&worth&it&mac: negative
but&!n&!batteri&!to: positive
but&!n&!batteri&to: neutral
but&!n&batteri&!my: conflict
but&!n&batteri&my: conflict
but&n&!that&!mous: negative
but&n&!that&mous: positive
but&n&that: conflict
DecisionTree learned:
!but&!eee&!version&!s: negative
!but&!eee&!version&s: positive
!but&!eee&version&!program: conflict
!but&!eee&version&program: positive
!but&eee: conflict
but&!use&!like&!os: conflict
but&!use&!like&os: neutral
but&!use&like&!it: positive
but&!use&like&it: negative
but&use&!is&!n: positive
but&use&!is&n: negative
but&use&is: negative
DecisionTree learned:
!but&!laptop&!complain&!and: negative
!but&!laptop&!complain&and: positive
!but&!laptop&complain&!to: conflict
!but&!laptop&complain&to: positive
!but&laptop&!it&!went: positive
!but&laptop&!it&went: conflict
!but&laptop&it&!and: conflict
!but&laptop&it&and: negative
but&!i&!replac&!to: negative
but&!i&!replac&to: neutral
but&!i&replac&!to: neutral
but&!i&replac&to: negative
but&i&!outsid&!they: positive
but&i&!outsid&they: negative
but&i&outsid: neutral
DecisionTree learned:
!but&!version&!worth&!inconveni: negative
!but&!version&!worth&inconveni: conflict
!but&!version&worth&!and: conflict
!but&!version&worth&and: negative
!but&version&!program&!can: conflict
!but&version&!program&can: negative
!but&version&program&!mac: positive
!but&version&program&mac: neutral
but&!huge&!the&!use: conflict
but&!huge&!the&use: negative
but&!huge&the&!of: negative
but&!huge&the&of: positive
but&huge: conflict
DecisionTree learned:
!and&!get&!it&!despit: neutral
!and&!get&!it&despit: conflict
!and&!get&it&!laptop: negative
!and&!get&it&laptop: conflict
!and&get&!i&!especi: negative
!and&get&!i&especi: conflict
!and&get&i&!it: conflict
!and&get&i&it: positive
and&!media&!complain&!extend: positive
and&!media&!complain&extend: neutral
and&!media&complain: conflict
and&media&!game: conflict
and&media&game: positive
DecisionTree learned:
!but&!and&!some&!to: negative
!but&!and&!some&to: negative
!but&!and&some&!the: negative
!but&!and&some&the: conflict
!but&and&!sol&!is: positive
!but&and&!sol&is: positive
!but&and&sol: conflict
but&!instead&!new&!and: conflict
but&!instead&!new&and: positive
but&!instead&new&!softwar: neutral
but&!instead&new&softwar: negative
but&instead: positive
DecisionTree learned:
!but&!had&!or&!and: negative
!but&!had&!or&and: positive
!but&!had&or&!up: neutral
!but&!had&or&up: negative
!but&had&!a&!email: negative
!but&had&!a&email: positive
!but&had&a&!that: negative
!but&had&a&that: neutral
but&!repair&!i&!onli: negative
but&!repair&!i&onli: neutral
but&!repair&i&!buy: neutral
but&!repair&i&buy: conflict
but&repair: negative
DecisionTree learned:
!but&!and&!version&!get: negative
!but&!and&!version&get: conflict
!but&!and&version&!program: conflict
!but&!and&version&program: positive
!but&and&!the&!not: positive
!but&and&!the&not: neutral
!but&and&the&!when: negative
!but&and&the&when: neutral
but&!intensifier&!i&!replac: conflict
but&!intensifier&!i&replac: neutral
but&!intensifier&i&!did: positive
but&!intensifier&i&did: conflict
but&intensifier: neutral
DecisionTree learned:
!but&!eee&!the&!s: neutral
!but&!eee&!the&s: positive
!but&!eee&the&!version: negative
!but&!eee&the&version: conflict
!but&eee: conflict
but&!i&!be&!and: conflict
but&!i&!be&and: positive
but&!i&be&!just: negative
but&!i&be&just: positive
but&i&!buy&!did: positive
but&i&!buy&did: neutral
but&i&buy: conflict
DecisionTree learned:
!and&!but&!littl&!inconveni: negative
!and&!but&!littl&inconveni: conflict
!and&!but&littl&!is: negative
!and&!but&littl&is: conflict
!and&but&!i&!an: negative
!and&but&!i&an: conflict
!and&but&i&!did: positive
!and&but&i&did: conflict
and&!sol&!complain&!media: positive
and&!sol&!complain&media: conflict
and&!sol&complain: conflict
and&sol: conflict
DecisionTree learned:
!but&!would&!and&!felt: negative
!but&!would&!and&felt: conflict
!but&!would&and&!sol: positive
!but&!would&and&sol: conflict
!but&would&!i&!use: negative
!but&would&!i&use: neutral
!but&would&i&!they: negative
!but&would&i&they: neutral
but&!a&!to&!outsid: negative
but&!a&!to&outsid: neutral
but&!a&to&!thi: positive
but&!a&to&thi: neutral
but&a&!batteri&!screen: neutral
but&a&!batteri&screen: conflict
but&a&batteri&!have: conflict
but&a&batteri&have: conflict
DecisionTree learned:
!but&!and&!perfect&!eee: negative
!but&!and&!perfect&eee: conflict
!but&!and&perfect&!so: negative
!but&!and&perfect&so: conflict
!but&and&!media&!complain: positive
!but&and&!media&complain: conflict
!but&and&media: conflict
but&!laptop&!new&!i: conflict
but&!laptop&!new&i: neutral
but&!laptop&new&!and: positive
but&!laptop&new&and: neutral
but&laptop&!thi&!pc: neutral
but&laptop&!thi&pc: positive
but&laptop&thi: positive
DecisionTree learned:
!but&!complain&!and&!it: neutral
!but&!complain&!and&it: negative
!but&!complain&and&!were: positive
!but&!complain&and&were: negative
!but&complain&!to: conflict
!but&complain&to: positive
but&!offic&!call&!i: negative
but&!offic&!call&i: positive
but&!offic&call: neutral
but&offic&!is&!to: positive
but&offic&!is&to: neutral
but&offic&is: neutral
DecisionTree learned:
!and&!it&!get&!but: neutral
!and&!it&!get&but: negative
!and&!it&get&!i: neutral
!and&!it&get&i: conflict
!and&it&!laptop&!long: negative
!and&it&!laptop&long: conflict
!and&it&laptop&!softwar: conflict
!and&it&laptop&softwar: negative
and&!sol&!word&!short: positive
and&!sol&!word&short: negative
and&!sol&word&!i: neutral
and&!sol&word&i: positive
and&sol: conflict
DecisionTree learned:
!but&!back&!complain&!and: negative
!but&!back&!complain&and: positive
!but&!back&complain&!to: conflict
!but&!back&complain&to: positive
!but&back&!motherboard: negative
!but&back&motherboard&!i: neutral
!but&back&motherboard&i: negative
but&!batteri&!to&!replac: positive
but&!batteri&!to&replac: neutral
but&!batteri&to&!you: positive
but&!batteri&to&you: neutral
but&batteri&!n&!my: conflict
but&batteri&!n&my: conflict
but&batteri&n&!it: negative
but&batteri&n&it: negative
DecisionTree learned:
!but&!mind&!against&!use: negative
!but&!mind&!against&use: neutral
!but&!mind&against: conflict
!but&mind: conflict
but&!new&!i&!and: conflict
but&!new&!i&and: positive
but&!new&i&!did: positive
but&!new&i&did: conflict
but&new&!and&!is: positive
but&new&!and&is: negative
but&new&and: neutral
DecisionTree learned:
!but&!mind&!eee&!ye: negative
!but&!mind&!eee&ye: conflict
!but&!mind&eee: conflict
!but&mind: conflict
but&!standard&!learn&!the: conflict
but&!standard&!learn&the: positive
but&!standard&learn&!mac: neutral
but&!standard&learn&mac: positive
but&standard: conflict
DecisionTree learned:
!and&!to&!version&!but: positive
!and&!to&!version&but: negative
!and&!to&version&!can: conflict
!and&!to&version&can: negative
!and&to&!especi&!replac: neutral
!and&to&!especi&replac: negative
!and&to&especi: conflict
and&!sol&!word&!complain: positive
and&!sol&!word&complain: conflict
and&!sol&word&!i: neutral
and&!sol&word&i: positive
and&sol: conflict
DecisionTree learned:
!and&!ye&!drive&!but: negative
!and&!ye&!drive&but: negative
!and&!ye&drive&!dvd: neutral
!and&!ye&drive&dvd: negative
!and&ye: conflict
and&!media&!complain&!short: positive
and&!media&!complain&short: negative
and&!media&complain: conflict
and&media&!game: conflict
and&media&game: positive
DecisionTree learned:
!and&!it&!littl&!get: neutral
!and&!it&!littl&get: conflict
!and&!it&littl&!is: negative
!and&!it&littl&is: conflict
!and&it&!laptop&!ye: negative
!and&it&!laptop&ye: conflict
!and&it&laptop&!for: conflict
!and&it&laptop&for: positive
and&!sol&!complain&!media: positive
and&!sol&!complain&media: conflict
and&!sol&complain: conflict
and&sol: conflict
DecisionTree learned:
!but&!version&!amaz&!inconveni: negative
!but&!version&!amaz&inconveni: conflict
!but&!version&amaz: positive
!but&version&!program&!offic: conflict
!but&version&!program&offic: negative
!but&version&program&!mac: positive
!but&version&program&mac: neutral
but&!intensifier&!i&!be: conflict
but&!intensifier&!i&be: negative
but&!intensifier&i&!use: neutral
but&!intensifier&i&use: negative
but&intensifier: neutral
DecisionTree learned:
!but&!is&!and&!some: neutral
!but&!is&!and&some: negative
!but&!is&and&!extend: positive
!but&!is&and&extend: neutral
!but&is&!littl&!movi: positive
!but&is&!littl&movi: conflict
!but&is&littl&!to: conflict
!but&is&littl&to: negative
but&!still&!who&!intensifier: negative
but&!still&!who&intensifier: neutral
but&!still&who: neutral
but&still&!with&!thi: positive
but&still&!with&thi: negative
but&still&with: neutral
DecisionTree learned:
!but&!eee&!is&!macbook: neutral
!but&!eee&!is&macbook: positive
!but&!eee&is&!littl: positive
!but&!eee&is&littl: conflict
!but&eee: conflict
but&!huge&!intensifier&!with: negative
but&!huge&!intensifier&with: neutral
but&!huge&intensifier: neutral
but&huge: conflict
DecisionTree learned:
!but&!s&!mind&!version: negative
!but&!s&!mind&version: conflict
!but&!s&mind: conflict
!but&s&!the&!and: conflict
!but&s&!the&and: positive
!but&s&the&!from: positive
!but&s&the&from: neutral
but&!learn&!i&!function: conflict
but&!learn&!i&function: neutral
but&!learn&i&!n: neutral
but&!learn&i&n: negative
but&learn&!mac: neutral
but&learn&mac: positive
DecisionTree learned:
!but&!and&!worth&!littl: negative
!but&!and&!worth&littl: conflict
!but&!and&worth&!for: conflict
!but&!and&worth&for: neutral
!but&and&!the&!not: positive
!but&and&!the&not: neutral
!but&and&the&!when: negative
!but&and&the&when: neutral
but&!comput&!featur&!it: positive
but&!comput&!featur&it: conflict
but&!comput&featur&!new: positive
but&!comput&featur&new: neutral
but&comput&!that: negative
but&comput&that: conflict
DecisionTree learned:
!but&!felt&!worth&!version: negative
!but&!felt&!worth&version: conflict
!but&!felt&worth&!wa: conflict
!but&!felt&worth&wa: positive
!but&felt: conflict
but&!repair&!call&!warranti: positive
but&!repair&!call&warranti: neutral
but&!repair&call: neutral
but&repair: negative
DecisionTree learned:
!but&!worth&!littl&!felt: negative
!but&!worth&!littl&felt: conflict
!but&!worth&littl&!when: conflict
!but&!worth&littl&when: neutral
!but&worth&!it&!and: neutral
!but&worth&!it&and: positive
!but&worth&it&!work: conflict
!but&worth&it&work: negative
but&!i&!offic&!onli: negative
but&!i&!offic&onli: neutral
but&!i&offic&!is: neutral
but&!i&offic&is: neutral
but&i&!buy&!on: positive
but&i&!buy&on: neutral
but&i&buy: conflict
DecisionTree learned:
!but&!despit&!against&!version: positive
!but&!despit&!against&version: conflict
!but&!despit&against: conflict
!but&despit&!so: conflict
!but&despit&so: negative
but&!offic&!n&!batteri: positive
but&!offic&!n&batteri: conflict
but&!offic&n&!that: negative
but&!offic&n&that: conflict
but&offic&!to&!is: positive
but&offic&!to&is: neutral
but&offic&to: neutral
DecisionTree learned:
!but&!and&!or&!it: negative
!but&!and&!or&it: negative
!but&!and&or&!as: neutral
!but&!and&or&as: negative
!but&and&!email&!i: positive
!but&and&!email&i: neutral
!but&and&email&!offic: neutral
!but&and&email&offic: positive
but&!i&!replac&!to: negative
but&!i&!replac&to: neutral
but&!i&replac&!to: neutral
but&!i&replac&to: negative
but&i&!did&!can: positive
but&i&!did&can: neutral
but&i&did&!not: conflict
but&i&did&not: neutral
DecisionTree learned:
!but&!inconveni&!eee&!long: negative
!but&!inconveni&!eee&long: positive
!but&!inconveni&eee: conflict
!but&inconveni&!batteri: conflict
!but&inconveni&batteri: positive
but&!laptop&!to&!replac: positive
but&!laptop&!to&replac: neutral
but&!laptop&to&!batteri: neutral
but&!laptop&to&batteri: conflict
but&laptop&!thi&!pc: neutral
but&laptop&!thi&pc: positive
but&laptop&thi: positive
DecisionTree learned:
!but&!version&!against&!mind: negative
!but&!version&!against&mind: conflict
!but&!version&against: conflict
!but&version&!program&!is: conflict
!but&version&!program&is: positive
!but&version&program&!mac: positive
!but&version&program&mac: neutral
but&!repair&!warranti&!comput: positive
but&!repair&!warranti&comput: negative
but&!repair&warranti: neutral
but&repair: negative
DecisionTree learned:
!but&!worth&!long&!ye: negative
!but&!worth&!long&ye: conflict
!but&!worth&long&!so: positive
!but&!worth&long&so: conflict
!but&worth&!wa&!and: conflict
!but&worth&!wa&and: negative
!but&worth&wa&!my: positive
!but&worth&wa&my: neutral
but&!temperatur&!ground&!be: positive
but&!temperatur&!ground&be: negative
but&!temperatur&ground: neutral
but&temperatur: neutral
DecisionTree learned:
!but&!macbook&!arisen&!ye: negative
!but&!macbook&!arisen&ye: conflict
!but&!macbook&arisen: conflict
!but&macbook&!hard&!be: positive
!but&macbook&!hard&be: conflict
!but&macbook&hard: conflict
but&!look&!new&!i: negative
but&!look&!new&i: neutral
but&!look&new&!and: positive
but&!look&new&and: neutral
but&look&!if: positive
but&look&if: negative
DecisionTree learned:
!but&!complain&!and&!littl: negative
!but&!complain&!and&littl: conflict
!but&!complain&and&!media: positive
!but&!complain&and&media: conflict
!but&complain&!to: conflict
!but&complain&to: positive
but&!replac&!to&!still: conflict
but&!replac&!to&still: neutral
but&!replac&to&!you: neutral
but&!replac&to&you: neutral
but&replac&!to: neutral
but&replac&to&!my: conflict
but&replac&to&my: conflict
DecisionTree learned:
!but&!mind&!despit&!s: positive
!but&!mind&!despit&s: positive
!but&!mind&despit&!so: conflict
!but&!mind&despit&so: negative
!but&mind: conflict
but&!laptop&!featur&!to: positive
but&!laptop&!featur&to: neutral
but&!laptop&featur&!new: positive
but&!laptop&featur&new: neutral
but&laptop&!that&!thi: neutral
but&laptop&!that&thi: positive
but&laptop&that: positive
DecisionTree learned:
!but&!felt&!get&!s: negative
!but&!felt&!get&s: positive
!but&!felt&get&!especi: negative
!but&!felt&get&especi: conflict
!but&felt: conflict
but&!laptop&!an&!had: positive
but&!laptop&!an&had: negative
but&!laptop&an&!with: conflict
but&!laptop&an&with: neutral
but&laptop&!thi: neutral
but&laptop&thi: positive
DecisionTree learned:
!but&!back&!and&!worth: negative
!but&!back&!and&worth: conflict
!but&!back&and&!sol: positive
!but&!back&and&sol: conflict
!but&back&!insid&!instal: negative
!but&back&!insid&instal: negative
!but&back&insid: neutral
but&!i&!and&!an: conflict
but&!i&!and&an: conflict
but&!i&and&!a: negative
but&!i&and&a: positive
but&i&!they&!can: positive
but&i&!they&can: neutral
but&i&they: negative
DecisionTree learned:
!and&!ye&!felt&!get: negative
!and&!ye&!felt&get: conflict
!and&!ye&felt: conflict
!and&ye: conflict
and&!sol&!media&!the: positive
and&!sol&!media&the: negative
and&!sol&media&!is: positive
and&!sol&media&is: conflict
and&sol: conflict
DecisionTree learned:
!and&!perfect&!felt&!but: negative
!and&!perfect&!felt&but: negative
!and&!perfect&felt: conflict
!and&perfect&!so&!is: negative
!and&perfect&!so&is: positive
!and&perfect&so: conflict
and&!had&!were&!media: positive
and&!had&!were&media: conflict
and&!had&were&!laptop: negative
and&!had&were&laptop: conflict
and&had&!that&!chat: negative
and&had&!that&chat: neutral
and&had&that&!old: neutral
and&had&that&old: negative
DecisionTree learned:
!but&!mind&!felt&!portabl: negative
!but&!mind&!felt&portabl: positive
!but&!mind&felt: conflict
!but&mind: conflict
but&!i&!you&!onli: conflict
but&!i&!you&onli: neutral
but&!i&you&!to: positive
but&!i&you&to: neutral
but&i&!on&!did: positive
but&i&!on&did: conflict
but&i&on: neutral
DecisionTree learned:
!but&!version&!inconveni&!mind: positive
!but&!version&!inconveni&mind: conflict
!but&!version&inconveni&!batteri: conflict
!but&!version&inconveni&batteri: positive
!but&version&!program&!can: conflict
!but&version&!program&can: negative
!but&version&program&!mac: positive
!but&version&program&mac: neutral
but&!offic&!intensifier&!i: negative
but&!offic&!intensifier&i: negative
but&!offic&intensifier: neutral
but&offic&!is&!to: positive
but&offic&!is&to: neutral
but&offic&is: neutral
DecisionTree learned:
!but&!worth&!reboot&!s: negative
!but&!worth&!reboot&s: positive
!but&!worth&reboot&!hard: negative
!but&!worth&reboot&hard: conflict
!but&worth&!and&!money: conflict
!but&worth&!and&money: positive
!but&worth&and&!n: positive
!but&worth&and&n: negative
but&!os&!be&!would: positive
but&!os&!be&would: conflict
but&!os&be&!better: negative
but&!os&be&better: neutral
but&os&!have&!is: neutral
but&os&!have&is: positive
but&os&have: positive
DecisionTree learned:
!and&!ye&!perfect&!but: negative
!and&!ye&!perfect&but: negative
!and&!ye&perfect&!so: negative
!and&!ye&perfect&so: conflict
!and&ye: conflict
and&!word&!media&!complain: positive
and&!word&!media&complain: conflict
and&!word&media&!game: conflict
and&!word&media&game: positive
and&word&!i&!but: neutral
and&word&!i&but: conflict
and&word&i: positive
Trial 0 Training cc.mallet.classify.AdaBoostM2Trainer@49ff0dde finished
Trial 0 Trainer cc.mallet.classify.AdaBoostM2Trainer@49ff0dde test data accuracy = 0.5212981744421906

NaiveBayesTrainer
Summary. test accuracy mean = 0.6713995943204868 stddev = 0.0 stderr = 0.0

MaxEntTrainer,gaussianPriorVariance=1.0
Summary. test accuracy mean = 0.6572008113590264 stddev = 0.0 stderr = 0.0

cc.mallet.classify.DecisionTreeTrainer@6766afb3
Summary. test accuracy mean = 0.5496957403651116 stddev = 0.0 stderr = 0.0

cc.mallet.classify.AdaBoostM2Trainer@49ff0dde
Summary. test accuracy mean = 0.5212981744421906 stddev = 0.0 stderr = 0.0
