
-------------------- Trial 0  --------------------

Trial 0 Training NaiveBayesTrainer with 1865 instances
Trial 0 Training NaiveBayesTrainer finished
Trial 0 Trainer NaiveBayesTrainer test data accuracy = 0.6754563894523327
Trial 0 Training MaxEntTrainer,gaussianPriorVariance=1.0 with 1865 instances
Trial 0 Training MaxEntTrainer,gaussianPriorVariance=1.0 finished
Trial 0 Trainer MaxEntTrainer,gaussianPriorVariance=1.0 test data accuracy = 0.6632860040567952
Trial 0 Training cc.mallet.classify.DecisionTreeTrainer@266bade9 with 1865 instances
DecisionTree learned:
!great&!easi&!and&!but: negative
!great&!easi&!and&but: negative
!great&!easi&and&!extend: positive
!great&!easi&and&extend: neutral
!great&easi&!anoth&!carri: positive
!great&easi&!anoth&carri: positive
!great&easi&anoth: neutral
great&!etc&!but&!batteri: positive
great&!etc&!but&batteri: positive
great&!etc&but&!button: positive
great&!etc&but&button: negative
great&etc: negative
Trial 0 Training cc.mallet.classify.DecisionTreeTrainer@266bade9 finished
Trial 0 Trainer cc.mallet.classify.DecisionTreeTrainer@266bade9 test data accuracy = 0.5496957403651116
Trial 0 Training cc.mallet.classify.AdaBoostM2Trainer@15f66cff with 1865 instances
DecisionTree learned:
!great&!and&!but&!easi: negative
!great&!and&!but&easi: positive
!great&!and&but&!i: negative
!great&!and&but&i: positive
!great&and&!easi&!word: positive
!great&and&!easi&word: neutral
!great&and&easi: positive
great&!etc&!but&!had: positive
great&!etc&!but&had: negative
great&!etc&but&!button: positive
great&!etc&but&button: negative
great&etc: negative
DecisionTree learned:
!great&!easi&!and&!but: negative
!great&!easi&!and&but: negative
!great&!easi&and&!email: positive
!great&!easi&and&email: neutral
!great&easi&!anoth&!not: positive
!great&easi&!anoth&not: positive
!great&easi&anoth: neutral
great&!etc&!but&!batteri: positive
great&!etc&!but&batteri: positive
great&!etc&but&!button: positive
great&!etc&but&button: negative
great&etc: negative
DecisionTree learned:
!great&!good&!love&!but: negative
!great&!good&!love&but: negative
!great&!good&love&!had: positive
!great&!good&love&had: neutral
!great&good&!skip&!the: positive
!great&good&!skip&the: positive
!great&good&skip: neutral
great&!you&!vent&!but: positive
great&!you&!vent&but: positive
great&!you&vent: neutral
great&you: neutral
DecisionTree learned:
!great&!but&!easi&!good: negative
!great&!but&!easi&good: positive
!great&!but&easi&!anoth: positive
!great&!but&easi&anoth: neutral
!great&but&!repair&!power: negative
!great&but&!repair&power: neutral
!great&but&repair: negative
great&!you&!vent&!etc: positive
great&!you&!vent&etc: negative
great&!you&vent: neutral
great&you: neutral
DecisionTree learned:
!but&!great&!and&!or: negative
!but&!great&!and&or: neutral
!but&!great&and&!extend: positive
!but&!great&and&extend: neutral
!but&great&!batteri&!media: positive
!but&great&!batteri&media: conflict
!but&great&batteri&!it: positive
!but&great&batteri&it: negative
but&!repair&!be&!new: positive
but&!repair&!be&new: neutral
but&!repair&be&!would: negative
but&!repair&be&would: positive
but&repair: negative
DecisionTree learned:
!but&!great&!easi&!love: negative
!but&!great&!easi&love: positive
!but&!great&easi&!anoth: positive
!but&!great&easi&anoth: neutral
!but&great&!media&!lack: positive
!but&great&!media&lack: negative
!but&great&media&!game: conflict
!but&great&media&game: positive
but&!laptop&!need&!so: negative
but&!laptop&!need&so: neutral
but&!laptop&need: positive
but&laptop&!thi&!secur: neutral
but&laptop&!thi&secur: positive
but&laptop&thi: positive
DecisionTree learned:
!but&!great&!and&!or: negative
!but&!great&!and&or: neutral
!but&!great&and&!the: positive
!but&!great&and&the: positive
!but&great&!etc&!lack: positive
!but&great&!etc&lack: negative
!but&great&etc: negative
but&!laptop&!call&!temperatur: negative
but&!laptop&!call&temperatur: neutral
but&!laptop&call: neutral
but&laptop&!secur&!thi: neutral
but&laptop&!secur&thi: positive
but&laptop&secur: positive
DecisionTree learned:
!but&!is&!fast&!love: negative
!but&!is&!fast&love: positive
!but&!is&fast: positive
!but&is&!ani&!problem: positive
!but&is&!ani&problem: negative
!but&is&ani&!on: neutral
!but&is&ani&on: negative
but&!littl&!to&!and: conflict
but&!littl&!to&and: positive
but&!littl&to&!batteri: neutral
but&!littl&to&batteri: conflict
but&littl: negative
DecisionTree learned:
!but&!is&!fast&!speed: negative
!but&!is&!fast&speed: positive
!but&!is&fast: positive
!but&is&!ani&!littl: positive
!but&is&!ani&littl: conflict
!but&is&ani&!on: neutral
!but&is&ani&on: negative
but&!look&!a&!temperatur: negative
but&!look&!a&temperatur: neutral
but&!look&a&!n: conflict
but&!look&a&n: negative
but&look&!if: positive
but&look&if: negative
DecisionTree learned:
!but&!great&!good&!and: negative
!but&!great&!good&and: positive
!but&!great&good&!no: positive
!but&!great&good&no: negative
!but&great&!you&!had: positive
!but&great&!you&had: negative
!but&great&you: neutral
but&!power&!to&!replac: positive
but&!power&!to&replac: neutral
but&!power&to&!batteri: neutral
but&!power&to&batteri: conflict
but&power: neutral
DecisionTree learned:
!but&!is&!love&!easi: negative
!but&!is&!love&easi: positive
!but&!is&love&!user: positive
!but&!is&love&user: neutral
!but&is&!not&!littl: positive
!but&is&!not&littl: conflict
!but&is&not&!load: negative
!but&is&not&load: conflict
but&!learn&!and&!screen: negative
but&!learn&!and&screen: conflict
but&!learn&and&!ha: positive
but&!learn&and&ha: conflict
but&learn&!mac: neutral
but&learn&mac: positive
DecisionTree learned:
!but&!not&!and&!littl: negative
!but&!not&!and&littl: negative
!but&!not&and&!extend: positive
!but&!not&and&extend: neutral
!but&not&!cd&!graphic: negative
!but&not&!cd&graphic: conflict
!but&not&cd: conflict
but&!power&!learn&!i: negative
but&!power&!learn&i: positive
but&!power&learn&!mac: neutral
but&!power&learn&mac: positive
but&power: neutral
DecisionTree learned:
!but&!easi&!good&!speed: negative
!but&!easi&!good&speed: positive
!but&!easi&good&!no: positive
!but&!easi&good&no: negative
!but&easi&!anoth&!not: positive
!but&easi&!anoth&not: positive
!but&easi&anoth: neutral
but&!laptop&!repair&!be: positive
but&!laptop&!repair&be: negative
but&!laptop&repair: negative
but&laptop&!the: neutral
but&laptop&the&!is: positive
but&laptop&the&is: neutral
DecisionTree learned:
!but&!is&!fast&!love: negative
!but&!is&!fast&love: positive
!but&!is&fast: positive
!but&is&!veri&!ani: positive
!but&is&!veri&ani: neutral
!but&is&veri&!not: positive
!but&is&veri&not: negative
but&!screen&!need&!temperatur: negative
but&!screen&!need&temperatur: neutral
but&!screen&need&!laptop: positive
but&!screen&need&laptop: neutral
but&screen&!and&!the: conflict
but&screen&!and&the: negative
but&screen&and: positive
DecisionTree learned:
!but&!great&!and&!awesom: negative
!but&!great&!and&awesom: positive
!but&!great&and&!extend: positive
!but&!great&and&extend: neutral
!but&great&!media&!etc: positive
!but&great&!media&etc: negative
!but&great&media: conflict
but&!outsid&!function&!a: negative
but&!outsid&!function&a: conflict
but&!outsid&function: neutral
but&outsid&!software: neutral
but&outsid&software: negative
DecisionTree learned:
!but&!is&!and&!drive: negative
!but&!is&!and&drive: negative
!but&!is&and&!extend: positive
!but&!is&and&extend: neutral
!but&is&!ani&!littl: positive
!but&is&!ani&littl: conflict
!but&is&ani&!on: neutral
!but&is&ani&on: negative
but&!n&!a&!be: positive
but&!n&!a&be: negative
but&!n&a&!batteri: neutral
but&!n&a&batteri: conflict
but&n&!that&!mous: negative
but&n&!that&mous: positive
but&n&that: conflict
DecisionTree learned:
!but&!and&!price&!problem: negative
!but&!and&!price&problem: negative
!but&!and&price&!sinc: positive
!but&!and&price&sinc: conflict
!but&and&!extended&!is: positive
!but&and&!extended&is: positive
!but&and&extended&!when: neutral
!but&and&extended&when: conflict
but&!laptop&!repair&!be: positive
but&!laptop&!repair&be: negative
but&!laptop&repair: negative
but&laptop&!the: neutral
but&laptop&the&!is: positive
but&laptop&the&is: neutral
DecisionTree learned:
!but&!speed&!love&!use: negative
!but&!speed&!love&use: positive
!but&!speed&love&!had: positive
!but&!speed&love&had: neutral
!but&speed&!use&!differ: positive
!but&speed&!use&differ: negative
!but&speed&use: negative
but&!call&!the&!use: conflict
but&!call&!the&use: negative
but&!call&the&!of: negative
but&!call&the&of: positive
but&call: neutral
DecisionTree learned:
!but&!speed&!complain&!and: negative
!but&!speed&!complain&and: positive
!but&!speed&complain&!to: conflict
!but&!speed&complain&to: positive
!but&speed&!use&!differ: positive
!but&speed&!use&differ: negative
!but&speed&use: negative
but&!software&!laptop&!new: negative
but&!software&!laptop&new: neutral
but&!software&laptop&!the: neutral
but&!software&laptop&the: positive
but&software&!extra&!that: negative
but&software&!extra&that: positive
but&software&extra: conflict
DecisionTree learned:
!but&!easi&!amaz&!or: negative
!but&!easi&!amaz&or: neutral
!but&!easi&amaz: positive
!but&easi&!anoth&!not: positive
!but&easi&!anoth&not: positive
!but&easi&anoth: neutral
but&!repair&!be&!n: positive
but&!repair&!be&n: negative
but&!repair&be&!a: negative
but&!repair&be&a: positive
but&repair: negative
DecisionTree learned:
!but&!is&!macbook&!after: negative
!but&!is&!macbook&after: negative
!but&!is&macbook&!of: positive
!but&!is&macbook&of: conflict
!but&is&!ye&!littl: positive
!but&is&!ye&littl: conflict
!but&is&ye&!and: conflict
!but&is&ye&and: positive
but&!isol&!to&!laptop: negative
but&!isol&!to&laptop: neutral
but&!isol&to&!batteri: neutral
but&!isol&to&batteri: conflict
but&isol: neutral
DecisionTree learned:
!but&!is&!fast&!not: positive
!but&!is&!fast&not: negative
!but&!is&fast: positive
!but&is&!problem&!not: positive
!but&is&!problem&not: negative
!but&is&problem&!support: negative
!but&is&problem&support: positive
but&!to&!onli&!i: negative
but&!to&!onli&i: positive
but&!to&onli&!i: neutral
but&!to&onli&i: positive
but&to&!batteri&!you: neutral
but&to&!batteri&you: neutral
but&to&batteri&!for: negative
but&to&batteri&for: conflict
DecisionTree learned:
!but&!veri&!speed&!use: negative
!but&!veri&!speed&use: positive
!but&!veri&speed&!use: positive
!but&!veri&speed&use: negative
!but&veri&!about&!featur: positive
!but&veri&!about&featur: negative
!but&veri&about: conflict
but&!to&!function&!laptop: negative
but&!to&!function&laptop: neutral
but&!to&function: neutral
but&to&!batteri&!you: neutral
but&to&!batteri&you: neutral
but&to&batteri&!my: conflict
but&to&batteri&my: negative
DecisionTree learned:
!but&!is&!macbook&!love: negative
!but&!is&!macbook&love: positive
!but&!is&macbook&!for: positive
!but&!is&macbook&for: neutral
!but&is&!littl&!laptop: positive
!but&is&!littl&laptop: neutral
!but&is&littl&!and: conflict
!but&is&littl&and: negative
but&!outsid&!function&!power: negative
but&!outsid&!function&power: neutral
but&!outsid&function: neutral
but&outsid&!software: neutral
but&outsid&software: negative
DecisionTree learned:
!but&!great&!and&!worth: negative
!but&!great&!and&worth: conflict
!but&!great&and&!extended: positive
!but&!great&and&extended: neutral
!but&great&!media&!batteri: positive
!but&great&!media&batteri: negative
!but&great&media&!game: conflict
!but&great&media&game: positive
but&!standard&!a&!they: positive
but&!standard&!a&they: negative
but&!standard&a&!batteri: neutral
but&!standard&a&batteri: conflict
but&standard: conflict
DecisionTree learned:
!but&!easi&!is&!some: negative
!but&!easi&!is&some: negative
!but&!easi&is&!secur: positive
!but&!easi&is&secur: neutral
!but&easi&!keyboard&!carri: positive
!but&easi&!keyboard&carri: positive
!but&easi&keyboard: neutral
but&!be&!new&!temperatur: negative
but&!be&!new&temperatur: neutral
but&!be&new&!and: positive
but&!be&new&and: neutral
but&be&!a&!mac: negative
but&be&!a&mac: positive
but&be&a&!hard: neutral
but&be&a&hard: negative
DecisionTree learned:
!but&!great&!speed&!and: negative
!but&!great&!speed&and: positive
!but&!great&speed&!differ: positive
!but&!great&speed&differ: negative
!but&great&!lack&!media: positive
!but&great&!lack&media: conflict
!but&great&lack: negative
but&!i&!onli&!learn: negative
but&!i&!onli&learn: neutral
but&!i&onli&!for: neutral
but&!i&onli&for: negative
but&i&!on&!can: positive
but&i&!on&can: neutral
but&i&on: neutral
DecisionTree learned:
!but&!complain&!good&!and: negative
!but&!complain&!good&and: positive
!but&!complain&good&!no: positive
!but&!complain&good&no: negative
!but&complain&!to: conflict
!but&complain&to: positive
but&!screen&!standard&!an: negative
but&!screen&!standard&an: neutral
but&!screen&standard: conflict
but&screen&!and&!the: conflict
but&screen&!and&the: negative
but&screen&and: positive
DecisionTree learned:
!but&!good&!love&!macbook: negative
!but&!good&!love&macbook: positive
!but&!good&love&!had: positive
!but&!good&love&had: neutral
!but&good&!the: positive
!but&good&the&!skip: positive
!but&good&the&skip: neutral
but&!temperatur&!be&!laptop: negative
but&!temperatur&!be&laptop: neutral
but&!temperatur&be&!a: negative
but&!temperatur&be&a: neutral
but&temperatur: neutral
DecisionTree learned:
!but&!easi&!complain&!and: negative
!but&!easi&!complain&and: positive
!but&!easi&complain&!to: conflict
!but&!easi&complain&to: positive
!but&easi&!not&!keyboard: positive
!but&easi&!not&keyboard: neutral
!but&easi&not&!and: negative
!but&easi&not&and: positive
but&!comput&!screen&!an: positive
but&!comput&!screen&an: conflict
but&!comput&screen&!and: conflict
but&!comput&screen&and: positive
but&comput&!that: negative
but&comput&that: conflict
DecisionTree learned:
!but&!or&!amaz&!worth: negative
!but&!or&!amaz&worth: conflict
!but&!or&amaz: positive
!but&or&!app&!window: neutral
!but&or&!app&window: negative
!but&or&app: positive
but&!gener&!support&!veri: conflict
but&!gener&!support&veri: positive
but&!gener&support: negative
but&gener: negative
DecisionTree learned:
!but&!easi&!complain&!and: negative
!but&!easi&!complain&and: positive
!but&!easi&complain&!to: conflict
!but&!easi&complain&to: positive
!but&easi&!anoth&!not: positive
!but&easi&!anoth&not: positive
!but&easi&anoth: neutral
but&!need&!want&!software: negative
but&!need&!want&software: negative
but&!need&want&!to: conflict
but&!need&want&to: neutral
but&need&!laptop: positive
but&need&laptop&!my: neutral
but&need&laptop&my: positive
DecisionTree learned:
!but&!macbook&!had&!love: negative
!but&!macbook&!had&love: positive
!but&!macbook&had&!applications: negative
!but&!macbook&had&applications: positive
!but&macbook&!for&!pro: conflict
!but&macbook&!for&pro: positive
!but&macbook&for&!of: neutral
!but&macbook&for&of: negative
but&!to&!temperatur&!replac: negative
but&!to&!temperatur&replac: neutral
but&!to&temperatur: neutral
but&to&!batteri&!littl: neutral
but&to&!batteri&littl: negative
but&to&batteri&!my: conflict
but&to&batteri&my: negative
DecisionTree learned:
!but&!back&!and&!price: negative
!but&!back&!and&price: positive
!but&!back&and&!extended: positive
!but&!back&and&extended: neutral
!but&back&!they: negative
!but&back&they&!insid: negative
!but&back&they&insid: neutral
but&!be&!they&!support: positive
but&!be&!they&support: negative
but&!be&they&!warranti: negative
but&!be&they&warranti: neutral
but&be&!would&!a: negative
but&be&!would&a: neutral
but&be&would&!softwar: positive
but&be&would&softwar: negative
DecisionTree learned:
!but&!and&!price&!some: negative
!but&!and&!price&some: negative
!but&!and&price&!sinc: positive
!but&!and&price&sinc: conflict
!but&and&!extended&!is: positive
!but&and&!extended&is: positive
!but&and&extended&!when: neutral
!but&and&extended&when: conflict
but&!to&!onli&!i: negative
but&!to&!onli&i: positive
but&!to&onli&!i: neutral
but&!to&onli&i: positive
but&to&!batteri&!with: neutral
but&to&!batteri&with: negative
but&to&batteri&!my: conflict
but&to&batteri&my: negative
DecisionTree learned:
!but&!and&!worth&!version: negative
!but&!and&!worth&version: conflict
!but&!and&worth&!for: conflict
!but&!and&worth&for: neutral
!but&and&!email&!extend: positive
!but&and&!email&extend: neutral
!but&and&email&!ms: neutral
!but&and&email&ms: positive
but&!make&!offic&!i: negative
but&!make&!offic&i: negative
but&!make&offic&!is: neutral
but&!make&offic&is: neutral
but&make&!to&!window: conflict
but&make&!to&window: negative
but&make&to: negative
DecisionTree learned:
!but&!or&!complain&!and: negative
!but&!or&!complain&and: positive
!but&!or&complain&!to: conflict
!but&!or&complain&to: positive
!but&or&!window&!no: neutral
!but&or&!window&no: positive
!but&or&window&!plenti: negative
!but&or&window&plenti: positive
but&!to&!function&!replac: negative
but&!to&!function&replac: neutral
but&!to&function: neutral
but&to&!batteri&!littl: neutral
but&to&!batteri&littl: negative
but&to&batteri&!my: conflict
but&to&batteri&my: negative
DecisionTree learned:
!but&!macbook&!great&!and: negative
!but&!macbook&!great&and: positive
!but&!macbook&great&!media: positive
!but&!macbook&great&media: conflict
!but&macbook&!hard&!be: positive
!but&macbook&!hard&be: conflict
!but&macbook&hard: conflict
but&!to&!replac&!outsid: negative
but&!to&!replac&outsid: neutral
but&!to&replac: neutral
but&to&!batteri&!with: neutral
but&to&!batteri&with: negative
but&to&batteri&!for: negative
but&to&batteri&for: conflict
DecisionTree learned:
!but&!is&!eee&!macbook: negative
!but&!is&!eee&macbook: positive
!but&!is&eee: conflict
!but&is&!littl&!problem: positive
!but&is&!littl&problem: negative
!but&is&littl&!and: conflict
!but&is&littl&and: negative
but&!call&!power&!on: positive
but&!call&!power&on: neutral
but&!call&power: neutral
but&call: neutral
DecisionTree learned:
!but&!is&!and&!get: negative
!but&!is&!and&get: conflict
!but&!is&and&!extended: positive
!but&!is&and&extended: neutral
!but&is&!littl&!not: positive
!but&is&!littl&not: negative
!but&is&littl&!and: conflict
!but&is&littl&and: negative
but&!repair&!screen&!n: positive
but&!repair&!screen&n: negative
but&!repair&screen&!and: conflict
but&!repair&screen&and: positive
but&repair: negative
DecisionTree learned:
!but&!laptop&!is&!and: negative
!but&!laptop&!is&and: positive
!but&!laptop&is&!secur: positive
!but&!laptop&is&secur: neutral
!but&laptop&!it&!from: positive
!but&laptop&!it&from: conflict
!but&laptop&it&!and: conflict
!but&laptop&it&and: negative
but&!call&!i&!and: conflict
but&!call&!i&and: positive
but&!call&i&!on: positive
but&!call&i&on: neutral
but&call: neutral
DecisionTree learned:
!but&!good&!version&!complain: negative
!but&!good&!version&complain: conflict
!but&!good&version&!program: conflict
!but&!good&version&program: positive
!but&good&!no&!went: positive
!but&good&!no&went: negative
!but&good&no: negative
but&!laptop&!to&!power: negative
but&!laptop&!to&power: neutral
but&!laptop&to&!batteri: neutral
but&!laptop&to&batteri: negative
but&laptop&!thi&!secur: neutral
but&laptop&!thi&secur: positive
but&laptop&thi: positive
DecisionTree learned:
!but&!complain&!version&!laptop: negative
!but&!complain&!version&laptop: positive
!but&!complain&version&!program: conflict
!but&!complain&version&program: positive
!but&complain&!to: conflict
!but&complain&to: positive
but&!use&!repair&!power: conflict
but&!use&!repair&power: neutral
but&!use&repair: negative
but&use&!for&!is: positive
but&use&!for&is: negative
but&use&for: neutral
DecisionTree learned:
!but&!great&!and&!drive: negative
!but&!great&!and&drive: neutral
!but&!great&and&!were: positive
!but&!great&and&were: negative
!but&great&!media&!vent: positive
!but&great&!media&vent: neutral
!but&great&media&!game: conflict
!but&great&media&game: positive
but&!huge&!look&!laptop: negative
but&!huge&!look&laptop: neutral
but&!huge&look&!if: positive
but&!huge&look&if: negative
but&huge: conflict
DecisionTree learned:
!but&!and&!worth&!felt: negative
!but&!and&!worth&felt: conflict
!but&!and&worth&!for: conflict
!but&!and&worth&for: neutral
!but&and&!extended&!media: positive
!but&and&!extended&media: conflict
!but&and&extended&!when: neutral
!but&and&extended&when: conflict
but&!wa&!to&!screen: positive
but&!wa&!to&screen: conflict
but&!wa&to&!you: positive
but&!wa&to&you: neutral
but&wa&!veri&!that: negative
but&wa&!veri&that: conflict
but&wa&veri: positive
DecisionTree learned:
!but&!and&!price&!some: negative
!but&!and&!price&some: negative
!but&!and&price&!sinc: positive
!but&!and&price&sinc: conflict
!but&and&!word&!email: positive
!but&and&!word&email: neutral
!but&and&word&!i: neutral
!but&and&word&i: positive
but&!temperatur&!call&!laptop: negative
but&!temperatur&!call&laptop: neutral
but&!temperatur&call: neutral
but&temperatur: neutral
DecisionTree learned:
!but&!complain&!and&!littl: negative
!but&!complain&!and&littl: conflict
!but&!complain&and&!sol: positive
!but&!complain&and&sol: conflict
!but&complain&!to: conflict
!but&complain&to: positive
but&!power&!littl&!n: positive
but&!power&!littl&n: negative
but&!power&littl: negative
but&power: neutral
DecisionTree learned:
!but&!lack&!is&!macbook: neutral
!but&!lack&!is&macbook: positive
!but&!lack&is&!littl: positive
!but&!lack&is&littl: conflict
!but&lack&!thi: negative
!but&lack&thi: conflict
but&!on&!function&!featur: negative
but&!on&!function&featur: positive
but&!on&function: neutral
but&on&!i&!are: negative
but&on&!i&are: conflict
but&on&i: neutral
DecisionTree learned:
!but&!and&!some&!to: negative
!but&!and&!some&to: negative
!but&!and&some&!featur: conflict
!but&!and&some&featur: positive
!but&and&!extended&!is: positive
!but&and&!extended&is: positive
!but&and&extended&!when: neutral
!but&and&extended&when: conflict
but&!learn&!warranti&!on: positive
but&!learn&!warranti&on: neutral
but&!learn&warranti&!repair: neutral
but&!learn&warranti&repair: negative
but&learn&!mac: neutral
but&learn&mac: positive
DecisionTree learned:
!but&!eee&!opt&!macbook: negative
!but&!eee&!opt&macbook: positive
!but&!eee&opt&!batteri: conflict
!but&!eee&opt&batteri: positive
!but&eee: conflict
but&!function&!featur&!support: negative
but&!function&!featur&support: negative
but&!function&featur&!feature: positive
but&!function&featur&feature: conflict
but&function: neutral
DecisionTree learned:
!and&!ye&!but&!eee: negative
!and&!ye&!but&eee: conflict
!and&!ye&but&!i: conflict
!and&!ye&but&i: positive
!and&ye: conflict
and&!word&!media&!firefox: positive
and&!word&!media&firefox: neutral
and&!word&media&!game: conflict
and&!word&media&game: positive
and&word&!but&!i: neutral
and&word&!but&i: positive
and&word&but: conflict
DecisionTree learned:
!but&!and&!it&!despit: neutral
!but&!and&!it&despit: conflict
!but&!and&it&!laptop: negative
!but&!and&it&laptop: conflict
!but&and&!media&!extended: positive
!but&and&!media&extended: neutral
!but&and&media&!game: conflict
!but&and&media&game: positive
but&!to&!replac&!function: negative
but&!to&!replac&function: neutral
but&!to&replac: neutral
but&to&!batteri&!be: neutral
but&to&!batteri&be: negative
but&to&batteri&!my: conflict
but&to&batteri&my: negative
DecisionTree learned:
!but&!complain&!and&!worth: negative
!but&!complain&!and&worth: conflict
!but&!complain&and&!media: positive
!but&!complain&and&media: conflict
!but&complain&!to: conflict
!but&complain&to: positive
but&!life&!so&!power: negative
but&!life&!so&power: neutral
but&!life&so: neutral
but&life&!to: conflict
but&life&to&!for: negative
but&life&to&for: conflict
DecisionTree learned:
!but&!good&!version&!against: negative
!but&!good&!version&against: conflict
!but&!good&version&!program: conflict
!but&!good&version&program: positive
!but&good&!the: positive
!but&good&the&!game: positive
!but&good&the&game: neutral
but&!temperatur&!to&!replac: positive
but&!temperatur&!to&replac: neutral
but&!temperatur&to&!batteri: neutral
but&!temperatur&to&batteri: conflict
but&temperatur: neutral
DecisionTree learned:
!but&!opt&!easi&!is: neutral
!but&!opt&!easi&is: positive
!but&!opt&easi&!anoth: positive
!but&!opt&easi&anoth: neutral
!but&opt&!batteri: conflict
!but&opt&batteri: positive
but&!use&!i&!onli: conflict
but&!use&!i&onli: neutral
but&!use&i&!and: neutral
but&!use&i&and: positive
but&use&!is&!a: positive
but&use&!is&a: negative
but&use&is: negative
DecisionTree learned:
!but&!back&!problem&!and: neutral
!but&!back&!problem&and: positive
!but&!back&problem&!out: negative
!but&!back&problem&out: neutral
!but&back&!they: negative
!but&back&they&!is: neutral
!but&back&they&is: negative
but&!laptop&!i&!new: negative
but&!laptop&!i&new: neutral
but&!laptop&i&!on: positive
but&!laptop&i&on: neutral
but&laptop&!thi&!secur: neutral
but&laptop&!thi&secur: positive
but&laptop&thi: positive
DecisionTree learned:
!but&!version&!s&!worth: negative
!but&!version&!s&worth: conflict
!but&!version&s&!though: positive
!but&!version&s&though: conflict
!but&version&!program&!can: conflict
!but&version&!program&can: negative
!but&version&program&!to: neutral
!but&version&program&to: positive
but&!be&!new&!it: positive
but&!be&!new&it: conflict
but&!be&new&!and: positive
but&!be&new&and: neutral
but&be&!a&!mac: negative
but&be&!a&mac: positive
but&be&a&!would: neutral
but&be&a&would: positive
DecisionTree learned:
!but&!felt&!eee&!great: negative
!but&!felt&!eee&great: positive
!but&!felt&eee: conflict
!but&felt: conflict
but&!who&!repair&!be: positive
but&!who&!repair&be: negative
but&!who&repair: negative
but&who: neutral
DecisionTree learned:
!but&!speed&!felt&!easi: negative
!but&!speed&!felt&easi: positive
!but&!speed&felt: conflict
!but&speed&!use&!differ: positive
!but&speed&!use&differ: negative
!but&speed&use: negative
but&!power&!outsid&!new: negative
but&!power&!outsid&new: neutral
but&!power&outsid&!software: neutral
but&!power&outsid&software: negative
but&power: neutral
DecisionTree learned:
!but&!laptop&!macbook&!is: neutral
!but&!laptop&!macbook&is: positive
!but&!laptop&macbook&!hard: positive
!but&!laptop&macbook&hard: conflict
!but&laptop&!it&!went: positive
!but&laptop&!it&went: conflict
!but&laptop&it&!and: conflict
!but&laptop&it&and: negative
but&!to&!isol&!outsid: positive
but&!to&!isol&outsid: neutral
but&!to&isol: neutral
but&to&!batteri&!with: neutral
but&to&!batteri&with: negative
but&to&batteri&!my: conflict
but&to&batteri&my: negative
DecisionTree learned:
!but&!complain&!and&!it: neutral
!but&!complain&!and&it: negative
!but&!complain&and&!extend: positive
!but&!complain&and&extend: neutral
!but&complain&!to: conflict
!but&complain&to: positive
but&!outsid&!littl&!call: positive
but&!outsid&!littl&call: neutral
but&!outsid&littl: negative
but&outsid&!software: neutral
but&outsid&software: negative
DecisionTree learned:
!but&!portabl&!ye&!macbook: negative
!but&!portabl&!ye&macbook: positive
!but&!portabl&ye: conflict
!but&portabl&!and: conflict
!but&portabl&and: positive
but&!life&!standard&!outsid: negative
but&!life&!standard&outsid: neutral
but&!life&standard: conflict
but&life&!to: conflict
but&life&to&!for: negative
but&life&to&for: conflict
DecisionTree learned:
!but&!and&!worth&!portabl: negative
!but&!and&!worth&portabl: conflict
!but&!and&worth&!for: conflict
!but&!and&worth&for: positive
!but&and&!media&!extend: positive
!but&and&!media&extend: neutral
!but&and&media&!game: conflict
!but&and&media&game: positive
but&!i&!onli&!you: conflict
but&!i&!onli&you: positive
but&!i&onli&!for: neutral
but&!i&onli&for: negative
but&i&!on&!with: positive
but&i&!on&with: neutral
but&i&on: neutral
DecisionTree learned:
!but&!version&!get&!is: neutral
!but&!version&!get&is: positive
!but&!version&get&!it: conflict
!but&!version&get&it: negative
!but&version&!program&!offic: conflict
!but&version&!program&offic: positive
!but&version&program&!to: neutral
!but&version&program&to: positive
but&!standard&!littl&!support: positive
but&!standard&!littl&support: negative
but&!standard&littl: negative
but&standard: conflict
DecisionTree learned:
!but&!and&!littl&!worth: negative
!but&!and&!littl&worth: conflict
!but&!and&littl&!is: negative
!but&!and&littl&is: conflict
!but&and&!email&!firefox: positive
!but&and&!email&firefox: neutral
!but&and&email&!ms: neutral
!but&and&email&ms: positive
but&!replac&!to&!function: conflict
but&!replac&!to&function: neutral
but&!replac&to&!with: neutral
but&!replac&to&with: negative
but&replac&!to: neutral
but&replac&to&!my: conflict
but&replac&to&my: conflict
DecisionTree learned:
!but&!complain&!and&!it: neutral
!but&!complain&!and&it: negative
!but&!complain&and&!media: positive
!but&!complain&and&media: conflict
!but&complain&!to: conflict
!but&complain&to: positive
but&!laptop&!so&!on: positive
but&!laptop&!so&on: neutral
but&!laptop&so: neutral
but&laptop&!secur&!thi: neutral
but&laptop&!secur&thi: positive
but&laptop&secur: positive
DecisionTree learned:
!but&!complain&!and&!worth: negative
!but&!complain&!and&worth: conflict
!but&!complain&and&!sol: positive
!but&!complain&and&sol: conflict
!but&complain&!to: conflict
!but&complain&to: positive
but&!be&!use&!offic: conflict
but&!be&!use&offic: neutral
but&!be&use&!need: positive
but&!be&use&need: neutral
but&be&!better&!would: negative
but&be&!better&would: positive
but&be&better: neutral
DecisionTree learned:
!but&!and&!worth&!opt: negative
!but&!and&!worth&opt: conflict
!but&!and&worth&!for: conflict
!but&!and&worth&for: neutral
!but&and&!complain&!sol: positive
!but&and&!complain&sol: conflict
!but&and&complain: conflict
but&!comput&!wa&!to: positive
but&!comput&!wa&to: neutral
but&!comput&wa&!veri: negative
but&!comput&wa&veri: positive
but&comput&!that: negative
but&comput&that: conflict
DecisionTree learned:
!and&!ye&!drive&!but: negative
!and&!ye&!drive&but: negative
!and&!ye&drive&!the: negative
!and&!ye&drive&the: neutral
!and&ye: conflict
and&!complain&!media&!were: positive
and&!complain&!media&were: negative
and&!complain&media&!game: conflict
and&!complain&media&game: positive
and&complain: conflict
DecisionTree learned:
!but&!despit&!macbook&!felt: negative
!but&!despit&!macbook&felt: conflict
!but&!despit&macbook&!hard: positive
!but&!despit&macbook&hard: conflict
!but&despit&!so: conflict
!but&despit&so: negative
but&!laptop&!new&!it: negative
but&!laptop&!new&it: conflict
but&!laptop&new&!and: positive
but&!laptop&new&and: neutral
but&laptop&!secur: neutral
but&laptop&secur: positive
DecisionTree learned:
!but&!complain&!and&!worth: negative
!but&!complain&!and&worth: conflict
!but&!complain&and&!media: positive
!but&!complain&and&media: conflict
!but&complain&!to: conflict
!but&complain&to: positive
but&!huge&!standard&!the: conflict
but&!huge&!standard&the: positive
but&!huge&standard: conflict
but&huge: conflict
DecisionTree learned:
!but&!eee&!felt&!s: negative
!but&!eee&!felt&s: positive
!but&!eee&felt: conflict
!but&eee: conflict
but&!to&!replac&!i: conflict
but&!to&!replac&i: positive
but&!to&replac: neutral
but&to&!have&!my: neutral
but&to&!have&my: negative
but&to&have&!i: positive
but&to&have&i: conflict
DecisionTree learned:
!but&!and&!worth&!some: negative
!but&!and&!worth&some: negative
!but&!and&worth&!for: conflict
!but&!and&worth&for: neutral
!but&and&!media&!extended: positive
!but&and&!media&extended: neutral
!but&and&media&!game: conflict
!but&and&media&game: positive
but&!function&!a&!outsid: positive
but&!function&!a&outsid: neutral
but&!function&a&!batteri: neutral
but&!function&a&batteri: conflict
but&function: neutral
DecisionTree learned:
!and&!but&!some&!to: negative
!and&!but&!some&to: negative
!and&!but&some&!is: conflict
!and&!but&some&is: neutral
!and&but&!i&!to: conflict
!and&but&!i&to: neutral
!and&but&i&!did: neutral
!and&but&i&did: neutral
and&!media&!complain&!extended: positive
and&!media&!complain&extended: neutral
and&!media&complain: conflict
and&media&!game: conflict
and&media&game: positive
DecisionTree learned:
!but&!and&!littl&!against: negative
!but&!and&!littl&against: conflict
!but&!and&littl&!is: negative
!but&!and&littl&is: conflict
!but&and&!extend&!is: positive
!but&and&!extend&is: positive
!but&and&extend&!when: neutral
!but&and&extend&when: conflict
but&!power&!want&!huge: positive
but&!power&!want&huge: conflict
but&!power&want&!to: conflict
but&!power&want&to: neutral
but&power: neutral
DecisionTree learned:
!and&!or&!but&!littl: negative
!and&!or&!but&littl: conflict
!and&!or&but&!i: conflict
!and&!or&but&i: neutral
!and&or&!lag&!phone: neutral
!and&or&!lag&phone: positive
!and&or&lag: positive
and&!had&!firefox&!email: positive
and&!had&!firefox&email: neutral
and&!had&firefox: neutral
and&had&!that&!toshiba: negative
and&had&!that&toshiba: positive
and&had&that&!old: neutral
and&had&that&old: negative
DecisionTree learned:
!but&!and&!perfect&!some: negative
!but&!and&!perfect&some: conflict
!but&!and&perfect&!so: negative
!but&!and&perfect&so: conflict
!but&and&!sol&!is: neutral
!but&and&!sol&is: positive
!but&and&sol: conflict
but&!power&!temperatur&!an: negative
but&!power&!temperatur&an: neutral
but&!power&temperatur: neutral
but&power: neutral
DecisionTree learned:
!and&!it&!get&!littl: neutral
!and&!it&!get&littl: conflict
!and&!it&get&!i: neutral
!and&!it&get&i: conflict
!and&it&!laptop&!long: negative
!and&it&!laptop&long: conflict
!and&it&laptop&!for: conflict
!and&it&laptop&for: positive
and&!extend&!email&!media: positive
and&!extend&!email&media: conflict
and&!extend&email&!screen: neutral
and&!extend&email&screen: positive
and&extend&!when&!mous: neutral
and&extend&!when&mous: negative
and&extend&when: conflict
DecisionTree learned:
!and&!but&!it&!get: negative
!and&!but&!it&get: conflict
!and&!but&it&!laptop: negative
!and&!but&it&laptop: conflict
!and&but&!i&!an: negative
!and&but&!i&an: conflict
!and&but&i&!did: positive
!and&but&i&did: conflict
and&!the&!alway&!about: positive
and&!the&!alway&about: negative
and&!the&alway&!i: negative
and&!the&alway&i: conflict
and&the&!when&!great: negative
and&the&!when&great: positive
and&the&when&!laptop: neutral
and&the&when&laptop: conflict
DecisionTree learned:
!but&!against&!version&!get: negative
!but&!against&!version&get: negative
!but&!against&version&!program: conflict
!but&!against&version&program: positive
!but&against: conflict
but&!i&!onli&!learn: positive
but&!i&!onli&learn: neutral
but&!i&onli&!for: neutral
but&!i&onli&for: negative
but&i&!on&!with: positive
but&i&!on&with: neutral
but&i&on: neutral
DecisionTree learned:
!but&!version&!complain&!mind: negative
!but&!version&!complain&mind: conflict
!but&!version&complain&!to: conflict
!but&!version&complain&to: positive
!but&version&!program&!can: conflict
!but&version&!program&can: negative
!but&version&program&!to: neutral
!but&version&program&to: positive
but&!laptop&!to&!replac: negative
but&!laptop&!to&replac: neutral
but&!laptop&to&!batteri: neutral
but&!laptop&to&batteri: negative
but&laptop&!that: neutral
but&laptop&that: positive
DecisionTree learned:
!but&!portabl&!long&!the: neutral
!but&!portabl&!long&the: negative
!but&!portabl&long&!so: positive
!but&!portabl&long&so: conflict
!but&portabl&!and: conflict
!but&portabl&and: positive
but&!the&!softwar&!use: conflict
but&!the&!softwar&use: negative
but&!the&softwar&!extra: negative
but&!the&softwar&extra: conflict
but&the&!had&!comput: positive
but&the&!had&comput: negative
but&the&had: conflict
DecisionTree learned:
!but&!and&!worth&!felt: negative
!but&!and&!worth&felt: conflict
!but&!and&worth&!for: conflict
!but&!and&worth&for: neutral
!but&and&!extended&!complain: positive
!but&and&!extended&complain: conflict
!but&and&extended&!when: neutral
!but&and&extended&when: conflict
but&!function&!power&!os: negative
but&!function&!power&os: positive
but&!function&power: neutral
but&function: neutral
DecisionTree learned:
!but&!some&!complain&!macbook: negative
!but&!some&!complain&macbook: positive
!but&!some&complain&!to: conflict
!but&!some&complain&to: positive
!but&some&!especi&!function: negative
!but&some&!especi&function: conflict
!but&some&especi: conflict
but&!noth&!on&!have: negative
but&!noth&!on&have: conflict
but&!noth&on&!i: conflict
but&!noth&on&i: neutral
but&noth: negative
DecisionTree learned:
!but&!against&!opt&!some: positive
!but&!against&!opt&some: negative
!but&!against&opt&!batteri: conflict
!but&!against&opt&batteri: positive
!but&against: conflict
but&!screen&!power&!need: negative
but&!screen&!power&need: positive
but&!screen&power: neutral
but&screen&!and&!on: conflict
but&screen&!and&on: negative
but&screen&and: positive
DecisionTree learned:
!but&!macbook&!ye&!felt: negative
!but&!macbook&!ye&felt: conflict
!but&!macbook&ye&!and: conflict
!but&!macbook&ye&and: positive
!but&macbook&!hard&!be: positive
!but&macbook&!hard&be: conflict
!but&macbook&hard: conflict
but&!i&!onli&!you: conflict
but&!i&!onli&you: positive
but&!i&onli&!for: neutral
but&!i&onli&for: negative
but&i&!buy&!did: positive
but&i&!buy&did: conflict
but&i&buy: conflict
DecisionTree learned:
!but&!and&!perfect&!worth: negative
!but&!and&!perfect&worth: conflict
!but&!and&perfect&!so: negative
!but&!and&perfect&so: conflict
!but&and&!media&!sol: positive
!but&and&!media&sol: conflict
!but&and&media&!game: conflict
!but&and&media&game: positive
but&!replac&!to&!i: negative
but&!replac&!to&i: positive
but&!replac&to&!littl: neutral
but&!replac&to&littl: negative
but&replac&!to: neutral
but&replac&to&!my: conflict
but&replac&to&my: conflict
DecisionTree learned:
!but&!and&!littl&!version: negative
!but&!and&!littl&version: conflict
!but&!and&littl&!is: negative
!but&!and&littl&is: conflict
!but&and&!media&!sol: positive
!but&and&!media&sol: conflict
!but&and&media&!game: conflict
!but&and&media&game: positive
but&!function&!i&!onli: conflict
but&!function&!i&onli: neutral
but&!function&i&!buy: positive
but&!function&i&buy: conflict
but&function: neutral
DecisionTree learned:
!but&!felt&!is&!version: neutral
!but&!felt&!is&version: conflict
!but&!felt&is&!littl: positive
!but&!felt&is&littl: conflict
!but&felt: conflict
but&!outsid&!be&!use: conflict
but&!outsid&!be&use: positive
but&!outsid&be&!a: negative
but&!outsid&be&a: neutral
but&outsid&!software: neutral
but&outsid&software: negative
DecisionTree learned:
!and&!or&!it&!felt: negative
!and&!or&!it&felt: conflict
!and&!or&it&!laptop: negative
!and&!or&it&laptop: conflict
!and&or&!as&!phone: neutral
!and&or&!as&phone: positive
!and&or&as: negative
and&!sol&!short&!email: positive
and&!sol&!short&email: neutral
and&!sol&short: negative
and&sol: conflict
DecisionTree learned:
!but&!some&!mind&!eee: positive
!but&!some&!mind&eee: conflict
!but&!some&mind: conflict
!but&some&!especi&!function: negative
!but&some&!especi&function: conflict
!but&some&especi: conflict
but&!so&!buy&!i: negative
but&!so&!buy&i: neutral
but&!so&buy: conflict
but&so: neutral
DecisionTree learned:
!but&!and&!perfect&!some: neutral
!but&!and&!perfect&some: conflict
!but&!and&perfect&!so: negative
!but&!and&perfect&so: conflict
!but&and&!media&!fast: positive
!but&and&!media&fast: positive
!but&and&media&!game: conflict
!but&and&media&game: positive
but&!look&!use&!huge: negative
but&!look&!use&huge: conflict
but&!look&use&!a: positive
but&!look&use&a: negative
but&look&!if: positive
but&look&if: negative
DecisionTree learned:
!but&!opt&!macbook&!against: negative
!but&!opt&!macbook&against: conflict
!but&!opt&macbook&!for: positive
!but&!opt&macbook&for: neutral
!but&opt&!batteri: conflict
!but&opt&batteri: positive
but&!screen&!an&!cost: positive
but&!screen&!an&cost: conflict
but&!screen&an&!a: conflict
but&!screen&an&a: neutral
but&screen&!and&!on: conflict
but&screen&!and&on: negative
but&screen&and: positive
DecisionTree learned:
!but&!and&!worth&!mind: negative
!but&!and&!worth&mind: conflict
!but&!and&worth&!for: conflict
!but&!and&worth&for: neutral
!but&and&!word&!would: positive
!but&and&!word&would: negative
!but&and&word&!i: neutral
!but&and&word&i: positive
but&!support&!power&!i: conflict
but&!support&!power&i: positive
but&!support&power: neutral
but&support: negative
DecisionTree learned:
!but&!would&!and&!littl: negative
!but&!would&!and&littl: conflict
!but&!would&and&!media: positive
!but&!would&and&media: conflict
!but&would&!they&!month: negative
!but&would&!they&month: positive
!but&would&they&!if: neutral
!but&would&they&if: positive
but&!temperatur&!gener&!comput: positive
but&!temperatur&!gener&comput: negative
but&!temperatur&gener: negative
but&temperatur: neutral
DecisionTree learned:
!but&!good&!worth&!version: negative
!but&!good&!worth&version: conflict
!but&!good&worth&!and: conflict
!but&!good&worth&and: negative
!but&good&!skip&!so: positive
!but&good&!skip&so: negative
!but&good&skip: neutral
but&!want&!i&!function: negative
but&!want&!i&function: neutral
but&!want&i&!ha: positive
but&!want&i&ha: negative
but&want&!to: conflict
but&want&to: neutral
DecisionTree learned:
!but&!and&!mind&!felt: negative
!but&!and&!mind&felt: conflict
!but&!and&mind: conflict
!but&and&!media&!extended: positive
!but&and&!media&extended: neutral
!but&and&media: conflict
but&!make&!power&!want: negative
but&!make&!power&want: conflict
but&!make&power: neutral
but&make&!to&!window: conflict
but&make&!to&window: negative
but&make&to: negative
DecisionTree learned:
!and&!ye&!littl&!but: negative
!and&!ye&!littl&but: negative
!and&!ye&littl&!is: negative
!and&!ye&littl&is: conflict
!and&ye: conflict
and&!complain&!media&!extended: positive
and&!complain&!media&extended: neutral
and&!complain&media&!is: positive
and&!complain&media&is: conflict
and&complain: conflict
DecisionTree learned:
!but&!and&!ye&!felt: negative
!but&!and&!ye&felt: conflict
!but&!and&ye: conflict
!but&and&!media&!complain: positive
!but&and&!media&complain: conflict
!but&and&media&!game: conflict
!but&and&media&game: positive
but&!noth&!life&!screen: positive
but&!noth&!life&screen: conflict
but&!noth&life&!to: conflict
but&!noth&life&to: negative
but&noth: negative
DecisionTree learned:
!but&!version&!especi&!opt: negative
!but&!version&!especi&opt: conflict
!but&!version&especi&!use: neutral
!but&!version&especi&use: conflict
!but&version&!program&!can: conflict
!but&version&!program&can: negative
!but&version&program&!to: neutral
!but&version&program&to: positive
but&!new&!featur&!use: conflict
but&!new&!featur&use: negative
but&!new&featur&!feature: positive
but&!new&featur&feature: conflict
but&new&!and: positive
but&new&and: neutral
Trial 0 Training cc.mallet.classify.AdaBoostM2Trainer@15f66cff finished
Trial 0 Trainer cc.mallet.classify.AdaBoostM2Trainer@15f66cff test data accuracy = 0.513184584178499

NaiveBayesTrainer
Summary. test accuracy mean = 0.6754563894523327 stddev = 0.0 stderr = 0.0

MaxEntTrainer,gaussianPriorVariance=1.0
Summary. test accuracy mean = 0.6632860040567952 stddev = 0.0 stderr = 0.0

cc.mallet.classify.DecisionTreeTrainer@266bade9
Summary. test accuracy mean = 0.5496957403651116 stddev = 0.0 stderr = 0.0

cc.mallet.classify.AdaBoostM2Trainer@15f66cff
Summary. test accuracy mean = 0.513184584178499 stddev = 0.0 stderr = 0.0
