
-------------------- Trial 0  --------------------

Trial 0 Training NaiveBayesTrainer with 1865 instances
Trial 0 Training NaiveBayesTrainer finished
Trial 0 Trainer NaiveBayesTrainer test data accuracy = 0.6430020283975659
Trial 0 Training MaxEntTrainer,gaussianPriorVariance=1.0 with 1865 instances
Trial 0 Training MaxEntTrainer,gaussianPriorVariance=1.0 finished
Trial 0 Trainer MaxEntTrainer,gaussianPriorVariance=1.0 test data accuracy = 0.6247464503042597
Trial 0 Training cc.mallet.classify.DecisionTreeTrainer@2b2d96f2 with 1865 instances
DecisionTree learned:
!great&!easi&!and&!but: negative
!great&!easi&!and&but: negative
!great&!easi&and&!extend: positive
!great&!easi&and&extend: neutral
!great&easi&!anoth&!carri: positive
!great&easi&!anoth&carri: positive
!great&easi&anoth: neutral
great&!etc&!but&!batteri: positive
great&!etc&!but&batteri: positive
great&!etc&but&!button: positive
great&!etc&but&button: negative
great&etc: negative
Trial 0 Training cc.mallet.classify.DecisionTreeTrainer@2b2d96f2 finished
Trial 0 Trainer cc.mallet.classify.DecisionTreeTrainer@2b2d96f2 test data accuracy = 0.5496957403651116
Trial 0 Training cc.mallet.classify.AdaBoostM2Trainer@73901437 with 1865 instances
DecisionTree learned:
!great&!easi&!and&!but: negative
!great&!easi&!and&but: negative
!great&!easi&and&!extend: positive
!great&!easi&and&extend: neutral
!great&easi&!anoth&!not: positive
!great&easi&!anoth&not: positive
!great&easi&anoth: neutral
great&!but&!etc&!batteri: positive
great&!but&!etc&batteri: positive
great&!but&etc: negative
great&but&!is&!spec: conflict
great&but&!is&spec: positive
great&but&is&!button: positive
great&but&is&button: negative
DecisionTree learned:
!great&!easi&!and&!but: negative
!great&!easi&!and&but: negative
!great&!easi&and&!word: positive
!great&!easi&and&word: neutral
!great&easi&!anoth&!carri: positive
!great&easi&!anoth&carri: positive
!great&easi&anoth: neutral
great&!you&!vent&!but: positive
great&!you&!vent&but: positive
great&!you&vent: neutral
great&you: neutral
DecisionTree learned:
!great&!but&!good&!love: negative
!great&!but&!good&love: positive
!great&!but&good&!no: positive
!great&!but&good&no: negative
!great&but&!support&!repair: negative
!great&but&!support&repair: negative
!great&but&support: negative
great&!etc&!but&!batteri: positive
great&!etc&!but&batteri: positive
great&!etc&but&!button: positive
great&!etc&but&button: negative
great&etc: negative
DecisionTree learned:
!great&!easi&!but&!good: negative
!great&!easi&!but&good: positive
!great&!easi&but&!power: negative
!great&!easi&but&power: neutral
!great&easi&!anoth&!not: positive
!great&easi&!anoth&not: positive
!great&easi&anoth: neutral
great&!etc&!had&!you: positive
great&!etc&!had&you: neutral
great&!etc&had: negative
great&etc: negative
DecisionTree learned:
!great&!and&!but&!love: negative
!great&!and&!but&love: positive
!great&!and&but&!i: negative
!great&!and&but&i: neutral
!great&and&!easi&!word: positive
!great&and&!easi&word: neutral
!great&and&easi: positive
great&!you&!vent&!etc: positive
great&!you&!vent&etc: negative
great&!you&vent: neutral
great&you: neutral
DecisionTree learned:
!but&!great&!speed&!love: negative
!but&!great&!speed&love: positive
!but&!great&speed&!differ: positive
!but&!great&speed&differ: negative
!but&great&!vent&!media: positive
!but&great&!vent&media: conflict
!but&great&vent: neutral
but&!standard&!power&!to: negative
but&!standard&!power&to: neutral
but&!standard&power: neutral
but&standard: conflict
DecisionTree learned:
!but&!great&!easi&!and: negative
!but&!great&!easi&and: positive
!but&!great&easi&!anoth: positive
!but&!great&easi&anoth: neutral
!but&great&!lack&!media: positive
!but&great&!lack&media: conflict
!but&great&lack: negative
but&!to&!function&!laptop: negative
but&!to&!function&laptop: neutral
but&!to&function: neutral
but&to&!batteri&!be: neutral
but&to&!batteri&be: negative
but&to&batteri&!for: negative
but&to&batteri&for: conflict
DecisionTree learned:
!but&!great&!good&!speed: negative
!but&!great&!good&speed: positive
!but&!great&good&!the: positive
!but&!great&good&the: positive
!but&great&!media&!you: positive
!but&great&!media&you: neutral
!but&great&media&!game: conflict
!but&great&media&game: positive
but&!to&!i&!and: negative
but&!to&!i&and: positive
but&!to&i&!they: positive
but&!to&i&they: negative
but&to&!batteri&!littl: neutral
but&to&!batteri&littl: negative
but&to&batteri&!my: conflict
but&to&batteri&my: negative
DecisionTree learned:
!but&!and&!price&!or: negative
!but&!and&!price&or: neutral
!but&!and&price&!pc: positive
!but&!and&price&pc: conflict
!but&and&!email&!extend: positive
!but&and&!email&extend: neutral
!but&and&email&!ms: neutral
!but&and&email&ms: positive
but&!be&!repair&!life: positive
but&!be&!repair&life: conflict
but&!be&repair: negative
but&be&!a&!mac: negative
but&be&!a&mac: positive
but&be&a&!would: neutral
but&be&a&would: positive
DecisionTree learned:
!but&!love&!and&!or: negative
!but&!love&!and&or: neutral
!but&!love&and&!extend: positive
!but&!love&and&extend: neutral
!but&love&!had: positive
!but&love&had: neutral
but&!screen&!an&!temperatur: negative
but&!screen&!an&temperatur: neutral
but&!screen&an&!a: conflict
but&!screen&an&a: neutral
but&screen&!and&!the: conflict
but&screen&!and&the: negative
but&screen&and: positive
DecisionTree learned:
!but&!easi&!good&!or: negative
!but&!easi&!good&or: neutral
!but&!easi&good&!just: positive
!but&!easi&good&just: negative
!but&easi&!anoth&!not: positive
!but&easi&!anoth&not: positive
!but&easi&anoth: neutral
but&!laptop&!to&!replac: negative
but&!laptop&!to&replac: neutral
but&!laptop&to&!batteri: neutral
but&!laptop&to&batteri: conflict
but&laptop&!the: neutral
but&laptop&the&!is: positive
but&laptop&the&is: neutral
DecisionTree learned:
!but&!is&!fast&!macbook: negative
!but&!is&!fast&macbook: positive
!but&!is&fast: positive
!but&is&!ani&!littl: positive
!but&is&!ani&littl: conflict
!but&is&ani&!on: neutral
!but&is&ani&on: negative
but&!laptop&!be&!temperatur: negative
but&!laptop&!be&temperatur: neutral
but&!laptop&be&!would: negative
but&!laptop&be&would: positive
but&laptop&!the: neutral
but&laptop&the&!is: positive
but&laptop&the&is: neutral
DecisionTree learned:
!but&!is&!fast&!love: negative
!but&!is&!fast&love: positive
!but&!is&fast: positive
!but&is&!ani&!laptop: positive
!but&is&!ani&laptop: neutral
!but&is&ani&!on: neutral
!but&is&ani&on: negative
but&!need&!to&!temperatur: negative
but&!need&!to&temperatur: neutral
but&!need&to&!you: positive
but&!need&to&you: neutral
but&need&!laptop: positive
but&need&laptop&!my: neutral
but&need&laptop&my: positive
DecisionTree learned:
!but&!is&!fast&!love: negative
!but&!is&!fast&love: positive
!but&!is&fast: positive
!but&is&!problem&!ani: positive
!but&is&!problem&ani: neutral
!but&is&problem&!support: negative
!but&is&problem&support: positive
but&!power&!learn&!temperatur: negative
but&!power&!learn&temperatur: neutral
but&!power&learn&!mac: neutral
but&!power&learn&mac: positive
but&power: neutral
DecisionTree learned:
!but&!is&!speed&!fast: negative
!but&!is&!speed&fast: positive
!but&!is&speed&!use: positive
!but&!is&speed&use: negative
!but&is&!littl&!ani: positive
!but&is&!littl&ani: neutral
!but&is&littl&!to: conflict
!but&is&littl&to: negative
but&!need&!repair&!be: conflict
but&!need&!repair&be: negative
but&!need&repair: negative
but&need&!use&!not: positive
but&need&!use&not: neutral
but&need&use: neutral
DecisionTree learned:
!but&!and&!price&!movi: negative
!but&!and&!price&movi: positive
!but&!and&price&!sinc: positive
!but&!and&price&sinc: conflict
!but&and&!extend&!email: positive
!but&and&!extend&email: neutral
!but&and&extend&!when: neutral
!but&and&extend&when: conflict
but&!screen&!n&!repair: positive
but&!screen&!n&repair: negative
but&!screen&n&!that: negative
but&!screen&n&that: conflict
but&screen&!and&!on: conflict
but&screen&!and&on: negative
but&screen&and: positive
DecisionTree learned:
!but&!is&!and&!some: negative
!but&!is&!and&some: negative
!but&!is&and&!graphic: positive
!but&!is&and&graphic: positive
!but&is&!littl&!ye: positive
!but&is&!littl&ye: conflict
!but&is&littl&!and: conflict
!but&is&littl&and: negative
but&!screen&!call&!an: negative
but&!screen&!call&an: conflict
but&!screen&call: neutral
but&screen&!and&!veri: conflict
but&screen&!and&veri: negative
but&screen&and: positive
DecisionTree learned:
!but&!not&!and&!drive: negative
!but&!not&!and&drive: negative
!but&!not&and&!were: positive
!but&!not&and&were: negative
!but&not&!graphic&!cd: negative
!but&not&!graphic&cd: conflict
!but&not&graphic: conflict
but&!so&!power&!littl: negative
but&!so&!power&littl: negative
but&!so&power: neutral
but&so: neutral
DecisionTree learned:
!but&!easi&!complain&!and: negative
!but&!easi&!complain&and: positive
!but&!easi&complain&!to: conflict
!but&!easi&complain&to: positive
!but&easi&!keyboard&!carri: positive
!but&easi&!keyboard&carri: positive
!but&easi&keyboard: neutral
but&!look&!be&!laptop: negative
but&!look&!be&laptop: neutral
but&!look&be&!a: negative
but&!look&be&a: neutral
but&look&!if: positive
but&look&if: negative
DecisionTree learned:
!but&!easi&!is&!not: positive
!but&!easi&!is&not: negative
!but&!easi&is&!what: positive
!but&!easi&is&what: conflict
!but&easi&!anoth&!not: positive
!but&easi&!anoth&not: positive
!but&easi&anoth: neutral
but&!learn&!function&!call: negative
but&!learn&!function&call: neutral
but&!learn&function: neutral
but&learn&!mac: neutral
but&learn&mac: positive
DecisionTree learned:
!but&!is&!macbook&!some: negative
!but&!is&!macbook&some: negative
!but&!is&macbook&!for: positive
!but&!is&macbook&for: neutral
!but&is&!littl&!not: positive
!but&is&!littl&not: negative
!but&is&littl&!and: conflict
!but&is&littl&and: negative
but&!laptop&!function&!to: positive
but&!laptop&!function&to: neutral
but&!laptop&function: neutral
but&laptop&!secur&!thi: neutral
but&laptop&!secur&thi: positive
but&laptop&secur: positive
DecisionTree learned:
!but&!easi&!good&!and: negative
!but&!easi&!good&and: positive
!but&!easi&good&!skip: positive
!but&!easi&good&skip: neutral
!but&easi&!carri&!anoth: positive
!but&easi&!carri&anoth: neutral
!but&easi&carri&!not: positive
!but&easi&carri&not: negative
but&!huge&!on&!the: conflict
but&!huge&!on&the: positive
but&!huge&on&!i: negative
but&!huge&on&i: neutral
but&huge: conflict
DecisionTree learned:
!but&!is&!macbook&!not: neutral
!but&!is&!macbook&not: negative
!but&!is&macbook&!for: positive
!but&!is&macbook&for: neutral
!but&is&!ani&!use: positive
!but&is&!ani&use: positive
!but&is&ani&!on: neutral
!but&is&ani&on: negative
but&!standard&!a&!cost: negative
but&!standard&!a&cost: conflict
but&!standard&a&!n: conflict
but&!standard&a&n: negative
but&standard: conflict
DecisionTree learned:
!but&!problem&!would&!not: positive
!but&!problem&!would&not: negative
!but&!problem&would&!i: negative
!but&!problem&would&i: negative
!but&problem&!no&!out: negative
!but&problem&!no&out: neutral
!but&problem&no&!is: positive
!but&problem&no&is: negative
but&!power&!the&!screen: conflict
but&!power&!the&screen: conflict
but&!power&the&!had: positive
but&!power&the&had: conflict
but&power: neutral
DecisionTree learned:
!but&!use&!speed&!fast: negative
!but&!use&!speed&fast: positive
!but&!use&speed&!differ: positive
!but&!use&speed&differ: negative
!but&use&!after&!littl: positive
!but&use&!after&littl: negative
!but&use&after&!especi: negative
!but&use&after&especi: conflict
but&!so&!replac&!to: positive
but&!so&!replac&to: neutral
but&!so&replac&!to: neutral
but&!so&replac&to: conflict
but&so: neutral
DecisionTree learned:
!but&!is&!macbook&!after: negative
!but&!is&!macbook&after: negative
!but&!is&macbook&!for: positive
!but&!is&macbook&for: neutral
!but&is&!great&!littl: positive
!but&is&!great&littl: conflict
!but&is&great&!media: positive
!but&is&great&media: conflict
but&!littl&!screen&!wa: positive
but&!littl&!screen&wa: negative
but&!littl&screen&!and: conflict
but&!littl&screen&and: positive
but&littl: negative
DecisionTree learned:
!but&!is&!and&!some: negative
!but&!is&!and&some: negative
!but&!is&and&!extend: positive
!but&!is&and&extend: neutral
!but&is&!veri&!movi: positive
!but&is&!veri&movi: conflict
!but&is&veri&!problem: positive
!but&is&veri&problem: negative
but&!laptop&!cost&!screen: negative
but&!laptop&!cost&screen: conflict
but&!laptop&cost&!is: conflict
but&!laptop&cost&is: positive
but&laptop&!the: neutral
but&laptop&the&!is: positive
but&laptop&the&is: neutral
DecisionTree learned:
!but&!or&!problem&!and: negative
!but&!or&!problem&and: positive
!but&!or&problem&!out: negative
!but&!or&problem&out: neutral
!but&or&!window&!app: neutral
!but&or&!window&app: positive
!but&or&window&!plenti: negative
!but&or&window&plenti: positive
but&!be&!repair&!call: positive
but&!be&!repair&call: neutral
but&!be&repair: negative
but&be&!a&!mac: negative
but&be&!a&mac: positive
but&be&a&!would: neutral
but&be&a&would: positive
DecisionTree learned:
!but&!complain&!great&!and: negative
!but&!complain&!great&and: positive
!but&!complain&great&!media: positive
!but&!complain&great&media: conflict
!but&complain&!to: conflict
!but&complain&to: positive
but&!power&!on&!you: negative
but&!power&!on&you: positive
but&!power&on&!i: negative
but&!power&on&i: neutral
but&power: neutral
DecisionTree learned:
!but&!macbook&!complain&!is: negative
!but&!macbook&!complain&is: positive
!but&!macbook&complain&!to: conflict
!but&!macbook&complain&to: positive
!but&macbook&!of&!hard: positive
!but&macbook&!of&hard: conflict
!but&macbook&of&!will: negative
!but&macbook&of&will: conflict
but&!outsid&!softwar&!repair: positive
but&!outsid&!softwar&repair: negative
but&!outsid&softwar&!it: negative
but&!outsid&softwar&it: conflict
but&outsid&!it: neutral
but&outsid&it: negative
DecisionTree learned:
!but&!great&!and&!or: negative
!but&!great&!and&or: neutral
!but&!great&and&!sol: positive
!but&!great&and&sol: conflict
!but&great&!media&!lack: positive
!but&great&!media&lack: negative
!but&great&media&!game: conflict
!but&great&media&game: positive
but&!outsid&!new&!laptop: negative
but&!outsid&!new&laptop: neutral
but&!outsid&new&!and: positive
but&!outsid&new&and: neutral
but&outsid&!it: neutral
but&outsid&it: negative
DecisionTree learned:
!but&!veri&!the&!good: neutral
!but&!veri&!the&good: positive
!but&!veri&the&!featur: negative
!but&!veri&the&featur: positive
!but&veri&!about&!featur: positive
!but&veri&!about&featur: negative
!but&veri&about: conflict
but&!be&!temperatur&!laptop: positive
but&!be&!temperatur&laptop: neutral
but&!be&temperatur: neutral
but&be&!better&!learn: negative
but&be&!better&learn: neutral
but&be&better: neutral
DecisionTree learned:
!but&!amaz&!is&!macbook: negative
!but&!amaz&!is&macbook: positive
!but&!amaz&is&!problem: positive
!but&!amaz&is&problem: negative
!but&amaz: positive
but&!screen&!life&!cost: negative
but&!screen&!life&cost: conflict
but&!screen&life&!to: conflict
but&!screen&life&to: negative
but&screen&!and&!the: conflict
but&screen&!and&the: negative
but&screen&and: positive
DecisionTree learned:
!but&!great&!speed&!veri: negative
!but&!great&!speed&veri: positive
!but&!great&speed&!differ: positive
!but&!great&speed&differ: negative
!but&great&!media&!no: positive
!but&great&!media&no: neutral
!but&great&media&!game: conflict
!but&great&media&game: positive
but&!on&!function&!a: positive
but&!on&!function&a: conflict
but&!on&function: neutral
but&on&!i&!are: negative
but&on&!i&are: conflict
but&on&i: neutral
DecisionTree learned:
!but&!and&!worth&!opt: negative
!but&!and&!worth&opt: conflict
!but&!and&worth&!money: conflict
!but&!and&worth&money: positive
!but&and&!extend&!is: positive
!but&and&!extend&is: positive
!but&and&extend&!when: neutral
!but&and&extend&when: conflict
but&!noth&!have&!screen: negative
but&!noth&!have&screen: conflict
but&!noth&have&!a: positive
but&!noth&have&a: conflict
but&noth: negative
DecisionTree learned:
!but&!complain&!and&!problem: negative
!but&!complain&!and&problem: negative
!but&!complain&and&!email: positive
!but&!complain&and&email: neutral
!but&complain&!to: conflict
!but&complain&to: positive
but&!support&!life&!replac: positive
but&!support&!life&replac: neutral
but&!support&life&!to: conflict
but&!support&life&to: conflict
but&support: negative
DecisionTree learned:
!but&!and&!price&!some: negative
!but&!and&!price&some: negative
!but&!and&price&!sinc: positive
!but&!and&price&sinc: conflict
!but&and&!sol&!had: positive
!but&and&!sol&had: negative
!but&and&sol: conflict
but&!laptop&!replac&!to: negative
but&!laptop&!replac&to: neutral
but&!laptop&replac&!to: neutral
but&!laptop&replac&to: conflict
but&laptop&!the: neutral
but&laptop&the&!is: positive
but&laptop&the&is: neutral
DecisionTree learned:
!but&!felt&!complain&!version: negative
!but&!felt&!complain&version: conflict
!but&!felt&complain&!to: conflict
!but&!felt&complain&to: positive
!but&felt: conflict
but&!wa&!support&!huge: positive
but&!wa&!support&huge: conflict
but&!wa&support: negative
but&wa&!comput&!to: negative
but&wa&!comput&to: conflict
but&wa&comput: conflict
DecisionTree learned:
!but&!is&!and&!some: neutral
!but&!is&!and&some: negative
!but&!is&and&!extend: positive
!but&!is&and&extend: neutral
!but&is&!littl&!not: positive
!but&is&!littl&not: negative
!but&is&littl&!and: conflict
!but&is&littl&and: negative
but&!temperatur&!littl&!repair: positive
but&!temperatur&!littl&repair: negative
but&!temperatur&littl: negative
but&temperatur: neutral
DecisionTree learned:
!but&!love&!and&!worth: negative
!but&!love&!and&worth: conflict
!but&!love&and&!sol: positive
!but&!love&and&sol: conflict
!but&love&!had: positive
!but&love&had: neutral
but&!warranti&!power&!learn: positive
but&!warranti&!power&learn: neutral
but&!warranti&power: neutral
but&warranti&!repair: neutral
but&warranti&repair: negative
DecisionTree learned:
!but&!amaz&!great&!and: negative
!but&!amaz&!great&and: positive
!but&!amaz&great&!media: positive
!but&!amaz&great&media: conflict
!but&amaz: positive
but&!learn&!os&!function: positive
but&!learn&!os&function: neutral
but&!learn&os&!have: neutral
but&!learn&os&have: positive
but&learn&!mac: neutral
but&learn&mac: positive
DecisionTree learned:
!but&!macbook&!good&!laptop: negative
!but&!macbook&!good&laptop: positive
!but&!macbook&good&!skip: positive
!but&!macbook&good&skip: neutral
!but&macbook&!for&!pro: conflict
!but&macbook&!for&pro: positive
!but&macbook&for&!of: neutral
!but&macbook&for&of: negative
but&!comput&!be&!they: positive
but&!comput&!be&they: negative
but&!comput&be&!a: negative
but&!comput&be&a: positive
but&comput&!that: negative
but&comput&that: conflict
DecisionTree learned:
!but&!version&!worth&!complain: positive
!but&!version&!worth&complain: conflict
!but&!version&worth&!and: conflict
!but&!version&worth&and: negative
!but&version&!program&!offic: conflict
!but&version&!program&offic: positive
!but&version&program&!to: neutral
!but&version&program&to: positive
but&!new&!i&!onli: negative
but&!new&!i&onli: neutral
but&!new&i&!did: positive
but&!new&i&did: conflict
but&new&!and&!softwar: positive
but&new&!and&softwar: negative
but&new&and: neutral
DecisionTree learned:
!but&!and&!price&!against: negative
!but&!and&!price&against: conflict
!but&!and&price&!sinc: positive
!but&!and&price&sinc: conflict
!but&and&!media&!sol: positive
!but&and&!media&sol: conflict
!but&and&media: conflict
but&!standard&!a&!comput: negative
but&!standard&!a&comput: negative
but&!standard&a&!n: conflict
but&!standard&a&n: negative
but&standard: conflict
DecisionTree learned:
!but&!is&!and&!some: neutral
!but&!is&!and&some: negative
!but&!is&and&!sol: positive
!but&!is&and&sol: conflict
!but&is&!littl&!ye: positive
!but&is&!littl&ye: conflict
!but&is&littl&!to: conflict
!but&is&littl&to: negative
but&!i&!onli&!learn: negative
but&!i&!onli&learn: neutral
but&!i&onli&!for: neutral
but&!i&onli&for: negative
but&i&!on&!with: positive
but&i&!on&with: neutral
but&i&on: neutral
DecisionTree learned:
!but&!felt&!version&!complain: negative
!but&!felt&!version&complain: conflict
!but&!felt&version&!program: conflict
!but&!felt&version&program: positive
!but&felt: conflict
but&!look&!the&!softwar: conflict
but&!look&!the&softwar: negative
but&!look&the&!i: negative
but&!look&the&i: neutral
but&look&!if: positive
but&look&if: negative
DecisionTree learned:
!but&!complain&!and&!it: neutral
!but&!complain&!and&it: negative
!but&!complain&and&!sol: positive
!but&!complain&and&sol: conflict
!but&complain&!to: conflict
!but&complain&to: positive
but&!function&!learn&!use: negative
but&!function&!learn&use: positive
but&!function&learn&!mac: neutral
but&!function&learn&mac: positive
but&function: neutral
DecisionTree learned:
!but&!and&!it&!gener: negative
!but&!and&!it&gener: conflict
!but&!and&it&!laptop: negative
!but&!and&it&laptop: conflict
!but&and&!is&!extend: positive
!but&and&!is&extend: neutral
!but&and&is&!garageband: positive
!but&and&is&garageband: neutral
but&!repair&!outsid&!to: positive
but&!repair&!outsid&to: neutral
but&!repair&outsid&!it: neutral
but&!repair&outsid&it: negative
but&repair: negative
DecisionTree learned:
!but&!and&!worth&!reboot: negative
!but&!and&!worth&reboot: conflict
!but&!and&worth&!for: conflict
!but&!and&worth&for: neutral
!but&and&!sol&!email: positive
!but&and&!sol&email: neutral
!but&and&sol: conflict
but&!n&!outsid&!laptop: positive
but&!n&!outsid&laptop: neutral
but&!n&outsid: neutral
but&n&!that&!mous: negative
but&n&!that&mous: positive
but&n&that: conflict
DecisionTree learned:
!but&!and&!eee&!it: neutral
!but&!and&!eee&it: negative
!but&!and&eee: conflict
!but&and&!complain&!back: positive
!but&and&!complain&back: negative
!but&and&complain: conflict
but&!mous&!they&!i: negative
but&!mous&!they&i: positive
but&!mous&they&!than: negative
but&!mous&they&than: conflict
but&mous: positive
DecisionTree learned:
!and&!ye&!or&!will: negative
!and&!ye&!or&will: conflict
!and&!ye&or&!as: neutral
!and&!ye&or&as: negative
!and&ye: conflict
and&!had&!extend&!firefox: positive
and&!had&!extend&firefox: neutral
and&!had&extend&!when: neutral
and&!had&extend&when: conflict
and&had&!that&!use: negative
and&had&!that&use: neutral
and&had&that&!old: neutral
and&had&that&old: negative
DecisionTree learned:
!but&!and&!felt&!it: neutral
!but&!and&!felt&it: negative
!but&!and&felt: conflict
!but&and&!were&!is: positive
!but&and&!were&is: positive
!but&and&were&!laptop: negative
!but&and&were&laptop: conflict
but&!to&!onli&!temperatur: positive
but&!to&!onli&temperatur: neutral
but&!to&onli&!i: neutral
but&!to&onli&i: positive
but&to&!batteri&!with: neutral
but&to&!batteri&with: negative
but&to&batteri&!my: conflict
but&to&batteri&my: conflict
DecisionTree learned:
!but&!arisen&!opt&!awesom: negative
!but&!arisen&!opt&awesom: positive
!but&!arisen&opt&!batteri: conflict
!but&!arisen&opt&batteri: positive
!but&arisen: conflict
but&!offic&!an&!outsid: negative
but&!offic&!an&outsid: neutral
but&!offic&an&!a: conflict
but&!offic&an&a: neutral
but&offic&!to&!is: positive
but&offic&!to&is: neutral
but&offic&to: neutral
DecisionTree learned:
!but&!and&!or&!it: positive
!but&!and&!or&it: negative
!but&!and&or&!phone: neutral
!but&!and&or&phone: positive
!but&and&!email&!is: positive
!but&and&!email&is: positive
!but&and&email&!ms: neutral
!but&and&email&ms: positive
but&!call&!need&!same: negative
but&!call&!need&same: positive
but&!call&need&!use: positive
but&!call&need&use: neutral
but&call: neutral
DecisionTree learned:
!but&!and&!mind&!version: negative
!but&!and&!mind&version: conflict
!but&!and&mind: conflict
!but&and&!media&!email: positive
!but&and&!media&email: neutral
!but&and&media: conflict
but&!a&!cost&!they: positive
but&!a&!cost&they: negative
but&!a&cost: conflict
but&a&!batteri&!it: neutral
but&a&!batteri&it: conflict
but&a&batteri&!in: conflict
but&a&batteri&in: negative
DecisionTree learned:
!but&!eee&!love&!macbook: negative
!but&!eee&!love&macbook: positive
!but&!eee&love&!had: positive
!but&!eee&love&had: neutral
!but&eee: conflict
but&!replac&!to&!laptop: negative
but&!replac&!to&laptop: neutral
but&!replac&to&!you: positive
but&!replac&to&you: neutral
but&replac&!to: neutral
but&replac&to&!for: negative
but&replac&to&for: conflict
DecisionTree learned:
!but&!worth&!version&!easi: negative
!but&!worth&!version&easi: positive
!but&!worth&version&!program: conflict
!but&!worth&version&program: positive
!but&worth&!for&!and: conflict
!but&worth&!for&and: negative
!but&worth&for&!great: neutral
!but&worth&for&great: positive
but&!function&!i&!onli: conflict
but&!function&!i&onli: neutral
but&!function&i&!on: positive
but&!function&i&on: neutral
but&function: neutral
DecisionTree learned:
!but&!against&!speed&!eee: negative
!but&!against&!speed&eee: conflict
!but&!against&speed&!use: positive
!but&!against&speed&use: negative
!but&against: conflict
but&!to&!function&!i: negative
but&!to&!function&i: positive
but&!to&function: neutral
but&to&!batteri&!you: neutral
but&to&!batteri&you: neutral
but&to&batteri&!for: negative
but&to&batteri&for: conflict
DecisionTree learned:
!but&!littl&!against&!version: negative
!but&!littl&!against&version: conflict
!but&!littl&against: conflict
!but&littl&!is&!and: negative
!but&littl&!is&and: neutral
!but&littl&is&!to: conflict
!but&littl&is&to: negative
but&!power&!rather&!standard: positive
but&!power&!rather&standard: conflict
but&!power&rather: neutral
but&power: neutral
DecisionTree learned:
!but&!and&!it&!get: negative
!but&!and&!it&get: conflict
!but&!and&it&!laptop: negative
!but&!and&it&laptop: conflict
!but&and&!media&!complain: positive
!but&and&!media&complain: conflict
!but&and&media&!game: conflict
!but&and&media&game: positive
but&!look&!new&!i: conflict
but&!look&!new&i: neutral
but&!look&new&!and: positive
but&!look&new&and: neutral
but&look&!if: positive
but&look&if: negative
DecisionTree learned:
!but&!macbook&!arisen&!great: negative
!but&!macbook&!arisen&great: positive
!but&!macbook&arisen: conflict
!but&macbook&!for&!pro: conflict
!but&macbook&!for&pro: positive
!but&macbook&for&!of: neutral
!but&macbook&for&of: negative
but&!comput&!n&!noth: positive
but&!comput&!n&noth: negative
but&!comput&n&!that: negative
but&!comput&n&that: conflict
but&comput&!that: negative
but&comput&that: conflict
DecisionTree learned:
!but&!felt&!s&!version: positive
!but&!felt&!s&version: conflict
!but&!felt&s&!it: neutral
!but&!felt&s&it: positive
!but&felt: conflict
but&!power&!function&!huge: positive
but&!power&!function&huge: conflict
but&!power&function: neutral
but&power: neutral
DecisionTree learned:
!but&!and&!get&!to: positive
!but&!and&!get&to: negative
!but&!and&get&!i: negative
!but&!and&get&i: conflict
!but&and&!is&!sol: positive
!but&and&!is&sol: conflict
!but&and&is&!what: positive
!but&and&is&what: conflict
but&!isol&!function&!it: negative
but&!isol&!function&it: conflict
but&!isol&function: neutral
but&isol: neutral
DecisionTree learned:
!but&!worth&!complain&!mind: negative
!but&!worth&!complain&mind: conflict
!but&!worth&complain&!to: conflict
!but&!worth&complain&to: positive
!but&worth&!and&!for: conflict
!but&worth&!and&for: neutral
!but&worth&and&!n: positive
!but&worth&and&n: negative
but&!laptop&!outsid&!be: conflict
but&!laptop&!outsid&be: negative
but&!laptop&outsid&!it: neutral
but&!laptop&outsid&it: negative
but&laptop&!thi&!secur: neutral
but&laptop&!thi&secur: positive
but&laptop&thi: positive
DecisionTree learned:
!but&!and&!some&!to: negative
!but&!and&!some&to: negative
!but&!and&some&!featur: conflict
!but&!and&some&featur: positive
!but&and&!sol&!is: positive
!but&and&!sol&is: positive
!but&and&sol: conflict
but&!use&!function&!be: conflict
but&!use&!function&be: negative
but&!use&function: neutral
but&use&!is&!a: positive
but&use&!is&a: neutral
but&use&is: negative
DecisionTree learned:
!but&!concern&!long&!the: neutral
!but&!concern&!long&the: negative
!but&!concern&long&!so: positive
!but&!concern&long&so: conflict
!but&concern&!is: conflict
!but&concern&is: negative
but&!an&!well&!screen: negative
but&!an&!well&screen: conflict
but&!an&well&!ha: positive
but&!an&well&ha: neutral
but&an&!a&!and: conflict
but&an&!a&and: positive
but&an&a: neutral
DecisionTree learned:
!and&!awesom&!it&!get: neutral
!and&!awesom&!it&get: conflict
!and&!awesom&it&!laptop: negative
!and&!awesom&it&laptop: conflict
!and&awesom: positive
and&!media&!the&!not: positive
and&!media&!the&not: neutral
and&!media&the&!when: negative
and&!media&the&when: neutral
and&media&!game: conflict
and&media&game: positive
DecisionTree learned:
!but&!eee&!good&!and: negative
!but&!eee&!good&and: positive
!but&!eee&good&!the: positive
!but&!eee&good&the: positive
!but&eee: conflict
but&!be&!outsid&!to: positive
but&!be&!outsid&to: neutral
but&!be&outsid&!it: neutral
but&!be&outsid&it: negative
but&be&!a&!mac: negative
but&be&!a&mac: positive
but&be&a&!would: neutral
but&be&a&would: positive
DecisionTree learned:
!but&!macbook&!complain&!mind: negative
!but&!macbook&!complain&mind: conflict
!but&!macbook&complain&!to: conflict
!but&!macbook&complain&to: positive
!but&macbook&!hard&!be: positive
!but&macbook&!hard&be: conflict
!but&macbook&hard: conflict
but&!n&!offic&!did: positive
but&!n&!offic&did: neutral
but&!n&offic&!is: neutral
but&!n&offic&is: neutral
but&n&!that&!mous: negative
but&n&!that&mous: positive
but&n&that: conflict
DecisionTree learned:
!but&!and&!littl&!eee: negative
!but&!and&!littl&eee: conflict
!but&!and&littl&!is: negative
!but&!and&littl&is: conflict
!but&and&!extend&!is: positive
!but&and&!extend&is: positive
!but&and&extend&!when: neutral
!but&and&extend&when: conflict
but&!power&!an&!offic: positive
but&!power&!an&offic: neutral
but&!power&an&!a: conflict
but&!power&an&a: neutral
but&power: neutral
DecisionTree learned:
!and&!to&!version&!drive: positive
!and&!to&!version&drive: neutral
!and&!to&version&!a: conflict
!and&!to&version&a: negative
!and&to&!after&!up: neutral
!and&to&!after&up: positive
!and&to&after&!take: negative
!and&to&after&take: conflict
and&!had&!word&!firefox: positive
and&!had&!word&firefox: neutral
and&!had&word&!but: neutral
and&!had&word&but: conflict
and&had&!that&!chat: negative
and&had&!that&chat: neutral
and&had&that&!new: neutral
and&had&that&new: neutral
DecisionTree learned:
!but&!opt&!is&!macbook: neutral
!but&!opt&!is&macbook: positive
!but&!opt&is&!ani: positive
!but&!opt&is&ani: neutral
!but&opt&!batteri: conflict
!but&opt&batteri: positive
but&!buy&!and&!i: conflict
but&!buy&!and&i: positive
but&!buy&and&!ha: positive
but&!buy&and&ha: neutral
but&buy: conflict
DecisionTree learned:
!but&!and&!version&!worth: negative
!but&!and&!version&worth: conflict
!but&!and&version&!program: conflict
!but&!and&version&program: positive
!but&and&!extend&!is: positive
!but&and&!extend&is: positive
!but&and&extend&!when: neutral
!but&and&extend&when: conflict
but&!huge&!function&!featur: negative
but&!huge&!function&featur: positive
but&!huge&function: neutral
but&huge: conflict
DecisionTree learned:
!but&!and&!worth&!ye: negative
!but&!and&!worth&ye: conflict
!but&!and&worth&!for: conflict
!but&!and&worth&for: positive
!but&and&!complain&!the: positive
!but&and&!complain&the: negative
!but&and&complain: conflict
but&!new&!featur&!mous: negative
but&!new&!featur&mous: positive
but&!new&featur&!comput: positive
but&!new&featur&comput: conflict
but&new&!and&!softwar: positive
but&new&!and&softwar: negative
but&new&and: neutral
DecisionTree learned:
!but&!felt&!lack&!s: negative
!but&!felt&!lack&s: positive
!but&!felt&lack&!thi: negative
!but&!felt&lack&thi: conflict
!but&felt: conflict
but&!laptop&!function&!to: negative
but&!laptop&!function&to: neutral
but&!laptop&function: neutral
but&laptop&!thi&!that: neutral
but&laptop&!thi&that: positive
but&laptop&thi: positive
DecisionTree learned:
!but&!opt&!version&!worth: positive
!but&!opt&!version&worth: conflict
!but&!opt&version&!program: conflict
!but&!opt&version&program: positive
!but&opt&!batteri: conflict
!but&opt&batteri: positive
but&!well&!use&!the: conflict
but&!well&!use&the: negative
but&!well&use&!for: negative
but&!well&use&for: neutral
but&well&!ha: positive
but&well&ha: neutral
DecisionTree learned:
!but&!concern&!against&!is: neutral
!but&!concern&!against&is: positive
!but&!concern&against: conflict
!but&concern&!is: conflict
!but&concern&is: negative
but&!to&!replac&!i: conflict
but&!to&!replac&i: positive
but&!to&replac: neutral
but&to&!batteri&!work: neutral
but&to&!batteri&work: positive
but&to&batteri&!my: conflict
but&to&batteri&my: negative
DecisionTree learned:
!but&!portabl&!the&!way: neutral
!but&!portabl&!the&way: conflict
!but&!portabl&the&!despit: negative
!but&!portabl&the&despit: conflict
!but&portabl&!and: conflict
!but&portabl&and: positive
but&!buy&!i&!onli: negative
but&!buy&!i&onli: neutral
but&!buy&i&!did: positive
but&!buy&i&did: conflict
but&buy: conflict
DecisionTree learned:
!but&!mind&!worth&!portabl: negative
!but&!mind&!worth&portabl: positive
!but&!mind&worth&!and: conflict
!but&!mind&worth&and: positive
!but&mind: conflict
but&!standard&!life&!huge: positive
but&!standard&!life&huge: conflict
but&!standard&life&!to: conflict
but&!standard&life&to: conflict
but&standard: conflict
DecisionTree learned:
!but&!felt&!complain&!and: negative
!but&!felt&!complain&and: positive
!but&!felt&complain&!to: conflict
!but&!felt&complain&to: positive
!but&felt: conflict
but&!littl&!repair&!i: conflict
but&!littl&!repair&i: positive
but&!littl&repair: negative
but&littl: negative
DecisionTree learned:
!but&!opt&!easi&!mind: negative
!but&!opt&!easi&mind: conflict
!but&!opt&easi&!keyboard: positive
!but&!opt&easi&keyboard: neutral
!but&opt&!batteri: conflict
!but&opt&batteri: positive
but&!you&!i&!onli: conflict
but&!you&!i&onli: neutral
but&!you&i&!buy: positive
but&!you&i&buy: conflict
but&you&!to&!the: negative
but&you&!to&the: positive
but&you&to: neutral
DecisionTree learned:
!but&!eee&!opt&!laptop: negative
!but&!eee&!opt&laptop: positive
!but&!eee&opt&!batteri: conflict
!but&!eee&opt&batteri: positive
!but&eee: conflict
but&!standard&!comput&!featur: negative
but&!standard&!comput&featur: positive
but&!standard&comput&!that: negative
but&!standard&comput&that: conflict
but&standard: conflict
DecisionTree learned:
!and&!or&!it&!felt: positive
!and&!or&!it&felt: conflict
!and&!or&it&!to: negative
!and&!or&it&to: negative
!and&or&!lag&!phone: neutral
!and&or&!lag&phone: positive
!and&or&lag: positive
and&!complain&!media&!sol: positive
and&!complain&!media&sol: conflict
and&!complain&media&!is: positive
and&!complain&media&is: conflict
and&complain: conflict
DecisionTree learned:
!but&!and&!awesom&!some: negative
!but&!and&!awesom&some: conflict
!but&!and&awesom: positive
!but&and&!complain&!media: positive
!but&and&!complain&media: conflict
!but&and&complain: conflict
but&!want&!i&!onli: negative
but&!want&!i&onli: neutral
but&!want&i&!buy: positive
but&!want&i&buy: conflict
but&want&!to: conflict
but&want&to: neutral
DecisionTree learned:
!but&!and&!littl&!it: neutral
!but&!and&!littl&it: negative
!but&!and&littl&!is: negative
!but&!and&littl&is: conflict
!but&and&!complain&!media: positive
!but&and&!complain&media: conflict
!but&and&complain: conflict
but&!laptop&!temperatur&!to: positive
but&!laptop&!temperatur&to: neutral
but&!laptop&temperatur: neutral
but&laptop&!the: neutral
but&laptop&the&!is: positive
but&laptop&the&is: neutral
DecisionTree learned:
!and&!ye&!littl&!but: negative
!and&!ye&!littl&but: negative
!and&!ye&littl&!is: negative
!and&!ye&littl&is: conflict
!and&ye: conflict
and&!media&!the&!not: positive
and&!media&!the&not: neutral
and&!media&the&!when: negative
and&!media&the&when: neutral
and&media&!game: conflict
and&media&game: positive
DecisionTree learned:
!and&!worth&!but&!get: negative
!and&!worth&!but&get: conflict
!and&!worth&but&!screen: positive
!and&!worth&but&screen: conflict
!and&worth&!it&!my: negative
!and&worth&!it&my: neutral
!and&worth&it&!work: conflict
!and&worth&it&work: negative
and&!fast&!complain&!extend: positive
and&!fast&!complain&extend: neutral
and&!fast&complain: conflict
and&fast&!use: positive
and&fast&use: neutral
DecisionTree learned:
!but&!felt&!complain&!and: negative
!but&!felt&!complain&and: positive
!but&!felt&complain&!to: conflict
!but&!felt&complain&to: positive
!but&felt: conflict
but&!game&!use&!i: conflict
but&!game&!use&i: neutral
but&!game&use&!learn: negative
but&!game&use&learn: neutral
but&game: positive
DecisionTree learned:
!but&!against&!easi&!and: negative
!but&!against&!easi&and: positive
!but&!against&easi&!anoth: positive
!but&!against&easi&anoth: neutral
!but&against: conflict
but&!replac&!to&!i: negative
but&!replac&!to&i: negative
but&!replac&to&!be: neutral
but&!replac&to&be: negative
but&replac&!to: neutral
but&replac&to&!my: conflict
but&replac&to&my: negative
DecisionTree learned:
!but&!amaz&!had&!love: negative
!but&!amaz&!had&love: positive
!but&!amaz&had&!a: negative
!but&!amaz&had&a: neutral
!but&amaz: positive
but&!a&!did&!outsid: positive
but&!a&!did&outsid: neutral
but&!a&did&!softwar: neutral
but&!a&did&softwar: negative
but&a&!batteri&!screen: neutral
but&a&!batteri&screen: conflict
but&a&batteri&!have: negative
but&a&batteri&have: conflict
DecisionTree learned:
!and&!it&!get&!littl: neutral
!and&!it&!get&littl: conflict
!and&!it&get&!i: neutral
!and&!it&get&i: conflict
!and&it&!laptop&!long: negative
!and&it&!laptop&long: conflict
!and&it&laptop&!as: conflict
!and&it&laptop&as: conflict
and&!media&!sol&!word: positive
and&!media&!sol&word: neutral
and&!media&sol: conflict
and&media&!game: conflict
and&media&game: positive
DecisionTree learned:
!but&!and&!worth&!mind: negative
!but&!and&!worth&mind: conflict
!but&!and&worth&!for: conflict
!but&!and&worth&for: positive
!but&and&!sol&!is: positive
!but&and&!sol&is: positive
!but&and&sol: conflict
but&!laptop&!use&!i: conflict
but&!laptop&!use&i: neutral
but&!laptop&use&!learn: negative
but&!laptop&use&learn: neutral
but&laptop&!thi&!that: neutral
but&laptop&!thi&that: positive
but&laptop&thi: positive
DecisionTree learned:
!but&!complain&!and&!perfect: negative
!but&!complain&!and&perfect: conflict
!but&!complain&and&!media: positive
!but&!complain&and&media: conflict
!but&complain&!to: conflict
!but&complain&to: positive
but&!function&!to&!i: conflict
but&!function&!to&i: positive
but&!function&to&!batteri: neutral
but&!function&to&batteri: conflict
but&function: neutral
DecisionTree learned:
!and&!but&!worth&!version: negative
!and&!but&!worth&version: conflict
!and&!but&worth&!for: conflict
!and&!but&worth&for: neutral
!and&but&!i&!an: conflict
!and&but&!i&an: conflict
!and&but&i&!did: neutral
!and&but&i&did: conflict
and&!media&!complain&!fast: positive
and&!media&!complain&fast: positive
and&!media&complain: conflict
and&media&!game: conflict
and&media&game: positive
DecisionTree learned:
!but&!and&!littl&!felt: negative
!but&!and&!littl&felt: conflict
!but&!and&littl&!is: negative
!but&!and&littl&is: conflict
!but&and&!media&!complain: positive
!but&and&!media&complain: conflict
!but&and&media&!game: conflict
!but&and&media&game: positive
but&!need&!use&!the: conflict
but&!need&!use&the: positive
but&!need&use&!of: negative
but&!need&use&of: positive
but&need&!laptop: positive
but&need&laptop&!my: neutral
but&need&laptop&my: positive
DecisionTree learned:
!and&!but&!worth&!littl: negative
!and&!but&!worth&littl: conflict
!and&!but&worth&!for: conflict
!and&!but&worth&for: neutral
!and&but&!i&!to: conflict
!and&but&!i&to: neutral
!and&but&i&!did: neutral
!and&but&i&did: conflict
and&!sol&!short&!media: positive
and&!sol&!short&media: conflict
and&!sol&short: negative
and&sol: conflict
DecisionTree learned:
!but&!long&!complain&!and: negative
!but&!long&!complain&and: positive
!but&!long&complain&!to: conflict
!but&!long&complain&to: positive
!but&long&!so&!thi: positive
!but&long&!so&thi: negative
!but&long&so: conflict
but&!os&!veri&!wa: positive
but&!os&!veri&wa: negative
but&!os&veri&!wa: negative
but&!os&veri&wa: positive
but&os&!of&!the: neutral
but&os&!of&the: positive
but&os&of: neutral
DecisionTree learned:
!but&!and&!perfect&!price: negative
!but&!and&!perfect&price: positive
!but&!and&perfect&!so: negative
!but&!and&perfect&so: conflict
!but&and&!fast&!media: negative
!but&and&!fast&media: conflict
!but&and&fast: positive
but&!power&!function&!call: positive
but&!power&!function&call: neutral
but&!power&function: neutral
but&power: neutral
DecisionTree learned:
!but&!and&!mind&!ye: negative
!but&!and&!mind&ye: conflict
!but&!and&mind: conflict
!but&and&!complain&!the: positive
!but&and&!complain&the: negative
!but&and&complain: conflict
but&!huge&!wa&!with: positive
but&!huge&!wa&with: neutral
but&!huge&wa&!veri: negative
but&!huge&wa&veri: positive
but&huge: conflict
DecisionTree learned:
!but&!concern&!macbook&!felt: negative
!but&!concern&!macbook&felt: conflict
!but&!concern&macbook&!hard: positive
!but&!concern&macbook&hard: conflict
!but&concern&!is: conflict
!but&concern&is: negative
but&!be&!use&!wa: conflict
but&!be&!use&wa: negative
but&!be&use&!is: positive
but&!be&use&is: negative
but&be&!a&!mac: negative
but&be&!a&mac: positive
but&be&a&!hard: neutral
but&be&a&hard: negative
Trial 0 Training cc.mallet.classify.AdaBoostM2Trainer@73901437 finished
Trial 0 Trainer cc.mallet.classify.AdaBoostM2Trainer@73901437 test data accuracy = 0.5212981744421906

NaiveBayesTrainer
Summary. test accuracy mean = 0.6430020283975659 stddev = 0.0 stderr = 0.0

MaxEntTrainer,gaussianPriorVariance=1.0
Summary. test accuracy mean = 0.6247464503042597 stddev = 0.0 stderr = 0.0

cc.mallet.classify.DecisionTreeTrainer@2b2d96f2
Summary. test accuracy mean = 0.5496957403651116 stddev = 0.0 stderr = 0.0

cc.mallet.classify.AdaBoostM2Trainer@73901437
Summary. test accuracy mean = 0.5212981744421906 stddev = 0.0 stderr = 0.0
