
-------------------- Trial 0  --------------------

Trial 0 Training NaiveBayesTrainer with 1865 instances
Trial 0 Training NaiveBayesTrainer finished
Trial 0 Trainer NaiveBayesTrainer test data accuracy = 0.6835699797160243
Trial 0 Training MaxEntTrainer,gaussianPriorVariance=1.0 with 1865 instances
Trial 0 Training MaxEntTrainer,gaussianPriorVariance=1.0 finished
Trial 0 Trainer MaxEntTrainer,gaussianPriorVariance=1.0 test data accuracy = 0.6592292089249493
Trial 0 Training cc.mallet.classify.DecisionTreeTrainer@266bade9 with 1865 instances
DecisionTree learned:
!great&!easi&!but&!and: negative
!great&!easi&!but&and: positive
!great&!easi&but&!power: negative
!great&!easi&but&power: neutral
!great&easi&!one&!carri: positive
!great&easi&!one&carri: positive
!great&easi&one&!is: conflict
!great&easi&one&is: neutral
great&!but&!etc&!had: positive
great&!but&!etc&had: negative
great&!but&etc: negative
great&but&!one&!you: positive
great&but&!one&you: negative
great&but&one: negative
Trial 0 Training cc.mallet.classify.DecisionTreeTrainer@266bade9 finished
Trial 0 Trainer cc.mallet.classify.DecisionTreeTrainer@266bade9 test data accuracy = 0.5314401622718052
Trial 0 Training cc.mallet.classify.AdaBoostM2Trainer@15f66cff with 1865 instances
DecisionTree learned:
!great&!but&!easi&!speed: negative
!great&!but&!easi&speed: positive
!great&!but&easi&!one: positive
!great&!but&easi&one: neutral
!great&but&!call&!power: negative
!great&but&!call&power: neutral
!great&but&call: neutral
great&!but&!etc&!had: positive
great&!but&!etc&had: negative
great&!but&etc: negative
great&but&!one&!be: positive
great&but&!one&be: negative
great&but&one: negative
DecisionTree learned:
!great&!but&!easi&!and: negative
!great&!but&!easi&and: positive
!great&!but&easi&!one: positive
!great&!but&easi&one: neutral
!great&but&!power&!featur: negative
!great&but&!power&featur: positive
!great&but&power: neutral
great&!but&!etc&!batteri: positive
great&!but&!etc&batteri: positive
great&!but&etc: negative
great&but&!look&!and: conflict
great&but&!look&and: positive
great&but&look: negative
DecisionTree learned:
!but&!great&!easi&!good: negative
!but&!great&!easi&good: positive
!but&!great&easi&!one: positive
!but&!great&easi&one: neutral
!but&great&!etc&!had: positive
!but&great&!etc&had: negative
!but&great&etc: negative
but&!repair&!featur&!rather: negative
but&!repair&!featur&rather: neutral
but&!repair&featur&!function: positive
but&!repair&featur&function: neutral
but&repair&!to: negative
but&repair&to: neutral
DecisionTree learned:
!but&!great&!easi&!speed: negative
!but&!great&!easi&speed: positive
!but&!great&easi&!one: positive
!but&!great&easi&one: neutral
!but&great&!instal&!vent: positive
!but&great&!instal&vent: neutral
!but&great&instal: neutral
but&!call&!user&!power: negative
but&!call&!user&power: neutral
but&!call&user: neutral
but&call: neutral
DecisionTree learned:
!but&!great&!love&!good: negative
!but&!great&!love&good: positive
!but&!great&love&!had: positive
!but&!great&love&had: neutral
!but&great&!had&!vent: positive
!but&great&!had&vent: neutral
!but&great&had: negative
but&!the&!and&!is: negative
but&!the&!and&is: conflict
but&!the&and&!ha: positive
but&!the&and&ha: conflict
but&the&!learn&!they: positive
but&the&!learn&they: negative
but&the&learn&!i: neutral
but&the&learn&i: positive
DecisionTree learned:
!but&!great&!easi&!love: negative
!but&!great&!easi&love: positive
!but&!great&easi&!not: positive
!but&!great&easi&not: positive
!but&great&!media&!too: positive
!but&great&!media&too: neutral
!but&great&media&!game: conflict
!but&great&media&game: positive
but&!temperatur&!learn&!be: negative
but&!temperatur&!learn&be: negative
but&!temperatur&learn&!i: neutral
but&!temperatur&learn&i: positive
but&temperatur: neutral
DecisionTree learned:
!but&!great&!and&!is: negative
!but&!great&!and&is: negative
!but&!great&and&!extend: positive
!but&!great&and&extend: neutral
!but&great&!media&!lack: positive
!but&great&!media&lack: negative
!but&great&media&!game: conflict
!but&great&media&game: positive
but&!screen&!function&!be: negative
but&!screen&!function&be: negative
but&!screen&function: neutral
but&screen&!a&!comput: conflict
but&screen&!a&comput: negative
but&screen&a: conflict
DecisionTree learned:
!but&!is&!fast&!love: negative
!but&!is&!fast&love: positive
!but&!is&fast: positive
!but&is&!not&!onli: positive
!but&is&!not&onli: negative
!but&is&not&!netbook: negative
!but&is&not&netbook: neutral
but&!need&!learn&!screen: negative
but&!need&!learn&screen: conflict
but&!need&learn&!i: neutral
but&!need&learn&i: positive
but&need&!laptop&!comput: positive
but&need&!laptop&comput: negative
but&need&laptop&!my: neutral
but&need&laptop&my: positive
DecisionTree learned:
!but&!great&!and&!problem: negative
!but&!great&!and&problem: negative
!but&!great&and&!complain: positive
!but&!great&and&complain: conflict
!but&great&!media&!vent: positive
!but&great&!media&vent: neutral
!but&great&media&!game: conflict
!but&great&media&game: positive
but&!screen&!wa&!had: negative
but&!screen&!wa&had: conflict
but&!screen&wa&!the: negative
but&!screen&wa&the: positive
but&screen&!and&!comput: conflict
but&screen&!and&comput: negative
but&screen&and&!on: positive
but&screen&and&on: negative
DecisionTree learned:
!but&!easi&!not&!good: positive
!but&!easi&!not&good: positive
!but&!easi&not&!other: negative
!but&!easi&not&other: positive
!but&easi&!not&!one: positive
!but&easi&!not&one: neutral
!but&easi&not&!and: negative
!but&easi&not&and: positive
but&!wa&!need&!screen: negative
but&!wa&!need&screen: conflict
but&!wa&need&!laptop: positive
but&!wa&need&laptop: neutral
but&wa&!s&!amaz: negative
but&wa&!s&amaz: positive
but&wa&s: conflict
DecisionTree learned:
!but&!is&!macbook&!had: positive
!but&!is&!macbook&had: negative
!but&!is&macbook&!for: positive
!but&!is&macbook&for: neutral
!but&is&!laptop&!ani: positive
!but&is&!laptop&ani: neutral
!but&is&laptop&!it: neutral
!but&is&laptop&it: conflict
but&!power&!call&!look: negative
but&!power&!call&look: positive
but&!power&call: neutral
but&power: neutral
DecisionTree learned:
!but&!fast&!amaz&!not: positive
!but&!fast&!amaz&not: negative
!but&!fast&amaz: positive
!but&fast&!program: positive
!but&fast&program: neutral
but&!the&!that&!it: negative
but&!the&!that&it: conflict
but&!the&that&!get: neutral
but&!the&that&get: conflict
but&the&!outsid&!they: positive
but&the&!outsid&they: negative
but&the&outsid: neutral
DecisionTree learned:
!but&!and&!use&!price: negative
!but&!and&!use&price: positive
!but&!and&use&!some: neutral
!but&!and&use&some: conflict
!but&and&!back&!i: positive
!but&and&!back&i: neutral
!but&and&back&!me: negative
!but&and&back&me: neutral
but&!function&!featur&!which: negative
but&!function&!featur&which: conflict
but&!function&featur&!comput: positive
but&!function&featur&comput: conflict
but&function: neutral
DecisionTree learned:
!but&!is&!macbook&!love: negative
!but&!is&!macbook&love: positive
!but&!is&macbook&!for: positive
!but&!is&macbook&for: neutral
!but&is&!n&!and: negative
!but&is&!n&and: positive
!but&is&n&!when: negative
!but&is&n&when: neutral
but&!wa&!had&!replac: positive
but&!wa&!had&replac: neutral
but&!wa&had&!it: conflict
but&!wa&had&it: negative
but&wa&!s&!i: negative
but&wa&!s&i: positive
but&wa&s: conflict
DecisionTree learned:
!but&!great&!the&!i: positive
!but&!great&!the&i: neutral
!but&!great&the&!worth: negative
!but&!great&the&worth: conflict
!but&great&!media&!etc: positive
!but&great&!media&etc: negative
!but&great&media&!game: conflict
!but&great&media&game: positive
but&!check&!the&!softwar: conflict
but&!check&!the&softwar: negative
but&!check&the&!outsid: negative
but&!check&the&outsid: neutral
but&check: neutral
DecisionTree learned:
!but&!veri&!the&!good: positive
!but&!veri&!the&good: positive
!but&!veri&the&!love: negative
!but&!veri&the&love: positive
!but&veri&!function&!like: positive
!but&veri&!function&like: negative
!but&veri&function: conflict
but&!temperatur&!the&!and: conflict
but&!temperatur&!the&and: positive
but&!temperatur&the&!differ: negative
but&!temperatur&the&differ: conflict
but&temperatur: neutral
DecisionTree learned:
!but&!or&!fast&!easi: positive
!but&!or&!fast&easi: positive
!but&!or&fast&!program: positive
!but&!or&fast&program: neutral
!but&or&!window&!app: neutral
!but&or&!window&app: positive
!but&or&window&!plenti: negative
!but&or&window&plenti: positive
but&!call&!just&!which: negative
but&!call&!just&which: conflict
but&!call&just&!thi: positive
but&!call&just&thi: negative
but&call: neutral
DecisionTree learned:
!but&!great&!worth&!use: negative
!but&!great&!worth&use: positive
!but&!great&worth&!money: conflict
!but&!great&worth&money: positive
!but&great&!media&!softwar: positive
!but&great&!media&softwar: neutral
!but&great&media: conflict
but&!up&!look&!just: negative
but&!up&!look&just: positive
but&!up&look&!to: positive
but&!up&look&to: negative
but&up&!mac: negative
but&up&mac: positive
DecisionTree learned:
!but&!is&!macbook&!eee: negative
!but&!is&!macbook&eee: conflict
!but&!is&macbook&!for: positive
!but&!is&macbook&for: neutral
!but&is&!mind&!laptop: positive
!but&is&!mind&laptop: neutral
!but&is&mind: conflict
but&!wa&!on&!had: negative
but&!wa&!on&had: conflict
but&!wa&on&!i: negative
but&!wa&on&i: neutral
but&wa&!replac&!best: negative
but&wa&!replac&best: conflict
but&wa&replac&!for: negative
but&wa&replac&for: conflict
DecisionTree learned:
!but&!and&!price&!problem: negative
!but&!and&!price&problem: negative
!but&!and&price&!much: positive
!but&!and&price&much: conflict
!but&and&!complain&!extend: positive
!but&and&!complain&extend: neutral
!but&and&complain: conflict
but&!repair&!laptop&!look: negative
but&!repair&!laptop&look: positive
but&!repair&laptop&!with: positive
but&!repair&laptop&with: neutral
but&repair&!to: negative
but&repair&to: neutral
DecisionTree learned:
!but&!fast&!is&!game: negative
!but&!fast&!is&game: neutral
!but&!fast&is&!ani: positive
!but&!fast&is&ani: neutral
!but&fast&!program: positive
!but&fast&program: neutral
but&!differ&!learn&!the: conflict
but&!differ&!learn&the: positive
but&!differ&learn&!i: neutral
but&!differ&learn&i: positive
but&differ: conflict
DecisionTree learned:
!but&!use&!worth&!speed: negative
!but&!use&!worth&speed: positive
!but&!use&worth&!mous: conflict
!but&!use&worth&mous: positive
!but&use&!some&!though: positive
!but&use&!some&though: conflict
!but&use&some&!the: negative
!but&use&some&the: conflict
but&!call&!power&!temperatur: negative
but&!call&!power&temperatur: neutral
but&!call&power: neutral
but&call: neutral
DecisionTree learned:
!but&!great&!the&!i: positive
!but&!great&!the&i: neutral
!but&!great&the&!gener: negative
!but&!great&the&gener: conflict
!but&great&!media&!etc: positive
!but&great&!media&etc: negative
!but&great&media&!game: conflict
!but&great&media&game: positive
but&!call&!learn&!replac: positive
but&!call&!learn&replac: neutral
but&!call&learn&!i: neutral
but&!call&learn&i: positive
but&call: neutral
DecisionTree learned:
!but&!is&!next&!for: negative
!but&!is&!next&for: neutral
!but&!is&next&!on: neutral
!but&!is&next&on: conflict
!but&is&!not&!abov: positive
!but&is&!not&abov: conflict
!but&is&not&!graphic: negative
!but&is&not&graphic: conflict
but&!the&!anoth&!that: conflict
but&!the&!anoth&that: neutral
but&!the&anoth&!mac: neutral
but&!the&anoth&mac: negative
but&the&!on&!user: positive
but&the&!on&user: neutral
but&the&on&!i: conflict
but&the&on&i: neutral
DecisionTree learned:
!but&!problem&!and&!or: negative
!but&!problem&!and&or: neutral
!but&!problem&and&!complain: positive
!but&!problem&and&complain: conflict
!but&problem&!an&!out: negative
!but&problem&!an&out: neutral
!but&problem&an: neutral
but&!power&!did&!be: positive
but&!power&!did&be: negative
but&!power&did&!in: conflict
but&!power&did&in: neutral
but&power: neutral
DecisionTree learned:
!but&!good&!and&!next: negative
!but&!good&!and&next: conflict
!but&!good&and&!complain: positive
!but&!good&and&complain: conflict
!but&good&!that&!it: positive
!but&good&!that&it: positive
!but&good&that: negative
but&!temperatur&!wa&!laptop: negative
but&!temperatur&!wa&laptop: positive
but&!temperatur&wa&!replac: negative
but&!temperatur&wa&replac: conflict
but&temperatur: neutral
DecisionTree learned:
!but&!worth&!next&!use: negative
!but&!worth&!next&use: positive
!but&!worth&next&!on: neutral
!but&!worth&next&on: conflict
!but&worth&!mous&!n: conflict
!but&worth&!mous&n: negative
!but&worth&mous&!is: neutral
!but&worth&mous&is: positive
but&!learn&!the&!call: conflict
but&!learn&!the&call: neutral
but&!learn&the&!on: positive
but&!learn&the&on: neutral
but&learn&!i: neutral
but&learn&i: positive
DecisionTree learned:
!but&!problem&!not&!and: negative
!but&!problem&!not&and: positive
!but&!problem&not&!graphic: negative
!but&!problem&not&graphic: conflict
!but&problem&!purchas&!push: negative
!but&problem&!purchas&push: neutral
!but&problem&purchas&!softwar: neutral
!but&problem&purchas&softwar: positive
but&!outsid&!so&!repair: negative
but&!outsid&!so&repair: negative
but&!outsid&so&!wa: neutral
but&!outsid&so&wa: positive
but&outsid&!i: negative
but&outsid&i: neutral
DecisionTree learned:
!but&!the&!twice&!way: positive
!but&!the&!twice&way: conflict
!but&!the&twice: conflict
!but&the&!despit&!version: negative
!but&the&!despit&version: conflict
!but&the&despit&!mac: conflict
!but&the&despit&mac: negative
but&!up&!all&!look: negative
but&!up&!all&look: positive
but&!up&all&!and: positive
but&!up&all&and: neutral
but&up&!mac: negative
but&up&mac: positive
DecisionTree learned:
!but&!not&!much&!is: neutral
!but&!not&!much&is: positive
!but&!not&much&!laptop: positive
!but&!not&much&laptop: conflict
!but&not&!graphic&!other: negative
!but&not&!graphic&other: positive
!but&not&graphic: conflict
but&!wa&!had&!the: conflict
but&!wa&!had&the: positive
but&!wa&had&!not: conflict
but&!wa&had&not: negative
but&wa&!s&!i: negative
but&wa&!s&i: positive
but&wa&s: conflict
DecisionTree learned:
!but&!amaz&!email&!love: negative
!but&!amaz&!email&love: positive
!but&!amaz&email&!offic: neutral
!but&!amaz&email&offic: positive
!but&amaz: positive
but&!wa&!screen&!differ: negative
but&!wa&!screen&differ: conflict
but&!wa&screen&!and: conflict
but&!wa&screen&and: positive
but&wa&!replac&!best: negative
but&wa&!replac&best: conflict
but&wa&replac&!and: conflict
but&wa&replac&and: conflict
DecisionTree learned:
!but&!macbook&!laptop&!is: negative
!but&!macbook&!laptop&is: positive
!but&!macbook&laptop&!it: positive
!but&!macbook&laptop&it: conflict
!but&macbook&!for&!and: positive
!but&macbook&!for&and: positive
!but&macbook&for&!never: neutral
!but&macbook&for&never: conflict
but&!if&!replac&!and: conflict
but&!if&!replac&and: positive
but&!if&replac&!to: neutral
but&!if&replac&to: conflict
but&if&!to&!mac: negative
but&if&!to&mac: positive
but&if&to: neutral
DecisionTree learned:
!but&!the&!i&!good: positive
!but&!the&!i&good: positive
!but&!the&i&!laptop: neutral
!but&!the&i&laptop: neutral
!but&the&!sol&!worth: negative
!but&the&!sol&worth: conflict
!but&the&sol: conflict
but&!the&!softwar&!with: conflict
but&!the&!softwar&with: neutral
but&!the&softwar&!extra: negative
but&!the&softwar&extra: conflict
but&the&!differ&!you: negative
but&the&!differ&you: positive
but&the&differ: conflict
DecisionTree learned:
!but&!the&!i&!or: positive
!but&!the&!i&or: neutral
!but&!the&i&!laptop: neutral
!but&!the&i&laptop: neutral
!but&the&!great&!macbook: negative
!but&the&!great&macbook: positive
!but&the&great&!video: positive
!but&the&great&video: conflict
but&!if&!new&!be: positive
but&!if&!new&be: negative
but&!if&new&!it: positive
but&!if&new&it: neutral
but&if&!to&!mac: negative
but&if&!to&mac: positive
but&if&to: neutral
DecisionTree learned:
!but&!macbook&!easi&!laptop: negative
!but&!macbook&!easi&laptop: positive
!but&!macbook&easi&!one: positive
!but&!macbook&easi&one: neutral
!but&macbook&!will&!hard: positive
!but&macbook&!will&hard: conflict
!but&macbook&will&!so: conflict
!but&macbook&will&so: positive
but&!wa&!laptop&!need: negative
but&!wa&!laptop&need: positive
but&!wa&laptop&!with: positive
but&!wa&laptop&with: neutral
but&wa&!as&!batteri: positive
but&wa&!as&batteri: negative
but&wa&as&!and: conflict
but&wa&as&and: negative
DecisionTree learned:
!but&!worth&!fast&!use: negative
!but&!worth&!fast&use: positive
!but&!worth&fast&!program: positive
!but&!worth&fast&program: neutral
!but&worth&!mous&!arisen: negative
!but&worth&!mous&arisen: conflict
!but&worth&mous&!is: neutral
!but&worth&mous&is: positive
but&!screen&!be&!they: positive
but&!screen&!be&they: negative
but&!screen&be&!a: negative
but&!screen&be&a: neutral
but&screen&!on&!and: conflict
but&screen&!on&and: positive
but&screen&on: negative
DecisionTree learned:
!but&!veri&!next&!laptop: negative
!but&!veri&!next&laptop: positive
!but&!veri&next&!on: neutral
!but&!veri&next&on: conflict
!but&veri&!function&!heat: positive
!but&veri&!function&heat: negative
!but&veri&function: conflict
but&!look&!be&!on: positive
but&!look&!be&on: neutral
but&!look&be&!a: negative
but&!look&be&a: neutral
but&look&!great&!to: positive
but&look&!great&to: negative
but&look&great: negative
DecisionTree learned:
!but&!the&!i&!word: positive
!but&!the&!i&word: neutral
!but&!the&i&!way: neutral
!but&!the&i&way: conflict
!but&the&!eas&!gener: negative
!but&the&!eas&gener: conflict
!but&the&eas: positive
but&!power&!outsid&!the: conflict
but&!power&!outsid&the: positive
but&!power&outsid&!i: negative
but&!power&outsid&i: neutral
but&power: neutral
DecisionTree learned:
!but&!macbook&!laptop&!is: neutral
!but&!macbook&!laptop&is: positive
!but&!macbook&laptop&!it: positive
!but&!macbook&laptop&it: conflict
!but&macbook&!for&!hard: positive
!but&macbook&!for&hard: conflict
!but&macbook&for&!never: neutral
!but&macbook&for&never: positive
but&!wa&!they&!comput: positive
but&!wa&!they&comput: negative
but&!wa&they&!that: negative
but&!wa&they&that: neutral
but&wa&!replac&!as: positive
but&wa&!replac&as: conflict
but&wa&replac&!and: conflict
but&wa&replac&and: conflict
DecisionTree learned:
!but&!opt&!easi&!macbook: negative
!but&!opt&!easi&macbook: positive
!but&!opt&easi&!one: positive
!but&!opt&easi&one: neutral
!but&opt&!batteri: conflict
!but&opt&batteri: positive
but&!wa&!had&!anoth: negative
but&!wa&!had&anoth: neutral
but&!wa&had&!not: conflict
but&!wa&had&not: negative
but&wa&!fix&!well: negative
but&wa&!fix&well: positive
but&wa&fix: positive
DecisionTree learned:
!but&!the&!i&!page: positive
!but&!the&!i&page: neutral
!but&!the&i&!next: neutral
!but&!the&i&next: conflict
!but&the&!version&!great: negative
!but&the&!version&great: positive
!but&the&version&!work: conflict
!but&the&version&work: positive
but&!i&!be&!new: conflict
but&!i&!be&new: neutral
but&!i&be&!just: negative
but&!i&be&just: positive
but&i&!which&!ever: positive
but&i&!which&ever: conflict
but&i&which: conflict
DecisionTree learned:
!but&!or&!warranti&!love: positive
!but&!or&!warranti&love: positive
!but&!or&warranti&!wa: neutral
!but&!or&warranti&wa: neutral
!but&or&!window&!ha: neutral
!but&or&!window&ha: positive
!but&or&window&!plenti: negative
!but&or&window&plenti: positive
but&!wa&!on&!replac: positive
but&!wa&!on&replac: neutral
but&!wa&on&!i: negative
but&!wa&on&i: neutral
but&wa&!amaz&!the: conflict
but&wa&!amaz&the: negative
but&wa&amaz: positive
DecisionTree learned:
!but&!laptop&!opt&!macbook: negative
!but&!laptop&!opt&macbook: positive
!but&!laptop&opt&!batteri: conflict
!but&!laptop&opt&batteri: positive
!but&laptop&!life&!it: positive
!but&laptop&!life&it: negative
!but&laptop&life&!my: positive
!but&laptop&life&my: conflict
but&!all&!and&!i: conflict
but&!all&!and&i: neutral
but&!all&and&!ha: positive
but&!all&and&ha: conflict
but&all&!and: positive
but&all&and&!not: neutral
but&all&and&not: negative
DecisionTree learned:
!but&!macbook&!mind&!laptop: negative
!but&!macbook&!mind&laptop: positive
!but&!macbook&mind: conflict
!but&macbook&!for&!hard: positive
!but&macbook&!for&hard: conflict
!but&macbook&for&!never: neutral
!but&macbook&for&never: conflict
but&!huge&!user&!life: positive
but&!huge&!user&life: conflict
but&!huge&user: neutral
but&huge&!so: conflict
but&huge&so: positive
DecisionTree learned:
!but&!use&!speed&!the: neutral
!but&!use&!speed&the: negative
!but&!use&speed&!differ: positive
!but&!use&speed&differ: negative
!but&use&!some&!though: positive
!but&use&!some&though: conflict
!but&use&some&!the: negative
!but&use&some&the: conflict
but&!i&!anoth&!replac: conflict
but&!i&!anoth&replac: neutral
but&!i&anoth&!just: neutral
but&!i&anoth&just: negative
but&i&!which&!ever: neutral
but&i&!which&ever: conflict
but&i&which: conflict
DecisionTree learned:
!but&!felt&!worth&!fast: negative
!but&!felt&!worth&fast: positive
!but&!felt&worth&!mous: conflict
!but&!felt&worth&mous: positive
!but&felt: conflict
but&!check&!new&!featur: negative
but&!check&!new&featur: positive
but&!check&new&!it: positive
but&!check&new&it: neutral
but&check: neutral
DecisionTree learned:
!but&!laptop&!the&!bar: neutral
!but&!laptop&!the&bar: conflict
!but&!laptop&the&!macbook: negative
!but&!laptop&the&macbook: positive
!but&laptop&!it&!went: positive
!but&laptop&!it&went: conflict
!but&laptop&it&!much: negative
!but&laptop&it&much: conflict
but&!standard&!user&!support: positive
but&!standard&!user&support: negative
but&!standard&user: neutral
but&standard: conflict
DecisionTree learned:
!but&!worth&!month&!version: positive
!but&!worth&!month&version: conflict
!but&!worth&month&!warranti: negative
!but&!worth&month&warranti: neutral
!but&worth&!mous&!of: conflict
!but&worth&!mous&of: negative
!but&worth&mous&!is: neutral
!but&worth&mous&is: positive
but&!wa&!cost&!they: positive
but&!wa&!cost&they: negative
but&!wa&cost&!is: conflict
but&!wa&cost&is: positive
but&wa&!batteri&!as: positive
but&wa&!batteri&as: negative
but&wa&batteri&!for: negative
but&wa&batteri&for: conflict
DecisionTree learned:
!but&!is&!some&!macbook: neutral
!but&!is&!some&macbook: positive
!but&!is&some&!use: negative
!but&!is&some&use: conflict
!but&is&!mind&!laptop: positive
!but&is&!mind&laptop: neutral
!but&is&mind: conflict
but&!the&!call&!power: conflict
but&!the&!call&power: neutral
but&!the&call: neutral
but&the&!differ&!standard: negative
but&the&!differ&standard: conflict
but&the&differ: conflict
DecisionTree learned:
!but&!sol&!get&!for: negative
!but&!sol&!get&for: neutral
!but&!sol&get&!am: negative
!but&!sol&get&am: conflict
!but&sol: conflict
but&!wa&!had&!the: conflict
but&!wa&!had&the: negative
but&!wa&had&!it: conflict
but&!wa&had&it: negative
but&wa&!s&!i: negative
but&wa&!s&i: positive
but&wa&s: conflict
DecisionTree learned:
!but&!use&!macbook&!opt: negative
!but&!use&!macbook&opt: conflict
!but&!use&macbook&!for: positive
!but&!use&macbook&for: neutral
!but&use&!some&!though: neutral
!but&use&!some&though: conflict
!but&use&some&!the: negative
!but&use&some&the: conflict
but&!featur&!temperatur&!power: negative
but&!featur&!temperatur&power: neutral
but&!featur&temperatur: neutral
but&featur&!function&!comput: positive
but&featur&!function&comput: conflict
but&featur&function: neutral
DecisionTree learned:
!but&!good&!worth&!for: negative
!but&!good&!worth&for: neutral
!but&!good&worth&!mous: conflict
!but&!good&worth&mous: positive
!but&good&!els&!night: positive
!but&good&!els&night: neutral
!but&good&els: negative
but&!wa&!comput&!replac: positive
but&!wa&!comput&replac: neutral
but&!wa&comput&!make: negative
but&!wa&comput&make: conflict
but&wa&!as&!veri: negative
but&wa&!as&veri: positive
but&wa&as&!and: conflict
but&wa&as&and: negative
DecisionTree learned:
!but&!worth&!felt&!opt: negative
!but&!worth&!felt&opt: conflict
!but&!worth&felt: conflict
!but&worth&!mous&!n: conflict
!but&worth&!mous&n: negative
!but&worth&mous&!is: neutral
!but&worth&mous&is: positive
but&!wa&!on&!laptop: negative
but&!wa&!on&laptop: positive
but&!wa&on&!i: conflict
but&!wa&on&i: neutral
but&wa&!s&!i: negative
but&wa&!s&i: positive
but&wa&s: conflict
DecisionTree learned:
!but&!sol&!and&!worth: negative
!but&!sol&!and&worth: conflict
!but&!sol&and&!complain: positive
!but&!sol&and&complain: conflict
!but&sol: conflict
but&!wa&!screen&!to: negative
but&!wa&!screen&to: neutral
but&!wa&screen&!comput: conflict
but&!wa&screen&comput: negative
but&wa&!fix&!thi: negative
but&wa&!fix&thi: positive
but&wa&fix: positive
DecisionTree learned:
!but&!next&!the&!laptop: neutral
!but&!next&!the&laptop: positive
!but&!next&the&!sol: negative
!but&!next&the&sol: conflict
!but&next&!on&!for: neutral
!but&next&!on&for: negative
!but&next&on&!is: conflict
!but&next&on&is: neutral
but&!user&!repair&!differ: positive
but&!user&!repair&differ: conflict
but&!user&repair&!to: negative
but&!user&repair&to: neutral
but&user: neutral
DecisionTree learned:
!but&!veri&!macbook&!laptop: negative
!but&!veri&!macbook&laptop: neutral
!but&!veri&macbook&!of: positive
!but&!veri&macbook&of: negative
!but&veri&!function&!would: positive
!but&veri&!function&would: negative
!but&veri&function: conflict
but&!wa&!screen&!to: positive
but&!wa&!screen&to: neutral
but&!wa&screen&!and: conflict
but&!wa&screen&and: positive
but&wa&!thi&!fix: negative
but&wa&!thi&fix: positive
but&wa&thi&!i: negative
but&wa&thi&i: positive
DecisionTree learned:
!but&!worth&!against&!felt: negative
!but&!worth&!against&felt: conflict
!but&!worth&against: conflict
!but&worth&!mous&!arisen: negative
!but&worth&!mous&arisen: conflict
!but&worth&mous&!is: neutral
!but&worth&mous&is: positive
but&!laptop&!all&!user: negative
but&!laptop&!all&user: neutral
but&!laptop&all&!just: neutral
but&!laptop&all&just: positive
but&laptop&!school&!with: positive
but&laptop&!school&with: neutral
but&laptop&school: neutral
DecisionTree learned:
!but&!macbook&!felt&!use: negative
!but&!macbook&!felt&use: positive
!but&!macbook&felt: conflict
!but&macbook&!hard&!will: positive
!but&macbook&!hard&will: conflict
!but&macbook&hard: conflict
but&!function&!wa&!had: positive
but&!function&!wa&had: conflict
but&!function&wa&!look: negative
but&!function&wa&look: positive
but&function: neutral
DecisionTree learned:
!but&!the&!i&!mous: positive
!but&!the&!i&mous: neutral
!but&!the&i&!next: neutral
!but&!the&i&next: conflict
!but&the&!despit&!gener: negative
!but&the&!despit&gener: conflict
!but&the&despit&!mac: conflict
!but&the&despit&mac: negative
but&!user&!if&!function: positive
but&!user&!if&function: neutral
but&!user&if&!to: negative
but&!user&if&to: neutral
but&user: neutral
DecisionTree learned:
!but&!worth&!opt&!laptop: negative
!but&!worth&!opt&laptop: positive
!but&!worth&opt&!batteri: conflict
!but&!worth&opt&batteri: positive
!but&worth&!of&!money: conflict
!but&worth&!of&money: positive
!but&worth&of: negative
but&!power&!just&!be: negative
but&!power&!just&be: negative
but&!power&just&!my: positive
but&!power&just&my: negative
but&power: neutral
DecisionTree learned:
!but&!macbook&!laptop&!opt: negative
!but&!macbook&!laptop&opt: conflict
!but&!macbook&laptop&!it: neutral
!but&!macbook&laptop&it: conflict
!but&macbook&!of&!hard: positive
!but&macbook&!of&hard: conflict
!but&macbook&of&!be: negative
!but&macbook&of&be: conflict
but&!learn&!if&!need: negative
but&!learn&!if&need: positive
but&!learn&if&!to: negative
but&!learn&if&to: neutral
but&learn&!i: neutral
but&learn&i: positive
DecisionTree learned:
!but&!worth&!sol&!felt: positive
!but&!worth&!sol&felt: conflict
!but&!worth&sol: conflict
!but&worth&!mous&!work: conflict
!but&worth&!mous&work: negative
!but&worth&mous&!is: neutral
!but&worth&mous&is: positive
but&!call&!power&!look: negative
but&!call&!power&look: positive
but&!call&power: neutral
but&call: neutral
DecisionTree learned:
!but&!macbook&!laptop&!opt: negative
!but&!macbook&!laptop&opt: conflict
!but&!macbook&laptop&!it: positive
!but&!macbook&laptop&it: conflict
!but&macbook&!want&!hard: positive
!but&macbook&!want&hard: conflict
!but&macbook&want: neutral
but&!function&!wa&!replac: positive
but&!function&!wa&replac: neutral
but&!function&wa&!s: negative
but&!function&wa&s: conflict
but&function: neutral
DecisionTree learned:
!but&!some&!worth&!felt: positive
!but&!some&!worth&felt: conflict
!but&!some&worth&!money: conflict
!but&!some&worth&money: positive
!but&some&!use&!insid: negative
!but&some&!use&insid: neutral
!but&some&use&!the: negative
!but&some&use&the: conflict
but&!look&!just&!be: conflict
but&!look&!just&be: negative
but&!look&just&!my: positive
but&!look&just&my: negative
but&look&!away&!to: positive
but&look&!away&to: negative
but&look&away: negative
DecisionTree learned:
!but&!worth&!opt&!laptop: negative
!but&!worth&!opt&laptop: positive
!but&!worth&opt&!batteri: conflict
!but&!worth&opt&batteri: positive
!but&worth&!money&!arisen: negative
!but&worth&!money&arisen: conflict
!but&worth&money&!is: neutral
!but&worth&money&is: positive
but&!power&!outsid&!rate: negative
but&!power&!outsid&rate: conflict
but&!power&outsid&!i: negative
but&!power&outsid&i: neutral
but&power: neutral
DecisionTree learned:
!but&!mind&!laptop&!macbook: negative
!but&!mind&!laptop&macbook: positive
!but&!mind&laptop&!it: positive
!but&!mind&laptop&it: conflict
!but&mind: conflict
but&!screen&!two&!cost: negative
but&!screen&!two&cost: conflict
but&!screen&two&!and: positive
but&!screen&two&and: conflict
but&screen&!and&!on: conflict
but&screen&!and&on: negative
but&screen&and&!on: positive
but&screen&and&on: negative
DecisionTree learned:
!but&!laptop&!macbook&!mind: positive
!but&!laptop&!macbook&mind: conflict
!but&!laptop&macbook&!hard: positive
!but&!laptop&macbook&hard: conflict
!but&laptop&!life&!it: positive
!but&laptop&!life&it: negative
!but&laptop&life&!my: positive
!but&laptop&life&my: conflict
but&!laptop&!they&!in: negative
but&!laptop&!they&in: positive
but&!laptop&they&!toshiba: negative
but&!laptop&they&toshiba: neutral
but&laptop&!school&!with: positive
but&laptop&!school&with: neutral
but&laptop&school: neutral
DecisionTree learned:
!but&!laptop&!next&!the: neutral
!but&!laptop&!next&the: negative
!but&!laptop&next&!on: neutral
!but&!laptop&next&on: conflict
!but&laptop&!though&!cost: positive
!but&laptop&!though&cost: conflict
!but&laptop&though: conflict
but&!wa&!on&!replac: positive
but&!wa&!on&replac: neutral
but&!wa&on&!i: negative
but&!wa&on&i: neutral
but&wa&!replac&!as: negative
but&wa&!replac&as: conflict
but&wa&replac&!for: conflict
but&wa&replac&for: conflict
DecisionTree learned:
!but&!macbook&!laptop&!felt: negative
!but&!macbook&!laptop&felt: conflict
!but&!macbook&laptop&!it: positive
!but&!macbook&laptop&it: conflict
!but&macbook&!hard&!will: positive
!but&macbook&!hard&will: conflict
!but&macbook&hard: conflict
but&!power&!they&!repair: positive
but&!power&!they&repair: negative
but&!power&they&!that: negative
but&!power&they&that: neutral
but&power: neutral
DecisionTree learned:
!but&!worth&!felt&!sol: positive
!but&!worth&!felt&sol: conflict
!but&!worth&felt: conflict
!but&worth&!mous&!n: conflict
!but&worth&!mous&n: negative
!but&worth&mous&!is: neutral
!but&worth&mous&is: positive
but&!wa&!had&!the: neutral
but&!wa&!had&the: positive
but&!wa&had&!it: conflict
but&!wa&had&it: negative
but&wa&!as&!that: negative
but&wa&!as&that: positive
but&wa&as&!and: conflict
but&wa&as&and: negative
DecisionTree learned:
!but&!worth&!macbook&!against: negative
!but&!worth&!macbook&against: conflict
!but&!worth&macbook&!of: positive
!but&!worth&macbook&of: negative
!but&worth&!n&!money: conflict
!but&worth&!n&money: positive
!but&worth&n: negative
but&!wa&!had&!be: positive
but&!wa&!had&be: negative
but&!wa&had&!it: conflict
but&!wa&had&it: negative
but&wa&!s&!and: negative
but&wa&!s&and: positive
but&wa&s: conflict
DecisionTree learned:
!but&!macbook&!veri&!laptop: negative
!but&!macbook&!veri&laptop: positive
!but&!macbook&veri&!function: positive
!but&!macbook&veri&function: conflict
!but&macbook&!hard&!will: positive
!but&macbook&!hard&will: conflict
!but&macbook&hard: conflict
but&!replac&!i&!and: conflict
but&!replac&!i&and: positive
but&!replac&i&!screen: positive
but&!replac&i&screen: conflict
but&replac&!to&!and: neutral
but&replac&!to&and: negative
but&replac&to&!and: conflict
but&replac&to&and: conflict
DecisionTree learned:
!but&!laptop&!next&!the: neutral
!but&!laptop&!next&the: negative
!but&!laptop&next&!on: neutral
!but&!laptop&next&on: conflict
!but&laptop&!though&!went: positive
!but&laptop&!though&went: conflict
!but&laptop&though: conflict
but&!be&!they&!function: positive
but&!be&!they&function: neutral
but&!be&they&!and: neutral
but&!be&they&and: negative
but&be&!a: negative
but&be&a&!would: neutral
but&be&a&would: positive
DecisionTree learned:
!but&!get&!opt&!qualiti: negative
!but&!get&!opt&qualiti: negative
!but&!get&opt&!batteri: conflict
!but&!get&opt&batteri: positive
!but&get&!especi&!am: negative
!but&get&!especi&am: conflict
!but&get&especi: conflict
but&!standard&!the&!like: conflict
but&!standard&!the&like: negative
but&!standard&the&!come: negative
but&!standard&the&come: neutral
but&standard: conflict
DecisionTree learned:
!but&!and&!movi&!it: neutral
!but&!and&!movi&it: negative
!but&!and&movi&!just: positive
!but&!and&movi&just: conflict
!but&and&!extend&!complain: positive
!but&and&!extend&complain: conflict
!but&and&extend&!when: neutral
!but&and&extend&when: conflict
but&!power&!learn&!i: conflict
but&!power&!learn&i: positive
but&!power&learn&!i: neutral
but&!power&learn&i: positive
but&power: neutral
DecisionTree learned:
!but&!get&!version&!veri: positive
!but&!get&!version&veri: positive
!but&!get&version&!work: conflict
!but&!get&version&work: positive
!but&get&!am&!especi: negative
!but&get&!am&especi: conflict
!but&get&am&!toshiba: conflict
!but&get&am&toshiba: negative
but&!differ&!wa&!with: negative
but&!differ&!wa&with: neutral
but&!differ&wa&!s: negative
but&!differ&wa&s: conflict
but&differ: conflict
DecisionTree learned:
!but&!worth&!warranti&!month: positive
!but&!worth&!warranti&month: negative
!but&!worth&warranti&!after: neutral
!but&!worth&warranti&after: neutral
!but&worth&!money&!arisen: negative
!but&worth&!money&arisen: conflict
!but&worth&money&!is: neutral
!but&worth&money&is: positive
but&!i&!replac&!you: conflict
but&!i&!replac&you: positive
but&!i&replac&!for: neutral
but&!i&replac&for: conflict
but&i&!on&!is: positive
but&i&!on&is: conflict
but&i&on&!wa: neutral
but&i&on&wa: positive
DecisionTree learned:
!but&!worth&!sol&!mind: negative
!but&!worth&!sol&mind: conflict
!but&!worth&sol: conflict
!but&worth&!mous&!work: conflict
!but&worth&!mous&work: negative
!but&worth&mous&!is: neutral
!but&worth&mous&is: positive
but&!learn&!i&!the: conflict
but&!learn&!i&the: positive
but&!learn&i&!ever: negative
but&!learn&i&ever: conflict
but&learn&!i: neutral
but&learn&i: positive
DecisionTree learned:
!but&!get&!against&!the: neutral
!but&!get&!against&the: negative
!but&!get&against: conflict
!but&get&!am&!especi: negative
!but&get&!am&especi: conflict
!but&get&am&!toshiba: conflict
!but&get&am&toshiba: negative
but&!function&!support&!be: positive
but&!function&!support&be: negative
but&!function&support: negative
but&function: neutral
DecisionTree learned:
!but&!worth&!and&!next: negative
!but&!worth&!and&next: neutral
!but&!worth&and&!extend: positive
!but&!worth&and&extend: neutral
!but&worth&!mous&!are: conflict
!but&worth&!mous&are: negative
!but&worth&mous&!is: neutral
!but&worth&mous&is: positive
but&!power&!the&!you: conflict
but&!power&!the&you: neutral
but&!power&the&!had: positive
but&!power&the&had: conflict
but&power: neutral
DecisionTree learned:
!but&!laptop&!the&!bar: positive
!but&!laptop&!the&bar: conflict
!but&!laptop&the&!for: negative
!but&!laptop&the&for: neutral
!but&laptop&!it&!went: positive
!but&laptop&!it&went: conflict
!but&laptop&it&!much: negative
!but&laptop&it&much: conflict
but&!wa&!screen&!i: positive
but&!wa&!screen&i: neutral
but&!wa&screen&!comput: conflict
but&!wa&screen&comput: negative
but&wa&!look&!fix: negative
but&wa&!look&fix: positive
but&wa&look: positive
DecisionTree learned:
!but&!had&!love&!is: neutral
!but&!had&!love&is: positive
!but&!had&love&!netbook: positive
!but&!had&love&netbook: negative
!but&had&!a&!offic: negative
!but&had&!a&offic: positive
!but&had&a&!it: neutral
!but&had&a&it: neutral
but&!isol&!outsid&!user: negative
but&!isol&!outsid&user: neutral
but&!isol&outsid&!i: negative
but&!isol&outsid&i: neutral
but&isol: neutral
DecisionTree learned:
!but&!mind&!felt&!macbook: negative
!but&!mind&!felt&macbook: positive
!but&!mind&felt: conflict
!but&mind: conflict
but&!temperatur&!user&!oper: negative
but&!temperatur&!user&oper: negative
but&!temperatur&user: neutral
but&temperatur: neutral
DecisionTree learned:
!but&!worth&!easi&!amaz: negative
!but&!worth&!easi&amaz: positive
!but&!worth&easi&!one: positive
!but&!worth&easi&one: neutral
!but&worth&!is&!softwar: conflict
!but&worth&!is&softwar: positive
!but&worth&is&!much: negative
!but&worth&is&much: conflict
but&!repair&!learn&!be: positive
but&!repair&!learn&be: negative
but&!repair&learn&!i: neutral
but&!repair&learn&i: positive
but&repair&!to: negative
but&repair&to: neutral
DecisionTree learned:
!but&!macbook&!felt&!use: negative
!but&!macbook&!felt&use: neutral
!but&!macbook&felt: conflict
!but&macbook&!for&!hard: positive
!but&macbook&!for&hard: conflict
!but&macbook&for&!never: neutral
!but&macbook&for&never: conflict
but&!up&!screen&!be: positive
but&!up&!screen&be: negative
but&!up&screen&!and: conflict
but&!up&screen&and: positive
but&up&!mac: negative
but&up&mac: positive
DecisionTree learned:
!but&!felt&!worth&!despit: positive
!but&!felt&!worth&despit: conflict
!but&!felt&worth&!money: conflict
!but&!felt&worth&money: positive
!but&felt: conflict
but&!call&!wa&!replac: negative
but&!call&!wa&replac: neutral
but&!call&wa&!that: negative
but&!call&wa&that: positive
but&call: neutral
DecisionTree learned:
!but&!arisen&!for&!macbook: negative
!but&!arisen&!for&macbook: positive
!but&!arisen&for&!to: positive
!but&!arisen&for&to: neutral
!but&arisen: conflict
but&!call&!temperatur&!function: negative
but&!call&!temperatur&function: neutral
but&!call&temperatur: neutral
but&call: neutral
DecisionTree learned:
!but&!great&!use&!against: negative
!but&!great&!use&against: conflict
!but&!great&use&!some: neutral
!but&!great&use&some: conflict
!but&great&!video&!etc: positive
!but&great&!video&etc: negative
!but&great&video&!game: conflict
!but&great&video&game: positive
but&!rather&!differ&!the: conflict
but&!rather&!differ&the: negative
but&!rather&differ: conflict
but&rather: neutral
DecisionTree learned:
!but&!against&!opt&!macbook: negative
!but&!against&!opt&macbook: positive
!but&!against&opt&!batteri: conflict
!but&!against&opt&batteri: positive
!but&against: conflict
but&!standard&!wa&!littl: positive
but&!standard&!wa&littl: negative
but&!standard&wa&!s: negative
but&!standard&wa&s: conflict
but&standard: conflict
DecisionTree learned:
!but&!worth&!opt&!get: positive
!but&!worth&!opt&get: neutral
!but&!worth&opt&!batteri: conflict
!but&!worth&opt&batteri: positive
!but&worth&!arisen&!price: positive
!but&worth&!arisen&price: conflict
!but&worth&arisen: conflict
but&!power&!call&!standard: negative
but&!power&!call&standard: conflict
but&!power&call: neutral
but&power: neutral
DecisionTree learned:
!but&!next&!for&!much: negative
!but&!next&!for&much: positive
!but&!next&for&!to: positive
!but&!next&for&to: negative
!but&next&!on&!and: neutral
!but&next&!on&and: positive
!but&next&on&!is: conflict
!but&next&on&is: neutral
but&!learn&!littl&!you: conflict
but&!learn&!littl&you: positive
but&!learn&littl&!it: negative
but&!learn&littl&it: conflict
but&learn: neutral
DecisionTree learned:
!but&!mind&!macbook&!despit: positive
!but&!mind&!macbook&despit: conflict
!but&!mind&macbook&!hard: positive
!but&!mind&macbook&hard: conflict
!but&mind: conflict
but&!i&!learn&!replac: negative
but&!i&!learn&replac: neutral
but&!i&learn: neutral
but&i&!on&!ever: positive
but&i&!on&ever: conflict
but&i&on&!wa: neutral
but&i&on&wa: positive
DecisionTree learned:
!but&!get&!arisen&!for: positive
!but&!get&!arisen&for: neutral
!but&!get&arisen: conflict
!but&get&!especi&!am: negative
!but&get&!especi&am: conflict
!but&get&especi: conflict
but&!all&!the&!anoth: conflict
but&!all&!the&anoth: neutral
but&!all&the&!on: positive
but&!all&the&on: neutral
but&all&!not&!just: neutral
but&all&!not&just: positive
but&all&not: negative
DecisionTree learned:
!but&!laptop&!the&!bar: neutral
!but&!laptop&!the&bar: conflict
!but&!laptop&the&!for: negative
!but&!laptop&the&for: neutral
!but&laptop&!life&!it: positive
!but&laptop&!life&it: conflict
!but&laptop&life&!my: positive
!but&laptop&life&my: conflict
but&!did&!need&!if: positive
but&!did&!need&if: neutral
but&!did&need&!laptop: positive
but&!did&need&laptop: neutral
but&did&!in&!softwar: conflict
but&did&!in&softwar: negative
but&did&in&!me: neutral
but&did&in&me: negative
DecisionTree learned:
!but&!long&!macbook&!felt: negative
!but&!long&!macbook&felt: conflict
!but&!long&macbook&!for: positive
!but&!long&macbook&for: neutral
!but&long&!though&!batteri: negative
!but&long&!though&batteri: positive
!but&long&though: conflict
but&!look&!on&!anoth: positive
but&!look&!on&anoth: neutral
but&!look&on&!i: negative
but&!look&on&i: neutral
but&look&!away&!to: positive
but&look&!away&to: negative
but&look&away: negative
DecisionTree learned:
!but&!mind&!worth&!sol: positive
!but&!mind&!worth&sol: conflict
!but&!mind&worth&!mous: conflict
!but&!mind&worth&mous: positive
!but&mind: conflict
but&!screen&!wa&!had: positive
but&!screen&!wa&had: conflict
but&!screen&wa&!the: negative
but&!screen&wa&the: positive
but&screen&!and&!on: conflict
but&screen&!and&on: negative
but&screen&and&!on: positive
but&screen&and&on: negative
DecisionTree learned:
!but&!next&!laptop&!the: neutral
!but&!next&!laptop&the: negative
!but&!next&laptop&!life: positive
!but&!next&laptop&life: conflict
!but&next&!on&!my: positive
!but&next&!on&my: neutral
!but&next&on&!is: conflict
!but&next&on&is: neutral
but&!look&!on&!screen: negative
but&!look&!on&screen: conflict
but&!look&on&!i: conflict
but&!look&on&i: neutral
but&look&!it&!to: positive
but&look&!it&to: neutral
but&look&it&!everyth: negative
but&look&it&everyth: positive
DecisionTree learned:
!but&!against&!the&!long: neutral
!but&!against&!the&long: positive
!but&!against&the&!opt: negative
!but&!against&the&opt: conflict
!but&against: conflict
but&!repair&!warranti&!learn: positive
but&!repair&!warranti&learn: neutral
but&!repair&warranti: neutral
but&repair&!to: negative
but&repair&to: neutral
DecisionTree learned:
!but&!get&!mind&!laptop: positive
!but&!get&!mind&laptop: positive
!but&!get&mind: conflict
!but&get&!am&!especi: negative
!but&get&!am&especi: conflict
!but&get&am&!toshiba: conflict
!but&get&am&toshiba: negative
but&!i&!learn&!the: conflict
but&!i&!learn&the: negative
but&!i&learn: neutral
but&i&!which&!doe: positive
but&i&!which&doe: negative
but&i&which: conflict
DecisionTree learned:
!but&!worth&!version&!after: positive
!but&!worth&!version&after: negative
!but&!worth&version&!work: conflict
!but&!worth&version&work: positive
!but&worth&!are&!money: conflict
!but&worth&!are&money: positive
!but&worth&are: negative
but&!rate&!user&!the: conflict
but&!rate&!user&the: positive
but&!rate&user: neutral
but&rate: conflict
Trial 0 Training cc.mallet.classify.AdaBoostM2Trainer@15f66cff finished
Trial 0 Trainer cc.mallet.classify.AdaBoostM2Trainer@15f66cff test data accuracy = 0.5070993914807302

NaiveBayesTrainer
Summary. test accuracy mean = 0.6835699797160243 stddev = 0.0 stderr = 0.0

MaxEntTrainer,gaussianPriorVariance=1.0
Summary. test accuracy mean = 0.6592292089249493 stddev = 0.0 stderr = 0.0

cc.mallet.classify.DecisionTreeTrainer@266bade9
Summary. test accuracy mean = 0.5314401622718052 stddev = 0.0 stderr = 0.0

cc.mallet.classify.AdaBoostM2Trainer@15f66cff
Summary. test accuracy mean = 0.5070993914807302 stddev = 0.0 stderr = 0.0
