
-------------------- Trial 0  --------------------

Trial 0 Training NaiveBayesTrainer with 1865 instances
Trial 0 Training NaiveBayesTrainer finished
Trial 0 Trainer NaiveBayesTrainer test data accuracy = 0.6713995943204868
Trial 0 Training MaxEntTrainer,gaussianPriorVariance=1.0 with 1865 instances
Trial 0 Training MaxEntTrainer,gaussianPriorVariance=1.0 finished
Trial 0 Trainer MaxEntTrainer,gaussianPriorVariance=1.0 test data accuracy = 0.6572008113590264
Trial 0 Training cc.mallet.classify.DecisionTreeTrainer@6766afb3 with 1865 instances
DecisionTree learned:
!great&!easi&!but&!not: positive
!great&!easi&!but&not: negative
!great&!easi&but&!power: negative
!great&!easi&but&power: neutral
!great&easi&!one&!not: positive
!great&easi&!one&not: positive
!great&easi&one&!is: conflict
!great&easi&one&is: neutral
great&!but&!memori&!of: positive
great&!but&!memori&of: positive
great&!but&memori: negative
great&but&!it&!is: conflict
great&but&!it&is: positive
great&but&it: negative
Trial 0 Training cc.mallet.classify.DecisionTreeTrainer@6766afb3 finished
Trial 0 Trainer cc.mallet.classify.DecisionTreeTrainer@6766afb3 test data accuracy = 0.4462474645030426
Trial 0 Training cc.mallet.classify.AdaBoostM2Trainer@656de49c with 1865 instances
DecisionTree learned:
!great&!easi&!but&!and: negative
!great&!easi&!but&and: positive
!great&!easi&but&!repair: negative
!great&!easi&but&repair: negative
!great&easi&!one&!not: positive
!great&easi&!one&not: positive
!great&easi&one&!is: conflict
!great&easi&one&is: neutral
great&!memori&!but&!of: positive
great&!memori&!but&of: positive
great&!memori&but&!it: positive
great&!memori&but&it: negative
great&memori: negative
DecisionTree learned:
!but&!great&!easi&!not: positive
!but&!great&!easi&not: negative
!but&!great&easi&!one: positive
!but&!great&easi&one: neutral
!but&great&!memori&!of: positive
!but&great&!memori&of: positive
!but&great&memori: negative
but&!the&!screen&!power: negative
but&!the&!screen&power: neutral
but&!the&screen: conflict
but&the&!ever&!inch: negative
but&the&!ever&inch: conflict
but&the&ever: conflict
DecisionTree learned:
!but&!great&!not&!is: positive
!but&!great&!not&is: positive
!but&!great&not&!graphic: negative
!but&!great&not&graphic: conflict
!but&great&!card&!best: positive
!but&great&!card&best: neutral
!but&great&card: conflict
but&!wa&!the&!of: conflict
but&!wa&!the&of: neutral
but&!wa&the&!not: negative
but&!wa&the&not: negative
but&wa&!s&!thi: negative
but&wa&!s&thi: positive
but&wa&s: conflict
DecisionTree learned:
!but&!great&!easi&!speed: positive
!but&!great&!easi&speed: positive
!but&!great&easi&!not: positive
!but&!great&easi&not: positive
!but&great&!no&!best: positive
!but&great&!no&best: neutral
!but&great&no: neutral
but&!memori&!softwar&!the: conflict
but&!memori&!softwar&the: negative
but&!memori&softwar&!extra: negative
but&!memori&softwar&extra: negative
but&memori: neutral
DecisionTree learned:
!but&!great&!good&!love: negative
!but&!great&!good&love: positive
!but&!great&good&!out: positive
!but&!great&good&out: negative
!but&great&!card&!memori: positive
!but&great&!card&memori: negative
!but&great&card: conflict
but&!wa&!screen&!power: negative
but&!wa&!screen&power: neutral
but&!wa&screen&!comput: conflict
but&!wa&screen&comput: negative
but&wa&!s&!the: negative
but&wa&!s&the: positive
but&wa&s: conflict
DecisionTree learned:
!and&!is&!love&!drive: negative
!and&!is&!love&drive: negative
!and&!is&love&!use: positive
!and&!is&love&use: negative
!and&is&!but&!not: positive
!and&is&!but&not: negative
!and&is&but&!learn: negative
!and&is&but&learn: neutral
and&!what&!extend&!email: positive
and&!what&!extend&email: neutral
and&!what&extend&!when: neutral
and&!what&extend&when: conflict
and&what&!you&!get: neutral
and&what&!you&get: positive
and&what&you&!they: conflict
and&what&you&they: negative
DecisionTree learned:
!but&!easi&!and&!problem: negative
!but&!easi&!and&problem: negative
!but&!easi&and&!i: positive
!but&!easi&and&i: negative
!but&easi&!one&!not: positive
!but&easi&!one&not: positive
!but&easi&one: neutral
but&!repair&!wa&!laptop: negative
but&!repair&!wa&laptop: positive
but&!repair&wa&!s: positive
but&!repair&wa&s: conflict
but&repair&!to: negative
but&repair&to: neutral
DecisionTree learned:
!but&!great&!good&!the: positive
!but&!great&!good&the: negative
!but&!great&good&!els: positive
!but&!great&good&els: negative
!but&great&!card&!memori: positive
!but&great&!card&memori: negative
!but&great&card: conflict
but&!the&!it&!softwar: neutral
but&!the&!it&softwar: negative
but&!the&it&!my: negative
but&!the&it&my: positive
but&the&!two&!learn: negative
but&the&!two&learn: neutral
but&the&two&!thi: conflict
but&the&two&thi: positive
DecisionTree learned:
!but&!the&!and&!life: neutral
!but&!the&!and&life: positive
!but&!the&and&!were: positive
!but&!the&and&were: negative
!but&the&!worth&!is: negative
!but&the&!worth&is: positive
!but&the&worth&!are: conflict
!but&the&worth&are: negative
but&!screen&!memori&!support: negative
but&!screen&!memori&support: negative
but&!screen&memori: neutral
but&screen&!size&!comput: conflict
but&screen&!size&comput: negative
but&screen&size: positive
DecisionTree learned:
!but&!is&!life&!and: negative
!but&!is&!life&and: positive
!but&!is&life&!my: positive
!but&!is&life&my: conflict
!but&is&!use&!onli: positive
!but&is&!use&onli: negative
!but&is&use&!time: positive
!but&is&use&time: neutral
but&!wa&!screen&!in: negative
but&!wa&!screen&in: neutral
but&!wa&screen&!comput: conflict
but&!wa&screen&comput: negative
but&wa&!s&!the: negative
but&wa&!s&the: positive
but&wa&s: conflict
DecisionTree learned:
!but&!great&!the&!life: positive
!but&!great&!the&life: positive
!but&!great&the&!worth: negative
!but&!great&the&worth: conflict
!but&great&!memori&!of: positive
!but&great&!memori&of: positive
!but&great&memori: negative
but&!wa&!in&!memori: negative
but&!wa&!in&memori: neutral
but&!wa&in&!did: positive
but&!wa&in&did: neutral
but&wa&!s&!thi: negative
but&wa&!s&thi: positive
but&wa&s: conflict
DecisionTree learned:
!but&!easi&!the&!life: positive
!but&!easi&!the&life: positive
!but&!easi&the&!price: negative
!but&!easi&the&price: positive
!but&easi&!one&!not: positive
!but&easi&!one&not: positive
!but&easi&one: neutral
but&!softwar&!vh&!screen: positive
but&!softwar&!vh&screen: conflict
but&!softwar&vh: conflict
but&softwar&!extra: negative
but&softwar&extra: negative
DecisionTree learned:
!but&!love&!is&!had: positive
!but&!love&!is&had: negative
!but&!love&is&!not: positive
!but&!love&is&not: negative
!but&love&!netbook: positive
!but&love&netbook: negative
but&!power&!repair&!think: positive
but&!power&!repair&think: negative
but&!power&repair&!to: negative
but&!power&repair&to: neutral
but&power: neutral
DecisionTree learned:
!but&!easi&!life&!love: negative
!but&!easi&!life&love: positive
!but&!easi&life&!a: positive
!but&!easi&life&a: conflict
!but&easi&!one&!not: positive
!but&easi&!one&not: positive
!but&easi&one: neutral
but&!wa&!in&!memori: negative
but&!wa&!in&memori: neutral
but&!wa&in&!did: positive
but&!wa&in&did: neutral
but&wa&!s&!the: negative
but&wa&!s&the: positive
but&wa&s: conflict
DecisionTree learned:
!but&!speed&!good&!and: negative
!but&!speed&!good&and: positive
!but&!speed&good&!so: positive
!but&!speed&good&so: negative
!but&speed&!differ&!memori: positive
!but&speed&!differ&memori: negative
!but&speed&differ: negative
but&!wa&!screen&!qualiti: negative
but&!wa&!screen&qualiti: conflict
but&!wa&screen&!comput: conflict
but&!wa&screen&comput: negative
but&wa&!s&!i: negative
but&wa&!s&i: positive
but&wa&s: conflict
DecisionTree learned:
!but&!easi&!get&!life: positive
!but&!easi&!get&life: positive
!but&!easi&get&!about: negative
!but&!easi&get&about: conflict
!but&easi&!one&!not: positive
!but&easi&!one&not: positive
!but&easi&one: neutral
but&!problem&!the&!it: neutral
but&!problem&!the&it: conflict
but&!problem&the&!still: positive
but&!problem&the&still: negative
but&problem&!so: negative
but&problem&so: neutral
DecisionTree learned:
!but&!worth&!great&!use: negative
!but&!worth&!great&use: positive
!but&!worth&great&!best: positive
!but&!worth&great&best: neutral
!but&worth&!price&!pricetag: negative
!but&worth&!price&pricetag: conflict
!but&worth&price&!of: conflict
!but&worth&price&of: negative
but&!oper&!mac&!if: negative
but&!oper&!mac&if: neutral
but&!oper&mac&!take: positive
but&!oper&mac&take: neutral
but&oper: negative
DecisionTree learned:
!but&!life&!will&!the: positive
!but&!life&!will&the: negative
!but&!life&will&!macbook: negative
!but&!life&will&macbook: conflict
!but&life&!my&!a: positive
!but&life&!my&a: neutral
!but&life&my&!use: conflict
!but&life&my&use: conflict
but&!wa&!in&!learn: negative
but&!wa&!in&learn: neutral
but&!wa&in&!did: positive
but&!wa&in&did: neutral
but&wa&!s&!that: negative
but&wa&!s&that: positive
but&wa&s: conflict
DecisionTree learned:
!but&!life&!get&!and: negative
!but&!life&!get&and: positive
!but&!life&get&!am: negative
!but&!life&get&am: conflict
!but&life&!a&!extend: positive
!but&life&!a&extend: conflict
!but&life&a&!have: neutral
!but&life&a&have: conflict
but&!wa&!screen&!repair: positive
but&!wa&!screen&repair: negative
but&!wa&screen&!comput: conflict
but&!wa&screen&comput: negative
but&wa&!s&!that: negative
but&wa&!s&that: positive
but&wa&s: conflict
DecisionTree learned:
!but&!speed&!great&!easi: negative
!but&!speed&!great&easi: positive
!but&!speed&great&!of: positive
!but&!speed&great&of: negative
!but&speed&!memori&!differ: positive
!but&speed&!memori&differ: negative
!but&speed&memori: negative
but&!somewher&!if&!learn: positive
but&!somewher&!if&learn: neutral
but&!somewher&if&!to: positive
but&!somewher&if&to: neutral
but&somewher: neutral
DecisionTree learned:
!but&!is&!macbook&!life: negative
!but&!is&!macbook&life: positive
!but&!is&macbook&!want: positive
!but&!is&macbook&want: neutral
!but&is&!use&!onli: positive
!but&is&!use&onli: negative
!but&is&use&!for: positive
!but&is&use&for: neutral
but&!wa&!to&!the: conflict
but&!wa&!to&the: negative
but&!wa&to&!i: positive
but&!wa&to&i: neutral
but&wa&!s&!pc: positive
but&wa&!s&pc: negative
but&wa&s: conflict
DecisionTree learned:
!but&!life&!the&!non: positive
!but&!life&!the&non: conflict
!but&!life&the&!hard: negative
!but&!life&the&hard: neutral
!but&life&!a&!extend: positive
!but&life&!a&extend: conflict
!but&life&a&!have: neutral
!but&life&a&have: conflict
but&!user&!the&!with: conflict
but&!user&!the&with: neutral
but&!user&the&!ever: negative
but&!user&the&ever: conflict
but&user: neutral
DecisionTree learned:
!but&!macbook&!life&!and: negative
!but&!macbook&!life&and: positive
!but&!macbook&life&!a: positive
!but&!macbook&life&a: conflict
!but&macbook&!want&!will: positive
!but&macbook&!want&will: conflict
!but&macbook&want: neutral
but&!wa&!laptop&!learn: negative
but&!wa&!laptop&learn: neutral
but&!wa&laptop&!use: positive
but&!wa&laptop&use: neutral
but&wa&!thi&!that: negative
but&wa&!thi&that: positive
but&wa&thi: positive
DecisionTree learned:
!but&!good&!life&!the: positive
!but&!good&!life&the: negative
!but&!good&life&!a: positive
!but&!good&life&a: conflict
!but&good&!els&!pay: positive
!but&good&!els&pay: negative
!but&good&els: negative
but&!wa&!want&!huge: negative
but&!wa&!want&huge: conflict
but&!wa&want&!to: conflict
but&!wa&want&to: neutral
but&wa&!s&!touch: negative
but&wa&!s&touch: positive
but&wa&s: conflict
DecisionTree learned:
!but&!good&!and&!veri: negative
!but&!good&!and&veri: positive
!but&!good&and&!extend: positive
!but&!good&and&extend: neutral
!but&good&!els&!so: positive
!but&good&!els&so: negative
!but&good&els: negative
but&!oper&!wa&!softwar: positive
but&!oper&!wa&softwar: negative
but&!oper&wa&!the: negative
but&!oper&wa&the: positive
but&oper: negative
DecisionTree learned:
!but&!life&!love&!get: negative
!but&!life&!love&get: negative
!but&!life&love&!netbook: positive
!but&!life&love&netbook: negative
!but&life&!my&!have: positive
!but&life&!my&have: conflict
!but&life&my&!use: negative
!but&life&my&use: conflict
but&!want&!memori&!learn: negative
but&!want&!memori&learn: neutral
but&!want&memori: neutral
but&want&!to: conflict
but&want&to: neutral
DecisionTree learned:
!but&!and&!or&!problem: positive
!but&!and&!or&problem: negative
!but&!and&or&!thi: neutral
!but&!and&or&thi: negative
!but&and&!complain&!extend: positive
!but&and&!complain&extend: neutral
!but&and&complain: conflict
but&!wa&!support&!had: positive
but&!wa&!support&had: negative
but&!wa&support: negative
but&wa&!thi&!fix: negative
but&wa&!thi&fix: positive
but&wa&thi: positive
DecisionTree learned:
!but&!worth&!and&!problem: negative
!but&!worth&!and&problem: negative
!but&!worth&and&!extend: positive
!but&!worth&and&extend: neutral
!but&worth&!work&!not: conflict
!but&worth&!work&not: negative
!but&worth&work: negative
but&!wa&!if&!repair: negative
but&!wa&!if&repair: negative
but&!wa&if&!to: positive
but&!wa&if&to: neutral
but&wa&!s&!then: positive
but&wa&!s&then: negative
but&wa&s: conflict
DecisionTree learned:
!but&!the&!twice&!eee: positive
!but&!the&!twice&eee: conflict
!but&!the&twice: conflict
!but&the&!is&!some: negative
!but&the&!is&some: negative
!but&the&is&!mind: positive
!but&the&is&mind: conflict
but&!like&!learn&!is: negative
but&!like&!learn&is: negative
but&!like&learn&!i: neutral
but&!like&learn&i: positive
but&like&!great: positive
but&like&great: negative
DecisionTree learned:
!but&!accept&!worth&!life: negative
!but&!accept&!worth&life: positive
!but&!accept&worth&!the: negative
!but&!accept&worth&the: conflict
!but&accept&!use: negative
!but&accept&use: conflict
but&!memori&!ever&!the: conflict
but&!memori&!ever&the: negative
but&!memori&ever: conflict
but&memori: neutral
DecisionTree learned:
!but&!is&!and&!drive: neutral
!but&!is&!and&drive: neutral
!but&!is&and&!extend: positive
!but&!is&and&extend: neutral
!but&is&!n&!mind: positive
!but&is&!n&mind: conflict
!but&is&n: negative
but&!wa&!laptop&!had: negative
but&!wa&!laptop&had: negative
but&!wa&laptop&!a: positive
but&!wa&laptop&a: neutral
but&wa&!touch&!fix: negative
but&wa&!touch&fix: positive
but&wa&touch: positive
DecisionTree learned:
!but&!life&!macbook&!great: negative
!but&!life&!macbook&great: positive
!but&!life&macbook&!want: positive
!but&!life&macbook&want: neutral
!but&life&!my&!a: positive
!but&life&!my&a: conflict
!but&life&my&!diminish: conflict
!but&life&my&diminish: conflict
but&!function&!somewher&!the: conflict
but&!function&!somewher&the: negative
but&!function&somewher: neutral
but&function: neutral
DecisionTree learned:
!but&!life&!the&!twice: positive
!but&!life&!the&twice: conflict
!but&!life&the&!macbook: negative
!but&!life&the&macbook: positive
!but&life&!my&!a: positive
!but&life&!my&a: positive
!but&life&my&!just: conflict
!but&life&my&just: negative
but&!the&!it&!a: conflict
but&!the&!it&a: neutral
but&!the&it&!for: conflict
but&!the&it&for: positive
but&the&!two&!function: negative
but&the&!two&function: neutral
but&the&two&!thi: conflict
but&the&two&thi: positive
DecisionTree learned:
!but&!graphic&!macbook&!life: negative
!but&!graphic&!macbook&life: positive
!but&!graphic&macbook&!want: positive
!but&!graphic&macbook&want: neutral
!but&graphic&!non&!not: positive
!but&graphic&!non&not: conflict
!but&graphic&non: conflict
but&!wa&!softwar&!in: negative
but&!wa&!softwar&in: neutral
but&!wa&softwar&!extra: negative
but&!wa&softwar&extra: conflict
but&wa&!s&!did: positive
but&wa&!s&did: negative
but&wa&s: conflict
DecisionTree learned:
!but&!good&!macbook&!inconveni: negative
!but&!good&!macbook&inconveni: conflict
!but&!good&macbook&!want: positive
!but&!good&macbook&want: neutral
!but&good&!out&!to: positive
!but&good&!out&to: negative
!but&good&out: negative
but&!user&!somewher&!if: positive
but&!user&!somewher&if: neutral
but&!user&somewher: neutral
but&user: neutral
DecisionTree learned:
!but&!ded&!game&!against: positive
!but&!ded&!game&against: conflict
!but&!ded&game&!ca: neutral
!but&!ded&game&ca: negative
!but&ded: conflict
but&!memori&!mac&!if: negative
but&!memori&!mac&if: neutral
but&!memori&mac&!bit: positive
but&!memori&mac&bit: neutral
but&memori: neutral
DecisionTree learned:
!but&!life&!the&!non: positive
!but&!life&!the&non: conflict
!but&!life&the&!inconveni: negative
!but&!life&the&inconveni: conflict
!but&life&!a&!extend: positive
!but&life&!a&extend: conflict
!but&life&a&!you: conflict
!but&life&a&you: positive
but&!somewher&!repair&!memori: positive
but&!somewher&!repair&memori: neutral
but&!somewher&repair&!to: negative
but&!somewher&repair&to: neutral
but&somewher: neutral
DecisionTree learned:
!but&!worth&!and&!macbook: negative
!but&!worth&!and&macbook: conflict
!but&!worth&and&!extend: positive
!but&!worth&and&extend: neutral
!but&worth&!pricetag&!price: positive
!but&worth&!pricetag&price: conflict
!but&worth&pricetag: conflict
but&!function&!the&!of: conflict
but&!function&!the&of: neutral
but&!function&the&!two: negative
but&!function&the&two: conflict
but&function: neutral
DecisionTree learned:
!but&!life&!the&!eee: positive
!but&!life&!the&eee: conflict
!but&!life&the&!worth: negative
!but&!life&the&worth: conflict
!but&life&!a&!extend: positive
!but&life&!a&extend: conflict
!but&life&a&!you: conflict
!but&life&a&you: positive
but&!vh&!wa&!laptop: negative
but&!vh&!wa&laptop: positive
but&!vh&wa&!s: negative
but&!vh&wa&s: conflict
but&vh: conflict
DecisionTree learned:
!but&!get&!life&!graphic: positive
!but&!get&!life&graphic: positive
!but&!get&life&!my: positive
!but&!get&life&my: conflict
!but&get&!am&!os: negative
!but&get&!am&os: conflict
!but&get&am&!toshiba: conflict
!but&get&am&toshiba: negative
but&!wa&!softwar&!screen: positive
but&!wa&!softwar&screen: conflict
but&!wa&softwar&!extra: negative
but&!wa&softwar&extra: negative
but&wa&!s&!thi: negative
but&wa&!s&thi: positive
but&wa&s: conflict
DecisionTree learned:
!but&!worth&!speed&!graphic: negative
!but&!worth&!speed&graphic: positive
!but&!worth&speed&!memori: positive
!but&!worth&speed&memori: negative
!but&worth&!are&!the: negative
!but&worth&!are&the: conflict
!but&worth&are: negative
but&!wa&!support&!up: conflict
but&!wa&!support&up: positive
but&!wa&support: negative
but&wa&!about&!thi: negative
but&wa&!about&thi: positive
but&wa&about: conflict
DecisionTree learned:
!but&!get&!and&!veri: negative
!but&!get&!and&veri: positive
!but&!get&and&!extend: positive
!but&!get&and&extend: neutral
!but&get&!am&!os: negative
!but&get&!am&os: conflict
!but&get&am&!toshiba: conflict
!but&get&am&toshiba: negative
but&!internet&!learn&!is: negative
but&!internet&!learn&is: positive
but&!internet&learn&!i: neutral
but&!internet&learn&i: positive
but&internet: conflict
DecisionTree learned:
!but&!macbook&!warranti&!n: positive
!but&!macbook&!warranti&n: negative
!but&!macbook&warranti&!after: neutral
!but&!macbook&warranti&after: neutral
!but&macbook&!want&!will: positive
!but&macbook&!want&will: conflict
!but&macbook&want: neutral
but&!function&!memori&!an: positive
but&!function&!memori&an: neutral
but&!function&memori: neutral
but&function: neutral
DecisionTree learned:
!but&!love&!worth&!life: negative
!but&!love&!worth&life: positive
!but&!love&worth&!are: conflict
!but&!love&worth&are: negative
!but&love&!netbook: positive
!but&love&netbook: negative
but&!vh&!support&!oper: positive
but&!vh&!support&oper: negative
but&!vh&support: negative
but&vh: conflict
DecisionTree learned:
!but&!worth&!life&!the: positive
!but&!worth&!life&the: negative
!but&!worth&life&!my: positive
!but&!worth&life&my: conflict
!but&worth&!the: negative
!but&worth&the&!are: conflict
!but&worth&the&are: negative
but&!wa&!mac&!veri: conflict
but&!wa&!mac&veri: negative
but&!wa&mac&!take: positive
but&!wa&mac&take: neutral
but&wa&!s&!thi: negative
but&wa&!s&thi: positive
but&wa&s: conflict
DecisionTree learned:
!but&!life&!the&!twice: neutral
!but&!life&!the&twice: conflict
!but&!life&the&!some: negative
!but&!life&the&some: conflict
!but&life&!a&!extend: positive
!but&life&!a&extend: conflict
!but&life&a&!have: neutral
!but&life&a&have: conflict
but&!extern&!wa&!laptop: negative
but&!extern&!wa&laptop: positive
but&!extern&wa&!the: negative
but&!extern&wa&the: positive
but&extern: neutral
DecisionTree learned:
!but&!worth&!life&!the: positive
!but&!worth&!life&the: negative
!but&!worth&life&!extend: positive
!but&!worth&life&extend: conflict
!but&worth&!pricetag&!than: negative
!but&worth&!pricetag&than: conflict
!but&worth&pricetag: conflict
but&!learn&!if&!an: positive
but&!learn&!if&an: conflict
but&!learn&if&!to: negative
but&!learn&if&to: neutral
but&learn&!i: neutral
but&learn&i: positive
DecisionTree learned:
!but&!get&!and&!gener: negative
!but&!get&!and&gener: conflict
!but&!get&and&!extend: positive
!but&!get&and&extend: neutral
!but&get&!am&!os: negative
!but&get&!am&os: conflict
!but&get&am&!toshiba: conflict
!but&get&am&toshiba: negative
but&!learn&!function&!the: conflict
but&!learn&!function&the: negative
but&!learn&function: neutral
but&learn&!i: neutral
but&learn&i: positive
DecisionTree learned:
!but&!good&!and&!gener: negative
!but&!good&!and&gener: conflict
!but&!good&and&!complain: positive
!but&!good&and&complain: conflict
!but&good&!time&!els: positive
!but&good&!time&els: negative
!but&good&time: negative
but&!isol&!learn&!if: negative
but&!isol&!learn&if: neutral
but&!isol&learn&!i: neutral
but&!isol&learn&i: positive
but&isol: neutral
DecisionTree learned:
!but&!worth&!and&!or: negative
!but&!worth&!and&or: neutral
!but&!worth&and&!extend: positive
!but&!worth&and&extend: neutral
!but&worth&!are&!the: negative
!but&worth&!are&the: conflict
!but&worth&are: negative
but&!huge&!wa&!in: negative
but&!huge&!wa&in: neutral
but&!huge&wa&!did: positive
but&!huge&wa&did: negative
but&huge: conflict
DecisionTree learned:
!but&!speed&!macbook&!though: negative
!but&!speed&!macbook&though: conflict
!but&!speed&macbook&!want: positive
!but&!speed&macbook&want: neutral
!but&speed&!memori&!differ: positive
!but&speed&!memori&differ: negative
!but&speed&memori: negative
but&!wa&!laptop&!memori: negative
but&!wa&!laptop&memori: neutral
but&!wa&laptop&!a: positive
but&!wa&laptop&a: neutral
but&wa&!the&!a: negative
but&wa&!the&a: conflict
but&wa&the&!have: negative
but&wa&the&have: positive
DecisionTree learned:
!but&!macbook&!graphic&!life: negative
!but&!macbook&!graphic&life: positive
!but&!macbook&graphic&!not: positive
!but&!macbook&graphic&not: conflict
!but&macbook&!want&!hard: positive
!but&macbook&!want&hard: conflict
!but&macbook&want: neutral
but&!wa&!in&!learn: negative
but&!wa&!in&learn: neutral
but&!wa&in&!did: positive
but&!wa&in&did: neutral
but&wa&!month&!the: negative
but&wa&!month&the: positive
but&wa&month: conflict
DecisionTree learned:
!but&!life&!will&!the: positive
!but&!life&!will&the: negative
!but&!life&will&!to: conflict
!but&!life&will&to: negative
!but&life&!my&!a: positive
!but&life&!my&a: neutral
!but&life&my&!diminish: conflict
!but&life&my&diminish: conflict
but&!problem&!the&!it: neutral
but&!problem&!the&it: conflict
but&!problem&the&!mac: negative
but&!problem&the&mac: positive
but&problem&!so: negative
but&problem&so: neutral
DecisionTree learned:
!but&!worth&!life&!some: negative
!but&!worth&!life&some: negative
!but&!worth&life&!a: positive
!but&!worth&life&a: conflict
!but&worth&!pricetag&!price: positive
!but&worth&!pricetag&price: conflict
!but&worth&pricetag: conflict
but&!wa&!in&!way: negative
but&!wa&!in&way: neutral
but&!wa&in&!from: positive
but&!wa&in&from: neutral
but&wa&!the&!a: negative
but&wa&!the&a: conflict
but&wa&the&!work: positive
but&wa&the&work: negative
DecisionTree learned:
!but&!macbook&!inconveni&!great: negative
!but&!macbook&!inconveni&great: positive
!but&!macbook&inconveni: conflict
!but&macbook&!want&!hard: positive
!but&macbook&!want&hard: conflict
!but&macbook&want: neutral
but&!in&!extern&!somewher: negative
but&!in&!extern&somewher: neutral
but&!in&extern: neutral
but&in&!did&!laptop: positive
but&in&!did&laptop: negative
but&in&did&!me: neutral
but&in&did&me: negative
DecisionTree learned:
!but&!life&!the&!non: neutral
!but&!life&!the&non: conflict
!but&!life&the&!gener: negative
!but&!life&the&gener: conflict
!but&life&!a&!extend: positive
!but&life&!a&extend: conflict
!but&life&a&!have: neutral
!but&life&a&have: conflict
but&!the&!laptop&!it: conflict
but&!the&!laptop&it: conflict
but&!the&laptop&!i: positive
but&!the&laptop&i: neutral
but&the&!take&!internet: negative
but&the&!take&internet: conflict
but&the&take&!readi: neutral
but&the&take&readi: positive
DecisionTree learned:
!but&!worth&!life&!macbook: positive
!but&!worth&!life&macbook: positive
!but&!worth&life&!a: positive
!but&!worth&life&a: conflict
!but&worth&!than&!pricetag: negative
!but&worth&!than&pricetag: conflict
!but&worth&than: conflict
but&!screen&!softwar&!internet: positive
but&!screen&!softwar&internet: conflict
but&!screen&softwar&!extra: negative
but&!screen&softwar&extra: conflict
but&screen&!size&!the: conflict
but&screen&!size&the: conflict
but&screen&size: positive
DecisionTree learned:
!but&!though&!graphic&!macbook: negative
!but&!though&!graphic&macbook: positive
!but&!though&graphic&!non: positive
!but&!though&graphic&non: conflict
!but&though&!laptop: negative
!but&though&laptop: conflict
but&!wa&!laptop&!two: negative
but&!wa&!laptop&two: conflict
but&!wa&laptop&!for: positive
but&!wa&laptop&for: neutral
but&wa&!s&!the: negative
but&wa&!s&the: positive
but&wa&s: conflict
DecisionTree learned:
!but&!love&!life&!worth: negative
!but&!love&!life&worth: conflict
!but&!love&life&!storag: positive
!but&!love&life&storag: conflict
!but&love&!netbook: positive
!but&love&netbook: negative
but&!the&!with&!it: conflict
but&!the&!with&it: conflict
but&!the&with&!softwar: neutral
but&!the&with&softwar: conflict
but&the&!internet&!two: positive
but&the&!internet&two: conflict
but&the&internet: conflict
DecisionTree learned:
!but&!life&!some&!graphic: negative
!but&!life&!some&graphic: positive
!but&!life&some&!function: negative
!but&!life&some&function: conflict
!but&life&!extend&!a: positive
!but&life&!extend&a: conflict
!but&life&extend&!comput: conflict
!but&life&extend&comput: neutral
but&!vh&!game&!wa: negative
but&!vh&!game&wa: positive
but&!vh&game: positive
but&vh: conflict
DecisionTree learned:
!but&!and&!some&!inconveni: negative
!but&!and&!some&inconveni: conflict
!but&!and&some&!the: negative
!but&!and&some&the: conflict
!but&and&!complain&!extend: positive
!but&and&!complain&extend: neutral
!but&and&complain: conflict
but&!learn&!is&!wa: neutral
but&!learn&!is&wa: positive
but&!learn&is&!what: positive
but&!learn&is&what: conflict
but&learn&!i: neutral
but&learn&i: positive
DecisionTree learned:
!but&!life&!get&!and: negative
!but&!life&!get&and: positive
!but&!life&get&!am: negative
!but&!life&get&am: conflict
!but&life&!my&!have: negative
!but&life&!my&have: conflict
!but&life&my&!just: conflict
!but&life&my&just: negative
but&!memori&!function&!somewher: positive
but&!memori&!function&somewher: neutral
but&!memori&function: neutral
but&memori: neutral
DecisionTree learned:
!but&!fast&!warranti&!month: positive
!but&!fast&!warranti&month: negative
!but&!fast&warranti&!after: neutral
!but&!fast&warranti&after: neutral
!but&fast&!program: positive
!but&fast&program: neutral
but&!two&!screen&!vh: negative
but&!two&!screen&vh: conflict
but&!two&screen&!size: conflict
but&!two&screen&size: positive
but&two&!thi: conflict
but&two&thi&!is: positive
but&two&thi&is: negative
DecisionTree learned:
!but&!macbook&!inconveni&!graphic: negative
!but&!macbook&!inconveni&graphic: positive
!but&!macbook&inconveni: conflict
!but&macbook&!will&!hard: positive
!but&macbook&!will&hard: conflict
!but&macbook&will: conflict
but&!two&!the&!softwar: conflict
but&!two&!the&softwar: negative
but&!two&the&!internet: negative
but&!two&the&internet: conflict
but&two&!thi: conflict
but&two&thi&!is: positive
but&two&thi&is: negative
DecisionTree learned:
!but&!inconveni&!some&!life: positive
!but&!inconveni&!some&life: positive
!but&!inconveni&some&!fan: negative
!but&!inconveni&some&fan: neutral
!but&inconveni: conflict
but&!port&!vh&!the: conflict
but&!port&!vh&the: positive
but&!port&vh: conflict
but&port: conflict
DecisionTree learned:
!but&!get&!and&!card: negative
!but&!get&!and&card: conflict
!but&!get&and&!extend: positive
!but&!get&and&extend: neutral
!but&get&!am&!os: negative
!but&get&!am&os: conflict
!but&get&am&!toshiba: conflict
!but&get&am&toshiba: negative
but&!vh&!want&!memori: negative
but&!vh&!want&memori: neutral
but&!vh&want: conflict
but&vh: conflict
DecisionTree learned:
!but&!macbook&!inconveni&!life: negative
!but&!macbook&!inconveni&life: positive
!but&!macbook&inconveni: conflict
!but&macbook&!want&!will: positive
!but&macbook&!want&will: conflict
!but&macbook&want: neutral
but&!think&!softwar&!wa: positive
but&!think&!softwar&wa: positive
but&!think&softwar&!extra: negative
but&!think&softwar&extra: conflict
but&think: negative
DecisionTree learned:
!but&!and&!gener&!comput: neutral
!but&!and&!gener&comput: negative
!but&!and&gener: conflict
!but&and&!complain&!extend: positive
!but&and&!complain&extend: neutral
!but&and&complain: conflict
but&!wa&!had&!an: negative
but&!wa&!had&an: conflict
but&!wa&had&!it: conflict
but&!wa&had&it: negative
but&wa&!then&!did: positive
but&wa&!then&did: negative
but&wa&then: negative
DecisionTree learned:
!but&!some&!against&!life: positive
!but&!some&!against&life: positive
!but&!some&against: conflict
!but&some&!fan&!the: negative
!but&some&!fan&the: conflict
!but&some&fan: neutral
but&!if&!learn&!the: conflict
but&!if&!learn&the: negative
but&!if&learn: neutral
but&if&!to&!mac: negative
but&if&!to&mac: positive
but&if&to: neutral
DecisionTree learned:
!but&!much&!graphic&!life: negative
!but&!much&!graphic&life: positive
!but&!much&graphic&!non: positive
!but&!much&graphic&non: conflict
!but&much&!laptop&!so: positive
!but&much&!laptop&so: positive
!but&much&laptop&!and: conflict
!but&much&laptop&and: neutral
but&!averag&!wa&!in: negative
but&!averag&!wa&in: neutral
but&!averag&wa&!s: negative
but&!averag&wa&s: conflict
but&averag: positive
DecisionTree learned:
!but&!worth&!against&!life: positive
!but&!worth&!against&life: positive
!but&!worth&against: conflict
!but&worth&!pricetag&!price: positive
!but&worth&!pricetag&price: conflict
!but&worth&pricetag: conflict
but&!extern&!vh&!in: negative
but&!extern&!vh&in: positive
but&!extern&vh: conflict
but&extern: neutral
DecisionTree learned:
!but&!life&!the&!non: positive
!but&!life&!the&non: conflict
!but&!life&the&!some: negative
!but&!life&the&some: conflict
!but&life&!my&!have: positive
!but&life&!my&have: conflict
!but&life&my&!diminish: conflict
!but&life&my&diminish: conflict
but&!wa&!screen&!qualiti: negative
but&!wa&!screen&qualiti: conflict
but&!wa&screen&!size: conflict
but&!wa&screen&size: positive
but&wa&!month&!thi: negative
but&wa&!month&thi: positive
but&wa&month: conflict
DecisionTree learned:
!but&!get&!plan&!life: positive
!but&!get&!plan&life: positive
!but&!get&plan&!use: negative
!but&!get&plan&use: conflict
!but&get&!am&!os: negative
!but&get&!am&os: conflict
!but&get&am&!toshiba: conflict
!but&get&am&toshiba: negative
but&!huge&!averag&!wa: negative
but&!huge&!averag&wa: positive
but&!huge&averag: positive
but&huge&!so: conflict
but&huge&so: positive
DecisionTree learned:
!but&!good&!worth&!graphic: negative
!but&!good&!worth&graphic: positive
!but&!good&worth&!pricetag: negative
!but&!good&worth&pricetag: conflict
!but&good&!so&!out: positive
!but&good&!so&out: negative
!but&good&so: negative
but&!somewher&!extern&!take: negative
but&!somewher&!extern&take: neutral
but&!somewher&extern: neutral
but&somewher: neutral
DecisionTree learned:
!but&!macbook&!card&!some: positive
!but&!macbook&!card&some: negative
!but&!macbook&card&!for: negative
!but&!macbook&card&for: conflict
!but&macbook&!hard&!will: positive
!but&macbook&!hard&will: conflict
!but&macbook&hard: conflict
but&!learn&!is&!of: negative
but&!learn&!is&of: positive
but&!learn&is&!everyth: negative
but&!learn&is&everyth: positive
but&learn&!i: neutral
but&learn&i: positive
DecisionTree learned:
!but&!life&!the&!twice: neutral
!but&!life&!the&twice: conflict
!but&!life&the&!gener: negative
!but&!life&the&gener: conflict
!but&life&!a&!extend: positive
!but&life&!a&extend: conflict
!but&life&a&!have: neutral
!but&life&a&have: conflict
but&!the&!need&!fix: conflict
but&!the&!need&fix: neutral
but&!the&need: neutral
but&the&!usb&!function: positive
but&the&!usb&function: neutral
but&the&usb: conflict
DecisionTree learned:
!but&!worth&!life&!some: positive
!but&!worth&!life&some: negative
!but&!worth&life&!my: positive
!but&!worth&life&my: conflict
!but&worth&!are&!pricetag: conflict
!but&worth&!are&pricetag: conflict
!but&worth&are: negative
but&!internet&!the&!it: neutral
but&!internet&!the&it: conflict
but&!internet&the&!two: negative
but&!internet&the&two: conflict
but&internet: conflict
DecisionTree learned:
!but&!graphic&!get&!life: negative
!but&!graphic&!get&life: positive
!but&!graphic&get&!am: negative
!but&!graphic&get&am: conflict
!but&graphic&!not&!non: positive
!but&graphic&!not&non: conflict
!but&graphic&not: conflict
but&!if&!learn&!memori: positive
but&!if&!learn&memori: neutral
but&!if&learn: neutral
but&if&!to&!mac: negative
but&if&!to&mac: positive
but&if&to: neutral
DecisionTree learned:
!but&!life&!the&!twice: neutral
!but&!life&!the&twice: conflict
!but&!life&the&!worth: negative
!but&!life&the&worth: conflict
!but&life&!a&!extend: positive
!but&life&!a&extend: conflict
!but&life&a&!have: neutral
!but&life&a&have: conflict
but&!the&!it&!a: conflict
but&!the&!it&a: neutral
but&!the&it&!from: conflict
but&!the&it&from: positive
but&the&!learn&!hard: negative
but&the&!learn&hard: neutral
but&the&learn&!i: neutral
but&the&learn&i: positive
DecisionTree learned:
!but&!inconveni&!life&!get: positive
!but&!inconveni&!life&get: negative
!but&!inconveni&life&!a: positive
!but&!inconveni&life&a: conflict
!but&inconveni: conflict
but&!screen&!game&!wa: negative
but&!screen&!game&wa: positive
but&!screen&game: positive
but&screen&!size&!on: conflict
but&screen&!size&on: negative
but&screen&size: positive
DecisionTree learned:
!but&!macbook&!gener&!life: negative
!but&!macbook&!gener&life: positive
!but&!macbook&gener&!use: conflict
!but&!macbook&gener&use: negative
!but&macbook&!want&!hard: positive
!but&macbook&!want&hard: conflict
!but&macbook&want: neutral
but&!screen&!wa&!memori: negative
but&!screen&!wa&memori: neutral
but&!screen&wa&!did: positive
but&!screen&wa&did: negative
but&screen&!size&!comput: conflict
but&screen&!size&comput: negative
but&screen&size: positive
DecisionTree learned:
!but&!and&!some&!gener: negative
!but&!and&!some&gener: conflict
!but&!and&some&!the: negative
!but&!and&some&the: conflict
!but&and&!extend&!complain: positive
!but&and&!extend&complain: conflict
!but&and&extend&!when: neutral
!but&and&extend&when: conflict
but&!ye&!vh&!function: negative
but&!ye&!vh&function: neutral
but&!ye&vh: conflict
but&ye: conflict
DecisionTree learned:
!but&!life&!get&!and: negative
!but&!life&!get&and: positive
!but&!life&get&!am: neutral
!but&!life&get&am: conflict
!but&life&!a&!extend: positive
!but&life&!a&extend: conflict
!but&life&a&!have: neutral
!but&life&a&have: conflict
but&!two&!of&!on: negative
but&!two&!of&on: neutral
but&!two&of&!the: neutral
but&!two&of&the: positive
but&two&!and: positive
but&two&and: conflict
DecisionTree learned:
!but&!inconveni&!macbook&!graphic: negative
!but&!inconveni&!macbook&graphic: positive
!but&!inconveni&macbook&!want: conflict
!but&!inconveni&macbook&want: neutral
!but&inconveni: conflict
but&!an&!if&!look: positive
but&!an&!if&look: positive
but&!an&if&!to: positive
but&!an&if&to: neutral
but&an&!with&!it: conflict
but&an&!with&it: negative
but&an&with: neutral
DecisionTree learned:
!but&!love&!and&!problem: negative
!but&!love&!and&problem: negative
!but&!love&and&!complain: positive
!but&!love&and&complain: conflict
!but&love&!netbook: positive
!but&love&netbook: negative
but&!up&!learn&!if: positive
but&!up&!learn&if: neutral
but&!up&learn: neutral
but&up&!mac: negative
but&up&mac: positive
DecisionTree learned:
!but&!life&!the&!eee: neutral
!but&!life&!the&eee: conflict
!but&!life&the&!some: negative
!but&!life&the&some: conflict
!but&life&!a&!diminish: negative
!but&life&!a&diminish: conflict
!but&life&a&!have: neutral
!but&life&a&have: conflict
but&!wa&!in&!game: conflict
but&!wa&!in&game: positive
but&!wa&in&!did: positive
but&!wa&in&did: neutral
but&wa&!the&!a: negative
but&wa&!the&a: conflict
but&wa&the&!touch: positive
but&wa&the&touch: positive
DecisionTree learned:
!but&!some&!not&!and: neutral
!but&!some&!not&and: positive
!but&!some&not&!graphic: negative
!but&!some&not&graphic: conflict
!but&some&!take&!function: negative
!but&some&!take&function: conflict
!but&some&take: conflict
but&!think&!user&!outsid: positive
but&!think&!user&outsid: neutral
but&!think&user: neutral
but&think: negative
DecisionTree learned:
!but&!macbook&!life&!get: positive
!but&!macbook&!life&get: negative
!but&!macbook&life&!a: positive
!but&!macbook&life&a: conflict
!but&macbook&!want&!will: positive
!but&macbook&!want&will: conflict
!but&macbook&want: neutral
but&!memori&!vh&!internet: negative
but&!memori&!vh&internet: conflict
but&!memori&vh: conflict
but&memori: neutral
DecisionTree learned:
!but&!macbook&!best&!life: negative
!but&!macbook&!best&life: positive
!but&!macbook&best&!featur: positive
!but&!macbook&best&featur: conflict
!but&macbook&!want&!hard: positive
!but&macbook&!want&hard: conflict
!but&macbook&want: neutral
but&!learn&!is&!no: negative
but&!learn&!is&no: conflict
but&!learn&is&!littl: negative
but&!learn&is&littl: conflict
but&learn&!i: neutral
but&learn&i: positive
DecisionTree learned:
!but&!macbook&!though&!accept: negative
!but&!macbook&!though&accept: conflict
!but&!macbook&though&!laptop: negative
!but&!macbook&though&laptop: conflict
!but&macbook&!want&!will: positive
!but&macbook&!want&will: conflict
!but&macbook&want: neutral
but&!isol&!anoth&!function: positive
but&!isol&!anoth&function: neutral
but&!isol&anoth&!a: negative
but&!isol&anoth&a: neutral
but&isol: neutral
DecisionTree learned:
!but&!and&!comput&!card: neutral
!but&!and&!comput&card: conflict
!but&!and&comput&!wa: negative
!but&!and&comput&wa: conflict
!but&and&!complain&!extend: positive
!but&and&!complain&extend: neutral
!but&and&complain: conflict
but&!somewher&!function&!mac: negative
but&!somewher&!function&mac: positive
but&!somewher&function: neutral
but&somewher: neutral
DecisionTree learned:
!but&!worth&!against&!inconveni: negative
!but&!worth&!against&inconveni: conflict
!but&!worth&against: conflict
!but&worth&!the: negative
!but&worth&the&!are: conflict
!but&worth&the&are: negative
but&!like&!two&!vh: negative
but&!like&!two&vh: conflict
but&!like&two: conflict
but&like&!great: positive
but&like&great: negative
DecisionTree learned:
!but&!is&!against&!life: neutral
!but&!is&!against&life: conflict
!but&!is&against: conflict
!but&is&!card&!not: positive
!but&is&!card&not: negative
!but&is&card&!great: negative
!but&is&card&great: conflict
but&!huge&!think&!ha: positive
but&!huge&!think&ha: conflict
but&!huge&think: negative
but&huge&!so: conflict
but&huge&so: positive
DecisionTree learned:
!but&!accept&!life&!and: negative
!but&!accept&!life&and: positive
!but&!accept&life&!my: positive
!but&!accept&life&my: conflict
!but&accept&!use: negative
!but&accept&use: conflict
but&!vh&!wa&!in: negative
but&!vh&!wa&in: neutral
but&!vh&wa&!s: negative
but&!vh&wa&s: conflict
but&vh: conflict
DecisionTree learned:
!but&!life&!the&!eee: neutral
!but&!life&!the&eee: conflict
!but&!life&the&!gener: negative
!but&!life&the&gener: conflict
!but&life&!my&!out: positive
!but&life&!my&out: conflict
!but&life&my&!just: conflict
!but&life&my&just: negative
but&!veri&!wa&!screen: positive
but&!veri&!wa&screen: conflict
but&!veri&wa&!work: positive
but&!veri&wa&work: negative
but&veri&!mac&!of: negative
but&veri&!mac&of: positive
but&veri&mac: positive
DecisionTree learned:
!but&!macbook&!inconveni&!graphic: negative
!but&!macbook&!inconveni&graphic: positive
!but&!macbook&inconveni: conflict
!but&macbook&!will&!hard: positive
!but&macbook&!will&hard: conflict
!but&macbook&will: conflict
but&!power&!ever&!thi: negative
but&!power&!ever&thi: positive
but&!power&ever: conflict
but&power: neutral
DecisionTree learned:
!but&!and&!some&!gener: negative
!but&!and&!some&gener: conflict
!but&!and&some&!thi: negative
!but&!and&some&thi: conflict
!but&and&!extend&!complain: positive
!but&and&!extend&complain: conflict
!but&and&extend&!when: neutral
!but&and&extend&when: conflict
but&!the&!it&!a: conflict
but&!the&!it&a: neutral
but&!the&it&!for: conflict
but&!the&it&for: positive
but&the&!function&!take: negative
but&the&!function&take: neutral
but&the&function: neutral
DecisionTree learned:
!but&!and&!best&!gener: negative
!but&!and&!best&gener: conflict
!but&!and&best&!of: negative
!but&!and&best&of: conflict
!but&and&!complain&!extend: positive
!but&and&!complain&extend: neutral
!but&and&complain: conflict
but&!at&!the&!it: neutral
but&!at&!the&it: conflict
but&!at&the&!vh: negative
but&!at&the&vh: conflict
but&at&!not: conflict
but&at&not: negative
DecisionTree learned:
!but&!and&!some&!much: negative
!but&!and&!some&much: conflict
!but&!and&some&!the: negative
!but&!and&some&the: conflict
!but&and&!complain&!extend: positive
!but&and&!complain&extend: neutral
!but&and&complain: conflict
but&!wa&!ye&!had: positive
but&!wa&!ye&had: conflict
but&!wa&ye: conflict
but&wa&!the&!a: negative
but&wa&!the&a: conflict
but&wa&the&!than: positive
but&wa&the&than: negative
DecisionTree learned:
!but&!card&!life&!the: positive
!but&!card&!life&the: negative
!but&!card&life&!my: positive
!but&!card&life&my: conflict
!but&card&!for&!a: negative
!but&card&!for&a: neutral
!but&card&for&!thi: conflict
!but&card&for&thi: negative
but&!wa&!had&!somewher: positive
but&!wa&!had&somewher: neutral
but&!wa&had&!not: conflict
but&!wa&had&not: negative
but&wa&!s&!the: negative
but&wa&!s&the: positive
but&wa&s: conflict
Trial 0 Training cc.mallet.classify.AdaBoostM2Trainer@656de49c finished
Trial 0 Trainer cc.mallet.classify.AdaBoostM2Trainer@656de49c test data accuracy = 0.5192697768762677

NaiveBayesTrainer
Summary. test accuracy mean = 0.6713995943204868 stddev = 0.0 stderr = 0.0

MaxEntTrainer,gaussianPriorVariance=1.0
Summary. test accuracy mean = 0.6572008113590264 stddev = 0.0 stderr = 0.0

cc.mallet.classify.DecisionTreeTrainer@6766afb3
Summary. test accuracy mean = 0.4462474645030426 stddev = 0.0 stderr = 0.0

cc.mallet.classify.AdaBoostM2Trainer@656de49c
Summary. test accuracy mean = 0.5192697768762677 stddev = 0.0 stderr = 0.0
