
-------------------- Trial 0  --------------------

Trial 0 Training NaiveBayesTrainer with 1865 instances
Trial 0 Training NaiveBayesTrainer finished
Trial 0 Trainer NaiveBayesTrainer test data accuracy = 0.7079107505070994
Trial 0 Training MaxEntTrainer,gaussianPriorVariance=1.0 with 1865 instances
Trial 0 Training MaxEntTrainer,gaussianPriorVariance=1.0 finished
Trial 0 Trainer MaxEntTrainer,gaussianPriorVariance=1.0 test data accuracy = 0.6835699797160243
Trial 0 Training cc.mallet.classify.DecisionTreeTrainer@69945ce with 1865 instances
DecisionTree learned:
!great&!but&!easi&!and: negative
!great&!but&!easi&and: positive
!great&!but&easi&!one: positive
!great&!but&easi&one: neutral
!great&but&!power&!repair: negative
!great&but&!power&repair: negative
!great&but&power: neutral
great&!but&!etc&!of: positive
great&!but&!etc&of: positive
great&!but&etc: negative
great&but&!screen&!is: negative
great&but&!screen&is: positive
great&but&screen: conflict
Trial 0 Training cc.mallet.classify.DecisionTreeTrainer@69945ce finished
Trial 0 Trainer cc.mallet.classify.DecisionTreeTrainer@69945ce test data accuracy = 0.5273833671399595
Trial 0 Training cc.mallet.classify.AdaBoostM2Trainer@49ff0dde with 1865 instances
DecisionTree learned:
!great&!but&!easi&!and: negative
!great&!but&!easi&and: positive
!great&!but&easi&!one: positive
!great&!but&easi&one: neutral
!great&but&!power&!like: negative
!great&but&!power&like: positive
!great&but&power: neutral
great&!but&!etc&!of: positive
great&!but&!etc&of: positive
great&!but&etc: negative
great&but&!screen&!it: positive
great&but&!screen&it: negative
great&but&screen: conflict
DecisionTree learned:
!but&!great&!easi&!speed: negative
!but&!great&!easi&speed: positive
!but&!great&easi&!one: positive
!but&!great&easi&one: neutral
!but&great&!best&!no: positive
!but&great&!best&no: neutral
!but&great&best: neutral
but&!screen&!be&!repair: positive
but&!screen&!be&repair: negative
but&!screen&be&!a: negative
but&!screen&be&a: neutral
but&screen&!a&!bad: negative
but&screen&!a&bad: positive
but&screen&a: conflict
DecisionTree learned:
!great&!but&!not&!easi: positive
!great&!but&!not&easi: positive
!great&!but&not&!other: negative
!great&!but&not&other: positive
!great&but&!like&!repair: negative
!great&but&!like&repair: negative
!great&but&like: positive
great&!but&!etc&!of: positive
great&!but&!etc&of: positive
great&!but&etc: negative
great&but&!it&!is: negative
great&but&!it&is: positive
great&but&it: negative
DecisionTree learned:
!but&!great&!good&!and: negative
!but&!great&!good&and: positive
!but&!great&good&!game: positive
!but&!great&good&game: neutral
!but&great&!best&!etc: positive
!but&great&!best&etc: negative
!but&great&best: neutral
but&!power&!so&!problem: negative
but&!power&!so&problem: negative
but&!power&so&!wa: neutral
but&!power&so&wa: positive
but&power: neutral
DecisionTree learned:
!but&!great&!easi&!speed: negative
!but&!great&!easi&speed: positive
!but&!great&easi&!one: positive
!but&!great&easi&one: neutral
!but&great&!no&!of: positive
!but&great&!no&of: negative
!but&great&no: neutral
but&!function&!power&!they: negative
but&!function&!power&they: negative
but&!function&power: neutral
but&function: neutral
DecisionTree learned:
!but&!great&!good&!love: negative
!but&!great&!good&love: positive
!but&!great&good&!it: positive
!but&!great&good&it: negative
!but&great&!of&!longer: positive
!but&great&!of&longer: conflict
!but&great&of&!and: negative
!but&great&of&and: positive
but&!user&!power&!screen: negative
but&!user&!power&screen: conflict
but&!user&power: neutral
but&user: neutral
DecisionTree learned:
!but&!great&!is&!good: negative
!but&!great&!is&good: positive
!but&!great&is&!not: positive
!but&!great&is&not: negative
!but&great&!of&!etc: positive
!but&great&!of&etc: negative
!but&great&of&!a: positive
!but&great&of&a: negative
but&!all&!call&!screen: negative
but&!all&!call&screen: conflict
but&!all&call: neutral
but&all&!and: positive
but&all&and&!at: neutral
but&all&and&at: negative
DecisionTree learned:
!but&!great&!speed&!easi: negative
!but&!great&!speed&easi: positive
!but&!great&speed&!differ: positive
!but&!great&speed&differ: negative
!but&great&!longer&!media: positive
!but&great&!longer&media: conflict
!but&great&longer: conflict
but&!screen&!support&!think: positive
but&!screen&!support&think: negative
but&!screen&support: negative
but&screen&!on&!comput: conflict
but&screen&!on&comput: negative
but&screen&on: negative
DecisionTree learned:
!but&!great&!and&!problem: negative
!but&!great&!and&problem: negative
!but&!great&and&!extend: positive
!but&!great&and&extend: neutral
!but&great&!longer&!media: positive
!but&great&!longer&media: conflict
!but&great&longer: conflict
but&!repair&!power&!so: negative
but&!repair&!power&so: positive
but&!repair&power: neutral
but&repair&!to: negative
but&repair&to: neutral
DecisionTree learned:
!but&!is&!macbook&!good: negative
!but&!is&!macbook&good: positive
!but&!is&macbook&!of: positive
!but&!is&macbook&of: negative
!but&is&!not&!problem: positive
!but&is&!not&problem: negative
!but&is&not&!ani: negative
!but&is&not&ani: neutral
but&!so&!learn&!ani: negative
but&!so&!learn&ani: neutral
but&!so&learn&!and: positive
but&!so&learn&and: neutral
but&so&!wa: neutral
but&so&wa: positive
DecisionTree learned:
!but&!love&!email&!easi: negative
!but&!love&!email&easi: positive
!but&!love&email&!itun: neutral
!but&!love&email&itun: positive
!but&love&!user&!netbook: positive
!but&love&!user&netbook: negative
!but&love&user: neutral
but&!user&!problem&!if: negative
but&!user&!problem&if: neutral
but&!user&problem&!so: negative
but&!user&problem&so: neutral
but&user: neutral
DecisionTree learned:
!but&!great&!good&!and: negative
!but&!great&!good&and: positive
!but&!great&good&!it: positive
!but&!great&good&it: positive
!but&great&!media&!etc: positive
!but&great&!media&etc: negative
!but&great&media&!and: conflict
!but&great&media&and: positive
but&!support&!wa&!had: positive
but&!support&!wa&had: conflict
but&!support&wa&!s: positive
but&!support&wa&s: conflict
but&support: negative
DecisionTree learned:
!but&!fast&!use&!worth: negative
!but&!fast&!use&worth: conflict
!but&!fast&use&!some: positive
!but&!fast&use&some: conflict
!but&fast&!program: positive
!but&fast&program: neutral
but&!call&!replac&!all: negative
but&!call&!replac&all: neutral
but&!call&replac&!and: neutral
but&!call&replac&and: negative
but&call: neutral
DecisionTree learned:
!but&!and&!problem&!not: negative
!but&!and&!problem&not: negative
!but&!and&problem&!will: negative
!but&!and&problem&will: neutral
!but&and&!complain&!extend: positive
!but&and&!complain&extend: neutral
!but&and&complain: conflict
but&!call&!function&!learn: negative
but&!call&!function&learn: neutral
but&!call&function: neutral
but&call: neutral
DecisionTree learned:
!but&!great&!awesom&!the: positive
!but&!great&!awesom&the: negative
!but&!great&awesom: positive
!but&great&!best&!no: positive
!but&great&!best&no: neutral
!but&great&best: neutral
but&!power&!well&!featur: negative
but&!power&!well&featur: positive
but&!power&well&!use: positive
but&!power&well&use: conflict
but&power: neutral
DecisionTree learned:
!but&!is&!fast&!and: negative
!but&!is&!fast&and: positive
!but&!is&fast: positive
!but&is&!not&!laptop: positive
!but&is&!not&laptop: neutral
!but&is&not&!graphic: negative
!but&is&not&graphic: conflict
but&!repair&!in&!user: negative
but&!repair&!in&user: neutral
but&!repair&in&!did: positive
but&!repair&in&did: neutral
but&repair&!to: negative
but&repair&to: neutral
DecisionTree learned:
!but&!the&!good&!eee: positive
!but&!the&!good&eee: conflict
!but&!the&good&!program: positive
!but&!the&good&program: negative
!but&the&!complain&!love: negative
!but&the&!complain&love: positive
!but&the&complain&!and: positive
!but&the&complain&and: conflict
but&!screen&!vh&!wa: negative
but&!screen&!vh&wa: positive
but&!screen&vh: conflict
but&screen&!size&!on: conflict
but&screen&!size&on: negative
but&screen&size: positive
DecisionTree learned:
!but&!is&!had&!and: neutral
!but&!is&!had&and: positive
!but&!is&had&!a: negative
!but&!is&had&a: neutral
!but&is&!n&!ani: positive
!but&is&!n&ani: neutral
!but&is&n: negative
but&!the&!and&!it: conflict
but&!the&!and&it: conflict
but&!the&and&!ha: positive
but&!the&and&ha: conflict
but&the&!ever&!vh: negative
but&the&!ever&vh: conflict
but&the&ever: conflict
DecisionTree learned:
!but&!worth&!great&!veri: negative
!but&!worth&!great&veri: positive
!but&!worth&great&!media: positive
!but&!worth&great&media: conflict
!but&worth&!n&!are: conflict
!but&worth&!n&are: negative
!but&worth&n: negative
but&!well&!in&!still: negative
but&!well&!in&still: negative
but&!well&in&!they: positive
but&!well&in&they: negative
but&well&!speed&!use: positive
but&well&!speed&use: conflict
but&well&speed: neutral
DecisionTree learned:
!but&!use&!speed&!macbook: negative
!but&!use&!speed&macbook: positive
!but&!use&speed&!differ: positive
!but&!use&speed&differ: negative
!but&use&!some&!though: positive
!but&use&!some&though: conflict
!but&use&some&!the: negative
!but&use&some&the: conflict
but&!the&!it&!and: neutral
but&!the&!it&and: positive
but&!the&it&!my: conflict
but&!the&it&my: positive
but&the&!rather&!they: positive
but&the&!rather&they: negative
but&the&rather: neutral
DecisionTree learned:
!but&!easi&!and&!great: negative
!but&!easi&!and&great: positive
!but&!easi&and&!extend: positive
!but&!easi&and&extend: neutral
!but&easi&!one&!not: positive
!but&easi&!one&not: positive
!but&easi&one: neutral
but&!all&!wa&!had: negative
but&!all&!wa&had: conflict
but&!all&wa&!coupl: positive
but&!all&wa&coupl: conflict
but&all&!at&!and: positive
but&all&!at&and: neutral
but&all&at: negative
DecisionTree learned:
!but&!not&!easi&!is: negative
!but&!not&!easi&is: positive
!but&!not&easi&!one: positive
!but&!not&easi&one: neutral
!but&not&!graphic&!other: negative
!but&not&!graphic&other: positive
!but&not&graphic: conflict
but&!up&!learn&!if: negative
but&!up&!learn&if: neutral
but&!up&learn: neutral
but&up&!mac: negative
but&up&mac: positive
DecisionTree learned:
!but&!worth&!great&!use: negative
!but&!worth&!great&use: positive
!but&!worth&great&!media: positive
!but&!worth&great&media: conflict
!but&worth&!n&!are: conflict
!but&worth&!n&are: negative
!but&worth&n: negative
but&!power&!rather&!replac: negative
but&!power&!rather&replac: neutral
but&!power&rather: neutral
but&power: neutral
DecisionTree learned:
!but&!macbook&!is&!fast: negative
!but&!macbook&!is&fast: positive
!but&!macbook&is&!mind: positive
!but&!macbook&is&mind: conflict
!but&macbook&!will&!hard: positive
!but&macbook&!will&hard: conflict
!but&macbook&will: conflict
but&!the&!had&!call: conflict
but&!the&!had&call: neutral
but&!the&had: negative
but&the&!learn&!they: negative
but&the&!learn&they: negative
but&the&learn&!and: positive
but&the&learn&and: neutral
DecisionTree learned:
!but&!get&!and&!awesom: negative
!but&!get&!and&awesom: positive
!but&!get&and&!extend: positive
!but&!get&and&extend: neutral
!but&get&!am&!os: negative
!but&get&!am&os: conflict
!but&get&am&!toshiba: conflict
!but&get&am&toshiba: negative
but&!call&!problem&!user: positive
but&!call&!problem&user: neutral
but&!call&problem: negative
but&call: neutral
DecisionTree learned:
!but&!laptop&!is&!some: negative
!but&!laptop&!is&some: negative
!but&!laptop&is&!problem: positive
!but&!laptop&is&problem: negative
!but&laptop&!it&!went: positive
!but&laptop&!it&went: conflict
!but&laptop&it&!much: negative
!but&laptop&it&much: conflict
but&!ani&!still&!speed: positive
but&!ani&!still&speed: neutral
but&!ani&still&!to: negative
but&!ani&still&to: positive
but&ani: neutral
DecisionTree learned:
!but&!love&!worth&!inconveni: positive
!but&!love&!worth&inconveni: conflict
!but&!love&worth&!money: conflict
!but&!love&worth&money: positive
!but&love&!thi: positive
!but&love&thi&!a: positive
!but&love&thi&a: neutral
but&!learn&!if&!repair: negative
but&!learn&!if&repair: negative
but&!learn&if&!to: negative
but&!learn&if&to: neutral
but&learn&!and: positive
but&learn&and: neutral
DecisionTree learned:
!but&!worth&!problem&!not: positive
!but&!worth&!problem&not: negative
!but&!worth&problem&!purchas: negative
!but&!worth&problem&purchas: neutral
!but&worth&!n&!are: conflict
!but&worth&!n&are: negative
!but&worth&n: negative
but&!screen&!power&!learn: negative
but&!screen&!power&learn: neutral
but&!screen&power: neutral
but&screen&!size&!comput: conflict
but&screen&!size&comput: negative
but&screen&size: positive
DecisionTree learned:
!but&!the&!non&!twice: neutral
!but&!the&!non&twice: conflict
!but&!the&non: conflict
!but&the&!complain&!gener: negative
!but&the&!complain&gener: conflict
!but&the&complain&!and: positive
!but&the&complain&and: conflict
but&!if&!function&!the: conflict
but&!if&!function&the: positive
but&!if&function: neutral
but&if&!to&!mac: negative
but&if&!to&mac: positive
but&if&to: neutral
DecisionTree learned:
!but&!worth&!veri&!life: negative
!but&!worth&!veri&life: positive
!but&!worth&veri&!for: positive
!but&!worth&veri&for: negative
!but&worth&!are&!n: conflict
!but&worth&!are&n: negative
!but&worth&are: negative
but&!learn&!user&!if: negative
but&!learn&!user&if: neutral
but&!learn&user: neutral
but&learn&!and: positive
but&learn&and: neutral
DecisionTree learned:
!but&!worth&!and&!price: negative
!but&!worth&!and&price: positive
!but&!worth&and&!i: positive
!but&!worth&and&i: neutral
!but&worth&!n&!work: conflict
!but&worth&!n&work: negative
!but&worth&n: negative
but&!ever&!replac&!the: conflict
but&!ever&!replac&the: positive
but&!ever&replac&!and: neutral
but&!ever&replac&and: negative
but&ever: conflict
DecisionTree learned:
!but&!the&!non&!life: neutral
!but&!the&!non&life: positive
!but&!the&non: conflict
!but&the&!worth&!inconveni: negative
!but&the&!worth&inconveni: conflict
!but&the&worth&!n: conflict
!but&the&worth&n: negative
but&!so&!power&!repair: negative
but&!so&!power&repair: negative
but&!so&power: neutral
but&so&!wa: neutral
but&so&wa: positive
DecisionTree learned:
!but&!laptop&!and&!great: negative
!but&!laptop&!and&great: positive
!but&!laptop&and&!email: positive
!but&!laptop&and&email: neutral
!but&laptop&!it&!went: positive
!but&laptop&!it&went: conflict
!but&laptop&it&!much: negative
!but&laptop&it&much: conflict
but&!wa&!had&!huge: negative
but&!wa&!had&huge: conflict
but&!wa&had&!it: conflict
but&!wa&had&it: negative
but&wa&!coupl&!featur: negative
but&wa&!coupl&featur: conflict
but&wa&coupl: conflict
DecisionTree learned:
!but&!warranti&!month&!and: negative
!but&!warranti&!month&and: positive
!but&!warranti&month&!with: negative
!but&!warranti&month&with: neutral
!but&warranti&!after&!i: negative
!but&warranti&!after&i: neutral
!but&warranti&after: neutral
but&!support&!wa&!had: positive
but&!support&!wa&had: conflict
but&!support&wa&!coupl: positive
but&!support&wa&coupl: conflict
but&support: negative
DecisionTree learned:
!but&!easi&!fast&!the: neutral
!but&!easi&!fast&the: negative
!but&!easi&fast&!program: positive
!but&!easi&fast&program: neutral
!but&easi&!one&!not: positive
!but&easi&!one&not: positive
!but&easi&one: neutral
but&!rather&!think&!learn: negative
but&!rather&!think&learn: neutral
but&!rather&think: negative
but&rather: neutral
DecisionTree learned:
!but&!and&!problem&!or: negative
!but&!and&!problem&or: neutral
!but&!and&problem&!or: negative
!but&!and&problem&or: positive
!but&and&!complain&!extend: positive
!but&and&!complain&extend: neutral
!but&and&complain: conflict
but&!learn&!the&!it: neutral
but&!learn&!the&it: conflict
but&!learn&the&!rather: negative
but&!learn&the&rather: neutral
but&learn&!and: positive
but&learn&and: neutral
DecisionTree learned:
!but&!worth&!great&!love: negative
!but&!worth&!great&love: positive
!but&!worth&great&!longer: positive
!but&!worth&great&longer: conflict
!but&worth&!work&!price: positive
!but&worth&!work&price: conflict
!but&worth&work: negative
but&!call&!ani&!thi: negative
but&!call&!ani&thi: positive
but&!call&ani: neutral
but&call: neutral
DecisionTree learned:
!but&!worth&!use&!great: negative
!but&!worth&!use&great: positive
!but&!worth&use&!some: positive
!but&!worth&use&some: conflict
!but&worth&!pricetag&!price: positive
!but&worth&!pricetag&price: conflict
!but&worth&pricetag: conflict
but&!think&!want&!we: positive
but&!think&!want&we: negative
but&!think&want: conflict
but&think: negative
DecisionTree learned:
!but&!and&!much&!inconveni: negative
!but&!and&!much&inconveni: conflict
!but&!and&much&!laptop: negative
!but&!and&much&laptop: conflict
!but&and&!extend&!complain: positive
!but&and&!extend&complain: conflict
!but&and&extend&!when: neutral
!but&and&extend&when: conflict
but&!the&!need&!with: conflict
but&!the&!need&with: neutral
but&!the&need: neutral
but&the&!two&!they: positive
but&the&!two&they: negative
but&the&two&!thi: conflict
but&the&two&thi: negative
DecisionTree learned:
!but&!graphic&!game&!good: negative
!but&!graphic&!game&good: positive
!but&!graphic&game&!thi: neutral
!but&!graphic&game&thi: negative
!but&graphic&!non&!just: positive
!but&graphic&!non&just: conflict
!but&graphic&non: conflict
but&!speed&!replac&!repair: positive
but&!speed&!replac&repair: negative
but&!speed&replac&!and: neutral
but&!speed&replac&and: conflict
but&speed: neutral
DecisionTree learned:
!but&!life&!ded&!macbook: negative
!but&!life&!ded&macbook: positive
!but&!life&ded: conflict
!but&life&!my&!been: positive
!but&life&!my&been: conflict
!but&life&my&!laptop: negative
!but&life&my&laptop: conflict
but&!wa&!laptop&!too: negative
but&!wa&!laptop&too: conflict
but&!wa&laptop&!the: neutral
but&!wa&laptop&the: positive
but&wa&!s&!i: negative
but&wa&!s&i: positive
but&wa&s: conflict
DecisionTree learned:
!but&!macbook&!life&!love: negative
!but&!macbook&!life&love: positive
!but&!macbook&life&!my: positive
!but&!macbook&life&my: conflict
!but&macbook&!will&!hard: positive
!but&macbook&!will&hard: conflict
!but&macbook&will: conflict
but&!user&!call&!all: negative
but&!user&!call&all: neutral
but&!user&call: neutral
but&user: neutral
DecisionTree learned:
!but&!worth&!graphic&!amaz: negative
!but&!worth&!graphic&amaz: positive
!but&!worth&graphic&!non: positive
!but&!worth&graphic&non: conflict
!but&worth&!pricetag&!price: positive
!but&worth&!pricetag&price: negative
!but&worth&pricetag: conflict
but&!if&!still&!replac: negative
but&!if&!still&replac: neutral
but&!if&still&!the: neutral
but&!if&still&the: negative
but&if&!to&!mac: negative
but&if&!to&mac: positive
but&if&to: neutral
DecisionTree learned:
!but&!some&!is&!game: positive
!but&!some&!is&game: neutral
!but&!some&is&!not: positive
!but&!some&is&not: negative
!but&some&!use&!insid: negative
!but&some&!use&insid: neutral
!but&some&use&!the: negative
!but&some&use&the: conflict
but&!wa&!had&!screen: negative
but&!wa&!had&screen: conflict
but&!wa&had&!not: conflict
but&!wa&had&not: negative
but&wa&!s&!i: negative
but&wa&!s&i: positive
but&wa&s: conflict
DecisionTree learned:
!but&!great&!though&!macbook: negative
!but&!great&!though&macbook: positive
!but&!great&though&!laptop: negative
!but&!great&though&laptop: conflict
!but&great&!longer&!media: positive
!but&great&!longer&media: conflict
!but&great&longer: conflict
but&!screen&!replac&!function: positive
but&!screen&!replac&function: neutral
but&!screen&replac&!and: neutral
but&!screen&replac&and: conflict
but&screen&!on&!comput: conflict
but&screen&!on&comput: negative
but&screen&on: negative
DecisionTree learned:
!but&!okay&!macbook&!laptop: negative
!but&!okay&!macbook&laptop: positive
!but&!okay&macbook&!want: positive
!but&!okay&macbook&want: neutral
!but&okay: conflict
but&!if&!user&!function: negative
but&!if&!user&function: neutral
but&!if&user: neutral
but&if&!to&!mac: negative
but&if&!to&mac: positive
but&if&to: neutral
DecisionTree learned:
!but&!ded&!life&!worth: negative
!but&!ded&!life&worth: negative
!but&!ded&life&!my: positive
!but&!ded&life&my: conflict
!but&ded: conflict
but&!replac&!user&!if: negative
but&!replac&!user&if: neutral
but&!replac&user: neutral
but&replac&!and: neutral
but&replac&and&!to: negative
but&replac&and&to: conflict
DecisionTree learned:
!but&!great&!worth&!some: negative
!but&!great&!worth&some: negative
!but&!great&worth&!work: conflict
!but&!great&worth&work: negative
!but&great&!softwar&!media: positive
!but&great&!softwar&media: conflict
!but&great&softwar: neutral
but&!call&!school&!learn: negative
but&!call&!school&learn: neutral
but&!call&school&!just: neutral
but&!call&school&just: positive
but&call: neutral
DecisionTree learned:
!but&!veri&!good&!worth: negative
!but&!veri&!good&worth: conflict
!but&!veri&good&!it: positive
!but&!veri&good&it: negative
!but&veri&!function&!learn: positive
!but&veri&!function&learn: neutral
!but&veri&function: conflict
but&!rather&!if&!extern: positive
but&!rather&!if&extern: neutral
but&!rather&if&!to: positive
but&!rather&if&to: neutral
but&rather: neutral
DecisionTree learned:
!but&!amaz&!inconveni&!sol: negative
!but&!amaz&!inconveni&sol: conflict
!but&!amaz&inconveni: conflict
!but&amaz: positive
but&!support&!repair&!there: positive
but&!support&!repair&there: negative
but&!support&repair&!to: negative
but&!support&repair&to: neutral
but&support: negative
DecisionTree learned:
!but&!awesom&!macbook&!okay: negative
!but&!awesom&!macbook&okay: conflict
!but&!awesom&macbook&!for: positive
!but&!awesom&macbook&for: neutral
!but&awesom: positive
but&!still&!problem&!power: negative
but&!still&!problem&power: neutral
but&!still&problem&!so: negative
but&!still&problem&so: neutral
but&still&!to&!it: neutral
but&still&!to&it: negative
but&still&to: positive
DecisionTree learned:
!but&!and&!gener&!use: negative
!but&!and&!gener&use: neutral
!but&!and&gener: conflict
!but&and&!extend&!complain: positive
!but&and&!extend&complain: conflict
!but&and&extend&!when: neutral
!but&and&extend&when: conflict
but&!wa&!when&!had: negative
but&!wa&!when&had: conflict
but&!wa&when: conflict
but&wa&!s&!featur: positive
but&wa&!s&featur: conflict
but&wa&s: conflict
DecisionTree learned:
!but&!get&!and&!reboot: negative
!but&!get&!and&reboot: conflict
!but&!get&and&!extend: positive
!but&!get&and&extend: neutral
!but&get&!am&!some: negative
!but&get&!am&some: conflict
!but&get&am&!toshiba: conflict
!but&get&am&toshiba: negative
but&!rather&!call&!user: positive
but&!rather&!call&user: neutral
but&!rather&call: neutral
but&rather: neutral
DecisionTree learned:
!but&!had&!love&!is: neutral
!but&!had&!love&is: negative
!but&!had&love&!netbook: positive
!but&!had&love&netbook: negative
!but&had&!to&!if: negative
!but&had&!to&if: neutral
!but&had&to&!from: negative
!but&had&to&from: neutral
but&!screen&!two&!wa: negative
but&!screen&!two&wa: positive
but&!screen&two&!and: positive
but&!screen&two&and: conflict
but&screen&!comput&!on: conflict
but&screen&!comput&on: negative
but&screen&comput: negative
DecisionTree learned:
!but&!okay&!graphic&!laptop: negative
!but&!okay&!graphic&laptop: positive
!but&!okay&graphic&!non: positive
!but&!okay&graphic&non: conflict
!but&okay: conflict
but&!wa&!need&!screen: negative
but&!wa&!need&screen: conflict
but&!wa&need&!the: neutral
but&!wa&need&the: positive
but&wa&!the&!for: conflict
but&wa&!the&for: negative
but&wa&the&!featur: positive
but&wa&the&featur: conflict
DecisionTree learned:
!but&!and&!much&!eee: negative
!but&!and&!much&eee: conflict
!but&!and&much&!laptop: positive
!but&!and&much&laptop: conflict
!but&and&!extend&!complain: positive
!but&and&!extend&complain: conflict
!but&and&extend&!when: neutral
!but&and&extend&when: conflict
but&!for&!thi&!mac: conflict
but&!for&!thi&mac: positive
but&!for&thi&!i: negative
but&!for&thi&i: positive
but&for&!if&!instal: negative
but&for&!if&instal: neutral
but&for&if: neutral
DecisionTree learned:
!but&!against&!macbook&!get: positive
!but&!against&!macbook&get: negative
!but&!against&macbook&!for: positive
!but&!against&macbook&for: neutral
!but&against: conflict
but&!call&!speed&!be: positive
but&!call&!speed&be: negative
but&!call&speed: neutral
but&call: neutral
DecisionTree learned:
!but&!worth&!qualiti&!ded: negative
!but&!worth&!qualiti&ded: conflict
!but&!worth&qualiti&!on: negative
!but&!worth&qualiti&on: conflict
!but&worth&!pricetag&!price: positive
!but&worth&!pricetag&price: conflict
!but&worth&pricetag: conflict
but&!wa&!had&!ye: positive
but&!wa&!had&ye: conflict
but&!wa&had&!it: conflict
but&!wa&had&it: negative
but&wa&!the&!for: conflict
but&wa&!the&for: negative
but&wa&the&!that: positive
but&wa&the&that: positive
DecisionTree learned:
!but&!veri&!against&!get: negative
!but&!veri&!against&get: negative
!but&!veri&against: conflict
!but&veri&!function&!learn: positive
!but&veri&!function&learn: neutral
!but&veri&function: conflict
but&!the&!it&!i: conflict
but&!the&!it&i: neutral
but&!the&it&!my: conflict
but&!the&it&my: positive
but&the&!had&!they: positive
but&the&!had&they: negative
but&the&had&!not: conflict
but&the&had&not: negative
DecisionTree learned:
!but&!macbook&!great&!use: negative
!but&!macbook&!great&use: neutral
!but&!macbook&great&!media: positive
!but&!macbook&great&media: conflict
!but&macbook&!for&!and: conflict
!but&macbook&!for&and: positive
!but&macbook&for&!never: neutral
!but&macbook&for&never: conflict
but&!support&!the&!it: neutral
but&!support&!the&it: conflict
but&!support&the&!rather: negative
but&!support&the&rather: neutral
but&support: negative
DecisionTree learned:
!but&!and&!inconveni&!great: negative
!but&!and&!inconveni&great: positive
!but&!and&inconveni: conflict
!but&and&!complain&!extend: positive
!but&and&!complain&extend: neutral
!but&and&complain: conflict
but&!ye&!all&!they: positive
but&!ye&!all&they: negative
but&!ye&all&!and: positive
but&!ye&all&and: neutral
but&ye: conflict
DecisionTree learned:
!but&!against&!get&!worth: positive
!but&!against&!get&worth: conflict
!but&!against&get&!am: negative
!but&!against&get&am: conflict
!but&against: conflict
but&!rather&!user&!support: negative
but&!rather&!user&support: negative
but&!rather&user: neutral
but&rather: neutral
DecisionTree learned:
!but&!inconveni&!macbook&!great: negative
!but&!inconveni&!macbook&great: positive
!but&!inconveni&macbook&!for: positive
!but&!inconveni&macbook&for: neutral
!but&inconveni: conflict
but&!replac&!function&!user: negative
but&!replac&!function&user: neutral
but&!replac&function: neutral
but&replac&!and: neutral
but&replac&and&!to: negative
but&replac&and&to: conflict
DecisionTree learned:
!but&!okay&!macbook&!great: negative
!but&!okay&!macbook&great: positive
!but&!okay&macbook&!for: positive
!but&!okay&macbook&for: neutral
!but&okay: conflict
but&!the&!it&!and: neutral
but&!the&!it&and: positive
but&!the&it&!for: conflict
but&!the&it&for: positive
but&the&!learn&!internet: negative
but&the&!learn&internet: conflict
but&the&learn&!and: positive
but&the&learn&and: neutral
DecisionTree learned:
!but&!get&!for&!macbook: negative
!but&!get&!for&macbook: positive
!but&!get&for&!card: neutral
!but&!get&for&card: conflict
!but&get&!am&!os: negative
!but&get&!am&os: conflict
!but&get&am&!toshiba: conflict
!but&get&am&toshiba: negative
but&!ani&!softwar&!wa: positive
but&!ani&!softwar&wa: positive
but&!ani&softwar&!extra: negative
but&!ani&softwar&extra: conflict
but&ani: neutral
DecisionTree learned:
!but&!life&!veri&!graphic: negative
!but&!life&!veri&graphic: positive
!but&!life&veri&!function: positive
!but&!life&veri&function: conflict
!but&life&!my&!would: positive
!but&life&!my&would: conflict
!but&life&my&!laptop: negative
!but&life&my&laptop: conflict
but&!all&!rather&!replac: negative
but&!all&!rather&replac: neutral
but&!all&rather: neutral
but&all&!and: positive
but&all&and&!be: neutral
but&all&and&be: negative
DecisionTree learned:
!but&!macbook&!mind&!okay: negative
!but&!macbook&!mind&okay: conflict
!but&!macbook&mind: conflict
!but&macbook&!for&!and: conflict
!but&macbook&!for&and: positive
!but&macbook&for&!never: neutral
!but&macbook&for&never: conflict
but&!user&!huge&!function: negative
but&!user&!huge&function: neutral
but&!user&huge&!so: conflict
but&!user&huge&so: positive
but&user: neutral
DecisionTree learned:
!but&!eee&!love&!use: negative
!but&!eee&!love&use: neutral
!but&!eee&love&!user: positive
!but&!eee&love&user: neutral
!but&eee: conflict
but&!learn&!for&!like: negative
but&!learn&!for&like: positive
but&!learn&for&!we: positive
but&!learn&for&we: negative
but&learn&!and: positive
but&learn&and: neutral
DecisionTree learned:
!but&!inconveni&!easi&!worth: negative
!but&!inconveni&!easi&worth: conflict
!but&!inconveni&easi&!one: positive
!but&!inconveni&easi&one: neutral
!but&inconveni: conflict
but&!isol&!need&!window: negative
but&!isol&!need&window: neutral
but&!isol&need&!the: neutral
but&!isol&need&the: positive
but&isol: neutral
DecisionTree learned:
!but&!and&!though&!inconveni: negative
!but&!and&!though&inconveni: conflict
!but&!and&though&!laptop: negative
!but&!and&though&laptop: conflict
!but&and&!extend&!i: positive
!but&and&!extend&i: neutral
!but&and&extend&!when: neutral
!but&and&extend&when: conflict
but&!user&!learn&!if: positive
but&!user&!learn&if: neutral
but&!user&learn&!and: positive
but&!user&learn&and: neutral
but&user: neutral
DecisionTree learned:
!but&!macbook&!use&!much: negative
!but&!macbook&!use&much: positive
!but&!macbook&use&!some: positive
!but&!macbook&use&some: conflict
!but&macbook&!for&!of: positive
!but&macbook&!for&of: conflict
!but&macbook&for&!never: neutral
!but&macbook&for&never: conflict
but&!ever&!for&!after: negative
but&!ever&!for&after: positive
but&!ever&for&!we: positive
but&!ever&for&we: negative
but&ever: conflict
DecisionTree learned:
!but&!okay&!macbook&!awesom: negative
!but&!okay&!macbook&awesom: positive
!but&!okay&macbook&!of: positive
!but&!okay&macbook&of: negative
!but&okay: conflict
but&!user&!all&!for: conflict
but&!user&!all&for: positive
but&!user&all&!and: positive
but&!user&all&and: neutral
but&user: neutral
DecisionTree learned:
!but&!and&!use&!requir: negative
!but&!and&!use&requir: conflict
!but&!and&use&!some: neutral
!but&!and&use&some: conflict
!but&and&!complain&!extend: positive
!but&and&!complain&extend: neutral
!but&and&complain: conflict
but&!need&!if&!function: negative
but&!need&!if&function: neutral
but&!need&if&!to: negative
but&!need&if&to: neutral
but&need&!the: neutral
but&need&the&!with: positive
but&need&the&with: negative
DecisionTree learned:
!but&!macbook&!inconveni&!mind: positive
!but&!macbook&!inconveni&mind: conflict
!but&!macbook&inconveni: conflict
!but&macbook&!for&!hard: positive
!but&macbook&!for&hard: conflict
!but&macbook&for&!never: neutral
!but&macbook&for&never: conflict
but&!vh&!want&!window: positive
but&!vh&!want&window: neutral
but&!vh&want: conflict
but&vh: conflict
DecisionTree learned:
!but&!and&!gener&!eee: negative
!but&!and&!gener&eee: conflict
!but&!and&gener: conflict
!but&and&!extend&!i: positive
!but&and&!extend&i: neutral
!but&and&extend&!when: neutral
!but&and&extend&when: conflict
but&!replac&!call&!which: positive
but&!replac&!call&which: conflict
but&!replac&call: neutral
but&replac&!and: neutral
but&replac&and&!to: negative
but&replac&and&to: conflict
DecisionTree learned:
!but&!macbook&!life&!inconveni: negative
!but&!macbook&!life&inconveni: conflict
!but&!macbook&life&!my: positive
!but&!macbook&life&my: conflict
!but&macbook&!for&!hard: positive
!but&macbook&!for&hard: conflict
!but&macbook&for&!never: neutral
!but&macbook&for&never: conflict
but&!vh&!there&!all: positive
but&!vh&!there&all: neutral
but&!vh&there&!thi: negative
but&!vh&there&thi: neutral
but&vh: conflict
DecisionTree learned:
!but&!against&!okay&!macbook: negative
!but&!against&!okay&macbook: positive
!but&!against&okay: conflict
!but&against: conflict
but&!the&!it&!and: conflict
but&!the&!it&and: positive
but&!the&it&!for: conflict
but&!the&it&for: positive
but&the&!learn&!ani: positive
but&the&!learn&ani: neutral
but&the&learn&!and: positive
but&the&learn&and: neutral
DecisionTree learned:
!but&!life&!worth&!against: negative
!but&!life&!worth&against: conflict
!but&!life&worth&!pricetag: positive
!but&!life&worth&pricetag: conflict
!but&life&!my&!would: positive
!but&life&!my&would: conflict
!but&life&my&!laptop: negative
!but&life&my&laptop: conflict
but&!replac&!rather&!ani: negative
but&!replac&!rather&ani: neutral
but&!replac&rather: neutral
but&replac&!and: neutral
but&replac&and&!to: negative
but&replac&and&to: conflict
DecisionTree learned:
!but&!mind&!for&!macbook: negative
!but&!mind&!for&macbook: positive
!but&!mind&for&!card: neutral
!but&!mind&for&card: conflict
!but&mind: conflict
but&!ye&!just&!function: negative
but&!ye&!just&function: neutral
but&!ye&just&!so: positive
but&!ye&just&so: neutral
but&ye: conflict
DecisionTree learned:
!but&!worth&!ded&!some: positive
!but&!worth&!ded&some: negative
!but&!worth&ded: conflict
!but&worth&!work&!money: conflict
!but&worth&!work&money: positive
!but&worth&work: negative
but&!power&!repair&!function: negative
but&!power&!repair&function: neutral
but&!power&repair&!to: negative
but&!power&repair&to: neutral
but&power: neutral
DecisionTree learned:
!but&!mind&!okay&!for: negative
!but&!mind&!okay&for: neutral
!but&!mind&okay: conflict
!but&mind: conflict
but&!power&!be&!learn: positive
but&!power&!be&learn: neutral
but&!power&be&!a: negative
but&!power&be&a: neutral
but&power: neutral
DecisionTree learned:
!but&!against&!macbook&!graphic: negative
!but&!against&!macbook&graphic: positive
!but&!against&macbook&!for: positive
!but&!against&macbook&for: neutral
!but&against: conflict
but&!wa&!replac&!user: conflict
but&!wa&!replac&user: neutral
but&!wa&replac&!and: neutral
but&!wa&replac&and: negative
but&wa&!coupl&!featur: positive
but&wa&!coupl&featur: conflict
but&wa&coupl: conflict
DecisionTree learned:
!but&!macbook&!eee&!life: negative
!but&!macbook&!eee&life: positive
!but&!macbook&eee: conflict
!but&macbook&!want&!will: positive
!but&macbook&!want&will: conflict
!but&macbook&want: neutral
but&!ani&!school&!replac: negative
but&!ani&!school&replac: neutral
but&!ani&school&!just: neutral
but&!ani&school&just: positive
but&ani: neutral
DecisionTree learned:
!but&!great&!inconveni&!qualiti: negative
!but&!great&!inconveni&qualiti: negative
!but&!great&inconveni: conflict
!but&great&!would&!media: positive
!but&great&!would&media: conflict
!but&great&would: conflict
but&!isol&!replac&!vh: negative
but&!isol&!replac&vh: conflict
but&!isol&replac&!and: neutral
but&!isol&replac&and: conflict
but&isol: neutral
DecisionTree learned:
!but&!great&!speed&!macbook: negative
!but&!great&!speed&macbook: positive
!but&!great&speed&!differ: positive
!but&!great&speed&differ: negative
!but&great&!media&!longer: positive
!but&great&!media&longer: conflict
!but&great&media&!and: conflict
!but&great&media&and: positive
but&!rather&!screen&!two: negative
but&!rather&!screen&two: conflict
but&!rather&screen&!size: conflict
but&!rather&screen&size: positive
but&rather: neutral
DecisionTree learned:
!but&!the&!twice&!non: neutral
!but&!the&!twice&non: conflict
!but&!the&twice: conflict
!but&the&!inconveni&!worth: negative
!but&the&!inconveni&worth: conflict
!but&the&inconveni: conflict
but&!replac&!for&!function: conflict
but&!replac&!for&function: neutral
but&!replac&for&!we: neutral
but&!replac&for&we: negative
but&replac&!and: neutral
but&replac&and&!to: negative
but&replac&and&to: conflict
DecisionTree learned:
!but&!worth&!use&!eee: negative
!but&!worth&!use&eee: conflict
!but&!worth&use&!some: neutral
!but&!worth&use&some: conflict
!but&worth&!pricetag&!price: positive
!but&worth&!pricetag&price: conflict
!but&worth&pricetag: conflict
but&!function&!rather&!ani: negative
but&!function&!rather&ani: neutral
but&!function&rather: neutral
but&function: neutral
DecisionTree learned:
!but&!great&!worth&!ded: positive
!but&!great&!worth&ded: conflict
!but&!great&worth&!pricetag: negative
!but&!great&worth&pricetag: conflict
!but&great&!would&!media: positive
!but&great&!would&media: conflict
!but&great&would: conflict
but&!replac&!new&!isol: negative
but&!replac&!new&isol: neutral
but&!replac&new&!is: positive
but&!replac&new&is: neutral
but&replac&!and: neutral
but&replac&and&!to: negative
but&replac&and&to: conflict
DecisionTree learned:
!but&!okay&!veri&!life: neutral
!but&!okay&!veri&life: positive
!but&!okay&veri&!function: positive
!but&!okay&veri&function: conflict
!but&okay: conflict
but&!for&!everyth&!speed: conflict
but&!for&!everyth&speed: neutral
but&!for&everyth&!new: positive
but&!for&everyth&new: neutral
but&for&!we&!window: positive
but&for&!we&window: neutral
but&for&we: negative
DecisionTree learned:
!but&!worth&!qualiti&!life: neutral
!but&!worth&!qualiti&life: positive
!but&!worth&qualiti&!on: negative
!but&!worth&qualiti&on: conflict
!but&worth&!pricetag&!price: positive
!but&worth&!pricetag&price: conflict
!but&worth&pricetag: conflict
but&!ever&!function&!speed: positive
but&!ever&!function&speed: neutral
but&!ever&function: neutral
but&ever: conflict
DecisionTree learned:
!but&!good&!worth&!inconveni: negative
!but&!good&!worth&inconveni: conflict
!but&!good&worth&!wait: conflict
!but&!good&worth&wait: positive
!but&good&!game&!els: positive
!but&good&!game&els: negative
!but&good&game: neutral
but&!game&!the&!it: neutral
but&!game&!the&it: conflict
but&!game&the&!two: negative
but&!game&the&two: conflict
but&game: positive
DecisionTree learned:
!but&!macbook&!laptop&!and: negative
!but&!macbook&!laptop&and: positive
!but&!macbook&laptop&!it: positive
!but&!macbook&laptop&it: conflict
!but&macbook&!will&!hard: positive
!but&macbook&!will&hard: conflict
!but&macbook&will: conflict
but&!still&!for&!thi: conflict
but&!still&!for&thi: positive
but&!still&for&!if: positive
but&!still&for&if: neutral
but&still&!to&!it: neutral
but&still&!to&it: negative
but&still&to: positive
DecisionTree learned:
!but&!inconveni&!get&!mind: negative
!but&!inconveni&!get&mind: conflict
!but&!inconveni&get&!am: negative
!but&!inconveni&get&am: conflict
!but&inconveni: conflict
but&!user&!isol&!they: positive
but&!user&!isol&they: negative
but&!user&isol: neutral
but&user: neutral
DecisionTree learned:
!but&!okay&!laptop&!macbook: negative
!but&!okay&!laptop&macbook: conflict
!but&!okay&laptop&!it: positive
!but&!okay&laptop&it: conflict
!but&okay: conflict
but&!ani&!replac&!i: negative
but&!ani&!replac&i: positive
but&!ani&replac&!and: neutral
but&!ani&replac&and: negative
but&ani: neutral
DecisionTree learned:
!but&!macbook&!laptop&!some: negative
!but&!macbook&!laptop&some: negative
!but&!macbook&laptop&!it: neutral
!but&!macbook&laptop&it: conflict
!but&macbook&!for&!hard: positive
!but&macbook&!for&hard: conflict
!but&macbook&for&!never: neutral
!but&macbook&for&never: conflict
but&!call&!isol&!if: positive
but&!call&!isol&if: neutral
but&!call&isol: neutral
but&call: neutral
DecisionTree learned:
!but&!get&!life&!and: negative
!but&!get&!life&and: positive
!but&!get&life&!my: positive
!but&!get&life&my: conflict
!but&get&!am&!os: negative
!but&get&!am&os: conflict
!but&get&am&!toshiba: conflict
!but&get&am&toshiba: negative
but&!replac&!learn&!system: positive
but&!replac&!learn&system: negative
but&!replac&learn&!and: positive
but&!replac&learn&and: neutral
but&replac&!and: neutral
but&replac&and&!to: negative
but&replac&and&to: conflict
DecisionTree learned:
!but&!worth&!macbook&!against: negative
!but&!worth&!macbook&against: conflict
!but&!worth&macbook&!for: positive
!but&!worth&macbook&for: neutral
!but&worth&!work&!are: conflict
!but&worth&!work&are: negative
!but&worth&work: negative
but&!want&!be&!function: positive
but&!want&!be&function: neutral
but&!want&be&!a: negative
but&!want&be&a: neutral
but&want: conflict
DecisionTree learned:
!but&!eee&!mind&!laptop: negative
!but&!eee&!mind&laptop: positive
!but&!eee&mind: conflict
!but&eee: conflict
but&!wa&!had&!the: conflict
but&!wa&!had&the: negative
but&!wa&had&!not: conflict
but&!wa&had&not: negative
but&wa&!the&!be: conflict
but&wa&!the&be: negative
but&wa&the&!featur: positive
but&wa&the&featur: conflict
DecisionTree learned:
!but&!against&!life&!the: neutral
!but&!against&!life&the: negative
!but&!against&life&!my: positive
!but&!against&life&my: conflict
!but&against: conflict
but&!ani&!the&!it: neutral
but&!ani&!the&it: conflict
but&!ani&the&!function: positive
but&!ani&the&function: neutral
but&ani: neutral
DecisionTree learned:
!but&!mind&!macbook&!laptop: negative
!but&!mind&!macbook&laptop: positive
!but&!mind&macbook&!will: positive
!but&!mind&macbook&will: conflict
!but&mind: conflict
but&!be&!repair&!ani: conflict
but&!be&!repair&ani: neutral
but&!be&repair&!to: negative
but&!be&repair&to: neutral
but&be&!a: negative
but&be&a&!would: neutral
but&be&a&would: positive
Trial 0 Training cc.mallet.classify.AdaBoostM2Trainer@49ff0dde finished
Trial 0 Trainer cc.mallet.classify.AdaBoostM2Trainer@49ff0dde test data accuracy = 0.4949290060851927

NaiveBayesTrainer
Summary. test accuracy mean = 0.7079107505070994 stddev = 0.0 stderr = 0.0

MaxEntTrainer,gaussianPriorVariance=1.0
Summary. test accuracy mean = 0.6835699797160243 stddev = 0.0 stderr = 0.0

cc.mallet.classify.DecisionTreeTrainer@69945ce
Summary. test accuracy mean = 0.5273833671399595 stddev = 0.0 stderr = 0.0

cc.mallet.classify.AdaBoostM2Trainer@49ff0dde
Summary. test accuracy mean = 0.4949290060851927 stddev = 0.0 stderr = 0.0
