
-------------------- Trial 0  --------------------

Trial 0 Training NaiveBayesTrainer with 1865 instances
Trial 0 Training NaiveBayesTrainer finished
Trial 0 Trainer NaiveBayesTrainer test data accuracy = 0.6288032454361054
Trial 0 Training MaxEntTrainer,gaussianPriorVariance=1.0 with 1865 instances
Trial 0 Training MaxEntTrainer,gaussianPriorVariance=1.0 finished
Trial 0 Trainer MaxEntTrainer,gaussianPriorVariance=1.0 test data accuracy = 0.6288032454361054
Trial 0 Training cc.mallet.classify.DecisionTreeTrainer@69945ce with 1865 instances
DecisionTree learned:
!neg&!pos&!speed&!and: negative
!neg&!pos&!speed&and: positive
!neg&!pos&speed: positive
!neg&pos&!not&!but: positive
!neg&pos&!not&but: positive
!neg&pos&not&!n: negative
!neg&pos&not&n: negative
neg&!price&!clear&!what: negative
neg&!price&!clear&what: conflict
neg&!price&clear&!and: conflict
neg&!price&clear&and: positive
neg&price&!quality&!in: positive
neg&price&!quality&in: negative
neg&price&quality: negative
Trial 0 Training cc.mallet.classify.DecisionTreeTrainer@69945ce finished
Trial 0 Trainer cc.mallet.classify.DecisionTreeTrainer@69945ce test data accuracy = 0.565922920892495
Trial 0 Training cc.mallet.classify.AdaBoostM2Trainer@7e78fc6 with 1865 instances
DecisionTree learned:
!neg&!pos&!speed&!and: negative
!neg&!pos&!speed&and: positive
!neg&!pos&speed: positive
!neg&pos&!not&!but: positive
!neg&pos&!not&but: positive
!neg&pos&not&!n: positive
!neg&pos&not&n: negative
neg&!what&!and&!price: negative
neg&!what&!and&price: positive
neg&!what&and&!extended: negative
neg&!what&and&extended: neutral
neg&what&!was: conflict
neg&what&was&!to: negative
neg&what&was&to: neutral
DecisionTree learned:
!neg&!not&!pos&!speed: positive
!neg&!not&!pos&speed: positive
!neg&!not&pos&!but: positive
!neg&!not&pos&but: positive
!neg&not&!another&!iphoto: negative
!neg&not&!another&iphoto: positive
!neg&not&another&!thing: neutral
!neg&not&another&thing: positive
neg&!clear&!price&!cd: negative
neg&!clear&!price&cd: neutral
neg&!clear&price&!quality: positive
neg&!clear&price&quality: negative
neg&clear&!and: conflict
neg&clear&and: positive
DecisionTree learned:
!and&!but&!or&!pos: negative
!and&!but&!or&pos: positive
!and&!but&or&!configuration: neutral
!and&!but&or&configuration: positive
!and&but&!screen&!to: negative
!and&but&!screen&to: neutral
!and&but&screen&!pos: negative
!and&but&screen&pos: conflict
and&!neg&!not&!is: positive
and&!neg&!not&is: positive
and&!neg&not&!as: negative
and&!neg&not&as: neutral
and&neg&!extended&!it: positive
and&neg&!extended&it: negative
and&neg&extended: neutral
DecisionTree learned:
!and&!but&!pos&!is: negative
!and&!but&!pos&is: negative
!and&!but&pos&!drive: positive
!and&!but&pos&drive: negative
!and&but&!screen&!n: positive
!and&but&!screen&n: negative
!and&but&screen&!on: conflict
!and&but&screen&on: negative
and&!the&!word&!neg: positive
and&!the&!word&neg: negative
and&!the&word&!i: neutral
and&!the&word&i: positive
and&the&!when&!replaced: positive
and&the&!when&replaced: negative
and&the&when&!pos: negative
and&the&when&pos: neutral
DecisionTree learned:
!but&!neg&!pos&!speed: negative
!but&!neg&!pos&speed: positive
!but&!neg&pos&!not: positive
!but&!neg&pos&not: negative
!but&neg&!is&!stack: negative
!but&neg&!is&stack: conflict
!but&neg&is&!what: negative
!but&neg&is&what: conflict
but&!laptop&!and&!outside: negative
but&!laptop&!and&outside: neutral
but&!laptop&and&!new: positive
but&!laptop&and&new: neutral
but&laptop: neutral
DecisionTree learned:
!but&!and&!pos&!browsing: negative
!but&!and&!pos&browsing: positive
!but&!and&pos&!drive: positive
!but&!and&pos&drive: negative
!but&and&!fast&!email: positive
!but&and&!fast&email: neutral
!but&and&fast: positive
but&!life&!laptop&!getting: negative
but&!life&!laptop&getting: neutral
but&!life&laptop: neutral
but&life&!to: conflict
but&life&to&!for: negative
but&life&to&for: conflict
DecisionTree learned:
!but&!neg&!is&!fast: positive
!but&!neg&!is&fast: positive
!but&!neg&is&!pos: positive
!but&!neg&is&pos: positive
!but&neg&!what&!price: negative
!but&neg&!what&price: positive
!but&neg&what&!was: conflict
!but&neg&what&was: neutral
but&!repair&!be&!it: positive
but&!repair&!be&it: conflict
but&!repair&be&!would: negative
but&!repair&be&would: positive
but&repair: negative
DecisionTree learned:
!but&!is&!fast&!graphics: negative
!but&!is&!fast&graphics: positive
!but&!is&fast: positive
!but&is&!pos&!any: negative
!but&is&!pos&any: neutral
!but&is&pos&!media: positive
!but&is&pos&media: conflict
but&!laptop&!repair&!and: conflict
but&!laptop&!repair&and: positive
but&!laptop&repair: negative
but&laptop: neutral
DecisionTree learned:
!but&!neg&!very&!not: positive
!but&!neg&!very&not: negative
!but&!neg&very&!learn: positive
!but&!neg&very&learn: neutral
!but&neg&!about&!clear: negative
!but&neg&!about&clear: positive
!but&neg&about&!or: conflict
!but&neg&about&or: neutral
but&!and&!i&!you: conflict
but&!and&!i&you: negative
but&!and&i&!on: positive
but&!and&i&on: neutral
but&and&!new&!as: positive
but&and&!new&as: neutral
but&and&new: neutral
DecisionTree learned:
!but&!fast&!is&!price: negative
!but&!fast&!is&price: positive
!but&!fast&is&!pos: negative
!but&!fast&is&pos: positive
!but&fast&!program: positive
!but&fast&program: neutral
but&!repair&!and&!pos: negative
but&!repair&!and&pos: conflict
but&!repair&and&!new: positive
but&!repair&and&new: neutral
but&repair: negative
DecisionTree learned:
!but&!neg&!very&!pos: negative
!but&!neg&!very&pos: positive
!but&!neg&very&!got: positive
!but&!neg&very&got: negative
!but&neg&!what&!pro: negative
!but&neg&!what&pro: positive
!but&neg&what&!was: conflict
!but&neg&what&was: neutral
but&!alright&!called&!laptop: negative
but&!alright&!called&laptop: neutral
but&!alright&called: neutral
but&alright: neutral
DecisionTree learned:
!but&!and&!or&!price: negative
!but&!and&!or&price: positive
!but&!and&or&!as: neutral
!but&!and&or&as: negative
!but&and&!media&!extended: positive
!but&and&!media&extended: neutral
!but&and&media&!gaming: conflict
!but&and&media&gaming: positive
but&!power&!be&!it: positive
but&!power&!be&it: conflict
but&!power&be&!would: negative
but&!power&be&would: positive
but&power: neutral
DecisionTree learned:
!and&!but&!drive&!speed: negative
!and&!but&!drive&speed: positive
!and&!but&drive&!which: negative
!and&!but&drive&which: neutral
!and&but&!i&!to: conflict
!and&but&!i&to: neutral
!and&but&i&!on: positive
!and&but&i&on: neutral
and&!graphics&!extended&!word: positive
and&!graphics&!extended&word: neutral
and&!graphics&extended&!when: neutral
and&!graphics&extended&when: conflict
and&graphics&!is: positive
and&graphics&is: negative
DecisionTree learned:
!but&!and&!or&!price: negative
!but&!and&!or&price: positive
!but&!and&or&!as: neutral
!but&!and&or&as: negative
!but&and&!email&!is: positive
!but&and&!email&is: positive
!but&and&email&!office: neutral
!but&and&email&office: positive
but&!new&!laptop&!and: negative
but&!new&!laptop&and: positive
but&!new&laptop: neutral
but&new&!and&!is: positive
but&new&!and&is: negative
but&new&and: neutral
DecisionTree learned:
!but&!and&!price&!some: negative
!but&!and&!price&some: negative
!but&!and&price&!pc: positive
!but&!and&price&pc: conflict
!but&and&!graphics&!is: positive
!but&and&!graphics&is: positive
!but&and&graphics&!were: positive
!but&and&graphics&were: negative
but&!laptop&!use&!gaming: negative
but&!laptop&!use&gaming: positive
but&!laptop&use&!is: positive
but&!laptop&use&is: negative
but&laptop: neutral
DecisionTree learned:
!but&!pos&!little&!speed: negative
!but&!pos&!little&speed: positive
!but&!pos&little&!is: negative
!but&!pos&little&is: conflict
!but&pos&!arisen&!for: positive
!but&pos&!arisen&for: positive
!but&pos&arisen: conflict
but&!little&!repair&!only: positive
but&!little&!repair&only: neutral
but&!little&repair: negative
but&little: negative
DecisionTree learned:
!but&!fast&!speed&!pos: negative
!but&!fast&!speed&pos: positive
!but&!fast&speed&!use: positive
!but&!fast&speed&use: negative
!but&fast&!program: positive
!but&fast&program: neutral
but&!it&!standard&!battery: positive
but&!it&!standard&battery: conflict
but&!it&standard: conflict
but&it&!better&!meets: conflict
but&it&!better&meets: positive
but&it&better: neutral
DecisionTree learned:
!but&!the&!pos&!google: neutral
!but&!the&!pos&google: conflict
!but&!the&pos&!way: positive
!but&!the&pos&way: conflict
!but&the&!requires&!mind: negative
!but&the&!requires&mind: conflict
!but&the&requires: conflict
but&!and&!screen&!n: conflict
but&!and&!screen&n: negative
but&!and&screen&!on: conflict
but&!and&screen&on: negative
but&and&!new&!as: positive
but&and&!new&as: neutral
but&and&new: neutral
DecisionTree learned:
!but&!and&!drive&!pos: negative
!but&!and&!drive&pos: positive
!but&!and&drive&!which: negative
!but&!and&drive&which: neutral
!but&and&!extended&!is: positive
!but&and&!extended&is: positive
!but&and&extended&!when: neutral
!but&and&extended&when: conflict
but&!it&!and&!do: positive
but&!it&!and&do: negative
but&!it&and&!new: positive
but&!it&and&new: neutral
but&it&!better&!would: negative
but&it&!better&would: positive
but&it&better: neutral
DecisionTree learned:
!but&!neg&!not&!very: positive
!but&!neg&!not&very: positive
!but&!neg&not&!keynote: negative
!but&!neg&not&keynote: neutral
!but&neg&!to&!what: negative
!but&neg&!to&what: conflict
!but&neg&to&!or: negative
!but&neg&to&or: neutral
but&!be&!it&!an: negative
but&!be&!it&an: conflict
but&!be&it&!n: conflict
but&!be&it&n: negative
but&be&!that&!would: negative
but&be&!that&would: positive
but&be&that: neutral
DecisionTree learned:
!but&!is&!and&!some: negative
!but&!is&!and&some: negative
!but&!is&and&!extended: positive
!but&!is&and&extended: neutral
!but&is&!neg&!started: positive
!but&is&!neg&started: conflict
!but&is&neg&!never: negative
!but&is&neg&never: neutral
but&!be&!it&!and: positive
but&!be&!it&and: positive
but&!be&it&!a: positive
but&!be&it&a: conflict
but&be&!that&!would: negative
but&be&!that&would: positive
but&be&that: neutral
DecisionTree learned:
!but&!and&!drive&!laptops: negative
!but&!and&!drive&laptops: conflict
!but&!and&drive&!which: negative
!but&!and&drive&which: neutral
!but&and&!the&!drive: positive
!but&and&!the&drive: positive
!but&and&the&!when: negative
!but&and&the&when: neutral
but&!laptop&!a&!and: negative
but&!laptop&!a&and: negative
but&!laptop&a&!battery: conflict
but&!laptop&a&battery: conflict
but&laptop: neutral
DecisionTree learned:
!but&!and&!worth&!drive: negative
!but&!and&!worth&drive: negative
!but&!and&worth&!for: conflict
!but&!and&worth&for: neutral
!but&and&!media&!back: positive
!but&and&!media&back: negative
!but&and&media&!gaming: conflict
!but&and&media&gaming: positive
but&!and&!alright&!to: negative
but&!and&!alright&to: neutral
but&!and&alright: neutral
but&and&!new&!as: negative
but&and&!new&as: neutral
but&and&new: neutral
DecisionTree learned:
!but&!fast&!is&!macbook: negative
!but&!fast&!is&macbook: positive
!but&!fast&is&!pos: negative
!but&!fast&is&pos: positive
!but&fast&!program: positive
!but&fast&program: neutral
but&!a&!did&!and: negative
but&!a&!did&and: negative
but&!a&did: neutral
but&a&!look&!mouse: conflict
but&a&!look&mouse: positive
but&a&look: positive
DecisionTree learned:
!but&!and&!price&!drive: negative
!but&!and&!price&drive: neutral
!but&!and&price&!pc: positive
!but&!and&price&pc: conflict
!but&and&!back&!is: positive
!but&and&!back&is: positive
!but&and&back&!they: negative
!but&and&back&they: neutral
but&!power&!outside&!a: negative
but&!power&!outside&a: conflict
but&!power&outside: neutral
but&power: neutral
DecisionTree learned:
!but&!back&!and&!arisen: negative
!but&!back&!and&arisen: conflict
!but&!back&and&!media: positive
!but&!back&and&media: conflict
!but&back&!they: negative
!but&back&they&!is: neutral
!but&back&they&is: negative
but&!os&!laptop&!use: negative
but&!os&!laptop&use: positive
but&!os&laptop: neutral
but&os&!pos: neutral
but&os&pos: positive
DecisionTree learned:
!but&!fast&!is&!after: negative
!but&!fast&!is&after: negative
!but&!fast&is&!neg: positive
!but&!fast&is&neg: negative
!but&fast&!program: positive
!but&fast&program: neutral
but&!cost&!life&!of: negative
but&!cost&!life&of: positive
but&!cost&life&!to: conflict
but&!cost&life&to: conflict
but&cost&!is: conflict
but&cost&is: positive
DecisionTree learned:
!but&!is&!some&!after: positive
!but&!is&!some&after: negative
!but&!is&some&!especially: negative
!but&!is&some&especially: conflict
!but&is&!little&!any: positive
!but&is&!little&any: neutral
!but&is&little&!the: conflict
!but&is&little&the: negative
but&!life&!outside&!power: positive
but&!life&!outside&power: neutral
but&!life&outside: neutral
but&life&!to: conflict
but&life&to&!for: negative
but&life&to&for: conflict
DecisionTree learned:
!and&!but&!mind&!portability: negative
!and&!but&!mind&portability: conflict
!and&!but&mind: conflict
!and&but&!pos&!i: negative
!and&but&!pos&i: neutral
!and&but&pos&!with: positive
!and&but&pos&with: neutral
and&!extended&!graphics&!is: positive
and&!extended&!graphics&is: positive
and&!extended&graphics&!were: positive
and&!extended&graphics&were: negative
and&extended&!when&!mouse: neutral
and&extended&!when&mouse: negative
and&extended&when: conflict
DecisionTree learned:
!but&!and&!or&!laptops: negative
!but&!and&!or&laptops: conflict
!but&!and&or&!phone: neutral
!but&!and&or&phone: positive
!but&and&!email&!media: positive
!but&and&!email&media: conflict
!but&and&email&!office: neutral
!but&and&email&office: positive
but&!little&!you&!did: positive
but&!little&!you&did: neutral
but&!little&you&!to: positive
but&!little&you&to: neutral
but&little: negative
DecisionTree learned:
!but&!movie&!and&!laptops: negative
!but&!movie&!and&laptops: conflict
!but&!movie&and&!extended: positive
!but&!movie&and&extended: neutral
!but&movie&!just: neutral
!but&movie&just: conflict
but&!little&!it&!and: negative
but&!little&!it&and: negative
but&!little&it&!better: conflict
but&!little&it&better: neutral
but&little: negative
DecisionTree learned:
!but&!pos&!eee&!will: negative
!but&!pos&!eee&will: conflict
!but&!pos&eee: conflict
!but&pos&!to&!reboot: positive
!but&pos&!to&reboot: conflict
!but&pos&to&!so: negative
!but&pos&to&so: neutral
but&!it&!and&!instead: negative
but&!it&!and&instead: positive
but&!it&and&!as: negative
but&!it&and&as: neutral
but&it&!better&!a: positive
but&it&!better&a: conflict
but&it&better: neutral
DecisionTree learned:
!but&!neg&!movie&!not: positive
!but&!neg&!movie&not: negative
!but&!neg&movie&!just: neutral
!but&!neg&movie&just: conflict
!but&neg&!despite&!what: negative
!but&neg&!despite&what: conflict
!but&neg&despite&!use: conflict
!but&neg&despite&use: negative
but&!laptop&!use&!and: conflict
but&!laptop&!use&and: positive
but&!laptop&use&!is: positive
but&!laptop&use&is: negative
but&laptop: neutral
DecisionTree learned:
!but&!or&!some&!back: positive
!but&!or&!some&back: negative
!but&!or&some&!other: negative
!but&!or&some&other: conflict
!but&or&!got&!up: neutral
!but&or&!got&up: negative
!but&or&got: negative
but&!computer&!it&!standard: positive
but&!computer&!it&standard: conflict
but&!computer&it&!better: conflict
but&!computer&it&better: neutral
but&computer&!that: negative
but&computer&that: conflict
DecisionTree learned:
!but&!and&!some&!to: positive
!but&!and&!some&to: negative
!but&!and&some&!the: negative
!but&!and&some&the: conflict
!but&and&!extended&!media: positive
!but&and&!extended&media: conflict
!but&and&extended&!when: neutral
!but&and&extended&when: conflict
but&!called&!did&!so: negative
but&!called&!did&so: neutral
but&!called&did&!a: neutral
but&!called&did&a: conflict
but&called: neutral
DecisionTree learned:
!but&!quality&!long&!is: neutral
!but&!quality&!long&is: positive
!but&!quality&long&!so: positive
!but&!quality&long&so: conflict
!but&quality&!on&!sound: positive
!but&quality&!on&sound: negative
!but&quality&on: conflict
but&!was&!to&!only: positive
but&!was&!to&only: neutral
but&!was&to&!pos: neutral
but&!was&to&pos: positive
but&was&!very&!that: negative
but&was&!very&that: conflict
but&was&very: positive
DecisionTree learned:
!but&!would&!for&!macbook: negative
!but&!would&!for&macbook: positive
!but&!would&for&!to: positive
!but&!would&for&to: neutral
!but&would&!i&!use: negative
!but&would&!i&use: neutral
!but&would&i&!it: neutral
!but&would&i&it: negative
but&!to&!outside&!laptop: positive
but&!to&!outside&laptop: neutral
but&!to&outside: neutral
but&to&!pos&!my: neutral
but&to&!pos&my: negative
but&to&pos&!that: negative
but&to&pos&that: conflict
DecisionTree learned:
!but&!pos&!eee&!because: neutral
!but&!pos&!eee&because: negative
!but&!pos&eee: conflict
!but&pos&!generally&!while: positive
!but&pos&!generally&while: conflict
!but&pos&generally: conflict
but&!alright&!a&!and: negative
but&!alright&!a&and: positive
but&!alright&a&!mouse: conflict
but&!alright&a&mouse: positive
but&alright: neutral
DecisionTree learned:
!and&!but&!laptops&!portability: negative
!and&!but&!laptops&portability: conflict
!and&!but&laptops&!it: negative
!and&!but&laptops&it: conflict
!and&but&!screen&!n: positive
!and&but&!screen&n: negative
!and&but&screen&!very: conflict
!and&but&screen&very: negative
and&!sol&!media&!email: positive
and&!sol&!media&email: neutral
and&!sol&media&!gaming: conflict
and&!sol&media&gaming: positive
and&sol: conflict
DecisionTree learned:
!but&!requires&!very&!for: negative
!but&!requires&!very&for: neutral
!but&!requires&very&!about: positive
!but&!requires&very&about: conflict
!but&requires: conflict
but&!and&!laptop&!to: conflict
but&!and&!laptop&to: neutral
but&!and&laptop: neutral
but&and&!new&!as: positive
but&and&!new&as: neutral
but&and&new: neutral
DecisionTree learned:
!and&!but&!worth&!some: negative
!and&!but&!worth&some: negative
!and&!but&worth&!for: conflict
!and&!but&worth&for: positive
!and&but&!mouse&!os: negative
!and&but&!mouse&os: neutral
!and&but&mouse: positive
and&!sol&!media&!the: positive
and&!sol&!media&the: negative
and&!sol&media&!is: positive
and&!sol&media&is: conflict
and&sol: conflict
DecisionTree learned:
!and&!but&!some&!to: negative
!and&!but&!some&to: negative
!and&!but&some&!features: conflict
!and&!but&some&features: positive
!and&but&!screen&!it: positive
!and&but&!screen&it: conflict
!and&but&screen&!very: conflict
!and&but&screen&very: negative
and&!word&!media&!installed: positive
and&!word&!media&installed: neutral
and&!word&media&!is: positive
and&!word&media&is: conflict
and&word&!its&!i: neutral
and&word&!its&i: positive
and&word&its: conflict
DecisionTree learned:
!but&!and&!get&!laptops: negative
!but&!and&!get&laptops: conflict
!but&!and&get&!to: conflict
!but&!and&get&to: neutral
!but&and&!sol&!media: positive
!but&and&!sol&media: conflict
!but&and&sol: conflict
but&!standard&!features&!laptop: negative
but&!standard&!features&laptop: neutral
but&!standard&features&!pos: positive
but&!standard&features&pos: neutral
but&standard: conflict
DecisionTree learned:
!but&!and&!generally&!despite: negative
!but&!and&!generally&despite: conflict
!but&!and&generally: conflict
!but&and&!media&!extended: positive
!but&and&!media&extended: neutral
!but&and&media&!gaming: conflict
!but&and&media&gaming: positive
but&!repair&!laptop&!use: negative
but&!repair&!laptop&use: negative
but&!repair&laptop: neutral
but&repair: negative
DecisionTree learned:
!but&!macbook&!eee&!loud: negative
!but&!macbook&!eee&loud: conflict
!but&!macbook&eee: conflict
!but&macbook&!of&!rarely: positive
!but&macbook&!of&rarely: conflict
!but&macbook&of&!will: negative
!but&macbook&of&will: conflict
but&!did&!to&!an: negative
but&!did&!to&an: conflict
but&!did&to&!pos: neutral
but&!did&to&pos: positive
but&did&!a: neutral
but&did&a&!pos: negative
but&did&a&pos: conflict
DecisionTree learned:
!and&!but&!generally&!get: negative
!and&!but&!generally&get: conflict
!and&!but&generally: conflict
!and&but&!i&!to: negative
!and&but&!i&to: neutral
!and&but&i&!on: positive
!and&but&i&on: neutral
and&!media&!extended&!word: positive
and&!media&!extended&word: neutral
and&!media&extended&!when: neutral
and&!media&extended&when: conflict
and&media&!gaming: conflict
and&media&gaming: positive
DecisionTree learned:
!but&!and&!some&!to: positive
!but&!and&!some&to: negative
!but&!and&some&!is: negative
!but&!and&some&is: neutral
!but&and&!email&!graphics: positive
!but&and&!email&graphics: positive
!but&and&email&!office: neutral
!but&and&email&office: positive
but&!called&!who&!features: negative
but&!called&!who&features: positive
but&!called&who: neutral
but&called: neutral
DecisionTree learned:
!but&!and&!it&!get: negative
!but&!and&!it&get: conflict
!but&!and&it&!laptops: negative
!but&!and&it&laptops: conflict
!but&and&!firefox&!email: positive
!but&and&!firefox&email: neutral
!but&and&firefox: neutral
but&!laptop&!gaming&!use: negative
but&!laptop&!gaming&use: negative
but&!laptop&gaming: positive
but&laptop: neutral
DecisionTree learned:
!but&!and&!worth&!despite: negative
!but&!and&!worth&despite: conflict
!but&!and&worth&!for: conflict
!but&!and&worth&for: neutral
!but&and&!sol&!fast: positive
!but&and&!sol&fast: positive
!but&and&sol: conflict
but&!and&!os&!screen: negative
but&!and&!os&screen: conflict
but&!and&os&!pos: neutral
but&!and&os&pos: positive
but&and&!its&!as: negative
but&and&!its&as: neutral
but&and&its&!is: positive
but&and&its&is: neutral
DecisionTree learned:
!but&!and&!needs&!some: negative
!but&!and&!needs&some: negative
!but&!and&needs&!so: negative
!but&!and&needs&so: conflict
!but&and&!sol&!is: positive
!but&and&!sol&is: positive
!but&and&sol: conflict
but&!computer&!it&!an: positive
but&!computer&!it&an: conflict
but&!computer&it&!better: positive
but&!computer&it&better: neutral
but&computer&!that: negative
but&computer&that: conflict
DecisionTree learned:
!but&!despite&!back&!is: neutral
!but&!despite&!back&is: positive
!but&!despite&back&!they: negative
!but&!despite&back&they: neutral
!but&despite&!so: conflict
!but&despite&so: negative
but&!so&!laptop&!did: negative
but&!so&!laptop&did: neutral
but&!so&laptop: neutral
but&so: neutral
DecisionTree learned:
!but&!macbook&!neg&!loud: positive
!but&!macbook&!neg&loud: conflict
!but&!macbook&neg&!what: negative
!but&!macbook&neg&what: conflict
!but&macbook&!pro&!for: conflict
!but&macbook&!pro&for: neutral
!but&macbook&pro&!of: positive
!but&macbook&pro&of: negative
but&!be&!it&!and: conflict
but&!be&!it&and: negative
but&!be&it&!when: conflict
but&!be&it&when: positive
but&be&!that&!would: negative
but&be&!that&would: negative
but&be&that: neutral
DecisionTree learned:
!but&!some&!firefox&!for: negative
!but&!some&!firefox&for: neutral
!but&!some&firefox: neutral
!but&some&!especially&!other: negative
!but&some&!especially&other: conflict
!but&some&especially: conflict
but&!features&!little&!repair: positive
but&!features&!little&repair: negative
but&!features&little: negative
but&features&!pos: positive
but&features&pos: neutral
DecisionTree learned:
!and&!but&!little&!yes: negative
!and&!but&!little&yes: conflict
!and&!but&little&!is: negative
!and&!but&little&is: conflict
!and&but&!outside&!to: conflict
!and&but&!outside&to: neutral
!and&but&outside: neutral
and&!graphics&!sol&!is: positive
and&!graphics&!sol&is: positive
and&!graphics&sol: conflict
and&graphics&!were: positive
and&graphics&were: negative
DecisionTree learned:
!but&!macbook&!generally&!loud: negative
!but&!macbook&!generally&loud: conflict
!but&!macbook&generally: conflict
!but&macbook&!of&!rarely: positive
!but&macbook&!of&rarely: conflict
!but&macbook&of&!will: negative
!but&macbook&of&will: conflict
but&!life&!to&!did: positive
but&!life&!to&did: neutral
but&!life&to&!pos: neutral
but&!life&to&pos: positive
but&life&!to: conflict
but&life&to&!for: negative
but&life&to&for: conflict
DecisionTree learned:
!but&!and&!laptops&!some: negative
!but&!and&!laptops&some: conflict
!but&!and&laptops&!it: negative
!but&!and&laptops&it: conflict
!but&and&!i&!word: positive
!but&and&!i&word: neutral
!but&and&i&!back: neutral
!but&and&i&back: negative
but&!it&!and&!an: negative
but&!it&!and&an: neutral
but&!it&and&!new: positive
but&!it&and&new: neutral
but&it&!better&!its: negative
but&it&!better&its: conflict
but&it&better: neutral
DecisionTree learned:
!but&!and&!get&!generally: negative
!but&!and&!get&generally: conflict
!but&!and&get&!to: conflict
!but&!and&get&to: neutral
!but&and&!media&!laptop: positive
!but&and&!media&laptop: negative
!but&and&media&!gaming: conflict
!but&and&media&gaming: positive
but&!power&!a&!and: negative
but&!power&!a&and: negative
but&!power&a&!mouse: conflict
but&!power&a&mouse: positive
but&power: neutral
DecisionTree learned:
!and&!but&!drive&!get: negative
!and&!but&!drive&get: conflict
!and&!but&drive&!for: neutral
!and&!but&drive&for: negative
!and&but&!screen&!n: positive
!and&but&!screen&n: negative
!and&but&screen&!on: conflict
!and&but&screen&on: negative
and&!sol&!look&!media: positive
and&!sol&!look&media: conflict
and&!sol&look&!neg: positive
and&!sol&look&neg: negative
and&sol: conflict
DecisionTree learned:
!and&!but&!drive&!get: negative
!and&!but&!drive&get: conflict
!and&!but&drive&!s: neutral
!and&!but&drive&s: negative
!and&but&!screen&!n: positive
!and&but&!screen&n: negative
!and&but&screen&!pos: negative
!and&but&screen&pos: conflict
and&!extended&!email&!word: positive
and&!extended&!email&word: neutral
and&!extended&email&!screen: neutral
and&!extended&email&screen: positive
and&extended&!when&!mouse: neutral
and&extended&!when&mouse: negative
and&extended&when: conflict
DecisionTree learned:
!and&!but&!generally&!portability: negative
!and&!but&!generally&portability: conflict
!and&!but&generally: conflict
!and&but&!i&!looking: negative
!and&but&!i&looking: positive
!and&but&i&!on: positive
!and&but&i&on: neutral
and&!sol&!media&!buttons: positive
and&!sol&!media&buttons: negative
and&!sol&media&!gaming: conflict
and&!sol&media&gaming: positive
and&sol: conflict
DecisionTree learned:
!but&!generally&!quality&!neg: positive
!but&!generally&!quality&neg: negative
!but&!generally&quality&!on: positive
!but&!generally&quality&on: conflict
!but&generally: conflict
but&!it&!and&!in: negative
but&!it&!and&in: neutral
but&!it&and&!as: positive
but&!it&and&as: neutral
but&it&!better&!bit: conflict
but&it&!better&bit: positive
but&it&better: neutral
DecisionTree learned:
!but&!and&!worth&!little: negative
!but&!and&!worth&little: conflict
!but&!and&worth&!for: conflict
!but&!and&worth&for: neutral
!but&and&!cd&!media: positive
!but&and&!cd&media: conflict
!but&and&cd&!is: positive
!but&and&cd&is: conflict
but&!it&!and&!did: negative
but&!it&!and&did: neutral
but&!it&and&!new: negative
but&!it&and&new: neutral
but&it&!that&!meets: conflict
but&it&!that&meets: positive
but&it&that&!the: negative
but&it&that&the: positive
DecisionTree learned:
!but&!and&!to&!get: positive
!but&!and&!to&get: conflict
!but&!and&to&!especially: neutral
!but&!and&to&especially: conflict
!but&and&!about&!media: positive
!but&and&!about&media: conflict
!but&and&about&!not: negative
!but&and&about&not: conflict
but&!outside&!learning&!power: positive
but&!outside&!learning&power: neutral
but&!outside&learning&!mac: neutral
but&!outside&learning&mac: positive
but&outside: neutral
DecisionTree learned:
!and&!but&!laptops&!little: negative
!and&!but&!laptops&little: conflict
!and&!but&laptops&!it: neutral
!and&!but&laptops&it: conflict
!and&but&!mouse&!be: conflict
!and&but&!mouse&be: negative
!and&but&mouse: positive
and&!word&!sol&!about: positive
and&!word&!sol&about: negative
and&!word&sol: conflict
and&word&!its&!i: neutral
and&word&!its&i: positive
and&word&its: conflict
DecisionTree learned:
!and&!but&!little&!worth: negative
!and&!but&!little&worth: conflict
!and&!but&little&!is: negative
!and&!but&little&is: conflict
!and&but&!screen&!cost: negative
!and&but&!screen&cost: conflict
!and&but&screen&!very: conflict
!and&but&screen&very: negative
and&!word&!media&!extended: positive
and&!word&!media&extended: neutral
and&!word&media&!is: positive
and&!word&media&is: conflict
and&word&!i&!its: neutral
and&word&!i&its: conflict
and&word&i: positive
DecisionTree learned:
!and&!but&!some&!to: positive
!and&!but&!some&to: negative
!and&!but&some&!features: conflict
!and&!but&some&features: positive
!and&but&!to&!an: negative
!and&but&!to&an: conflict
!and&but&to&!battery: neutral
!and&but&to&battery: conflict
and&!email&!media&!sol: positive
and&!email&!media&sol: conflict
and&!email&media&!is: positive
and&!email&media&is: conflict
and&email&!office&!screen: neutral
and&email&!office&screen: positive
and&email&office: positive
DecisionTree learned:
!but&!eee&!and&!some: negative
!but&!eee&!and&some: negative
!but&!eee&and&!media: positive
!but&!eee&and&media: conflict
!but&eee: conflict
but&!a&!they&!and: positive
but&!a&!they&and: positive
but&!a&they&!than: negative
but&!a&they&than: conflict
but&a&!battery&!it: neutral
but&a&!battery&it: conflict
but&a&battery&!pos: conflict
but&a&battery&pos: conflict
DecisionTree learned:
!but&!and&!little&!price: negative
!but&!and&!little&price: positive
!but&!and&little&!is: negative
!but&!and&little&is: conflict
!but&and&!cd&!sol: positive
!but&and&!cd&sol: conflict
!but&and&cd&!is: positive
!but&and&cd&is: conflict
but&!it&!standard&!an: positive
but&!it&!standard&an: neutral
but&!it&standard: conflict
but&it&!that&!is: conflict
but&it&!that&is: positive
but&it&that&!the: negative
but&it&that&the: positive
DecisionTree learned:
!and&!but&!some&!to: positive
!and&!but&!some&to: neutral
!and&!but&some&!features: conflict
!and&!but&some&features: positive
!and&but&!screen&!n: positive
!and&but&!screen&n: negative
!and&but&screen&!the: conflict
!and&but&screen&the: negative
and&!buttons&!the&!about: positive
and&!buttons&!the&about: negative
and&!buttons&the&!when: negative
and&!buttons&the&when: neutral
and&buttons: negative
DecisionTree learned:
!but&!loud&!quality&!despite: positive
!but&!loud&!quality&despite: conflict
!but&!loud&quality&!on: positive
!but&!loud&quality&on: conflict
!but&loud&!that: negative
!but&loud&that: conflict
but&!it&!and&!pos: neutral
but&!it&!and&pos: conflict
but&!it&and&!new: negative
but&!it&and&new: neutral
but&it&!a&!the: negative
but&it&!a&the: positive
but&it&a&!be: conflict
but&it&a&be: positive
DecisionTree learned:
!and&!yes&!but&!portability: negative
!and&!yes&!but&portability: conflict
!and&!yes&but&!an: negative
!and&!yes&but&an: neutral
!and&yes: conflict
and&!graphics&!word&!sd: positive
and&!graphics&!word&sd: neutral
and&!graphics&word&!its: neutral
and&!graphics&word&its: conflict
and&graphics&!is: positive
and&graphics&is: negative
DecisionTree learned:
!and&!but&!mind&!drive: negative
!and&!but&!mind&drive: negative
!and&!but&mind: conflict
!and&but&!i&!who: negative
!and&but&!i&who: neutral
!and&but&i&!on: positive
!and&but&i&on: neutral
and&!media&!word&!i: positive
and&!media&!word&i: neutral
and&!media&word&!i: neutral
and&!media&word&i: positive
and&media&!gaming: conflict
and&media&gaming: positive
DecisionTree learned:
!but&!and&!get&!worth: negative
!but&!and&!get&worth: conflict
!but&!and&get&!to: conflict
!but&!and&get&to: neutral
!but&and&!media&!laptop: positive
!but&and&!media&laptop: positive
!but&and&media: conflict
but&!and&!who&!to: conflict
but&!and&!who&to: neutral
but&!and&who: neutral
but&and&!new&!laptop: positive
but&and&!new&laptop: neutral
but&and&new: neutral
DecisionTree learned:
!and&!but&!yes&!portability: negative
!and&!but&!yes&portability: conflict
!and&!but&yes: conflict
!and&but&!outside&!to: negative
!and&but&!outside&to: neutral
!and&but&outside: neutral
and&!email&!media&!sol: positive
and&!email&!media&sol: conflict
and&!email&media&!gaming: conflict
and&!email&media&gaming: positive
and&email&!office&!screen: neutral
and&email&!office&screen: positive
and&email&office: positive
DecisionTree learned:
!and&!but&!mind&!drive: negative
!and&!but&!mind&drive: neutral
!and&!but&mind: conflict
!and&but&!chat&!i: negative
!and&but&!chat&i: positive
!and&but&chat: neutral
and&!sol&!media&!about: positive
and&!sol&!media&about: negative
and&!sol&media&!is: positive
and&!sol&media&is: conflict
and&sol: conflict
DecisionTree learned:
!and&!but&!some&!to: positive
!and&!but&!some&to: negative
!and&!but&some&!features: conflict
!and&!but&some&features: positive
!and&but&!called&!outside: negative
!and&but&!called&outside: neutral
!and&but&called: neutral
and&!graphics&!media&!extended: positive
and&!graphics&!media&extended: neutral
and&!graphics&media&!gaming: conflict
and&!graphics&media&gaming: positive
and&graphics&!is: positive
and&graphics&is: negative
DecisionTree learned:
!and&!but&!some&!to: positive
!and&!but&!some&to: negative
!and&!but&some&!features: conflict
!and&!but&some&features: positive
!and&but&!to&!i: conflict
!and&but&!to&i: positive
!and&but&to&!battery: neutral
!and&but&to&battery: conflict
and&!stuff&!sol&!dual: positive
and&!stuff&!sol&dual: neutral
and&!stuff&sol: conflict
and&stuff: conflict
DecisionTree learned:
!and&!but&!better&!get: negative
!and&!but&!better&get: conflict
!and&!but&better&!will: negative
!and&!but&better&will: conflict
!and&but&!outside&!to: negative
!and&but&!outside&to: neutral
!and&but&outside: neutral
and&!firefox&!extended&!mic: positive
and&!firefox&!extended&mic: negative
and&!firefox&extended&!when: neutral
and&!firefox&extended&when: conflict
and&firefox: neutral
DecisionTree learned:
!and&!but&!yes&!laptops: negative
!and&!but&!yes&laptops: conflict
!and&!but&yes: conflict
!and&but&!computer&!screen: negative
!and&but&!computer&screen: conflict
!and&but&computer&!that: negative
!and&but&computer&that: conflict
and&!word&!media&!extended: positive
and&!word&!media&extended: neutral
and&!word&media&!gaming: conflict
and&!word&media&gaming: positive
and&word&!its&!i: neutral
and&word&!its&i: positive
and&word&its: conflict
DecisionTree learned:
!and&!but&!arisen&!generally: negative
!and&!but&!arisen&generally: conflict
!and&!but&arisen: conflict
!and&but&!called&!connection: negative
!and&but&!called&connection: neutral
!and&but&called: neutral
and&!word&!were&!bluetooth: positive
and&!word&!were&bluetooth: negative
and&!word&were&!of: negative
and&!word&were&of: positive
and&word&!its&!i: neutral
and&word&!its&i: positive
and&word&its: conflict
DecisionTree learned:
!and&!but&!little&!portability: negative
!and&!but&!little&portability: conflict
!and&!but&little&!is: negative
!and&!but&little&is: conflict
!and&but&!screen&!no: negative
!and&but&!screen&no: conflict
!and&but&screen&!very: conflict
!and&but&screen&very: negative
and&!times&!email&!what: positive
and&!times&!email&what: neutral
and&!times&email&!screen: neutral
and&!times&email&screen: positive
and&times: negative
DecisionTree learned:
!and&!but&!drive&!will: negative
!and&!but&!drive&will: conflict
!and&!but&drive&!for: neutral
!and&!but&drive&for: negative
!and&but&!manual&!os: conflict
!and&but&!manual&os: neutral
!and&but&manual: neutral
and&!word&!sol&!fast: positive
and&!word&!sol&fast: positive
and&!word&sol: conflict
and&word&!its&!i: neutral
and&word&!its&i: positive
and&word&its: conflict
DecisionTree learned:
!and&!yes&!but&!requires: negative
!and&!yes&!but&requires: conflict
!and&!yes&but&!life: negative
!and&!yes&but&life: conflict
!and&yes: conflict
and&!sol&!media&!word: positive
and&!sol&!media&word: neutral
and&!sol&media&!gaming: conflict
and&!sol&media&gaming: positive
and&sol: conflict
DecisionTree learned:
!and&!but&!mind&!generally: negative
!and&!but&!mind&generally: conflict
!and&!but&mind: conflict
!and&but&!who&!i: negative
!and&but&!who&i: positive
!and&but&who: neutral
and&!media&!firefox&!word: positive
and&!media&!firefox&word: neutral
and&!media&firefox: neutral
and&media&!is: positive
and&media&is: conflict
DecisionTree learned:
!and&!yes&!portability&!requires: negative
!and&!yes&!portability&requires: conflict
!and&!yes&portability: conflict
!and&yes: conflict
and&!about&!sol&!word: positive
and&!about&!sol&word: neutral
and&!about&sol: conflict
and&about&!not&!on: negative
and&about&!not&on: neutral
and&about&not: conflict
DecisionTree learned:
!and&!but&!get&!needs: negative
!and&!but&!get&needs: conflict
!and&!but&get&!to: conflict
!and&!but&get&to: neutral
!and&but&!n&!battery: positive
!and&but&!n&battery: conflict
!and&but&n&!pos: positive
!and&but&n&pos: negative
and&!board&!mic&!i: positive
and&!board&!mic&i: neutral
and&!board&mic&!use: negative
and&!board&mic&use: neutral
and&board: negative
DecisionTree learned:
!and&!but&!despite&!little: negative
!and&!but&!despite&little: conflict
!and&!but&despite&!so: conflict
!and&!but&despite&so: negative
!and&but&!computer&!screen: negative
!and&but&!computer&screen: conflict
!and&but&computer&!that: negative
!and&but&computer&that: conflict
and&!were&!board&!what: positive
and&!were&!board&what: neutral
and&!were&board: negative
and&were&!laptop&!software: negative
and&were&!laptop&software: neutral
and&were&laptop: conflict
DecisionTree learned:
!and&!but&!needs&!despite: negative
!and&!but&!needs&despite: conflict
!and&!but&needs&!so: negative
!and&!but&needs&so: conflict
!and&but&!i&!you: conflict
!and&but&!i&you: positive
!and&but&i&!on: positive
!and&but&i&on: neutral
and&!media&!board&!word: positive
and&!media&!board&word: neutral
and&!media&board: negative
and&media&!gaming: conflict
and&media&gaming: positive
DecisionTree learned:
!and&!but&!requires&!some: neutral
!and&!but&!requires&some: negative
!and&!but&requires: conflict
!and&but&!i&!for: negative
!and&but&!i&for: conflict
!and&but&i&!neg: positive
!and&but&i&neg: neutral
and&!sol&!what&!buttons: positive
and&!sol&!what&buttons: negative
and&!sol&what&!is: neutral
and&!sol&what&is: conflict
and&sol: conflict
DecisionTree learned:
!and&!but&!get&!some: negative
!and&!but&!get&some: negative
!and&!but&get&!to: conflict
!and&!but&get&to: neutral
!and&but&!to&!i: conflict
!and&but&!to&i: positive
!and&but&to&!pos: neutral
!and&but&to&pos: positive
and&!fast&!word&!about: positive
and&!fast&!word&about: negative
and&!fast&word&!its: neutral
and&!fast&word&its: conflict
and&fast&!new: positive
and&fast&new: neutral
DecisionTree learned:
!and&!but&!little&!some: negative
!and&!but&!little&some: conflict
!and&!but&little&!is: negative
!and&!but&little&is: conflict
!and&but&!i&!not: positive
!and&but&!i&not: negative
!and&but&i&!neg: positive
!and&but&i&neg: neutral
and&!media&!firefox&!extended: positive
and&!media&!firefox&extended: neutral
and&!media&firefox: neutral
and&media&!gaming: conflict
and&media&gaming: positive
DecisionTree learned:
!and&!but&!some&!to: positive
!and&!but&!some&to: neutral
!and&!but&some&!especially: negative
!and&!but&some&especially: conflict
!and&but&!i&!space: conflict
!and&but&!i&space: positive
!and&but&i&!on: positive
!and&but&i&on: neutral
and&!sol&!media&!about: positive
and&!sol&!media&about: negative
and&!sol&media&!gaming: conflict
and&!sol&media&gaming: positive
and&sol: conflict
DecisionTree learned:
!and&!little&!it&!some: neutral
!and&!little&!it&some: conflict
!and&!little&it&!to: negative
!and&!little&it&to: negative
!and&little&!is: negative
!and&little&is&!to: conflict
!and&little&is&to: negative
and&!sol&!media&!buttons: positive
and&!sol&!media&buttons: negative
and&!sol&media&!gaming: conflict
and&!sol&media&gaming: positive
and&sol: conflict
DecisionTree learned:
!and&!yes&!portability&!quality: negative
!and&!yes&!portability&quality: negative
!and&!yes&portability: conflict
!and&yes: conflict
and&!buttons&!sol&!word: positive
and&!buttons&!sol&word: neutral
and&!buttons&sol: conflict
and&buttons: negative
DecisionTree learned:
!and&!but&!worth&!mind: negative
!and&!but&!worth&mind: conflict
!and&!but&worth&!for: conflict
!and&!but&worth&for: neutral
!and&but&!to&!did: conflict
!and&but&!to&did: neutral
!and&but&to&!pos: neutral
!and&but&to&pos: positive
and&!media&!word&!about: positive
and&!media&!word&about: negative
and&!media&word&!its: neutral
and&!media&word&its: conflict
and&media&!gaming: conflict
and&media&gaming: positive
DecisionTree learned:
!and&!to&!get&!it: positive
!and&!to&!get&it: negative
!and&!to&get&!i: negative
!and&!to&get&i: conflict
!and&to&!after&!i: neutral
!and&to&!after&i: neutral
!and&to&after&!especially: negative
!and&to&after&especially: conflict
and&!sol&!bluetooth&!to: positive
and&!sol&!bluetooth&to: negative
and&!sol&bluetooth&!docking: negative
and&!sol&bluetooth&docking: neutral
and&sol: conflict
DecisionTree learned:
!and&!to&!get&!it: positive
!and&!to&!get&it: negative
!and&!to&get&!they: conflict
!and&!to&get&they: negative
!and&to&!after&!i: negative
!and&to&!after&i: neutral
!and&to&after&!some: negative
!and&to&after&some: conflict
and&!sol&!cd&!media: positive
and&!sol&!cd&media: conflict
and&!sol&cd&!is: positive
and&!sol&cd&is: conflict
and&sol: conflict
DecisionTree learned:
!and&!but&!generally&!get: negative
!and&!but&!generally&get: conflict
!and&!but&generally: conflict
!and&but&!screen&!n: negative
!and&but&!screen&n: negative
!and&but&screen&!very: conflict
!and&but&screen&very: negative
and&!mic&!what&!macbook: positive
and&!mic&!what&macbook: positive
and&!mic&what&!is: neutral
and&!mic&what&is: conflict
and&mic&!use: negative
and&mic&use: negative
DecisionTree learned:
!and&!to&!will&!yes: positive
!and&!to&!will&yes: conflict
!and&!to&will&!not: conflict
!and&!to&will&not: negative
!and&to&!after&!need: negative
!and&to&!after&need: neutral
!and&to&after&!some: negative
!and&to&after&some: conflict
and&!what&!were&!graphics: positive
and&!what&!were&graphics: positive
and&!what&were&!laptop: negative
and&!what&were&laptop: conflict
and&what&!is&!i: neutral
and&what&!is&i: positive
and&what&is: conflict
DecisionTree learned:
!and&!but&!generally&!some: negative
!and&!but&!generally&some: negative
!and&!but&generally: conflict
!and&but&!did&!i: conflict
!and&but&!did&i: positive
!and&but&did&!a: neutral
!and&but&did&a: conflict
and&!media&!replaced&!laptop: positive
and&!media&!replaced&laptop: negative
and&!media&replaced&!pos: neutral
and&!media&replaced&pos: negative
and&media&!gaming: conflict
and&media&gaming: positive
Trial 0 Training cc.mallet.classify.AdaBoostM2Trainer@7e78fc6 finished
Trial 0 Trainer cc.mallet.classify.AdaBoostM2Trainer@7e78fc6 test data accuracy = 0.537525354969574

NaiveBayesTrainer
Summary. test accuracy mean = 0.6288032454361054 stddev = 0.0 stderr = 0.0

MaxEntTrainer,gaussianPriorVariance=1.0
Summary. test accuracy mean = 0.6288032454361054 stddev = 0.0 stderr = 0.0

cc.mallet.classify.DecisionTreeTrainer@69945ce
Summary. test accuracy mean = 0.565922920892495 stddev = 0.0 stderr = 0.0

cc.mallet.classify.AdaBoostM2Trainer@7e78fc6
Summary. test accuracy mean = 0.537525354969574 stddev = 0.0 stderr = 0.0
