
-------------------- Trial 0  --------------------

Trial 0 Training NaiveBayesTrainer with 1865 instances
Trial 0 Training NaiveBayesTrainer finished
Trial 0 Trainer NaiveBayesTrainer test data accuracy = 0.6247464503042597
Trial 0 Training MaxEntTrainer,gaussianPriorVariance=1.0 with 1865 instances
Trial 0 Training MaxEntTrainer,gaussianPriorVariance=1.0 finished
Trial 0 Trainer MaxEntTrainer,gaussianPriorVariance=1.0 test data accuracy = 0.6227180527383367
Trial 0 Training cc.mallet.classify.DecisionTreeTrainer@5328f6ee with 1865 instances
DecisionTree learned:
!neg&!but&!not&!pos: positive
!neg&!but&!not&pos: positive
!neg&!but&not&!and: negative
!neg&!but&not&and: positive
!neg&but&!you&!this: negative
!neg&but&!you&this: positive
!neg&but&you&!n: neutral
!neg&but&you&n: negative
neg&!movie&!pos&!price: negative
neg&!movie&!pos&price: positive
neg&!movie&pos&!garageband: negative
neg&!movie&pos&garageband: positive
neg&movie: neutral
Trial 0 Training cc.mallet.classify.DecisionTreeTrainer@5328f6ee finished
Trial 0 Trainer cc.mallet.classify.DecisionTreeTrainer@5328f6ee test data accuracy = 0.5415821501014199
Trial 0 Training cc.mallet.classify.AdaBoostM2Trainer@15f66cff with 1865 instances
DecisionTree learned:
!but&!neg&!not&!pos: positive
!but&!neg&!not&pos: positive
!but&!neg&not&!and: negative
!but&!neg&not&and: positive
!but&neg&!movie&!pos: negative
!but&neg&!movie&pos: negative
!but&neg&movie: neutral
but&!got&!mac&!x: negative
but&!got&!mac&x: neutral
but&!got&mac&!its: positive
but&!got&mac&its: neutral
but&got&!so: negative
but&got&so: positive
DecisionTree learned:
!but&!neg&!not&!would: positive
!but&!neg&!not&would: negative
!but&!neg&not&!and: negative
!but&!neg&not&and: positive
!but&neg&!music&!pos: negative
!but&neg&!music&pos: negative
!but&neg&music: neutral
but&!mac&!be&!think: negative
but&!mac&!be&think: neutral
but&!mac&be&!which: negative
but&!mac&be&which: conflict
but&mac&!its&!system: positive
but&mac&!its&system: negative
but&mac&its&!just: neutral
but&mac&its&just: neutral
DecisionTree learned:
!but&!pos&!neg&!not: positive
!but&!pos&!neg&not: negative
!but&!pos&neg&!much: negative
!but&!pos&neg&much: conflict
!but&pos&!then&!fast: positive
!but&pos&!then&fast: positive
!but&pos&then&!upgrade: negative
!but&pos&then&upgrade: positive
but&!mac&!x&!got: negative
but&!mac&!x&got: negative
but&!mac&x&!is: neutral
but&!mac&x&is: positive
but&mac&!another&!its: positive
but&mac&!another&its: neutral
but&mac&another: negative
DecisionTree learned:
!but&!fast&!neg&!n: positive
!but&!fast&!neg&n: negative
!but&!fast&neg&!music: negative
!but&!fast&neg&music: neutral
!but&fast&!one&!you: positive
!but&fast&!one&you: positive
!but&fast&one: neutral
but&!mac&!yes&!x: negative
but&!mac&!yes&x: neutral
but&!mac&yes&!is: positive
but&!mac&yes&is: conflict
but&mac&!another&!bit: positive
but&mac&!another&bit: neutral
but&mac&another: negative
DecisionTree learned:
!but&!neg&!and&!not: positive
!but&!neg&!and&not: negative
!but&!neg&and&!i: positive
!but&!neg&and&i: positive
!but&neg&!music&!free: negative
!but&neg&!music&free: positive
!but&neg&music: neutral
but&!mac&!this&!so: negative
but&!mac&!this&so: neutral
but&!mac&this&!neg: positive
but&!mac&this&neg: negative
but&mac&!its&!system: positive
but&mac&!its&system: negative
but&mac&its&!just: neutral
but&mac&its&just: neutral
DecisionTree learned:
!but&!pos&!neg&!speed: negative
!but&!pos&!neg&speed: positive
!but&!pos&neg&!price: negative
!but&!pos&neg&price: positive
!but&pos&!fast&!for: positive
!but&pos&!fast&for: positive
!but&pos&fast&!you: positive
!but&pos&fast&you: positive
but&!got&!mac&!this: negative
but&!got&!mac&this: negative
but&!got&mac&!more: neutral
but&!got&mac&more: positive
but&got&!so: negative
but&got&so: positive
DecisionTree learned:
!but&!fast&!neg&!very: positive
!but&!fast&!neg&very: positive
!but&!fast&neg&!movie: negative
!but&!fast&neg&movie: neutral
!but&fast&!one&!you: positive
!but&fast&!one&you: positive
!but&fast&one: neutral
but&!so&!got&!this: negative
but&!so&!got&this: negative
but&!so&got: negative
but&so&!laptop&!for: neutral
but&so&!laptop&for: conflict
but&so&laptop&!toshiba: neutral
but&so&laptop&toshiba: negative
DecisionTree learned:
!but&!fast&!neg&!when: positive
!but&!fast&!neg&when: neutral
!but&!fast&neg&!use: negative
!but&!fast&neg&use: positive
!but&fast&!one&!you: positive
!but&fast&!one&you: positive
!but&fast&one: neutral
but&!mac&!most&!on: negative
but&!mac&!most&on: neutral
but&!mac&most&!just: positive
but&!mac&most&just: positive
but&mac&!more&!up: neutral
but&mac&!more&up: positive
but&mac&more: positive
DecisionTree learned:
!but&!pos&!much&!not: negative
!but&!pos&!much&not: negative
!but&!pos&much&!neg: positive
!but&!pos&much&neg: conflict
!but&pos&!to&!and: positive
!but&pos&!to&and: positive
!but&pos&to&!use: negative
!but&pos&to&use: positive
but&!yes&!so&!in: negative
but&!yes&!so&in: neutral
but&!yes&so&!laptop: conflict
but&!yes&so&laptop: neutral
but&yes&!pos&!is: positive
but&yes&!pos&is: conflict
but&yes&pos: positive
DecisionTree learned:
!but&!for&!fast&!after: negative
!but&!for&!fast&after: negative
!but&!for&fast&!one: positive
!but&!for&fast&one: neutral
!but&for&!not&!some: positive
!but&for&!not&some: negative
!but&for&not&!that: negative
!but&for&not&that: positive
but&!gb&!mac&!there: negative
but&!gb&!mac&there: negative
but&!gb&mac&!another: positive
but&!gb&mac&another: negative
but&gb&!just: neutral
but&gb&just: neutral
DecisionTree learned:
!but&!neg&!and&!not: positive
!but&!neg&!and&not: negative
!but&!neg&and&!i: positive
!but&!neg&and&i: neutral
!but&neg&!price&!after: negative
!but&neg&!price&after: negative
!but&neg&price&!worth: positive
!but&neg&price&worth: conflict
but&!did&!be&!the: conflict
but&!did&!be&the: positive
but&!did&be&!will: negative
but&!did&be&will: conflict
but&did&!in&!software: conflict
but&did&!in&software: neutral
but&did&in&!me: neutral
but&did&in&me: negative
DecisionTree learned:
!but&!pos&!price&!speed: negative
!but&!pos&!price&speed: positive
!but&!pos&price&!worth: positive
!but&!pos&price&worth: conflict
!but&pos&!use&!to: positive
!but&pos&!use&to: negative
!but&pos&use&!is: positive
!but&pos&use&is: positive
but&!mac&!gb&!the: conflict
but&!mac&!gb&the: negative
but&!mac&gb&!just: neutral
but&!mac&gb&just: neutral
but&mac&!system&!more: positive
but&mac&!system&more: positive
but&mac&system&!is: negative
but&mac&system&is: neutral
DecisionTree learned:
!but&!movie&!fast&!i: positive
!but&!movie&!fast&i: neutral
!but&!movie&fast&!one: positive
!but&!movie&fast&one: neutral
!but&movie&!just: neutral
!but&movie&just: neutral
but&!mac&!this&!so: negative
but&!mac&!this&so: neutral
but&!mac&this&!neg: positive
but&!mac&this&neg: negative
but&mac&!more&!another: positive
but&mac&!more&another: negative
but&mac&more: positive
DecisionTree learned:
!but&!for&!get&!and: negative
!but&!for&!get&and: positive
!but&!for&get&!am: negative
!but&!for&get&am: conflict
!but&for&!not&!office: positive
!but&for&!not&office: neutral
!but&for&not&!in: neutral
!but&for&not&in: negative
but&!standard&!be&!the: conflict
but&!standard&!be&the: positive
but&!standard&be&!with: negative
but&!standard&be&with: negative
but&standard: conflict
DecisionTree learned:
!but&!for&!pos&!pc: negative
!but&!for&!pos&pc: conflict
!but&!for&pos&!n: positive
!but&!for&pos&n: negative
!but&for&!not&!office: positive
!but&for&!not&office: neutral
!but&for&not&!does: neutral
!but&for&not&does: positive
but&!think&!x&!mac: negative
but&!think&!x&mac: positive
but&!think&x&!is: neutral
but&!think&x&is: positive
but&think&!on: negative
but&think&on: neutral
DecisionTree learned:
!but&!for&!very&!then: negative
!but&!for&!very&then: negative
!but&!for&very&!neg: positive
!but&!for&very&neg: positive
!but&for&!so&!to: positive
!but&for&!so&to: neutral
!but&for&so&!battery: negative
!but&for&so&battery: conflict
but&!the&!and&!another: conflict
but&!the&!and&another: neutral
but&!the&and&!neg: positive
but&!the&and&neg: neutral
but&the&!mac&!tim: negative
but&the&!mac&tim: neutral
but&the&mac&!use: neutral
but&the&mac&use: positive
DecisionTree learned:
!but&!neg&!n&!they: positive
!but&!neg&!n&they: neutral
!but&!neg&n&!laptop: negative
!but&!neg&n&laptop: conflict
!but&neg&!or&!after: negative
!but&neg&!or&after: negative
!but&neg&or&!is: neutral
!but&neg&or&is: negative
but&!this&!so&!more: negative
but&!this&!so&more: positive
but&!this&so&!old: neutral
but&!this&so&old: positive
but&this&!neg&!x: positive
but&this&!neg&x: neutral
but&this&neg&!new: negative
but&this&neg&new: positive
DecisionTree learned:
!but&!uses&!i&!you: positive
!but&!uses&!i&you: neutral
!but&!uses&i&!drive: neutral
!but&!uses&i&drive: negative
!but&uses&!of: neutral
!but&uses&of: conflict
but&!mac&!this&!so: negative
but&!mac&!this&so: conflict
but&!mac&this&!neg: positive
but&!mac&this&neg: negative
but&mac&!up&!more: neutral
but&mac&!up&more: positive
but&mac&up: positive
DecisionTree learned:
!but&!and&!next&!price: negative
!but&!and&!next&price: positive
!but&!and&next&!pc: neutral
!but&!and&next&pc: conflict
!but&and&!i&!you: positive
!but&and&!i&you: neutral
!but&and&i&!what: neutral
!but&and&i&what: neutral
but&!repair&!there&!new: positive
but&!repair&!there&new: neutral
but&!repair&there&!to: negative
but&!repair&there&to: neutral
but&repair&!they: negative
but&repair&they&!to: negative
but&repair&they&to: neutral
DecisionTree learned:
!but&!fast&!for&!they: positive
!but&!fast&!for&they: neutral
!but&!fast&for&!so: neutral
!but&!fast&for&so: negative
!but&fast&!with: positive
!but&fast&with&!software: positive
!but&fast&with&software: positive
but&!full&!and&!to: negative
but&!full&!and&to: neutral
but&!full&and&!more: positive
but&!full&and&more: positive
but&full&!to: conflict
but&full&to: conflict
DecisionTree learned:
!but&!for&!they&!graphics: negative
!but&!for&!they&graphics: positive
!but&!for&they&!else: neutral
!but&!for&they&else: negative
!but&for&!so&!versions: neutral
!but&for&!so&versions: conflict
!but&for&so&!laptop: negative
!but&for&so&laptop: conflict
but&!so&!this&!size: negative
but&!so&!this&size: neutral
but&!so&this&!computer: neutral
but&!so&this&computer: negative
but&so&!it&!pos: negative
but&so&!it&pos: neutral
but&so&it&!pos: conflict
but&so&it&pos: positive
DecisionTree learned:
!but&!requires&!neg&!when: positive
!but&!requires&!neg&when: neutral
!but&!requires&neg&!much: negative
!but&!requires&neg&much: neutral
!but&requires: conflict
but&!new&!once&!gaming: negative
but&!new&!once&gaming: positive
but&!new&once&!pos: negative
but&!new&once&pos: conflict
but&new&!pos&!so: negative
but&new&!pos&so: neutral
but&new&pos&!i: neutral
but&new&pos&i: positive
DecisionTree learned:
!but&!neg&!reboot&!way: positive
!but&!neg&!reboot&way: negative
!but&!neg&reboot: conflict
!but&neg&!much&!other: negative
!but&neg&!much&other: positive
!but&neg&much&!a: conflict
!but&neg&much&a: neutral
but&!yes&!repair&!new: negative
but&!yes&!repair&new: neutral
but&!yes&repair&!they: negative
but&!yes&repair&they: neutral
but&yes&!and: conflict
but&yes&and&!pos: positive
but&yes&and&pos: positive
DecisionTree learned:
!but&!price&!very&!then: negative
!but&!price&!very&then: negative
!but&!price&very&!some: positive
!but&!price&very&some: conflict
!but&price&!worth&!off: positive
!but&price&!worth&off: neutral
!but&price&worth&!waiting: conflict
!but&price&worth&waiting: positive
but&!this&!so&!apple: negative
but&!this&!so&apple: neutral
but&!this&so&!laptop: conflict
but&!this&so&laptop: neutral
but&this&!neg&!x: positive
but&this&!neg&x: neutral
but&this&neg&!new: negative
but&this&neg&new: positive
DecisionTree learned:
!but&!back&!and&!laptops: negative
!but&!back&!and&laptops: conflict
!but&!back&and&!what: positive
!but&!back&and&what: neutral
!but&back&!and&!toshiba: negative
!but&back&!and&toshiba: positive
!but&back&and&!a: neutral
!but&back&and&a: negative
but&!mac&!did&!drive: positive
but&!mac&!did&drive: neutral
but&!mac&did&!on: neutral
but&!mac&did&on: neutral
but&mac&!bit&!you: positive
but&mac&!bit&you: positive
but&mac&bit: neutral
DecisionTree learned:
!but&!neg&!long&!reboot: positive
!but&!neg&!long&reboot: conflict
!but&!neg&long&!so: positive
!but&!neg&long&so: conflict
!but&neg&!desktop&!much: negative
!but&neg&!desktop&much: neutral
!but&neg&desktop&!just: conflict
!but&neg&desktop&just: neutral
but&!so&!overall&!got: positive
but&!so&!overall&got: negative
but&!so&overall&!to: neutral
but&!so&overall&to: neutral
but&so&!pos&!toshiba: neutral
but&so&!pos&toshiba: negative
but&so&pos&!as: positive
but&so&pos&as: neutral
DecisionTree learned:
!but&!pos&!much&!i: negative
!but&!pos&!much&i: neutral
!but&!pos&much&!neg: positive
!but&!pos&much&neg: conflict
!but&pos&!generally&!months: positive
!but&pos&!generally&months: negative
!but&pos&generally: conflict
but&!the&!it&!i: conflict
but&!the&!it&i: neutral
but&!the&it&!new: conflict
but&!the&it&new: neutral
but&the&!gb&!mac: negative
but&the&!gb&mac: neutral
but&the&gb&!just: neutral
but&the&gb&just: neutral
DecisionTree learned:
!but&!for&!get&!rarely: negative
!but&!for&!get&rarely: negative
!but&!for&get&!am: negative
!but&!for&get&am: conflict
!but&for&!so&!despite: neutral
!but&for&!so&despite: conflict
!but&for&so&!battery: negative
!but&for&so&battery: conflict
but&!still&!in&!new: negative
but&!still&!in&new: positive
but&!still&in&!so: positive
but&!still&in&so: neutral
but&still&!of&!can: negative
but&still&!of&can: negative
but&still&of&!is: positive
but&still&of&is: neutral
DecisionTree learned:
!but&!after&!i&!you: positive
!but&!after&!i&you: neutral
!but&!after&i&!get: neutral
!but&!after&i&get: neutral
!but&after&!with&!what: neutral
!but&after&!with&what: positive
!but&after&with&!i: negative
!but&after&with&i: positive
but&!mac&!web&!screen: negative
but&!mac&!web&screen: conflict
but&!mac&web: positive
but&mac&!bit&!to: neutral
but&mac&!bit&to: positive
but&mac&bit: neutral
DecisionTree learned:
!but&!neg&!reboot&!i: positive
!but&!neg&!reboot&i: neutral
!but&!neg&reboot: conflict
!but&neg&!desktop&!opted: negative
!but&neg&!desktop&opted: conflict
!but&neg&desktop&!just: conflict
!but&neg&desktop&just: neutral
but&!did&!mac&!gb: negative
but&!did&!mac&gb: neutral
but&!did&mac&!more: neutral
but&!did&mac&more: positive
but&did&!in&!software: conflict
but&did&!in&software: neutral
but&did&in&!on: negative
but&did&in&on: neutral
DecisionTree learned:
!but&!compact&!not&!much: positive
!but&!compact&!not&much: positive
!but&!compact&not&!apple: negative
!but&!compact&not&apple: positive
!but&compact: conflict
but&!think&!new&!apple: negative
but&!think&!new&apple: neutral
but&!think&new&!pos: neutral
but&!think&new&pos: positive
but&think&!on: negative
but&think&on: neutral
DecisionTree learned:
!but&!generally&!fast&!get: negative
!but&!generally&!fast&get: negative
!but&!generally&fast&!mac: positive
!but&!generally&fast&mac: positive
!but&generally: conflict
but&!mac&!if&!repair: positive
but&!mac&!if&repair: negative
but&!mac&if&!to: negative
but&!mac&if&to: neutral
but&mac&!pos: neutral
but&mac&pos&!pc: positive
but&mac&pos&pc: positive
DecisionTree learned:
!but&!movie&!uses&!i: positive
!but&!movie&!uses&i: neutral
!but&!movie&uses&!of: neutral
!but&!movie&uses&of: conflict
!but&movie&!just: neutral
!but&movie&just: neutral
but&!got&!i&!to: conflict
but&!got&!i&to: neutral
but&!got&i&!which: positive
but&!got&i&which: conflict
but&got&!so: negative
but&got&so: positive
DecisionTree learned:
!but&!get&!and&!price: negative
!but&!get&!and&price: positive
!but&!get&and&!i: positive
!but&!get&and&i: neutral
!but&get&!am&!pro: negative
!but&get&!am&pro: positive
!but&get&am&!toshiba: conflict
!but&get&am&toshiba: negative
but&!got&!did&!if: positive
but&!got&!did&if: neutral
but&!got&did&!in: conflict
but&!got&did&in: neutral
but&got&!so: negative
but&got&so: positive
DecisionTree learned:
!but&!for&!laptops&!get: negative
!but&!for&!laptops&get: negative
!but&!for&laptops&!it: positive
!but&!for&laptops&it: conflict
!but&for&!despite&!so: neutral
!but&for&!despite&so: negative
!but&for&despite: conflict
but&!standard&!so&!in: negative
but&!standard&!so&in: positive
but&!standard&so&!laptop: conflict
but&!standard&so&laptop: neutral
but&standard: conflict
DecisionTree learned:
!but&!for&!bars&!much: negative
!but&!for&!bars&much: positive
!but&!for&bars: conflict
!but&for&!so&!to: positive
!but&for&!so&to: neutral
!but&for&so&!laptop: negative
!but&for&so&laptop: conflict
but&!drive&!email&!new: negative
but&!drive&!email&new: neutral
but&!drive&email&!to: neutral
but&!drive&email&to: neutral
but&drive&!to&!is: neutral
but&drive&!to&is: neutral
but&drive&to: negative
DecisionTree learned:
!but&!fast&!neg&!reboot: positive
!but&!fast&!neg&reboot: conflict
!but&!fast&neg&!much: negative
!but&!fast&neg&much: conflict
!but&fast&!with: positive
!but&fast&with&!software: positive
!but&fast&with&software: positive
but&!the&!and&!another: conflict
but&!the&!and&another: neutral
but&!the&and&!neg: positive
but&!the&and&neg: neutral
but&the&!drive&!gb: positive
but&the&!drive&gb: neutral
but&the&drive&!to: neutral
but&the&drive&to: negative
DecisionTree learned:
!but&!for&!requires&!get: negative
!but&!for&!requires&get: negative
!but&!for&requires: conflict
!but&for&!so&!neg: neutral
!but&for&!so&neg: neutral
!but&for&so&!laptop: positive
!but&for&so&laptop: conflict
but&!features&!tim&!i: negative
but&!features&!tim&i: negative
but&!features&tim: neutral
but&features&!just&!is: positive
but&features&!just&is: positive
but&features&just: positive
DecisionTree learned:
!but&!after&!neg&!speed: positive
!but&!after&!neg&speed: positive
!but&!after&neg&!desktop: negative
!but&!after&neg&desktop: conflict
!but&after&!sales&!with: neutral
!but&after&!sales&with: negative
!but&after&sales&!so: positive
!but&after&sales&so: positive
but&!yes&!gaming&!most: negative
but&!yes&!gaming&most: positive
but&!yes&gaming&!is: positive
but&!yes&gaming&is: conflict
but&yes&!and: conflict
but&yes&and&!pos: positive
but&yes&and&pos: positive
DecisionTree learned:
!but&!for&!after&!pc: negative
!but&!for&!after&pc: positive
!but&!for&after&!with: negative
!but&!for&after&with: negative
!but&for&!so&!despite: neutral
!but&for&!so&despite: conflict
!but&for&so&!battery: positive
!but&for&so&battery: conflict
but&!new&!drive&!in: negative
but&!new&!drive&in: positive
but&!new&drive&!to: neutral
but&!new&drive&to: negative
but&new&!pos&!so: negative
but&new&!pos&so: neutral
but&new&pos&!i: neutral
but&new&pos&i: positive
DecisionTree learned:
!but&!pos&!much&!opted: negative
!but&!pos&!much&opted: conflict
!but&!pos&much&!neg: positive
!but&!pos&much&neg: conflict
!but&pos&!some&!months: positive
!but&pos&!some&months: negative
!but&pos&some&!neg: negative
!but&pos&some&neg: conflict
but&!there&!on&!laptop: positive
but&!there&!on&laptop: neutral
but&!there&on&!i: negative
but&!there&on&i: neutral
but&there&!to&!much: negative
but&there&!to&much: positive
but&there&to&!with: neutral
but&there&to&with: neutral
DecisionTree learned:
!but&!generally&!uses&!price: negative
!but&!generally&!uses&price: positive
!but&!generally&uses&!of: neutral
!but&!generally&uses&of: conflict
!but&generally: conflict
but&!and&!to&!i: conflict
but&!and&!to&i: negative
but&!and&to&!n: neutral
but&!and&to&n: conflict
but&and&!this&!two: positive
but&and&!this&two: conflict
but&and&this&!for: negative
but&and&this&for: neutral
DecisionTree learned:
!but&!generally&!other&!my: negative
!but&!generally&!other&my: neutral
!but&!generally&other&!neg: neutral
!but&!generally&other&neg: positive
!but&generally: conflict
but&!does&!m&!there: positive
but&!does&!m&there: negative
but&!does&m&!pos: neutral
but&!does&m&pos: neutral
but&does&!when&!neg: negative
but&does&!when&neg: negative
but&does&when: conflict
DecisionTree learned:
!but&!get&!very&!much: negative
!but&!get&!very&much: positive
!but&!get&very&!some: positive
!but&!get&very&some: conflict
!but&get&!am&!pay: negative
!but&get&!am&pay: conflict
!but&get&am&!toshiba: conflict
!but&get&am&toshiba: negative
but&!gaming&!repair&!new: negative
but&!gaming&!repair&new: neutral
but&!gaming&repair&!to: negative
but&!gaming&repair&to: neutral
but&gaming&!is: positive
but&gaming&is: positive
DecisionTree learned:
!but&!get&!and&!laptops: negative
!but&!get&!and&laptops: conflict
!but&!get&and&!i: positive
!but&!get&and&i: neutral
!but&get&!am&!pay: negative
!but&get&!am&pay: conflict
!but&get&am&!toshiba: conflict
!but&get&am&toshiba: negative
but&!computer&!this&!in: negative
but&!computer&!this&in: positive
but&!computer&this&!neg: positive
but&!computer&this&neg: negative
but&computer&!that&!so: negative
but&computer&!that&so: positive
but&computer&that&!for: positive
but&computer&that&for: conflict
DecisionTree learned:
!but&!requires&!other&!not: positive
!but&!requires&!other&not: negative
!but&!requires&other&!neg: neutral
!but&!requires&other&neg: positive
!but&requires: conflict
but&!mac&!drive&!there: positive
but&!mac&!drive&there: negative
but&!mac&drive&!to: neutral
but&!mac&drive&to: negative
but&mac&!more&!use: neutral
but&mac&!more&use: positive
but&mac&more: positive
DecisionTree learned:
!but&!much&!for&!requires: negative
!but&!much&!for&requires: conflict
!but&!much&for&!dollar: neutral
!but&!much&for&dollar: conflict
!but&much&!of&!neg: positive
!but&much&!of&neg: conflict
!but&much&of&!not: negative
!but&much&of&not: neutral
but&!drive&!to&!laptop: negative
but&!drive&!to&laptop: neutral
but&!drive&to&!battery: neutral
but&!drive&to&battery: conflict
but&drive&!to&!is: neutral
but&drive&!to&is: neutral
but&drive&to: negative
DecisionTree learned:
!but&!for&!compact&!much: negative
!but&!for&!compact&much: positive
!but&!for&compact: conflict
!but&for&!so&!neg: neutral
!but&for&!so&neg: neutral
!but&for&so&!laptop: negative
!but&for&so&laptop: conflict
but&!certain&!think&!mac: negative
but&!certain&!think&mac: positive
but&!certain&think&!on: negative
but&!certain&think&on: neutral
but&certain&!and: neutral
but&certain&and: neutral
DecisionTree learned:
!but&!generally&!price&!other: negative
!but&!generally&!price&other: neutral
!but&!generally&price&!worth: positive
!but&!generally&price&worth: conflict
!but&generally: conflict
but&!certain&!mac&!i: negative
but&!certain&!mac&i: positive
but&!certain&mac&!bit: positive
but&!certain&mac&bit: neutral
but&certain&!and: neutral
but&certain&and: neutral
DecisionTree learned:
!but&!opted&!get&!and: negative
!but&!opted&!get&and: positive
!but&!opted&get&!am: negative
!but&!opted&get&am: conflict
!but&opted: conflict
but&!the&!it&!i: conflict
but&!the&!it&i: neutral
but&!the&it&!for: conflict
but&!the&it&for: positive
but&the&!standard&!mac: positive
but&the&!standard&mac: neutral
but&the&standard: conflict
DecisionTree learned:
!but&!for&!requires&!get: negative
!but&!for&!requires&get: negative
!but&!for&requires: conflict
!but&for&!so&!neg: neutral
!but&for&!so&neg: neutral
!but&for&so&!battery: negative
!but&for&so&battery: conflict
but&!computer&!this&!there: positive
but&!computer&!this&there: negative
but&!computer&this&!neg: positive
but&!computer&this&neg: neutral
but&computer&!that&!so: negative
but&computer&!that&so: conflict
but&computer&that&!for: positive
but&computer&that&for: conflict
DecisionTree learned:
!but&!opted&!generally&!get: positive
!but&!opted&!generally&get: negative
!but&!opted&generally: conflict
!but&opted: conflict
but&!mac&!there&!wanted: positive
but&!mac&!there&wanted: neutral
but&!mac&there&!to: negative
but&!mac&there&to: neutral
but&mac&!bit&!you: positive
but&mac&!bit&you: neutral
but&mac&bit: neutral
DecisionTree learned:
!but&!opted&!uses&!generally: negative
!but&!opted&!uses&generally: conflict
!but&!opted&uses&!of: neutral
!but&!opted&uses&of: conflict
!but&opted: conflict
but&!tim&!email&!so: negative
but&!tim&!email&so: conflict
but&!tim&email&!to: neutral
but&!tim&email&to: neutral
but&tim: neutral
DecisionTree learned:
!but&!requires&!after&!would: positive
!but&!requires&!after&would: negative
!but&!requires&after&!with: neutral
!but&!requires&after&with: negative
!but&requires: conflict
but&!there&!if&!drive: positive
but&!there&!if&drive: neutral
but&!there&if&!to: negative
but&!there&if&to: neutral
but&there&!to&!much: negative
but&there&!to&much: positive
but&there&to&!with: neutral
but&there&to&with: neutral
DecisionTree learned:
!but&!movie&!compact&!not: positive
!but&!movie&!compact&not: negative
!but&!movie&compact: conflict
!but&movie&!just: neutral
!but&movie&just: neutral
but&!mac&!web&!screen: negative
but&!mac&!web&screen: conflict
but&!mac&web&!just: neutral
but&!mac&web&just: positive
but&mac&!bit&!and: positive
but&mac&!bit&and: positive
but&mac&bit: neutral
DecisionTree learned:
!but&!opted&!generally&!requires: negative
!but&!opted&!generally&requires: conflict
!but&!opted&generally: conflict
!but&opted: conflict
but&!new&!whole&!in: negative
but&!new&!whole&in: neutral
but&!new&whole&!just: neutral
but&!new&whole&just: positive
but&new&!when&!some: neutral
but&new&!when&some: positive
but&new&when&!so: negative
but&new&when&so: conflict
DecisionTree learned:
!but&!uses&!compact&!and: negative
!but&!uses&!compact&and: positive
!but&!uses&compact: conflict
!but&uses&!of: neutral
!but&uses&of: conflict
but&!processing&!mac&!if: positive
but&!processing&!mac&if: neutral
but&!processing&mac&!another: neutral
but&!processing&mac&another: negative
but&processing: neutral
DecisionTree learned:
!but&!compact&!and&!price: negative
!but&!compact&!and&price: positive
!but&!compact&and&!back: positive
!but&!compact&and&back: neutral
!but&compact: conflict
but&!new&!in&!for: negative
but&!new&!in&for: neutral
but&!new&in&!was: neutral
but&!new&in&was: negative
but&new&!when&!some: neutral
but&new&!when&some: positive
but&new&when&!so: negative
but&new&when&so: neutral
DecisionTree learned:
!but&!neg&!way&!rarely: positive
!but&!neg&!way&rarely: negative
!but&!neg&way&!laptop: negative
!but&!neg&way&laptop: conflict
!but&neg&!much&!for: negative
!but&neg&!much&for: positive
!but&neg&much&!a: conflict
!but&neg&much&a: neutral
but&!mac&!web&!screen: negative
but&!mac&!web&screen: conflict
but&!mac&web: positive
but&mac&!on&!up: neutral
but&mac&!on&up: positive
but&mac&on: positive
DecisionTree learned:
!but&!bars&!opted&!uses: negative
!but&!bars&!opted&uses: neutral
!but&!bars&opted: conflict
!but&bars: conflict
but&!did&!be&!the: conflict
but&!did&!be&the: positive
but&!did&be&!with: negative
but&!did&be&with: negative
but&did&!in&!software: conflict
but&did&!in&software: neutral
but&did&in&!me: neutral
but&did&in&me: negative
DecisionTree learned:
!but&!much&!requires&!for: negative
!but&!much&!requires&for: neutral
!but&!much&requires: conflict
!but&much&!i&!neg: positive
!but&much&!i&neg: conflict
!but&much&i&!it: neutral
!but&much&i&it: conflict
but&!new&!apple&!i: conflict
but&!new&!apple&i: negative
but&!new&apple&!a: conflict
but&!new&apple&a: neutral
but&new&!with&!pos: negative
but&new&!with&pos: positive
but&new&with&!just: neutral
but&new&with&just: neutral
DecisionTree learned:
!but&!opted&!other&!my: negative
!but&!opted&!other&my: neutral
!but&!opted&other&!neg: neutral
!but&!opted&other&neg: positive
!but&opted: conflict
but&!known&!this&!so: positive
but&!known&!this&so: neutral
but&!known&this&!neg: positive
but&!known&this&neg: negative
but&known: conflict
DecisionTree learned:
!but&!for&!stack&!pc: negative
!but&!for&!stack&pc: positive
!but&!for&stack: conflict
!but&for&!to&!pay: positive
!but&for&!to&pay: conflict
!but&for&to&!someone: neutral
!but&for&to&someone: positive
but&!drive&!size&!in: negative
but&!drive&!size&in: neutral
but&!drive&size&!and: neutral
but&!drive&size&and: neutral
but&drive&!to&!is: neutral
but&drive&!to&is: neutral
but&drive&to: negative
DecisionTree learned:
!but&!after&!opted&!and: negative
!but&!after&!opted&and: positive
!but&!after&opted: conflict
!but&after&!with&!what: neutral
!but&after&!with&what: negative
!but&after&with&!i: negative
!but&after&with&i: positive
but&!got&!drive&!overall: positive
but&!got&!drive&overall: neutral
but&!got&drive&!to: neutral
but&!got&drive&to: negative
but&got&!so: negative
but&got&so: positive
DecisionTree learned:
!but&!generally&!price&!after: positive
!but&!generally&!price&after: neutral
!but&!generally&price&!worth: positive
!but&!generally&price&worth: conflict
!but&generally: conflict
but&!outside&!this&!laptop: conflict
but&!outside&!this&laptop: neutral
but&!outside&this&!know: negative
but&!outside&this&know: conflict
but&outside&!pos: neutral
but&outside&pos: neutral
DecisionTree learned:
!but&!get&!for&!requires: negative
!but&!get&!for&requires: conflict
!but&!get&for&!so: neutral
!but&!get&for&so: conflict
!but&get&!am&!pay: negative
!but&get&!am&pay: conflict
!but&get&am&!toshiba: conflict
!but&get&am&toshiba: negative
but&!with&!better&!so: positive
but&!with&!better&so: neutral
but&!with&better&!on: conflict
but&!with&better&on: conflict
but&with&!full&!when: neutral
but&with&!full&when: conflict
but&with&full&!to: positive
but&with&full&to: conflict
DecisionTree learned:
!but&!pos&!much&!get: negative
!but&!pos&!much&get: neutral
!but&!pos&much&!it: positive
!but&!pos&much&it: conflict
!but&pos&!months&!some: positive
!but&pos&!months&some: negative
!but&pos&months&!of: negative
!but&pos&months&of: neutral
but&!repair&!so&!with: positive
but&!repair&!so&with: neutral
but&!repair&so&!it: neutral
but&!repair&so&it: conflict
but&repair&!they: negative
but&repair&they&!to: negative
but&repair&they&to: neutral
DecisionTree learned:
!but&!email&!my&!other: negative
!but&!email&!my&other: neutral
!but&!email&my&!laptop: neutral
!but&!email&my&laptop: conflict
!but&email&!working&!all: neutral
!but&email&!working&all: neutral
!but&email&working: positive
but&!mac&!outside&!web: negative
but&!mac&!outside&web: neutral
but&!mac&outside&!pos: neutral
but&!mac&outside&pos: neutral
but&mac&!bit&!pc: positive
but&mac&!bit&pc: positive
but&mac&bit: neutral
DecisionTree learned:
!but&!long&!fast&!quality: neutral
!but&!long&!fast&quality: positive
!but&!long&fast&!with: positive
!but&!long&fast&with: positive
!but&long&!though&!battery: negative
!but&long&!though&battery: positive
!but&long&though: conflict
but&!features&!web&!screen: negative
but&!features&!web&screen: conflict
but&!features&web&!just: neutral
but&!features&web&just: positive
but&features&!just&!is: positive
but&features&!just&is: positive
but&features&just: positive
DecisionTree learned:
!but&!not&!for&!laptops: positive
!but&!not&!for&laptops: conflict
!but&!not&for&!so: neutral
!but&!not&for&so: conflict
!but&not&!compact&!through: negative
!but&not&!compact&through: neutral
!but&not&compact: conflict
but&!battery&!my&!most: negative
but&!battery&!my&most: conflict
but&!battery&my&!did: positive
but&!battery&my&did: neutral
but&battery&!s&!pos: negative
but&battery&!s&pos: negative
but&battery&s&!to: conflict
but&battery&s&to: conflict
DecisionTree learned:
!but&!neg&!reboot&!way: positive
!but&!neg&!reboot&way: negative
!but&!neg&reboot: conflict
!but&neg&!much&!for: negative
!but&neg&!much&for: neutral
!but&neg&much&!not: conflict
!but&neg&much&not: neutral
but&!disc&!size&!outside: negative
but&!disc&!size&outside: neutral
but&!disc&size&!pos: neutral
but&!disc&size&pos: neutral
but&disc&!with: neutral
but&disc&with: neutral
DecisionTree learned:
!but&!for&!laptops&!requires: negative
!but&!for&!laptops&requires: conflict
!but&!for&laptops&!it: positive
!but&!for&laptops&it: conflict
!but&for&!so&!neg: neutral
!but&for&!so&neg: neutral
!but&for&so&!battery: negative
!but&for&so&battery: conflict
but&!drive&!repair&!tim: positive
but&!drive&!repair&tim: neutral
but&!drive&repair&!they: negative
but&!drive&repair&they: neutral
but&drive&!to&!is: neutral
but&drive&!to&is: neutral
but&drive&to: negative
DecisionTree learned:
!but&!bars&!for&!much: negative
!but&!bars&!for&much: positive
!but&!bars&for&!so: neutral
!but&!bars&for&so: negative
!but&bars: conflict
but&!mac&!if&!this: conflict
but&!mac&!if&this: neutral
but&!mac&if&!to: negative
but&!mac&if&to: neutral
but&mac&!another&!more: neutral
but&mac&!another&more: positive
but&mac&another: negative
DecisionTree learned:
!but&!for&!get&!laptops: negative
!but&!for&!get&laptops: conflict
!but&!for&get&!am: negative
!but&!for&get&am: conflict
!but&for&!so&!neg: neutral
!but&for&!so&neg: neutral
!but&for&so&!battery: negative
!but&for&so&battery: conflict
but&!drive&!to&!laptop: positive
but&!drive&!to&laptop: neutral
but&!drive&to&!s: neutral
but&!drive&to&s: neutral
but&drive&!to&!is: neutral
but&drive&!to&is: neutral
but&drive&to: negative
DecisionTree learned:
!but&!uses&!dollar&!generally: positive
!but&!uses&!dollar&generally: conflict
!but&!uses&dollar: conflict
!but&uses&!of: neutral
!but&uses&of: conflict
but&!yes&!gb&!if: negative
but&!yes&!gb&if: neutral
but&!yes&gb&!just: neutral
but&!yes&gb&just: neutral
but&yes&!to&!is: conflict
but&yes&!to&is: conflict
but&yes&to: positive
DecisionTree learned:
!but&!after&!for&!laptops: negative
!but&!after&!for&laptops: conflict
!but&!after&for&!so: neutral
!but&!after&for&so: conflict
!but&after&!with&!it: negative
!but&after&!with&it: neutral
!but&after&with&!i: negative
!but&after&with&i: positive
but&!so&!outside&!repair: negative
but&!so&!outside&repair: negative
but&!so&outside&!pos: neutral
but&!so&outside&pos: neutral
but&so&!it&!pos: negative
but&so&!it&pos: neutral
but&so&it&!pos: conflict
but&so&it&pos: positive
DecisionTree learned:
!but&!opted&!generally&!get: positive
!but&!opted&!generally&get: negative
!but&!opted&generally: conflict
!but&opted: conflict
but&!yes&!new&!in: negative
but&!yes&!new&in: positive
but&!yes&new&!when: neutral
but&!yes&new&when: conflict
but&yes&!pos&!is: positive
but&yes&!pos&is: conflict
but&yes&pos: positive
DecisionTree learned:
!but&!quality&!fast&!get: negative
!but&!quality&!fast&get: negative
!but&!quality&fast&!with: positive
!but&!quality&fast&with: positive
!but&quality&!and&!sound: negative
!but&quality&!and&sound: negative
!but&quality&and&!pos: negative
!but&quality&and&pos: positive
but&!web&!screen&!does: positive
but&!web&!screen&does: negative
but&!web&screen&!computer: conflict
but&!web&screen&computer: negative
but&web&!just: neutral
but&web&just: positive
DecisionTree learned:
!but&!much&!for&!get: negative
!but&!much&!for&get: negative
!but&!much&for&!despite: neutral
!but&!much&for&despite: conflict
!but&much&!of&!neg: positive
!but&much&!of&neg: conflict
!but&much&of&!not: negative
!but&much&of&not: neutral
but&!m&!new&!in: conflict
but&!m&!new&in: positive
but&!m&new&!pos: neutral
but&!m&new&pos: positive
but&m&!a&!is: positive
but&m&!a&is: negative
but&m&a&!pos: neutral
but&m&a&pos: neutral
DecisionTree learned:
!but&!long&!use&!neg: neutral
!but&!long&!use&neg: negative
!but&!long&use&!right: positive
!but&!long&use&right: negative
!but&long&!though&!battery: negative
!but&long&!though&battery: positive
!but&long&though: conflict
but&!battery&!m&!my: positive
but&!battery&!m&my: positive
but&!battery&m&!to: negative
but&!battery&m&to: neutral
but&battery&!n&!longer: conflict
but&battery&!n&longer: conflict
but&battery&n&!upgrade: negative
but&battery&n&upgrade: positive
DecisionTree learned:
!but&!opted&!dollar&!much: negative
!but&!opted&!dollar&much: positive
!but&!opted&dollar: conflict
!but&opted: conflict
but&!outside&!m&!there: positive
but&!outside&!m&there: negative
but&!outside&m&!a: negative
but&!outside&m&a: neutral
but&outside&!pos: neutral
but&outside&pos: neutral
DecisionTree learned:
!but&!generally&!opted&!other: negative
!but&!generally&!opted&other: neutral
!but&!generally&opted: conflict
!but&generally: conflict
but&!os&!gb&!think: positive
but&!os&!gb&think: neutral
but&!os&gb&!just: neutral
but&!os&gb&just: neutral
but&os&!been&!to: positive
but&os&!been&to: neutral
but&os&been: positive
DecisionTree learned:
!but&!generally&!opted&!other: negative
!but&!generally&!opted&other: neutral
!but&!generally&opted: conflict
!but&generally: conflict
but&!mac&!if&!there: positive
but&!mac&!if&there: negative
but&!mac&if&!to: negative
but&!mac&if&to: neutral
but&mac&!use&!more: neutral
but&mac&!use&more: positive
but&mac&use: positive
DecisionTree learned:
!but&!requires&!for&!laptops: negative
!but&!requires&!for&laptops: conflict
!but&!requires&for&!so: neutral
!but&!requires&for&so: negative
!but&requires: conflict
but&!computer&!this&!so: positive
but&!computer&!this&so: neutral
but&!computer&this&!neg: positive
but&!computer&this&neg: negative
but&computer&!known&!keys: negative
but&computer&!known&keys: conflict
but&computer&known: conflict
DecisionTree learned:
!but&!uses&!get&!you: negative
!but&!uses&!get&you: neutral
!but&!uses&get&!am: negative
!but&!uses&get&am: conflict
!but&uses&!of: neutral
!but&uses&of: conflict
but&!drive&!to&!laptop: conflict
but&!drive&!to&laptop: neutral
but&!drive&to&!worth: neutral
but&!drive&to&worth: neutral
but&drive&!to&!is: neutral
but&drive&!to&is: neutral
but&drive&to: negative
DecisionTree learned:
!but&!get&!and&!though: negative
!but&!get&!and&though: conflict
!but&!get&and&!extended: positive
!but&!get&and&extended: neutral
!but&get&!am&!pay: negative
!but&get&!am&pay: conflict
!but&get&am&!toshiba: conflict
!but&get&am&toshiba: negative
but&!drive&!apple&!disc: positive
but&!drive&!apple&disc: neutral
but&!drive&apple&!it: conflict
but&!drive&apple&it: neutral
but&drive&!to&!is: neutral
but&drive&!to&is: neutral
but&drive&to: negative
DecisionTree learned:
!but&!dollar&!requires&!opted: negative
!but&!dollar&!requires&opted: conflict
!but&!dollar&requires: conflict
!but&dollar: conflict
but&!mac&!gb&!more: negative
but&!mac&!gb&more: positive
but&!mac&gb&!just: neutral
but&!mac&gb&just: neutral
but&mac&!another&!up: neutral
but&mac&!another&up: positive
but&mac&another: negative
DecisionTree learned:
!but&!stack&!uses&!requires: positive
!but&!stack&!uses&requires: conflict
!but&!stack&uses&!of: neutral
!but&!stack&uses&of: conflict
!but&stack: conflict
but&!battery&!my&!most: negative
but&!battery&!my&most: conflict
but&!battery&my&!a: positive
but&!battery&my&a: positive
but&battery&!n&!s: conflict
but&battery&!n&s: conflict
but&battery&n&!upgrade: negative
but&battery&n&upgrade: positive
DecisionTree learned:
!but&!opted&!generally&!long: negative
!but&!opted&!generally&long: positive
!but&!opted&generally: conflict
!but&opted: conflict
but&!features&!repair&!machine: negative
but&!features&!repair&machine: positive
but&!features&repair&!they: negative
but&!features&repair&they: neutral
but&features&!much&!just: positive
but&features&!much&just: positive
but&features&much: positive
DecisionTree learned:
!but&!for&!laptops&!when: negative
!but&!for&!laptops&when: negative
!but&!for&laptops&!it: neutral
!but&!for&laptops&it: conflict
!but&for&!despite&!so: neutral
!but&for&!despite&so: negative
!but&for&despite: conflict
but&!new&!with&!better: positive
but&!new&!with&better: conflict
but&!new&with&!full: neutral
but&!new&with&full: conflict
but&new&!pos&!so: negative
but&new&!pos&so: neutral
but&new&pos&!my: neutral
but&new&pos&my: positive
DecisionTree learned:
!but&!generally&!long&!get: positive
!but&!generally&!long&get: negative
!but&!generally&long&!though: positive
!but&!generally&long&though: conflict
!but&generally: conflict
but&!this&!so&!the: conflict
but&!this&!so&the: negative
but&!this&so&!it: neutral
but&!this&so&it: conflict
but&this&!know&!neg: neutral
but&this&!know&neg: negative
but&this&know: conflict
DecisionTree learned:
!but&!for&!requires&!laptops: negative
!but&!for&!requires&laptops: conflict
!but&!for&requires: conflict
!but&for&!so&!neg: neutral
!but&for&!so&neg: neutral
!but&for&so&!laptop: positive
!but&for&so&laptop: conflict
but&!new&!a&!did: negative
but&!new&!a&did: neutral
but&!new&a&!which: neutral
but&!new&a&which: conflict
but&new&!pos&!so: negative
but&new&!pos&so: neutral
but&new&pos&!i: neutral
but&new&pos&i: positive
DecisionTree learned:
!but&!price&!generally&!uses: negative
!but&!price&!generally&uses: neutral
!but&!price&generally: conflict
!but&price&!worth&!off: positive
!but&price&!worth&off: neutral
!but&price&worth&!pos: conflict
!but&price&worth&pos: negative
but&!new&!whole&!this: conflict
but&!new&!whole&this: neutral
but&!new&whole&!pos: neutral
but&!new&whole&pos: positive
but&new&!pos&!so: negative
but&new&!pos&so: neutral
but&new&pos&!i: neutral
but&new&pos&i: positive
DecisionTree learned:
!but&!generally&!my&!opted: positive
!but&!generally&!my&opted: conflict
!but&!generally&my&!pay: neutral
!but&!generally&my&pay: conflict
!but&generally: conflict
but&!new&!in&!for: negative
but&!new&!in&for: neutral
but&!new&in&!was: neutral
but&!new&in&was: negative
but&new&!pos&!so: negative
but&new&!pos&so: neutral
but&new&pos&!i: neutral
but&new&pos&i: positive
DecisionTree learned:
!but&!acceptable&!compact&!generally: negative
!but&!acceptable&!compact&generally: conflict
!but&!acceptable&compact: conflict
!but&acceptable: conflict
but&!drive&!to&!laptop: conflict
but&!drive&!to&laptop: neutral
but&!drive&to&!s: neutral
but&!drive&to&s: neutral
but&drive&!to&!is: neutral
but&drive&!to&is: neutral
but&drive&to: negative
DecisionTree learned:
!but&!after&!opted&!pc: negative
!but&!after&!opted&pc: positive
!but&!after&opted: conflict
!but&after&!with&!what: neutral
!but&after&!with&what: positive
!but&after&with&!i: negative
!but&after&with&i: positive
but&!this&!quality&!so: negative
but&!this&!quality&so: neutral
but&!this&quality&!and: conflict
but&!this&quality&and: conflict
but&this&!know&!not: neutral
but&this&!know&not: negative
but&this&know: conflict
DecisionTree learned:
!but&!requires&!neg&!when: positive
!but&!requires&!neg&when: neutral
!but&!requires&neg&!much: negative
!but&!requires&neg&much: conflict
!but&requires: conflict
but&!this&!so&!disc: conflict
but&!this&!so&disc: neutral
but&!this&so&!old: neutral
but&!this&so&old: positive
but&this&!know&!neg: neutral
but&this&!know&neg: negative
but&this&know: conflict
DecisionTree learned:
!but&!opted&!long&!much: negative
!but&!opted&!long&much: positive
!but&!opted&long&!though: positive
!but&!opted&long&though: conflict
!but&opted: conflict
but&!did&!new&!disc: positive
but&!did&!new&disc: neutral
but&!did&new&!pos: neutral
but&!did&new&pos: positive
but&did&!in&!software: conflict
but&did&!in&software: neutral
but&did&in&!on: negative
but&did&in&on: neutral
DecisionTree learned:
!but&!opted&!generally&!when: positive
!but&!opted&!generally&when: neutral
!but&!opted&generally: conflict
!but&opted: conflict
but&!non&!in&!new: negative
but&!non&!in&new: positive
but&!non&in&!did: positive
but&!non&in&did: neutral
but&non: conflict
DecisionTree learned:
!but&!after&!bars&!for: positive
!but&!after&!bars&for: positive
!but&!after&bars: conflict
!but&after&!with&!will: negative
!but&after&!with&will: neutral
!but&after&with&!i: negative
!but&after&with&i: positive
but&!the&!it&!i: conflict
but&!the&!it&i: neutral
but&!the&it&!new: conflict
but&!the&it&new: neutral
but&the&!outside&!can: positive
but&the&!outside&can: neutral
but&the&outside&!pos: neutral
but&the&outside&pos: neutral
Trial 0 Training cc.mallet.classify.AdaBoostM2Trainer@15f66cff finished
Trial 0 Trainer cc.mallet.classify.AdaBoostM2Trainer@15f66cff test data accuracy = 0.5557809330628803

NaiveBayesTrainer
Summary. test accuracy mean = 0.6247464503042597 stddev = 0.0 stderr = 0.0

MaxEntTrainer,gaussianPriorVariance=1.0
Summary. test accuracy mean = 0.6227180527383367 stddev = 0.0 stderr = 0.0

cc.mallet.classify.DecisionTreeTrainer@5328f6ee
Summary. test accuracy mean = 0.5415821501014199 stddev = 0.0 stderr = 0.0

cc.mallet.classify.AdaBoostM2Trainer@15f66cff
Summary. test accuracy mean = 0.5557809330628803 stddev = 0.0 stderr = 0.0
