
-------------------- Trial 0  --------------------

Trial 0 Training NaiveBayesTrainer with 1865 instances
Trial 0 Training NaiveBayesTrainer finished
Trial 0 Trainer NaiveBayesTrainer test data accuracy = 0.6835699797160243
Trial 0 Training MaxEntTrainer,gaussianPriorVariance=1.0 with 1865 instances
Trial 0 Training MaxEntTrainer,gaussianPriorVariance=1.0 finished
Trial 0 Trainer MaxEntTrainer,gaussianPriorVariance=1.0 test data accuracy = 0.6734279918864098
Trial 0 Training cc.mallet.classify.DecisionTreeTrainer@2b2d96f2 with 1865 instances
DecisionTree learned:
!great&!but&!easy&!and: negative
!great&!but&!easy&and: positive
!great&!but&easy&!one: positive
!great&!but&easy&one: neutral
!great&but&!speed&!repair: negative
!great&but&!speed&repair: negative
!great&but&speed: neutral
great&!but&!etc&!of: positive
great&!but&!etc&of: positive
great&!but&etc: negative
great&but&!vbg&!nn: positive
great&but&!vbg&nn: negative
great&but&vbg: conflict
Trial 0 Training cc.mallet.classify.DecisionTreeTrainer@2b2d96f2 finished
Trial 0 Trainer cc.mallet.classify.DecisionTreeTrainer@2b2d96f2 test data accuracy = 0.5314401622718052
Trial 0 Training cc.mallet.classify.AdaBoostM2Trainer@7e78fc6 with 1865 instances
DecisionTree learned:
!great&!but&!easy&!good: negative
!great&!but&!easy&good: positive
!great&!but&easy&!one: positive
!great&!but&easy&one: neutral
!great&but&!speed&!features: negative
!great&but&!speed&features: positive
!great&but&speed: neutral
great&!but&!etc&!media: positive
great&!but&!etc&media: conflict
great&!but&etc: negative
great&but&!prp&!nn: positive
great&but&!prp&nn: negative
great&but&prp: negative
DecisionTree learned:
!great&!but&!easy&!vbd: positive
!great&!but&!easy&vbd: negative
!great&!but&easy&!not: positive
!great&!but&easy&not: negative
!great&but&!repair&!the: conflict
!great&but&!repair&the: positive
!great&but&repair&!to: negative
!great&but&repair&to: neutral
great&!but&!best&!no: positive
great&!but&!best&no: neutral
great&!but&best: neutral
great&but&!vbg&!is: negative
great&but&!vbg&is: positive
great&but&vbg: conflict
DecisionTree learned:
!but&!great&!easy&!and: negative
!but&!great&!easy&and: positive
!but&!great&easy&!one: positive
!but&!great&easy&one: neutral
!but&great&!etc&!of: positive
!but&great&!etc&of: negative
!but&great&etc: negative
but&!so&!wdt&!repair: negative
but&!so&!wdt&repair: negative
but&!so&wdt&!like: conflict
but&!so&wdt&like: positive
but&so&!was: neutral
but&so&was: positive
DecisionTree learned:
!but&!great&!vbz&!love: negative
!but&!great&!vbz&love: positive
!but&!great&vbz&!easy: positive
!but&!great&vbz&easy: positive
!but&great&!etc&!of: positive
!but&great&!etc&of: negative
!but&great&etc: negative
but&!speed&!so&!mac: negative
but&!speed&!so&mac: positive
but&!speed&so&!was: neutral
but&!speed&so&was: positive
but&speed: neutral
DecisionTree learned:
!but&!great&!not&!easy: positive
!but&!great&!not&easy: positive
!but&!great&not&!netbook: negative
!but&!great&not&netbook: neutral
!but&great&!best&!vbn: positive
!but&great&!best&vbn: positive
!but&great&best: neutral
but&!screen&!was&!so: negative
but&!screen&!was&so: neutral
but&!screen&was&!rb: negative
but&!screen&was&rb: positive
but&screen&!on&!computer: conflict
but&screen&!on&computer: negative
but&screen&on: negative
DecisionTree learned:
!but&!great&!speed&!worth: negative
!but&!great&!speed&worth: negative
!but&!great&speed&!next: positive
!but&!great&speed&next: negative
!but&great&!longer&!of: positive
!but&great&!longer&of: negative
!but&great&longer: conflict
but&!all&!jj&!nn: conflict
but&!all&!jj&nn: negative
but&!all&jj&!screen: negative
but&!all&jj&screen: conflict
but&all&!and: positive
but&all&and&!at: neutral
but&all&and&at: negative
DecisionTree learned:
!but&!great&!vbz&!love: negative
!but&!great&!vbz&love: positive
!but&!great&vbz&!not: positive
!but&!great&vbz&not: negative
!but&great&!that&!no: positive
!but&great&!that&no: neutral
!but&great&that&!nns: negative
!but&great&that&nns: positive
but&!vhs&!the&!and: conflict
but&!vhs&!the&and: positive
but&!vhs&the&!features: negative
but&!vhs&the&features: positive
but&vhs: conflict
DecisionTree learned:
!but&!and&!good&!great: negative
!but&!and&!good&great: positive
!but&!and&good&!it: positive
!but&!and&good&it: negative
!but&and&!complain&!extended: positive
!but&and&!complain&extended: neutral
!but&and&complain: conflict
but&!repair&!had&!be: positive
but&!repair&!had&be: negative
but&!repair&had&!not: conflict
but&!repair&had&not: negative
but&repair&!to: negative
but&repair&to: neutral
DecisionTree learned:
!but&!great&!and&!love: negative
!but&!great&!and&love: positive
!but&!great&and&!complain: positive
!but&!great&and&complain: conflict
!but&great&!longer&!media: positive
!but&great&!longer&media: conflict
!but&great&longer: conflict
but&!the&!it&!we: neutral
but&!the&!it&we: negative
but&!the&it&!vbp: conflict
but&!the&it&vbp: negative
but&the&!mac&!still: negative
but&the&!mac&still: negative
but&the&mac&!use: neutral
but&the&mac&use: positive
DecisionTree learned:
!but&!vbz&!good&!when: negative
!but&!vbz&!good&when: negative
!but&!vbz&good&!it: positive
!but&!vbz&good&it: negative
!but&vbz&!easy&!not: positive
!but&vbz&!easy&not: negative
!but&vbz&easy&!cd: positive
!but&vbz&easy&cd: neutral
but&!screen&!support&!was: negative
but&!screen&!support&was: negative
but&!screen&support: negative
but&screen&!on&!size: conflict
but&screen&!on&size: positive
but&screen&on: negative
DecisionTree learned:
!but&!and&!dedicated&!great: negative
!but&!and&!dedicated&great: positive
!but&!and&dedicated&!nnp: conflict
!but&!and&dedicated&nnp: positive
!but&and&!md&!vbd: positive
!but&and&!md&vbd: negative
!but&and&md&!about: negative
!but&and&md&about: positive
but&!all&!jj&!nn: conflict
but&!all&!jj&nn: negative
but&!all&jj&!screen: negative
but&!all&jj&screen: conflict
but&all&!and: positive
but&all&and&!at: neutral
but&all&and&at: negative
DecisionTree learned:
!but&!vbz&!email&!it: positive
!but&!vbz&!email&it: negative
!but&!vbz&email&!itunes: neutral
!but&!vbz&email&itunes: positive
!but&vbz&!very&!though: positive
!but&vbz&!very&though: conflict
!but&vbz&very&!not: positive
!but&vbz&very&not: negative
but&!speed&!all&!system: negative
but&!speed&!all&system: negative
but&!speed&all&!at: neutral
but&!speed&all&at: negative
but&speed: neutral
DecisionTree learned:
!but&!speed&!great&!macbook: negative
!but&!speed&!great&macbook: positive
!but&!speed&great&!of: positive
!but&!speed&great&of: negative
!but&speed&!etc&!next: positive
!but&speed&!etc&next: negative
!but&speed&etc: negative
but&!repair&!it&!windows: positive
but&!repair&!it&windows: neutral
but&!repair&it&!my: negative
but&!repair&it&my: neutral
but&repair&!to: negative
but&repair&to: neutral
DecisionTree learned:
!but&!dt&!good&!the: positive
!but&!dt&!good&the: negative
!but&!dt&good: positive
!but&dt&!macbook&!love: negative
!but&dt&!macbook&love: positive
!but&dt&macbook&!of: positive
!but&dt&macbook&of: negative
but&!if&!speed&!rather: negative
but&!if&!speed&rather: neutral
but&!if&speed: neutral
but&if&!to&!mac: negative
but&if&!to&mac: positive
but&if&to: neutral
DecisionTree learned:
!but&!easy&!fast&!good: negative
!but&!easy&!fast&good: positive
!but&!easy&fast&!one: positive
!but&!easy&fast&one: neutral
!but&easy&!one&!not: positive
!but&easy&!one&not: positive
!but&easy&one: neutral
but&!jj&!nn: conflict
but&!jj&nn&!had: positive
but&!jj&nn&had: conflict
but&jj&!well&!with: negative
but&jj&!well&with: negative
but&jj&well: positive
DecisionTree learned:
!but&!worth&!and&!love: negative
!but&!worth&!and&love: positive
!but&!worth&and&!extended: positive
!but&!worth&and&extended: neutral
!but&worth&!nn: positive
!but&worth&nn&!money: negative
!but&worth&nn&money: positive
but&!being&!like&!they: negative
but&!being&!like&they: negative
but&!being&like&!nn: negative
but&!being&like&nn: positive
but&being: neutral
DecisionTree learned:
!but&!vbd&!and&!love: negative
!but&!vbd&!and&love: positive
!but&!vbd&and&!md: positive
!but&!vbd&and&md: negative
!but&vbd&!vbn&!wanted: negative
!but&vbd&!vbn&wanted: neutral
!but&vbd&vbn&!with: negative
!but&vbd&vbn&with: neutral
but&!ever&!all&!rather: negative
but&!ever&!all&rather: neutral
but&!ever&all&!and: positive
but&!ever&all&and: neutral
but&ever: conflict
DecisionTree learned:
!but&!is&!rb&!when: positive
!but&!is&!rb&when: negative
!but&!is&rb&!macbook: negative
!but&!is&rb&macbook: conflict
!but&is&!in&!jj: positive
!but&is&!in&jj: positive
!but&is&in&!n: positive
!but&is&in&n: negative
but&!screen&!jj&!had: neutral
but&!screen&!jj&had: conflict
but&!screen&jj&!two: positive
but&!screen&jj&two: conflict
but&screen&!on&!computer: conflict
but&screen&!on&computer: negative
but&screen&on: negative
DecisionTree learned:
!but&!great&!speed&!the: positive
!but&!great&!speed&the: negative
!but&!great&speed&!next: positive
!but&!great&speed&next: negative
!but&great&!life&!that: positive
!but&great&!life&that: positive
!but&great&life&!vb: negative
!but&great&life&vb: conflict
but&!was&!screen&!battery: negative
but&!was&!screen&battery: negative
but&!was&screen&!computer: conflict
but&!was&screen&computer: negative
but&was&!couple&!rb: negative
but&was&!couple&rb: positive
but&was&couple: conflict
DecisionTree learned:
!but&!not&!worth&!is: positive
!but&!not&!worth&is: positive
!but&!not&worth&!money: conflict
!but&!not&worth&money: positive
!but&not&!graphics&!netbook: negative
!but&not&!graphics&netbook: neutral
!but&not&graphics: conflict
but&!repair&!support&!it: positive
but&!repair&!support&it: negative
but&!repair&support: negative
but&repair&!to: negative
but&repair&to: neutral
DecisionTree learned:
!but&!easy&!not&!and: negative
!but&!easy&!not&and: positive
!but&!easy&not&!netbook: negative
!but&!easy&not&netbook: neutral
!but&easy&!not&!one: positive
!but&easy&!not&one: neutral
!but&easy&not&!nns: negative
!but&easy&not&nns: positive
but&!learning&!support&!it: positive
but&!learning&!support&it: negative
but&!learning&support: negative
but&learning&!and: positive
but&learning&and: neutral
DecisionTree learned:
!but&!worth&!fast&!vbd: positive
!but&!worth&!fast&vbd: negative
!but&!worth&fast&!one: positive
!but&!worth&fast&one: neutral
!but&worth&!n&!nn: positive
!but&worth&!n&nn: conflict
!but&worth&n: negative
but&!was&!huge&!had: positive
but&!was&!huge&had: conflict
but&!was&huge: conflict
but&was&!couple&!about: negative
but&was&!couple&about: conflict
but&was&couple: conflict
DecisionTree learned:
!but&!and&!is&!dt: neutral
!but&!and&!is&dt: negative
!but&!and&is&!only: negative
!but&!and&is&only: negative
!but&and&!extended&!complain: positive
!but&and&!extended&complain: conflict
!but&and&extended&!my: neutral
!but&and&extended&my: conflict
but&!it&!windows&!be: positive
but&!it&!windows&be: negative
but&!it&windows&!vbz: neutral
but&!it&windows&vbz: negative
but&it&!my&!just: negative
but&it&!my&just: positive
but&it&my&!vb: positive
but&it&my&vb: neutral
DecisionTree learned:
!but&!had&!love&!very: negative
!but&!had&!love&very: positive
!but&!had&love: positive
!but&had&!to&!in: positive
!but&had&!to&in: negative
!but&had&to&!from: negative
!but&had&to&from: neutral
but&!repair&!it&!an: positive
but&!repair&!it&an: conflict
but&!repair&it&!my: conflict
but&!repair&it&my: neutral
but&repair&!to: negative
but&repair&to: neutral
DecisionTree learned:
!but&!great&!worth&!dedicated: negative
!but&!great&!worth&dedicated: conflict
!but&!great&worth&!n: conflict
!but&!great&worth&n: negative
!but&great&!longer&!media: positive
!but&great&!longer&media: conflict
!but&great&longer: conflict
but&!speed&!well&!internet: negative
but&!speed&!well&internet: conflict
but&!speed&well&!nn: conflict
but&!speed&well&nn: positive
but&speed: neutral
DecisionTree learned:
!but&!and&!dedicated&!not: negative
!but&!and&!dedicated&not: negative
!but&!and&dedicated&!nnp: conflict
!but&!and&dedicated&nnp: positive
!but&and&!extended&!complain: positive
!but&and&!extended&complain: conflict
!but&and&extended&!my: neutral
!but&and&extended&my: conflict
but&!was&!laptop&!use: negative
but&!was&!laptop&use: positive
but&!was&laptop&!vbd: positive
but&!was&laptop&vbd: neutral
but&was&!s&!rb: negative
but&was&!s&rb: positive
but&was&s: conflict
DecisionTree learned:
!but&!and&!though&!dedicated: negative
!but&!and&!though&dedicated: conflict
!but&!and&though&!rb: negative
!but&!and&though&rb: conflict
!but&and&!extended&!md: positive
!but&and&!extended&md: negative
!but&and&extended&!my: neutral
!but&and&extended&my: conflict
but&!speed&!all&!they: positive
but&!speed&!all&they: negative
but&!speed&all&!and: positive
but&!speed&all&and: neutral
but&speed: neutral
DecisionTree learned:
!but&!speed&!great&!some: negative
!but&!speed&!great&some: negative
!but&!speed&great&!of: positive
!but&!speed&great&of: negative
!but&speed&!etc&!next: positive
!but&speed&!etc&next: negative
!but&speed&etc: negative
but&!so&!speed&!dt: negative
but&!so&!speed&dt: positive
but&!so&speed: neutral
but&so&!was: neutral
but&so&was: positive
DecisionTree learned:
!but&!and&!cc&!generally: negative
!but&!and&!cc&generally: conflict
!but&!and&cc&!windows: neutral
!but&!and&cc&windows: negative
!but&and&!extended&!complain: positive
!but&and&!extended&complain: conflict
!but&and&extended&!my: neutral
!but&and&extended&my: conflict
but&!speed&!dt&!well: negative
but&!speed&!dt&well: positive
but&!speed&dt&!has: negative
but&!speed&dt&has: conflict
but&speed: neutral
DecisionTree learned:
!but&!uses&!macbook&!is: negative
!but&!uses&!macbook&is: positive
!but&!uses&macbook&!of: positive
!but&!uses&macbook&of: negative
!but&uses&!of: neutral
!but&uses&of: conflict
but&!speed&!dt&!well: negative
but&!speed&!dt&well: positive
but&!speed&dt&!the: neutral
but&!speed&dt&the: negative
but&speed: neutral
DecisionTree learned:
!but&!great&!macbook&!speed: negative
!but&!great&!macbook&speed: positive
!but&!great&macbook&!of: positive
!but&!great&macbook&of: conflict
!but&great&!media&!would: positive
!but&great&!media&would: conflict
!but&great&media&!and: conflict
!but&great&media&and: positive
but&!like&!if&!it: positive
but&!like&!if&it: negative
but&!like&if&!to: positive
but&!like&if&to: neutral
but&like&!nn: negative
but&like&nn: positive
DecisionTree learned:
!but&!and&!cc&!dedicated: negative
!but&!and&!cc&dedicated: conflict
!but&!and&cc&!up: neutral
!but&!and&cc&up: negative
!but&and&!complain&!extended: positive
!but&and&!complain&extended: neutral
!but&and&complain: conflict
but&!called&!vhs&!the: conflict
but&!called&!vhs&the: negative
but&!called&vhs: conflict
but&called: neutral
DecisionTree learned:
!but&!uses&!worth&!and: negative
!but&!uses&!worth&and: positive
!but&!uses&worth&!nn: positive
!but&!uses&worth&nn: conflict
!but&uses&!of: neutral
!but&uses&of: conflict
but&!screen&!was&!had: negative
but&!screen&!was&had: negative
but&!screen&was&!rb: negative
but&!screen&was&rb: positive
but&screen&!on&!size: conflict
but&screen&!on&size: positive
but&screen&on: negative
DecisionTree learned:
!but&!vbz&!generally&!bars: neutral
!but&!vbz&!generally&bars: conflict
!but&!vbz&generally: conflict
!but&vbz&!requires&!not: positive
!but&vbz&!requires&not: negative
!but&vbz&requires: conflict
but&!learning&!if&!any: negative
but&!learning&!if&any: neutral
but&!learning&if&!to: negative
but&!learning&if&to: neutral
but&learning&!and: positive
but&learning&and: neutral
DecisionTree learned:
!but&!uses&!macbook&!is: neutral
!but&!uses&!macbook&is: positive
!but&!uses&macbook&!of: positive
!but&!uses&macbook&of: conflict
!but&uses&!of: neutral
!but&uses&of: conflict
but&!learning&!called&!so: negative
but&!learning&!called&so: neutral
but&!learning&called: neutral
but&learning&!and: positive
but&learning&and: neutral
DecisionTree learned:
!but&!worth&!some&!bars: positive
!but&!worth&!some&bars: conflict
!but&!worth&some&!vbg: negative
!but&!worth&some&vbg: conflict
!but&worth&!n&!nn: positive
!but&worth&!n&nn: conflict
!but&worth&n: negative
but&!jj&!nn: conflict
but&!jj&nn&!had: neutral
but&!jj&nn&had: conflict
but&jj&!its&!rather: negative
but&jj&!its&rather: neutral
but&jj&its&!is: positive
but&jj&its&is: neutral
DecisionTree learned:
!but&!dedicated&!very&!good: negative
!but&!dedicated&!very&good: positive
!but&!dedicated&very&!functions: positive
!but&!dedicated&very&functions: conflict
!but&dedicated&!graphics&!vb: positive
!but&dedicated&!graphics&vb: neutral
!but&dedicated&graphics: conflict
but&!screen&!was&!laptop: negative
but&!screen&!was&laptop: positive
but&!screen&was&!rb: negative
but&!screen&was&rb: positive
but&screen&!size&!computer: conflict
but&screen&!size&computer: negative
but&screen&size: positive
DecisionTree learned:
!but&!worth&!inconvenient&!awesome: negative
!but&!worth&!inconvenient&awesome: positive
!but&!worth&inconvenient: conflict
!but&worth&!are&!n: conflict
!but&worth&!are&n: negative
!but&worth&are: negative
but&!was&!had&!has: positive
but&!was&!had&has: conflict
but&!was&had&!not: conflict
but&!was&had&not: negative
but&was&!rb&!computer: negative
but&was&!rb&computer: conflict
but&was&rb&!s: positive
but&was&rb&s: conflict
DecisionTree learned:
!but&!the&!twice&!bars: positive
!but&!the&!twice&bars: conflict
!but&!the&twice: conflict
!but&the&!worth&!love: negative
!but&the&!worth&love: positive
!but&the&worth&!n: conflict
!but&the&worth&n: negative
but&!was&!did&!it: positive
but&!was&!did&it: negative
but&!was&did&!nnp: conflict
but&!was&did&nnp: neutral
but&was&!rb&!computer: negative
but&was&!rb&computer: conflict
but&was&rb&!s: positive
but&was&rb&s: conflict
DecisionTree learned:
!but&!easy&!felt&!macbook: negative
!but&!easy&!felt&macbook: positive
!but&!easy&felt: conflict
!but&easy&!one&!not: positive
!but&easy&!one&not: positive
!but&easy&one: neutral
but&!speed&!we&!features: negative
but&!speed&!we&features: positive
but&!speed&we&!jjr: negative
but&!speed&we&jjr: positive
but&speed: neutral
DecisionTree learned:
!but&!cd&!dt&!rb: positive
!but&!cd&!dt&rb: positive
!but&!cd&dt&!life: negative
!but&!cd&dt&life: positive
!but&cd&!am&!vbn: neutral
!but&cd&!am&vbn: negative
!but&cd&am&!get: neutral
!but&cd&am&get: conflict
but&!was&!had&!an: positive
but&!was&!had&an: conflict
but&!was&had&!not: conflict
but&!was&had&not: negative
but&was&!s&!rb: negative
but&was&!s&rb: positive
but&was&s: conflict
DecisionTree learned:
!but&!some&!worth&!life: negative
!but&!some&!worth&life: positive
!but&!some&worth&!nn: positive
!but&!some&worth&nn: conflict
!but&some&!vbg&!inside: negative
!but&some&!vbg&inside: neutral
!but&some&vbg&!the: negative
!but&some&vbg&the: conflict
but&!learning&!any&!being: negative
but&!learning&!any&being: neutral
but&!learning&any: neutral
but&learning&!and: positive
but&learning&and: neutral
DecisionTree learned:
!but&!easy&!life&!worth: negative
!but&!easy&!life&worth: conflict
!but&!easy&life&!my: positive
!but&!easy&life&my: conflict
!but&easy&!one&!not: positive
!but&easy&!one&not: positive
!but&easy&one: neutral
but&!it&!an&!jjs: positive
but&!it&!an&jjs: conflict
but&!it&an&!rb: neutral
but&!it&an&rb: conflict
but&it&!my&!for: conflict
but&it&!my&for: positive
but&it&my&!vb: positive
but&it&my&vb: neutral
DecisionTree learned:
!but&!dt&!router&!good: positive
!but&!dt&!router&good: positive
!but&!dt&router: conflict
!but&dt&!macbook&!inconvenient: negative
!but&dt&!macbook&inconvenient: conflict
!but&dt&macbook&!of: positive
!but&dt&macbook&of: conflict
but&!being&!it&!be: positive
but&!being&!it&be: negative
but&!being&it&!new: negative
but&!being&it&new: neutral
but&being: neutral
DecisionTree learned:
!but&!felt&!macbook&!great: negative
!but&!felt&!macbook&great: positive
!but&!felt&macbook&!of: positive
!but&!felt&macbook&of: negative
!but&felt: conflict
but&!the&!it&!and: conflict
but&!the&!it&and: positive
but&!the&it&!cd: negative
but&!the&it&cd: conflict
but&the&!its&!huge: positive
but&the&!its&huge: conflict
but&the&its&!is: positive
but&the&its&is: neutral
DecisionTree learned:
!but&!dt&!router&!than: positive
!but&!dt&!router&than: negative
!but&!dt&router: conflict
!but&dt&!generally&!laptops: negative
!but&dt&!generally&laptops: conflict
!but&dt&generally: conflict
but&!learning&!rather&!being: negative
but&!learning&!rather&being: neutral
but&!learning&rather: neutral
but&learning&!and: positive
but&learning&and: neutral
DecisionTree learned:
!but&!macbook&!love&!dedicated: negative
!but&!macbook&!love&dedicated: conflict
!but&!macbook&love&!vbd: positive
!but&!macbook&love&vbd: neutral
!but&macbook&!of&!hard: positive
!but&macbook&!of&hard: conflict
!but&macbook&of&!will: negative
!but&macbook&of&will: conflict
but&!up&!any&!learning: negative
but&!up&!any&learning: neutral
but&!up&any: neutral
but&up&!mac: negative
but&up&mac: positive
DecisionTree learned:
!but&!though&!great&!macbook: negative
!but&!though&!great&macbook: positive
!but&!though&great&!rb: positive
!but&!though&great&rb: positive
!but&though&!it&!vbp: negative
!but&though&!it&vbp: neutral
!but&though&it&!nn: positive
!but&though&it&nn: conflict
but&!screen&!be&!support: positive
but&!screen&!be&support: negative
but&!screen&be&!a: negative
but&!screen&be&a: positive
but&screen&!size&!computer: conflict
but&screen&!size&computer: negative
but&screen&size: positive
DecisionTree learned:
!but&!great&!macbook&!against: negative
!but&!great&!macbook&against: conflict
!but&!great&macbook&!of: positive
!but&!great&macbook&of: conflict
!but&great&!media&!would: positive
!but&great&!media&would: conflict
!but&great&media&!and: conflict
!but&great&media&and: positive
but&!expected&!be&!vb: positive
but&!expected&!be&vb: conflict
but&!expected&be&!a: negative
but&!expected&be&a: positive
but&expected: neutral
DecisionTree learned:
!but&!worth&!life&!inconvenient: negative
!but&!worth&!life&inconvenient: conflict
!but&!worth&life&!my: positive
!but&!worth&life&my: conflict
!but&worth&!are&!n: conflict
!but&worth&!are&n: negative
!but&worth&are: negative
but&!rather&!jj&!nn: conflict
but&!rather&!jj&nn: neutral
but&!rather&jj&!all: negative
but&!rather&jj&all: neutral
but&rather: neutral
DecisionTree learned:
!but&!dt&!router&!jjr: positive
!but&!dt&!router&jjr: negative
!but&!dt&router: conflict
!but&dt&!cd&!cc: negative
!but&dt&!cd&cc: positive
!but&dt&cd&!you: neutral
!but&dt&cd&you: positive
but&!screen&!two&!external: negative
but&!screen&!two&external: neutral
but&!screen&two&!vb: positive
but&!screen&two&vb: conflict
but&screen&!size&!computer: conflict
but&screen&!size&computer: negative
but&screen&size: positive
DecisionTree learned:
!but&!worth&!dedicated&!great: negative
!but&!worth&!dedicated&great: positive
!but&!worth&dedicated&!graphics: neutral
!but&!worth&dedicated&graphics: conflict
!but&worth&!n&!of: conflict
!but&worth&!n&of: negative
!but&worth&n: negative
but&!the&!have&!it: neutral
but&!the&!have&it: conflict
but&!the&have: negative
but&the&!two&!they: negative
but&the&!two&they: negative
but&the&two&!vb: positive
but&the&two&vb: conflict
DecisionTree learned:
!but&!laptops&!dedicated&!is: neutral
!but&!laptops&!dedicated&is: positive
!but&!laptops&dedicated&!graphics: positive
!but&!laptops&dedicated&graphics: conflict
!but&laptops&!it&!are: neutral
!but&laptops&!it&are: negative
!but&laptops&it: conflict
but&!jj&!nn: conflict
but&!jj&nn&!was: neutral
but&!jj&nn&was: conflict
but&jj&!an&!all: positive
but&jj&!an&all: neutral
but&jj&an&!with: conflict
but&jj&an&with: neutral
DecisionTree learned:
!but&!macbook&!great&!against: negative
!but&!macbook&!great&against: conflict
!but&!macbook&great&!rb: positive
!but&!macbook&great&rb: positive
!but&macbook&!for&!of: positive
!but&macbook&!for&of: conflict
!but&macbook&for&!rb: neutral
!but&macbook&for&rb: conflict
but&!speed&!all&!use: negative
but&!speed&!all&use: positive
but&!speed&all&!and: positive
but&!speed&all&and: neutral
but&speed: neutral
DecisionTree learned:
!but&!worth&!dedicated&!inconvenient: positive
!but&!worth&!dedicated&inconvenient: conflict
!but&!worth&dedicated&!graphics: positive
!but&!worth&dedicated&graphics: conflict
!but&worth&!nn: positive
!but&worth&nn&!money: conflict
!but&worth&nn&money: positive
but&!was&!had&!when: positive
but&!was&!had&when: conflict
but&!was&had&!not: conflict
but&!was&had&not: negative
but&was&!s&!rb: negative
but&was&!s&rb: positive
but&was&s: conflict
DecisionTree learned:
!but&!uses&!requires&!great: negative
!but&!uses&!requires&great: positive
!but&!uses&requires: conflict
!but&uses&!of: neutral
!but&uses&of: conflict
but&!ever&!was&!laptop: negative
but&!ever&!was&laptop: neutral
but&!ever&was&!rb: negative
but&!ever&was&rb: positive
but&ever: conflict
DecisionTree learned:
!but&!dt&!router&!than: positive
!but&!dt&!router&than: negative
!but&!dt&router: conflict
!but&dt&!though&!macbook: negative
!but&dt&!though&macbook: positive
!but&dt&though&!it: negative
!but&dt&though&it: conflict
but&!if&!features&!like: negative
but&!if&!features&like: positive
but&!if&features&!is: positive
but&!if&features&is: neutral
but&if&!to&!mac: negative
but&if&!to&mac: positive
but&if&to: neutral
DecisionTree learned:
!but&!worth&!great&!inconvenient: negative
!but&!worth&!great&inconvenient: conflict
!but&!worth&great&!media: positive
!but&!worth&great&media: conflict
!but&worth&!pricetag&!price: positive
!but&worth&!pricetag&price: conflict
!but&worth&pricetag: conflict
but&!external&!enough&!screen: negative
but&!external&!enough&screen: conflict
but&!external&enough: conflict
but&external: neutral
DecisionTree learned:
!but&!macbook&!great&!some: negative
!but&!macbook&!great&some: negative
!but&!macbook&great&!media: positive
!but&!macbook&great&media: conflict
!but&macbook&!vbg&!of: positive
!but&macbook&!vbg&of: conflict
!but&macbook&vbg&!for: positive
!but&macbook&vbg&for: neutral
but&!expected&!be&!repair: positive
but&!expected&!be&repair: negative
but&!expected&be&!is: negative
but&!expected&be&is: positive
but&expected: neutral
DecisionTree learned:
!but&!dt&!router&!good: neutral
!but&!dt&!router&good: positive
!but&!dt&router: conflict
!but&dt&!macbook&!though: negative
!but&dt&!macbook&though: conflict
!but&dt&macbook&!of: positive
!but&dt&macbook&of: conflict
but&!tag&!was&!had: positive
but&!tag&!was&had: conflict
but&!tag&was&!cd: conflict
but&!tag&was&cd: positive
but&tag: conflict
DecisionTree learned:
!but&!cc&!some&!laptops: negative
!but&!cc&!some&laptops: conflict
!but&!cc&some&!vbg: positive
!but&!cc&some&vbg: conflict
!but&cc&!complain&!extended: positive
!but&cc&!complain&extended: neutral
!but&cc&complain: conflict
but&!the&!it&!dt: conflict
but&!the&!it&dt: neutral
but&!the&it&!for: conflict
but&!the&it&for: positive
but&the&!learning&!they: positive
but&the&!learning&they: negative
but&the&learning&!and: positive
but&the&learning&and: neutral
DecisionTree learned:
!but&!and&!some&!generally: negative
!but&!and&!some&generally: conflict
!but&!and&some&!vbg: negative
!but&!and&some&vbg: conflict
!but&and&!extended&!complain: positive
!but&and&!extended&complain: conflict
!but&and&extended&!my: neutral
!but&and&extended&my: conflict
but&!being&!an&!expected: negative
but&!being&!an&expected: neutral
but&!being&an&!with: conflict
but&!being&an&with: neutral
but&being: neutral
DecisionTree learned:
!but&!vbz&!it&!despite: neutral
!but&!vbz&!it&despite: conflict
!but&!vbz&it&!will: negative
!but&!vbz&it&will: conflict
!but&vbz&!though&!the: positive
!but&vbz&!though&the: positive
!but&vbz&though&!rb: negative
!but&vbz&though&rb: conflict
but&!card&!learning&!the: conflict
but&!card&!learning&the: positive
but&!card&learning&!and: positive
but&!card&learning&and: neutral
but&card: neutral
DecisionTree learned:
!but&!dt&!router&!good: neutral
!but&!dt&!router&good: positive
!but&!dt&router: conflict
!but&dt&!dedicated&!worth: negative
!but&dt&!dedicated&worth: conflict
!but&dt&dedicated&!graphics: positive
!but&dt&dedicated&graphics: conflict
but&!up&!it&!jjs: positive
but&!up&!it&jjs: conflict
but&!up&it&!for: conflict
but&!up&it&for: positive
but&up&!mac: negative
but&up&mac: positive
DecisionTree learned:
!but&!dt&!router&!slow: positive
!but&!dt&!router&slow: negative
!but&!dt&router: conflict
!but&dt&!cd&!cc: negative
!but&dt&!cd&cc: positive
!but&dt&cd&!made: neutral
!but&dt&cd&made: conflict
but&!card&!if&!repair: positive
but&!card&!if&repair: negative
but&!card&if&!to: negative
but&!card&if&to: neutral
but&card: neutral
DecisionTree learned:
!but&!inconvenient&!uses&!life: negative
!but&!inconvenient&!uses&life: positive
!but&!inconvenient&uses&!of: neutral
!but&!inconvenient&uses&of: conflict
!but&inconvenient: conflict
but&!up&!learning&!if: positive
but&!up&!learning&if: neutral
but&!up&learning: neutral
but&up&!mac: negative
but&up&mac: positive
DecisionTree learned:
!but&!macbook&!life&!inconvenient: negative
!but&!macbook&!life&inconvenient: conflict
!but&!macbook&life&!my: positive
!but&!macbook&life&my: conflict
!but&macbook&!nnp&!and: conflict
!but&macbook&!nnp&and: positive
!but&macbook&nnp&!for: positive
!but&macbook&nnp&for: neutral
but&!the&!nn&!jj: conflict
but&!the&!nn&jj: negative
but&!the&nn&!it: neutral
but&!the&nn&it: conflict
but&the&!use&!two: negative
but&the&!use&two: conflict
but&the&use&!vbn: positive
but&the&use&vbn: negative
DecisionTree learned:
!but&!felt&!worth&!some: negative
!but&!felt&!worth&some: negative
!but&!felt&worth&!pricetag: negative
!but&!felt&worth&pricetag: conflict
!but&felt: conflict
but&!card&!rather&!the: conflict
but&!card&!rather&the: positive
but&!card&rather: neutral
but&card: neutral
DecisionTree learned:
!but&!laptops&!vbz&!despite: neutral
!but&!laptops&!vbz&despite: conflict
!but&!laptops&vbz&!requires: positive
!but&!laptops&vbz&requires: conflict
!but&laptops&!it&!and: negative
!but&laptops&!it&and: neutral
!but&laptops&it: conflict
but&!two&!was&!huge: negative
but&!two&!was&huge: conflict
but&!two&was&!s: negative
but&!two&was&s: conflict
but&two&!vb&!is: positive
but&two&!vb&is: negative
but&two&vb: conflict
DecisionTree learned:
!but&!dt&!router&!rb: neutral
!but&!dt&!router&rb: negative
!but&!dt&router: conflict
!but&dt&!takes&!inconvenient: negative
!but&dt&!takes&inconvenient: conflict
!but&dt&takes&!nn: conflict
!but&dt&takes&nn: neutral
but&!was&!had&!vbd: negative
but&!was&!had&vbd: neutral
but&!was&had&!jj: conflict
but&!was&had&jj: negative
but&was&!rb&!for: conflict
but&was&!rb&for: negative
but&was&rb&!s: positive
but&was&rb&s: conflict
DecisionTree learned:
!but&!dt&!router&!good: neutral
!but&!dt&!router&good: positive
!but&!dt&router: conflict
!but&dt&!macbook&!generally: negative
!but&dt&!macbook&generally: conflict
!but&dt&macbook&!of: positive
!but&dt&macbook&of: conflict
but&!huge&!an&!support: negative
but&!huge&!an&support: negative
but&!huge&an&!with: conflict
but&!huge&an&with: neutral
but&huge: conflict
DecisionTree learned:
!but&!dt&!router&!rb: neutral
!but&!dt&!router&rb: negative
!but&!dt&router: conflict
!but&dt&!macbook&!dedicated: negative
!but&dt&!macbook&dedicated: conflict
!but&dt&macbook&!nns: conflict
!but&dt&macbook&nns: positive
but&!all&!jj&!nn: conflict
but&!all&!jj&nn: neutral
but&!all&jj&!external: positive
but&!all&jj&external: neutral
but&all&!and: positive
but&all&and: neutral
DecisionTree learned:
!but&!cc&!some&!macbook: negative
!but&!cc&!some&macbook: conflict
!but&!cc&some&!vbg: negative
!but&!cc&some&vbg: conflict
!but&cc&!extended&!complain: positive
!but&cc&!extended&complain: conflict
!but&cc&extended&!my: neutral
!but&cc&extended&my: conflict
but&!learning&!the&!it: neutral
but&!learning&!the&it: conflict
but&!learning&the&!rather: negative
but&!learning&the&rather: neutral
but&learning&!and: positive
but&learning&and: neutral
DecisionTree learned:
!but&!cc&!dedicated&!laptops: negative
!but&!cc&!dedicated&laptops: conflict
!but&!cc&dedicated&!nnp: conflict
!but&!cc&dedicated&nnp: positive
!but&cc&!extended&!complain: positive
!but&cc&!extended&complain: conflict
!but&cc&extended&!my: neutral
!but&cc&extended&my: conflict
but&!be&!they&!who: conflict
but&!be&!they&who: neutral
but&!be&they&!jj: neutral
but&!be&they&jj: negative
but&be&!a: negative
but&be&a&!it: negative
but&be&a&it: positive
DecisionTree learned:
!but&!dt&!router&!rb: neutral
!but&!dt&!router&rb: negative
!but&!dt&router: conflict
!but&dt&!cd&!cc: negative
!but&dt&!cd&cc: positive
!but&dt&cd&!made: neutral
!but&dt&cd&made: conflict
but&!jj&!nn: conflict
but&!jj&nn&!had: neutral
but&!jj&nn&had: conflict
but&jj&!all&!another: negative
but&jj&!all&another: neutral
but&jj&all&!than: neutral
but&jj&all&than: positive
DecisionTree learned:
!but&!dedicated&!great&!macbook: negative
!but&!dedicated&!great&macbook: positive
!but&!dedicated&great&!rb: positive
!but&!dedicated&great&rb: positive
!but&dedicated&!graphics&!vb: positive
!but&dedicated&!graphics&vb: neutral
!but&dedicated&graphics: conflict
but&!windows&!card&!school: negative
but&!windows&!card&school: neutral
but&!windows&card: neutral
but&windows&!it&!vbz: neutral
but&windows&!it&vbz: negative
but&windows&it&!use: conflict
but&windows&it&use: positive
DecisionTree learned:
!but&!against&!great&!worth: negative
!but&!against&!great&worth: conflict
!but&!against&great&!media: positive
!but&!against&great&media: conflict
!but&against: conflict
but&!repair&!there&!all: positive
but&!repair&!there&all: neutral
but&!repair&there&!in: neutral
but&!repair&there&in: negative
but&repair&!to: negative
but&repair&to: neutral
DecisionTree learned:
!but&!dt&!router&!rb: neutral
!but&!dt&!router&rb: negative
!but&!dt&router: conflict
!but&dt&!though&!takes: negative
!but&dt&!though&takes: conflict
!but&dt&though&!vbz: negative
!but&dt&though&vbz: conflict
but&!use&!windows&!there: conflict
but&!use&!windows&there: negative
but&!use&windows&!dt: negative
but&!use&windows&dt: neutral
but&use&!needed&!vbn: positive
but&use&!needed&vbn: negative
but&use&needed: neutral
DecisionTree learned:
!but&!and&!great&!some: negative
!but&!and&!great&some: conflict
!but&!and&great&!of: positive
!but&!and&great&of: negative
!but&and&!extended&!complain: positive
!but&and&!extended&complain: conflict
!but&and&extended&!my: neutral
!but&and&extended&my: conflict
but&!there&!vhs&!speed: positive
but&!there&!vhs&speed: neutral
but&!there&vhs: conflict
but&there&!in: neutral
but&there&in&!much: negative
but&there&in&much: positive
DecisionTree learned:
!but&!dt&!router&!good: positive
!but&!dt&!router&good: positive
!but&!dt&router: conflict
!but&dt&!against&!though: negative
!but&dt&!against&though: conflict
!but&dt&against: conflict
but&!all&!jj&!nn: conflict
but&!all&!jj&nn: neutral
but&!all&jj&!vb: positive
but&!all&jj&vb: conflict
but&all&!jj&!nnp: negative
but&all&!jj&nnp: positive
but&all&jj: neutral
DecisionTree learned:
!but&!worth&!great&!against: negative
!but&!worth&!great&against: conflict
!but&!worth&great&!rb: positive
!but&!worth&great&rb: positive
!but&worth&!pricetag&!price: negative
!but&worth&!pricetag&price: conflict
!but&worth&pricetag: conflict
but&!any&!feature&!support: negative
but&!any&!feature&support: negative
but&!any&feature: conflict
but&any: neutral
DecisionTree learned:
!but&!though&!great&!inconvenient: negative
!but&!though&!great&inconvenient: conflict
!but&!though&great&!media: positive
!but&!though&great&media: conflict
!but&though&!it&!vbp: negative
!but&though&!it&vbp: neutral
!but&though&it&!vbz: negative
!but&though&it&vbz: conflict
but&!if&!card&!external: negative
but&!if&!card&external: neutral
but&!if&card: neutral
but&if&!to&!mac: negative
but&if&!to&mac: positive
but&if&to: neutral
DecisionTree learned:
!but&!felt&!life&!macbook: negative
!but&!felt&!life&macbook: conflict
!but&!felt&life&!my: positive
!but&!felt&life&my: conflict
!but&felt: conflict
but&!they&!all&!speed: positive
but&!they&!all&speed: neutral
but&!they&all&!and: positive
but&!they&all&and: neutral
but&they&!vbd&!nn: conflict
but&they&!vbd&nn: negative
but&they&vbd&!jj: neutral
but&they&vbd&jj: negative
DecisionTree learned:
!but&!dedicated&!against&!life: negative
!but&!dedicated&!against&life: positive
!but&!dedicated&against: conflict
!but&dedicated&!graphics&!vb: positive
!but&dedicated&!graphics&vb: neutral
!but&dedicated&graphics: conflict
but&!was&!had&!an: positive
but&!was&!had&an: conflict
but&!was&had&!jj: conflict
but&!was&had&jj: negative
but&was&!rb&!of: negative
but&was&!rb&of: conflict
but&was&rb&!s: positive
but&was&rb&s: conflict
DecisionTree learned:
!but&!life&!worth&!some: negative
!but&!life&!worth&some: negative
!but&!life&worth&!of: conflict
!but&!life&worth&of: negative
!but&life&!my&!been: positive
!but&life&!my&been: conflict
!but&life&my&!laptop: negative
!but&life&my&laptop: conflict
but&!ever&!i&!windows: conflict
but&!ever&!i&windows: neutral
but&!ever&i&!which: positive
but&!ever&i&which: conflict
but&ever: conflict
DecisionTree learned:
!but&!macbook&!much&!great: negative
!but&!macbook&!much&great: positive
!but&!macbook&much&!laptops: positive
!but&!macbook&much&laptops: conflict
!but&macbook&!of&!hard: positive
!but&macbook&!of&hard: conflict
!but&macbook&of&!will: negative
!but&macbook&of&will: conflict
but&!rather&!jj&!nn: conflict
but&!rather&!jj&nn: positive
but&!rather&jj&!with: negative
but&!rather&jj&with: conflict
but&rather: neutral
DecisionTree learned:
!but&!felt&!dedicated&!takes: negative
!but&!felt&!dedicated&takes: conflict
!but&!felt&dedicated&!graphics: positive
!but&!felt&dedicated&graphics: conflict
!but&felt: conflict
but&!being&!all&!it: positive
but&!being&!all&it: negative
but&!being&all&!and: positive
but&!being&all&and: neutral
but&being: neutral
DecisionTree learned:
!but&!some&!very&!good: neutral
!but&!some&!very&good: positive
!but&!some&very&!nns: positive
!but&!some&very&nns: negative
!but&some&!vbg&!inside: negative
!but&some&!vbg&inside: neutral
!but&some&vbg&!the: negative
!but&some&vbg&the: conflict
but&!an&!for&!mac: negative
but&!an&!for&mac: positive
but&!an&for&!if: positive
but&!an&for&if: neutral
but&an&!with&!vbn: conflict
but&an&!with&vbn: negative
but&an&with: neutral
DecisionTree learned:
!but&!dedicated&!great&!some: positive
!but&!dedicated&!great&some: negative
!but&!dedicated&great&!rb: positive
!but&!dedicated&great&rb: positive
!but&dedicated&!graphics&!vb: positive
!but&dedicated&!graphics&vb: neutral
!but&dedicated&graphics: conflict
but&!internet&!all&!jj: neutral
but&!internet&!all&jj: negative
but&!internet&all&!and: positive
but&!internet&all&and: neutral
but&internet: conflict
DecisionTree learned:
!but&!worth&!some&!requires: positive
!but&!worth&!some&requires: conflict
!but&!worth&some&!vbg: negative
!but&!worth&some&vbg: conflict
!but&worth&!nn: positive
!but&worth&nn&!money: conflict
!but&worth&nn&money: positive
but&!all&!it&!windows: positive
but&!all&!it&windows: neutral
but&!all&it&!my: conflict
but&!all&it&my: neutral
but&all&!and: positive
but&all&and: neutral
DecisionTree learned:
!but&!easy&!cc&!dedicated: negative
!but&!easy&!cc&dedicated: conflict
!but&!easy&cc&!laptop: positive
!but&!easy&cc&laptop: negative
!but&easy&!one&!not: positive
!but&easy&!one&not: positive
!but&easy&one: neutral
but&!if&!learning&!could: positive
but&!if&!learning&could: negative
but&!if&learning: neutral
but&if&!to&!mac: negative
but&if&!to&mac: positive
but&if&to: neutral
DecisionTree learned:
!but&!worth&!dedicated&!felt: positive
!but&!worth&!dedicated&felt: conflict
!but&!worth&dedicated&!graphics: positive
!but&!worth&dedicated&graphics: conflict
!but&worth&!pricetag&!price: positive
!but&worth&!pricetag&price: conflict
!but&worth&pricetag: conflict
but&!two&!was&!had: positive
but&!two&!was&had: negative
but&!two&was&!rb: conflict
but&!two&was&rb: positive
but&two&!vb&!is: positive
but&two&!vb&is: negative
but&two&vb: conflict
DecisionTree learned:
!but&!inconvenient&!some&!felt: negative
!but&!inconvenient&!some&felt: conflict
!but&!inconvenient&some&!vbg: negative
!but&!inconvenient&some&vbg: conflict
!but&inconvenient: conflict
but&!an&!rather&!jj: negative
but&!an&!rather&jj: positive
but&!an&rather: neutral
but&an&!with&!vbn: conflict
but&an&!with&vbn: negative
but&an&with: neutral
DecisionTree learned:
!but&!inconvenient&!macbook&!against: negative
!but&!inconvenient&!macbook&against: conflict
!but&!inconvenient&macbook&!of: positive
!but&!inconvenient&macbook&of: conflict
!but&inconvenient: conflict
but&!rather&!support&!still: positive
but&!rather&!support&still: negative
but&!rather&support: negative
but&rather: neutral
DecisionTree learned:
!but&!cc&!great&!some: negative
!but&!cc&!great&some: conflict
!but&!cc&great&!of: conflict
!but&!cc&great&of: negative
!but&cc&!and&!windows: neutral
!but&cc&!and&windows: negative
!but&cc&and&!extended: positive
!but&cc&and&extended: neutral
but&!expected&!they&!we: positive
but&!expected&!they&we: negative
but&!expected&they&!that: negative
but&!expected&they&that: neutral
but&expected: neutral
DecisionTree learned:
!but&!dt&!router&!jjr: positive
!but&!dt&!router&jjr: negative
!but&!dt&router: conflict
!but&dt&!against&!ease: negative
!but&dt&!against&ease: positive
!but&dt&against: conflict
but&!two&!was&!had: positive
but&!two&!was&had: conflict
but&!two&was&!rb: negative
but&!two&was&rb: positive
but&two&!vb&!is: positive
but&two&!vb&is: negative
but&two&vb: conflict
DecisionTree learned:
!but&!great&!dedicated&!macbook: negative
!but&!great&!dedicated&macbook: conflict
!but&!great&dedicated&!graphics: positive
!but&!great&dedicated&graphics: conflict
!but&great&!rb&!vbn: positive
!but&great&!rb&vbn: conflict
!but&great&rb&!no: positive
!but&great&rb&no: neutral
but&!being&!if&!it: positive
but&!being&!if&it: negative
but&!being&if&!to: positive
but&!being&if&to: neutral
but&being: neutral
DecisionTree learned:
!but&!inconvenient&!felt&!some: neutral
!but&!inconvenient&!felt&some: negative
!but&!inconvenient&felt: conflict
!but&inconvenient: conflict
but&!jj&!you&!bought: neutral
but&!jj&!you&bought: positive
but&!jj&you: positive
but&jj&!external&!rather: negative
but&jj&!external&rather: neutral
but&jj&external: neutral
DecisionTree learned:
!but&!though&!great&!macbook: negative
!but&!though&!great&macbook: conflict
!but&!though&great&!media: positive
!but&!though&great&media: conflict
!but&though&!it&!with: negative
!but&though&!it&with: positive
!but&though&it&!nn: positive
!but&though&it&nn: conflict
but&!being&!still&!features: conflict
but&!being&!still&features: positive
but&!being&still&!vbn: negative
but&!being&still&vbn: neutral
but&being: neutral
DecisionTree learned:
!but&!cc&!generally&!some: negative
!but&!cc&!generally&some: conflict
!but&!cc&generally: conflict
!but&cc&!extended&!complain: positive
!but&cc&!extended&complain: conflict
!but&cc&extended&!my: neutral
!but&cc&extended&my: conflict
but&!speed&!has&!ever: positive
but&!speed&!has&ever: conflict
but&!speed&has&!and: positive
but&!speed&has&and: conflict
but&speed: neutral
Trial 0 Training cc.mallet.classify.AdaBoostM2Trainer@7e78fc6 finished
Trial 0 Trainer cc.mallet.classify.AdaBoostM2Trainer@7e78fc6 test data accuracy = 0.5111561866125761

NaiveBayesTrainer
Summary. test accuracy mean = 0.6835699797160243 stddev = 0.0 stderr = 0.0

MaxEntTrainer,gaussianPriorVariance=1.0
Summary. test accuracy mean = 0.6734279918864098 stddev = 0.0 stderr = 0.0

cc.mallet.classify.DecisionTreeTrainer@2b2d96f2
Summary. test accuracy mean = 0.5314401622718052 stddev = 0.0 stderr = 0.0

cc.mallet.classify.AdaBoostM2Trainer@7e78fc6
Summary. test accuracy mean = 0.5111561866125761 stddev = 0.0 stderr = 0.0
