
-------------------- Trial 0  --------------------

Trial 0 Training NaiveBayesTrainer with 1865 instances
Trial 0 Training NaiveBayesTrainer finished
Trial 0 Trainer NaiveBayesTrainer test data accuracy = 0.640973630831643
Trial 0 Training MaxEntTrainer,gaussianPriorVariance=1.0 with 1865 instances
Trial 0 Training MaxEntTrainer,gaussianPriorVariance=1.0 finished
Trial 0 Trainer MaxEntTrainer,gaussianPriorVariance=1.0 test data accuracy = 0.6288032454361054
Trial 0 Training cc.mallet.classify.DecisionTreeTrainer@266bade9 with 1865 instances
DecisionTree learned:
!great&!and&!but&!manag: negative
!great&!and&!but&manag: neutral
!great&!and&but&!to: negative
!great&!and&but&to: neutral
!great&and&!back&!fast: positive
!great&and&!back&fast: positive
!great&and&back&!in: negative
!great&and&back&in: negative
great&!had&!lack&!but: positive
great&!had&!lack&but: positive
great&!had&lack: negative
great&had&!and: negative
great&had&and: negative
Trial 0 Training cc.mallet.classify.DecisionTreeTrainer@266bade9 finished
Trial 0 Trainer cc.mallet.classify.DecisionTreeTrainer@266bade9 test data accuracy = 0.5456389452332657
Trial 0 Training cc.mallet.classify.AdaBoostM2Trainer@7e78fc6 with 1865 instances
DecisionTree learned:
!great&!and&!but&!manag: negative
!great&!and&!but&manag: neutral
!great&!and&but&!to: negative
!great&!and&but&to: neutral
!great&and&!fast&!would: positive
!great&and&!fast&would: negative
!great&and&fast&!easi: positive
!great&and&fast&easi: positive
great&!had&!lack&!but: positive
great&!had&!lack&but: positive
great&!had&lack: negative
great&had&!and: negative
great&had&and: negative
DecisionTree learned:
!great&!good&!love&!fast: negative
!great&!good&!love&fast: positive
!great&!good&love&!bit: positive
!great&!good&love&bit: negative
!great&good&!at&!no: positive
!great&good&!at&no: negative
!great&good&at&!use: positive
!great&good&at&use: conflict
great&!had&!but&!lack: positive
great&!had&!but&lack: negative
great&!had&but&!be: conflict
great&!had&but&be: negative
great&had&!and: negative
great&had&and: negative
DecisionTree learned:
!great&!and&!but&!manag: negative
!great&!and&!but&manag: neutral
!great&!and&but&!to: negative
!great&!and&but&to: neutral
!great&and&!back&!good: positive
!great&and&!back&good: positive
!great&and&back&!in: negative
!great&and&back&in: negative
great&!had&!lack&!but: positive
great&!had&!lack&but: positive
great&!had&lack: negative
great&had&!and: negative
great&had&and: negative
DecisionTree learned:
!but&!great&!good&!love: negative
!but&!great&!good&love: positive
!but&!great&good&!at: positive
!but&!great&good&at: neutral
!but&great&!had&!nearli: positive
!but&great&!had&nearli: neutral
!but&great&had&!and: negative
!but&great&had&and: negative
but&!got&!mac&!thi: negative
but&!got&!mac&thi: neutral
but&!got&mac&!more: neutral
but&!got&mac&more: positive
but&got: negative
DecisionTree learned:
!but&!great&!and&!manag: negative
!but&!great&!and&manag: neutral
!but&!great&and&!would: positive
!but&!great&and&would: negative
!but&great&!had&!lack: positive
!but&great&!had&lack: negative
!but&great&had&!and: negative
!but&great&had&and: negative
but&!mac&!thi&!so: negative
but&!mac&!thi&so: conflict
but&!mac&thi&!i: neutral
but&!mac&thi&i: negative
but&mac&!so&!time: positive
but&mac&!so&time: neutral
but&mac&so: neutral
DecisionTree learned:
!but&!great&!love&!fast: negative
!but&!great&!love&fast: positive
!but&!great&love&!size: positive
!but&!great&love&size: neutral
!but&great&!had&!need: positive
!but&great&!had&need: negative
!but&great&had&!and: negative
!but&great&had&and: negative
but&!got&!and&!on: negative
but&!got&!and&on: neutral
but&!got&and&!as: positive
but&!got&and&as: neutral
but&got: negative
DecisionTree learned:
!but&!fast&!use&!love: negative
!but&!fast&!use&love: positive
!but&!fast&use&!after: positive
!but&!fast&use&after: negative
!but&fast&!program&!you: positive
!but&fast&!program&you: positive
!but&fast&program: neutral
but&!mac&!thi&!so: negative
but&!mac&!thi&so: conflict
but&!mac&thi&!i: neutral
but&!mac&thi&i: negative
but&mac&!more&!hard: neutral
but&mac&!more&hard: positive
but&mac&more: positive
DecisionTree learned:
!but&!great&!good&!love: negative
!but&!great&!good&love: positive
!but&!great&good&!at: positive
!but&!great&good&at: neutral
!but&great&!had&!nearli: positive
!but&great&!had&nearli: neutral
!but&great&had&!and: negative
!but&great&had&and: negative
but&!learn&!thi&!edit: negative
but&!learn&!thi&edit: neutral
but&!learn&thi&!need: negative
but&!learn&thi&need: positive
but&learn&!on&!be: neutral
but&learn&!on&be: neutral
but&learn&on: positive
DecisionTree learned:
!but&!and&!use&!to: negative
!but&!and&!use&to: negative
!but&!and&use&!etc: positive
!but&!and&use&etc: neutral
!but&and&!i&!time: positive
!but&and&!i&time: negative
!but&and&i&!no: neutral
!but&and&i&no: negative
but&!got&!thi&!so: positive
but&!got&!thi&so: neutral
but&!got&thi&!i: neutral
but&!got&thi&i: negative
but&got: negative
DecisionTree learned:
!but&!and&!or&!great: negative
!but&!and&!or&great: positive
!but&!and&or&!the: neutral
!but&!and&or&the: negative
!but&and&!i&!program: positive
!but&and&!i&program: positive
!but&and&i&!other: positive
!but&and&i&other: neutral
but&!mac&!thi&!there: negative
but&!mac&!thi&there: negative
but&!mac&thi&!purchas: negative
but&!mac&thi&purchas: neutral
but&mac&!more&!hard: neutral
but&mac&!more&hard: positive
but&mac&more: positive
DecisionTree learned:
!but&!game&!for&!easi: negative
!but&!game&!for&easi: positive
!but&!game&for&!purchas: positive
!but&!game&for&purchas: neutral
!but&game&!is&!play: neutral
!but&game&!is&play: neutral
!but&game&is&!and: positive
!but&game&is&and: positive
but&!n&!and&!to: conflict
but&!n&!and&to: neutral
but&!n&and&!make: positive
but&!n&and&make: positive
but&n&!a&!got: positive
but&n&!a&got: negative
but&n&a&!and: negative
but&n&a&and: negative
DecisionTree learned:
!but&!easi&!not&!purchas: positive
!but&!easi&!not&purchas: neutral
!but&!easi&not&!program: negative
!but&!easi&not&program: neutral
!but&easi&!laptop&!you: positive
!but&easi&!laptop&you: positive
!but&easi&laptop&!softwar: neutral
!but&easi&laptop&softwar: neutral
but&!thi&!so&!than: negative
but&!thi&!so&than: positive
but&!thi&so&!as: conflict
but&!thi&so&as: neutral
but&thi&!boot&!need: negative
but&thi&!boot&need: positive
but&thi&boot&!just: neutral
but&thi&boot&just: positive
DecisionTree learned:
!but&!fast&!game&!great: negative
!but&!fast&!game&great: positive
!but&!fast&game&!is: neutral
!but&!fast&game&is: positive
!but&fast&!with: positive
!but&fast&with&!just: positive
!but&fast&with&just: neutral
but&!thi&!there&!hard: positive
but&!thi&!there&hard: neutral
but&!thi&there&!just: negative
but&!thi&there&just: positive
but&thi&!boot&!need: negative
but&thi&!boot&need: positive
but&thi&boot&!just: neutral
but&thi&boot&just: positive
DecisionTree learned:
!but&!not&!easy&!good: positive
!but&!not&!easy&good: positive
!but&!not&easy: positive
!but&not&!s&!huge: negative
!but&not&!s&huge: conflict
!but&not&s&!pc: conflict
!but&not&s&pc: positive
but&!thi&!so&!hard: negative
but&!thi&!so&hard: neutral
but&!thi&so&!as: conflict
but&!thi&so&as: neutral
but&thi&!the&!just: neutral
but&thi&!the&just: positive
but&thi&the&!need: negative
but&thi&the&need: positive
DecisionTree learned:
!but&!or&!i&!after: positive
!but&!or&!i&after: negative
!but&!or&i&!pc: neutral
!but&!or&i&pc: positive
!but&or&!you&!use: negative
!but&or&!you&use: neutral
!but&or&you&!make: neutral
!but&or&you&make: neutral
but&!and&!to&!i: conflict
but&!and&!to&i: positive
but&!and&to&!a: neutral
but&!and&to&a: neutral
but&and&!make&!as: positive
but&and&!make&as: neutral
but&and&make&!use: positive
but&and&make&use: positive
DecisionTree learned:
!but&!after&!use&!game: negative
!but&!after&!use&game: neutral
!but&!after&use&!etc: positive
!but&!after&use&etc: neutral
!but&after&!issu&!what: neutral
!but&after&!issu&what: positive
!but&after&issu&!a: positive
!but&after&issu&a: negative
but&!mac&!thi&!ha: negative
but&!mac&!thi&ha: positive
but&!mac&thi&!i: neutral
but&!mac&thi&i: negative
but&mac&!hard&!more: positive
but&mac&!hard&more: positive
but&mac&hard: positive
DecisionTree learned:
!but&!and&!get&!little: negative
!but&!and&!get&little: conflict
!but&!and&get&!of: conflict
!but&!and&get&of: neutral
!but&and&!i&!time: positive
!but&and&!i&time: negative
!but&and&i&!other: positive
!but&and&i&other: neutral
but&!mac&!thi&!ha: negative
but&!mac&!thi&ha: positive
but&!mac&thi&!new: negative
but&!mac&thi&new: positive
but&mac&!more&!to: positive
but&mac&!more&to: neutral
but&mac&more: positive
DecisionTree learned:
!but&!little&!after&!use: positive
!but&!little&!after&use: positive
!but&!little&after&!issu: negative
!but&!little&after&issu: negative
!but&little&!is: negative
!but&little&is&!to: conflict
!but&little&is&to: negative
but&!thi&!so&!track: negative
but&!thi&!so&track: neutral
but&!thi&so&!as: conflict
but&!thi&so&as: neutral
but&thi&!i: neutral
but&thi&i&!had: negative
but&thi&i&had: neutral
DecisionTree learned:
!but&!and&!or&!get: negative
!but&!and&!or&get: conflict
!but&!and&or&!the: neutral
!but&!and&or&the: negative
!but&and&!i&!you: positive
!but&and&!i&you: neutral
!but&and&i&!month: neutral
!but&and&i&month: negative
but&!mac&!hard&!thi: negative
but&!mac&!hard&thi: neutral
but&!mac&hard&!new: neutral
but&!mac&hard&new: neutral
but&mac&!time&!you: positive
but&mac&!time&you: positive
but&mac&time: neutral
DecisionTree learned:
!but&!and&!very&!speed: negative
!but&!and&!very&speed: positive
!but&!and&very&!are: positive
!but&!and&very&are: negative
!but&and&!problem&!back: positive
!but&and&!problem&back: negative
!but&and&problem&!softwar: negative
!but&and&problem&softwar: positive
but&!mac&!i&!appl: conflict
but&!mac&!i&appl: neutral
but&!mac&i&!on: positive
but&!mac&i&on: neutral
but&mac&!more&!to: neutral
but&mac&!more&to: neutral
but&mac&more: positive
DecisionTree learned:
!but&!and&!speed&!price: negative
!but&!and&!speed&price: positive
!but&!and&speed&!upgrad: positive
!but&!and&speed&upgrad: positive
!but&and&!suck&!having: positive
!but&and&!suck&having: conflict
!but&and&suck: conflict
but&!new&!thi&!laptop: negative
but&!new&!thi&laptop: neutral
but&!new&thi&!need: negative
but&!new&thi&need: positive
but&new&!with&!if: neutral
but&new&!with&if: negative
but&new&with: neutral
DecisionTree learned:
!but&!and&!or&!get: negative
!but&!and&!or&get: conflict
!but&!and&or&!extra: neutral
!but&!and&or&extra: positive
!but&and&!i&!were: positive
!but&and&!i&were: negative
!but&and&i&!other: neutral
!but&and&i&other: neutral
but&!i&!to&!and: conflict
but&!i&!to&and: positive
but&!i&to&!doe: neutral
but&!i&to&doe: negative
but&i&!got&!my: neutral
but&i&!got&my: positive
but&i&got: negative
DecisionTree learned:
!but&!little&!great&!i: negative
!but&!little&!great&i: neutral
!but&!little&great&!had: positive
!but&!little&great&had: negative
!but&little&!is: negative
!but&little&is&!to: conflict
!but&little&is&to: negative
but&!thi&!so&!outsid: positive
but&!thi&!so&outsid: neutral
but&!thi&so&!as: conflict
but&!thi&so&as: neutral
but&thi&!the&!just: neutral
but&thi&!the&just: positive
but&thi&the&!purchas: negative
but&thi&the&purchas: neutral
DecisionTree learned:
!but&!game&!and&!price: negative
!but&!game&!and&price: positive
!but&!game&and&!suck: positive
!but&!game&and&suck: conflict
!but&game&!is&!thi: neutral
!but&game&!is&thi: neutral
!but&game&is&!and: neutral
!but&game&is&and: positive
but&!thi&!so&!there: positive
but&!thi&!so&there: negative
but&!thi&so&!as: conflict
but&!thi&so&as: neutral
but&thi&!make&!need: negative
but&thi&!make&need: positive
but&thi&make: positive
DecisionTree learned:
!but&!and&!price&!very: negative
!but&!and&!price&very: positive
!but&!and&price&!laptop: positive
!but&!and&price&laptop: positive
!but&and&!warranti&!having: positive
!but&and&!warranti&having: conflict
!but&and&warranti&!the: neutral
!but&and&warranti&the: negative
but&!thi&!so&!hard: negative
but&!thi&!so&hard: neutral
but&!thi&so&!for: neutral
but&!thi&so&for: conflict
but&thi&!had&!wa: negative
but&thi&!had&wa: negative
but&thi&had&!just: neutral
but&thi&had&just: positive
DecisionTree learned:
!but&!and&!perfect&!get: negative
!but&!and&!perfect&get: negative
!but&!and&perfect&!use: conflict
!but&!and&perfect&use: positive
!but&and&!were&!what: positive
!but&and&!were&what: neutral
!but&and&were&!all: negative
!but&and&were&all: conflict
but&!thi&!edit&!and: conflict
but&!thi&!edit&and: positive
but&!thi&edit&!to: neutral
but&!thi&edit&to: neutral
but&thi&!make&!that: neutral
but&thi&!make&that: neutral
but&thi&make: positive
DecisionTree learned:
!but&!and&!against&!little: negative
!but&!and&!against&little: negative
!but&!and&against: conflict
!but&and&!have&!i: positive
!but&and&!have&i: neutral
!but&and&have&!make: negative
!but&and&have&make: positive
but&!thi&!machin&!mac: negative
but&!thi&!machin&mac: positive
but&!thi&machin: positive
but&thi&!had&!need: negative
but&thi&!had&need: positive
but&thi&had&!just: neutral
but&thi&had&just: positive
DecisionTree learned:
!but&!for&!after&!and: negative
!but&!for&!after&and: positive
!but&!for&after&!display: negative
!but&!for&after&display: positive
!but&for&!despit&!to: positive
!but&for&!despit&to: neutral
!but&for&despit: conflict
but&!mac&!there&!i: conflict
but&!mac&!there&i: negative
but&!mac&there&!to: negative
but&!mac&there&to: negative
but&mac&!more&!to: positive
but&mac&!more&to: neutral
but&mac&more: positive
DecisionTree learned:
!but&!i&!much&!you: negative
!but&!i&!much&you: neutral
!but&!i&much&!that: positive
!but&!i&much&that: conflict
!but&i&!pc&!despit: neutral
!but&i&!pc&despit: conflict
!but&i&pc&!hp: positive
!but&i&pc&hp: conflict
but&!thi&!so&!email: positive
but&!thi&!so&email: neutral
but&!thi&so&!for: neutral
but&!thi&so&for: conflict
but&thi&!make&!need: neutral
but&thi&!make&need: positive
but&thi&make: positive
DecisionTree learned:
!but&!and&!very&!speed: negative
!but&!and&!very&speed: positive
!but&!and&very&!have: positive
!but&!and&very&have: negative
!but&and&!what&!much: positive
!but&and&!what&much: positive
!but&and&what&!the: conflict
!but&and&what&the: neutral
but&!hard&!did&!t: positive
but&!hard&!did&t: negative
but&!hard&did&!i: conflict
but&!hard&did&i: neutral
but&hard&!new&!is: neutral
but&hard&!new&is: neutral
but&hard&new: neutral
DecisionTree learned:
!but&!not&!purchas&!and: positive
!but&!not&!purchas&and: positive
!but&!not&purchas&!much: neutral
!but&!not&purchas&much: conflict
!but&not&!about&!huge: negative
!but&not&!about&huge: conflict
!but&not&about&!it: negative
!but&not&about&it: conflict
but&!ye&!thi&!so: negative
but&!ye&!thi&so: neutral
but&!ye&thi&!i: neutral
but&!ye&thi&i: negative
but&ye&!make: positive
but&ye&make: positive
DecisionTree learned:
!but&!little&!after&!not: positive
!but&!little&!after&not: negative
!but&!little&after&!what: negative
!but&!little&after&what: positive
!but&little&!is: negative
!but&little&is&!to: conflict
!but&little&is&to: negative
but&!mac&!there&!hard: positive
but&!mac&!there&hard: neutral
but&!mac&there&!thi: negative
but&!mac&there&thi: neutral
but&mac&!more&!hard: neutral
but&mac&!more&hard: positive
but&mac&more: positive
DecisionTree learned:
!but&!and&!price&!functions: negative
!but&!and&!price&functions: conflict
!but&!and&price&!laptop: positive
!but&!and&price&laptop: positive
!but&and&!much&!what: positive
!but&and&!much&what: neutral
!but&and&much&!when: positive
!but&and&much&when: conflict
but&!new&!size&!thi: negative
but&!new&!size&thi: neutral
but&!new&size&!i: neutral
but&!new&size&i: neutral
but&new&!with&!if: neutral
but&new&!with&if: negative
but&new&with: neutral
DecisionTree learned:
!but&!after&!and&!to: positive
!but&!after&!and&to: negative
!but&!after&and&!what: positive
!but&!after&and&what: neutral
!but&after&!issu&!what: neutral
!but&after&!issu&what: negative
!but&after&issu&!a: positive
!but&after&issu&a: negative
but&!thi&!and&!look: conflict
but&!thi&!and&look: positive
but&!thi&and&!it: negative
but&!thi&and&it: positive
but&thi&!need&!wa: neutral
but&thi&!need&wa: negative
but&thi&need: positive
DecisionTree learned:
!but&!and&!or&!bit: negative
!but&!and&!or&bit: conflict
!but&!and&or&!for: negative
!but&!and&or&for: neutral
!but&and&!suck&!having: positive
!but&and&!suck&having: conflict
!but&and&suck: conflict
but&!new&!thi&!email: positive
but&!new&!thi&email: neutral
but&!new&thi&!make: neutral
but&!new&thi&make: positive
but&new&!if&!with: neutral
but&new&!if&with: neutral
but&new&if: negative
DecisionTree learned:
!and&!but&!little&!concerned: negative
!and&!but&!little&concerned: conflict
!and&!but&little&!is: negative
!and&!but&little&is: conflict
!and&but&!to&!i: conflict
!and&but&!to&i: positive
!and&but&to&!a: neutral
!and&but&to&a: neutral
and&!i&!were&!more: positive
and&!i&!were&more: positive
and&!i&were&!great: negative
and&!i&were&great: neutral
and&i&!other&!drive: neutral
and&i&!other&drive: negative
and&i&other&!at: neutral
and&i&other&at: neutral
DecisionTree learned:
!but&!and&!price&!rarely: negative
!but&!and&!price&rarely: conflict
!but&!and&price&!laptop: positive
!but&!and&price&laptop: positive
!but&and&!having&!suck: positive
!but&and&!having&suck: conflict
!but&and&having&!so: conflict
!but&and&having&so: negative
but&!thi&!overal&!size: positive
but&!thi&!overal&size: neutral
but&!thi&overal&!softwar: neutral
but&!thi&overal&softwar: neutral
but&thi&!purchas&!the: neutral
but&thi&!purchas&the: negative
but&thi&purchas: neutral
DecisionTree learned:
!but&!and&!get&!little: negative
!but&!and&!get&little: conflict
!but&!and&get&!of: conflict
!but&!and&get&of: neutral
!but&and&!much&!back: positive
!but&and&!much&back: neutral
!but&and&much&!when: positive
!but&and&much&when: conflict
but&!thi&!and&!like: conflict
but&!thi&!and&like: positive
but&!thi&and&!than: positive
but&!thi&and&than: positive
but&thi&!purchas&!m: negative
but&thi&!purchas&m: negative
but&thi&purchas: neutral
DecisionTree learned:
!but&!and&!get&!little: negative
!but&!and&!get&little: conflict
!but&!and&get&!a: conflict
!but&!and&get&a: neutral
!but&and&!having&!warranti: positive
!but&and&!having&warranti: negative
!but&and&having&!so: conflict
!but&and&having&so: negative
but&!n&!in&!new: negative
but&!n&!in&new: neutral
but&!n&in&!for: neutral
but&!n&in&for: conflict
but&n&!warranti&!of: negative
but&n&!warranti&of: negative
but&n&warranti&!on: neutral
but&n&warranti&on: neutral
DecisionTree learned:
!but&!and&!to&!get: positive
!but&!and&!to&get: conflict
!but&!and&to&!look: neutral
!but&!and&to&look: conflict
!but&and&!having&!warranti: positive
!but&and&!having&warranti: negative
!but&and&having&!so: conflict
!but&and&having&so: negative
but&!drive&!there&!thi: positive
but&!drive&!there&thi: negative
but&!drive&there&!to: negative
but&!drive&there&to: negative
but&drive&!rather&!on: negative
but&drive&!rather&on: negative
but&drive&rather: neutral
DecisionTree learned:
!but&!and&!get&!functions: negative
!but&!and&!get&functions: conflict
!but&!and&get&!a: conflict
!but&!and&get&a: neutral
!but&and&!having&!much: positive
!but&and&!having&much: positive
!but&and&having&!so: conflict
!but&and&having&so: negative
but&!thi&!mac&!so: negative
but&!thi&!mac&so: conflict
but&!thi&mac&!time: positive
but&!thi&mac&time: neutral
but&thi&!i: neutral
but&thi&i&!had: negative
but&thi&i&had: positive
DecisionTree learned:
!but&!and&!rarely&!get: negative
!but&!and&!rarely&get: conflict
!but&!and&rarely: conflict
!but&and&!having&!suck: positive
!but&and&!having&suck: conflict
!but&and&having&!so: conflict
!but&and&having&so: negative
but&!mac&!tim&!thi: negative
but&!mac&!tim&thi: negative
but&!mac&tim: neutral
but&mac&!more&!to: positive
but&mac&!more&to: neutral
but&mac&more: positive
DecisionTree learned:
!but&!and&!price&!very: negative
!but&!and&!price&very: positive
!but&!and&price&!great: conflict
!but&!and&price&great: positive
!but&and&!have&!when: positive
!but&and&!have&when: negative
!but&and&have&!make: negative
!but&and&have&make: neutral
but&!track&!new&!hard: negative
but&!track&!new&hard: neutral
but&!track&new&!with: neutral
but&!track&new&with: neutral
but&track: neutral
DecisionTree learned:
!but&!and&!get&!glossy: negative
!but&!and&!get&glossy: conflict
!but&!and&get&!a: conflict
!but&!and&get&a: neutral
!but&and&!suck&!what: positive
!but&and&!suck&what: neutral
!but&and&suck: conflict
but&!look&!thi&!so: negative
but&!look&!thi&so: conflict
but&!look&thi&!purchas: negative
but&!look&thi&purchas: neutral
but&look&!is&!easi: positive
but&look&!is&easi: positive
but&look&is: positive
DecisionTree learned:
!but&!and&!get&!crystal: negative
!but&!and&!get&crystal: conflict
!but&!and&get&!of: conflict
!but&!and&get&of: neutral
!but&and&!fast&!problem: positive
!but&and&!fast&problem: negative
!but&and&fast&!mac: positive
!but&and&fast&mac: neutral
but&!n&!in&!new: negative
but&!n&!in&new: neutral
but&!n&in&!for: neutral
but&!n&in&for: conflict
but&n&!make&!of: negative
but&n&!make&of: neutral
but&n&make: positive
DecisionTree learned:
!but&!and&!little&!crystal: negative
!but&!and&!little&crystal: conflict
!but&!and&little&!is: negative
!but&!and&little&is: conflict
!but&and&!back&!suck: positive
!but&and&!back&suck: conflict
!but&and&back&!they: negative
!but&and&back&they: neutral
but&!thi&!in&!learn: negative
but&!thi&!in&learn: neutral
but&!thi&in&!for: neutral
but&!thi&in&for: conflict
but&thi&!m&!i: neutral
but&thi&!m&i: positive
but&thi&m&!not: negative
but&thi&m&not: negative
DecisionTree learned:
!but&!and&!price&!opt: negative
!but&!and&!price&opt: conflict
!but&!and&price&!worth: positive
!but&!and&price&worth: conflict
!but&and&!much&!what: positive
!but&and&!much&what: neutral
!but&and&much&!when: positive
!but&and&much&when: conflict
but&!thi&!mac&!so: negative
but&!thi&!mac&so: neutral
but&!thi&mac&!more: positive
but&!thi&mac&more: positive
but&thi&!with&!warranti: positive
but&thi&!with&warranti: neutral
but&thi&with&!for: negative
but&thi&with&for: neutral
DecisionTree learned:
!but&!and&!little&!glossy: negative
!but&!and&!little&glossy: conflict
!but&!and&little&!is: negative
!but&!and&little&is: conflict
!but&and&!suck&!having: positive
!but&and&!suck&having: conflict
!but&and&suck: conflict
but&!hard&!learn&!thi: negative
but&!hard&!learn&thi: negative
but&!hard&learn&!and: neutral
but&!hard&learn&and: positive
but&hard&!with&!on: neutral
but&hard&!with&on: neutral
but&hard&with: negative
DecisionTree learned:
!but&!and&!rarely&!crystal: negative
!but&!and&!rarely&crystal: conflict
!but&!and&rarely: conflict
!but&and&!suck&!having: positive
!but&and&!suck&having: conflict
!but&and&suck: conflict
but&!mac&!thi&!edit: negative
but&!mac&!thi&edit: neutral
but&!mac&thi&!with: neutral
but&!mac&thi&with: negative
but&mac&!more&!hard: neutral
but&mac&!more&hard: positive
but&mac&more: positive
DecisionTree learned:
!and&!but&!glossy&!get: negative
!and&!but&!glossy&get: conflict
!and&!but&glossy: conflict
!and&but&!were&!to: conflict
!and&but&!were&to: neutral
!and&but&were&!these: neutral
!and&but&were&these: positive
and&!back&!firefox&!easi: positive
and&!back&!firefox&easi: positive
and&!back&firefox&!use: neutral
and&!back&firefox&use: neutral
and&back&!are&!fan: negative
and&back&!are&fan: neutral
and&back&are: neutral
DecisionTree learned:
!but&!and&!someon&!to: negative
!but&!and&!someon&to: neutral
!but&!and&someon: conflict
!but&and&!suck&!having: positive
!but&and&!suck&having: conflict
!but&and&suck: conflict
but&!i&!appl&!mac: conflict
but&!i&!appl&mac: positive
but&!i&appl&!is: neutral
but&!i&appl&is: neutral
but&i&!did&!a: positive
but&i&!did&a: neutral
but&i&did&!and: neutral
but&i&did&and: neutral
DecisionTree learned:
!but&!and&!price&!screen: negative
!but&!and&!price&screen: conflict
!but&!and&price&!laptop: positive
!but&!and&price&laptop: positive
!but&and&!suck&!having: positive
!but&and&!suck&having: conflict
!but&and&suck: conflict
but&!mac&!appl&!i: conflict
but&!mac&!appl&i: positive
but&!mac&appl&!love: neutral
but&!mac&appl&love: negative
but&mac&!more&!to: positive
but&mac&!more&to: neutral
but&mac&more: positive
DecisionTree learned:
!but&!and&!get&!functions: negative
!but&!and&!get&functions: conflict
!but&!and&get&!of: conflict
!but&!and&get&of: neutral
!but&and&!much&!having: positive
!but&and&!much&having: conflict
!but&and&much&!it: negative
!but&and&much&it: positive
but&!mac&!thi&!so: negative
but&!mac&!thi&so: neutral
but&!mac&thi&!make: neutral
but&!mac&thi&make: positive
but&mac&!a&!i: neutral
but&mac&!a&i: positive
but&mac&a: neutral
DecisionTree learned:
!but&!and&!or&!very: negative
!but&!and&!or&very: positive
!but&!and&or&!for: neutral
!but&!and&or&for: neutral
!but&and&!qualiti&!much: negative
!but&and&!qualiti&much: positive
!but&and&qualiti: positive
but&!n&!and&!hard: conflict
but&!n&!and&hard: neutral
but&!n&and&!most: positive
but&!n&and&most: conflict
but&n&!did&!that: negative
but&n&!did&that: negative
but&n&did&!softwar: negative
but&n&did&softwar: neutral
DecisionTree learned:
!but&!game&!would&!and: negative
!but&!game&!would&and: positive
!but&!game&would&!which: negative
!but&!game&would&which: positive
!but&game&!is&!great: neutral
!but&game&!is&great: neutral
!but&game&is&!and: neutral
!but&game&is&and: positive
but&!mac&!thi&!outsid: negative
but&!mac&!thi&outsid: neutral
but&!mac&thi&!with: positive
but&!mac&thi&with: negative
but&mac&!time&!i: positive
but&mac&!time&i: positive
but&mac&time: neutral
DecisionTree learned:
!but&!and&!little&!price: negative
!but&!and&!little&price: positive
!but&!and&little&!is: negative
!but&!and&little&is: conflict
!but&and&!short&!back: positive
!but&and&!short&back: negative
!but&and&short: negative
but&!learn&!did&!size: negative
but&!learn&!did&size: neutral
but&!learn&did&!i: conflict
but&!learn&did&i: neutral
but&learn&!and&!use: neutral
but&learn&!and&use: neutral
but&learn&and&!use: positive
but&learn&and&use: neutral
DecisionTree learned:
!and&!to&!screen&!it: negative
!and&!to&!screen&it: negative
!and&!to&screen&!is: positive
!and&!to&screen&is: conflict
!and&to&!a&!power: negative
!and&to&!a&power: neutral
!and&to&a&!look: neutral
!and&to&a&look: conflict
and&!most&!problem&!back: positive
and&!most&!problem&back: negative
and&!most&problem&!softwar: negative
and&!most&problem&softwar: positive
and&most&!have&!just: neutral
and&most&!have&just: positive
and&most&have&!softwar: conflict
and&most&have&softwar: positive
DecisionTree learned:
!and&!but&!little&!get: negative
!and&!but&!little&get: conflict
!and&!but&little&!is: negative
!and&!but&little&is: conflict
!and&but&!hard&!to: conflict
!and&but&!hard&to: neutral
!and&but&hard&!new: neutral
!and&but&hard&new: neutral
and&!most&!fast&!firefox: positive
and&!most&!fast&firefox: neutral
and&!most&fast: positive
and&most&!have&!just: neutral
and&most&!have&just: positive
and&most&have&!softwar: positive
and&most&have&softwar: conflict
DecisionTree learned:
!but&!and&!to&!get: positive
!but&!and&!to&get: conflict
!but&!and&to&!look: negative
!but&!and&to&look: conflict
!but&and&!suck&!having: positive
!but&and&!suck&having: conflict
!but&and&suck: conflict
but&!new&!did&!machin: negative
but&!new&!did&machin: positive
but&!new&did&!i: conflict
but&!new&did&i: neutral
but&new&!with&!if: neutral
but&new&!with&if: negative
but&new&with: neutral
DecisionTree learned:
!and&!but&!someon&!to: positive
!and&!but&!someon&to: negative
!and&!but&someon: conflict
!and&but&!to&!on: conflict
!and&but&!to&on: neutral
!and&but&to&!for: neutral
!and&but&to&for: negative
and&!back&!check&!some: positive
and&!back&!check&some: negative
and&!back&check: neutral
and&back&!they&!me: negative
and&back&!they&me: neutral
and&back&they&!out: neutral
and&back&they&out: negative
DecisionTree learned:
!but&!and&!get&!perfect: negative
!but&!and&!get&perfect: conflict
!but&!and&get&!of: conflict
!but&!and&get&of: neutral
!but&and&!in&!have: positive
!but&and&!in&have: negative
!but&and&in&!edit: negative
!but&and&in&edit: neutral
but&!thi&!so&!differ: negative
but&!thi&!so&differ: neutral
but&!thi&so&!as: conflict
but&!thi&so&as: neutral
but&thi&!purchas&!m: positive
but&thi&!purchas&m: neutral
but&thi&purchas: neutral
DecisionTree learned:
!but&!and&!speed&!awesom: negative
!but&!and&!speed&awesom: positive
!but&!and&speed&!upgrad: positive
!but&!and&speed&upgrad: positive
!but&and&!having&!purchas: positive
!but&and&!having&purchas: neutral
!but&and&having&!so: conflict
!but&and&having&so: negative
but&!mac&!hard&!size: negative
but&!mac&!hard&size: neutral
but&!mac&hard&!new: neutral
but&!mac&hard&new: positive
but&mac&!hard&!more: neutral
but&mac&!hard&more: positive
but&mac&hard: positive
DecisionTree learned:
!but&!and&!crystal&!rarely: negative
!but&!and&!crystal&rarely: conflict
!but&!and&crystal: conflict
!but&and&!having&!suck: positive
!but&and&!having&suck: conflict
!but&and&having&!so: conflict
!but&and&having&so: negative
but&!new&!hard&!appl: negative
but&!new&!hard&appl: neutral
but&!new&hard&!mac: neutral
but&!new&hard&mac: positive
but&new&!with&!if: neutral
but&new&!with&if: negative
but&new&with: neutral
DecisionTree learned:
!but&!and&!concerned&!get: negative
!but&!and&!concerned&get: conflict
!but&!and&concerned: conflict
!but&and&!suck&!check: positive
!but&and&!suck&check: neutral
!but&and&suck: conflict
but&!hard&!did&!mac: negative
but&!hard&!did&mac: neutral
but&!hard&did&!i: conflict
but&!hard&did&i: neutral
but&hard&!with&!on: neutral
but&hard&!with&on: neutral
but&hard&with: neutral
DecisionTree learned:
!but&!and&!little&!get: negative
!but&!and&!little&get: conflict
!but&!and&little&!is: negative
!but&!and&little&is: conflict
!but&and&!suck&!what: positive
!but&and&!suck&what: neutral
!but&and&suck: conflict
but&!thi&!than&!laptop: negative
but&!thi&!than&laptop: neutral
but&!thi&than&!just: conflict
but&!thi&than&just: positive
but&thi&!just&!a: negative
but&thi&!just&a: neutral
but&thi&just&!than: positive
but&thi&just&than: neutral
DecisionTree learned:
!but&!and&!opt&!rarely: negative
!but&!and&!opt&rarely: conflict
!but&!and&opt: conflict
!but&and&!much&!having: positive
!but&and&!much&having: conflict
!but&and&much&!when: positive
!but&and&much&when: conflict
but&!there&!i&!learn: conflict
but&!there&!i&learn: neutral
but&!there&i&!the: neutral
but&!there&i&the: positive
but&there&!to: negative
but&there&to&!the: neutral
but&there&to&the: negative
DecisionTree learned:
!and&!but&!against&!screen: negative
!and&!but&!against&screen: positive
!and&!but&against: conflict
!and&but&!hard&!were: conflict
!and&but&!hard&were: neutral
!and&but&hard&!new: neutral
!and&but&hard&new: positive
and&!most&!game&!have: positive
and&!most&!game&have: negative
and&!most&game&!is: neutral
and&!most&game&is: positive
and&most&!have&!just: neutral
and&most&!have&just: positive
and&most&have&!softwar: positive
and&most&have&softwar: conflict
DecisionTree learned:
!and&!but&!functions&!of: negative
!and&!but&!functions&of: neutral
!and&!but&functions: conflict
!and&but&!hard&!track: conflict
!and&but&!hard&track: neutral
!and&but&hard&!with: neutral
!and&but&hard&with: negative
and&!board&!back&!warranti: positive
and&!board&!back&warranti: negative
and&!board&back&!of: neutral
and&!board&back&of: negative
and&board: negative
DecisionTree learned:
!and&!but&!concerned&!little: negative
!and&!but&!concerned&little: conflict
!and&!but&concerned: conflict
!and&but&!hard&!were: conflict
!and&but&!hard&were: neutral
!and&but&hard&!new: neutral
!and&but&hard&new: positive
and&!but&!easi&!were: positive
and&!but&!easi&were: negative
and&!but&easi&!laptop: positive
and&!but&easi&laptop: neutral
and&but&!most&!ye: negative
and&but&!most&ye: positive
and&but&most&!softwar: conflict
and&but&most&softwar: conflict
DecisionTree learned:
!but&!and&!glossy&!functions: negative
!but&!and&!glossy&functions: conflict
!but&!and&glossy: conflict
!but&and&!much&!having: positive
!but&and&!much&having: conflict
!but&and&much&!it: negative
!but&and&much&it: positive
but&!tim&!hard&!and: conflict
but&!tim&!hard&and: positive
but&!tim&hard&!with: neutral
but&!tim&hard&with: negative
but&tim: neutral
DecisionTree learned:
!and&!but&!someon&!to: positive
!and&!but&!someon&to: negative
!and&!but&someon: conflict
!and&but&!to&!i: conflict
!and&but&!to&i: positive
!and&but&to&!a: neutral
!and&but&to&a: neutral
and&!most&!good&!i: positive
and&!most&!good&i: neutral
and&!most&good&!at: positive
and&!most&good&at: neutral
and&most&!have&!just: neutral
and&most&!have&just: positive
and&most&have: positive
DecisionTree learned:
!and&!but&!concerned&!glossy: negative
!and&!but&!concerned&glossy: conflict
!and&!but&concerned: conflict
!and&but&!to&!i: conflict
!and&but&!to&i: positive
!and&but&to&!a: neutral
!and&but&to&a: neutral
and&!eas&!game&!easi: negative
and&!eas&!game&easi: positive
and&!eas&game&!is: neutral
and&!eas&game&is: positive
and&eas&!is: positive
and&eas&is: positive
DecisionTree learned:
!but&!and&!functions&!price: negative
!but&!and&!functions&price: positive
!but&!and&functions: conflict
!but&and&!suck&!having: positive
!but&and&!suck&having: conflict
!but&and&suck: conflict
but&!there&!new&!n: positive
but&!there&!new&n: negative
but&!there&new&!with: neutral
but&!there&new&with: neutral
but&there&!to&!just: negative
but&there&!to&just: positive
but&there&to&!the: neutral
but&there&to&the: negative
DecisionTree learned:
!but&!and&!get&!functions: negative
!but&!and&!get&functions: conflict
!but&!and&get&!of: conflict
!but&!and&get&of: neutral
!but&and&!suck&!having: positive
!but&and&!suck&having: conflict
!but&and&suck: conflict
but&!thi&!so&!hard: positive
but&!thi&!so&hard: neutral
but&!thi&so&!you: neutral
but&!thi&so&you: positive
but&thi&!just&!a: negative
but&thi&!just&a: neutral
but&thi&just&!than: positive
but&thi&just&than: neutral
DecisionTree learned:
!but&!and&!perfect&!huge: negative
!but&!and&!perfect&huge: conflict
!but&!and&perfect&!use: conflict
!but&!and&perfect&use: positive
!but&and&!much&!what: negative
!but&and&!much&what: neutral
!but&and&much&!when: positive
!but&and&much&when: conflict
but&!i&!email&!appl: conflict
but&!i&!email&appl: neutral
but&!i&email&!is: neutral
but&!i&email&is: neutral
but&i&!it&!not: negative
but&i&!it&not: neutral
but&i&it&!for: negative
but&i&it&for: positive
DecisionTree learned:
!and&!but&!rarely&!against: negative
!and&!but&!rarely&against: conflict
!and&!but&rarely: conflict
!and&but&!with&!to: negative
!and&but&!with&to: neutral
!and&but&with&!softwar: neutral
!and&but&with&softwar: conflict
and&!eas&!easi&!fast: negative
and&!eas&!easi&fast: positive
and&!eas&easi&!laptop: positive
and&!eas&easi&laptop: neutral
and&eas&!is: positive
and&eas&is: positive
DecisionTree learned:
!but&!and&!against&!huge: negative
!but&!and&!against&huge: conflict
!but&!and&against: conflict
!but&and&!warranti&!having: positive
!but&and&!warranti&having: conflict
!but&and&warranti&!wa: negative
!but&and&warranti&wa: neutral
but&!email&!thi&!so: negative
but&!email&!thi&so: conflict
but&!email&thi&!the: neutral
but&!email&thi&the: negative
but&email&!is: neutral
but&email&is: neutral
DecisionTree learned:
!and&!but&!little&!price: negative
!and&!but&!little&price: positive
!and&!but&little&!is: negative
!and&!but&little&is: conflict
!and&but&!n&!had: conflict
!and&but&!n&had: conflict
!and&but&n&!drive: negative
!and&but&n&drive: negative
and&!most&!fast&!problem: positive
and&!most&!fast&problem: negative
and&!most&fast: positive
and&most&!have&!just: neutral
and&most&!have&just: positive
and&most&have: conflict
DecisionTree learned:
!but&!and&!rarely&!get: negative
!but&!and&!rarely&get: conflict
!but&!and&rarely: conflict
!but&and&!suck&!having: positive
!but&and&!suck&having: conflict
!but&and&suck: conflict
but&!thi&!size&!learn: conflict
but&!thi&!size&learn: neutral
but&!thi&size&!and: neutral
but&!thi&size&and: neutral
but&thi&!with&!warranti: positive
but&thi&!with&warranti: neutral
but&thi&with&!for: negative
but&thi&with&for: neutral
DecisionTree learned:
!but&!and&!little&!get: negative
!but&!and&!little&get: conflict
!but&!and&little&!have: conflict
!but&!and&little&have: negative
!but&and&!suck&!having: positive
!but&and&!suck&having: conflict
!but&and&suck: conflict
but&!n&!hard&!thi: positive
but&!n&!hard&thi: neutral
but&!n&hard&!with: neutral
but&!n&hard&with: negative
but&n&!make&!of: negative
but&n&!make&of: neutral
but&n&make: positive
DecisionTree learned:
!but&!and&!get&!screen: negative
!but&!and&!get&screen: positive
!but&!and&get&!of: conflict
!but&!and&get&of: neutral
!but&and&!board&!having: positive
!but&and&!board&having: conflict
!but&and&board: negative
but&!did&!hard&!mac: negative
but&!did&!hard&mac: positive
but&!did&hard&!with: neutral
but&!did&hard&with: negative
but&did&!i: conflict
but&did&i&!and: neutral
but&did&i&and: neutral
DecisionTree learned:
!but&!and&!opt&!rarely: negative
!but&!and&!opt&rarely: conflict
!but&!and&opt: conflict
!but&and&!firefox&!present: positive
!but&and&!firefox&present: neutral
!but&and&firefox: neutral
but&!outsid&!thi&!size: positive
but&!outsid&!thi&size: neutral
but&!outsid&thi&!with: positive
but&!outsid&thi&with: negative
but&outsid&!softwar: neutral
but&outsid&softwar: neutral
DecisionTree learned:
!and&!screen&!price&!but: negative
!and&!screen&!price&but: conflict
!and&!screen&price&!laptop: conflict
!and&!screen&price&laptop: positive
!and&screen&!of&!also: conflict
!and&screen&!of&also: neutral
!and&screen&of&!for: negative
!and&screen&of&for: neutral
and&!short&!most&!suck: positive
and&!short&!most&suck: conflict
and&!short&most&!have: positive
and&!short&most&have: conflict
and&short: negative
DecisionTree learned:
!but&!and&!against&!rarely: negative
!but&!and&!against&rarely: conflict
!but&!and&against: conflict
!but&and&!having&!problem: positive
!but&and&!having&problem: negative
!but&and&having&!so: conflict
!but&and&having&so: negative
but&!thi&!laptop&!size: negative
but&!thi&!laptop&size: neutral
but&!thi&laptop&!than: neutral
but&!thi&laptop&than: conflict
but&thi&!boot&!a: negative
but&thi&!boot&a: neutral
but&thi&boot&!just: neutral
but&thi&boot&just: neutral
DecisionTree learned:
!and&!but&!perfect&!someon: negative
!and&!but&!perfect&someon: conflict
!and&!but&perfect&!use: conflict
!and&!but&perfect&use: positive
!and&but&!to&!i: conflict
!and&but&!to&i: positive
!and&but&to&!a: neutral
!and&but&to&a: neutral
and&!check&!i&!time: positive
and&!check&!i&time: negative
and&!check&i&!other: neutral
and&!check&i&other: neutral
and&check: neutral
DecisionTree learned:
!but&!and&!glossy&!rarely: positive
!but&!and&!glossy&rarely: conflict
!but&!and&glossy: conflict
!but&and&!having&!suck: positive
!but&and&!having&suck: conflict
!but&and&having&!so: conflict
!but&and&having&so: negative
but&!thi&!mac&!size: negative
but&!thi&!mac&size: neutral
but&!thi&mac&!easi: positive
but&!thi&mac&easi: neutral
but&thi&!the&!just: neutral
but&thi&!the&just: neutral
but&thi&the&!make: negative
but&thi&the&make: positive
DecisionTree learned:
!and&!to&!screen&!get: positive
!and&!to&!screen&get: conflict
!and&!to&screen&!is: positive
!and&!to&screen&is: conflict
!and&to&!a&!did: negative
!and&to&!a&did: negative
!and&to&a&!look: neutral
!and&to&a&look: conflict
and&!suck&!but&!having: positive
and&!suck&!but&having: conflict
and&!suck&but&!make: positive
and&!suck&but&make: positive
and&suck: conflict
DecisionTree learned:
!but&!and&!rarely&!little: negative
!but&!and&!rarely&little: conflict
!but&!and&rarely: conflict
!but&and&!suck&!problem: positive
!but&and&!suck&problem: negative
!but&and&suck: conflict
but&!thi&!qualiti&!so: positive
but&!thi&!qualiti&so: neutral
but&!thi&qualiti&!than: conflict
but&!thi&qualiti&than: conflict
but&thi&!with&!that: positive
but&thi&!with&that: negative
but&thi&with&!for: negative
but&thi&with&for: neutral
DecisionTree learned:
!and&!perfect&!but&!functions: negative
!and&!perfect&!but&functions: conflict
!and&!perfect&but&!hard: conflict
!and&!perfect&but&hard: neutral
!and&perfect&!use: conflict
!and&perfect&use: positive
and&!but&!suck&!having: positive
and&!but&!suck&having: conflict
and&!but&suck: conflict
and&but&!make&!a: negative
and&but&!make&a: positive
and&but&make&!use: positive
and&but&make&use: conflict
DecisionTree learned:
!and&!very&!to&!screen: negative
!and&!very&!to&screen: conflict
!and&!very&to&!look: neutral
!and&!very&to&look: conflict
!and&very&!screen&!have: positive
!and&very&!screen&have: negative
!and&very&screen: negative
and&!but&!having&!purchas: positive
and&!but&!having&purchas: neutral
and&!but&having&!so: conflict
and&!but&having&so: negative
and&but&!make&!a: negative
and&but&!make&a: positive
and&but&make&!use: conflict
and&but&make&use: conflict
DecisionTree learned:
!but&!and&!against&!get: negative
!but&!and&!against&get: conflict
!but&!and&against: conflict
!but&and&!suck&!having: positive
!but&and&!suck&having: conflict
!but&and&suck: conflict
but&!thi&!email&!mac: negative
but&!thi&!email&mac: positive
but&!thi&email&!is: neutral
but&!thi&email&is: neutral
but&thi&!m&!sinc: neutral
but&thi&!m&sinc: negative
but&thi&m&!not: negative
but&thi&m&not: negative
DecisionTree learned:
!but&!and&!little&!functions: negative
!but&!and&!little&functions: conflict
!but&!and&little&!is: negative
!but&!and&little&is: conflict
!but&and&!much&!in: neutral
!but&and&!much&in: negative
!but&and&much&!when: positive
!but&and&much&when: conflict
but&!thi&!so&!size: negative
but&!thi&!so&size: neutral
but&!thi&so&!as: conflict
but&!thi&so&as: neutral
but&thi&!m&!sinc: neutral
but&thi&!m&sinc: positive
but&thi&m&!not: neutral
but&thi&m&not: negative
DecisionTree learned:
!but&!and&!functions&!of: negative
!but&!and&!functions&of: neutral
!but&!and&functions: conflict
!but&and&!much&!having: positive
!but&and&!much&having: conflict
!but&and&much&!when: positive
!but&and&much&when: conflict
but&!email&!i&!learn: conflict
but&!email&!i&learn: neutral
but&!email&i&!which: positive
but&!email&i&which: conflict
but&email&!is: neutral
but&email&is: neutral
DecisionTree learned:
!but&!and&!rarely&!opt: negative
!but&!and&!rarely&opt: conflict
!but&!and&rarely: conflict
!but&and&!having&!much: positive
!but&and&!having&much: positive
!but&and&having&!so: conflict
!but&and&having&so: negative
but&!hard&!thi&!email: conflict
but&!hard&!thi&email: neutral
but&!hard&thi&!purchas: negative
but&!hard&thi&purchas: neutral
but&hard&!with&!on: neutral
but&hard&!with&on: neutral
but&hard&with: negative
DecisionTree learned:
!but&!and&!against&!very: negative
!but&!and&!against&very: positive
!but&!and&against: conflict
!but&and&!would&!have: positive
!but&and&!would&have: negative
!but&and&would&!to: negative
!but&and&would&to: neutral
but&!mac&!thi&!there: conflict
but&!mac&!thi&there: negative
but&!mac&thi&!m: positive
but&!mac&thi&m: negative
but&mac&!more&!to: positive
but&mac&!more&to: neutral
but&mac&more: positive
DecisionTree learned:
!and&!but&!get&!someon: negative
!and&!but&!get&someon: conflict
!and&!but&get&!a: conflict
!and&!but&get&a: neutral
!and&but&!to&!i: conflict
!and&but&!to&i: positive
!and&but&to&!for: neutral
!and&but&to&for: conflict
and&!but&!having&!much: neutral
and&!but&!having&much: positive
and&!but&having&!so: conflict
and&!but&having&so: negative
and&but&!most&!first: positive
and&but&!most&first: positive
and&but&most&!softwar: positive
and&but&most&softwar: positive
DecisionTree learned:
!and&!to&!but&!despit: positive
!and&!to&!but&despit: conflict
!and&!to&but&!not: negative
!and&!to&but&not: conflict
!and&to&!look&!a: negative
!and&to&!look&a: neutral
!and&to&look: conflict
and&!but&!much&!having: neutral
and&!but&!much&having: conflict
and&!but&much&!when: positive
and&!but&much&when: conflict
and&but&!make&!a: negative
and&but&!make&a: positive
and&but&make: positive
DecisionTree learned:
!but&!and&!perfect&!screen: negative
!but&!and&!perfect&screen: conflict
!but&!and&perfect: conflict
!but&and&!suck&!having: positive
!but&and&!suck&having: conflict
!but&and&suck: conflict
but&!thi&!laptop&!ha: negative
but&!thi&!laptop&ha: positive
but&!thi&laptop&!than: neutral
but&!thi&laptop&than: conflict
but&thi&!m&!i: neutral
but&thi&!m&i: positive
but&thi&m&!not: negative
but&thi&m&not: negative
DecisionTree learned:
!but&!and&!rarely&!concerned: negative
!but&!and&!rarely&concerned: conflict
!but&!and&rarely: conflict
!but&and&!suck&!back: positive
!but&and&!suck&back: negative
!but&and&suck: conflict
but&!most&!differ&!thi: negative
but&!most&!differ&thi: neutral
but&!most&differ&!is: neutral
but&!most&differ&is: neutral
but&most&!just&!softwar: conflict
but&most&!just&softwar: conflict
but&most&just: positive
DecisionTree learned:
!but&!and&!against&!screen: negative
!but&!and&!against&screen: conflict
!but&!and&against: conflict
!but&and&!purchas&!having: positive
!but&and&!purchas&having: conflict
!but&and&purchas&!much: neutral
!but&and&purchas&much: conflict
but&!mac&!t&!look: conflict
but&!mac&!t&look: positive
but&!mac&t&!laptop: negative
but&!mac&t&laptop: positive
but&mac&!hard&!more: neutral
but&mac&!hard&more: positive
but&mac&hard: positive
Trial 0 Training cc.mallet.classify.AdaBoostM2Trainer@7e78fc6 finished
Trial 0 Trainer cc.mallet.classify.AdaBoostM2Trainer@7e78fc6 test data accuracy = 0.5192697768762677

NaiveBayesTrainer
Summary. test accuracy mean = 0.640973630831643 stddev = 0.0 stderr = 0.0

MaxEntTrainer,gaussianPriorVariance=1.0
Summary. test accuracy mean = 0.6288032454361054 stddev = 0.0 stderr = 0.0

cc.mallet.classify.DecisionTreeTrainer@266bade9
Summary. test accuracy mean = 0.5456389452332657 stddev = 0.0 stderr = 0.0

cc.mallet.classify.AdaBoostM2Trainer@7e78fc6
Summary. test accuracy mean = 0.5192697768762677 stddev = 0.0 stderr = 0.0
