
-------------------- Trial 0  --------------------

Trial 0 Training NaiveBayesTrainer with 1865 instances
Trial 0 Training NaiveBayesTrainer finished
Trial 0 Trainer NaiveBayesTrainer test data accuracy = 0.6957403651115619
Trial 0 Training MaxEntTrainer,gaussianPriorVariance=1.0 with 1865 instances
Trial 0 Training MaxEntTrainer,gaussianPriorVariance=1.0 finished
Trial 0 Trainer MaxEntTrainer,gaussianPriorVariance=1.0 test data accuracy = 0.6774847870182555
Trial 0 Training cc.mallet.classify.DecisionTreeTrainer@5328f6ee with 1865 instances
DecisionTree learned:
!great&!but&!easi&!and: negative
!great&!but&!easi&and: positive
!great&!but&easi&!one: positive
!great&!but&easi&one: neutral
!great&but&!power&!repair: negative
!great&but&!power&repair: negative
!great&but&power: neutral
great&!but&!etc&!of: positive
great&!but&!etc&of: positive
great&!but&etc: negative
great&but&!screen&!is: negative
great&but&!screen&is: positive
great&but&screen: conflict
Trial 0 Training cc.mallet.classify.DecisionTreeTrainer@5328f6ee finished
Trial 0 Trainer cc.mallet.classify.DecisionTreeTrainer@5328f6ee test data accuracy = 0.5273833671399595
Trial 0 Training cc.mallet.classify.AdaBoostM2Trainer@7f56b6b9 with 1865 instances
DecisionTree learned:
!great&!but&!easi&!not: positive
!great&!but&!easi&not: negative
!great&!but&easi&!one: positive
!great&!but&easi&one: neutral
!great&but&!problem&!power: negative
!great&but&!problem&power: neutral
!great&but&problem&!so: negative
!great&but&problem&so: neutral
great&!but&!that&!lack: positive
great&!but&!that&lack: negative
great&!but&that&!etc: positive
great&!but&that&etc: negative
great&but&!screen&!it: negative
great&but&!screen&it: negative
great&but&screen: conflict
DecisionTree learned:
!great&!but&!easi&!speed: negative
!great&!but&!easi&speed: positive
!great&!but&easi&!one: positive
!great&!but&easi&one: neutral
!great&but&!so&!power: negative
!great&but&!so&power: neutral
!great&but&so&!wa: neutral
!great&but&so&wa: positive
great&!no&!but&!etc: positive
great&!no&!but&etc: negative
great&!no&but&!screen: negative
great&!no&but&screen: conflict
great&no: neutral
DecisionTree learned:
!great&!but&!and&!use: negative
!great&!but&!and&use: positive
!great&!but&and&!complain: positive
!great&!but&and&complain: conflict
!great&but&!power&!so: negative
!great&but&!power&so: neutral
!great&but&power: neutral
great&!but&!etc&!of: positive
great&!but&!etc&of: positive
great&!but&etc: negative
great&but&!screen&!is: negative
great&but&!screen&is: positive
great&but&screen: conflict
DecisionTree learned:
!great&!but&!easi&!good: negative
!great&!but&!easi&good: positive
!great&!but&easi&!one: positive
!great&!but&easi&one: neutral
!great&but&!user&!replac: negative
!great&but&!user&replac: neutral
!great&but&user: neutral
great&!but&!etc&!longer: positive
great&!but&!etc&longer: conflict
great&!but&etc: negative
great&but&!screen&!is: negative
great&but&!screen&is: positive
great&but&screen: conflict
DecisionTree learned:
!but&!great&!easi&!and: negative
!but&!great&!easi&and: positive
!but&!great&easi&!not: positive
!but&!great&easi&not: negative
!but&great&!had&!no: positive
!but&great&!had&no: neutral
!but&great&had: negative
but&!screen&!repair&!software: positive
but&!screen&!repair&software: negative
but&!screen&repair&!to: negative
but&!screen&repair&to: neutral
but&screen&!on&!comput: conflict
but&screen&!on&comput: negative
but&screen&on: negative
DecisionTree learned:
!but&!great&!is&!speed: negative
!but&!great&!is&speed: positive
!but&!great&is&!ani: positive
!but&!great&is&ani: neutral
!but&great&!best&!etc: positive
!but&great&!best&etc: negative
!but&great&best: neutral
but&!repair&!so&!the: conflict
but&!repair&!so&the: negative
but&!repair&so&!wa: neutral
but&!repair&so&wa: positive
but&repair&!to: negative
but&repair&to: neutral
DecisionTree learned:
!but&!great&!good&!love: negative
!but&!great&!good&love: positive
!but&!great&good&!out: positive
!but&!great&good&out: negative
!but&great&!etc&!of: positive
!but&great&!etc&of: negative
!but&great&etc: negative
but&!the&!screen&!bit: negative
but&!the&!screen&bit: positive
but&!the&screen: conflict
but&the&!like&!they: negative
but&the&!like&they: negative
but&the&like: positive
DecisionTree learned:
!but&!is&!fast&!had: positive
!but&!is&!fast&had: negative
!but&!is&fast: positive
!but&is&!not&!problem: positive
!but&is&!not&problem: negative
!but&is&not&!netbook: negative
!but&is&not&netbook: neutral
but&!power&!ever&!the: negative
but&!power&!ever&the: negative
but&!power&ever: conflict
but&power: neutral
DecisionTree learned:
!but&!and&!great&!problem: negative
!but&!and&!great&problem: negative
!but&!and&great&!of: positive
!but&!and&great&of: negative
!but&and&!extend&!i: positive
!but&and&!extend&i: negative
!but&and&extend&!when: neutral
!but&and&extend&when: conflict
but&!wa&!when&!had: negative
but&!wa&!when&had: conflict
but&!wa&when: conflict
but&wa&!s&!thi: negative
but&wa&!s&thi: positive
but&wa&s: conflict
DecisionTree learned:
!but&!easi&!great&!the: positive
!but&!easi&!great&the: negative
!but&!easi&great&!that: positive
!but&!easi&great&that: positive
!but&easi&!one&!not: positive
!but&easi&!one&not: positive
!but&easi&one: neutral
but&!had&!be&!the: conflict
but&!had&!be&the: positive
but&!had&be&!a: negative
but&!had&be&a: neutral
but&had&!not&!the: negative
but&had&!not&the: conflict
but&had&not: negative
DecisionTree learned:
!but&!great&!not&!is: positive
!but&!great&!not&is: positive
!but&!great&not&!graphic: negative
!but&!great&not&graphic: conflict
!but&great&!life&!media: positive
!but&great&!life&media: conflict
!but&great&life&!have: negative
!but&great&life&have: conflict
but&!power&!function&!if: negative
but&!power&!function&if: neutral
but&!power&function: neutral
but&power: neutral
DecisionTree learned:
!but&!easi&!and&!is: negative
!but&!easi&!and&is: negative
!but&!easi&and&!extend: positive
!but&!easi&and&extend: neutral
!but&easi&!one&!not: positive
!but&easi&!one&not: positive
!but&easi&one: neutral
but&!learn&!so&!if: negative
but&!learn&!so&if: neutral
but&!learn&so&!wa: neutral
but&!learn&so&wa: positive
but&learn&!and: positive
but&learn&and: neutral
DecisionTree learned:
!but&!good&!great&!love: negative
!but&!good&!great&love: positive
!but&!good&great&!of: positive
!but&!good&great&of: negative
!but&good&!game&!els: positive
!but&good&!game&els: negative
!but&good&game: neutral
but&!repair&!laptop&!all: negative
but&!repair&!laptop&all: neutral
but&!repair&laptop&!the: neutral
but&!repair&laptop&the: positive
but&repair&!to: negative
but&repair&to: neutral
DecisionTree learned:
!but&!veri&!good&!love: negative
!but&!veri&!good&love: positive
!but&!veri&good&!it: positive
!but&!veri&good&it: negative
!but&veri&!function&!not: positive
!but&veri&!function&not: negative
!but&veri&function: conflict
but&!repair&!user&!rather: negative
but&!repair&!user&rather: neutral
but&!repair&user: neutral
but&repair&!to: negative
but&repair&to: neutral
DecisionTree learned:
!but&!love&!the&!and: neutral
!but&!love&!the&and: positive
!but&!love&the&!worth: negative
!but&!love&the&worth: conflict
!but&love&!user&!netbook: positive
!but&love&!user&netbook: negative
!but&love&user: neutral
but&!problem&!the&!it: neutral
but&!problem&!the&it: conflict
but&!problem&the&!still: positive
but&!problem&the&still: negative
but&problem&!so: negative
but&problem&so: neutral
DecisionTree learned:
!but&!and&!problem&!or: negative
!but&!and&!problem&or: neutral
!but&!and&problem&!will: negative
!but&!and&problem&will: neutral
!but&and&!email&!extend: positive
!but&and&!email&extend: neutral
!but&and&email&!with: neutral
!but&and&email&with: positive
but&!screen&!power&!would: negative
but&!screen&!power&would: negative
but&!screen&power: neutral
but&screen&!size&!on: conflict
but&screen&!size&on: negative
but&screen&size: positive
DecisionTree learned:
!but&!great&!worth&!and: negative
!but&!great&!worth&and: positive
!but&!great&worth&!n: conflict
!but&!great&worth&n: negative
!but&great&!media&!longer: positive
!but&great&!media&longer: conflict
!but&great&media&!and: conflict
!but&great&media&and: positive
but&!learn&!power&!window: negative
but&!learn&!power&window: neutral
but&!learn&power: neutral
but&learn&!and: positive
but&learn&and: neutral
DecisionTree learned:
!but&!worth&!speed&!great: positive
!but&!worth&!speed&great: positive
!but&!worth&speed&!etc: positive
!but&!worth&speed&etc: negative
!but&worth&!of&!n: conflict
!but&worth&!of&n: negative
!but&worth&of: negative
but&!call&!user&!all: negative
but&!call&!user&all: neutral
but&!call&user: neutral
but&call: neutral
DecisionTree learned:
!but&!speed&!great&!okay: negative
!but&!speed&!great&okay: conflict
!but&!speed&great&!too: positive
!but&!speed&great&too: neutral
!but&speed&!differ&!etc: positive
!but&speed&!differ&etc: negative
!but&speed&differ: negative
but&!learn&!if&!support: positive
but&!learn&!if&support: negative
but&!learn&if&!to: negative
but&!learn&if&to: neutral
but&learn&!and: positive
but&learn&and: neutral
DecisionTree learned:
!but&!is&!macbook&!email: negative
!but&!is&!macbook&email: neutral
!but&!is&macbook&!for: positive
!but&!is&macbook&for: neutral
!but&is&!n&!ani: positive
!but&is&!n&ani: neutral
!but&is&n: negative
but&!software&!vh&!call: positive
but&!software&!vh&call: neutral
but&!software&vh: conflict
but&software&!extra: negative
but&software&extra: negative
DecisionTree learned:
!but&!not&!and&!great: negative
!but&!not&!and&great: positive
!but&!not&and&!extend: positive
!but&!not&and&extend: neutral
!but&not&!graphic&!other: negative
!but&not&!graphic&other: positive
!but&not&graphic: conflict
but&!all&!replac&!user: negative
but&!all&!replac&user: neutral
but&!all&replac&!and: neutral
but&!all&replac&and: negative
but&all&!and: positive
but&all&and&!at: neutral
but&all&and&at: negative
DecisionTree learned:
!but&!use&!awesom&!speed: negative
!but&!use&!awesom&speed: positive
!but&!use&awesom: positive
!but&use&!some&!though: positive
!but&use&!some&though: conflict
!but&use&some&!the: negative
!but&use&some&the: conflict
but&!think&!rather&!the: conflict
but&!think&!rather&the: negative
but&!think&rather: neutral
but&think: negative
DecisionTree learned:
!but&!worth&!fast&!good: negative
!but&!worth&!fast&good: positive
!but&!worth&fast&!program: positive
!but&!worth&fast&program: neutral
!but&worth&!are&!n: conflict
!but&worth&!are&n: negative
!but&worth&are: negative
but&!screen&!be&!learn: positive
but&!screen&!be&learn: neutral
but&!screen&be&!a: negative
but&!screen&be&a: neutral
but&screen&!a&!that: negative
but&screen&!a&that: conflict
but&screen&a: conflict
DecisionTree learned:
!but&!is&!macbook&!and: negative
!but&!is&!macbook&and: positive
!but&!is&macbook&!of: positive
!but&!is&macbook&of: negative
!but&is&!mind&!laptop: positive
!but&is&!mind&laptop: neutral
!but&is&mind: conflict
but&!like&!we&!up: negative
but&!like&!we&up: negative
but&!like&we&!window: negative
but&!like&we&window: conflict
but&like&!great: positive
but&like&great: negative
DecisionTree learned:
!but&!easi&!macbook&!amaz: negative
!but&!easi&!macbook&amaz: positive
!but&!easi&macbook&!will: positive
!but&!easi&macbook&will: conflict
!but&easi&!one&!not: positive
!but&easi&!one&not: positive
!but&easi&one: neutral
but&!function&!wa&!laptop: negative
but&!function&!wa&laptop: positive
but&!function&wa&!feature: positive
but&!function&wa&feature: conflict
but&function: neutral
DecisionTree learned:
!but&!get&!great&!month: positive
!but&!get&!great&month: negative
!but&!get&great&!media: positive
!but&!get&great&media: conflict
!but&get&!am&!os: negative
!but&get&!am&os: conflict
!but&get&am&!toshiba: conflict
!but&get&am&toshiba: negative
but&!call&!problem&!think: positive
but&!call&!problem&think: negative
but&!call&problem: negative
but&call: neutral
DecisionTree learned:
!but&!veri&!worth&!great: negative
!but&!veri&!worth&great: positive
!but&!veri&worth&!n: conflict
!but&!veri&worth&n: negative
!but&veri&!function&!learn: positive
!but&veri&!function&learn: neutral
!but&veri&function: conflict
but&!ye&!function&!power: negative
but&!ye&!function&power: neutral
but&!ye&function: neutral
but&ye: conflict
DecisionTree learned:
!but&!easi&!worth&!fast: negative
!but&!easi&!worth&fast: positive
!but&!easi&worth&!price: positive
!but&!easi&worth&price: conflict
!but&easi&!carry&!one: positive
!but&easi&!carry&one: neutral
!but&easi&carry&!be: negative
!but&easi&carry&be: positive
but&!ani&!wa&!laptop: negative
but&!ani&!wa&laptop: positive
but&!ani&wa&!s: positive
but&!ani&wa&s: conflict
but&ani: neutral
DecisionTree learned:
!but&!worth&!life&!eee: negative
!but&!worth&!life&eee: conflict
!but&!worth&life&!my: positive
!but&!worth&life&my: conflict
!but&worth&!work&!money: conflict
!but&worth&!work&money: positive
!but&worth&work: negative
but&!ever&!replac&!internet: negative
but&!ever&!replac&internet: conflict
but&!ever&replac&!and: neutral
but&!ever&replac&and: negative
but&ever: conflict
DecisionTree learned:
!but&!worth&!and&!problem: negative
!but&!worth&!and&problem: negative
!but&!worth&and&!extend: positive
!but&!worth&and&extend: neutral
!but&worth&!of&!n: conflict
!but&worth&!of&n: negative
!but&worth&of: negative
but&!up&!be&!they: positive
but&!up&!be&they: negative
but&!up&be&!a: negative
but&!up&be&a: neutral
but&up&!mac: negative
but&up&mac: positive
DecisionTree learned:
!but&!veri&!good&!and: negative
!but&!veri&!good&and: positive
!but&!veri&good&!it: positive
!but&!veri&good&it: negative
!but&veri&!function&!are: positive
!but&veri&!function&are: negative
!but&veri&function: conflict
but&!screen&!vh&!wa: positive
but&!screen&!vh&wa: positive
but&!screen&vh: conflict
but&screen&!comput&!size: conflict
but&screen&!comput&size: positive
but&screen&comput: negative
DecisionTree learned:
!but&!macbook&!use&!graphics: negative
!but&!macbook&!use&graphics: positive
!but&!macbook&use&!some: positive
!but&!macbook&use&some: conflict
!but&macbook&!for&!hard: positive
!but&macbook&!for&hard: conflict
!but&macbook&for&!never: neutral
!but&macbook&for&never: conflict
but&!still&!call&!for: negative
but&!still&!call&for: positive
but&!still&call: neutral
but&still&!to&!it: neutral
but&still&!to&it: negative
but&still&to: positive
DecisionTree learned:
!but&!worth&!qualiti&!life: negative
!but&!worth&!qualiti&life: positive
!but&!worth&qualiti&!on: positive
!but&!worth&qualiti&on: conflict
!but&worth&!pricetag&!price: positive
!but&worth&!pricetag&price: conflict
!but&worth&pricetag: conflict
but&!rather&!if&!isol: negative
but&!rather&!if&isol: neutral
but&!rather&if&!to: positive
but&!rather&if&to: neutral
but&rather: neutral
DecisionTree learned:
!but&!ded&!the&!twice: positive
!but&!ded&!the&twice: conflict
!but&!ded&the&!worth: negative
!but&!ded&the&worth: conflict
!but&ded: conflict
but&!rather&!learn&!replac: negative
but&!rather&!learn&replac: neutral
but&!rather&learn&!and: positive
but&!rather&learn&and: neutral
but&rather: neutral
DecisionTree learned:
!but&!is&!ded&!game: negative
!but&!is&!ded&game: neutral
!but&!is&ded: conflict
!but&is&!not&!great: positive
!but&is&!not&great: positive
!but&is&not&!ani: negative
!but&is&not&ani: neutral
but&!like&!learn&!power: negative
but&!like&!learn&power: neutral
but&!like&learn&!and: positive
but&!like&learn&and: neutral
but&like&!great: positive
but&like&great: negative
DecisionTree learned:
!but&!love&!worth&!inconveni: negative
!but&!love&!worth&inconveni: conflict
!but&!love&worth&!much: negative
!but&!love&worth&much: conflict
!but&love&!user&!netbook: positive
!but&love&!user&netbook: negative
!but&love&user: neutral
but&!replac&!new&!vh: negative
but&!replac&!new&vh: conflict
but&!replac&new&!it: positive
but&!replac&new&it: neutral
but&replac&!and: neutral
but&replac&and&!to: negative
but&replac&and&to: conflict
DecisionTree learned:
!but&!inconveni&!great&!worth: negative
!but&!inconveni&!great&worth: conflict
!but&!inconveni&great&!longer: positive
!but&!inconveni&great&longer: conflict
!but&inconveni: conflict
but&!screen&!two&!replac: negative
but&!screen&!two&replac: neutral
but&!screen&two&!and: positive
but&!screen&two&and: conflict
but&screen&!size&!comput: conflict
but&screen&!size&comput: negative
but&screen&size: positive
DecisionTree learned:
!but&!worth&!great&!use: negative
!but&!worth&!great&use: positive
!but&!worth&great&!longer: positive
!but&!worth&great&longer: conflict
!but&worth&!are&!n: conflict
!but&worth&!are&n: negative
!but&worth&are: negative
but&!call&!all&!screen: negative
but&!call&!all&screen: conflict
but&!call&all&!and: positive
but&!call&all&and: neutral
but&call: neutral
DecisionTree learned:
!but&!and&!problem&!graphics: negative
!but&!and&!problem&graphics: conflict
!but&!and&problem&!will: negative
!but&!and&problem&will: neutral
!but&and&!complain&!extend: positive
!but&and&!complain&extend: neutral
!but&and&complain: conflict
but&!screen&!wa&!had: negative
but&!screen&!wa&had: negative
but&!screen&wa&!coupl: positive
but&!screen&wa&coupl: conflict
but&screen&!on&!comput: conflict
but&screen&!on&comput: negative
but&screen&on: negative
DecisionTree learned:
!but&!great&!macbook&!laptop: negative
!but&!great&!macbook&laptop: positive
!but&!great&macbook&!for: positive
!but&!great&macbook&for: neutral
!but&great&!softwar&!media: positive
!but&great&!softwar&media: conflict
!but&great&softwar: neutral
but&!all&!ani&!extern: negative
but&!all&!ani&extern: neutral
but&!all&ani: neutral
but&all&!and: positive
but&all&and&!be: neutral
but&all&and&be: negative
DecisionTree learned:
!but&!and&!though&!eee: negative
!but&!and&!though&eee: conflict
!but&!and&though&!laptop: negative
!but&!and&though&laptop: conflict
!but&and&!complain&!extend: positive
!but&and&!complain&extend: neutral
!but&and&complain: conflict
but&!up&!two&!screen: positive
but&!up&!two&screen: conflict
but&!up&two&!and: positive
but&!up&two&and: conflict
but&up&!mac: negative
but&up&mac: positive
DecisionTree learned:
!but&!macbook&!laptop&!and: negative
!but&!macbook&!laptop&and: positive
!but&!macbook&laptop&!life: positive
!but&!macbook&laptop&life: conflict
!but&macbook&!will&!hard: positive
!but&macbook&!will&hard: conflict
!but&macbook&will: conflict
but&!isol&!learn&!replac: negative
but&!isol&!learn&replac: neutral
but&!isol&learn&!and: positive
but&!isol&learn&and: neutral
but&isol: neutral
DecisionTree learned:
!but&!against&!use&!gener: negative
!but&!against&!use&gener: conflict
!but&!against&use&!some: positive
!but&!against&use&some: conflict
!but&against: conflict
but&!replac&!in&!need: negative
but&!replac&!in&need: positive
but&!replac&in&!did: positive
but&!replac&in&did: negative
but&replac&!and: neutral
but&replac&and&!to: negative
but&replac&and&to: conflict
DecisionTree learned:
!but&!laptop&!is&!and: neutral
!but&!laptop&!is&and: positive
!but&!laptop&is&!great: positive
!but&!laptop&is&great: positive
!but&laptop&!it&!went: positive
!but&laptop&!it&went: conflict
!but&laptop&it&!much: negative
!but&laptop&it&much: conflict
but&!want&!huge&!an: negative
but&!want&!huge&an: conflict
but&!want&huge&!so: conflict
but&!want&huge&so: positive
but&want: conflict
DecisionTree learned:
!but&!macbook&!graphics&!laptop: negative
!but&!macbook&!graphics&laptop: positive
!but&!macbook&graphics&!at: positive
!but&!macbook&graphics&at: neutral
!but&macbook&!for&!and: conflict
!but&macbook&!for&and: positive
!but&macbook&for&!never: neutral
!but&macbook&for&never: conflict
but&!user&!school&!no: positive
but&!user&!school&no: conflict
but&!user&school&!just: neutral
but&!user&school&just: positive
but&user: neutral
DecisionTree learned:
!but&!good&!and&!graphics: negative
!but&!good&!and&graphics: conflict
!but&!good&and&!extend: positive
!but&!good&and&extend: neutral
!but&good&!that&!not: positive
!but&good&!that&not: negative
!but&good&that: negative
but&!for&!all&!it: positive
but&!for&!all&it: conflict
but&!for&all&!is: positive
but&!for&all&is: neutral
but&for&!we&!softwar: positive
but&for&!we&softwar: neutral
but&for&we: negative
DecisionTree learned:
!but&!okay&!the&!twice: neutral
!but&!okay&!the&twice: conflict
!but&!okay&the&!inconveni: negative
!but&!okay&the&inconveni: conflict
!but&okay: conflict
but&!user&!ani&!call: positive
but&!user&!ani&call: neutral
but&!user&ani: neutral
but&user: neutral
DecisionTree learned:
!but&!get&!inconveni&!great: negative
!but&!get&!inconveni&great: positive
!but&!get&inconveni: conflict
!but&get&!am&!os: negative
!but&get&!am&os: conflict
!but&get&am&!toshiba: conflict
!but&get&am&toshiba: negative
but&!vh&!support&!come: positive
but&!vh&!support&come: conflict
but&!vh&support: negative
but&vh: conflict
DecisionTree learned:
!but&!macbook&!great&!get: negative
!but&!macbook&!great&get: negative
!but&!macbook&great&!media: positive
!but&!macbook&great&media: conflict
!but&macbook&!will&!hard: positive
!but&macbook&!will&hard: conflict
!but&macbook&will: conflict
but&!power&!well&!repair: negative
but&!power&!well&repair: negative
but&!power&well&!use: positive
but&!power&well&use: conflict
but&power: neutral
DecisionTree learned:
!but&!worth&!amaz&!awesom: negative
!but&!worth&!amaz&awesom: positive
!but&!worth&amaz: positive
!but&worth&!pricetag&!price: positive
!but&worth&!pricetag&price: conflict
!but&worth&pricetag: conflict
but&!replac&!rather&!power: negative
but&!replac&!rather&power: neutral
but&!replac&rather: neutral
but&replac&!and: neutral
but&replac&and&!to: negative
but&replac&and&to: conflict
DecisionTree learned:
!but&!worth&!okay&!graphics: negative
!but&!worth&!okay&graphics: positive
!but&!worth&okay: conflict
!but&worth&!money&!work: conflict
!but&worth&!money&work: negative
!but&worth&money: positive
but&!repair&!user&!replac: negative
but&!repair&!user&replac: neutral
but&!repair&user: neutral
but&repair&!to: negative
but&repair&to: neutral
DecisionTree learned:
!but&!inconveni&!veri&!life: negative
!but&!inconveni&!veri&life: positive
!but&!inconveni&veri&!function: positive
!but&!inconveni&veri&function: conflict
!but&inconveni: conflict
but&!wa&!had&!replac: negative
but&!wa&!had&replac: neutral
but&!wa&had&!not: conflict
but&!wa&had&not: negative
but&wa&!s&!that: negative
but&wa&!s&that: positive
but&wa&s: conflict
DecisionTree learned:
!but&!get&!life&!and: negative
!but&!get&!life&and: positive
!but&!get&life&!my: positive
!but&!get&life&my: conflict
!but&get&!am&!os: negative
!but&get&!am&os: conflict
!but&get&am&!toshiba: conflict
!but&get&am&toshiba: negative
but&!wa&!laptop&!need: negative
but&!wa&!laptop&need: positive
but&!wa&laptop&!use: positive
but&!wa&laptop&use: neutral
but&wa&!feature&!coupl: negative
but&wa&!feature&coupl: conflict
but&wa&feature: conflict
DecisionTree learned:
!but&!ded&!the&!life: neutral
!but&!ded&!the&life: positive
!but&!ded&the&!macbook: negative
!but&!ded&the&macbook: conflict
!but&ded: conflict
but&!wa&!had&!when: negative
but&!wa&!had&when: conflict
but&!wa&had&!it: conflict
but&!wa&had&it: negative
but&wa&!coupl&!feature: positive
but&wa&!coupl&feature: conflict
but&wa&coupl: conflict
DecisionTree learned:
!but&!macbook&!laptop&!and: negative
!but&!macbook&!laptop&and: positive
!but&!macbook&laptop&!it: neutral
!but&!macbook&laptop&it: conflict
!but&macbook&!will&!hard: positive
!but&macbook&!will&hard: conflict
!but&macbook&will: conflict
but&!power&!in&!if: negative
but&!power&!in&if: neutral
but&!power&in&!did: positive
but&!power&in&did: neutral
but&power: neutral
DecisionTree learned:
!but&!life&!worth&!inconveni: negative
!but&!life&!worth&inconveni: conflict
!but&!life&worth&!money: conflict
!but&!life&worth&money: positive
!but&life&!my&!been: positive
!but&life&!my&been: conflict
!but&life&my&!laptop: negative
!but&life&my&laptop: conflict
but&!ani&!the&!it: neutral
but&!ani&!the&it: conflict
but&!ani&the&!learn: negative
but&!ani&the&learn: neutral
but&ani: neutral
DecisionTree learned:
!but&!macbook&!graphics&!great: negative
!but&!macbook&!graphics&great: positive
!but&!macbook&graphics&!non: positive
!but&!macbook&graphics&non: conflict
!but&macbook&!for&!and: conflict
!but&macbook&!for&and: positive
!but&macbook&for&!never: neutral
!but&macbook&for&never: positive
but&!for&!screen&!be: positive
but&!for&!screen&be: negative
but&!for&screen&!a: negative
but&!for&screen&a: conflict
but&for&!we&!onli: neutral
but&for&!we&onli: negative
but&for&we: negative
DecisionTree learned:
!but&!love&!amaz&!eee: negative
!but&!love&!amaz&eee: conflict
!but&!love&amaz: positive
!but&love&!thi: positive
!but&love&thi&!a: positive
!but&love&thi&a: neutral
but&!internet&!wa&!had: positive
but&!internet&!wa&had: conflict
but&!internet&wa&!s: positive
but&!internet&wa&s: conflict
but&internet: conflict
DecisionTree learned:
!but&!laptop&!and&!great: negative
!but&!laptop&!and&great: conflict
!but&!laptop&and&!email: positive
!but&!laptop&and&email: neutral
!but&laptop&!it&!went: positive
!but&laptop&!it&went: conflict
!but&laptop&it&!much: negative
!but&laptop&it&much: conflict
but&!ani&!power&!featur: negative
but&!ani&!power&featur: positive
but&!ani&power: neutral
but&ani: neutral
DecisionTree learned:
!but&!graphics&!the&!eee: neutral
!but&!graphics&!the&eee: conflict
!but&!graphics&the&!media: negative
!but&!graphics&the&media: conflict
!but&graphics&!at&!and: conflict
!but&graphics&!at&and: positive
!but&graphics&at&!to: positive
!but&graphics&at&to: neutral
but&!ani&!call&!replac: negative
but&!ani&!call&replac: neutral
but&!ani&call: neutral
but&ani: neutral
DecisionTree learned:
!but&!worth&!okay&!awesom: negative
!but&!worth&!okay&awesom: positive
!but&!worth&okay: conflict
!but&worth&!pricetag&!much: negative
!but&worth&!pricetag&much: conflict
!but&worth&pricetag: conflict
but&!better&!wa&!support: positive
but&!better&!wa&support: negative
but&!better&wa&!the: conflict
but&!better&wa&the: positive
but&better&!with: conflict
but&better&with&!and: negative
but&better&with&and: positive
DecisionTree learned:
!but&!laptop&!the&!non: neutral
!but&!laptop&!the&non: conflict
!but&!laptop&the&!macbook: negative
!but&!laptop&the&macbook: conflict
!but&laptop&!it&!went: neutral
!but&laptop&!it&went: conflict
!but&laptop&it&!run: conflict
!but&laptop&it&run: positive
but&!learn&!power&!function: negative
but&!learn&!power&function: neutral
but&!learn&power: neutral
but&learn&!and: positive
but&learn&and: neutral
DecisionTree learned:
!but&!okay&!worth&!great: negative
!but&!okay&!worth&great: positive
!but&!okay&worth&!n: conflict
!but&!okay&worth&n: negative
!but&okay: conflict
but&!support&!still&!ani: positive
but&!support&!still&ani: neutral
but&!support&still&!to: neutral
but&!support&still&to: positive
but&support: negative
DecisionTree learned:
!but&!graphics&!the&!twice: neutral
!but&!graphics&!the&twice: conflict
!but&!graphics&the&!inconveni: negative
!but&!graphics&the&inconveni: conflict
!but&graphics&!at&!and: conflict
!but&graphics&!at&and: positive
!but&graphics&at&!to: neutral
!but&graphics&at&to: neutral
but&!if&!screen&!two: positive
but&!if&!screen&two: conflict
but&!if&screen&!size: conflict
but&!if&screen&size: positive
but&if&!to&!mac: negative
but&if&!to&mac: positive
but&if&to: neutral
DecisionTree learned:
!but&!worth&!inconveni&!qualiti: positive
!but&!worth&!inconveni&qualiti: positive
!but&!worth&inconveni: conflict
!but&worth&!pricetag&!price: negative
!but&worth&!pricetag&price: conflict
!but&worth&pricetag: conflict
but&!the&!is&!no: neutral
but&!the&!is&no: conflict
but&!the&is&!and: conflict
but&!the&is&and: positive
but&the&!ani&!ever: negative
but&the&!ani&ever: conflict
but&the&ani: neutral
DecisionTree learned:
!but&!graphics&!okay&!get: negative
!but&!graphics&!okay&get: negative
!but&!graphics&okay: conflict
!but&graphics&!just&!non: positive
!but&graphics&!just&non: conflict
!but&graphics&just: conflict
but&!if&!learn&!rather: positive
but&!if&!learn&rather: neutral
but&!if&learn: neutral
but&if&!to&!mac: negative
but&if&!to&mac: positive
but&if&to: neutral
DecisionTree learned:
!but&!use&!great&!worth: negative
!but&!use&!great&worth: conflict
!but&!use&great&!you: positive
!but&!use&great&you: neutral
!but&use&!some&!though: positive
!but&use&!some&though: conflict
!but&use&some&!the: negative
!but&use&some&the: conflict
but&!isol&!ye&!they: positive
but&!isol&!ye&they: negative
but&!isol&ye: conflict
but&isol: neutral
DecisionTree learned:
!but&!macbook&!laptop&!great: negative
!but&!macbook&!laptop&great: positive
!but&!macbook&laptop&!it: positive
!but&!macbook&laptop&it: conflict
!but&macbook&!of&!hard: positive
!but&macbook&!of&hard: conflict
!but&macbook&of&!will: negative
!but&macbook&of&will: conflict
but&!power&!learn&!isol: negative
but&!power&!learn&isol: neutral
but&!power&learn&!and: positive
but&!power&learn&and: neutral
but&power: neutral
DecisionTree learned:
!but&!inconveni&!eee&!great: positive
!but&!inconveni&!eee&great: positive
!but&!inconveni&eee: conflict
!but&inconveni: conflict
but&!the&!it&!and: neutral
but&!the&!it&and: positive
but&!the&it&!my: conflict
but&!the&it&my: positive
but&the&!function&!they: positive
but&the&!function&they: negative
but&the&function: neutral
DecisionTree learned:
!but&!macbook&!life&!get: negative
!but&!macbook&!life&get: negative
!but&!macbook&life&!my: positive
!but&!macbook&life&my: conflict
!but&macbook&!will&!hard: positive
!but&macbook&!will&hard: conflict
!but&macbook&will: conflict
but&!rather&!noth&!screen: positive
but&!rather&!noth&screen: conflict
but&!rather&noth: negative
but&rather: neutral
DecisionTree learned:
!but&!great&!get&!good: negative
!but&!great&!get&good: positive
!but&!great&get&!am: negative
!but&!great&get&am: conflict
!but&great&!longer&!video: positive
!but&great&!longer&video: conflict
!but&great&longer: conflict
but&!in&!if&!be: conflict
but&!in&!if&be: negative
but&!in&if&!to: negative
but&!in&if&to: neutral
but&in&!onli&!than: positive
but&in&!onli&than: negative
but&in&onli&!that: negative
but&in&onli&that: neutral
DecisionTree learned:
!but&!graphics&!get&!n: positive
!but&!graphics&!get&n: negative
!but&!graphics&get&!am: negative
!but&!graphics&get&am: conflict
!but&graphics&!and&!at: conflict
!but&graphics&!and&at: neutral
!but&graphics&and&!were: positive
!but&graphics&and&were: negative
but&!call&!for&!mac: conflict
but&!call&!for&mac: positive
but&!call&for&!if: positive
but&!call&for&if: neutral
but&call: neutral
DecisionTree learned:
!but&!macbook&!okay&!some: positive
!but&!macbook&!okay&some: negative
!but&!macbook&okay: conflict
!but&macbook&!will&!hard: positive
!but&macbook&!will&hard: conflict
!but&macbook&will: conflict
but&!call&!learn&!rather: negative
but&!call&!learn&rather: neutral
but&!call&learn&!and: positive
but&!call&learn&and: neutral
but&call: neutral
DecisionTree learned:
!but&!amaz&!worth&!graphics: negative
!but&!amaz&!worth&graphics: positive
!but&!amaz&worth&!pricetag: negative
!but&!amaz&worth&pricetag: conflict
!but&amaz: positive
but&!user&!rather&!if: negative
but&!user&!rather&if: neutral
but&!user&rather: neutral
but&user: neutral
DecisionTree learned:
!but&!laptop&!and&!some: negative
!but&!laptop&!and&some: negative
!but&!laptop&and&!email: positive
!but&!laptop&and&email: neutral
!but&laptop&!it&!went: positive
!but&laptop&!it&went: conflict
!but&laptop&it&!much: negative
!but&laptop&it&much: conflict
but&!wa&!up&!replac: negative
but&!wa&!up&replac: neutral
but&!wa&up&!mac: negative
but&!wa&up&mac: positive
but&wa&!coupl&!feature: positive
but&wa&!coupl&feature: conflict
but&wa&coupl: conflict
DecisionTree learned:
!but&!great&!macbook&!use: negative
!but&!great&!macbook&use: neutral
!but&!great&macbook&!for: positive
!but&!great&macbook&for: neutral
!but&great&!media&!longer: positive
!but&great&!media&longer: conflict
!but&great&media&!and: conflict
!but&great&media&and: positive
but&!power&!the&!it: neutral
but&!power&!the&it: conflict
but&!power&the&!two: negative
but&!power&the&two: conflict
but&power: neutral
DecisionTree learned:
!but&!macbook&!great&!laptop: negative
!but&!macbook&!great&laptop: positive
!but&!macbook&great&!media: positive
!but&!macbook&great&media: conflict
!but&macbook&!for&!and: conflict
!but&macbook&!for&and: positive
!but&macbook&for&!never: neutral
!but&macbook&for&never: conflict
but&!replac&!averag&!function: negative
but&!replac&!averag&function: neutral
but&!replac&averag: positive
but&replac&!and: neutral
but&replac&and&!to: negative
but&replac&and&to: conflict
DecisionTree learned:
!but&!get&!and&!gener: negative
!but&!get&!and&gener: conflict
!but&!get&and&!extend: positive
!but&!get&and&extend: neutral
!but&get&!am&!os: negative
!but&get&!am&os: conflict
!but&get&am&!toshiba: conflict
!but&get&am&toshiba: negative
but&!repair&!rather&!user: positive
but&!repair&!rather&user: neutral
but&!repair&rather: neutral
but&repair&!to: negative
but&repair&to: neutral
DecisionTree learned:
!but&!inconveni&!laptop&!is: neutral
!but&!inconveni&!laptop&is: positive
!but&!inconveni&laptop&!it: positive
!but&!inconveni&laptop&it: conflict
!but&inconveni: conflict
but&!school&!window&!learn: negative
but&!school&!window&learn: neutral
but&!school&window&!it: neutral
but&!school&window&it: conflict
but&school&!just: neutral
but&school&just: positive
DecisionTree learned:
!but&!inconveni&!graphics&!macbook: negative
!but&!inconveni&!graphics&macbook: positive
!but&!inconveni&graphics&!and: conflict
!but&!inconveni&graphics&and: positive
!but&inconveni: conflict
but&!all&!rather&!call: negative
but&!all&!rather&call: neutral
but&!all&rather: neutral
but&all&!and: positive
but&all&and&!be: neutral
but&all&and&be: negative
DecisionTree learned:
!but&!graphics&!macbook&!laptop: negative
!but&!graphics&!macbook&laptop: positive
!but&!graphics&macbook&!will: positive
!but&!graphics&macbook&will: conflict
!but&graphics&!at&!non: positive
!but&graphics&!at&non: conflict
!but&graphics&at&!to: neutral
!but&graphics&at&to: neutral
but&!oper&!user&!power: positive
but&!oper&!user&power: neutral
but&!oper&user: neutral
but&oper: negative
DecisionTree learned:
!but&!okay&!inconveni&!laptop: negative
!but&!okay&!inconveni&laptop: positive
!but&!okay&inconveni: conflict
!but&okay: conflict
but&!think&!screen&!wa: positive
but&!think&!screen&wa: positive
but&!think&screen&!size: conflict
but&!think&screen&size: positive
but&think: negative
DecisionTree learned:
!but&!love&!worth&!against: negative
!but&!love&!worth&against: conflict
!but&!love&worth&!pricetag: negative
!but&!love&worth&pricetag: conflict
!but&love&!netbook&!user: positive
!but&love&!netbook&user: neutral
!but&love&netbook: negative
but&!repair&!software&!all: positive
but&!repair&!software&all: neutral
but&!repair&software&!extra: negative
but&!repair&software&extra: negative
but&repair&!to: negative
but&repair&to: neutral
DecisionTree learned:
!but&!get&!and&!macbook: negative
!but&!get&!and&macbook: conflict
!but&!get&and&!extend: positive
!but&!get&and&extend: neutral
!but&get&!os&!am: negative
!but&get&!os&am: conflict
!but&get&os&!mac: conflict
!but&get&os&mac: positive
but&!call&!user&!ani: positive
but&!call&!user&ani: neutral
but&!call&user: neutral
but&call: neutral
DecisionTree learned:
!but&!macbook&!okay&!some: positive
!but&!macbook&!okay&some: negative
!but&!macbook&okay: conflict
!but&macbook&!for&!and: conflict
!but&macbook&!for&and: positive
!but&macbook&for&!never: neutral
!but&macbook&for&never: conflict
but&!support&!if&!isol: positive
but&!support&!if&isol: neutral
but&!support&if&!to: negative
but&!support&if&to: neutral
but&support: negative
DecisionTree learned:
!but&!get&!and&!graphics: neutral
!but&!get&!and&graphics: conflict
!but&!get&and&!extend: positive
!but&!get&and&extend: neutral
!but&get&!am&!os: negative
!but&get&!am&os: conflict
!but&get&am&!toshiba: conflict
!but&get&am&toshiba: negative
but&!easili&!wa&!laptop: negative
but&!easili&!wa&laptop: positive
but&!easili&wa&!the: conflict
but&!easili&wa&the: positive
but&easili: positive
DecisionTree learned:
!but&!life&!macbook&!against: negative
!but&!life&!macbook&against: conflict
!but&!life&macbook&!will: positive
!but&!life&macbook&will: conflict
!but&life&!my&!been: positive
!but&life&!my&been: conflict
!but&life&my&!laptop: negative
!but&life&my&laptop: conflict
but&!call&!user&!power: negative
but&!call&!user&power: neutral
but&!call&user: neutral
but&call: neutral
DecisionTree learned:
!but&!macbook&!inconveni&!some: positive
!but&!macbook&!inconveni&some: negative
!but&!macbook&inconveni: conflict
!but&macbook&!for&!hard: positive
!but&macbook&!for&hard: conflict
!but&macbook&for&!never: neutral
!but&macbook&for&never: positive
but&!be&!function&!if: positive
but&!be&!function&if: neutral
but&!be&function: neutral
but&be&!a: negative
but&be&a&!would: neutral
but&be&a&would: positive
DecisionTree learned:
!but&!okay&!life&!some: negative
!but&!okay&!life&some: negative
!but&!okay&life&!my: positive
!but&!okay&life&my: conflict
!but&okay: conflict
but&!learn&!isol&!function: negative
but&!learn&!isol&function: neutral
but&!learn&isol: neutral
but&learn&!and: positive
but&learn&and: neutral
DecisionTree learned:
!but&!against&!graphics&!get: negative
!but&!against&!graphics&get: negative
!but&!against&graphics&!at: conflict
!but&!against&graphics&at: neutral
!but&against: conflict
but&!in&!need&!speed: negative
but&!in&!need&speed: neutral
but&!in&need&!the: neutral
but&!in&need&the: positive
but&in&!that&!they: positive
but&in&!that&they: negative
but&in&that&!did: positive
but&in&that&did: neutral
DecisionTree learned:
!but&!graphics&!get&!great: positive
!but&!graphics&!get&great: positive
!but&!graphics&get&!am: negative
!but&!graphics&get&am: conflict
!but&graphics&!at&!and: conflict
!but&graphics&!at&and: positive
!but&graphics&at&!to: positive
!but&graphics&at&to: neutral
but&!wa&!had&!huge: positive
but&!wa&!had&huge: conflict
but&!wa&had&!it: conflict
but&!wa&had&it: negative
but&wa&!coupl&!feature: positive
but&wa&!coupl&feature: conflict
but&wa&coupl: conflict
DecisionTree learned:
!but&!functions&!graphics&!macbook: negative
!but&!functions&!graphics&macbook: positive
!but&!functions&graphics&!non: positive
!but&!functions&graphics&non: conflict
!but&functions: conflict
but&!user&!if&!learn: negative
but&!user&!if&learn: neutral
but&!user&if&!to: negative
but&!user&if&to: neutral
but&user: neutral
DecisionTree learned:
!but&!worth&!against&!graphics: positive
!but&!worth&!against&graphics: positive
!but&!worth&against: conflict
!but&worth&!pricetag&!price: negative
!but&worth&!pricetag&price: conflict
!but&worth&pricetag: conflict
but&!rather&!an&!for: positive
but&!rather&!an&for: positive
but&!rather&an&!with: conflict
but&!rather&an&with: neutral
but&rather: neutral
DecisionTree learned:
!but&!worth&!great&!get: negative
!but&!worth&!great&get: negative
!but&!worth&great&!of: positive
!but&!worth&great&of: negative
!but&worth&!wait&!featur: conflict
!but&worth&!wait&featur: positive
!but&worth&wait: positive
but&!learn&!vh&!the: conflict
but&!learn&!vh&the: positive
but&!learn&vh: conflict
but&learn&!and: positive
but&learn&and: neutral
DecisionTree learned:
!but&!okay&!worth&!life: negative
!but&!okay&!worth&life: positive
!but&!okay&worth&!pricetag: negative
!but&!okay&worth&pricetag: conflict
!but&okay: conflict
but&!call&!think&!problem: positive
but&!call&!think&problem: negative
but&!call&think: negative
but&call: neutral
DecisionTree learned:
!but&!functions&!okay&!graphics: positive
!but&!functions&!okay&graphics: positive
!but&!functions&okay: conflict
!but&functions: conflict
but&!repair&!in&!think: conflict
but&!repair&!in&think: negative
but&!repair&in&!did: positive
but&!repair&in&did: neutral
but&repair&!to: negative
but&repair&to: neutral
DecisionTree learned:
!but&!get&!great&!graphics: negative
!but&!get&!great&graphics: conflict
!but&!get&great&!media: positive
!but&!get&great&media: conflict
!but&get&!am&!os: negative
!but&get&!am&os: conflict
!but&get&am&!toshiba: conflict
!but&get&am&toshiba: negative
but&!all&!screen&!wa: negative
but&!all&!screen&wa: positive
but&!all&screen&!size: conflict
but&!all&screen&size: positive
but&all&!is&!and: positive
but&all&!is&and: negative
but&all&is: neutral
DecisionTree learned:
!but&!get&!and&!graphics: neutral
!but&!get&!and&graphics: conflict
!but&!get&and&!extend: positive
!but&!get&and&extend: neutral
!but&get&!am&!os: negative
!but&get&!am&os: conflict
!but&get&am&!toshiba: conflict
!but&get&am&toshiba: negative
but&!all&!still&!for: conflict
but&!all&!still&for: positive
but&!all&still&!to: negative
but&!all&still&to: positive
but&all&!and: positive
but&all&and&!at: neutral
but&all&and&at: negative
DecisionTree learned:
!but&!life&!worth&!some: neutral
!but&!life&!worth&some: negative
!but&!life&worth&!pricetag: negative
!but&!life&worth&pricetag: conflict
!but&life&!my&!been: positive
!but&life&!my&been: conflict
!but&life&my&!laptop: negative
!but&life&my&laptop: conflict
but&!function&!power&!repair: positive
but&!function&!power&repair: negative
but&!function&power: neutral
but&function: neutral
DecisionTree learned:
!but&!worth&!reboot&!graphics: negative
!but&!worth&!reboot&graphics: conflict
!but&!worth&reboot&!a: negative
!but&!worth&reboot&a: conflict
!but&worth&!pricetag&!price: positive
!but&worth&!pricetag&price: conflict
!but&worth&pricetag: conflict
but&!call&!ani&!vh: positive
but&!call&!ani&vh: conflict
but&!call&ani: neutral
but&call: neutral
Trial 0 Training cc.mallet.classify.AdaBoostM2Trainer@7f56b6b9 finished
Trial 0 Trainer cc.mallet.classify.AdaBoostM2Trainer@7f56b6b9 test data accuracy = 0.5050709939148073

NaiveBayesTrainer
Summary. test accuracy mean = 0.6957403651115619 stddev = 0.0 stderr = 0.0

MaxEntTrainer,gaussianPriorVariance=1.0
Summary. test accuracy mean = 0.6774847870182555 stddev = 0.0 stderr = 0.0

cc.mallet.classify.DecisionTreeTrainer@5328f6ee
Summary. test accuracy mean = 0.5273833671399595 stddev = 0.0 stderr = 0.0

cc.mallet.classify.AdaBoostM2Trainer@7f56b6b9
Summary. test accuracy mean = 0.5050709939148073 stddev = 0.0 stderr = 0.0
