
-------------------- Trial 0  --------------------

Trial 0 Training NaiveBayesTrainer with 1865 instances
Trial 0 Training NaiveBayesTrainer finished
Trial 0 Trainer NaiveBayesTrainer test data accuracy = 0.6977687626774848
Trial 0 Training MaxEntTrainer,gaussianPriorVariance=1.0 with 1865 instances
Trial 0 Training MaxEntTrainer,gaussianPriorVariance=1.0 finished
Trial 0 Trainer MaxEntTrainer,gaussianPriorVariance=1.0 test data accuracy = 0.6551724137931034
Trial 0 Training cc.mallet.classify.DecisionTreeTrainer@2b2d96f2 with 1865 instances
DecisionTree learned:
!great&!but&!easi&!and: negative
!great&!but&!easi&and: positive
!great&!but&easi&!one: positive
!great&!but&easi&one: neutral
!great&but&!power&!repair: negative
!great&but&!power&repair: negative
!great&but&power: neutral
great&!but&!etc&!of: positive
great&!but&!etc&of: positive
great&!but&etc: negative
great&but&!vb: conflict
great&but&vb&!is: negative
great&but&vb&is: positive
Trial 0 Training cc.mallet.classify.DecisionTreeTrainer@2b2d96f2 finished
Trial 0 Trainer cc.mallet.classify.DecisionTreeTrainer@2b2d96f2 test data accuracy = 0.5273833671399595
Trial 0 Training cc.mallet.classify.AdaBoostM2Trainer@73901437 with 1865 instances
DecisionTree learned:
!great&!but&!easi&!speed: negative
!great&!but&!easi&speed: positive
!great&!but&easi&!one: positive
!great&!but&easi&one: neutral
!great&but&!the&!and: conflict
!great&but&!the&and: positive
!great&but&the&!wdt: negative
!great&but&the&wdt: positive
great&!but&!best&!vbn: positive
great&!but&!best&vbn: positive
great&!but&best: neutral
great&but&!vb: conflict
great&but&vb&!in: negative
great&but&vb&in: negative
DecisionTree learned:
!but&!great&!easi&!and: negative
!but&!great&!easi&and: positive
!but&!great&easi&!not: positive
!but&!great&easi&not: positive
!but&great&!best&!etc: positive
!but&great&!best&etc: negative
!but&great&best: neutral
but&!power&!screen&!function: negative
but&!power&!screen&function: neutral
but&!power&screen&!comput: conflict
but&!power&screen&comput: negative
but&power: neutral
DecisionTree learned:
!but&!great&!easi&!in: positive
!but&!great&!easi&in: negative
!but&!great&easi&!one: positive
!but&!great&easi&one: neutral
!but&great&!of&!etc: positive
!but&great&!of&etc: negative
!but&great&of&!nns: negative
!but&great&of&nns: positive
but&!power&!repair&!function: negative
but&!power&!repair&function: neutral
but&!power&repair&!to: negative
but&!power&repair&to: neutral
but&power: neutral
DecisionTree learned:
!great&!but&!vbd&!cd: positive
!great&!but&!vbd&cd: neutral
!great&!but&vbd&!in: positive
!great&!but&vbd&in: negative
!great&but&!power&!problem: negative
!great&but&!power&problem: negative
!great&but&power: neutral
great&!of&!vbn&!you: positive
great&!of&!vbn&you: neutral
great&!of&vbn&!jjr: positive
great&!of&vbn&jjr: negative
great&of&!nns: negative
great&of&nns: positive
DecisionTree learned:
!but&!great&!good&!and: negative
!but&!great&!good&and: positive
!but&!great&good&!in: positive
!but&!great&good&in: positive
!but&great&!nnp&!video: positive
!but&great&!nnp&video: conflict
!but&great&nnp&!life: positive
!but&great&nnp&life: negative
but&!call&!user&!repair: negative
but&!call&!user&repair: negative
but&!call&user: neutral
but&call: neutral
DecisionTree learned:
!but&!great&!easi&!not: positive
!but&!great&!easi&not: negative
!but&!great&easi&!one: positive
!but&!great&easi&one: neutral
!but&great&!nnp&!vbn: positive
!but&great&!nnp&vbn: conflict
!but&great&nnp&!of: positive
!but&great&nnp&of: positive
but&!so&!power&!wdt: negative
but&!so&!power&wdt: conflict
but&!so&power: neutral
but&so&!wa: neutral
but&so&wa: positive
DecisionTree learned:
!but&!great&!in&!reboot: positive
!but&!great&!in&reboot: conflict
!but&!great&in&!vbd: positive
!but&!great&in&vbd: negative
!but&great&!media&!vbn: positive
!but&great&!media&vbn: positive
!but&great&media&!and: conflict
!but&great&media&and: positive
but&!prp&!vbz&!wa: conflict
but&!prp&!vbz&wa: negative
but&!prp&vbz&!too: positive
but&!prp&vbz&too: conflict
but&prp&!screen&!wa: negative
but&prp&!screen&wa: positive
but&prp&screen&!jj: negative
but&prp&screen&jj: conflict
DecisionTree learned:
!but&!love&!is&!speed: negative
!but&!love&!is&speed: positive
!but&!love&is&!not: positive
!but&!love&is&not: negative
!but&love&!user&!netbook: positive
!but&love&!user&netbook: negative
!but&love&user: neutral
but&!prp&!vbz&!up: conflict
but&!prp&!vbz&up: negative
but&!prp&vbz&!too: negative
but&!prp&vbz&too: conflict
but&prp&!wa&!screen: negative
but&prp&!wa&screen: conflict
but&prp&wa&!vbz: negative
but&prp&wa&vbz: positive
DecisionTree learned:
!but&!great&!good&!the: positive
!but&!great&!good&the: negative
!but&!great&good&!it: positive
!but&!great&good&it: positive
!but&great&!nnp&!vbn: positive
!but&great&!nnp&vbn: conflict
!but&great&nnp&!no: positive
!but&great&nnp&no: neutral
but&!prp&!cd&!is: conflict
but&!prp&!cd&is: positive
but&!prp&cd&!nns: negative
but&!prp&cd&nns: conflict
but&prp&!wa&!in: negative
but&prp&!wa&in: neutral
but&prp&wa&!vbz: negative
but&prp&wa&vbz: conflict
DecisionTree learned:
!but&!in&!reboot&!would: positive
!but&!in&!reboot&would: negative
!but&!in&reboot: conflict
!but&in&!veri&!eas: negative
!but&in&!veri&eas: positive
!but&in&veri&!function: positive
!but&in&veri&function: conflict
but&!prp&!vbz&!the: conflict
but&!prp&!vbz&the: negative
but&!prp&vbz&!for: negative
but&!prp&vbz&for: positive
but&prp&!wa&!screen: negative
but&prp&!wa&screen: conflict
but&prp&wa&!rb: negative
but&prp&wa&rb: positive
DecisionTree learned:
!but&!not&!easi&!and: negative
!but&!not&!easi&and: positive
!but&!not&easi&!one: positive
!but&!not&easi&one: neutral
!but&not&!other&!graphic: negative
!but&not&!other&graphic: conflict
!but&not&other&!nns: conflict
!but&not&other&nns: positive
but&!prp&!vbz&!the: conflict
but&!prp&!vbz&the: negative
but&!prp&vbz&!cd: positive
but&!prp&vbz&cd: negative
but&prp&!replac&!all: negative
but&prp&!replac&all: neutral
but&prp&replac&!to: neutral
but&prp&replac&to: conflict
DecisionTree learned:
!but&!in&!not&!is: positive
!but&!in&!not&is: positive
!but&!in&not&!get: negative
!but&!in&not&get: neutral
!but&in&!vbd&!worth: positive
!but&in&!vbd&worth: conflict
!but&in&vbd&!jjr: negative
!but&in&vbd&jjr: positive
but&!like&!prp&!had: negative
but&!like&!prp&had: conflict
but&!like&prp&!we: negative
but&!like&prp&we: negative
but&like&!rb: negative
but&like&rb: positive
DecisionTree learned:
!but&!and&!problem&!use: negative
!but&!and&!problem&use: positive
!but&!and&problem&!wdt: negative
!but&!and&problem&wdt: positive
!but&and&!prp&!for: positive
!but&and&!prp&for: positive
!but&and&prp&!extend: positive
!but&and&prp&extend: neutral
but&!call&!learn&!user: negative
but&!call&!learn&user: neutral
but&!call&learn&!and: positive
but&!call&learn&and: neutral
but&call: neutral
DecisionTree learned:
!but&!is&!fast&!good: negative
!but&!is&!fast&good: positive
!but&!is&fast: positive
!but&is&!problem&!not: positive
!but&is&!problem&not: negative
!but&is&problem&!jjr: negative
!but&is&problem&jjr: neutral
but&!power&!like&!they: negative
but&!power&!like&they: negative
but&!power&like&!rb: negative
but&!power&like&rb: positive
but&power: neutral
DecisionTree learned:
!but&!love&!get&!vbz: negative
!but&!love&!get&vbz: positive
!but&!love&get&!complain: negative
!but&!love&get&complain: conflict
!but&love&!user&!netbook: positive
!but&love&!user&netbook: negative
!but&love&user: neutral
but&!wdt&!prp&!cd: positive
but&!wdt&!prp&cd: negative
but&!wdt&prp&!well: negative
but&!wdt&prp&well: positive
but&wdt&!the&!it: neutral
but&wdt&!the&it: conflict
but&wdt&the&!have: positive
but&wdt&the&have: conflict
DecisionTree learned:
!but&!in&!reboot&!great: positive
!but&!in&!reboot&great: positive
!but&!in&reboot: conflict
!but&in&!worth&!veri: negative
!but&in&!worth&veri: positive
!but&in&worth&!rbr: negative
!but&in&worth&rbr: conflict
but&!prp&!had&!vbd: positive
but&!prp&!had&vbd: negative
but&!prp&had: conflict
but&prp&!wa&!ratio: neutral
but&prp&!wa&ratio: negative
but&prp&wa&!vbz: negative
but&prp&wa&vbz: conflict
DecisionTree learned:
!but&!great&!easi&!worth: negative
!but&!great&!easi&worth: negative
!but&!great&easi&!one: positive
!but&!great&easi&one: neutral
!but&great&!no&!longer: positive
!but&great&!no&longer: conflict
!but&great&no: neutral
but&!think&!repair&!prp: negative
but&!think&!repair&prp: positive
but&!think&repair&!to: negative
but&!think&repair&to: neutral
but&think: negative
DecisionTree learned:
!but&!worth&!great&!use: negative
!but&!worth&!great&use: neutral
!but&!worth&great&!nnp: positive
!but&!worth&great&nnp: positive
!but&worth&!rbr&!my: negative
!but&worth&!rbr&my: conflict
!but&worth&rbr: conflict
but&!wdt&!coupl&!vbg: negative
but&!wdt&!coupl&vbg: positive
but&!wdt&coupl&!wa: negative
but&!wdt&coupl&wa: conflict
but&wdt&!the&!it: neutral
but&wdt&!the&it: conflict
but&wdt&the&!have: positive
but&wdt&the&have: conflict
DecisionTree learned:
!but&!love&!fast&!is: negative
!but&!love&!fast&is: positive
!but&!love&fast&!program: positive
!but&!love&fast&program: neutral
!but&love&!user&!netbook: positive
!but&love&!user&netbook: negative
!but&love&user: neutral
but&!learn&!vbp&!window: positive
but&!learn&!vbp&window: neutral
but&!learn&vbp&!nns: negative
but&!learn&vbp&nns: positive
but&learn&!and: positive
but&learn&and: neutral
DecisionTree learned:
!but&!worth&!and&!is: negative
!but&!worth&!and&is: negative
!but&!worth&and&!extend: positive
!but&!worth&and&extend: neutral
!but&worth&!rbr&!my: negative
!but&worth&!rbr&my: conflict
!but&worth&rbr: conflict
but&!rbr&!prp&!for: negative
but&!rbr&!prp&for: positive
but&!rbr&prp&!wa: negative
but&!rbr&prp&wa: conflict
but&rbr&!and&!graphic: conflict
but&rbr&!and&graphic: positive
but&rbr&and&!button: positive
but&rbr&and&button: negative
DecisionTree learned:
!but&!use&!to&!the: positive
!but&!use&!to&the: negative
!but&!use&to&!sol: negative
!but&!use&to&sol: conflict
!but&use&!some&!though: positive
!but&use&!some&though: conflict
!but&use&some&!rb: negative
!but&use&some&rb: conflict
but&!prp&!vbz&!been: conflict
but&!prp&!vbz&been: positive
but&!prp&vbz&!cd: positive
but&!prp&vbz&cd: negative
but&prp&!wrb&!ever: negative
but&prp&!wrb&ever: conflict
but&prp&wrb&!i: conflict
but&prp&wrb&i: positive
DecisionTree learned:
!but&!easi&!love&!and: negative
!but&!easi&!love&and: positive
!but&!easi&love&!user: positive
!but&!easi&love&user: neutral
!but&easi&!one&!not: positive
!but&easi&!one&not: positive
!but&easi&one: neutral
but&!oper&!prp&!been: conflict
but&!oper&!prp&been: positive
but&!oper&prp&!rbr: negative
but&!oper&prp&rbr: positive
but&oper: negative
DecisionTree learned:
!but&!vbz&!love&!game: negative
!but&!vbz&!love&game: neutral
!but&!vbz&love: positive
!but&vbz&!nnp&!though: positive
!but&vbz&!nnp&though: conflict
!but&vbz&nnp&!some: positive
!but&vbz&nnp&some: conflict
but&!prp&!vbz&!would: conflict
but&!prp&!vbz&would: negative
but&!prp&vbz&!too: positive
but&!prp&vbz&too: conflict
but&prp&!wrb&!replac: negative
but&prp&!wrb&replac: neutral
but&prp&wrb&!to: positive
but&prp&wrb&to: conflict
DecisionTree learned:
!but&!great&!get&!nnp: negative
!but&!great&!get&nnp: positive
!but&!great&get&!complain: negative
!but&!great&get&complain: conflict
!but&great&!nnp&!vbn: positive
!but&great&!nnp&vbn: conflict
!but&great&nnp&!etc: positive
!but&great&nnp&etc: negative
but&!replac&!so&!ani: negative
but&!replac&!so&ani: neutral
but&!replac&so&!wa: neutral
but&!replac&so&wa: positive
but&replac&!jj&!to: negative
but&replac&!jj&to: conflict
but&replac&jj: neutral
DecisionTree learned:
!but&!fast&!not&!is: neutral
!but&!fast&!not&is: positive
!but&!fast&not&!cc: negative
!but&!fast&not&cc: negative
!but&fast&!program: positive
!but&fast&program: neutral
but&!screen&!repair&!be: positive
but&!screen&!repair&be: negative
but&!screen&repair&!to: negative
but&!screen&repair&to: neutral
but&screen&!on&!size: conflict
but&screen&!on&size: positive
but&screen&on: negative
DecisionTree learned:
!but&!and&!nnp&!graphic: negative
!but&!and&!nnp&graphic: conflict
!but&!and&nnp&!get: neutral
!but&!and&nnp&get: negative
!but&and&!prp&!onli: positive
!but&and&!prp&onli: neutral
!but&and&prp&!complain: positive
!but&and&prp&complain: conflict
but&!wa&!wrb&!in: negative
but&!wa&!wrb&in: neutral
but&!wa&wrb&!everyth: conflict
but&!wa&wrb&everyth: positive
but&wa&!coupl&!vbz: negative
but&wa&!coupl&vbz: positive
but&wa&coupl: conflict
DecisionTree learned:
!but&!macbook&!great&!in: positive
!but&!macbook&!great&in: negative
!but&!macbook&great&!nnp: positive
!but&!macbook&great&nnp: positive
!but&macbook&!will&!for: positive
!but&macbook&!will&for: neutral
!but&macbook&will: conflict
but&!the&!it&!and: neutral
but&!the&!it&and: positive
but&!the&it&!my: conflict
but&!the&it&my: positive
but&the&!ever&!vh: positive
but&the&!ever&vh: conflict
but&the&ever: conflict
DecisionTree learned:
!but&!and&!problem&!great: negative
!but&!and&!problem&great: positive
!but&!and&problem&!will: negative
!but&!and&problem&will: neutral
!but&and&!extend&!complain: positive
!but&and&!extend&complain: conflict
!but&and&extend&!when: neutral
!but&and&extend&when: conflict
but&!prp&!vbz&!driver: conflict
but&!prp&!vbz&driver: positive
but&!prp&vbz&!too: positive
but&!prp&vbz&too: conflict
but&prp&!screen&!the: neutral
but&prp&!screen&the: positive
but&prp&screen&!jj: negative
but&prp&screen&jj: conflict
DecisionTree learned:
!but&!and&!nnp&!to: negative
!but&!and&!nnp&to: neutral
!but&!and&nnp&!get: neutral
!but&!and&nnp&get: negative
!but&and&!extend&!prp: positive
!but&and&!extend&prp: positive
!but&and&extend&!when: neutral
!but&and&extend&when: conflict
but&!in&!better&!easi: negative
but&!in&!better&easi: conflict
but&!in&better: conflict
but&in&!wa&!prp: positive
but&in&!wa&prp: neutral
but&in&wa&!vbz: negative
but&in&wa&vbz: conflict
DecisionTree learned:
!but&!in&!reboot&!have: positive
!but&!in&!reboot&have: negative
!but&!in&reboot: conflict
!but&in&!veri&!okay: negative
!but&in&!veri&okay: conflict
!but&in&veri&!function: positive
!but&in&veri&function: conflict
but&!the&!it&!softwar: neutral
but&!the&!it&softwar: negative
but&!the&it&!for: conflict
but&!the&it&for: positive
but&the&!function&!featur: negative
but&the&!function&featur: positive
but&the&function: neutral
DecisionTree learned:
!but&!use&!speed&!to: positive
!but&!use&!speed&to: negative
!but&!use&speed&!differ: positive
!but&!use&speed&differ: negative
!but&use&!some&!though: positive
!but&use&!some&though: conflict
!but&use&some&!rb: negative
!but&use&some&rb: conflict
but&!the&!still&!wdt: negative
but&!the&!still&wdt: conflict
but&!the&still&!jjr: positive
but&!the&still&jjr: neutral
but&the&!two&!still: positive
but&the&!two&still: negative
but&the&two&!nnp: positive
but&the&two&nnp: conflict
DecisionTree learned:
!but&!worth&!good&!ded: negative
!but&!worth&!good&ded: conflict
!but&!worth&good&!it: positive
!but&!worth&good&it: negative
!but&worth&!rbr&!my: negative
!but&worth&!rbr&my: conflict
!but&worth&rbr: conflict
but&!prp&!vbz&!would: conflict
but&!prp&!vbz&would: negative
but&!prp&vbz&!for: negative
but&!prp&vbz&for: positive
but&prp&!screen&!up: negative
but&prp&!screen&up: positive
but&prp&screen&!jj: negative
but&prp&screen&jj: conflict
DecisionTree learned:
!but&!love&!email&!and: negative
!but&!love&!email&and: positive
!but&!love&email&!itun: neutral
!but&!love&email&itun: positive
!but&love&!user&!netbook: positive
!but&love&!user&netbook: negative
!but&love&user: neutral
but&!prp&!vbz&!rp: conflict
but&!prp&!vbz&rp: positive
but&!prp&vbz&!for: negative
but&!prp&vbz&for: positive
but&prp&!wa&!backlit: negative
but&prp&!wa&backlit: conflict
but&prp&wa&!vbz: positive
but&prp&wa&vbz: positive
DecisionTree learned:
!but&!worth&!great&!speed: negative
!but&!worth&!great&speed: positive
!but&!worth&great&!nnp: positive
!but&!worth&great&nnp: positive
!but&worth&!rbr&!my: negative
!but&worth&!rbr&my: conflict
!but&worth&rbr: conflict
but&!think&!wa&!prp: positive
but&!think&!wa&prp: positive
but&!think&wa&!coupl: positive
but&!think&wa&coupl: conflict
but&think: negative
DecisionTree learned:
!but&!good&!veri&!great: negative
!but&!good&!veri&great: positive
!but&!good&veri&!function: positive
!but&!good&veri&function: conflict
!but&good&!game&!that: positive
!but&good&!game&that: negative
!but&good&game: neutral
but&!prp&!had&!cd: negative
but&!prp&!had&cd: negative
but&!prp&had: conflict
but&prp&!rbr&!wa: negative
but&prp&!rbr&wa: positive
but&prp&rbr&!and: conflict
but&prp&rbr&and: positive
DecisionTree learned:
!but&!get&!nnp&!and: negative
!but&!get&!nnp&and: positive
!but&!get&nnp&!sol: positive
!but&!get&nnp&sol: conflict
!but&get&!am&!os: negative
!but&get&!am&os: conflict
!but&get&am&!toshiba: conflict
!but&get&am&toshiba: negative
but&!prp&!up&!vbz: conflict
but&!prp&!up&vbz: positive
but&!prp&up: negative
but&prp&!wa&!ratio: neutral
but&prp&!wa&ratio: negative
but&prp&wa&!vbz: negative
but&prp&wa&vbz: conflict
DecisionTree learned:
!but&!against&!problem&!inconveni: positive
!but&!against&!problem&inconveni: conflict
!but&!against&problem&!wdt: negative
!but&!against&problem&wdt: positive
!but&against: conflict
but&!prp&!up&!cd: positive
but&!prp&!up&cd: negative
but&!prp&up: negative
but&prp&!wrb&!easili: negative
but&prp&!wrb&easili: positive
but&prp&wrb&!to: positive
but&prp&wrb&to: conflict
DecisionTree learned:
!but&!the&!eee&!non: positive
!but&!the&!eee&non: conflict
!but&!the&eee: conflict
!but&the&!worth&!love: negative
!but&the&!worth&love: positive
!but&the&worth&!rbr: negative
!but&the&worth&rbr: conflict
but&!user&!screen&!dt: negative
but&!user&!screen&dt: positive
but&!user&screen&!size: conflict
but&!user&screen&size: positive
but&user: neutral
DecisionTree learned:
!but&!cd&!and&!nnp: negative
!but&!cd&!and&nnp: negative
!but&!cd&and&!my: positive
!but&!cd&and&my: neutral
!but&cd&!despit&!am: neutral
!but&cd&!despit&am: neutral
!but&cd&despit: conflict
but&!prp&!had&!cd: positive
but&!prp&!had&cd: negative
but&!prp&had: conflict
but&prp&!wa&!screen: negative
but&prp&!wa&screen: conflict
but&prp&wa&!coupl: positive
but&prp&wa&coupl: conflict
DecisionTree learned:
!but&!macbook&!laptop&!and: negative
!but&!macbook&!laptop&and: positive
!but&!macbook&laptop&!it: positive
!but&!macbook&laptop&it: conflict
!but&macbook&!will&!hard: positive
!but&macbook&!will&hard: conflict
!but&macbook&will: conflict
but&!dt&!my&!md: negative
but&!dt&!my&md: negative
but&!dt&my: positive
but&dt&!prp&!nnp: positive
but&dt&!prp&nnp: conflict
but&dt&prp&!wa: negative
but&dt&prp&wa: positive
DecisionTree learned:
!but&!inconveni&!great&!laptop: negative
!but&!inconveni&!great&laptop: positive
!but&!inconveni&great&!nnp: positive
!but&!inconveni&great&nnp: positive
!but&inconveni: conflict
but&!learn&!ani&!the: conflict
but&!learn&!ani&the: negative
but&!learn&ani: neutral
but&learn&!and: positive
but&learn&and: neutral
DecisionTree learned:
!but&!against&!for&!macbook: negative
!but&!against&!for&macbook: positive
!but&!against&for&!card: neutral
!but&!against&for&card: conflict
!but&against: conflict
but&!power&!call&!problem: negative
but&!power&!call&problem: negative
but&!power&call: neutral
but&power: neutral
DecisionTree learned:
!but&!good&!and&!nnp: negative
!but&!good&!and&nnp: neutral
!but&!good&and&!extend: positive
!but&!good&and&extend: neutral
!but&good&!game&!go: positive
!but&good&!game&go: negative
!but&good&game: neutral
but&!in&!easi&!better: negative
but&!in&!easi&better: conflict
but&!in&easi: conflict
but&in&!wa&!prp: conflict
but&in&!wa&prp: neutral
but&in&wa&!vbz: negative
but&in&wa&vbz: conflict
DecisionTree learned:
!but&!cd&!and&!nnp: negative
!but&!cd&!and&nnp: negative
!but&!cd&and&!prp: positive
!but&!cd&and&prp: positive
!but&cd&!am&!despit: neutral
!but&cd&!am&despit: conflict
!but&cd&am&!get: neutral
!but&cd&am&get: conflict
but&!prp&!cd&!had: negative
but&!prp&!cd&had: conflict
but&!prp&cd&!nns: negative
but&!prp&cd&nns: conflict
but&prp&!wa&!screen: negative
but&prp&!wa&screen: conflict
but&prp&wa&!the: negative
but&prp&wa&the: positive
DecisionTree learned:
!but&!against&!the&!life: neutral
!but&!against&!the&life: positive
!but&!against&the&!hard: negative
!but&!against&the&hard: neutral
!but&against: conflict
but&!user&!call&!big: negative
but&!user&!call&big: conflict
but&!user&call: neutral
but&user: neutral
DecisionTree learned:
!but&!game&!good&!macbook: negative
!but&!game&!good&macbook: positive
!but&!game&good&!it: positive
!but&!game&good&it: negative
!but&game&!vbp&!my: positive
!but&game&!vbp&my: neutral
!but&game&vbp&!softwar: neutral
!but&game&vbp&softwar: negative
but&!wrb&!vbp&!learn: positive
but&!wrb&!vbp&learn: neutral
but&!wrb&vbp&!two: negative
but&!wrb&vbp&two: conflict
but&wrb&!so&!everyth: conflict
but&wrb&!so&everyth: positive
but&wrb&so: positive
DecisionTree learned:
!but&!great&!in&!reboot: positive
!but&!great&!in&reboot: conflict
!but&!great&in&!laptop: negative
!but&!great&in&laptop: positive
!but&great&!nnp&!rb: positive
!but&great&!nnp&rb: conflict
!but&great&nnp&!no: positive
!but&great&nnp&no: neutral
but&!prp&!up&!vbz: conflict
but&!prp&!up&vbz: positive
but&!prp&up: negative
but&prp&!rbr&!no: positive
but&prp&!rbr&no: conflict
but&prp&rbr&!and: conflict
but&prp&rbr&and: positive
DecisionTree learned:
!but&!worth&!good&!veri: negative
!but&!worth&!good&veri: positive
!but&!worth&good&!game: positive
!but&!worth&good&game: neutral
!but&worth&!rbr&!my: negative
!but&worth&!rbr&my: conflict
!but&worth&rbr: conflict
but&!like&!if&!learn: negative
but&!like&!if&learn: neutral
but&!like&if&!is: neutral
but&!like&if&is: positive
but&like&!rb: negative
but&like&rb: positive
DecisionTree learned:
!but&!ded&!okay&!get: negative
!but&!ded&!okay&get: negative
!but&!ded&okay: conflict
!but&ded: conflict
but&!prp&!for&!will: negative
but&!prp&!for&will: conflict
but&!prp&for&!vbz: conflict
but&!prp&for&vbz: positive
but&prp&!replac&!ratio: neutral
but&prp&!replac&ratio: negative
but&prp&replac&!to: neutral
but&prp&replac&to: conflict
DecisionTree learned:
!but&!for&!macbook&!get: negative
!but&!for&!macbook&get: negative
!but&!for&macbook&!nns: conflict
!but&!for&macbook&nns: positive
!but&for&!to&!card: positive
!but&for&!to&card: conflict
!but&for&to&!a: neutral
!but&for&to&a: negative
but&!all&!replac&!the: conflict
but&!all&!replac&the: positive
but&!all&replac&!jj: conflict
but&!all&replac&jj: neutral
but&all&!and: positive
but&all&and&!at: neutral
but&all&and&at: negative
DecisionTree learned:
!but&!eee&!nnp&!great: negative
!but&!eee&!nnp&great: positive
!but&!eee&nnp&!sol: neutral
!but&!eee&nnp&sol: conflict
!but&eee: conflict
but&!so&!wdt&!what: positive
but&!so&!wdt&what: negative
but&!so&wdt&!jj: neutral
but&!so&wdt&jj: conflict
but&so&!wa: neutral
but&so&wa: positive
DecisionTree learned:
!but&!get&!nnp&!and: negative
!but&!get&!nnp&and: positive
!but&!get&nnp&!sol: neutral
!but&!get&nnp&sol: conflict
!but&get&!am&!os: negative
!but&get&!am&os: conflict
!but&get&am&!toshiba: conflict
!but&get&am&toshiba: negative
but&!like&!learn&!if: negative
but&!like&!learn&if: neutral
but&!like&learn&!and: positive
but&!like&learn&and: neutral
but&like&!rb: negative
but&like&rb: positive
DecisionTree learned:
!but&!email&!easi&!amaz: negative
!but&!email&!easi&amaz: positive
!but&!email&easi&!one: positive
!but&!email&easi&one: neutral
!but&email&!itun&!with: neutral
!but&email&!itun&with: positive
!but&email&itun: positive
but&!prp&!that&!cd: positive
but&!prp&!that&cd: negative
but&!prp&that: conflict
but&prp&!wa&!so: negative
but&prp&!wa&so: neutral
but&prp&wa&!vbz: positive
but&prp&wa&vbz: conflict
DecisionTree learned:
!but&!worth&!and&!problem: negative
!but&!worth&!and&problem: negative
!but&!worth&and&!extend: positive
!but&!worth&and&extend: neutral
!but&worth&!rbr&!my: negative
!but&worth&!rbr&my: conflict
!but&worth&rbr: conflict
but&!all&!ye&!they: positive
but&!all&!ye&they: negative
but&!all&ye: conflict
but&all&!and: positive
but&all&and&!not: neutral
but&all&and&not: negative
DecisionTree learned:
!but&!ded&!get&!nnp: positive
!but&!ded&!get&nnp: neutral
!but&!ded&get&!am: negative
!but&!ded&get&am: conflict
!but&ded: conflict
but&!wa&!prp&!cd: positive
but&!wa&!prp&cd: negative
but&!wa&prp&!ratio: neutral
but&!wa&prp&ratio: negative
but&wa&!vbz&!vbn: negative
but&wa&!vbz&vbn: positive
but&wa&vbz&!one: conflict
but&wa&vbz&one: positive
DecisionTree learned:
!but&!okay&!laptop&!inconveni: negative
!but&!okay&!laptop&inconveni: conflict
!but&!okay&laptop&!it: positive
!but&!okay&laptop&it: conflict
!but&okay: conflict
but&!rather&!user&!all: negative
but&!rather&!user&all: neutral
but&!rather&user: neutral
but&rather: neutral
DecisionTree learned:
!but&!okay&!not&!worth: positive
!but&!okay&!not&worth: conflict
!but&!okay&not&!graphic: negative
!but&!okay&not&graphic: conflict
!but&okay: conflict
but&!prp&!wa&!vbz: conflict
but&!prp&!wa&vbz: negative
but&!prp&wa: negative
but&prp&!ye&!wa: neutral
but&prp&!ye&wa: positive
but&prp&ye: conflict
DecisionTree learned:
!but&!nnp&!and&!graphic: negative
!but&!nnp&!and&graphic: conflict
!but&!nnp&and&!vbd: positive
!but&!nnp&and&vbd: negative
!but&nnp&!get&!sol: neutral
!but&nnp&!get&sol: conflict
!but&nnp&get&!it: conflict
!but&nnp&get&it: negative
but&!two&!screen&!jjs: negative
but&!two&!screen&jjs: conflict
but&!two&screen&!a: negative
but&!two&screen&a: conflict
but&two&!nnp: positive
but&two&nnp: conflict
DecisionTree learned:
!but&!media&!macbook&!laptop: negative
!but&!media&!macbook&laptop: positive
!but&!media&macbook&!will: positive
!but&!media&macbook&will: conflict
!but&media&!great: negative
!but&media&great: conflict
but&!replac&!if&!learn: positive
but&!replac&!if&learn: neutral
but&!replac&if&!to: negative
but&!replac&if&to: neutral
but&replac&!jj&!to: negative
but&replac&!jj&to: conflict
but&replac&jj: neutral
DecisionTree learned:
!but&!against&!the&!life: neutral
!but&!against&!the&life: positive
!but&!against&the&!media: negative
!but&!against&the&media: conflict
!but&against: conflict
but&!screen&!if&!an: negative
but&!screen&!if&an: conflict
but&!screen&if&!to: negative
but&!screen&if&to: neutral
but&screen&!on: conflict
but&screen&on: negative
DecisionTree learned:
!but&!inconveni&!vb&!ex: positive
!but&!inconveni&!vb&ex: neutral
!but&!inconveni&vb&!macbook: negative
!but&!inconveni&vb&macbook: positive
!but&inconveni: conflict
but&!wa&!prp&!vbz: conflict
but&!wa&!prp&vbz: positive
but&!wa&prp&!rbr: negative
but&!wa&prp&rbr: positive
but&wa&!coupl&!vbz: positive
but&wa&!coupl&vbz: positive
but&wa&coupl: conflict
DecisionTree learned:
!but&!laptop&!is&!some: neutral
!but&!laptop&!is&some: negative
!but&!laptop&is&!mind: positive
!but&!laptop&is&mind: conflict
!but&laptop&!it&!went: positive
!but&laptop&!it&went: conflict
!but&laptop&it&!vbd: conflict
!but&laptop&it&vbd: negative
but&!ye&!they&!need: positive
but&!ye&!they&need: positive
but&!ye&they&!after: negative
but&!ye&they&after: neutral
but&ye: conflict
DecisionTree learned:
!but&!great&!in&!reboot: positive
!but&!great&!in&reboot: conflict
!but&!great&in&!veri: neutral
!but&!great&in&veri: positive
!but&great&!nnp&!cc: positive
!but&great&!nnp&cc: conflict
!but&great&nnp&!vbp: positive
!but&great&nnp&vbp: negative
but&!prp&!be&!to: conflict
but&!prp&!be&to: positive
but&!prp&be: negative
but&prp&!wa&!ratio: neutral
but&prp&!wa&ratio: negative
but&prp&wa&!vbz: positive
but&prp&wa&vbz: conflict
DecisionTree learned:
!but&!get&!nnp&!and: negative
!but&!get&!nnp&and: positive
!but&!get&nnp&!sol: neutral
!but&!get&nnp&sol: conflict
!but&get&!am&!os: negative
!but&get&!am&os: conflict
!but&get&am&!toshiba: conflict
!but&get&am&toshiba: negative
but&!the&!vbp&!jj: conflict
but&!the&!vbp&jj: conflict
but&!the&vbp&!i: neutral
but&!the&vbp&i: neutral
but&the&!they&!mac: positive
but&the&!they&mac: neutral
but&the&they&!that: negative
but&the&they&that: neutral
DecisionTree learned:
!but&!okay&!life&!macbook: negative
!but&!okay&!life&macbook: positive
!but&!okay&life&!my: positive
!but&!okay&life&my: conflict
!but&okay: conflict
but&!power&!wdt&!prp: negative
but&!power&!wdt&prp: negative
but&!power&wdt&!ex: conflict
but&!power&wdt&ex: negative
but&power: neutral
DecisionTree learned:
!but&!get&!nnp&!and: negative
!but&!get&!nnp&and: positive
!but&!get&nnp&!sol: neutral
!but&!get&nnp&sol: conflict
!but&get&!am&!os: negative
!but&get&!am&os: conflict
!but&get&am&!toshiba: conflict
!but&get&am&toshiba: negative
but&!learn&!think&!problem: positive
but&!learn&!think&problem: negative
but&!learn&think: negative
but&learn&!and: positive
but&learn&and: neutral
DecisionTree learned:
!but&!okay&!worth&!graphic: negative
!but&!okay&!worth&graphic: positive
!but&!okay&worth&!rbr: negative
!but&!okay&worth&rbr: conflict
!but&okay: conflict
but&!prp&!vbz&!driver: conflict
but&!prp&!vbz&driver: positive
but&!prp&vbz&!a: negative
but&!prp&vbz&a: positive
but&prp&!jjs&!the: conflict
but&prp&!jjs&the: positive
but&prp&jjs&!to: conflict
but&prp&jjs&to: negative
DecisionTree learned:
!but&!macbook&!graphic&!inconveni: negative
!but&!macbook&!graphic&inconveni: conflict
!but&!macbook&graphic&!vbd: positive
!but&!macbook&graphic&vbd: conflict
!but&macbook&!will&!hard: positive
!but&macbook&!will&hard: conflict
!but&macbook&will: conflict
but&!problem&!prp&!vbz: conflict
but&!problem&!prp&vbz: positive
but&!problem&prp&!it: neutral
but&!problem&prp&it: conflict
but&problem&!so: negative
but&problem&so: neutral
DecisionTree learned:
!but&!against&!media&!get: positive
!but&!against&!media&get: negative
!but&!against&media&!great: negative
!but&!against&media&great: conflict
!but&against: conflict
but&!repair&!all&!it: positive
but&!repair&!all&it: negative
but&!repair&all&!and: positive
but&!repair&all&and: neutral
but&repair&!to: negative
but&repair&to: neutral
DecisionTree learned:
!but&!macbook&!okay&!great: negative
!but&!macbook&!okay&great: positive
!but&!macbook&okay: conflict
!but&macbook&!will&!hard: positive
!but&macbook&!will&hard: conflict
!but&macbook&will: conflict
but&!hing&!wdt&!be: negative
but&!hing&!wdt&be: negative
but&!hing&wdt&!jj: neutral
but&!hing&wdt&jj: conflict
but&hing: neutral
DecisionTree learned:
!but&!laptop&!and&!some: negative
!but&!laptop&!and&some: negative
!but&!laptop&and&!prp: positive
!but&!laptop&and&prp: positive
!but&laptop&!it&!went: positive
!but&laptop&!it&went: conflict
!but&laptop&it&!vbd: conflict
!but&laptop&it&vbd: negative
but&!dt&!jjr&!that: negative
but&!dt&!jjr&that: conflict
but&!dt&jjr&!softwar: conflict
but&!dt&jjr&softwar: conflict
but&dt&!they&!prp: negative
but&dt&!they&prp: positive
but&dt&they&!after: negative
but&dt&they&after: neutral
DecisionTree learned:
!but&!use&!much&!great: negative
!but&!use&!much&great: positive
!but&!use&much&!laptop: positive
!but&!use&much&laptop: conflict
!but&use&!some&!though: neutral
!but&use&!some&though: conflict
!but&use&some&!rb: negative
!but&use&some&rb: conflict
but&!wa&!prp&!vbz: conflict
but&!wa&!prp&vbz: positive
but&!wa&prp&!screen: negative
but&!wa&prp&screen: conflict
but&wa&!vbz&!vbn: negative
but&wa&!vbz&vbn: positive
but&wa&vbz&!one: conflict
but&wa&vbz&one: positive
DecisionTree learned:
!but&!nnp&!and&!graphic: negative
!but&!nnp&!and&graphic: conflict
!but&!nnp&and&!vbd: positive
!but&!nnp&and&vbd: negative
!but&nnp&!get&!sol: neutral
!but&nnp&!get&sol: conflict
!but&nnp&get&!it: conflict
!but&nnp&get&it: negative
but&!support&!the&!had: conflict
but&!support&!the&had: negative
but&!support&the&!jjs: positive
but&!support&the&jjs: conflict
but&support: negative
DecisionTree learned:
!but&!worth&!easi&!speed: negative
!but&!worth&!easi&speed: positive
!but&!worth&easi&!one: positive
!but&!worth&easi&one: neutral
!but&worth&!rbr&!my: negative
!but&worth&!rbr&my: conflict
!but&worth&rbr: conflict
but&!prp&!cd&!had: positive
but&!prp&!cd&had: conflict
but&!prp&cd&!nns: negative
but&!prp&cd&nns: conflict
but&prp&!wa&!in: negative
but&prp&!wa&in: neutral
but&prp&wa&!vbz: positive
but&prp&wa&vbz: conflict
DecisionTree learned:
!but&!okay&!macbook&!laptop: negative
!but&!okay&!macbook&laptop: positive
!but&!okay&macbook&!will: positive
!but&!okay&macbook&will: conflict
!but&okay: conflict
but&!user&!wdt&!function: negative
but&!user&!wdt&function: neutral
but&!user&wdt&!the: conflict
but&!user&wdt&the: conflict
but&user: neutral
DecisionTree learned:
!but&!nnp&!and&!to: positive
!but&!nnp&!and&to: neutral
!but&!nnp&and&!vbd: positive
!but&!nnp&and&vbd: negative
!but&nnp&!get&!sol: neutral
!but&nnp&!get&sol: conflict
!but&nnp&get&!it: conflict
!but&nnp&get&it: negative
but&!wdt&!be&!learn: positive
but&!wdt&!be&learn: neutral
but&!wdt&be&!vbz: negative
but&!wdt&be&vbz: neutral
but&wdt&!jj&!use: neutral
but&wdt&!jj&use: conflict
but&wdt&jj&!way: conflict
but&wdt&jj&way: positive
DecisionTree learned:
!but&!against&!okay&!macbook: negative
!but&!against&!okay&macbook: positive
!but&!against&okay: conflict
!but&against: conflict
but&!prp&!keyboard&!to: conflict
but&!prp&!keyboard&to: negative
but&!prp&keyboard&!small: positive
but&!prp&keyboard&small: negative
but&prp&!wa&!screen: positive
but&prp&!wa&screen: conflict
but&prp&wa&!for: positive
but&prp&wa&for: negative
DecisionTree learned:
!but&!okay&!life&!get: positive
!but&!okay&!life&get: negative
!but&!okay&life&!my: positive
!but&!okay&life&my: conflict
!but&okay: conflict
but&!so&!had&!support: positive
but&!so&!had&support: negative
but&!so&had&!wdt: negative
but&!so&had&wdt: conflict
but&so&!wa: neutral
but&so&wa: positive
DecisionTree learned:
!but&!macbook&!great&!in: positive
!but&!macbook&!great&in: neutral
!but&!macbook&great&!nnp: positive
!but&!macbook&great&nnp: positive
!but&macbook&!will&!hard: positive
!but&macbook&!will&hard: conflict
!but&macbook&will: conflict
but&!rather&!the&!vbp: conflict
but&!rather&!the&vbp: neutral
but&!rather&the&!still: positive
but&!rather&the&still: negative
but&rather: neutral
DecisionTree learned:
!but&!against&!media&!worth: negative
!but&!against&!media&worth: conflict
!but&!against&media&!great: negative
!but&!against&media&great: conflict
!but&against: conflict
but&!prp&!wa&!vbn: positive
but&!prp&!wa&vbn: negative
but&!prp&wa: negative
but&prp&!wa&!huge: negative
but&prp&!wa&huge: conflict
but&prp&wa&!the: conflict
but&prp&wa&the: positive
DecisionTree learned:
!but&!inconveni&!vbz&!eee: neutral
!but&!inconveni&!vbz&eee: conflict
!but&!inconveni&vbz&!card: positive
!but&!inconveni&vbz&card: conflict
!but&inconveni: conflict
but&!wrb&!big&!rather: positive
but&!wrb&!big&rather: neutral
but&!wrb&big&!is: neutral
but&!wrb&big&is: conflict
but&wrb&!everyth&!so: conflict
but&wrb&!everyth&so: positive
but&wrb&everyth: positive
DecisionTree learned:
!but&!mind&!get&!nnp: negative
!but&!mind&!get&nnp: neutral
!but&!mind&get&!am: negative
!but&!mind&get&am: conflict
!but&mind: conflict
but&!dt&!jjr&!my: negative
but&!dt&!jjr&my: positive
but&!dt&jjr&!softwar: conflict
but&!dt&jjr&softwar: conflict
but&dt&!they&!we: positive
but&dt&!they&we: negative
but&dt&they&!that: negative
but&dt&they&that: neutral
DecisionTree learned:
!but&!inconveni&!vbz&!against: negative
!but&!inconveni&!vbz&against: conflict
!but&!inconveni&vbz&!nnp: positive
!but&!inconveni&vbz&nnp: positive
!but&inconveni: conflict
but&!learn&!support&!user: positive
but&!learn&!support&user: neutral
but&!learn&support: negative
but&learn&!and: positive
but&learn&and: neutral
DecisionTree learned:
!but&!mind&!qualiti&!okay: positive
!but&!mind&!qualiti&okay: conflict
!but&!mind&qualiti&!on: negative
!but&!mind&qualiti&on: conflict
!but&mind: conflict
but&!power&!ever&!the: conflict
but&!power&!ever&the: positive
but&!power&ever: conflict
but&power: neutral
DecisionTree learned:
!but&!and&!nnp&!to: positive
!but&!and&!nnp&to: neutral
!but&!and&nnp&!get: neutral
!but&!and&nnp&get: conflict
!but&and&!prp&!for: positive
!but&and&!prp&for: positive
!but&and&prp&!complain: positive
!but&and&prp&complain: conflict
but&!problem&!prp&!to: conflict
but&!problem&!prp&to: positive
but&!problem&prp&!wa: neutral
but&!problem&prp&wa: positive
but&problem&!so: negative
but&problem&so: neutral
DecisionTree learned:
!but&!graphic&!macbook&!laptop: negative
!but&!graphic&!macbook&laptop: positive
!but&!graphic&macbook&!vbg: conflict
!but&!graphic&macbook&vbg: neutral
!but&graphic&!vbd&!my: positive
!but&graphic&!vbd&my: neutral
!but&graphic&vbd&!vbn: negative
!but&graphic&vbd&vbn: conflict
but&!window&!rather&!learn: negative
but&!window&!rather&learn: neutral
but&!window&rather: neutral
but&window&!it&!prp: negative
but&window&!it&prp: neutral
but&window&it&!use: conflict
but&window&it&use: positive
DecisionTree learned:
!but&!inconveni&!get&!nnp: negative
!but&!inconveni&!get&nnp: neutral
!but&!inconveni&get&!am: neutral
!but&!inconveni&get&am: conflict
!but&inconveni: conflict
but&!if&!ani&!learn: positive
but&!if&!ani&learn: neutral
but&!if&ani: neutral
but&if&!is: neutral
but&if&is&!softwar: positive
but&if&is&softwar: negative
DecisionTree learned:
!but&!great&!okay&!worth: negative
!but&!great&!okay&worth: conflict
!but&!great&okay: conflict
!but&great&!nnp&!rb: positive
!but&great&!nnp&rb: conflict
!but&great&nnp&!vbp: positive
!but&great&nnp&vbp: negative
but&!prp&!cd&!nns: conflict
but&!prp&!cd&nns: positive
but&!prp&cd&!nns: negative
but&!prp&cd&nns: conflict
but&prp&!wa&!rbr: negative
but&prp&!wa&rbr: positive
but&prp&wa&!coupl: positive
but&prp&wa&coupl: conflict
DecisionTree learned:
!but&!okay&!for&!macbook: negative
!but&!okay&!for&macbook: positive
!but&!okay&for&!card: neutral
!but&!okay&for&card: conflict
!but&okay: conflict
but&!think&!prp&!will: negative
but&!think&!prp&will: conflict
but&!think&prp&!wa: neutral
but&!think&prp&wa: positive
but&think: negative
DecisionTree learned:
!but&!nnp&!great&!graphic: negative
!but&!nnp&!great&graphic: conflict
!but&!nnp&great&!cc: positive
!but&!nnp&great&cc: conflict
!but&nnp&!get&!sol: neutral
!but&nnp&!get&sol: conflict
!but&nnp&get&!it: conflict
!but&nnp&get&it: negative
but&!wrb&!though&!the: conflict
but&!wrb&!though&the: negative
but&!wrb&though: conflict
but&wrb&!everyth&!so: conflict
but&wrb&!everyth&so: positive
but&wrb&everyth: positive
DecisionTree learned:
!but&!okay&!worth&!life: neutral
!but&!okay&!worth&life: positive
!but&!okay&worth&!rbr: negative
!but&!okay&worth&rbr: conflict
!but&okay: conflict
but&!the&!rb&!vbn: neutral
but&!the&!rb&vbn: negative
but&!the&rb&!vbp: conflict
but&!the&rb&vbp: neutral
but&the&!jjs&!function: negative
but&the&!jjs&function: neutral
but&the&jjs&!and: conflict
but&the&jjs&and: negative
DecisionTree learned:
!but&!against&!some&!nnp: negative
!but&!against&!some&nnp: neutral
!but&!against&some&!use: negative
!but&!against&some&use: conflict
!but&against: conflict
but&!prp&!had&!vbd: conflict
but&!prp&!had&vbd: negative
but&!prp&had: conflict
but&prp&!wrb&!wa: neutral
but&prp&!wrb&wa: positive
but&prp&wrb&!everyth: conflict
but&prp&wrb&everyth: positive
DecisionTree learned:
!but&!eee&!nnp&!and: negative
!but&!eee&!nnp&and: positive
!but&!eee&nnp&!some: neutral
!but&!eee&nnp&some: negative
!but&eee: conflict
but&!all&!it&!prp: positive
but&!all&!it&prp: neutral
but&!all&it&!for: conflict
but&!all&it&for: positive
but&all&!and: positive
but&all&and: neutral
DecisionTree learned:
!but&!nnp&!great&!graphic: negative
!but&!nnp&!great&graphic: conflict
!but&!nnp&great&!video: positive
!but&!nnp&great&video: conflict
!but&nnp&!get&!sol: neutral
!but&nnp&!get&sol: conflict
!but&nnp&get&!a: conflict
!but&nnp&get&a: positive
but&!prp&!to&!vbz: conflict
but&!prp&!to&vbz: positive
but&!prp&to&!love: positive
but&!prp&to&love: negative
but&prp&!rbr&!jjs: negative
but&prp&!rbr&jjs: conflict
but&prp&rbr&!dt: conflict
but&prp&rbr&dt: positive
DecisionTree learned:
!but&!worth&!graphic&!qualiti: neutral
!but&!worth&!graphic&qualiti: negative
!but&!worth&graphic&!vbd: positive
!but&!worth&graphic&vbd: conflict
!but&worth&!rbr&!my: negative
!but&worth&!rbr&my: conflict
!but&worth&rbr: conflict
but&!laptop&!dt&!md: conflict
but&!laptop&!dt&md: negative
but&!laptop&dt&!if: negative
but&!laptop&dt&if: neutral
but&laptop&!vbd: positive
but&laptop&vbd&!the: neutral
but&laptop&vbd&the: positive
DecisionTree learned:
!but&!nnp&!great&!macbook: negative
!but&!nnp&!great&macbook: conflict
!but&!nnp&great&!vb: positive
!but&!nnp&great&vb: conflict
!but&nnp&!get&!sol: neutral
!but&nnp&!get&sol: conflict
!but&nnp&get&!it: conflict
!but&nnp&get&it: negative
but&!rather&!replac&!the: conflict
but&!rather&!replac&the: positive
but&!rather&replac&!jj: negative
but&!rather&replac&jj: neutral
but&rather: neutral
DecisionTree learned:
!but&!nnp&!great&!graphic: negative
!but&!nnp&!great&graphic: conflict
!but&!nnp&great&!cc: positive
!but&!nnp&great&cc: conflict
!but&nnp&!get&!sol: neutral
!but&nnp&!get&sol: conflict
!but&nnp&get&!it: conflict
!but&nnp&get&it: negative
but&!power&!want&!be: positive
but&!power&!want&be: negative
but&!power&want: conflict
but&power: neutral
DecisionTree learned:
!but&!nnp&!and&!to: positive
!but&!nnp&!and&to: neutral
!but&!nnp&and&!vbd: positive
!but&!nnp&and&vbd: negative
!but&nnp&!get&!sol: neutral
!but&nnp&!get&sol: conflict
!but&nnp&get&!md: conflict
!but&nnp&get&md: neutral
but&!two&!user&!replac: negative
but&!two&!user&replac: neutral
but&!two&user: neutral
but&two&!nnp&!is: positive
but&two&!nnp&is: negative
but&two&nnp: conflict
DecisionTree learned:
!but&!nnp&!and&!graphic: negative
!but&!nnp&!and&graphic: conflict
!but&!nnp&and&!vbd: positive
!but&!nnp&and&vbd: negative
!but&nnp&!get&!sol: neutral
!but&nnp&!get&sol: conflict
!but&nnp&get&!it: conflict
!but&nnp&get&it: negative
but&!ye&!replac&!wdt: negative
but&!ye&!replac&wdt: conflict
but&!ye&replac&!jj: conflict
but&!ye&replac&jj: neutral
but&ye: conflict
DecisionTree learned:
!but&!and&!nnp&!to: positive
!but&!and&!nnp&to: neutral
!but&!and&nnp&!get: neutral
!but&!and&nnp&get: conflict
!but&and&!complain&!extend: positive
!but&and&!complain&extend: neutral
!but&and&complain: conflict
but&!if&!learn&!ani: positive
but&!if&!learn&ani: neutral
but&!if&learn: neutral
but&if&!to&!mac: negative
but&if&!to&mac: positive
but&if&to: neutral
Trial 0 Training cc.mallet.classify.AdaBoostM2Trainer@73901437 finished
Trial 0 Trainer cc.mallet.classify.AdaBoostM2Trainer@73901437 test data accuracy = 0.539553752535497

NaiveBayesTrainer
Summary. test accuracy mean = 0.6977687626774848 stddev = 0.0 stderr = 0.0

MaxEntTrainer,gaussianPriorVariance=1.0
Summary. test accuracy mean = 0.6551724137931034 stddev = 0.0 stderr = 0.0

cc.mallet.classify.DecisionTreeTrainer@2b2d96f2
Summary. test accuracy mean = 0.5273833671399595 stddev = 0.0 stderr = 0.0

cc.mallet.classify.AdaBoostM2Trainer@73901437
Summary. test accuracy mean = 0.539553752535497 stddev = 0.0 stderr = 0.0
