
-------------------- Trial 0  --------------------

Trial 0 Training NaiveBayesTrainer with 1865 instances
Trial 0 Training NaiveBayesTrainer finished
Trial 0 Trainer NaiveBayesTrainer test data accuracy = 0.5983772819472617
Trial 0 Training MaxEntTrainer,gaussianPriorVariance=1.0 with 1865 instances
Trial 0 Training MaxEntTrainer,gaussianPriorVariance=1.0 finished
Trial 0 Trainer MaxEntTrainer,gaussianPriorVariance=1.0 test data accuracy = 0.6369168356997972
Trial 0 Training cc.mallet.classify.DecisionTreeTrainer@2b2d96f2 with 1865 instances
DecisionTree learned:
!neg&!but&!not&!pos: positive
!neg&!but&!not&pos: positive
!neg&!but&not&!and: negative
!neg&!but&not&and: positive
!neg&but&!you&!this: negative
!neg&but&!you&this: positive
!neg&but&you&!n: neutral
!neg&but&you&n: negative
neg&!movie&!pos&!price: negative
neg&!movie&!pos&price: positive
neg&!movie&pos&!garageband: negative
neg&!movie&pos&garageband: positive
neg&movie: neutral
Trial 0 Training cc.mallet.classify.DecisionTreeTrainer@2b2d96f2 finished
Trial 0 Trainer cc.mallet.classify.DecisionTreeTrainer@2b2d96f2 test data accuracy = 0.5415821501014199
Trial 0 Training cc.mallet.classify.AdaBoostM2Trainer@7e78fc6 with 1865 instances
DecisionTree learned:
!but&!neg&!not&!very: positive
!but&!neg&!not&very: positive
!but&!neg&not&!and: negative
!but&!neg&not&and: positive
!but&neg&!movie&!pos: negative
!but&neg&!movie&pos: negative
!but&neg&movie: neutral
but&!got&!mac&!x: negative
but&!got&!mac&x: neutral
but&!got&mac&!its: positive
but&!got&mac&its: neutral
but&got&!so: negative
but&got&so: positive
DecisionTree learned:
!neg&!but&!pos&!not: positive
!neg&!but&!pos&not: negative
!neg&!but&pos&!n: positive
!neg&!but&pos&n: negative
!neg&but&!mac&!this: negative
!neg&but&!mac&this: positive
!neg&but&mac&!another: positive
!neg&but&mac&another: negative
neg&!pos&!etc&!price: negative
neg&!pos&!etc&price: positive
neg&!pos&etc: neutral
neg&pos&!but&!then: positive
neg&pos&!but&then: negative
neg&pos&but&!this: positive
neg&pos&but&this: negative
DecisionTree learned:
!but&!fast&!neg&!and: positive
!but&!fast&!neg&and: positive
!but&!fast&neg&!music: negative
!but&!fast&neg&music: neutral
!but&fast&!with: positive
!but&fast&with&!software: positive
!but&fast&with&software: positive
but&!mac&!be&!think: negative
but&!mac&!be&think: neutral
but&!mac&be&!which: negative
but&!mac&be&which: conflict
but&mac&!its&!bit: positive
but&mac&!its&bit: neutral
but&mac&its&!just: neutral
but&mac&its&just: neutral
DecisionTree learned:
!but&!pos&!neg&!not: positive
!but&!pos&!neg&not: negative
!but&!pos&neg&!etc: negative
!but&!pos&neg&etc: neutral
!but&pos&!fast&!use: positive
!but&pos&!fast&use: positive
!but&pos&fast&!if: positive
!but&pos&fast&if: positive
but&!got&!mac&!this: negative
but&!got&!mac&this: negative
but&!got&mac&!its: positive
but&!got&mac&its: neutral
but&got&!so: negative
but&got&so: positive
DecisionTree learned:
!but&!fast&!neg&!not: positive
!but&!fast&!neg&not: negative
!but&!fast&neg&!faster: negative
!but&!fast&neg&faster: positive
!but&fast&!one&!if: positive
!but&fast&!one&if: positive
!but&fast&one: neutral
but&!mac&!x&!be: negative
but&!mac&!x&be: negative
but&!mac&x&!is: neutral
but&!mac&x&is: positive
but&mac&!another&!its: positive
but&mac&!another&its: neutral
but&mac&another: negative
DecisionTree learned:
!but&!fast&!neg&!would: positive
!but&!fast&!neg&would: negative
!but&!fast&neg&!photo: negative
!but&!fast&neg&photo: neutral
!but&fast&!one&!if: positive
!but&fast&!one&if: positive
!but&fast&one: neutral
but&!mac&!this&!so: negative
but&!mac&!this&so: neutral
but&!mac&this&!neg: positive
but&!mac&this&neg: negative
but&mac&!bit&!its: positive
but&mac&!bit&its: neutral
but&mac&bit: neutral
DecisionTree learned:
!but&!pos&!much&!speed: negative
!but&!pos&!much&speed: positive
!but&!pos&much&!neg: positive
!but&!pos&much&neg: conflict
!but&pos&!to&!after: positive
!but&pos&!to&after: negative
!but&pos&to&!use: negative
!but&pos&to&use: positive
but&!and&!to&!i: negative
but&!and&!to&i: positive
but&!and&to&!be: neutral
but&!and&to&be: negative
but&and&!more&!got: positive
but&and&!more&got: negative
but&and&more&!make: positive
but&and&more&make: positive
DecisionTree learned:
!but&!fast&!not&!for: positive
!but&!fast&!not&for: positive
!but&!fast&not&!apple: negative
!but&!fast&not&apple: positive
!but&fast&!with: positive
!but&fast&with&!software: positive
!but&fast&with&software: positive
but&!yes&!mac&!features: negative
but&!yes&!mac&features: positive
but&!yes&mac&!another: positive
but&!yes&mac&another: negative
but&yes&!and: conflict
but&yes&and&!pos: positive
but&yes&and&pos: positive
DecisionTree learned:
!but&!neg&!i&!and: positive
!but&!neg&!i&and: positive
!but&!neg&i&!pos: neutral
!but&!neg&i&pos: positive
!but&neg&!after&!or: negative
!but&neg&!after&or: neutral
!but&neg&after&!software: negative
!but&neg&after&software: positive
but&!yes&!speed&!there: negative
but&!yes&!speed&there: negative
but&!yes&speed: neutral
but&yes&!pos&!than: conflict
but&yes&!pos&than: positive
but&yes&pos: positive
DecisionTree learned:
!but&!fast&!pos&!much: negative
!but&!fast&!pos&much: positive
!but&!fast&pos&!months: positive
!but&!fast&pos&months: negative
!but&fast&!with: positive
!but&fast&with&!just: positive
!but&fast&with&just: neutral
but&!mac&!this&!so: negative
but&!mac&!this&so: conflict
but&!mac&this&!neg: neutral
but&!mac&this&neg: negative
but&mac&!more&!another: positive
but&mac&!more&another: negative
but&mac&more: positive
DecisionTree learned:
!but&!fast&!i&!pos: negative
!but&!fast&!i&pos: positive
!but&!fast&i&!for: negative
!but&!fast&i&for: neutral
!but&fast&!with: positive
!but&fast&with&!just: positive
!but&fast&with&just: neutral
but&!new&!more&!the: conflict
but&!new&!more&the: negative
but&!new&more&!software: positive
but&!new&more&software: conflict
but&new&!when&!software: neutral
but&new&!when&software: negative
but&new&when&!so: negative
but&new&when&so: neutral
DecisionTree learned:
!but&!for&!get&!and: negative
!but&!for&!get&and: positive
!but&!for&get&!am: negative
!but&!for&get&am: conflict
!but&for&!not&!office: positive
!but&for&!not&office: neutral
!but&for&not&!does: negative
!but&for&not&does: positive
but&!mac&!this&!so: negative
but&!mac&!this&so: neutral
but&!mac&this&!neg: neutral
but&!mac&this&neg: negative
but&mac&!bit&!you: positive
but&mac&!bit&you: positive
but&mac&bit: neutral
DecisionTree learned:
!but&!neg&!when&!pos: neutral
!but&!neg&!when&pos: positive
!but&!neg&when&!on: negative
!but&!neg&when&on: neutral
!but&neg&!price&!after: negative
!but&neg&!price&after: negative
!but&neg&price&!worth: positive
!but&neg&price&worth: conflict
but&!new&!in&!x: negative
but&!new&!in&x: neutral
but&!new&in&!n: neutral
but&!new&in&n: negative
but&new&!when&!some: neutral
but&new&!when&some: positive
but&new&when&!so: negative
but&new&when&so: conflict
DecisionTree learned:
!but&!neg&!when&!n: positive
!but&!neg&!when&n: negative
!but&!neg&when&!pc: negative
!but&!neg&when&pc: conflict
!but&neg&!or&!software: negative
!but&neg&!or&software: positive
!but&neg&or&!is: neutral
!but&neg&or&is: negative
but&!did&!the&!it: neutral
but&!did&!the&it: conflict
but&!did&the&!mac: negative
but&!did&the&mac: positive
but&did&!in&!software: conflict
but&did&!in&software: neutral
but&did&in&!me: neutral
but&did&in&me: negative
DecisionTree learned:
!but&!very&!price&!for: negative
!but&!very&!price&for: neutral
!but&!very&price&!worth: positive
!but&!very&price&worth: conflict
!but&very&!some&!neg: positive
!but&very&!some&neg: positive
!but&very&some: conflict
but&!battery&!did&!was: positive
but&!battery&!did&was: negative
but&!battery&did&!would: neutral
but&!battery&did&would: negative
but&battery&!n&!s: conflict
but&battery&!n&s: conflict
but&battery&n&!upgrade: negative
but&battery&n&upgrade: positive
DecisionTree learned:
!but&!neg&!they&!graphics: positive
!but&!neg&!they&graphics: positive
!but&!neg&they&!in: neutral
!but&!neg&they&in: negative
!but&neg&!much&!for: negative
!but&neg&!much&for: positive
!but&neg&much&!a: conflict
!but&neg&much&a: neutral
but&!new&!this&!there: negative
but&!new&!this&there: negative
but&!new&this&!neg: positive
but&!new&this&neg: negative
but&new&!with&!pos: negative
but&new&!with&pos: positive
but&new&with&!just: conflict
but&new&with&just: neutral
DecisionTree learned:
!but&!not&!for&!much: positive
!but&!not&!for&much: positive
!but&!not&for&!office: positive
!but&!not&for&office: neutral
!but&not&!going&!through: negative
!but&not&!going&through: neutral
!but&not&going: conflict
but&!got&!mac&!gb: negative
but&!got&!mac&gb: neutral
but&!got&mac&!more: neutral
but&!got&mac&more: positive
but&got&!so: negative
but&got&so: positive
DecisionTree learned:
!but&!for&!much&!get: negative
!but&!for&!much&get: negative
!but&!for&much&!i: positive
!but&!for&much&i: neutral
!but&for&!to&!not: positive
!but&for&!to&not: negative
!but&for&to&!someone: neutral
!but&for&to&someone: positive
but&!computer&!this&!so: positive
but&!computer&!this&so: neutral
but&!computer&this&!neg: positive
but&!computer&this&neg: negative
but&computer&!known&!after: negative
but&computer&!known&after: positive
but&computer&known: conflict
DecisionTree learned:
!but&!i&!you&!and: negative
!but&!i&!you&and: positive
!but&!i&you&!get: neutral
!but&!i&you&get: negative
!but&i&!get&!needs: neutral
!but&i&!get&needs: conflict
!but&i&get&!am: neutral
!but&i&get&am: conflict
but&!new&!this&!so: negative
but&!new&!this&so: conflict
but&!new&this&!neg: positive
but&!new&this&neg: negative
but&new&!with&!pos: positive
but&new&!with&pos: neutral
but&new&with&!just: neutral
but&new&with&just: neutral
DecisionTree learned:
!but&!and&!laptops&!opted: negative
!but&!and&!laptops&opted: conflict
!but&!and&laptops&!much: negative
!but&!and&laptops&much: conflict
!but&and&!i&!were: positive
!but&and&!i&were: negative
!but&and&i&!what: neutral
!but&and&i&what: neutral
but&!got&!mac&!nothing: positive
but&!got&!mac&nothing: negative
but&!got&mac&!very: positive
but&!got&mac&very: positive
but&got&!so: negative
but&got&so: positive
DecisionTree learned:
!but&!for&!very&!much: negative
!but&!for&!very&much: positive
!but&!for&very&!do: positive
!but&!for&very&do: negative
!but&for&!so&!purchased: positive
!but&for&!so&purchased: neutral
!but&for&so&!battery: negative
!but&for&so&battery: conflict
but&!mac&!there&!web: negative
but&!mac&!there&web: positive
but&!mac&there&!to: negative
but&!mac&there&to: neutral
but&mac&!system&!more: neutral
but&mac&!system&more: positive
but&mac&system&!is: negative
but&mac&system&is: neutral
DecisionTree learned:
!but&!price&!and&!is: negative
!but&!price&!and&is: negative
!but&!price&and&!back: positive
!but&!price&and&back: neutral
!but&price&!worth&!off: positive
!but&price&!worth&off: neutral
!but&price&worth&!pos: conflict
!but&price&worth&pos: negative
but&!the&!another&!so: conflict
but&!the&!another&so: neutral
but&!the&another: neutral
but&the&!on&!apple: negative
but&the&!on&apple: neutral
but&the&on&!i: conflict
but&the&on&i: neutral
DecisionTree learned:
!but&!requires&!neg&!way: positive
!but&!requires&!neg&way: negative
!but&!requires&neg&!much: negative
!but&!requires&neg&much: conflict
!but&requires: conflict
but&!this&!so&!that: negative
but&!this&!so&that: positive
but&!this&so&!it: neutral
but&!this&so&it: conflict
but&this&!computer&!neg: neutral
but&this&!computer&neg: neutral
but&this&computer&!that: negative
but&this&computer&that: positive
DecisionTree learned:
!but&!fast&!not&!for: negative
!but&!fast&!not&for: positive
!but&!fast&not&!other: negative
!but&!fast&not&other: conflict
!but&fast&!just&!if: positive
!but&fast&!just&if: positive
!but&fast&just: neutral
but&!think&!so&!in: negative
but&!think&!so&in: positive
but&!think&so&!laptop: conflict
but&!think&so&laptop: neutral
but&think&!on: negative
but&think&on: neutral
DecisionTree learned:
!but&!after&!i&!you: positive
!but&!after&!i&you: neutral
!but&!after&i&!get: neutral
!but&!after&i&get: negative
!but&after&!with&!what: negative
!but&after&!with&what: positive
!but&after&with&!i: negative
!but&after&with&i: positive
but&!mac&!if&!tim: negative
but&!mac&!if&tim: neutral
but&!mac&if&!to: negative
but&!mac&if&to: neutral
but&mac&!another&!up: neutral
but&mac&!another&up: positive
but&mac&another: negative
DecisionTree learned:
!but&!is&!for&!bars: negative
!but&!is&!for&bars: conflict
!but&!is&for&!windows: neutral
!but&!is&for&windows: negative
!but&is&!not&!neg: positive
!but&is&!not&neg: positive
!but&is&not&!netbook: negative
!but&is&not&netbook: neutral
but&!did&!be&!mac: positive
but&!did&!be&mac: neutral
but&!did&be&!with: negative
but&!did&be&with: negative
but&did&!in&!software: conflict
but&did&!in&software: neutral
but&did&in&!me: neutral
but&did&in&me: negative
DecisionTree learned:
!but&!for&!much&!get: negative
!but&!for&!much&get: negative
!but&!for&much&!laptops: positive
!but&!for&much&laptops: conflict
!but&for&!not&!some: positive
!but&for&!not&some: negative
!but&for&not&!via: negative
!but&for&not&via: neutral
but&!be&!the&!it: neutral
but&!be&!the&it: conflict
but&!be&the&!gb: positive
but&!be&the&gb: neutral
but&be&!with&!and: negative
but&be&!with&and: negative
but&be&with&!would: negative
but&be&with&would: negative
DecisionTree learned:
!but&!fast&!movie&!uses: negative
!but&!fast&!movie&uses: neutral
!but&!fast&movie&!just: neutral
!but&!fast&movie&just: neutral
!but&fast&!with: positive
!but&fast&with&!just: positive
!but&fast&with&just: neutral
but&!computer&!this&!mac: positive
but&!computer&!this&mac: positive
but&!computer&this&!neg: positive
but&!computer&this&neg: negative
but&computer&!that&!so: negative
but&computer&!that&so: conflict
but&computer&that&!for: positive
but&computer&that&for: conflict
DecisionTree learned:
!but&!generally&!after&!movie: positive
!but&!generally&!after&movie: neutral
!but&!generally&after&!with: neutral
!but&!generally&after&with: negative
!but&generally: conflict
but&!standard&!this&!so: positive
but&!standard&!this&so: conflict
but&!standard&this&!know: negative
but&!standard&this&know: conflict
but&standard: conflict
DecisionTree learned:
!but&!price&!and&!requires: negative
!but&!price&!and&requires: conflict
!but&!price&and&!i: positive
!but&!price&and&i: neutral
!but&price&!worth&!off: positive
!but&price&!worth&off: neutral
!but&price&worth&!pos: conflict
!but&price&worth&pos: negative
but&!repair&!new&!overall: positive
but&!repair&!new&overall: neutral
but&!repair&new&!software: neutral
but&!repair&new&software: negative
but&repair&!they: negative
but&repair&they&!to: negative
but&repair&they&to: neutral
DecisionTree learned:
!but&!for&!they&!you: negative
!but&!for&!they&you: neutral
!but&!for&they&!nothing: neutral
!but&!for&they&nothing: negative
!but&for&!so&!to: positive
!but&for&!so&to: neutral
!but&for&so&!laptop: negative
!but&for&so&laptop: conflict
but&!x&!which&!i: positive
but&!x&!which&i: positive
but&!x&which&!and: conflict
but&!x&which&and: conflict
but&x&!is: neutral
but&x&is: positive
DecisionTree learned:
!but&!requires&!for&!get: negative
!but&!requires&!for&get: negative
!but&!requires&for&!so: neutral
!but&!requires&for&so: negative
!but&requires: conflict
but&!was&!in&!drive: negative
but&!was&!in&drive: neutral
but&!was&in&!neg: positive
but&!was&in&neg: neutral
but&was&!even&!the: conflict
but&was&!even&the: negative
but&was&even&!just: positive
but&was&even&just: positive
DecisionTree learned:
!but&!for&!requires&!pc: negative
!but&!for&!requires&pc: positive
!but&!for&requires: conflict
!but&for&!so&!despite: neutral
!but&for&!so&despite: conflict
!but&for&so&!battery: negative
!but&for&so&battery: conflict
but&!new&!os&!email: negative
but&!new&!os&email: neutral
but&!new&os&!windows: positive
but&!new&os&windows: neutral
but&new&!when&!some: neutral
but&new&!when&some: positive
but&new&when&!so: negative
but&new&when&so: neutral
DecisionTree learned:
!but&!neg&!way&!requires: positive
!but&!neg&!way&requires: conflict
!but&!neg&way&!so: negative
!but&!neg&way&so: conflict
!but&neg&!opted&!desktop: negative
!but&neg&!opted&desktop: neutral
!but&neg&opted: conflict
but&!this&!so&!in: negative
but&!this&!so&in: positive
but&!this&so&!as: conflict
but&!this&so&as: neutral
but&this&!know&!x: negative
but&this&!know&x: neutral
but&this&know: conflict
DecisionTree learned:
!but&!for&!requires&!stack: negative
!but&!for&!requires&stack: conflict
!but&!for&requires: conflict
!but&for&!so&!neg: neutral
!but&for&!so&neg: positive
!but&for&so&!battery: negative
!but&for&so&battery: conflict
but&!drive&!new&!repair: positive
but&!drive&!new&repair: neutral
but&!drive&new&!with: positive
but&!drive&new&with: neutral
but&drive&!to&!is: neutral
but&drive&!to&is: neutral
but&drive&to: negative
DecisionTree learned:
!but&!uses&!pos&!much: negative
!but&!uses&!pos&much: conflict
!but&!uses&pos&!then: positive
!but&!uses&pos&then: negative
!but&uses&!of: neutral
!but&uses&of: conflict
but&!my&!drive&!to: negative
but&!my&!drive&to: neutral
but&!my&drive&!to: neutral
but&!my&drive&to: negative
but&my&!life&!did: positive
but&my&!life&did: neutral
but&my&life&!mac: conflict
but&my&life&mac: neutral
DecisionTree learned:
!but&!neg&!when&!requires: positive
!but&!neg&!when&requires: conflict
!but&!neg&when&!pc: neutral
!but&!neg&when&pc: conflict
!but&neg&!much&!desktop: negative
!but&neg&!much&desktop: conflict
!but&neg&much&!pos: conflict
!but&neg&much&pos: neutral
but&!drive&!mac&!if: positive
but&!drive&!mac&if: neutral
but&!drive&mac&!system: positive
but&!drive&mac&system: neutral
but&drive&!to&!is: neutral
but&drive&!to&is: neutral
but&drive&to: negative
DecisionTree learned:
!but&!for&!safari&!great: negative
!but&!for&!safari&great: positive
!but&!for&safari: neutral
!but&for&!designed&!so: neutral
!but&for&!designed&so: conflict
!but&for&designed&!and: negative
!but&for&designed&and: negative
but&!new&!in&!disc: negative
but&!new&!in&disc: neutral
but&!new&in&!was: neutral
but&!new&in&was: positive
but&new&!when&!you: positive
but&new&!when&you: neutral
but&new&when&!so: negative
but&new&when&so: neutral
DecisionTree learned:
!but&!after&!uses&!get: positive
!but&!after&!uses&get: negative
!but&!after&uses&!of: neutral
!but&!after&uses&of: conflict
!but&after&!with&!what: neutral
!but&after&!with&what: positive
!but&after&with&!i: negative
!but&after&with&i: positive
but&!did&!if&!the: conflict
but&!did&!if&the: positive
but&!did&if&!to: negative
but&!did&if&to: neutral
but&did&!of&!pos: neutral
but&did&!of&pos: conflict
but&did&of&!that: neutral
but&did&of&that: neutral
DecisionTree learned:
!but&!for&!they&!n: positive
!but&!for&!they&n: negative
!but&!for&they&!replace: neutral
!but&!for&they&replace: negative
!but&for&!so&!neg: neutral
!but&for&!so&neg: neutral
!but&for&so&!laptop: negative
!but&for&so&laptop: conflict
but&!so&!in&!web: negative
but&!so&!in&web: positive
but&!so&in&!more: neutral
but&!so&in&more: positive
but&so&!laptop&!i: neutral
but&so&!laptop&i: positive
but&so&laptop&!toshiba: neutral
but&so&laptop&toshiba: negative
DecisionTree learned:
!but&!pos&!price&!speed: negative
!but&!pos&!price&speed: positive
!but&!pos&price&!worth: positive
!but&!pos&price&worth: conflict
!but&pos&!other&!generally: positive
!but&pos&!other&generally: conflict
!but&pos&other&!was: positive
!but&pos&other&was: conflict
but&!most&!yes&!and: negative
but&!most&!yes&and: negative
but&!most&yes&!and: conflict
but&!most&yes&and: positive
but&most&!and: positive
but&most&and&!than: positive
but&most&and&than: positive
DecisionTree learned:
!but&!for&!get&!laptops: negative
!but&!for&!get&laptops: conflict
!but&!for&get&!am: negative
!but&!for&get&am: conflict
!but&for&!so&!neg: neutral
!but&for&!so&neg: positive
!but&for&so&!battery: negative
!but&for&so&battery: conflict
but&!drive&!web&!screen: positive
but&!drive&!web&screen: conflict
but&!drive&web&!is: positive
but&!drive&web&is: neutral
but&drive&!to&!is: neutral
but&drive&!to&is: neutral
but&drive&to: negative
DecisionTree learned:
!but&!uses&!opted&!price: negative
!but&!uses&!opted&price: positive
!but&!uses&opted: conflict
!but&uses&!of: neutral
!but&uses&of: conflict
but&!the&!it&!i: conflict
but&!the&!it&i: neutral
but&!the&it&!new: conflict
but&!the&it&new: neutral
but&the&!mac&!think: negative
but&the&!mac&think: neutral
but&the&mac&!use: neutral
but&the&mac&use: positive
DecisionTree learned:
!but&!uses&!generally&!i: positive
!but&!uses&!generally&i: neutral
!but&!uses&generally: conflict
!but&uses&!of: neutral
!but&uses&of: conflict
but&!mac&!tim&!web: negative
but&!mac&!tim&web: neutral
but&!mac&tim: neutral
but&mac&!system&!bit: positive
but&mac&!system&bit: neutral
but&mac&system&!is: negative
but&mac&system&is: neutral
DecisionTree learned:
!but&!sit&!is&!for: negative
!but&!sit&!is&for: neutral
!but&!sit&is&!use: positive
!but&!sit&is&use: positive
!but&sit: conflict
but&!this&!so&!apple: negative
but&!this&!so&apple: neutral
but&!this&so&!it: neutral
but&!this&so&it: conflict
but&this&!know&!x: negative
but&this&!know&x: neutral
but&this&know: conflict
DecisionTree learned:
!but&!neg&!requires&!way: positive
!but&!neg&!requires&way: negative
!but&!neg&requires: conflict
!but&neg&!much&!for: negative
!but&neg&!much&for: positive
!but&neg&much&!a: conflict
!but&neg&much&a: neutral
but&!gb&!a&!did: negative
but&!gb&!a&did: neutral
but&!gb&a&!apple: neutral
but&!gb&a&apple: neutral
but&gb&!just: neutral
but&gb&just: neutral
DecisionTree learned:
!but&!after&!generally&!pc: positive
!but&!after&!generally&pc: positive
!but&!after&generally: conflict
!but&after&!with&!price: neutral
!but&after&!with&price: positive
!but&after&with&!i: negative
!but&after&with&i: positive
but&!track&!mac&!think: negative
but&!track&!mac&think: neutral
but&!track&mac&!use: neutral
but&!track&mac&use: positive
but&track: neutral
DecisionTree learned:
!but&!neg&!requires&!my: positive
!but&!neg&!requires&my: neutral
!but&!neg&requires: conflict
!but&neg&!what&!much: negative
!but&neg&!what&much: neutral
!but&neg&what&!you: neutral
!but&neg&what&you: conflict
but&!new&!this&!and: conflict
but&!new&!this&and: positive
but&!new&this&!neg: positive
but&!new&this&neg: negative
but&new&!pos&!so: negative
but&new&!pos&so: neutral
but&new&pos&!gb: positive
but&new&pos&gb: neutral
DecisionTree learned:
!but&!generally&!price&!uses: negative
!but&!generally&!price&uses: neutral
!but&!generally&price&!worth: positive
!but&!generally&price&worth: conflict
!but&generally: conflict
but&!drive&!new&!disc: negative
but&!drive&!new&disc: neutral
but&!drive&new&!st: neutral
but&!drive&new&st: negative
but&drive&!to&!is: neutral
but&drive&!to&is: neutral
but&drive&to: negative
DecisionTree learned:
!but&!get&!for&!stack: negative
!but&!get&!for&stack: conflict
!but&!get&for&!so: neutral
!but&!get&for&so: negative
!but&get&!am&!pay: negative
!but&get&!am&pay: conflict
!but&get&am&!with: conflict
!but&get&am&with: negative
but&!so&!in&!gb: negative
but&!so&!in&gb: neutral
but&!so&in&!from: positive
but&!so&in&from: neutral
but&so&!laptop&!pos: conflict
but&so&!laptop&pos: positive
but&so&laptop&!toshiba: neutral
but&so&laptop&toshiba: negative
DecisionTree learned:
!but&!requires&!for&!get: negative
!but&!requires&!for&get: negative
!but&!requires&for&!so: neutral
!but&!requires&for&so: negative
!but&requires: conflict
but&!new&!the&!it: neutral
but&!new&!the&it: conflict
but&!new&the&!drive: positive
but&!new&the&drive: neutral
but&new&!pos&!so: negative
but&new&!pos&so: neutral
but&new&pos&!my: neutral
but&new&pos&my: positive
DecisionTree learned:
!but&!opted&!other&!my: negative
!but&!opted&!other&my: neutral
!but&!opted&other&!neg: neutral
!but&!opted&other&neg: positive
!but&opted: conflict
but&!repair&!email&!overall: negative
but&!repair&!email&overall: neutral
but&!repair&email&!pos: neutral
but&!repair&email&pos: neutral
but&repair&!they: negative
but&repair&they&!to: neutral
but&repair&they&to: neutral
DecisionTree learned:
!but&!price&!very&!opted: negative
!but&!price&!very&opted: conflict
!but&!price&very&!some: positive
!but&!price&very&some: conflict
!but&price&!worth&!off: positive
!but&price&!worth&off: neutral
!but&price&worth&!pos: conflict
!but&price&worth&pos: negative
but&!os&!if&!new: negative
but&!os&!if&new: neutral
but&!os&if&!to: negative
but&!os&if&to: neutral
but&os&!been&!to: positive
but&os&!been&to: neutral
but&os&been: positive
DecisionTree learned:
!but&!back&!and&!opted: negative
!but&!back&!and&opted: conflict
!but&!back&and&!what: positive
!but&!back&and&what: neutral
!but&back&!and&!toshiba: negative
!but&back&!and&toshiba: positive
!but&back&and&!a: neutral
!but&back&and&a: negative
but&!this&!so&!which: positive
but&!this&!so&which: conflict
but&!this&so&!old: neutral
but&!this&so&old: positive
but&this&!know&!neg: positive
but&this&!know&neg: negative
but&this&know: conflict
DecisionTree learned:
!but&!neg&!bars&!long: positive
!but&!neg&!bars&long: positive
!but&!neg&bars: conflict
!but&neg&!much&!for: negative
!but&neg&!much&for: positive
!but&neg&much&!pos: conflict
!but&neg&much&pos: neutral
but&!new&!this&!find: negative
but&!new&!this&find: neutral
but&!new&this&!neg: positive
but&!new&this&neg: negative
but&new&!with&!software: positive
but&new&!with&software: negative
but&new&with&!just: neutral
but&new&with&just: neutral
DecisionTree learned:
!but&!requires&!neg&!way: positive
!but&!requires&!neg&way: negative
!but&!requires&neg&!much: negative
!but&!requires&neg&much: conflict
!but&requires: conflict
but&!got&!mac&!this: positive
but&!got&!mac&this: neutral
but&!got&mac&!bit: positive
but&!got&mac&bit: neutral
but&got&!so: negative
but&got&so: positive
DecisionTree learned:
!but&!other&!my&!and: negative
!but&!other&!my&and: positive
!but&!other&my&!though: neutral
!but&!other&my&though: conflict
!but&other&!neg&!to: neutral
!but&other&!neg&to: positive
!but&other&neg&!than: conflict
!but&other&neg&than: positive
but&!i&!to&!and: conflict
but&!i&!to&and: positive
but&!i&to&!does: neutral
but&!i&to&does: negative
but&i&!which&!a: negative
but&i&!which&a: neutral
but&i&which&!so: conflict
but&i&which&so: positive
DecisionTree learned:
!but&!uses&!fast&!bars: negative
!but&!uses&!fast&bars: conflict
!but&!uses&fast&!with: positive
!but&!uses&fast&with: positive
!but&uses&!of: neutral
!but&uses&of: conflict
but&!there&!new&!apple: negative
but&!there&!new&apple: neutral
but&!there&new&!when: positive
but&!there&new&when: neutral
but&there&!much&!to: negative
but&there&!much&to: neutral
but&there&much: positive
DecisionTree learned:
!but&!opted&!generally&!my: positive
!but&!opted&!generally&my: neutral
!but&!opted&generally: conflict
!but&opted: conflict
but&!this&!so&!two: negative
but&!this&!so&two: conflict
but&!this&so&!it: neutral
but&!this&so&it: conflict
but&this&!neg&!x: positive
but&this&!neg&x: neutral
but&this&neg&!know: negative
but&this&neg&know: conflict
DecisionTree learned:
!but&!quality&!neg&!requires: positive
!but&!quality&!neg&requires: conflict
!but&!quality&neg&!much: negative
!but&!quality&neg&much: conflict
!but&quality&!and&!price: negative
!but&quality&!and&price: positive
!but&quality&and&!pos: negative
!but&quality&and&pos: positive
but&!think&!new&!was: negative
but&!think&!new&was: negative
but&!think&new&!when: positive
but&!think&new&when: conflict
but&think&!on: negative
but&think&on: neutral
DecisionTree learned:
!but&!much&!long&!get: negative
!but&!much&!long&get: negative
!but&!much&long&!though: positive
!but&!much&long&though: conflict
!but&much&!i&!neg: positive
!but&much&!i&neg: conflict
!but&much&i&!up: neutral
!but&much&i&up: conflict
but&!new&!does&!m: positive
but&!new&!does&m: negative
but&!new&does&!when: negative
but&!new&does&when: conflict
but&new&!pos&!so: negative
but&new&!pos&so: neutral
but&new&pos&!my: neutral
but&new&pos&my: positive
DecisionTree learned:
!but&!after&!other&!generally: positive
!but&!after&!other&generally: conflict
!but&!after&other&!neg: neutral
!but&!after&other&neg: positive
!but&after&!with&!what: neutral
!but&after&!with&what: positive
!but&after&with&!i: negative
!but&after&with&i: positive
but&!this&!so&!quality: negative
but&!this&!so&quality: conflict
but&!this&so&!laptop: conflict
but&!this&so&laptop: neutral
but&this&!know&!x: negative
but&this&!know&x: neutral
but&this&know: conflict
DecisionTree learned:
!but&!generally&!would&!much: positive
!but&!generally&!would&much: positive
!but&!generally&would&!i: negative
!but&!generally&would&i: negative
!but&generally: conflict
but&!standard&!the&!it: neutral
but&!standard&!the&it: conflict
but&!standard&the&!mac: negative
but&!standard&the&mac: positive
but&standard: conflict
DecisionTree learned:
!but&!after&!get&!and: negative
!but&!after&!get&and: positive
!but&!after&get&!am: negative
!but&!after&get&am: conflict
!but&after&!with&!what: neutral
!but&after&!with&what: positive
!but&after&with&!i: negative
!but&after&with&i: positive
but&!mac&!apple&!i: negative
but&!mac&!apple&i: positive
but&!mac&apple&!it: conflict
but&!mac&apple&it: neutral
but&mac&!up&!more: neutral
but&mac&!up&more: positive
but&mac&up: positive
DecisionTree learned:
!but&!get&!for&!rarely: positive
!but&!get&!for&rarely: negative
!but&!get&for&!so: neutral
!but&!get&for&so: negative
!but&get&!am&!pro: negative
!but&get&!am&pro: conflict
!but&get&am&!with: conflict
!but&get&am&with: negative
but&!this&!machine&!track: negative
but&!this&!machine&track: neutral
but&!this&machine: positive
but&this&!know&!neg: positive
but&this&!know&neg: negative
but&this&know: conflict
DecisionTree learned:
!but&!opted&!much&!generally: negative
!but&!opted&!much&generally: conflict
!but&!opted&much&!i: positive
!but&!opted&much&i: neutral
!but&opted: conflict
but&!drive&!new&!in: negative
but&!drive&!new&in: positive
but&!drive&new&!pos: neutral
but&!drive&new&pos: neutral
but&drive&!to&!is: neutral
but&drive&!to&is: neutral
but&drive&to: negative
DecisionTree learned:
!but&!dollar&!opted&!other: negative
!but&!dollar&!opted&other: neutral
!but&!dollar&opted: conflict
!but&dollar: conflict
but&!this&!so&!disc: positive
but&!this&!so&disc: neutral
but&!this&so&!old: neutral
but&!this&so&old: positive
but&this&!computer&!neg: positive
but&this&!computer&neg: negative
but&this&computer&!that: negative
but&this&computer&that: conflict
DecisionTree learned:
!but&!generally&!pos&!much: negative
!but&!generally&!pos&much: conflict
!but&!generally&pos&!other: positive
!but&!generally&pos&other: positive
!but&generally: conflict
but&!drive&!there&!new: positive
but&!drive&!there&new: neutral
but&!drive&there&!to: negative
but&!drive&there&to: neutral
but&drive&!to&!is: neutral
but&drive&!to&is: neutral
but&drive&to: negative
DecisionTree learned:
!but&!generally&!opted&!long: negative
!but&!generally&!opted&long: positive
!but&!generally&opted: conflict
!but&generally: conflict
but&!this&!overall&!was: positive
but&!this&!overall&was: negative
but&!this&overall&!to: neutral
but&!this&overall&to: neutral
but&this&!know&!neg: positive
but&this&!know&neg: negative
but&this&know: conflict
DecisionTree learned:
!but&!acceptable&!requires&!after: positive
!but&!acceptable&!requires&after: neutral
!but&!acceptable&requires: conflict
!but&acceptable: conflict
but&!mac&!this&!better: negative
but&!mac&!this&better: conflict
but&!mac&this&!know: negative
but&!mac&this&know: conflict
but&mac&!bit&!pc: positive
but&mac&!bit&pc: positive
but&mac&bit: neutral
DecisionTree learned:
!but&!opted&!sit&!generally: positive
!but&!opted&!sit&generally: conflict
!but&!opted&sit: conflict
!but&opted: conflict
but&!mac&!this&!so: negative
but&!mac&!this&so: neutral
but&!mac&this&!know: neutral
but&!mac&this&know: conflict
but&mac&!another&!use: neutral
but&mac&!another&use: positive
but&mac&another: negative
DecisionTree learned:
!but&!after&!generally&!pc: negative
!but&!after&!generally&pc: positive
!but&!after&generally: conflict
!but&after&!sales&!with: neutral
!but&after&!sales&with: negative
!but&after&sales&!so: positive
!but&after&sales&so: negative
but&!this&!so&!apple: negative
but&!this&!so&apple: neutral
but&!this&so&!it: neutral
but&!this&so&it: conflict
but&this&!know&!x: negative
but&this&!know&x: neutral
but&this&know: conflict
DecisionTree learned:
!but&!after&!much&!macbook: negative
!but&!after&!much&macbook: positive
!but&!after&much&!i: positive
!but&!after&much&i: neutral
!but&after&!with&!what: neutral
!but&after&!with&what: positive
!but&after&with&!i: negative
!but&after&with&i: positive
but&!battery&!my&!and: conflict
but&!battery&!my&and: positive
but&!battery&my&!it: positive
but&!battery&my&it: neutral
but&battery&!would&!and: conflict
but&battery&!would&and: conflict
but&battery&would&!i: conflict
but&battery&would&i: negative
DecisionTree learned:
!but&!pos&!much&!i: negative
!but&!pos&!much&i: neutral
!but&!pos&much&!it: positive
!but&!pos&much&it: conflict
!but&pos&!requires&!some: positive
!but&pos&!requires&some: negative
!but&pos&requires: conflict
but&!repair&!drive&!in: positive
but&!repair&!drive&in: positive
but&!repair&drive&!to: neutral
but&!repair&drive&to: negative
but&repair&!to&!toshiba: negative
but&repair&!to&toshiba: negative
but&repair&to: neutral
DecisionTree learned:
!but&!much&!generally&!get: positive
!but&!much&!generally&get: negative
!but&!much&generally: conflict
!but&much&!of&!neg: positive
!but&much&!of&neg: conflict
!but&much&of&!it: neutral
!but&much&of&it: positive
but&!got&!mac&!outside: positive
but&!got&!mac&outside: neutral
but&!got&mac&!use: neutral
but&!got&mac&use: positive
but&got&!so: negative
but&got&so: positive
DecisionTree learned:
!but&!opted&!long&!much: neutral
!but&!opted&!long&much: positive
!but&!opted&long&!though: positive
!but&!opted&long&though: conflict
!but&opted: conflict
but&!this&!so&!apple: negative
but&!this&!so&apple: neutral
but&!this&so&!it: neutral
but&!this&so&it: conflict
but&this&!with&!did: positive
but&this&!with&did: neutral
but&this&with&!for: negative
but&this&with&for: neutral
DecisionTree learned:
!but&!much&!uses&!get: positive
!but&!much&!uses&get: negative
!but&!much&uses&!of: neutral
!but&!much&uses&of: conflict
!but&much&!laptops&!i: positive
!but&much&!laptops&i: neutral
!but&much&laptops&!and: conflict
!but&much&laptops&and: neutral
but&!mac&!this&!so: negative
but&!mac&!this&so: conflict
but&!mac&this&!know: neutral
but&!mac&this&know: conflict
but&mac&!system&!up: neutral
but&mac&!system&up: positive
but&mac&system&!is: negative
but&mac&system&is: neutral
DecisionTree learned:
!but&!get&!you&!and: negative
!but&!get&!you&and: positive
!but&!get&you&!or: neutral
!but&!get&you&or: neutral
!but&get&!am&!pay: negative
!but&get&!am&pay: conflict
!but&get&am&!with: conflict
!but&get&am&with: negative
but&!this&!so&!apple: negative
but&!this&!so&apple: neutral
but&!this&so&!it: neutral
but&!this&so&it: conflict
but&this&!neg&!x: positive
but&this&!neg&x: neutral
but&this&neg&!new: negative
but&this&neg&new: neutral
DecisionTree learned:
!but&!much&!get&!generally: positive
!but&!much&!get&generally: conflict
!but&!much&get&!am: negative
!but&!much&get&am: conflict
!but&much&!i&!neg: positive
!but&much&!i&neg: conflict
!but&much&i&!it: neutral
!but&much&i&it: conflict
but&!web&!screen&!i: conflict
but&!web&!screen&i: positive
but&!web&screen&!and: conflict
but&!web&screen&and: negative
but&web&!just: neutral
but&web&just: positive
DecisionTree learned:
!but&!opted&!long&!acceptable: neutral
!but&!opted&!long&acceptable: conflict
!but&!opted&long&!though: positive
!but&!opted&long&though: conflict
!but&opted: conflict
but&!new&!size&!screen: positive
but&!new&!size&screen: conflict
but&!new&size&!and: neutral
but&!new&size&and: neutral
but&new&!pos&!so: negative
but&new&!pos&so: neutral
but&new&pos&!i: neutral
but&new&pos&i: positive
DecisionTree learned:
!but&!for&!requires&!get: negative
!but&!for&!requires&get: negative
!but&!for&requires: conflict
!but&for&!so&!neg: neutral
!but&for&!so&neg: neutral
!but&for&so&!laptop: negative
!but&for&so&laptop: conflict
but&!this&!so&!overall: negative
but&!this&!so&overall: neutral
but&!this&so&!it: neutral
but&!this&so&it: conflict
but&this&!know&!x: negative
but&this&!know&x: neutral
but&this&know: conflict
DecisionTree learned:
!but&!for&!laptops&!requires: negative
!but&!for&!laptops&requires: conflict
!but&!for&laptops&!it: negative
!but&!for&laptops&it: conflict
!but&for&!so&!neg: neutral
!but&for&!so&neg: neutral
!but&for&so&!laptop: positive
!but&for&so&laptop: conflict
but&!this&!outside&!so: negative
but&!this&!outside&so: neutral
but&!this&outside&!pos: neutral
but&!this&outside&pos: neutral
but&this&!know&!pos: negative
but&this&!know&pos: neutral
but&this&know: conflict
DecisionTree learned:
!but&!opted&!after&!requires: positive
!but&!opted&!after&requires: conflict
!but&!opted&after&!laptops: neutral
!but&!opted&after&laptops: positive
!but&opted: conflict
but&!new&!a&!did: positive
but&!new&!a&did: neutral
but&!new&a&!gaming: neutral
but&!new&a&gaming: positive
but&new&!when&!about: neutral
but&new&!when&about: neutral
but&new&when&!so: negative
but&new&when&so: neutral
DecisionTree learned:
!but&!acceptable&!after&!requires: positive
!but&!acceptable&!after&requires: conflict
!but&!acceptable&after&!with: neutral
!but&!acceptable&after&with: negative
!but&acceptable: conflict
but&!new&!this&!more: negative
but&!new&!this&more: positive
but&!new&this&!know: neutral
but&!new&this&know: conflict
but&new&!pos&!just: neutral
but&new&!pos&just: neutral
but&new&pos&!my: neutral
but&new&pos&my: positive
DecisionTree learned:
!but&!acceptable&!requires&!get: positive
!but&!acceptable&!requires&get: negative
!but&!acceptable&requires: conflict
!but&acceptable: conflict
but&!learning&!new&!couple: positive
but&!learning&!new&couple: conflict
but&!learning&new&!with: neutral
but&!learning&new&with: neutral
but&learning&!with&!so: neutral
but&learning&!with&so: neutral
but&learning&with&!mac: neutral
but&learning&with&mac: positive
DecisionTree learned:
!but&!after&!get&!for: positive
!but&!after&!get&for: neutral
!but&!after&get&!am: negative
!but&!after&get&am: conflict
!but&after&!sales&!with: neutral
!but&after&!sales&with: negative
!but&after&sales&!so: positive
!but&after&sales&so: negative
but&!in&!new&!disc: negative
but&!in&!new&disc: neutral
but&!in&new&!pos: negative
but&!in&new&pos: positive
but&in&!was&!neg: positive
but&in&!was&neg: neutral
but&in&was&!one: negative
but&in&was&one: neutral
DecisionTree learned:
!but&!for&!get&!laptops: negative
!but&!for&!get&laptops: conflict
!but&!for&get&!am: negative
!but&!for&get&am: conflict
!but&for&!dollar&!despite: neutral
!but&for&!dollar&despite: conflict
!but&for&dollar: conflict
but&!web&!screen&!repair: positive
but&!web&!screen&repair: negative
but&!web&screen&!and: conflict
but&!web&screen&and: negative
but&web&!just: neutral
but&web&just: positive
DecisionTree learned:
!but&!opted&!very&!then: neutral
!but&!opted&!very&then: negative
!but&!opted&very&!some: positive
!but&!opted&very&some: conflict
!but&opted: conflict
but&!size&!this&!screen: positive
but&!size&!this&screen: conflict
but&!size&this&!know: negative
but&!size&this&know: conflict
but&size&!pos: neutral
but&size&pos: neutral
DecisionTree learned:
!but&!opted&!much&!get: positive
!but&!opted&!much&get: negative
!but&!opted&much&!of: positive
!but&!opted&much&of: neutral
!but&opted: conflict
but&!this&!so&!size: negative
but&!this&!so&size: neutral
but&!this&so&!old: neutral
but&!this&so&old: positive
but&this&!neg&!on: positive
but&this&!neg&on: neutral
but&this&neg&!was: neutral
but&this&neg&was: positive
DecisionTree learned:
!but&!after&!dollar&!much: positive
!but&!after&!dollar&much: positive
!but&!after&dollar: conflict
!but&after&!with&!price: neutral
!but&after&!with&price: positive
!but&after&with&!i: negative
!but&after&with&i: positive
but&!new&!this&!disc: conflict
but&!new&!this&disc: neutral
but&!new&this&!neg: positive
but&!new&this&neg: negative
but&new&!pos&!so: negative
but&new&!pos&so: neutral
but&new&pos&!i: neutral
but&new&pos&i: positive
DecisionTree learned:
!but&!for&!pc&!after: negative
!but&!for&!pc&after: neutral
!but&!for&pc&!pos: conflict
!but&!for&pc&pos: positive
!but&for&!so&!neg: neutral
!but&for&!so&neg: neutral
!but&for&so&!battery: negative
!but&for&so&battery: conflict
but&!this&!laptop&!machine: conflict
but&!this&!laptop&machine: positive
but&!this&laptop&!was: neutral
but&!this&laptop&was: negative
but&this&!know&!neg: positive
but&this&!know&neg: negative
but&this&know: conflict
DecisionTree learned:
!but&!uses&!requires&!generally: positive
!but&!uses&!requires&generally: conflict
!but&!uses&requires: conflict
!but&uses&!of: neutral
!but&uses&of: conflict
but&!repair&!mac&!this: positive
but&!repair&!mac&this: neutral
but&!repair&mac&!another: neutral
but&!repair&mac&another: negative
but&repair&!to&!toshiba: negative
but&repair&!to&toshiba: negative
but&repair&to: neutral
DecisionTree learned:
!but&!requires&!get&!for: positive
!but&!requires&!get&for: neutral
!but&!requires&get&!am: negative
!but&!requires&get&am: conflict
!but&requires: conflict
but&!in&!new&!with: conflict
but&!in&!new&with: neutral
but&!in&new&!pos: negative
but&!in&new&pos: positive
but&in&!was&!neg: positive
but&in&!was&neg: neutral
but&in&was&!one: negative
but&in&was&one: neutral
DecisionTree learned:
!but&!opted&!long&!generally: negative
!but&!opted&!long&generally: conflict
!but&!opted&long&!though: positive
!but&!opted&long&though: conflict
!but&opted: conflict
but&!mac&!size&!drive: positive
but&!mac&!size&drive: neutral
but&!mac&size&!pos: neutral
but&!mac&size&pos: neutral
but&mac&!another&!more: neutral
but&mac&!another&more: positive
but&mac&another: negative
DecisionTree learned:
!but&!after&!opted&!other: positive
!but&!after&!opted&other: neutral
!but&!after&opted: conflict
!but&after&!with&!what: neutral
!but&after&!with&what: positive
!but&after&with&!i: negative
!but&after&with&i: positive
but&!got&!once&!be: positive
but&!got&!once&be: negative
but&!got&once&!pos: negative
but&!got&once&pos: conflict
but&got: negative
DecisionTree learned:
!but&!for&!requires&!stack: negative
!but&!for&!requires&stack: conflict
!but&!for&requires: conflict
!but&for&!so&!neg: neutral
!but&for&!so&neg: neutral
!but&for&so&!laptop: negative
!but&for&so&laptop: conflict
but&!battery&!yes&!most: neutral
but&!battery&!yes&most: positive
but&!battery&yes&!pos: conflict
but&!battery&yes&pos: positive
but&battery&!n&!longer: conflict
but&battery&!n&longer: conflict
but&battery&n&!upgrade: negative
but&battery&n&upgrade: positive
DecisionTree learned:
!but&!long&!pos&!much: neutral
!but&!long&!pos&much: conflict
!but&!long&pos&!other: positive
!but&!long&pos&other: positive
!but&long&!though&!battery: negative
!but&long&!though&battery: positive
!but&long&though: conflict
but&!drive&!with&!better: positive
but&!drive&!with&better: conflict
but&!drive&with&!full: neutral
but&!drive&with&full: conflict
but&drive&!to&!is: neutral
but&drive&!to&is: neutral
but&drive&to: negative
DecisionTree learned:
!but&!generally&!dollar&!opted: negative
!but&!generally&!dollar&opted: conflict
!but&!generally&dollar: conflict
!but&generally: conflict
but&!this&!size&!screen: positive
but&!this&!size&screen: conflict
but&!this&size&!pos: neutral
but&!this&size&pos: neutral
but&this&!computer&!neg: neutral
but&this&!computer&neg: neutral
but&this&computer&!and: conflict
but&this&computer&and: negative
DecisionTree learned:
!but&!for&!bars&!stack: negative
!but&!for&!bars&stack: conflict
!but&!for&bars: conflict
!but&for&!so&!neg: neutral
!but&for&!so&neg: neutral
!but&for&so&!battery: positive
!but&for&so&battery: conflict
but&!gaming&!and&!to: conflict
but&!gaming&!and&to: neutral
but&!gaming&and&!two: positive
but&!gaming&and&two: conflict
but&gaming&!is: positive
but&gaming&is: positive
DecisionTree learned:
!but&!dollar&!other&!opted: negative
!but&!dollar&!other&opted: conflict
!but&!dollar&other&!neg: neutral
!but&!dollar&other&neg: conflict
!but&dollar: conflict
but&!new&!this&!more: negative
but&!new&!this&more: positive
but&!new&this&!know: negative
but&!new&this&know: conflict
but&new&!when&!software: positive
but&new&!when&software: negative
but&new&when&!so: negative
but&new&when&so: neutral
Trial 0 Training cc.mallet.classify.AdaBoostM2Trainer@7e78fc6 finished
Trial 0 Trainer cc.mallet.classify.AdaBoostM2Trainer@7e78fc6 test data accuracy = 0.563894523326572

NaiveBayesTrainer
Summary. test accuracy mean = 0.5983772819472617 stddev = 0.0 stderr = 0.0

MaxEntTrainer,gaussianPriorVariance=1.0
Summary. test accuracy mean = 0.6369168356997972 stddev = 0.0 stderr = 0.0

cc.mallet.classify.DecisionTreeTrainer@2b2d96f2
Summary. test accuracy mean = 0.5415821501014199 stddev = 0.0 stderr = 0.0

cc.mallet.classify.AdaBoostM2Trainer@7e78fc6
Summary. test accuracy mean = 0.563894523326572 stddev = 0.0 stderr = 0.0
