
-------------------- Trial 0  --------------------

Trial 0 Training NaiveBayesTrainer with 1865 instances
Trial 0 Training NaiveBayesTrainer finished
Trial 0 Trainer NaiveBayesTrainer test data accuracy = 0.6186612576064908
Trial 0 Training MaxEntTrainer,gaussianPriorVariance=1.0 with 1865 instances
Trial 0 Training MaxEntTrainer,gaussianPriorVariance=1.0 finished
Trial 0 Trainer MaxEntTrainer,gaussianPriorVariance=1.0 test data accuracy = 0.6085192697768763
Trial 0 Training cc.mallet.classify.DecisionTreeTrainer@57c52e72 with 1865 instances
DecisionTree learned:
!neg&!big&!but&!not: positive
!neg&!big&!but&not: negative
!neg&!big&but&!x: positive
!neg&!big&but&x: neutral
!neg&big&!of&!pad: positive
!neg&big&!of&pad: positive
!neg&big&of&!and: negative
!neg&big&of&and: positive
neg&!pos&!price&!year: negative
neg&!pos&!price&year: neutral
neg&!pos&price&!worth: positive
neg&!pos&price&worth: conflict
neg&pos&!editing&!but: negative
neg&pos&!editing&but: negative
neg&pos&editing: neutral
Trial 0 Training cc.mallet.classify.DecisionTreeTrainer@57c52e72 finished
Trial 0 Trainer cc.mallet.classify.DecisionTreeTrainer@57c52e72 test data accuracy = 0.5557809330628803
Trial 0 Training cc.mallet.classify.AdaBoostM2Trainer@5d771ead with 1865 instances
DecisionTree learned:
!neg&!big&!but&!not: positive
!neg&!big&!but&not: negative
!neg&!big&but&!x: positive
!neg&!big&but&x: neutral
!neg&big&!of&!pad: positive
!neg&big&!of&pad: positive
!neg&big&of&!and: negative
!neg&big&of&and: positive
neg&!pos&!much&!two: negative
neg&!pos&!much&two: neutral
neg&!pos&much&!it: negative
neg&!pos&much&it: conflict
neg&pos&!but&!or: positive
neg&pos&!but&or: neutral
neg&pos&but&!the: neutral
neg&pos&but&the: negative
DecisionTree learned:
!but&!neg&!up&!not: positive
!but&!neg&!up&not: negative
!but&!neg&up&!some: positive
!but&!neg&up&some: negative
!but&neg&!movie&!capital: negative
!but&neg&!movie&capital: positive
!but&neg&movie: neutral
but&!mac&!be&!did: negative
but&!mac&!be&did: neutral
but&!mac&be&!with: negative
but&!mac&be&with: negative
but&mac&!up&!the: negative
but&mac&!up&the: neutral
but&mac&up: positive
DecisionTree learned:
!but&!capital&!and&!neg: positive
!but&!capital&!and&neg: negative
!but&!capital&and&!back: positive
!but&!capital&and&back: negative
!but&capital&!speed&!battery: positive
!but&capital&!speed&battery: negative
!but&capital&speed: negative
but&!got&!mac&!x: negative
but&!got&!mac&x: neutral
but&!got&mac&!its: positive
but&!got&mac&its: neutral
but&got&!so: negative
but&got&so: positive
DecisionTree learned:
!but&!neg&!big&!very: positive
!but&!neg&!big&very: positive
!but&!neg&big&!of: positive
!but&!neg&big&of: neutral
!but&neg&!pos&!was: negative
!but&neg&!pos&was: neutral
!but&neg&pos&!very: negative
!but&neg&pos&very: positive
but&!got&!mac&!film: negative
but&!got&!mac&film: neutral
but&!got&mac&!its: positive
but&!got&mac&its: neutral
but&got&!so: negative
but&got&so: positive
DecisionTree learned:
!but&!fast&!pos&!neg: neutral
!but&!fast&!pos&neg: negative
!but&!fast&pos&!slowly: positive
!but&!fast&pos&slowly: positive
!but&fast&!one&!you: positive
!but&fast&!one&you: positive
!but&fast&one: neutral
but&!mac&!this&!so: negative
but&!mac&!this&so: neutral
but&!mac&this&!computer: negative
but&!mac&this&computer: negative
but&mac&!more&!neg: neutral
but&mac&!more&neg: negative
but&mac&more: positive
DecisionTree learned:
!but&!fast&!not&!neg: positive
!but&!fast&!not&neg: negative
!but&!fast&not&!pc: negative
!but&!fast&not&pc: positive
!but&fast&!one&!you: positive
!but&fast&!one&you: positive
!but&fast&one: neutral
but&!be&!the&!up: neutral
but&!be&!the&up: positive
but&!be&the&!mac: negative
but&!be&the&mac: positive
but&be&!everything&!which: negative
but&be&!everything&which: conflict
but&be&everything: positive
DecisionTree learned:
!but&!fast&!pos&!price: negative
!but&!fast&!pos&price: positive
!but&!fast&pos&!slowly: positive
!but&!fast&pos&slowly: positive
!but&fast&!with: positive
!but&fast&with&!software: positive
!but&fast&with&software: positive
but&!mac&!this&!so: negative
but&!mac&!this&so: conflict
but&!mac&this&!x: negative
but&!mac&this&x: neutral
but&mac&!its&!system: positive
but&mac&!its&system: negative
but&mac&its&!just: neutral
but&mac&its&just: neutral
DecisionTree learned:
!but&!capital&!movie&!neg: positive
!but&!capital&!movie&neg: negative
!but&!capital&movie&!just: neutral
!but&!capital&movie&just: neutral
!but&capital&!nearly&!neg: positive
!but&capital&!nearly&neg: positive
!but&capital&nearly&!use: neutral
!but&capital&nearly&use: neutral
but&!mac&!heavily&!this: negative
but&!mac&!heavily&this: negative
but&!mac&heavily&!of: negative
but&!mac&heavily&of: neutral
but&mac&!another&!up: positive
but&mac&!another&up: positive
but&mac&another: negative
DecisionTree learned:
!but&!fast&!for&!n: positive
!but&!fast&!for&n: negative
!but&!fast&for&!office: positive
!but&!fast&for&office: neutral
!but&fast&!with: positive
!but&fast&with&!software: positive
!but&fast&with&software: positive
but&!standard&!heavily&!did: negative
but&!standard&!heavily&did: neutral
but&!standard&heavily&!of: neutral
but&!standard&heavily&of: neutral
but&standard: conflict
DecisionTree learned:
!but&!capital&!movie&!i: positive
!but&!capital&!movie&i: neutral
!but&!capital&movie&!just: neutral
!but&!capital&movie&just: neutral
!but&capital&!neg&!i: positive
!but&capital&!neg&i: positive
!but&capital&neg&!battery: positive
!but&capital&neg&battery: negative
but&!heavily&!mac&!did: negative
but&!heavily&!mac&did: neutral
but&!heavily&mac&!another: positive
but&!heavily&mac&another: negative
but&heavily&!of&!it: neutral
but&heavily&!of&it: negative
but&heavily&of&!to: neutral
but&heavily&of&to: neutral
DecisionTree learned:
!but&!capital&!after&!and: negative
!but&!capital&!after&and: positive
!but&!capital&after&!apart: negative
!but&!capital&after&apart: neutral
!but&capital&!change&!that: positive
!but&capital&!change&that: positive
!but&capital&change: negative
but&!mac&!heavily&!x: negative
but&!mac&!heavily&x: neutral
but&!mac&heavily&!of: negative
but&!mac&heavily&of: neutral
but&mac&!up&!it: positive
but&mac&!up&it: neutral
but&mac&up: positive
DecisionTree learned:
!but&!capital&!back&!for: negative
!but&!capital&!back&for: neutral
!but&!capital&back&!and: negative
!but&!capital&back&and: negative
!but&capital&!nearly&!pad: positive
!but&capital&!nearly&pad: neutral
!but&capital&nearly&!use: neutral
!but&capital&nearly&use: neutral
but&!got&!mac&!this: negative
but&!got&!mac&this: neutral
but&!got&mac&!up: neutral
but&!got&mac&up: positive
but&got&!so: negative
but&got&so: positive
DecisionTree learned:
!but&!for&!very&!then: negative
!but&!for&!very&then: negative
!but&!for&very&!neg: positive
!but&!for&very&neg: positive
!but&for&!neg&!way: positive
!but&for&!neg&way: negative
!but&for&neg&!not: positive
!but&for&neg&not: negative
but&!yes&!new&!big: negative
but&!yes&!new&big: positive
but&!yes&new&!with: positive
but&!yes&new&with: neutral
but&yes&!and: conflict
but&yes&and&!pos: positive
but&yes&and&pos: positive
DecisionTree learned:
!but&!neg&!other&!long: positive
!but&!neg&!other&long: positive
!but&!neg&other&!safari: positive
!but&!neg&other&safari: neutral
!but&neg&!after&!music: negative
!but&neg&!after&music: neutral
!but&neg&after&!what: neutral
!but&neg&after&what: positive
but&!heavily&!in&!os: negative
but&!heavily&!in&os: neutral
but&!heavily&in&!for: neutral
but&!heavily&in&for: negative
but&heavily&!of&!it: neutral
but&heavily&!of&it: negative
but&heavily&of&!to: neutral
but&heavily&of&to: neutral
DecisionTree learned:
!but&!capital&!for&!they: negative
!but&!capital&!for&they: neutral
!but&!capital&for&!so: neutral
!but&!capital&for&so: negative
!but&capital&!neg&!of: positive
!but&capital&!neg&of: neutral
!but&capital&neg&!for: positive
!but&capital&neg&for: positive
but&!so&!big&!x: negative
but&!so&!big&x: neutral
but&!so&big&!to: positive
but&!so&big&to: conflict
but&so&!it&!of: neutral
but&so&!it&of: negative
but&so&it&!works: conflict
but&so&it&works: positive
DecisionTree learned:
!but&!fast&!for&!when: positive
!but&!fast&!for&when: negative
!but&!fast&for&!so: neutral
!but&!fast&for&so: negative
!but&fast&!one&!you: positive
!but&fast&!one&you: positive
!but&fast&one: neutral
but&!repair&!new&!up: negative
but&!repair&!new&up: positive
but&!repair&new&!with: positive
but&!repair&new&with: neutral
but&repair&!they: negative
but&repair&they&!to: negative
but&repair&they&to: neutral
DecisionTree learned:
!but&!pos&!much&!price: negative
!but&!pos&!much&price: positive
!but&!pos&much&!it: positive
!but&!pos&much&it: conflict
!but&pos&!to&!run: positive
!but&pos&!to&run: neutral
!but&pos&to&!use: negative
!but&pos&to&use: positive
but&!laptops&!new&!in: negative
but&!laptops&!new&in: neutral
but&!laptops&new&!with: neutral
but&!laptops&new&with: neutral
but&laptops&!use&!to: positive
but&laptops&!use&to: positive
but&laptops&use: positive
DecisionTree learned:
!but&!movie&!neg&!my: positive
!but&!movie&!neg&my: neutral
!but&!movie&neg&!after: negative
!but&!movie&neg&after: neutral
!but&movie&!just: neutral
!but&movie&just: neutral
but&!this&!so&!tim: negative
but&!this&!so&tim: neutral
but&!this&so&!old: neutral
but&!this&so&old: positive
but&this&!computer&!neg: neutral
but&this&!computer&neg: negative
but&this&computer&!that: negative
but&this&computer&that: conflict
DecisionTree learned:
!but&!neg&!long&!bars: positive
!but&!neg&!long&bars: conflict
!but&!neg&long&!so: positive
!but&!neg&long&so: conflict
!but&neg&!faster&!much: negative
!but&neg&!faster&much: neutral
!but&neg&faster: positive
but&!mac&!there&!computer: positive
but&!mac&!there&computer: negative
but&!mac&there&!to: negative
but&!mac&there&to: neutral
but&mac&!in&!the: negative
but&mac&!in&the: neutral
but&mac&in&!slowly: positive
but&mac&in&slowly: positive
DecisionTree learned:
!but&!and&!not&!dependable: negative
!but&!and&!not&dependable: positive
!but&!and&not&!much: negative
!but&!and&not&much: neutral
!but&and&!i&!were: positive
!but&and&!i&were: negative
!but&and&i&!what: neutral
!but&and&i&what: neutral
but&!got&!mac&!this: negative
but&!got&!mac&this: neutral
but&!got&mac&!up: neutral
but&!got&mac&up: positive
but&got&!so: negative
but&got&so: positive
DecisionTree learned:
!but&!for&!requires&!get: negative
!but&!for&!requires&get: negative
!but&!for&requires: conflict
!but&for&!so&!to: positive
!but&for&!so&to: neutral
!but&for&so&!battery: negative
!but&for&so&battery: conflict
but&!by&!look&!think: negative
but&!by&!look&think: neutral
but&!by&look&!mac: positive
but&!by&look&mac: positive
but&by&!laptop&!make: negative
but&by&!laptop&make: negative
but&by&laptop: positive
DecisionTree learned:
!but&!fast&!neg&!bars: positive
!but&!fast&!neg&bars: conflict
!but&!fast&neg&!or: negative
!but&!fast&neg&or: neutral
!but&fast&!one&!you: positive
!but&fast&!one&you: positive
!but&fast&one: neutral
but&!mac&!if&!think: negative
but&!mac&!if&think: neutral
but&!mac&if&!to: negative
but&!mac&if&to: neutral
but&mac&!another&!up: positive
but&mac&!another&up: positive
but&mac&another: negative
DecisionTree learned:
!but&!for&!compact&!use: negative
!but&!for&!compact&use: positive
!but&!for&compact: conflict
!but&for&!so&!neg: positive
!but&for&!so&neg: neutral
!but&for&so&!battery: negative
!but&for&so&battery: conflict
but&!mac&!this&!so: negative
but&!mac&!this&so: neutral
but&!mac&this&!know: neutral
but&!mac&this&know: conflict
but&mac&!up&!it: positive
but&mac&!up&it: neutral
but&mac&up: positive
DecisionTree learned:
!but&!would&!after&!and: negative
!but&!would&!after&and: positive
!but&!would&after&!with: negative
!but&!would&after&with: negative
!but&would&!laptop&!buy: negative
!but&would&!laptop&buy: neutral
!but&would&laptop&!this: negative
!but&would&laptop&this: positive
but&!heavily&!this&!so: negative
but&!heavily&!this&so: neutral
but&!heavily&this&!x: negative
but&!heavily&this&x: neutral
but&heavily&!of&!it: neutral
but&heavily&!of&it: negative
but&heavily&of&!to: neutral
but&heavily&of&to: neutral
DecisionTree learned:
!but&!neg&!bars&!other: positive
!but&!neg&!bars&other: neutral
!but&!neg&bars: conflict
!but&neg&!much&!out: negative
!but&neg&!much&out: neutral
!but&neg&much&!of: conflict
!but&neg&much&of: neutral
but&!yes&!there&!in: negative
but&!yes&!there&in: neutral
but&!yes&there&!to: negative
but&!yes&there&to: neutral
but&yes&!and: conflict
but&yes&and&!pos: positive
but&yes&and&pos: positive
DecisionTree learned:
!but&!neg&!long&!would: positive
!but&!neg&!long&would: negative
!but&!neg&long&!so: positive
!but&!neg&long&so: conflict
!but&neg&!other&!price: negative
!but&neg&!other&price: positive
!but&neg&other&!than: conflict
!but&neg&other&than: positive
but&!yes&!by&!email: negative
but&!yes&!by&email: neutral
but&!yes&by&!laptop: negative
but&!yes&by&laptop: positive
but&yes&!up: positive
but&yes&up&!is: positive
but&yes&up&is: conflict
DecisionTree learned:
!but&!for&!slowly&!get: negative
!but&!for&!slowly&get: negative
!but&!for&slowly&!slow: positive
!but&!for&slowly&slow: negative
!but&for&!office&!not: positive
!but&for&!office&not: negative
!but&for&office&!the: neutral
!but&for&office&the: neutral
but&!mac&!if&!this: negative
but&!mac&!if&this: negative
but&!mac&if&!to: negative
but&!mac&if&to: neutral
but&mac&!another&!bit: positive
but&mac&!another&bit: neutral
but&mac&another: negative
DecisionTree learned:
!but&!for&!get&!requires: negative
!but&!for&!get&requires: conflict
!but&!for&get&!am: negative
!but&!for&get&am: conflict
!but&for&!some&!not: positive
!but&for&!some&not: neutral
!but&for&some&!this: negative
!but&for&some&this: conflict
but&!mac&!heavily&!the: conflict
but&!mac&!heavily&the: negative
but&!mac&heavily&!new: neutral
but&!mac&heavily&new: neutral
but&mac&!up&!it: positive
but&mac&!up&it: neutral
but&mac&up: positive
DecisionTree learned:
!but&!neg&!would&!other: positive
!but&!neg&!would&other: neutral
!but&!neg&would&!i: negative
!but&!neg&would&i: negative
!but&neg&!after&!in: negative
!but&neg&!after&in: negative
!but&neg&after&!with: neutral
!but&neg&after&with: negative
but&!did&!if&!so: negative
but&!did&!if&so: conflict
but&!did&if&!to: negative
but&!did&if&to: neutral
but&did&!in&!software: conflict
but&did&!in&software: neutral
but&did&in&!on: negative
but&did&in&on: neutral
DecisionTree learned:
!but&!for&!get&!much: negative
!but&!for&!get&much: positive
!but&!for&get&!am: negative
!but&!for&get&am: conflict
!but&for&!so&!neg: neutral
!but&for&!so&neg: neutral
!but&for&so&!laptop: negative
!but&for&so&laptop: conflict
but&!and&!to&!i: conflict
but&!and&!to&i: positive
but&!and&to&!n: neutral
but&!and&to&n: conflict
but&and&!this&!got: positive
but&and&!this&got: negative
but&and&this&!for: negative
but&and&this&for: neutral
DecisionTree learned:
!but&!neg&!would&!when: positive
!but&!neg&!would&when: neutral
!but&!neg&would&!they: negative
!but&!neg&would&they: neutral
!but&neg&!extra&!worth: negative
!but&neg&!extra&worth: negative
!but&neg&extra&!and: positive
!but&neg&extra&and: neutral
but&!so&!in&!heavily: negative
but&!so&!in&heavily: neutral
but&!so&in&!did: positive
but&!so&in&did: neutral
but&so&!laptop&!i: neutral
but&so&!laptop&i: positive
but&so&laptop&!toshiba: neutral
but&so&laptop&toshiba: negative
DecisionTree learned:
!but&!neg&!other&!my: positive
!but&!neg&!other&my: neutral
!but&!neg&other&!to: neutral
!but&!neg&other&to: positive
!but&neg&!movie&!after: negative
!but&neg&!movie&after: neutral
!but&neg&movie: neutral
but&!up&!the&!it: neutral
but&!up&!the&it: conflict
but&!up&the&!be: positive
but&!up&the&be: negative
but&up&!the&!new: positive
but&up&!the&new: positive
but&up&the&!first: negative
but&up&the&first: positive
DecisionTree learned:
!but&!neg&!i&!pos: neutral
!but&!neg&!i&pos: positive
!but&!neg&i&!pc: neutral
!but&!neg&i&pc: positive
!but&neg&!capital&!and: negative
!but&neg&!capital&and: negative
!but&neg&capital&!for: positive
!but&neg&capital&for: positive
but&!did&!there&!by: positive
but&!did&!there&by: negative
but&!did&there&!much: negative
but&!did&there&much: positive
but&did&!of&!in: conflict
but&did&!of&in: neutral
but&did&of&!my: neutral
but&did&of&my: neutral
DecisionTree learned:
!but&!for&!requires&!laptops: negative
!but&!for&!requires&laptops: conflict
!but&!for&requires: conflict
!but&for&!dollar&!so: neutral
!but&for&!dollar&so: negative
!but&for&dollar: conflict
but&!by&!heavily&!the: conflict
but&!by&!heavily&the: positive
but&!by&heavily&!of: neutral
but&!by&heavily&of: neutral
but&by&!laptop&!make: negative
but&by&!laptop&make: positive
but&by&laptop: positive
DecisionTree learned:
!but&!uses&!pos&!much: negative
!but&!uses&!pos&much: conflict
!but&!uses&pos&!reboot: positive
!but&!uses&pos&reboot: conflict
!but&uses&!of: neutral
!but&uses&of: conflict
but&!office&!os&!did: positive
but&!office&!os&did: neutral
but&!office&os&!substantive: neutral
but&!office&os&substantive: positive
but&office&!just: neutral
but&office&just: neutral
DecisionTree learned:
!but&!uses&!generally&!i: positive
!but&!uses&!generally&i: neutral
!but&!uses&generally: conflict
!but&uses&!of: neutral
!but&uses&of: conflict
but&!this&!so&!apple: negative
but&!this&!so&apple: neutral
but&!this&so&!it: neutral
but&!this&so&it: conflict
but&this&!know&!features: negative
but&this&!know&features: positive
but&this&know: conflict
DecisionTree learned:
!but&!neg&!my&!other: positive
!but&!neg&!my&other: neutral
!but&!neg&my&!and: neutral
!but&!neg&my&and: neutral
!but&neg&!price&!and: negative
!but&neg&!price&and: negative
!but&neg&price&!worth: positive
!but&neg&price&worth: conflict
but&!computer&!this&!mac: conflict
but&!computer&!this&mac: positive
but&!computer&this&!neg: neutral
but&!computer&this&neg: negative
but&computer&!keys&!known: negative
but&computer&!keys&known: conflict
but&computer&keys: conflict
DecisionTree learned:
!but&!for&!much&!get: negative
!but&!for&!much&get: negative
!but&!for&much&!laptops: positive
!but&!for&much&laptops: conflict
!but&for&!so&!despite: neutral
!but&for&!so&despite: conflict
!but&for&so&!battery: negative
!but&for&so&battery: conflict
but&!once&!neg&!another: positive
but&!once&!neg&another: neutral
but&!once&neg&!in: negative
but&!once&neg&in: neutral
but&once&!pos: negative
but&once&pos&!to: conflict
but&once&pos&to: conflict
DecisionTree learned:
!but&!generally&!then&!fast: negative
!but&!generally&!then&fast: positive
!but&!generally&then&!pos: neutral
!but&!generally&then&pos: negative
!but&generally: conflict
but&!got&!mac&!this: conflict
but&!got&!mac&this: negative
but&!got&mac&!up: neutral
but&!got&mac&up: positive
but&got&!so: negative
but&got&so: positive
DecisionTree learned:
!but&!uses&!get&!and: negative
!but&!uses&!get&and: positive
!but&!uses&get&!am: negative
!but&!uses&get&am: conflict
!but&uses&!of: neutral
!but&uses&of: conflict
but&!this&!so&!big: negative
but&!this&!so&big: conflict
but&!this&so&!it: neutral
but&!this&so&it: conflict
but&this&!know&!features: neutral
but&this&!know&features: positive
but&this&know: conflict
DecisionTree learned:
!but&!neg&!other&!want: positive
!but&!neg&!other&want: neutral
!but&!neg&other&!safari: neutral
!but&!neg&other&safari: neutral
!but&neg&!what&!and: negative
!but&neg&!what&and: positive
!but&neg&what&!about: neutral
!but&neg&what&about: conflict
but&!yes&!there&!new: negative
but&!yes&!there&new: neutral
but&!yes&there&!much: negative
but&!yes&there&much: positive
but&yes&!and: conflict
but&yes&and&!pos: positive
but&yes&and&pos: positive
DecisionTree learned:
!but&!for&!requires&!get: negative
!but&!for&!requires&get: negative
!but&!for&requires: conflict
!but&for&!so&!dollar: neutral
!but&for&!so&dollar: conflict
!but&for&so&!laptop: negative
!but&for&so&laptop: conflict
but&!heavily&!overall&!did: negative
but&!heavily&!overall&did: neutral
but&!heavily&overall&!to: neutral
but&!heavily&overall&to: neutral
but&heavily&!of&!it: neutral
but&heavily&!of&it: negative
but&heavily&of&!to: neutral
but&heavily&of&to: neutral
DecisionTree learned:
!but&!after&!neg&!bars: positive
!but&!after&!neg&bars: conflict
!but&!after&neg&!in: positive
!but&!after&neg&in: negative
!but&after&!with&!price: neutral
!but&after&!with&price: positive
!but&after&with&!i: negative
!but&after&with&i: positive
but&!be&!the&!up: conflict
but&!be&!the&up: conflict
but&!be&the&!they: positive
but&!be&the&they: negative
but&be&!screen&!thing: negative
but&be&!screen&thing: conflict
but&be&screen: conflict
DecisionTree learned:
!but&!for&!stack&!get: negative
!but&!for&!stack&get: negative
!but&!for&stack: conflict
!but&for&!so&!versions: neutral
!but&for&!so&versions: conflict
!but&for&so&!laptop: negative
!but&for&so&laptop: conflict
but&!yes&!heavily&!mac: negative
but&!yes&!heavily&mac: neutral
but&!yes&heavily&!of: neutral
but&!yes&heavily&of: neutral
but&yes&!and: conflict
but&yes&and&!pos: positive
but&yes&and&pos: positive
DecisionTree learned:
!but&!generally&!not&!change: positive
!but&!generally&!not&change: negative
!but&!generally&not&!compact: negative
!but&!generally&not&compact: conflict
!but&generally: conflict
but&!yes&!big&!x: negative
but&!yes&!big&x: neutral
but&!yes&big&!what: positive
but&!yes&big&what: conflict
but&yes&!and: conflict
but&yes&and&!pos: positive
but&yes&and&pos: positive
DecisionTree learned:
!but&!pos&!deserving&!battery: negative
!but&!pos&!deserving&battery: negative
!but&!pos&deserving&!to: conflict
!but&!pos&deserving&to: negative
!but&pos&!to&!reboot: positive
!but&pos&!to&reboot: conflict
!but&pos&to&!slowly: negative
!but&pos&to&slowly: positive
but&!big&!whole&!heavily: negative
but&!big&!whole&heavily: neutral
but&!big&whole&!pos: neutral
but&!big&whole&pos: neutral
but&big&!from&!screen: conflict
but&big&!from&screen: conflict
but&big&from&!just: negative
but&big&from&just: neutral
DecisionTree learned:
!but&!for&!compact&!and: negative
!but&!for&!compact&and: positive
!but&!for&compact: conflict
!but&for&!so&!neg: neutral
!but&for&!so&neg: neutral
!but&for&so&!laptop: negative
!but&for&so&laptop: conflict
but&!big&!laptop&!need: negative
but&!big&!laptop&need: positive
but&!big&laptop&!a: positive
but&!big&laptop&a: neutral
but&big&!keyboard&!what: conflict
but&big&!keyboard&what: conflict
but&big&keyboard&!and: negative
but&big&keyboard&and: positive
DecisionTree learned:
!but&!generally&!pos&!much: negative
!but&!generally&!pos&much: conflict
!but&!generally&pos&!other: positive
!but&!generally&pos&other: positive
!but&generally: conflict
but&!mac&!this&!laptop: conflict
but&!mac&!this&laptop: neutral
but&!mac&this&!know: positive
but&!mac&this&know: conflict
but&mac&!neg&!use: neutral
but&mac&!neg&use: positive
but&mac&neg&!slowly: positive
but&mac&neg&slowly: negative
DecisionTree learned:
!but&!for&!requires&!much: negative
!but&!for&!requires&much: positive
!but&!for&requires: conflict
!but&for&!so&!desktop: neutral
!but&for&!so&desktop: conflict
!but&for&so&!battery: negative
!but&for&so&battery: conflict
but&!does&!battery&!repair: positive
but&!does&!battery&repair: negative
but&!does&battery&!been: negative
but&!does&battery&been: conflict
but&does&!when&!a: negative
but&does&!when&a: negative
but&does&when: conflict
DecisionTree learned:
!but&!uses&!get&!and: negative
!but&!uses&!get&and: positive
!but&!uses&get&!am: negative
!but&!uses&get&am: conflict
!but&uses&!of: neutral
!but&uses&of: conflict
but&!got&!tim&!this: positive
but&!got&!tim&this: neutral
but&!got&tim: neutral
but&got&!so: negative
but&got&so: positive
DecisionTree learned:
!but&!opted&!uses&!very: negative
!but&!opted&!uses&very: positive
!but&!opted&uses&!of: neutral
!but&!opted&uses&of: conflict
!but&opted: conflict
but&!tim&!mac&!heavily: negative
but&!tim&!mac&heavily: neutral
but&!tim&mac&!the: negative
but&!tim&mac&the: positive
but&tim: neutral
DecisionTree learned:
!but&!for&!requires&!get: negative
!but&!for&!requires&get: negative
!but&!for&requires: conflict
!but&for&!so&!despite: neutral
!but&for&!so&despite: conflict
!but&for&so&!laptop: negative
!but&for&so&laptop: conflict
but&!mac&!this&!so: negative
but&!mac&!this&so: neutral
but&!mac&this&!know: negative
but&!mac&this&know: conflict
but&mac&!used&!bit: positive
but&mac&!used&bit: neutral
but&mac&used: neutral
DecisionTree learned:
!but&!opted&!much&!get: positive
!but&!opted&!much&get: negative
!but&!opted&much&!i: positive
!but&!opted&much&i: neutral
!but&opted: conflict
but&!if&!mac&!apple: negative
but&!if&!mac&apple: neutral
but&!if&mac&!up: neutral
but&!if&mac&up: positive
but&if&!to: negative
but&if&to: neutral
DecisionTree learned:
!but&!after&!generally&!opted: positive
!but&!after&!generally&opted: conflict
!but&!after&generally: conflict
!but&after&!sales&!with: neutral
!but&after&!sales&with: negative
!but&after&sales&!so: positive
!but&after&sales&so: negative
but&!if&!mac&!heavily: negative
but&!if&!mac&heavily: neutral
but&!if&mac&!up: neutral
but&!if&mac&up: positive
but&if&!to: negative
but&if&to: neutral
DecisionTree learned:
!but&!dollar&!and&!not: negative
!but&!dollar&!and&not: negative
!but&!dollar&and&!i: positive
!but&!dollar&and&i: neutral
!but&dollar: conflict
but&!mac&!this&!so: negative
but&!mac&!this&so: conflict
but&!mac&this&!know: negative
but&!mac&this&know: conflict
but&mac&!up&!much: neutral
but&mac&!up&much: positive
but&mac&up: positive
DecisionTree learned:
!but&!opted&!price&!generally: negative
!but&!opted&!price&generally: conflict
!but&!opted&price&!worth: positive
!but&!opted&price&worth: conflict
!but&opted: conflict
but&!this&!so&!size: negative
but&!this&!so&size: neutral
but&!this&so&!graphics: neutral
but&!this&so&graphics: conflict
but&this&!know&!x: negative
but&this&!know&x: neutral
but&this&know: conflict
DecisionTree learned:
!but&!for&!requires&!much: negative
!but&!for&!requires&much: positive
!but&!for&requires: conflict
!but&for&!despite&!dollar: neutral
!but&for&!despite&dollar: conflict
!but&for&despite: conflict
but&!make&!computer&!this: negative
but&!make&!computer&this: neutral
but&!make&computer&!keys: negative
but&!make&computer&keys: conflict
but&make&!than&!to: positive
but&make&!than&to: negative
but&make&than: positive
DecisionTree learned:
!but&!for&!requires&!much: negative
!but&!for&!requires&much: positive
!but&!for&requires: conflict
!but&for&!so&!dollar: neutral
!but&for&!so&dollar: conflict
!but&for&so&!battery: negative
!but&for&so&battery: conflict
but&!mac&!if&!this: conflict
but&!mac&!if&this: positive
but&!mac&if&!to: negative
but&!mac&if&to: neutral
but&mac&!up&!it: neutral
but&mac&!up&it: neutral
but&mac&up: positive
DecisionTree learned:
!but&!for&!get&!stack: negative
!but&!for&!get&stack: conflict
!but&!for&get&!am: negative
!but&!for&get&am: conflict
!but&for&!office&!in: neutral
!but&for&!office&in: negative
!but&for&office&!the: neutral
!but&for&office&the: neutral
but&!up&!was&!too: neutral
but&!up&!was&too: conflict
but&!up&was&!did: negative
but&!up&was&did: neutral
but&up&!the&!new: conflict
but&up&!the&new: positive
but&up&the&!first: negative
but&up&the&first: positive
DecisionTree learned:
!but&!neg&!bars&!long: positive
!but&!neg&!bars&long: positive
!but&!neg&bars: conflict
!but&neg&!opted&!much: negative
!but&neg&!opted&much: conflict
!but&neg&opted: conflict
but&!repair&!full&!battery: positive
but&!repair&!full&battery: negative
but&!repair&full&!software: conflict
but&!repair&full&software: conflict
but&repair&!they: negative
but&repair&they&!to: negative
but&repair&they&to: neutral
DecisionTree learned:
!but&!for&!requires&!compact: negative
!but&!for&!requires&compact: conflict
!but&!for&requires: conflict
!but&for&!so&!despite: neutral
!but&for&!so&despite: conflict
!but&for&so&!battery: negative
!but&for&so&battery: conflict
but&!this&!machine&!mac: negative
but&!this&!machine&mac: positive
but&!this&machine: positive
but&this&!computer&!with: positive
but&this&!computer&with: neutral
but&this&computer&!that: negative
but&this&computer&that: conflict
DecisionTree learned:
!but&!uses&!opted&!get: positive
!but&!uses&!opted&get: negative
!but&!uses&opted: conflict
!but&uses&!of: neutral
!but&uses&of: conflict
but&!this&!so&!size: positive
but&!this&!so&size: neutral
but&!this&so&!it: neutral
but&!this&so&it: conflict
but&this&!know&!x: negative
but&this&!know&x: neutral
but&this&know: conflict
DecisionTree learned:
!but&!get&!for&!much: negative
!but&!get&!for&much: positive
!but&!get&for&!versions: neutral
!but&!get&for&versions: conflict
!but&get&!am&!pay: negative
!but&get&!am&pay: conflict
!but&get&am&!toshiba: conflict
!but&get&am&toshiba: negative
but&!i&!that&!windows: negative
but&!i&!that&windows: neutral
but&!i&that&!for: conflict
but&!i&that&for: neutral
but&i&!which&!ever: positive
but&i&!which&ever: conflict
but&i&which&!use: conflict
but&i&which&use: positive
DecisionTree learned:
!but&!requires&!dollar&!generally: negative
!but&!requires&!dollar&generally: conflict
!but&!requires&dollar: conflict
!but&requires: conflict
but&!the&!it&!i: conflict
but&!the&!it&i: neutral
but&!the&it&!new: conflict
but&!the&it&new: neutral
but&the&!standard&!processing: positive
but&the&!standard&processing: neutral
but&the&standard: conflict
DecisionTree learned:
!but&!much&!for&!get: negative
!but&!much&!for&get: negative
!but&!much&for&!or: positive
!but&!much&for&or: neutral
!but&much&!i&!neg: positive
!but&much&!i&neg: conflict
!but&much&i&!it: neutral
!but&much&i&it: conflict
but&!outside&!this&!mac: conflict
but&!outside&!this&mac: positive
but&!outside&this&!know: positive
but&!outside&this&know: conflict
but&outside&!pos: neutral
but&outside&pos: neutral
DecisionTree learned:
!but&!for&!laptops&!requires: negative
!but&!for&!laptops&requires: conflict
!but&!for&laptops&!it: positive
!but&!for&laptops&it: conflict
!but&for&!so&!neg: neutral
!but&for&!so&neg: neutral
!but&for&so&!laptop: positive
!but&for&so&laptop: conflict
but&!this&!up&!looking: conflict
but&!this&!up&looking: positive
but&!this&up&!the: positive
but&!this&up&the: negative
but&this&!little&!neg: positive
but&this&!little&neg: negative
but&this&little&!just: positive
but&this&little&just: positive
DecisionTree learned:
!but&!fast&!is&!for: negative
!but&!fast&!is&for: neutral
!but&!fast&is&!not: positive
!but&!fast&is&not: negative
!but&fast&!with: positive
!but&fast&with&!just: positive
!but&fast&with&just: neutral
but&!repair&!new&!big: negative
but&!repair&!new&big: conflict
but&!repair&new&!when: neutral
but&!repair&new&when: conflict
but&repair&!to&!toshiba: negative
but&repair&!to&toshiba: negative
but&repair&to: neutral
DecisionTree learned:
!but&!generally&!pos&!much: negative
!but&!generally&!pos&much: conflict
!but&!generally&pos&!other: positive
!but&!generally&pos&other: neutral
!but&generally: conflict
but&!apple&!this&!so: negative
but&!apple&!this&so: conflict
but&!apple&this&!know: neutral
but&!apple&this&know: conflict
but&apple&!slowly&!just: neutral
but&apple&!slowly&just: positive
but&apple&slowly: conflict
DecisionTree learned:
!but&!and&!requires&!generally: negative
!but&!and&!requires&generally: conflict
!but&!and&requires: conflict
!but&and&!what&!back: positive
!but&and&!what&back: negative
!but&and&what&!about: neutral
!but&and&what&about: conflict
but&!if&!new&!the: conflict
but&!if&!new&the: negative
but&!if&new&!when: neutral
but&!if&new&when: neutral
but&if&!to&!mac: negative
but&if&!to&mac: positive
but&if&to: neutral
DecisionTree learned:
!but&!for&!pc&!compact: negative
!but&!for&!pc&compact: conflict
!but&!for&pc&!pos: conflict
!but&!for&pc&pos: positive
!but&for&!so&!neg: neutral
!but&for&!so&neg: negative
!but&for&so&!laptop: negative
!but&for&so&laptop: conflict
but&!this&!so&!heavily: positive
but&!this&!so&heavily: neutral
but&!this&so&!it: neutral
but&!this&so&it: conflict
but&this&!x&!know: negative
but&this&!x&know: conflict
but&this&x: neutral
DecisionTree learned:
!but&!neg&!bars&!long: positive
!but&!neg&!bars&long: positive
!but&!neg&bars: conflict
!but&neg&!after&!much: negative
!but&neg&!after&much: conflict
!but&neg&after&!board: neutral
!but&neg&after&board: negative
but&!battery&!got&!my: positive
but&!battery&!got&my: positive
but&!battery&got&!so: negative
but&!battery&got&so: positive
but&battery&!would&!n: conflict
but&battery&!would&n: negative
but&battery&would&!i: conflict
but&battery&would&i: positive
DecisionTree learned:
!but&!much&!other&!not: positive
!but&!much&!other&not: negative
!but&!much&other&!neg: neutral
!but&!much&other&neg: positive
!but&much&!of&!neg: positive
!but&much&!of&neg: conflict
!but&much&of&!not: negative
!but&much&of&not: neutral
but&!especially&!this&!laptop: negative
but&!especially&!this&laptop: neutral
but&!especially&this&!ever: negative
but&!especially&this&ever: negative
but&especially&!to: neutral
but&especially&to: neutral
DecisionTree learned:
!but&!opted&!uses&!pc: negative
!but&!opted&!uses&pc: positive
!but&!opted&uses&!of: neutral
!but&!opted&uses&of: conflict
!but&opted: conflict
but&!this&!outside&!so: negative
but&!this&!outside&so: neutral
but&!this&outside&!pos: neutral
but&!this&outside&pos: neutral
but&this&!know&!features: neutral
but&this&!know&features: positive
but&this&know: conflict
DecisionTree learned:
!but&!acceptable&!generally&!price: negative
!but&!acceptable&!generally&price: positive
!but&!acceptable&generally: conflict
!but&acceptable: conflict
but&!yes&!still&!quality: negative
but&!yes&!still&quality: conflict
but&!yes&still&!and: negative
but&!yes&still&and: neutral
but&yes&!up: positive
but&yes&up&!is: positive
but&yes&up&is: conflict
DecisionTree learned:
!but&!generally&!opted&!get: positive
!but&!generally&!opted&get: negative
!but&!generally&opted: conflict
!but&generally: conflict
but&!mac&!think&!overall: positive
but&!mac&!think&overall: neutral
but&!mac&think&!on: negative
but&!mac&think&on: neutral
but&mac&!up&!it: positive
but&mac&!up&it: neutral
but&mac&up: positive
DecisionTree learned:
!but&!neg&!long&!bars: positive
!but&!neg&!long&bars: conflict
!but&!neg&long&!so: positive
!but&!neg&long&so: conflict
!but&neg&!price&!opted: negative
!but&neg&!price&opted: conflict
!but&neg&price&!worth: positive
!but&neg&price&worth: conflict
but&!heavily&!tim&!this: conflict
but&!heavily&!tim&this: positive
but&!heavily&tim: neutral
but&heavily&!of&!it: neutral
but&heavily&!of&it: negative
but&heavily&of&!to: neutral
but&heavily&of&to: neutral
DecisionTree learned:
!but&!generally&!opted&!other: negative
!but&!generally&!opted&other: neutral
!but&!generally&opted: conflict
!but&generally: conflict
but&!got&!mac&!this: conflict
but&!got&!mac&this: negative
but&!got&mac&!it: positive
but&!got&mac&it: neutral
but&got&!so: negative
but&got&so: positive
DecisionTree learned:
!but&!generally&!opted&!price: neutral
!but&!generally&!opted&price: positive
!but&!generally&opted: conflict
!but&generally: conflict
but&!this&!so&!heavily: negative
but&!this&!so&heavily: neutral
but&!this&so&!it: neutral
but&!this&so&it: conflict
but&this&!know&!x: negative
but&this&!know&x: neutral
but&this&know: conflict
DecisionTree learned:
!but&!opted&!much&!uses: negative
!but&!opted&!much&uses: neutral
!but&!opted&much&!i: positive
!but&!opted&much&i: neutral
!but&opted: conflict
but&!this&!which&!up: negative
but&!this&!which&up: positive
but&!this&which&!and: conflict
but&!this&which&and: positive
but&this&!x&!with: positive
but&this&!x&with: negative
but&this&x: neutral
DecisionTree learned:
!but&!opted&!much&!get: negative
!but&!opted&!much&get: negative
!but&!opted&much&!i: positive
!but&!opted&much&i: neutral
!but&opted: conflict
but&!this&!whole&!so: negative
but&!this&!whole&so: conflict
but&!this&whole&!just: neutral
but&!this&whole&just: positive
but&this&!know&!with: positive
but&this&!know&with: negative
but&this&know: conflict
DecisionTree learned:
!but&!fast&!generally&!get: positive
!but&!fast&!generally&get: negative
!but&!fast&generally: conflict
!but&fast&!one&!you: positive
!but&fast&!one&you: positive
!but&fast&one: neutral
but&!this&!size&!screen: positive
but&!this&!size&screen: conflict
but&!this&size&!pos: neutral
but&!this&size&pos: neutral
but&this&!know&!not: neutral
but&this&!know&not: negative
but&this&know: conflict
DecisionTree learned:
!but&!acceptable&!requires&!stack: positive
!but&!acceptable&!requires&stack: conflict
!but&!acceptable&requires: conflict
!but&acceptable: conflict
but&!size&!heavily&!in: negative
but&!size&!heavily&in: neutral
but&!size&heavily&!of: negative
but&!size&heavily&of: neutral
but&size&!and: neutral
but&size&and: neutral
DecisionTree learned:
!but&!acceptable&!much&!get: positive
!but&!acceptable&!much&get: negative
!but&!acceptable&much&!i: positive
!but&!acceptable&much&i: neutral
!but&acceptable: conflict
but&!repair&!be&!new: positive
but&!repair&!be&new: neutral
but&!repair&be&!with: negative
but&!repair&be&with: negative
but&repair&!they: negative
but&repair&they&!to: negative
but&repair&they&to: neutral
DecisionTree learned:
!but&!requires&!opted&!other: negative
!but&!requires&!opted&other: neutral
!but&!requires&opted: conflict
!but&requires: conflict
but&!this&!apple&!so: negative
but&!this&!apple&so: conflict
but&!this&apple&!slowly: neutral
but&!this&apple&slowly: conflict
but&this&!neg&!is: neutral
but&this&!neg&is: positive
but&this&neg&!little: negative
but&this&neg&little: positive
DecisionTree learned:
!but&!uses&!much&!get: positive
!but&!uses&!much&get: negative
!but&!uses&much&!i: positive
!but&!uses&much&i: neutral
!but&uses&!of: neutral
!but&uses&of: conflict
but&!mac&!this&!machine: negative
but&!mac&!this&machine: positive
but&!mac&this&!x: negative
but&!mac&this&x: neutral
but&mac&!up&!much: neutral
but&mac&!up&much: positive
but&mac&up: positive
DecisionTree learned:
!but&!capital&!generally&!much: negative
!but&!capital&!generally&much: positive
!but&!capital&generally: conflict
!but&capital&!processors&!pad: positive
!but&capital&!processors&pad: neutral
!but&capital&processors: negative
but&!bluetooth&!neg&!you: conflict
but&!bluetooth&!neg&you: positive
but&!bluetooth&neg&!screen: negative
but&!bluetooth&neg&screen: conflict
but&bluetooth: negative
DecisionTree learned:
!but&!acceptable&!requires&!generally: negative
!but&!acceptable&!requires&generally: conflict
!but&!acceptable&requires: conflict
!but&acceptable: conflict
but&!still&!processing&!new: negative
but&!still&!processing&new: neutral
but&!still&processing: neutral
but&still&!of&!can: negative
but&still&!of&can: negative
but&still&of&!pos: negative
but&still&of&pos: positive
DecisionTree learned:
!but&!sit&!and&!requires: negative
!but&!sit&!and&requires: conflict
!but&!sit&and&!i: positive
!but&!sit&and&i: neutral
!but&sit: conflict
but&!computer&!this&!so: negative
but&!computer&!this&so: neutral
but&!computer&this&!with: positive
but&!computer&this&with: negative
but&computer&!after&!that: negative
but&computer&!after&that: conflict
but&computer&after&!use: positive
but&computer&after&use: conflict
DecisionTree learned:
!but&!for&!much&!get: negative
!but&!for&!much&get: negative
!but&!for&much&!laptops: positive
!but&!for&much&laptops: conflict
!but&for&!so&!despite: neutral
!but&for&!so&despite: conflict
!but&for&so&!battery: positive
!but&for&so&battery: conflict
but&!if&!i&!apple: conflict
but&!if&!i&apple: neutral
but&!if&i&!which: negative
but&!if&i&which: conflict
but&if&!to: negative
but&if&to: neutral
DecisionTree learned:
!but&!pos&!deserving&!battery: negative
!but&!pos&!deserving&battery: negative
!but&!pos&deserving&!to: conflict
!but&!pos&deserving&to: negative
!but&pos&!reboot&!very: positive
!but&pos&!reboot&very: positive
!but&pos&reboot: conflict
but&!this&!mac&!better: negative
but&!this&!mac&better: conflict
but&!this&mac&!more: neutral
but&!this&mac&more: positive
but&this&!ever&!by: neutral
but&this&!ever&by: negative
but&this&ever&!is: negative
but&this&ever&is: conflict
DecisionTree learned:
!but&!generally&!my&!neg: positive
!but&!generally&!my&neg: negative
!but&!generally&my&!laptop: neutral
!but&!generally&my&laptop: conflict
!but&generally: conflict
but&!mac&!this&!so: positive
but&!mac&!this&so: neutral
but&!mac&this&!know: neutral
but&!mac&this&know: conflict
but&mac&!pos: neutral
but&mac&pos&!new: positive
but&mac&pos&new: neutral
DecisionTree learned:
!but&!get&!and&!laptops: negative
!but&!get&!and&laptops: conflict
!but&!get&and&!i: positive
!but&!get&and&i: neutral
!but&get&!i&!this: negative
!but&get&!i&this: positive
!but&get&i&!out: conflict
!but&get&i&out: neutral
but&!by&!heavily&!laptop: positive
but&!by&!heavily&laptop: neutral
but&!by&heavily&!of: neutral
but&!by&heavily&of: neutral
but&by&!laptop&!make: negative
but&by&!laptop&make: negative
but&by&laptop: positive
DecisionTree learned:
!but&!uses&!generally&!get: positive
!but&!uses&!generally&get: negative
!but&!uses&generally: conflict
!but&uses&!of: neutral
!but&uses&of: conflict
but&!this&!apple&!so: negative
but&!this&!apple&so: neutral
but&!this&apple&!slowly: neutral
but&!this&apple&slowly: conflict
but&this&!features&!to: negative
but&this&!features&to: neutral
but&this&features: positive
DecisionTree learned:
!but&!generally&!price&!opted: negative
!but&!generally&!price&opted: conflict
!but&!generally&price&!worth: positive
!but&!generally&price&worth: conflict
!but&generally: conflict
but&!this&!up&!there: conflict
but&!this&!up&there: negative
but&!this&up&!the: conflict
but&!this&up&the: negative
but&this&!know&!to: positive
but&this&!know&to: neutral
but&this&know: conflict
DecisionTree learned:
!but&!opted&!uses&!requires: positive
!but&!opted&!uses&requires: conflict
!but&!opted&uses&!of: neutral
!but&!opted&uses&of: conflict
!but&opted: conflict
but&!this&!up&!outside: conflict
but&!this&!up&outside: neutral
but&!this&up&!small: positive
but&!this&up&small: conflict
but&this&!know&!not: positive
but&this&!know&not: negative
but&this&know: conflict
DecisionTree learned:
!but&!acceptable&!bars&!much: positive
!but&!acceptable&!bars&much: positive
!but&!acceptable&bars: conflict
!but&acceptable: conflict
but&!this&!overall&!size: conflict
but&!this&!overall&size: neutral
but&!this&overall&!to: neutral
but&!this&overall&to: neutral
but&this&!ever&!features: neutral
but&this&!ever&features: positive
but&this&ever&!is: negative
but&this&ever&is: conflict
DecisionTree learned:
!but&!acceptable&!generally&!pos: negative
!but&!acceptable&!generally&pos: positive
!but&!acceptable&generally: conflict
!but&acceptable: conflict
but&!this&!so&!size: negative
but&!this&!so&size: neutral
but&!this&so&!it: neutral
but&!this&so&it: conflict
but&this&!know&!to: positive
but&this&!know&to: neutral
but&this&know: conflict
DecisionTree learned:
!but&!were&!generally&!very: neutral
!but&!were&!generally&very: positive
!but&!were&generally: conflict
!but&were&!too&!so: negative
!but&were&!too&so: conflict
!but&were&too: neutral
but&!this&!mac&!so: positive
but&!this&!mac&so: neutral
but&!this&mac&!use: neutral
but&!this&mac&use: positive
but&this&!x&!that: positive
but&this&!x&that: neutral
but&this&x: neutral
DecisionTree learned:
!but&!get&!generally&!reboot: positive
!but&!get&!generally&reboot: conflict
!but&!get&generally: conflict
!but&get&!am&!pay: neutral
!but&get&!am&pay: conflict
!but&get&am&!toshiba: conflict
!but&get&am&toshiba: negative
but&!this&!tim&!so: negative
but&!this&!tim&so: neutral
but&!this&tim: neutral
but&this&!ever&!features: neutral
but&this&!ever&features: positive
but&this&ever&!is: negative
but&this&ever&is: conflict
DecisionTree learned:
!but&!acceptable&!opted&!generally: negative
!but&!acceptable&!opted&generally: conflict
!but&!acceptable&opted: conflict
!but&acceptable: conflict
but&!did&!be&!size: positive
but&!did&!be&size: neutral
but&!did&be&!thing: negative
but&!did&be&thing: negative
but&did&!in&!software: conflict
but&did&!in&software: neutral
but&did&in&!me: neutral
but&did&in&me: negative
Trial 0 Training cc.mallet.classify.AdaBoostM2Trainer@5d771ead finished
Trial 0 Trainer cc.mallet.classify.AdaBoostM2Trainer@5d771ead test data accuracy = 0.5618661257606491

NaiveBayesTrainer
Summary. test accuracy mean = 0.6186612576064908 stddev = 0.0 stderr = 0.0

MaxEntTrainer,gaussianPriorVariance=1.0
Summary. test accuracy mean = 0.6085192697768763 stddev = 0.0 stderr = 0.0

cc.mallet.classify.DecisionTreeTrainer@57c52e72
Summary. test accuracy mean = 0.5557809330628803 stddev = 0.0 stderr = 0.0

cc.mallet.classify.AdaBoostM2Trainer@5d771ead
Summary. test accuracy mean = 0.5618661257606491 stddev = 0.0 stderr = 0.0
