
-------------------- Trial 0  --------------------

Trial 0 Training NaiveBayesTrainer with 1865 instances
Trial 0 Training NaiveBayesTrainer finished
Trial 0 Trainer NaiveBayesTrainer test data accuracy = 0.6085192697768763
Trial 0 Training MaxEntTrainer,gaussianPriorVariance=1.0 with 1865 instances
Trial 0 Training MaxEntTrainer,gaussianPriorVariance=1.0 finished
Trial 0 Trainer MaxEntTrainer,gaussianPriorVariance=1.0 test data accuracy = 0.5862068965517241
Trial 0 Training cc.mallet.classify.DecisionTreeTrainer@69945ce with 1865 instances
DecisionTree learned:
!great&!easy&!but&!fast: negative
!great&!easy&!but&fast: positive
!great&!easy&but&!well: negative
!great&!easy&but&well: positive
!great&easy&!one&!operate: positive
!great&easy&!one&operate: neutral
!great&easy&one&!is: conflict
!great&easy&one&is: neutral
great&!had&!but&!nearly: positive
great&!had&!but&nearly: neutral
great&!had&but&!one: positive
great&!had&but&one: negative
great&had&!quality: negative
great&had&quality&!life: positive
great&had&quality&life: negative
Trial 0 Training cc.mallet.classify.DecisionTreeTrainer@69945ce finished
Trial 0 Trainer cc.mallet.classify.DecisionTreeTrainer@69945ce test data accuracy = 0.513184584178499
Trial 0 Training cc.mallet.classify.AdaBoostM2Trainer@781f6226 with 1865 instances
DecisionTree learned:
!great&!but&!easy&!fast: negative
!great&!but&!easy&fast: positive
!great&!but&easy&!for: positive
!great&!but&easy&for: positive
!great&but&!x&!mac: negative
!great&but&!x&mac: positive
!great&but&x: neutral
great&!had&!but&!nearly: positive
great&!had&!but&nearly: neutral
great&!had&but&!one: positive
great&!had&but&one: negative
great&had&!performance: negative
great&had&performance&!quality: negative
great&had&performance&quality: positive
DecisionTree learned:
!but&!great&!easy&!movie: negative
!but&!great&!easy&movie: neutral
!but&!great&easy&!go: positive
!but&!great&easy&go: neutral
!but&great&!had&!nearly: positive
!but&great&!had&nearly: neutral
!but&great&had&!performance: negative
!but&great&had&performance: positive
but&!so&!got&!mac: negative
but&!so&!got&mac: positive
but&!so&got: negative
but&so&!it&!with: neutral
but&so&!it&with: negative
but&so&it&!computer: conflict
but&so&it&computer: positive
DecisionTree learned:
!great&!but&!love&!easy: negative
!great&!but&!love&easy: positive
!great&!but&love&!size: positive
!great&!but&love&size: neutral
!great&but&!be&!think: positive
!great&but&!be&think: neutral
!great&but&be&!hard: negative
!great&but&be&hard: neutral
great&!had&!but&!features: positive
great&!had&!but&features: negative
great&!had&but&!if: positive
great&!had&but&if: negative
great&had&!performance: negative
great&had&performance&!quality: negative
great&had&performance&quality: positive
DecisionTree learned:
!but&!great&!fast&!not: positive
!but&!great&!fast&not: negative
!but&!great&fast&!with: positive
!but&!great&fast&with: positive
!but&great&!had&!features: positive
!but&great&!had&features: negative
!but&great&had&!quality: negative
!but&great&had&quality: positive
but&!well&!got&!mac: negative
but&!well&!got&mac: positive
but&!well&got: negative
but&well&!so&!is: positive
but&well&!so&is: positive
but&well&so&!with: neutral
but&well&so&with: positive
DecisionTree learned:
!but&!great&!easy&!not: positive
!but&!great&!easy&not: negative
!but&!great&easy&!go: positive
!but&!great&easy&go: neutral
!but&great&!had&!nearly: positive
!but&great&!had&nearly: neutral
!but&great&had&!quality: negative
!but&great&had&quality: negative
but&!mac&!this&!so: negative
but&!mac&!this&so: neutral
but&!mac&this&!have: neutral
but&!mac&this&have: negative
but&mac&!office&!have: positive
but&mac&!office&have: negative
but&mac&office: neutral
DecisionTree learned:
!but&!great&!and&!love: negative
!but&!great&!and&love: positive
!but&!great&and&!i: positive
!but&!great&and&i: neutral
!but&great&!had&!features: positive
!but&great&!had&features: negative
!but&great&had&!quality: negative
!but&great&had&quality: positive
but&!this&!so&!track: negative
but&!this&!so&track: neutral
but&!this&so&!it: neutral
but&!this&so&it: conflict
but&this&!have&!to: negative
but&this&!have&to: neutral
but&this&have&!with: positive
but&this&have&with: negative
DecisionTree learned:
!but&!good&!fast&!love: negative
!but&!good&!fast&love: positive
!but&!good&fast&!with: positive
!but&!good&fast&with: positive
!but&good&!at&!no: positive
!but&good&!at&no: negative
!but&good&at&!support: positive
!but&good&at&support: neutral
but&!mac&!this&!so: negative
but&!mac&!this&so: neutral
but&!mac&this&!x: negative
but&!mac&this&x: neutral
but&mac&!it&!office: positive
but&mac&!it&office: neutral
but&mac&it&!the: negative
but&mac&it&the: neutral
DecisionTree learned:
!but&!great&!movie&!after: positive
!but&!great&!movie&after: negative
!but&!great&movie&!web: neutral
!but&!great&movie&web: positive
!but&great&!had&!putting: positive
!but&great&!had&putting: neutral
!but&great&had&!quality: negative
!but&great&had&quality: positive
but&!got&!mac&!did: negative
but&!got&!mac&did: neutral
but&!got&mac&!more: neutral
but&!got&mac&more: positive
but&got&!so: negative
but&got&so: positive
DecisionTree learned:
!but&!great&!fast&!for: negative
!but&!great&!fast&for: positive
!but&!great&fast&!one: positive
!but&!great&fast&one: neutral
!but&great&!had&!key: positive
!but&great&!had&key: neutral
!but&great&had&!quality: negative
!but&great&had&quality: positive
but&!be&!the&!it: neutral
but&!be&!the&it: conflict
but&!be&the&!mac: negative
but&!be&the&mac: positive
but&be&!to&!a: negative
but&be&!to&a: positive
but&be&to&!just: negative
but&be&to&just: positive
DecisionTree learned:
!but&!and&!programs&!not: negative
!but&!and&!programs&not: negative
!but&!and&programs&!user: neutral
!but&!and&programs&user: negative
!but&and&!back&!i: positive
!but&and&!back&i: positive
!but&and&back&!time: neutral
!but&and&back&time: negative
but&!be&!the&!it: neutral
but&!be&!the&it: conflict
but&!be&the&!they: positive
but&!be&the&they: negative
but&be&!which&!chat: negative
but&be&!which&chat: conflict
but&be&which&!to: conflict
but&be&which&to: positive
DecisionTree learned:
!but&!for&!easy&!much: negative
!but&!for&!easy&much: positive
!but&!for&easy&!one: positive
!but&!for&easy&one: neutral
!but&for&!so&!office: positive
!but&for&!so&office: neutral
!but&for&so&!laptop: negative
!but&for&so&laptop: conflict
but&!got&!mac&!gb: negative
but&!got&!mac&gb: neutral
but&!got&mac&!its: positive
but&!got&mac&its: neutral
but&got&!so: negative
but&got&so: positive
DecisionTree learned:
!but&!love&!good&!complain: negative
!but&!love&!good&complain: conflict
!but&!love&good&!at: positive
!but&!love&good&at: neutral
!but&love&!size&!dock: positive
!but&love&!size&dock: neutral
!but&love&size&!screen: positive
!but&love&size&screen: neutral
but&!mac&!there&!on: positive
but&!mac&!there&on: neutral
but&!mac&there&!to: negative
but&!mac&there&to: neutral
but&mac&!more&!have: neutral
but&mac&!more&have: negative
but&mac&more: positive
DecisionTree learned:
!but&!great&!would&!and: negative
!but&!great&!would&and: positive
!but&!great&would&!laptop: negative
!but&!great&would&laptop: negative
!but&great&!had&!features: positive
!but&great&!had&features: negative
!but&great&had&!quality: negative
!but&great&had&quality: positive
but&!new&!difference&!the: conflict
but&!new&!difference&the: negative
but&!new&difference&!navigation: neutral
but&!new&difference&navigation: positive
but&new&!when&!if: neutral
but&new&!when&if: negative
but&new&when&!windows: negative
but&new&when&windows: neutral
DecisionTree learned:
!but&!for&!easy&!much: negative
!but&!for&!easy&much: positive
!but&!for&easy&!one: positive
!but&!for&easy&one: neutral
!but&for&!office&!in: positive
!but&for&!office&in: negative
!but&for&office&!the: neutral
!but&for&office&the: neutral
but&!new&!size&!difference: negative
but&!new&!size&difference: neutral
but&!new&size: neutral
but&new&!when&!space: positive
but&new&!when&space: neutral
but&new&when&!windows: negative
but&new&when&windows: neutral
DecisionTree learned:
!but&!fast&!love&!movie: negative
!but&!fast&!love&movie: neutral
!but&!fast&love&!size: positive
!but&!fast&love&size: neutral
!but&fast&!one&!feature: positive
!but&fast&!one&feature: neutral
!but&fast&one: neutral
but&!think&!this&!mac: negative
but&!think&!this&mac: positive
but&!think&this&!has: positive
but&!think&this&has: negative
but&think&!on: negative
but&think&on: neutral
DecisionTree learned:
!but&!good&!for&!ease: negative
!but&!good&!for&ease: positive
!but&!good&for&!office: positive
!but&!good&for&office: neutral
!but&good&!at&!included: positive
!but&good&!at&included: neutral
!but&good&at&!support: positive
!but&good&at&support: neutral
but&!this&!so&!mac: negative
but&!this&!so&mac: positive
but&!this&so&!old: neutral
but&!this&so&old: positive
but&this&!know&!has: neutral
but&this&!know&has: negative
but&this&know: conflict
DecisionTree learned:
!but&!would&!for&!requires: positive
!but&!would&!for&requires: conflict
!but&!would&for&!so: neutral
!but&!would&for&so: negative
!but&would&!their&!going: negative
!but&would&!their&going: neutral
!but&would&their&!customer: neutral
!but&would&their&customer: negative
but&!this&!mac&!so: negative
but&!this&!mac&so: conflict
but&!this&mac&!performance: positive
but&!this&mac&performance: positive
but&this&!x&!because: negative
but&this&!x&because: neutral
but&this&x: neutral
DecisionTree learned:
!but&!and&!laptops&!next: negative
!but&!and&!laptops&next: neutral
!but&!and&laptops&!much: negative
!but&!and&laptops&much: conflict
!but&and&!complain&!i: positive
!but&and&!complain&i: neutral
!but&and&complain: conflict
but&!yes&!laptops&!difference: negative
but&!yes&!laptops&difference: neutral
but&!yes&laptops&!security: positive
but&!yes&laptops&security: positive
but&yes&!and: conflict
but&yes&and&!quality: positive
but&yes&and&quality: positive
DecisionTree learned:
!but&!great&!were&!and: negative
!but&!great&!were&and: positive
!but&!great&were&!these: negative
!but&!great&were&these: neutral
!but&great&!had&!works: positive
!but&great&!had&works: neutral
!but&great&had&!quality: negative
!but&great&had&quality: positive
but&!mac&!another&!this: negative
but&!mac&!another&this: negative
but&!mac&another&!the: neutral
but&!mac&another&the: negative
but&mac&!it&!office: positive
but&mac&!it&office: neutral
but&mac&it&!the: positive
but&mac&it&the: neutral
DecisionTree learned:
!but&!then&!for&!they: positive
!but&!then&!for&they: neutral
!but&!then&for&!programs: positive
!but&!then&for&programs: neutral
!but&then&!inside&!will: negative
!but&then&!inside&will: positive
!but&then&inside: neutral
but&!got&!mac&!this: negative
but&!got&!mac&this: neutral
but&!got&mac&!laptop: neutral
but&!got&mac&laptop: positive
but&got&!so: negative
but&got&so: positive
DecisionTree learned:
!but&!very&!awesome&!great: negative
!but&!very&!awesome&great: positive
!but&!very&awesome&!so: positive
!but&!very&awesome&so: positive
!but&very&!some&!would: positive
!but&very&!some&would: negative
!but&very&some: conflict
but&!os&!new&!more: negative
but&!os&!new&more: positive
but&!os&new&!when: neutral
but&!os&new&when: neutral
but&os: neutral
DecisionTree learned:
!but&!fast&!uses&!complain: negative
!but&!fast&!uses&complain: conflict
!but&!fast&uses&!this: neutral
!but&!fast&uses&this: conflict
!but&fast&!size&!one: positive
!but&fast&!size&one: neutral
!but&fast&size&!look: positive
!but&fast&size&look: neutral
but&!there&!new&!m: positive
but&!there&!new&m: negative
but&!there&new&!when: neutral
but&!there&new&when: neutral
but&there&!this&!much: negative
but&there&!this&much: positive
but&there&this: neutral
DecisionTree learned:
!but&!back&!after&!would: positive
!but&!back&!after&would: negative
!but&!back&after&!with: neutral
!but&!back&after&with: negative
!but&back&!and&!toshiba: negative
!but&back&!and&toshiba: positive
!but&back&and&!a: neutral
!but&back&and&a: negative
but&!mac&!this&!better: negative
but&!mac&!this&better: conflict
but&!mac&this&!know: neutral
but&!mac&this&know: conflict
but&mac&!it&!applications: positive
but&mac&!it&applications: neutral
but&mac&it&!the: positive
but&mac&it&the: neutral
DecisionTree learned:
!but&!pc&!for&!easy: negative
!but&!pc&!for&easy: positive
!but&!pc&for&!so: neutral
!but&!pc&for&so: negative
!but&pc&!users&!and: conflict
!but&pc&!users&and: positive
!but&pc&users: neutral
but&!difference&!new&!think: negative
but&!difference&!new&think: neutral
but&!difference&new&!vista: neutral
but&!difference&new&vista: conflict
but&difference&!navigation: neutral
but&difference&navigation: positive
DecisionTree learned:
!but&!complain&!and&!laptops: negative
!but&!complain&!and&laptops: conflict
!but&!complain&and&!back: positive
!but&!complain&and&back: negative
!but&complain&!and: positive
!but&complain&and: conflict
but&!in&!new&!size: negative
but&!in&!new&size: neutral
but&!in&new&!space: positive
but&!in&new&space: neutral
but&in&!was&!n: neutral
but&in&!was&n: neutral
but&in&was&!one: negative
but&in&was&one: neutral
DecisionTree learned:
!but&!uses&!after&!had: positive
!but&!uses&!after&had: negative
!but&!uses&after&!with: negative
!but&!uses&after&with: positive
!but&uses&!this: neutral
!but&uses&this: conflict
but&!got&!mac&!repair: positive
but&!got&!mac&repair: negative
but&!got&mac&!more: neutral
but&!got&mac&more: positive
but&got&!so: negative
but&got&so: positive
DecisionTree learned:
!but&!though&!complain&!and: negative
!but&!though&!complain&and: positive
!but&!though&complain&!and: positive
!but&!though&complain&and: conflict
!but&though&!of&!use: conflict
!but&though&!of&use: positive
!but&though&of&!snow: neutral
!but&though&of&snow: negative
but&!this&!so&!difference: negative
but&!this&!so&difference: neutral
but&!this&so&!laptop: conflict
but&!this&so&laptop: neutral
but&this&!know&!x: negative
but&this&!know&x: neutral
but&this&know: conflict
DecisionTree learned:
!but&!easy&!complain&!not: positive
!but&!easy&!complain&not: negative
!but&!easy&complain&!and: positive
!but&!easy&complain&and: conflict
!but&easy&!go&!operate: positive
!but&easy&!go&operate: neutral
!but&easy&go&!keyboard: neutral
!but&easy&go&keyboard: neutral
but&!this&!so&!that: negative
but&!this&!so&that: positive
but&!this&so&!fairly: neutral
but&!this&so&fairly: conflict
but&this&!has&!with: positive
but&this&!has&with: negative
but&this&has&!warranty: negative
but&this&has&warranty: neutral
DecisionTree learned:
!but&!for&!much&!get: negative
!but&!for&!much&get: negative
!but&!for&much&!laptops: positive
!but&!for&much&laptops: conflict
!but&for&!so&!desktop: neutral
!but&for&!so&desktop: conflict
!but&for&so&!laptop: positive
!but&for&so&laptop: conflict
but&!size&!os&!i: negative
but&!size&!os&i: positive
but&!size&os: neutral
but&size: neutral
DecisionTree learned:
!but&!after&!for&!laptops: negative
!but&!after&!for&laptops: conflict
!but&!after&for&!so: neutral
!but&!after&for&so: negative
!but&after&!laptops&!with: neutral
!but&after&!laptops&with: negative
!but&after&laptops: positive
but&!nothing&!so&!well: negative
but&!nothing&!so&well: positive
but&!nothing&so&!in: positive
but&!nothing&so&in: neutral
but&nothing: negative
DecisionTree learned:
!but&!uses&!great&!much: negative
!but&!uses&!great&much: positive
!but&!uses&great&!had: positive
!but&!uses&great&had: negative
!but&uses&!this: neutral
!but&uses&this: conflict
but&!gb&!i&!difference: negative
but&!gb&!i&difference: neutral
but&!gb&i&!on: negative
but&!gb&i&on: neutral
but&gb&!internal: neutral
but&gb&internal&!space: positive
but&gb&internal&space: neutral
DecisionTree learned:
!but&!pc&!then&!not: positive
!but&!pc&!then&not: negative
!but&!pc&then&!inside: negative
!but&!pc&then&inside: neutral
!but&pc&!get&!users: positive
!but&pc&!get&users: neutral
!but&pc&get: conflict
but&!did&!was&!hard: positive
but&!did&!was&hard: neutral
but&!did&was&!even: negative
but&!did&was&even: positive
but&did&!in&!price: conflict
but&did&!in&price: neutral
but&did&in&!me: neutral
but&did&in&me: negative
DecisionTree learned:
!but&!cell&!pc&!uses: positive
!but&!cell&!pc&uses: neutral
!but&!cell&pc&!users: positive
!but&!cell&pc&users: neutral
!but&cell: conflict
but&!think&!this&!so: positive
but&!think&!this&so: conflict
but&!think&this&!know: negative
but&!think&this&know: conflict
but&think&!on: negative
but&think&on: neutral
DecisionTree learned:
!but&!much&!is&!love: negative
!but&!much&!is&love: positive
!but&!much&is&!not: positive
!but&!much&is&not: negative
!but&much&!i&!out: positive
!but&much&!i&out: conflict
!but&much&i&!up: neutral
!but&much&i&up: conflict
but&!this&!so&!size: positive
but&!this&!so&size: neutral
but&!this&so&!laptop: conflict
but&!this&so&laptop: neutral
but&this&!have&!to: positive
but&this&!have&to: neutral
but&this&have&!it: positive
but&this&have&it: negative
DecisionTree learned:
!but&!complain&!and&!or: negative
!but&!complain&!and&or: neutral
!but&!complain&and&!juice: positive
!but&!complain&and&juice: conflict
!but&complain&!and: positive
!but&complain&and: conflict
but&!and&!to&!i: conflict
but&!and&!to&i: positive
but&!and&to&!n: neutral
but&!and&to&n: conflict
but&and&!have&!that: positive
but&and&!have&that: neutral
but&and&have&!this: positive
but&and&have&this: positive
DecisionTree learned:
!but&!then&!cell&!complain: positive
!but&!then&!cell&complain: conflict
!but&!then&cell: conflict
!but&then&!inside&!works: negative
!but&then&!inside&works: neutral
!but&then&inside: neutral
but&!did&!gb&!difference: positive
but&!did&!gb&difference: neutral
but&!did&gb&!internal: neutral
but&!did&gb&internal: neutral
but&did&!in&!price: conflict
but&did&!in&price: neutral
but&did&in&!card: neutral
but&did&in&card: negative
DecisionTree learned:
!but&!complain&!and&!laptops: negative
!but&!complain&!and&laptops: conflict
!but&!complain&and&!i: positive
!but&!complain&and&i: neutral
!but&complain&!and: positive
!but&complain&and: conflict
but&!this&!has&!awesome: negative
but&!this&!has&awesome: positive
but&!this&has&!it: neutral
but&!this&has&it: conflict
but&this&!know&!with: positive
but&this&!know&with: negative
but&this&know: conflict
DecisionTree learned:
!but&!much&!for&!get: negative
!but&!much&!for&get: negative
!but&!much&for&!to: positive
!but&!much&for&to: neutral
!but&much&!i&!pc: positive
!but&much&!i&pc: conflict
!but&much&i&!it: neutral
!but&much&i&it: conflict
but&!this&!which&!so: negative
but&!this&!which&so: neutral
but&!this&which&!storage: conflict
but&!this&which&storage: negative
but&this&!have&!to: positive
but&this&!have&to: neutral
but&this&have&!it: positive
but&this&have&it: negative
DecisionTree learned:
!but&!pc&!for&!requires: negative
!but&!pc&!for&requires: conflict
!but&!pc&for&!to: positive
!but&!pc&for&to: negative
!but&pc&!users&!and: conflict
!but&pc&!users&and: positive
!but&pc&users: neutral
but&!the&!another&!more: conflict
but&!the&!another&more: positive
but&!the&another&!mac: neutral
but&!the&another&mac: negative
but&the&!hard&!mac: negative
but&the&!hard&mac: positive
but&the&hard&!they: neutral
but&the&hard&they: negative
DecisionTree learned:
!but&!for&!they&!n: positive
!but&!for&!they&n: negative
!but&!for&they&!else: neutral
!but&!for&they&else: negative
!but&for&!so&!in: neutral
!but&for&!so&in: negative
!but&for&so&!laptop: negative
!but&for&so&laptop: conflict
but&!gb&!than&!if: negative
but&!gb&!than&if: neutral
but&!gb&than&!was: positive
but&!gb&than&was: negative
but&gb&!internal: neutral
but&gb&internal&!space: positive
but&gb&internal&space: neutral
DecisionTree learned:
!but&!complain&!and&!laptops: negative
!but&!complain&!and&laptops: conflict
!but&!complain&and&!were: positive
!but&!complain&and&were: negative
!but&complain&!and: positive
!but&complain&and: conflict
but&!this&!machine&!mac: conflict
but&!this&!machine&mac: positive
but&!this&machine: positive
but&this&!know&!you: negative
but&this&!know&you: neutral
but&this&know: conflict
DecisionTree learned:
!but&!for&!requires&!pc: negative
!but&!for&!requires&pc: positive
!but&!for&requires: conflict
!but&for&!so&!to: positive
!but&for&!so&to: neutral
!but&for&so&!laptop: positive
!but&for&so&laptop: conflict
but&!this&!so&!size: negative
but&!this&!so&size: neutral
but&!this&so&!fairly: neutral
but&!this&so&fairly: conflict
but&this&!have&!to: positive
but&this&!have&to: neutral
but&this&have&!it: positive
but&this&have&it: negative
DecisionTree learned:
!but&!eee&!for&!requires: negative
!but&!eee&!for&requires: conflict
!but&!eee&for&!desktop: neutral
!but&!eee&for&desktop: conflict
!but&eee: conflict
but&!this&!has&!more: negative
but&!this&!has&more: positive
but&!this&has&!it: neutral
but&!this&has&it: conflict
but&this&!m&!experience: positive
but&this&!m&experience: negative
but&this&m&!card: neutral
but&this&m&card: negative
DecisionTree learned:
!but&!good&!much&!for: negative
!but&!good&!much&for: neutral
!but&!good&much&!i: positive
!but&!good&much&i: neutral
!but&good&!at&!included: positive
!but&good&!at&included: neutral
!but&good&at&!support: positive
!but&good&at&support: neutral
but&!this&!outside&!was: positive
but&!this&!outside&was: negative
but&!this&outside&!windows: neutral
but&!this&outside&windows: positive
but&this&!know&!has: neutral
but&this&!know&has: negative
but&this&know: conflict
DecisionTree learned:
!but&!complain&!and&!laptops: negative
!but&!complain&!and&laptops: conflict
!but&!complain&and&!juice: positive
!but&!complain&and&juice: conflict
!but&complain&!and: positive
!but&complain&and: conflict
but&!did&!there&!like: positive
but&!did&!there&like: positive
but&!did&there&!windows: negative
but&!did&there&windows: neutral
but&did&!in&!software: conflict
but&did&!in&software: neutral
but&did&in&!me: neutral
but&did&in&me: negative
DecisionTree learned:
!but&!generally&!uses&!much: negative
!but&!generally&!uses&much: positive
!but&!generally&uses&!this: neutral
!but&!generally&uses&this: conflict
!but&generally&!keyboard: conflict
!but&generally&keyboard: neutral
but&!difference&!this&!hard: conflict
but&!difference&!this&hard: neutral
but&!difference&this&!know: neutral
but&!difference&this&know: conflict
but&difference&!navigation: neutral
but&difference&navigation: positive
DecisionTree learned:
!but&!very&!pc&!complain: negative
!but&!very&!pc&complain: conflict
!but&!very&pc&!and: conflict
!but&!very&pc&and: positive
!but&very&!some&!easy: positive
!but&very&!some&easy: positive
!but&very&some: conflict
but&!this&!so&!difference: negative
but&!this&!so&difference: neutral
but&!this&so&!it: neutral
but&!this&so&it: conflict
but&this&!x&!has: positive
but&this&!x&has: negative
but&this&x: neutral
DecisionTree learned:
!but&!uses&!very&!cell: negative
!but&!uses&!very&cell: conflict
!but&!uses&very&!frustrating: positive
!but&!uses&very&frustrating: negative
!but&uses&!this: neutral
!but&uses&this: conflict
but&!the&!another&!so: conflict
but&!the&!another&so: neutral
but&!the&another&!mac: neutral
but&!the&another&mac: negative
but&the&!hard&!mac: negative
but&the&!hard&mac: positive
but&the&hard&!they: neutral
but&the&hard&they: negative
DecisionTree learned:
!but&!requires&!for&!pc: negative
!but&!requires&!for&pc: positive
!but&!requires&for&!so: neutral
!but&!requires&for&so: conflict
!but&requires: conflict
but&!this&!size&!mac: conflict
but&!this&!size&mac: positive
but&!this&size: neutral
but&this&!know&!has: neutral
but&this&!know&has: negative
but&this&know: conflict
DecisionTree learned:
!but&!much&!generally&!cell: negative
!but&!much&!generally&cell: conflict
!but&!much&generally&!keyboard: conflict
!but&!much&generally&keyboard: neutral
!but&much&!i&!out: positive
!but&much&!i&out: conflict
!but&much&i&!it: neutral
!but&much&i&it: conflict
but&!this&!difference&!so: negative
but&!this&!difference&so: conflict
but&!this&difference&!navigation: neutral
but&!this&difference&navigation: positive
but&this&!know&!warranty: negative
but&this&!know&warranty: neutral
but&this&know: conflict
DecisionTree learned:
!but&!requires&!cell&!complain: positive
!but&!requires&!cell&complain: conflict
!but&!requires&cell: conflict
!but&requires: conflict
but&!most&!yes&!like: negative
but&!most&!yes&like: positive
but&!most&yes&!cost: conflict
but&!most&yes&cost: positive
but&most&!firefox&!price: positive
but&most&!firefox&price: positive
but&most&firefox: negative
DecisionTree learned:
!but&!not&!for&!eee: positive
!but&!not&!for&eee: conflict
!but&!not&for&!so: positive
!but&!not&for&so: conflict
!but&not&!through&!apple: negative
!but&not&!through&apple: positive
!but&not&through&!performance: neutral
!but&not&through&performance: positive
but&!mac&!this&!size: conflict
but&!mac&!this&size: neutral
but&!mac&this&!has: neutral
but&!mac&this&has: negative
but&mac&!have&!very: neutral
but&mac&!have&very: positive
but&mac&have: negative
DecisionTree learned:
!but&!eee&!for&!much: negative
!but&!eee&!for&much: positive
!but&!eee&for&!so: neutral
!but&!eee&for&so: conflict
!but&eee: conflict
but&!did&!there&!mac: positive
but&!did&!there&mac: neutral
but&!did&there&!to: negative
but&!did&there&to: neutral
but&did&!in&!software: conflict
but&did&!in&software: neutral
but&did&in&!me: neutral
but&did&in&me: negative
DecisionTree learned:
!but&!requires&!long&!cell: negative
!but&!requires&!long&cell: conflict
!but&!requires&long&!though: positive
!but&!requires&long&though: conflict
!but&requires: conflict
but&!this&!outside&!mac: positive
but&!this&!outside&mac: neutral
but&!this&outside&!windows: neutral
but&!this&outside&windows: negative
but&this&!with&!has: positive
but&this&!with&has: negative
but&this&with&!for: negative
but&this&with&for: neutral
DecisionTree learned:
!but&!much&!complain&!and: negative
!but&!much&!complain&and: positive
!but&!much&complain&!and: positive
!but&!much&complain&and: conflict
!but&much&!of&!laptops: positive
!but&much&!of&laptops: conflict
!but&much&of&!not: negative
!but&much&of&not: neutral
but&!new&!in&!for: negative
but&!new&!in&for: neutral
but&!new&in&!just: neutral
but&!new&in&just: positive
but&new&!st&!some: neutral
but&new&!st&some: positive
but&new&st: negative
DecisionTree learned:
!but&!uses&!requires&!much: negative
!but&!uses&!requires&much: positive
!but&!uses&requires: conflict
!but&uses&!this: neutral
!but&uses&this: conflict
but&!mac&!this&!better: positive
but&!mac&!this&better: conflict
but&!mac&this&!m: positive
but&!mac&this&m: negative
but&mac&!it&!office: positive
but&mac&!it&office: neutral
but&mac&it: neutral
DecisionTree learned:
!but&!requires&!for&!pc: negative
!but&!requires&!for&pc: positive
!but&!requires&for&!so: neutral
!but&!requires&for&so: negative
!but&requires: conflict
but&!yes&!this&!so: negative
but&!yes&!this&so: neutral
but&!yes&this&!know: negative
but&!yes&this&know: conflict
but&yes&!and: conflict
but&yes&and&!quality: positive
but&yes&and&quality: positive
DecisionTree learned:
!but&!generally&!uses&!cell: negative
!but&!generally&!uses&cell: conflict
!but&!generally&uses&!this: neutral
!but&!generally&uses&this: conflict
!but&generally&!keyboard: conflict
!but&generally&keyboard: neutral
but&!gb&!mac&!there: negative
but&!gb&!mac&there: negative
but&!gb&mac&!had: neutral
but&!gb&mac&had: positive
but&gb&!internal: neutral
but&gb&internal&!space: positive
but&gb&internal&space: neutral
DecisionTree learned:
!but&!amazing&!requires&!much: negative
!but&!amazing&!requires&much: positive
!but&!amazing&requires: conflict
!but&amazing: positive
but&!new&!in&!another: negative
but&!new&!in&another: neutral
but&!new&in&!was: neutral
but&!new&in&was: positive
but&new&!when&!browsers: neutral
but&new&!when&browsers: positive
but&new&when&!so: negative
but&new&when&so: conflict
DecisionTree learned:
!but&!cell&!complain&!generally: positive
!but&!cell&!complain&generally: conflict
!but&!cell&complain&!and: positive
!but&!cell&complain&and: conflict
!but&cell: conflict
but&!standard&!computer&!this: positive
but&!standard&!computer&this: neutral
but&!standard&computer&!keys: negative
but&!standard&computer&keys: conflict
but&standard: conflict
DecisionTree learned:
!but&!good&!much&!complain: negative
!but&!good&!much&complain: conflict
!but&!good&much&!i: positive
!but&!good&much&i: neutral
!but&good&!at&!included: positive
!but&good&!at&included: neutral
!but&good&at&!support: positive
!but&good&at&support: neutral
but&!this&!size&!mac: negative
but&!this&!size&mac: neutral
but&!this&size: neutral
but&this&!know&!m: positive
but&this&!know&m: negative
but&this&know: conflict
DecisionTree learned:
!but&!much&!generally&!cell: negative
!but&!much&!generally&cell: conflict
!but&!much&generally&!keyboard: conflict
!but&!much&generally&keyboard: neutral
!but&much&!i&!out: positive
!but&much&!i&out: conflict
!but&much&i&!up: neutral
!but&much&i&up: conflict
but&!think&!the&!another: conflict
but&!think&!the&another: neutral
but&!think&the&!different: negative
but&!think&the&different: conflict
but&think&!on: negative
but&think&on: neutral
DecisionTree learned:
!but&!much&!cell&!eee: negative
!but&!much&!cell&eee: conflict
!but&!much&cell: conflict
!but&much&!i&!out: positive
!but&much&!i&out: conflict
!but&much&i&!it: neutral
!but&much&i&it: conflict
but&!difference&!repair&!new: positive
but&!difference&!repair&new: positive
but&!difference&repair&!they: negative
but&!difference&repair&they: neutral
but&difference&!navigation: neutral
but&difference&navigation: positive
DecisionTree learned:
!but&!eee&!generally&!long: positive
!but&!eee&!generally&long: positive
!but&!eee&generally&!keyboard: conflict
!but&!eee&generally&keyboard: neutral
!but&eee: conflict
but&!this&!so&!hard: negative
but&!this&!so&hard: neutral
but&!this&so&!old: neutral
but&!this&so&old: positive
but&this&!know&!has: neutral
but&this&!know&has: negative
but&this&know: conflict
DecisionTree learned:
!but&!generally&!very&!much: negative
!but&!generally&!very&much: positive
!but&!generally&very&!some: positive
!but&!generally&very&some: conflict
!but&generally&!keyboard: conflict
!but&generally&keyboard: neutral
but&!mac&!this&!better: negative
but&!mac&!this&better: conflict
but&!mac&this&!know: negative
but&!mac&this&know: conflict
but&mac&!office&!used: positive
but&mac&!office&used: neutral
but&mac&office: neutral
DecisionTree learned:
!but&!cell&!complain&!not: positive
!but&!cell&!complain&not: negative
!but&!cell&complain&!and: positive
!but&!cell&complain&and: conflict
!but&cell: conflict
but&!yes&!huge&!the: conflict
but&!yes&!huge&the: negative
but&!yes&huge&!price: conflict
but&!yes&huge&price: positive
but&yes&!cost&!it: positive
but&yes&!cost&it: conflict
but&yes&cost: positive
DecisionTree learned:
!but&!much&!generally&!requires: negative
!but&!much&!generally&requires: conflict
!but&!much&generally&!keyboard: conflict
!but&!much&generally&keyboard: neutral
!but&much&!of&!that: positive
!but&much&!of&that: conflict
!but&much&of&!not: negative
!but&much&of&not: neutral
but&!this&!mac&!better: negative
but&!this&!mac&better: conflict
but&!this&mac&!it: positive
but&!this&mac&it: neutral
but&this&!know&!has: positive
but&this&!know&has: negative
but&this&know: conflict
DecisionTree learned:
!but&!pc&!uses&!complain: negative
!but&!pc&!uses&complain: conflict
!but&!pc&uses&!this: neutral
!but&!pc&uses&this: conflict
!but&pc&!and&!users: conflict
!but&pc&!and&users: neutral
!but&pc&and&!to: neutral
!but&pc&and&to: positive
but&!mac&!i&!to: conflict
but&!mac&!i&to: neutral
but&!mac&i&!which: positive
but&!mac&i&which: conflict
but&mac&!the&!and: negative
but&mac&!the&and: positive
but&mac&the&!performance: neutral
but&mac&the&performance: positive
DecisionTree learned:
!but&!eee&!great&!long: negative
!but&!eee&!great&long: positive
!but&!eee&great&!had: positive
!but&!eee&great&had: negative
!but&eee: conflict
but&!yes&!drivers&!this: negative
but&!yes&!drivers&this: neutral
but&!yes&drivers&!card: negative
but&!yes&drivers&card: positive
but&yes&!cost&!it: positive
but&yes&!cost&it: conflict
but&yes&cost: positive
DecisionTree learned:
!but&!pc&!for&!were: negative
!but&!pc&!for&were: negative
!but&!pc&for&!so: neutral
!but&!pc&for&so: negative
!but&pc&!users&!a: conflict
!but&pc&!users&a: positive
!but&pc&users: neutral
but&!this&!there&!mac: conflict
but&!this&!there&mac: neutral
but&!this&there&!much: negative
but&!this&there&much: positive
but&this&!have&!to: positive
but&this&!have&to: neutral
but&this&have&!it: positive
but&this&have&it: negative
DecisionTree learned:
!but&!back&!and&!though: negative
!but&!back&!and&though: conflict
!but&!back&and&!complain: positive
!but&!back&and&complain: conflict
!but&back&!and&!toshiba: negative
!but&back&!and&toshiba: positive
!but&back&and&!a: neutral
!but&back&and&a: negative
but&!this&!difference&!hard: conflict
but&!this&!difference&hard: neutral
but&!this&difference&!navigation: neutral
but&!this&difference&navigation: positive
but&this&!experience&!m: positive
but&this&!experience&m: neutral
but&this&experience&!is: negative
but&this&experience&is: conflict
DecisionTree learned:
!but&!eee&!much&!good: negative
!but&!eee&!much&good: positive
!but&!eee&much&!i: positive
!but&!eee&much&i: neutral
!but&eee: conflict
but&!repair&!machine&!s: positive
but&!repair&!machine&s: conflict
but&!repair&machine&!this: positive
but&!repair&machine&this: negative
but&repair&!they: negative
but&repair&they&!card: neutral
but&repair&they&card: negative
DecisionTree learned:
!but&!complain&!cell&!requires: negative
!but&!complain&!cell&requires: conflict
!but&!complain&cell: conflict
!but&complain&!and: positive
!but&complain&and: conflict
but&!my&!price&!better: negative
but&!my&!price&better: conflict
but&!my&price&!i: positive
but&!my&price&i: neutral
but&my&!it&!i: conflict
but&my&!it&i: positive
but&my&it&!computer: neutral
but&my&it&computer: negative
DecisionTree learned:
!but&!planned&!requires&!though: positive
!but&!planned&!requires&though: conflict
!but&!planned&requires: conflict
!but&planned: conflict
but&!outside&!this&!hard: positive
but&!outside&!this&hard: neutral
but&!outside&this&!know: neutral
but&!outside&this&know: conflict
but&outside&!windows: neutral
but&outside&windows&!software: negative
but&outside&windows&software: positive
DecisionTree learned:
!but&!much&!long&!eee: negative
!but&!much&!long&eee: conflict
!but&!much&long&!though: positive
!but&!much&long&though: conflict
!but&much&!of&!laptops: positive
!but&much&!of&laptops: conflict
!but&much&of&!not: negative
!but&much&of&not: neutral
but&!warranty&!save&!outside: positive
but&!warranty&!save&outside: neutral
but&!warranty&save&!programs: neutral
but&!warranty&save&programs: neutral
but&warranty&!is: neutral
but&warranty&is: negative
DecisionTree learned:
!but&!for&!pc&!requires: negative
!but&!for&!pc&requires: conflict
!but&!for&pc&!and: conflict
!but&!for&pc&and: positive
!but&for&!so&!desktop: neutral
!but&for&!so&desktop: conflict
!but&for&so&!laptop: positive
!but&for&so&laptop: conflict
but&!this&!than&!has: negative
but&!this&!than&has: positive
but&!this&than&!cost: conflict
but&!this&than&cost: positive
but&this&!know&!with: positive
but&this&!know&with: negative
but&this&know: conflict
DecisionTree learned:
!but&!cell&!complain&!and: negative
!but&!cell&!complain&and: positive
!but&!cell&complain&!and: positive
!but&!cell&complain&and: conflict
!but&cell: conflict
but&!there&!i&!mac: conflict
but&!there&!i&mac: positive
but&!there&i&!which: positive
but&!there&i&which: conflict
but&there&!to&!much: negative
but&there&!to&much: positive
but&there&to&!drivers: neutral
but&there&to&drivers: negative
DecisionTree learned:
!but&!generally&!after&!cell: positive
!but&!generally&!after&cell: conflict
!but&!generally&after&!with: neutral
!but&!generally&after&with: negative
!but&generally&!keyboard: conflict
!but&generally&keyboard: neutral
but&!mac&!gb&!i: conflict
but&!mac&!gb&i: positive
but&!mac&gb&!internal: neutral
but&!mac&gb&internal: neutral
but&mac&!performance&!with: positive
but&mac&!performance&with: neutral
but&mac&performance: positive
DecisionTree learned:
!but&!complain&!and&!next: negative
!but&!complain&!and&next: neutral
!but&!complain&and&!juice: positive
!but&!complain&and&juice: conflict
!but&complain: conflict
but&!standard&!the&!more: conflict
but&!standard&!the&more: positive
but&!standard&the&!hard: positive
but&!standard&the&hard: neutral
but&standard: conflict
DecisionTree learned:
!but&!complain&!and&!though: negative
!but&!complain&!and&though: conflict
!but&!complain&and&!juice: positive
!but&!complain&and&juice: conflict
!but&complain&!and: positive
!but&complain&and: conflict
but&!this&!outside&!so: positive
but&!this&!outside&so: neutral
but&!this&outside&!windows: neutral
but&!this&outside&windows: positive
but&this&!experience&!warranty: positive
but&this&!experience&warranty: neutral
but&this&experience&!is: negative
but&this&experience&is: conflict
DecisionTree learned:
!but&!generally&!much&!is: neutral
!but&!generally&!much&is: positive
!but&!generally&much&!of: positive
!but&!generally&much&of: neutral
!but&generally&!keyboard: conflict
!but&generally&keyboard: neutral
but&!mac&!this&!outside: conflict
but&!mac&!this&outside: neutral
but&!mac&this&!know: neutral
but&!mac&this&know: conflict
but&mac&!had&!performance: neutral
but&mac&!had&performance: positive
but&mac&had&!on: negative
but&mac&had&on: positive
DecisionTree learned:
!but&!though&!complain&!is: neutral
!but&!though&!complain&is: positive
!but&!though&complain&!and: positive
!but&!though&complain&and: conflict
!but&though&!would&!it: neutral
!but&though&!would&it: conflict
!but&though&would&!snow: negative
!but&though&would&snow: negative
but&!this&!so&!hard: positive
but&!this&!so&hard: neutral
but&!this&so&!it: neutral
but&!this&so&it: conflict
but&this&!have&!m: neutral
but&this&!have&m: negative
but&this&have&!with: positive
but&this&have&with: negative
DecisionTree learned:
!but&!much&!eee&!for: negative
!but&!much&!eee&for: neutral
!but&!much&eee: conflict
!but&much&!of&!laptops: positive
!but&much&!of&laptops: conflict
!but&much&of&!than: neutral
!but&much&of&than: positive
but&!did&!be&!if: positive
but&!did&!be&if: neutral
but&!did&be&!chat: negative
but&!did&be&chat: conflict
but&did&!in&!price: conflict
but&did&!in&price: neutral
but&did&in&!me: neutral
but&did&in&me: negative
DecisionTree learned:
!but&!cell&!much&!requires: negative
!but&!cell&!much&requires: conflict
!but&!cell&much&!i: positive
!but&!cell&much&i: neutral
!but&cell: conflict
but&!this&!there&!in: conflict
but&!this&!there&in: positive
but&!this&there&!much: negative
but&!this&there&much: positive
but&this&!know&!isolator: neutral
but&this&!know&isolator: negative
but&this&know: conflict
DecisionTree learned:
!but&!much&!generally&!cell: negative
!but&!much&!generally&cell: conflict
!but&!much&generally&!keyboard: conflict
!but&!much&generally&keyboard: neutral
!but&much&!of&!laptops: positive
!but&much&!of&laptops: conflict
!but&much&of&!not: negative
!but&much&of&not: neutral
but&!this&!so&!difference: negative
but&!this&!so&difference: neutral
but&!this&so&!laptop: conflict
but&!this&so&laptop: neutral
but&this&!know&!m: positive
but&this&!know&m: negative
but&this&know: conflict
DecisionTree learned:
!but&!much&!cell&!uses: negative
!but&!much&!cell&uses: neutral
!but&!much&cell: conflict
!but&much&!i&!warranty: positive
!but&much&!i&warranty: conflict
!but&much&i&!up: neutral
!but&much&i&up: conflict
but&!outside&!this&!difference: conflict
but&!outside&!this&difference: neutral
but&!outside&this&!know: negative
but&!outside&this&know: conflict
but&outside&!windows: neutral
but&outside&windows&!software: negative
but&outside&windows&software: positive
DecisionTree learned:
!but&!generally&!long&!uses: negative
!but&!generally&!long&uses: neutral
!but&!generally&long&!though: positive
!but&!generally&long&though: conflict
!but&generally&!keyboard: conflict
!but&generally&keyboard: neutral
but&!size&!i&!difference: conflict
but&!size&!i&difference: neutral
but&!size&i&!which: positive
but&!size&i&which: conflict
but&size: neutral
DecisionTree learned:
!but&!for&!eee&!requires: negative
!but&!for&!eee&requires: conflict
!but&!for&eee: conflict
!but&for&!so&!planned: neutral
!but&for&!so&planned: conflict
!but&for&so&!laptop: negative
!but&for&so&laptop: conflict
but&!inch&!does&!to: positive
but&!inch&!does&to: neutral
but&!inch&does&!software: negative
but&!inch&does&software: negative
but&inch: conflict
DecisionTree learned:
!but&!complain&!much&!and: negative
!but&!complain&!much&and: positive
!but&!complain&much&!i: positive
!but&!complain&much&i: neutral
!but&complain&!and: positive
!but&complain&and: conflict
but&!this&!so&!outside: negative
but&!this&!so&outside: neutral
but&!this&so&!it: neutral
but&!this&so&it: conflict
but&this&!know&!warranty: negative
but&this&!know&warranty: neutral
but&this&know: conflict
DecisionTree learned:
!but&!requires&!for&!laptops: negative
!but&!requires&!for&laptops: conflict
!but&!requires&for&!so: neutral
!but&!requires&for&so: conflict
!but&requires: conflict
but&!this&!size&!mac: positive
but&!this&!size&mac: neutral
but&!this&size: neutral
but&this&!has&!with: positive
but&this&!has&with: negative
but&this&has&!warranty: negative
but&this&has&warranty: neutral
DecisionTree learned:
!but&!generally&!much&!requires: negative
!but&!generally&!much&requires: conflict
!but&!generally&much&!laptops: positive
!but&!generally&much&laptops: conflict
!but&generally&!keyboard: conflict
!but&generally&keyboard: neutral
but&!this&!so&!hard: negative
but&!this&!so&hard: neutral
but&!this&so&!the: neutral
but&!this&so&the: conflict
but&this&!m&!on: positive
but&this&!m&on: neutral
but&this&m&!isolator: neutral
but&this&m&isolator: negative
DecisionTree learned:
!but&!generally&!though&!get: positive
!but&!generally&!though&get: negative
!but&!generally&though&!of: conflict
!but&!generally&though&of: neutral
!but&generally&!keyboard: conflict
!but&generally&keyboard: neutral
but&!condition&!this&!hard: negative
but&!condition&!this&hard: neutral
but&!condition&this&!x: positive
but&!condition&this&x: neutral
but&condition&!windows&!new: neutral
but&condition&!windows&new: negative
but&condition&windows&!software: negative
but&condition&windows&software: positive
DecisionTree learned:
!but&!much&!planned&!complain: negative
!but&!much&!planned&complain: conflict
!but&!much&planned: conflict
!but&much&!of&!that: positive
!but&much&!of&that: conflict
!but&much&of&!not: negative
!but&much&of&not: neutral
but&!mac&!this&!so: negative
but&!mac&!this&so: conflict
but&!mac&this&!know: negative
but&!mac&this&know: conflict
but&mac&!have&!performance: neutral
but&mac&!have&performance: positive
but&mac&have: negative
DecisionTree learned:
!but&!much&!complain&!and: negative
!but&!much&!complain&and: positive
!but&!much&complain: conflict
!but&much&!i&!out: positive
!but&much&!i&out: conflict
!but&much&i&!up: neutral
!but&much&i&up: conflict
but&!this&!were&!size: negative
but&!this&!were&size: neutral
but&!this&were&!vista: neutral
but&!this&were&vista: conflict
but&this&!warranty&!they: positive
but&this&!warranty&they: negative
but&this&warranty&!is: neutral
but&this&warranty&is: negative
DecisionTree learned:
!but&!planned&!pc&!requires: positive
!but&!planned&!pc&requires: conflict
!but&!planned&pc&!users: positive
!but&!planned&pc&users: neutral
!but&planned: conflict
but&!this&!guy&!hard: positive
but&!this&!guy&hard: neutral
but&!this&guy: neutral
but&this&!have&!since: neutral
but&this&!have&since: negative
but&this&have&!with: positive
but&this&have&with: negative
DecisionTree learned:
!but&!eee&!requires&!for: negative
!but&!eee&!requires&for: neutral
!but&!eee&requires: conflict
!but&eee: conflict
but&!this&!so&!difference: negative
but&!this&!so&difference: neutral
but&!this&so&!laptop: conflict
but&!this&so&laptop: neutral
but&this&!have&!the: neutral
but&this&!have&the: negative
but&this&have&!with: positive
but&this&have&with: negative
DecisionTree learned:
!but&!great&!generally&!much: negative
!but&!great&!generally&much: positive
!but&!great&generally&!keyboard: conflict
!but&!great&generally&keyboard: neutral
!but&great&!putting&!works: positive
!but&great&!putting&works: neutral
!but&great&putting: neutral
but&!mac&!this&!looking: negative
but&!mac&!this&looking: positive
but&!mac&this&!know: neutral
but&!mac&this&know: conflict
but&mac&!it&!look: positive
but&mac&!it&look: neutral
but&mac&it&!the: positive
but&mac&it&the: neutral
DecisionTree learned:
!but&!much&!is&!love: neutral
!but&!much&!is&love: positive
!but&!much&is&!not: positive
!but&!much&is&not: negative
!but&much&!laptops&!warranty: positive
!but&much&!laptops&warranty: conflict
!but&much&laptops&!and: conflict
!but&much&laptops&and: neutral
but&!couple&!mac&!if: positive
but&!couple&!mac&if: neutral
but&!couple&mac&!have: positive
but&!couple&mac&have: negative
but&couple&!life&!is: conflict
but&couple&!life&is: negative
but&couple&life: negative
DecisionTree learned:
!but&!after&!cell&!pc: positive
!but&!after&!cell&pc: positive
!but&!after&cell: conflict
!but&after&!with&!doing: neutral
!but&after&!with&doing: positive
!but&after&with&!i: negative
!but&after&with&i: positive
but&!the&!it&!i: conflict
but&!the&!it&i: neutral
but&!the&it&!new: conflict
but&!the&it&new: neutral
but&the&!on&!most: positive
but&the&!on&most: conflict
but&the&on&!i: conflict
but&the&on&i: neutral
DecisionTree learned:
!but&!eee&!uses&!much: neutral
!but&!eee&!uses&much: positive
!but&!eee&uses&!this: neutral
!but&!eee&uses&this: conflict
!but&eee: conflict
but&!this&!condition&!difference: conflict
but&!this&!condition&difference: neutral
but&!this&condition&!windows: neutral
but&!this&condition&windows: negative
but&this&!know&!you: positive
but&this&!know&you: neutral
but&this&know: conflict
Trial 0 Training cc.mallet.classify.AdaBoostM2Trainer@781f6226 finished
Trial 0 Trainer cc.mallet.classify.AdaBoostM2Trainer@781f6226 test data accuracy = 0.513184584178499

NaiveBayesTrainer
Summary. test accuracy mean = 0.6085192697768763 stddev = 0.0 stderr = 0.0

MaxEntTrainer,gaussianPriorVariance=1.0
Summary. test accuracy mean = 0.5862068965517241 stddev = 0.0 stderr = 0.0

cc.mallet.classify.DecisionTreeTrainer@69945ce
Summary. test accuracy mean = 0.513184584178499 stddev = 0.0 stderr = 0.0

cc.mallet.classify.AdaBoostM2Trainer@781f6226
Summary. test accuracy mean = 0.513184584178499 stddev = 0.0 stderr = 0.0
