
-------------------- Trial 0  --------------------

Trial 0 Training NaiveBayesTrainer with 1865 instances
Trial 0 Training NaiveBayesTrainer finished
Trial 0 Trainer NaiveBayesTrainer test data accuracy = 0.5273833671399595
Trial 0 Training MaxEntTrainer,gaussianPriorVariance=1.0 with 1865 instances
Trial 0 Training MaxEntTrainer,gaussianPriorVariance=1.0 finished
Trial 0 Trainer MaxEntTrainer,gaussianPriorVariance=1.0 test data accuracy = 0.5821501014198783
Trial 0 Training cc.mallet.classify.DecisionTreeTrainer@38b5dac4 with 1865 instances
DecisionTree learned:
!pos&!neg&!not&!but: positive
!pos&!neg&!not&but: negative
!pos&!neg&not&!after: negative
!pos&!neg&not&after: neutral
!pos&neg&!etc&!price: negative
!pos&neg&!etc&price: positive
!pos&neg&etc: neutral
pos&!but&!to&!fast: positive
pos&!but&!to&fast: positive
pos&!but&to&!i: positive
pos&!but&to&i: negative
pos&but&!new&!got: positive
pos&but&!new&got: negative
pos&but&new&!browsers: neutral
pos&but&new&browsers: positive
Trial 0 Training cc.mallet.classify.DecisionTreeTrainer@38b5dac4 finished
Trial 0 Trainer cc.mallet.classify.DecisionTreeTrainer@38b5dac4 test data accuracy = 0.49290060851926976
Trial 0 Training cc.mallet.classify.AdaBoostM2Trainer@73901437 with 1865 instances
DecisionTree learned:
!pos&!neg&!not&!but: positive
!pos&!neg&!not&but: negative
!pos&!neg&not&!after: negative
!pos&!neg&not&after: neutral
!pos&neg&!etc&!two: negative
!pos&neg&!etc&two: neutral
!pos&neg&etc: neutral
pos&!but&!neg&!when: positive
pos&!but&!neg&when: neutral
pos&!but&neg&!fast: negative
pos&!but&neg&fast: positive
pos&but&!be&!new: positive
pos&but&!be&new: neutral
pos&but&be&!to: negative
pos&but&be&to: negative
DecisionTree learned:
!but&!pos&!neg&!not: positive
!but&!pos&!neg&not: negative
!but&!pos&neg&!etc: negative
!but&!pos&neg&etc: neutral
!but&pos&!fast&!i: positive
!but&pos&!fast&i: positive
!but&pos&fast&!look: positive
!but&pos&fast&look: positive
but&!mac&!os&!got: negative
but&!mac&!os&got: negative
but&!mac&os: neutral
but&mac&!another&!office: positive
but&mac&!another&office: neutral
but&mac&another: negative
DecisionTree learned:
!but&!pos&!neg&!not: positive
!but&!pos&!neg&not: negative
!but&!pos&neg&!or: negative
!but&!pos&neg&or: neutral
!but&pos&!then&!to: positive
!but&pos&!then&to: positive
!but&pos&then&!service: negative
!but&pos&then&service: neutral
but&!mac&!this&!so: negative
but&!mac&!this&so: conflict
but&!mac&this&!neg: positive
but&!mac&this&neg: negative
but&mac&!office&!another: positive
but&mac&!office&another: negative
but&mac&office: neutral
DecisionTree learned:
!but&!neg&!and&!not: positive
!but&!neg&!and&not: negative
!but&!neg&and&!i: positive
!but&!neg&and&i: positive
!but&neg&!movie&!pos: negative
!but&neg&!movie&pos: negative
!but&neg&movie: neutral
but&!got&!mac&!os: negative
but&!got&!mac&os: neutral
but&!got&mac&!office: positive
but&!got&mac&office: neutral
but&got&!so: negative
but&got&so: positive
DecisionTree learned:
!but&!pos&!neg&!run: negative
!but&!pos&!neg&run: neutral
!but&!pos&neg&!etc: negative
!but&!pos&neg&etc: neutral
!but&pos&!to&!fast: positive
!but&pos&!to&fast: positive
!but&pos&to&!i: positive
!but&pos&to&i: negative
but&!yes&!mac&!this: negative
but&!yes&!mac&this: negative
but&!yes&mac&!office: positive
but&!yes&mac&office: neutral
but&yes&!and: conflict
but&yes&and&!longevity: positive
but&yes&and&longevity: positive
DecisionTree learned:
!but&!fast&!neg&!not: positive
!but&!fast&!neg&not: negative
!but&!fast&neg&!free: negative
!but&!fast&neg&free: positive
!but&fast&!one&!look: positive
!but&fast&!one&look: positive
!but&fast&one: neutral
but&!mac&!did&!the: conflict
but&!mac&!did&the: negative
but&!mac&did&!on: negative
but&!mac&did&on: neutral
but&mac&!its&!and: neutral
but&mac&!its&and: positive
but&mac&its&!office: neutral
but&mac&its&office: neutral
DecisionTree learned:
!but&!fast&!neg&!not: positive
!but&!fast&!neg&not: negative
!but&!fast&neg&!music: negative
!but&!fast&neg&music: neutral
!but&fast&!with: positive
!but&fast&with&!neg: neutral
!but&fast&with&neg: positive
but&!this&!so&!mac: negative
but&!this&!so&mac: positive
but&!this&so&!laptop: conflict
but&!this&so&laptop: neutral
but&this&!neg&!x: positive
but&this&!neg&x: neutral
but&this&neg&!was: negative
but&this&neg&was: positive
DecisionTree learned:
!but&!pos&!much&!uses: negative
!but&!pos&!much&uses: neutral
!but&!pos&much&!neg: positive
!but&!pos&much&neg: conflict
!but&pos&!then&!for: positive
!but&pos&!then&for: positive
!but&pos&then&!upgrade: negative
!but&pos&then&upgrade: positive
but&!mac&!this&!so: negative
but&!mac&!this&so: neutral
but&!mac&this&!know: negative
but&!mac&this&know: conflict
but&mac&!it&!office: positive
but&mac&!it&office: neutral
but&mac&it&!the: positive
but&mac&it&the: neutral
DecisionTree learned:
!but&!pos&!neg&!and: negative
!but&!pos&!neg&and: positive
!but&!pos&neg&!much: negative
!but&!pos&neg&much: conflict
!but&pos&!i&!you: positive
!but&pos&!i&you: neutral
!but&pos&i&!to: positive
!but&pos&i&to: negative
but&!computer&!this&!there: positive
but&!computer&!this&there: negative
but&!computer&this&!neg: positive
but&!computer&this&neg: negative
but&computer&!after&!that: negative
but&computer&!after&that: negative
but&computer&after&!processer: positive
but&computer&after&processer: conflict
DecisionTree learned:
!but&!and&!for&!or: negative
!but&!and&!for&or: negative
!but&!and&for&!to: positive
!but&!and&for&to: neutral
!but&and&!back&!i: positive
!but&and&!back&i: positive
!but&and&back&!a: neutral
!but&and&back&a: negative
but&!yes&!there&!in: negative
but&!yes&!there&in: neutral
but&!yes&there&!this: negative
but&!yes&there&this: neutral
but&yes&!and: conflict
but&yes&and&!quality: positive
but&yes&and&quality: positive
DecisionTree learned:
!but&!fast&!neg&!not: positive
!but&!fast&!neg&not: negative
!but&!fast&neg&!pc: negative
!but&!fast&neg&pc: positive
!but&fast&!with: positive
!but&fast&with&!neg: neutral
!but&fast&with&neg: positive
but&!got&!yes&!this: negative
but&!got&!yes&this: neutral
but&!got&yes&!and: conflict
but&!got&yes&and: positive
but&got&!so: negative
but&got&so: positive
DecisionTree learned:
!but&!for&!very&!get: negative
!but&!for&!very&get: negative
!but&!for&very&!do: positive
!but&!for&very&do: negative
!but&for&!office&!in: positive
!but&for&!office&in: negative
!but&for&office&!the: neutral
!but&for&office&the: neutral
but&!mac&!another&!think: negative
but&!mac&!another&think: neutral
but&!mac&another&!the: neutral
but&!mac&another&the: positive
but&mac&!more&!performance: neutral
but&mac&!more&performance: positive
but&mac&more: positive
DecisionTree learned:
!but&!neg&!and&!not: positive
!but&!neg&!and&not: negative
!but&!neg&and&!i: positive
!but&!neg&and&i: neutral
!but&neg&!or&!after: negative
!but&neg&!or&after: negative
!but&neg&or&!music: neutral
!but&neg&or&music: neutral
but&!think&!gb&!editing: negative
but&!think&!gb&editing: neutral
but&!think&gb&!internal: neutral
but&!think&gb&internal: neutral
but&think&!on: negative
but&think&on: neutral
DecisionTree learned:
!but&!neg&!would&!way: positive
!but&!neg&!would&way: negative
!but&!neg&would&!i: negative
!but&!neg&would&i: negative
!but&neg&!much&!what: negative
!but&neg&!much&what: neutral
!but&neg&much&!a: conflict
!but&neg&much&a: neutral
but&!another&!mac&!got: negative
but&!another&!mac&got: negative
but&!another&mac&!it: positive
but&!another&mac&it: neutral
but&another&!the&!mac: neutral
but&another&!the&mac: negative
but&another&the&!just: positive
but&another&the&just: negative
DecisionTree learned:
!but&!pos&!much&!macbook: negative
!but&!pos&!much&macbook: positive
!but&!pos&much&!it: positive
!but&!pos&much&it: conflict
!but&pos&!generally&!then: positive
!but&pos&!generally&then: negative
!but&pos&generally&!keyboard: conflict
!but&pos&generally&keyboard: neutral
but&!gb&!more&!be: negative
but&!gb&!more&be: negative
but&!gb&more&!keyboard: positive
but&!gb&more&keyboard: negative
but&gb&!hard: neutral
but&gb&hard&!space: positive
but&gb&hard&space: neutral
DecisionTree learned:
!but&!pos&!much&!macbook: negative
!but&!pos&!much&macbook: positive
!but&!pos&much&!neg: positive
!but&!pos&much&neg: conflict
!but&pos&!to&!long: positive
!but&pos&!to&long: positive
!but&pos&to&!compact: negative
!but&pos&to&compact: conflict
but&!new&!more&!the: conflict
but&!new&!more&the: negative
but&!new&more&!always: positive
but&!new&more&always: negative
but&new&!vista&!browsers: neutral
but&new&!vista&browsers: positive
but&new&vista: conflict
DecisionTree learned:
!but&!after&!for&!n: positive
!but&!after&!for&n: negative
!but&!after&for&!so: positive
!but&!after&for&so: negative
!but&after&!with&!worked: neutral
!but&after&!with&worked: negative
!but&after&with&!i: negative
!but&after&with&i: positive
but&!mac&!size&!i: negative
but&!mac&!size&i: positive
but&!mac&size: neutral
but&mac&!more&!performance: neutral
but&mac&!more&performance: positive
but&mac&more: positive
DecisionTree learned:
!but&!pos&!worth&!uses: negative
!but&!pos&!worth&uses: neutral
!but&!pos&worth&!i: negative
!but&!pos&worth&i: conflict
!but&pos&!very&!for: positive
!but&pos&!very&for: positive
!but&pos&very&!are: positive
!but&pos&very&are: negative
but&!new&!size&!this: negative
but&!new&!size&this: negative
but&!new&size: neutral
but&new&!vista&!browsers: neutral
but&new&!vista&browsers: positive
but&new&vista: conflict
DecisionTree learned:
!but&!after&!for&!n: positive
!but&!after&!for&n: negative
!but&!after&for&!office: positive
!but&!after&for&office: neutral
!but&after&!with&!will: negative
!but&after&!with&will: neutral
!but&after&with&!i: negative
!but&after&with&i: positive
but&!this&!so&!s: negative
but&!this&!so&s: neutral
but&!this&so&!old: neutral
but&!this&so&old: positive
but&this&!neg&!x: positive
but&this&!neg&x: neutral
but&this&neg&!browsers: negative
but&this&neg&browsers: positive
DecisionTree learned:
!but&!pos&!bars&!neg: neutral
!but&!pos&!bars&neg: negative
!but&!pos&bars: conflict
!but&pos&!looked&!months: positive
!but&pos&!looked&months: negative
!but&pos&looked: neutral
but&!so&!got&!this: positive
but&!so&!got&this: neutral
but&!so&got: negative
but&so&!laptop&!pos: conflict
but&so&!laptop&pos: positive
but&so&laptop&!a: negative
but&so&laptop&a: neutral
DecisionTree learned:
!but&!neg&!would&!and: positive
!but&!neg&!would&and: positive
!but&!neg&would&!i: negative
!but&!neg&would&i: negative
!but&neg&!for&!laptops: negative
!but&neg&!for&laptops: conflict
!but&neg&for&!use: negative
!but&neg&for&use: positive
but&!mac&!i&!to: conflict
but&!mac&!i&to: neutral
but&!mac&i&!which: positive
but&!mac&i&which: conflict
but&mac&!bit&!you: positive
but&mac&!bit&you: positive
but&mac&bit: neutral
DecisionTree learned:
!but&!fast&!for&!they: negative
!but&!fast&!for&they: neutral
!but&!fast&for&!so: neutral
!but&!fast&for&so: negative
!but&fast&!with: positive
!but&fast&with&!neg: positive
!but&fast&with&neg: positive
but&!got&!on&!with: positive
but&!got&!on&with: neutral
but&!got&on&!i: negative
but&!got&on&i: neutral
but&got&!so: negative
but&got&so: positive
DecisionTree learned:
!but&!neg&!requires&!my: positive
!but&!neg&!requires&my: neutral
!but&!neg&requires: conflict
!but&neg&!other&!much: negative
!but&neg&!other&much: neutral
!but&neg&other&!than: conflict
!but&neg&other&than: positive
but&!there&!in&!new: negative
but&!there&!in&new: neutral
but&!there&in&!was: neutral
but&!there&in&was: positive
but&there&!to&!much: negative
but&there&!to&much: positive
but&there&to&!drivers: neutral
but&there&to&drivers: negative
DecisionTree learned:
!but&!neg&!very&!when: positive
!but&!neg&!very&when: neutral
!but&!neg&very&!are: positive
!but&!neg&very&are: negative
!but&neg&!other&!much: negative
!but&neg&!other&much: conflict
!but&neg&other&!than: conflict
!but&neg&other&than: positive
but&!there&!new&!in: negative
but&!there&!new&in: neutral
but&!there&new&!when: neutral
but&!there&new&when: neutral
but&there&!to&!much: negative
but&there&!to&much: positive
but&there&to&!drivers: neutral
but&there&to&drivers: negative
DecisionTree learned:
!but&!for&!get&!and: negative
!but&!for&!get&and: positive
!but&!for&get&!am: negative
!but&!for&get&am: conflict
!but&for&!so&!cell: neutral
!but&for&!so&cell: conflict
!but&for&so&!laptop: negative
!but&for&so&laptop: conflict
but&!gb&!the&!another: conflict
but&!gb&!the&another: neutral
but&!gb&the&!on: positive
but&!gb&the&on: neutral
but&gb&!internal: neutral
but&gb&internal&!space: positive
but&gb&internal&space: neutral
DecisionTree learned:
!but&!pos&!worth&!cell: negative
!but&!pos&!worth&cell: conflict
!but&!pos&worth&!computer: conflict
!but&!pos&worth&computer: negative
!but&pos&!generally&!i: positive
!but&pos&!generally&i: neutral
!but&pos&generally&!keyboard: conflict
!but&pos&generally&keyboard: neutral
but&!track&!think&!size: positive
but&!track&!think&size: neutral
but&!track&think&!on: negative
but&!track&think&on: neutral
but&track: neutral
DecisionTree learned:
!but&!pos&!worth&!cell: negative
!but&!pos&!worth&cell: conflict
!but&!pos&worth&!i: negative
!but&!pos&worth&i: conflict
!but&pos&!generally&!i: positive
!but&pos&!generally&i: neutral
!but&pos&generally&!keyboard: conflict
!but&pos&generally&keyboard: neutral
but&!most&!fairly&!in: negative
but&!most&!fairly&in: neutral
but&!most&fairly: conflict
but&most&!pricetag&!price: conflict
but&most&!pricetag&price: positive
but&most&pricetag: positive
DecisionTree learned:
!but&!after&!for&!pc: negative
!but&!after&!for&pc: positive
!but&!after&for&!desktop: positive
!but&!after&for&desktop: conflict
!but&after&!with&!just: neutral
!but&after&!with&just: negative
!but&after&with&!i: negative
!but&after&with&i: positive
but&!in&!new&!need: negative
but&!in&!new&need: positive
but&!in&new&!pos: negative
but&!in&new&pos: neutral
but&in&!so&!more: neutral
but&in&!so&more: positive
but&in&so&!is: neutral
but&in&so&is: conflict
DecisionTree learned:
!but&!bars&!fast&!back: positive
!but&!bars&!fast&back: negative
!but&!bars&fast&!one: positive
!but&!bars&fast&one: neutral
!but&bars: conflict
but&!this&!mac&!so: negative
but&!this&!mac&so: conflict
but&!this&mac&!another: positive
but&!this&mac&another: negative
but&this&!know&!neg: positive
but&this&!know&neg: negative
but&this&know: conflict
DecisionTree learned:
!but&!requires&!for&!much: negative
!but&!requires&!for&much: positive
!but&!requires&for&!so: positive
!but&!requires&for&so: negative
!but&requires: conflict
but&!i&!that&!s: negative
but&!i&!that&s: neutral
but&!i&that&!screen: conflict
but&!i&that&screen: neutral
but&i&!on&!the: neutral
but&i&!on&the: positive
but&i&on&!and: neutral
but&i&on&and: positive
DecisionTree learned:
!but&!uses&!after&!i: positive
!but&!uses&!after&i: neutral
!but&!uses&after&!with: neutral
!but&!uses&after&with: negative
!but&uses&!of: neutral
!but&uses&of: conflict
but&!tim&!and&!on: conflict
but&!tim&!and&on: neutral
but&!tim&and&!than: positive
but&!tim&and&than: positive
but&tim: neutral
DecisionTree learned:
!but&!fast&!pos&!worth: negative
!but&!fast&!pos&worth: conflict
!but&!fast&pos&!compact: positive
!but&!fast&pos&compact: conflict
!but&fast&!with: positive
!but&fast&with&!neg: positive
!but&fast&with&neg: positive
but&!mac&!this&!so: negative
but&!mac&!this&so: conflict
but&!mac&this&!know: neutral
but&!mac&this&know: conflict
but&mac&!bit&!office: positive
but&mac&!bit&office: neutral
but&mac&bit: neutral
DecisionTree learned:
!but&!very&!for&!they: negative
!but&!very&!for&they: neutral
!but&!very&for&!so: neutral
!but&!very&for&so: negative
!but&very&!some&!would: positive
!but&very&!some&would: negative
!but&very&some: conflict
but&!overall&!this&!so: negative
but&!overall&!this&so: neutral
but&!overall&this&!know: neutral
but&!overall&this&know: conflict
but&overall&!media&!is: neutral
but&overall&!media&is: negative
but&overall&media&!software: negative
but&overall&media&software: positive
DecisionTree learned:
!but&!fast&!uses&!pc: negative
!but&!fast&!uses&pc: positive
!but&!fast&uses&!of: neutral
!but&!fast&uses&of: conflict
!but&fast&!with: positive
!but&fast&with&!neg: neutral
!but&fast&with&neg: positive
but&!this&!mac&!better: negative
but&!this&!mac&better: conflict
but&!this&mac&!another: neutral
but&!this&mac&another: negative
but&this&!neg&!on: positive
but&this&!neg&on: neutral
but&this&neg&!was: negative
but&this&neg&was: negative
DecisionTree learned:
!but&!long&!pos&!much: neutral
!but&!long&!pos&much: positive
!but&!long&pos&!compact: positive
!but&!long&pos&compact: conflict
!but&long&!that&!too: positive
!but&long&!that&too: negative
!but&long&that&!to: conflict
!but&long&that&to: negative
but&!this&!tim&!so: negative
but&!this&!tim&so: neutral
but&!this&tim: neutral
but&this&!neg&!x: positive
but&this&!neg&x: neutral
but&this&neg&!was: neutral
but&this&neg&was: negative
DecisionTree learned:
!but&!or&!i&!much: positive
!but&!or&!i&much: positive
!but&!or&i&!get: neutral
!but&!or&i&get: neutral
!but&or&!up&!does: neutral
!but&or&!up&does: negative
!but&or&up&!can: negative
!but&or&up&can: positive
but&!overall&!this&!was: positive
but&!overall&!this&was: negative
but&!overall&this&!know: neutral
but&!overall&this&know: conflict
but&overall&!media&!is: neutral
but&overall&!media&is: negative
but&overall&media&!software: negative
but&overall&media&software: positive
DecisionTree learned:
!but&!pos&!much&!cell: negative
!but&!pos&!much&cell: conflict
!but&!pos&much&!neg: positive
!but&!pos&much&neg: conflict
!but&pos&!generally&!compact: positive
!but&pos&!generally&compact: conflict
!but&pos&generally&!keyboard: conflict
!but&pos&generally&keyboard: neutral
but&!got&!mac&!certain: positive
but&!got&!mac&certain: neutral
but&!got&mac&!bit: positive
but&!got&mac&bit: neutral
but&got&!so: negative
but&got&so: positive
DecisionTree learned:
!but&!after&!for&!pc: negative
!but&!after&!for&pc: positive
!but&!after&for&!office: positive
!but&!after&for&office: neutral
!but&after&!with&!what: neutral
!but&after&!with&what: positive
!but&after&with&!i: negative
!but&after&with&i: positive
but&!this&!machine&!so: negative
but&!this&!machine&so: neutral
but&!this&machine: positive
but&this&!computer&!neg: neutral
but&this&!computer&neg: negative
but&this&computer&!that: negative
but&this&computer&that: conflict
DecisionTree learned:
!but&!after&!macbook&!much: positive
!but&!after&!macbook&much: positive
!but&!after&macbook&!of: positive
!but&!after&macbook&of: negative
!but&after&!with&!doing: neutral
!but&after&!with&doing: positive
!but&after&with&!i: negative
!but&after&with&i: positive
but&!new&!in&!needed: negative
but&!new&!in&needed: neutral
but&!new&in&!n: positive
but&!new&in&n: negative
but&new&!when&!space: positive
but&new&!when&space: neutral
but&new&when&!windows: negative
but&new&when&windows: neutral
DecisionTree learned:
!but&!pos&!much&!macbook: neutral
!but&!pos&!much&macbook: conflict
!but&!pos&much&!neg: positive
!but&!pos&much&neg: conflict
!but&pos&!needs&!generally: positive
!but&pos&!needs&generally: conflict
!but&pos&needs&!use: negative
!but&pos&needs&use: conflict
but&!this&!so&!big: positive
but&!this&!so&big: conflict
but&!this&so&!old: neutral
but&!this&so&old: positive
but&this&!neg&!not: positive
but&this&!neg&not: negative
but&this&neg&!browsers: negative
but&this&neg&browsers: positive
DecisionTree learned:
!but&!pos&!worth&!requires: negative
!but&!pos&!worth&requires: conflict
!but&!pos&worth&!computer: conflict
!but&!pos&worth&computer: negative
!but&pos&!needs&!generally: positive
!but&pos&!needs&generally: conflict
!but&pos&needs&!use: negative
!but&pos&needs&use: conflict
but&!there&!think&!repair: positive
but&!there&!think&repair: negative
but&!there&think&!on: negative
but&!there&think&on: neutral
but&there&!to&!much: negative
but&there&!to&much: positive
but&there&to&!drivers: neutral
but&there&to&drivers: negative
DecisionTree learned:
!but&!get&!and&!laptops: negative
!but&!get&!and&laptops: conflict
!but&!get&and&!i: positive
!but&!get&and&i: neutral
!but&get&!am&!pro: negative
!but&get&!am&pro: conflict
!but&get&am&!with: conflict
!but&get&am&with: negative
but&!gb&!than&!the: conflict
but&!gb&!than&the: negative
but&!gb&than&!was: positive
but&!gb&than&was: negative
but&gb&!hard: neutral
but&gb&hard&!space: positive
but&gb&hard&space: neutral
DecisionTree learned:
!but&!for&!pc&!requires: negative
!but&!for&!pc&requires: conflict
!but&!for&pc&!a: conflict
!but&!for&pc&a: positive
!but&for&!so&!neg: neutral
!but&for&!so&neg: positive
!but&for&so&!laptop: negative
!but&for&so&laptop: conflict
but&!this&!mac&!so: negative
but&!this&!mac&so: conflict
but&!this&mac&!more: neutral
but&!this&mac&more: positive
but&this&!neg&!x: positive
but&this&!neg&x: neutral
but&this&neg&!know: negative
but&this&neg&know: conflict
DecisionTree learned:
!but&!requires&!for&!get: negative
!but&!requires&!for&get: negative
!but&!requires&for&!so: neutral
!but&!requires&for&so: negative
!but&requires: conflict
but&!overall&!size&!this: conflict
but&!overall&!size&this: neutral
but&!overall&size: neutral
but&overall&!media&!is: neutral
but&overall&!media&is: negative
but&overall&media&!software: negative
but&overall&media&software: positive
DecisionTree learned:
!but&!uses&!after&!very: positive
!but&!uses&!after&very: positive
!but&!uses&after&!laptops: neutral
!but&!uses&after&laptops: positive
!but&uses&!of: neutral
!but&uses&of: conflict
but&!this&!mac&!somewhere: conflict
but&!this&!mac&somewhere: neutral
but&!this&mac&!it: positive
but&!this&mac&it: neutral
but&this&!know&!m: positive
but&this&!know&m: negative
but&this&know: conflict
DecisionTree learned:
!but&!uses&!cell&!requires: negative
!but&!uses&!cell&requires: conflict
!but&!uses&cell: conflict
!but&uses&!of: neutral
!but&uses&of: conflict
but&!this&!there&!s: positive
but&!this&!there&s: conflict
but&!this&there&!much: negative
but&!this&there&much: positive
but&this&!computer&!neg: positive
but&this&!computer&neg: negative
but&this&computer&!that: negative
but&this&computer&that: conflict
DecisionTree learned:
!but&!bars&!for&!requires: negative
!but&!bars&!for&requires: conflict
!but&!bars&for&!so: neutral
!but&!bars&for&so: conflict
!but&bars: conflict
but&!new&!i&!there: conflict
but&!new&!i&there: negative
but&!new&i&!which: negative
but&!new&i&which: conflict
but&new&!vista&!pos: neutral
but&new&!vista&pos: positive
but&new&vista: conflict
DecisionTree learned:
!but&!uses&!cell&!get: positive
!but&!uses&!cell&get: negative
!but&!uses&cell: conflict
!but&uses&!of: neutral
!but&uses&of: conflict
but&!this&!so&!size: negative
but&!this&!so&size: neutral
but&!this&so&!pos: conflict
but&!this&so&pos: neutral
but&this&!neg&!x: positive
but&this&!neg&x: neutral
but&this&neg&!know: negative
but&this&neg&know: conflict
DecisionTree learned:
!but&!movie&!after&!i: positive
!but&!movie&!after&i: neutral
!but&!movie&after&!with: neutral
!but&!movie&after&with: negative
!but&movie&!gaming: neutral
!but&movie&gaming&!life: positive
!but&movie&gaming&life: neutral
but&!standard&!outside&!this: positive
but&!standard&!outside&this: negative
but&!standard&outside&!media: neutral
but&!standard&outside&media: negative
but&standard: conflict
DecisionTree learned:
!but&!pos&!much&!macbook: negative
!but&!pos&!much&macbook: conflict
!but&!pos&much&!neg: positive
!but&!pos&much&neg: conflict
!but&pos&!needs&!to: positive
!but&pos&!needs&to: negative
!but&pos&needs&!use: negative
!but&pos&needs&use: conflict
but&!on&!laptop&!there: positive
but&!on&!laptop&there: negative
but&!on&laptop&!a: positive
but&!on&laptop&a: neutral
but&on&!i&!only: negative
but&on&!i&only: conflict
but&on&i&!the: conflict
but&on&i&the: neutral
DecisionTree learned:
!but&!after&!neg&!bars: positive
!but&!after&!neg&bars: conflict
!but&!after&neg&!much: negative
!but&!after&neg&much: neutral
!but&after&!laptops&!with: neutral
!but&after&!laptops&with: negative
!but&after&laptops: positive
but&!mac&!the&!it: neutral
but&!mac&!the&it: conflict
but&!mac&the&!on: negative
but&!mac&the&on: neutral
but&mac&!another&!more: neutral
but&mac&!another&more: positive
but&mac&another: negative
DecisionTree learned:
!but&!pos&!much&!cell: negative
!but&!pos&!much&cell: conflict
!but&!pos&much&!neg: positive
!but&!pos&much&neg: conflict
!but&pos&!needs&!generally: positive
!but&pos&!needs&generally: conflict
!but&pos&needs&!use: negative
!but&pos&needs&use: conflict
but&!gb&!more&!a: negative
but&!gb&!more&a: neutral
but&!gb&more&!with: positive
but&!gb&more&with: conflict
but&gb&!internal: neutral
but&gb&internal&!space: positive
but&gb&internal&space: neutral
DecisionTree learned:
!but&!neg&!when&!n: positive
!but&!neg&!when&n: negative
!but&!neg&when&!pc: neutral
!but&!neg&when&pc: conflict
!but&neg&!much&!for: negative
!but&neg&!much&for: positive
!but&neg&much&!a: conflict
!but&neg&much&a: neutral
but&!if&!new&!price: negative
but&!if&!new&price: positive
but&!if&new&!when: neutral
but&!if&new&when: negative
but&if&!to&!i: negative
but&if&!to&i: positive
but&if&to: neutral
DecisionTree learned:
!but&!uses&!after&!i: positive
!but&!uses&!after&i: neutral
!but&!uses&after&!with: neutral
!but&!uses&after&with: positive
!but&uses&!of: neutral
!but&uses&of: conflict
but&!size&!repair&!gb: positive
but&!size&!repair&gb: neutral
but&!size&repair&!they: negative
but&!size&repair&they: neutral
but&size: neutral
DecisionTree learned:
!but&!not&!pos&!worth: neutral
!but&!not&!pos&worth: conflict
!but&!not&pos&!some: positive
!but&!not&pos&some: negative
!but&not&!compact&!apple: negative
!but&not&!compact&apple: positive
!but&not&compact: conflict
but&!outside&!a&!you: negative
but&!outside&!a&you: neutral
but&!outside&a&!which: neutral
but&!outside&a&which: conflict
but&outside&!media: neutral
but&outside&media&!software: negative
but&outside&media&software: positive
DecisionTree learned:
!but&!compact&!pos&!worth: neutral
!but&!compact&!pos&worth: conflict
!but&!compact&pos&!generally: positive
!but&!compact&pos&generally: conflict
!but&compact: conflict
but&!new&!the&!it: neutral
but&!new&!the&it: conflict
but&!new&the&!on: negative
but&!new&the&on: neutral
but&new&!vista&!some: neutral
but&new&!vista&some: positive
but&new&vista: conflict
DecisionTree learned:
!but&!and&!next&!laptops: negative
!but&!and&!next&laptops: conflict
!but&!and&next&!pc: neutral
!but&!and&next&pc: conflict
!but&and&!what&!much: positive
!but&and&!what&much: positive
!but&and&what&!about: neutral
!but&and&what&about: conflict
but&!this&!so&!the: conflict
but&!this&!so&the: positive
but&!this&so&!old: neutral
but&!this&so&old: positive
but&this&!browsers&!neg: positive
but&this&!browsers&neg: negative
but&this&browsers: positive
DecisionTree learned:
!but&!for&!they&!been: positive
!but&!for&!they&been: negative
!but&!for&they&!nothing: neutral
!but&!for&they&nothing: negative
!but&for&!so&!neg: neutral
!but&for&!so&neg: positive
!but&for&so&!laptop: negative
!but&for&so&laptop: conflict
but&!this&!which&!laptop: negative
but&!this&!which&laptop: neutral
but&!this&which&!storage: conflict
but&!this&which&storage: negative
but&this&!know&!very: neutral
but&this&!know&very: positive
but&this&know: conflict
DecisionTree learned:
!but&!long&!pos&!much: neutral
!but&!long&!pos&much: conflict
!but&!long&pos&!generally: positive
!but&!long&pos&generally: conflict
!but&long&!though&!all: positive
!but&long&!though&all: negative
!but&long&though: conflict
but&!size&!wanted&!whole: negative
but&!size&!wanted&whole: neutral
but&!size&wanted&!with: conflict
but&!size&wanted&with: neutral
but&size: neutral
DecisionTree learned:
!but&!requires&!for&!get: negative
!but&!requires&!for&get: negative
!but&!requires&for&!so: neutral
!but&!requires&for&so: negative
!but&requires: conflict
but&!this&!overall&!was: conflict
but&!this&!overall&was: negative
but&!this&overall&!media: neutral
but&!this&overall&media: negative
but&this&!know&!x: negative
but&this&!know&x: neutral
but&this&know: conflict
DecisionTree learned:
!but&!requires&!for&!they: positive
!but&!requires&!for&they: neutral
!but&!requires&for&!some: neutral
!but&!requires&for&some: negative
!but&requires: conflict
but&!standard&!price&!make: negative
but&!standard&!price&make: positive
but&!standard&price&!i: positive
but&!standard&price&i: neutral
but&standard: conflict
DecisionTree learned:
!but&!cell&!after&!requires: positive
!but&!cell&!after&requires: conflict
!but&!cell&after&!with: neutral
!but&!cell&after&with: negative
!but&cell: conflict
but&!in&!size&!somewhere: negative
but&!in&!size&somewhere: neutral
but&!in&size: neutral
but&in&!was&!neg: positive
but&in&!was&neg: neutral
but&in&was&!one: negative
but&in&was&one: neutral
DecisionTree learned:
!but&!cell&!after&!generally: positive
!but&!cell&!after&generally: conflict
!but&!cell&after&!laptops: neutral
!but&!cell&after&laptops: positive
!but&cell: conflict
but&!price&!full&!gb: negative
but&!price&!full&gb: neutral
but&!price&full: conflict
but&price&!i&!look: positive
but&price&!i&look: neutral
but&price&i&!ground: neutral
but&price&i&ground: negative
DecisionTree learned:
!but&!for&!pc&!any: negative
!but&!for&!pc&any: neutral
!but&!for&pc&!and: conflict
!but&!for&pc&and: positive
!but&for&!so&!neg: neutral
!but&for&!so&neg: positive
!but&for&so&!laptop: negative
!but&for&so&laptop: conflict
but&!this&!machine&!got: conflict
but&!this&!machine&got: negative
but&!this&machine: positive
but&this&!know&!neg: positive
but&this&!know&neg: negative
but&this&know: conflict
DecisionTree learned:
!but&!get&!you&!uses: negative
!but&!get&!you&uses: neutral
!but&!get&you&!updated: neutral
!but&!get&you&updated: negative
!but&get&!am&!pro: negative
!but&get&!am&pro: conflict
!but&get&am&!with: conflict
!but&get&am&with: negative
but&!new&!whole&!price: negative
but&!new&!whole&price: positive
but&!new&whole&!apps: positive
but&!new&whole&apps: neutral
but&new&!vista&!space: neutral
but&new&!vista&space: neutral
but&new&vista: conflict
DecisionTree learned:
!but&!compact&!pos&!much: neutral
!but&!compact&!pos&much: conflict
!but&!compact&pos&!generally: positive
!but&!compact&pos&generally: conflict
!but&compact: conflict
but&!this&!tim&!mac: conflict
but&!this&!tim&mac: neutral
but&!this&tim: neutral
but&this&!know&!neg: positive
but&this&!know&neg: negative
but&this&know: conflict
DecisionTree learned:
!but&!get&!you&!i: positive
!but&!get&!you&i: neutral
!but&!get&you&!even: neutral
!but&!get&you&even: positive
!but&get&!am&!pay: negative
!but&get&!am&pay: conflict
!but&get&am&!with: conflict
!but&get&am&with: negative
but&!mac&!this&!laptop: negative
but&!mac&!this&laptop: neutral
but&!mac&this&!neg: positive
but&!mac&this&neg: negative
but&mac&!the&!pos: positive
but&mac&!the&pos: negative
but&mac&the&!it: positive
but&mac&the&it: neutral
DecisionTree learned:
!but&!for&!requires&!pc: negative
!but&!for&!requires&pc: positive
!but&!for&requires: conflict
!but&for&!cell&!so: neutral
!but&for&!cell&so: negative
!but&for&cell: conflict
but&!overall&!this&!so: negative
but&!overall&!this&so: neutral
but&!overall&this&!know: neutral
but&!overall&this&know: conflict
but&overall&!media&!is: neutral
but&overall&!media&is: negative
but&overall&media&!software: negative
but&overall&media&software: positive
DecisionTree learned:
!but&!other&!my&!you: negative
!but&!other&!my&you: neutral
!but&!other&my&!laptop: neutral
!but&!other&my&laptop: negative
!but&other&!neg&!only: neutral
!but&other&!neg&only: negative
!but&other&neg&!than: conflict
!but&other&neg&than: positive
but&!mac&!this&!better: positive
but&!mac&!this&better: conflict
but&!mac&this&!know: neutral
but&!mac&this&know: conflict
but&mac&!another&!bit: positive
but&mac&!another&bit: neutral
but&mac&another: negative
DecisionTree learned:
!but&!requires&!for&!much: negative
!but&!requires&!for&much: positive
!but&!requires&for&!so: neutral
!but&!requires&for&so: negative
!but&requires: conflict
but&!think&!mac&!this: conflict
but&!think&!mac&this: negative
but&!think&mac&!very: neutral
but&!think&mac&very: positive
but&think&!on: negative
but&think&on: neutral
DecisionTree learned:
!but&!after&!cell&!bars: positive
!but&!after&!cell&bars: conflict
!but&!after&cell: conflict
!but&after&!with&!doing: neutral
!but&after&!with&doing: positive
!but&after&with&!i: negative
!but&after&with&i: positive
but&!size&!this&!outside: conflict
but&!size&!this&outside: neutral
but&!size&this&!ever: neutral
but&!size&this&ever: negative
but&size: neutral
DecisionTree learned:
!but&!long&!neg&!bars: positive
!but&!long&!neg&bars: conflict
!but&!long&neg&!for: negative
!but&!long&neg&for: neutral
!but&long&!though&!will: positive
!but&long&!though&will: negative
!but&long&though: conflict
but&!this&!so&!that: negative
but&!this&!so&that: positive
but&!this&so&!old: neutral
but&!this&so&old: positive
but&this&!computer&!neg: neutral
but&this&!computer&neg: negative
but&this&computer&!that: negative
but&this&computer&that: conflict
DecisionTree learned:
!but&!much&!after&!cell: positive
!but&!much&!after&cell: conflict
!but&!much&after&!with: neutral
!but&!much&after&with: negative
!but&much&!i&!out: positive
!but&much&!i&out: conflict
!but&much&i&!up: neutral
!but&much&i&up: conflict
but&!got&!mac&!on: positive
but&!got&!mac&on: neutral
but&!got&mac&!average: neutral
but&!got&mac&average: positive
but&got&!so: negative
but&got&so: positive
DecisionTree learned:
!but&!acceptable&!fast&!generally: negative
!but&!acceptable&!fast&generally: conflict
!but&!acceptable&fast&!one: positive
!but&!acceptable&fast&one: neutral
!but&acceptable: conflict
but&!size&!if&!this: positive
but&!size&!if&this: negative
but&!size&if&!to: negative
but&!size&if&to: neutral
but&size: neutral
DecisionTree learned:
!but&!dollar&!and&!laptops: negative
!but&!dollar&!and&laptops: conflict
!but&!dollar&and&!back: positive
!but&!dollar&and&back: neutral
!but&dollar: conflict
but&!standard&!computer&!this: negative
but&!standard&!computer&this: neutral
but&!standard&computer&!known: negative
but&!standard&computer&known: conflict
but&standard: conflict
DecisionTree learned:
!but&!requires&!neg&!way: positive
!but&!requires&!neg&way: negative
!but&!requires&neg&!much: negative
!but&!requires&neg&much: conflict
!but&requires: conflict
but&!be&!if&!the: conflict
but&!be&!if&the: positive
but&!be&if&!to: negative
but&!be&if&to: neutral
but&be&!with&!video: negative
but&be&!with&video: conflict
but&be&with&!pc: negative
but&be&with&pc: positive
DecisionTree learned:
!but&!for&!requires&!pc: negative
!but&!for&!requires&pc: positive
!but&!for&requires: conflict
!but&for&!so&!neg: neutral
!but&for&!so&neg: positive
!but&for&so&!laptop: positive
!but&for&so&laptop: conflict
but&!mac&!size&!this: negative
but&!mac&!size&this: neutral
but&!mac&size: neutral
but&mac&!another&!very: neutral
but&mac&!another&very: positive
but&mac&another: negative
DecisionTree learned:
!but&!acceptable&!requires&!neg: positive
!but&!acceptable&!requires&neg: negative
!but&!acceptable&requires: conflict
!but&acceptable: conflict
but&!my&!if&!still: conflict
but&!my&!if&still: negative
but&!my&if&!to: negative
but&!my&if&to: neutral
but&my&!battery&!did: positive
but&my&!battery&did: neutral
but&my&battery: conflict
DecisionTree learned:
!but&!cell&!requires&!generally: negative
!but&!cell&!requires&generally: conflict
!but&!cell&requires: conflict
!but&cell: conflict
but&!size&!on&!to: positive
but&!size&!on&to: neutral
but&!size&on&!i: negative
but&!size&on&i: neutral
but&size: neutral
DecisionTree learned:
!but&!pos&!much&!macbook: negative
!but&!pos&!much&macbook: conflict
!but&!pos&much&!neg: positive
!but&!pos&much&neg: conflict
!but&pos&!generally&!long: positive
!but&pos&!generally&long: positive
!but&pos&generally&!keyboard: conflict
!but&pos&generally&keyboard: neutral
but&!yes&!standard&!got: positive
but&!yes&!standard&got: negative
but&!yes&standard: conflict
but&yes&!and: conflict
but&yes&and&!longevity: positive
but&yes&and&longevity: positive
DecisionTree learned:
!but&!cell&!generally&!get: positive
!but&!cell&!generally&get: negative
!but&!cell&generally&!keyboard: conflict
!but&!cell&generally&keyboard: neutral
!but&cell: conflict
but&!this&!so&!two: negative
but&!this&!so&two: conflict
but&!this&so&!old: neutral
but&!this&so&old: positive
but&this&!neg&!x: positive
but&this&!neg&x: neutral
but&this&neg&!was: negative
but&this&neg&was: positive
DecisionTree learned:
!but&!pos&!much&!bars: neutral
!but&!pos&!much&bars: conflict
!but&!pos&much&!neg: positive
!but&!pos&much&neg: conflict
!but&pos&!generally&!compact: positive
!but&pos&!generally&compact: conflict
!but&pos&generally&!keyboard: conflict
!but&pos&generally&keyboard: neutral
but&!size&!outside&!there: positive
but&!size&!outside&there: negative
but&!size&outside&!media: neutral
but&!size&outside&media: positive
but&size: neutral
DecisionTree learned:
!but&!neg&!requires&!way: positive
!but&!neg&!requires&way: negative
!but&!neg&requires: conflict
!but&neg&!much&!other: negative
!but&neg&!much&other: conflict
!but&neg&much&!pos: conflict
!but&neg&much&pos: neutral
but&!user&!if&!with: negative
but&!user&!if&with: neutral
but&!user&if&!to: positive
but&!user&if&to: neutral
but&user&!windows: neutral
but&user&windows: conflict
DecisionTree learned:
!but&!other&!not&!or: positive
!but&!other&!not&or: neutral
!but&!other&not&!through: negative
!but&!other&not&through: neutral
!but&other&!neg&!only: neutral
!but&other&!neg&only: negative
!but&other&neg&!than: conflict
!but&other&neg&than: positive
but&!this&!so&!that: negative
but&!this&!so&that: conflict
but&!this&so&!old: neutral
but&!this&so&old: positive
but&this&!neg&!not: positive
but&this&!neg&not: negative
but&this&neg&!new: negative
but&this&neg&new: neutral
DecisionTree learned:
!but&!neg&!bars&!rarely: positive
!but&!neg&!bars&rarely: negative
!but&!neg&bars: conflict
!but&neg&!cell&!other: negative
!but&neg&!cell&other: conflict
!but&neg&cell: conflict
but&!mac&!this&!so: negative
but&!mac&!this&so: conflict
but&!mac&this&!know: neutral
but&!mac&this&know: conflict
but&mac&!a&!applications: positive
but&mac&!a&applications: neutral
but&mac&a&!the: positive
but&mac&a&the: neutral
DecisionTree learned:
!but&!get&!and&!laptops: negative
!but&!get&!and&laptops: conflict
!but&!get&and&!i: positive
!but&!get&and&i: neutral
!but&get&!am&!pay: negative
!but&get&!am&pay: conflict
!but&get&am&!with: conflict
!but&get&am&with: negative
but&!this&!laptop&!mac: conflict
but&!this&!laptop&mac: neutral
but&!this&laptop&!i: positive
but&!this&laptop&i: neutral
but&this&!neg&!i: neutral
but&this&!neg&i: positive
but&this&neg&!was: negative
but&this&neg&was: positive
DecisionTree learned:
!but&!neg&!way&!requires: positive
!but&!neg&!way&requires: conflict
!but&!neg&way&!use: negative
!but&!neg&way&use: conflict
!but&neg&!other&!much: negative
!but&neg&!other&much: conflict
!but&neg&other&!than: conflict
!but&neg&other&than: positive
but&!repair&!learning&!tim: negative
but&!repair&!learning&tim: neutral
but&!repair&learning&!windows: neutral
but&!repair&learning&windows: conflict
but&repair&!they: negative
but&repair&they&!card: neutral
but&repair&they&card: negative
DecisionTree learned:
!but&!other&!bars&!for: negative
!but&!other&!bars&for: neutral
!but&!other&bars: conflict
!but&other&!neg&!only: neutral
!but&other&!neg&only: negative
!but&other&neg&!than: conflict
!but&other&neg&than: positive
but&!this&!which&!laptop: positive
but&!this&!which&laptop: neutral
but&!this&which&!and: conflict
but&!this&which&and: positive
but&this&!computer&!neg: positive
but&this&!computer&neg: neutral
but&this&computer&!that: negative
but&this&computer&that: conflict
DecisionTree learned:
!but&!uses&!cell&!much: negative
!but&!uses&!cell&much: positive
!but&!uses&cell: conflict
!but&uses&!of: neutral
!but&uses&of: conflict
but&!this&!mac&!somewhere: negative
but&!this&!mac&somewhere: neutral
but&!this&mac&!performance: neutral
but&!this&mac&performance: positive
but&this&!neg&!not: positive
but&this&!neg&not: negative
but&this&neg&!was: negative
but&this&neg&was: positive
DecisionTree learned:
!but&!for&!requires&!stack: negative
!but&!for&!requires&stack: conflict
!but&!for&requires: conflict
!but&for&!so&!neg: neutral
!but&for&!so&neg: positive
!but&for&so&!laptop: negative
!but&for&so&laptop: conflict
but&!this&!mac&!were: conflict
but&!this&!mac&were: neutral
but&!this&mac&!very: neutral
but&!this&mac&very: positive
but&this&!know&!m: positive
but&this&!know&m: negative
but&this&know: conflict
DecisionTree learned:
!but&!dollar&!and&!though: negative
!but&!dollar&!and&though: conflict
!but&!dollar&and&!laptop: positive
!but&!dollar&and&laptop: negative
!but&dollar: conflict
but&!this&!so&!whole: negative
but&!this&!so&whole: neutral
but&!this&so&!laptop: conflict
but&!this&so&laptop: neutral
but&this&!computer&!very: neutral
but&this&!computer&very: positive
but&this&computer&!and: conflict
but&this&computer&and: negative
DecisionTree learned:
!but&!cell&!pc&!when: positive
!but&!cell&!pc&when: neutral
!but&!cell&pc&!users: positive
!but&!cell&pc&users: neutral
!but&cell: conflict
but&!new&!this&!what: positive
but&!new&!this&what: negative
but&!new&this&!neg: positive
but&!new&this&neg: negative
but&new&!vista&!st: neutral
but&new&!vista&st: negative
but&new&vista: conflict
DecisionTree learned:
!but&!bars&!neg&!requires: positive
!but&!bars&!neg&requires: conflict
!but&!bars&neg&!cell: negative
!but&!bars&neg&cell: conflict
!but&bars: conflict
but&!mac&!did&!i: conflict
but&!mac&!did&i: positive
but&!mac&did&!in: conflict
but&!mac&did&in: neutral
but&mac&!more&!performance: neutral
but&mac&!more&performance: positive
but&mac&more: positive
DecisionTree learned:
!but&!generally&!acceptable&!dollar: negative
!but&!generally&!acceptable&dollar: conflict
!but&!generally&acceptable: conflict
!but&generally&!keyboard: conflict
!but&generally&keyboard: neutral
but&!outside&!a&!you: negative
but&!outside&!a&you: positive
but&!outside&a&!would: neutral
but&!outside&a&would: conflict
but&outside&!media: neutral
but&outside&media&!software: negative
but&outside&media&software: positive
DecisionTree learned:
!but&!cell&!generally&!much: negative
!but&!cell&!generally&much: positive
!but&!cell&generally&!keyboard: conflict
!but&!cell&generally&keyboard: neutral
!but&cell: conflict
but&!mac&!on&!laptop: negative
but&!mac&!on&laptop: neutral
but&!mac&on&!i: negative
but&!mac&on&i: neutral
but&mac&!very&!it: neutral
but&mac&!very&it: neutral
but&mac&very: positive
DecisionTree learned:
!but&!generally&!get&!much: negative
!but&!generally&!get&much: positive
!but&!generally&get&!i: negative
!but&!generally&get&i: neutral
!but&generally&!keyboard: conflict
!but&generally&keyboard: neutral
but&!this&!so&!size: negative
but&!this&!so&size: neutral
but&!this&so&!old: neutral
but&!this&so&old: conflict
but&this&!know&!m: positive
but&this&!know&m: negative
but&this&know: conflict
DecisionTree learned:
!but&!stack&!get&!you: positive
!but&!stack&!get&you: neutral
!but&!stack&get&!am: negative
!but&!stack&get&am: conflict
!but&stack: conflict
but&!this&!overall&!laptop: conflict
but&!this&!overall&laptop: neutral
but&!this&overall&!media: neutral
but&!this&overall&media: positive
but&this&!neg&!x: positive
but&this&!neg&x: neutral
but&this&neg&!was: negative
but&this&neg&was: positive
DecisionTree learned:
!but&!and&!laptops&!for: negative
!but&!and&!laptops&for: neutral
!but&!and&laptops&!much: neutral
!but&!and&laptops&much: conflict
!but&and&!what&!sol: positive
!but&and&!what&sol: conflict
!but&and&what&!about: neutral
!but&and&what&about: conflict
but&!repair&!there&!new: positive
but&!repair&!there&new: neutral
but&!repair&there&!to: negative
but&!repair&there&to: neutral
but&repair&!card&!they: negative
but&repair&!card&they: neutral
but&repair&card: negative
DecisionTree learned:
!but&!long&!pos&!worth: neutral
!but&!long&!pos&worth: conflict
!but&!long&pos&!generally: positive
!but&!long&pos&generally: conflict
!but&long&!though&!that: positive
!but&long&!though&that: negative
!but&long&though: conflict
but&!this&!any&!was: positive
but&!this&!any&was: negative
but&!this&any&!media: neutral
but&!this&any&media: positive
but&this&!was&!neg: neutral
but&this&!was&neg: negative
but&this&was&!a: negative
but&this&was&a: positive
DecisionTree learned:
!but&!for&!laptops&!get: negative
!but&!for&!laptops&get: neutral
!but&!for&laptops&!it: positive
!but&!for&laptops&it: conflict
!but&for&!so&!desktop: neutral
!but&for&!so&desktop: conflict
!but&for&so&!laptop: negative
!but&for&so&laptop: conflict
but&!this&!so&!only: positive
but&!this&!so&only: conflict
but&!this&so&!it: neutral
but&!this&so&it: conflict
but&this&!neg&!i: neutral
but&this&!neg&i: positive
but&this&neg&!was: neutral
but&this&neg&was: positive
Trial 0 Training cc.mallet.classify.AdaBoostM2Trainer@73901437 finished
Trial 0 Trainer cc.mallet.classify.AdaBoostM2Trainer@73901437 test data accuracy = 0.539553752535497

NaiveBayesTrainer
Summary. test accuracy mean = 0.5273833671399595 stddev = 0.0 stderr = 0.0

MaxEntTrainer,gaussianPriorVariance=1.0
Summary. test accuracy mean = 0.5821501014198783 stddev = 0.0 stderr = 0.0

cc.mallet.classify.DecisionTreeTrainer@38b5dac4
Summary. test accuracy mean = 0.49290060851926976 stddev = 0.0 stderr = 0.0

cc.mallet.classify.AdaBoostM2Trainer@73901437
Summary. test accuracy mean = 0.539553752535497 stddev = 0.0 stderr = 0.0
