
-------------------- Trial 0  --------------------

Trial 0 Training NaiveBayesTrainer with 1865 instances
Trial 0 Training NaiveBayesTrainer finished
Trial 0 Trainer NaiveBayesTrainer test data accuracy = 0.5294117647058824
Trial 0 Training MaxEntTrainer,gaussianPriorVariance=1.0 with 1865 instances
Trial 0 Training MaxEntTrainer,gaussianPriorVariance=1.0 finished
Trial 0 Trainer MaxEntTrainer,gaussianPriorVariance=1.0 test data accuracy = 0.6308316430020284
Trial 0 Training cc.mallet.classify.DecisionTreeTrainer@38b5dac4 with 1865 instances
DecisionTree learned:
!neg&!but&!not&!pos: positive
!neg&!but&!not&pos: positive
!neg&!but&not&!and: negative
!neg&!but&not&and: positive
!neg&but&!you&!this: negative
!neg&but&!you&this: positive
!neg&but&you&!n: neutral
!neg&but&you&n: negative
neg&!movie&!pos&!warranty: negative
neg&!movie&!pos&warranty: neutral
neg&!movie&pos&!garageband: negative
neg&!movie&pos&garageband: positive
neg&movie: neutral
Trial 0 Training cc.mallet.classify.DecisionTreeTrainer@38b5dac4 finished
Trial 0 Trainer cc.mallet.classify.DecisionTreeTrainer@38b5dac4 test data accuracy = 0.539553752535497
Trial 0 Training cc.mallet.classify.AdaBoostM2Trainer@49ff0dde with 1865 instances
DecisionTree learned:
!neg&!but&!not&!pos: positive
!neg&!but&!not&pos: positive
!neg&!but&not&!and: negative
!neg&!but&not&and: positive
!neg&but&!windows&!mac: negative
!neg&but&!windows&mac: positive
!neg&but&windows&!use: neutral
!neg&but&windows&use: positive
neg&!pos&!etc&!warranty: negative
neg&!pos&!etc&warranty: neutral
neg&!pos&etc: neutral
neg&pos&!but&!fast: negative
neg&pos&!but&fast: positive
neg&pos&but&!because: negative
neg&pos&but&because: positive
DecisionTree learned:
!but&!neg&!fast&!n: positive
!but&!neg&!fast&n: negative
!but&!neg&fast&!just: positive
!but&!neg&fast&just: neutral
!but&neg&!music&!pos: negative
!but&neg&!music&pos: negative
!but&neg&music: neutral
but&!be&!mac&!the: neutral
but&!be&!mac&the: negative
but&!be&mac&!its: positive
but&!be&mac&its: neutral
but&be&!which&!is: negative
but&be&!which&is: negative
but&be&which&!just: conflict
but&be&which&just: positive
DecisionTree learned:
!but&!neg&!and&!not: positive
!but&!neg&!and&not: negative
!but&!neg&and&!i: positive
!but&!neg&and&i: positive
!but&neg&!movie&!use: negative
!but&neg&!movie&use: positive
!but&neg&movie: neutral
but&!got&!mac&!x: negative
but&!got&!mac&x: neutral
but&!got&mac&!its: positive
but&!got&mac&its: neutral
but&got&!so: negative
but&got&so: positive
DecisionTree learned:
!but&!fast&!neg&!very: positive
!but&!fast&!neg&very: positive
!but&!fast&neg&!pos: negative
!but&!fast&neg&pos: negative
!but&fast&!one&!charge: positive
!but&fast&!one&charge: neutral
!but&fast&one: neutral
but&!mac&!x&!on: negative
but&!mac&!x&on: neutral
but&!mac&x&!is: neutral
but&!mac&x&is: positive
but&mac&!another&!more: positive
but&mac&!another&more: positive
but&mac&another: negative
DecisionTree learned:
!but&!pos&!price&!neg: negative
!but&!pos&!price&neg: negative
!but&!pos&price&!worth: positive
!but&!pos&price&worth: conflict
!but&pos&!then&!fast: positive
!but&pos&!then&fast: positive
!but&pos&then&!upgrade: negative
!but&pos&then&upgrade: positive
but&!mac&!x&!power: negative
but&!mac&!x&power: neutral
but&!mac&x&!is: neutral
but&!mac&x&is: positive
but&mac&!more&!up: neutral
but&mac&!more&up: positive
but&mac&more: positive
DecisionTree learned:
!but&!fast&!not&!for: positive
!but&!fast&!not&for: positive
!but&!fast&not&!apple: negative
!but&!fast&not&apple: positive
!but&fast&!one&!charge: positive
!but&fast&!one&charge: neutral
!but&fast&one: neutral
but&!mac&!this&!so: negative
but&!mac&!this&so: conflict
but&!mac&this&!neg: positive
but&!mac&this&neg: negative
but&mac&!another&!more: positive
but&mac&!another&more: positive
but&mac&another: negative
DecisionTree learned:
!but&!neg&!firefox&!and: positive
!but&!neg&!firefox&and: positive
!but&!neg&firefox&!pos: neutral
!but&!neg&firefox&pos: neutral
!but&neg&!or&!price: negative
!but&neg&!or&price: positive
!but&neg&or&!use: negative
!but&neg&or&use: neutral
but&!got&!mac&!think: negative
but&!got&!mac&think: neutral
but&!got&mac&!its: positive
but&!got&mac&its: neutral
but&got&!so: negative
but&got&so: positive
DecisionTree learned:
!but&!fast&!not&!pos: negative
!but&!fast&!not&pos: positive
!but&!fast&not&!compact: negative
!but&!fast&not&compact: conflict
!but&fast&!charge&!one: positive
!but&fast&!charge&one: neutral
!but&fast&charge: neutral
but&!be&!the&!it: neutral
but&!be&!the&it: conflict
but&!be&the&!mac: positive
but&!be&the&mac: positive
but&be&!with&!and: negative
but&be&!with&and: negative
but&be&with&!mac: negative
but&be&with&mac: positive
DecisionTree learned:
!but&!fast&!pos&!neg: neutral
!but&!fast&!pos&neg: negative
!but&!fast&pos&!then: positive
!but&!fast&pos&then: negative
!but&fast&!one&!charge: positive
!but&fast&!one&charge: neutral
!but&fast&one: neutral
but&!gb&!got&!mac: negative
but&!gb&!got&mac: positive
but&!gb&got&!so: negative
but&!gb&got&so: positive
but&gb&!just: neutral
but&gb&just: neutral
DecisionTree learned:
!but&!pos&!much&!not: negative
!but&!pos&!much&not: negative
!but&!pos&much&!neg: positive
!but&!pos&much&neg: conflict
!but&pos&!i&!you: positive
!but&pos&!i&you: neutral
!but&pos&i&!to: positive
!but&pos&i&to: negative
but&!new&!repair&!be: positive
but&!new&!repair&be: negative
but&!new&repair&!to: negative
but&!new&repair&to: neutral
but&new&!when&!some: neutral
but&new&!when&some: positive
but&new&when&!so: negative
but&new&when&so: neutral
DecisionTree learned:
!but&!movie&!neg&!n: positive
!but&!movie&!neg&n: negative
!but&!movie&neg&!warranty: negative
!but&!movie&neg&warranty: neutral
!but&movie&!just: neutral
!but&movie&just&!playing: neutral
!but&movie&just&playing: neutral
but&!and&!to&!on: negative
but&!and&!to&on: neutral
but&!and&to&!due: neutral
but&!and&to&due: negative
but&and&!more&!works: negative
but&and&!more&works: positive
but&and&more&!than: positive
but&and&more&than: positive
DecisionTree learned:
!but&!for&!they&!graphics: negative
!but&!for&!they&graphics: positive
!but&!for&they&!else: neutral
!but&!for&they&else: negative
!but&for&!not&!office: positive
!but&for&!not&office: neutral
!but&for&not&!via: negative
!but&for&not&via: neutral
but&!think&!tim&!new: negative
but&!think&!tim&new: neutral
but&!think&tim: neutral
but&think&!on: negative
but&think&on: neutral
DecisionTree learned:
!but&!fast&!for&!much: negative
!but&!fast&!for&much: positive
!but&!fast&for&!office: positive
!but&!fast&for&office: neutral
!but&fast&!charge&!one: positive
!but&fast&!charge&one: neutral
!but&fast&charge: neutral
but&!so&!this&!and: negative
but&!so&!this&and: positive
but&!so&this&!neg: positive
but&!so&this&neg: negative
but&so&!laptop&!it: neutral
but&so&!laptop&it: conflict
but&so&laptop&!toshiba: neutral
but&so&laptop&toshiba: negative
DecisionTree learned:
!but&!after&!price&!and: negative
!but&!after&!price&and: positive
!but&!after&price&!worth: positive
!but&!after&price&worth: negative
!but&after&!warranty&!sales: negative
!but&after&!warranty&sales: positive
!but&after&warranty: neutral
but&!yes&!think&!so: negative
but&!yes&!think&so: neutral
but&!yes&think&!on: negative
but&!yes&think&on: neutral
but&yes&!and: conflict
but&yes&and&!pos: positive
but&yes&and&pos: positive
DecisionTree learned:
!but&!for&!they&!graphics: negative
!but&!for&!they&graphics: positive
!but&!for&they&!n: neutral
!but&!for&they&n: negative
!but&for&!so&!to: positive
!but&for&!so&to: neutral
!but&for&so&!battery: negative
!but&for&so&battery: conflict
but&!mac&!this&!so: negative
but&!mac&!this&so: neutral
but&!mac&this&!neg: positive
but&!mac&this&neg: negative
but&mac&!another&!up: neutral
but&mac&!another&up: positive
but&mac&another: negative
DecisionTree learned:
!but&!after&!i&!you: positive
!but&!after&!i&you: neutral
!but&!after&i&!get: neutral
!but&!after&i&get: negative
!but&after&!sales&!with: neutral
!but&after&!sales&with: negative
!but&after&sales&!support: positive
!but&after&sales&support: negative
but&!gb&!mac&!i: negative
but&!gb&!mac&i: positive
but&!gb&mac&!another: positive
but&!gb&mac&another: negative
but&gb&!just: neutral
but&gb&just: neutral
DecisionTree learned:
!but&!uses&!very&!after: positive
!but&!uses&!very&after: negative
!but&!uses&very&!neg: positive
!but&!uses&very&neg: positive
!but&uses&!of: neutral
!but&uses&of: conflict
but&!did&!be&!the: conflict
but&!did&!be&the: positive
but&!did&be&!isolator: negative
but&!did&be&isolator: neutral
but&did&!in&!software: conflict
but&did&!in&software: negative
but&did&in&!me: neutral
but&did&in&me: negative
DecisionTree learned:
!but&!price&!after&!and: negative
!but&!price&!after&and: positive
!but&!price&after&!with: neutral
!but&!price&after&with: positive
!but&price&!worth&!off: positive
!but&price&!worth&off: neutral
!but&price&worth&!pos: conflict
!but&price&worth&pos: negative
but&!mac&!this&!so: negative
but&!mac&!this&so: neutral
but&!mac&this&!computer: negative
but&!mac&this&computer: negative
but&mac&!another&!its: positive
but&mac&!another&its: neutral
but&mac&another: negative
DecisionTree learned:
!but&!and&!price&!speed: negative
!but&!and&!price&speed: positive
!but&!and&price&!more: positive
!but&!and&price&more: negative
!but&and&!i&!were: positive
!but&and&!i&were: negative
!but&and&i&!what: neutral
!but&and&i&what: neutral
but&!this&!so&!tim: negative
but&!this&!so&tim: neutral
but&!this&so&!old: neutral
but&!this&so&old: positive
but&this&!x&!neg: positive
but&this&!x&neg: negative
but&this&x: neutral
DecisionTree learned:
!but&!neg&!would&!very: positive
!but&!neg&!would&very: positive
!but&!neg&would&!i: negative
!but&!neg&would&i: negative
!but&neg&!or&!warranty: negative
!but&neg&!or&warranty: neutral
!but&neg&or&!video: neutral
!but&neg&or&video: neutral
but&!hard&!repair&!got: positive
but&!hard&!repair&got: negative
but&!hard&repair&!to: negative
but&!hard&repair&to: neutral
but&hard&!with&!to: neutral
but&hard&!with&to: neutral
but&hard&with: negative
DecisionTree learned:
!but&!pos&!speed&!much: negative
!but&!pos&!speed&much: conflict
!but&!pos&speed&!to: positive
!but&!pos&speed&to: positive
!but&pos&!reboot&!for: positive
!but&pos&!reboot&for: positive
!but&pos&reboot: conflict
but&!did&!tim&!mac: negative
but&!did&!tim&mac: positive
but&!did&tim: neutral
but&did&!in&!windows: conflict
but&did&!in&windows: neutral
but&did&in&!me: neutral
but&did&in&me: negative
DecisionTree learned:
!but&!neg&!when&!way: positive
!but&!neg&!when&way: negative
!but&!neg&when&!pc: neutral
!but&!neg&when&pc: conflict
!but&neg&!desktop&!much: negative
!but&neg&!desktop&much: neutral
!but&neg&desktop&!just: conflict
!but&neg&desktop&just: neutral
but&!yes&!there&!new: negative
but&!yes&!there&new: neutral
but&!yes&there&!to: negative
but&!yes&there&to: neutral
but&yes&!and: conflict
but&yes&and&!pos: positive
but&yes&and&pos: positive
DecisionTree learned:
!but&!for&!requires&!get: negative
!but&!for&!requires&get: negative
!but&!for&requires: conflict
!but&for&!so&!to: positive
!but&for&!so&to: neutral
!but&for&so&!battery: negative
!but&for&so&battery: conflict
but&!got&!in&!windows: negative
but&!got&!in&windows: neutral
but&!got&in&!neg: positive
but&!got&in&neg: neutral
but&got&!so: negative
but&got&so: positive
DecisionTree learned:
!but&!get&!and&!or: negative
!but&!get&!and&or: neutral
!but&!get&and&!i: positive
!but&!get&and&i: neutral
!but&get&!am&!pro: negative
!but&get&!am&pro: positive
!but&get&am&!toshiba: conflict
!but&get&am&toshiba: negative
but&!computer&!this&!mac: conflict
but&!computer&!this&mac: neutral
but&!computer&this&!neg: positive
but&!computer&this&neg: negative
but&computer&!that&!so: negative
but&computer&!that&so: positive
but&computer&that&!for: positive
but&computer&that&for: conflict
DecisionTree learned:
!but&!requires&!for&!get: positive
!but&!requires&!for&get: negative
!but&!requires&for&!so: neutral
!but&!requires&for&so: negative
!but&requires: conflict
but&!this&!so&!temperatures: negative
but&!this&!so&temperatures: neutral
but&!this&so&!it: neutral
but&!this&so&it: conflict
but&this&!know&!neg: positive
but&this&!know&neg: negative
but&this&know: conflict
DecisionTree learned:
!but&!for&!requires&!get: negative
!but&!for&!requires&get: negative
!but&!for&requires: conflict
!but&for&!so&!neg: positive
!but&for&!so&neg: neutral
!but&for&so&!battery: negative
!but&for&so&battery: conflict
but&!standard&!yes&!full: negative
but&!standard&!yes&full: conflict
but&!standard&yes&!and: conflict
but&!standard&yes&and: positive
but&standard: conflict
DecisionTree learned:
!but&!neg&!not&!way: positive
!but&!neg&!not&way: negative
!but&!neg&not&!after: negative
!but&!neg&not&after: neutral
!but&neg&!desktop&!much: negative
!but&neg&!desktop&much: neutral
!but&neg&desktop&!just: conflict
!but&neg&desktop&just: neutral
but&!drive&!yes&!there: positive
but&!drive&!yes&there: negative
but&!drive&yes&!and: conflict
but&!drive&yes&and: positive
but&drive&!to&!warranty: neutral
but&drive&!to&warranty: negative
but&drive&to: negative
DecisionTree learned:
!but&!for&!compact&!and: negative
!but&!for&!compact&and: positive
!but&!for&compact: conflict
!but&for&!so&!neg: positive
!but&for&!so&neg: neutral
!but&for&so&!battery: negative
!but&for&so&battery: conflict
but&!nothing&!so&!apple: positive
but&!nothing&!so&apple: neutral
but&!nothing&so&!pos: conflict
but&!nothing&so&pos: positive
but&nothing: negative
DecisionTree learned:
!but&!uses&!get&!use: negative
!but&!uses&!get&use: positive
!but&!uses&get&!am: negative
!but&!uses&get&am: conflict
!but&uses&!of: neutral
!but&uses&of: conflict
but&!mac&!did&!be: positive
but&!mac&!did&be: negative
but&!mac&did&!in: neutral
but&!mac&did&in: neutral
but&mac&!another&!bit: positive
but&mac&!another&bit: neutral
but&mac&another: negative
DecisionTree learned:
!but&!and&!laptops&!is: negative
!but&!and&!laptops&is: negative
!but&!and&laptops&!much: neutral
!but&!and&laptops&much: conflict
!but&and&!back&!i: positive
!but&and&!back&i: neutral
!but&and&back&!a: neutral
!but&and&back&a: negative
but&!this&!so&!machine: negative
but&!this&!so&machine: positive
but&!this&so&!old: neutral
but&!this&so&old: positive
but&this&!know&!neg: positive
but&this&!know&neg: negative
but&this&know: conflict
DecisionTree learned:
!but&!for&!get&!laptops: negative
!but&!for&!get&laptops: positive
!but&!for&get&!am: negative
!but&!for&get&am: conflict
!but&for&!some&!less: neutral
!but&for&!some&less: negative
!but&for&some&!this: negative
!but&for&some&this: conflict
but&!new&!there&!tim: positive
but&!new&!there&tim: neutral
but&!new&there&!is: negative
but&!new&there&is: positive
but&new&!pos&!so: negative
but&new&!pos&so: neutral
but&new&pos&!i: neutral
but&new&pos&i: positive
DecisionTree learned:
!but&!for&!were&!much: negative
!but&!for&!were&much: positive
!but&!for&were&!that: negative
!but&!for&were&that: positive
!but&for&!despite&!so: neutral
!but&for&!despite&so: negative
!but&for&despite: conflict
but&!got&!this&!temperatures: positive
but&!got&!this&temperatures: neutral
but&!got&this&!computer: neutral
but&!got&this&computer: negative
but&got&!so: negative
but&got&so: positive
DecisionTree learned:
!but&!neg&!reboot&!my: positive
!but&!neg&!reboot&my: neutral
!but&!neg&reboot: conflict
!but&neg&!for&!laptops: negative
!but&neg&!for&laptops: conflict
!but&neg&for&!in: positive
!but&neg&for&in: negative
but&!got&!mac&!if: positive
but&!got&!mac&if: neutral
but&!got&mac&!more: neutral
but&!got&mac&more: positive
but&got&!so: negative
but&got&so: positive
DecisionTree learned:
!but&!for&!requires&!much: negative
!but&!for&!requires&much: positive
!but&!for&requires: conflict
!but&for&!so&!despite: neutral
!but&for&!so&despite: conflict
!but&for&so&!battery: negative
!but&for&so&battery: conflict
but&!new&!this&!whole: positive
but&!new&!this&whole: neutral
but&!new&this&!neg: positive
but&!new&this&neg: negative
but&new&!when&!some: neutral
but&new&!when&some: positive
but&new&when&!so: negative
but&new&when&so: neutral
DecisionTree learned:
!but&!pc&!for&!stack: negative
!but&!pc&!for&stack: conflict
!but&!pc&for&!office: positive
!but&!pc&for&office: neutral
!but&pc&!users&!hp: positive
!but&pc&!users&hp: conflict
!but&pc&users: neutral
but&!new&!this&!size: conflict
but&!new&!this&size: neutral
but&!new&this&!neg: positive
but&!new&this&neg: negative
but&new&!pos&!so: negative
but&new&!pos&so: neutral
but&new&pos&!my: neutral
but&new&pos&my: positive
DecisionTree learned:
!but&!neg&!way&!when: positive
!but&!neg&!way&when: neutral
!but&!neg&way&!laptop: negative
!but&!neg&way&laptop: conflict
!but&neg&!desktop&!much: negative
!but&neg&!desktop&much: neutral
!but&neg&desktop&!just: conflict
!but&neg&desktop&just: neutral
but&!got&!mac&!this: conflict
but&!got&!mac&this: neutral
but&!got&mac&!more: neutral
but&!got&mac&more: positive
but&got&!so: negative
but&got&so: positive
DecisionTree learned:
!but&!movie&!fast&!much: negative
!but&!movie&!fast&much: positive
!but&!movie&fast&!charge: positive
!but&!movie&fast&charge: neutral
!but&movie&!just: neutral
!but&movie&just&!playing: neutral
!but&movie&just&playing: neutral
but&!gb&!if&!in: negative
but&!gb&!if&in: positive
but&!gb&if&!to: negative
but&!gb&if&to: neutral
but&gb&!just: neutral
but&gb&just: neutral
DecisionTree learned:
!but&!neg&!way&!when: positive
!but&!neg&!way&when: neutral
!but&!neg&way&!laptop: negative
!but&!neg&way&laptop: conflict
!but&neg&!other&!price: negative
!but&neg&!other&price: positive
!but&neg&other&!than: conflict
!but&neg&other&than: positive
but&!this&!so&!outside: negative
but&!this&!so&outside: neutral
but&!this&so&!it: neutral
but&!this&so&it: conflict
but&this&!know&!you: positive
but&this&!know&you: neutral
but&this&know: conflict
DecisionTree learned:
!but&!not&!for&!much: positive
!but&!not&!for&much: positive
!but&!not&for&!some: positive
!but&!not&for&some: negative
!but&not&!compact&!through: negative
!but&not&!compact&through: neutral
!but&not&compact: conflict
but&!think&!there&!new: positive
but&!think&!there&new: positive
but&!think&there&!to: negative
but&!think&there&to: neutral
but&think&!on: negative
but&think&on: neutral
DecisionTree learned:
!but&!pos&!worth&!battery: neutral
!but&!pos&!worth&battery: negative
!but&!pos&worth&!are: conflict
!but&!pos&worth&are: negative
!but&pos&!other&!generally: positive
!but&pos&!other&generally: conflict
!but&pos&other&!neg: positive
!but&pos&other&neg: conflict
but&!the&!and&!windows: conflict
but&!the&!and&windows: neutral
but&!the&and&!neg: positive
but&!the&and&neg: neutral
but&the&!my&!hard: negative
but&the&!my&hard: neutral
but&the&my&!it: positive
but&the&my&it: neutral
DecisionTree learned:
!but&!after&!would&!pos: negative
!but&!after&!would&pos: positive
!but&!after&would&!i: negative
!but&!after&would&i: negative
!but&after&!with&!warranty: negative
!but&after&!with&warranty: neutral
!but&after&with&!i: negative
!but&after&with&i: positive
but&!yes&!up&!this: negative
but&!yes&!up&this: neutral
but&!yes&up&!mac: negative
but&!yes&up&mac: positive
but&yes&!and: conflict
but&yes&and&!pos: positive
but&yes&and&pos: positive
DecisionTree learned:
!but&!for&!get&!requires: negative
!but&!for&!get&requires: conflict
!but&!for&get&!am: negative
!but&!for&get&am: conflict
!but&for&!not&!windows: positive
!but&for&!not&windows: negative
!but&for&not&!features: negative
!but&for&not&features: positive
but&!computer&!this&!there: positive
but&!computer&!this&there: negative
but&!computer&this&!neg: positive
but&!computer&this&neg: negative
but&computer&!known&!after: negative
but&computer&!known&after: positive
but&computer&known: conflict
DecisionTree learned:
!but&!neg&!long&!reboot: positive
!but&!neg&!long&reboot: conflict
!but&!neg&long&!so: positive
!but&!neg&long&so: conflict
!but&neg&!much&!for: negative
!but&neg&!much&for: positive
!but&neg&much&!pos: conflict
!but&neg&much&pos: neutral
but&!mac&!features&!apple: negative
but&!mac&!features&apple: neutral
but&!mac&features&!is: positive
but&!mac&features&is: positive
but&mac&!another&!bit: positive
but&mac&!another&bit: neutral
but&mac&another: negative
DecisionTree learned:
!but&!for&!were&!much: negative
!but&!for&!were&much: positive
!but&!for&were&!that: negative
!but&!for&were&that: negative
!but&for&!so&!neg: neutral
!but&for&!so&neg: neutral
!but&for&so&!laptop: negative
!but&for&so&laptop: conflict
but&!mac&!this&!better: negative
but&!mac&!this&better: conflict
but&!mac&this&!computer: neutral
but&!mac&this&computer: negative
but&mac&!more&!use: neutral
but&mac&!more&use: positive
but&mac&more: positive
DecisionTree learned:
!but&!dollar&!after&!stack: positive
!but&!dollar&!after&stack: conflict
!but&!dollar&after&!with: neutral
!but&!dollar&after&with: negative
!but&dollar: conflict
but&!this&!there&!overall: positive
but&!this&!there&overall: neutral
but&!this&there&!much: negative
but&!this&there&much: positive
but&this&!know&!neg: positive
but&this&!know&neg: negative
but&this&know: conflict
DecisionTree learned:
!but&!opted&!fast&!requires: negative
!but&!opted&!fast&requires: conflict
!but&!opted&fast&!charge: positive
!but&!opted&fast&charge: neutral
!but&opted: conflict
but&!in&!new&!windows: negative
but&!in&!new&windows: neutral
but&!in&new&!software: positive
but&!in&new&software: negative
but&in&!so&!did: positive
but&in&!so&did: neutral
but&in&so&!and: conflict
but&in&so&and: neutral
DecisionTree learned:
!but&!uses&!much&!get: positive
!but&!uses&!much&get: negative
!but&!uses&much&!i: positive
!but&!uses&much&i: neutral
!but&uses&!of: neutral
!but&uses&of: conflict
but&!this&!apple&!size: conflict
but&!this&!apple&size: neutral
but&!this&apple&!it: conflict
but&!this&apple&it: neutral
but&this&!neg&!x: positive
but&this&!neg&x: neutral
but&this&neg&!was: negative
but&this&neg&was: positive
DecisionTree learned:
!but&!price&!and&!is: negative
!but&!price&!and&is: negative
!but&!price&and&!back: positive
!but&!price&and&back: neutral
!but&price&!worth&!off: positive
!but&price&!worth&off: neutral
!but&price&worth&!pos: conflict
!but&price&worth&pos: negative
but&!mac&!there&!i: conflict
but&!mac&!there&i: positive
but&!mac&there&!to: negative
but&!mac&there&to: neutral
but&mac&!more&!up: neutral
but&mac&!more&up: positive
but&mac&more: positive
DecisionTree learned:
!but&!uses&!not&!movie: positive
!but&!uses&!not&movie: neutral
!but&!uses&not&!compact: negative
!but&!uses&not&compact: conflict
!but&uses&!of: neutral
!but&uses&of: conflict
but&!new&!this&!outside: positive
but&!new&!this&outside: neutral
but&!new&this&!neg: positive
but&!new&this&neg: negative
but&new&!when&!some: neutral
but&new&!when&some: positive
but&new&when&!so: negative
but&new&when&so: conflict
DecisionTree learned:
!but&!for&!pc&!requires: negative
!but&!for&!pc&requires: conflict
!but&!for&pc&!pos: conflict
!but&!for&pc&pos: positive
!but&for&!neg&!n: neutral
!but&for&!neg&n: negative
!but&for&neg&!it: positive
!but&for&neg&it: negative
but&!new&!in&!for: negative
but&!new&!in&for: neutral
but&!new&in&!neg: positive
but&!new&in&neg: neutral
but&new&!pos&!so: negative
but&new&!pos&so: neutral
but&new&pos&!i: neutral
but&new&pos&i: positive
DecisionTree learned:
!but&!generally&!opted&!much: positive
!but&!generally&!opted&much: positive
!but&!generally&opted: conflict
!but&generally: conflict
but&!repair&!new&!disc: positive
but&!repair&!new&disc: neutral
but&!repair&new&!pos: neutral
but&!repair&new&pos: positive
but&repair&!they: negative
but&repair&they&!warranty: neutral
but&repair&they&warranty: negative
DecisionTree learned:
!but&!neg&!way&!reboot: positive
!but&!neg&!way&reboot: conflict
!but&!neg&way&!use: negative
!but&!neg&way&use: conflict
!but&neg&!for&!laptops: negative
!but&neg&!for&laptops: conflict
!but&neg&for&!use: negative
!but&neg&for&use: neutral
but&!mac&!this&!better: negative
but&!mac&!this&better: conflict
but&!mac&this&!know: neutral
but&!mac&this&know: conflict
but&mac&!bit&!pc: positive
but&mac&!bit&pc: positive
but&mac&bit: neutral
DecisionTree learned:
!but&!uses&!generally&!pos: negative
!but&!uses&!generally&pos: positive
!but&!uses&generally: conflict
!but&uses&!of: neutral
!but&uses&of: conflict
but&!mac&!web&!screen: negative
but&!mac&!web&screen: conflict
but&!mac&web&!just: neutral
but&!mac&web&just: positive
but&mac&!another&!in: neutral
but&mac&!another&in: positive
but&mac&another: negative
DecisionTree learned:
!but&!opted&!generally&!get: positive
!but&!opted&!generally&get: negative
!but&!opted&generally: conflict
!but&opted: conflict
but&!most&!tim&!this: negative
but&!most&!tim&this: negative
but&!most&tim: neutral
but&most&!just&!security: conflict
but&most&!just&security: positive
but&most&just: positive
DecisionTree learned:
!but&!for&!stack&!get: negative
!but&!for&!stack&get: negative
!but&!for&stack: conflict
!but&for&!so&!neg: neutral
!but&for&!so&neg: positive
!but&for&so&!laptop: negative
!but&for&so&laptop: conflict
but&!drive&!mac&!disc: positive
but&!drive&!mac&disc: neutral
but&!drive&mac&!bit: positive
but&!drive&mac&bit: neutral
but&drive&!to&!warranty: neutral
but&drive&!to&warranty: negative
but&drive&to: negative
DecisionTree learned:
!but&!neg&!reboot&!i: positive
!but&!neg&!reboot&i: neutral
!but&!neg&reboot: conflict
!but&neg&!much&!for: negative
!but&neg&!much&for: neutral
!but&neg&much&!pos: conflict
!but&neg&much&pos: neutral
but&!this&!so&!screen: negative
but&!this&!so&screen: conflict
but&!this&so&!it: neutral
but&!this&so&it: conflict
but&this&!know&!m: positive
but&this&!know&m: negative
but&this&know: conflict
DecisionTree learned:
!but&!opted&!uses&!requires: negative
!but&!opted&!uses&requires: conflict
!but&!opted&uses&!of: neutral
!but&!opted&uses&of: conflict
!but&opted: conflict
but&!web&!screen&!does: positive
but&!web&!screen&does: negative
but&!web&screen&!and: conflict
but&!web&screen&and: negative
but&web&!just: neutral
but&web&just: positive
DecisionTree learned:
!but&!stack&!for&!pc: negative
!but&!stack&!for&pc: positive
!but&!stack&for&!not: neutral
!but&!stack&for&not: negative
!but&stack: conflict
but&!so&!in&!web: negative
but&!so&!in&web: neutral
but&!so&in&!did: positive
but&!so&in&did: neutral
but&so&!laptop&!pos: conflict
but&so&!laptop&pos: positive
but&so&laptop&!toshiba: neutral
but&so&laptop&toshiba: negative
DecisionTree learned:
!but&!opted&!generally&!my: positive
!but&!opted&!generally&my: neutral
!but&!opted&generally: conflict
!but&opted: conflict
but&!computer&!this&!so: conflict
but&!computer&!this&so: neutral
but&!computer&this&!neg: positive
but&!computer&this&neg: neutral
but&computer&!that&!so: negative
but&computer&!that&so: positive
but&computer&that&!for: positive
but&computer&that&for: conflict
DecisionTree learned:
!but&!for&!get&!and: negative
!but&!for&!get&and: positive
!but&!for&get&!am: negative
!but&!for&get&am: conflict
!but&for&!desktop&!dollar: neutral
!but&for&!desktop&dollar: conflict
!but&for&desktop: conflict
but&!there&!new&!in: conflict
but&!there&!new&in: positive
but&!there&new&!when: positive
but&!there&new&when: conflict
but&there&!to&!much: negative
but&there&!to&much: positive
but&there&to&!with: neutral
but&there&to&with: neutral
DecisionTree learned:
!but&!for&!bars&!requires: negative
!but&!for&!bars&requires: conflict
!but&!for&bars: conflict
!but&for&!so&!neg: neutral
!but&for&!so&neg: neutral
!but&for&so&!laptop: negative
!but&for&so&laptop: conflict
but&!mac&!this&!better: negative
but&!mac&!this&better: conflict
but&!mac&this&!know: neutral
but&!mac&this&know: conflict
but&mac&!another&!bit: positive
but&mac&!another&bit: neutral
but&mac&another: negative
DecisionTree learned:
!but&!uses&!opted&!bars: positive
!but&!uses&!opted&bars: conflict
!but&!uses&opted: conflict
!but&uses&!of: neutral
!but&uses&of: conflict
but&!new&!outside&!a: negative
but&!new&!outside&a: neutral
but&!new&outside&!software: neutral
but&!new&outside&software: neutral
but&new&!with&!pos: positive
but&new&!with&pos: neutral
but&new&with&!just: neutral
but&new&with&just: neutral
DecisionTree learned:
!but&!for&!much&!get: negative
!but&!for&!much&get: negative
!but&!for&much&!laptops: positive
!but&!for&much&laptops: conflict
!but&for&!so&!neg: neutral
!but&for&!so&neg: neutral
!but&for&so&!laptop: negative
!but&for&so&laptop: conflict
but&!this&!so&!outside: negative
but&!this&!so&outside: neutral
but&!this&so&!it: neutral
but&!this&so&it: conflict
but&this&!know&!x: negative
but&this&!know&x: neutral
but&this&know: conflict
DecisionTree learned:
!but&!opted&!bars&!generally: positive
!but&!opted&!bars&generally: conflict
!but&!opted&bars: conflict
!but&opted: conflict
but&!there&!drive&!in: positive
but&!there&!drive&in: neutral
but&!there&drive&!to: neutral
but&!there&drive&to: negative
but&there&!to&!much: negative
but&there&!to&much: positive
but&there&to&!hard: neutral
but&there&to&hard: negative
DecisionTree learned:
!but&!pc&!for&!requires: negative
!but&!pc&!for&requires: conflict
!but&!pc&for&!who: neutral
!but&!pc&for&who: positive
!but&pc&!users&!pos: conflict
!but&pc&!users&pos: positive
!but&pc&users: neutral
but&!standard&!so&!gb: negative
but&!standard&!so&gb: neutral
but&!standard&so&!laptop: conflict
but&!standard&so&laptop: neutral
but&standard: conflict
DecisionTree learned:
!but&!much&!get&!some: positive
!but&!much&!get&some: negative
!but&!much&get&!am: negative
!but&!much&get&am: conflict
!but&much&!i&!neg: positive
!but&much&!i&neg: conflict
!but&much&i&!up: neutral
!but&much&i&up: conflict
but&!apple&!mac&!i: conflict
but&!apple&!mac&i: negative
but&!apple&mac&!another: neutral
but&!apple&mac&another: negative
but&apple&!a&!just: conflict
but&apple&!a&just: positive
but&apple&a&!to: neutral
but&apple&a&to: neutral
DecisionTree learned:
!but&!uses&!stack&!requires: positive
!but&!uses&!stack&requires: conflict
!but&!uses&stack: conflict
!but&uses&!of: neutral
!but&uses&of: conflict
but&!this&!mac&!size: negative
but&!this&!mac&size: neutral
but&!this&mac&!system: positive
but&!this&mac&system: neutral
but&this&!know&!neg: positive
but&this&!know&neg: negative
but&this&know: conflict
DecisionTree learned:
!but&!long&!use&!neg: positive
!but&!long&!use&neg: negative
!but&!long&use&!right: positive
!but&!long&use&right: negative
!but&long&!though&!battery: negative
!but&long&!though&battery: positive
!but&long&though: conflict
but&!if&!new&!outside: negative
but&!if&!new&outside: neutral
but&!if&new&!when: neutral
but&!if&new&when: negative
but&if&!to&!mac: negative
but&if&!to&mac: positive
but&if&to: neutral
DecisionTree learned:
!but&!neg&!way&!bars: positive
!but&!neg&!way&bars: conflict
!but&!neg&way&!use: negative
!but&!neg&way&use: conflict
!but&neg&!for&!laptops: negative
!but&neg&!for&laptops: conflict
!but&neg&for&!it: neutral
!but&neg&for&it: negative
but&!this&!so&!disc: negative
but&!this&!so&disc: neutral
but&!this&so&!graphics: neutral
but&!this&so&graphics: conflict
but&this&!computer&!neg: positive
but&this&!computer&neg: neutral
but&this&computer&!that: negative
but&this&computer&that: conflict
DecisionTree learned:
!but&!neg&!reboot&!n: positive
!but&!neg&!reboot&n: negative
!but&!neg&reboot: conflict
!but&neg&!for&!laptops: negative
!but&neg&!for&laptops: conflict
!but&neg&for&!use: negative
!but&neg&for&use: positive
but&!this&!mac&!laptop: conflict
but&!this&!mac&laptop: neutral
but&!this&mac&!another: positive
but&!this&mac&another: negative
but&this&!computer&!neg: positive
but&this&!computer&neg: negative
but&this&computer&!and: conflict
but&this&computer&and: negative
DecisionTree learned:
!but&!other&!opted&!price: negative
!but&!other&!opted&price: positive
!but&!other&opted: conflict
!but&other&!neg&!only: neutral
!but&other&!neg&only: negative
!but&other&neg&!than: conflict
!but&other&neg&than: positive
but&!hard&!tim&!this: conflict
but&!hard&!tim&this: positive
but&!hard&tim: neutral
but&hard&!to: neutral
but&hard&to: neutral
DecisionTree learned:
!but&!opted&!use&!to: positive
!but&!opted&!use&to: negative
!but&!opted&use&!is: neutral
!but&!opted&use&is: positive
!but&opted: conflict
but&!this&!two&!so: positive
but&!this&!two&so: neutral
but&!this&two: conflict
but&this&!computer&!neg: positive
but&this&!computer&neg: neutral
but&this&computer&!that: negative
but&this&computer&that: conflict
DecisionTree learned:
!but&!for&!requires&!get: negative
!but&!for&!requires&get: negative
!but&!for&requires: conflict
!but&for&!despite&!so: neutral
!but&for&!despite&so: conflict
!but&for&despite: conflict
but&!battery&!my&!and: conflict
but&!battery&!my&and: positive
but&!battery&my&!a: positive
but&!battery&my&a: positive
but&battery&!neg&!storage: negative
but&battery&!neg&storage: negative
but&battery&neg&!a: positive
but&battery&neg&a: conflict
DecisionTree learned:
!but&!generally&!much&!opted: negative
!but&!generally&!much&opted: conflict
!but&!generally&much&!i: positive
!but&!generally&much&i: neutral
!but&generally: conflict
but&!the&!another&!i: conflict
but&!the&!another&i: neutral
but&!the&another: neutral
but&the&!mac&!gb: negative
but&the&!mac&gb: neutral
but&the&mac&!pos: neutral
but&the&mac&pos: positive
DecisionTree learned:
!but&!acceptable&!very&!get: neutral
!but&!acceptable&!very&get: negative
!but&!acceptable&very&!are: positive
!but&!acceptable&very&are: negative
!but&acceptable: conflict
but&!mac&!i&!to: conflict
but&!mac&!i&to: neutral
but&!mac&i&!which: positive
but&!mac&i&which: conflict
but&mac&!the: negative
but&mac&the&!more: neutral
but&mac&the&more: positive
DecisionTree learned:
!but&!neg&!way&!bars: positive
!but&!neg&!way&bars: conflict
!but&!neg&way&!laptop: negative
!but&!neg&way&laptop: conflict
!but&neg&!for&!laptops: negative
!but&neg&!for&laptops: conflict
!but&neg&for&!use: negative
!but&neg&for&use: neutral
but&!mac&!the&!it: neutral
but&!mac&!the&it: conflict
but&!mac&the&!can: positive
but&!mac&the&can: neutral
but&mac&!up&!a: neutral
but&mac&!up&a: neutral
but&mac&up: positive
DecisionTree learned:
!but&!opted&!other&!my: negative
!but&!opted&!other&my: neutral
!but&!opted&other&!neg: neutral
!but&!opted&other&neg: positive
!but&opted: conflict
but&!this&!mac&!disc: positive
but&!this&!mac&disc: neutral
but&!this&mac&!very: neutral
but&!this&mac&very: positive
but&this&!neg&!x: positive
but&this&!neg&x: neutral
but&this&neg&!new: negative
but&this&neg&new: positive
DecisionTree learned:
!but&!get&!and&!reboot: negative
!but&!get&!and&reboot: conflict
!but&!get&and&!sol: positive
!but&!get&and&sol: conflict
!but&get&!am&!pay: negative
!but&get&!am&pay: conflict
!but&get&am&!toshiba: conflict
!but&get&am&toshiba: negative
but&!mac&!size&!think: positive
but&!mac&!size&think: neutral
but&!mac&size&!and: neutral
but&!mac&size&and: neutral
but&mac&!bit&!pc: positive
but&mac&!bit&pc: positive
but&mac&bit: neutral
DecisionTree learned:
!but&!uses&!price&!long: negative
!but&!uses&!price&long: positive
!but&!uses&price&!worth: positive
!but&!uses&price&worth: conflict
!but&uses&!of: neutral
!but&uses&of: conflict
but&!new&!whole&!certain: negative
but&!new&!whole&certain: neutral
but&!new&whole&!just: neutral
but&!new&whole&just: positive
but&new&!with&!pos: positive
but&new&!with&pos: neutral
but&new&with&!just: neutral
but&new&with&just: neutral
DecisionTree learned:
!but&!generally&!dollar&!uses: negative
!but&!generally&!dollar&uses: neutral
!but&!generally&dollar: conflict
!but&generally: conflict
but&!this&!laptop&!than: negative
but&!this&!laptop&than: conflict
but&!this&laptop&!i: positive
but&!this&laptop&i: neutral
but&this&!computer&!neg: positive
but&this&!computer&neg: negative
but&this&computer&!that: negative
but&this&computer&that: conflict
DecisionTree learned:
!but&!pos&!much&!i: negative
!but&!pos&!much&i: neutral
!but&!pos&much&!neg: positive
!but&!pos&much&neg: conflict
!but&pos&!months&!generally: positive
!but&pos&!months&generally: conflict
!but&pos&months&!sent: negative
!but&pos&months&sent: neutral
but&!hard&!web&!screen: positive
but&!hard&!web&screen: conflict
but&!hard&web&!is: neutral
but&!hard&web&is: neutral
but&hard&!with&!to: neutral
but&hard&!with&to: neutral
but&hard&with: negative
DecisionTree learned:
!but&!acceptable&!bars&!opted: negative
!but&!acceptable&!bars&opted: conflict
!but&!acceptable&bars: conflict
!but&acceptable: conflict
but&!this&!so&!two: positive
but&!this&!so&two: conflict
but&!this&so&!the: neutral
but&!this&so&the: conflict
but&this&!know&!neg: positive
but&this&!know&neg: neutral
but&this&know: conflict
DecisionTree learned:
!but&!for&!replaced&!need: negative
!but&!for&!replaced&need: neutral
!but&!for&replaced&!inside: negative
!but&!for&replaced&inside: neutral
!but&for&!so&!neg: neutral
!but&for&!so&neg: neutral
!but&for&so&!battery: negative
!but&for&so&battery: conflict
but&!got&!mac&!this: positive
but&!got&!mac&this: neutral
but&!got&mac&!up: neutral
but&!got&mac&up: positive
but&got&!so: negative
but&got&so: positive
DecisionTree learned:
!but&!much&!generally&!other: negative
!but&!much&!generally&other: neutral
!but&!much&generally: conflict
!but&much&!i&!neg: positive
!but&much&!i&neg: conflict
!but&much&i&!it: neutral
!but&much&i&it: conflict
but&!a&!quality&!the: conflict
but&!a&!quality&the: positive
but&!a&quality&!and: conflict
but&!a&quality&and: conflict
but&a&!which&!i: conflict
but&a&!which&i: neutral
but&a&which&!and: conflict
but&a&which&and: positive
DecisionTree learned:
!but&!neg&!bars&!rarely: positive
!but&!neg&!bars&rarely: negative
!but&!neg&bars: conflict
!but&neg&!much&!for: negative
!but&neg&!much&for: neutral
!but&neg&much&!pos: conflict
!but&neg&much&pos: neutral
but&!this&!mac&!better: positive
but&!this&!mac&better: conflict
but&!this&mac&!very: neutral
but&!this&mac&very: positive
but&this&!know&!neg: positive
but&this&!know&neg: negative
but&this&know: conflict
DecisionTree learned:
!but&!uses&!get&!you: positive
!but&!uses&!get&you: neutral
!but&!uses&get&!out: negative
!but&!uses&get&out: neutral
!but&uses&!of: neutral
!but&uses&of: conflict
but&!this&!mac&!size: conflict
but&!this&!mac&size: neutral
but&!this&mac&!it: positive
but&!this&mac&it: neutral
but&this&!neg&!x: positive
but&this&!neg&x: neutral
but&this&neg&!know: negative
but&this&neg&know: conflict
DecisionTree learned:
!but&!pos&!worth&!battery: neutral
!but&!pos&!worth&battery: negative
!but&!pos&worth&!price: negative
!but&!pos&worth&price: conflict
!but&pos&!generally&!to: positive
!but&pos&!generally&to: negative
!but&pos&generally: conflict
but&!outside&!hard&!with: negative
but&!outside&!hard&with: neutral
but&!outside&hard&!with: neutral
but&!outside&hard&with: negative
but&outside&!software: neutral
but&outside&software&!windows: positive
but&outside&software&windows: neutral
DecisionTree learned:
!but&!other&!my&!laptops: negative
!but&!other&!my&laptops: neutral
!but&!other&my&!laptop: neutral
!but&!other&my&laptop: negative
!but&other&!neg&!only: neutral
!but&other&!neg&only: negative
!but&other&neg&!than: conflict
!but&other&neg&than: positive
but&!this&!so&!overall: positive
but&!this&!so&overall: neutral
but&!this&so&!pos: conflict
but&!this&so&pos: neutral
but&this&!neg&!x: positive
but&this&!neg&x: neutral
but&this&neg&!was: negative
but&this&neg&was: positive
DecisionTree learned:
!but&!much&!requires&!for: negative
!but&!much&!requires&for: neutral
!but&!much&requires: conflict
!but&much&!i&!neg: positive
!but&much&!i&neg: conflict
!but&much&i&!it: neutral
!but&much&i&it: conflict
but&!temperatures&!learning&!the: conflict
but&!temperatures&!learning&the: negative
but&!temperatures&learning&!with: neutral
but&!temperatures&learning&with: neutral
but&temperatures: neutral
DecisionTree learned:
!but&!bars&!for&!requires: negative
!but&!bars&!for&requires: conflict
!but&!bars&for&!so: neutral
!but&!bars&for&so: negative
!but&bars: conflict
but&!temperatures&!this&!disc: positive
but&!temperatures&!this&disc: neutral
but&!temperatures&this&!know: neutral
but&!temperatures&this&know: conflict
but&temperatures: neutral
DecisionTree learned:
!but&!opted&!generally&!other: negative
!but&!opted&!generally&other: neutral
!but&!opted&generally: conflict
!but&opted: conflict
but&!drive&!mac&!apple: positive
but&!drive&!mac&apple: neutral
but&!drive&mac&!pos: neutral
but&!drive&mac&pos: positive
but&drive&!to&!warranty: neutral
but&drive&!to&warranty: negative
but&drive&to: negative
DecisionTree learned:
!but&!uses&!opted&!long: negative
!but&!uses&!opted&long: positive
!but&!uses&opted: conflict
!but&uses&!of: neutral
!but&uses&of: conflict
but&!mac&!if&!did: positive
but&!mac&!if&did: neutral
but&!mac&if&!to: negative
but&!mac&if&to: neutral
but&mac&!the: negative
but&mac&the&!use: neutral
but&mac&the&use: positive
DecisionTree learned:
!but&!for&!stack&!get: negative
!but&!for&!stack&get: negative
!but&!for&stack: conflict
!but&for&!dollar&!despite: neutral
!but&for&!dollar&despite: conflict
!but&for&dollar: conflict
but&!with&!better&!so: positive
but&!with&!better&so: neutral
but&!with&better&!on: conflict
but&!with&better&on: conflict
but&with&!full&!extra: neutral
but&with&!full&extra: conflict
but&with&full&!software: conflict
but&with&full&software: positive
DecisionTree learned:
!but&!very&!price&!opted: negative
!but&!very&!price&opted: conflict
!but&!very&price&!worth: positive
!but&!very&price&worth: conflict
!but&very&!some&!are: positive
!but&very&!some&are: negative
!but&very&some: conflict
but&!this&!laptop&!mac: conflict
but&!this&!laptop&mac: neutral
but&!this&laptop&!was: neutral
but&!this&laptop&was: positive
but&this&!know&!because: negative
but&this&!know&because: neutral
but&this&know: conflict
DecisionTree learned:
!but&!generally&!opted&!get: positive
!but&!generally&!opted&get: negative
!but&!generally&opted: conflict
!but&generally: conflict
but&!this&!so&!size: negative
but&!this&!so&size: neutral
but&!this&so&!it: neutral
but&!this&so&it: conflict
but&this&!know&!neg: positive
but&this&!know&neg: negative
but&this&know: conflict
DecisionTree learned:
!but&!for&!compact&!they: negative
!but&!for&!compact&they: neutral
!but&!for&compact: conflict
!but&for&!so&!neg: neutral
!but&for&!so&neg: neutral
!but&for&so&!laptop: negative
!but&for&so&laptop: conflict
but&!with&!new&!did: positive
but&!with&!new&did: neutral
but&!with&new&!when: neutral
but&!with&new&when: negative
but&with&!full&!use: neutral
but&with&!full&use: positive
but&with&full&!software: conflict
but&with&full&software: conflict
DecisionTree learned:
!but&!generally&!i&!you: positive
!but&!generally&!i&you: neutral
!but&!generally&i&!get: neutral
!but&!generally&i&get: neutral
!but&generally: conflict
but&!temperatures&!a&!you: positive
but&!temperatures&!a&you: positive
but&!temperatures&a&!battery: neutral
but&!temperatures&a&battery: conflict
but&temperatures: neutral
DecisionTree learned:
!but&!opted&!other&!my: negative
!but&!opted&!other&my: neutral
!but&!opted&other&!neg: neutral
!but&!opted&other&neg: positive
!but&opted: conflict
but&!this&!so&!apple: negative
but&!this&!so&apple: neutral
but&!this&so&!it: neutral
but&!this&so&it: conflict
but&this&!computer&!neg: positive
but&this&!computer&neg: neutral
but&this&computer&!that: negative
but&this&computer&that: conflict
DecisionTree learned:
!but&!for&!requires&!pc: negative
!but&!for&!requires&pc: positive
!but&!for&requires: conflict
!but&for&!so&!neg: neutral
!but&for&!so&neg: neutral
!but&for&so&!battery: positive
!but&for&so&battery: conflict
but&!web&!screen&!learning: positive
but&!web&!screen&learning: neutral
but&!web&screen&!the: conflict
but&!web&screen&the: negative
but&web&!is: positive
but&web&is: neutral
DecisionTree learned:
!but&!opted&!generally&!stack: negative
!but&!opted&!generally&stack: conflict
!but&!opted&generally: conflict
!but&opted: conflict
but&!this&!size&!screen: positive
but&!this&!size&screen: conflict
but&!this&size&!pos: neutral
but&!this&size&pos: neutral
but&this&!computer&!warranty: neutral
but&this&!computer&warranty: negative
but&this&computer&!that: negative
but&this&computer&that: conflict
Trial 0 Training cc.mallet.classify.AdaBoostM2Trainer@49ff0dde finished
Trial 0 Trainer cc.mallet.classify.AdaBoostM2Trainer@49ff0dde test data accuracy = 0.5598377281947262

NaiveBayesTrainer
Summary. test accuracy mean = 0.5294117647058824 stddev = 0.0 stderr = 0.0

MaxEntTrainer,gaussianPriorVariance=1.0
Summary. test accuracy mean = 0.6308316430020284 stddev = 0.0 stderr = 0.0

cc.mallet.classify.DecisionTreeTrainer@38b5dac4
Summary. test accuracy mean = 0.539553752535497 stddev = 0.0 stderr = 0.0

cc.mallet.classify.AdaBoostM2Trainer@49ff0dde
Summary. test accuracy mean = 0.5598377281947262 stddev = 0.0 stderr = 0.0
