
-------------------- Trial 0  --------------------

Trial 0 Training NaiveBayesTrainer with 1865 instances
Trial 0 Training NaiveBayesTrainer finished
Trial 0 Trainer NaiveBayesTrainer test data accuracy = 0.5598377281947262
Trial 0 Training MaxEntTrainer,gaussianPriorVariance=1.0 with 1865 instances
Trial 0 Training MaxEntTrainer,gaussianPriorVariance=1.0 finished
Trial 0 Trainer MaxEntTrainer,gaussianPriorVariance=1.0 test data accuracy = 0.6551724137931034
Trial 0 Training cc.mallet.classify.DecisionTreeTrainer@3e110003 with 1865 instances
DecisionTree learned:
!great&!easy&!but&!fast: negative
!great&!easy&!but&fast: positive
!great&!easy&but&!x: negative
!great&!easy&but&x: neutral
!great&easy&!one&!of: positive
!great&easy&!one&of: positive
!great&easy&one&!to: conflict
!great&easy&one&to: neutral
great&!had&!but&!lack: positive
great&!had&!but&lack: negative
great&!had&but&!one: positive
great&!had&but&one: negative
great&had&!it: negative
great&had&it: negative
Trial 0 Training cc.mallet.classify.DecisionTreeTrainer@3e110003 finished
Trial 0 Trainer cc.mallet.classify.DecisionTreeTrainer@3e110003 test data accuracy = 0.513184584178499
Trial 0 Training cc.mallet.classify.AdaBoostM2Trainer@73901437 with 1865 instances
DecisionTree learned:
!great&!easy&!but&!fast: negative
!great&!easy&!but&fast: positive
!great&!easy&but&!x: negative
!great&!easy&but&x: neutral
!great&easy&!go&!already: positive
!great&easy&!go&already: neutral
!great&easy&go&!use: neutral
!great&easy&go&use: neutral
great&!had&!but&!lack: positive
great&!had&!but&lack: negative
great&!had&but&!one: positive
great&!had&but&one: negative
great&had&!it: negative
great&had&it: negative
DecisionTree learned:
!but&!great&!easy&!love: negative
!but&!great&!easy&love: positive
!but&!great&easy&!for: positive
!but&!great&easy&for: positive
!but&great&!had&!lack: positive
!but&great&!had&lack: negative
!but&great&had&!it: negative
!but&great&had&it: negative
but&!mac&!be&!the: conflict
but&!mac&!be&the: negative
but&!mac&be&!more: negative
but&!mac&be&more: positive
but&mac&!its&!have: positive
but&mac&!its&have: negative
but&mac&its&!just: neutral
but&mac&its&just: neutral
DecisionTree learned:
!but&!great&!movie&!easy: negative
!but&!great&!movie&easy: positive
!but&!great&movie&!just: neutral
!but&!great&movie&just: neutral
!but&great&!had&!lack: positive
!but&great&!had&lack: negative
!but&great&had&!it: negative
!but&great&had&it: negative
but&!mac&!this&!got: negative
but&!mac&!this&got: negative
but&!mac&this&!x: negative
but&!mac&this&x: neutral
but&mac&!system&!more: positive
but&mac&!system&more: positive
but&mac&system&!is: negative
but&mac&system&is: neutral
DecisionTree learned:
!but&!great&!movie&!and: negative
!but&!great&!movie&and: positive
!but&!great&movie&!just: neutral
!but&!great&movie&just: neutral
!but&great&!had&!nearly: positive
!but&great&!had&nearly: neutral
!but&great&had&!it: negative
!but&great&had&it: negative
but&!mac&!well&!got: negative
but&!mac&!well&got: negative
but&!mac&well&!not: positive
but&!mac&well&not: neutral
but&mac&!have&!its: positive
but&mac&!have&its: neutral
but&mac&have: negative
DecisionTree learned:
!but&!fast&!good&!great: negative
!but&!fast&!good&great: positive
!but&!fast&good&!at: positive
!but&!fast&good&at: neutral
!but&fast&!one&!you: positive
!but&fast&!one&you: positive
!but&fast&one: neutral
but&!mac&!x&!like: negative
but&!mac&!x&like: positive
but&!mac&x&!is: neutral
but&!mac&x&is: positive
but&mac&!have&!up: neutral
but&mac&!have&up: positive
but&mac&have: negative
DecisionTree learned:
!but&!great&!not&!easy: positive
!but&!great&!not&easy: positive
!but&!great&not&!through: negative
!but&!great&not&through: neutral
!but&great&!had&!nearly: positive
!but&great&!had&nearly: neutral
!but&great&had&!it: negative
!but&great&had&it: negative
but&!so&!got&!think: positive
but&!so&!got&think: neutral
but&!so&got: negative
but&so&!laptop&!i: neutral
but&so&!laptop&i: positive
but&so&laptop&!toshiba: neutral
but&so&laptop&toshiba: negative
DecisionTree learned:
!but&!fast&!not&!for: positive
!but&!fast&!not&for: positive
!but&!fast&not&!apple: negative
!but&!fast&not&apple: positive
!but&fast&!with: positive
!but&fast&with&!software: positive
!but&fast&with&software: positive
but&!yes&!new&!in: negative
but&!yes&!new&in: neutral
but&!yes&new&!with: positive
but&!yes&new&with: neutral
but&yes&!and: conflict
but&yes&and&!make: positive
but&yes&and&make: positive
DecisionTree learned:
!but&!great&!love&!good: negative
!but&!great&!love&good: positive
!but&!great&love&!size: positive
!but&!great&love&size: neutral
!but&great&!had&!speakers: positive
!but&great&!had&speakers: negative
!but&great&had&!it: negative
!but&great&had&it: negative
but&!mac&!be&!the: conflict
but&!mac&!be&the: negative
but&!mac&be&!which: negative
but&!mac&be&which: conflict
but&mac&!have&!more: neutral
but&mac&!have&more: positive
but&mac&have: negative
DecisionTree learned:
!but&!fast&!easy&!not: positive
!but&!fast&!easy&not: negative
!but&!fast&easy&!go: positive
!but&!fast&easy&go: neutral
!but&fast&!with: positive
!but&fast&with&!just: positive
!but&fast&with&just: neutral
but&!mac&!hard&!this: negative
but&!mac&!hard&this: negative
but&!mac&hard&!it: neutral
but&!mac&hard&it: negative
but&mac&!in&!up: neutral
but&mac&!in&up: positive
but&mac&in&!easy: positive
but&mac&in&easy: positive
DecisionTree learned:
!but&!love&!i&!movie: positive
!but&!love&!i&movie: neutral
!but&!love&i&!complain: neutral
!but&!love&i&complain: conflict
!but&love&!size&!over: positive
!but&love&!size&over: negative
!but&love&size&!my: neutral
!but&love&size&my: positive
but&!mac&!x&!processing: negative
but&!mac&!x&processing: neutral
but&!mac&x&!is: neutral
but&!mac&x&is: positive
but&mac&!more&!up: neutral
but&mac&!more&up: positive
but&mac&more: positive
DecisionTree learned:
!but&!not&!for&!good: positive
!but&!not&!for&good: positive
!but&!not&for&!office: positive
!but&!not&for&office: neutral
!but&not&!apple&!because: negative
!but&not&!apple&because: negative
!but&not&apple: positive
but&!got&!mac&!warranty: positive
but&!got&!mac&warranty: negative
but&!got&mac&!bit: positive
but&!got&mac&bit: neutral
but&got&!so: negative
but&got&so: positive
DecisionTree learned:
!but&!back&!for&!and: negative
!but&!back&!for&and: positive
!but&!back&for&!so: positive
!but&!back&for&so: negative
!but&back&!a&!and: negative
!but&back&!a&and: neutral
!but&back&a&!motherboard: negative
!but&back&a&motherboard: negative
but&!well&!got&!to: negative
but&!well&!got&to: neutral
but&!well&got: negative
but&well&!as&!is: positive
but&well&!as&is: conflict
but&well&as&!i: positive
but&well&as&i: neutral
DecisionTree learned:
!but&!fast&!easy&!love: negative
!but&!fast&!easy&love: positive
!but&!fast&easy&!go: positive
!but&!fast&easy&go: neutral
!but&fast&!one&!you: positive
!but&fast&!one&you: positive
!but&fast&one: neutral
but&!mac&!did&!be: positive
but&!mac&!did&be: negative
but&!mac&did&!in: neutral
but&!mac&did&in: neutral
but&mac&!had&!use: neutral
but&mac&!had&use: positive
but&mac&had&!and: negative
but&mac&had&and: positive
DecisionTree learned:
!but&!good&!for&!much: negative
!but&!good&!for&much: positive
!but&!good&for&!in: neutral
!but&!good&for&in: negative
!but&good&!at&!it: positive
!but&good&!at&it: positive
!but&good&at&!i: neutral
!but&good&at&i: positive
but&!this&!so&!difference: negative
but&!this&!so&difference: neutral
but&!this&so&!it: neutral
but&!this&so&it: conflict
but&this&!x&!a: negative
but&this&!x&a: neutral
but&this&x: neutral
DecisionTree learned:
!but&!then&!for&!same: positive
!but&!then&!for&same: neutral
!but&!then&for&!so: neutral
!but&!then&for&so: negative
!but&then&!inside&!works: negative
!but&then&!inside&works: neutral
!but&then&inside: neutral
but&!laptops&!yes&!new: negative
but&!laptops&!yes&new: neutral
but&!laptops&yes&!and: conflict
but&!laptops&yes&and: positive
but&laptops&!easy&!use: positive
but&laptops&!easy&use: positive
but&laptops&easy: neutral
DecisionTree learned:
!but&!and&!or&!awesome: negative
!but&!and&!or&awesome: positive
!but&!and&or&!for: negative
!but&!and&or&for: neutral
!but&and&!i&!were: positive
!but&and&!i&were: negative
!but&and&i&!complain: neutral
!but&and&i&complain: conflict
but&!hard&!mac&!features: negative
but&!hard&!mac&features: positive
but&!hard&mac&!have: positive
but&!hard&mac&have: negative
but&hard&!the: conflict
but&hard&the&!you: neutral
but&hard&the&you: neutral
DecisionTree learned:
!but&!great&!very&!much: negative
!but&!great&!very&much: positive
!but&!great&very&!functions: positive
!but&!great&very&functions: conflict
!but&great&!lack&!had: positive
!but&great&!lack&had: negative
!but&great&lack: negative
but&!think&!so&!repair: positive
but&!think&!so&repair: negative
but&!think&so&!laptop: conflict
but&!think&so&laptop: neutral
but&think&!on: negative
but&think&on: neutral
DecisionTree learned:
!but&!for&!pc&!requires: negative
!but&!for&!pc&requires: conflict
!but&!for&pc&!and: conflict
!but&!for&pc&and: positive
!but&for&!in&!despite: neutral
!but&for&!in&despite: conflict
!but&for&in&!life: negative
!but&for&in&life: positive
but&!there&!repair&!new: negative
but&!there&!repair&new: neutral
but&!there&repair&!to: negative
but&!there&repair&to: neutral
but&there&!this&!much: negative
but&there&!this&much: positive
but&there&this: neutral
DecisionTree learned:
!but&!after&!had&!and: negative
!but&!after&!had&and: positive
!but&!after&had&!up: negative
!but&!after&had&up: positive
!but&after&!with&!what: negative
!but&after&!with&what: positive
!but&after&with&!i: negative
!but&after&with&i: positive
but&!mac&!this&!so: negative
but&!mac&!this&so: conflict
but&!mac&this&!know: negative
but&!mac&this&know: conflict
but&mac&!more&!up: neutral
but&mac&!more&up: positive
but&mac&more: positive
DecisionTree learned:
!but&!and&!though&!is: negative
!but&!and&!though&is: negative
!but&!and&though&!can: conflict
!but&!and&though&can: neutral
!but&and&!complain&!i: positive
!but&and&!complain&i: neutral
!but&and&complain: conflict
but&!this&!so&!difference: negative
but&!this&!so&difference: neutral
but&!this&so&!it: neutral
but&!this&so&it: conflict
but&this&!x&!know: negative
but&this&!x&know: conflict
but&this&x: neutral
DecisionTree learned:
!but&!much&!is&!love: negative
!but&!much&!is&love: positive
!but&!much&is&!not: positive
!but&!much&is&not: negative
!but&much&!i&!out: positive
!but&much&!i&out: conflict
!but&much&i&!up: neutral
!but&much&i&up: conflict
but&!this&!so&!which: negative
but&!this&!so&which: conflict
but&!this&so&!laptop: conflict
but&!this&so&laptop: neutral
but&this&!know&!features: negative
but&this&!know&features: positive
but&this&know: conflict
DecisionTree learned:
!but&!great&!amazing&!uses: negative
!but&!great&!amazing&uses: neutral
!but&!great&amazing: positive
!but&great&!for&!had: positive
!but&great&!for&had: negative
!but&great&for&!is: neutral
!but&great&for&is: positive
but&!this&!so&!and: negative
but&!this&!so&and: positive
but&!this&so&!it: neutral
but&!this&so&it: conflict
but&this&!computer&!features: neutral
but&this&!computer&features: positive
but&this&computer&!that: negative
but&this&computer&that: conflict
DecisionTree learned:
!but&!complain&!and&!laptops: negative
!but&!complain&!and&laptops: conflict
!but&!complain&and&!back: positive
!but&!complain&and&back: negative
!but&complain&!and: positive
!but&complain&and: conflict
but&!there&!repair&!new: positive
but&!there&!repair&new: neutral
but&!there&repair&!they: negative
but&!there&repair&they: neutral
but&there&!to&!much: negative
but&there&!to&much: positive
but&there&to&!with: neutral
but&there&to&with: neutral
DecisionTree learned:
!but&!uses&!would&!months: positive
!but&!uses&!would&months: negative
!but&!uses&would&!i: negative
!but&!uses&would&i: negative
!but&uses&!of: neutral
!but&uses&of: conflict
but&!mac&!this&!has: negative
but&!mac&!this&has: conflict
but&!mac&this&!have: neutral
but&!mac&this&have: negative
but&mac&!bit&!have: positive
but&mac&!bit&have: negative
but&mac&bit: neutral
DecisionTree learned:
!but&!much&!complain&!and: negative
!but&!much&!complain&and: positive
!but&!much&complain&!and: positive
!but&!much&complain&and: conflict
!but&much&!i&!pc: positive
!but&much&!i&pc: conflict
!but&much&i&!it: neutral
!but&much&i&it: conflict
but&!there&!difference&!think: positive
but&!there&!difference&think: neutral
but&!there&difference&!to: neutral
but&!there&difference&to: neutral
but&there&!much&!to: negative
but&there&!much&to: neutral
but&there&much: positive
DecisionTree learned:
!but&!bars&!great&!after: positive
!but&!bars&!great&after: negative
!but&!bars&great&!pad: positive
!but&!bars&great&pad: neutral
!but&bars: conflict
but&!did&!difference&!mac: negative
but&!did&!difference&mac: positive
but&!did&difference&!to: neutral
but&!did&difference&to: neutral
but&did&!in&!software: conflict
but&did&!in&software: neutral
but&did&in&!on: negative
but&did&in&on: neutral
DecisionTree learned:
!but&!love&!very&!then: negative
!but&!love&!very&then: negative
!but&!love&very&!functions: positive
!but&!love&very&functions: conflict
!but&love&!size&!program: positive
!but&love&!size&program: neutral
!but&love&size&!my: neutral
!but&love&size&my: positive
but&!mac&!this&!so: positive
but&!mac&!this&so: neutral
but&!mac&this&!know: negative
but&!mac&this&know: conflict
but&mac&!more&!up: neutral
but&mac&!more&up: positive
but&mac&more: positive
DecisionTree learned:
!but&!for&!pc&!they: positive
!but&!for&!pc&they: neutral
!but&!for&pc&!and: conflict
!but&!for&pc&and: positive
!but&for&!so&!desktop: neutral
!but&for&!so&desktop: conflict
!but&for&so&!laptop: negative
!but&for&so&laptop: conflict
but&!mac&!this&!better: negative
but&!mac&!this&better: conflict
but&!mac&this&!ever: negative
but&!mac&this&ever: negative
but&mac&!its&!bit: positive
but&mac&!its&bit: neutral
but&mac&its&!just: neutral
but&mac&its&just: neutral
DecisionTree learned:
!but&!and&!laptops&!requires: negative
!but&!and&!laptops&requires: conflict
!but&!and&laptops&!much: negative
!but&!and&laptops&much: conflict
!but&and&!complain&!i: positive
!but&and&!complain&i: neutral
!but&and&complain: conflict
but&!hard&!mac&!this: negative
but&!hard&!mac&this: negative
but&!hard&mac&!had: neutral
but&!hard&mac&had: positive
but&hard&!it&!new: neutral
but&hard&!it&new: neutral
but&hard&it&!to: negative
but&hard&it&to: conflict
DecisionTree learned:
!but&!for&!awesome&!pc: negative
!but&!for&!awesome&pc: positive
!but&!for&awesome&!everything: positive
!but&!for&awesome&everything: positive
!but&for&!so&!despite: neutral
!but&for&!so&despite: conflict
!but&for&so&!laptop: negative
!but&for&so&laptop: conflict
but&!think&!if&!difference: negative
but&!think&!if&difference: neutral
but&!think&if&!to: negative
but&!think&if&to: neutral
but&think&!on: negative
but&think&on: neutral
DecisionTree learned:
!but&!complain&!and&!awesome: negative
!but&!complain&!and&awesome: positive
!but&!complain&and&!warranty: positive
!but&!complain&and&warranty: neutral
!but&complain&!and: positive
!but&complain&and: conflict
but&!this&!so&!and: conflict
but&!this&!so&and: positive
but&!this&so&!it: neutral
but&!this&so&it: conflict
but&this&!know&!has: positive
but&this&!know&has: negative
but&this&know: conflict
DecisionTree learned:
!but&!much&!opted&!fast: negative
!but&!much&!opted&fast: positive
!but&!much&opted: conflict
!but&much&!i&!out: positive
!but&much&!i&out: conflict
!but&much&i&!up: neutral
!but&much&i&up: conflict
but&!there&!like&!this: conflict
but&!there&!like&this: negative
but&!there&like&!it: positive
but&!there&like&it: negative
but&there&!to&!much: negative
but&there&!to&much: positive
but&there&to&!with: neutral
but&there&to&with: neutral
DecisionTree learned:
!but&!requires&!for&!get: negative
!but&!requires&!for&get: negative
!but&!requires&for&!so: neutral
!but&!requires&for&so: negative
!but&requires: conflict
but&!drive&!yes&!difference: negative
but&!drive&!yes&difference: neutral
but&!drive&yes&!and: conflict
but&!drive&yes&and: positive
but&drive&!to&!is: negative
but&drive&!to&is: neutral
but&drive&to: negative
DecisionTree learned:
!but&!complain&!pc&!were: positive
!but&!complain&!pc&were: negative
!but&!complain&pc&!users: positive
!but&!complain&pc&users: neutral
!but&complain&!and: positive
!but&complain&and: conflict
but&!and&!screen&!to: negative
but&!and&!screen&to: neutral
but&!and&screen&!computer: conflict
but&!and&screen&computer: negative
but&and&!than&!out: positive
but&and&!than&out: negative
but&and&than&!with: positive
but&and&than&with: conflict
DecisionTree learned:
!but&!much&!opted&!very: negative
!but&!much&!opted&very: positive
!but&!much&opted: conflict
!but&much&!of&!laptops: positive
!but&much&!of&laptops: conflict
!but&much&of&!not: negative
!but&much&of&not: neutral
but&!did&!hard&!if: negative
but&!did&!hard&if: neutral
but&!did&hard&!the: conflict
but&!did&hard&the: neutral
but&did&!in&!software: conflict
but&did&!in&software: neutral
but&did&in&!on: neutral
but&did&in&on: neutral
DecisionTree learned:
!but&!generally&!much&!easy: negative
!but&!generally&!much&easy: positive
!but&!generally&much&!i: positive
!but&!generally&much&i: neutral
!but&generally: conflict
but&!this&!so&!hard: negative
but&!this&!so&hard: neutral
but&!this&so&!it: neutral
but&!this&so&it: conflict
but&this&!have&!to: positive
but&this&!have&to: neutral
but&this&have&!it: positive
but&this&have&it: negative
DecisionTree learned:
!but&!would&!for&!bars: negative
!but&!would&!for&bars: conflict
!but&!would&for&!to: positive
!but&!would&for&to: neutral
!but&would&!laptop&!their: negative
!but&would&!laptop&their: neutral
!but&would&laptop&!this: negative
!but&would&laptop&this: positive
but&!this&!so&!quality: negative
but&!this&!so&quality: conflict
but&!this&so&!old: neutral
but&!this&so&old: positive
but&this&!have&!to: positive
but&this&!have&to: neutral
but&this&have&!it: positive
but&this&have&it: negative
DecisionTree learned:
!but&!for&!requires&!bars: negative
!but&!for&!requires&bars: conflict
!but&!for&requires: conflict
!but&for&!so&!to: positive
!but&for&!so&to: neutral
!but&for&so&!battery: negative
!but&for&so&battery: conflict
but&!mac&!be&!better: positive
but&!mac&!be&better: conflict
but&!mac&be&!with: negative
but&!mac&be&with: negative
but&mac&!very&!have: neutral
but&mac&!very&have: negative
but&mac&very: positive
DecisionTree learned:
!but&!uses&!bars&!very: negative
!but&!uses&!bars&very: positive
!but&!uses&bars: conflict
!but&uses&!of: neutral
!but&uses&of: conflict
but&!the&!it&!i: conflict
but&!the&!it&i: neutral
but&!the&it&!for: conflict
but&!the&it&for: positive
but&the&!hard&!mac: negative
but&the&!hard&mac: neutral
but&the&hard&!you: neutral
but&the&hard&you: neutral
DecisionTree learned:
!but&!love&!generally&!uses: negative
!but&!love&!generally&uses: neutral
!but&!love&generally: conflict
!but&love&!a&!games: positive
!but&love&!a&games: neutral
!but&love&a&!the: positive
!but&love&a&the: neutral
but&!did&!mac&!hard: negative
but&!did&!mac&hard: neutral
but&!did&mac&!have: positive
but&!did&mac&have: negative
but&did&!me&!of: neutral
but&did&!me&of: neutral
but&did&me: negative
DecisionTree learned:
!but&!movie&!complain&!and: negative
!but&!movie&!complain&and: positive
!but&!movie&complain&!and: positive
!but&!movie&complain&and: conflict
!but&movie&!just: neutral
!but&movie&just: neutral
but&!new&!drive&!in: negative
but&!new&!drive&in: positive
but&!new&drive&!to: neutral
but&!new&drive&to: negative
but&new&!when&!some: neutral
but&new&!when&some: positive
but&new&when&!so: negative
but&new&when&so: neutral
DecisionTree learned:
!but&!uses&!amazing&!love: negative
!but&!uses&!amazing&love: positive
!but&!uses&amazing: positive
!but&uses&!of: neutral
!but&uses&of: conflict
but&!this&!so&!difference: negative
but&!this&!so&difference: neutral
but&!this&so&!it: neutral
but&!this&so&it: conflict
but&this&!know&!features: negative
but&this&!know&features: positive
but&this&know: conflict
DecisionTree learned:
!but&!warranty&!and&!laptops: negative
!but&!warranty&!and&laptops: conflict
!but&!warranty&and&!complain: positive
!but&!warranty&and&complain: conflict
!but&warranty&!all&!able: neutral
!but&warranty&!all&able: negative
!but&warranty&all&!much: negative
!but&warranty&all&much: conflict
but&!this&!so&!screen: negative
but&!this&!so&screen: conflict
but&!this&so&!it: neutral
but&!this&so&it: conflict
but&this&!x&!know: negative
but&this&!x&know: conflict
but&this&x: neutral
DecisionTree learned:
!but&!and&!laptops&!is: negative
!but&!and&!laptops&is: negative
!but&!and&laptops&!much: negative
!but&!and&laptops&much: conflict
!but&and&!complain&!i: positive
!but&and&!complain&i: neutral
!but&and&complain: conflict
but&!mac&!web&!screen: negative
but&!mac&!web&screen: conflict
but&!mac&web&!just: neutral
but&!mac&web&just: positive
but&mac&!the&!and: negative
but&mac&!the&and: positive
but&mac&the&!more: neutral
but&mac&the&more: positive
DecisionTree learned:
!but&!for&!pc&!requires: negative
!but&!for&!pc&requires: conflict
!but&!for&pc&!and: conflict
!but&!for&pc&and: positive
!but&for&!so&!desktop: neutral
!but&for&!so&desktop: conflict
!but&for&so&!laptop: negative
!but&for&so&laptop: conflict
but&!this&!so&!in: conflict
but&!this&!so&in: positive
but&!this&so&!it: neutral
but&!this&so&it: conflict
but&this&!have&!to: positive
but&this&!have&to: neutral
but&this&have&!with: positive
but&this&have&with: negative
DecisionTree learned:
!but&!after&!i&!you: positive
!but&!after&!i&you: neutral
!but&!after&i&!get: neutral
!but&!after&i&get: negative
!but&after&!with&!price: neutral
!but&after&!with&price: positive
!but&after&with&!i: negative
!but&after&with&i: positive
but&!outside&!this&!so: negative
but&!outside&!this&so: neutral
but&!outside&this&!amazing: negative
but&!outside&this&amazing: positive
but&outside&!software: neutral
but&outside&software: neutral
DecisionTree learned:
!but&!opted&!after&!movie: positive
!but&!opted&!after&movie: neutral
!but&!opted&after&!warranty: negative
!but&!opted&after&warranty: neutral
!but&opted: conflict
but&!windows&!did&!mac: negative
but&!windows&!did&mac: positive
but&!windows&did&!in: conflict
but&!windows&did&in: neutral
but&windows&!i&!so: neutral
but&windows&!i&so: neutral
but&windows&i&!software: negative
but&windows&i&software: neutral
DecisionTree learned:
!but&!requires&!much&!for: negative
!but&!requires&!much&for: neutral
!but&!requires&much&!i: positive
!but&!requires&much&i: neutral
!but&requires: conflict
but&!if&!new&!outside: negative
but&!if&!new&outside: neutral
but&!if&new&!in: positive
but&!if&new&in: neutral
but&if&!to&!mac: negative
but&if&!to&mac: positive
but&if&to: neutral
DecisionTree learned:
!but&!back&!for&!requires: negative
!but&!back&!for&requires: conflict
!but&!back&for&!so: neutral
!but&!back&for&so: conflict
!but&back&!a&!and: negative
!but&back&!a&and: neutral
!but&back&a&!motherboard: negative
!but&back&a&motherboard: neutral
but&!did&!standard&!the: conflict
but&!did&!standard&the: positive
but&!did&standard: conflict
but&did&!they&!a: neutral
but&did&!they&a: conflict
but&did&they&!bought: negative
but&did&they&bought: negative
DecisionTree learned:
!but&!generally&!pc&!long: negative
!but&!generally&!pc&long: positive
!but&!generally&pc&!users: positive
!but&!generally&pc&users: neutral
!but&generally: conflict
but&!this&!size&!screen: positive
but&!this&!size&screen: conflict
but&!this&size&!and: neutral
but&!this&size&and: neutral
but&this&!have&!to: positive
but&this&!have&to: neutral
but&this&have&!with: positive
but&this&have&with: negative
DecisionTree learned:
!but&!and&!or&!next: negative
!but&!and&!or&next: neutral
!but&!and&or&!the: neutral
!but&!and&or&the: negative
!but&and&!back&!sol: positive
!but&and&!back&sol: conflict
!but&and&back&!a: neutral
!but&and&back&a: negative
but&!mac&!this&!difference: negative
but&!mac&!this&difference: neutral
but&!mac&this&!know: negative
but&!mac&this&know: conflict
but&mac&!have&!more: neutral
but&mac&!have&more: positive
but&mac&have: negative
DecisionTree learned:
!but&!complain&!and&!laptops: negative
!but&!complain&!and&laptops: conflict
!but&!complain&and&!warranty: positive
!but&!complain&and&warranty: neutral
!but&complain&!and: positive
!but&complain&and: conflict
but&!difference&!new&!i: conflict
but&!difference&!new&i: negative
but&!difference&new&!with: positive
but&!difference&new&with: neutral
but&difference&!to: neutral
but&difference&to: neutral
DecisionTree learned:
!but&!complain&!and&!generally: negative
!but&!complain&!and&generally: conflict
!but&!complain&and&!sol: positive
!but&!complain&and&sol: conflict
!but&complain&!and: positive
!but&complain&and: conflict
but&!this&!so&!difference: negative
but&!this&!so&difference: neutral
but&!this&so&!it: neutral
but&!this&so&it: conflict
but&this&!have&!to: negative
but&this&!have&to: neutral
but&this&have&!know: positive
but&this&have&know: conflict
DecisionTree learned:
!but&!bars&!generally&!long: negative
!but&!bars&!generally&long: positive
!but&!bars&generally: conflict
!but&bars: conflict
but&!gb&!i&!windows: conflict
but&!gb&!i&windows: neutral
but&!gb&i&!which: negative
but&!gb&i&which: conflict
but&gb&!just: neutral
but&gb&just: neutral
DecisionTree learned:
!but&!opted&!much&!easy: negative
!but&!opted&!much&easy: positive
!but&!opted&much&!i: positive
!but&!opted&much&i: neutral
!but&opted: conflict
but&!mac&!windows&!i: conflict
but&!mac&!windows&i: negative
but&!mac&windows&!i: neutral
but&!mac&windows&i: positive
but&mac&!use&!more: neutral
but&mac&!use&more: positive
but&mac&use: positive
DecisionTree learned:
!but&!for&!pc&!requires: negative
!but&!for&!pc&requires: conflict
!but&!for&pc&!and: conflict
!but&!for&pc&and: positive
!but&for&!so&!to: positive
!but&for&!so&to: neutral
!but&for&so&!laptop: negative
!but&for&so&laptop: conflict
but&!features&!web&!screen: negative
but&!features&!web&screen: conflict
but&!features&web&!just: neutral
but&!features&web&just: positive
but&features&!just&!is: positive
but&features&!just&is: positive
but&features&just: positive
DecisionTree learned:
!but&!much&!great&!bars: negative
!but&!much&!great&bars: conflict
!but&!much&great&!nearly: positive
!but&!much&great&nearly: neutral
!but&much&!i&!easier: positive
!but&much&!i&easier: positive
!but&much&i&!up: neutral
!but&much&i&up: conflict
but&!still&!outside&!new: positive
but&!still&!outside&new: neutral
but&!still&outside&!software: neutral
but&!still&outside&software: neutral
but&still&!of&!mac: negative
but&still&!of&mac: positive
but&still&of&!much: positive
but&still&of&much: negative
DecisionTree learned:
!but&!and&!laptops&!for: negative
!but&!and&!laptops&for: neutral
!but&!and&laptops&!much: negative
!but&!and&laptops&much: conflict
!but&and&!complain&!were: positive
!but&and&!complain&were: negative
!but&and&complain: conflict
but&!mac&!difference&!this: conflict
but&!mac&!difference&this: negative
but&!mac&difference&!to: neutral
but&!mac&difference&to: neutral
but&mac&!bit&!can: positive
but&mac&!bit&can: neutral
but&mac&bit: neutral
DecisionTree learned:
!but&!for&!bars&!requires: negative
!but&!for&!bars&requires: conflict
!but&!for&bars: conflict
!but&for&!so&!desktop: neutral
!but&for&!so&desktop: conflict
!but&for&so&!laptop: negative
!but&for&so&laptop: conflict
but&!web&!screen&!different: negative
but&!web&!screen&different: conflict
but&!web&screen&!on: conflict
but&!web&screen&on: negative
but&web&!just: neutral
but&web&just: positive
DecisionTree learned:
!but&!generally&!ease&!uses: negative
!but&!generally&!ease&uses: neutral
!but&!generally&ease: positive
!but&generally: conflict
but&!mac&!if&!size: negative
but&!mac&!if&size: neutral
but&!mac&if&!to: negative
but&!mac&if&to: neutral
but&mac&!very&!more: neutral
but&mac&!very&more: positive
but&mac&very: positive
DecisionTree learned:
!but&!would&!months&!much: positive
!but&!would&!months&much: positive
!but&!would&months&!of: negative
!but&!would&months&of: neutral
!but&would&!buy&!new: negative
!but&would&!buy&new: neutral
!but&would&buy&!much: neutral
!but&would&buy&much: negative
but&!difference&!hard&!i: conflict
but&!difference&!hard&i: positive
but&!difference&hard&!it: neutral
but&!difference&hard&it: positive
but&difference&!to: neutral
but&difference&to: neutral
DecisionTree learned:
!but&!for&!requires&!pc: negative
!but&!for&!requires&pc: positive
!but&!for&requires: conflict
!but&for&!so&!functions: neutral
!but&for&!so&functions: conflict
!but&for&so&!battery: negative
!but&for&so&battery: conflict
but&!be&!the&!it: neutral
but&!be&!the&it: conflict
but&!be&the&!they: positive
but&!be&the&they: negative
but&be&!to&!more: negative
but&be&!to&more: positive
but&be&to&!just: negative
but&be&to&just: positive
DecisionTree learned:
!but&!long&!bars&!uses: negative
!but&!long&!bars&uses: neutral
!but&!long&bars: conflict
!but&long&!though&!life: negative
!but&long&!though&life: positive
!but&long&though: conflict
but&!than&!battery&!m: negative
but&!than&!battery&m: neutral
but&!than&battery&!a: negative
but&!than&battery&a: conflict
but&than&!ram&!to: positive
but&than&!ram&to: conflict
but&than&ram: neutral
DecisionTree learned:
!but&!after&!generally&!much: positive
!but&!after&!generally&much: positive
!but&!after&generally: conflict
!but&after&!warranty&!it: negative
!but&after&!warranty&it: neutral
!but&after&warranty&!than: neutral
!but&after&warranty&than: negative
but&!yes&!like&!if: negative
but&!yes&!like&if: neutral
but&!yes&like&!windows: positive
but&!yes&like&windows: neutral
but&yes&!it: positive
but&yes&it&!is: positive
but&yes&it&is: conflict
DecisionTree learned:
!but&!opted&!much&!complain: negative
!but&!opted&!much&complain: conflict
!but&!opted&much&!of: positive
!but&!opted&much&of: neutral
!but&opted: conflict
but&!this&!processing&!so: negative
but&!this&!processing&so: neutral
but&!this&processing: neutral
but&this&!know&!am: neutral
but&this&!know&am: positive
but&this&know: conflict
DecisionTree learned:
!but&!acceptable&!much&!opted: negative
!but&!acceptable&!much&opted: conflict
!but&!acceptable&much&!of: positive
!but&!acceptable&much&of: neutral
!but&acceptable: conflict
but&!this&!difference&!mac: conflict
but&!this&!difference&mac: positive
but&!this&difference&!to: neutral
but&!this&difference&to: neutral
but&this&!has&!with: positive
but&this&!has&with: negative
but&this&has&!toshiba: negative
but&this&has&toshiba: neutral
DecisionTree learned:
!but&!would&!generally&!much: positive
!but&!would&!generally&much: positive
!but&!would&generally: conflict
!but&would&!their&!not: negative
!but&would&!their&not: negative
!but&would&their&!my: neutral
!but&would&their&my: neutral
but&!this&!so&!size: negative
but&!this&!so&size: neutral
but&!this&so&!it: neutral
but&!this&so&it: conflict
but&this&!know&!x: negative
but&this&!know&x: neutral
but&this&know: conflict
DecisionTree learned:
!but&!for&!get&!laptops: positive
!but&!for&!get&laptops: conflict
!but&!for&get&!am: negative
!but&!for&get&am: conflict
!but&for&!so&!to: positive
!but&for&!so&to: neutral
!but&for&so&!battery: negative
!but&for&so&battery: conflict
but&!difference&!this&!so: negative
but&!difference&!this&so: neutral
but&!difference&this&!has: positive
but&!difference&this&has: negative
but&difference&!to: neutral
but&difference&to: neutral
DecisionTree learned:
!but&!uses&!much&!complain: positive
!but&!uses&!much&complain: conflict
!but&!uses&much&!i: positive
!but&!uses&much&i: neutral
!but&uses&!of: neutral
!but&uses&of: conflict
but&!mac&!if&!this: negative
but&!mac&!if&this: negative
but&!mac&if&!to: negative
but&!mac&if&to: neutral
but&mac&!have&!more: neutral
but&mac&!have&more: positive
but&mac&have: negative
DecisionTree learned:
!but&!much&!opted&!uses: negative
!but&!much&!opted&uses: neutral
!but&!much&opted: conflict
!but&much&!of&!laptops: positive
!but&much&!of&laptops: conflict
!but&much&of&!not: negative
!but&much&of&not: neutral
but&!did&!hard&!size: positive
but&!did&!hard&size: neutral
but&!did&hard&!it: neutral
but&!did&hard&it: conflict
but&did&!in&!software: conflict
but&did&!in&software: neutral
but&did&in&!me: neutral
but&did&in&me: negative
DecisionTree learned:
!but&!generally&!pc&!complain: negative
!but&!generally&!pc&complain: conflict
!but&!generally&pc&!users: positive
!but&!generally&pc&users: neutral
!but&generally: conflict
but&!this&!so&!has: negative
but&!this&!so&has: conflict
but&!this&so&!it: neutral
but&!this&so&it: conflict
but&this&!x&!m: positive
but&this&!x&m: negative
but&this&x: neutral
DecisionTree learned:
!but&!opted&!bars&!much: negative
!but&!opted&!bars&much: positive
!but&!opted&bars: conflict
!but&opted: conflict
but&!be&!new&!did: positive
but&!be&!new&did: neutral
but&!be&new&!st: neutral
but&!be&new&st: negative
but&be&!with&!and: negative
but&be&!with&and: negative
but&be&with&!mac: negative
but&be&with&mac: positive
DecisionTree learned:
!but&!uses&!long&!generally: negative
!but&!uses&!long&generally: conflict
!but&!uses&long&!though: positive
!but&!uses&long&though: conflict
!but&uses&!of: neutral
!but&uses&of: conflict
but&!mac&!i&!windows: negative
but&!mac&!i&windows: neutral
but&!mac&i&!which: positive
but&!mac&i&which: conflict
but&mac&!laptop&!used: neutral
but&mac&!laptop&used: neutral
but&mac&laptop: positive
DecisionTree learned:
!but&!generally&!uses&!much: negative
!but&!generally&!uses&much: positive
!but&!generally&uses&!of: neutral
!but&!generally&uses&of: conflict
!but&generally: conflict
but&!this&!so&!size: negative
but&!this&!so&size: neutral
but&!this&so&!old: neutral
but&!this&so&old: positive
but&this&!know&!m: positive
but&this&!know&m: negative
but&this&know: conflict
DecisionTree learned:
!but&!long&!much&!opted: negative
!but&!long&!much&opted: conflict
!but&!long&much&!of: positive
!but&!long&much&of: neutral
!but&long&!though&!life: negative
!but&long&!though&life: positive
!but&long&though: conflict
but&!hard&!more&!i: conflict
but&!hard&!more&i: positive
but&!hard&more&!software: positive
but&!hard&more&software: conflict
but&hard&!the: conflict
but&hard&the&!you: neutral
but&hard&the&you: neutral
DecisionTree learned:
!but&!uses&!much&!opted: positive
!but&!uses&!much&opted: conflict
!but&!uses&much&!i: positive
!but&!uses&much&i: neutral
!but&uses&!of: neutral
!but&uses&of: conflict
but&!mac&!i&!to: conflict
but&!mac&!i&to: neutral
but&!mac&i&!which: negative
but&!mac&i&which: conflict
but&mac&!more&!up: neutral
but&mac&!more&up: positive
but&mac&more: positive
DecisionTree learned:
!but&!opted&!complain&!generally: negative
!but&!opted&!complain&generally: conflict
!but&!opted&complain&!and: positive
!but&!opted&complain&and: conflict
!but&opted: conflict
but&!battery&!did&!my: positive
but&!battery&!did&my: positive
but&!battery&did&!would: neutral
but&!battery&did&would: negative
but&battery&!a&!with: positive
but&battery&!a&with: negative
but&battery&a&!have: conflict
but&battery&a&have: conflict
DecisionTree learned:
!but&!long&!generally&!requires: neutral
!but&!long&!generally&requires: conflict
!but&!long&generally: conflict
!but&long&!though&!life: negative
!but&long&!though&life: positive
!but&long&though: conflict
but&!repair&!new&!difference: negative
but&!repair&!new&difference: neutral
but&!repair&new&!with: positive
but&!repair&new&with: neutral
but&repair&!they: negative
but&repair&they&!to: neutral
but&repair&they&to: neutral
DecisionTree learned:
!but&!much&!easy&!uses: negative
!but&!much&!easy&uses: neutral
!but&!much&easy&!go: positive
!but&!much&easy&go: neutral
!but&much&!of&!laptops: positive
!but&much&!of&laptops: conflict
!but&much&of&!not: negative
!but&much&of&not: neutral
but&!battery&!did&!was: positive
but&!battery&!did&was: negative
but&!battery&did&!and: neutral
but&!battery&did&and: neutral
but&battery&!have&!a: negative
but&battery&!have&a: negative
but&battery&have&!to: conflict
but&battery&have&to: conflict
DecisionTree learned:
!but&!for&!requires&!pc: negative
!but&!for&!requires&pc: positive
!but&!for&requires: conflict
!but&for&!to&!despite: positive
!but&for&!to&despite: conflict
!but&for&to&!someone: neutral
!but&for&to&someone: conflict
but&!mac&!this&!has: negative
but&!mac&!this&has: conflict
but&!mac&this&!has: positive
but&!mac&this&has: negative
but&mac&!can&!system: positive
but&mac&!can&system: neutral
but&mac&can: neutral
DecisionTree learned:
!but&!bars&!uses&!complain: positive
!but&!bars&!uses&complain: conflict
!but&!bars&uses&!of: neutral
!but&!bars&uses&of: conflict
!but&bars: conflict
but&!mac&!hard&!did: positive
but&!mac&!hard&did: neutral
but&!mac&hard&!it: neutral
but&!mac&hard&it: negative
but&mac&!laptop&!a: neutral
but&mac&!laptop&a: neutral
but&mac&laptop: positive
DecisionTree learned:
!but&!much&!opted&!long: negative
!but&!much&!opted&long: positive
!but&!much&opted: conflict
!but&much&!laptops&!out: positive
!but&much&!laptops&out: conflict
!but&much&laptops&!and: conflict
!but&much&laptops&and: neutral
but&!difference&!i&!windows: positive
but&!difference&!i&windows: neutral
but&!difference&i&!which: negative
but&!difference&i&which: conflict
but&difference&!to: neutral
but&difference&to: neutral
DecisionTree learned:
!but&!complain&!much&!and: negative
!but&!complain&!much&and: positive
!but&!complain&much&!i: positive
!but&!complain&much&i: neutral
!but&complain&!and: positive
!but&complain&and: conflict
but&!well&!web&!screen: negative
but&!well&!web&screen: conflict
but&!well&web&!just: neutral
but&!well&web&just: neutral
but&well&!so&!is: positive
but&well&!so&is: conflict
but&well&so&!the: neutral
but&well&so&the: positive
DecisionTree learned:
!but&!requires&!much&!for: negative
!but&!requires&!much&for: neutral
!but&!requires&much&!i: positive
!but&!requires&much&i: neutral
!but&requires: conflict
but&!mac&!i&!windows: conflict
but&!mac&!i&windows: neutral
but&!mac&i&!which: negative
but&!mac&i&which: conflict
but&mac&!have&!use: neutral
but&mac&!have&use: positive
but&mac&have: negative
DecisionTree learned:
!but&!much&!opted&!uses: negative
!but&!much&!opted&uses: neutral
!but&!much&opted: conflict
!but&much&!laptops&!out: positive
!but&much&!laptops&out: negative
!but&much&laptops&!and: conflict
!but&much&laptops&and: neutral
but&!this&!size&!screen: positive
but&!this&!size&screen: conflict
but&!this&size&!and: neutral
but&!this&size&and: neutral
but&this&!know&!x: negative
but&this&!know&x: neutral
but&this&know: conflict
DecisionTree learned:
!but&!much&!opted&!requires: positive
!but&!much&!opted&requires: conflict
!but&!much&opted: conflict
!but&much&!laptops&!out: positive
!but&much&!laptops&out: conflict
!but&much&laptops&!and: conflict
!but&much&laptops&and: neutral
but&!huge&!does&!got: positive
but&!huge&!does&got: negative
but&!huge&does&!a: negative
but&!huge&does&a: negative
but&huge&!to&!is: positive
but&huge&!to&is: positive
but&huge&to: conflict
DecisionTree learned:
!but&!complain&!and&!though: negative
!but&!complain&!and&though: conflict
!but&!complain&and&!extended: positive
!but&!complain&and&extended: neutral
!but&complain&!and: positive
!but&complain&and: conflict
but&!this&!so&!size: negative
but&!this&!so&size: neutral
but&!this&so&!you: neutral
but&!this&so&you: positive
but&this&!ever&!m: positive
but&this&!ever&m: negative
but&this&ever&!is: negative
but&this&ever&is: conflict
DecisionTree learned:
!but&!much&!bars&!for: negative
!but&!much&!bars&for: neutral
!but&!much&bars: conflict
!but&much&!laptops&!out: positive
!but&much&!laptops&out: conflict
!but&much&laptops&!and: conflict
!but&much&laptops&and: neutral
but&!got&!mac&!hard: positive
but&!got&!mac&hard: neutral
but&!got&mac&!bit: positive
but&!got&mac&bit: neutral
but&got&!so: negative
but&got&so: positive
DecisionTree learned:
!but&!bars&!generally&!requires: negative
!but&!bars&!generally&requires: conflict
!but&!bars&generally: conflict
!but&bars: conflict
but&!new&!did&!was: positive
but&!new&!did&was: negative
but&!new&did&!have: neutral
but&!new&did&have: conflict
but&new&!with&!you: positive
but&new&!with&you: neutral
but&new&with&!just: neutral
but&new&with&just: neutral
DecisionTree learned:
!but&!ease&!much&!generally: negative
!but&!ease&!much&generally: conflict
!but&!ease&much&!of: positive
!but&!ease&much&of: neutral
!but&ease: positive
but&!yes&!web&!screen: negative
but&!yes&!web&screen: conflict
but&!yes&web&!is: positive
but&!yes&web&is: neutral
but&yes&!and: conflict
but&yes&and&!make: positive
but&yes&and&make: positive
DecisionTree learned:
!but&!long&!requires&!acceptable: negative
!but&!long&!requires&acceptable: conflict
!but&!long&requires: conflict
!but&long&!though&!battery: negative
!but&long&!though&battery: positive
!but&long&though: conflict
but&!this&!there&!school: conflict
but&!this&!there&school: neutral
but&!this&there&!much: negative
but&!this&there&much: positive
but&this&!know&!features: negative
but&this&!know&features: positive
but&this&know: conflict
DecisionTree learned:
!but&!generally&!requires&!opted: positive
!but&!generally&!requires&opted: conflict
!but&!generally&requires: conflict
!but&generally: conflict
but&!this&!has&!and: negative
but&!this&!has&and: positive
but&!this&has&!it: neutral
but&!this&has&it: conflict
but&this&!know&!x: negative
but&this&!know&x: neutral
but&this&know: conflict
DecisionTree learned:
!but&!much&!requires&!generally: positive
!but&!much&!requires&generally: conflict
!but&!much&requires: conflict
!but&much&!of&!laptops: positive
!but&much&!of&laptops: conflict
!but&much&of&!not: negative
!but&much&of&not: neutral
but&!this&!so&!the: conflict
but&!this&!so&the: positive
but&!this&so&!it: neutral
but&!this&so&it: conflict
but&this&!well&!have: neutral
but&this&!well&have: negative
but&this&well: positive
DecisionTree learned:
!but&!acceptable&!would&!though: positive
!but&!acceptable&!would&though: conflict
!but&!acceptable&would&!i: negative
!but&!acceptable&would&i: negative
!but&acceptable: conflict
but&!hard&!laptop&!were: negative
but&!hard&!laptop&were: neutral
but&!hard&laptop&!a: positive
but&!hard&laptop&a: neutral
but&hard&!it&!new: neutral
but&hard&!it&new: neutral
but&hard&it&!to: positive
but&hard&it&to: conflict
DecisionTree learned:
!but&!pc&!for&!requires: negative
!but&!pc&!for&requires: conflict
!but&!pc&for&!so: neutral
!but&!pc&for&so: conflict
!but&pc&!users&!and: positive
!but&pc&!users&and: positive
!but&pc&users: neutral
but&!hard&!if&!did: positive
but&!hard&!if&did: neutral
but&!hard&if&!to: negative
but&!hard&if&to: neutral
but&hard&!you&!it: neutral
but&hard&!you&it: negative
but&hard&you&!to: positive
but&hard&you&to: neutral
DecisionTree learned:
!but&!speed&!requires&!much: negative
!but&!speed&!requires&much: positive
!but&!speed&requires: conflict
!but&speed&!mac&!etc: positive
!but&speed&!mac&etc: negative
!but&speed&mac: neutral
but&!difference&!this&!so: positive
but&!difference&!this&so: neutral
but&!difference&this&!have: neutral
but&!difference&this&have: positive
but&difference&!to: neutral
but&difference&to: neutral
DecisionTree learned:
!but&!complain&!is&!had: neutral
!but&!complain&!is&had: negative
!but&!complain&is&!checking: positive
!but&!complain&is&checking: neutral
!but&complain&!and: positive
!but&complain&and: conflict
but&!standard&!well&!features: negative
but&!standard&!well&features: positive
but&!standard&well&!so: positive
but&!standard&well&so: neutral
but&standard: conflict
DecisionTree learned:
!but&!needs&!firefox&!generally: negative
!but&!needs&!firefox&generally: conflict
!but&!needs&firefox&!everything: neutral
!but&!needs&firefox&everything: neutral
!but&needs&!use&!my: negative
!but&needs&!use&my: positive
!but&needs&use: conflict
but&!size&!mac&!i: conflict
but&!size&!mac&i: positive
but&!size&mac&!have: positive
but&!size&mac&have: negative
but&size&!and: neutral
but&size&and: neutral
DecisionTree learned:
!but&!requires&!bars&!for: negative
!but&!requires&!bars&for: neutral
!but&!requires&bars: conflict
!but&requires: conflict
but&!mac&!this&!laptop: conflict
but&!mac&!this&laptop: neutral
but&!mac&this&!know: negative
but&!mac&this&know: conflict
but&mac&!use&!on: neutral
but&mac&!use&on: positive
but&mac&use: positive
DecisionTree learned:
!but&!for&!pc&!requires: negative
!but&!for&!pc&requires: conflict
!but&!for&pc&!and: conflict
!but&!for&pc&and: positive
!but&for&!so&!functions: neutral
!but&for&!so&functions: conflict
!but&for&so&!battery: positive
!but&for&so&battery: conflict
but&!new&!this&!quality: negative
but&!new&!this&quality: conflict
but&!new&this&!well: negative
but&!new&this&well: positive
but&new&!with&!when: neutral
but&new&!with&when: negative
but&new&with&!just: neutral
but&new&with&just: neutral
Trial 0 Training cc.mallet.classify.AdaBoostM2Trainer@73901437 finished
Trial 0 Trainer cc.mallet.classify.AdaBoostM2Trainer@73901437 test data accuracy = 0.5314401622718052

NaiveBayesTrainer
Summary. test accuracy mean = 0.5598377281947262 stddev = 0.0 stderr = 0.0

MaxEntTrainer,gaussianPriorVariance=1.0
Summary. test accuracy mean = 0.6551724137931034 stddev = 0.0 stderr = 0.0

cc.mallet.classify.DecisionTreeTrainer@3e110003
Summary. test accuracy mean = 0.513184584178499 stddev = 0.0 stderr = 0.0

cc.mallet.classify.AdaBoostM2Trainer@73901437
Summary. test accuracy mean = 0.5314401622718052 stddev = 0.0 stderr = 0.0
