
-------------------- Trial 0  --------------------

Trial 0 Training NaiveBayesTrainer with 1865 instances
Trial 0 Training NaiveBayesTrainer finished
Trial 0 Trainer NaiveBayesTrainer test data accuracy = 0.6389452332657201
Trial 0 Training MaxEntTrainer,gaussianPriorVariance=1.0 with 1865 instances
Trial 0 Training MaxEntTrainer,gaussianPriorVariance=1.0 finished
Trial 0 Trainer MaxEntTrainer,gaussianPriorVariance=1.0 test data accuracy = 0.592292089249493
Trial 0 Training cc.mallet.classify.DecisionTreeTrainer@6766afb3 with 1865 instances
DecisionTree learned:
!pos&!neg&!not&!but: positive
!pos&!neg&!not&but: negative
!pos&!neg&not&!after: negative
!pos&!neg&not&after: neutral
!pos&neg&!etc&!price: negative
!pos&neg&!etc&price: positive
!pos&neg&etc: neutral
pos&!but&!to&!fast: positive
pos&!but&!to&fast: positive
pos&!but&to&!i: positive
pos&!but&to&i: negative
pos&but&!new&!got: positive
pos&but&!new&got: negative
pos&but&new&!browsers: neutral
pos&but&new&browsers: positive
Trial 0 Training cc.mallet.classify.DecisionTreeTrainer@6766afb3 finished
Trial 0 Trainer cc.mallet.classify.DecisionTreeTrainer@6766afb3 test data accuracy = 0.49290060851926976
Trial 0 Training cc.mallet.classify.AdaBoostM2Trainer@49ff0dde with 1865 instances
DecisionTree learned:
!pos&!neg&!not&!and: negative
!pos&!neg&!not&and: positive
!pos&!neg&not&!after: negative
!pos&!neg&not&after: neutral
!pos&neg&!etc&!much: negative
!pos&neg&!etc&much: conflict
!pos&neg&etc: neutral
pos&!but&!to&!would: positive
pos&!but&!to&would: negative
pos&!but&to&!i: positive
pos&!but&to&i: negative
pos&but&!be&!we: positive
pos&but&!be&we: negative
pos&but&be&!to: negative
pos&but&be&to: negative
DecisionTree learned:
!but&!neg&!not&!pos: positive
!but&!neg&!not&pos: positive
!but&!neg&not&!and: negative
!but&!neg&not&and: positive
!but&neg&!fast&!movie: negative
!but&neg&!fast&movie: neutral
!but&neg&fast: positive
but&!mac&!the&!another: conflict
but&!mac&!the&another: neutral
but&!mac&the&!did: negative
but&!mac&the&did: neutral
but&mac&!office&!it: positive
but&mac&!office&it: neutral
but&mac&office: neutral
DecisionTree learned:
!but&!pos&!neg&!not: positive
!but&!pos&!neg&not: negative
!but&!pos&neg&!etc: negative
!but&!pos&neg&etc: neutral
!but&pos&!then&!fast: positive
!but&pos&!then&fast: positive
!but&pos&then&!upgrade: negative
!but&pos&then&upgrade: positive
but&!got&!mac&!x: negative
but&!got&!mac&x: neutral
but&!got&mac&!office: positive
but&!got&mac&office: neutral
but&got&!so: negative
but&got&so: positive
DecisionTree learned:
!but&!neg&!not&!pos: positive
!but&!neg&!not&pos: positive
!but&!neg&not&!and: negative
!but&!neg&not&and: negative
!but&neg&!pos&!etc: negative
!but&neg&!pos&etc: neutral
!but&neg&pos&!fast: negative
!but&neg&pos&fast: positive
but&!mac&!editing&!there: negative
but&!mac&!editing&there: negative
but&!mac&editing: neutral
but&mac&!office&!it: positive
but&mac&!office&it: neutral
but&mac&office: neutral
DecisionTree learned:
!but&!pos&!neg&!email: negative
!but&!pos&!neg&email: neutral
!but&!pos&neg&!etc: negative
!but&!pos&neg&etc: neutral
!but&pos&!fast&!i: positive
!but&pos&!fast&i: positive
!but&pos&fast&!feature: positive
!but&pos&fast&feature: neutral
but&!this&!so&!and: negative
but&!this&!so&and: positive
but&!this&so&!pos: conflict
but&!this&so&pos: positive
but&this&!neg&!i: neutral
but&this&!neg&i: positive
but&this&neg&!new: negative
but&this&neg&new: positive
DecisionTree learned:
!but&!neg&!and&!not: positive
!but&!neg&!and&not: negative
!but&!neg&and&!i: positive
!but&!neg&and&i: positive
!but&neg&!photo&!fast: negative
!but&neg&!photo&fast: positive
!but&neg&photo: neutral
but&!got&!mac&!this: negative
but&!got&!mac&this: neutral
but&!got&mac&!in: neutral
but&!got&mac&in: positive
but&got&!so: negative
but&got&so: positive
DecisionTree learned:
!but&!neg&!when&!pos: neutral
!but&!neg&!when&pos: positive
!but&!neg&when&!pc: neutral
!but&!neg&when&pc: conflict
!but&neg&!for&!processor: negative
!but&neg&!for&processor: positive
!but&neg&for&!pc: negative
!but&neg&for&pc: positive
but&!think&!mac&!size: negative
but&!think&!mac&size: neutral
but&!think&mac&!another: positive
but&!think&mac&another: negative
but&think&!on: negative
but&think&on: neutral
DecisionTree learned:
!but&!fast&!pos&!neg: negative
!but&!fast&!pos&neg: negative
!but&!fast&pos&!i: positive
!but&!fast&pos&i: positive
!but&fast&!one&!look: positive
!but&fast&!one&look: neutral
!but&fast&one: neutral
but&!this&!so&!yes: negative
but&!this&!so&yes: positive
but&!this&so&!old: neutral
but&!this&so&old: positive
but&this&!neg&!x: positive
but&this&!neg&x: neutral
but&this&neg&!know: negative
but&this&neg&know: conflict
DecisionTree learned:
!but&!fast&!neg&!not: positive
!but&!fast&!neg&not: negative
!but&!fast&neg&!music: negative
!but&!fast&neg&music: neutral
!but&fast&!with: positive
!but&fast&with&!neg: positive
!but&fast&with&neg: positive
but&!this&!so&!that: negative
but&!this&!so&that: positive
but&!this&so&!old: neutral
but&!this&so&old: positive
but&this&!neg&!x: positive
but&this&!neg&x: neutral
but&this&neg&!browsers: negative
but&this&neg&browsers: positive
DecisionTree learned:
!but&!for&!n&!they: positive
!but&!for&!n&they: negative
!but&!for&n&!you: negative
!but&!for&n&you: neutral
!but&for&!so&!purchased: positive
!but&for&!so&purchased: neutral
!but&for&so&!laptop: negative
!but&for&so&laptop: conflict
but&!this&!so&!mac: negative
but&!this&!so&mac: positive
but&!this&so&!laptop: conflict
but&!this&so&laptop: neutral
but&this&!neg&!not: neutral
but&this&!neg&not: negative
but&this&neg&!know: negative
but&this&neg&know: conflict
DecisionTree learned:
!but&!for&!very&!they: negative
!but&!for&!very&they: neutral
!but&!for&very&!do: positive
!but&!for&very&do: negative
!but&for&!so&!office: positive
!but&for&!so&office: neutral
!but&for&so&!laptop: negative
!but&for&so&laptop: conflict
but&!got&!mac&!yes: negative
but&!got&!mac&yes: positive
but&!got&mac&!more: neutral
but&!got&mac&more: positive
but&got&!so: negative
but&got&so: positive
DecisionTree learned:
!but&!pos&!worth&!neg: neutral
!but&!pos&!worth&neg: negative
!but&!pos&worth&!computer: conflict
!but&!pos&worth&computer: negative
!but&pos&!then&!i: positive
!but&pos&!then&i: positive
!but&pos&then&!upgrade: negative
!but&pos&then&upgrade: positive
but&!be&!think&!mac: negative
but&!be&!think&mac: positive
but&!be&think&!pos: negative
but&!be&think&pos: neutral
but&be&!a&!video: negative
but&be&!a&video: conflict
but&be&a&!would: negative
but&be&a&would: positive
DecisionTree learned:
!but&!fast&!neg&!and: negative
!but&!fast&!neg&and: positive
!but&!fast&neg&!or: negative
!but&!fast&neg&or: neutral
!but&fast&!size&!one: positive
!but&fast&!size&one: neutral
!but&fast&size&!neg: neutral
!but&fast&size&neg: positive
but&!got&!think&!mac: negative
but&!got&!think&mac: positive
but&!got&think&!on: negative
but&!got&think&on: neutral
but&got&!so: negative
but&got&so: positive
DecisionTree learned:
!but&!fast&!pos&!worth: negative
!but&!fast&!pos&worth: negative
!but&!fast&pos&!months: positive
!but&!fast&pos&months: negative
!but&fast&!with: positive
!but&fast&with&!neg: neutral
!but&fast&with&neg: positive
but&!mac&!this&!so: negative
but&!mac&!this&so: neutral
but&!mac&this&!neg: positive
but&!mac&this&neg: negative
but&mac&!another&!its: positive
but&mac&!another&its: neutral
but&mac&another: negative
DecisionTree learned:
!but&!for&!very&!after: negative
!but&!for&!very&after: negative
!but&!for&very&!load: positive
!but&!for&very&load: neutral
!but&for&!to&!not: positive
!but&for&!to&not: negative
!but&for&to&!someone: negative
!but&for&to&someone: positive
but&!yes&!computer&!there: positive
but&!yes&!computer&there: negative
but&!yes&computer&!that: negative
but&!yes&computer&that: positive
but&yes&!and: conflict
but&yes&and&!speed: positive
but&yes&and&speed: positive
DecisionTree learned:
!but&!pos&!much&!requires: negative
!but&!pos&!much&requires: conflict
!but&!pos&much&!neg: positive
!but&!pos&much&neg: conflict
!but&pos&!months&!for: positive
!but&pos&!months&for: positive
!but&pos&months&!sent: negative
!but&pos&months&sent: neutral
but&!gb&!mac&!on: negative
but&!gb&!mac&on: neutral
but&!gb&mac&!in: neutral
but&!gb&mac&in: positive
but&gb&!space&!just: positive
but&gb&!space&just: neutral
but&gb&space: neutral
DecisionTree learned:
!but&!after&!i&!and: negative
!but&!after&!i&and: positive
!but&!after&i&!get: neutral
!but&!after&i&get: negative
!but&after&!with&!what: neutral
!but&after&!with&what: positive
!but&after&with&!i: negative
!but&after&with&i: positive
but&!another&!mac&!which: negative
but&!another&!mac&which: conflict
but&!another&mac&!more: neutral
but&!another&mac&more: positive
but&another&!the&!mac: neutral
but&another&!the&mac: negative
but&another&the&!just: positive
but&another&the&just: negative
DecisionTree learned:
!but&!after&!uses&!fast: positive
!but&!after&!uses&fast: positive
!but&!after&uses&!of: neutral
!but&!after&uses&of: conflict
!but&after&!with&!doing: neutral
!but&after&!with&doing: positive
!but&after&with&!i: negative
!but&after&with&i: positive
but&!so&!tim&!this: negative
but&!so&!tim&this: neutral
but&!so&tim: neutral
but&so&!old&!and: conflict
but&so&!old&and: neutral
but&so&old&!processer: positive
but&so&old&processer: conflict
DecisionTree learned:
!but&!and&!generally&!requires: negative
!but&!and&!generally&requires: conflict
!but&!and&generally&!keyboard: conflict
!but&!and&generally&keyboard: neutral
!but&and&!back&!what: positive
!but&and&!back&what: neutral
!but&and&back&!laptop: neutral
!but&and&back&laptop: negative
but&!this&!so&!tim: negative
but&!this&!so&tim: neutral
but&!this&so&!laptop: conflict
but&!this&so&laptop: neutral
but&this&!know&!neg: positive
but&this&!know&neg: negative
but&this&know: conflict
DecisionTree learned:
!but&!neg&!when&!n: positive
!but&!neg&!when&n: negative
!but&!neg&when&!pc: neutral
!but&!neg&when&pc: conflict
!but&neg&!much&!for: negative
!but&neg&!much&for: positive
!but&neg&much&!a: conflict
!but&neg&much&a: neutral
but&!new&!this&!two: positive
but&!new&!this&two: conflict
but&!new&this&!neg: positive
but&!new&this&neg: negative
but&new&!browsers&!an: neutral
but&new&!browsers&an: neutral
but&new&browsers: positive
DecisionTree learned:
!but&!for&!get&!you: negative
!but&!for&!get&you: neutral
!but&!for&get&!am: negative
!but&!for&get&am: conflict
!but&for&!some&!cell: positive
!but&for&!some&cell: conflict
!but&for&some&!this: negative
!but&for&some&this: conflict
but&!gb&!than&!and: conflict
but&!gb&!than&and: negative
but&!gb&than&!to: positive
but&!gb&than&to: conflict
but&gb&!hard: neutral
but&gb&hard&!space: positive
but&gb&hard&space: neutral
DecisionTree learned:
!but&!i&!you&!and: negative
!but&!i&!you&and: positive
!but&!i&you&!or: negative
!but&!i&you&or: neutral
!but&i&!get&!needs: neutral
!but&i&!get&needs: conflict
!but&i&get&!am: neutral
!but&i&get&am: conflict
but&!this&!so&!in: negative
but&!this&!so&in: positive
but&!this&so&!laptop: conflict
but&!this&so&laptop: neutral
but&this&!computer&!neg: neutral
but&this&!computer&neg: negative
but&this&computer&!that: negative
but&this&computer&that: positive
DecisionTree learned:
!but&!neg&!they&!would: positive
!but&!neg&!they&would: negative
!but&!neg&they&!in: neutral
!but&!neg&they&in: negative
!but&neg&!much&!other: negative
!but&neg&!much&other: positive
!but&neg&much&!pos: conflict
!but&neg&much&pos: neutral
but&!this&!so&!there: positive
but&!this&!so&there: negative
but&!this&so&!it: neutral
but&!this&so&it: conflict
but&this&!neg&!on: positive
but&this&!neg&on: neutral
but&this&neg&!was: negative
but&this&neg&was: positive
DecisionTree learned:
!but&!pos&!cell&!macbook: negative
!but&!pos&!cell&macbook: positive
!but&!pos&cell: conflict
!but&pos&!compact&!for: positive
!but&pos&!compact&for: positive
!but&pos&compact: conflict
but&!this&!mac&!better: negative
but&!this&!mac&better: conflict
but&!this&mac&!another: neutral
but&!this&mac&another: negative
but&this&!neg&!not: positive
but&this&!neg&not: negative
but&this&neg&!browsers: negative
but&this&neg&browsers: positive
DecisionTree learned:
!but&!neg&!n&!not: positive
!but&!neg&!n&not: negative
!but&!neg&n&!though: negative
!but&!neg&n&though: conflict
!but&neg&!for&!laptops: negative
!but&neg&!for&laptops: conflict
!but&neg&for&!it: positive
!but&neg&for&it: negative
but&!the&!it&!i: conflict
but&!the&!it&i: neutral
but&!the&it&!new: conflict
but&!the&it&new: neutral
but&the&!gb&!mac: negative
but&the&!gb&mac: neutral
but&the&gb&!space: neutral
but&the&gb&space: neutral
DecisionTree learned:
!but&!for&!get&!much: negative
!but&!for&!get&much: positive
!but&!for&get&!am: negative
!but&!for&get&am: conflict
!but&for&!desktop&!to: positive
!but&for&!desktop&to: neutral
!but&for&desktop: conflict
but&!mac&!track&!this: negative
but&!mac&!track&this: neutral
but&!mac&track: neutral
but&mac&!another&!more: neutral
but&mac&!another&more: positive
but&mac&another: negative
DecisionTree learned:
!but&!neg&!way&!not: positive
!but&!neg&!way&not: negative
!but&!neg&way&!laptop: negative
!but&!neg&way&laptop: conflict
!but&neg&!free&!compact: negative
!but&neg&!free&compact: conflict
!but&neg&free: positive
but&!this&!mac&!so: negative
but&!this&!mac&so: conflict
but&!this&mac&!another: positive
but&!this&mac&another: negative
but&this&!computer&!to: positive
but&this&!computer&to: neutral
but&this&computer&!that: negative
but&this&computer&that: conflict
DecisionTree learned:
!but&!neg&!when&!requires: positive
!but&!neg&!when&requires: conflict
!but&!neg&when&!pc: neutral
!but&!neg&when&pc: conflict
!but&neg&!cell&!much: negative
!but&neg&!cell&much: conflict
!but&neg&cell: conflict
but&!new&!yes&!in: negative
but&!new&!yes&in: neutral
but&!new&yes&!and: conflict
but&!new&yes&and: positive
but&new&!vista&!space: positive
but&new&!vista&space: neutral
but&new&vista: conflict
DecisionTree learned:
!but&!neg&!way&!rarely: positive
!but&!neg&!way&rarely: negative
!but&!neg&way&!laptop: negative
!but&!neg&way&laptop: conflict
!but&neg&!what&!cell: negative
!but&neg&!what&cell: conflict
!but&neg&what&!about: neutral
!but&neg&what&about: conflict
but&!there&!new&!tim: positive
but&!there&!new&tim: neutral
but&!there&new&!when: neutral
but&!there&new&when: neutral
but&there&!to&!much: negative
but&there&!to&much: positive
but&there&to&!drivers: neutral
but&there&to&drivers: negative
DecisionTree learned:
!but&!for&!laptops&!after: negative
!but&!for&!laptops&after: negative
!but&!for&laptops&!it: positive
!but&!for&laptops&it: conflict
!but&for&!desktop&!so: neutral
!but&for&!desktop&so: negative
!but&for&desktop: conflict
but&!there&!on&!laptop: positive
but&!there&!on&laptop: positive
but&!there&on&!i: negative
but&!there&on&i: neutral
but&there&!much&!to: negative
but&there&!much&to: neutral
but&there&much: positive
DecisionTree learned:
!but&!pos&!worth&!requires: negative
!but&!pos&!worth&requires: conflict
!but&!pos&worth&!i: negative
!but&!pos&worth&i: conflict
!but&pos&!generally&!to: positive
!but&pos&!generally&to: negative
!but&pos&generally&!keyboard: conflict
!but&pos&generally&keyboard: neutral
but&!repair&!machine&!new: negative
but&!repair&!machine&new: neutral
but&!repair&machine&!this: positive
but&!repair&machine&this: positive
but&repair&!they: negative
but&repair&they&!card: neutral
but&repair&they&card: negative
DecisionTree learned:
!but&!pos&!much&!uses: negative
!but&!pos&!much&uses: neutral
!but&!pos&much&!it: positive
!but&!pos&much&it: conflict
!but&pos&!generally&!i: positive
!but&pos&!generally&i: neutral
!but&pos&generally&!keyboard: conflict
!but&pos&generally&keyboard: neutral
but&!this&!outside&!mac: negative
but&!this&!outside&mac: neutral
but&!this&outside&!media: neutral
but&!this&outside&media: positive
but&this&!computer&!neg: positive
but&this&!computer&neg: negative
but&this&computer&!and: conflict
but&this&computer&and: negative
DecisionTree learned:
!but&!uses&!i&!after: positive
!but&!uses&!i&after: negative
!but&!uses&i&!get: neutral
!but&!uses&i&get: neutral
!but&uses&!of: neutral
!but&uses&of: conflict
but&!be&!the&!it: neutral
but&!be&!the&it: conflict
but&!be&the&!on: positive
but&!be&the&on: neutral
but&be&!to&!a: negative
but&be&!to&a: positive
but&be&to&!just: negative
but&be&to&just: positive
DecisionTree learned:
!but&!for&!very&!much: negative
!but&!for&!very&much: positive
!but&!for&very&!neg: positive
!but&!for&very&neg: negative
!but&for&!some&!cell: neutral
!but&for&!some&cell: conflict
!but&for&some&!this: negative
!but&for&some&this: conflict
but&!mac&!to&!i: conflict
but&!mac&!to&i: negative
but&!mac&to&!couple: neutral
but&!mac&to&couple: conflict
but&mac&!office&!bit: positive
but&mac&!office&bit: neutral
but&mac&office: neutral
DecisionTree learned:
!but&!for&!much&!get: negative
!but&!for&!much&get: negative
!but&!for&much&!laptops: positive
!but&!for&much&laptops: conflict
!but&for&!so&!in: neutral
!but&for&!so&in: negative
!but&for&so&!laptop: negative
!but&for&so&laptop: conflict
but&!this&!mac&!tim: negative
but&!this&!mac&tim: neutral
but&!this&mac&!more: neutral
but&!this&mac&more: positive
but&this&!know&!the: neutral
but&this&!know&the: negative
but&this&know: conflict
DecisionTree learned:
!but&!compact&!for&!much: negative
!but&!compact&!for&much: positive
!but&!compact&for&!so: neutral
!but&!compact&for&so: negative
!but&compact: conflict
but&!tim&!this&!so: negative
but&!tim&!this&so: neutral
but&!tim&this&!neg: positive
but&!tim&this&neg: negative
but&tim: neutral
DecisionTree learned:
!but&!after&!get&!and: negative
!but&!after&!get&and: positive
!but&!after&get&!i: negative
!but&!after&get&i: conflict
!but&after&!with&!what: negative
!but&after&!with&what: positive
!but&after&with&!i: negative
!but&after&with&i: positive
but&!mac&!this&!looking: negative
but&!mac&!this&looking: positive
but&!mac&this&!neg: positive
but&!mac&this&neg: negative
but&mac&!you&!i: positive
but&mac&!you&i: neutral
but&mac&you&!performance: neutral
but&mac&you&performance: positive
DecisionTree learned:
!but&!back&!for&!get: positive
!but&!back&!for&get: negative
!but&!back&for&!less: neutral
!but&!back&for&less: negative
!but&back&!and&!it: negative
!but&back&!and&it: negative
!but&back&and&!a: neutral
!but&back&and&a: negative
but&!in&!new&!size: negative
but&!in&!new&size: neutral
but&!in&new&!space: positive
but&!in&new&space: neutral
but&in&!so&!more: neutral
but&in&!so&more: positive
but&in&so&!is: neutral
but&in&so&is: conflict
DecisionTree learned:
!but&!pos&!much&!cell: negative
!but&!pos&!much&cell: conflict
!but&!pos&much&!neg: positive
!but&!pos&much&neg: conflict
!but&pos&!needs&!generally: positive
!but&pos&!needs&generally: conflict
!but&pos&needs&!use: negative
!but&pos&needs&use: conflict
but&!there&!which&!i: conflict
but&!there&!which&i: positive
but&!there&which&!and: conflict
but&!there&which&and: positive
but&there&!to&!much: negative
but&there&!to&much: positive
but&there&to&!drivers: neutral
but&there&to&drivers: negative
DecisionTree learned:
!but&!pos&!worth&!much: negative
!but&!pos&!worth&much: positive
!but&!pos&worth&!are: conflict
!but&!pos&worth&are: negative
!but&pos&!you&!for: positive
!but&pos&!you&for: positive
!but&pos&you&!compact: neutral
!but&pos&you&compact: conflict
but&!this&!so&!than: positive
but&!this&!so&than: conflict
but&!this&so&!it: neutral
but&!this&so&it: conflict
but&this&!know&!neg: positive
but&this&!know&neg: negative
but&this&know: conflict
DecisionTree learned:
!but&!neg&!very&!my: positive
!but&!neg&!very&my: neutral
!but&!neg&very&!get: positive
!but&!neg&very&get: negative
!but&neg&!much&!for: negative
!but&neg&!much&for: positive
!but&neg&much&!pos: conflict
!but&neg&much&pos: neutral
but&!outside&!this&!whole: positive
but&!outside&!this&whole: neutral
but&!outside&this&!know: negative
but&!outside&this&know: conflict
but&outside&!media: neutral
but&outside&media&!software: negative
but&outside&media&software: positive
DecisionTree learned:
!but&!requires&!i&!you: positive
!but&!requires&!i&you: neutral
!but&!requires&i&!get: neutral
!but&!requires&i&get: neutral
!but&requires: conflict
but&!size&!yes&!in: negative
but&!size&!yes&in: neutral
but&!size&yes&!pos: conflict
but&!size&yes&pos: positive
but&size: neutral
DecisionTree learned:
!but&!after&!i&!you: positive
!but&!after&!i&you: neutral
!but&!after&i&!get: neutral
!but&!after&i&get: neutral
!but&after&!with&!doing: neutral
!but&after&!with&doing: positive
!but&after&with&!i: negative
!but&after&with&i: positive
but&!got&!mac&!size: positive
but&!got&!mac&size: neutral
but&!got&mac&!laptop: neutral
but&!got&mac&laptop: positive
but&got&!so: negative
but&got&so: positive
DecisionTree learned:
!but&!uses&!back&!dollar: positive
!but&!uses&!back&dollar: conflict
!but&!uses&back&!a: neutral
!but&!uses&back&a: negative
!but&uses&!of: neutral
!but&uses&of: conflict
but&!this&!mac&!there: conflict
but&!this&!mac&there: negative
but&!this&mac&!it: positive
but&!this&mac&it: neutral
but&this&!computer&!neg: positive
but&this&!computer&neg: negative
but&this&computer&!that: negative
but&this&computer&that: conflict
DecisionTree learned:
!but&!very&!after&!then: positive
!but&!very&!after&then: negative
!but&!very&after&!laptops: neutral
!but&!very&after&laptops: positive
!but&very&!some&!are: positive
!but&very&!some&are: negative
!but&very&some: conflict
but&!this&!machine&!so: negative
but&!this&!machine&so: neutral
but&!this&machine: positive
but&this&!neg&!x: positive
but&this&!neg&x: neutral
but&this&neg&!was: neutral
but&this&neg&was: positive
DecisionTree learned:
!but&!for&!laptops&!after: negative
!but&!for&!laptops&after: neutral
!but&!for&laptops&!it: positive
!but&!for&laptops&it: conflict
!but&for&!desktop&!so: neutral
!but&for&!desktop&so: negative
!but&for&desktop: conflict
but&!think&!mac&!this: positive
but&!think&!mac&this: negative
but&!think&mac&!another: neutral
but&!think&mac&another: negative
but&think&!on: negative
but&think&on: neutral
DecisionTree learned:
!but&!uses&!long&!get: positive
!but&!uses&!long&get: negative
!but&!uses&long&!that: positive
!but&!uses&long&that: negative
!but&uses&!of: neutral
!but&uses&of: conflict
but&!tim&!got&!mac: negative
but&!tim&!got&mac: neutral
but&!tim&got&!so: negative
but&!tim&got&so: positive
but&tim: neutral
DecisionTree learned:
!but&!pos&!much&!macbook: negative
!but&!pos&!much&macbook: conflict
!but&!pos&much&!neg: positive
!but&!pos&much&neg: conflict
!but&pos&!some&!compact: positive
!but&pos&!some&compact: conflict
!but&pos&some&!much: negative
!but&pos&some&much: neutral
but&!computer&!this&!so: positive
but&!computer&!this&so: neutral
but&!computer&this&!neg: positive
but&!computer&this&neg: negative
but&computer&!after&!that: negative
but&computer&!after&that: conflict
but&computer&after&!processer: positive
but&computer&after&processer: conflict
DecisionTree learned:
!but&!and&!laptops&!for: negative
!but&!and&!laptops&for: neutral
!but&!and&laptops&!much: negative
!but&!and&laptops&much: conflict
!but&and&!i&!were: positive
!but&and&!i&were: negative
!but&and&i&!what: neutral
!but&and&i&what: neutral
but&!think&!this&!overall: positive
but&!think&!this&overall: neutral
but&!think&this&!know: negative
but&!think&this&know: conflict
but&think&!on: negative
but&think&on: neutral
DecisionTree learned:
!but&!long&!pos&!much: negative
!but&!long&!pos&much: conflict
!but&!long&pos&!generally: positive
!but&!long&pos&generally: conflict
!but&long&!though&!that: positive
!but&long&!though&that: negative
!but&long&though: conflict
but&!new&!in&!another: conflict
but&!new&!in&another: neutral
but&!new&in&!did: positive
but&!new&in&did: neutral
but&new&!vista&!browsers: neutral
but&new&!vista&browsers: positive
but&new&vista: conflict
DecisionTree learned:
!but&!bars&!for&!requires: negative
!but&!bars&!for&requires: conflict
!but&!bars&for&!so: neutral
!but&!bars&for&so: negative
!but&bars: conflict
but&!this&!size&!so: negative
but&!this&!size&so: conflict
but&!this&size: neutral
but&this&!computer&!neg: positive
but&this&!computer&neg: negative
but&this&computer&!and: conflict
but&this&computer&and: negative
DecisionTree learned:
!but&!after&!pc&!for: negative
!but&!after&!pc&for: neutral
!but&!after&pc&!users: positive
!but&!after&pc&users: neutral
!but&after&!with&!what: neutral
!but&after&!with&what: positive
!but&after&with&!i: negative
!but&after&with&i: positive
but&!mac&!this&!better: negative
but&!mac&!this&better: conflict
but&!mac&this&!neg: positive
but&!mac&this&neg: negative
but&mac&!more&!very: neutral
but&mac&!more&very: positive
but&mac&more: positive
DecisionTree learned:
!but&!neg&!way&!requires: positive
!but&!neg&!way&requires: conflict
!but&!neg&way&!laptop: negative
!but&!neg&way&laptop: conflict
!but&neg&!much&!desktop: negative
!but&neg&!much&desktop: neutral
!but&neg&much&!pos: conflict
!but&neg&much&pos: neutral
but&!make&!use&!and: conflict
but&!make&!use&and: positive
but&!make&use&!processer: negative
but&!make&use&processer: conflict
but&make&!i&!pricetag: conflict
but&make&!i&pricetag: positive
but&make&i&!card: negative
but&make&i&card: positive
DecisionTree learned:
!but&!cell&!other&!my: negative
!but&!cell&!other&my: neutral
!but&!cell&other&!neg: neutral
!but&!cell&other&neg: positive
!but&cell: conflict
but&!this&!size&!machine: negative
but&!this&!size&machine: positive
but&!this&size: neutral
but&this&!neg&!x: positive
but&this&!neg&x: neutral
but&this&neg&!for: negative
but&this&neg&for: neutral
DecisionTree learned:
!but&!pos&!worth&!bars: negative
!but&!pos&!worth&bars: conflict
!but&!pos&worth&!computer: conflict
!but&!pos&worth&computer: negative
!but&pos&!compact&!generally: positive
!but&pos&!compact&generally: conflict
!but&pos&compact: conflict
but&!this&!so&!size: positive
but&!this&!so&size: neutral
but&!this&so&!old: neutral
but&!this&so&old: positive
but&this&!x&!ever: neutral
but&this&!x&ever: negative
but&this&x: neutral
DecisionTree learned:
!but&!compact&!for&!when: negative
!but&!compact&!for&when: neutral
!but&!compact&for&!cell: neutral
!but&!compact&for&cell: conflict
!but&compact: conflict
but&!repair&!new&!a: positive
but&!repair&!new&a: conflict
but&!repair&new&!vista: neutral
but&!repair&new&vista: conflict
but&repair&!they: negative
but&repair&they&!card: neutral
but&repair&they&card: negative
DecisionTree learned:
!but&!pos&!worth&!versions: negative
!but&!pos&!worth&versions: conflict
!but&!pos&worth&!computer: conflict
!but&!pos&worth&computer: negative
!but&pos&!compact&!looked: positive
!but&pos&!compact&looked: neutral
!but&pos&compact: conflict
but&!computer&!this&!there: positive
but&!computer&!this&there: negative
but&!computer&this&!neg: positive
but&!computer&this&neg: negative
but&computer&!after&!that: negative
but&computer&!after&that: positive
but&computer&after&!processer: positive
but&computer&after&processer: conflict
DecisionTree learned:
!but&!dollar&!requires&!generally: negative
!but&!dollar&!requires&generally: conflict
!but&!dollar&requires: conflict
!but&dollar: conflict
but&!mac&!gb&!a: negative
but&!mac&!gb&a: conflict
but&!mac&gb&!hard: neutral
but&!mac&gb&hard: neutral
but&mac&!it&!to: neutral
but&mac&!it&to: positive
but&mac&it&!a: negative
but&mac&it&a: neutral
DecisionTree learned:
!but&!uses&!or&!pc: negative
!but&!uses&!or&pc: positive
!but&!uses&or&!up: neutral
!but&!uses&or&up: negative
!but&uses&!of: neutral
!but&uses&of: conflict
but&!this&!mac&!better: positive
but&!this&!mac&better: conflict
but&!this&mac&!more: positive
but&!this&mac&more: positive
but&this&!know&!very: neutral
but&this&!know&very: positive
but&this&know: conflict
DecisionTree learned:
!but&!fast&!uses&!movie: negative
!but&!fast&!uses&movie: neutral
!but&!fast&uses&!of: neutral
!but&!fast&uses&of: conflict
!but&fast&!with: positive
!but&fast&with&!neg: neutral
!but&fast&with&neg: positive
but&!this&!tim&!so: negative
but&!this&!tim&so: neutral
but&!this&tim: neutral
but&this&!browsers&!the: neutral
but&this&!browsers&the: negative
but&this&browsers: positive
DecisionTree learned:
!but&!after&!and&!cell: negative
!but&!after&!and&cell: conflict
!but&!after&and&!what: positive
!but&!after&and&what: neutral
!but&after&!with&!fix: neutral
!but&after&!with&fix: neutral
!but&after&with&!i: negative
!but&after&with&i: positive
but&!the&!this&!be: conflict
but&!the&!this&be: positive
but&!the&this&!browsers: neutral
but&!the&this&browsers: positive
but&the&!on&!mac: positive
but&the&!on&mac: neutral
but&the&on&!i: negative
but&the&on&i: neutral
DecisionTree learned:
!but&!pos&!worth&!requires: negative
!but&!pos&!worth&requires: conflict
!but&!pos&worth&!are: conflict
!but&!pos&worth&are: negative
!but&pos&!generally&!when: positive
!but&pos&!generally&when: neutral
!but&pos&generally&!keyboard: conflict
!but&pos&generally&keyboard: neutral
but&!think&!new&!more: negative
but&!think&!new&more: positive
but&!think&new&!pos: neutral
but&!think&new&pos: neutral
but&think&!on: negative
but&think&on: neutral
DecisionTree learned:
!but&!for&!compact&!requires: negative
!but&!for&!compact&requires: conflict
!but&!for&compact: conflict
!but&for&!so&!neg: neutral
!but&for&!so&neg: positive
!but&for&so&!laptop: negative
!but&for&so&laptop: conflict
but&!price&!a&!gb: positive
but&!price&!a&gb: neutral
but&!price&a&!which: neutral
but&!price&a&which: conflict
but&price&!i&!look: positive
but&price&!i&look: neutral
but&price&i&!media: neutral
but&price&i&media: negative
DecisionTree learned:
!but&!requires&!for&!get: positive
!but&!requires&!for&get: negative
!but&!requires&for&!so: neutral
!but&!requires&for&so: conflict
!but&requires: conflict
but&!got&!mac&!there: positive
but&!got&!mac&there: negative
but&!got&mac&!very: positive
but&!got&mac&very: positive
but&got&!so: negative
but&got&so: positive
DecisionTree learned:
!but&!cell&!much&!requires: positive
!but&!cell&!much&requires: conflict
!but&!cell&much&!of: positive
!but&!cell&much&of: neutral
!but&cell: conflict
but&!apps&!this&!outside: positive
but&!apps&!this&outside: neutral
but&!apps&this&!know: neutral
but&!apps&this&know: conflict
but&apps: neutral
DecisionTree learned:
!but&!after&!for&!laptops: negative
!but&!after&!for&laptops: conflict
!but&!after&for&!so: neutral
!but&!after&for&so: conflict
!but&after&!with&!doing: neutral
!but&after&!with&doing: positive
!but&after&with&!i: negative
!but&after&with&i: positive
but&!this&!two&!so: negative
but&!this&!two&so: neutral
but&!this&two: conflict
but&this&!is&!bought: neutral
but&this&!is&bought: negative
but&this&is&!and: conflict
but&this&is&and: negative
DecisionTree learned:
!but&!other&!not&!is: negative
!but&!other&!not&is: positive
!but&!other&not&!through: negative
!but&!other&not&through: neutral
!but&other&!neg&!only: neutral
!but&other&!neg&only: negative
!but&other&neg&!than: conflict
!but&other&neg&than: positive
but&!gb&!size&!tim: negative
but&!gb&!size&tim: neutral
but&!gb&size: neutral
but&gb&!internal: neutral
but&gb&internal&!space: positive
but&gb&internal&space: neutral
DecisionTree learned:
!but&!much&!is&!some: neutral
!but&!much&!is&some: negative
!but&!much&is&!not: positive
!but&!much&is&not: negative
!but&much&!i&!neg: positive
!but&much&!i&neg: conflict
!but&much&i&!it: neutral
!but&much&i&it: conflict
but&!this&!mac&!track: negative
but&!this&!mac&track: neutral
but&!this&mac&!another: neutral
but&!this&mac&another: negative
but&this&!ever&!very: neutral
but&this&!ever&very: positive
but&this&ever&!is: negative
but&this&ever&is: conflict
DecisionTree learned:
!but&!pos&!macbook&!cell: negative
!but&!pos&!macbook&cell: conflict
!but&!pos&macbook&!it: conflict
!but&!pos&macbook&it: neutral
!but&pos&!looked&!needs: positive
!but&pos&!looked&needs: negative
!but&pos&looked: neutral
but&!this&!so&!which: positive
but&!this&!so&which: conflict
but&!this&so&!old: neutral
but&!this&so&old: positive
but&this&!with&!that: positive
but&this&!with&that: negative
but&this&with&!for: negative
but&this&with&for: neutral
DecisionTree learned:
!but&!neg&!n&!rarely: positive
!but&!neg&!n&rarely: negative
!but&!neg&n&!so: negative
!but&!neg&n&so: neutral
!but&neg&!much&!for: negative
!but&neg&!much&for: positive
!but&neg&much&!pos: conflict
!but&neg&much&pos: neutral
but&!outside&!mac&!os: negative
but&!outside&!mac&os: neutral
but&!outside&mac&!bit: positive
but&!outside&mac&bit: neutral
but&outside&!media: neutral
but&outside&media&!software: negative
but&outside&media&software: positive
DecisionTree learned:
!but&!after&!pos&!worth: neutral
!but&!after&!pos&worth: conflict
!but&!after&pos&!generally: positive
!but&!after&pos&generally: conflict
!but&after&!with&!just: neutral
!but&after&!with&just: negative
!but&after&with&!i: negative
!but&after&with&i: positive
but&!if&!this&!so: negative
but&!if&!this&so: neutral
but&!if&this&!neg: positive
but&!if&this&neg: negative
but&if&!to&!i: negative
but&if&!to&i: positive
but&if&to: neutral
DecisionTree learned:
!but&!requires&!neg&!when: positive
!but&!requires&!neg&when: neutral
!but&!requires&neg&!for: negative
!but&!requires&neg&for: positive
!but&requires: conflict
but&!new&!in&!up: conflict
but&!new&!in&up: negative
but&!new&in&!was: neutral
but&!new&in&was: negative
but&new&!pos&!so: negative
but&new&!pos&so: neutral
but&new&pos&!space: positive
but&new&pos&space: neutral
DecisionTree learned:
!but&!pos&!much&!macbook: neutral
!but&!pos&!much&macbook: conflict
!but&!pos&much&!neg: positive
!but&!pos&much&neg: conflict
!but&pos&!months&!to: positive
!but&pos&!months&to: negative
!but&pos&months&!sent: negative
!but&pos&months&sent: neutral
but&!make&!standard&!use: negative
but&!make&!standard&use: negative
but&!make&standard: conflict
but&make&!i&!cost: conflict
but&make&!i&cost: positive
but&make&i&!card: negative
but&make&i&card: positive
DecisionTree learned:
!but&!bars&!for&!they: positive
!but&!bars&!for&they: neutral
!but&!bars&for&!so: neutral
!but&!bars&for&so: conflict
!but&bars: conflict
but&!os&!new&!on: negative
but&!os&!new&on: neutral
but&!os&new&!st: neutral
but&!os&new&st: negative
but&os: neutral
DecisionTree learned:
!but&!other&!my&!generally: positive
!but&!other&!my&generally: conflict
!but&!other&my&!laptop: neutral
!but&!other&my&laptop: negative
!but&other&!neg&!only: neutral
!but&other&!neg&only: negative
!but&other&neg&!than: conflict
!but&other&neg&than: positive
but&!size&!this&!somewhere: positive
but&!size&!this&somewhere: neutral
but&!size&this&!know: neutral
but&!size&this&know: conflict
but&size: neutral
DecisionTree learned:
!but&!after&!bars&!for: positive
!but&!after&!bars&for: neutral
!but&!after&bars: conflict
!but&after&!with&!worked: neutral
!but&after&!with&worked: negative
!but&after&with&!i: negative
!but&after&with&i: positive
but&!size&!repair&!new: negative
but&!size&!repair&new: neutral
but&!size&repair&!to: negative
but&!size&repair&to: neutral
but&size: neutral
DecisionTree learned:
!but&!get&!and&!cell: negative
!but&!get&!and&cell: conflict
!but&!get&and&!sol: positive
!but&!get&and&sol: conflict
!but&get&!am&!pro: negative
!but&get&!am&pro: conflict
!but&get&am&!with: conflict
!but&get&am&with: negative
but&!this&!machine&!so: negative
but&!this&!machine&so: conflict
but&!this&machine: positive
but&this&!know&!with: positive
but&this&!know&with: negative
but&this&know: conflict
DecisionTree learned:
!but&!neg&!way&!bars: positive
!but&!neg&!way&bars: conflict
!but&!neg&way&!use: negative
!but&!neg&way&use: conflict
!but&neg&!cell&!much: negative
!but&neg&!cell&much: conflict
!but&neg&cell: conflict
but&!outside&!new&!a: negative
but&!outside&!new&a: conflict
but&!outside&new&!pos: neutral
but&!outside&new&pos: neutral
but&outside&!media: neutral
but&outside&media&!software: negative
but&outside&media&software: positive
DecisionTree learned:
!but&!some&!though&!requires: positive
!but&!some&!though&requires: conflict
!but&!some&though&!so: positive
!but&!some&though&so: conflict
!but&some&!very&!a: negative
!but&some&!very&a: neutral
!but&some&very: conflict
but&!this&!the&!laptop: conflict
but&!this&!the&laptop: neutral
but&!this&the&!pos: negative
but&!this&the&pos: positive
but&this&!x&!know: negative
but&this&!x&know: conflict
but&this&x: neutral
DecisionTree learned:
!but&!after&!fast&!pc: negative
!but&!after&!fast&pc: positive
!but&!after&fast&!with: positive
!but&!after&fast&with: positive
!but&after&!with&!doing: neutral
!but&after&!with&doing: positive
!but&after&with&!i: negative
!but&after&with&i: positive
but&!size&!overall&!this: positive
but&!size&!overall&this: neutral
but&!size&overall&!is: neutral
but&!size&overall&is: negative
but&size: neutral
DecisionTree learned:
!but&!after&!uses&!generally: positive
!but&!after&!uses&generally: conflict
!but&!after&uses&!of: neutral
!but&!after&uses&of: conflict
!but&after&!with&!doing: neutral
!but&after&!with&doing: positive
!but&after&with&!i: negative
!but&after&with&i: positive
but&!price&!this&!was: positive
but&!price&!this&was: negative
but&!price&this&!is: positive
but&!price&this&is: negative
but&price&!you&!media: neutral
but&price&!you&media: negative
but&price&you&!applications: positive
but&price&you&applications: neutral
DecisionTree learned:
!but&!requires&!for&!get: negative
!but&!requires&!for&get: negative
!but&!requires&for&!so: neutral
!but&!requires&for&so: conflict
!but&requires: conflict
but&!learning&!price&!if: negative
but&!learning&!price&if: neutral
but&!learning&price&!i: positive
but&!learning&price&i: neutral
but&learning&!windows&!apple: neutral
but&learning&!windows&apple: positive
but&learning&windows: conflict
DecisionTree learned:
!but&!after&!for&!requires: positive
!but&!after&!for&requires: conflict
!but&!after&for&!so: neutral
!but&!after&for&so: conflict
!but&after&!with&!just: neutral
!but&after&!with&just: negative
!but&after&with&!i: negative
!but&after&with&i: positive
but&!size&!to&!i: conflict
but&!size&!to&i: positive
but&!size&to&!a: positive
but&!size&to&a: neutral
but&size: neutral
DecisionTree learned:
!but&!dollar&!other&!would: positive
!but&!dollar&!other&would: negative
!but&!dollar&other&!neg: neutral
!but&!dollar&other&neg: positive
!but&dollar: conflict
but&!this&!so&!whole: negative
but&!this&!so&whole: neutral
but&!this&so&!it: neutral
but&!this&so&it: conflict
but&this&!neg&!to: positive
but&this&!neg&to: neutral
but&this&neg&!was: negative
but&this&neg&was: positive
DecisionTree learned:
!but&!generally&!pos&!much: neutral
!but&!generally&!pos&much: conflict
!but&!generally&pos&!laptop: positive
!but&!generally&pos&laptop: negative
!but&generally&!keyboard: conflict
!but&generally&keyboard: neutral
but&!if&!mac&!overall: positive
but&!if&!mac&overall: neutral
but&!if&mac&!look: positive
but&!if&mac&look: neutral
but&if&!to&!i: negative
but&if&!to&i: positive
but&if&to: neutral
DecisionTree learned:
!but&!my&!cell&!generally: negative
!but&!my&!cell&generally: conflict
!but&!my&cell: conflict
!but&my&!laptop&!get: neutral
!but&my&!laptop&get: conflict
!but&my&laptop&!so: negative
!but&my&laptop&so: conflict
but&!somewhere&!new&!this: positive
but&!somewhere&!new&this: neutral
but&!somewhere&new&!browsers: neutral
but&!somewhere&new&browsers: positive
but&somewhere: neutral
DecisionTree learned:
!but&!cell&!requires&!long: negative
!but&!cell&!requires&long: positive
!but&!cell&requires: conflict
!but&cell: conflict
but&!this&!so&!any: positive
but&!this&!so&any: neutral
but&!this&so&!old: neutral
but&!this&so&old: positive
but&this&!very&!computer: neutral
but&this&!very&computer: negative
but&this&very&!drivers: negative
but&this&very&drivers: positive
DecisionTree learned:
!but&!bars&!neg&!requires: positive
!but&!bars&!neg&requires: conflict
!but&!bars&neg&!much: negative
!but&!bars&neg&much: conflict
!but&bars: conflict
but&!tim&!i&!or: conflict
but&!tim&!i&or: neutral
but&!tim&i&!which: negative
but&!tim&i&which: conflict
but&tim: neutral
DecisionTree learned:
!but&!generally&!pos&!worth: negative
!but&!generally&!pos&worth: conflict
!but&!generally&pos&!compact: positive
!but&!generally&pos&compact: conflict
!but&generally&!keyboard: conflict
!but&generally&keyboard: neutral
but&!the&!be&!it: neutral
but&!the&!be&it: conflict
but&!the&be&!neg: positive
but&!the&be&neg: negative
but&the&!think&!my: positive
but&the&!think&my: positive
but&the&think&!on: negative
but&the&think&on: neutral
DecisionTree learned:
!but&!bars&!dollar&!uses: positive
!but&!bars&!dollar&uses: neutral
!but&!bars&dollar: conflict
!but&bars: conflict
but&!this&!which&!laptop: conflict
but&!this&!which&laptop: neutral
but&!this&which&!and: conflict
but&!this&which&and: positive
but&this&!know&!neg: positive
but&this&!know&neg: negative
but&this&know: conflict
DecisionTree learned:
!but&!get&!requires&!for: negative
!but&!get&!requires&for: neutral
!but&!get&requires: conflict
!but&get&!am&!pay: negative
!but&get&!am&pay: conflict
!but&get&am&!with: conflict
!but&get&am&with: negative
but&!this&!overall&!laptop: conflict
but&!this&!overall&laptop: neutral
but&!this&overall&!media: neutral
but&!this&overall&media: positive
but&this&!ever&!neg: positive
but&this&!ever&neg: neutral
but&this&ever&!is: negative
but&this&ever&is: conflict
DecisionTree learned:
!but&!uses&!cell&!my: positive
!but&!uses&!cell&my: neutral
!but&!uses&cell: conflict
!but&uses&!of: neutral
!but&uses&of: conflict
but&!whole&!this&!were: negative
but&!whole&!this&were: neutral
but&!whole&this&!computer: neutral
but&!whole&this&computer: negative
but&whole&!apps&!pos: neutral
but&whole&!apps&pos: positive
but&whole&apps: neutral
DecisionTree learned:
!but&!dollar&!much&!generally: negative
!but&!dollar&!much&generally: conflict
!but&!dollar&much&!i: positive
!but&!dollar&much&i: neutral
!but&dollar: conflict
but&!new&!if&!outside: negative
but&!new&!if&outside: neutral
but&!new&if&!to: negative
but&!new&if&to: neutral
but&new&!when&!browsers: neutral
but&new&!when&browsers: positive
but&new&when&!so: negative
but&new&when&so: neutral
DecisionTree learned:
!but&!long&!neg&!rarely: positive
!but&!long&!neg&rarely: negative
!but&!long&neg&!much: negative
!but&!long&neg&much: conflict
!but&long&!though&!all: positive
!but&long&!though&all: negative
!but&long&though: conflict
but&!this&!so&!the: conflict
but&!this&!so&the: positive
but&!this&so&!pos: conflict
but&!this&so&pos: neutral
but&this&!neg&!x: positive
but&this&!neg&x: neutral
but&this&neg&!was: negative
but&this&neg&was: positive
DecisionTree learned:
!but&!after&!would&!months: positive
!but&!after&!would&months: negative
!but&!after&would&!buy: negative
!but&!after&would&buy: neutral
!but&after&!with&!apart: negative
!but&after&!with&apart: neutral
!but&after&with&!i: negative
!but&after&with&i: positive
but&!outside&!think&!repair: positive
but&!outside&!think&repair: negative
but&!outside&think&!on: negative
but&!outside&think&on: neutral
but&outside&!media: neutral
but&outside&media&!software: negative
but&outside&media&software: positive
DecisionTree learned:
!but&!for&!requires&!much: negative
!but&!for&!requires&much: positive
!but&!for&requires: conflict
!but&for&!desktop&!versions: neutral
!but&for&!desktop&versions: conflict
!but&for&desktop: conflict
but&!got&!this&!mac: conflict
but&!got&!this&mac: positive
but&!got&this&!computer: neutral
but&!got&this&computer: negative
but&got&!so: negative
but&got&so: positive
DecisionTree learned:
!but&!my&!other&!or: positive
!but&!my&!other&or: neutral
!but&!my&other&!neg: neutral
!but&!my&other&neg: conflict
!but&my&!laptop&!get: neutral
!but&my&!laptop&get: conflict
!but&my&laptop&!so: negative
!but&my&laptop&so: conflict
but&!this&!learning&!size: positive
but&!this&!learning&size: neutral
but&!this&learning&!windows: neutral
but&!this&learning&windows: conflict
but&this&!computer&!neg: neutral
but&this&!computer&neg: neutral
but&this&computer&!that: negative
but&this&computer&that: conflict
DecisionTree learned:
!but&!get&!for&!requires: negative
!but&!get&!for&requires: conflict
!but&!get&for&!so: neutral
!but&!get&for&so: conflict
!but&get&!am&!pay: negative
!but&get&!am&pay: conflict
!but&get&am&!with: conflict
!but&get&am&with: negative
but&!think&!track&!apps: positive
but&!think&!track&apps: neutral
but&!think&track: neutral
but&think&!on: negative
but&think&on: neutral
DecisionTree learned:
!but&!bars&!neg&!requires: positive
!but&!bars&!neg&requires: conflict
!but&!bars&neg&!much: negative
!but&!bars&neg&much: conflict
!but&bars: conflict
but&!this&!mac&!better: conflict
but&!this&!mac&better: conflict
but&!this&mac&!another: positive
but&!this&mac&another: negative
but&this&!computer&!neg: positive
but&this&!computer&neg: negative
but&this&computer&!that: negative
but&this&computer&that: conflict
DecisionTree learned:
!but&!bars&!for&!requires: negative
!but&!bars&!for&requires: conflict
!but&!bars&for&!so: neutral
!but&!bars&for&so: conflict
!but&bars: conflict
but&!certain&!learning&!size: positive
but&!certain&!learning&size: neutral
but&!certain&learning&!windows: neutral
but&!certain&learning&windows: conflict
but&certain&!drivers: neutral
but&certain&drivers: negative
Trial 0 Training cc.mallet.classify.AdaBoostM2Trainer@49ff0dde finished
Trial 0 Trainer cc.mallet.classify.AdaBoostM2Trainer@49ff0dde test data accuracy = 0.565922920892495

NaiveBayesTrainer
Summary. test accuracy mean = 0.6389452332657201 stddev = 0.0 stderr = 0.0

MaxEntTrainer,gaussianPriorVariance=1.0
Summary. test accuracy mean = 0.592292089249493 stddev = 0.0 stderr = 0.0

cc.mallet.classify.DecisionTreeTrainer@6766afb3
Summary. test accuracy mean = 0.49290060851926976 stddev = 0.0 stderr = 0.0

cc.mallet.classify.AdaBoostM2Trainer@49ff0dde
Summary. test accuracy mean = 0.565922920892495 stddev = 0.0 stderr = 0.0
