
-------------------- Trial 0  --------------------

Trial 0 Training NaiveBayesTrainer with 1865 instances
Trial 0 Training NaiveBayesTrainer finished
Trial 0 Trainer NaiveBayesTrainer test data accuracy = 0.6004056795131846
Trial 0 Training MaxEntTrainer,gaussianPriorVariance=1.0 with 1865 instances
Trial 0 Training MaxEntTrainer,gaussianPriorVariance=1.0 finished
Trial 0 Trainer MaxEntTrainer,gaussianPriorVariance=1.0 test data accuracy = 0.6146044624746451
Trial 0 Training cc.mallet.classify.DecisionTreeTrainer@266bade9 with 1865 instances
DecisionTree learned:
!pos&!neg&!office&!speed: negative
!pos&!neg&!office&speed: positive
!pos&!neg&office: neutral
!pos&neg&!price&!memory: negative
!pos&neg&!price&memory: neutral
!pos&neg&price&!n: positive
!pos&neg&price&n: negative
pos&!times&!called&!drive: positive
pos&!times&!called&drive: negative
pos&!times&called&!feature: negative
pos&!times&called&feature: neutral
pos&times&!store&!tech: negative
pos&times&!store&tech: neutral
pos&times&store: neutral
Trial 0 Training cc.mallet.classify.DecisionTreeTrainer@266bade9 finished
Trial 0 Trainer cc.mallet.classify.DecisionTreeTrainer@266bade9 test data accuracy = 0.537525354969574
