
-------------------- Trial 0  --------------------

Trial 0 Training NaiveBayesTrainer with 1865 instances
Trial 0 Training NaiveBayesTrainer finished
Trial 0 Trainer NaiveBayesTrainer test data accuracy = 0.6511156186612576
Trial 0 Training MaxEntTrainer,gaussianPriorVariance=1.0 with 1865 instances
Trial 0 Training MaxEntTrainer,gaussianPriorVariance=1.0 finished
Trial 0 Trainer MaxEntTrainer,gaussianPriorVariance=1.0 test data accuracy = 0.640973630831643
Trial 0 Training cc.mallet.classify.DecisionTreeTrainer@2b2d96f2 with 1865 instances
DecisionTree learned:
!neg&!but&!not&!cd: positive
!neg&!but&!not&cd: neutral
!neg&!but&not&!and: negative
!neg&!but&not&and: positive
!neg&but&!you&!this: negative
!neg&but&!you&this: positive
!neg&but&you&!n: neutral
!neg&but&you&n: negative
neg&!movie&!pos&!price: negative
neg&!movie&!pos&price: positive
neg&!movie&pos&!garageband: negative
neg&!movie&pos&garageband: positive
neg&movie: neutral
Trial 0 Training cc.mallet.classify.DecisionTreeTrainer@2b2d96f2 finished
Trial 0 Trainer cc.mallet.classify.DecisionTreeTrainer@2b2d96f2 test data accuracy = 0.5476673427991886
Trial 0 Training cc.mallet.classify.AdaBoostM2Trainer@5464ea66 with 1865 instances
DecisionTree learned:
!neg&!but&!pos&!not: positive
!neg&!but&!pos&not: negative
!neg&!but&pos&!n: positive
!neg&!but&pos&n: negative
!neg&but&!you&!this: negative
!neg&but&!you&this: positive
!neg&but&you&!vbp: neutral
!neg&but&you&vbp: negative
neg&!photo&!pos&!price: negative
neg&!photo&!pos&price: positive
neg&!photo&pos&!but: negative
neg&!photo&pos&but: negative
neg&photo: neutral
DecisionTree learned:
!but&!neg&!not&!cd: positive
!but&!neg&!not&cd: neutral
!but&!neg&not&!its: negative
!but&!neg&not&its: positive
!but&neg&!music&!pos: negative
!but&neg&!music&pos: negative
!but&neg&music: neutral
but&!rbr&!got&!mac: negative
but&!rbr&!got&mac: neutral
but&!rbr&got&!so: negative
but&!rbr&got&so: positive
but&rbr&!it&!in: negative
but&rbr&!it&in: positive
but&rbr&it&!nnp: positive
but&rbr&it&nnp: conflict
DecisionTree learned:
!but&!fast&!neg&!and: negative
!but&!fast&!neg&and: positive
!but&!fast&neg&!movie: negative
!but&!fast&neg&movie: neutral
!but&fast&!with: positive
!but&fast&with&!nnp: positive
!but&fast&with&nnp: positive
but&!mac&!got&!wdt: negative
but&!mac&!got&wdt: conflict
but&!mac&got&!so: negative
but&!mac&got&so: positive
but&mac&!in: negative
but&mac&in&!its: positive
but&mac&in&its: neutral
DecisionTree learned:
!but&!fast&!neg&!not: positive
!but&!fast&!neg&not: negative
!but&!fast&neg&!movie: negative
!but&!fast&neg&movie: neutral
!but&fast&!one&!you: positive
!but&fast&!one&you: positive
!but&fast&one: neutral
but&!be&!rbr&!they: positive
but&!be&!rbr&they: negative
but&!be&rbr&!it: positive
but&!be&rbr&it: conflict
but&be&!wdt&!more: negative
but&be&!wdt&more: positive
but&be&wdt&!to: conflict
but&be&wdt&to: positive
DecisionTree learned:
!but&!fast&!pos&!neg: neutral
!but&!fast&!pos&neg: negative
!but&!fast&pos&!then: positive
!but&!fast&pos&then: negative
!but&fast&!one&!you: positive
!but&fast&!one&you: positive
!but&fast&one: neutral
but&!got&!mac&!x: negative
but&!got&!mac&x: neutral
but&!got&mac&!more: positive
but&!got&mac&more: positive
but&got&!so: negative
but&got&so: positive
DecisionTree learned:
!but&!pos&!speed&!price: negative
!but&!pos&!speed&price: positive
!but&!pos&speed&!vbd: positive
!but&!pos&speed&vbd: positive
!but&pos&!prp&!vbn: positive
!but&pos&!prp&vbn: negative
!but&pos&prp&!use: positive
!but&pos&prp&use: positive
but&!rbr&!the&!wdt: conflict
but&!rbr&!the&wdt: neutral
but&!rbr&the&!wdt: negative
but&!rbr&the&wdt: positive
but&rbr&!in&!nn: conflict
but&rbr&!in&nn: negative
but&rbr&in&!make: positive
but&rbr&in&make: positive
DecisionTree learned:
!but&!fast&!neg&!not: positive
!but&!fast&!neg&not: negative
!but&!fast&neg&!other: negative
!but&!fast&neg&other: positive
!but&fast&!with: positive
!but&fast&with&!just: positive
!but&fast&with&just: neutral
but&!mac&!rbr&!be: negative
but&!mac&!rbr&be: negative
but&!mac&rbr&!vb: positive
but&!mac&rbr&vb: positive
but&mac&!up&!more: neutral
but&mac&!up&more: positive
but&mac&up: positive
DecisionTree learned:
!but&!in&!requires&!n: positive
!but&!in&!requires&n: negative
!but&!in&requires: conflict
!but&in&!and&!price: negative
!but&in&!and&price: positive
!but&in&and&!vbd: positive
!but&in&and&vbd: neutral
but&!so&!this&!there: positive
but&!so&!this&there: negative
but&!so&this&!neg: neutral
but&!so&this&neg: negative
but&so&!laptop&!pos: conflict
but&so&!laptop&pos: positive
but&so&laptop&!toshiba: neutral
but&so&laptop&toshiba: negative
DecisionTree learned:
!but&!cd&!and&!programs: negative
!but&!cd&!and&programs: neutral
!but&!cd&and&!i: positive
!but&!cd&and&i: positive
!but&cd&!am&!price: neutral
!but&cd&!am&price: positive
!but&cd&am&!get: positive
!but&cd&am&get: conflict
but&!rbr&!this&!so: negative
but&!rbr&!this&so: neutral
but&!rbr&this&!neg: neutral
but&!rbr&this&neg: negative
but&rbr&!vb&!nn: conflict
but&rbr&!vb&nn: positive
but&rbr&vb&!with: positive
but&rbr&vb&with: positive
DecisionTree learned:
!but&!pos&!neg&!wrb: neutral
!but&!pos&!neg&wrb: negative
!but&!pos&neg&!any: negative
!but&!pos&neg&any: neutral
!but&pos&!prp&!vbn: positive
!but&pos&!prp&vbn: negative
!but&pos&prp&!use: negative
!but&pos&prp&use: positive
but&!mac&!vb&!i: negative
but&!mac&!vb&i: positive
but&!mac&vb&!another: negative
but&!mac&vb&another: neutral
but&mac&!in: negative
but&mac&in&!its: positive
but&mac&in&its: neutral
DecisionTree learned:
!but&!for&!very&!vbn: positive
!but&!for&!very&vbn: negative
!but&!for&very&!vbp: positive
!but&!for&very&vbp: positive
!but&for&!vb&!movie: positive
!but&for&!vb&movie: neutral
!but&for&vb&!vbz: neutral
!but&for&vb&vbz: positive
but&!new&!think&!x: negative
but&!new&!think&x: neutral
but&!new&think&!on: negative
but&!new&think&on: neutral
but&new&!nns&!rb: negative
but&new&!nns&rb: neutral
but&new&nns&!nn: positive
but&new&nns&nn: neutral
DecisionTree learned:
!but&!cd&!for&!and: negative
!but&!cd&!for&and: positive
!but&!cd&for&!to: positive
!but&!cd&for&to: neutral
!but&cd&!router&!they: neutral
!but&cd&!router&they: neutral
!but&cd&router: conflict
but&!mac&!x&!i: negative
but&!mac&!x&i: positive
but&!mac&x&!is: neutral
but&!mac&x&is: positive
but&mac&!system&!bit: positive
but&mac&!system&bit: neutral
but&mac&system&!nnp: neutral
but&mac&system&nnp: negative
DecisionTree learned:
!but&!in&!graphics&!requires: positive
!but&!in&!graphics&requires: conflict
!but&!in&graphics: positive
!but&in&!pos&!price: negative
!but&in&!pos&price: positive
!but&in&pos&!vbd: positive
!but&in&pos&vbd: negative
but&!vb&!think&!better: positive
but&!vb&!think&better: conflict
but&!vb&think: neutral
but&vb&!mac&!this: negative
but&vb&!mac&this: neutral
but&vb&mac&!rp: neutral
but&vb&mac&rp: positive
DecisionTree learned:
!but&!neg&!when&!n: positive
!but&!neg&!when&n: negative
!but&!neg&when&!dt: negative
!but&!neg&when&dt: neutral
!but&neg&!movie&!vb: negative
!but&neg&!movie&vb: negative
!but&neg&movie: neutral
but&!mac&!this&!so: negative
but&!mac&!this&so: neutral
but&!mac&this&!neg: neutral
but&!mac&this&neg: negative
but&mac&!system&!bit: positive
but&mac&!system&bit: neutral
but&mac&system&!nnp: neutral
but&mac&system&nnp: negative
DecisionTree learned:
!but&!for&!cd&!you: positive
!but&!for&!cd&you: neutral
!but&!for&cd&!am: negative
!but&!for&cd&am: neutral
!but&for&!so&!vb: positive
!but&for&!so&vb: neutral
!but&for&so&!battery: negative
!but&for&so&battery: conflict
but&!wdt&!be&!prp: negative
but&!wdt&!be&prp: positive
but&!wdt&be&!rb: negative
but&!wdt&be&rb: negative
but&wdt&!the&!it: neutral
but&wdt&!the&it: conflict
but&wdt&the&!once: positive
but&wdt&the&once: negative
DecisionTree learned:
!but&!for&!cd&!laptops: positive
!but&!for&!cd&laptops: conflict
!but&!for&cd&!am: negative
!but&!for&cd&am: conflict
!but&for&!vbd&!way: positive
!but&for&!vbd&way: negative
!but&for&vbd&!vb: neutral
!but&for&vbd&vb: neutral
but&!mac&!this&!so: negative
but&!mac&!this&so: conflict
but&!mac&this&!vb: positive
but&!mac&this&vb: neutral
but&mac&!its&!in: negative
but&mac&!its&in: positive
but&mac&its&!nnp: neutral
but&mac&its&nnp: neutral
DecisionTree learned:
!but&!pos&!much&!i: negative
!but&!pos&!much&i: neutral
!but&!pos&much&!neg: positive
!but&!pos&much&neg: conflict
!but&pos&!to&!cd: positive
!but&pos&!to&cd: neutral
!but&pos&to&!use: negative
!but&pos&to&use: positive
but&!mac&!wdt&!on: negative
but&!mac&!wdt&on: neutral
but&!mac&wdt&!the: neutral
but&!mac&wdt&the: conflict
but&mac&!vb&!in: negative
but&mac&!vb&in: positive
but&mac&vb&!new: positive
but&mac&vb&new: neutral
DecisionTree learned:
!but&!neg&!not&!n: positive
!but&!neg&!not&n: negative
!but&!neg&not&!nns: negative
!but&!neg&not&nns: neutral
!but&neg&!much&!other: negative
!but&neg&!much&other: positive
!but&neg&much&!a: conflict
!but&neg&much&a: neutral
but&!this&!so&!and: negative
but&!this&!so&and: positive
but&!this&so&!old: neutral
but&!this&so&old: positive
but&this&!vbn&!pos: negative
but&this&!vbn&pos: neutral
but&this&vbn&!and: negative
but&this&vbn&and: negative
DecisionTree learned:
!but&!for&!much&!very: negative
!but&!for&!much&very: positive
!but&!for&much&!i: positive
!but&!for&much&i: neutral
!but&for&!desktop&!some: positive
!but&for&!desktop&some: negative
!but&for&desktop: conflict
but&!mac&!this&!so: negative
but&!mac&!this&so: neutral
but&!mac&this&!know: neutral
but&!mac&this&know: conflict
but&mac&!vb&!in: negative
but&mac&!vb&in: positive
but&mac&vb&!pos: neutral
but&mac&vb&pos: positive
DecisionTree learned:
!but&!for&!replaced&!cd: positive
!but&!for&!replaced&cd: neutral
!but&!for&replaced&!inside: negative
!but&!for&replaced&inside: neutral
!but&for&!vbd&!way: positive
!but&for&!vbd&way: negative
!but&for&vbd&!to: neutral
!but&for&vbd&to: negative
but&!wdt&!be&!in: conflict
but&!wdt&!be&in: positive
but&!wdt&be&!neg: negative
but&!wdt&be&neg: negative
but&wdt&!the&!you: conflict
but&wdt&!the&you: neutral
but&wdt&the&!still: conflict
but&wdt&the&still: positive
DecisionTree learned:
!but&!in&!requires&!graphics: positive
!but&!in&!requires&graphics: positive
!but&!in&requires: conflict
!but&in&!back&!for: negative
!but&in&!back&for: neutral
!but&in&back&!nns: neutral
!but&in&back&nns: negative
but&!prp&!cd&!better: positive
but&!prp&!cd&better: conflict
but&!prp&cd&!only: negative
but&!prp&cd&only: conflict
but&prp&!got&!it: neutral
but&prp&!got&it: positive
but&prp&got&!so: negative
but&prp&got&so: positive
DecisionTree learned:
!but&!fast&!prp&!and: negative
!but&!fast&!prp&and: positive
!but&!fast&prp&!pos: neutral
!but&!fast&prp&pos: positive
!but&fast&!with: positive
!but&fast&with&!just: positive
!but&fast&with&just: neutral
but&!the&!dt&!nn: negative
but&!the&!dt&nn: conflict
but&!the&dt&!vbp: conflict
but&!the&dt&vbp: neutral
but&the&!wdt&!computer: negative
but&the&!wdt&computer: negative
but&the&wdt&!jjr: positive
but&the&wdt&jjr: negative
DecisionTree learned:
!but&!price&!very&!and: negative
!but&!price&!very&and: positive
!but&!price&very&!some: positive
!but&!price&very&some: conflict
!but&price&!worth&!off: positive
!but&price&!worth&off: neutral
!but&price&worth&!pos: conflict
!but&price&worth&pos: negative
but&!new&!this&!outside: negative
but&!new&!this&outside: neutral
but&!new&this&!neg: positive
but&!new&this&neg: negative
but&new&!nns&!rb: negative
but&new&!nns&rb: neutral
but&new&nns&!nn: positive
but&new&nns&nn: neutral
DecisionTree learned:
!but&!neg&!way&!speed: positive
!but&!neg&!way&speed: positive
!but&!neg&way&!laptop: negative
!but&!neg&way&laptop: conflict
!but&neg&!cell&!much: negative
!but&neg&!cell&much: neutral
!but&neg&cell: conflict
but&!did&!nns&!the: conflict
but&!did&!nns&the: negative
but&!did&nns&!new: positive
but&!did&nns&new: positive
but&did&!they&!on: neutral
but&did&!they&on: neutral
but&did&they&!nns: negative
but&did&they&nns: neutral
DecisionTree learned:
!but&!for&!requires&!cd: positive
!but&!for&!requires&cd: neutral
!but&!for&requires: conflict
!but&for&!vbd&!way: positive
!but&for&!vbd&way: negative
!but&for&vbd&!neg: neutral
!but&for&vbd&neg: negative
but&!the&!it&!i: conflict
but&!the&!it&i: neutral
but&!the&it&!new: conflict
but&!the&it&new: positive
but&the&!wdt&!or: negative
but&the&!wdt&or: neutral
but&the&wdt&!once: positive
but&the&wdt&once: negative
DecisionTree learned:
!but&!other&!pos&!much: negative
!but&!other&!pos&much: conflict
!but&!other&pos&!vb: positive
!but&!other&pos&vb: negative
!but&other&!neg&!vb: neutral
!but&other&!neg&vb: positive
!but&other&neg&!than: conflict
!but&other&neg&than: positive
but&!mac&!drive&!gb: negative
but&!mac&!drive&gb: neutral
but&!mac&drive&!to: neutral
but&!mac&drive&to: negative
but&mac&!up&!it: positive
but&mac&!up&it: neutral
but&mac&up: positive
DecisionTree learned:
!but&!neg&!vbd&!vbp: positive
!but&!neg&!vbd&vbp: neutral
!but&!neg&vbd&!purchased: neutral
!but&!neg&vbd&purchased: neutral
!but&neg&!much&!for: negative
!but&neg&!much&for: neutral
!but&neg&much&!a: conflict
!but&neg&much&a: neutral
but&!this&!so&!outside: negative
but&!this&!so&outside: neutral
but&!this&so&!it: neutral
but&!this&so&it: conflict
but&this&!vb&!for: positive
but&this&!vb&for: neutral
but&this&vb&!make: neutral
but&this&vb&make: negative
DecisionTree learned:
!but&!after&!vbn&!uses: positive
!but&!after&!vbn&uses: neutral
!but&!after&vbn&!vbd: negative
!but&!after&vbn&vbd: negative
!but&after&!with&!rb: negative
!but&after&!with&rb: neutral
!but&after&with&!nnp: negative
!but&after&with&nnp: positive
but&!new&!tim&!rbr: negative
but&!new&!tim&rbr: positive
but&!new&tim: neutral
but&new&!was&!with: neutral
but&new&!was&with: neutral
but&new&was&!pos: negative
but&new&was&pos: positive
DecisionTree learned:
!but&!for&!vbn&!same: positive
!but&!for&!vbn&same: neutral
!but&!for&vbn&!very: negative
!but&!for&vbn&very: positive
!but&for&!so&!vb: positive
!but&for&!so&vb: neutral
!but&for&so&!laptop: negative
!but&for&so&laptop: conflict
but&!mac&!there&!on: positive
but&!mac&!there&on: neutral
but&!mac&there&!to: negative
but&!mac&there&to: neutral
but&mac&!up&!it: neutral
but&mac&!up&it: neutral
but&mac&up: positive
DecisionTree learned:
!but&!neg&!requires&!my: positive
!but&!neg&!requires&my: neutral
!but&!neg&requires: conflict
!but&neg&!cell&!what: negative
!but&neg&!cell&what: neutral
!but&neg&cell: conflict
but&!new&!tim&!i: conflict
but&!new&!tim&i: negative
but&!new&tim: neutral
but&new&!nns&!rb: negative
but&new&!nns&rb: neutral
but&new&nns&!nn: positive
but&new&nns&nn: neutral
DecisionTree learned:
!but&!fast&!pos&!much: negative
!but&!fast&!pos&much: conflict
!but&!fast&pos&!prp: positive
!but&!fast&pos&prp: positive
!but&fast&!with: positive
!but&fast&with&!nnp: positive
!but&fast&with&nnp: positive
but&!mac&!apple&!i: conflict
but&!mac&!apple&i: negative
but&!mac&apple&!a: conflict
but&!mac&apple&a: neutral
but&mac&!in: negative
but&mac&in&!up: neutral
but&mac&in&up: positive
DecisionTree learned:
!but&!uses&!fast&!after: positive
!but&!uses&!fast&after: neutral
!but&!uses&fast&!you: positive
!but&!uses&fast&you: positive
!but&uses&!of: neutral
!but&uses&of: conflict
but&!repair&!new&!x: positive
but&!repair&!new&x: neutral
but&!repair&new&!nns: neutral
but&!repair&new&nns: positive
but&repair&!they: negative
but&repair&they&!nnp: neutral
but&repair&they&nnp: negative
DecisionTree learned:
!but&!pc&!for&!vbn: positive
!but&!pc&!for&vbn: negative
!but&!pc&for&!so: neutral
!but&!pc&for&so: negative
!but&pc&!users&!pos: conflict
!but&pc&!users&pos: positive
!but&pc&users: neutral
but&!new&!yes&!apple: negative
but&!new&!yes&apple: neutral
but&!new&yes&!in: conflict
but&!new&yes&in: positive
but&new&!nns&!rb: negative
but&new&!nns&rb: neutral
but&new&nns&!vbg: neutral
but&new&nns&vbg: positive
DecisionTree learned:
!but&!in&!requires&!graphics: positive
!but&!in&!requires&graphics: positive
!but&!in&requires: conflict
!but&in&!pos&!price: neutral
!but&in&!pos&price: conflict
!but&in&pos&!very: positive
!but&in&pos&very: positive
but&!mac&!email&!tim: positive
but&!mac&!email&tim: neutral
but&!mac&email&!nnp: neutral
but&!mac&email&nnp: neutral
but&mac&!up&!it: positive
but&mac&!up&it: neutral
but&mac&up: positive
DecisionTree learned:
!but&!for&!get&!laptops: negative
!but&!for&!get&laptops: conflict
!but&!for&get&!am: negative
!but&!for&get&am: conflict
!but&for&!not&!office: positive
!but&for&!not&office: neutral
!but&for&not&!nns: negative
!but&for&not&nns: neutral
but&!this&!so&!wdt: negative
but&!this&!so&wdt: conflict
but&!this&so&!pos: conflict
but&!this&so&pos: neutral
but&this&!computer&!neg: positive
but&this&!computer&neg: negative
but&this&computer&!vbp: negative
but&this&computer&vbp: conflict
DecisionTree learned:
!but&!for&!pc&!vbd: positive
!but&!for&!pc&vbd: negative
!but&!for&pc&!vbd: conflict
!but&!for&pc&vbd: positive
!but&for&!so&!vbd: positive
!but&for&!so&vbd: neutral
!but&for&so&!laptop: negative
!but&for&so&laptop: conflict
but&!got&!battery&!dt: negative
but&!got&!battery&dt: positive
but&!got&battery&!nns: positive
but&!got&battery&nns: conflict
but&got: negative
DecisionTree learned:
!but&!fast&!after&!uses: positive
!but&!fast&!after&uses: neutral
!but&!fast&after&!rb: negative
!but&!fast&after&rb: neutral
!but&fast&!with: positive
!but&fast&with&!just: positive
!but&fast&with&just: neutral
but&!new&!this&!apple: conflict
but&!new&!this&apple: neutral
but&!new&this&!neg: positive
but&!new&this&neg: negative
but&new&!nns&!rb: negative
but&new&!nns&rb: neutral
but&new&nns&!vbg: neutral
but&new&nns&vbg: positive
DecisionTree learned:
!but&!neg&!long&!cd: positive
!but&!neg&!long&cd: neutral
!but&!neg&long&!so: positive
!but&!neg&long&so: conflict
!but&neg&!much&!what: negative
!but&neg&!much&what: neutral
!but&neg&much&!pos: conflict
!but&neg&much&pos: neutral
but&!vb&!i&!gb: conflict
but&!vb&!i&gb: neutral
but&!vb&i&!the: neutral
but&!vb&i&the: positive
but&vb&!screen&!mac: negative
but&vb&!screen&mac: neutral
but&vb&screen: conflict
DecisionTree learned:
!but&!for&!cd&!stack: negative
!but&!for&!cd&stack: conflict
!but&!for&cd&!am: neutral
!but&!for&cd&am: conflict
!but&for&!so&!vbd: positive
!but&for&!so&vbd: neutral
!but&for&so&!laptop: negative
!but&for&so&laptop: conflict
but&!tim&!this&!mac: conflict
but&!tim&!this&mac: positive
but&!tim&this&!wdt: negative
but&!tim&this&wdt: neutral
but&tim: neutral
DecisionTree learned:
!but&!neg&!and&!requires: negative
!but&!neg&!and&requires: conflict
!but&!neg&and&!rb: positive
!but&!neg&and&rb: neutral
!but&neg&!price&!desktop: negative
!but&neg&!price&desktop: neutral
!but&neg&price&!worth: positive
!but&neg&price&worth: conflict
but&!mac&!did&!drive: negative
but&!mac&!did&drive: neutral
but&!mac&did&!vbg: neutral
but&!mac&did&vbg: conflict
but&mac&!very&!it: positive
but&mac&!very&it: neutral
but&mac&very: positive
DecisionTree learned:
!but&!movie&!neg&!eee: positive
!but&!movie&!neg&eee: conflict
!but&!movie&neg&!after: negative
!but&!movie&neg&after: negative
!but&movie&!just: neutral
!but&movie&just: neutral
but&!this&!so&!wdt: negative
but&!this&!so&wdt: conflict
but&!this&so&!it: neutral
but&!this&so&it: conflict
but&this&!vb&!nnp: negative
but&this&!vb&nnp: positive
but&this&vb&!make: neutral
but&this&vb&make: positive
DecisionTree learned:
!but&!neg&!requires&!when: positive
!but&!neg&!requires&when: neutral
!but&!neg&requires: conflict
!but&neg&!much&!desktop: negative
!but&neg&!much&desktop: conflict
!but&neg&much&!pos: conflict
!but&neg&much&pos: neutral
but&!did&!be&!the: conflict
but&!did&!be&the: positive
but&!did&be&!more: negative
but&!did&be&more: positive
but&did&!battery&!be: neutral
but&did&!battery&be: conflict
but&did&battery&!to: negative
but&did&battery&to: conflict
DecisionTree learned:
!but&!for&!vbn&!get: positive
!but&!for&!vbn&get: negative
!but&!for&vbn&!very: negative
!but&!for&vbn&very: positive
!but&for&!cc&!battery: negative
!but&for&!cc&battery: conflict
!but&for&cc&!nnp: positive
!but&for&cc&nnp: neutral
but&!new&!this&!outside: positive
but&!new&!this&outside: neutral
but&!new&this&!wdt: negative
but&!new&this&wdt: neutral
but&new&!nns&!rb: negative
but&new&!nns&rb: neutral
but&new&nns&!of: positive
but&new&nns&of: neutral
DecisionTree learned:
!but&!neg&!way&!when: positive
!but&!neg&!way&when: neutral
!but&!neg&way&!laptop: negative
!but&!neg&way&laptop: conflict
!but&neg&!other&!much: negative
!but&neg&!other&much: conflict
!but&neg&other&!than: conflict
!but&neg&other&than: positive
but&!mac&!power&!this: negative
but&!mac&!power&this: neutral
but&!mac&power: neutral
but&mac&!in: negative
but&mac&in&!bit: positive
but&mac&in&bit: neutral
DecisionTree learned:
!but&!other&!much&!macbook: negative
!but&!other&!much&macbook: positive
!but&!other&much&!i: positive
!but&!other&much&i: neutral
!but&other&!neg&!vb: neutral
!but&other&!neg&vb: positive
!but&other&neg&!than: conflict
!but&other&neg&than: positive
but&!outside&!repair&!drive: positive
but&!outside&!repair&drive: negative
but&!outside&repair&!they: negative
but&!outside&repair&they: neutral
but&outside&!nnp: neutral
but&outside&nnp: neutral
DecisionTree learned:
!but&!much&!for&!get: negative
!but&!much&!for&get: negative
!but&!much&for&!cc: positive
!but&!much&for&cc: neutral
!but&much&!i&!neg: positive
!but&much&!i&neg: conflict
!but&much&i&!it: neutral
!but&much&i&it: conflict
but&!the&!it&!prp: conflict
but&!the&!it&prp: neutral
but&!the&it&!for: conflict
but&!the&it&for: positive
but&the&!wdt&!would: positive
but&the&!wdt&would: negative
but&the&wdt&!jjr: positive
but&the&wdt&jjr: negative
DecisionTree learned:
!but&!generally&!vbn&!some: positive
!but&!generally&!vbn&some: negative
!but&!generally&vbn&!vbd: negative
!but&!generally&vbn&vbd: negative
!but&generally: conflict
but&!drive&!nothing&!so: positive
but&!drive&!nothing&so: neutral
but&!drive&nothing: negative
but&drive&!to&!nn: negative
but&drive&!to&nn: neutral
but&drive&to: negative
DecisionTree learned:
!but&!compact&!for&!much: negative
!but&!compact&!for&much: positive
!but&!compact&for&!so: neutral
!but&!compact&for&so: negative
!but&compact: conflict
but&!with&!drive&!new: positive
but&!with&!drive&new: neutral
but&!with&drive&!to: neutral
but&!with&drive&to: negative
but&with&!full&!extra: neutral
but&with&!full&extra: conflict
but&with&full&!nnp: positive
but&with&full&nnp: conflict
DecisionTree learned:
!but&!for&!much&!get: negative
!but&!for&!much&get: negative
!but&!for&much&!laptops: positive
!but&!for&much&laptops: conflict
!but&for&!vbd&!use: positive
!but&for&!vbd&use: neutral
!but&for&vbd&!neg: neutral
!but&for&vbd&neg: conflict
but&!mac&!web&!screen: negative
but&!mac&!web&screen: conflict
but&!mac&web&!nnp: neutral
but&!mac&web&nnp: positive
but&mac&!more&!very: neutral
but&mac&!more&very: positive
but&mac&more: positive
DecisionTree learned:
!but&!cell&!price&!and: negative
!but&!cell&!price&and: positive
!but&!cell&price&!worth: positive
!but&!cell&price&worth: conflict
!but&cell: conflict
but&!got&!repair&!be: positive
but&!got&!repair&be: negative
but&!got&repair&!they: negative
but&!got&repair&they: neutral
but&got&!so: negative
but&got&so: positive
DecisionTree learned:
!but&!generally&!get&!uses: positive
!but&!generally&!get&uses: neutral
!but&!generally&get&!i: negative
!but&!generally&get&i: neutral
!but&generally: conflict
but&!new&!the&!it: neutral
but&!new&!the&it: conflict
but&!new&the&!wdt: positive
but&!new&the&wdt: conflict
but&new&!nns&!rb: negative
but&new&!nns&rb: neutral
but&new&nns&!very: neutral
but&new&nns&very: positive
DecisionTree learned:
!but&!for&!fast&!laptops: negative
!but&!for&!fast&laptops: conflict
!but&!for&fast&!one: positive
!but&!for&fast&one: neutral
!but&for&!so&!vbd: positive
!but&for&!so&vbd: neutral
!but&for&so&!laptop: positive
!but&for&so&laptop: conflict
but&!got&!mac&!tim: negative
but&!got&!mac&tim: neutral
but&!got&mac&!bit: positive
but&!got&mac&bit: neutral
but&got: negative
DecisionTree learned:
!but&!get&!cell&!uses: positive
!but&!get&!cell&uses: neutral
!but&!get&cell: conflict
!but&get&!am&!pay: negative
!but&get&!am&pay: conflict
!but&get&am&!jj: negative
!but&get&am&jj: conflict
but&!wdt&!a&!neg: positive
but&!wdt&!a&neg: negative
but&!wdt&a&!battery: neutral
but&!wdt&a&battery: conflict
but&wdt&!the&!and: conflict
but&wdt&!the&and: neutral
but&wdt&the&!bit: conflict
but&wdt&the&bit: negative
DecisionTree learned:
!but&!uses&!cell&!much: positive
!but&!uses&!cell&much: positive
!but&!uses&cell: conflict
!but&uses&!of: neutral
!but&uses&of: conflict
but&!the&!dt&!that: positive
but&!the&!dt&that: conflict
but&!the&dt&!vbp: conflict
but&!the&dt&vbp: neutral
but&the&!wdt&!be: positive
but&the&!wdt&be: negative
but&the&wdt&!jjr: conflict
but&the&wdt&jjr: negative
DecisionTree learned:
!but&!not&!for&!requires: negative
!but&!not&!for&requires: conflict
!but&!not&for&!vbd: positive
!but&!not&for&vbd: neutral
!but&not&!other&!apple: negative
!but&not&!other&apple: positive
!but&not&other&!nns: conflict
!but&not&other&nns: positive
but&!mac&!this&!outside: negative
but&!mac&!this&outside: neutral
but&!mac&this&!ever: positive
but&!mac&this&ever: negative
but&mac&!in: negative
but&mac&in&!use: neutral
but&mac&in&use: positive
DecisionTree learned:
!but&!in&!requires&!other: positive
!but&!in&!requires&other: neutral
!but&!in&requires: conflict
!but&in&!cell&!other: neutral
!but&in&!cell&other: positive
!but&in&cell: conflict
but&!features&!web&!screen: negative
but&!features&!web&screen: conflict
but&!features&web&!nnp: neutral
but&!features&web&nnp: positive
but&features&!mac&!is: positive
but&features&!mac&is: positive
but&features&mac: neutral
DecisionTree learned:
!but&!after&!vbp&!use: negative
!but&!after&!vbp&use: positive
!but&!after&vbp&!get: neutral
!but&!after&vbp&get: negative
!but&after&!with&!what: neutral
!but&after&!with&what: positive
!but&after&with&!nnp: negative
!but&after&with&nnp: positive
but&!repair&!new&!drive: positive
but&!repair&!new&drive: neutral
but&!repair&new&!nns: neutral
but&!repair&new&nns: neutral
but&repair&!they: negative
but&repair&they&!nnp: neutral
but&repair&they&nnp: neutral
DecisionTree learned:
!but&!for&!laptops&!vbp: negative
!but&!for&!laptops&vbp: neutral
!but&!for&laptops&!it: positive
!but&!for&laptops&it: conflict
!but&for&!cc&!nnp: conflict
!but&for&!cc&nnp: negative
!but&for&cc&!nnp: positive
!but&for&cc&nnp: neutral
but&!disc&!new&!this: positive
but&!disc&!new&this: negative
but&!disc&new&!nns: neutral
but&!disc&new&nns: neutral
but&disc&!vbz: neutral
but&disc&vbz: neutral
DecisionTree learned:
!but&!cell&!generally&!much: negative
!but&!cell&!generally&much: positive
!but&!cell&generally: conflict
!but&cell: conflict
but&!got&!with&!so: positive
but&!got&!with&so: neutral
but&!got&with&!full: neutral
but&!got&with&full: conflict
but&got&!so: negative
but&got&so: positive
DecisionTree learned:
!but&!generally&!vbn&!get: positive
!but&!generally&!vbn&get: negative
!but&!generally&vbn&!vbd: negative
!but&!generally&vbn&vbd: negative
!but&generally: conflict
but&!gb&!apple&!temperatures: negative
but&!gb&!apple&temperatures: neutral
but&!gb&apple&!a: conflict
but&!gb&apple&a: neutral
but&gb&!to: neutral
but&gb&to: neutral
DecisionTree learned:
!but&!generally&!vbn&!prp: positive
!but&!generally&!vbn&prp: neutral
!but&!generally&vbn&!very: negative
!but&!generally&vbn&very: positive
!but&generally: conflict
but&!yes&!gb&!temperatures: negative
but&!yes&!gb&temperatures: neutral
but&!yes&gb&!to: neutral
but&!yes&gb&to: neutral
but&yes&!pos&!nnp: positive
but&yes&!pos&nnp: conflict
but&yes&pos: positive
DecisionTree learned:
!but&!generally&!vbn&!some: positive
!but&!generally&!vbn&some: negative
!but&!generally&vbn&!very: negative
!but&!generally&vbn&very: positive
!but&generally: conflict
but&!disc&!prp&!email: negative
but&!disc&!prp&email: neutral
but&!disc&prp&!it: neutral
but&!disc&prp&it: conflict
but&disc&!vbz: neutral
but&disc&vbz: neutral
DecisionTree learned:
!but&!for&!requires&!get: negative
!but&!for&!requires&get: negative
!but&!for&requires: conflict
!but&for&!so&!vbd: positive
!but&for&!so&vbd: neutral
!but&for&so&!battery: negative
!but&for&so&battery: conflict
but&!think&!tim&!repair: positive
but&!think&!tim&repair: neutral
but&!think&tim: neutral
but&think&!on: negative
but&think&on: neutral
DecisionTree learned:
!but&!uses&!cd&!much: positive
!but&!uses&!cd&much: positive
!but&!uses&cd&!am: neutral
!but&!uses&cd&am: conflict
!but&uses&!of: neutral
!but&uses&of: conflict
but&!standard&!think&!so: negative
but&!standard&!think&so: conflict
but&!standard&think&!on: negative
but&!standard&think&on: neutral
but&standard: conflict
DecisionTree learned:
!but&!uses&!after&!get: positive
!but&!uses&!after&get: negative
!but&!uses&after&!with: neutral
!but&!uses&after&with: negative
!but&uses&!of: neutral
!but&uses&of: conflict
but&!this&!so&!only: negative
but&!this&!so&only: conflict
but&!this&so&!it: neutral
but&!this&so&it: conflict
but&this&!neg&!vb: positive
but&this&!neg&vb: neutral
but&this&neg&!know: negative
but&this&neg&know: conflict
DecisionTree learned:
!but&!cell&!much&!get: negative
!but&!cell&!much&get: negative
!but&!cell&much&!neg: positive
!but&!cell&much&neg: conflict
!but&cell: conflict
but&!did&!be&!nns: negative
but&!did&!be&nns: positive
but&!did&be&!with: negative
but&!did&be&with: negative
but&did&!on&!of: conflict
but&did&!on&of: neutral
but&did&on: neutral
DecisionTree learned:
!but&!and&!laptops&!is: neutral
!but&!and&!laptops&is: negative
!but&!and&laptops&!much: neutral
!but&!and&laptops&much: conflict
!but&and&!prp&!rb: positive
!but&and&!prp&rb: positive
!but&and&prp&!what: neutral
!but&and&prp&what: neutral
but&!mac&!i&!to: conflict
but&!mac&!i&to: neutral
but&!mac&i&!inch: positive
but&!mac&i&inch: conflict
but&mac&!nnp&!everything: neutral
but&mac&!nnp&everything: neutral
but&mac&nnp&!bit: positive
but&mac&nnp&bit: neutral
DecisionTree learned:
!but&!cell&!eee&!long: negative
!but&!cell&!eee&long: positive
!but&!cell&eee: conflict
!but&cell: conflict
but&!this&!so&!apple: positive
but&!this&!so&apple: neutral
but&!this&so&!old: neutral
but&!this&so&old: positive
but&this&!know&!md: positive
but&this&!know&md: neutral
but&this&know: conflict
DecisionTree learned:
!but&!uses&!requires&!get: positive
!but&!uses&!requires&get: negative
!but&!uses&requires: conflict
!but&uses&!of: neutral
!but&uses&of: conflict
but&!i&!windows&!mac: conflict
but&!i&!windows&mac: neutral
but&!i&windows&!pos: neutral
but&!i&windows&pos: neutral
but&i&!got&!when: positive
but&i&!got&when: conflict
but&i&got&!so: negative
but&i&got&so: positive
DecisionTree learned:
!but&!requires&!for&!compact: negative
!but&!requires&!for&compact: conflict
!but&!requires&for&!so: neutral
!but&!requires&for&so: negative
!but&requires: conflict
but&!with&!new&!so: negative
but&!with&!new&so: conflict
but&!with&new&!rb: negative
but&!with&new&rb: positive
but&with&!full&!extra: neutral
but&with&!full&extra: conflict
but&with&full&!nnp: positive
but&with&full&nnp: conflict
DecisionTree learned:
!but&!uses&!generally&!vbn: positive
!but&!uses&!generally&vbn: negative
!but&!uses&generally: conflict
!but&uses&!of: neutral
!but&uses&of: conflict
but&!rbr&!there&!new: negative
but&!rbr&!there&new: neutral
but&!rbr&there&!to: negative
but&!rbr&there&to: neutral
but&rbr&!it&!with: positive
but&rbr&!it&with: neutral
but&rbr&it&!nnp: positive
but&rbr&it&nnp: conflict
DecisionTree learned:
!but&!dollar&!and&!not: negative
!but&!dollar&!and&not: negative
!but&!dollar&and&!prp: positive
!but&!dollar&and&prp: neutral
!but&dollar: conflict
but&!this&!so&!two: negative
but&!this&!so&two: conflict
but&!this&so&!pos: conflict
but&!this&so&pos: neutral
but&this&!know&!md: positive
but&this&!know&md: neutral
but&this&know: conflict
DecisionTree learned:
!but&!for&!laptops&!get: negative
!but&!for&!laptops&get: negative
!but&!for&laptops&!it: positive
!but&!for&laptops&it: conflict
!but&for&!so&!vb: positive
!but&for&!so&vb: neutral
!but&for&so&!battery: negative
!but&for&so&battery: conflict
but&!did&!nns&!still: negative
but&!did&!nns&still: negative
but&!did&nns&!vbp: positive
but&!did&nns&vbp: conflict
but&did&!they&!software: neutral
but&did&!they&software: positive
but&did&they&!nns: negative
but&did&they&nns: neutral
DecisionTree learned:
!but&!generally&!pos&!worth: negative
!but&!generally&!pos&worth: conflict
!but&!generally&pos&!some: positive
!but&!generally&pos&some: negative
!but&generally: conflict
but&!size&!this&!screen: positive
but&!size&!this&screen: conflict
but&!size&this&!know: neutral
but&!size&this&know: conflict
but&size&!and: neutral
but&size&and: neutral
DecisionTree learned:
!but&!for&!get&!requires: negative
!but&!for&!get&requires: conflict
!but&!for&get&!am: negative
!but&!for&get&am: conflict
!but&for&!desktop&!so: neutral
!but&for&!desktop&so: conflict
!but&for&desktop: conflict
but&!this&!in&!better: negative
but&!this&!in&better: conflict
but&!this&in&!nn: negative
but&!this&in&nn: positive
but&this&!neg&!x: positive
but&this&!neg&x: neutral
but&this&neg&!was: negative
but&this&neg&was: positive
DecisionTree learned:
!but&!for&!pc&!compact: negative
!but&!for&!pc&compact: conflict
!but&!for&pc&!pos: conflict
!but&!for&pc&pos: positive
!but&for&!so&!vbd: neutral
!but&for&!so&vbd: neutral
!but&for&so&!laptop: negative
!but&for&so&laptop: conflict
but&!this&!so&!two: positive
but&!this&!so&two: conflict
but&!this&so&!it: neutral
but&!this&so&it: conflict
but&this&!neg&!x: positive
but&this&!neg&x: neutral
but&this&neg&!was: negative
but&this&neg&was: positive
DecisionTree learned:
!but&!cell&!generally&!my: negative
!but&!cell&!generally&my: neutral
!but&!cell&generally: conflict
!but&cell: conflict
but&!this&!so&!wdt: negative
but&!this&!so&wdt: conflict
but&!this&so&!it: neutral
but&!this&so&it: conflict
but&this&!vbn&!pos: negative
but&this&!vbn&pos: neutral
but&this&vbn&!vbp: negative
but&this&vbn&vbp: conflict
DecisionTree learned:
!but&!uses&!get&!and: negative
!but&!uses&!get&and: positive
!but&!uses&get&!am: negative
!but&!uses&get&am: conflict
!but&uses&!of: neutral
!but&uses&of: conflict
but&!most&!with&!new: negative
but&!most&!with&new: positive
but&!most&with&!use: neutral
but&!most&with&use: positive
but&most&!nnp&!software: positive
but&most&!nnp&software: positive
but&most&nnp: positive
DecisionTree learned:
!but&!price&!stack&!generally: negative
!but&!price&!stack&generally: conflict
!but&!price&stack: conflict
!but&price&!worth&!rp: positive
!but&price&!worth&rp: neutral
!but&price&worth&!pos: conflict
!but&price&worth&pos: positive
but&!mac&!web&!screen: negative
but&!mac&!web&screen: conflict
but&!mac&web&!nnp: neutral
but&!mac&web&nnp: positive
but&mac&!use&!more: neutral
but&mac&!use&more: positive
but&mac&use: positive
DecisionTree learned:
!but&!much&!get&!and: negative
!but&!much&!get&and: positive
!but&!much&get&!i: negative
!but&!much&get&i: neutral
!but&much&!neg&!is: positive
!but&much&!neg&is: positive
!but&much&neg&!pos: conflict
!but&much&neg&pos: neutral
but&!wdt&!in&!jjr: negative
but&!wdt&!in&jjr: conflict
but&!wdt&in&!battery: positive
but&!wdt&in&battery: negative
but&wdt&!the&!jj: neutral
but&wdt&!the&jj: conflict
but&wdt&the&!jjr: positive
but&wdt&the&jjr: negative
DecisionTree learned:
!but&!generally&!vbn&!get: positive
!but&!generally&!vbn&get: negative
!but&!generally&vbn&!very: negative
!but&!generally&vbn&very: positive
!but&generally: conflict
but&!there&!in&!better: positive
but&!there&!in&better: conflict
but&!there&in&!think: positive
but&!there&in&think: neutral
but&there&!to&!much: negative
but&there&!to&much: positive
but&there&to&!nnp: neutral
but&there&to&nnp: neutral
DecisionTree learned:
!but&!fast&!long&!requires: negative
!but&!fast&!long&requires: conflict
!but&!fast&long&!though: positive
!but&!fast&long&though: conflict
!but&fast&!you&!one: positive
!but&fast&!you&one: neutral
!but&fast&you: positive
but&!battery&!my&!on: positive
but&!battery&!my&on: neutral
but&!battery&my&!jj: neutral
but&!battery&my&jj: positive
but&battery&!n&!been: negative
but&battery&!n&been: conflict
but&battery&n&!upgrade: negative
but&battery&n&upgrade: positive
DecisionTree learned:
!but&!cell&!long&!other: negative
!but&!cell&!long&other: neutral
!but&!cell&long&!though: positive
!but&!cell&long&though: conflict
!but&cell: conflict
but&!yes&!new&!machine: negative
but&!yes&!new&machine: positive
but&!yes&new&!pos: neutral
but&!yes&new&pos: neutral
but&yes&!pos&!nnp: positive
but&yes&!pos&nnp: conflict
but&yes&pos: positive
DecisionTree learned:
!but&!for&!eee&!were: negative
!but&!for&!eee&were: negative
!but&!for&eee: conflict
!but&for&!so&!vbd: positive
!but&for&!so&vbd: neutral
!but&for&so&!battery: negative
!but&for&so&battery: conflict
but&!this&!so&!the: conflict
but&!this&!so&the: positive
but&!this&so&!it: neutral
but&!this&so&it: conflict
but&this&!neg&!x: positive
but&this&!neg&x: neutral
but&this&neg&!md: negative
but&this&neg&md: neutral
DecisionTree learned:
!but&!neg&!eee&!requires: positive
!but&!neg&!eee&requires: conflict
!but&!neg&eee: conflict
!but&neg&!much&!for: negative
!but&neg&!much&for: positive
!but&neg&much&!pos: conflict
!but&neg&much&pos: neutral
but&!new&!if&!apple: negative
but&!new&!if&apple: neutral
but&!new&if&!to: negative
but&!new&if&to: neutral
but&new&!nns&!rb: negative
but&new&!nns&rb: neutral
but&new&nns&!nnp: neutral
but&new&nns&nnp: neutral
DecisionTree learned:
!but&!cell&!stack&!get: positive
!but&!cell&!stack&get: negative
!but&!cell&stack: conflict
!but&cell: conflict
but&!battery&!computer&!this: positive
but&!battery&!computer&this: neutral
but&!battery&computer&!wdt: negative
but&!battery&computer&wdt: conflict
but&battery&!been&!vb: negative
but&battery&!been&vb: negative
but&battery&been&!vb: conflict
but&battery&been&vb: conflict
DecisionTree learned:
!but&!dollar&!cell&!generally: negative
!but&!dollar&!cell&generally: conflict
!but&!dollar&cell: conflict
!but&dollar: conflict
but&!mac&!if&!size: negative
but&!mac&!if&size: neutral
but&!mac&if&!to: negative
but&!mac&if&to: neutral
but&mac&!vbz&!on: neutral
but&mac&!vbz&on: positive
but&mac&vbz&!so: positive
but&mac&vbz&so: positive
DecisionTree learned:
!but&!neg&!requires&!eee: positive
!but&!neg&!requires&eee: conflict
!but&!neg&requires: conflict
!but&neg&!much&!for: negative
!but&neg&!much&for: positive
!but&neg&much&!pos: conflict
!but&neg&much&pos: neutral
but&!disc&!drive&!apple: positive
but&!disc&!drive&apple: neutral
but&!disc&drive&!to: neutral
but&!disc&drive&to: negative
but&disc&!vbz: neutral
but&disc&vbz: neutral
DecisionTree learned:
!but&!other&!dollar&!and: negative
!but&!other&!dollar&and: positive
!but&!other&dollar: conflict
!but&other&!neg&!vb: neutral
!but&other&!neg&vb: positive
!but&other&neg&!than: conflict
!but&other&neg&than: positive
but&!did&!the&!it: neutral
but&!did&!the&it: conflict
but&!did&the&!can: positive
but&!did&the&can: neutral
but&did&!nns&!be: negative
but&did&!nns&be: conflict
but&did&nns&!vbg: neutral
but&did&nns&vbg: conflict
DecisionTree learned:
!but&!uses&!cell&!generally: negative
!but&!uses&!cell&generally: conflict
!but&!uses&cell: conflict
!but&uses&!of: neutral
!but&uses&of: conflict
but&!jj&!laptop&!jjr: conflict
but&!jj&!laptop&jjr: conflict
but&!jj&laptop: neutral
but&jj&!nns&!screen: negative
but&jj&!nns&screen: conflict
but&jj&nns&!with: positive
but&jj&nns&with: neutral
DecisionTree learned:
!but&!dollar&!cell&!much: negative
!but&!dollar&!cell&much: positive
!but&!dollar&cell: conflict
!but&dollar: conflict
but&!new&!tim&!i: conflict
but&!new&!tim&i: positive
but&!new&tim: neutral
but&new&!nns&!software: conflict
but&new&!nns&software: negative
but&new&nns&!nnp: neutral
but&new&nns&nnp: positive
DecisionTree learned:
!but&!uses&!in&!requires: positive
!but&!uses&!in&requires: conflict
!but&!uses&in&!get: neutral
!but&!uses&in&get: negative
!but&uses&!of: neutral
!but&uses&of: conflict
but&!this&!mac&!outside: conflict
but&!this&!mac&outside: neutral
but&!this&mac&!system: positive
but&!this&mac&system: neutral
but&this&!know&!md: positive
but&this&!know&md: neutral
but&this&know: conflict
DecisionTree learned:
!but&!dollar&!much&!long: negative
!but&!dollar&!much&long: positive
!but&!dollar&much&!jj: positive
!but&!dollar&much&jj: conflict
!but&dollar: conflict
but&!mac&!this&!outside: conflict
but&!mac&!this&outside: neutral
but&!mac&this&!know: neutral
but&!mac&this&know: conflict
but&mac&!prp: positive
but&mac&prp&!up: neutral
but&mac&prp&up: positive
DecisionTree learned:
!but&!and&!generally&!next: negative
!but&!and&!generally&next: neutral
!but&!and&generally: conflict
!but&and&!what&!back: positive
!but&and&!what&back: negative
!but&and&what&!about: neutral
!but&and&what&about: conflict
but&!web&!screen&!does: positive
but&!web&!screen&does: negative
but&!web&screen&!the: conflict
but&!web&screen&the: negative
but&web&!is: positive
but&web&is: neutral
DecisionTree learned:
!but&!cell&!after&!pc: negative
!but&!cell&!after&pc: positive
!but&!cell&after&!with: negative
!but&!cell&after&with: negative
!but&cell: conflict
but&!drive&!with&!new: positive
but&!drive&!with&new: neutral
but&!drive&with&!full: neutral
but&!drive&with&full: conflict
but&drive&!to&!nn: neutral
but&drive&!to&nn: neutral
but&drive&to: negative
DecisionTree learned:
!but&!cell&!fast&!much: negative
!but&!cell&!fast&much: positive
!but&!cell&fast&!with: positive
!but&!cell&fast&with: positive
!but&cell: conflict
but&!this&!in&!vbp: conflict
but&!this&!in&vbp: negative
but&!this&in&!tim: positive
but&!this&in&tim: neutral
but&this&!know&!x: negative
but&this&!know&x: neutral
but&this&know: conflict
DecisionTree learned:
!but&!cell&!uses&!much: negative
!but&!cell&!uses&much: positive
!but&!cell&uses&!of: neutral
!but&!cell&uses&of: conflict
!but&cell: conflict
but&!new&!this&!machine: conflict
but&!new&!this&machine: positive
but&!new&this&!know: neutral
but&!new&this&know: conflict
but&new&!nns&!vb: negative
but&new&!nns&vb: neutral
but&new&nns&!cd: positive
but&new&nns&cd: neutral
DecisionTree learned:
!but&!in&!requires&!they: positive
!but&!in&!requires&they: neutral
!but&!in&requires: conflict
!but&in&!pc&!for: neutral
!but&in&!pc&for: neutral
!but&in&pc&!users: positive
!but&in&pc&users: neutral
but&!got&!learning&!if: positive
but&!got&!learning&if: neutral
but&!got&learning&!pos: neutral
but&!got&learning&pos: neutral
but&got&!so: negative
but&got&so: positive
DecisionTree learned:
!but&!dollar&!much&!generally: negative
!but&!dollar&!much&generally: conflict
!but&!dollar&much&!i: positive
!but&!dollar&much&i: neutral
!but&dollar: conflict
but&!battery&!a&!did: negative
but&!battery&!a&did: neutral
but&!battery&a&!in: negative
but&!battery&a&in: neutral
but&battery&!nns&!vb: positive
but&battery&!nns&vb: negative
but&battery&nns&!pos: conflict
but&battery&nns&pos: conflict
DecisionTree learned:
!but&!cell&!much&!long: negative
!but&!cell&!much&long: positive
!but&!cell&much&!i: positive
!but&!cell&much&i: neutral
!but&cell: conflict
but&!new&!this&!there: conflict
but&!new&!this&there: negative
but&!new&this&!neg: positive
but&!new&this&neg: negative
but&new&!nns&!software: neutral
but&new&!nns&software: negative
but&new&nns&!nn: positive
but&new&nns&nn: neutral
Trial 0 Training cc.mallet.classify.AdaBoostM2Trainer@5464ea66 finished
Trial 0 Trainer cc.mallet.classify.AdaBoostM2Trainer@5464ea66 test data accuracy = 0.5618661257606491

NaiveBayesTrainer
Summary. test accuracy mean = 0.6511156186612576 stddev = 0.0 stderr = 0.0

MaxEntTrainer,gaussianPriorVariance=1.0
Summary. test accuracy mean = 0.640973630831643 stddev = 0.0 stderr = 0.0

cc.mallet.classify.DecisionTreeTrainer@2b2d96f2
Summary. test accuracy mean = 0.5476673427991886 stddev = 0.0 stderr = 0.0

cc.mallet.classify.AdaBoostM2Trainer@5464ea66
Summary. test accuracy mean = 0.5618661257606491 stddev = 0.0 stderr = 0.0
