
-------------------- Trial 0  --------------------

Trial 0 Training NaiveBayesTrainer with 1865 instances
Trial 0 Training NaiveBayesTrainer finished
Trial 0 Trainer NaiveBayesTrainer test data accuracy = 0.563894523326572
Trial 0 Training MaxEntTrainer,gaussianPriorVariance=1.0 with 1865 instances
Trial 0 Training MaxEntTrainer,gaussianPriorVariance=1.0 finished
Trial 0 Trainer MaxEntTrainer,gaussianPriorVariance=1.0 test data accuracy = 0.6125760649087221
Trial 0 Training cc.mallet.classify.DecisionTreeTrainer@5328f6ee with 1865 instances
DecisionTree learned:
!great&!easy&!movie&!fast: negative
!great&!easy&!movie&fast: positive
!great&!easy&movie&!graphics: neutral
!great&!easy&movie&graphics: conflict
!great&easy&!install&!keyboard: positive
!great&easy&!install&keyboard: positive
!great&easy&install: conflict
great&!life&!computers&!comfortable: positive
great&!life&!computers&comfortable: negative
great&!life&computers: negative
great&life&!longer&!software: positive
great&life&!longer&software: negative
great&life&longer: positive
Trial 0 Training cc.mallet.classify.DecisionTreeTrainer@5328f6ee finished
Trial 0 Trainer cc.mallet.classify.DecisionTreeTrainer@5328f6ee test data accuracy = 0.5111561866125761
