
-------------------- Trial 0  --------------------

Trial 0 Training NaiveBayesTrainer with 1865 instances
Trial 0 Training NaiveBayesTrainer finished
Trial 0 Trainer NaiveBayesTrainer test data accuracy = 0.5233265720081136
Trial 0 Training MaxEntTrainer,gaussianPriorVariance=1.0 with 1865 instances
Trial 0 Training MaxEntTrainer,gaussianPriorVariance=1.0 finished
Trial 0 Trainer MaxEntTrainer,gaussianPriorVariance=1.0 test data accuracy = 0.5354969574036511
Trial 0 Training cc.mallet.classify.DecisionTreeTrainer@266bade9 with 1865 instances
DecisionTree learned:
!great&!easily&!not&!firm: positive
!great&!easily&!not&firm: positive
!great&!easily&not&!much: negative
!great&!easily&not&much: neutral
!great&easily&!second&!very: positive
!great&easily&!second&very: positive
!great&easily&second: negative
great&!short&!about&!hanker: positive
great&!short&!about&hanker: negative
great&!short&about&!much: neutral
great&!short&about&much: positive
great&short: negative
Trial 0 Training cc.mallet.classify.DecisionTreeTrainer@266bade9 finished
Trial 0 Trainer cc.mallet.classify.DecisionTreeTrainer@266bade9 test data accuracy = 0.460446247464503
Trial 0 Training cc.mallet.classify.AdaBoostM2Trainer@15f66cff with 1865 instances
DecisionTree learned:
!great&!easily&!not&!inadequate: positive
!great&!easily&!not&inadequate: negative
!great&!easily&not&!much: negative
!great&!easily&not&much: neutral
!great&easily&!second&!constantly: positive
!great&easily&!second&constantly: positive
!great&easily&second: negative
great&!short&!about&!hanker: positive
great&!short&!about&hanker: negative
great&!short&about&!effective: positive
great&!short&about&effective: neutral
great&short: negative
DecisionTree learned:
!great&!easily&!not&!firm: negative
!great&!easily&!not&firm: positive
!great&!easily&not&!fairly: negative
!great&!easily&not&fairly: conflict
!great&easily&!very&!second: positive
!great&easily&!very&second: negative
!great&easily&very: positive
great&!about&!inadequate&!hanker: positive
great&!about&!inadequate&hanker: negative
great&!about&inadequate&!short: negative
great&!about&inadequate&short: negative
great&about&!much: positive
great&about&much: neutral
DecisionTree learned:
!great&!easily&!not&!very: negative
!great&!easily&!not&very: positive
!great&!easily&not&!fairly: negative
!great&!easily&not&fairly: conflict
!great&easily&!second&!already: positive
!great&easily&!second&already: neutral
!great&easily&second: negative
great&!about&!short&!hanker: positive
great&!about&!short&hanker: negative
great&!about&short: negative
great&about&!much: neutral
great&about&much: neutral
DecisionTree learned:
!great&!easily&!not&!regretful: positive
!great&!easily&!not&regretful: negative
!great&!easily&not&!top: negative
!great&!easily&not&top: positive
!great&easily&!second&!constantly: positive
!great&easily&!second&constantly: positive
!great&easily&second: negative
great&!inadequate&!hanker&!about: positive
great&!inadequate&!hanker&about: neutral
great&!inadequate&hanker: negative
great&inadequate&!short: negative
great&inadequate&short: negative
DecisionTree learned:
!great&!easily&!on&!music: positive
!great&!easily&!on&music: neutral
!great&!easily&on&!easy: negative
!great&!easily&on&easy: neutral
!great&easily&!very&!good: positive
!great&easily&!very&good: positive
!great&easily&very: positive
great&!inadequate&!small&!comfortable: positive
great&!inadequate&!small&comfortable: positive
great&!inadequate&small&!previous: conflict
great&!inadequate&small&previous: negative
great&inadequate&!short: negative
great&inadequate&short: negative
DecisionTree learned:
!great&!easily&!well&!fantastic: negative
!great&!easily&!well&fantastic: positive
!great&!easily&well&!merely: positive
!great&!easily&well&merely: neutral
!great&easily&!very&!constantly: positive
!great&easily&!very&constantly: positive
!great&easily&very: positive
great&!quite&!minor&!about: positive
great&!quite&!minor&about: neutral
great&!quite&minor: conflict
great&quite&!easily: positive
great&quite&easily: conflict
DecisionTree learned:
!easily&!firm&!capital&!music: negative
!easily&!firm&!capital&music: neutral
!easily&!firm&capital&!comfortable: positive
!easily&!firm&capital&comfortable: negative
!easily&firm&!difficult&!just: positive
!easily&firm&!difficult&just: neutral
!easily&firm&difficult: negative
easily&!quite&!constantly&!very: positive
easily&!quite&!constantly&very: positive
easily&!quite&constantly&!fairly: conflict
easily&!quite&constantly&fairly: positive
easily&quite: conflict
DecisionTree learned:
!easily&!regretful&!great&!on: positive
!easily&!regretful&!great&on: negative
!easily&!regretful&great&!average: positive
!easily&!regretful&great&average: conflict
!easily&regretful&!not: negative
!easily&regretful&not&!excessively: negative
!easily&regretful&not&excessively: conflict
easily&!very&!good&!second: positive
easily&!very&!good&second: negative
easily&!very&good&!much: positive
easily&!very&good&much: positive
easily&very: positive
DecisionTree learned:
!great&!very&!second&!like: negative
!great&!very&!second&like: neutral
!great&!very&second&!wholly: negative
!great&!very&second&wholly: positive
!great&very&!difficult&!acceptable: positive
!great&very&!difficult&acceptable: conflict
!great&very&difficult&!big: neutral
!great&very&difficult&big: conflict
great&!quite&!average&!minor: positive
great&!quite&!average&minor: conflict
great&!quite&average: conflict
great&quite&!easily: positive
great&quite&easily: conflict
DecisionTree learned:
!firm&!second&!easily&!inadequate: positive
!firm&!second&!easily&inadequate: negative
!firm&!second&easily&!very: positive
!firm&!second&easily&very: positive
!firm&second&!wholly&!ready: negative
!firm&second&!wholly&ready: positive
!firm&second&wholly: positive
firm&!difficult&!new&!just: positive
firm&!difficult&!new&just: positive
firm&!difficult&new: neutral
firm&difficult: negative
DecisionTree learned:
!great&!like&!much&!very: negative
!great&!like&!much&very: positive
!great&!like&much&!inner: positive
!great&!like&much&inner: neutral
!great&like&!then&!evening: neutral
!great&like&!then&evening: positive
!great&like&then: negative
great&!about&!minor&!sol: positive
great&!about&!minor&sol: positive
great&!about&minor: conflict
great&about: neutral
DecisionTree learned:
!well&!regretful&!easy&!much: negative
!well&!regretful&!easy&much: positive
!well&!regretful&easy&!always: positive
!well&!regretful&easy&always: positive
!well&regretful&!excessively&!not: negative
!well&regretful&!excessively&not: negative
!well&regretful&excessively: conflict
well&!merely&!firm&!small: positive
well&!merely&!firm&small: conflict
well&!merely&firm: positive
well&merely&!not&!commodity: neutral
well&merely&!not&commodity: negative
well&merely&not&!sol: neutral
well&merely&not&sol: neutral
DecisionTree learned:
!capital&!like&!well&!much: negative
!capital&!like&!well&much: positive
!capital&!like&well&!expensive: positive
!capital&!like&well&expensive: conflict
!capital&like&!evening&!then: neutral
!capital&like&!evening&then: negative
!capital&like&evening&!easy: positive
!capital&like&evening&easy: positive
capital&!average&!never&!short: positive
capital&!average&!never&short: negative
capital&!average&never: negative
capital&average: conflict
DecisionTree learned:
!flying&!second&!music&!fantastic: positive
!flying&!second&!music&fantastic: positive
!flying&!second&music&!several: negative
!flying&!second&music&several: neutral
!flying&second&!merely&!able: negative
!flying&second&!merely&able: negative
!flying&second&merely&!wholly: negative
!flying&second&merely&wholly: positive
flying&!atrocious&!new&!clear: positive
flying&!atrocious&!new&clear: neutral
flying&!atrocious&new: neutral
flying&atrocious: negative
DecisionTree learned:
!not&!firm&!like&!inadequate: positive
!not&!firm&!like&inadequate: negative
!not&!firm&like&!then: neutral
!not&!firm&like&then: negative
!not&firm&!unfold&!new: positive
!not&firm&!unfold&new: neutral
!not&firm&unfold: neutral
not&!other&!fairly&!average: negative
not&!other&!fairly&average: conflict
not&!other&fairly: conflict
not&other&!here: positive
not&other&here: conflict
DecisionTree learned:
!music&!inadequate&!great&!well: negative
!music&!inadequate&!great&well: positive
!music&!inadequate&great&!about: positive
!music&!inadequate&great&about: neutral
!music&inadequate&!not&!calm: negative
!music&inadequate&!not&calm: negative
!music&inadequate&not: neutral
music&!up&!just: neutral
music&!up&just: negative
music&up&!once: negative
music&up&once: positive
DecisionTree learned:
!easily&!expensive&!inadequate&!regretful: positive
!easily&!expensive&!inadequate&regretful: negative
!easily&!expensive&inadequate&!not: negative
!easily&!expensive&inadequate&not: neutral
!easily&expensive&!easy&!sol: conflict
!easily&expensive&!easy&sol: positive
!easily&expensive&easy: positive
easily&!good&!quite&!constantly: positive
easily&!good&!quite&constantly: conflict
easily&!good&quite: conflict
easily&good&!much: positive
easily&good&much: negative
DecisionTree learned:
!big&!well&!other&!fantastic: negative
!big&!well&!other&fantastic: positive
!big&!well&other&!constantly: positive
!big&!well&other&constantly: neutral
!big&well&!adequate&!compatible: positive
!big&well&!adequate&compatible: neutral
!big&well&adequate&!intermediate: conflict
!big&well&adequate&intermediate: neutral
big&!quite&!pleasant&!so: positive
big&!quite&!pleasant&so: positive
big&!quite&pleasant: conflict
big&quite&!just: conflict
big&quite&just: positive
DecisionTree learned:
!second&!music&!flying&!expensive: positive
!second&!music&!flying&expensive: conflict
!second&!music&flying&!new: positive
!second&!music&flying&new: neutral
!second&music&!professional&!just: neutral
!second&music&!professional&just: negative
!second&music&professional: negative
second&!merely&!able&!ready: neutral
second&!merely&!able&ready: positive
second&!merely&able: negative
second&merely&!wholly: negative
second&merely&wholly: positive
DecisionTree learned:
!second&!music&!nice&!like: positive
!second&!music&!nice&like: neutral
!second&!music&nice&!now: positive
!second&!music&nice&now: conflict
!second&music&!up&!just: neutral
!second&music&!up&just: negative
!second&music&up&!once: negative
!second&music&up&once: positive
second&!ready&!good&!easy: negative
second&!ready&!good&easy: neutral
second&!ready&good&!wholly: negative
second&!ready&good&wholly: positive
second&ready: positive
DecisionTree learned:
!second&!hanker&!other&!very: negative
!second&!hanker&!other&very: positive
!second&!hanker&other&!here: positive
!second&!hanker&other&here: conflict
!second&hanker&!sol&!great: positive
!second&hanker&!sol&great: negative
!second&hanker&sol&!to: conflict
!second&hanker&sol&to: negative
second&!ready&!merely&!able: negative
second&!ready&!merely&able: negative
second&!ready&merely&!wholly: negative
second&!ready&merely&wholly: positive
second&ready: positive
DecisionTree learned:
!second&!well&!much&!fantastic: negative
!second&!well&!much&fantastic: positive
!second&!well&much&!not: positive
!second&!well&much&not: neutral
!second&well&!not&!small: positive
!second&well&!not&small: conflict
!second&well&not&!merely: negative
!second&well&not&merely: neutral
second&!easy&!wholly&!ready: negative
second&!easy&!wholly&ready: positive
second&!easy&wholly: positive
second&easy: neutral
DecisionTree learned:
!big&!very&!like&!much: negative
!big&!very&!like&much: positive
!big&!very&like&!then: neutral
!big&!very&like&then: negative
!big&very&!acceptable&!quick: positive
!big&very&!acceptable&quick: neutral
!big&very&acceptable: conflict
big&!quite&!not&!so: positive
big&!quite&!not&so: positive
big&!quite&not&!difficult: negative
big&!quite&not&difficult: conflict
big&quite&!just&!easily: conflict
big&quite&!just&easily: conflict
big&quite&just: positive
DecisionTree learned:
!easily&!full&!hanker&!arduous: negative
!easily&!full&!hanker&arduous: negative
!easily&!full&hanker&!sol: positive
!easily&!full&hanker&sol: conflict
!easily&full&!future&!large: positive
!easily&full&!future&large: conflict
!easily&full&future&!actually: conflict
!easily&full&future&actually: conflict
easily&!quite&!constantly&!very: positive
easily&!quite&!constantly&very: positive
easily&!quite&constantly&!fairly: conflict
easily&!quite&constantly&fairly: positive
easily&quite: conflict
DecisionTree learned:
!easily&!much&!not&!regretful: positive
!easily&!much&!not&regretful: negative
!easily&!much&not&!top: negative
!easily&!much&not&top: positive
!easily&much&!not&!widen: positive
!easily&much&!not&widen: conflict
!easily&much&not&!excessively: neutral
!easily&much&not&excessively: positive
easily&!quite&!constantly&!very: positive
easily&!quite&!constantly&very: positive
easily&!quite&constantly&!fairly: conflict
easily&!quite&constantly&fairly: positive
easily&quite: conflict
DecisionTree learned:
!fantastic&!firm&!ever&!full: negative
!fantastic&!firm&!ever&full: positive
!fantastic&!firm&ever&!slowly: conflict
!fantastic&!firm&ever&slowly: positive
!fantastic&firm&!difficult&!just: positive
!fantastic&firm&!difficult&just: negative
!fantastic&firm&difficult: negative
fantastic&!sol&!fiddling: positive
fantastic&!sol&fiddling: neutral
fantastic&sol&!even: neutral
fantastic&sol&even: neutral
DecisionTree learned:
!very&!up&!music&!fantastic: negative
!very&!up&!music&fantastic: positive
!very&!up&music&!just: neutral
!very&!up&music&just: negative
!very&up&!astir&!modal: positive
!very&up&!astir&modal: conflict
!very&up&astir&!wholly: neutral
!very&up&astir&wholly: negative
very&!difficult&!acceptable&!ill: positive
very&!difficult&!acceptable&ill: negative
very&!difficult&acceptable: conflict
very&difficult&!big&!drive: neutral
very&difficult&!big&drive: neutral
very&difficult&big: conflict
DecisionTree learned:
!second&!easily&!much&!then: negative
!second&!easily&!much&then: negative
!second&!easily&much&!not: positive
!second&!easily&much&not: neutral
!second&easily&!much&!always: positive
!second&easily&!much&always: conflict
!second&easily&much: negative
second&!merely&!able&!ready: negative
second&!merely&!able&ready: positive
second&!merely&able: negative
second&merely&!wholly: negative
second&merely&wholly: positive
DecisionTree learned:
!nice&!other&!very&!hanker: negative
!nice&!other&!very&hanker: positive
!nice&!other&very&!difficult: positive
!nice&!other&very&difficult: neutral
!nice&other&!bribe&!constantly: positive
!nice&other&!bribe&constantly: neutral
!nice&other&bribe: negative
nice&!now: positive
nice&now: conflict
DecisionTree learned:
!flying&!rid&!second&!easily: negative
!flying&!rid&!second&easily: positive
!flying&!rid&second&!easy: negative
!flying&!rid&second&easy: neutral
!flying&rid&!besides&!particular: positive
!flying&rid&!besides&particular: conflict
!flying&rid&besides: positive
flying&!atrocious&!effective&!new: positive
flying&!atrocious&!effective&new: neutral
flying&!atrocious&effective&!good: neutral
flying&!atrocious&effective&good: positive
flying&atrocious: negative
DecisionTree learned:
!supernumerary&!full&!expensive&!flying: negative
!supernumerary&!full&!expensive&flying: positive
!supernumerary&!full&expensive&!many: positive
!supernumerary&!full&expensive&many: conflict
!supernumerary&full&!future&!large: positive
!supernumerary&full&!future&large: conflict
!supernumerary&full&future&!actually: conflict
!supernumerary&full&future&actually: conflict
supernumerary&!just&!new&!key: neutral
supernumerary&!just&!new&key: positive
supernumerary&!just&new: conflict
supernumerary&just: conflict
DecisionTree learned:
!nice&!flying&!much&!then: positive
!nice&!flying&!much&then: negative
!nice&!flying&much&!not: positive
!nice&!flying&much&not: neutral
!nice&flying&!effective&!new: positive
!nice&flying&!effective&new: neutral
!nice&flying&effective: neutral
nice&!now: positive
nice&now: conflict
DecisionTree learned:
!not&!full&!much&!easily: negative
!not&!full&!much&easily: positive
!not&!full&much&!many: positive
!not&!full&much&many: conflict
!not&full&!future&!rather: positive
!not&full&!future&rather: conflict
!not&full&future&!actually: conflict
!not&full&future&actually: conflict
not&!fairly&!other&!top: negative
not&!fairly&!other&top: positive
not&!fairly&other&!here: positive
not&!fairly&other&here: conflict
not&fairly: conflict
DecisionTree learned:
!second&!fantastic&!inadequate&!huge: positive
!second&!fantastic&!inadequate&huge: conflict
!second&!fantastic&inadequate&!not: negative
!second&!fantastic&inadequate&not: neutral
!second&fantastic&!sol&!fiddling: positive
!second&fantastic&!sol&fiddling: neutral
!second&fantastic&sol&!even: neutral
!second&fantastic&sol&even: positive
second&!ready&!merely&!able: neutral
second&!ready&!merely&able: negative
second&!ready&merely&!wholly: negative
second&!ready&merely&wholly: positive
second&ready: positive
DecisionTree learned:
!second&!huge&!music&!fantastic: positive
!second&!huge&!music&fantastic: positive
!second&!huge&music&!up: neutral
!second&!huge&music&up: negative
!second&huge&!actually&!sol: conflict
!second&huge&!actually&sol: positive
!second&huge&actually: conflict
second&!ready&!good&!physical: neutral
second&!ready&!good&physical: negative
second&!ready&good&!wholly: negative
second&!ready&good&wholly: positive
second&ready: positive
DecisionTree learned:
!great&!second&!very&!huge: negative
!great&!second&!very&huge: positive
!great&!second&very&!acceptable: positive
!great&!second&very&acceptable: conflict
!great&second&!able&!physical: neutral
!great&second&!able&physical: negative
!great&second&able: negative
great&!about&!average&!quite: positive
great&!about&!average&quite: conflict
great&!about&average: conflict
great&about&!much: neutral
great&about&much: neutral
DecisionTree learned:
!rid&!flying&!like&!much: negative
!rid&!flying&!like&much: positive
!rid&!flying&like&!then: neutral
!rid&!flying&like&then: negative
!rid&flying&!atrocious&!new: positive
!rid&flying&!atrocious&new: neutral
!rid&flying&atrocious: negative
rid&!particular&!actually&!besides: negative
rid&!particular&!actually&besides: positive
rid&!particular&actually: conflict
rid&particular: conflict
DecisionTree learned:
!rarely&!big&!hanker&!difficult: negative
!rarely&!big&!hanker&difficult: negative
!rarely&!big&hanker&!sol: positive
!rarely&!big&hanker&sol: conflict
!rarely&big&!so&!boastful: positive
!rarely&big&!so&boastful: conflict
!rarely&big&so&!bombastic: neutral
!rarely&big&so&bombastic: positive
rarely&!difficult: negative
rarely&difficult: conflict
DecisionTree learned:
!firm&!smooth&!second&!inadequate: positive
!firm&!smooth&!second&inadequate: negative
!firm&!smooth&second&!ready: negative
!firm&!smooth&second&ready: positive
!firm&smooth: conflict
firm&!difficult&!atrocious&!unfold: positive
firm&!difficult&!atrocious&unfold: neutral
firm&!difficult&atrocious: negative
firm&difficult: neutral
DecisionTree learned:
!expensive&!second&!inadequate&!other: positive
!expensive&!second&!inadequate&other: neutral
!expensive&!second&inadequate&!not: negative
!expensive&!second&inadequate&not: neutral
!expensive&second&!merely&!up: negative
!expensive&second&!merely&up: neutral
!expensive&second&merely&!wholly: negative
!expensive&second&merely&wholly: positive
expensive&!many&!good&!sol: negative
expensive&!many&!good&sol: positive
expensive&!many&good: conflict
expensive&many: conflict
DecisionTree learned:
!second&!expensive&!ill&!huge: positive
!second&!expensive&!ill&huge: conflict
!second&!expensive&ill&!badly: negative
!second&!expensive&ill&badly: negative
!second&expensive&!many&!good: positive
!second&expensive&!many&good: conflict
!second&expensive&many: conflict
second&!ready&!good&!able: negative
second&!ready&!good&able: negative
second&!ready&good&!wholly: negative
second&!ready&good&wholly: positive
second&ready: positive
DecisionTree learned:
!then&!expensive&!huge&!like: positive
!then&!expensive&!huge&like: neutral
!then&!expensive&huge&!actually: conflict
!then&!expensive&huge&actually: positive
!then&expensive&!much&!good: negative
!then&expensive&!much&good: conflict
!then&expensive&much: conflict
then&!old&!reasonably&!hanker: negative
then&!old&!reasonably&hanker: conflict
then&!old&reasonably: conflict
then&old&!new: conflict
then&old&new: positive
DecisionTree learned:
!ever&!great&!moon&!hanker: negative
!ever&!great&!moon&hanker: positive
!ever&!great&moon&!not: conflict
!ever&!great&moon&not: neutral
!ever&great&!minor&!average: positive
!ever&great&!minor&average: conflict
!ever&great&minor: conflict
ever&!calm&!up&!merely: conflict
ever&!calm&!up&merely: conflict
ever&!calm&up&!much: negative
ever&!calm&up&much: positive
ever&calm: positive
DecisionTree learned:
!music&!firm&!supernumerary&!second: negative
!music&!firm&!supernumerary&second: negative
!music&!firm&supernumerary&!just: neutral
!music&!firm&supernumerary&just: conflict
!music&firm&!difficult&!atrocious: positive
!music&firm&!difficult&atrocious: negative
!music&firm&difficult: neutral
music&!up&!just: neutral
music&!up&just: negative
music&up&!professional: positive
music&up&professional: negative
DecisionTree learned:
!smooth&!rid&!chancy&!nice: negative
!smooth&!rid&!chancy&nice: positive
!smooth&!rid&chancy: conflict
!smooth&rid&!besides&!particular: negative
!smooth&rid&!besides&particular: conflict
!smooth&rid&besides: positive
smooth: conflict
DecisionTree learned:
!second&!hanker&!arduous&!very: positive
!second&!hanker&!arduous&very: positive
!second&!hanker&arduous&!rarely: neutral
!second&!hanker&arduous&rarely: conflict
!second&hanker&!sol&!battery: positive
!second&hanker&!sol&battery: positive
!second&hanker&sol&!to: conflict
!second&hanker&sol&to: negative
second&!able&!merely&!physical: neutral
second&!able&!merely&physical: negative
second&!able&merely&!wholly: negative
second&!able&merely&wholly: positive
second&able: negative
DecisionTree learned:
!not&!very&!full&!much: negative
!not&!very&!full&much: positive
!not&!very&full&!merely: positive
!not&!very&full&merely: negative
!not&very&!acceptable&!effective: positive
!not&very&!acceptable&effective: neutral
!not&very&acceptable: conflict
not&!fairly&!other&!average: negative
not&!fairly&!other&average: conflict
not&!fairly&other&!here: positive
not&!fairly&other&here: conflict
not&fairly: conflict
DecisionTree learned:
!nice&!expensive&!then&!huge: positive
!nice&!expensive&!then&huge: conflict
!nice&!expensive&then&!sol: negative
!nice&!expensive&then&sol: negative
!nice&expensive&!many&!good: positive
!nice&expensive&!many&good: conflict
!nice&expensive&many: conflict
nice&!now: positive
nice&now: conflict
DecisionTree learned:
!second&!huge&!ever&!large: negative
!second&!huge&!ever&large: neutral
!second&!huge&ever&!slowly: negative
!second&!huge&ever&slowly: positive
!second&huge&!sol&!old: conflict
!second&huge&!sol&old: positive
!second&huge&sol: positive
second&!ready&!merely&!easy: negative
second&!ready&!merely&easy: neutral
second&!ready&merely&!wholly: negative
second&!ready&merely&wholly: positive
second&ready: positive
DecisionTree learned:
!smooth&!rid&!very&!much: negative
!smooth&!rid&!very&much: positive
!smooth&!rid&very&!acceptable: positive
!smooth&!rid&very&acceptable: conflict
!smooth&rid&!particular&!actually: positive
!smooth&rid&!particular&actually: conflict
!smooth&rid&particular: conflict
smooth: conflict
DecisionTree learned:
!ever&!hanker&!rid&!amazingly: negative
!ever&!hanker&!rid&amazingly: conflict
!ever&!hanker&rid&!besides: conflict
!ever&!hanker&rid&besides: positive
!ever&hanker&!sol&!besides: positive
!ever&hanker&!sol&besides: negative
!ever&hanker&sol&!to: conflict
!ever&hanker&sol&to: negative
ever&!up&!slowly&!calm: conflict
ever&!up&!slowly&calm: positive
ever&!up&slowly: positive
ever&up&!great: negative
ever&up&great: negative
DecisionTree learned:
!rid&!second&!ever&!nice: positive
!rid&!second&!ever&nice: positive
!rid&!second&ever&!up: conflict
!rid&!second&ever&up: negative
!rid&second&!able&!good: neutral
!rid&second&!able&good: negative
!rid&second&able: negative
rid&!besides&!actually&!particular: negative
rid&!besides&!actually&particular: conflict
rid&!besides&actually: conflict
rid&besides: positive
DecisionTree learned:
!smooth&!nice&!ever&!however: positive
!smooth&!nice&!ever&however: negative
!smooth&!nice&ever&!calm: conflict
!smooth&!nice&ever&calm: positive
!smooth&nice&!now: positive
!smooth&nice&now: conflict
smooth: conflict
DecisionTree learned:
!much&!then&!precisely&!few: negative
!much&!then&!precisely&few: neutral
!much&!then&precisely&!difficult: positive
!much&!then&precisely&difficult: neutral
!much&then&!old&!hanker: negative
!much&then&!old&hanker: conflict
!much&then&old&!new: conflict
!much&then&old&new: positive
much&!not&!great&!never: positive
much&!not&!great&never: neutral
much&!not&great: neutral
much&not&!excessively&!other: neutral
much&not&!excessively&other: positive
much&not&excessively: positive
DecisionTree learned:
!expensive&!smooth&!nice&!ill: negative
!expensive&!smooth&!nice&ill: negative
!expensive&!smooth&nice&!now: positive
!expensive&!smooth&nice&now: conflict
!expensive&smooth: conflict
expensive&!easy&!many&!good: positive
expensive&!easy&!many&good: conflict
expensive&!easy&many: conflict
expensive&easy: positive
DecisionTree learned:
!rarely&!huge&!nice&!like: negative
!rarely&!huge&!nice&like: neutral
!rarely&!huge&nice&!now: positive
!rarely&!huge&nice&now: conflict
!rarely&huge&!sol&!actually: conflict
!rarely&huge&!sol&actually: conflict
!rarely&huge&sol: positive
rarely&!difficult: negative
rarely&difficult: conflict
DecisionTree learned:
!moon&!supernumerary&!amazingly&!great: negative
!moon&!supernumerary&!amazingly&great: positive
!moon&!supernumerary&amazingly&!slowly: positive
!moon&!supernumerary&amazingly&slowly: conflict
!moon&supernumerary&!new&!just: positive
!moon&supernumerary&!new&just: conflict
!moon&supernumerary&new: conflict
moon&!not&!merely&!then: conflict
moon&!not&!merely&then: positive
moon&!not&merely&!just: negative
moon&!not&merely&just: neutral
moon&not&!easy&!great: negative
moon&not&!easy&great: negative
moon&not&easy: neutral
DecisionTree learned:
!fantastic&!very&!rid&!ever: negative
!fantastic&!very&!rid&ever: negative
!fantastic&!very&rid&!particular: positive
!fantastic&!very&rid&particular: conflict
!fantastic&very&!pleasant&!acceptable: positive
!fantastic&very&!pleasant&acceptable: conflict
!fantastic&very&pleasant: conflict
fantastic&!sol&!fiddling: positive
fantastic&!sol&fiddling: neutral
fantastic&sol&!even: neutral
fantastic&sol&even: positive
DecisionTree learned:
!expensive&!chancy&!then&!large: positive
!expensive&!chancy&!then&large: neutral
!expensive&!chancy&then&!sol: negative
!expensive&!chancy&then&sol: negative
!expensive&chancy: conflict
expensive&!many&!good&!sol: negative
expensive&!many&!good&sol: positive
expensive&!many&good: conflict
expensive&many: conflict
DecisionTree learned:
!very&!huge&!much&!then: negative
!very&!huge&!much&then: negative
!very&!huge&much&!not: positive
!very&!huge&much&not: neutral
!very&huge&!actually&!old: conflict
!very&huge&!actually&old: positive
!very&huge&actually: conflict
very&!arduous&!acceptable&!quick: positive
very&!arduous&!acceptable&quick: neutral
very&!arduous&acceptable: conflict
very&arduous&!not&!difficult: neutral
very&arduous&!not&difficult: neutral
very&arduous&not: conflict
DecisionTree learned:
!chancy&!bad&!second&!huge: positive
!chancy&!bad&!second&huge: conflict
!chancy&!bad&second&!ready: neutral
!chancy&!bad&second&ready: positive
!chancy&bad&!regretful&!so: conflict
!chancy&bad&!regretful&so: neutral
!chancy&bad&regretful&!excessively: negative
!chancy&bad&regretful&excessively: conflict
chancy: conflict
DecisionTree learned:
!second&!much&!then&!barely: positive
!second&!much&!then&barely: neutral
!second&!much&then&!old: negative
!second&!much&then&old: conflict
!second&much&!not&!supernumerary: positive
!second&much&!not&supernumerary: conflict
!second&much&not&!excessively: neutral
!second&much&not&excessively: positive
second&!well&!ready&!able: neutral
second&!well&!ready&able: negative
second&!well&ready: positive
second&well: negative
DecisionTree learned:
!amazingly&!boastful&!chancy&!ever: positive
!amazingly&!boastful&!chancy&ever: conflict
!amazingly&!boastful&chancy: conflict
!amazingly&boastful&!so&!merely: conflict
!amazingly&boastful&!so&merely: negative
!amazingly&boastful&so&!sol: neutral
!amazingly&boastful&so&sol: neutral
amazingly&!slowly: positive
amazingly&slowly: conflict
DecisionTree learned:
!much&!easily&!then&!barely: negative
!much&!easily&!then&barely: neutral
!much&!easily&then&!hanker: negative
!much&!easily&then&hanker: conflict
!much&easily&!quite&!constantly: positive
!much&easily&!quite&constantly: conflict
!much&easily&quite: conflict
much&!not&!lone&!widen: positive
much&!not&!lone&widen: conflict
much&!not&lone: neutral
much&not&!excessively&!other: neutral
much&not&!excessively&other: positive
much&not&excessively: positive
DecisionTree learned:
!rid&!ever&!sometimes&!large: negative
!rid&!ever&!sometimes&large: neutral
!rid&!ever&sometimes&!excessively: negative
!rid&!ever&sometimes&excessively: conflict
!rid&ever&!up&!calm: conflict
!rid&ever&!up&calm: positive
!rid&ever&up&!great: neutral
!rid&ever&up&great: negative
rid&!particular&!actually&!besides: negative
rid&!particular&!actually&besides: positive
rid&!particular&actually: conflict
rid&particular: conflict
DecisionTree learned:
!music&!ever&!rarely&!great: positive
!music&!ever&!rarely&great: positive
!music&!ever&rarely&!difficult: negative
!music&!ever&rarely&difficult: conflict
!music&ever&!merely&!calm: negative
!music&ever&!merely&calm: positive
!music&ever&merely: conflict
music&!up&!just: neutral
music&!up&just: negative
music&up&!once: negative
music&up&once: positive
DecisionTree learned:
!sometimes&!expensive&!full&!then: positive
!sometimes&!expensive&!full&then: negative
!sometimes&!expensive&full&!not: positive
!sometimes&!expensive&full&not: neutral
!sometimes&expensive&!many&!good: positive
!sometimes&expensive&!many&good: conflict
!sometimes&expensive&many: conflict
sometimes&!excessively: negative
sometimes&excessively: conflict
DecisionTree learned:
!large&!very&!fantastic&!ever: negative
!large&!very&!fantastic&ever: conflict
!large&!very&fantastic&!sol: positive
!large&!very&fantastic&sol: neutral
!large&very&!acceptable&!arduous: positive
!large&very&!acceptable&arduous: neutral
!large&very&acceptable: conflict
large&!evening&!however&!bad: neutral
large&!evening&!however&bad: conflict
large&!evening&however&!not: neutral
large&!evening&however&not: neutral
large&evening: conflict
DecisionTree learned:
!huge&!chancy&!expensive&!ever: positive
!huge&!chancy&!expensive&ever: conflict
!huge&!chancy&expensive&!many: conflict
!huge&!chancy&expensive&many: conflict
!huge&chancy: conflict
huge&!second&!sol&!old: conflict
huge&!second&!sol&old: positive
huge&!second&sol: positive
huge&second: negative
DecisionTree learned:
!second&!huge&!expensive&!ago: positive
!second&!huge&!expensive&ago: conflict
!second&!huge&expensive&!many: positive
!second&!huge&expensive&many: conflict
!second&huge&!sol&!actually: conflict
!second&huge&!sol&actually: conflict
!second&huge&sol: positive
second&!easy&!wholly&!ready: negative
second&!easy&!wholly&ready: positive
second&!easy&wholly: positive
second&easy: neutral
DecisionTree learned:
!second&!ever&!expensive&!touch: positive
!second&!ever&!expensive&touch: negative
!second&!ever&expensive&!easy: conflict
!second&!ever&expensive&easy: positive
!second&ever&!up&!slowly: conflict
!second&ever&!up&slowly: positive
!second&ever&up&!great: neutral
!second&ever&up&great: negative
second&!merely&!physical&!able: neutral
second&!merely&!physical&able: negative
second&!merely&physical: negative
second&merely&!wholly: negative
second&merely&wholly: positive
DecisionTree learned:
!ever&!hanker&!rarely&!arduous: positive
!ever&!hanker&!rarely&arduous: neutral
!ever&!hanker&rarely&!difficult: negative
!ever&!hanker&rarely&difficult: conflict
!ever&hanker&!sol&!last: positive
!ever&hanker&!sol&last: negative
!ever&hanker&sol&!to: conflict
!ever&hanker&sol&to: negative
ever&!up&!calm&!easy: conflict
ever&!up&!calm&easy: positive
ever&!up&calm: positive
ever&up&!great: neutral
ever&up&great&!much: negative
ever&up&great&much: positive
DecisionTree learned:
!second&!nice&!easily&!fantastic: negative
!second&!nice&!easily&fantastic: positive
!second&!nice&easily&!good: positive
!second&!nice&easily&good: positive
!second&nice&!now: positive
!second&nice&now: conflict
second&!able&!physical&!ready: neutral
second&!able&!physical&ready: positive
second&!able&physical: negative
second&able: negative
DecisionTree learned:
!chancy&!expensive&!second&!ever: positive
!chancy&!expensive&!second&ever: conflict
!chancy&!expensive&second&!merely: neutral
!chancy&!expensive&second&merely: negative
!chancy&expensive&!many&!good: positive
!chancy&expensive&!many&good: conflict
!chancy&expensive&many: conflict
chancy: conflict
DecisionTree learned:
!amazingly&!huge&!then&!like: positive
!amazingly&!huge&!then&like: neutral
!amazingly&!huge&then&!hanker: negative
!amazingly&!huge&then&hanker: conflict
!amazingly&huge&!sol&!actually: conflict
!amazingly&huge&!sol&actually: conflict
!amazingly&huge&sol: positive
amazingly&!slowly: positive
amazingly&slowly: conflict
DecisionTree learned:
!not&!full&!regretful&!unclutter: positive
!not&!full&!regretful&unclutter: positive
!not&!full&regretful&!easily: negative
!not&!full&regretful&easily: neutral
!not&full&!future&!adequate: positive
!not&full&!future&adequate: conflict
!not&full&future&!actually: conflict
!not&full&future&actually: conflict
not&!pleasant&!other&!excessively: negative
not&!pleasant&!other&excessively: conflict
not&!pleasant&other&!here: positive
not&!pleasant&other&here: conflict
not&pleasant: conflict
DecisionTree learned:
!much&!large&!crystal&!easy: negative
!much&!large&!crystal&easy: positive
!much&!large&crystal&!very: conflict
!much&!large&crystal&very: positive
!much&large&!evening&!difficult: neutral
!much&large&!evening&difficult: conflict
!much&large&evening: conflict
much&!widen&!supernumerary&!many: positive
much&!widen&!supernumerary&many: conflict
much&!widen&supernumerary: conflict
much&widen: conflict
DecisionTree learned:
!smooth&!second&!sometimes&!huge: positive
!smooth&!second&!sometimes&huge: conflict
!smooth&!second&sometimes&!excessively: negative
!smooth&!second&sometimes&excessively: conflict
!smooth&second&!good&!able: neutral
!smooth&second&!good&able: negative
!smooth&second&good&!wholly: negative
!smooth&second&good&wholly: positive
smooth: conflict
DecisionTree learned:
!huge&!sometimes&!ever&!decelerate: positive
!huge&!sometimes&!ever&decelerate: negative
!huge&!sometimes&ever&!up: conflict
!huge&!sometimes&ever&up: negative
!huge&sometimes&!excessively: negative
!huge&sometimes&excessively: conflict
huge&!sol&!actually&!old: conflict
huge&!sol&!actually&old: positive
huge&!sol&actually: conflict
huge&sol: positive
DecisionTree learned:
!amazingly&!due&!ever&!large: positive
!amazingly&!due&!ever&large: neutral
!amazingly&!due&ever&!up: conflict
!amazingly&!due&ever&up: negative
!amazingly&due&!particular&!partially: negative
!amazingly&due&!particular&partially: neutral
!amazingly&due&particular: conflict
amazingly&!slowly: positive
amazingly&slowly: conflict
DecisionTree learned:
!large&!curtly&!much&!ever: negative
!large&!curtly&!much&ever: conflict
!large&!curtly&much&!not: positive
!large&!curtly&much&not: neutral
!large&curtly&!not: negative
!large&curtly&not: neutral
large&!however&!even&!bad: positive
large&!however&!even&bad: conflict
large&!however&even: conflict
large&however&!not&!so: neutral
large&however&!not&so: neutral
large&however&not: negative
DecisionTree learned:
!like&!not&!full&!much: positive
!like&!not&!full&much: positive
!like&!not&full&!merely: positive
!like&!not&full&merely: negative
!like&not&!other&!big: negative
!like&not&!other&big: conflict
!like&not&other&!here: positive
!like&not&other&here: conflict
like&!merely&!ready&!web: neutral
like&!merely&!ready&web: negative
like&!merely&ready: positive
like&merely&!then&!a: positive
like&merely&!then&a: positive
like&merely&then: negative
DecisionTree learned:
!rid&!second&!inadequate&!nice: positive
!rid&!second&!inadequate&nice: positive
!rid&!second&inadequate&!calm: negative
!rid&!second&inadequate&calm: negative
!rid&second&!easy&!back: neutral
!rid&second&!easy&back: negative
!rid&second&easy: neutral
rid&!particular&!actually&!besides: negative
rid&!particular&!actually&besides: positive
rid&!particular&actually: conflict
rid&particular: conflict
DecisionTree learned:
!smooth&!firm&!modal&!rid: negative
!smooth&!firm&!modal&rid: conflict
!smooth&!firm&modal&!great: positive
!smooth&!firm&modal&great: conflict
!smooth&firm&!difficult&!just: positive
!smooth&firm&!difficult&just: neutral
!smooth&firm&difficult: negative
smooth: conflict
DecisionTree learned:
!much&!great&!fantastic&!full: negative
!much&!great&!fantastic&full: positive
!much&!great&fantastic&!sol: positive
!much&!great&fantastic&sol: neutral
!much&great&!average&!minor: positive
!much&great&!average&minor: conflict
!much&great&average: conflict
much&!not&!widen&!supernumerary: positive
much&!not&!widen&supernumerary: conflict
much&!not&widen: conflict
much&not&!excessively&!other: neutral
much&not&!excessively&other: positive
much&not&excessively: positive
DecisionTree learned:
!chancy&!then&!large&!huge: positive
!chancy&!then&!large&huge: conflict
!chancy&!then&large&!however: conflict
!chancy&!then&large&however: neutral
!chancy&then&!hanker&!old: negative
!chancy&then&!hanker&old: conflict
!chancy&then&hanker&!to: conflict
!chancy&then&hanker&to: negative
chancy: conflict
DecisionTree learned:
!second&!chancy&!much&!large: negative
!second&!chancy&!much&large: neutral
!second&!chancy&much&!not: positive
!second&!chancy&much&not: neutral
!second&chancy: conflict
second&!able&!good&!former: neutral
second&!able&!good&former: negative
second&!able&good&!wholly: negative
second&!able&good&wholly: positive
second&able: negative
DecisionTree learned:
!smooth&!huge&!ever&!second: negative
!smooth&!huge&!ever&second: negative
!smooth&!huge&ever&!up: conflict
!smooth&!huge&ever&up: negative
!smooth&huge&!actually&!sol: conflict
!smooth&huge&!actually&sol: positive
!smooth&huge&actually: conflict
smooth: conflict
DecisionTree learned:
!boastful&!then&!huge&!ever: positive
!boastful&!then&!huge&ever: conflict
!boastful&!then&huge&!actually: conflict
!boastful&!then&huge&actually: conflict
!boastful&then&!hanker&!old: negative
!boastful&then&!hanker&old: conflict
!boastful&then&hanker&!to: conflict
!boastful&then&hanker&to: negative
boastful&!so&!merely&!bombastic: conflict
boastful&!so&!merely&bombastic: positive
boastful&!so&merely: negative
boastful&so&!sol: positive
boastful&so&sol: neutral
DecisionTree learned:
!then&!severe&!amazingly&!crystal: positive
!then&!severe&!amazingly&crystal: conflict
!then&!severe&amazingly&!slowly: positive
!then&!severe&amazingly&slowly: conflict
!then&severe&!large: positive
!then&severe&large: conflict
then&!hanker&!sol&!now: negative
then&!hanker&!sol&now: conflict
then&!hanker&sol&!old: neutral
then&!hanker&sol&old: conflict
then&hanker&!to&!particularly: conflict
then&hanker&!to&particularly: conflict
then&hanker&to: negative
DecisionTree learned:
!huge&!music&!expensive&!great: negative
!huge&!music&!expensive&great: positive
!huge&!music&expensive&!easy: conflict
!huge&!music&expensive&easy: positive
!huge&music&!up&!just: neutral
!huge&music&!up&just: negative
!huge&music&up&!once: negative
!huge&music&up&once: positive
huge&!second&!actually&!sol: conflict
huge&!second&!actually&sol: positive
huge&!second&actually: conflict
huge&second: negative
DecisionTree learned:
!much&!large&!nice&!free: negative
!much&!large&!nice&free: conflict
!much&!large&nice&!now: positive
!much&!large&nice&now: conflict
!much&large&!evening&!bad: neutral
!much&large&!evening&bad: conflict
!much&large&evening: conflict
much&!not&!widen&!sol: conflict
much&!not&!widen&sol: positive
much&!not&widen: conflict
much&not&!excessively&!other: neutral
much&not&!excessively&other: positive
much&not&excessively: positive
DecisionTree learned:
!expensive&!atrocious&!flying&!huge: negative
!expensive&!atrocious&!flying&huge: conflict
!expensive&!atrocious&flying&!effective: positive
!expensive&!atrocious&flying&effective: neutral
!expensive&atrocious&!large&!severe: negative
!expensive&atrocious&!large&severe: negative
!expensive&atrocious&large: conflict
expensive&!many&!good&!sol: positive
expensive&!many&!good&sol: positive
expensive&!many&good: conflict
expensive&many: conflict
DecisionTree learned:
!inadequate&!huge&!much&!easily: negative
!inadequate&!huge&!much&easily: positive
!inadequate&!huge&much&!not: positive
!inadequate&!huge&much&not: neutral
!inadequate&huge&!sol&!actually: conflict
!inadequate&huge&!sol&actually: conflict
!inadequate&huge&sol: positive
inadequate&!calm&!not&!overall: negative
inadequate&!calm&!not&overall: negative
inadequate&!calm&not: neutral
inadequate&calm: negative
DecisionTree learned:
!sometimes&!inadequate&!amazingly&!touch: positive
!sometimes&!inadequate&!amazingly&touch: negative
!sometimes&!inadequate&amazingly&!slowly: positive
!sometimes&!inadequate&amazingly&slowly: conflict
!sometimes&inadequate&!not&!calm: negative
!sometimes&inadequate&!not&calm: negative
!sometimes&inadequate&not: neutral
sometimes&!excessively: negative
sometimes&excessively: conflict
DecisionTree learned:
!huge&!sometimes&!touch&!then: positive
!huge&!sometimes&!touch&then: negative
!huge&!sometimes&touch&!certain: negative
!huge&!sometimes&touch&certain: conflict
!huge&sometimes&!excessively: negative
!huge&sometimes&excessively: conflict
huge&!sol&!actually&!second: conflict
huge&!sol&!actually&second: negative
huge&!sol&actually: conflict
huge&sol: positive
DecisionTree learned:
!sometimes&!expensive&!rarely&!finally: positive
!sometimes&!expensive&!rarely&finally: neutral
!sometimes&!expensive&rarely&!difficult: negative
!sometimes&!expensive&rarely&difficult: conflict
!sometimes&expensive&!many&!good: positive
!sometimes&expensive&!many&good: conflict
!sometimes&expensive&many: conflict
sometimes&!excessively: negative
sometimes&excessively: conflict
DecisionTree learned:
!like&!smooth&!sometimes&!ever: negative
!like&!smooth&!sometimes&ever: conflict
!like&!smooth&sometimes&!excessively: negative
!like&!smooth&sometimes&excessively: conflict
!like&smooth: conflict
like&!merely&!other&!besides: neutral
like&!merely&!other&besides: neutral
like&!merely&other: neutral
like&merely&!then&!a: positive
like&merely&!then&a: positive
like&merely&then: negative
DecisionTree learned:
!huge&!large&!sometimes&!then: negative
!huge&!large&!sometimes&then: negative
!huge&!large&sometimes&!excessively: negative
!huge&!large&sometimes&excessively: conflict
!huge&large&!however&!largely: conflict
!huge&large&!however&largely: neutral
!huge&large&however&!not: neutral
!huge&large&however&not: neutral
huge&!sol&!actually&!second: conflict
huge&!sol&!actually&second: negative
huge&!sol&actually: conflict
huge&sol: positive
DecisionTree learned:
!second&!nice&!music&!external: positive
!second&!nice&!music&external: neutral
!second&!nice&music&!up: neutral
!second&!nice&music&up: positive
!second&nice&!now: positive
!second&nice&now: conflict
second&!merely&!ready&!physical: neutral
second&!merely&!ready&physical: negative
second&!merely&ready: positive
second&merely&!wholly: negative
second&merely&wholly: positive
Trial 0 Training cc.mallet.classify.AdaBoostM2Trainer@15f66cff finished
Trial 0 Trainer cc.mallet.classify.AdaBoostM2Trainer@15f66cff test data accuracy = 0.5476673427991886

NaiveBayesTrainer
Summary. test accuracy mean = 0.5233265720081136 stddev = 0.0 stderr = 0.0

MaxEntTrainer,gaussianPriorVariance=1.0
Summary. test accuracy mean = 0.5354969574036511 stddev = 0.0 stderr = 0.0

cc.mallet.classify.DecisionTreeTrainer@266bade9
Summary. test accuracy mean = 0.460446247464503 stddev = 0.0 stderr = 0.0

cc.mallet.classify.AdaBoostM2Trainer@15f66cff
Summary. test accuracy mean = 0.5476673427991886 stddev = 0.0 stderr = 0.0
