
-------------------- Trial 0  --------------------

Trial 0 Training NaiveBayesTrainer with 1865 instances
Trial 0 Training NaiveBayesTrainer finished
Trial 0 Trainer NaiveBayesTrainer test data accuracy = 0.6064908722109533
Trial 0 Training MaxEntTrainer,gaussianPriorVariance=1.0 with 1865 instances
Trial 0 Training MaxEntTrainer,gaussianPriorVariance=1.0 finished
Trial 0 Trainer MaxEntTrainer,gaussianPriorVariance=1.0 test data accuracy = 0.6064908722109533
Trial 0 Training cc.mallet.classify.DecisionTreeTrainer@6766afb3 with 1865 instances
DecisionTree learned:
!but&!pos&!neg&!video: positive
!but&!pos&!neg&video: neutral
!but&!pos&neg&!any: negative
!but&!pos&neg&any: neutral
!but&pos&!to&!neg: positive
!but&pos&!to&neg: negative
!but&pos&to&!because: positive
!but&pos&to&because: negative
but&!new&!on&!it: negative
but&!new&!on&it: negative
but&!new&on&!that: neutral
but&!new&on&that: negative
but&new&!the: positive
but&new&the&!before: positive
but&new&the&before: neutral
Trial 0 Training cc.mallet.classify.DecisionTreeTrainer@6766afb3 finished
Trial 0 Trainer cc.mallet.classify.DecisionTreeTrainer@6766afb3 test data accuracy = 0.48073022312373226
Trial 0 Training cc.mallet.classify.AdaBoostM2Trainer@656de49c with 1865 instances
DecisionTree learned:
!neg&!but&!pos&!movie: positive
!neg&!but&!pos&movie: neutral
!neg&!but&pos&!would: positive
!neg&!but&pos&would: negative
!neg&but&!to&!average: negative
!neg&but&!to&average: positive
!neg&but&to&!you: neutral
!neg&but&to&you: neutral
neg&!what&!if&!clear: negative
neg&!what&!if&clear: positive
neg&!what&if&!the: neutral
neg&!what&if&the: positive
neg&what&!they&!use: conflict
neg&what&!they&use: positive
neg&what&they&!to: neutral
neg&what&they&to: negative
DecisionTree learned:
!but&!pos&!neg&!not: positive
!but&!pos&!neg&not: negative
!but&!pos&neg&!any: negative
!but&!pos&neg&any: neutral
!but&pos&!to&!neg: positive
!but&pos&!to&neg: positive
!but&pos&to&!was: negative
!but&pos&to&was: negative
but&!on&!it&!that: negative
but&!on&!it&that: conflict
but&!on&it&!this: conflict
but&!on&it&this: negative
but&on&!i&!of: conflict
but&on&!i&of: neutral
but&on&i&!just: neutral
but&on&i&just: negative
DecisionTree learned:
!but&!pos&!neg&!video: positive
!but&!pos&!neg&video: neutral
!but&!pos&neg&!any: negative
!but&!pos&neg&any: neutral
!but&pos&!to&!power: positive
!but&pos&!to&power: negative
!but&pos&to&!desktop: negative
!but&pos&to&desktop: conflict
but&!be&!would&!to: negative
but&!be&!would&to: neutral
but&!be&would&!and: conflict
but&!be&would&and: negative
but&be&!and&!quality: negative
but&be&!and&quality: neutral
but&be&and: negative
DecisionTree learned:
!but&!very&!movie&!neg: positive
!but&!very&!movie&neg: negative
!but&!very&movie&!doing: neutral
!but&!very&movie&doing: neutral
!but&very&!neg&!are: positive
!but&very&!neg&are: negative
!but&very&neg&!of: negative
!but&very&neg&of: positive
but&!new&!so&!of: negative
but&!new&!so&of: negative
but&!new&so&!it: conflict
but&!new&so&it: conflict
but&new&!the: positive
but&new&the&!features: neutral
but&new&the&features: positive
DecisionTree learned:
!but&!pos&!not&!is: negative
!but&!pos&!not&is: positive
!but&!pos&not&!i: negative
!but&!pos&not&i: neutral
!but&pos&!or&!became: positive
!but&pos&!or&became: conflict
!but&pos&or&!neg: neutral
!but&pos&or&neg: negative
but&!on&!it&!you: negative
but&!on&!it&you: neutral
but&!on&it&!be: conflict
but&!on&it&be: negative
but&on&!only&!or: neutral
but&on&!only&or: conflict
but&on&only&!before: negative
but&on&only&before: conflict
DecisionTree learned:
!but&!neg&!not&!very: positive
!but&!neg&!not&very: positive
!but&!neg&not&!for: negative
!but&!neg&not&for: neutral
!but&neg&!other&!what: negative
!but&neg&!other&what: neutral
!but&neg&other&!use: conflict
!but&neg&other&use: positive
but&!new&!on&!it: negative
but&!new&!on&it: conflict
but&!new&on&!that: neutral
but&!new&on&that: negative
but&new&!the: positive
but&new&the&!before: positive
but&new&the&before: neutral
DecisionTree learned:
!but&!very&!movie&!pos: negative
!but&!very&!movie&pos: positive
!but&!very&movie&!doing: neutral
!but&!very&movie&doing: positive
!but&very&!some&!are: positive
!but&very&!some&are: negative
!but&very&some: conflict
but&!it&!memory&!you: negative
but&!it&!memory&you: neutral
but&!it&memory: neutral
but&it&!do&!this: conflict
but&it&!do&this: negative
but&it&do&!on: positive
but&it&do&on: neutral
DecisionTree learned:
!but&!very&!not&!pos: negative
!but&!very&!not&pos: positive
!but&!very&not&!want: negative
!but&!very&not&want: neutral
!but&very&!are&!through: positive
!but&very&!are&through: negative
!but&very&are&!after: positive
!but&very&are&after: negative
but&!be&!new&!it: negative
but&!be&!new&it: conflict
but&!be&new&!the: positive
but&!be&new&the: neutral
but&be&!quality&!is: negative
but&be&!quality&is: positive
but&be&quality&!pos: neutral
but&be&quality&pos: negative
DecisionTree learned:
!but&!very&!and&!or: negative
!but&!very&!and&or: neutral
!but&!very&and&!neg: positive
!but&!very&and&neg: negative
!but&very&!are&!some: positive
!but&very&!are&some: conflict
!but&very&are&!after: positive
!but&very&are&after: negative
but&!on&!it&!that: negative
but&!on&!it&that: conflict
but&!on&it&!so: negative
but&!on&it&so: conflict
but&on&!i&!of: conflict
but&on&!i&of: neutral
but&on&i&!just: neutral
but&on&i&just: negative
DecisionTree learned:
!but&!or&!is&!fast: negative
!but&!or&!is&fast: positive
!but&!or&is&!any: positive
!but&!or&is&any: neutral
!but&or&!up&!sticking: neutral
!but&or&!up&sticking: positive
!but&or&up&!all: positive
!but&or&up&all: negative
but&!be&!to&!would: negative
but&!be&!to&would: conflict
but&!be&to&!couple: neutral
but&!be&to&couple: conflict
but&be&!and&!as: positive
but&be&!and&as: negative
but&be&and: negative
DecisionTree learned:
!but&!and&!not&!or: negative
!but&!and&!not&or: neutral
!but&!and&not&!the: negative
!but&!and&not&the: negative
!but&and&!for&!other: positive
!but&and&!for&other: neutral
!but&and&for&!my: positive
!but&and&for&my: neutral
but&!it&!that&!learning: negative
but&!it&!that&learning: neutral
but&!it&that&!only: conflict
but&!it&that&only: neutral
but&it&!do&!this: conflict
but&it&!do&this: negative
but&it&do&!on: positive
but&it&do&on: neutral
DecisionTree learned:
!but&!neg&!and&!to: positive
!but&!neg&!and&to: negative
!but&!neg&and&!would: positive
!but&!neg&and&would: negative
!but&neg&!other&!sol: negative
!but&neg&!other&sol: conflict
!but&neg&other&!pos: conflict
!but&neg&other&pos: positive
but&!new&!so&!keyboard: negative
but&!new&!so&keyboard: neutral
but&!new&so&!a: conflict
but&!new&so&a: conflict
but&new&!the: positive
but&new&the&!before: positive
but&new&the&before: neutral
DecisionTree learned:
!but&!for&!not&!and: negative
!but&!for&!not&and: positive
!but&!for&not&!about: negative
!but&!for&not&about: conflict
!but&for&!use&!went: positive
!but&for&!use&went: negative
!but&for&use&!though: neutral
!but&for&use&though: positive
but&!it&!with&!learn: negative
but&!it&!with&learn: neutral
but&!it&with&!before: negative
but&!it&with&before: neutral
but&it&!this&!do: conflict
but&it&!this&do: positive
but&it&this&!on: negative
but&it&this&on: neutral
DecisionTree learned:
!but&!pos&!macbook&!before: positive
!but&!pos&!macbook&before: negative
!but&!pos&macbook&!it: positive
!but&!pos&macbook&it: neutral
!but&pos&!became&!to: positive
!but&pos&!became&to: negative
!but&pos&became: conflict
but&!memory&!be&!learning: negative
but&!memory&!be&learning: neutral
but&!memory&be&!pos: positive
but&!memory&be&pos: negative
but&memory: neutral
DecisionTree learned:
!but&!very&!movie&!pos: negative
!but&!very&!movie&pos: positive
!but&!very&movie&!doing: neutral
!but&!very&movie&doing: positive
!but&very&!some&!would: positive
!but&very&!some&would: negative
!but&very&some: conflict
but&!price&!new&!of: negative
but&!price&!new&of: conflict
but&!price&new&!the: positive
but&!price&new&the: neutral
but&price&!of: neutral
but&price&of: negative
DecisionTree learned:
!but&!very&!for&!and: negative
!but&!very&!for&and: positive
!but&!very&for&!despite: positive
!but&!very&for&despite: conflict
!but&very&!some&!would: positive
!but&very&!some&would: negative
!but&very&some: conflict
but&!it&!memory&!with: negative
but&!it&!memory&with: neutral
but&!it&memory: neutral
but&it&!this&!do: conflict
but&it&!this&do: positive
but&it&this&!on: negative
but&it&this&on: neutral
DecisionTree learned:
!but&!very&!macbook&!for: negative
!but&!very&!macbook&for: positive
!but&!very&macbook&!a: conflict
!but&!very&macbook&a: positive
!but&very&!some&!and: positive
!but&very&!some&and: positive
!but&very&some: conflict
but&!it&!computer&!average: negative
but&!it&!computer&average: positive
but&!it&computer: conflict
but&it&!this&!for: conflict
but&it&!this&for: positive
but&it&this&!on: negative
but&it&this&on: neutral
DecisionTree learned:
!but&!macbook&!is&!similar: negative
!but&!macbook&!is&similar: neutral
!but&!macbook&is&!any: positive
!but&!macbook&is&any: neutral
!but&macbook&!a&!after: conflict
!but&macbook&!a&after: conflict
!but&macbook&a: positive
but&!keyboard&!so&!little: negative
but&!keyboard&!so&little: negative
but&!keyboard&so&!it: neutral
but&!keyboard&so&it: conflict
but&keyboard: neutral
DecisionTree learned:
!but&!very&!pos&!macbook: negative
!but&!very&!pos&macbook: conflict
!but&!very&pos&!for: positive
!but&!very&pos&for: positive
!but&very&!some&!and: positive
!but&very&!some&and: positive
!but&very&some: conflict
but&!on&!it&!with: negative
but&!on&!it&with: neutral
but&!on&it&!still: conflict
but&!on&it&still: negative
but&on&!i&!of: conflict
but&on&!i&of: negative
but&on&i&!just: neutral
but&on&i&just: negative
DecisionTree learned:
!but&!movie&!very&!for: negative
!but&!movie&!very&for: positive
!but&!movie&very&!some: positive
!but&!movie&very&some: conflict
!but&movie&!doing: neutral
!but&movie&doing&!you: neutral
!but&movie&doing&you: positive
but&!keyboard&!now&!new: negative
but&!keyboard&!now&new: positive
but&!keyboard&now&!a: positive
but&!keyboard&now&a: neutral
but&keyboard: neutral
DecisionTree learned:
!but&!neg&!and&!worth: positive
!but&!neg&!and&worth: conflict
!but&!neg&and&!would: positive
!but&!neg&and&would: negative
!but&neg&!what&!twice: negative
!but&neg&!what&twice: conflict
!but&neg&what&!and: neutral
!but&neg&what&and: conflict
but&!keyboard&!memory&!new: negative
but&!keyboard&!memory&new: positive
but&!keyboard&memory: neutral
but&keyboard: neutral
DecisionTree learned:
!but&!or&!pos&!neg: negative
!but&!or&!pos&neg: negative
!but&!or&pos&!became: positive
!but&!or&pos&became: conflict
!but&or&!movie&!up: neutral
!but&or&!movie&up: positive
!but&or&movie&!you: neutral
!but&or&movie&you: neutral
but&!computer&!of&!on: positive
but&!computer&!of&on: neutral
but&!computer&of&!i: conflict
but&!computer&of&i: neutral
but&computer&!my: conflict
but&computer&my: negative
DecisionTree learned:
!but&!very&!movie&!neg: positive
!but&!very&!movie&neg: negative
!but&!very&movie&!doing: neutral
!but&!very&movie&doing: neutral
!but&very&!some&!and: positive
!but&very&!some&and: positive
!but&very&some: conflict
but&!on&!it&!with: negative
but&!on&!it&with: neutral
but&!on&it&!software: negative
but&!on&it&software: conflict
but&on&!that&!i: conflict
but&on&!that&i: neutral
but&on&that&!to: negative
but&on&that&to: neutral
DecisionTree learned:
!but&!before&!somewhat&!n: positive
!but&!before&!somewhat&n: negative
!but&!before&somewhat: conflict
!but&before&!eee&!smooth: negative
!but&before&!eee&smooth: conflict
!but&before&eee: conflict
but&!memory&!little&!with: positive
but&!memory&!little&with: neutral
but&!memory&little&!better: negative
but&!memory&little&better: conflict
but&memory: neutral
DecisionTree learned:
!but&!for&!worth&!somewhat: negative
!but&!for&!worth&somewhat: conflict
!but&!for&worth&!after: conflict
!but&!for&worth&after: neutral
!but&for&!we&!desktop: positive
!but&for&!we&desktop: conflict
!but&for&we&!before: negative
!but&for&we&before: conflict
but&!be&!when&!beta: positive
but&!be&!when&beta: conflict
but&!be&when&!much: conflict
but&!be&when&much: negative
but&be&!quality&!would: negative
but&be&!quality&would: negative
but&be&quality&!pos: neutral
but&be&quality&pos: negative
DecisionTree learned:
!but&!email&!sol&!and: negative
!but&!email&!sol&and: positive
!but&!email&sol&!before: negative
!but&!email&sol&before: conflict
!but&email&!working: neutral
!but&email&working: positive
but&!it&!you&!computer: negative
but&!it&!you&computer: conflict
but&!it&you&!the: positive
but&!it&you&the: neutral
but&it&!on&!yes: negative
but&it&!on&yes: conflict
but&it&on&!before: negative
but&it&on&before: neutral
DecisionTree learned:
!but&!macbook&!and&!not: negative
!but&!macbook&!and&not: negative
!but&!macbook&and&!much: positive
!but&!macbook&and&much: positive
!but&macbook&!pos&!it: conflict
!but&macbook&!pos&it: negative
!but&macbook&pos&!completely: positive
!but&macbook&pos&completely: negative
but&!learn&!on&!before: conflict
but&!learn&!on&before: negative
but&!learn&on&!only: neutral
but&!learn&on&only: negative
but&learn&!before: positive
but&learn&before: neutral
DecisionTree learned:
!but&!for&!needs&!n: positive
!but&!for&!needs&n: negative
!but&!for&needs&!so: negative
!but&!for&needs&so: conflict
!but&for&!despite&!smooth: positive
!but&for&!despite&smooth: conflict
!but&for&despite: conflict
but&!it&!with&!media: negative
but&!it&!with&media: conflict
but&!it&with&!before: negative
but&!it&with&before: neutral
but&it&!do&!this: conflict
but&it&!do&this: negative
but&it&do&!on: positive
but&it&do&on: neutral
DecisionTree learned:
!but&!macbook&!pos&!eee: negative
!but&!macbook&!pos&eee: conflict
!but&!macbook&pos&!desktop: positive
!but&!macbook&pos&desktop: conflict
!but&macbook&!highly&!after: conflict
!but&macbook&!highly&after: positive
!but&macbook&highly: neutral
but&!on&!it&!with: positive
but&!on&!it&with: neutral
but&!on&it&!be: conflict
but&!on&it&be: positive
but&on&!only&!or: neutral
but&on&!only&or: conflict
but&on&only&!before: negative
but&on&only&before: conflict
DecisionTree learned:
!but&!very&!macbook&!worth: positive
!but&!very&!macbook&worth: conflict
!but&!very&macbook&!pos: conflict
!but&!very&macbook&pos: positive
!but&very&!and&!of: positive
!but&very&!and&of: positive
!but&very&and&!out: positive
!but&very&and&out: negative
but&!on&!it&!is: positive
but&!on&!it&is: conflict
but&!on&it&!with: positive
but&!on&it&with: conflict
but&on&!only&!or: neutral
but&on&!only&or: conflict
but&on&only&!before: negative
but&on&only&before: conflict
DecisionTree learned:
!but&!somewhat&!pos&!macbook: negative
!but&!somewhat&!pos&macbook: conflict
!but&!somewhat&pos&!desktop: positive
!but&!somewhat&pos&desktop: conflict
!but&somewhat: conflict
but&!it&!n&!with: negative
but&!it&!n&with: neutral
but&!it&n&!to: negative
but&!it&n&to: conflict
but&it&!a&!on: positive
but&it&!a&on: negative
but&it&a&!new: conflict
but&it&a&new: positive
DecisionTree learned:
!but&!loud&!for&!eee: negative
!but&!loud&!for&eee: conflict
!but&!loud&for&!smooth: positive
!but&!loud&for&smooth: conflict
!but&loud&!that: negative
!but&loud&that: conflict
but&!keyboard&!on&!it: negative
but&!keyboard&!on&it: conflict
but&!keyboard&on&!that: neutral
but&!keyboard&on&that: negative
but&keyboard: neutral
DecisionTree learned:
!but&!very&!macbook&!or: positive
!but&!very&!macbook&or: neutral
!but&!very&macbook&!book: positive
!but&!very&macbook&book: conflict
!but&very&!other&!and: positive
!but&very&!other&and: positive
!but&very&other: conflict
but&!so&!memory&!on: negative
but&!so&!memory&on: neutral
but&!so&memory: neutral
but&so&!a&!before: positive
but&so&!a&before: neutral
but&so&a: conflict
DecisionTree learned:
!but&!and&!worth&!is: negative
!but&!and&!worth&is: positive
!but&!and&worth&!after: conflict
!but&!and&worth&after: negative
!but&and&!what&!much: positive
!but&and&!what&much: positive
!but&and&what&!neg: neutral
!but&and&what&neg: conflict
but&!it&!you&!with: negative
but&!it&!you&with: neutral
but&!it&you&!to: positive
but&!it&you&to: neutral
but&it&!this&!new: conflict
but&it&!this&new: positive
but&it&this&!on: negative
but&it&this&on: neutral
DecisionTree learned:
!but&!very&!needs&!macbook: positive
!but&!very&!needs&macbook: positive
!but&!very&needs&!so: negative
!but&!very&needs&so: conflict
!but&very&!some&!and: positive
!but&very&!some&and: positive
!but&very&some: conflict
but&!memory&!couple&!when: negative
but&!memory&!couple&when: conflict
but&!memory&couple: conflict
but&memory: neutral
DecisionTree learned:
!but&!macbook&!somewhat&!opted: negative
!but&!macbook&!somewhat&opted: conflict
!but&!macbook&somewhat: conflict
!but&macbook&!a&!pos: conflict
!but&macbook&!a&pos: positive
!but&macbook&a: positive
but&!little&!it&!with: positive
but&!little&!it&with: neutral
but&!little&it&!this: conflict
but&!little&it&this: negative
but&little&!better&!though: negative
but&little&!better&though: conflict
but&little&better: conflict
DecisionTree learned:
!but&!neg&!and&!not: positive
!but&!neg&!and&not: negative
!but&!neg&and&!messenger: positive
!but&!neg&and&messenger: neutral
!but&neg&!twice&!what: negative
!but&neg&!twice&what: neutral
!but&neg&twice: conflict
but&!it&!with&!media: negative
but&!it&!with&media: conflict
but&!it&with&!media: neutral
but&!it&with&media: positive
but&it&!with&!in: negative
but&it&!with&in: conflict
but&it&with&!i: conflict
but&it&with&i: negative
DecisionTree learned:
!but&!eee&!very&!twice: negative
!but&!eee&!very&twice: conflict
!but&!eee&very&!some: positive
!but&!eee&very&some: conflict
!but&eee: conflict
but&!new&!be&!price: negative
but&!new&!be&price: neutral
but&!new&be&!would: negative
but&!new&be&would: negative
but&new&!the: positive
but&new&the&!before: neutral
but&new&the&before: neutral
DecisionTree learned:
!but&!sol&!and&!worth: negative
!but&!sol&!and&worth: conflict
!but&!sol&and&!what: positive
!but&!sol&and&what: neutral
!but&sol&!before: negative
!but&sol&before: conflict
but&!new&!keyboard&!with: negative
but&!new&!keyboard&with: neutral
but&!new&keyboard: neutral
but&new&!the: positive
but&new&the&!features: neutral
but&new&the&features: positive
DecisionTree learned:
!but&!very&!movie&!were: negative
!but&!very&!movie&were: negative
!but&!very&movie&!when: neutral
!but&!very&movie&when: neutral
!but&very&!of&!and: negative
!but&very&!of&and: positive
!but&very&of&!other: positive
!but&very&of&other: conflict
but&!memory&!to&!and: negative
but&!memory&!to&and: positive
but&!memory&to&!professional: neutral
but&!memory&to&professional: negative
but&memory: neutral
DecisionTree learned:
!but&!movie&!neg&!and: negative
!but&!movie&!neg&and: positive
!but&!movie&neg&!what: negative
!but&!movie&neg&what: conflict
!but&movie&!when: neutral
!but&movie&when&!doing: neutral
!but&movie&when&doing: positive
but&!it&!and&!to: negative
but&!it&!and&to: neutral
but&!it&and&!you: negative
but&!it&and&you: neutral
but&it&!be&!do: conflict
but&it&!be&do: positive
but&it&be&!still: positive
but&it&be&still: negative
DecisionTree learned:
!but&!loud&!is&!macbook: negative
!but&!loud&!is&macbook: conflict
!but&!loud&is&!any: positive
!but&!loud&is&any: neutral
!but&loud&!that: negative
!but&loud&that: conflict
but&!learn&!of&!with: negative
but&!learn&!of&with: neutral
but&!learn&of&!lots: neutral
but&!learn&of&lots: positive
but&learn&!before: positive
but&learn&before: neutral
DecisionTree learned:
!but&!macbook&!twice&!became: negative
!but&!macbook&!twice&became: conflict
!but&!macbook&twice&!to: conflict
!but&!macbook&twice&to: negative
!but&macbook&!pos&!heavy: conflict
!but&macbook&!pos&heavy: neutral
!but&macbook&pos&!much: positive
!but&macbook&pos&much: negative
but&!it&!with&!to: positive
but&!it&!with&to: neutral
but&!it&with&!media: neutral
but&!it&with&media: positive
but&it&!yes&!do: negative
but&it&!yes&do: positive
but&it&yes: conflict
DecisionTree learned:
!but&!before&!loud&!somewhat: positive
!but&!before&!loud&somewhat: conflict
!but&!before&loud&!is: conflict
!but&!before&loud&is: negative
!but&before&!worth&!smooth: negative
!but&before&!worth&smooth: conflict
!but&before&worth&!after: conflict
!but&before&worth&after: neutral
but&!memory&!learn&!of: positive
but&!memory&!learn&of: conflict
but&!memory&learn&!before: positive
but&!memory&learn&before: neutral
but&memory: neutral
DecisionTree learned:
!but&!macbook&!before&!generally: positive
!but&!macbook&!before&generally: conflict
!but&!macbook&before&!worth: negative
!but&!macbook&before&worth: conflict
!but&macbook&!a&!after: conflict
!but&macbook&!a&after: positive
!but&macbook&a: positive
but&!couple&!before&!the: conflict
but&!couple&!before&the: negative
but&!couple&before&!to: positive
but&!couple&before&to: neutral
but&couple: conflict
DecisionTree learned:
!but&!is&!despite&!macbook: negative
!but&!is&!despite&macbook: conflict
!but&!is&despite: conflict
!but&is&!see&!worth: positive
!but&is&!see&worth: negative
!but&is&see&!it: neutral
!but&is&see&it: negative
but&!so&!of&!with: positive
but&!so&!of&with: neutral
but&!so&of&!i: conflict
but&!so&of&i: negative
but&so&!a&!before: positive
but&so&!a&before: neutral
but&so&a: conflict
DecisionTree learned:
!but&!and&!worth&!is: negative
!but&!and&!worth&is: positive
!but&!and&worth&!after: conflict
!but&!and&worth&after: negative
!but&and&!neg&!would: positive
!but&and&!neg&would: negative
!but&and&neg&!what: negative
!but&and&neg&what: conflict
but&!when&!it&!memory: negative
but&!when&!it&memory: neutral
but&!when&it&!they: conflict
but&!when&it&they: negative
but&when&!much&!life: conflict
but&when&!much&life: negative
but&when&much: negative
DecisionTree learned:
!but&!loud&!very&!ran: positive
!but&!loud&!very&ran: conflict
!but&!loud&very&!other: positive
!but&!loud&very&other: conflict
!but&loud&!that: negative
!but&loud&that: conflict
but&!to&!pos&!that: negative
but&!to&!pos&that: conflict
but&!to&pos&!it: positive
but&!to&pos&it: positive
but&to&!neg&!pos: neutral
but&to&!neg&pos: conflict
but&to&neg&!the: conflict
but&to&neg&the: negative
DecisionTree learned:
!but&!loud&!somewhat&!eee: negative
!but&!loud&!somewhat&eee: conflict
!but&!loud&somewhat: conflict
!but&loud&!that: negative
!but&loud&that: conflict
but&!it&!with&!to: positive
but&!it&!with&to: neutral
but&!it&with&!n: neutral
but&!it&with&n: negative
but&it&!be&!sure: conflict
but&it&!be&sure: positive
but&it&be&!from: negative
but&it&be&from: positive
DecisionTree learned:
!but&!very&!macbook&!needs: negative
!but&!very&!macbook&needs: negative
!but&!very&macbook&!a: conflict
!but&!very&macbook&a: positive
!but&very&!some&!are: positive
!but&very&!some&are: negative
!but&very&some: conflict
but&!on&!it&!that: negative
but&!on&!it&that: conflict
but&!on&it&!so: negative
but&!on&it&so: conflict
but&on&!i&!of: conflict
but&on&!i&of: neutral
but&on&i&!just: neutral
but&on&i&just: negative
DecisionTree learned:
!but&!email&!despite&!ran: positive
!but&!email&!despite&ran: conflict
!but&!email&despite&!is: conflict
!but&!email&despite&is: negative
!but&email&!working: neutral
!but&email&working: positive
but&!little&!couple&!computer: negative
but&!little&!couple&computer: conflict
but&!little&couple: conflict
but&little&!better&!though: negative
but&little&!better&though: conflict
but&little&better: conflict
DecisionTree learned:
!but&!very&!needs&!much: negative
!but&!very&!needs&much: positive
!but&!very&needs&!so: negative
!but&!very&needs&so: conflict
!but&very&!some&!so: positive
!but&very&!some&so: negative
!but&very&some: conflict
but&!it&!you&!and: conflict
but&!it&!you&and: negative
but&!it&you&!to: positive
but&!it&you&to: neutral
but&it&!so&!been: negative
but&it&!so&been: conflict
but&it&so: conflict
DecisionTree learned:
!but&!macbook&!generally&!ran: positive
!but&!macbook&!generally&ran: conflict
!but&!macbook&generally: conflict
!but&macbook&!book&!after: conflict
!but&macbook&!book&after: positive
!but&macbook&book: conflict
but&!now&!memory&!price: negative
but&!now&!memory&price: neutral
but&!now&memory: neutral
but&now&!a: positive
but&now&a&!that: neutral
but&now&a&that: neutral
DecisionTree learned:
!but&!ran&!macbook&!eee: positive
!but&!ran&!macbook&eee: conflict
!but&!ran&macbook&!pos: conflict
!but&!ran&macbook&pos: positive
!but&ran: conflict
but&!couple&!little&!it: positive
but&!couple&!little&it: conflict
but&!couple&little&!better: negative
but&!couple&little&better: conflict
but&couple: conflict
DecisionTree learned:
!but&!twice&!macbook&!became: positive
!but&!twice&!macbook&became: conflict
!but&!twice&macbook&!pos: conflict
!but&!twice&macbook&pos: negative
!but&twice&!to: conflict
!but&twice&to: negative
but&!to&!memory&!with: positive
but&!to&!memory&with: neutral
but&!to&memory: neutral
but&to&!neg&!you: neutral
but&to&!neg&you: neutral
but&to&neg&!keyboard: negative
but&to&neg&keyboard: neutral
DecisionTree learned:
!but&!twice&!sol&!macbook: positive
!but&!twice&!sol&macbook: positive
!but&!twice&sol&!before: negative
!but&!twice&sol&before: conflict
!but&twice&!to: conflict
!but&twice&to: negative
but&!before&!pos&!i: conflict
but&!before&!pos&i: neutral
but&!before&pos&!media: positive
but&!before&pos&media: conflict
but&before&!it&!with: positive
but&before&!it&with: neutral
but&before&it&!on: conflict
but&before&it&on: neutral
DecisionTree learned:
!but&!needs&!despite&!became: positive
!but&!needs&!despite&became: conflict
!but&!needs&despite&!is: conflict
!but&!needs&despite&is: negative
!but&needs&!so: negative
!but&needs&so: conflict
but&!somewhere&!new&!of: negative
but&!somewhere&!new&of: conflict
but&!somewhere&new&!the: positive
but&!somewhere&new&the: neutral
but&somewhere: neutral
DecisionTree learned:
!but&!eee&!worth&!is: negative
!but&!eee&!worth&is: positive
!but&!eee&worth&!after: conflict
!but&!eee&worth&after: neutral
!but&eee: conflict
but&!it&!computer&!n: positive
but&!it&!computer&n: negative
but&!it&computer: conflict
but&it&!software&!on: positive
but&it&!software&on: neutral
but&it&software: conflict
DecisionTree learned:
!but&!very&!macbook&!worth: positive
!but&!very&!macbook&worth: neutral
!but&!very&macbook&!pos: conflict
!but&!very&macbook&pos: positive
!but&very&!some&!are: positive
!but&very&!some&are: negative
!but&very&some: conflict
but&!it&!with&!and: conflict
but&!it&!with&and: negative
but&!it&with&!before: negative
but&!it&with&before: neutral
but&it&!do&!be: conflict
but&it&!do&be: negative
but&it&do&!on: positive
but&it&do&on: neutral
DecisionTree learned:
!but&!needs&!very&!macbook: negative
!but&!needs&!very&macbook: positive
!but&!needs&very&!some: positive
!but&!needs&very&some: conflict
!but&needs&!so: negative
!but&needs&so: conflict
but&!to&!i&!memory: positive
but&!to&!i&memory: neutral
but&!to&i&!neg: negative
but&!to&i&neg: neutral
but&to&!is&!a: neutral
but&to&!is&a: conflict
but&to&is&!before: conflict
but&to&is&before: negative
DecisionTree learned:
!but&!loud&!macbook&!somewhat: negative
!but&!loud&!macbook&somewhat: conflict
!but&!loud&macbook&!after: conflict
!but&!loud&macbook&after: positive
!but&loud&!that: negative
!but&loud&that: conflict
but&!be&!to&!with: negative
but&!be&!to&with: neutral
but&!be&to&!professional: neutral
but&!be&to&professional: negative
but&be&!just&!is: negative
but&be&!just&is: positive
but&be&just: positive
DecisionTree learned:
!but&!sol&!and&!worth: negative
!but&!sol&!and&worth: conflict
!but&!sol&and&!what: positive
!but&!sol&and&what: neutral
!but&sol&!before: negative
!but&sol&before: conflict
but&!it&!with&!and: conflict
but&!it&!with&and: positive
but&!it&with&!media: neutral
but&!it&with&media: positive
but&it&!do&!be: conflict
but&it&!do&be: negative
but&it&do&!on: positive
but&it&do&on: neutral
DecisionTree learned:
!but&!very&!macbook&!worth: positive
!but&!very&!macbook&worth: conflict
!but&!very&macbook&!pos: conflict
!but&!very&macbook&pos: positive
!but&very&!some&!and: positive
!but&very&!some&and: positive
!but&very&some: conflict
but&!learn&!who&!to: negative
but&!learn&!who&to: neutral
but&!learn&who&!to: neutral
but&!learn&who&to: negative
but&learn&!before: positive
but&learn&before: neutral
DecisionTree learned:
!but&!eee&!became&!loud: positive
!but&!eee&!became&loud: conflict
!but&!eee&became: conflict
!but&eee: conflict
but&!computer&!new&!before: conflict
but&!computer&!new&before: negative
but&!computer&new&!the: positive
but&!computer&new&the: neutral
but&computer: conflict
DecisionTree learned:
!but&!somewhat&!for&!loud: negative
!but&!somewhat&!for&loud: conflict
!but&!somewhat&for&!desktop: neutral
!but&!somewhat&for&desktop: conflict
!but&somewhat: conflict
but&!on&!it&!that: negative
but&!on&!it&that: conflict
but&!on&it&!this: conflict
but&!on&it&this: negative
but&on&!only&!or: neutral
but&on&!only&or: conflict
but&on&only&!before: negative
but&on&only&before: conflict
DecisionTree learned:
!but&!twice&!needs&!for: negative
!but&!twice&!needs&for: positive
!but&!twice&needs&!so: negative
!but&!twice&needs&so: conflict
!but&twice&!to: conflict
!but&twice&to: negative
but&!to&!memory&!replace: negative
but&!to&!memory&replace: neutral
but&!to&memory: neutral
but&to&!couple&!pos: neutral
but&to&!couple&pos: negative
but&to&couple: conflict
DecisionTree learned:
!but&!loud&!somewhat&!needs: positive
!but&!loud&!somewhat&needs: conflict
!but&!loud&somewhat: conflict
!but&loud&!that: negative
!but&loud&that: conflict
but&!on&!it&!replaced: positive
but&!on&!it&replaced: conflict
but&!on&it&!yes: negative
but&!on&it&yes: conflict
but&on&!only&!just: neutral
but&on&!only&just: negative
but&on&only&!before: negative
but&on&only&before: conflict
DecisionTree learned:
!but&!became&!worth&!macbook: positive
!but&!became&!worth&macbook: positive
!but&!became&worth&!after: conflict
!but&!became&worth&after: negative
!but&became: conflict
but&!it&!beta&!before: conflict
but&!it&!beta&before: positive
but&!it&beta: conflict
but&it&!do&!so: negative
but&it&!do&so: conflict
but&it&do&!on: positive
but&it&do&on: neutral
DecisionTree learned:
!but&!twice&!needs&!for: negative
!but&!twice&!needs&for: neutral
!but&!twice&needs&!so: negative
!but&!twice&needs&so: conflict
!but&twice&!to: conflict
!but&twice&to: negative
but&!before&!pos&!i: conflict
but&!before&!pos&i: negative
but&!before&pos&!media: positive
but&!before&pos&media: conflict
but&before&!computer&!beta: positive
but&before&!computer&beta: conflict
but&before&computer: conflict
DecisionTree learned:
!but&!macbook&!somewhat&!worth: positive
!but&!macbook&!somewhat&worth: conflict
!but&!macbook&somewhat: conflict
!but&macbook&!book&!after: conflict
!but&macbook&!book&after: positive
!but&macbook&book: conflict
but&!on&!it&!before: conflict
but&!on&!it&before: positive
but&!on&it&!be: conflict
but&!on&it&be: positive
but&on&!or&!only: neutral
but&on&!or&only: conflict
but&on&or: conflict
DecisionTree learned:
!but&!macbook&!despite&!before: positive
!but&!macbook&!despite&before: negative
!but&!macbook&despite&!is: conflict
!but&!macbook&despite&is: negative
!but&macbook&!a&!pos: conflict
!but&macbook&!a&pos: positive
!but&macbook&a: positive
but&!when&!it&!computer: positive
but&!when&!it&computer: conflict
but&!when&it&!this: conflict
but&!when&it&this: negative
but&when&!a&!is: negative
but&when&!a&is: conflict
but&when&a&!to: negative
but&when&a&to: conflict
DecisionTree learned:
!but&!generally&!worth&!is: negative
!but&!generally&!worth&is: positive
!but&!generally&worth&!after: conflict
!but&!generally&worth&after: neutral
!but&generally: conflict
but&!at&!of&!before: conflict
but&!at&!of&before: positive
but&!at&of&!i: conflict
but&!at&of&i: neutral
but&at&!before: negative
but&at&before&!software: conflict
but&at&before&software: negative
DecisionTree learned:
!but&!macbook&!became&!eee: negative
!but&!macbook&!became&eee: conflict
!but&!macbook&became: conflict
!but&macbook&!pos&!it: conflict
!but&macbook&!pos&it: neutral
!but&macbook&pos&!it: negative
!but&macbook&pos&it: positive
but&!so&!to&!did: positive
but&!so&!to&did: neutral
but&!so&to&!couple: neutral
but&!so&to&couple: conflict
but&so&!a&!before: positive
but&so&!a&before: neutral
but&so&a: conflict
DecisionTree learned:
!but&!needs&!eee&!macbook: positive
!but&!needs&!eee&macbook: positive
!but&!needs&eee: conflict
!but&needs&!so: negative
!but&needs&so: conflict
but&!computer&!keyboard&!with: negative
but&!computer&!keyboard&with: neutral
but&!computer&keyboard: neutral
but&computer: conflict
DecisionTree learned:
!but&!very&!became&!compact: negative
!but&!very&!became&compact: conflict
!but&!very&became: conflict
!but&very&!some&!would: positive
!but&very&!some&would: negative
!but&very&some: conflict
but&!it&!did&!with: positive
but&!it&!did&with: neutral
but&!it&did&!with: neutral
but&!it&did&with: negative
but&it&!yes&!software: positive
but&it&!yes&software: conflict
but&it&yes: conflict
DecisionTree learned:
!but&!needs&!very&!generally: positive
!but&!needs&!very&generally: conflict
!but&!needs&very&!would: positive
!but&!needs&very&would: negative
!but&needs&!so: negative
!but&needs&so: conflict
but&!it&!with&!software: negative
but&!it&!with&software: negative
but&!it&with&!before: negative
but&!it&with&before: neutral
but&it&!this&!a: positive
but&it&!this&a: conflict
but&it&this&!on: negative
but&it&this&on: neutral
DecisionTree learned:
!but&!twice&!ran&!macbook: negative
!but&!twice&!ran&macbook: positive
!but&!twice&ran: conflict
!but&twice&!to: conflict
!but&twice&to: negative
but&!couple&!on&!it: negative
but&!couple&!on&it: negative
but&!couple&on&!that: neutral
but&!couple&on&that: negative
but&couple: conflict
DecisionTree learned:
!but&!neg&!and&!worth: neutral
!but&!neg&!and&worth: conflict
!but&!neg&and&!firefox: positive
!but&!neg&and&firefox: neutral
!but&neg&!twice&!other: negative
!but&neg&!twice&other: conflict
!but&neg&twice: conflict
but&!it&!did&!with: positive
but&!it&!did&with: neutral
but&!it&did&!with: neutral
but&!it&did&with: negative
but&it&!software&!do: negative
but&it&!software&do: positive
but&it&software: conflict
DecisionTree learned:
!but&!sol&!somewhat&!ran: positive
!but&!sol&!somewhat&ran: conflict
!but&!sol&somewhat: conflict
!but&sol&!before: negative
!but&sol&before: conflict
but&!memory&!new&!to: negative
but&!memory&!new&to: neutral
but&!memory&new&!the: positive
but&!memory&new&the: neutral
but&memory: neutral
DecisionTree learned:
!but&!for&!twice&!macbook: negative
!but&!for&!twice&macbook: conflict
!but&!for&twice&!to: conflict
!but&!for&twice&to: negative
!but&for&!despite&!smooth: neutral
!but&for&!despite&smooth: conflict
!but&for&despite: conflict
but&!at&!keyboard&!memory: negative
but&!at&!keyboard&memory: neutral
but&!at&keyboard: neutral
but&at&!before: negative
but&at&before&!software: conflict
but&at&before&software: negative
DecisionTree learned:
!but&!eee&!twice&!somewhat: positive
!but&!eee&!twice&somewhat: conflict
!but&!eee&twice&!to: conflict
!but&!eee&twice&to: negative
!but&eee: conflict
but&!it&!with&!in: negative
but&!it&!with&in: positive
but&!it&with&!before: negative
but&!it&with&before: neutral
but&it&!on&!with: positive
but&it&!on&with: conflict
but&it&on&!or: neutral
but&it&on&or: conflict
DecisionTree learned:
!but&!very&!macbook&!eee: negative
!but&!very&!macbook&eee: conflict
!but&!very&macbook&!pos: conflict
!but&!very&macbook&pos: positive
!but&very&!some&!are: positive
!but&very&!some&are: negative
!but&very&some: conflict
but&!it&!computer&!when: negative
but&!it&!computer&when: conflict
but&!it&computer: conflict
but&it&!sure&!on: conflict
but&it&!sure&on: neutral
but&it&sure: positive
DecisionTree learned:
!but&!despite&!eee&!ran: positive
!but&!despite&!eee&ran: conflict
!but&!despite&eee: conflict
!but&despite&!is: conflict
!but&despite&is: negative
but&!when&!before&!pos: conflict
but&!when&!before&pos: positive
but&!when&before&!beta: positive
but&!when&before&beta: conflict
but&when&!to&!of: negative
but&when&!to&of: conflict
but&when&to: conflict
DecisionTree learned:
!but&!macbook&!somewhat&!generally: positive
!but&!macbook&!somewhat&generally: conflict
!but&!macbook&somewhat: conflict
!but&macbook&!highly&!after: conflict
!but&macbook&!highly&after: positive
!but&macbook&highly: neutral
but&!memory&!with&!to: positive
but&!memory&!with&to: neutral
but&!memory&with&!it: neutral
but&!memory&with&it: conflict
but&memory: neutral
DecisionTree learned:
!but&!became&!for&!needs: negative
!but&!became&!for&needs: conflict
!but&!became&for&!despite: positive
!but&!became&for&despite: conflict
!but&became: conflict
but&!price&!beta&!before: conflict
but&!price&!beta&before: negative
but&!price&beta: conflict
but&price&!of: neutral
but&price&of: negative
DecisionTree learned:
!but&!somewhat&!much&!needs: positive
!but&!somewhat&!much&needs: conflict
!but&!somewhat&much&!for: positive
!but&!somewhat&much&for: conflict
!but&somewhat: conflict
but&!to&!with&!and: conflict
but&!to&!with&and: positive
but&!to&with&!it: neutral
but&!to&with&it: conflict
but&to&!be&!professional: neutral
but&to&!be&professional: negative
but&to&be&!pos: positive
but&to&be&pos: negative
DecisionTree learned:
!but&!loud&!for&!worth: negative
!but&!loud&!for&worth: conflict
!but&!loud&for&!smooth: neutral
!but&!loud&for&smooth: conflict
!but&loud&!that: negative
!but&loud&that: conflict
but&!new&!of&!on: positive
but&!new&!of&on: neutral
but&!new&of&!lots: neutral
but&!new&of&lots: positive
but&new&!the: positive
but&new&the&!before: positive
but&new&the&before: neutral
DecisionTree learned:
!but&!twice&!macbook&!loud: positive
!but&!twice&!macbook&loud: conflict
!but&!twice&macbook&!pos: conflict
!but&!twice&macbook&pos: positive
!but&twice&!to: conflict
!but&twice&to: negative
but&!keyboard&!before&!new: conflict
but&!keyboard&!before&new: neutral
but&!keyboard&before&!it: positive
but&!keyboard&before&it: conflict
but&keyboard: neutral
DecisionTree learned:
!but&!ran&!somewhat&!loud: negative
!but&!ran&!somewhat&loud: conflict
!but&!ran&somewhat: conflict
!but&ran: conflict
but&!little&!before&!and: conflict
but&!little&!before&and: positive
but&!little&before&!at: positive
but&!little&before&at: conflict
but&little&!better&!though: negative
but&little&!better&though: conflict
but&little&better: conflict
DecisionTree learned:
!but&!eee&!needs&!macbook: negative
!but&!eee&!needs&macbook: positive
!but&!eee&needs&!so: negative
!but&!eee&needs&so: conflict
!but&eee: conflict
but&!beta&!on&!it: positive
but&!beta&!on&it: conflict
but&!beta&on&!i: conflict
but&!beta&on&i: neutral
but&beta: conflict
DecisionTree learned:
!but&!needs&!for&!loud: negative
!but&!needs&!for&loud: conflict
!but&!needs&for&!we: neutral
!but&!needs&for&we: conflict
!but&needs&!so: negative
!but&needs&so: conflict
but&!of&!price&!learn: positive
but&!of&!price&learn: neutral
but&!of&price: neutral
but&of&!in&!to: conflict
but&of&!in&to: neutral
but&of&in&!that: negative
but&of&in&that: neutral
DecisionTree learned:
!but&!generally&!macbook&!worth: negative
!but&!generally&!macbook&worth: conflict
!but&!generally&macbook&!pos: conflict
!but&!generally&macbook&pos: positive
!but&generally: conflict
but&!it&!with&!to: positive
but&!it&!with&to: neutral
but&!it&with&!n: neutral
but&!it&with&n: negative
but&it&!be&!do: conflict
but&it&!be&do: positive
but&it&be&!from: negative
but&it&be&from: positive
DecisionTree learned:
!but&!needs&!eee&!macbook: negative
!but&!needs&!eee&macbook: positive
!but&!needs&eee: conflict
!but&needs&!so: negative
!but&needs&so: conflict
but&!outside&!before&!new: conflict
but&!outside&!before&new: positive
but&!outside&before&!at: positive
but&!outside&before&at: conflict
but&outside&!of: neutral
but&outside&of: negative
DecisionTree learned:
!but&!despite&!sol&!needs: positive
!but&!despite&!sol&needs: conflict
!but&!despite&sol&!before: negative
!but&!despite&sol&before: conflict
!but&despite&!is: conflict
!but&despite&is: negative
but&!learn&!of&!with: positive
but&!learn&!of&with: neutral
but&!learn&of&!i: conflict
but&!learn&of&i: negative
but&learn&!before: positive
but&learn&before: neutral
DecisionTree learned:
!but&!generally&!loud&!worth: negative
!but&!generally&!loud&worth: conflict
!but&!generally&loud&!that: negative
!but&!generally&loud&that: conflict
!but&generally: conflict
but&!memory&!learning&!who: negative
but&!memory&!learning&who: neutral
but&!memory&learning&!before: conflict
but&!memory&learning&before: neutral
but&memory: neutral
DecisionTree learned:
!but&!twice&!eee&!worth: positive
!but&!twice&!eee&worth: conflict
!but&!twice&eee: conflict
!but&twice&!to: conflict
!but&twice&to: negative
but&!so&!of&!memory: negative
but&!so&!of&memory: neutral
but&!so&of&!time: conflict
but&!so&of&time: neutral
but&so&!a&!before: positive
but&so&!a&before: neutral
but&so&a: conflict
DecisionTree learned:
!but&!became&!macbook&!somewhat: negative
!but&!became&!macbook&somewhat: conflict
!but&!became&macbook&!pos: conflict
!but&!became&macbook&pos: positive
!but&became: conflict
but&!does&!to&!with: positive
but&!does&!to&with: neutral
but&!does&to&!pos: neutral
but&!does&to&pos: negative
but&does&!when&!is: negative
but&does&!when&is: negative
but&does&when: conflict
DecisionTree learned:
!but&!needs&!worth&!is: negative
!but&!needs&!worth&is: positive
!but&!needs&worth&!after: conflict
!but&!needs&worth&after: neutral
!but&needs&!so: negative
!but&needs&so: conflict
but&!so&!on&!now: negative
but&!so&!on&now: neutral
but&!so&on&!i: conflict
but&!so&on&i: neutral
but&so&!a&!before: positive
but&so&!a&before: neutral
but&so&a: conflict
DecisionTree learned:
!but&!loud&!needs&!somewhat: negative
!but&!loud&!needs&somewhat: conflict
!but&!loud&needs&!so: negative
!but&!loud&needs&so: conflict
!but&loud&!that: negative
!but&loud&that: conflict
but&!it&!with&!you: positive
but&!it&!with&you: neutral
but&!it&with&!media: neutral
but&!it&with&media: positive
but&it&!do&!be: conflict
but&it&!do&be: positive
but&it&do&!on: positive
but&it&do&on: neutral
DecisionTree learned:
!but&!despite&!generally&!macbook: negative
!but&!despite&!generally&macbook: conflict
!but&!despite&generally: conflict
!but&despite&!is: conflict
!but&despite&is: negative
but&!to&!did&!with: negative
but&!to&!did&with: neutral
but&!to&did&!in: negative
but&!to&did&in: neutral
but&to&!couple&!neg: neutral
but&to&!couple&neg: negative
but&to&couple: conflict
Trial 0 Training cc.mallet.classify.AdaBoostM2Trainer@656de49c finished
Trial 0 Trainer cc.mallet.classify.AdaBoostM2Trainer@656de49c test data accuracy = 0.565922920892495

NaiveBayesTrainer
Summary. test accuracy mean = 0.6064908722109533 stddev = 0.0 stderr = 0.0

MaxEntTrainer,gaussianPriorVariance=1.0
Summary. test accuracy mean = 0.6064908722109533 stddev = 0.0 stderr = 0.0

cc.mallet.classify.DecisionTreeTrainer@6766afb3
Summary. test accuracy mean = 0.48073022312373226 stddev = 0.0 stderr = 0.0

cc.mallet.classify.AdaBoostM2Trainer@656de49c
Summary. test accuracy mean = 0.565922920892495 stddev = 0.0 stderr = 0.0
