
-------------------- Trial 0  --------------------

Trial 0 Training NaiveBayesTrainer with 1865 instances
Trial 0 Training NaiveBayesTrainer finished
Trial 0 Trainer NaiveBayesTrainer test data accuracy = 0.6430020283975659
Trial 0 Training MaxEntTrainer,gaussianPriorVariance=1.0 with 1865 instances
Trial 0 Training MaxEntTrainer,gaussianPriorVariance=1.0 finished
Trial 0 Trainer MaxEntTrainer,gaussianPriorVariance=1.0 test data accuracy = 0.5983772819472617
Trial 0 Training cc.mallet.classify.DecisionTreeTrainer@38b5dac4 with 1865 instances
DecisionTree learned:
!great&!easy&!but&!fast: negative
!great&!easy&!but&fast: positive
!great&!easy&but&!well: negative
!great&!easy&but&well: positive
!great&easy&!one&!operate: positive
!great&easy&!one&operate: neutral
!great&easy&one&!to: conflict
!great&easy&one&to: neutral
great&!had&!but&!lack: positive
great&!had&!but&lack: negative
great&!had&but&!one: positive
great&!had&but&one: negative
great&had&!quality: negative
great&had&quality&!life: positive
great&had&quality&life: negative
Trial 0 Training cc.mallet.classify.DecisionTreeTrainer@38b5dac4 finished
Trial 0 Trainer cc.mallet.classify.DecisionTreeTrainer@38b5dac4 test data accuracy = 0.513184584178499
Trial 0 Training cc.mallet.classify.AdaBoostM2Trainer@49ff0dde with 1865 instances
DecisionTree learned:
!great&!but&!easy&!love: negative
!great&!but&!easy&love: positive
!great&!but&easy&!go: positive
!great&!but&easy&go: neutral
!great&but&!mac&!need: negative
!great&but&!mac&need: positive
!great&but&mac&!its: positive
!great&but&mac&its: neutral
great&!had&!but&!lack: positive
great&!had&!but&lack: negative
great&!had&but&!one: positive
great&!had&but&one: negative
great&had&!performance: negative
great&had&performance&!quality: negative
great&had&performance&quality: positive
DecisionTree learned:
!but&!great&!easy&!fast: negative
!but&!great&!easy&fast: positive
!but&!great&easy&!go: positive
!but&!great&easy&go: neutral
!but&great&!had&!lack: positive
!but&great&!had&lack: negative
!but&great&had&!quality: negative
!but&great&had&quality: negative
but&!got&!mac&!this: negative
but&!got&!mac&this: negative
but&!got&mac&!office: positive
but&!got&mac&office: neutral
but&got&!so: negative
but&got&so: positive
DecisionTree learned:
!but&!great&!easy&!and: negative
!but&!great&!easy&and: positive
!but&!great&easy&!operate: positive
!but&!great&easy&operate: neutral
!but&great&!had&!nearly: positive
!but&great&!had&nearly: neutral
!but&great&had&!quality: negative
!but&great&had&quality: positive
but&!got&!mac&!this: negative
but&!got&!mac&this: negative
but&!got&mac&!more: neutral
but&!got&mac&more: positive
but&got&!so: negative
but&got&so: positive
DecisionTree learned:
!but&!great&!etc&!good: negative
!but&!great&!etc&good: positive
!but&!great&etc&!activity: neutral
!but&!great&etc&activity: positive
!but&great&!had&!lack: positive
!but&great&!had&lack: negative
!but&great&had&!performance: negative
!but&great&had&performance: positive
but&!be&!new&!x: negative
but&!be&!new&x: neutral
but&!be&new&!when: neutral
but&!be&new&when: neutral
but&be&!which&!video: negative
but&be&!which&video: conflict
but&be&which&!just: conflict
but&be&which&just: positive
DecisionTree learned:
!but&!great&!movie&!not: positive
!but&!great&!movie&not: negative
!but&!great&movie&!web: neutral
!but&!great&movie&web: neutral
!but&great&!had&!nearly: positive
!but&great&!had&nearly: neutral
!but&great&had&!performance: negative
!but&great&had&performance: positive
but&!well&!got&!mac: negative
but&!well&!got&mac: positive
but&!well&got: negative
but&well&!so&!is: positive
but&well&!so&is: positive
but&well&so&!the: neutral
but&well&so&the: neutral
DecisionTree learned:
!but&!fast&!not&!problems: positive
!but&!fast&!not&problems: negative
!but&!fast&not&!apple: negative
!but&!fast&not&apple: positive
!but&fast&!look&!one: positive
!but&fast&!look&one: neutral
!but&fast&look&!charge: neutral
!but&fast&look&charge: positive
but&!mac&!this&!so: negative
but&!mac&!this&so: neutral
but&!mac&this&!x: negative
but&!mac&this&x: neutral
but&mac&!in&!the: negative
but&mac&!in&the: neutral
but&mac&in&!applications: positive
but&mac&in&applications: positive
DecisionTree learned:
!but&!love&!fast&!movie: negative
!but&!love&!fast&movie: neutral
!but&!love&fast&!with: positive
!but&!love&fast&with: positive
!but&love&!size&!over: positive
!but&love&!size&over: negative
!but&love&size&!windows: neutral
!but&love&size&windows: positive
but&!laptops&!yes&!got: negative
but&!laptops&!yes&got: negative
but&!laptops&yes&!cost: conflict
but&!laptops&yes&cost: positive
but&laptops&!look&!security: positive
but&laptops&!look&security: positive
but&laptops&look&!performance: neutral
but&laptops&look&performance: positive
DecisionTree learned:
!but&!fast&!good&!great: negative
!but&!fast&!good&great: positive
!but&!fast&good&!at: positive
!but&!fast&good&at: neutral
!but&fast&!with: positive
!but&fast&with&!computer: neutral
!but&fast&with&computer: positive
but&!mac&!this&!there: negative
but&!mac&!this&there: negative
but&!mac&this&!has: neutral
but&!mac&this&has: negative
but&mac&!have&!office: positive
but&mac&!have&office: neutral
but&mac&have: negative
DecisionTree learned:
!but&!would&!for&!they: positive
!but&!would&!for&they: negative
!but&!would&for&!in: neutral
!but&!would&for&in: negative
!but&would&!i&!not: negative
!but&would&!i&not: negative
!but&would&i&!laptop: negative
!but&would&i&laptop: positive
but&!x&!new&!difference: negative
but&!x&!new&difference: neutral
but&!x&new&!with: positive
but&!x&new&with: neutral
but&x&!is: neutral
but&x&is: positive
DecisionTree learned:
!but&!for&!good&!awesome: negative
!but&!for&!good&awesome: positive
!but&!for&good&!computer: positive
!but&!for&good&computer: negative
!but&for&!office&!in: positive
!but&for&!office&in: negative
!but&for&office&!s: neutral
!but&for&office&s: positive
but&!mac&!gb&!think: negative
but&!mac&!gb&think: neutral
but&!mac&gb&!internal: neutral
but&!mac&gb&internal: positive
but&mac&!more&!i: neutral
but&mac&!more&i: neutral
but&mac&more: positive
DecisionTree learned:
!but&!and&!not&!movie: negative
!but&!and&!not&movie: neutral
!but&!and&not&!much: negative
!but&!and&not&much: neutral
!but&and&!i&!were: positive
!but&and&!i&were: negative
!but&and&i&!complain: neutral
!but&and&i&complain: conflict
but&!yes&!allows&!did: negative
but&!yes&!allows&did: neutral
but&!yes&allows: neutral
but&yes&!and: conflict
but&yes&and&!longevity: positive
but&yes&and&longevity: positive
DecisionTree learned:
!but&!easy&!for&!much: negative
!but&!easy&!for&much: positive
!but&!easy&for&!to: positive
!but&!easy&for&to: negative
!but&easy&!operate&!go: positive
!but&easy&!operate&go: neutral
!but&easy&operate: neutral
but&!the&!it&!be: neutral
but&!the&!it&be: negative
but&!the&it&!for: conflict
but&!the&it&for: positive
but&the&!did&!hard: negative
but&the&!did&hard: neutral
but&the&did&!they: neutral
but&the&did&they: negative
DecisionTree learned:
!but&!great&!after&!easy: negative
!but&!great&!after&easy: positive
!but&!great&after&!with: negative
!but&!great&after&with: negative
!but&great&!had&!lack: positive
!but&great&!had&lack: negative
!but&great&had&!quality: negative
!but&great&had&quality: negative
but&!new&!this&!track: negative
but&!new&!this&track: neutral
but&!new&this&!know: negative
but&!new&this&know: conflict
but&new&!vista&!st: neutral
but&new&!vista&st: negative
but&new&vista: conflict
DecisionTree learned:
!but&!complain&!great&!and: negative
!but&!complain&!great&and: positive
!but&!complain&great&!works: positive
!but&!complain&great&works: neutral
!but&complain&!and: positive
!but&complain&and: conflict
but&!mac&!the&!be: conflict
but&!mac&!the&be: negative
but&!mac&the&!on: negative
but&!mac&the&on: neutral
but&mac&!it&!office: positive
but&mac&!it&office: neutral
but&mac&it&!the: positive
but&mac&it&the: neutral
DecisionTree learned:
!but&!fast&!love&!much: negative
!but&!fast&!love&much: positive
!but&!fast&love&!over: positive
!but&!fast&love&over: negative
!but&fast&!with: positive
!but&fast&with&!computer: neutral
!but&fast&with&computer: positive
but&!so&!to&!size: negative
but&!so&!to&size: neutral
but&!so&to&!and: neutral
but&!so&to&and: negative
but&so&!it&!with: neutral
but&so&!it&with: negative
but&so&it&!long: conflict
but&so&it&long: neutral
DecisionTree learned:
!but&!and&!or&!not: negative
!but&!and&!or&not: negative
!but&!and&or&!for: negative
!but&!and&or&for: neutral
!but&and&!i&!were: positive
!but&and&!i&were: negative
!but&and&i&!complain: neutral
!but&and&i&complain: conflict
but&!the&!another&!so: conflict
but&!the&!another&so: neutral
but&!the&another&!mac: neutral
but&!the&another&mac: negative
but&the&!like&!mac: negative
but&the&!like&mac: positive
but&the&like&!firfox: positive
but&the&like&firfox: negative
DecisionTree learned:
!but&!fast&!uses&!easy: negative
!but&!fast&!uses&easy: positive
!but&!fast&uses&!of: neutral
!but&!fast&uses&of: conflict
!but&fast&!with: positive
!but&fast&with&!computer: neutral
!but&fast&with&computer: positive
but&!i&!to&!and: conflict
but&!i&!to&and: positive
but&!i&to&!does: neutral
but&!i&to&does: negative
but&i&!which&!like: negative
but&i&!which&like: positive
but&i&which&!word: conflict
but&i&which&word: positive
DecisionTree learned:
!but&!would&!very&!much: positive
!but&!would&!very&much: positive
!but&!would&very&!some: positive
!but&!would&very&some: conflict
!but&would&!their&!going: negative
!but&would&!their&going: neutral
!but&would&their&!service: neutral
!but&would&their&service: negative
but&!so&!there&!difference: negative
but&!so&!there&difference: neutral
but&!so&there&!to: negative
but&!so&there&to: neutral
but&so&!laptop&!i: conflict
but&so&!laptop&i: positive
but&so&laptop&!a: negative
but&so&laptop&a: neutral
DecisionTree learned:
!but&!love&!amazing&!great: negative
!but&!love&!amazing&great: positive
!but&!love&amazing: positive
!but&love&!size&!dock: positive
!but&love&!size&dock: neutral
!but&love&size&!linux: neutral
!but&love&size&linux: neutral
but&!this&!has&!outside: negative
but&!this&!has&outside: neutral
but&!this&has&!it: neutral
but&!this&has&it: conflict
but&this&!know&!has: positive
but&this&!know&has: negative
but&this&know: conflict
DecisionTree learned:
!but&!much&!easy&!to: positive
!but&!much&!easy&to: negative
!but&!much&easy&!operate: positive
!but&!much&easy&operate: neutral
!but&much&!i&!out: positive
!but&much&!i&out: conflict
!but&much&i&!up: neutral
!but&much&i&up: conflict
but&!yes&!there&!like: negative
but&!yes&!there&like: positive
but&!yes&there&!to: negative
but&!yes&there&to: neutral
but&yes&!cost&!it: positive
but&yes&!cost&it: conflict
but&yes&cost: positive
DecisionTree learned:
!but&!after&!and&!laptops: negative
!but&!after&!and&laptops: conflict
!but&!after&and&!complain: positive
!but&!after&and&complain: conflict
!but&after&!with&!just: neutral
!but&after&!with&just: negative
!but&after&with&!i: negative
!but&after&with&i: positive
but&!standard&!the&!it: neutral
but&!standard&!the&it: conflict
but&!standard&the&!on: negative
but&!standard&the&on: neutral
but&standard: conflict
DecisionTree learned:
!but&!love&!fast&!for: negative
!but&!love&!fast&for: neutral
!but&!love&fast&!one: positive
!but&!love&fast&one: neutral
!but&love&!size&!over: positive
!but&love&!size&over: negative
!but&love&size&!screen: positive
!but&love&size&screen: neutral
but&!think&!mac&!this: negative
but&!think&!mac&this: negative
but&!think&mac&!had: neutral
but&!think&mac&had: positive
but&think&!on: negative
but&think&on: neutral
DecisionTree learned:
!but&!for&!they&!requires: negative
!but&!for&!they&requires: conflict
!but&!for&they&!would: negative
!but&!for&they&would: neutral
!but&for&!so&!cell: neutral
!but&for&!so&cell: conflict
!but&for&so&!laptop: positive
!but&for&so&laptop: conflict
but&!this&!so&!rather: negative
but&!this&!so&rather: neutral
but&!this&so&!old: neutral
but&!this&so&old: positive
but&this&!have&!to: negative
but&this&!have&to: neutral
but&this&have&!with: positive
but&this&have&with: negative
DecisionTree learned:
!but&!for&!n&!they: positive
!but&!for&!n&they: neutral
!but&!for&n&!long: negative
!but&!for&n&long: positive
!but&for&!so&!in: neutral
!but&for&!so&in: negative
!but&for&so&!laptop: negative
!but&for&so&laptop: conflict
but&!this&!mac&!difference: negative
but&!this&!mac&difference: neutral
but&!this&mac&!bit: positive
but&!this&mac&bit: neutral
but&this&!know&!well: negative
but&this&!know&well: positive
but&this&know: conflict
DecisionTree learned:
!but&!and&!next&!laptops: negative
!but&!and&!next&laptops: conflict
!but&!and&next&!pc: neutral
!but&!and&next&pc: conflict
!but&and&!complain&!i: positive
!but&and&!complain&i: neutral
!but&and&complain: conflict
but&!difference&!so&!this: negative
but&!difference&!so&this: positive
but&!difference&so&!laptop: conflict
but&!difference&so&laptop: neutral
but&difference&!navigation: neutral
but&difference&navigation: positive
DecisionTree learned:
!but&!and&!laptops&!next: negative
!but&!and&!laptops&next: neutral
!but&!and&laptops&!much: negative
!but&!and&laptops&much: conflict
!but&and&!complain&!back: positive
!but&and&!complain&back: negative
!but&and&complain: conflict
but&!this&!so&!size: negative
but&!this&!so&size: neutral
but&!this&so&!old: neutral
but&!this&so&old: positive
but&this&!know&!x: negative
but&this&!know&x: neutral
but&this&know: conflict
DecisionTree learned:
!but&!for&!pc&!requires: negative
!but&!for&!pc&requires: conflict
!but&!for&pc&!the: neutral
!but&!for&pc&the: positive
!but&for&!so&!lacking: neutral
!but&for&!so&lacking: conflict
!but&for&so&!laptop: positive
!but&for&so&laptop: conflict
but&!mac&!there&!on: positive
but&!mac&!there&on: neutral
but&!mac&there&!to: negative
but&!mac&there&to: neutral
but&mac&!it&!office: positive
but&mac&!it&office: neutral
but&mac&it&!the: positive
but&mac&it&the: neutral
DecisionTree learned:
!but&!generally&!much&!cell: positive
!but&!generally&!much&cell: conflict
!but&!generally&much&!i: positive
!but&!generally&much&i: neutral
!but&generally&!keyboard: conflict
!but&generally&keyboard: neutral
but&!difference&!this&!so: negative
but&!difference&!this&so: neutral
but&!difference&this&!know: negative
but&!difference&this&know: conflict
but&difference&!navigation: neutral
but&difference&navigation: positive
DecisionTree learned:
!but&!after&!i&!you: positive
!but&!after&!i&you: neutral
!but&!after&i&!get: neutral
!but&!after&i&get: negative
!but&after&!laptops&!with: negative
!but&after&!laptops&with: negative
!but&after&laptops: positive
but&!this&!so&!hard: negative
but&!this&!so&hard: neutral
but&!this&so&!it: neutral
but&!this&so&it: conflict
but&this&!computer&!m: positive
but&this&!computer&m: negative
but&this&computer&!that: negative
but&this&computer&that: conflict
DecisionTree learned:
!but&!would&!very&!then: positive
!but&!would&!very&then: negative
!but&!would&very&!some: positive
!but&!would&very&some: conflict
!but&would&!buy&!recommend: negative
!but&would&!buy&recommend: positive
!but&would&buy&!much: neutral
!but&would&buy&much: negative
but&!this&!so&!difference: negative
but&!this&!so&difference: neutral
but&!this&so&!it: positive
but&!this&so&it: conflict
but&this&!have&!to: positive
but&this&!have&to: neutral
but&this&have&!it: positive
but&this&have&it: negative
DecisionTree learned:
!but&!had&!and&!though: negative
!but&!had&!and&though: conflict
!but&!had&and&!complain: positive
!but&!had&and&complain: conflict
!but&had&!a&!set: negative
!but&had&!a&set: positive
!but&had&a&!it: negative
!but&had&a&it: neutral
but&!repair&!mac&!think: negative
but&!repair&!mac&think: neutral
but&!repair&mac&!it: positive
but&!repair&mac&it: neutral
but&repair&!they: negative
but&repair&they&!card: neutral
but&repair&they&card: negative
DecisionTree learned:
!but&!generally&!not&!is: neutral
!but&!generally&!not&is: positive
!but&!generally&not&!other: negative
!but&!generally&not&other: positive
!but&generally&!keyboard: conflict
!but&generally&keyboard: neutral
but&!did&!gb&!difference: negative
but&!did&!gb&difference: neutral
but&!did&gb&!internal: neutral
but&!did&gb&internal: neutral
but&did&!in&!software: conflict
but&did&!in&software: neutral
but&did&in&!me: neutral
but&did&in&me: negative
DecisionTree learned:
!but&!love&!pc&!after: negative
!but&!love&!pc&after: negative
!but&!love&pc&!users: positive
!but&!love&pc&users: neutral
!but&love&!size&!dock: positive
!but&love&!size&dock: neutral
!but&love&size&!screen: neutral
!but&love&size&screen: neutral
but&!this&!difference&!so: negative
but&!this&!difference&so: neutral
but&!this&difference&!navigation: neutral
but&!this&difference&navigation: positive
but&this&!know&!not: neutral
but&this&!know&not: negative
but&this&know: conflict
DecisionTree learned:
!but&!after&!for&!pc: positive
!but&!after&!for&pc: positive
!but&!after&for&!not: neutral
!but&!after&for&not: negative
!but&after&!with&!what: negative
!but&after&!with&what: positive
!but&after&with&!i: negative
!but&after&with&i: positive
but&!mac&!this&!so: negative
but&!mac&!this&so: conflict
but&!mac&this&!ever: positive
but&!mac&this&ever: negative
but&mac&!office&!bit: positive
but&mac&!office&bit: neutral
but&mac&office: neutral
DecisionTree learned:
!but&!pc&!for&!against: negative
!but&!pc&!for&against: conflict
!but&!pc&for&!so: neutral
!but&!pc&for&so: negative
!but&pc&!users&!and: positive
!but&pc&!users&and: positive
!but&pc&users: neutral
but&!be&!mac&!better: positive
but&!be&!mac&better: conflict
but&!be&mac&!have: neutral
but&!be&mac&have: negative
but&be&!to&!a: negative
but&be&!to&a: positive
but&be&to&!just: negative
but&be&to&just: positive
DecisionTree learned:
!but&!for&!pc&!after: negative
!but&!for&!pc&after: negative
!but&!for&pc&!and: conflict
!but&!for&pc&and: positive
!but&for&!so&!desktop: neutral
!but&for&!so&desktop: conflict
!but&for&so&!laptop: negative
!but&for&so&laptop: conflict
but&!this&!mac&!so: negative
but&!this&!mac&so: conflict
but&!this&mac&!have: neutral
but&!this&mac&have: negative
but&this&!computer&!you: positive
but&this&!computer&you: neutral
but&this&computer&!that: negative
but&this&computer&that: conflict
DecisionTree learned:
!but&!requires&!much&!easy: negative
!but&!requires&!much&easy: positive
!but&!requires&much&!i: positive
!but&!requires&much&i: neutral
!but&requires: conflict
but&!this&!so&!that: negative
but&!this&!so&that: positive
but&!this&so&!laptop: conflict
but&!this&so&laptop: neutral
but&this&!know&!m: positive
but&this&!know&m: neutral
but&this&know: conflict
DecisionTree learned:
!but&!back&!and&!laptops: negative
!but&!back&!and&laptops: conflict
!but&!back&and&!juice: positive
!but&!back&and&juice: conflict
!but&back&!a&!and: negative
!but&back&!a&and: neutral
!but&back&a&!about: negative
!but&back&a&about: neutral
but&!this&!so&!hard: negative
but&!this&!so&hard: neutral
but&!this&so&!the: neutral
but&!this&so&the: conflict
but&this&!know&!m: positive
but&this&!know&m: negative
but&this&know: conflict
DecisionTree learned:
!but&!for&!requires&!laptops: negative
!but&!for&!requires&laptops: conflict
!but&!for&requires: conflict
!but&for&!so&!desktop: neutral
!but&for&!so&desktop: conflict
!but&for&so&!laptop: positive
!but&for&so&laptop: conflict
but&!there&!if&!size: positive
but&!there&!if&size: neutral
but&!there&if&!to: negative
but&!there&if&to: neutral
but&there&!much&!this: negative
but&there&!much&this: neutral
but&there&much: positive
DecisionTree learned:
!but&!requires&!cell&!pc: negative
!but&!requires&!cell&pc: positive
!but&!requires&cell: conflict
!but&requires: conflict
but&!this&!mac&!has: negative
but&!this&!mac&has: positive
but&!this&mac&!more: neutral
but&!this&mac&more: positive
but&this&!have&!to: positive
but&this&!have&to: neutral
but&this&have&!it: positive
but&this&have&it: negative
DecisionTree learned:
!but&!uses&!much&!requires: negative
!but&!uses&!much&requires: conflict
!but&!uses&much&!of: positive
!but&!uses&much&of: neutral
!but&uses&!of: neutral
!but&uses&of: conflict
but&!i&!difference&!there: conflict
but&!i&!difference&there: negative
but&!i&difference&!navigation: neutral
but&!i&difference&navigation: positive
but&i&!which&!on: positive
but&i&!which&on: neutral
but&i&which&!word: conflict
but&i&which&word: positive
DecisionTree learned:
!but&!cell&!love&!uses: negative
!but&!cell&!love&uses: neutral
!but&!cell&love&!size: positive
!but&!cell&love&size: neutral
!but&cell: conflict
but&!this&!so&!hard: negative
but&!this&!so&hard: neutral
but&!this&so&!old: neutral
but&!this&so&old: positive
but&this&!know&!not: neutral
but&this&!know&not: negative
but&this&know: conflict
DecisionTree learned:
!but&!cell&!eee&!very: negative
!but&!cell&!eee&very: positive
!but&!cell&eee: conflict
!but&cell: conflict
but&!i&!mac&!to: conflict
but&!i&!mac&to: neutral
but&!i&mac&!you: positive
but&!i&mac&you: neutral
but&i&!which&!did: positive
but&i&!which&did: neutral
but&i&which&!word: conflict
but&i&which&word: positive
DecisionTree learned:
!but&!generally&!pc&!i: negative
!but&!generally&!pc&i: neutral
!but&!generally&pc&!users: positive
!but&!generally&pc&users: neutral
!but&generally&!keyboard: conflict
!but&generally&keyboard: neutral
but&!size&!this&!so: negative
but&!size&!this&so: neutral
but&!size&this&!know: negative
but&!size&this&know: conflict
but&size: neutral
DecisionTree learned:
!but&!for&!much&!requires: negative
!but&!for&!much&requires: conflict
!but&!for&much&!laptops: positive
!but&!for&much&laptops: conflict
!but&for&!office&!so: positive
!but&for&!office&so: negative
!but&for&office&!the: neutral
!but&for&office&the: neutral
but&!this&!mac&!size: conflict
but&!this&!mac&size: neutral
but&!this&mac&!price: positive
but&!this&mac&price: neutral
but&this&!know&!x: negative
but&this&!know&x: neutral
but&this&know: conflict
DecisionTree learned:
!but&!eee&!much&!for: negative
!but&!eee&!much&for: neutral
!but&!eee&much&!i: positive
!but&!eee&much&i: neutral
!but&eee: conflict
but&!this&!outside&!hard: positive
but&!this&!outside&hard: neutral
but&!this&outside&!windows: neutral
but&!this&outside&windows: positive
but&this&!know&!x: negative
but&this&!know&x: neutral
but&this&know: conflict
DecisionTree learned:
!but&!had&!great&!complain: positive
!but&!had&!great&complain: conflict
!but&!had&great&!for: positive
!but&!had&great&for: positive
!but&had&!set&!to: negative
!but&had&!set&to: negative
!but&had&set: positive
but&!this&!has&!more: negative
but&!this&!has&more: positive
but&!this&has&!it: neutral
but&!this&has&it: conflict
but&this&!x&!had: negative
but&this&!x&had: neutral
but&this&x: neutral
DecisionTree learned:
!but&!eee&!for&!laptops: negative
!but&!eee&!for&laptops: conflict
!but&!eee&for&!programs: neutral
!but&!eee&for&programs: neutral
!but&eee: conflict
but&!this&!size&!so: negative
but&!this&!size&so: neutral
but&!this&size: neutral
but&this&!have&!to: negative
but&this&!have&to: neutral
but&this&have&!with: positive
but&this&have&with: negative
DecisionTree learned:
!but&!after&!for&!pc: negative
!but&!after&!for&pc: positive
!but&!after&for&!so: neutral
!but&!after&for&so: conflict
!but&after&!with&!doing: neutral
!but&after&!with&doing: positive
!but&after&with&!i: negative
!but&after&with&i: positive
but&!mac&!this&!so: negative
but&!mac&!this&so: neutral
but&!mac&this&!know: positive
but&!mac&this&know: conflict
but&mac&!performance&!with: positive
but&mac&!performance&with: neutral
but&mac&performance: positive
DecisionTree learned:
!but&!and&!laptops&!is: negative
!but&!and&!laptops&is: negative
!but&!and&laptops&!much: negative
!but&!and&laptops&much: conflict
!but&and&!complain&!were: positive
!but&and&!complain&were: negative
!but&and&complain: conflict
but&!difference&!this&!so: positive
but&!difference&!this&so: neutral
but&!difference&this&!ever: negative
but&!difference&this&ever: negative
but&difference&!navigation: neutral
but&difference&navigation: positive
DecisionTree learned:
!but&!complain&!not&!much: positive
!but&!complain&!not&much: positive
!but&!complain&not&!through: negative
!but&!complain&not&through: neutral
!but&complain&!and: positive
!but&complain&and: conflict
but&!new&!this&!has: negative
but&!new&!this&has: conflict
but&!new&this&!know: negative
but&!new&this&know: conflict
but&new&!vista&!st: neutral
but&new&!vista&st: negative
but&new&vista: conflict
DecisionTree learned:
!but&!uses&!good&!much: negative
!but&!uses&!good&much: positive
!but&!uses&good&!at: positive
!but&!uses&good&at: neutral
!but&uses&!of: neutral
!but&uses&of: conflict
but&!this&!so&!hard: negative
but&!this&!so&hard: neutral
but&!this&so&!it: neutral
but&!this&so&it: conflict
but&this&!have&!to: neutral
but&this&!have&to: neutral
but&this&have&!with: positive
but&this&have&with: negative
DecisionTree learned:
!but&!requires&!for&!get: positive
!but&!requires&!for&get: negative
!but&!requires&for&!so: neutral
!but&!requires&for&so: conflict
!but&requires: conflict
but&!size&!this&!mac: negative
but&!size&!this&mac: positive
but&!size&this&!know: negative
but&!size&this&know: conflict
but&size: neutral
DecisionTree learned:
!but&!for&!against&!requires: negative
!but&!for&!against&requires: conflict
!but&!for&against: conflict
!but&for&!so&!desktop: neutral
!but&for&!so&desktop: conflict
!but&for&so&!laptop: negative
!but&for&so&laptop: conflict
but&!this&!so&!hard: positive
but&!this&!so&hard: neutral
but&!this&so&!old: neutral
but&!this&so&old: positive
but&this&!has&!with: positive
but&this&!has&with: negative
but&this&has&!warranty: negative
but&this&has&warranty: neutral
DecisionTree learned:
!but&!much&!complain&!is: neutral
!but&!much&!complain&is: positive
!but&!much&complain&!and: positive
!but&!much&complain&and: conflict
!but&much&!i&!pc: positive
!but&much&!i&pc: conflict
!but&much&i&!up: neutral
!but&much&i&up: conflict
but&!difference&!this&!hard: negative
but&!difference&!this&hard: neutral
but&!difference&this&!have: neutral
but&!difference&this&have: negative
but&difference&!navigation: neutral
but&difference&navigation: positive
DecisionTree learned:
!but&!complain&!after&!and: negative
!but&!complain&!after&and: positive
!but&!complain&after&!with: negative
!but&!complain&after&with: negative
!but&complain&!and: positive
!but&complain&and: conflict
but&!i&!to&!and: conflict
but&!i&!to&and: positive
but&!i&to&!does: neutral
but&!i&to&does: negative
but&i&!which&!they: positive
but&i&!which&they: negative
but&i&which&!word: conflict
but&i&which&word: positive
DecisionTree learned:
!but&!pc&!cell&!complain: negative
!but&!pc&!cell&complain: conflict
!but&!pc&cell: conflict
!but&pc&!users&!and: conflict
!but&pc&!users&and: positive
!but&pc&users: neutral
but&!this&!so&!track: positive
but&!this&!so&track: neutral
but&!this&so&!fairly: neutral
but&!this&so&fairly: conflict
but&this&!m&!have: positive
but&this&!m&have: negative
but&this&m&!loop: negative
but&this&m&loop: negative
DecisionTree learned:
!but&!cell&!uses&!requires: negative
!but&!cell&!uses&requires: conflict
!but&!cell&uses&!of: neutral
!but&!cell&uses&of: conflict
!but&cell: conflict
but&!this&!size&!so: negative
but&!this&!size&so: neutral
but&!this&size: neutral
but&this&!have&!m: neutral
but&this&!have&m: negative
but&this&have&!with: positive
but&this&have&with: negative
DecisionTree learned:
!but&!cell&!eee&!though: positive
!but&!cell&!eee&though: conflict
!but&!cell&eee: conflict
!but&cell: conflict
but&!i&!mac&!there: conflict
but&!i&!mac&there: negative
but&!i&mac&!you: positive
but&!i&mac&you: neutral
but&i&!which&!on: positive
but&i&!which&on: neutral
but&i&which&!word: conflict
but&i&which&word: positive
DecisionTree learned:
!but&!much&!easy&!cell: negative
!but&!much&!easy&cell: conflict
!but&!much&easy&!go: positive
!but&!much&easy&go: neutral
!but&much&!i&!out: positive
!but&much&!i&out: conflict
!but&much&i&!up: neutral
!but&much&i&up: conflict
but&!i&!gb&!mac: conflict
but&!i&!gb&mac: neutral
but&!i&gb&!space: neutral
but&!i&gb&space: neutral
but&i&!which&!inch: positive
but&i&!which&inch: conflict
but&i&which&!word: conflict
but&i&which&word: positive
DecisionTree learned:
!but&!generally&!complain&!uses: negative
!but&!generally&!complain&uses: neutral
!but&!generally&complain&!and: positive
!but&!generally&complain&and: conflict
!but&generally&!keyboard: conflict
!but&generally&keyboard: neutral
but&!this&!looking&!so: negative
but&!this&!looking&so: neutral
but&!this&looking&!features: positive
but&!this&looking&features: negative
but&this&!ever&!m: positive
but&this&!ever&m: negative
but&this&ever&!so: conflict
but&this&ever&so: negative
DecisionTree learned:
!but&!for&!pc&!requires: negative
!but&!for&!pc&requires: conflict
!but&!for&pc&!and: conflict
!but&!for&pc&and: positive
!but&for&!so&!cell: neutral
!but&for&!so&cell: conflict
!but&for&so&!laptop: negative
!but&for&so&laptop: conflict
but&!this&!mac&!rather: conflict
but&!this&!mac&rather: neutral
but&!this&mac&!have: neutral
but&!this&mac&have: negative
but&this&!have&!to: positive
but&this&!have&to: neutral
but&this&have&!with: positive
but&this&have&with: negative
DecisionTree learned:
!but&!great&!long&!pc: negative
!but&!great&!long&pc: positive
!but&!great&long&!though: positive
!but&!great&long&though: conflict
!but&great&!nearly&!had: positive
!but&great&!nearly&had: negative
!but&great&nearly&!in: neutral
!but&great&nearly&in: positive
but&!this&!so&!two: positive
but&!this&!so&two: conflict
but&!this&so&!it: positive
but&!this&so&it: conflict
but&this&!with&!that: positive
but&this&!with&that: negative
but&this&with&!for: negative
but&this&with&for: neutral
DecisionTree learned:
!but&!pc&!for&!requires: negative
!but&!pc&!for&requires: conflict
!but&!pc&for&!so: neutral
!but&!pc&for&so: conflict
!but&pc&!users&!and: conflict
!but&pc&!users&and: positive
!but&pc&users: neutral
but&!gb&!on&!size: positive
but&!gb&!on&size: neutral
but&!gb&on&!i: negative
but&!gb&on&i: neutral
but&gb&!internal: neutral
but&gb&internal&!space: positive
but&gb&internal&space: neutral
DecisionTree learned:
!but&!eee&!for&!requires: negative
!but&!eee&!for&requires: conflict
!but&!eee&for&!so: neutral
!but&!eee&for&so: negative
!but&eee: conflict
but&!size&!this&!laptop: negative
but&!size&!this&laptop: neutral
but&!size&this&!have: neutral
but&!size&this&have: negative
but&size: neutral
DecisionTree learned:
!but&!generally&!much&!get: positive
!but&!generally&!much&get: negative
!but&!generally&much&!of: positive
!but&!generally&much&of: neutral
!but&generally&!keyboard: conflict
!but&generally&keyboard: neutral
but&!this&!got&!were: positive
but&!this&!got&were: neutral
but&!this&got: negative
but&this&!ever&!has: neutral
but&this&!ever&has: negative
but&this&ever&!so: conflict
but&this&ever&so: negative
DecisionTree learned:
!but&!cell&!much&!generally: positive
!but&!cell&!much&generally: conflict
!but&!cell&much&!i: positive
!but&!cell&much&i: neutral
!but&cell: conflict
but&!great&!well&!need: negative
but&!great&!well&need: positive
but&!great&well&!so: positive
but&!great&well&so: neutral
but&great&!one&!small: positive
but&great&!one&small: conflict
but&great&one: negative
DecisionTree learned:
!but&!requires&!much&!for: negative
!but&!requires&!much&for: neutral
!but&!requires&much&!of: positive
!but&!requires&much&of: neutral
!but&requires: conflict
but&!be&!if&!difference: positive
but&!be&!if&difference: neutral
but&!be&if&!to: negative
but&!be&if&to: neutral
but&be&!to&!a: negative
but&be&!to&a: positive
but&be&to&!with: negative
but&be&to&with: negative
DecisionTree learned:
!but&!uses&!eee&!generally: positive
!but&!uses&!eee&generally: conflict
!but&!uses&eee: conflict
!but&uses&!of: neutral
!but&uses&of: conflict
but&!couple&!new&!rather: negative
but&!couple&!new&rather: neutral
but&!couple&new&!vista: neutral
but&!couple&new&vista: conflict
but&couple&!to: negative
but&couple&to&!life: conflict
but&couple&to&life: negative
DecisionTree learned:
!but&!after&!and&!though: negative
!but&!after&!and&though: conflict
!but&!after&and&!complain: positive
!but&!after&and&complain: conflict
!but&after&!with&!doing: neutral
!but&after&!with&doing: positive
!but&after&with&!i: negative
!but&after&with&i: positive
but&!this&!standard&!the: conflict
but&!this&!standard&the: positive
but&!this&standard: conflict
but&this&!ever&!has: positive
but&this&!ever&has: negative
but&this&ever&!so: conflict
but&this&ever&so: negative
DecisionTree learned:
!but&!though&!cell&!uses: positive
!but&!though&!cell&uses: neutral
!but&!though&cell: conflict
!but&though&!would&!it: neutral
!but&though&!would&it: conflict
!but&though&would&!leopard: negative
!but&though&would&leopard: negative
but&!did&!size&!if: positive
but&!did&!size&if: neutral
but&!did&size: neutral
but&did&!in&!with: conflict
but&did&!in&with: neutral
but&did&in&!me: neutral
but&did&in&me: negative
DecisionTree learned:
!but&!eee&!love&!complain: negative
!but&!eee&!love&complain: conflict
!but&!eee&love&!size: positive
!but&!eee&love&size: neutral
!but&eee: conflict
but&!great&!most&!new: negative
but&!great&!most&new: neutral
but&!great&most&!firefox: positive
but&!great&most&firefox: negative
but&great&!small&!spec: positive
but&great&!small&spec: conflict
but&great&small: conflict
DecisionTree learned:
!but&!cell&!eee&!though: negative
!but&!cell&!eee&though: conflict
!but&!cell&eee: conflict
!but&cell: conflict
but&!this&!mac&!hard: negative
but&!this&!mac&hard: neutral
but&!this&mac&!have: neutral
but&!this&mac&have: negative
but&this&!warranty&!the: neutral
but&this&!warranty&the: negative
but&this&warranty: neutral
DecisionTree learned:
!but&!after&!would&!and: negative
!but&!after&!would&and: positive
!but&!after&would&!i: negative
!but&!after&would&i: negative
!but&after&!with&!doing: neutral
!but&after&!with&doing: positive
!but&after&with&!i: negative
!but&after&with&i: positive
but&!a&!did&!you: negative
but&!a&!did&you: positive
but&!a&did&!windows: neutral
but&!a&did&windows: positive
but&a&!which&!i: conflict
but&a&!which&i: neutral
but&a&which&!storage: conflict
but&a&which&storage: negative
DecisionTree learned:
!but&!uses&!amazing&!much: negative
!but&!uses&!amazing&much: positive
!but&!uses&amazing: positive
!but&uses&!of: neutral
!but&uses&of: conflict
but&!i&!to&!with: conflict
but&!i&!to&with: neutral
but&!i&to&!does: neutral
but&!i&to&does: negative
but&i&!which&!ever: positive
but&i&!which&ever: conflict
but&i&which&!word: conflict
but&i&which&word: positive
DecisionTree learned:
!but&!much&!cell&!long: negative
!but&!much&!cell&long: positive
!but&!much&cell: conflict
!but&much&!of&!that: positive
!but&much&!of&that: conflict
!but&much&of&!not: negative
!but&much&of&not: neutral
but&!mac&!this&!has: negative
but&!mac&!this&has: positive
but&!mac&this&!know: negative
but&!mac&this&know: conflict
but&mac&!look&!in: neutral
but&mac&!look&in: positive
but&mac&look: neutral
DecisionTree learned:
!but&!is&!for&!requires: negative
!but&!is&!for&requires: conflict
!but&!is&for&!programs: neutral
!but&!is&for&programs: neutral
!but&is&!expensive&!netbook: positive
!but&is&!expensive&netbook: neutral
!but&is&expensive&!so: conflict
!but&is&expensive&so: positive
but&!difference&!on&!new: positive
but&!difference&!on&new: neutral
but&!difference&on&!i: negative
but&!difference&on&i: neutral
but&difference&!navigation: neutral
but&difference&navigation: positive
DecisionTree learned:
!but&!long&!much&!other: negative
!but&!long&!much&other: neutral
!but&!long&much&!i: positive
!but&!long&much&i: neutral
!but&long&!though&!last: positive
!but&long&!though&last: negative
!but&long&though: conflict
but&!this&!mac&!so: positive
but&!this&!mac&so: conflict
but&!this&mac&!it: positive
but&!this&mac&it: neutral
but&this&!know&!m: positive
but&this&!know&m: negative
but&this&know: conflict
DecisionTree learned:
!but&!generally&!much&!uses: negative
!but&!generally&!much&uses: neutral
!but&!generally&much&!i: positive
!but&!generally&much&i: neutral
!but&generally&!keyboard: conflict
!but&generally&keyboard: neutral
but&!this&!size&!machine: conflict
but&!this&!size&machine: positive
but&!this&size: neutral
but&this&!has&!with: positive
but&this&!has&with: negative
but&this&has&!warranty: negative
but&this&has&warranty: neutral
DecisionTree learned:
!but&!though&!office&!uses: negative
!but&!though&!office&uses: neutral
!but&!though&office&!programs: neutral
!but&!though&office&programs: neutral
!but&though&!would&!it: neutral
!but&though&!would&it: conflict
!but&though&would&!leopard: negative
!but&though&would&leopard: negative
but&!i&!mac&!there: conflict
but&!i&!mac&there: negative
but&!i&mac&!you: positive
but&!i&mac&you: neutral
but&i&!they&!s: positive
but&i&!they&s: conflict
but&i&they&!warranty: negative
but&i&they&warranty: neutral
DecisionTree learned:
!but&!complain&!requires&!generally: negative
!but&!complain&!requires&generally: conflict
!but&!complain&requires: conflict
!but&complain&!and: positive
!but&complain&and: conflict
but&!difference&!if&!size: negative
but&!difference&!if&size: neutral
but&!difference&if&!to: negative
but&!difference&if&to: neutral
but&difference&!navigation: neutral
but&difference&navigation: positive
DecisionTree learned:
!but&!generally&!uses&!much: negative
!but&!generally&!uses&much: positive
!but&!generally&uses&!of: neutral
!but&!generally&uses&of: conflict
!but&generally&!keyboard: conflict
!but&generally&keyboard: neutral
but&!computer&!this&!so: positive
but&!computer&!this&so: neutral
but&!computer&this&!that: positive
but&!computer&this&that: negative
but&computer&!after&!that: negative
but&computer&!after&that: conflict
but&computer&after&!processer: positive
but&computer&after&processer: conflict
DecisionTree learned:
!but&!complain&!pc&!for: negative
!but&!complain&!pc&for: neutral
!but&!complain&pc&!users: positive
!but&!complain&pc&users: neutral
!but&complain&!and: positive
!but&complain&and: conflict
but&!outside&!this&!was: positive
but&!outside&!this&was: negative
but&!outside&this&!know: negative
but&!outside&this&know: conflict
but&outside&!windows: neutral
but&outside&windows&!software: negative
but&outside&windows&software: positive
DecisionTree learned:
!but&!acceptable&!generally&!pc: negative
!but&!acceptable&!generally&pc: positive
!but&!acceptable&generally&!keyboard: conflict
!but&!acceptable&generally&keyboard: neutral
!but&acceptable: conflict
but&!mac&!this&!hard: conflict
but&!mac&!this&hard: neutral
but&!mac&this&!know: negative
but&!mac&this&know: conflict
but&mac&!it&!to: neutral
but&mac&!it&to: positive
but&mac&it: neutral
DecisionTree learned:
!but&!much&!for&!get: negative
!but&!much&!for&get: negative
!but&!much&for&!desktop: neutral
!but&!much&for&desktop: conflict
!but&much&!i&!out: positive
!but&much&!i&out: conflict
!but&much&i&!up: neutral
!but&much&i&up: conflict
but&!this&!so&!difference: negative
but&!this&!so&difference: neutral
but&!this&so&!old: neutral
but&!this&so&old: positive
but&this&!know&!very: neutral
but&this&!know&very: negative
but&this&know: conflict
DecisionTree learned:
!but&!generally&!after&!eee: positive
!but&!generally&!after&eee: conflict
!but&!generally&after&!with: neutral
!but&!generally&after&with: negative
!but&generally&!keyboard: conflict
!but&generally&keyboard: neutral
but&!there&!like&!if: positive
but&!there&!like&if: neutral
but&!there&like&!firfox: positive
but&!there&like&firfox: negative
but&there&!to&!much: negative
but&there&!to&much: positive
but&there&to&!drivers: neutral
but&there&to&drivers: negative
DecisionTree learned:
!but&!much&!long&!eee: negative
!but&!much&!long&eee: conflict
!but&!much&long&!though: positive
!but&!much&long&though: conflict
!but&much&!of&!that: positive
!but&much&!of&that: conflict
!but&much&of&!not: negative
!but&much&of&not: neutral
but&!this&!so&!size: negative
but&!this&!so&size: neutral
but&!this&so&!it: positive
but&!this&so&it: conflict
but&this&!ever&!m: neutral
but&this&!ever&m: negative
but&this&ever&!so: conflict
but&this&ever&so: negative
DecisionTree learned:
!but&!much&!cell&!complain: negative
!but&!much&!cell&complain: conflict
!but&!much&cell: conflict
!but&much&!i&!out: positive
!but&much&!i&out: conflict
!but&much&i&!up: neutral
!but&much&i&up: conflict
but&!overall&!mac&!i: conflict
but&!overall&!mac&i: positive
but&!overall&mac&!have: neutral
but&!overall&mac&have: negative
but&overall&!windows&!is: neutral
but&overall&!windows&is: negative
but&overall&windows&!software: negative
but&overall&windows&software: positive
DecisionTree learned:
!but&!much&!eee&!uses: negative
!but&!much&!eee&uses: neutral
!but&!much&eee: conflict
!but&much&!of&!that: positive
!but&much&!of&that: conflict
!but&much&of&!not: negative
!but&much&of&not: neutral
but&!this&!mac&!so: negative
but&!this&!mac&so: conflict
but&!this&mac&!have: neutral
but&!this&mac&have: negative
but&this&!have&!to: negative
but&this&!have&to: neutral
but&this&have&!with: positive
but&this&have&with: negative
DecisionTree learned:
!but&!uses&!much&!generally: negative
!but&!uses&!much&generally: conflict
!but&!uses&much&!of: positive
!but&!uses&much&of: neutral
!but&uses&!of: neutral
!but&uses&of: conflict
but&!difference&!i&!to: conflict
but&!difference&!i&to: neutral
but&!difference&i&!on: positive
but&!difference&i&on: neutral
but&difference&!navigation: neutral
but&difference&navigation: positive
DecisionTree learned:
!but&!for&!pc&!requires: negative
!but&!for&!pc&requires: conflict
!but&!for&pc&!and: conflict
!but&!for&pc&and: positive
!but&for&!so&!desktop: neutral
!but&for&!so&desktop: conflict
!but&for&so&!laptop: negative
!but&for&so&laptop: conflict
but&!this&!has&!mac: negative
but&!this&!has&mac: neutral
but&!this&has&!it: neutral
but&!this&has&it: conflict
but&this&!m&!ever: positive
but&this&!m&ever: negative
but&this&m&!loop: negative
but&this&m&loop: negative
DecisionTree learned:
!but&!much&!long&!get: negative
!but&!much&!long&get: negative
!but&!much&long&!though: positive
!but&!much&long&though: conflict
!but&much&!i&!pc: positive
!but&much&!i&pc: conflict
!but&much&i&!up: neutral
!but&much&i&up: conflict
but&!gb&!i&!windows: conflict
but&!gb&!i&windows: neutral
but&!gb&i&!which: negative
but&!gb&i&which: conflict
but&gb&!internal: neutral
but&gb&internal&!space: positive
but&gb&internal&space: neutral
DecisionTree learned:
!but&!amazing&!much&!requires: negative
!but&!amazing&!much&requires: conflict
!but&!amazing&much&!of: positive
!but&!amazing&much&of: neutral
!but&amazing: positive
but&!this&!were&!mac: negative
but&!this&!were&mac: positive
but&!this&were&!just: neutral
but&!this&were&just: positive
but&this&!x&!m: positive
but&this&!x&m: negative
but&this&x: neutral
DecisionTree learned:
!but&!much&!complain&!and: negative
!but&!much&!complain&and: positive
!but&!much&complain&!and: positive
!but&!much&complain&and: conflict
!but&much&!of&!laptops: positive
!but&much&!of&laptops: conflict
!but&much&of&!than: neutral
!but&much&of&than: positive
but&!yes&!in&!needed: negative
but&!yes&!in&needed: neutral
but&!yes&in&!so: negative
but&!yes&in&so: neutral
but&yes&!cost&!it: positive
but&yes&!cost&it: conflict
but&yes&cost: positive
DecisionTree learned:
!but&!much&!complain&!and: negative
!but&!much&!complain&and: positive
!but&!much&complain&!and: positive
!but&!much&complain&and: conflict
!but&much&!laptops&!warranty: positive
!but&much&!laptops&warranty: conflict
!but&much&laptops&!and: conflict
!but&much&laptops&and: neutral
but&!the&!be&!it: neutral
but&!the&!be&it: conflict
but&!the&be&!buttons: negative
but&!the&be&buttons: positive
but&the&!huge&!hard: positive
but&the&!huge&hard: neutral
but&the&huge&!price: conflict
but&the&huge&price: positive
DecisionTree learned:
!but&!complain&!uses&!much: negative
!but&!complain&!uses&much: positive
!but&!complain&uses&!of: neutral
!but&!complain&uses&of: conflict
!but&complain&!and: positive
!but&complain&and: conflict
but&!this&!difference&!so: negative
but&!this&!difference&so: conflict
but&!this&difference&!navigation: neutral
but&!this&difference&navigation: positive
but&this&!know&!x: negative
but&this&!know&x: neutral
but&this&know: conflict
DecisionTree learned:
!but&!eee&!for&!requires: negative
!but&!eee&!for&requires: conflict
!but&!eee&for&!so: neutral
!but&!eee&for&so: conflict
!but&eee: conflict
but&!this&!condition&!hard: positive
but&!this&!condition&hard: neutral
but&!this&condition&!windows: neutral
but&!this&condition&windows: positive
but&this&!with&!they: positive
but&this&!with&they: negative
but&this&with&!for: negative
but&this&with&for: neutral
DecisionTree learned:
!but&!acceptable&!pc&!complain: negative
!but&!acceptable&!pc&complain: conflict
!but&!acceptable&pc&!users: positive
!but&!acceptable&pc&users: neutral
!but&acceptable: conflict
but&!i&!mac&!to: conflict
but&!i&!mac&to: neutral
but&!i&mac&!you: positive
but&!i&mac&you: neutral
but&i&!which&!inch: positive
but&i&!which&inch: conflict
but&i&which&!word: conflict
but&i&which&word: positive
DecisionTree learned:
!but&!generally&!much&!uses: negative
!but&!generally&!much&uses: neutral
!but&!generally&much&!i: positive
!but&!generally&much&i: neutral
!but&generally&!keyboard: conflict
!but&generally&keyboard: neutral
but&!this&!so&!size: positive
but&!this&!so&size: neutral
but&!this&so&!fairly: neutral
but&!this&so&fairly: conflict
but&this&!with&!warranty: positive
but&this&!with&warranty: neutral
but&this&with&!for: negative
but&this&with&for: neutral
DecisionTree learned:
!but&!cell&!complain&!much: negative
!but&!cell&!complain&much: positive
!but&!cell&complain&!and: positive
!but&!cell&complain&and: conflict
!but&cell: conflict
but&!so&!this&!size: positive
but&!so&!this&size: neutral
but&!so&this&!has: neutral
but&!so&this&has: negative
but&so&!laptop&!i: neutral
but&so&!laptop&i: positive
but&so&laptop&!a: negative
but&so&laptop&a: neutral
Trial 0 Training cc.mallet.classify.AdaBoostM2Trainer@49ff0dde finished
Trial 0 Trainer cc.mallet.classify.AdaBoostM2Trainer@49ff0dde test data accuracy = 0.48884381338742394

NaiveBayesTrainer
Summary. test accuracy mean = 0.6430020283975659 stddev = 0.0 stderr = 0.0

MaxEntTrainer,gaussianPriorVariance=1.0
Summary. test accuracy mean = 0.5983772819472617 stddev = 0.0 stderr = 0.0

cc.mallet.classify.DecisionTreeTrainer@38b5dac4
Summary. test accuracy mean = 0.513184584178499 stddev = 0.0 stderr = 0.0

cc.mallet.classify.AdaBoostM2Trainer@49ff0dde
Summary. test accuracy mean = 0.48884381338742394 stddev = 0.0 stderr = 0.0
