
-------------------- Trial 0  --------------------

Trial 0 Training NaiveBayesTrainer with 1865 instances
Trial 0 Training NaiveBayesTrainer finished
Trial 0 Trainer NaiveBayesTrainer test data accuracy = 0.6227180527383367
Trial 0 Training MaxEntTrainer,gaussianPriorVariance=1.0 with 1865 instances
Trial 0 Training MaxEntTrainer,gaussianPriorVariance=1.0 finished
Trial 0 Trainer MaxEntTrainer,gaussianPriorVariance=1.0 test data accuracy = 0.6348884381338742
Trial 0 Training cc.mallet.classify.DecisionTreeTrainer@2adb1d4 with 1865 instances
DecisionTree learned:
!neg&!but&!not&!cd: positive
!neg&!but&!not&cd: positive
!neg&!but&not&!and: negative
!neg&!but&not&and: positive
!neg&but&!you&!this: negative
!neg&but&!you&this: positive
!neg&but&you&!n: neutral
!neg&but&you&n: negative
neg&!etc&!pos&!price: negative
neg&!etc&!pos&price: positive
neg&!etc&pos&!garageband: negative
neg&!etc&pos&garageband: positive
neg&etc: neutral
Trial 0 Training cc.mallet.classify.DecisionTreeTrainer@2adb1d4 finished
Trial 0 Trainer cc.mallet.classify.DecisionTreeTrainer@2adb1d4 test data accuracy = 0.5415821501014199
Trial 0 Training cc.mallet.classify.AdaBoostM2Trainer@2d58f9d3 with 1865 instances
DecisionTree learned:
!neg&!but&!not&!vbz: positive
!neg&!but&!not&vbz: positive
!neg&!but&not&!nns: negative
!neg&!but&not&nns: positive
!neg&but&!this&!new: negative
!neg&but&!this&new: neutral
!neg&but&this&!vb: positive
!neg&but&this&vb: neutral
neg&!etc&!pos&!price: negative
neg&!etc&!pos&price: positive
neg&!etc&pos&!garageband: negative
neg&!etc&pos&garageband: positive
neg&etc: neutral
DecisionTree learned:
!but&!neg&!fast&!cd: positive
!but&!neg&!fast&cd: neutral
!but&!neg&fast&!just: positive
!but&!neg&fast&just: neutral
!but&neg&!pos&!music: negative
!but&neg&!pos&music: neutral
!but&neg&pos&!for: negative
!but&neg&pos&for: positive
but&!rbr&!got&!so: negative
but&!rbr&!got&so: neutral
but&!rbr&got&!so: negative
but&!rbr&got&so: positive
but&rbr&!it&!in: negative
but&rbr&!it&in: positive
but&rbr&it&!in: conflict
but&rbr&it&in: positive
DecisionTree learned:
!but&!neg&!not&!n: positive
!but&!neg&!not&n: negative
!but&!neg&not&!and: negative
!but&!neg&not&and: positive
!but&neg&!garageband&!faster: negative
!but&neg&!garageband&faster: positive
!but&neg&garageband&!rb: neutral
!but&neg&garageband&rb: positive
but&!got&!mac&!wdt: negative
but&!got&!mac&wdt: conflict
but&!got&mac&!its: positive
but&!got&mac&its: neutral
but&got&!so: negative
but&got&so: positive
DecisionTree learned:
!but&!pos&!neg&!i: positive
!but&!pos&!neg&i: neutral
!but&!pos&neg&!music: negative
!but&!pos&neg&music: neutral
!but&pos&!then&!md: positive
!but&pos&!then&md: negative
!but&pos&then&!upgrade: negative
!but&pos&then&upgrade: positive
but&!mac&!vb&!work: positive
but&!mac&!vb&work: neutral
but&!mac&vb&!another: negative
but&!mac&vb&another: neutral
but&mac&!its&!bit: positive
but&mac&!its&bit: neutral
but&mac&its&!nnp: neutral
but&mac&its&nnp: neutral
DecisionTree learned:
!but&!fast&!neg&!and: negative
!but&!fast&!neg&and: positive
!but&!fast&neg&!etc: negative
!but&!fast&neg&etc: neutral
!but&fast&!with: positive
!but&fast&with&!nnp: positive
!but&fast&with&nnp: positive
but&!mac&!vb&!gb: positive
but&!mac&!vb&gb: neutral
but&!mac&vb&!another: negative
but&!mac&vb&another: neutral
but&mac&!in: negative
but&mac&in&!more: positive
but&mac&in&more: positive
DecisionTree learned:
!but&!fast&!neg&!and: negative
!but&!fast&!neg&and: positive
!but&!fast&neg&!much: negative
!but&!fast&neg&much: conflict
!but&fast&!with: positive
!but&fast&with&!just: positive
!but&fast&with&just: neutral
but&!mac&!be&!i: conflict
but&!mac&!be&i: positive
but&!mac&be&!wdt: negative
but&!mac&be&wdt: conflict
but&mac&!in: negative
but&mac&in&!its: positive
but&mac&in&its: neutral
DecisionTree learned:
!but&!in&!pos&!the: positive
!but&!in&!pos&the: negative
!but&!in&pos&!some: positive
!but&!in&pos&some: negative
!but&in&!pos&!price: negative
!but&in&!pos&price: positive
!but&in&pos&!vbd: positive
!but&in&pos&vbd: negative
but&!rbr&!got&!the: conflict
but&!rbr&!got&the: negative
but&!rbr&got&!so: negative
but&!rbr&got&so: positive
but&rbr&!with&!it: positive
but&rbr&!with&it: positive
but&rbr&with: positive
DecisionTree learned:
!but&!cd&!and&!price: negative
!but&!cd&!and&price: positive
!but&!cd&and&!i: positive
!but&!cd&and&i: positive
!but&cd&!am&!price: neutral
!but&cd&!am&price: positive
!but&cd&am&!get: neutral
!but&cd&am&get: conflict
but&!rbr&!core&!this: negative
but&!rbr&!core&this: negative
but&!rbr&core: neutral
but&rbr&!with&!it: positive
but&rbr&!with&it: positive
but&rbr&with: positive
DecisionTree learned:
!but&!cd&!for&!and: negative
!but&!cd&!for&and: positive
!but&!cd&for&!windows: positive
!but&!cd&for&windows: negative
!but&cd&!they&!times: neutral
!but&cd&!they&times: negative
!but&cd&they&!there: negative
!but&cd&they&there: neutral
but&!mac&!this&!so: negative
but&!mac&!this&so: neutral
but&!mac&this&!neg: neutral
but&!mac&this&neg: negative
but&mac&!more&!up: neutral
but&mac&!more&up: positive
but&mac&more: positive
DecisionTree learned:
!but&!fast&!in&!requires: positive
!but&!fast&!in&requires: conflict
!but&!fast&in&!neg: positive
!but&!fast&in&neg: negative
!but&fast&!with: positive
!but&fast&with&!just: positive
!but&fast&with&just: neutral
but&!mac&!there&!on: negative
but&!mac&!there&on: neutral
but&!mac&there&!to: negative
but&!mac&there&to: neutral
but&mac&!up&!it: positive
but&mac&!up&it: neutral
but&mac&up: positive
DecisionTree learned:
!but&!for&!cd&!md: positive
!but&!for&!cd&md: negative
!but&!for&cd&!can: negative
!but&!for&cd&can: positive
!but&for&!not&!office: positive
!but&for&!not&office: neutral
!but&for&not&!vbz: neutral
!but&for&not&vbz: negative
but&!wdt&!computer&!i: negative
but&!wdt&!computer&i: negative
but&!wdt&computer&!keys: negative
but&!wdt&computer&keys: positive
but&wdt&!the&!jj: neutral
but&wdt&!the&jj: conflict
but&wdt&the&!jjr: positive
but&wdt&the&jjr: conflict
DecisionTree learned:
!but&!for&!much&!pos: negative
!but&!for&!much&pos: positive
!but&!for&much&!laptops: positive
!but&!for&much&laptops: conflict
!but&for&!vb&!neg: positive
!but&for&!vb&neg: positive
!but&for&vb&!long: neutral
!but&for&vb&long: conflict
but&!got&!mac&!this: positive
but&!got&!mac&this: neutral
but&!got&mac&!up: neutral
but&!got&mac&up: positive
but&got&!so: negative
but&got&so: positive
DecisionTree learned:
!but&!fast&!neg&!not: positive
!but&!fast&!neg&not: negative
!but&!fast&neg&!price: negative
!but&!fast&neg&price: positive
!but&fast&!with: positive
!but&fast&with&!just: positive
!but&fast&with&just: neutral
but&!so&!rbr&!the: negative
but&!so&!rbr&the: negative
but&!so&rbr&!vb: positive
but&!so&rbr&vb: positive
but&so&!it&!as: positive
but&so&!it&as: neutral
but&so&it&!use: conflict
but&so&it&use: conflict
DecisionTree learned:
!but&!fast&!neg&!n: positive
!but&!fast&!neg&n: negative
!but&!fast&neg&!much: negative
!but&!fast&neg&much: neutral
!but&fast&!with: positive
!but&fast&with&!nnp: positive
!but&fast&with&nnp: positive
but&!got&!mac&!think: negative
but&!got&!mac&think: neutral
but&!got&mac&!its: positive
but&!got&mac&its: neutral
but&got&!so: negative
but&got&so: positive
DecisionTree learned:
!but&!fast&!prp&!and: negative
!but&!fast&!prp&and: positive
!but&!fast&prp&!use: negative
!but&!fast&prp&use: positive
!but&fast&!if&!one: positive
!but&fast&!if&one: neutral
!but&fast&if: neutral
but&!mac&!features&!this: negative
but&!mac&!features&this: negative
but&!mac&features&!much: positive
but&!mac&features&much: positive
but&mac&!up&!it: neutral
but&mac&!up&it: neutral
but&mac&up: positive
DecisionTree learned:
!but&!for&!cd&!and: negative
!but&!for&!cd&and: positive
!but&!for&cd&!get: neutral
!but&!for&cd&get: negative
!but&for&!some&!so: positive
!but&for&!some&so: negative
!but&for&some&!vb: conflict
!but&for&some&vb: negative
but&!mac&!i&!x: negative
but&!mac&!i&x: neutral
but&!mac&i&!did: positive
but&!mac&i&did: neutral
but&mac&!more&!very: neutral
but&mac&!more&very: positive
but&mac&more: positive
DecisionTree learned:
!but&!pos&!much&!not: negative
!but&!pos&!much&not: negative
!but&!pos&much&!neg: positive
!but&!pos&much&neg: conflict
!but&pos&!vbn&!prp: positive
!but&pos&!vbn&prp: positive
!but&pos&vbn&!vbd: positive
!but&pos&vbn&vbd: negative
but&!wdt&!be&!in: conflict
but&!wdt&!be&in: positive
but&!wdt&be&!more: negative
but&!wdt&be&more: positive
but&wdt&!the&!it: neutral
but&wdt&!the&it: conflict
but&wdt&the&!jjr: positive
but&wdt&the&jjr: negative
DecisionTree learned:
!but&!vbn&!pos&!my: negative
!but&!vbn&!pos&my: neutral
!but&!vbn&pos&!other: positive
!but&!vbn&pos&other: positive
!but&vbn&!vbd&!very: negative
!but&vbn&!vbd&very: positive
!but&vbn&vbd&!looks: negative
!but&vbn&vbd&looks: conflict
but&!gb&!mac&!tim: negative
but&!gb&!mac&tim: neutral
but&!gb&mac&!in: negative
but&!gb&mac&in: positive
but&gb&!than: neutral
but&gb&than: neutral
DecisionTree learned:
!but&!in&!requires&!n: positive
!but&!in&!requires&n: negative
!but&!in&requires: conflict
!but&in&!pos&!worth: neutral
!but&in&!pos&worth: conflict
!but&in&pos&!very: positive
!but&in&pos&very: positive
but&!mac&!think&!vb: positive
but&!mac&!think&vb: negative
but&!mac&think&!on: negative
but&!mac&think&on: neutral
but&mac&!more&!up: neutral
but&mac&!more&up: positive
but&mac&more: positive
DecisionTree learned:
!but&!cd&!uses&!much: positive
!but&!cd&!uses&much: positive
!but&!cd&uses&!this: neutral
!but&!cd&uses&this: conflict
!but&cd&!am&!weight: neutral
!but&cd&!am&weight: conflict
!but&cd&am&!get: positive
!but&cd&am&get: conflict
but&!new&!be&!nns: negative
but&!new&!be&nns: positive
but&!new&be&!wdt: negative
but&!new&be&wdt: conflict
but&new&!nns&!rb: negative
but&new&!nns&rb: neutral
but&new&nns&!vbg: neutral
but&new&nns&vbg: positive
DecisionTree learned:
!but&!vbn&!not&!for: positive
!but&!vbn&!not&for: positive
!but&!vbn&not&!compact: negative
!but&!vbn&not&compact: conflict
!but&vbn&!vbd&!and: negative
!but&vbn&!vbd&and: positive
!but&vbn&vbd&!looks: negative
!but&vbn&vbd&looks: conflict
but&!new&!screen&!on: negative
but&!new&!screen&on: neutral
but&!new&screen&!email: conflict
but&!new&screen&email: neutral
but&new&!nns&!rb: negative
but&new&!nns&rb: neutral
but&new&nns&!nn: positive
but&new&nns&nn: neutral
DecisionTree learned:
!but&!neg&!n&!they: positive
!but&!neg&!n&they: negative
!but&!neg&n&!laptop: negative
!but&!neg&n&laptop: conflict
!but&neg&!for&!laptops: negative
!but&neg&!for&laptops: conflict
!but&neg&for&!vbd: neutral
!but&neg&for&vbd: negative
but&!rbr&!there&!prp: negative
but&!rbr&!there&prp: positive
but&!rbr&there&!to: negative
but&!rbr&there&to: neutral
but&rbr&!it&!with: positive
but&rbr&!it&with: positive
but&rbr&it&!in: conflict
but&rbr&it&in: positive
DecisionTree learned:
!but&!for&!vbn&!get: positive
!but&!for&!vbn&get: negative
!but&!for&vbn&!very: negative
!but&!for&vbn&very: positive
!but&for&!so&!vbd: positive
!but&for&!so&vbd: neutral
!but&for&so&!laptop: negative
!but&for&so&laptop: conflict
but&!prp&!vbz&!up: conflict
but&!prp&!vbz&up: negative
but&!prp&vbz&!average: negative
but&!prp&vbz&average: positive
but&prp&!it&!the: neutral
but&prp&!it&the: positive
but&prp&it&!used: negative
but&prp&it&used: neutral
DecisionTree learned:
!but&!neg&!when&!would: positive
!but&!neg&!when&would: negative
!but&!neg&when&!dt: negative
!but&!neg&when&dt: neutral
!but&neg&!opted&!much: negative
!but&neg&!opted&much: conflict
!but&neg&opted: conflict
but&!mac&!this&!so: negative
but&!mac&!this&so: conflict
but&!mac&this&!know: negative
but&!mac&this&know: conflict
but&mac&!bit&!you: positive
but&mac&!bit&you: positive
but&mac&bit: neutral
DecisionTree learned:
!but&!fast&!very&!then: negative
!but&!fast&!very&then: negative
!but&!fast&very&!some: positive
!but&!fast&very&some: conflict
!but&fast&!with: positive
!but&fast&with&!just: positive
!but&fast&with&just: neutral
but&!this&!so&!what: positive
but&!this&!so&what: negative
but&!this&so&!the: neutral
but&!this&so&the: conflict
but&this&!neg&!x: positive
but&this&!neg&x: neutral
but&this&neg&!md: negative
but&this&neg&md: neutral
DecisionTree learned:
!but&!for&!vbn&!get: positive
!but&!for&!vbn&get: negative
!but&!for&vbn&!very: negative
!but&!for&vbn&very: positive
!but&for&!vbd&!way: positive
!but&for&!vbd&way: negative
!but&for&vbd&!neg: neutral
!but&for&vbd&neg: negative
but&!wdt&!this&!be: positive
but&!wdt&!this&be: negative
but&!wdt&this&!md: positive
but&!wdt&this&md: neutral
but&wdt&!the&!it: neutral
but&wdt&!the&it: conflict
but&wdt&the&!jjr: conflict
but&wdt&the&jjr: conflict
DecisionTree learned:
!but&!for&!much&!requires: negative
!but&!for&!much&requires: conflict
!but&!for&much&!laptops: positive
!but&!for&much&laptops: conflict
!but&for&!so&!vb: positive
!but&for&!so&vb: neutral
!but&for&so&!laptop: positive
!but&for&so&laptop: conflict
but&!wdt&!in&!jjr: negative
but&!wdt&!in&jjr: conflict
but&!wdt&in&!mac: negative
but&!wdt&in&mac: positive
but&wdt&!the&!and: conflict
but&wdt&!the&and: neutral
but&wdt&the&!jjr: positive
but&wdt&the&jjr: conflict
DecisionTree learned:
!but&!for&!vbn&!get: positive
!but&!for&!vbn&get: negative
!but&!for&vbn&!very: negative
!but&!for&vbn&very: positive
!but&for&!so&!vb: positive
!but&for&!so&vb: neutral
!but&for&so&!laptop: negative
!but&for&so&laptop: conflict
but&!did&!tim&!drive: positive
but&!did&!tim&drive: neutral
but&!did&tim: neutral
but&did&!on&!of: conflict
but&did&!on&of: neutral
but&did&on: neutral
DecisionTree learned:
!but&!in&!requires&!usb: positive
!but&!in&!requires&usb: neutral
!but&!in&requires: conflict
!but&in&!for&!get: negative
!but&in&!for&get: negative
!but&in&for&!vb: positive
!but&in&for&vb: neutral
but&!this&!so&!two: positive
but&!this&!so&two: conflict
but&!this&so&!old: neutral
but&!this&so&old: positive
but&this&!neg&!x: positive
but&this&!neg&x: neutral
but&this&neg&!netbook: negative
but&this&neg&netbook: neutral
DecisionTree learned:
!but&!neg&!eee&!way: positive
!but&!neg&!eee&way: negative
!but&!neg&eee: conflict
!but&neg&!price&!desktop: negative
!but&neg&!price&desktop: neutral
!but&neg&price&!worth: positive
!but&neg&price&worth: conflict
but&!rbr&!got&!web: negative
but&!rbr&!got&web: positive
but&!rbr&got&!so: negative
but&!rbr&got&so: positive
but&rbr&!with&!it: positive
but&rbr&!with&it: positive
but&rbr&with: neutral
DecisionTree learned:
!but&!uses&!after&!cd: positive
!but&!uses&!after&cd: neutral
!but&!uses&after&!with: neutral
!but&!uses&after&with: negative
!but&uses&!this: neutral
!but&uses&this: conflict
but&!rbr&!the&!vbp: conflict
but&!rbr&!the&vbp: neutral
but&!rbr&the&!wdt: negative
but&!rbr&the&wdt: conflict
but&rbr&!vb&!in: conflict
but&rbr&!vb&in: positive
but&rbr&vb&!with: positive
but&rbr&vb&with: positive
DecisionTree learned:
!but&!prp&!and&!pos: negative
!but&!prp&!and&pos: positive
!but&!prp&and&!rb: positive
!but&!prp&and&rb: positive
!but&prp&!pc&!use: neutral
!but&prp&!pc&use: positive
!but&prp&pc&!pos: positive
!but&prp&pc&pos: positive
but&!repair&!overall&!mac: positive
but&!repair&!overall&mac: positive
but&!repair&overall&!nnp: neutral
but&!repair&overall&nnp: neutral
but&repair&!they: negative
but&repair&they&!nnp: neutral
but&repair&they&nnp: neutral
DecisionTree learned:
!but&!for&!cd&!you: negative
!but&!for&!cd&you: neutral
!but&!for&cd&!am: neutral
!but&!for&cd&am: conflict
!but&for&!so&!vbd: positive
!but&for&!so&vbd: neutral
!but&for&so&!battery: negative
!but&for&so&battery: conflict
but&!think&!size&!so: positive
but&!think&!size&so: neutral
but&!think&size&!nnp: neutral
but&!think&size&nnp: neutral
but&think&!on: negative
but&think&on: neutral
DecisionTree learned:
!but&!uses&!very&!after: positive
!but&!uses&!very&after: neutral
!but&!uses&very&!vbp: positive
!but&!uses&very&vbp: positive
!but&uses&!this: neutral
!but&uses&this: conflict
but&!outside&!new&!drive: negative
but&!outside&!new&drive: neutral
but&!outside&new&!when: neutral
but&!outside&new&when: neutral
but&outside&!nnp: neutral
but&outside&nnp: neutral
DecisionTree learned:
!but&!pos&!worth&!opted: negative
!but&!pos&!worth&opted: conflict
!but&!pos&worth&!price: negative
!but&!pos&worth&price: conflict
!but&pos&!vbz&!to: positive
!but&pos&!vbz&to: negative
!but&pos&vbz&!use: positive
!but&pos&vbz&use: positive
but&!gb&!core&!a: negative
but&!gb&!core&a: neutral
but&!gb&core: neutral
but&gb&!than: neutral
but&gb&than: neutral
DecisionTree learned:
!but&!not&!much&!for: negative
!but&!not&!much&for: positive
!but&!not&much&!neg: positive
!but&!not&much&neg: conflict
!but&not&!other&!apple: negative
!but&not&!other&apple: positive
!but&not&other&!nns: conflict
!but&not&other&nns: positive
but&!couple&!did&!gb: positive
but&!couple&!did&gb: neutral
but&!couple&did&!nns: negative
but&!couple&did&nns: neutral
but&couple&!to: negative
but&couple&to&!rb: conflict
but&couple&to&rb: conflict
DecisionTree learned:
!but&!for&!vbn&!get: positive
!but&!for&!vbn&get: negative
!but&!for&vbn&!were: negative
!but&!for&vbn&were: negative
!but&for&!some&!nns: positive
!but&for&!some&nns: neutral
!but&for&some&!vb: conflict
!but&for&some&vb: negative
but&!yes&!gb&!drive: negative
but&!yes&!gb&drive: neutral
but&!yes&gb&!than: neutral
but&!yes&gb&than: neutral
but&yes&!in: conflict
but&yes&in&!nnp: positive
but&yes&in&nnp: positive
DecisionTree learned:
!but&!for&!requires&!get: negative
!but&!for&!requires&get: negative
!but&!for&requires: conflict
!but&for&!vbd&!way: positive
!but&for&!vbd&way: negative
!but&for&vbd&!neg: neutral
!but&for&vbd&neg: negative
but&!mac&!the&!it: neutral
but&!mac&!the&it: conflict
but&!mac&the&!wdt: negative
but&!mac&the&wdt: conflict
but&mac&!pos: neutral
but&mac&pos&!used: positive
but&mac&pos&used: neutral
DecisionTree learned:
!but&!very&!compact&!for: negative
!but&!very&!compact&for: neutral
!but&!very&compact: conflict
!but&very&!some&!vbp: positive
!but&very&!some&vbp: positive
!but&very&some: conflict
but&!got&!mac&!if: positive
but&!got&!mac&if: neutral
but&!got&mac&!on: neutral
but&!got&mac&on: positive
but&got&!so: negative
but&got&so: positive
DecisionTree learned:
!but&!generally&!vbn&!vbp: positive
!but&!generally&!vbn&vbp: neutral
!but&!generally&vbn&!vbd: negative
!but&!generally&vbn&vbd: negative
!but&generally: conflict
but&!repair&!with&!tim: positive
but&!repair&!with&tim: neutral
but&!repair&with&!this: neutral
but&!repair&with&this: negative
but&repair&!they: negative
but&repair&they&!nnp: neutral
but&repair&they&nnp: negative
DecisionTree learned:
!but&!after&!movie&!uses: positive
!but&!after&!movie&uses: neutral
!but&!after&movie&!just: neutral
!but&!after&movie&just: neutral
!but&after&!with&!rb: negative
!but&after&!with&rb: neutral
!but&after&with&!nnp: negative
!but&after&with&nnp: positive
but&!this&!so&!the: conflict
but&!this&!so&the: negative
but&!this&so&!it: neutral
but&!this&so&it: conflict
but&this&!know&!neg: neutral
but&this&!know&neg: negative
but&this&know: conflict
DecisionTree learned:
!but&!pos&!worth&!battery: neutral
!but&!pos&!worth&battery: negative
!but&!pos&worth&!prp: negative
!but&!pos&worth&prp: conflict
!but&pos&!compact&!prp: positive
!but&pos&!compact&prp: positive
!but&pos&compact: conflict
but&!a&!did&!you: negative
but&!a&!did&you: positive
but&!a&did&!nnp: neutral
but&!a&did&nnp: neutral
but&a&!battery&!in: negative
but&a&!battery&in: neutral
but&a&battery&!vbz: conflict
but&a&battery&vbz: conflict
DecisionTree learned:
!but&!requires&!neg&!way: positive
!but&!requires&!neg&way: negative
!but&!requires&neg&!price: negative
!but&!requires&neg&price: positive
!but&requires: conflict
but&!mac&!this&!laptop: negative
but&!mac&!this&laptop: neutral
but&!mac&this&!computer: neutral
but&!mac&this&computer: negative
but&mac&!in: negative
but&mac&in&!use: positive
but&mac&in&use: positive
DecisionTree learned:
!but&!and&!requires&!laptops: negative
!but&!and&!requires&laptops: conflict
!but&!and&requires: conflict
!but&and&!what&!back: positive
!but&and&!what&back: negative
!but&and&what&!about: neutral
!but&and&what&about: conflict
but&!web&!screen&!does: positive
but&!web&!screen&does: negative
but&!web&screen&!neg: negative
but&!web&screen&neg: conflict
but&web&!nnp: positive
but&web&nnp: positive
DecisionTree learned:
!but&!opted&!eee&!much: negative
!but&!opted&!eee&much: positive
!but&!opted&eee: conflict
!but&opted: conflict
but&!the&!dt&!nn: negative
but&!the&!dt&nn: conflict
but&!the&dt&!vbp: conflict
but&!the&dt&vbp: neutral
but&the&!wdt&!standard: negative
but&the&!wdt&standard: conflict
but&the&wdt&!jjr: positive
but&the&wdt&jjr: negative
DecisionTree learned:
!but&!eee&!for&!requires: negative
!but&!eee&!for&requires: conflict
!but&!eee&for&!vbd: positive
!but&!eee&for&vbd: neutral
!but&eee: conflict
but&!mac&!there&!this: conflict
but&!mac&!there&this: negative
but&!mac&there&!to: negative
but&!mac&there&to: neutral
but&mac&!up&!it: positive
but&mac&!up&it: neutral
but&mac&up: positive
DecisionTree learned:
!but&!much&!generally&!uses: negative
!but&!much&!generally&uses: neutral
!but&!much&generally: conflict
!but&much&!i&!neg: positive
!but&much&!i&neg: conflict
!but&much&i&!it: neutral
!but&much&i&it: conflict
but&!this&!so&!only: positive
but&!this&!so&only: conflict
but&!this&so&!laptop: conflict
but&!this&so&laptop: neutral
but&this&!wdt&!with: positive
but&this&!wdt&with: negative
but&this&wdt&!vb: conflict
but&this&wdt&vb: neutral
DecisionTree learned:
!but&!generally&!vbn&!get: positive
!but&!generally&!vbn&get: negative
!but&!generally&vbn&!very: negative
!but&!generally&vbn&very: positive
!but&generally: conflict
but&!repair&!new&!drive: positive
but&!repair&!new&drive: neutral
but&!repair&new&!nns: neutral
but&!repair&new&nns: neutral
but&repair&!they: negative
but&repair&they&!nnp: neutral
but&repair&they&nnp: negative
DecisionTree learned:
!but&!and&!price&!is: negative
!but&!and&!price&is: negative
!but&!and&price&!more: positive
!but&!and&price&more: conflict
!but&and&!prp&!rb: positive
!but&and&!prp&rb: negative
!but&and&prp&!what: positive
!but&and&prp&what: neutral
but&!this&!so&!disc: positive
but&!this&!so&disc: neutral
but&!this&so&!it: neutral
but&!this&so&it: conflict
but&this&!know&!md: positive
but&this&!know&md: neutral
but&this&know: conflict
DecisionTree learned:
!but&!generally&!vbn&!prp: positive
!but&!generally&!vbn&prp: positive
!but&!generally&vbn&!very: negative
!but&!generally&vbn&very: positive
!but&generally: conflict
but&!mac&!this&!so: negative
but&!mac&!this&so: conflict
but&!mac&this&!know: neutral
but&!mac&this&know: conflict
but&mac&!system&!up: positive
but&mac&!system&up: positive
but&mac&system&!in: negative
but&mac&system&in: neutral
DecisionTree learned:
!but&!stack&!for&!eee: negative
!but&!stack&!for&eee: conflict
!but&!stack&for&!office: neutral
!but&!stack&for&office: neutral
!but&stack: conflict
but&!repair&!mac&!think: positive
but&!repair&!mac&think: neutral
but&!repair&mac&!in: negative
but&!repair&mac&in: neutral
but&repair&!they: negative
but&repair&they&!nnp: neutral
but&repair&they&nnp: negative
DecisionTree learned:
!but&!fast&!uses&!long: negative
!but&!fast&!uses&long: positive
!but&!fast&uses&!this: neutral
!but&!fast&uses&this: conflict
!but&fast&!with: positive
!but&fast&with&!just: positive
!but&fast&with&just: neutral
but&!drive&!whole&!gb: negative
but&!drive&!whole&gb: neutral
but&!drive&whole&!nnp: positive
but&!drive&whole&nnp: neutral
but&drive&!to&!vb: neutral
but&drive&!to&vb: neutral
but&drive&to: negative
DecisionTree learned:
!but&!for&!cd&!you: positive
!but&!for&!cd&you: neutral
!but&!for&cd&!am: neutral
!but&!for&cd&am: neutral
!but&for&!so&!vb: positive
!but&for&!so&vb: neutral
!but&for&so&!laptop: negative
!but&for&so&laptop: conflict
but&!be&!prp&!email: conflict
but&!be&!prp&email: neutral
but&!be&prp&!nns: neutral
but&!be&prp&nns: positive
but&be&!wdt&!rb: negative
but&be&!wdt&rb: negative
but&be&wdt&!to: conflict
but&be&wdt&to: positive
DecisionTree learned:
!but&!for&!compact&!eee: negative
!but&!for&!compact&eee: conflict
!but&!for&compact: conflict
!but&for&!so&!vb: positive
!but&for&!so&vb: neutral
!but&for&so&!laptop: negative
!but&for&so&laptop: conflict
but&!this&!there&!so: positive
but&!this&!there&so: conflict
but&!this&there&!much: negative
but&!this&there&much: positive
but&this&!computer&!neg: neutral
but&this&!computer&neg: negative
but&this&computer&!vbp: negative
but&this&computer&vbp: conflict
DecisionTree learned:
!but&!other&!much&!macbook: negative
!but&!other&!much&macbook: positive
!but&!other&much&!i: positive
!but&!other&much&i: neutral
!but&other&!neg&!vb: neutral
!but&other&!neg&vb: positive
!but&other&neg&!than: conflict
!but&other&neg&than: positive
but&!battery&!wdt&!did: positive
but&!battery&!wdt&did: neutral
but&!battery&wdt&!the: neutral
but&!battery&wdt&the: conflict
but&battery&!s&!rb: conflict
but&battery&!s&rb: negative
but&battery&s&!in: conflict
but&battery&s&in: conflict
DecisionTree learned:
!but&!for&!pc&!requires: negative
!but&!for&!pc&requires: conflict
!but&!for&pc&!vbd: conflict
!but&!for&pc&vbd: positive
!but&for&!vbd&!way: positive
!but&for&!vbd&way: negative
!but&for&vbd&!neg: neutral
!but&for&vbd&neg: negative
but&!web&!screen&!repair: positive
but&!web&!screen&repair: negative
but&!web&screen&!and: conflict
but&!web&screen&and: negative
but&web&!nnp: positive
but&web&nnp: positive
DecisionTree learned:
!but&!generally&!pos&!worth: neutral
!but&!generally&!pos&worth: conflict
!but&!generally&pos&!md: positive
!but&!generally&pos&md: neutral
!but&generally: conflict
but&!this&!so&!overall: positive
but&!this&!so&overall: neutral
but&!this&so&!it: neutral
but&!this&so&it: conflict
but&this&!wdt&!with: positive
but&this&!wdt&with: negative
but&this&wdt&!vb: conflict
but&this&wdt&vb: neutral
DecisionTree learned:
!but&!stack&!opted&!dollar: negative
!but&!stack&!opted&dollar: conflict
!but&!stack&opted: conflict
!but&stack: conflict
but&!this&!so&!wdt: negative
but&!this&!so&wdt: conflict
but&!this&so&!pos: conflict
but&!this&so&pos: positive
but&this&!neg&!x: positive
but&this&!neg&x: neutral
but&this&neg&!know: negative
but&this&neg&know: conflict
DecisionTree learned:
!but&!vbp&!neg&!requires: positive
!but&!vbp&!neg&requires: conflict
!but&!vbp&neg&!laptops: negative
!but&!vbp&neg&laptops: conflict
!but&vbp&!get&!me: neutral
!but&vbp&!get&me: positive
!but&vbp&get&!am: negative
!but&vbp&get&am: conflict
but&!mac&!web&!screen: negative
but&!mac&!web&screen: conflict
but&!mac&web&!nnp: neutral
but&!mac&web&nnp: neutral
but&mac&!up&!it: positive
but&mac&!up&it: neutral
but&mac&up: positive
DecisionTree learned:
!but&!opted&!requires&!generally: negative
!but&!opted&!requires&generally: conflict
!but&!opted&requires: conflict
!but&opted: conflict
but&!gb&!think&!the: conflict
but&!gb&!think&the: positive
but&!gb&think&!on: negative
but&!gb&think&on: neutral
but&gb&!than: neutral
but&gb&than: neutral
DecisionTree learned:
!but&!stack&!opted&!uses: negative
!but&!stack&!opted&uses: neutral
!but&!stack&opted: conflict
!but&stack: conflict
but&!battery&!wdt&!did: positive
but&!battery&!wdt&did: neutral
but&!battery&wdt&!the: neutral
but&!battery&wdt&the: conflict
but&battery&!n&!vbz: conflict
but&battery&!n&vbz: conflict
but&battery&n&!upgrade: negative
but&battery&n&upgrade: positive
DecisionTree learned:
!but&!after&!requires&!in: positive
!but&!after&!requires&in: neutral
!but&!after&requires: conflict
!but&after&!with&!just: neutral
!but&after&!with&just: negative
!but&after&with&!nnp: negative
!but&after&with&nnp: positive
but&!this&!mac&!machine: negative
but&!this&!mac&machine: positive
but&!this&mac&!more: neutral
but&!this&mac&more: positive
but&this&!md&!x: positive
but&this&!md&x: neutral
but&this&md&!if: neutral
but&this&md&if: neutral
DecisionTree learned:
!but&!in&!requires&!graphics: positive
!but&!in&!requires&graphics: positive
!but&!in&requires: conflict
!but&in&!pos&!worth: neutral
!but&in&!pos&worth: conflict
!but&in&pos&!other: positive
!but&in&pos&other: positive
but&!wdt&!in&!it: positive
but&!wdt&!in&it: conflict
but&!wdt&in&!battery: negative
but&!wdt&in&battery: conflict
but&wdt&!the&!and: conflict
but&wdt&!the&and: neutral
but&wdt&the&!jjr: positive
but&wdt&the&jjr: negative
DecisionTree learned:
!but&!for&!requires&!much: negative
!but&!for&!requires&much: positive
!but&!for&requires: conflict
!but&for&!so&!vbd: positive
!but&for&!so&vbd: neutral
!but&for&so&!battery: positive
!but&for&so&battery: conflict
but&!new&!jj&!laptop: conflict
but&!new&!jj&laptop: neutral
but&!new&jj&!pos: negative
but&!new&jj&pos: negative
but&new&!nns&!rb: negative
but&new&!nns&rb: neutral
but&new&nns&!nn: positive
but&new&nns&nn: neutral
DecisionTree learned:
!but&!and&!price&!is: neutral
!but&!and&!price&is: negative
!but&!and&price&!more: positive
!but&!and&price&more: negative
!but&and&!prp&!rb: positive
!but&and&!prp&rb: positive
!but&and&prp&!back: positive
!but&and&prp&back: negative
but&!new&!apple&!i: negative
but&!new&!apple&i: negative
but&!new&apple&!nn: conflict
but&!new&apple&nn: neutral
but&new&!nns&!rb: negative
but&new&!nns&rb: neutral
but&new&nns&!nn: positive
but&new&nns&nn: neutral
DecisionTree learned:
!but&!neg&!way&!eee: positive
!but&!neg&!way&eee: conflict
!but&!neg&way&!so: negative
!but&!neg&way&so: conflict
!but&neg&!much&!for: negative
!but&neg&!much&for: negative
!but&neg&much&!pos: conflict
!but&neg&much&pos: neutral
but&!repair&!new&!think: positive
but&!repair&!new&think: neutral
but&!repair&new&!nns: neutral
but&!repair&new&nns: positive
but&repair&!to&!toshiba: negative
but&repair&!to&toshiba: negative
but&repair&to: neutral
DecisionTree learned:
!but&!for&!stack&!replaced: negative
!but&!for&!stack&replaced: neutral
!but&!for&stack: conflict
!but&for&!so&!vb: positive
!but&for&!so&vb: neutral
!but&for&so&!laptop: positive
!but&for&so&laptop: conflict
but&!this&!in&!vbp: conflict
but&!this&!in&vbp: negative
but&!this&in&!yes: positive
but&!this&in&yes: positive
but&this&!neg&!x: positive
but&this&!neg&x: neutral
but&this&neg&!nnp: negative
but&this&neg&nnp: positive
DecisionTree learned:
!but&!other&!opted&!requires: negative
!but&!other&!opted&requires: conflict
!but&!other&opted: conflict
!but&other&!neg&!vb: neutral
!but&other&!neg&vb: positive
!but&other&neg&!than: conflict
!but&other&neg&than: positive
but&!this&!so&!overall: positive
but&!this&!so&overall: neutral
but&!this&so&!pos: conflict
but&!this&so&pos: positive
but&this&!md&!vbn: positive
but&this&!md&vbn: negative
but&this&md&!use: neutral
but&this&md&use: negative
DecisionTree learned:
!but&!neg&!requires&!my: positive
!but&!neg&!requires&my: neutral
!but&!neg&requires: conflict
!but&neg&!other&!opted: negative
!but&neg&!other&opted: conflict
!but&neg&other&!than: conflict
!but&neg&other&than: positive
but&!there&!new&!drive: positive
but&!there&!new&drive: neutral
but&!there&new&!pos: neutral
but&!there&new&pos: neutral
but&there&!much&!to: negative
but&there&!much&to: neutral
but&there&much: positive
DecisionTree learned:
!but&!dollar&!stack&!opted: neutral
!but&!dollar&!stack&opted: conflict
!but&!dollar&stack: conflict
!but&dollar: conflict
but&!repair&!be&!new: positive
but&!repair&!be&new: neutral
but&!repair&be&!with: negative
but&!repair&be&with: neutral
but&repair&!they: negative
but&repair&they&!nnp: neutral
but&repair&they&nnp: negative
DecisionTree learned:
!but&!opted&!long&!use: negative
!but&!opted&!long&use: positive
!but&!opted&long&!though: positive
!but&!opted&long&though: conflict
!but&opted: conflict
but&!in&!to&!vbd: conflict
but&!in&!to&vbd: conflict
but&!in&to&!you: negative
but&!in&to&you: neutral
but&in&!wdt&!battery: neutral
but&in&!wdt&battery: negative
but&in&wdt&!the: neutral
but&in&wdt&the: conflict
DecisionTree learned:
!but&!long&!pos&!much: negative
!but&!long&!pos&much: conflict
!but&!long&pos&!prp: positive
!but&!long&pos&prp: positive
!but&long&!though&!battery: negative
!but&long&!though&battery: positive
!but&long&though: conflict
but&!this&!so&!the: conflict
but&!this&!so&the: positive
but&!this&so&!it: neutral
but&!this&so&it: conflict
but&this&!know&!md: positive
but&this&!know&md: neutral
but&this&know: conflict
DecisionTree learned:
!but&!for&!eee&!laptops: negative
!but&!for&!eee&laptops: conflict
!but&!for&eee: conflict
!but&for&!vbd&!use: positive
!but&for&!vbd&use: neutral
!but&for&vbd&!neg: neutral
!but&for&vbd&neg: conflict
but&!got&!repair&!gb: positive
but&!got&!repair&gb: neutral
but&!got&repair&!to: negative
but&!got&repair&to: neutral
but&got: negative
DecisionTree learned:
!but&!get&!much&!cc: negative
!but&!get&!much&cc: positive
!but&!get&much&!of: positive
!but&!get&much&of: neutral
!but&get&!am&!pay: negative
!but&get&!am&pay: conflict
!but&get&am&!jj: negative
!but&get&am&jj: conflict
but&!this&!so&!tim: negative
but&!this&!so&tim: neutral
but&!this&so&!pos: conflict
but&!this&so&pos: positive
but&this&!know&!md: positive
but&this&!know&md: neutral
but&this&know: conflict
DecisionTree learned:
!but&!for&!get&!much: negative
!but&!for&!get&much: positive
!but&!for&get&!am: negative
!but&!for&get&am: conflict
!but&for&!cc&!battery: positive
!but&for&!cc&battery: conflict
!but&for&cc&!dollar: neutral
!but&for&cc&dollar: conflict
but&!repair&!there&!new: conflict
but&!repair&!there&new: neutral
but&!repair&there&!much: negative
but&!repair&there&much: positive
but&repair&!to&!toshiba: negative
but&repair&!to&toshiba: negative
but&repair&to: neutral
DecisionTree learned:
!but&!for&!requires&!stack: negative
!but&!for&!requires&stack: conflict
!but&!for&requires: conflict
!but&for&!so&!vbd: positive
!but&for&!so&vbd: neutral
!but&for&so&!laptop: negative
!but&for&so&laptop: conflict
but&!this&!machine&!mac: conflict
but&!this&!machine&mac: positive
but&!this&machine: positive
but&this&!know&!neg: positive
but&this&!know&neg: negative
but&this&know: conflict
DecisionTree learned:
!but&!uses&!dollar&!generally: negative
!but&!uses&!dollar&generally: conflict
!but&!uses&dollar: conflict
!but&uses&!this: neutral
!but&uses&this: conflict
but&!this&!card&!in: conflict
but&!this&!card&in: positive
but&!this&card&!so: conflict
but&!this&card&so: conflict
but&this&!md&!x: positive
but&this&!md&x: neutral
but&this&md&!nns: neutral
but&this&md&nns: negative
DecisionTree learned:
!but&!after&!fast&!generally: negative
!but&!after&!fast&generally: conflict
!but&!after&fast&!with: positive
!but&!after&fast&with: positive
!but&after&!with&!what: neutral
!but&after&!with&what: positive
!but&after&with&!nnp: negative
!but&after&with&nnp: positive
but&!apple&!drive&!new: positive
but&!apple&!drive&new: neutral
but&!apple&drive&!to: neutral
but&!apple&drive&to: negative
but&apple&!vbz&!nn: conflict
but&apple&!vbz&nn: positive
but&apple&vbz&!rb: neutral
but&apple&vbz&rb: neutral
DecisionTree learned:
!but&!for&!stack&!cd: negative
!but&!for&!stack&cd: neutral
!but&!for&stack: conflict
!but&for&!so&!vbd: positive
!but&for&!so&vbd: neutral
!but&for&so&!battery: negative
!but&for&so&battery: conflict
but&!this&!so&!wdt: negative
but&!this&!so&wdt: conflict
but&!this&so&!it: neutral
but&!this&so&it: conflict
but&this&!experience&!md: positive
but&this&!experience&md: neutral
but&this&experience&!nnp: negative
but&this&experience&nnp: conflict
DecisionTree learned:
!but&!uses&!vbp&!much: negative
!but&!uses&!vbp&much: positive
!but&!uses&vbp&!get: neutral
!but&!uses&vbp&get: negative
!but&uses&!this: neutral
!but&uses&this: conflict
but&!this&!mac&!so: conflict
but&!this&!mac&so: conflict
but&!this&mac&!in: negative
but&!this&mac&in: positive
but&this&!computer&!neg: positive
but&this&!computer&neg: negative
but&this&computer&!nnp: negative
but&this&computer&nnp: conflict
DecisionTree learned:
!but&!dollar&!uses&!after: positive
!but&!dollar&!uses&after: neutral
!but&!dollar&uses&!this: neutral
!but&!dollar&uses&this: conflict
!but&dollar: conflict
but&!i&!mac&!to: conflict
but&!i&!mac&to: neutral
but&!i&mac&!you: positive
but&!i&mac&you: neutral
but&i&!inch&!dt: negative
but&i&!inch&dt: neutral
but&i&inch: conflict
DecisionTree learned:
!but&!get&!and&!nnp: negative
!but&!get&!and&nnp: negative
!but&!get&and&!vbd: positive
!but&!get&and&vbd: neutral
!but&get&!am&!pro: negative
!but&get&!am&pro: positive
!but&get&am&!jj: negative
!but&get&am&jj: conflict
but&!mac&!i&!to: conflict
but&!mac&!i&to: neutral
but&!mac&i&!on: positive
but&!mac&i&on: neutral
but&mac&!if&!it: neutral
but&mac&!if&it: neutral
but&mac&if: positive
DecisionTree learned:
!but&!requires&!in&!service: positive
!but&!requires&!in&service: neutral
!but&!requires&in&!opted: neutral
!but&!requires&in&opted: conflict
!but&requires: conflict
but&!there&!new&!drive: positive
but&!there&!new&drive: negative
but&!there&new&!nns: neutral
but&!there&new&nns: neutral
but&there&!to&!much: negative
but&there&!to&much: positive
but&there&to&!in: neutral
but&there&to&in: neutral
DecisionTree learned:
!but&!opted&!pc&!generally: negative
!but&!opted&!pc&generally: conflict
!but&!opted&pc&!users: positive
!but&!opted&pc&users: neutral
!but&opted: conflict
but&!mac&!if&!apple: positive
but&!mac&!if&apple: neutral
but&!mac&if&!to: negative
but&!mac&if&to: neutral
but&mac&!more&!up: neutral
but&mac&!more&up: positive
but&mac&more: positive
DecisionTree learned:
!but&!generally&!opted&!uses: negative
!but&!generally&!opted&uses: neutral
!but&!generally&opted: conflict
!but&generally: conflict
but&!think&!new&!size: positive
but&!think&!new&size: neutral
but&!think&new&!nns: neutral
but&!think&new&nns: positive
but&think&!on: negative
but&think&on: neutral
DecisionTree learned:
!but&!opted&!eee&!generally: negative
!but&!opted&!eee&generally: conflict
!but&!opted&eee: conflict
!but&opted: conflict
but&!computer&!this&!there: positive
but&!computer&!this&there: negative
but&!computer&this&!md: positive
but&!computer&this&md: neutral
but&computer&!wdt&!keys: negative
but&computer&!wdt&keys: conflict
but&computer&wdt&!nnp: conflict
but&computer&wdt&nnp: conflict
DecisionTree learned:
!but&!requires&!in&!they: positive
!but&!requires&!in&they: neutral
!but&!requires&in&!long: neutral
!but&!requires&in&long: positive
!but&requires: conflict
but&!there&!on&!with: positive
but&!there&!on&with: neutral
but&!there&on&!i: negative
but&!there&on&i: neutral
but&there&!much&!to: negative
but&there&!much&to: neutral
but&there&much: positive
DecisionTree learned:
!but&!neg&!requires&!eee: positive
!but&!neg&!requires&eee: conflict
!but&!neg&requires: conflict
!but&neg&!much&!for: negative
!but&neg&!much&for: positive
!but&neg&much&!pos: conflict
!but&neg&much&pos: neutral
but&!this&!so&!that: negative
but&!this&!so&that: conflict
but&!this&so&!pos: conflict
but&!this&so&pos: positive
but&this&!md&!neg: positive
but&this&!md&neg: negative
but&this&md&!nns: neutral
but&this&md&nns: negative
DecisionTree learned:
!but&!stack&!generally&!vbn: positive
!but&!stack&!generally&vbn: negative
!but&!stack&generally: conflict
!but&stack: conflict
but&!tim&!new&!jj: conflict
but&!tim&!new&jj: negative
but&!tim&new&!nns: neutral
but&!tim&new&nns: positive
but&tim: neutral
DecisionTree learned:
!but&!other&!not&!much: positive
!but&!other&!not&much: positive
!but&!other&not&!through: negative
!but&!other&not&through: neutral
!but&other&!neg&!vb: neutral
!but&other&!neg&vb: positive
!but&other&neg&!than: conflict
!but&other&neg&than: positive
but&!this&!in&!vbp: conflict
but&!this&!in&vbp: negative
but&!this&in&!nns: neutral
but&!this&in&nns: positive
but&this&!neg&!vb: positive
but&this&!neg&vb: neutral
but&this&neg&!for: negative
but&this&neg&for: neutral
DecisionTree learned:
!but&!for&!laptops&!get: negative
!but&!for&!laptops&get: negative
!but&!for&laptops&!it: positive
!but&!for&laptops&it: conflict
!but&for&!vbd&!long: neutral
!but&for&!vbd&long: conflict
!but&for&vbd&!neg: neutral
!but&for&vbd&neg: conflict
but&!got&!mac&!this: conflict
but&!got&!mac&this: neutral
but&!got&mac&!bit: positive
but&!got&mac&bit: neutral
but&got: negative
DecisionTree learned:
!but&!neg&!way&!rarely: positive
!but&!neg&!way&rarely: negative
!but&!neg&way&!laptop: negative
!but&!neg&way&laptop: conflict
!but&neg&!much&!opted: negative
!but&neg&!much&opted: conflict
!but&neg&much&!pos: conflict
!but&neg&much&pos: neutral
but&!if&!new&!apple: negative
but&!if&!new&apple: neutral
but&!if&new&!nns: neutral
but&!if&new&nns: neutral
but&if&!to: negative
but&if&to: neutral
DecisionTree learned:
!but&!generally&!vbn&!get: positive
!but&!generally&!vbn&get: negative
!but&!generally&vbn&!very: negative
!but&!generally&vbn&very: positive
!but&generally: conflict
but&!mac&!this&!disc: conflict
but&!mac&!this&disc: neutral
but&!mac&this&!know: negative
but&!mac&this&know: conflict
but&mac&!in: negative
but&mac&in&!prp: positive
but&mac&in&prp: neutral
DecisionTree learned:
!but&!opted&!much&!get: negative
!but&!opted&!much&get: negative
!but&!opted&much&!i: positive
!but&!opted&much&i: neutral
!but&opted: conflict
but&!web&!screen&!two: negative
but&!web&!screen&two: conflict
but&!web&screen&!and: conflict
but&!web&screen&and: negative
but&web&!nnp: neutral
but&web&nnp: positive
DecisionTree learned:
!but&!price&!opted&!long: negative
!but&!price&!opted&long: positive
!but&!price&opted: conflict
!but&price&!worth&!off: positive
!but&price&!worth&off: neutral
!but&price&worth&!pos: conflict
!but&price&worth&pos: negative
but&!i&!tim&!mac: conflict
but&!i&!tim&mac: positive
but&!i&tim: neutral
but&i&!on&!a: positive
but&i&!on&a: neutral
but&i&on&!vbg: neutral
but&i&on&vbg: positive
DecisionTree learned:
!but&!neg&!way&!rarely: positive
!but&!neg&!way&rarely: negative
!but&!neg&way&!so: negative
!but&!neg&way&so: conflict
!but&neg&!much&!desktop: negative
!but&neg&!much&desktop: neutral
!but&neg&much&!pos: conflict
!but&neg&much&pos: neutral
but&!new&!jj&!jjr: neutral
but&!new&!jj&jjr: conflict
but&!new&jj&!pos: negative
but&!new&jj&pos: positive
but&new&!nns&!rb: negative
but&new&!nns&rb: neutral
but&new&nns&!vbg: neutral
but&new&nns&vbg: positive
DecisionTree learned:
!but&!generally&!vbn&!get: positive
!but&!generally&!vbn&get: negative
!but&!generally&vbn&!vbd: negative
!but&!generally&vbn&vbd: neutral
!but&generally: conflict
but&!disc&!nothing&!so: positive
but&!disc&!nothing&so: neutral
but&!disc&nothing: negative
but&disc&!rb: neutral
but&disc&rb: neutral
DecisionTree learned:
!but&!generally&!vbn&!run: positive
!but&!generally&!vbn&run: neutral
!but&!generally&vbn&!vbd: negative
!but&!generally&vbn&vbd: neutral
!but&generally: conflict
but&!new&!drive&!size: conflict
but&!new&!drive&size: neutral
but&!new&drive&!think: negative
but&!new&drive&think: neutral
but&new&!with&!jjr: positive
but&new&!with&jjr: neutral
but&new&with&!nnp: neutral
but&new&with&nnp: neutral
DecisionTree learned:
!but&!requires&!neg&!long: positive
!but&!requires&!neg&long: positive
!but&!requires&neg&!desktop: negative
!but&!requires&neg&desktop: neutral
!but&requires: conflict
but&!mac&!this&!outside: conflict
but&!mac&!this&outside: neutral
but&!mac&this&!know: negative
but&!mac&this&know: conflict
but&mac&!in: negative
but&mac&in&!vbn: neutral
but&mac&in&vbn: positive
DecisionTree learned:
!but&!much&!generally&!get: negative
!but&!much&!generally&get: negative
!but&!much&generally: conflict
!but&much&!i&!neg: positive
!but&much&!i&neg: conflict
!but&much&i&!rp: neutral
!but&much&i&rp: conflict
but&!mac&!apple&!i: negative
but&!mac&!apple&i: positive
but&!mac&apple&!nn: conflict
but&!mac&apple&nn: neutral
but&mac&!up&!it: neutral
but&mac&!up&it: neutral
but&mac&up: positive
Trial 0 Training cc.mallet.classify.AdaBoostM2Trainer@2d58f9d3 finished
Trial 0 Trainer cc.mallet.classify.AdaBoostM2Trainer@2d58f9d3 test data accuracy = 0.5720081135902637

NaiveBayesTrainer
Summary. test accuracy mean = 0.6227180527383367 stddev = 0.0 stderr = 0.0

MaxEntTrainer,gaussianPriorVariance=1.0
Summary. test accuracy mean = 0.6348884381338742 stddev = 0.0 stderr = 0.0

cc.mallet.classify.DecisionTreeTrainer@2adb1d4
Summary. test accuracy mean = 0.5415821501014199 stddev = 0.0 stderr = 0.0

cc.mallet.classify.AdaBoostM2Trainer@2d58f9d3
Summary. test accuracy mean = 0.5720081135902637 stddev = 0.0 stderr = 0.0
