
-------------------- Trial 0  --------------------

Trial 0 Training NaiveBayesTrainer with 1865 instances
Trial 0 Training NaiveBayesTrainer finished
Trial 0 Trainer NaiveBayesTrainer test data accuracy = 0.537525354969574
Trial 0 Training MaxEntTrainer,gaussianPriorVariance=1.0 with 1865 instances
Trial 0 Training MaxEntTrainer,gaussianPriorVariance=1.0 finished
Trial 0 Trainer MaxEntTrainer,gaussianPriorVariance=1.0 test data accuracy = 0.5334685598377282
Trial 0 Training cc.mallet.classify.DecisionTreeTrainer@6719dc16 with 1865 instances
DecisionTree learned:
!use&!warranty&!price&!vista: positive
!use&!warranty&!price&vista: negative
!use&!warranty&price&!tag: positive
!use&!warranty&price&tag: negative
!use&warranty&!year&!to: negative
!use&warranty&!year&to: neutral
!use&warranty&year&!one: neutral
!use&warranty&year&one: neutral
use&!school&!home&!business: positive
use&!school&!home&business: positive
use&!school&home: positive
use&school: neutral
Trial 0 Training cc.mallet.classify.DecisionTreeTrainer@6719dc16 finished
Trial 0 Trainer cc.mallet.classify.DecisionTreeTrainer@6719dc16 test data accuracy = 0.4117647058823529
Trial 0 Training cc.mallet.classify.AdaBoostM2Trainer@5caf993e with 1865 instances
DecisionTree learned:
!use&!warranty&!price&!runs: positive
!use&!warranty&!price&runs: positive
!use&!warranty&price&!tag: positive
!use&!warranty&price&tag: negative
!use&warranty&!one&!extended: negative
!use&warranty&!one&extended: neutral
!use&warranty&one: neutral
use&!school&!home&!business: positive
use&!school&!home&business: positive
use&!school&home: positive
use&school: neutral
DecisionTree learned:
!use&!vista&!price&!warranty: positive
!use&!vista&!price&warranty: neutral
!use&!vista&price&!premium: positive
!use&!vista&price&premium: negative
!use&vista&!system&!os: negative
!use&vista&!system&os: negative
!use&vista&system: neutral
use&!school&!business&!home: positive
use&!school&!business&home: positive
use&!school&business: positive
use&school: neutral
DecisionTree learned:
!use&!warranty&!vista&!price: positive
!use&!warranty&!vista&price: positive
!use&!warranty&vista&!system: negative
!use&!warranty&vista&system: neutral
!use&warranty&!one&!to: neutral
!use&warranty&!one&to: neutral
!use&warranty&one: neutral
use&!school&!home&!business: positive
use&!school&!home&business: positive
use&!school&home: positive
use&school: neutral
DecisionTree learned:
!games&!use&!graphics&!speed: positive
!games&!use&!graphics&speed: positive
!games&!use&graphics&!non: positive
!games&!use&graphics&non: conflict
!games&use&!school&!home: positive
!games&use&!school&home: positive
!games&use&school: neutral
games&!playing&!video&!action: neutral
games&!playing&!video&action: neutral
games&!playing&video: neutral
games&playing: neutral
DecisionTree learned:
!use&!warranty&!vista&!life: positive
!use&!warranty&!vista&life: positive
!use&!warranty&vista&!system: negative
!use&!warranty&vista&system: neutral
!use&warranty&!year&!to: neutral
!use&warranty&!year&to: neutral
!use&warranty&year&!one: neutral
!use&warranty&year&one: neutral
use&!school&!business&!home: positive
use&!school&!business&home: positive
use&!school&business: positive
use&school: neutral
DecisionTree learned:
!use&!graphics&!price&!quality: positive
!use&!graphics&!price&quality: positive
!use&!graphics&price&!retail: positive
!use&!graphics&price&retail: negative
!use&graphics&!non&!card: positive
!use&graphics&!non&card: positive
!use&graphics&non: conflict
use&!school&!home&!business: positive
use&!school&!home&business: positive
use&!school&home: positive
use&school: neutral
DecisionTree learned:
!life&!battery&!screen&!motherboards: positive
!life&!battery&!screen&motherboards: conflict
!life&!battery&screen&!seventeen: positive
!life&!battery&screen&seventeen: conflict
!life&battery&!cell&!timer: negative
!life&battery&!cell&timer: negative
!life&battery&cell: positive
life&!extended&!storage&!battery: positive
life&!extended&!storage&battery: positive
life&!extended&storage: conflict
life&extended: conflict
DecisionTree learned:
!warranty&!bios&!speed&!use: positive
!warranty&!bios&!speed&use: positive
!warranty&!bios&speed&!internet: positive
!warranty&!bios&speed&internet: positive
!warranty&bios: negative
warranty&!year&!to&!service: neutral
warranty&!year&!to&service: negative
warranty&!year&to: neutral
warranty&year&!one: neutral
warranty&year&one: neutral
DecisionTree learned:
!use&!warrenty&!life&!runs: positive
!use&!warrenty&!life&runs: positive
!use&!warrenty&life&!extended: positive
!use&!warrenty&life&extended: conflict
!use&warrenty&!extended: negative
!use&warrenty&extended: negative
use&!school&!business&!home: positive
use&!school&!business&home: positive
use&!school&business: positive
use&school: neutral
DecisionTree learned:
!price&!life&!runs&!quality: positive
!price&!life&!runs&quality: positive
!price&!life&runs: positive
!price&life&!extended&!storage: positive
!price&life&!extended&storage: conflict
!price&life&extended: neutral
price&!tag&!retail&!premium: positive
price&!tag&!retail&premium: negative
price&!tag&retail: negative
price&tag: negative
DecisionTree learned:
!motherboard&!graphics&!works&!use: positive
!motherboard&!graphics&!works&use: positive
!motherboard&!graphics&works: positive
!motherboard&graphics&!non&!card: positive
!motherboard&graphics&!non&card: positive
!motherboard&graphics&non: conflict
motherboard: negative
DecisionTree learned:
!warranty&!vista&!sound&!graphics: positive
!warranty&!vista&!sound&graphics: positive
!warranty&!vista&sound&!quality: negative
!warranty&!vista&sound&quality: negative
!warranty&vista&!system&!windows: negative
!warranty&vista&!system&windows: negative
!warranty&vista&system: neutral
warranty&!year&!extended&!to: negative
warranty&!year&!extended&to: neutral
warranty&!year&extended: neutral
warranty&year&!one: neutral
warranty&year&one: neutral
DecisionTree learned:
!cost&!price&!warranty&!speed: positive
!cost&!price&!warranty&speed: positive
!cost&!price&warranty&!extended: neutral
!cost&!price&warranty&extended: neutral
!cost&price&!tag&!range: positive
!cost&price&!tag&range: negative
!cost&price&tag: conflict
cost: conflict
DecisionTree learned:
!warranty&!screen&!quality&!motherboard: positive
!warranty&!screen&!quality&motherboard: negative
!warranty&!screen&quality&!sound: positive
!warranty&!screen&quality&sound: negative
!warranty&screen&!seventeen&!acer: positive
!warranty&screen&!seventeen&acer: negative
!warranty&screen&seventeen: conflict
warranty&!year&!to&!service: neutral
warranty&!year&!to&service: negative
warranty&!year&to: neutral
warranty&year&!one: neutral
warranty&year&one: neutral
DecisionTree learned:
!games&!warranty&!drive&!quality: positive
!games&!warranty&!drive&quality: negative
!games&!warranty&drive&!cd: negative
!games&!warranty&drive&cd: negative
!games&warranty&!to&!toshiba: neutral
!games&warranty&!to&toshiba: negative
!games&warranty&to: neutral
games&!action&!playing&!video: neutral
games&!action&!playing&video: neutral
games&!action&playing: neutral
games&action: neutral
DecisionTree learned:
!price&!life&!quality&!look: negative
!price&!life&!quality&look: positive
!price&!life&quality&!sound: negative
!price&!life&quality&sound: negative
!price&life&!extended&!storage: positive
!price&life&!extended&storage: conflict
!price&life&extended: neutral
price&!tag&!range&!retail: positive
price&!tag&!range&retail: negative
price&!tag&range: negative
price&tag: conflict
DecisionTree learned:
!speed&!value&!quality&!life: negative
!speed&!value&!quality&life: positive
!speed&!value&quality&!sound: positive
!speed&!value&quality&sound: negative
!speed&value: positive
speed&!internet&!processor: positive
speed&!internet&processor: positive
speed&internet: positive
DecisionTree learned:
!quality&!look&!runs&!price: negative
!quality&!look&!runs&price: positive
!quality&!look&runs: positive
!quality&look: positive
quality&!sound&!build&!construction: positive
quality&!sound&!build&construction: negative
quality&!sound&build: negative
quality&sound: negative
DecisionTree learned:
!pricetag&!quality&!life&!vhs: positive
!pricetag&!quality&!life&vhs: conflict
!pricetag&!quality&life&!extended: positive
!pricetag&!quality&life&extended: neutral
!pricetag&quality&!sound&!graphics: positive
!pricetag&quality&!sound&graphics: positive
!pricetag&quality&sound: negative
pricetag: conflict
DecisionTree learned:
!cost&!quality&!price&!life: negative
!cost&!quality&!price&life: positive
!cost&!quality&price&!tag: positive
!cost&!quality&price&tag: conflict
!cost&quality&!sound&!control: positive
!cost&quality&!sound&control: negative
!cost&quality&sound: negative
cost: conflict
DecisionTree learned:
!quality&!cost&!screen&!drive: positive
!quality&!cost&!screen&drive: negative
!quality&!cost&screen&!seventeen: positive
!quality&!cost&screen&seventeen: conflict
!quality&cost: conflict
quality&!display&!sound&!control: positive
quality&!display&!sound&control: negative
quality&!display&sound: negative
quality&display: positive
DecisionTree learned:
!hard&!drive&!price&!graphics: positive
!hard&!drive&!price&graphics: positive
!hard&!drive&price&!retail: positive
!hard&!drive&price&retail: negative
!hard&drive&!cd&!lacie: negative
!hard&drive&!cd&lacie: neutral
!hard&drive&cd: negative
hard&!reboot&!space&!disk: neutral
hard&!reboot&!space&disk: neutral
hard&!reboot&space: positive
hard&reboot: conflict
DecisionTree learned:
!runs&!life&!price&!quality: negative
!runs&!life&!price&quality: positive
!runs&!life&price&!tag: positive
!runs&!life&price&tag: conflict
!runs&life&!extended&!storage: positive
!runs&life&!extended&storage: conflict
!runs&life&extended: conflict
runs: positive
DecisionTree learned:
!vista&!use&!quality&!life: positive
!vista&!use&!quality&life: positive
!vista&!use&quality&!sound: positive
!vista&!use&quality&sound: negative
!vista&use&!school&!home: positive
!vista&use&!school&home: positive
!vista&use&school: neutral
vista&!system&!windows&!os: negative
vista&!system&!windows&os: negative
vista&!system&windows: negative
vista&system: neutral
DecisionTree learned:
!screen&!cost&!price&!works: negative
!screen&!cost&!price&works: positive
!screen&!cost&price&!tag: positive
!screen&!cost&price&tag: conflict
!screen&cost: conflict
screen&!seventeen&!size&!inch: positive
screen&!seventeen&!size&inch: positive
screen&!seventeen&size: negative
screen&seventeen: conflict
DecisionTree learned:
!life&!quality&!google&!motherboards: positive
!life&!quality&!google&motherboards: conflict
!life&!quality&google: conflict
!life&quality&!display&!sound: positive
!life&quality&!display&sound: negative
!life&quality&display: positive
life&!storage&!extended&!battery: positive
life&!storage&!extended&battery: positive
life&!storage&extended: conflict
life&storage: conflict
DecisionTree learned:
!value&!quality&!life&!screen: positive
!value&!quality&!life&screen: positive
!value&!quality&life&!extended: positive
!value&!quality&life&extended: conflict
!value&quality&!sound&!display: positive
!value&quality&!sound&display: positive
!value&quality&sound: negative
value: positive
DecisionTree learned:
!life&!screen&!pricetag&!quality: positive
!life&!screen&!pricetag&quality: positive
!life&!screen&pricetag: conflict
!life&screen&!seventeen&!size: negative
!life&screen&!seventeen&size: neutral
!life&screen&seventeen: conflict
life&!extended&!storage&!battery: positive
life&!extended&!storage&battery: positive
life&!extended&storage: conflict
life&extended: conflict
DecisionTree learned:
!quality&!value&!life&!screen: negative
!quality&!value&!life&screen: positive
!quality&!value&life&!extended: positive
!quality&!value&life&extended: conflict
!quality&value: positive
quality&!display&!sound&!build: positive
quality&!display&!sound&build: negative
quality&!display&sound: negative
quality&display: positive
DecisionTree learned:
!screen&!quality&!battery&!bios: positive
!screen&!quality&!battery&bios: negative
!screen&!quality&battery&!life: negative
!screen&!quality&battery&life: positive
!screen&quality&!sound&!display: positive
!screen&quality&!sound&display: positive
!screen&quality&sound: negative
screen&!seventeen&!size&!video: positive
screen&!seventeen&!size&video: negative
screen&!seventeen&size: neutral
screen&seventeen: conflict
DecisionTree learned:
!graphics&!life&!screen&!reboot: negative
!graphics&!life&!screen&reboot: conflict
!graphics&!life&screen&!size: positive
!graphics&!life&screen&size: neutral
!graphics&life&!extended&!storage: positive
!graphics&life&!extended&storage: conflict
!graphics&life&extended: conflict
graphics&!non&!card&!screen: positive
graphics&!non&!card&screen: positive
graphics&!non&card: negative
graphics&non: conflict
DecisionTree learned:
!screen&!quality&!battery&!motherboards: positive
!screen&!quality&!battery&motherboards: conflict
!screen&!quality&battery&!life: negative
!screen&!quality&battery&life: positive
!screen&quality&!sound&!construction: positive
!screen&quality&!sound&construction: negative
!screen&quality&sound: negative
screen&!size&!display&!seventeen: positive
screen&!size&!display&seventeen: conflict
screen&!size&display: negative
screen&size: neutral
DecisionTree learned:
!pricetag&!screen&!cost&!quality: positive
!pricetag&!screen&!cost&quality: positive
!pricetag&!screen&cost: conflict
!pricetag&screen&!size&!seventeen: positive
!pricetag&screen&!size&seventeen: conflict
!pricetag&screen&size: neutral
pricetag: conflict
DecisionTree learned:
!full&!explorer&!life&!portability: negative
!full&!explorer&!life&portability: positive
!full&!explorer&life&!extended: positive
!full&!explorer&life&extended: neutral
!full&explorer: conflict
full&!service: negative
full&service: conflict
DecisionTree learned:
!speed&!portability&!functions&!cost: negative
!speed&!portability&!functions&cost: conflict
!speed&!portability&functions: conflict
!speed&portability: conflict
speed&!internet&!processor: positive
speed&!internet&processor: positive
speed&internet: positive
DecisionTree learned:
!battery&!quality&!cost&!screen: positive
!battery&!quality&!cost&screen: positive
!battery&!quality&cost: conflict
!battery&quality&!sound&!build: positive
!battery&quality&!sound&build: negative
!battery&quality&sound: negative
battery&!life&!cell&!timer: negative
battery&!life&!cell&timer: negative
battery&!life&cell: positive
battery&life&!extended: positive
battery&life&extended: conflict
DecisionTree learned:
!life&!screen&!vhs&!price: negative
!life&!screen&!vhs&price: positive
!life&!screen&vhs: conflict
!life&screen&!seventeen&!size: negative
!life&screen&!seventeen&size: neutral
!life&screen&seventeen: conflict
life&!extended&!storage&!battery: positive
life&!extended&!storage&battery: positive
life&!extended&storage: conflict
life&extended: conflict
DecisionTree learned:
!quality&!screen&!price&!life: negative
!quality&!screen&!price&life: positive
!quality&!screen&price&!tag: positive
!quality&!screen&price&tag: conflict
!quality&screen&!seventeen&!size: positive
!quality&screen&!seventeen&size: positive
!quality&screen&seventeen: conflict
quality&!display&!sound&!control: positive
quality&!display&!sound&control: negative
quality&!display&sound: negative
quality&display: positive
DecisionTree learned:
!explorer&!price&!quality&!screen: negative
!explorer&!price&!quality&screen: positive
!explorer&!price&quality&!sound: positive
!explorer&!price&quality&sound: negative
!explorer&price&!tag&!premium: positive
!explorer&price&!tag&premium: negative
!explorer&price&tag: conflict
explorer: conflict
DecisionTree learned:
!screen&!graphics&!quality&!life: negative
!screen&!graphics&!quality&life: positive
!screen&!graphics&quality&!connect: positive
!screen&!graphics&quality&connect: negative
!screen&graphics&!non&!card: positive
!screen&graphics&!non&card: positive
!screen&graphics&non: conflict
screen&!size&!seventeen&!stock: positive
screen&!size&!seventeen&stock: negative
screen&!size&seventeen: conflict
screen&size: neutral
DecisionTree learned:
!screen&!functions&!quality&!cost: positive
!screen&!functions&!quality&cost: conflict
!screen&!functions&quality&!control: positive
!screen&!functions&quality&control: negative
!screen&functions: conflict
screen&!seventeen&!size&!inch: positive
screen&!seventeen&!size&inch: neutral
screen&!seventeen&size: neutral
screen&seventeen: conflict
DecisionTree learned:
!life&!quality&!cost&!screen: positive
!life&!quality&!cost&screen: negative
!life&!quality&cost: conflict
!life&quality&!display&!sound: positive
!life&quality&!display&sound: negative
!life&quality&display: positive
life&!extended&!storage&!battery: positive
life&!extended&!storage&battery: positive
life&!extended&storage: conflict
life&extended: conflict
DecisionTree learned:
!life&!screen&!cost&!quality: positive
!life&!screen&!cost&quality: negative
!life&!screen&cost: conflict
!life&screen&!seventeen&!size: negative
!life&screen&!seventeen&size: neutral
!life&screen&seventeen: conflict
life&!storage&!extended&!battery: positive
life&!storage&!extended&battery: positive
life&!storage&extended: conflict
life&storage: conflict
DecisionTree learned:
!runs&!quality&!life&!screen: positive
!runs&!quality&!life&screen: positive
!runs&!quality&life&!extended: positive
!runs&!quality&life&extended: neutral
!runs&quality&!sound&!build: positive
!runs&quality&!sound&build: negative
!runs&quality&sound: negative
runs: positive
DecisionTree learned:
!cost&!quality&!battery&!screen: positive
!cost&!quality&!battery&screen: negative
!cost&!quality&battery&!life: negative
!cost&!quality&battery&life: positive
!cost&quality&!display&!sound: positive
!cost&quality&!display&sound: negative
!cost&quality&display: positive
cost: conflict
DecisionTree learned:
!use&!screen&!price&!life: negative
!use&!screen&!price&life: positive
!use&!screen&price&!tag: positive
!use&!screen&price&tag: conflict
!use&screen&!size&!lcd: positive
!use&screen&!size&lcd: negative
!use&screen&size: neutral
use&!school&!home: positive
use&!school&home: positive
use&school: neutral
DecisionTree learned:
!quality&!hard&!drive&!life: positive
!quality&!hard&!drive&life: positive
!quality&!hard&drive&!cd: negative
!quality&!hard&drive&cd: conflict
!quality&hard&!reboot&!disk: neutral
!quality&hard&!reboot&disk: neutral
!quality&hard&reboot: conflict
quality&!display&!sound&!control: negative
quality&!display&!sound&control: negative
quality&!display&sound: negative
quality&display: positive
DecisionTree learned:
!vista&!vhs&!quality&!use: positive
!vista&!vhs&!quality&use: positive
!vista&!vhs&quality&!screen: negative
!vista&!vhs&quality&screen: positive
!vista&vhs: conflict
vista&!system&!os&!windows: negative
vista&!system&!os&windows: negative
vista&!system&os: negative
vista&system: neutral
DecisionTree learned:
!features&!vhs&!quality&!screen: negative
!features&!vhs&!quality&screen: negative
!features&!vhs&quality&!sound: positive
!features&!vhs&quality&sound: negative
!features&vhs: conflict
features&!extra&!multi: positive
features&!extra&multi: positive
features&extra: positive
DecisionTree learned:
!screen&!quality&!functions&!cost: positive
!screen&!quality&!functions&cost: conflict
!screen&!quality&functions: conflict
!screen&quality&!sound&!connect: positive
!screen&quality&!sound&connect: negative
!screen&quality&sound: negative
screen&!size&!seventeen&!inch: positive
screen&!size&!seventeen&inch: negative
screen&!size&seventeen: conflict
screen&size: positive
DecisionTree learned:
!graphics&!cost&!screen&!life: positive
!graphics&!cost&!screen&life: positive
!graphics&!cost&screen&!acer: positive
!graphics&!cost&screen&acer: negative
!graphics&cost: conflict
graphics&!non&!card&!cards: positive
graphics&!non&!card&cards: positive
graphics&!non&card: positive
graphics&non: conflict
DecisionTree learned:
!quality&!reboot&!hard&!drive: positive
!quality&!reboot&!hard&drive: negative
!quality&!reboot&hard&!space: neutral
!quality&!reboot&hard&space: positive
!quality&reboot: conflict
quality&!sound&!connect&!construction: positive
quality&!sound&!connect&construction: negative
quality&!sound&connect: negative
quality&sound: negative
DecisionTree learned:
!motherboards&!xp&!portability&!quality: positive
!motherboards&!xp&!portability&quality: negative
!motherboards&!xp&portability: conflict
!motherboards&xp&!sp&!drivers: conflict
!motherboards&xp&!sp&drivers: negative
!motherboards&xp&sp: negative
motherboards: conflict
DecisionTree learned:
!explorer&!quality&!price&!screen: positive
!explorer&!quality&!price&screen: negative
!explorer&!quality&price&!tag: positive
!explorer&!quality&price&tag: conflict
!explorer&quality&!high&!build: negative
!explorer&quality&!high&build: negative
!explorer&quality&high: positive
explorer: conflict
DecisionTree learned:
!explorer&!quality&!price&!screen: negative
!explorer&!quality&!price&screen: negative
!explorer&!quality&price&!tag: positive
!explorer&!quality&price&tag: conflict
!explorer&quality&!high&!graphics: negative
!explorer&quality&!high&graphics: positive
!explorer&quality&high: positive
explorer: conflict
DecisionTree learned:
!screen&!battery&!cost&!google: positive
!screen&!battery&!cost&google: conflict
!screen&!battery&cost: conflict
!screen&battery&!life&!cell: negative
!screen&battery&!life&cell: positive
!screen&battery&life&!extended: positive
!screen&battery&life&extended: neutral
screen&!size&!seventeen&!glass: negative
screen&!size&!seventeen&glass: positive
screen&!size&seventeen: conflict
screen&size: neutral
DecisionTree learned:
!price&!screen&!portability&!full: negative
!price&!screen&!portability&full: conflict
!price&!screen&portability: conflict
!price&screen&!size&!stock: positive
!price&screen&!size&stock: negative
!price&screen&size: neutral
price&!tag&!premium&!range: positive
price&!tag&!premium&range: negative
price&!tag&premium: negative
price&tag: conflict
DecisionTree learned:
!motherboards&!explorer&!google&!quality: positive
!motherboards&!explorer&!google&quality: negative
!motherboards&!explorer&google: conflict
!motherboards&explorer: conflict
motherboards: conflict
DecisionTree learned:
!cost&!quality&!full&!screen: positive
!cost&!quality&!full&screen: negative
!cost&!quality&full&!service: negative
!cost&!quality&full&service: conflict
!cost&quality&!display&!screen: negative
!cost&quality&!display&screen: positive
!cost&quality&display: positive
cost: conflict
DecisionTree learned:
!quality&!full&!google&!price: negative
!quality&!full&!google&price: positive
!quality&!full&google: conflict
!quality&full&!service: negative
!quality&full&service: conflict
quality&!high&!screen&!display: negative
quality&!high&!screen&display: positive
quality&!high&screen: positive
quality&high: positive
DecisionTree learned:
!functions&!explorer&!quality&!google: positive
!functions&!explorer&!quality&google: conflict
!functions&!explorer&quality&!display: positive
!functions&!explorer&quality&display: positive
!functions&explorer: conflict
functions: conflict
DecisionTree learned:
!motherboards&!reboot&!quality&!life: positive
!motherboards&!reboot&!quality&life: positive
!motherboards&!reboot&quality&!build: positive
!motherboards&!reboot&quality&build: negative
!motherboards&reboot: conflict
motherboards: conflict
DecisionTree learned:
!vhs&!life&!quality&!graphics: negative
!vhs&!life&!quality&graphics: positive
!vhs&!life&quality&!control: positive
!vhs&!life&quality&control: negative
!vhs&life&!extended&!storage: positive
!vhs&life&!extended&storage: conflict
!vhs&life&extended: neutral
vhs: conflict
DecisionTree learned:
!pricetag&!quality&!feature&!graphics: positive
!pricetag&!quality&!feature&graphics: positive
!pricetag&!quality&feature&!safety: positive
!pricetag&!quality&feature&safety: neutral
!pricetag&quality&!build&!control: positive
!pricetag&quality&!build&control: negative
!pricetag&quality&build: negative
pricetag: conflict
DecisionTree learned:
!bios&!screen&!battery&!portability: positive
!bios&!screen&!battery&portability: conflict
!bios&!screen&battery&!life: negative
!bios&!screen&battery&life: positive
!bios&screen&!seventeen&!size: positive
!bios&screen&!seventeen&size: neutral
!bios&screen&seventeen: conflict
bios: negative
DecisionTree learned:
!graphics&!quality&!screen&!life: negative
!graphics&!quality&!screen&life: positive
!graphics&!quality&screen&!seventeen: positive
!graphics&!quality&screen&seventeen: conflict
!graphics&quality&!sound&!connect: positive
!graphics&quality&!sound&connect: negative
!graphics&quality&sound: negative
graphics&!non&!card&!screen: positive
graphics&!non&!card&screen: positive
graphics&!non&card: positive
graphics&non: conflict
DecisionTree learned:
!quality&!pricetag&!battery&!portability: positive
!quality&!pricetag&!battery&portability: conflict
!quality&!pricetag&battery&!life: negative
!quality&!pricetag&battery&life: positive
!quality&pricetag: conflict
quality&!sound&!connect&!display: positive
quality&!sound&!connect&display: positive
quality&!sound&connect: negative
quality&sound: negative
DecisionTree learned:
!functions&!life&!screen&!reboot: positive
!functions&!life&!screen&reboot: conflict
!functions&!life&screen&!seventeen: negative
!functions&!life&screen&seventeen: conflict
!functions&life&!extended&!storage: positive
!functions&life&!extended&storage: conflict
!functions&life&extended: conflict
functions: conflict
DecisionTree learned:
!screen&!quality&!works&!full: negative
!screen&!quality&!works&full: conflict
!screen&!quality&works: positive
!screen&quality&!connect&!sound: positive
!screen&quality&!connect&sound: negative
!screen&quality&connect: negative
screen&!seventeen&!size&!backlit: negative
screen&!seventeen&!size&backlit: positive
screen&!seventeen&size: negative
screen&seventeen: conflict
DecisionTree learned:
!screen&!life&!google&!camera: negative
!screen&!life&!google&camera: conflict
!screen&!life&google: conflict
!screen&life&!extended&!storage: positive
!screen&life&!extended&storage: conflict
!screen&life&extended: neutral
screen&!size&!backlit&!seventeen: negative
screen&!size&!backlit&seventeen: conflict
screen&!size&backlit: positive
screen&size: negative
DecisionTree learned:
!features&!quality&!value&!warranty: negative
!features&!quality&!value&warranty: neutral
!features&!quality&value: positive
!features&quality&!display&!sound: negative
!features&quality&!display&sound: negative
!features&quality&display: positive
features&!multi&!extra: positive
features&!multi&extra: positive
features&multi: positive
DecisionTree learned:
!screen&!speakers&!life&!cost: positive
!screen&!speakers&!life&cost: conflict
!screen&!speakers&life&!storage: positive
!screen&!speakers&life&storage: conflict
!screen&speakers: conflict
screen&!size&!seventeen&!stock: positive
screen&!size&!seventeen&stock: negative
screen&!size&seventeen: conflict
screen&size: neutral
DecisionTree learned:
!quality&!price&!life&!portability: negative
!quality&!price&!life&portability: conflict
!quality&!price&life&!extended: positive
!quality&!price&life&extended: conflict
!quality&price&!tag&!premium: positive
!quality&price&!tag&premium: negative
!quality&price&tag: conflict
quality&!build&!sound&!control: positive
quality&!build&!sound&control: negative
quality&!build&sound: negative
quality&build: negative
DecisionTree learned:
!motherboards&!quality&!pricetag&!full: positive
!motherboards&!quality&!pricetag&full: conflict
!motherboards&!quality&pricetag: conflict
!motherboards&quality&!display&!sound: negative
!motherboards&quality&!display&sound: negative
!motherboards&quality&display: positive
motherboards: conflict
DecisionTree learned:
!screen&!full&!motherboard&!cost: positive
!screen&!full&!motherboard&cost: conflict
!screen&!full&motherboard: negative
!screen&full&!service: negative
!screen&full&service: conflict
screen&!size&!hinges&!acer: positive
screen&!size&!hinges&acer: negative
screen&!size&hinges: negative
screen&size: neutral
DecisionTree learned:
!quality&!reboot&!motherboards&!screen: negative
!quality&!reboot&!motherboards&screen: negative
!quality&!reboot&motherboards: conflict
!quality&reboot: conflict
quality&!display&!screen&!sound: negative
quality&!display&!screen&sound: negative
quality&!display&screen: positive
quality&display: positive
DecisionTree learned:
!quality&!portability&!battery&!screen: negative
!quality&!portability&!battery&screen: positive
!quality&!portability&battery&!extended: negative
!quality&!portability&battery&extended: conflict
!quality&portability: positive
quality&!sound&!control&!connect: positive
quality&!sound&!control&connect: negative
quality&!sound&control: negative
quality&sound: negative
DecisionTree learned:
!quality&!xp&!life&!graphics: negative
!quality&!xp&!life&graphics: positive
!quality&!xp&life&!storage: positive
!quality&!xp&life&storage: conflict
!quality&xp&!sp&!drivers: conflict
!quality&xp&!sp&drivers: negative
!quality&xp&sp: negative
quality&!build&!display&!high: positive
quality&!build&!display&high: positive
quality&!build&display: positive
quality&build: negative
DecisionTree learned:
!quality&!screen&!portability&!functions: positive
!quality&!screen&!portability&functions: conflict
!quality&!screen&portability: conflict
!quality&screen&!size&!seventeen: positive
!quality&screen&!size&seventeen: conflict
!quality&screen&size: neutral
quality&!sound&!build&!control: positive
quality&!sound&!build&control: negative
quality&!sound&build: negative
quality&sound: negative
DecisionTree learned:
!pricetag&!price&!google&!quality: positive
!pricetag&!price&!google&quality: negative
!pricetag&!price&google: conflict
!pricetag&price&!tag&!premium: positive
!pricetag&price&!tag&premium: negative
!pricetag&price&tag: conflict
pricetag: conflict
DecisionTree learned:
!games&!google&!cost&!life: negative
!games&!google&!cost&life: positive
!games&!google&cost: conflict
!games&google: conflict
games&!video&!action&!playing: neutral
games&!video&!action&playing: neutral
games&!video&action: neutral
games&video: neutral
DecisionTree learned:
!reboot&!hard&!games&!graphics: positive
!reboot&!hard&!games&graphics: positive
!reboot&!hard&games&!video: neutral
!reboot&!hard&games&video: neutral
!reboot&hard&!space&!disk: neutral
!reboot&hard&!space&disk: neutral
!reboot&hard&space: positive
reboot: conflict
DecisionTree learned:
!explorer&!cost&!life&!quality: negative
!explorer&!cost&!life&quality: negative
!explorer&!cost&life&!extended: positive
!explorer&!cost&life&extended: neutral
!explorer&cost: conflict
explorer: conflict
DecisionTree learned:
!cost&!quality&!full&!life: negative
!cost&!quality&!full&life: positive
!cost&!quality&full&!service: negative
!cost&!quality&full&service: conflict
!cost&quality&!build&!display: positive
!cost&quality&!build&display: positive
!cost&quality&build: negative
cost: conflict
DecisionTree learned:
!functions&!life&!weight&!screen: positive
!functions&!life&!weight&screen: positive
!functions&!life&weight: conflict
!functions&life&!storage&!extended: positive
!functions&life&!storage&extended: conflict
!functions&life&storage: conflict
functions: conflict
DecisionTree learned:
!motherboards&!quality&!use&!graphics: negative
!motherboards&!quality&!use&graphics: positive
!motherboards&!quality&use&!school: positive
!motherboards&!quality&use&school: neutral
!motherboards&quality&!sound&!control: positive
!motherboards&quality&!sound&control: negative
!motherboards&quality&sound: negative
motherboards: conflict
DecisionTree learned:
!pricetag&!price&!functions&!battery: negative
!pricetag&!price&!functions&battery: negative
!pricetag&!price&functions: conflict
!pricetag&price&!tag&!range: positive
!pricetag&price&!tag&range: negative
!pricetag&price&tag: conflict
pricetag: conflict
DecisionTree learned:
!battery&!screen&!price&!cost: positive
!battery&!screen&!price&cost: conflict
!battery&!screen&price&!tag: positive
!battery&!screen&price&tag: conflict
!battery&screen&!hinges&!size: positive
!battery&screen&!hinges&size: positive
!battery&screen&hinges: negative
battery&!extended&!life&!cell: negative
battery&!extended&!life&cell: positive
battery&!extended&life: positive
battery&extended: conflict
DecisionTree learned:
!life&!xp&!feature&!screen: negative
!life&!xp&!feature&screen: positive
!life&!xp&feature&!safety: conflict
!life&!xp&feature&safety: neutral
!life&xp&!sp&!drivers: conflict
!life&xp&!sp&drivers: negative
!life&xp&sp: negative
life&!storage&!extended&!battery: positive
life&!storage&!extended&battery: positive
life&!storage&extended: conflict
life&storage: conflict
DecisionTree learned:
!full&!quality&!price&!vhs: negative
!full&!quality&!price&vhs: conflict
!full&!quality&price&!tag: positive
!full&!quality&price&tag: conflict
!full&quality&!display&!sound: positive
!full&quality&!display&sound: negative
!full&quality&display: positive
full&!service: negative
full&service: conflict
DecisionTree learned:
!pricetag&!quality&!screen&!battery: positive
!pricetag&!quality&!screen&battery: negative
!pricetag&!quality&screen&!size: positive
!pricetag&!quality&screen&size: neutral
!pricetag&quality&!display&!connect: positive
!pricetag&quality&!display&connect: negative
!pricetag&quality&display: positive
pricetag: conflict
DecisionTree learned:
!google&!feature&!quality&!cost: positive
!google&!feature&!quality&cost: conflict
!google&!feature&quality&!control: negative
!google&!feature&quality&control: negative
!google&feature&!safety&!drag: conflict
!google&feature&!safety&drag: positive
!google&feature&safety: neutral
google: conflict
DecisionTree learned:
!graphics&!google&!life&!screen: positive
!graphics&!google&!life&screen: negative
!graphics&!google&life&!extended: positive
!graphics&!google&life&extended: conflict
!graphics&google: conflict
graphics&!non&!card&!cards: positive
graphics&!non&!card&cards: positive
graphics&!non&card: positive
graphics&non: conflict
DecisionTree learned:
!explorer&!cost&!quality&!price: positive
!explorer&!cost&!quality&price: positive
!explorer&!cost&quality&!construction: negative
!explorer&!cost&quality&construction: negative
!explorer&cost: conflict
explorer: conflict
DecisionTree learned:
!life&!quality&!screen&!portability: negative
!life&!quality&!screen&portability: conflict
!life&!quality&screen&!size: negative
!life&!quality&screen&size: neutral
!life&quality&!display&!build: positive
!life&quality&!display&build: negative
!life&quality&display: positive
life&!extended&!storage&!battery: positive
life&!extended&!storage&battery: positive
life&!extended&storage: conflict
life&extended: conflict
DecisionTree learned:
!quality&!cost&!look&!games: negative
!quality&!cost&!look&games: neutral
!quality&!cost&look: positive
!quality&cost: conflict
quality&!connect&!sound&!build: positive
quality&!connect&!sound&build: negative
quality&!connect&sound: negative
quality&connect: negative
DecisionTree learned:
!price&!screen&!battery&!speakers: positive
!price&!screen&!battery&speakers: negative
!price&!screen&battery&!life: negative
!price&!screen&battery&life: positive
!price&screen&!size&!seventeen: positive
!price&screen&!size&seventeen: conflict
!price&screen&size: neutral
price&!tag&!range&!premium: positive
price&!tag&!range&premium: negative
price&!tag&range: negative
price&tag: conflict
DecisionTree learned:
!quality&!vhs&!screen&!weight: positive
!quality&!vhs&!screen&weight: conflict
!quality&!vhs&screen&!backlit: positive
!quality&!vhs&screen&backlit: positive
!quality&vhs: conflict
quality&!graphics&!high&!sound: negative
quality&!graphics&!high&sound: negative
quality&!graphics&high: positive
quality&graphics: positive
DecisionTree learned:
!price&!screen&!quality&!portability: positive
!price&!screen&!quality&portability: positive
!price&!screen&quality&!graphics: positive
!price&!screen&quality&graphics: positive
!price&screen&!size&!seventeen: negative
!price&screen&!size&seventeen: conflict
!price&screen&size: neutral
price&!tag&!range&!premium: positive
price&!tag&!range&premium: negative
price&!tag&range: negative
price&tag: conflict
DecisionTree learned:
!quality&!explorer&!screen&!price: negative
!quality&!explorer&!screen&price: positive
!quality&!explorer&screen&!size: positive
!quality&!explorer&screen&size: neutral
!quality&explorer: conflict
quality&!control&!sound&!screen: negative
quality&!control&!sound&screen: positive
quality&!control&sound: negative
quality&control: negative
Trial 0 Training cc.mallet.classify.AdaBoostM2Trainer@5caf993e finished
Trial 0 Trainer cc.mallet.classify.AdaBoostM2Trainer@5caf993e test data accuracy = 0.4077079107505071

NaiveBayesTrainer
Summary. test accuracy mean = 0.537525354969574 stddev = 0.0 stderr = 0.0

MaxEntTrainer,gaussianPriorVariance=1.0
Summary. test accuracy mean = 0.5334685598377282 stddev = 0.0 stderr = 0.0

cc.mallet.classify.DecisionTreeTrainer@6719dc16
Summary. test accuracy mean = 0.4117647058823529 stddev = 0.0 stderr = 0.0

cc.mallet.classify.AdaBoostM2Trainer@5caf993e
Summary. test accuracy mean = 0.4077079107505071 stddev = 0.0 stderr = 0.0
