
-------------------- Trial 0  --------------------

Trial 0 Training NaiveBayesTrainer with 1865 instances
Trial 0 Training NaiveBayesTrainer finished
Trial 0 Trainer NaiveBayesTrainer test data accuracy = 0.537525354969574
Trial 0 Training MaxEntTrainer,gaussianPriorVariance=1.0 with 1865 instances
Trial 0 Training MaxEntTrainer,gaussianPriorVariance=1.0 finished
Trial 0 Trainer MaxEntTrainer,gaussianPriorVariance=1.0 test data accuracy = 0.5334685598377282
Trial 0 Training cc.mallet.classify.DecisionTreeTrainer@b6e39f with 1865 instances
DecisionTree learned:
!use&!warranty&!price&!vista: positive
!use&!warranty&!price&vista: negative
!use&!warranty&price&!tag: positive
!use&!warranty&price&tag: negative
!use&warranty&!year&!to: negative
!use&warranty&!year&to: neutral
!use&warranty&year&!one: neutral
!use&warranty&year&one: neutral
use&!school&!home&!business: positive
use&!school&!home&business: positive
use&!school&home: positive
use&school: neutral
Trial 0 Training cc.mallet.classify.DecisionTreeTrainer@b6e39f finished
Trial 0 Trainer cc.mallet.classify.DecisionTreeTrainer@b6e39f test data accuracy = 0.4117647058823529
Trial 0 Training cc.mallet.classify.AdaBoostM2Trainer@100c62c8 with 1865 instances
DecisionTree learned:
!use&!warranty&!price&!speed: positive
!use&!warranty&!price&speed: positive
!use&!warranty&price&!tag: positive
!use&!warranty&price&tag: conflict
!use&warranty&!year&!to: neutral
!use&warranty&!year&to: neutral
!use&warranty&year&!one: neutral
!use&warranty&year&one: neutral
use&!school&!business&!home: positive
use&!school&!business&home: positive
use&!school&business: positive
use&school: neutral
DecisionTree learned:
!use&!runs&!works&!vista: positive
!use&!runs&!works&vista: negative
!use&!runs&works: positive
!use&runs: positive
use&!school&!business&!home: positive
use&!school&!business&home: positive
use&!school&business: positive
use&school: neutral
DecisionTree learned:
!use&!price&!drive&!vista: positive
!use&!price&!drive&vista: negative
!use&!price&drive&!hard: negative
!use&!price&drive&hard: negative
!use&price&!tag&!premium: positive
!use&price&!tag&premium: negative
!use&price&tag: conflict
use&!school&!business&!home: positive
use&!school&!business&home: positive
use&!school&business: positive
use&school: neutral
DecisionTree learned:
!use&!warranty&!graphics&!life: positive
!use&!warranty&!graphics&life: positive
!use&!warranty&graphics&!non: positive
!use&!warranty&graphics&non: conflict
!use&warranty&!extended&!year: negative
!use&warranty&!extended&year: neutral
!use&warranty&extended: neutral
use&!school&!business&!home: positive
use&!school&!business&home: positive
use&!school&business: positive
use&school: neutral
DecisionTree learned:
!use&!runs&!graphics&!look: positive
!use&!runs&!graphics&look: positive
!use&!runs&graphics&!non: positive
!use&!runs&graphics&non: conflict
!use&runs: positive
use&!school&!home&!business: positive
use&!school&!home&business: positive
use&!school&home: positive
use&school: neutral
DecisionTree learned:
!use&!games&!speed&!life: positive
!use&!games&!speed&life: positive
!use&!games&speed&!internet: positive
!use&!games&speed&internet: positive
!use&games&!playing&!video: neutral
!use&games&!playing&video: neutral
!use&games&playing: neutral
use&!school&!home&!business: positive
use&!school&!home&business: positive
use&!school&home: positive
use&school: neutral
DecisionTree learned:
!life&!pricetag&!quality&!screen: positive
!life&!pricetag&!quality&screen: negative
!life&!pricetag&quality&!sound: positive
!life&!pricetag&quality&sound: negative
!life&pricetag: conflict
life&!storage&!extended&!battery: positive
life&!storage&!extended&battery: positive
life&!storage&extended: conflict
life&storage: conflict
DecisionTree learned:
!warranty&!price&!use&!screen: positive
!warranty&!price&!use&screen: positive
!warranty&!price&use&!school: positive
!warranty&!price&use&school: neutral
!warranty&price&!tag&!range: positive
!warranty&price&!tag&range: negative
!warranty&price&tag: conflict
warranty&!company&!year&!to: negative
warranty&!company&!year&to: neutral
warranty&!company&year&!one: neutral
warranty&!company&year&one: neutral
warranty&company: negative
DecisionTree learned:
!warranty&!vista&!motherboard&!quality: positive
!warranty&!vista&!motherboard&quality: positive
!warranty&!vista&motherboard: negative
!warranty&vista&!system&!os: negative
!warranty&vista&!system&os: negative
!warranty&vista&system: neutral
warranty&!year&!extended&!to: negative
warranty&!year&!extended&to: neutral
warranty&!year&extended: neutral
warranty&year&!one: neutral
warranty&year&one: neutral
DecisionTree learned:
!use&!graphics&!quality&!speed: negative
!use&!graphics&!quality&speed: positive
!use&!graphics&quality&!sound: positive
!use&!graphics&quality&sound: negative
!use&graphics&!card&!beast: positive
!use&graphics&!card&beast: positive
!use&graphics&card&!non: positive
!use&graphics&card&non: conflict
use&!school&!business&!home: positive
use&!school&!business&home: positive
use&!school&business: positive
use&school: neutral
DecisionTree learned:
!screen&!life&!use&!quality: positive
!screen&!life&!use&quality: negative
!screen&!life&use&!school: positive
!screen&!life&use&school: neutral
!screen&life&!extended&!storage: positive
!screen&life&!extended&storage: conflict
!screen&life&extended: conflict
screen&!seventeen&!display&!size: positive
screen&!seventeen&!display&size: positive
screen&!seventeen&display: negative
screen&seventeen: conflict
DecisionTree learned:
!price&!life&!reboot&!quality: positive
!price&!life&!reboot&quality: negative
!price&!life&reboot: conflict
!price&life&!storage&!extended: positive
!price&life&!storage&extended: conflict
!price&life&storage: conflict
price&!tag&!retail&!premium: positive
price&!tag&!retail&premium: negative
price&!tag&retail: negative
price&tag: negative
DecisionTree learned:
!use&!graphics&!value&!price: negative
!use&!graphics&!value&price: positive
!use&!graphics&value: positive
!use&graphics&!non&!beast: positive
!use&graphics&!non&beast: positive
!use&graphics&non: conflict
use&!school&!home&!business: positive
use&!school&!home&business: positive
use&!school&home: positive
use&school: neutral
DecisionTree learned:
!warranty&!screen&!hard&!vista: positive
!warranty&!screen&!hard&vista: negative
!warranty&!screen&hard&!reboot: neutral
!warranty&!screen&hard&reboot: conflict
!warranty&screen&!seventeen&!display: positive
!warranty&screen&!seventeen&display: negative
!warranty&screen&seventeen: conflict
warranty&!company&!to&!service: neutral
warranty&!company&!to&service: negative
warranty&!company&to: neutral
warranty&company: negative
DecisionTree learned:
!warranty&!quality&!vista&!value: positive
!warranty&!quality&!vista&value: positive
!warranty&!quality&vista&!system: negative
!warranty&!quality&vista&system: neutral
!warranty&quality&!sound&!control: positive
!warranty&quality&!sound&control: negative
!warranty&quality&sound: negative
warranty&!year&!company&!extended: negative
warranty&!year&!company&extended: neutral
warranty&!year&company: negative
warranty&year&!one: neutral
warranty&year&one: neutral
DecisionTree learned:
!warranty&!quality&!motherboard&!runs: positive
!warranty&!quality&!motherboard&runs: positive
!warranty&!quality&motherboard: negative
!warranty&quality&!sound&!build: positive
!warranty&quality&!sound&build: negative
!warranty&quality&sound: negative
warranty&!year&!to&!toshiba: neutral
warranty&!year&!to&toshiba: negative
warranty&!year&to: neutral
warranty&year&!one: neutral
warranty&year&one: neutral
DecisionTree learned:
!price&!life&!quality&!screen: positive
!price&!life&!quality&screen: positive
!price&!life&quality&!sound: positive
!price&!life&quality&sound: negative
!price&life&!extended&!storage: positive
!price&life&!extended&storage: conflict
!price&life&extended: conflict
price&!tag&!range&!premium: positive
price&!tag&!range&premium: negative
price&!tag&range: negative
price&tag: conflict
DecisionTree learned:
!google&!quality&!screen&!price: positive
!google&!quality&!screen&price: positive
!google&!quality&screen&!seventeen: positive
!google&!quality&screen&seventeen: conflict
!google&quality&!sound&!display: positive
!google&quality&!sound&display: positive
!google&quality&sound: negative
google: conflict
DecisionTree learned:
!battery&!cost&!price&!bios: positive
!battery&!cost&!price&bios: negative
!battery&!cost&price&!tag: positive
!battery&!cost&price&tag: conflict
!battery&cost: conflict
battery&!life&!cell&!timer: negative
battery&!life&!cell&timer: negative
battery&!life&cell: positive
battery&life&!extended: positive
battery&life&extended: conflict
DecisionTree learned:
!vhs&!quality&!graphics&!use: negative
!vhs&!quality&!graphics&use: positive
!vhs&!quality&graphics&!non: positive
!vhs&!quality&graphics&non: conflict
!vhs&quality&!sound&!build: positive
!vhs&quality&!sound&build: negative
!vhs&quality&sound: negative
vhs: conflict
DecisionTree learned:
!life&!quality&!screen&!cost: positive
!life&!quality&!screen&cost: conflict
!life&!quality&screen&!seventeen: negative
!life&!quality&screen&seventeen: conflict
!life&quality&!sound&!build: positive
!life&quality&!sound&build: negative
!life&quality&sound: negative
life&!extended&!storage&!battery: positive
life&!extended&!storage&battery: positive
life&!extended&storage: conflict
life&extended: neutral
DecisionTree learned:
!life&!bios&!battery&!explorer: positive
!life&!bios&!battery&explorer: conflict
!life&!bios&battery&!timer: negative
!life&!bios&battery&timer: negative
!life&bios: negative
life&!extended&!storage&!battery: positive
life&!extended&!storage&battery: positive
life&!extended&storage: conflict
life&extended: conflict
DecisionTree learned:
!google&!vista&!cost&!screen: positive
!google&!vista&!cost&screen: positive
!google&!vista&cost: conflict
!google&vista&!system&!windows: negative
!google&vista&!system&windows: negative
!google&vista&system: neutral
google: conflict
DecisionTree learned:
!warrenty&!quality&!life&!screen: positive
!warrenty&!quality&!life&screen: positive
!warrenty&!quality&life&!extended: positive
!warrenty&!quality&life&extended: conflict
!warrenty&quality&!sound&!high: positive
!warrenty&quality&!sound&high: positive
!warrenty&quality&sound: negative
warrenty&!extended: negative
warrenty&extended: negative
DecisionTree learned:
!battery&!screen&!cost&!quality: positive
!battery&!screen&!cost&quality: positive
!battery&!screen&cost: conflict
!battery&screen&!seventeen&!size: positive
!battery&screen&!seventeen&size: negative
!battery&screen&seventeen: conflict
battery&!life&!timer&!cell: negative
battery&!life&!timer&cell: positive
battery&!life&timer: negative
battery&life&!extended: positive
battery&life&extended: conflict
DecisionTree learned:
!vista&!external&!quality&!motherboards: positive
!vista&!external&!quality&motherboards: conflict
!vista&!external&quality&!sound: positive
!vista&!external&quality&sound: negative
!vista&external&!speaker&!mouse: neutral
!vista&external&!speaker&mouse: neutral
!vista&external&speaker: positive
vista&!windows&!os: negative
vista&!windows&os: negative
vista&windows&!system: negative
vista&windows&system: neutral
DecisionTree learned:
!quality&!screen&!price&!motherboard: positive
!quality&!screen&!price&motherboard: negative
!quality&!screen&price&!tag: positive
!quality&!screen&price&tag: conflict
!quality&screen&!size&!seventeen: positive
!quality&screen&!size&seventeen: conflict
!quality&screen&size: neutral
quality&!display&!sound&!screen: negative
quality&!display&!sound&screen: positive
quality&!display&sound: negative
quality&display: positive
DecisionTree learned:
!portability&!screen&!price&!life: negative
!portability&!screen&!price&life: positive
!portability&!screen&price&!tag: positive
!portability&!screen&price&tag: conflict
!portability&screen&!seventeen&!size: positive
!portability&screen&!seventeen&size: positive
!portability&screen&seventeen: conflict
portability: positive
DecisionTree learned:
!quality&!warranty&!value&!life: positive
!quality&!warranty&!value&life: positive
!quality&!warranty&value: positive
!quality&warranty&!toshiba&!service: neutral
!quality&warranty&!toshiba&service: negative
!quality&warranty&toshiba&!service: negative
!quality&warranty&toshiba&service: neutral
quality&!sound&!build&!connect: positive
quality&!sound&!build&connect: negative
quality&!sound&build: negative
quality&sound: negative
DecisionTree learned:
!graphics&!screen&!life&!pricetag: negative
!graphics&!screen&!life&pricetag: conflict
!graphics&!screen&life&!extended: positive
!graphics&!screen&life&extended: conflict
!graphics&screen&!size&!seventeen: positive
!graphics&screen&!size&seventeen: conflict
!graphics&screen&size: neutral
graphics&!non&!card&!cards: positive
graphics&!non&!card&cards: positive
graphics&!non&card: positive
graphics&non: conflict
DecisionTree learned:
!portability&!quality&!graphics&!screen: positive
!portability&!quality&!graphics&screen: positive
!portability&!quality&graphics&!non: positive
!portability&!quality&graphics&non: conflict
!portability&quality&!sound&!display: positive
!portability&quality&!sound&display: positive
!portability&quality&sound: negative
portability: conflict
DecisionTree learned:
!full&!motherboard&!life&!screen: positive
!full&!motherboard&!life&screen: positive
!full&!motherboard&life&!extended: positive
!full&!motherboard&life&extended: conflict
!full&motherboard: negative
full&!service: negative
full&service: conflict
DecisionTree learned:
!cost&!vhs&!life&!functions: positive
!cost&!vhs&!life&functions: conflict
!cost&!vhs&life&!extended: positive
!cost&!vhs&life&extended: conflict
!cost&vhs: conflict
cost: conflict
DecisionTree learned:
!cost&!runs&!quality&!reboot: positive
!cost&!runs&!quality&reboot: conflict
!cost&!runs&quality&!sound: positive
!cost&!runs&quality&sound: negative
!cost&runs: positive
cost: conflict
DecisionTree learned:
!screen&!bios&!vhs&!quality: positive
!screen&!bios&!vhs&quality: positive
!screen&!bios&vhs: conflict
!screen&bios: negative
screen&!seventeen&!size&!inch: negative
screen&!seventeen&!size&inch: negative
screen&!seventeen&size: neutral
screen&seventeen: conflict
DecisionTree learned:
!life&!quality&!price&!screen: negative
!life&!quality&!price&screen: negative
!life&!quality&price&!retail: positive
!life&!quality&price&retail: negative
!life&quality&!connect&!sound: positive
!life&quality&!connect&sound: negative
!life&quality&connect: negative
life&!storage&!extended&!battery: positive
life&!storage&!extended&battery: positive
life&!storage&extended: conflict
life&storage: conflict
DecisionTree learned:
!quality&!explorer&!vhs&!cost: positive
!quality&!explorer&!vhs&cost: conflict
!quality&!explorer&vhs: conflict
!quality&explorer: conflict
quality&!connect&!sound&!control: positive
quality&!connect&!sound&control: negative
quality&!connect&sound: negative
quality&connect: negative
DecisionTree learned:
!price&!screen&!quality&!full: positive
!price&!screen&!quality&full: conflict
!price&!screen&quality&!display: negative
!price&!screen&quality&display: positive
!price&screen&!seventeen&!size: positive
!price&screen&!seventeen&size: neutral
!price&screen&seventeen: conflict
price&!tag&!range&!premium: positive
price&!tag&!range&premium: negative
price&!tag&range: negative
price&tag: conflict
DecisionTree learned:
!life&!screen&!cost&!quality: negative
!life&!screen&!cost&quality: positive
!life&!screen&cost: conflict
!life&screen&!seventeen&!inch: positive
!life&screen&!seventeen&inch: negative
!life&screen&seventeen: conflict
life&!extended&!storage&!battery: positive
life&!extended&!storage&battery: positive
life&!extended&storage: conflict
life&extended: conflict
DecisionTree learned:
!pricetag&!explorer&!reboot&!quality: positive
!pricetag&!explorer&!reboot&quality: positive
!pricetag&!explorer&reboot: conflict
!pricetag&explorer: conflict
pricetag: conflict
DecisionTree learned:
!quality&!price&!cost&!pricetag: positive
!quality&!price&!cost&pricetag: conflict
!quality&!price&cost: conflict
!quality&price&!tag&!retail: positive
!quality&price&!tag&retail: negative
!quality&price&tag: conflict
quality&!control&!sound&!display: positive
quality&!control&!sound&display: positive
quality&!control&sound: negative
quality&control: negative
DecisionTree learned:
!motherboards&!explorer&!life&!quality: positive
!motherboards&!explorer&!life&quality: negative
!motherboards&!explorer&life&!extended: positive
!motherboards&!explorer&life&extended: neutral
!motherboards&explorer: conflict
motherboards: conflict
DecisionTree learned:
!life&!quality&!screen&!graphics: positive
!life&!quality&!screen&graphics: positive
!life&!quality&screen&!size: positive
!life&!quality&screen&size: neutral
!life&quality&!display&!sound: positive
!life&quality&!display&sound: negative
!life&quality&display: positive
life&!extended&!storage&!battery: positive
life&!extended&!storage&battery: positive
life&!extended&storage: conflict
life&extended: conflict
DecisionTree learned:
!price&!quality&!pricetag&!motherboards: positive
!price&!quality&!pricetag&motherboards: conflict
!price&!quality&pricetag: conflict
!price&quality&!display&!screen: negative
!price&quality&!display&screen: positive
!price&quality&display: positive
price&!retail&!tag&!range: positive
price&!retail&!tag&range: negative
price&!retail&tag: conflict
price&retail: negative
DecisionTree learned:
!cost&!quality&!screen&!portability: negative
!cost&!quality&!screen&portability: conflict
!cost&!quality&screen&!seventeen: positive
!cost&!quality&screen&seventeen: conflict
!cost&quality&!sound&!display: positive
!cost&quality&!sound&display: positive
!cost&quality&sound: negative
cost: conflict
DecisionTree learned:
!screen&!battery&!price&!motherboards: positive
!screen&!battery&!price&motherboards: conflict
!screen&!battery&price&!range: positive
!screen&!battery&price&range: negative
!screen&battery&!life&!cell: negative
!screen&battery&!life&cell: positive
!screen&battery&life&!extended: positive
!screen&battery&life&extended: neutral
screen&!size&!seventeen&!inch: positive
screen&!size&!seventeen&inch: neutral
screen&!size&seventeen: conflict
screen&size: negative
DecisionTree learned:
!cost&!price&!quality&!value: negative
!cost&!price&!quality&value: positive
!cost&!price&quality&!display: positive
!cost&!price&quality&display: positive
!cost&price&!tag&!premium: positive
!cost&price&!tag&premium: negative
!cost&price&tag: conflict
cost: conflict
DecisionTree learned:
!price&!life&!quality&!pricetag: positive
!price&!life&!quality&pricetag: conflict
!price&!life&quality&!display: positive
!price&!life&quality&display: positive
!price&life&!extended&!storage: positive
!price&life&!extended&storage: conflict
!price&life&extended: conflict
price&!tag&!range&!retail: positive
price&!tag&!range&retail: negative
price&!tag&range: negative
price&tag: conflict
DecisionTree learned:
!life&!warranty&!runs&!quality: positive
!life&!warranty&!runs&quality: positive
!life&!warranty&runs: positive
!life&warranty&!extended&!year: neutral
!life&warranty&!extended&year: neutral
!life&warranty&extended: neutral
life&!extended&!storage&!battery: positive
life&!extended&!storage&battery: positive
life&!extended&storage: conflict
life&extended: conflict
DecisionTree learned:
!quality&!battery&!screen&!cost: negative
!quality&!battery&!screen&cost: conflict
!quality&!battery&screen&!size: negative
!quality&!battery&screen&size: negative
!quality&battery&!life&!cell: negative
!quality&battery&!life&cell: positive
!quality&battery&life&!extended: positive
!quality&battery&life&extended: neutral
quality&!high&!graphics&!display: negative
quality&!high&!graphics&display: positive
quality&!high&graphics: positive
quality&high: positive
DecisionTree learned:
!quality&!life&!screen&!cost: positive
!quality&!life&!screen&cost: conflict
!quality&!life&screen&!seventeen: positive
!quality&!life&screen&seventeen: conflict
!quality&life&!extended&!storage: positive
!quality&life&!extended&storage: conflict
!quality&life&extended: conflict
quality&!control&!connect&!build: positive
quality&!control&!connect&build: negative
quality&!control&connect: negative
quality&control: negative
DecisionTree learned:
!functions&!cost&!quality&!battery: positive
!functions&!cost&!quality&battery: negative
!functions&!cost&quality&!display: negative
!functions&!cost&quality&display: positive
!functions&cost: conflict
functions: conflict
DecisionTree learned:
!screen&!graphics&!life&!quality: negative
!screen&!graphics&!life&quality: negative
!screen&!graphics&life&!extended: positive
!screen&!graphics&life&extended: neutral
!screen&graphics&!non&!card: positive
!screen&graphics&!non&card: positive
!screen&graphics&non: conflict
screen&!size&!video&!resolution: positive
screen&!size&!video&resolution: positive
screen&!size&video: negative
screen&size: positive
DecisionTree learned:
!games&!quality&!cost&!screen: positive
!games&!quality&!cost&screen: positive
!games&!quality&cost: conflict
!games&quality&!graphics&!sound: negative
!games&quality&!graphics&sound: negative
!games&quality&graphics: positive
games&!action&!playing&!video: neutral
games&!action&!playing&video: neutral
games&!action&playing: neutral
games&action: neutral
DecisionTree learned:
!portability&!life&!screen&!vhs: negative
!portability&!life&!screen&vhs: conflict
!portability&!life&screen&!size: positive
!portability&!life&screen&size: neutral
!portability&life&!extended&!storage: positive
!portability&life&!extended&storage: conflict
!portability&life&extended: conflict
portability: conflict
DecisionTree learned:
!quality&!google&!cost&!price: negative
!quality&!google&!cost&price: positive
!quality&!google&cost: conflict
!quality&google: conflict
quality&!sound&!display&!high: positive
quality&!sound&!display&high: positive
quality&!sound&display: positive
quality&sound: negative
DecisionTree learned:
!warranty&!reboot&!hard&!quality: positive
!warranty&!reboot&!hard&quality: negative
!warranty&!reboot&hard&!disk: neutral
!warranty&!reboot&hard&disk: neutral
!warranty&reboot: conflict
warranty&!to&!toshiba&!service: neutral
warranty&!to&!toshiba&service: negative
warranty&!to&toshiba: negative
warranty&to: neutral
DecisionTree learned:
!quality&!screen&!functions&!price: positive
!quality&!screen&!functions&price: positive
!quality&!screen&functions: conflict
!quality&screen&!size&!seventeen: negative
!quality&screen&!size&seventeen: conflict
!quality&screen&size: neutral
quality&!display&!high&!build: positive
quality&!display&!high&build: negative
quality&!display&high: positive
quality&display: positive
DecisionTree learned:
!quality&!life&!price&!screen: negative
!quality&!life&!price&screen: positive
!quality&!life&price&!tag: positive
!quality&!life&price&tag: conflict
!quality&life&!extended&!storage: positive
!quality&life&!extended&storage: conflict
!quality&life&extended: conflict
quality&!control&!sound&!screen: positive
quality&!control&!sound&screen: positive
quality&!control&sound: negative
quality&control: negative
DecisionTree learned:
!motherboards&!life&!vhs&!warranty: positive
!motherboards&!life&!vhs&warranty: neutral
!motherboards&!life&vhs: conflict
!motherboards&life&!extended&!storage: positive
!motherboards&life&!extended&storage: conflict
!motherboards&life&extended: conflict
motherboards: conflict
DecisionTree learned:
!quality&!screen&!battery&!motherboards: positive
!quality&!screen&!battery&motherboards: conflict
!quality&!screen&battery&!life: negative
!quality&!screen&battery&life: positive
!quality&screen&!acer&!size: positive
!quality&screen&!acer&size: neutral
!quality&screen&acer: negative
quality&!display&!control&!sound: positive
quality&!display&!control&sound: negative
quality&!display&control: negative
quality&display: positive
DecisionTree learned:
!quality&!graphics&!screen&!life: negative
!quality&!graphics&!screen&life: positive
!quality&!graphics&screen&!size: negative
!quality&!graphics&screen&size: negative
!quality&graphics&!non&!card: positive
!quality&graphics&!non&card: negative
!quality&graphics&non: conflict
quality&!display&!high&!construction: negative
quality&!display&!high&construction: negative
quality&!display&high: positive
quality&display: positive
DecisionTree learned:
!cost&!full&!quality&!screen: negative
!cost&!full&!quality&screen: negative
!cost&!full&quality&!control: positive
!cost&!full&quality&control: negative
!cost&full&!service: negative
!cost&full&service: conflict
cost: conflict
DecisionTree learned:
!screen&!full&!battery&!quality: positive
!screen&!full&!battery&quality: positive
!screen&!full&battery&!extended: negative
!screen&!full&battery&extended: neutral
!screen&full&!service: negative
!screen&full&service: conflict
screen&!size&!glass&!seventeen: positive
screen&!size&!glass&seventeen: conflict
screen&!size&glass: positive
screen&size: neutral
DecisionTree learned:
!quality&!weight&!cost&!screen: positive
!quality&!weight&!cost&screen: negative
!quality&!weight&cost: conflict
!quality&weight: conflict
quality&!sound&!control&!connect: positive
quality&!sound&!control&connect: negative
quality&!sound&control: negative
quality&sound: negative
DecisionTree learned:
!motherboards&!weight&!feature&!quality: negative
!motherboards&!weight&!feature&quality: negative
!motherboards&!weight&feature&!safety: positive
!motherboards&!weight&feature&safety: neutral
!motherboards&weight: conflict
motherboards: conflict
DecisionTree learned:
!quality&!functions&!full&!motherboards: positive
!quality&!functions&!full&motherboards: conflict
!quality&!functions&full&!service: negative
!quality&!functions&full&service: conflict
!quality&functions: conflict
quality&!construction&!usb&!build: positive
quality&!construction&!usb&build: negative
quality&!construction&usb: negative
quality&construction: negative
DecisionTree learned:
!graphics&!speakers&!functions&!life: negative
!graphics&!speakers&!functions&life: positive
!graphics&!speakers&functions: conflict
!graphics&speakers: negative
graphics&!non&!card&!quality: positive
graphics&!non&!card&quality: positive
graphics&!non&card: negative
graphics&non: conflict
DecisionTree learned:
!functions&!quality&!cost&!screen: positive
!functions&!quality&!cost&screen: positive
!functions&!quality&cost: conflict
!functions&quality&!sound&!display: positive
!functions&quality&!sound&display: positive
!functions&quality&sound: negative
functions: conflict
DecisionTree learned:
!life&!price&!quality&!card: negative
!life&!price&!quality&card: conflict
!life&!price&quality&!sound: negative
!life&!price&quality&sound: negative
!life&price&!tag&!range: positive
!life&price&!tag&range: negative
!life&price&tag: conflict
life&!storage&!extended&!battery: positive
life&!storage&!extended&battery: positive
life&!storage&extended: conflict
life&storage: conflict
DecisionTree learned:
!vhs&!google&!cost&!price: negative
!vhs&!google&!cost&price: positive
!vhs&!google&cost: conflict
!vhs&google: conflict
vhs: conflict
DecisionTree learned:
!screen&!price&!life&!quality: negative
!screen&!price&!life&quality: positive
!screen&!price&life&!extended: positive
!screen&!price&life&extended: conflict
!screen&price&!tag&!retail: positive
!screen&price&!tag&retail: negative
!screen&price&tag: conflict
screen&!size&!seventeen&!inch: negative
screen&!size&!seventeen&inch: neutral
screen&!size&seventeen: conflict
screen&size: neutral
DecisionTree learned:
!screen&!vhs&!quality&!graphics: positive
!screen&!vhs&!quality&graphics: positive
!screen&!vhs&quality&!sound: negative
!screen&!vhs&quality&sound: negative
!screen&vhs: conflict
screen&!size&!hinges&!seventeen: positive
screen&!size&!hinges&seventeen: conflict
screen&!size&hinges: negative
screen&size: neutral
DecisionTree learned:
!quality&!battery&!price&!screen: positive
!quality&!battery&!price&screen: negative
!quality&!battery&price&!tag: positive
!quality&!battery&price&tag: conflict
!quality&battery&!life&!cell: negative
!quality&battery&!life&cell: positive
!quality&battery&life&!extended: positive
!quality&battery&life&extended: conflict
quality&!sound&!connect&!build: positive
quality&!sound&!connect&build: negative
quality&!sound&connect: negative
quality&sound: negative
DecisionTree learned:
!warranty&!quality&!value&!full: negative
!warranty&!quality&!value&full: conflict
!warranty&!quality&value: positive
!warranty&quality&!sound&!build: positive
!warranty&quality&!sound&build: negative
!warranty&quality&sound: negative
warranty&!extended&!company&!to: neutral
warranty&!extended&!company&to: neutral
warranty&!extended&company: negative
warranty&extended: neutral
DecisionTree learned:
!quality&!speed&!runs&!screen: negative
!quality&!speed&!runs&screen: positive
!quality&!speed&runs: positive
!quality&speed&!internet&!processor: positive
!quality&speed&!internet&processor: positive
!quality&speed&internet: positive
quality&!screen&!display&!construction: positive
quality&!screen&!display&construction: negative
quality&!screen&display: positive
quality&screen: positive
DecisionTree learned:
!screen&!battery&!quality&!google: positive
!screen&!battery&!quality&google: conflict
!screen&!battery&quality&!sound: negative
!screen&!battery&quality&sound: negative
!screen&battery&!life&!cell: negative
!screen&battery&!life&cell: positive
!screen&battery&life&!extended: positive
!screen&battery&life&extended: conflict
screen&!size&!glass&!seventeen: positive
screen&!size&!glass&seventeen: conflict
screen&!size&glass: positive
screen&size: neutral
DecisionTree learned:
!functions&!battery&!motherboards&!cost: positive
!functions&!battery&!motherboards&cost: conflict
!functions&!battery&motherboards: conflict
!functions&battery&!life&!cell: negative
!functions&battery&!life&cell: positive
!functions&battery&life&!extended: positive
!functions&battery&life&extended: conflict
functions: conflict
DecisionTree learned:
!cost&!screen&!portability&!weight: positive
!cost&!screen&!portability&weight: conflict
!cost&!screen&portability: conflict
!cost&screen&!size&!glass: positive
!cost&screen&!size&glass: positive
!cost&screen&size: neutral
cost: conflict
DecisionTree learned:
!use&!speakers&!quality&!cost: negative
!use&!speakers&!quality&cost: conflict
!use&!speakers&quality&!display: negative
!use&!speakers&quality&display: positive
!use&speakers: conflict
use&!school&!home: positive
use&!school&home: positive
use&school: neutral
DecisionTree learned:
!graphics&!portability&!motherboards&!life: negative
!graphics&!portability&!motherboards&life: positive
!graphics&!portability&motherboards: conflict
!graphics&portability: conflict
graphics&!non&!card&!screen: positive
graphics&!non&!card&screen: positive
graphics&!non&card: positive
graphics&non: conflict
DecisionTree learned:
!pricetag&!quality&!screen&!price: positive
!pricetag&!quality&!screen&price: positive
!pricetag&!quality&screen&!size: negative
!pricetag&!quality&screen&size: neutral
!pricetag&quality&!display&!control: negative
!pricetag&quality&!display&control: negative
!pricetag&quality&display: positive
pricetag: conflict
DecisionTree learned:
!games&!quality&!feature&!price: negative
!games&!quality&!feature&price: positive
!games&!quality&feature&!safety: positive
!games&!quality&feature&safety: neutral
!games&quality&!control&!connect: positive
!games&quality&!control&connect: negative
!games&quality&control: negative
games&!action&!playing&!video: neutral
games&!action&!playing&video: neutral
games&!action&playing: neutral
games&action: neutral
DecisionTree learned:
!screen&!battery&!price&!quality: negative
!screen&!battery&!price&quality: positive
!screen&!battery&price&!tag: positive
!screen&!battery&price&tag: conflict
!screen&battery&!life&!cell: negative
!screen&battery&!life&cell: positive
!screen&battery&life&!extended: positive
!screen&battery&life&extended: conflict
screen&!size&!seventeen&!display: positive
screen&!size&!seventeen&display: negative
screen&!size&seventeen: conflict
screen&size: neutral
DecisionTree learned:
!screen&!functions&!quality&!camera: positive
!screen&!functions&!quality&camera: conflict
!screen&!functions&quality&!connect: positive
!screen&!functions&quality&connect: negative
!screen&functions: conflict
screen&!size&!resolutions&!seventeen: positive
screen&!size&!resolutions&seventeen: conflict
screen&!size&resolutions: negative
screen&size: neutral
DecisionTree learned:
!quality&!pricetag&!feature&!full: negative
!quality&!pricetag&!feature&full: conflict
!quality&!pricetag&feature&!safety: conflict
!quality&!pricetag&feature&safety: neutral
!quality&pricetag: conflict
quality&!build&!connect&!sound: positive
quality&!build&!connect&sound: negative
quality&!build&connect: negative
quality&build: negative
DecisionTree learned:
!cost&!life&!portability&!screen: positive
!cost&!life&!portability&screen: positive
!cost&!life&portability: conflict
!cost&life&!extended&!storage: positive
!cost&life&!extended&storage: conflict
!cost&life&extended: conflict
cost: conflict
DecisionTree learned:
!warranty&!weight&!games&!graphics: negative
!warranty&!weight&!games&graphics: positive
!warranty&!weight&games&!playing: neutral
!warranty&!weight&games&playing: neutral
!warranty&weight: conflict
warranty&!one&!extended&!to: neutral
warranty&!one&!extended&to: neutral
warranty&!one&extended: neutral
warranty&one: neutral
DecisionTree learned:
!vhs&!life&!quality&!portability: negative
!vhs&!life&!quality&portability: conflict
!vhs&!life&quality&!control: positive
!vhs&!life&quality&control: negative
!vhs&life&!extended&!storage: positive
!vhs&life&!extended&storage: conflict
!vhs&life&extended: conflict
vhs: conflict
DecisionTree learned:
!quality&!life&!price&!screen: positive
!quality&!life&!price&screen: positive
!quality&!life&price&!tag: positive
!quality&!life&price&tag: conflict
!quality&life&!storage&!extended: positive
!quality&life&!storage&extended: conflict
!quality&life&storage: conflict
quality&!control&!connect&!construction: conflict
quality&!control&!connect&construction: negative
quality&!control&connect: negative
quality&control: negative
DecisionTree learned:
!price&!life&!screen&!camera: negative
!price&!life&!screen&camera: conflict
!price&!life&screen&!seventeen: negative
!price&!life&screen&seventeen: conflict
!price&life&!extended&!storage: positive
!price&life&!extended&storage: conflict
!price&life&extended: conflict
price&!tag&!retail&!premium: positive
price&!tag&!retail&premium: negative
price&!tag&retail: negative
price&tag: conflict
DecisionTree learned:
!screen&!graphics&!portability&!life: negative
!screen&!graphics&!portability&life: positive
!screen&!graphics&portability: positive
!screen&graphics&!non&!card: positive
!screen&graphics&!non&card: negative
!screen&graphics&non: conflict
screen&!video&!size&!resolution: positive
screen&!video&!size&resolution: positive
screen&!video&size: neutral
screen&video: negative
DecisionTree learned:
!quality&!speed&!up&!feature: negative
!quality&!speed&!up&feature: conflict
!quality&!speed&up&!boot: positive
!quality&!speed&up&boot: negative
!quality&speed&!internet&!processor: positive
!quality&speed&!internet&processor: positive
!quality&speed&internet: positive
quality&!connect&!sound&!screen: positive
quality&!connect&!sound&screen: positive
quality&!connect&sound: negative
quality&connect: negative
DecisionTree learned:
!quality&!screen&!life&!price: negative
!quality&!screen&!life&price: positive
!quality&!screen&life&!extended: positive
!quality&!screen&life&extended: conflict
!quality&screen&!size&!seventeen: negative
!quality&screen&!size&seventeen: conflict
!quality&screen&size: neutral
quality&!screen&!build&!connect: negative
quality&!screen&!build&connect: negative
quality&!screen&build: negative
quality&screen: positive
DecisionTree learned:
!reboot&!quality&!life&!full: positive
!reboot&!quality&!life&full: conflict
!reboot&!quality&life&!extended: positive
!reboot&!quality&life&extended: conflict
!reboot&quality&!build&!connect: positive
!reboot&quality&!build&connect: negative
!reboot&quality&build: negative
reboot: conflict
DecisionTree learned:
!life&!screen&!quality&!speed: positive
!life&!screen&!quality&speed: positive
!life&!screen&quality&!sound: negative
!life&!screen&quality&sound: negative
!life&screen&!size&!resolutions: positive
!life&screen&!size&resolutions: negative
!life&screen&size: neutral
life&!extended&!storage&!battery: positive
life&!extended&!storage&battery: positive
life&!extended&storage: conflict
life&extended: conflict
DecisionTree learned:
!google&!portability&!hard&!screen: positive
!google&!portability&!hard&screen: negative
!google&!portability&hard&!reboot: neutral
!google&!portability&hard&reboot: conflict
!google&portability: conflict
google: conflict
DecisionTree learned:
!camera&!price&!screen&!full: negative
!camera&!price&!screen&full: conflict
!camera&!price&screen&!size: negative
!camera&!price&screen&size: neutral
!camera&price&!tag&!range: positive
!camera&price&!tag&range: negative
!camera&price&tag: conflict
camera&!built: conflict
camera&built: positive
DecisionTree learned:
!quality&!motherboards&!explorer&!screen: positive
!quality&!motherboards&!explorer&screen: positive
!quality&!motherboards&explorer: conflict
!quality&motherboards: conflict
quality&!display&!connect&!screen: positive
quality&!display&!connect&screen: positive
quality&!display&connect: negative
quality&display: positive
DecisionTree learned:
!cost&!battery&!quality&!price: positive
!cost&!battery&!quality&price: positive
!cost&!battery&quality&!connect: positive
!cost&!battery&quality&connect: negative
!cost&battery&!life&!cell: negative
!cost&battery&!life&cell: positive
!cost&battery&life&!extended: positive
!cost&battery&life&extended: conflict
cost: conflict
Trial 0 Training cc.mallet.classify.AdaBoostM2Trainer@100c62c8 finished
Trial 0 Trainer cc.mallet.classify.AdaBoostM2Trainer@100c62c8 test data accuracy = 0.4077079107505071

NaiveBayesTrainer
Summary. test accuracy mean = 0.537525354969574 stddev = 0.0 stderr = 0.0

MaxEntTrainer,gaussianPriorVariance=1.0
Summary. test accuracy mean = 0.5334685598377282 stddev = 0.0 stderr = 0.0

cc.mallet.classify.DecisionTreeTrainer@b6e39f
Summary. test accuracy mean = 0.4117647058823529 stddev = 0.0 stderr = 0.0

cc.mallet.classify.AdaBoostM2Trainer@100c62c8
Summary. test accuracy mean = 0.4077079107505071 stddev = 0.0 stderr = 0.0
