
-------------------- Trial 0  --------------------

Trial 0 Training NaiveBayesTrainer with 1865 instances
Trial 0 Training NaiveBayesTrainer finished
Trial 0 Trainer NaiveBayesTrainer test data accuracy = 0.6348884381338742
Trial 0 Training MaxEntTrainer,gaussianPriorVariance=1.0 with 1865 instances
Trial 0 Training MaxEntTrainer,gaussianPriorVariance=1.0 finished
Trial 0 Trainer MaxEntTrainer,gaussianPriorVariance=1.0 test data accuracy = 0.6490872210953347
Trial 0 Training cc.mallet.classify.DecisionTreeTrainer@38b5dac4 with 1865 instances
DecisionTree learned:
!great&!easy&!but&!fast: negative
!great&!easy&!but&fast: positive
!great&!easy&but&!x: negative
!great&!easy&but&x: neutral
!great&easy&!one&!of: positive
!great&easy&!one&of: positive
!great&easy&one&!to: conflict
!great&easy&one&to: neutral
great&!had&!but&!lack: positive
great&!had&!but&lack: negative
great&!had&but&!one: positive
great&!had&but&one: negative
great&had&!it: negative
great&had&it: negative
Trial 0 Training cc.mallet.classify.DecisionTreeTrainer@38b5dac4 finished
Trial 0 Trainer cc.mallet.classify.DecisionTreeTrainer@38b5dac4 test data accuracy = 0.513184584178499
Trial 0 Training cc.mallet.classify.AdaBoostM2Trainer@7e78fc6 with 1865 instances
DecisionTree learned:
!great&!easy&!but&!movie: negative
!great&!easy&!but&movie: neutral
!great&!easy&but&!well: negative
!great&!easy&but&well: positive
!great&easy&!one&!for: positive
!great&easy&!one&for: positive
!great&easy&one&!to: conflict
!great&easy&one&to: neutral
great&!had&!but&!lack: positive
great&!had&!but&lack: negative
great&!had&but&!one: positive
great&!had&but&one: negative
great&had&!it: negative
great&had&it: negative
DecisionTree learned:
!but&!great&!easy&!love: negative
!but&!great&!easy&love: positive
!but&!great&easy&!go: positive
!but&!great&easy&go: neutral
!but&great&!had&!nearly: positive
!but&great&!had&nearly: neutral
!but&great&had&!it: negative
!but&great&had&it: negative
but&!mac&!x&!so: negative
but&!mac&!x&so: conflict
but&!mac&x&!is: neutral
but&!mac&x&is: positive
but&mac&!its&!have: positive
but&mac&!its&have: negative
but&mac&its&!just: neutral
but&mac&its&just: neutral
DecisionTree learned:
!but&!great&!easy&!fast: negative
!but&!great&!easy&fast: positive
!but&!great&easy&!already: positive
!but&!great&easy&already: neutral
!but&great&!had&!lack: positive
!but&great&!had&lack: negative
!but&great&had&!it: negative
!but&great&had&it: negative
but&!be&!mac&!the: conflict
but&!be&!mac&the: negative
but&!be&mac&!have: positive
but&!be&mac&have: negative
but&be&!which&!to: negative
but&be&!which&to: negative
but&be&which&!just: conflict
but&be&which&just: positive
DecisionTree learned:
!but&!great&!fast&!good: negative
!but&!great&!fast&good: positive
!but&!great&fast&!one: positive
!but&!great&fast&one: neutral
!but&great&!had&!lack: positive
!but&great&!had&lack: negative
!but&great&had&!it: negative
!but&great&had&it: positive
but&!got&!mac&!the: conflict
but&!got&!mac&the: negative
but&!got&mac&!its: positive
but&!got&mac&its: neutral
but&got&!so: negative
but&got&so: positive
DecisionTree learned:
!but&!great&!not&!good: positive
!but&!great&!not&good: positive
!but&!great&not&!apple: negative
!but&!great&not&apple: positive
!but&great&!had&!for: positive
!but&great&!had&for: positive
!but&great&had&!it: negative
!but&great&had&it: positive
but&!mac&!x&!and: negative
but&!mac&!x&and: negative
but&!mac&x&!is: neutral
but&!mac&x&is: positive
but&mac&!have&!more: neutral
but&mac&!have&more: positive
but&mac&have: negative
DecisionTree learned:
!but&!fast&!love&!i: positive
!but&!fast&!love&i: negative
!but&!fast&love&!size: positive
!but&!fast&love&size: positive
!but&fast&!one&!you: positive
!but&fast&!one&you: positive
!but&fast&one: neutral
but&!got&!mac&!hard: negative
but&!got&!mac&hard: neutral
but&!got&mac&!more: neutral
but&!got&mac&more: positive
but&got&!so: negative
but&got&so: positive
DecisionTree learned:
!but&!fast&!not&!keynote: positive
!but&!fast&!not&keynote: neutral
!but&!fast&not&!apple: negative
!but&!fast&not&apple: positive
!but&fast&!with: positive
!but&fast&with&!software: positive
!but&fast&with&software: positive
but&!x&!so&!think: negative
but&!x&!so&think: neutral
but&!x&so&!laptop: conflict
but&!x&so&laptop: neutral
but&x&!is: neutral
but&x&is: positive
DecisionTree learned:
!but&!and&!price&!not: negative
!but&!and&!price&not: negative
!but&!and&price&!much: positive
!but&!and&price&much: conflict
!but&and&!i&!were: positive
!but&and&!i&were: negative
!but&and&i&!complain: neutral
!but&and&i&complain: conflict
but&!mac&!got&!did: negative
but&!mac&!got&did: neutral
but&!mac&got&!so: negative
but&!mac&got&so: positive
but&mac&!have&!more: neutral
but&mac&!have&more: positive
but&mac&have: negative
DecisionTree learned:
!but&!easy&!fast&!movie: negative
!but&!easy&!fast&movie: neutral
!but&!easy&fast&!one: positive
!but&!easy&fast&one: neutral
!but&easy&!of&!it: positive
!but&easy&!of&it: positive
!but&easy&of&!for: positive
!but&easy&of&for: neutral
but&!mac&!this&!so: negative
but&!mac&!this&so: neutral
but&!mac&this&!ever: neutral
but&!mac&this&ever: negative
but&mac&!more&!up: neutral
but&mac&!more&up: positive
but&mac&more: positive
DecisionTree learned:
!but&!great&!and&!movie: negative
!but&!great&!and&movie: neutral
!but&!great&and&!complain: positive
!but&!great&and&complain: conflict
!but&great&!lack&!had: positive
!but&great&!lack&had: negative
!but&great&lack: negative
but&!this&!so&!rather: negative
but&!this&!so&rather: neutral
but&!this&so&!old: neutral
but&!this&so&old: positive
but&this&!x&!a: negative
but&this&!x&a: neutral
but&this&x: neutral
DecisionTree learned:
!but&!for&!they&!good: negative
!but&!for&!they&good: positive
!but&!for&they&!there: negative
!but&!for&they&there: neutral
!but&for&!keynote&!to: positive
!but&for&!keynote&to: neutral
!but&for&keynote: neutral
but&!well&!got&!difference: negative
but&!well&!got&difference: neutral
but&!well&got: negative
but&well&!so&!is: positive
but&well&!so&is: conflict
but&well&so&!love: neutral
but&well&so&love: positive
DecisionTree learned:
!but&!not&!had&!and: negative
!but&!not&!had&and: positive
!but&!not&had&!what: negative
!but&!not&had&what: neutral
!but&not&!through&!apple: negative
!but&not&!through&apple: positive
!but&not&through&!just: neutral
!but&not&through&just: neutral
but&!well&!need&!os: negative
but&!well&!need&os: neutral
but&!well&need&!to: positive
but&!well&need&to: positive
but&well&!as&!the: conflict
but&well&!as&the: positive
but&well&as&!so: positive
but&well&as&so: neutral
DecisionTree learned:
!but&!for&!they&!n: positive
!but&!for&!they&n: negative
!but&!for&they&!free: negative
!but&!for&they&free: positive
!but&for&!in&!programs: positive
!but&for&!in&programs: neutral
!but&for&in&!life: negative
!but&for&in&life: positive
but&!mac&!yes&!gb: negative
but&!mac&!yes&gb: neutral
but&!mac&yes&!is: positive
but&!mac&yes&is: conflict
but&mac&!have&!bit: positive
but&mac&!have&bit: neutral
but&mac&have: negative
DecisionTree learned:
!but&!and&!great&!laptops: negative
!but&!and&!great&laptops: conflict
!but&!and&great&!it: positive
!but&!and&great&it: positive
!but&and&!back&!i: positive
!but&and&!back&i: positive
!but&and&back&!a: neutral
!but&and&back&a: negative
but&!mac&!this&!has: negative
but&!mac&!this&has: positive
but&!mac&this&!know: negative
but&!mac&this&know: conflict
but&mac&!its&!bit: positive
but&mac&!its&bit: neutral
but&mac&its&!just: neutral
but&mac&its&just: neutral
DecisionTree learned:
!but&!great&!very&!then: negative
!but&!great&!very&then: negative
!but&!great&very&!functions: positive
!but&!great&very&functions: conflict
!but&great&!had&!nearly: positive
!but&great&!had&nearly: neutral
!but&great&had&!it: negative
!but&great&had&it: negative
but&!x&!like&!which: negative
but&!x&!like&which: conflict
but&!x&like&!it: positive
but&!x&like&it: negative
but&x&!is: neutral
but&x&is: positive
DecisionTree learned:
!but&!love&!easy&!much: negative
!but&!love&!easy&much: positive
!but&!love&easy&!of: positive
!but&!love&easy&of: neutral
!but&love&!size&!program: positive
!but&love&!size&program: neutral
!but&love&size&!my: neutral
!but&love&size&my: positive
but&!think&!new&!this: negative
but&!think&!new&this: negative
but&!think&new&!with: neutral
but&!think&new&with: neutral
but&think&!on: negative
but&think&on: neutral
DecisionTree learned:
!but&!for&!pc&!after: positive
!but&!for&!pc&after: negative
!but&!for&pc&!and: positive
!but&!for&pc&and: positive
!but&for&!so&!to: positive
!but&for&!so&to: neutral
!but&for&so&!battery: positive
!but&for&so&battery: conflict
but&!yes&!like&!if: negative
but&!yes&!like&if: neutral
but&!yes&like&!windows: positive
but&!yes&like&windows: neutral
but&yes&!and: conflict
but&yes&and&!make: positive
but&yes&and&make: positive
DecisionTree learned:
!but&!great&!easy&!much: negative
!but&!great&!easy&much: positive
!but&!great&easy&!go: positive
!but&!great&easy&go: neutral
!but&great&!nearly&!pad: positive
!but&great&!nearly&pad: neutral
!but&great&nearly: neutral
but&!this&!mac&!there: positive
but&!this&!mac&there: negative
but&!this&mac&!system: positive
but&!this&mac&system: neutral
but&this&!ever&!has: positive
but&this&!ever&has: negative
but&this&ever&!is: negative
but&this&ever&is: conflict
DecisionTree learned:
!but&!uses&!love&!complain: negative
!but&!uses&!love&complain: conflict
!but&!uses&love&!size: positive
!but&!uses&love&size: neutral
!but&uses&!of: neutral
!but&uses&of: conflict
but&!difference&!be&!did: positive
but&!difference&!be&did: neutral
but&!difference&be&!with: negative
but&!difference&be&with: negative
but&difference&!to: neutral
but&difference&to: neutral
DecisionTree learned:
!but&!fast&!amazing&!awesome: negative
!but&!fast&!amazing&awesome: positive
!but&!fast&amazing: positive
!but&fast&!mac&!one: positive
!but&fast&!mac&one: neutral
!but&fast&mac: neutral
but&!got&!mac&!this: negative
but&!got&!mac&this: negative
but&!got&mac&!more: neutral
but&!got&mac&more: positive
but&got&!so: negative
but&got&so: positive
DecisionTree learned:
!but&!after&!movie&!i: positive
!but&!after&!movie&i: neutral
!but&!after&movie&!just: neutral
!but&!after&movie&just: neutral
!but&after&!with&!apart: negative
!but&after&!with&apart: neutral
!but&after&with&!i: negative
!but&after&with&i: positive
but&!new&!this&!difference: negative
but&!new&!this&difference: neutral
but&!new&this&!know: negative
but&!new&this&know: conflict
but&new&!software&!when: neutral
but&new&!software&when: neutral
but&new&software: negative
DecisionTree learned:
!but&!for&!safari&!much: negative
!but&!for&!safari&much: positive
!but&!for&safari: neutral
!but&for&!so&!functions: neutral
!but&for&!so&functions: conflict
!but&for&so&!laptop: negative
!but&for&so&laptop: conflict
but&!well&!need&!got: negative
but&!well&!need&got: negative
but&!well&need&!to: positive
but&!well&need&to: positive
but&well&!so&!is: positive
but&well&!so&is: conflict
but&well&so&!love: neutral
but&well&so&love: positive
DecisionTree learned:
!but&!for&!they&!n: positive
!but&!for&!they&n: negative
!but&!for&they&!have: neutral
!but&!for&they&have: negative
!but&for&!so&!despite: neutral
!but&for&!so&despite: conflict
!but&for&so&!laptop: negative
!but&for&so&laptop: conflict
but&!mac&!this&!so: negative
but&!mac&!this&so: neutral
but&!mac&this&!features: neutral
but&!mac&this&features: positive
but&mac&!its&!bit: positive
but&mac&!its&bit: neutral
but&mac&its&!just: neutral
but&mac&its&just: neutral
DecisionTree learned:
!but&!fast&!not&!problems: positive
!but&!fast&!not&problems: negative
!but&!fast&not&!other: negative
!but&!fast&not&other: conflict
!but&fast&!with: positive
!but&fast&with&!software: neutral
!but&fast&with&software: positive
but&!did&!the&!it: neutral
but&!did&!the&it: conflict
but&!did&the&!hard: positive
but&!did&the&hard: neutral
but&did&!in&!software: conflict
but&did&!in&software: neutral
but&did&in&!on: negative
but&did&in&on: neutral
DecisionTree learned:
!but&!not&!much&!for: positive
!but&!not&!much&for: neutral
!but&!not&much&!laptops: positive
!but&!not&much&laptops: conflict
!but&not&!because&!much: negative
!but&not&!because&much: neutral
!but&not&because&!laptop: negative
!but&not&because&laptop: positive
but&!mac&!there&!if: positive
but&!mac&!there&if: neutral
but&!mac&there&!to: negative
but&!mac&there&to: neutral
but&mac&!laptop&!bit: positive
but&mac&!laptop&bit: neutral
but&mac&laptop: positive
DecisionTree learned:
!but&!for&!requires&!pc: negative
!but&!for&!requires&pc: positive
!but&!for&requires: conflict
!but&for&!so&!desktop: neutral
!but&for&!so&desktop: conflict
!but&for&so&!laptop: positive
!but&for&so&laptop: conflict
but&!this&!so&!processing: negative
but&!this&!so&processing: neutral
but&!this&so&!it: neutral
but&!this&so&it: conflict
but&this&!have&!to: negative
but&this&!have&to: neutral
but&this&have&!with: positive
but&this&have&with: negative
DecisionTree learned:
!but&!and&!laptops&!bars: negative
!but&!and&!laptops&bars: conflict
!but&!and&laptops&!much: negative
!but&!and&laptops&much: conflict
!but&and&!complain&!warranty: positive
!but&and&!complain&warranty: neutral
!but&and&complain: conflict
but&!mac&!this&!so: negative
but&!mac&!this&so: conflict
but&!mac&this&!know: negative
but&!mac&this&know: conflict
but&mac&!have&!up: positive
but&mac&!have&up: positive
but&mac&have: negative
DecisionTree learned:
!but&!great&!uses&!much: negative
!but&!great&!uses&much: positive
!but&!great&uses&!of: neutral
!but&!great&uses&of: conflict
!but&great&!for&!fan: positive
!but&great&!for&fan: neutral
!but&great&for&!works: positive
!but&great&for&works: neutral
but&!this&!so&!difference: negative
but&!this&!so&difference: neutral
but&!this&so&!the: neutral
but&!this&so&the: conflict
but&this&!know&!because: negative
but&this&!know&because: neutral
but&this&know: conflict
DecisionTree learned:
!but&!would&!months&!and: negative
!but&!would&!months&and: positive
!but&!would&months&!sent: negative
!but&!would&months&sent: neutral
!but&would&!wireless&!they: negative
!but&would&!wireless&they: neutral
!but&would&wireless&!to: neutral
!but&would&wireless&to: neutral
but&!this&!difference&!so: negative
but&!this&!difference&so: neutral
but&!this&difference&!to: neutral
but&!this&difference&to: neutral
but&this&!features&!because: negative
but&this&!features&because: neutral
but&this&features: positive
DecisionTree learned:
!but&!love&!for&!against: negative
!but&!love&!for&against: conflict
!but&!love&for&!so: neutral
!but&!love&for&so: negative
!but&love&!over&!program: positive
!but&love&!over&program: neutral
!but&love&over: negative
but&!this&!so&!windows: negative
but&!this&!so&windows: neutral
but&!this&so&!old: neutral
but&!this&so&old: positive
but&this&!on&!x: positive
but&this&!on&x: neutral
but&this&on&!is: neutral
but&this&on&is: negative
DecisionTree learned:
!but&!after&!and&!even: negative
!but&!after&!and&even: conflict
!but&!after&and&!i: positive
!but&!after&and&i: neutral
!but&after&!laptops&!warrenty: neutral
!but&after&!laptops&warrenty: negative
!but&after&laptops&!to: positive
!but&after&laptops&to: positive
but&!hard&!laptop&!were: negative
but&!hard&!laptop&were: neutral
but&!hard&laptop&!a: positive
but&!hard&laptop&a: neutral
but&hard&!you&!it: neutral
but&hard&!you&it: negative
but&hard&you&!to: positive
but&hard&you&to: neutral
DecisionTree learned:
!but&!complain&!and&!not: negative
!but&!complain&!and&not: negative
!but&!complain&and&!back: positive
!but&!complain&and&back: negative
!but&complain&!and: positive
!but&complain&and: conflict
but&!this&!difference&!so: negative
but&!this&!difference&so: neutral
but&!this&difference&!to: positive
but&!this&difference&to: neutral
but&this&!know&!with: positive
but&this&!know&with: negative
but&this&know: conflict
DecisionTree learned:
!but&!opted&!complain&!much: negative
!but&!opted&!complain&much: positive
!but&!opted&complain&!and: positive
!but&!opted&complain&and: conflict
!but&opted: conflict
but&!this&!so&!outside: positive
but&!this&!so&outside: neutral
but&!this&so&!laptop: conflict
but&!this&so&laptop: neutral
but&this&!know&!x: negative
but&this&!know&x: neutral
but&this&know: conflict
DecisionTree learned:
!but&!bars&!is&!for: negative
!but&!bars&!is&for: neutral
!but&!bars&is&!expensive: positive
!but&!bars&is&expensive: conflict
!but&bars: conflict
but&!mac&!this&!so: negative
but&!mac&!this&so: conflict
but&!mac&this&!with: positive
but&!mac&this&with: negative
but&mac&!system&!bit: positive
but&mac&!system&bit: neutral
but&mac&system&!is: negative
but&mac&system&is: neutral
DecisionTree learned:
!but&!and&!or&!next: negative
!but&!and&!or&next: neutral
!but&!and&or&!for: negative
!but&!and&or&for: neutral
!but&and&!complain&!i: positive
!but&and&!complain&i: neutral
!but&and&complain: conflict
but&!this&!mac&!better: negative
but&!this&!mac&better: conflict
but&!this&mac&!more: neutral
but&!this&mac&more: positive
but&this&!features&!to: negative
but&this&!features&to: neutral
but&this&features: positive
DecisionTree learned:
!but&!requires&!much&!easy: negative
!but&!requires&!much&easy: positive
!but&!requires&much&!i: positive
!but&!requires&much&i: neutral
!but&requires: conflict
but&!be&!repair&!new: positive
but&!be&!repair&new: neutral
but&!be&repair&!they: negative
but&!be&repair&they: neutral
but&be&!with&!and: negative
but&be&!with&and: negative
but&be&with&!would: negative
but&be&with&would: negative
DecisionTree learned:
!but&!for&!pc&!requires: negative
!but&!for&!pc&requires: conflict
!but&!for&pc&!users: positive
!but&!for&pc&users: neutral
!but&for&!so&!despite: neutral
!but&for&!so&despite: conflict
!but&for&so&!laptop: positive
!but&for&so&laptop: conflict
but&!mac&!hard&!did: negative
but&!mac&!hard&did: neutral
but&!mac&hard&!it: neutral
but&!mac&hard&it: negative
but&mac&!have&!up: neutral
but&mac&!have&up: positive
but&mac&have: negative
DecisionTree learned:
!but&!or&!after&!i: positive
!but&!or&!after&i: neutral
!but&!or&after&!with: negative
!but&!or&after&with: negative
!but&or&!movie&!you: negative
!but&or&!movie&you: neutral
!but&or&movie&!just: neutral
!but&or&movie&just: neutral
but&!and&!screen&!better: negative
but&!and&!screen&better: conflict
but&!and&screen&!on: conflict
but&!and&screen&on: negative
but&and&!most&!two: positive
but&and&!most&two: conflict
but&and&most&!use: positive
but&and&most&use: positive
DecisionTree learned:
!but&!easy&!bars&!much: negative
!but&!easy&!bars&much: positive
!but&!easy&bars: conflict
!but&easy&!for&!one: positive
!but&easy&!for&one: neutral
!but&easy&for&!very: positive
!but&easy&for&very: positive
but&!on&!new&!email: negative
but&!on&!new&email: neutral
but&!on&new&!when: neutral
but&!on&new&when: negative
but&on&!i&!only: negative
but&on&!i&only: conflict
but&on&i&!the: conflict
but&on&i&the: neutral
DecisionTree learned:
!but&!uses&!against&!pc: negative
!but&!uses&!against&pc: positive
!but&!uses&against: conflict
!but&uses&!of: neutral
!but&uses&of: conflict
but&!mac&!hard&!laptop: negative
but&!mac&!hard&laptop: neutral
but&!mac&hard&!it: neutral
but&!mac&hard&it: negative
but&mac&!up&!more: neutral
but&mac&!up&more: positive
but&mac&up: positive
DecisionTree learned:
!but&!for&!pc&!requires: negative
!but&!for&!pc&requires: conflict
!but&!for&pc&!users: positive
!but&!for&pc&users: neutral
!but&for&!so&!desktop: neutral
!but&for&!so&desktop: conflict
!but&for&so&!laptop: negative
!but&for&so&laptop: conflict
but&!be&!repair&!new: positive
but&!be&!repair&new: neutral
but&!be&repair&!they: negative
but&!be&repair&they: neutral
but&be&!to&!a: negative
but&be&!to&a: positive
but&be&to&!was: negative
but&be&to&was: negative
DecisionTree learned:
!but&!love&!would&!and: negative
!but&!love&!would&and: positive
!but&!love&would&!months: negative
!but&!love&would&months: positive
!but&love&!size&!program: positive
!but&love&!size&program: positive
!but&love&size&!my: neutral
!but&love&size&my: positive
but&!mac&!if&!hard: negative
but&!mac&!if&hard: neutral
but&!mac&if&!to: negative
but&!mac&if&to: neutral
but&mac&!up&!it: neutral
but&mac&!up&it: neutral
but&mac&up: positive
DecisionTree learned:
!but&!for&!laptops&!requires: negative
!but&!for&!laptops&requires: conflict
!but&!for&laptops&!much: negative
!but&!for&laptops&much: conflict
!but&for&!so&!desktop: neutral
!but&for&!so&desktop: conflict
!but&for&so&!battery: negative
!but&for&so&battery: conflict
but&!mac&!this&!so: negative
but&!mac&!this&so: conflict
but&!mac&this&!know: negative
but&!mac&this&know: conflict
but&mac&!have&!use: neutral
but&mac&!have&use: positive
but&mac&have: negative
DecisionTree learned:
!but&!requires&!for&!pc: negative
!but&!requires&!for&pc: positive
!but&!requires&for&!so: neutral
!but&!requires&for&so: negative
!but&requires: conflict
but&!this&!quite&!which: positive
but&!this&!quite&which: conflict
but&!this&quite&!to: conflict
but&!this&quite&to: conflict
but&this&!know&!has: neutral
but&this&!know&has: negative
but&this&know: conflict
DecisionTree learned:
!but&!much&!complain&!and: negative
!but&!much&!complain&and: positive
!but&!much&complain&!and: positive
!but&!much&complain&and: conflict
!but&much&!of&!laptops: positive
!but&much&!of&laptops: conflict
!but&much&of&!not: negative
!but&much&of&not: neutral
but&!this&!has&!mac: negative
but&!this&!has&mac: positive
but&!this&has&!it: neutral
but&!this&has&it: conflict
but&this&!x&!that: positive
but&this&!x&that: negative
but&this&x: neutral
DecisionTree learned:
!but&!generally&!very&!much: negative
!but&!generally&!very&much: positive
!but&!generally&very&!functions: positive
!but&!generally&very&functions: conflict
!but&generally: conflict
but&!this&!so&!screen: positive
but&!this&!so&screen: conflict
but&!this&so&!it: neutral
but&!this&so&it: conflict
but&this&!with&!has: positive
but&this&!with&has: negative
but&this&with&!for: negative
but&this&with&for: neutral
DecisionTree learned:
!but&!for&!bars&!much: negative
!but&!for&!bars&much: positive
!but&!for&bars: conflict
!but&for&!so&!despite: neutral
!but&for&!so&despite: conflict
!but&for&so&!battery: positive
!but&for&so&battery: conflict
but&!repair&!size&!difference: positive
but&!repair&!size&difference: neutral
but&!repair&size&!and: neutral
but&!repair&size&and: neutral
but&repair&!they: negative
but&repair&they&!to: neutral
but&repair&they&to: neutral
DecisionTree learned:
!but&!bars&!opted&!requires: positive
!but&!bars&!opted&requires: conflict
!but&!bars&opted: conflict
!but&bars: conflict
but&!this&!mac&!better: negative
but&!this&!mac&better: conflict
but&!this&mac&!used: positive
but&!this&mac&used: neutral
but&this&!know&!has: positive
but&this&!know&has: negative
but&this&know: conflict
DecisionTree learned:
!but&!after&!movie&!complain: positive
!but&!after&!movie&complain: conflict
!but&!after&movie&!just: neutral
!but&!after&movie&just: neutral
!but&after&!with&!it: negative
!but&after&!with&it: neutral
!but&after&with&!i: negative
!but&after&with&i: positive
but&!yes&!difference&!i: negative
but&!yes&!difference&i: positive
but&!yes&difference&!to: neutral
but&!yes&difference&to: neutral
but&yes&!and: conflict
but&yes&and&!make: positive
but&yes&and&make: positive
DecisionTree learned:
!but&!uses&!good&!love: negative
!but&!uses&!good&love: positive
!but&!uses&good&!at: positive
!but&!uses&good&at: neutral
!but&uses&!of: neutral
!but&uses&of: conflict
but&!mac&!processing&!this: negative
but&!mac&!processing&this: negative
but&!mac&processing: neutral
but&mac&!bit&!you: positive
but&mac&!bit&you: neutral
but&mac&bit: neutral
DecisionTree learned:
!but&!easy&!uses&!much: negative
!but&!easy&!uses&much: positive
!but&!easy&uses&!of: neutral
!but&!easy&uses&of: conflict
!but&easy&!microsoft&!go: positive
!but&easy&!microsoft&go: neutral
!but&easy&microsoft: negative
but&!hard&!did&!laptop: positive
but&!hard&!did&laptop: neutral
but&!hard&did&!of: neutral
but&!hard&did&of: neutral
but&hard&!the: conflict
but&hard&the&!you: neutral
but&hard&the&you: neutral
DecisionTree learned:
!but&!would&!for&!pc: negative
!but&!would&!for&pc: positive
!but&!would&for&!so: neutral
!but&!would&for&so: negative
!but&would&!laptop&!they: negative
!but&would&!laptop&they: neutral
!but&would&laptop&!this: negative
!but&would&laptop&this: positive
but&!mac&!i&!windows: negative
but&!mac&!i&windows: neutral
but&!mac&i&!which: negative
but&!mac&i&which: conflict
but&mac&!average&!had: neutral
but&mac&!average&had: positive
but&mac&average: positive
DecisionTree learned:
!but&!for&!requires&!get: negative
!but&!for&!requires&get: negative
!but&!for&requires: conflict
!but&for&!so&!despite: neutral
!but&for&!so&despite: conflict
!but&for&so&!battery: negative
!but&for&so&battery: conflict
but&!did&!drive&!mac: positive
but&!did&!drive&mac: neutral
but&!did&drive&!to: neutral
but&!did&drive&to: negative
but&did&!they&!outside: conflict
but&did&!they&outside: neutral
but&did&they&!bought: negative
but&did&they&bought: neutral
DecisionTree learned:
!but&!long&!generally&!complain: negative
!but&!long&!generally&complain: conflict
!but&!long&generally: conflict
!but&long&!though&!life: negative
!but&long&!though&life: positive
!but&long&though: conflict
but&!this&!difference&!mac: conflict
but&!this&!difference&mac: positive
but&!this&difference&!to: positive
but&!this&difference&to: neutral
but&this&!know&!has: positive
but&this&!know&has: negative
but&this&know: conflict
DecisionTree learned:
!but&!uses&!warranty&!back: positive
!but&!uses&!warranty&back: negative
!but&!uses&warranty&!all: neutral
!but&!uses&warranty&all: conflict
!but&uses&!of: neutral
!but&uses&of: conflict
but&!mac&!this&!better: negative
but&!mac&!this&better: conflict
but&!mac&this&!know: negative
but&!mac&this&know: conflict
but&mac&!and: neutral
but&mac&and&!you: positive
but&mac&and&you: neutral
DecisionTree learned:
!but&!complain&!and&!laptops: negative
!but&!complain&!and&laptops: conflict
!but&!complain&and&!sol: positive
!but&!complain&and&sol: conflict
!but&complain&!and: positive
!but&complain&and: conflict
but&!repair&!new&!more: negative
but&!repair&!new&more: positive
but&!repair&new&!with: neutral
but&!repair&new&with: neutral
but&repair&!they: negative
but&repair&they&!to: neutral
but&repair&they&to: neutral
DecisionTree learned:
!but&!bars&!generally&!opted: negative
!but&!bars&!generally&opted: conflict
!but&!bars&generally: conflict
!but&bars: conflict
but&!the&!and&!screen: conflict
but&!the&!and&screen: conflict
but&!the&and&!a: positive
but&!the&and&a: neutral
but&the&!mac&!hard: negative
but&the&!mac&hard: neutral
but&the&mac&!on: neutral
but&the&mac&on: positive
DecisionTree learned:
!but&!complain&!not&!for: positive
!but&!complain&!not&for: positive
!but&!complain&not&!through: negative
!but&!complain&not&through: neutral
!but&complain&!and: positive
!but&complain&and: conflict
but&!difference&!i&!windows: conflict
but&!difference&!i&windows: neutral
but&!difference&i&!which: positive
but&!difference&i&which: conflict
but&difference&!to: neutral
but&difference&to: neutral
DecisionTree learned:
!but&!much&!requires&!bars: negative
!but&!much&!requires&bars: conflict
!but&!much&requires: conflict
!but&much&!of&!that: positive
!but&much&!of&that: conflict
!but&much&of&!not: negative
!but&much&of&not: neutral
but&!hard&!mac&!laptop: negative
but&!hard&!mac&laptop: neutral
but&!hard&mac&!system: neutral
but&!hard&mac&system: neutral
but&hard&!you&!the: conflict
but&hard&!you&the: neutral
but&hard&you&!to: positive
but&hard&you&to: neutral
DecisionTree learned:
!but&!generally&!complain&!and: negative
!but&!generally&!complain&and: positive
!but&!generally&complain&!and: positive
!but&!generally&complain&and: conflict
!but&generally: conflict
but&!if&!web&!screen: negative
but&!if&!web&screen: conflict
but&!if&web&!is: positive
but&!if&web&is: neutral
but&if&!to: negative
but&if&to: neutral
DecisionTree learned:
!but&!requires&!opted&!complain: negative
!but&!requires&!opted&complain: conflict
!but&!requires&opted: conflict
!but&requires: conflict
but&!new&!this&!size: conflict
but&!new&!this&size: neutral
but&!new&this&!know: negative
but&!new&this&know: conflict
but&new&!when&!some: neutral
but&new&!when&some: positive
but&new&when&!so: negative
but&new&when&so: conflict
DecisionTree learned:
!but&!opted&!generally&!much: negative
!but&!opted&!generally&much: positive
!but&!opted&generally: conflict
!but&opted: conflict
but&!this&!there&!so: positive
but&!this&!there&so: neutral
but&!this&there&!much: negative
but&!this&there&much: positive
but&this&!computer&!that: positive
but&this&!computer&that: negative
but&this&computer&!that: negative
but&this&computer&that: positive
DecisionTree learned:
!but&!opted&!complain&!generally: negative
!but&!opted&!complain&generally: conflict
!but&!opted&complain&!and: positive
!but&!opted&complain&and: conflict
!but&opted: conflict
but&!this&!so&!hard: negative
but&!this&!so&hard: neutral
but&!this&so&!it: positive
but&!this&so&it: conflict
but&this&!have&!to: positive
but&this&!have&to: neutral
but&this&have&!it: positive
but&this&have&it: negative
DecisionTree learned:
!but&!generally&!much&!long: negative
!but&!generally&!much&long: positive
!but&!generally&much&!i: positive
!but&!generally&much&i: neutral
!but&generally: conflict
but&!i&!windows&!difference: conflict
but&!i&!windows&difference: neutral
but&!i&windows&!so: neutral
but&!i&windows&so: conflict
but&i&!which&!on: positive
but&i&!which&on: neutral
but&i&which&!use: conflict
but&i&which&use: positive
DecisionTree learned:
!but&!much&!bars&!for: negative
!but&!much&!bars&for: neutral
!but&!much&bars: conflict
!but&much&!i&!out: positive
!but&much&!i&out: negative
!but&much&i&!up: neutral
!but&much&i&up: conflict
but&!this&!mac&!so: negative
but&!this&!mac&so: conflict
but&!this&mac&!bit: positive
but&!this&mac&bit: neutral
but&this&!x&!did: negative
but&this&!x&did: neutral
but&this&x: neutral
DecisionTree learned:
!but&!much&!bars&!uses: negative
!but&!much&!bars&uses: neutral
!but&!much&bars: conflict
!but&much&!of&!laptops: positive
!but&much&!of&laptops: conflict
!but&much&of&!not: negative
!but&much&of&not: neutral
but&!quite&!did&!hard: positive
but&!quite&!did&hard: neutral
but&!quite&did&!in: conflict
but&!quite&did&in: neutral
but&quite&!to: conflict
but&quite&to: conflict
DecisionTree learned:
!but&!amazing&!generally&!requires: negative
!but&!amazing&!generally&requires: conflict
!but&!amazing&generally: conflict
!but&amazing: positive
but&!this&!mac&!processing: conflict
but&!this&!mac&processing: neutral
but&!this&mac&!bit: positive
but&!this&mac&bit: neutral
but&this&!have&!to: negative
but&this&!have&to: neutral
but&this&have&!with: positive
but&this&have&with: negative
DecisionTree learned:
!but&!bars&!complain&!much: negative
!but&!bars&!complain&much: positive
!but&!bars&complain&!and: positive
!but&!bars&complain&and: conflict
!but&bars: conflict
but&!this&!difference&!so: negative
but&!this&!difference&so: conflict
but&!this&difference&!to: positive
but&!this&difference&to: neutral
but&this&!have&!x: neutral
but&this&!have&x: neutral
but&this&have&!it: positive
but&this&have&it: negative
DecisionTree learned:
!but&!for&!pc&!requires: negative
!but&!for&!pc&requires: conflict
!but&!for&pc&!and: conflict
!but&!for&pc&and: positive
!but&for&!so&!despite: neutral
!but&for&!so&despite: conflict
!but&for&so&!laptop: negative
!but&for&so&laptop: conflict
but&!this&!so&!size: negative
but&!this&!so&size: neutral
but&!this&so&!it: neutral
but&!this&so&it: conflict
but&this&!know&!has: positive
but&this&!know&has: negative
but&this&know: conflict
DecisionTree learned:
!but&!complain&!and&!though: negative
!but&!complain&!and&though: conflict
!but&!complain&and&!sol: positive
!but&!complain&and&sol: conflict
!but&complain&!and: positive
!but&complain&and: conflict
but&!web&!screen&!be: positive
but&!web&!screen&be: negative
but&!web&screen&!the: conflict
but&!web&screen&the: negative
but&web&!just: neutral
but&web&just: positive
DecisionTree learned:
!but&!amazing&!against&!complain: negative
!but&!amazing&!against&complain: conflict
!but&!amazing&against: conflict
!but&amazing: positive
but&!difference&!mac&!this: conflict
but&!difference&!mac&this: negative
but&!difference&mac&!had: neutral
but&!difference&mac&had: positive
but&difference&!to: neutral
but&difference&to: neutral
DecisionTree learned:
!but&!pc&!for&!requires: negative
!but&!pc&!for&requires: conflict
!but&!pc&for&!so: neutral
!but&!pc&for&so: conflict
!but&pc&!users&!a: conflict
!but&pc&!users&a: positive
!but&pc&users: neutral
but&!i&!windows&!difference: conflict
but&!i&!windows&difference: neutral
but&!i&windows&!so: neutral
but&!i&windows&so: neutral
but&i&!which&!ever: positive
but&i&!which&ever: conflict
but&i&which&!use: conflict
but&i&which&use: positive
DecisionTree learned:
!but&!much&!is&!requires: neutral
!but&!much&!is&requires: conflict
!but&!much&is&!only: positive
!but&!much&is&only: negative
!but&much&!i&!out: positive
!but&much&!i&out: conflict
!but&much&i&!up: neutral
!but&much&i&up: conflict
but&!repair&!there&!new: positive
but&!repair&!there&new: neutral
but&!repair&there&!to: negative
but&!repair&there&to: neutral
but&repair&!they: negative
but&repair&they&!to: neutral
but&repair&they&to: neutral
DecisionTree learned:
!but&!generally&!uses&!requires: negative
!but&!generally&!uses&requires: conflict
!but&!generally&uses&!of: neutral
!but&!generally&uses&of: conflict
!but&generally: conflict
but&!mac&!if&!processing: negative
but&!mac&!if&processing: neutral
but&!mac&if&!to: negative
but&!mac&if&to: neutral
but&mac&!up&!it: positive
but&mac&!up&it: neutral
but&mac&up: positive
DecisionTree learned:
!but&!much&!is&!for: negative
!but&!much&!is&for: neutral
!but&!much&is&!not: positive
!but&!much&is&not: negative
!but&much&!of&!laptops: positive
!but&much&!of&laptops: conflict
!but&much&of&!not: negative
!but&much&of&not: neutral
but&!like&!yes&!be: negative
but&!like&!yes&be: negative
but&!like&yes&!it: positive
but&!like&yes&it: positive
but&like&!windows&!in: positive
but&like&!windows&in: positive
but&like&windows: neutral
DecisionTree learned:
!but&!generally&!much&!opted: negative
!but&!generally&!much&opted: conflict
!but&!generally&much&!i: positive
!but&!generally&much&i: neutral
!but&generally: conflict
but&!i&!windows&!difference: conflict
but&!i&!windows&difference: neutral
but&!i&windows&!so: neutral
but&!i&windows&so: neutral
but&i&!which&!a: negative
but&i&!which&a: neutral
but&i&which&!use: conflict
but&i&which&use: positive
DecisionTree learned:
!but&!generally&!opted&!long: negative
!but&!generally&!opted&long: positive
!but&!generally&opted: conflict
!but&generally: conflict
but&!got&!be&!the: conflict
but&!got&!be&the: positive
but&!got&be&!with: negative
but&!got&be&with: negative
but&got&!so: negative
but&got&so: positive
DecisionTree learned:
!but&!complain&!and&!laptops: negative
!but&!complain&!and&laptops: conflict
!but&!complain&and&!warranty: positive
!but&!complain&and&warranty: neutral
!but&complain&!and: positive
!but&complain&and: conflict
but&!this&!looking&!and: conflict
but&!this&!looking&and: positive
but&!this&looking&!i: positive
but&!this&looking&i: positive
but&this&!making&!warranty: positive
but&this&!making&warranty: neutral
but&this&making&!to: conflict
but&this&making&to: negative
DecisionTree learned:
!but&!opted&!requires&!uses: negative
!but&!opted&!requires&uses: neutral
!but&!opted&requires: conflict
!but&opted: conflict
but&!new&!more&!different: negative
but&!new&!more&different: conflict
but&!new&more&!software: positive
but&!new&more&software: conflict
but&new&!with&!my: neutral
but&new&!with&my: positive
but&new&with&!just: neutral
but&new&with&just: neutral
DecisionTree learned:
!but&!opted&!long&!much: negative
!but&!opted&!long&much: positive
!but&!opted&long&!though: positive
!but&!opted&long&though: conflict
!but&opted: conflict
but&!difference&!outside&!this: conflict
but&!difference&!outside&this: negative
but&!difference&outside&!software: neutral
but&!difference&outside&software: neutral
but&difference&!to: neutral
but&difference&to: neutral
DecisionTree learned:
!but&!opted&!complain&!requires: positive
!but&!opted&!complain&requires: conflict
!but&!opted&complain&!and: positive
!but&!opted&complain&and: conflict
!but&opted: conflict
but&!this&!so&!in: negative
but&!this&!so&in: positive
but&!this&so&!it: neutral
but&!this&so&it: conflict
but&this&!with&!has: positive
but&this&!with&has: negative
but&this&with&!for: negative
but&this&with&for: neutral
DecisionTree learned:
!but&!complain&!opted&!not: positive
!but&!complain&!opted&not: negative
!but&!complain&opted: conflict
!but&complain&!and: positive
!but&complain&and: conflict
but&!this&!so&!in: negative
but&!this&!so&in: positive
but&!this&so&!it: neutral
but&!this&so&it: conflict
but&this&!have&!to: negative
but&this&!have&to: neutral
but&this&have&!know: negative
but&this&have&know: conflict
DecisionTree learned:
!but&!generally&!much&!complain: negative
!but&!generally&!much&complain: conflict
!but&!generally&much&!i: positive
!but&!generally&much&i: neutral
!but&generally: conflict
but&!mac&!this&!so: negative
but&!mac&!this&so: neutral
but&!mac&this&!have: neutral
but&!mac&this&have: negative
but&mac&!bit&!pc: neutral
but&mac&!bit&pc: positive
but&mac&bit: neutral
DecisionTree learned:
!but&!for&!pc&!ease: negative
!but&!for&!pc&ease: positive
!but&!for&pc&!of: conflict
!but&!for&pc&of: positive
!but&for&!so&!in: neutral
!but&for&!so&in: negative
!but&for&so&!battery: negative
!but&for&so&battery: conflict
but&!mac&!this&!better: negative
but&!mac&!this&better: conflict
but&!mac&this&!with: positive
but&!mac&this&with: negative
but&mac&!on&!very: neutral
but&mac&!on&very: positive
but&mac&on: positive
DecisionTree learned:
!but&!awesome&!uses&!generally: negative
!but&!awesome&!uses&generally: conflict
!but&!awesome&uses&!of: neutral
!but&!awesome&uses&of: conflict
!but&awesome&!everything: positive
!but&awesome&everything: neutral
but&!this&!size&!screen: negative
but&!this&!size&screen: conflict
but&!this&size&!and: neutral
but&!this&size&and: neutral
but&this&!has&!with: positive
but&this&!has&with: neutral
but&this&has&!toshiba: negative
but&this&has&toshiba: neutral
DecisionTree learned:
!but&!much&!long&!generally: positive
!but&!much&!long&generally: conflict
!but&!much&long&!though: positive
!but&!much&long&though: conflict
!but&much&!of&!laptops: positive
!but&much&!of&laptops: conflict
!but&much&of&!it: neutral
!but&much&of&it: negative
but&!i&!windows&!difference: conflict
but&!i&!windows&difference: neutral
but&!i&windows&!so: neutral
but&!i&windows&so: neutral
but&i&!they&!in: positive
but&i&!they&in: neutral
but&i&they&!repair: negative
but&i&they&repair: neutral
DecisionTree learned:
!but&!bars&!for&!laptops: negative
!but&!bars&!for&laptops: conflict
!but&!bars&for&!so: neutral
!but&!bars&for&so: negative
!but&bars: conflict
but&!repair&!outside&!new: positive
but&!repair&!outside&new: neutral
but&!repair&outside&!software: neutral
but&!repair&outside&software: neutral
but&repair&!they: negative
but&repair&they&!to: neutral
but&repair&they&to: neutral
DecisionTree learned:
!but&!complain&!pc&!for: negative
!but&!complain&!pc&for: neutral
!but&!complain&pc&!users: positive
!but&!complain&pc&users: neutral
!but&complain&!and: positive
!but&complain&and: conflict
but&!this&!so&!hard: negative
but&!this&!so&hard: neutral
but&!this&so&!old: conflict
but&!this&so&old: positive
but&this&!features&!to: negative
but&this&!features&to: neutral
but&this&features: positive
DecisionTree learned:
!but&!opted&!bars&!complain: negative
!but&!opted&!bars&complain: conflict
!but&!opted&bars: conflict
!but&opted: conflict
but&!difference&!i&!windows: conflict
but&!difference&!i&windows: neutral
but&!difference&i&!which: positive
but&!difference&i&which: conflict
but&difference&!to: neutral
but&difference&to: neutral
DecisionTree learned:
!but&!love&!much&!get: positive
!but&!love&!much&get: negative
!but&!love&much&!of: positive
!but&!love&much&of: neutral
!but&love&!size&!program: positive
!but&love&!size&program: positive
!but&love&size&!my: neutral
!but&love&size&my: positive
but&!battery&!drive&!computer: positive
but&!battery&!drive&computer: negative
but&!battery&drive&!to: neutral
but&!battery&drive&to: negative
but&battery&!would&!n: conflict
but&battery&!would&n: negative
but&battery&would&!i: conflict
but&battery&would&i: negative
DecisionTree learned:
!but&!pc&!for&!requires: negative
!but&!pc&!for&requires: conflict
!but&!pc&for&!so: neutral
!but&!pc&for&so: conflict
!but&pc&!users&!a: conflict
!but&pc&!users&a: positive
!but&pc&users: neutral
but&!this&!so&!size: negative
but&!this&!so&size: neutral
but&!this&so&!it: neutral
but&!this&so&it: conflict
but&this&!know&!to: negative
but&this&!know&to: neutral
but&this&know: conflict
DecisionTree learned:
!but&!requires&!generally&!bars: negative
!but&!requires&!generally&bars: conflict
!but&!requires&generally: conflict
!but&requires: conflict
but&!i&!windows&!difference: conflict
but&!i&!windows&difference: neutral
but&!i&windows&!so: neutral
but&!i&windows&so: conflict
but&i&!which&!a: negative
but&i&!which&a: neutral
but&i&which&!use: conflict
but&i&which&use: positive
DecisionTree learned:
!but&!generally&!bars&!much: negative
!but&!generally&!bars&much: positive
!but&!generally&bars: conflict
!but&generally: conflict
but&!this&!size&!screen: positive
but&!this&!size&screen: conflict
but&!this&size&!and: neutral
but&!this&size&and: neutral
but&this&!ever&!features: neutral
but&this&!ever&features: positive
but&this&ever&!is: negative
but&this&ever&is: conflict
DecisionTree learned:
!but&!requires&!for&!laptops: negative
!but&!requires&!for&laptops: conflict
!but&!requires&for&!so: neutral
!but&!requires&for&so: negative
!but&requires: conflict
but&!gb&!more&!be: positive
but&!gb&!more&be: negative
but&!gb&more&!software: positive
but&!gb&more&software: conflict
but&gb&!just: neutral
but&gb&just: neutral
DecisionTree learned:
!but&!would&!complain&!and: negative
!but&!would&!complain&and: positive
!but&!would&complain&!and: positive
!but&!would&complain&and: conflict
!but&would&!their&!wireless: negative
!but&would&!their&wireless: neutral
!but&would&their&!my: neutral
!but&would&their&my: negative
but&!mac&!i&!windows: conflict
but&!mac&!i&windows: neutral
but&!mac&i&!which: negative
but&!mac&i&which: conflict
but&mac&!up&!it: positive
but&mac&!up&it: neutral
but&mac&up: positive
DecisionTree learned:
!but&!opted&!uses&!requires: negative
!but&!opted&!uses&requires: conflict
!but&!opted&uses&!of: neutral
!but&!opted&uses&of: conflict
!but&opted: conflict
but&!couple&!did&!web: positive
but&!couple&!did&web: neutral
but&!couple&did&!time: neutral
but&!couple&did&time: negative
but&couple&!to: negative
but&couple&to&!and: conflict
but&couple&to&and: conflict
DecisionTree learned:
!but&!for&!pc&!safari: negative
!but&!for&!pc&safari: neutral
!but&!for&pc&!when: positive
!but&!for&pc&when: conflict
!but&for&!so&!to: positive
!but&for&!so&to: neutral
!but&for&so&!battery: positive
!but&for&so&battery: conflict
but&!this&!there&!new: conflict
but&!this&!there&new: neutral
but&!this&there&!much: negative
but&!this&there&much: positive
but&this&!have&!to: positive
but&this&!have&to: neutral
but&this&have&!with: positive
but&this&have&with: negative
DecisionTree learned:
!but&!uses&!requires&!generally: negative
!but&!uses&!requires&generally: conflict
!but&!uses&requires: conflict
!but&uses&!of: neutral
!but&uses&of: conflict
but&!be&!think&!new: positive
but&!be&!think&new: neutral
but&!be&think&!much: neutral
but&!be&think&much: negative
but&be&!thing&!which: negative
but&be&!thing&which: positive
but&be&thing: conflict
DecisionTree learned:
!but&!generally&!other&!were: positive
!but&!generally&!other&were: negative
!but&!generally&other&!functions: neutral
!but&!generally&other&functions: conflict
!but&generally: conflict
but&!web&!screen&!gb: negative
but&!web&!screen&gb: neutral
but&!web&screen&!the: conflict
but&!web&screen&the: negative
but&web&!just: neutral
but&web&just: positive
DecisionTree learned:
!but&!much&!generally&!bars: negative
!but&!much&!generally&bars: conflict
!but&!much&generally: conflict
!but&much&!i&!out: positive
!but&much&!i&out: conflict
!but&much&i&!up: neutral
!but&much&i&up: conflict
but&!mac&!hard&!i: conflict
but&!mac&!hard&i: positive
but&!mac&hard&!the: conflict
but&!mac&hard&the: neutral
but&mac&!up&!more: neutral
but&mac&!up&more: positive
but&mac&up: positive
Trial 0 Training cc.mallet.classify.AdaBoostM2Trainer@7e78fc6 finished
Trial 0 Trainer cc.mallet.classify.AdaBoostM2Trainer@7e78fc6 test data accuracy = 0.48073022312373226

NaiveBayesTrainer
Summary. test accuracy mean = 0.6348884381338742 stddev = 0.0 stderr = 0.0

MaxEntTrainer,gaussianPriorVariance=1.0
Summary. test accuracy mean = 0.6490872210953347 stddev = 0.0 stderr = 0.0

cc.mallet.classify.DecisionTreeTrainer@38b5dac4
Summary. test accuracy mean = 0.513184584178499 stddev = 0.0 stderr = 0.0

cc.mallet.classify.AdaBoostM2Trainer@7e78fc6
Summary. test accuracy mean = 0.48073022312373226 stddev = 0.0 stderr = 0.0
