
-------------------- Trial 0  --------------------

Trial 0 Training NaiveBayesTrainer with 1865 instances
Trial 0 Training NaiveBayesTrainer finished
Trial 0 Trainer NaiveBayesTrainer test data accuracy = 0.4766734279918864
Trial 0 Training MaxEntTrainer,gaussianPriorVariance=1.0 with 1865 instances
Trial 0 Training MaxEntTrainer,gaussianPriorVariance=1.0 finished
Trial 0 Trainer MaxEntTrainer,gaussianPriorVariance=1.0 test data accuracy = 0.5436105476673428
Trial 0 Training cc.mallet.classify.DecisionTreeTrainer@202d0e1c with 1865 instances
DecisionTree learned:
!pos&!neg&!other&!placid: negative
!pos&!neg&!other&placid: conflict
!pos&!neg&other&!newfangled: neutral
!pos&!neg&other&newfangled: negative
!pos&neg&!large&!unique: negative
!pos&neg&!large&unique: positive
!pos&neg&large&!eldritch: positive
!pos&neg&large&eldritch: negative
pos&!up&!slowly&!music: positive
pos&!up&!slowly&music: neutral
pos&!up&slowly&!broad: positive
pos&!up&slowly&broad: neutral
pos&up&!short&!little: positive
pos&up&!short&little: positive
pos&up&short: negative
Trial 0 Training cc.mallet.classify.DecisionTreeTrainer@202d0e1c finished
Trial 0 Trainer cc.mallet.classify.DecisionTreeTrainer@202d0e1c test data accuracy = 0.5192697768762677
Trial 0 Training cc.mallet.classify.AdaBoostM2Trainer@283cf94 with 1865 instances
DecisionTree learned:
!pos&!neg&!placid&!other: negative
!pos&!neg&!placid&other: neutral
!pos&!neg&placid: conflict
!pos&neg&!large&!minimal: negative
!pos&neg&!large&minimal: conflict
!pos&neg&large&!eldritch: positive
!pos&neg&large&eldritch: negative
pos&!up&!slowly&!music: positive
pos&!up&!slowly&music: neutral
pos&!up&slowly&!broad: positive
pos&!up&slowly&broad: neutral
pos&up&!short&!utilitarian: positive
pos&up&!short&utilitarian: neutral
pos&up&short: negative
DecisionTree learned:
!pos&!neg&!other&!future: negative
!pos&!neg&!other&future: neutral
!pos&!neg&other&!newfangled: neutral
!pos&!neg&other&newfangled: negative
!pos&neg&!large&!desire: negative
!pos&neg&!large&desire: positive
!pos&neg&large&!distinguish: positive
!pos&neg&large&distinguish: conflict
pos&!up&!slowly&!music: positive
pos&!up&!slowly&music: neutral
pos&!up&slowly&!software: positive
pos&!up&slowly&software: neutral
pos&up&!little&!neg: positive
pos&up&!little&neg: positive
pos&up&little&!ignite: conflict
pos&up&little&ignite: positive
DecisionTree learned:
!pos&!neg&!placid&!other: negative
!pos&!neg&!placid&other: neutral
!pos&!neg&placid: conflict
!pos&neg&!large&!minimal: negative
!pos&neg&!large&minimal: positive
!pos&neg&large&!eldritch: positive
!pos&neg&large&eldritch: negative
pos&!neg&!lapp&!exchangeable: positive
pos&!neg&!lapp&exchangeable: neutral
pos&!neg&lapp&!such: neutral
pos&!neg&lapp&such: negative
pos&neg&!music&!extra: negative
pos&neg&!music&extra: positive
pos&neg&music: neutral
DecisionTree learned:
!capital&!slowly&!neg&!other: positive
!capital&!slowly&!neg&other: positive
!capital&!slowly&neg&!music: negative
!capital&!slowly&neg&music: neutral
!capital&slowly&!pos&!gear: negative
!capital&slowly&!pos&gear: positive
!capital&slowly&pos&!broad: positive
!capital&slowly&pos&broad: neutral
capital&!many&!short&!clear: positive
capital&!many&!short&clear: neutral
capital&!many&short: negative
capital&many&!such&!neg: negative
capital&many&!such&neg: negative
capital&many&such: positive
DecisionTree learned:
!capital&!slowly&!neg&!firm: positive
!capital&!slowly&!neg&firm: positive
!capital&!slowly&neg&!music: negative
!capital&!slowly&neg&music: neutral
!capital&slowly&!decelerate&!software: positive
!capital&slowly&!decelerate&software: neutral
!capital&slowly&decelerate&!gear: negative
!capital&slowly&decelerate&gear: positive
capital&!little&!average&!utilitarian: positive
capital&!little&!average&utilitarian: neutral
capital&!little&average: conflict
capital&little: conflict
DecisionTree learned:
!pos&!placid&!ascribable&!web: negative
!pos&!placid&!ascribable&web: neutral
!pos&!placid&ascribable&!common: negative
!pos&!placid&ascribable&common: negative
!pos&placid: conflict
pos&!up&!heavily&!music: positive
pos&!up&!heavily&music: neutral
pos&!up&heavily&!campaign: negative
pos&!up&heavily&campaign: negative
pos&up&!little&!utilitarian: positive
pos&up&!little&utilitarian: neutral
pos&up&little&!ignite: conflict
pos&up&little&ignite: positive
DecisionTree learned:
!pos&!worth&!unable&!ascribable: negative
!pos&!worth&!unable&ascribable: negative
!pos&!worth&unable: negative
!pos&worth&!overall&!many: negative
!pos&worth&!overall&many: conflict
!pos&worth&overall: neutral
pos&!up&!slowly&!few: positive
pos&!up&!slowly&few: neutral
pos&!up&slowly&!software: positive
pos&!up&slowly&software: neutral
pos&up&!average&!little: positive
pos&up&!average&little: positive
pos&up&average: conflict
DecisionTree learned:
!up&!slowly&!music&!exchangeable: negative
!up&!slowly&!music&exchangeable: neutral
!up&!slowly&music&!pos: neutral
!up&!slowly&music&pos: neutral
!up&slowly&!pos&!gear: negative
!up&slowly&!pos&gear: positive
!up&slowly&pos&!broad: positive
!up&slowly&pos&broad: neutral
up&!short&!many&!capital: positive
up&!short&!many&capital: positive
up&!short&many&!such: negative
up&!short&many&such: positive
up&short: negative
DecisionTree learned:
!pos&!neg&!a&!worth: negative
!pos&!neg&!a&worth: conflict
!pos&!neg&a&!worth: conflict
!pos&!neg&a&worth: positive
!pos&neg&!adult&!base: negative
!pos&neg&!adult&base: neutral
!pos&neg&adult&!early: positive
!pos&neg&adult&early: negative
pos&!neg&!lapp&!exchangeable: positive
pos&!neg&!lapp&exchangeable: neutral
pos&!neg&lapp&!such: neutral
pos&!neg&lapp&such: negative
pos&neg&!big&!extra: negative
pos&neg&!big&extra: positive
pos&neg&big&!loose: positive
pos&neg&big&loose: positive
DecisionTree learned:
!pos&!placid&!neg&!other: negative
!pos&!placid&!neg&other: positive
!pos&!placid&neg&!large: negative
!pos&!placid&neg&large: positive
!pos&placid: conflict
pos&!heavily&!lapp&!music: positive
pos&!heavily&!lapp&music: neutral
pos&!heavily&lapp&!early: negative
pos&!heavily&lapp&early: neutral
pos&heavily&!campaign&!newfangled: negative
pos&heavily&!campaign&newfangled: neutral
pos&heavily&campaign&!crash: neutral
pos&heavily&campaign&crash: negative
DecisionTree learned:
!pos&!forcible&!worth&!adult: negative
!pos&!forcible&!worth&adult: positive
!pos&!forcible&worth&!overall: conflict
!pos&!forcible&worth&overall: neutral
!pos&forcible: negative
pos&!neg&!lapp&!lid: positive
pos&!neg&!lapp&lid: negative
pos&!neg&lapp&!such: neutral
pos&!neg&lapp&such: negative
pos&neg&!unfold&!heavily: positive
pos&neg&!unfold&heavily: negative
pos&neg&unfold&!extra: neutral
pos&neg&unfold&extra: neutral
DecisionTree learned:
!up&!music&!ascribable&!slowly: negative
!up&!music&!ascribable&slowly: positive
!up&!music&ascribable&!especial: negative
!up&!music&ascribable&especial: conflict
!up&music&!pos&!portable: neutral
!up&music&!pos&portable: neutral
!up&music&pos: neutral
up&!median&!little&!utilitarian: positive
up&!median&!little&utilitarian: neutral
up&!median&little&!ignite: conflict
up&!median&little&ignite: positive
up&median: conflict
DecisionTree learned:
!capital&!neg&!other&!firm: positive
!capital&!neg&!other&firm: positive
!capital&!neg&other&!old: neutral
!capital&!neg&other&old: positive
!capital&neg&!free&!extra: negative
!capital&neg&!free&extra: positive
!capital&neg&free&!unlike: negative
!capital&neg&free&unlike: positive
capital&!utilitarian&!short&!overall: positive
capital&!utilitarian&!short&overall: negative
capital&!utilitarian&short: negative
capital&utilitarian: neutral
DecisionTree learned:
!up&!neg&!other&!pos: negative
!up&!neg&!other&pos: positive
!up&!neg&other&!lapp: positive
!up&!neg&other&lapp: neutral
!up&neg&!large&!extra: negative
!up&neg&!large&extra: positive
!up&neg&large&!ascribable: positive
!up&neg&large&ascribable: negative
up&!little&!dependable&!firm: positive
up&!little&!dependable&firm: positive
up&!little&dependable: positive
up&little&!ignite: conflict
up&little&ignite&!newfangled: positive
up&little&ignite&newfangled: positive
DecisionTree learned:
!capital&!firm&!ascribable&!of: negative
!capital&!firm&!ascribable&of: neutral
!capital&!firm&ascribable&!especial: negative
!capital&!firm&ascribable&especial: conflict
!capital&firm&!campaign&!newfangled: positive
!capital&firm&!campaign&newfangled: neutral
!capital&firm&campaign: negative
capital&!average&!short&!many: positive
capital&!average&!short&many: negative
capital&!average&short: negative
capital&average: conflict
DecisionTree learned:
!dainty&!flying&!slowly&!free: negative
!dainty&!flying&!slowly&free: positive
!dainty&!flying&slowly&!pos: negative
!dainty&!flying&slowly&pos: positive
!dainty&flying&!effective&!clear: positive
!dainty&flying&!effective&clear: neutral
!dainty&flying&effective: neutral
dainty&!big&!undimmed&!slowly: positive
dainty&!big&!undimmed&slowly: positive
dainty&!big&undimmed: positive
dainty&big: positive
DecisionTree learned:
!up&!music&!neg&!other: positive
!up&!music&!neg&other: positive
!up&!music&neg&!clear: negative
!up&!music&neg&clear: neutral
!up&music&!pos&!overall: neutral
!up&music&!pos&overall: neutral
!up&music&pos: neutral
up&!little&!median&!utilitarian: positive
up&!little&!median&utilitarian: neutral
up&!little&median: conflict
up&little&!ignite: conflict
up&little&ignite&!newfangled: positive
up&little&ignite&newfangled: neutral
DecisionTree learned:
!pos&!placid&!future&!ascribable: negative
!pos&!placid&!future&ascribable: negative
!pos&!placid&future&!able: neutral
!pos&!placid&future&able: positive
!pos&placid: conflict
pos&!heavily&!lapp&!unfold: positive
pos&!heavily&!lapp&unfold: neutral
pos&!heavily&lapp&!early: negative
pos&!heavily&lapp&early: neutral
pos&heavily&!campaign&!newfangled: negative
pos&heavily&!campaign&newfangled: neutral
pos&heavily&campaign&!big: negative
pos&heavily&campaign&big: positive
DecisionTree learned:
!up&!dainty&!dislodge&!slowly: negative
!up&!dainty&!dislodge&slowly: positive
!up&!dainty&dislodge&!unlike: negative
!up&!dainty&dislodge&unlike: conflict
!up&dainty&!undimmed&!neg: conflict
!up&dainty&!undimmed&neg: positive
!up&dainty&undimmed: positive
up&!many&!iniquity&!stopping: positive
up&!many&!iniquity&stopping: negative
up&!many&iniquity: negative
up&many&!such&!neg: negative
up&many&!such&neg: negative
up&many&such: positive
DecisionTree learned:
!ascribable&!dainty&!unfold&!flying: positive
!ascribable&!dainty&!unfold&flying: positive
!ascribable&!dainty&unfold&!pos: neutral
!ascribable&!dainty&unfold&pos: neutral
!ascribable&dainty&!big&!undimmed: positive
!ascribable&dainty&!big&undimmed: positive
!ascribable&dainty&big: positive
ascribable&!especial&!up&!widen: negative
ascribable&!especial&!up&widen: negative
ascribable&!especial&up: negative
ascribable&especial: conflict
DecisionTree learned:
!up&!music&!exchangeable&!full: negative
!up&!music&!exchangeable&full: positive
!up&!music&exchangeable: neutral
!up&music&!pos&!overall: neutral
!up&music&!pos&overall: neutral
!up&music&pos: neutral
up&!median&!stopping&!little: positive
up&!median&!stopping&little: positive
up&!median&stopping&!music: negative
up&!median&stopping&music: negative
up&median: conflict
DecisionTree learned:
!pos&!worth&!adult&!placid: negative
!pos&!worth&!adult&placid: conflict
!pos&!worth&adult&!portable: conflict
!pos&!worth&adult&portable: positive
!pos&worth&!overall&!a: conflict
!pos&worth&!overall&a: negative
!pos&worth&overall: neutral
pos&!dislodge&!dainty&!slowly: positive
pos&!dislodge&!dainty&slowly: positive
pos&!dislodge&dainty&!big: positive
pos&!dislodge&dainty&big: positive
pos&dislodge&!big&!many: conflict
pos&dislodge&!big&many: positive
pos&dislodge&big: positive
DecisionTree learned:
!up&!neg&!other&!farseeing: positive
!up&!neg&!other&farseeing: positive
!up&!neg&other&!acceptable: neutral
!up&!neg&other&acceptable: conflict
!up&neg&!extra&!large: negative
!up&neg&!extra&large: positive
!up&neg&extra&!newfangled: neutral
!up&neg&extra&newfangled: conflict
up&!little&!median&!utilitarian: positive
up&!little&!median&utilitarian: neutral
up&!little&median: conflict
up&little&!ignite: conflict
up&little&ignite&!newfangled: positive
up&little&ignite&newfangled: positive
DecisionTree learned:
!up&!authoritative&!exchangeable&!ascribable: positive
!up&!authoritative&!exchangeable&ascribable: negative
!up&!authoritative&exchangeable: neutral
!up&authoritative&!early&!slowly: neutral
!up&authoritative&!early&slowly: positive
!up&authoritative&early: positive
up&!median&!many&!little: positive
up&!median&!many&little: positive
up&!median&many&!such: negative
up&!median&many&such: positive
up&median: conflict
DecisionTree learned:
!dainty&!ascribable&!of&!solid: positive
!dainty&!ascribable&!of&solid: positive
!dainty&!ascribable&of&!slowly: neutral
!dainty&!ascribable&of&slowly: neutral
!dainty&ascribable&!especial&!common: negative
!dainty&ascribable&!especial&common: negative
!dainty&ascribable&especial: conflict
dainty&!big&!undimmed&!neg: conflict
dainty&!big&!undimmed&neg: positive
dainty&!big&undimmed: positive
dainty&big: positive
DecisionTree learned:
!pos&!worth&!tint&!future: negative
!pos&!worth&!tint&future: neutral
!pos&!worth&tint&!newfangled: conflict
!pos&!worth&tint&newfangled: negative
!pos&worth&!overall&!a: conflict
!pos&worth&!overall&a: positive
!pos&worth&overall: neutral
pos&!unfold&!authoritative&!campaign: positive
pos&!unfold&!authoritative&campaign: neutral
pos&!unfold&authoritative&!early: neutral
pos&!unfold&authoritative&early: positive
pos&unfold&!extra: neutral
pos&unfold&extra: neutral
DecisionTree learned:
!capital&!solid&!ascribable&!few: positive
!capital&!solid&!ascribable&few: neutral
!capital&!solid&ascribable&!especial: negative
!capital&!solid&ascribable&especial: conflict
!capital&solid&!firm&!neg: positive
!capital&solid&!firm&neg: positive
!capital&solid&firm: positive
capital&!secondary&!many&!short: positive
capital&!secondary&!many&short: negative
capital&!secondary&many&!such: negative
capital&!secondary&many&such: positive
capital&secondary: negative
DecisionTree learned:
!dainty&!acceptable&!authoritative&!solid: negative
!dainty&!acceptable&!authoritative&solid: positive
!dainty&!acceptable&authoritative&!early: neutral
!dainty&!acceptable&authoritative&early: positive
!dainty&acceptable: conflict
dainty&!big&!slowly&!undimmed: conflict
dainty&!big&!slowly&undimmed: positive
dainty&!big&slowly: positive
dainty&big: positive
DecisionTree learned:
!big&!neg&!other&!fresh: positive
!big&!neg&!other&fresh: neutral
!big&!neg&other&!newfangled: neutral
!big&!neg&other&newfangled: negative
!big&neg&!extra&!free: negative
!big&neg&!extra&free: positive
!big&neg&extra&!newfangled: positive
!big&neg&extra&newfangled: conflict
big&!large&!capable&!utilitarian: positive
big&!large&!capable&utilitarian: neutral
big&!large&capable&!pos: neutral
big&!large&capable&pos: neutral
big&large&!distinguish&!quartz: positive
big&large&!distinguish&quartz: positive
big&large&distinguish: conflict
DecisionTree learned:
!big&!future&!slowly&!other: negative
!big&!future&!slowly&other: neutral
!big&!future&slowly&!pos: conflict
!big&!future&slowly&pos: positive
!big&future&!full&!merely: neutral
!big&future&!full&merely: conflict
!big&future&full&!pos: conflict
!big&future&full&pos: conflict
big&!broad&!average&!up: positive
big&!broad&!average&up: positive
big&!broad&average: conflict
big&broad: conflict
DecisionTree learned:
!pos&!future&!adult&!worth: negative
!pos&!future&!adult&worth: conflict
!pos&!future&adult&!portable: conflict
!pos&!future&adult&portable: neutral
!pos&future&!able&!integral: conflict
!pos&future&!able&integral: negative
!pos&future&able: positive
pos&!big&!in&!dislodge: positive
pos&!big&!in&dislodge: conflict
pos&!big&in: negative
pos&big&!up&!adult: conflict
pos&big&!up&adult: positive
pos&big&up&!clear: positive
pos&big&up&clear: neutral
DecisionTree learned:
!flying&!dainty&!aplomb&!other: negative
!flying&!dainty&!aplomb&other: positive
!flying&!dainty&aplomb: positive
!flying&dainty&!big&!undimmed: conflict
!flying&dainty&!big&undimmed: positive
!flying&dainty&big: positive
flying&!newfangled&!pos&!clear: positive
flying&!newfangled&!pos&clear: neutral
flying&!newfangled&pos: positive
flying&newfangled: neutral
DecisionTree learned:
!wax&!flying&!ascribable&!acceptable: negative
!wax&!flying&!ascribable&acceptable: conflict
!wax&!flying&ascribable&!especial: negative
!wax&!flying&ascribable&especial: negative
!wax&flying&!newfangled&!effective: positive
!wax&flying&!newfangled&effective: neutral
!wax&flying&newfangled: neutral
wax&!future&!big&!gear: neutral
wax&!future&!big&gear: negative
wax&!future&big: conflict
wax&future&!pos: conflict
wax&future&pos: conflict
DecisionTree learned:
!full&!slowly&!solid&!of: negative
!full&!slowly&!solid&of: neutral
!full&!slowly&solid&!firm: positive
!full&!slowly&solid&firm: positive
!full&slowly&!pos&!gear: negative
!full&slowly&!pos&gear: positive
!full&slowly&pos&!software: positive
!full&slowly&pos&software: neutral
full&!future&!large&!entire: positive
full&!future&!large&entire: neutral
full&!future&large: conflict
full&future&!pos: conflict
full&future&pos: conflict
DecisionTree learned:
!dainty&!simple&!flying&!full: negative
!dainty&!simple&!flying&full: positive
!dainty&!simple&flying&!newfangled: positive
!dainty&!simple&flying&newfangled: neutral
!dainty&simple&!pos: positive
!dainty&simple&pos: positive
dainty&!big&!slowly&!neg: positive
dainty&!big&!slowly&neg: positive
dainty&!big&slowly: positive
dainty&big: positive
DecisionTree learned:
!dainty&!ascribable&!of&!aplomb: positive
!dainty&!ascribable&!of&aplomb: positive
!dainty&!ascribable&of&!slowly: neutral
!dainty&!ascribable&of&slowly: neutral
!dainty&ascribable&!especial&!widen: negative
!dainty&ascribable&!especial&widen: negative
!dainty&ascribable&especial: negative
dainty&!big&!ashen&!undimmed: conflict
dainty&!big&!ashen&undimmed: positive
dainty&!big&ashen: positive
dainty&big: positive
DecisionTree learned:
!dainty&!future&!slowly&!firm: negative
!dainty&!future&!slowly&firm: positive
!dainty&!future&slowly&!decelerate: positive
!dainty&!future&slowly&decelerate: negative
!dainty&future&!full&!merely: neutral
!dainty&future&!full&merely: conflict
!dainty&future&full&!pos: conflict
!dainty&future&full&pos: conflict
dainty&!big&!undimmed&!slowly: conflict
dainty&!big&!undimmed&slowly: positive
dainty&!big&undimmed: positive
dainty&big: positive
DecisionTree learned:
!dainty&!free&!authoritative&!common: positive
!dainty&!free&!authoritative&common: negative
!dainty&!free&authoritative&!early: neutral
!dainty&!free&authoritative&early: positive
!dainty&free&!especial&!unlike: positive
!dainty&free&!especial&unlike: conflict
!dainty&free&especial: conflict
dainty&!big&!slowly&!undimmed: conflict
dainty&!big&!slowly&undimmed: positive
dainty&!big&slowly: positive
dainty&big: positive
DecisionTree learned:
!dainty&!common&!other&!adult: negative
!dainty&!common&!other&adult: positive
!dainty&!common&other&!neg: positive
!dainty&!common&other&neg: positive
!dainty&common: negative
dainty&!big&!undimmed&!slowly: positive
dainty&!big&!undimmed&slowly: positive
dainty&!big&undimmed: positive
dainty&big: positive
DecisionTree learned:
!free&!neg&!fresh&!other: positive
!free&!neg&!fresh&other: neutral
!free&!neg&fresh&!big: neutral
!free&!neg&fresh&big: negative
!free&neg&!simple&!unique: negative
!free&neg&!simple&unique: neutral
!free&neg&simple&!pos: positive
!free&neg&simple&pos: positive
free&!especial&!unlike&!big: positive
free&!especial&!unlike&big: positive
free&!especial&unlike: conflict
free&especial: conflict
DecisionTree learned:
!big&!fresh&!acceptable&!of: negative
!big&!fresh&!acceptable&of: neutral
!big&!fresh&acceptable: conflict
!big&fresh&!extra&!equal: neutral
!big&fresh&!extra&equal: negative
!big&fresh&extra: conflict
big&!external&!broad&!overall: positive
big&!external&!broad&overall: negative
big&!external&broad: conflict
big&external: neutral
DecisionTree learned:
!capital&!acceptable&!neg&!other: positive
!capital&!acceptable&!neg&other: neutral
!capital&!acceptable&neg&!campaign: negative
!capital&!acceptable&neg&campaign: neutral
!capital&acceptable: conflict
capital&!utilitarian&!average&!little: positive
capital&!utilitarian&!average&little: conflict
capital&!utilitarian&average: conflict
capital&utilitarian: neutral
DecisionTree learned:
!dependable&!flying&!tint&!simple: negative
!dependable&!flying&!tint&simple: positive
!dependable&!flying&tint&!newfangled: conflict
!dependable&!flying&tint&newfangled: negative
!dependable&flying&!clear&!effective: positive
!dependable&flying&!clear&effective: positive
!dependable&flying&clear: neutral
dependable&!average&!exceed&!big: positive
dependable&!average&!exceed&big: positive
dependable&!average&exceed: negative
dependable&average: neutral
DecisionTree learned:
!minimal&!dainty&!shortstop&!ascribable: positive
!minimal&!dainty&!shortstop&ascribable: negative
!minimal&!dainty&shortstop&!slowly: negative
!minimal&!dainty&shortstop&slowly: positive
!minimal&dainty&!big&!slowly: positive
!minimal&dainty&!big&slowly: positive
!minimal&dainty&big: positive
minimal: conflict
DecisionTree learned:
!pos&!placid&!tint&!worth: negative
!pos&!placid&!tint&worth: negative
!pos&!placid&tint&!newfangled: conflict
!pos&!placid&tint&newfangled: negative
!pos&placid: conflict
pos&!large&!lapp&!campaign: positive
pos&!large&!lapp&campaign: neutral
pos&!large&lapp&!such: neutral
pos&!large&lapp&such: negative
pos&large&!up&!adult: conflict
pos&large&!up&adult: positive
pos&large&up: negative
DecisionTree learned:
!legato&!other&!future&!fresh: positive
!legato&!other&!future&fresh: neutral
!legato&!other&future&!gear: neutral
!legato&!other&future&gear: positive
!legato&other&!acceptable&!neg: neutral
!legato&other&!acceptable&neg: negative
!legato&other&acceptable: conflict
legato: conflict
DecisionTree learned:
!slowly&!shortstop&!full&!farseeing: negative
!slowly&!shortstop&!full&farseeing: positive
!slowly&!shortstop&full&!future: positive
!slowly&!shortstop&full&future: conflict
!slowly&shortstop&!graphic&!pos: negative
!slowly&shortstop&!graphic&pos: negative
!slowly&shortstop&graphic: negative
slowly&!pos&!gear&!minor: conflict
slowly&!pos&!gear&minor: negative
slowly&!pos&gear: positive
slowly&pos&!neg&!big: positive
slowly&pos&!neg&big: positive
slowly&pos&neg: positive
DecisionTree learned:
!acceptable&!of&!legato&!farseeing: positive
!acceptable&!of&!legato&farseeing: positive
!acceptable&!of&legato: conflict
!acceptable&of&!slowly: neutral
!acceptable&of&slowly: neutral
acceptable: conflict
DecisionTree learned:
!capital&!exchangeable&!authoritative&!legato: negative
!capital&!exchangeable&!authoritative&legato: conflict
!capital&!exchangeable&authoritative&!early: neutral
!capital&!exchangeable&authoritative&early: positive
!capital&exchangeable: neutral
capital&!average&!little&!many: positive
capital&!average&!little&many: negative
capital&!average&little: conflict
capital&average: conflict
DecisionTree learned:
!aplomb&!of&!acceptable&!neg: positive
!aplomb&!of&!acceptable&neg: negative
!aplomb&!of&acceptable: conflict
!aplomb&of&!slowly: neutral
!aplomb&of&slowly: neutral
aplomb: positive
DecisionTree learned:
!slowly&!ascribable&!unfold&!big: negative
!slowly&!ascribable&!unfold&big: positive
!slowly&!ascribable&unfold&!pos: neutral
!slowly&!ascribable&unfold&pos: neutral
!slowly&ascribable&!especial&!common: negative
!slowly&ascribable&!especial&common: negative
!slowly&ascribable&especial: conflict
slowly&!pos&!gear&!minor: negative
slowly&!pos&!gear&minor: negative
slowly&!pos&gear: positive
slowly&pos&!neg&!broad: positive
slowly&pos&!neg&broad: neutral
slowly&pos&neg: positive
DecisionTree learned:
!minimal&!of&!aplomb&!dainty: negative
!minimal&!of&!aplomb&dainty: positive
!minimal&!of&aplomb: positive
!minimal&of&!slowly: neutral
!minimal&of&slowly: neutral
minimal: conflict
DecisionTree learned:
!slowly&!wax&!big&!farseeing: negative
!slowly&!wax&!big&farseeing: positive
!slowly&!wax&big&!capable: positive
!slowly&!wax&big&capable: neutral
!slowly&wax&!future&!big: positive
!slowly&wax&!future&big: conflict
!slowly&wax&future&!pos: conflict
!slowly&wax&future&pos: conflict
slowly&!decelerate&!neg&!broad: positive
slowly&!decelerate&!neg&broad: neutral
slowly&!decelerate&neg: positive
slowly&decelerate&!gear&!minor: conflict
slowly&decelerate&!gear&minor: negative
slowly&decelerate&gear: positive
DecisionTree learned:
!free&!median&!ascribable&!standard: positive
!free&!median&!ascribable&standard: neutral
!free&!median&ascribable&!widen: negative
!free&!median&ascribable&widen: negative
!free&median&!big: positive
!free&median&big: conflict
free&!especial&!unlike&!big: positive
free&!especial&!unlike&big: positive
free&!especial&unlike: conflict
free&especial: conflict
DecisionTree learned:
!dainty&!other&!adult&!minimal: negative
!dainty&!other&!adult&minimal: conflict
!dainty&!other&adult&!portable: conflict
!dainty&!other&adult&portable: positive
!dainty&other&!acceptable&!neg: neutral
!dainty&other&!acceptable&neg: negative
!dainty&other&acceptable: conflict
dainty&!big&!undimmed&!slowly: conflict
dainty&!big&!undimmed&slowly: positive
dainty&!big&undimmed: positive
dainty&big: positive
DecisionTree learned:
!dainty&!legato&!slowly&!solid: negative
!dainty&!legato&!slowly&solid: positive
!dainty&!legato&slowly&!pos: conflict
!dainty&!legato&slowly&pos: positive
!dainty&legato: conflict
dainty&!big&!undimmed&!neg: conflict
dainty&!big&!undimmed&neg: positive
dainty&!big&undimmed: positive
dainty&big: positive
DecisionTree learned:
!dependable&!flying&!solid&!neg: positive
!dependable&!flying&!solid&neg: negative
!dependable&!flying&solid&!firm: positive
!dependable&!flying&solid&firm: positive
!dependable&flying&!newfangled&!effective: positive
!dependable&flying&!newfangled&effective: neutral
!dependable&flying&newfangled: neutral
dependable&!exceed&!neg&!big: positive
dependable&!exceed&!neg&big: positive
dependable&!exceed&neg&!able: positive
dependable&!exceed&neg&able: negative
dependable&exceed: negative
DecisionTree learned:
!ascribable&!median&!shortstop&!dainty: positive
!ascribable&!median&!shortstop&dainty: positive
!ascribable&!median&shortstop&!slowly: negative
!ascribable&!median&shortstop&slowly: positive
!ascribable&median&!big: positive
!ascribable&median&big: conflict
ascribable&!especial&!big&!common: negative
ascribable&!especial&!big&common: negative
ascribable&!especial&big: negative
ascribable&especial: conflict
DecisionTree learned:
!free&!exchangeable&!campaign&!shortstop: positive
!free&!exchangeable&!campaign&shortstop: negative
!free&!exchangeable&campaign&!pos: negative
!free&!exchangeable&campaign&pos: neutral
!free&exchangeable: neutral
free&!big&!unlike&!especial: positive
free&!big&!unlike&especial: conflict
free&!big&unlike: conflict
free&big: positive
DecisionTree learned:
!free&!minimal&!tint&!dainty: negative
!free&!minimal&!tint&dainty: positive
!free&!minimal&tint&!newfangled: conflict
!free&!minimal&tint&newfangled: negative
!free&minimal: conflict
free&!especial&!unlike&!big: negative
free&!especial&!unlike&big: positive
free&!especial&unlike: conflict
free&especial: conflict
DecisionTree learned:
!tint&!minimal&!big&!neg: positive
!tint&!minimal&!big&neg: negative
!tint&!minimal&big&!overall: positive
!tint&!minimal&big&overall: negative
!tint&minimal: conflict
tint&!newfangled&!a: conflict
tint&!newfangled&a: negative
tint&newfangled: negative
DecisionTree learned:
!legato&!unfold&!neg&!other: positive
!legato&!unfold&!neg&other: neutral
!legato&!unfold&neg&!campaign: negative
!legato&!unfold&neg&campaign: negative
!legato&unfold&!pos&!gear: neutral
!legato&unfold&!pos&gear: neutral
!legato&unfold&pos&!extra: neutral
!legato&unfold&pos&extra: neutral
legato: conflict
DecisionTree learned:
!adult&!arrant&!free&!other: negative
!adult&!arrant&!free&other: positive
!adult&!arrant&free&!unlike: positive
!adult&!arrant&free&unlike: conflict
!adult&arrant&!farseeing&!ergonomic: positive
!adult&arrant&!farseeing&ergonomic: negative
!adult&arrant&farseeing: conflict
adult&!early&!portable&!newfangled: conflict
adult&!early&!portable&newfangled: neutral
adult&!early&portable: neutral
adult&early: negative
DecisionTree learned:
!exchangeable&!ascribable&!big&!farseeing: positive
!exchangeable&!ascribable&!big&farseeing: positive
!exchangeable&!ascribable&big&!light: positive
!exchangeable&!ascribable&big&light: negative
!exchangeable&ascribable&!especial&!slowly: negative
!exchangeable&ascribable&!especial&slowly: negative
!exchangeable&ascribable&especial: conflict
exchangeable&!big: neutral
exchangeable&big: positive
DecisionTree learned:
!tint&!few&!external&!flying: negative
!tint&!few&!external&flying: positive
!tint&!few&external&!beneficial: neutral
!tint&!few&external&beneficial: positive
!tint&few&!neg&!pos: neutral
!tint&few&!neg&pos: neutral
!tint&few&neg: positive
tint&!newfangled&!a: conflict
tint&!newfangled&a: negative
tint&newfangled: negative
DecisionTree learned:
!minimal&!simple&!former&!unfold: negative
!minimal&!simple&!former&unfold: neutral
!minimal&!simple&former&!by: negative
!minimal&!simple&former&by: negative
!minimal&simple&!pos: positive
!minimal&simple&pos: positive
minimal: conflict
DecisionTree learned:
!dainty&!other&!music&!flying: negative
!dainty&!other&!music&flying: positive
!dainty&!other&music&!professional: neutral
!dainty&!other&music&professional: negative
!dainty&other&!neg&!newfangled: neutral
!dainty&other&!neg&newfangled: negative
!dainty&other&neg&!able: negative
!dainty&other&neg&able: neutral
dainty&!big&!neg&!undimmed: conflict
dainty&!big&!neg&undimmed: positive
dainty&!big&neg: positive
dainty&big: positive
DecisionTree learned:
!dainty&!free&!minimal&!of: positive
!dainty&!free&!minimal&of: neutral
!dainty&!free&minimal: conflict
!dainty&free&!especial&!unlike: positive
!dainty&free&!especial&unlike: positive
!dainty&free&especial: conflict
dainty&!big&!slowly&!neg: conflict
dainty&!big&!slowly&neg: positive
dainty&!big&slowly: positive
dainty&big: positive
DecisionTree learned:
!flying&!few&!exchangeable&!acceptable: positive
!flying&!few&!exchangeable&acceptable: conflict
!flying&!few&exchangeable: neutral
!flying&few&!early&!pos: neutral
!flying&few&!early&pos: positive
!flying&few&early: neutral
flying&!effective&!newfangled&!clear: positive
flying&!effective&!newfangled&clear: neutral
flying&!effective&newfangled: neutral
flying&effective: neutral
DecisionTree learned:
!free&!aplomb&!dainty&!tint: negative
!free&!aplomb&!dainty&tint: conflict
!free&!aplomb&dainty&!big: positive
!free&!aplomb&dainty&big: positive
!free&aplomb: positive
free&!especial&!unlike&!many: positive
free&!especial&!unlike&many: positive
free&!especial&unlike: conflict
free&especial: conflict
DecisionTree learned:
!wax&!ascribable&!campaign&!firm: positive
!wax&!ascribable&!campaign&firm: positive
!wax&!ascribable&campaign&!beneficial: neutral
!wax&!ascribable&campaign&beneficial: positive
!wax&ascribable&!especial&!big: negative
!wax&ascribable&!especial&big: neutral
!wax&ascribable&especial: conflict
wax&!future&!big&!neg: positive
wax&!future&!big&neg: negative
wax&!future&big: conflict
wax&future&!pos: conflict
wax&future&pos: conflict
DecisionTree learned:
!minimal&!standard&!external&!legato: positive
!minimal&!standard&!external&legato: conflict
!minimal&!standard&external&!beneficial: neutral
!minimal&!standard&external&beneficial: positive
!minimal&standard&!proprietorship&!pos: neutral
!minimal&standard&!proprietorship&pos: neutral
!minimal&standard&proprietorship: negative
minimal: conflict
DecisionTree learned:
!free&!slowly&!minimal&!standard: negative
!free&!slowly&!minimal&standard: neutral
!free&!slowly&minimal: conflict
!free&slowly&!decelerate&!broad: positive
!free&slowly&!decelerate&broad: neutral
!free&slowly&decelerate&!gear: conflict
!free&slowly&decelerate&gear: positive
free&!especial&!unlike&!big: positive
free&!especial&!unlike&big: positive
free&!especial&unlike: conflict
free&especial: conflict
DecisionTree learned:
!legato&!common&!full&!external: negative
!legato&!common&!full&external: neutral
!legato&!common&full&!future: positive
!legato&!common&full&future: conflict
!legato&common: negative
legato: conflict
DecisionTree learned:
!future&!music&!lapp&!pos: negative
!future&!music&!lapp&pos: positive
!future&!music&lapp&!such: neutral
!future&!music&lapp&such: negative
!future&music&!up&!pos: neutral
!future&music&!up&pos: neutral
!future&music&up&!neg: negative
!future&music&up&neg: positive
future&!full&!merely&!gear: neutral
future&!full&!merely&gear: positive
future&!full&merely: conflict
future&full&!pos: conflict
future&full&pos: conflict
DecisionTree learned:
!farseeing&!of&!ascribable&!tint: positive
!farseeing&!of&!ascribable&tint: conflict
!farseeing&!of&ascribable&!especial: negative
!farseeing&!of&ascribable&especial: conflict
!farseeing&of&!slowly: neutral
!farseeing&of&slowly: neutral
farseeing&!arrant&!end&!to: positive
farseeing&!arrant&!end&to: negative
farseeing&!arrant&end&!certain: negative
farseeing&!arrant&end&certain: positive
farseeing&arrant: conflict
DecisionTree learned:
!legato&!solid&!dainty&!free: positive
!legato&!solid&!dainty&free: positive
!legato&!solid&dainty&!big: positive
!legato&!solid&dainty&big: positive
!legato&solid&!firm&!newfangled: positive
!legato&solid&!firm&newfangled: positive
!legato&solid&firm: positive
legato: conflict
DecisionTree learned:
!acceptable&!dainty&!tint&!flying: negative
!acceptable&!dainty&!tint&flying: positive
!acceptable&!dainty&tint&!newfangled: conflict
!acceptable&!dainty&tint&newfangled: negative
!acceptable&dainty&!big&!undimmed: positive
!acceptable&dainty&!big&undimmed: positive
!acceptable&dainty&big: positive
acceptable: conflict
DecisionTree learned:
!acceptable&!dainty&!farseeing&!minimal: negative
!acceptable&!dainty&!farseeing&minimal: conflict
!acceptable&!dainty&farseeing&!arrant: positive
!acceptable&!dainty&farseeing&arrant: conflict
!acceptable&dainty&!big&!black: conflict
!acceptable&dainty&!big&black: positive
!acceptable&dainty&big: positive
acceptable: conflict
DecisionTree learned:
!dislodge&!solid&!minimal&!acceptable: positive
!dislodge&!solid&!minimal&acceptable: conflict
!dislodge&!solid&minimal: conflict
!dislodge&solid&!firm&!newfangled: positive
!dislodge&solid&!firm&newfangled: positive
!dislodge&solid&firm: positive
dislodge&!unlike&!especial&!big: negative
dislodge&!unlike&!especial&big: positive
dislodge&!unlike&especial: conflict
dislodge&unlike: conflict
DecisionTree learned:
!big&!exchangeable&!farseeing&!free: negative
!big&!exchangeable&!farseeing&free: positive
!big&!exchangeable&farseeing&!arrant: positive
!big&!exchangeable&farseeing&arrant: conflict
!big&exchangeable: neutral
big&!adult&!pos&!eldritch: positive
big&!adult&!pos&eldritch: negative
big&!adult&pos&!up: conflict
big&!adult&pos&up: positive
big&adult&!early&!portable: conflict
big&adult&!early&portable: positive
big&adult&early: negative
DecisionTree learned:
!shortstop&!external&!of&!free: positive
!shortstop&!external&!of&free: positive
!shortstop&!external&of&!slowly: neutral
!shortstop&!external&of&slowly: neutral
!shortstop&external&!beneficial&!big: neutral
!shortstop&external&!beneficial&big: neutral
!shortstop&external&beneficial: positive
shortstop&!pos&!graphic&!many: negative
shortstop&!pos&!graphic&many: negative
shortstop&!pos&graphic: negative
shortstop&pos: negative
DecisionTree learned:
!up&!music&!common&!external: negative
!up&!music&!common&external: neutral
!up&!music&common: negative
!up&music&!pos&!overall: neutral
!up&music&!pos&overall: neutral
!up&music&pos: neutral
up&!median&!little&!neg: positive
up&!median&!little&neg: positive
up&!median&little&!ignite: conflict
up&!median&little&ignite: positive
up&median: conflict
DecisionTree learned:
!neg&!other&!farseeing&!a: positive
!neg&!other&!farseeing&a: conflict
!neg&!other&farseeing&!arrant: positive
!neg&!other&farseeing&arrant: conflict
!neg&other&!acceptable&!newfangled: positive
!neg&other&!acceptable&newfangled: negative
!neg&other&acceptable: conflict
neg&!extra&!base&!campaign: negative
neg&!extra&!base&campaign: negative
neg&!extra&base&!slowly: neutral
neg&!extra&base&slowly: positive
neg&extra&!newfangled&!cardinal: neutral
neg&extra&!newfangled&cardinal: positive
neg&extra&newfangled: conflict
DecisionTree learned:
!tint&!slowly&!forcible&!ascribable: positive
!tint&!slowly&!forcible&ascribable: negative
!tint&!slowly&forcible: negative
!tint&slowly&!pos&!gear: conflict
!tint&slowly&!pos&gear: positive
!tint&slowly&pos&!neg: positive
!tint&slowly&pos&neg: positive
tint&!newfangled&!a: conflict
tint&!newfangled&a: negative
tint&newfangled: negative
DecisionTree learned:
!dainty&!standard&!external&!aplomb: positive
!dainty&!standard&!external&aplomb: positive
!dainty&!standard&external&!big: neutral
!dainty&!standard&external&big: neutral
!dainty&standard&!proprietorship&!pos: neutral
!dainty&standard&!proprietorship&pos: neutral
!dainty&standard&proprietorship: negative
dainty&!big&!ashen&!black: conflict
dainty&!big&!ashen&black: positive
dainty&!big&ashen: positive
dainty&big: positive
DecisionTree learned:
!slowly&!dainty&!standard&!black: negative
!slowly&!dainty&!standard&black: negative
!slowly&!dainty&standard&!proprietorship: neutral
!slowly&!dainty&standard&proprietorship: negative
!slowly&dainty&!undimmed&!big: conflict
!slowly&dainty&!undimmed&big: positive
!slowly&dainty&undimmed: positive
slowly&!pos&!gear&!minor: conflict
slowly&!pos&!gear&minor: negative
slowly&!pos&gear: positive
slowly&pos&!broad&!of: positive
slowly&pos&!broad&of: neutral
slowly&pos&broad: neutral
DecisionTree learned:
!dainty&!neg&!other&!farseeing: positive
!dainty&!neg&!other&farseeing: conflict
!dainty&!neg&other&!newfangled: neutral
!dainty&!neg&other&newfangled: negative
!dainty&neg&!campaign&!future: negative
!dainty&neg&!campaign&future: conflict
!dainty&neg&campaign&!beneficial: neutral
!dainty&neg&campaign&beneficial: positive
dainty&!big&!black&!undimmed: conflict
dainty&!big&!black&undimmed: positive
dainty&!big&black: positive
dainty&big: positive
DecisionTree learned:
!minimal&!former&!campaign&!pos: negative
!minimal&!former&!campaign&pos: positive
!minimal&!former&campaign&!beneficial: negative
!minimal&!former&campaign&beneficial: positive
!minimal&former&!by&!newfangled: negative
!minimal&former&!by&newfangled: positive
!minimal&former&by&!pos: negative
!minimal&former&by&pos: negative
minimal: conflict
DecisionTree learned:
!legato&!shortstop&!flying&!campaign: positive
!legato&!shortstop&!flying&campaign: negative
!legato&!shortstop&flying&!effective: positive
!legato&!shortstop&flying&effective: neutral
!legato&shortstop&!graphic&!pos: negative
!legato&shortstop&!graphic&pos: negative
!legato&shortstop&graphic: negative
legato: conflict
DecisionTree learned:
!tint&!dainty&!slowly&!extra: negative
!tint&!dainty&!slowly&extra: neutral
!tint&!dainty&slowly&!pos: negative
!tint&!dainty&slowly&pos: positive
!tint&dainty&!big&!neg: conflict
!tint&dainty&!big&neg: positive
!tint&dainty&big: positive
tint&!newfangled&!a: conflict
tint&!newfangled&a: negative
tint&newfangled: negative
DecisionTree learned:
!extra&!worth&!fresh&!big: negative
!extra&!worth&!fresh&big: positive
!extra&!worth&fresh&!english: neutral
!extra&!worth&fresh&english: positive
!extra&worth&!overall&!pos: conflict
!extra&worth&!overall&pos: negative
!extra&worth&overall: neutral
extra&!newfangled&!pos: negative
extra&!newfangled&pos&!worth: positive
extra&!newfangled&pos&worth: neutral
extra&newfangled: conflict
DecisionTree learned:
!exchangeable&!standard&!free&!minimal: negative
!exchangeable&!standard&!free&minimal: conflict
!exchangeable&!standard&free&!unlike: positive
!exchangeable&!standard&free&unlike: conflict
!exchangeable&standard&!proprietorship&!pos: neutral
!exchangeable&standard&!proprietorship&pos: neutral
!exchangeable&standard&proprietorship: negative
exchangeable: neutral
DecisionTree learned:
!acceptable&!exchangeable&!future&!unfold: positive
!acceptable&!exchangeable&!future&unfold: neutral
!acceptable&!exchangeable&future&!full: neutral
!acceptable&!exchangeable&future&full: conflict
!acceptable&exchangeable: neutral
acceptable: conflict
DecisionTree learned:
!acceptable&!fresh&!forcible&!dainty: negative
!acceptable&!fresh&!forcible&dainty: positive
!acceptable&!fresh&forcible: negative
!acceptable&fresh&!extra&!inner: neutral
!acceptable&fresh&!extra&inner: neutral
!acceptable&fresh&extra: conflict
acceptable: conflict
DecisionTree learned:
!forcible&!dainty&!aplomb&!slowly: negative
!forcible&!dainty&!aplomb&slowly: positive
!forcible&!dainty&aplomb: positive
!forcible&dainty&!black&!slowly: conflict
!forcible&dainty&!black&slowly: positive
!forcible&dainty&black: positive
forcible: negative
DecisionTree learned:
!acceptable&!capital&!campaign&!neg: positive
!acceptable&!capital&!campaign&neg: negative
!acceptable&!capital&campaign&!pos: negative
!acceptable&!capital&campaign&pos: neutral
!acceptable&capital&!average&!utilitarian: positive
!acceptable&capital&!average&utilitarian: neutral
!acceptable&capital&average: conflict
acceptable: conflict
DecisionTree learned:
!legato&!external&!of&!neg: positive
!legato&!external&!of&neg: negative
!legato&!external&of&!slowly: neutral
!legato&!external&of&slowly: neutral
!legato&external&!few&!beneficial: neutral
!legato&external&!few&beneficial: positive
!legato&external&few: negative
legato: conflict
DecisionTree learned:
!median&!fresh&!other&!adult: negative
!median&!fresh&!other&adult: conflict
!median&!fresh&other&!neg: neutral
!median&!fresh&other&neg: negative
!median&fresh&!extra&!equal: neutral
!median&fresh&!extra&equal: negative
!median&fresh&extra: conflict
median&!big: positive
median&big: conflict
DecisionTree learned:
!minimal&!fresh&!future&!slowly: positive
!minimal&!fresh&!future&slowly: positive
!minimal&!fresh&future&!merely: neutral
!minimal&!fresh&future&merely: conflict
!minimal&fresh&!extra&!equal: neutral
!minimal&fresh&!extra&equal: negative
!minimal&fresh&extra: conflict
minimal: conflict
Trial 0 Training cc.mallet.classify.AdaBoostM2Trainer@283cf94 finished
Trial 0 Trainer cc.mallet.classify.AdaBoostM2Trainer@283cf94 test data accuracy = 0.5496957403651116

NaiveBayesTrainer
Summary. test accuracy mean = 0.4766734279918864 stddev = 0.0 stderr = 0.0

MaxEntTrainer,gaussianPriorVariance=1.0
Summary. test accuracy mean = 0.5436105476673428 stddev = 0.0 stderr = 0.0

cc.mallet.classify.DecisionTreeTrainer@202d0e1c
Summary. test accuracy mean = 0.5192697768762677 stddev = 0.0 stderr = 0.0

cc.mallet.classify.AdaBoostM2Trainer@283cf94
Summary. test accuracy mean = 0.5496957403651116 stddev = 0.0 stderr = 0.0
