
-------------------- Trial 0  --------------------

Trial 0 Training NaiveBayesTrainer with 1865 instances
Trial 0 Training NaiveBayesTrainer finished
Trial 0 Trainer NaiveBayesTrainer test data accuracy = 0.5273833671399595
Trial 0 Training MaxEntTrainer,gaussianPriorVariance=1.0 with 1865 instances
Trial 0 Training MaxEntTrainer,gaussianPriorVariance=1.0 finished
Trial 0 Trainer MaxEntTrainer,gaussianPriorVariance=1.0 test data accuracy = 0.6044624746450304
Trial 0 Training cc.mallet.classify.DecisionTreeTrainer@5975d6ab with 1865 instances
DecisionTree learned:
!neg&!but&!not&!pos: positive
!neg&!but&!not&pos: positive
!neg&!but&not&!and: negative
!neg&!but&not&and: positive
!neg&but&!you&!this: negative
!neg&but&!you&this: positive
!neg&but&you&!n: neutral
!neg&but&you&n: negative
neg&!movie&!pos&!price: negative
neg&!movie&!pos&price: positive
neg&!movie&pos&!garageband: negative
neg&!movie&pos&garageband: positive
neg&movie: neutral
Trial 0 Training cc.mallet.classify.DecisionTreeTrainer@5975d6ab finished
Trial 0 Trainer cc.mallet.classify.DecisionTreeTrainer@5975d6ab test data accuracy = 0.5415821501014199
Trial 0 Training cc.mallet.classify.AdaBoostM2Trainer@2d58f9d3 with 1865 instances
DecisionTree learned:
!neg&!but&!not&!pos: positive
!neg&!but&!not&pos: positive
!neg&!but&not&!and: negative
!neg&!but&not&and: negative
!neg&but&!this&!mac: negative
!neg&but&!this&mac: positive
!neg&but&this&!x: positive
!neg&but&this&x: neutral
neg&!movie&!pos&!price: negative
neg&!movie&!pos&price: positive
neg&!movie&pos&!but: negative
neg&!movie&pos&but: negative
neg&movie: neutral
DecisionTree learned:
!but&!neg&!not&!n: positive
!but&!neg&!not&n: negative
!but&!neg&not&!its: negative
!but&!neg&not&its: positive
!but&neg&!pos&!etc: negative
!but&neg&!pos&etc: neutral
!but&neg&pos&!garageband: negative
!but&neg&pos&garageband: positive
but&!mac&!be&!x: negative
but&!mac&!be&x: neutral
but&!mac&be&!with: negative
but&!mac&be&with: negative
but&mac&!its&!system: positive
but&mac&!its&system: negative
but&mac&its&!just: neutral
but&mac&its&just: neutral
DecisionTree learned:
!but&!fast&!neg&!and: negative
!but&!fast&!neg&and: positive
!but&!fast&neg&!music: negative
!but&!fast&neg&music: neutral
!but&fast&!one&!you: positive
!but&fast&!one&you: positive
!but&fast&one: neutral
but&!mac&!the&!another: conflict
but&!mac&!the&another: neutral
but&!mac&the&!on: negative
but&!mac&the&on: neutral
but&mac&!its&!system: positive
but&mac&!its&system: negative
but&mac&its&!just: neutral
but&mac&its&just: neutral
DecisionTree learned:
!but&!fast&!neg&!not: positive
!but&!fast&!neg&not: negative
!but&!fast&neg&!pos: negative
!but&!fast&neg&pos: negative
!but&fast&!one&!you: positive
!but&fast&!one&you: positive
!but&fast&one: neutral
but&!got&!mac&!power: negative
but&!got&!mac&power: neutral
but&!got&mac&!more: neutral
but&!got&mac&more: positive
but&got&!so: negative
but&got&so: positive
DecisionTree learned:
!but&!fast&!neg&!very: positive
!but&!fast&!neg&very: positive
!but&!fast&neg&!use: negative
!but&!fast&neg&use: positive
!but&fast&!one&!you: positive
!but&fast&!one&you: positive
!but&fast&one: neutral
but&!mac&!got&!yes: negative
but&!mac&!got&yes: positive
but&!mac&got&!so: negative
but&!mac&got&so: positive
but&mac&!its&!bit: positive
but&mac&!its&bit: neutral
but&mac&its&!just: neutral
but&mac&its&just: neutral
DecisionTree learned:
!but&!pos&!movie&!neg: negative
!but&!pos&!movie&neg: negative
!but&!pos&movie: neutral
!but&pos&!then&!when: positive
!but&pos&!then&when: negative
!but&pos&then&!upgrade: negative
!but&pos&then&upgrade: positive
but&!got&!mac&!this: negative
but&!got&!mac&this: negative
but&!got&mac&!bit: positive
but&!got&mac&bit: neutral
but&got&!so: negative
but&got&so: positive
DecisionTree learned:
!but&!fast&!neg&!n: positive
!but&!fast&!neg&n: negative
!but&!fast&neg&!much: negative
!but&!fast&neg&much: neutral
!but&fast&!with: positive
!but&fast&with&!just: positive
!but&fast&with&just: neutral
but&!so&!yes&!in: negative
but&!so&!yes&in: negative
but&!so&yes&!and: conflict
but&!so&yes&and: positive
but&so&!it&!of: neutral
but&so&!it&of: negative
but&so&it&!pos: neutral
but&so&it&pos: positive
DecisionTree learned:
!but&!pos&!speed&!price: negative
!but&!pos&!speed&price: positive
!but&!pos&speed&!to: positive
!but&!pos&speed&to: positive
!but&pos&!then&!i: positive
!but&pos&!then&i: positive
!but&pos&then&!bought: negative
!but&pos&then&bought: neutral
but&!ilife&!x&!new: negative
but&!ilife&!x&new: neutral
but&!ilife&x: neutral
but&ilife: positive
DecisionTree learned:
!but&!pos&!much&!speed: negative
!but&!pos&!much&speed: positive
!but&!pos&much&!neg: positive
!but&!pos&much&neg: conflict
!but&pos&!months&!to: positive
!but&pos&!months&to: negative
!but&pos&months&!sent: negative
!but&pos&months&sent: neutral
but&!be&!mac&!the: conflict
but&!be&!mac&the: positive
but&!be&mac&!system: positive
but&!be&mac&system: neutral
but&be&!with&!and: negative
but&be&!with&and: negative
but&be&with&!would: negative
but&be&with&would: negative
DecisionTree learned:
!but&!for&!they&!safari: positive
!but&!for&!they&safari: neutral
!but&!for&they&!else: neutral
!but&!for&they&else: negative
!but&for&!not&!office: positive
!but&for&!not&office: neutral
!but&for&not&!via: negative
!but&for&not&via: neutral
but&!drive&!mac&!in: negative
but&!drive&!mac&in: neutral
but&!drive&mac&!another: positive
but&!drive&mac&another: negative
but&drive&!to&!is: negative
but&drive&!to&is: neutral
but&drive&to: negative
DecisionTree learned:
!but&!fast&!not&!for: positive
!but&!fast&!not&for: positive
!but&!fast&not&!pc: negative
!but&!fast&not&pc: positive
!but&fast&!with: positive
!but&fast&with&!just: positive
!but&fast&with&just: neutral
but&!new&!in&!first: negative
but&!new&!in&first: positive
but&!new&in&!got: positive
but&!new&in&got: negative
but&new&!pos&!so: negative
but&new&!pos&so: neutral
but&new&pos&!my: neutral
but&new&pos&my: positive
DecisionTree learned:
!but&!fast&!movie&!neg: positive
!but&!fast&!movie&neg: negative
!but&!fast&movie&!just: neutral
!but&!fast&movie&just: neutral
!but&fast&!with: positive
!but&fast&with&!internet: positive
!but&fast&with&internet: positive
but&!got&!mac&!this: negative
but&!got&!mac&this: negative
but&!got&mac&!more: positive
but&!got&mac&more: positive
but&got&!so: negative
but&got&so: positive
DecisionTree learned:
!but&!for&!much&!very: negative
!but&!for&!much&very: positive
!but&!for&much&!i: positive
!but&!for&much&i: neutral
!but&for&!so&!to: positive
!but&for&!so&to: neutral
!but&for&so&!laptop: negative
!but&for&so&laptop: conflict
but&!did&!mac&!x: negative
but&!did&!mac&x: neutral
but&!did&mac&!bit: positive
but&!did&mac&bit: neutral
but&did&!in&!software: conflict
but&did&!in&software: neutral
but&did&in&!on: negative
but&did&in&on: neutral
DecisionTree learned:
!but&!for&!and&!next: negative
!but&!for&!and&next: neutral
!but&!for&and&!i: positive
!but&!for&and&i: negative
!but&for&!so&!some: neutral
!but&for&!so&some: negative
!but&for&so&!laptop: negative
!but&for&so&laptop: conflict
but&!new&!in&!x: negative
but&!new&!in&x: neutral
but&!new&in&!n: positive
but&!new&in&n: negative
but&new&!with&!pos: negative
but&new&!with&pos: neutral
but&new&with&!just: neutral
but&new&with&just: neutral
DecisionTree learned:
!but&!pos&!price&!battery: negative
!but&!pos&!price&battery: negative
!but&!pos&price&!worth: positive
!but&!pos&price&worth: conflict
!but&pos&!use&!to: positive
!but&pos&!use&to: negative
!but&pos&use&!right: positive
!but&pos&use&right: negative
but&!mac&!this&!there: negative
but&!mac&!this&there: negative
but&!mac&this&!neg: positive
but&!mac&this&neg: negative
but&mac&!its&!bit: positive
but&mac&!its&bit: neutral
but&mac&its&!just: neutral
but&mac&its&just: neutral
DecisionTree learned:
!but&!after&!would&!and: negative
!but&!after&!would&and: positive
!but&!after&would&!their: negative
!but&!after&would&their: neutral
!but&after&!with&!it: negative
!but&after&!with&it: neutral
!but&after&with&!i: negative
!but&after&with&i: positive
but&!be&!new&!the: conflict
but&!be&!new&the: positive
but&!be&new&!pos: neutral
but&!be&new&pos: positive
but&be&!with&!and: negative
but&be&!with&and: negative
but&be&with&!would: negative
but&be&with&would: negative
DecisionTree learned:
!but&!price&!and&!is: negative
!but&!price&!and&is: negative
!but&!price&and&!back: positive
!but&!price&and&back: negative
!but&price&!worth&!off: positive
!but&price&!worth&off: neutral
!but&price&worth&!pos: conflict
!but&price&worth&pos: negative
but&!so&!got&!drive: positive
but&!so&!got&drive: neutral
but&!so&got: negative
but&so&!laptop&!pos: conflict
but&so&!laptop&pos: positive
but&so&laptop&!toshiba: neutral
but&so&laptop&toshiba: negative
DecisionTree learned:
!but&!uses&!i&!you: positive
!but&!uses&!i&you: neutral
!but&!uses&i&!get: neutral
!but&!uses&i&get: negative
!but&uses&!of: neutral
!but&uses&of: conflict
but&!so&!need&!in: negative
but&!so&!need&in: positive
but&!so&need&!to: positive
but&!so&need&to: positive
but&so&!laptop&!pos: conflict
but&so&!laptop&pos: positive
but&so&laptop&!toshiba: neutral
but&so&laptop&toshiba: negative
DecisionTree learned:
!but&!neg&!way&!would: positive
!but&!neg&!way&would: negative
!but&!neg&way&!laptop: negative
!but&!neg&way&laptop: conflict
!but&neg&!or&!compact: negative
!but&neg&!or&compact: conflict
!but&neg&or&!is: neutral
!but&neg&or&is: negative
but&!this&!so&!s: negative
but&!this&!so&s: conflict
but&!this&so&!as: conflict
but&!this&so&as: neutral
but&this&!neg&!x: positive
but&this&!neg&x: neutral
but&this&neg&!was: negative
but&this&neg&was: negative
DecisionTree learned:
!but&!for&!when&!requires: positive
!but&!for&!when&requires: conflict
!but&!for&when&!pc: negative
!but&!for&when&pc: conflict
!but&for&!so&!office: positive
!but&for&!so&office: neutral
!but&for&so&!laptop: negative
!but&for&so&laptop: conflict
but&!wanted&!new&!os: negative
but&!wanted&!new&os: neutral
but&!wanted&new&!when: neutral
but&!wanted&new&when: negative
but&wanted&!to&!pos: conflict
but&wanted&!to&pos: conflict
but&wanted&to: neutral
DecisionTree learned:
!but&!after&!and&!reboot: negative
!but&!after&!and&reboot: conflict
!but&!after&and&!i: positive
!but&!after&and&i: neutral
!but&after&!sales&!with: neutral
!but&after&!sales&with: negative
!but&after&sales&!so: positive
!but&after&sales&so: positive
but&!did&!to&!laptop: negative
but&!did&!to&laptop: neutral
but&!did&to&!if: negative
but&!did&to&if: neutral
but&did&!on&!of: conflict
but&did&!on&of: neutral
but&did&on: neutral
DecisionTree learned:
!but&!fast&!for&!much: negative
!but&!fast&!for&much: positive
!but&!fast&for&!some: neutral
!but&!fast&for&some: negative
!but&fast&!you&!one: positive
!but&fast&!you&one: neutral
!but&fast&you: positive
but&!most&!and&!to: conflict
but&!most&!and&to: neutral
but&!most&and&!yes: negative
but&!most&and&yes: positive
but&most&!just&!use: positive
but&most&!just&use: positive
but&most&just: positive
DecisionTree learned:
!but&!uses&!after&!i: positive
!but&!uses&!after&i: neutral
!but&!uses&after&!with: negative
!but&!uses&after&with: negative
!but&uses&!of: neutral
!but&uses&of: conflict
but&!be&!repair&!new: positive
but&!be&!repair&new: neutral
but&!be&repair&!they: negative
but&!be&repair&they: negative
but&be&!to&!a: negative
but&be&!to&a: conflict
but&be&to&!just: negative
but&be&to&just: positive
DecisionTree learned:
!but&!price&!very&!requires: negative
!but&!price&!very&requires: conflict
!but&!price&very&!some: positive
!but&!price&very&some: conflict
!but&price&!worth&!off: positive
!but&price&!worth&off: neutral
!but&price&worth&!pos: conflict
!but&price&worth&pos: negative
but&!think&!new&!a: negative
but&!think&!new&a: conflict
but&!think&new&!pos: neutral
but&!think&new&pos: neutral
but&think&!on: negative
but&think&on: neutral
DecisionTree learned:
!but&!neg&!way&!very: positive
!but&!neg&!way&very: positive
!but&!neg&way&!use: negative
!but&!neg&way&use: conflict
!but&neg&!for&!laptops: negative
!but&neg&!for&laptops: conflict
!but&neg&for&!or: positive
!but&neg&for&or: neutral
but&!does&!there&!m: positive
but&!does&!there&m: negative
but&!does&there&!much: negative
but&!does&there&much: positive
but&does&!when&!neg: negative
but&does&!when&neg: negative
but&does&when: conflict
DecisionTree learned:
!but&!neg&!bars&!n: positive
!but&!neg&!bars&n: negative
!but&!neg&bars: conflict
!but&neg&!compact&!desktop: negative
!but&neg&!compact&desktop: neutral
!but&neg&compact: conflict
but&!and&!screen&!to: negative
but&!and&!screen&to: neutral
but&!and&screen&!on: conflict
but&!and&screen&on: negative
but&and&!just&!than: negative
but&and&!just&than: positive
but&and&just&!us: neutral
but&and&just&us: positive
DecisionTree learned:
!but&!after&!pc&!for: negative
!but&!after&!pc&for: neutral
!but&!after&pc&!users: positive
!but&!after&pc&users: neutral
!but&after&!with&!price: neutral
!but&after&!with&price: positive
!but&after&with&!i: negative
!but&after&with&i: positive
but&!gb&!drive&!in: negative
but&!gb&!drive&in: positive
but&!gb&drive&!to: neutral
but&!gb&drive&to: negative
but&gb&!just: neutral
but&gb&just: neutral
DecisionTree learned:
!but&!for&!get&!and: negative
!but&!for&!get&and: positive
!but&!for&get&!am: negative
!but&!for&get&am: conflict
!but&for&!so&!despite: neutral
!but&for&!so&despite: conflict
!but&for&so&!battery: negative
!but&for&so&battery: conflict
but&!new&!this&!so: negative
but&!new&!this&so: conflict
but&!new&this&!neg: positive
but&!new&this&neg: negative
but&new&!when&!was: neutral
but&new&!when&was: positive
but&new&when&!so: negative
but&new&when&so: conflict
DecisionTree learned:
!but&!and&!not&!laptops: negative
!but&!and&!not&laptops: conflict
!but&!and&not&!programs: negative
!but&!and&not&programs: neutral
!but&and&!i&!were: positive
!but&and&!i&were: negative
!but&and&i&!what: neutral
!but&and&i&what: neutral
but&!new&!more&!gaming: negative
but&!new&!more&gaming: positive
but&!new&more&!software: positive
but&!new&more&software: conflict
but&new&!when&!some: neutral
but&new&!when&some: positive
but&new&when&!so: negative
but&new&when&so: conflict
DecisionTree learned:
!but&!for&!requires&!get: negative
!but&!for&!requires&get: negative
!but&!for&requires: conflict
!but&for&!so&!despite: neutral
!but&for&!so&despite: conflict
!but&for&so&!battery: negative
!but&for&so&battery: conflict
but&!mac&!there&!computer: positive
but&!mac&!there&computer: negative
but&!mac&there&!to: negative
but&!mac&there&to: neutral
but&mac&!another&!laptop: neutral
but&mac&!another&laptop: positive
but&mac&another: negative
DecisionTree learned:
!but&!uses&!requires&!pos: negative
!but&!uses&!requires&pos: positive
!but&!uses&requires: conflict
!but&uses&!of: neutral
!but&uses&of: conflict
but&!and&!to&!i: conflict
but&!and&!to&i: positive
but&!and&to&!be: neutral
but&!and&to&be: negative
but&and&!this&!mac: positive
but&and&!this&mac: positive
but&and&this&!for: negative
but&and&this&for: neutral
DecisionTree learned:
!but&!pos&!worth&!opted: negative
!but&!pos&!worth&opted: conflict
!but&!pos&worth&!price: negative
!but&!pos&worth&price: conflict
!but&pos&!then&!else: positive
!but&pos&!then&else: negative
!but&pos&then&!upgrade: negative
!but&pos&then&upgrade: positive
but&!this&!so&!overall: negative
but&!this&!so&overall: neutral
but&!this&so&!it: neutral
but&!this&so&it: conflict
but&this&!know&!neg: positive
but&this&!know&neg: negative
but&this&know: conflict
DecisionTree learned:
!but&!movie&!i&!and: negative
!but&!movie&!i&and: positive
!but&!movie&i&!get: neutral
!but&!movie&i&get: neutral
!but&movie&!just: neutral
!but&movie&just: neutral
but&!new&!more&!the: conflict
but&!new&!more&the: negative
but&!new&more&!software: positive
but&!new&more&software: negative
but&new&!with&!pos: negative
but&new&!with&pos: neutral
but&new&with&!just: neutral
but&new&with&just: neutral
DecisionTree learned:
!but&!neg&!reboot&!n: positive
!but&!neg&!reboot&n: negative
!but&!neg&reboot: conflict
!but&neg&!much&!for: negative
!but&neg&!much&for: neutral
!but&neg&much&!a: conflict
!but&neg&much&a: neutral
but&!overall&!did&!drive: positive
but&!overall&!did&drive: neutral
but&!overall&did&!in: conflict
but&!overall&did&in: neutral
but&overall&!is&!to: neutral
but&overall&!is&to: neutral
but&overall&is: negative
DecisionTree learned:
!but&!neg&!bars&!long: positive
!but&!neg&!bars&long: positive
!but&!neg&bars: conflict
!but&neg&!desktop&!much: negative
!but&neg&!desktop&much: conflict
!but&neg&desktop&!just: conflict
!but&neg&desktop&just: neutral
but&!standard&!computer&!this: positive
but&!standard&!computer&this: neutral
but&!standard&computer&!that: negative
but&!standard&computer&that: conflict
but&standard: conflict
DecisionTree learned:
!but&!generally&!price&!after: negative
!but&!generally&!price&after: negative
!but&!generally&price&!worth: positive
!but&!generally&price&worth: conflict
!but&generally: conflict
but&!did&!be&!the: conflict
but&!did&!be&the: positive
but&!did&be&!thing: negative
but&!did&be&thing: conflict
but&did&!in&!software: conflict
but&did&!in&software: neutral
but&did&in&!on: negative
but&did&in&on: neutral
DecisionTree learned:
!but&!neg&!reboot&!when: positive
!but&!neg&!reboot&when: neutral
!but&!neg&reboot: conflict
!but&neg&!other&!much: negative
!but&neg&!other&much: conflict
!but&neg&other&!than: conflict
!but&neg&other&than: positive
but&!new&!more&!in: negative
but&!new&!more&in: neutral
but&!new&more&!and: conflict
but&!new&more&and: positive
but&new&!pos&!so: negative
but&new&!pos&so: neutral
but&new&pos&!you: positive
but&new&pos&you: neutral
DecisionTree learned:
!but&!generally&!i&!you: positive
!but&!generally&!i&you: neutral
!but&!generally&i&!pc: neutral
!but&!generally&i&pc: positive
!but&generally: conflict
but&!drive&!repair&!new: positive
but&!drive&!repair&new: neutral
but&!drive&repair&!to: negative
but&!drive&repair&to: neutral
but&drive&!to&!is: neutral
but&drive&!to&is: neutral
but&drive&to: negative
DecisionTree learned:
!but&!for&!get&!much: negative
!but&!for&!get&much: positive
!but&!for&get&!am: negative
!but&!for&get&am: conflict
!but&for&!so&!despite: neutral
!but&for&!so&despite: conflict
!but&for&so&!laptop: negative
!but&for&so&laptop: conflict
but&!got&!standard&!new: positive
but&!got&!standard&new: neutral
but&!got&standard: conflict
but&got&!so: negative
but&got&so: positive
DecisionTree learned:
!but&!for&!get&!stack: negative
!but&!for&!get&stack: conflict
!but&!for&get&!am: negative
!but&!for&get&am: conflict
!but&for&!so&!neg: neutral
!but&for&!so&neg: neutral
!but&for&so&!battery: positive
!but&for&so&battery: conflict
but&!this&!so&!that: negative
but&!this&!so&that: positive
but&!this&so&!it: neutral
but&!this&so&it: conflict
but&this&!know&!x: negative
but&this&!know&x: neutral
but&this&know: conflict
DecisionTree learned:
!but&!other&!opted&!fast: negative
!but&!other&!opted&fast: positive
!but&!other&opted: conflict
!but&other&!neg&!only: neutral
!but&other&!neg&only: negative
!but&other&neg&!than: conflict
!but&other&neg&than: positive
but&!this&!so&!apple: negative
but&!this&!so&apple: neutral
but&!this&so&!laptop: conflict
but&!this&so&laptop: neutral
but&this&!computer&!neg: neutral
but&this&!computer&neg: negative
but&this&computer&!and: conflict
but&this&computer&and: negative
DecisionTree learned:
!but&!for&!requires&!get: negative
!but&!for&!requires&get: negative
!but&!for&requires: conflict
!but&for&!so&!desktop: neutral
!but&for&!so&desktop: conflict
!but&for&so&!laptop: negative
!but&for&so&laptop: conflict
but&!mac&!repair&!think: positive
but&!mac&!repair&think: neutral
but&!mac&repair&!they: negative
but&!mac&repair&they: neutral
but&mac&!system&!more: positive
but&mac&!system&more: positive
but&mac&system&!is: negative
but&mac&system&is: neutral
DecisionTree learned:
!but&!after&!uses&!i: positive
!but&!after&!uses&i: neutral
!but&!after&uses&!of: neutral
!but&!after&uses&of: conflict
!but&after&!with&!what: neutral
!but&after&!with&what: positive
!but&after&with&!i: negative
!but&after&with&i: positive
but&!if&!web&!screen: positive
but&!if&!web&screen: conflict
but&!if&web&!just: neutral
but&!if&web&just: positive
but&if&!to&!mac: negative
but&if&!to&mac: positive
but&if&to: neutral
DecisionTree learned:
!but&!after&!stack&!uses: positive
!but&!after&!stack&uses: neutral
!but&!after&stack: conflict
!but&after&!with&!what: neutral
!but&after&!with&what: positive
!but&after&with&!i: negative
!but&after&with&i: positive
but&!standard&!computer&!there: positive
but&!standard&!computer&there: negative
but&!standard&computer&!would: negative
but&!standard&computer&would: negative
but&standard: conflict
DecisionTree learned:
!but&!generally&!pos&!much: negative
!but&!generally&!pos&much: conflict
!but&!generally&pos&!reboot: positive
!but&!generally&pos&reboot: conflict
!but&generally: conflict
but&!drive&!tim&!new: positive
but&!drive&!tim&new: neutral
but&!drive&tim: neutral
but&drive&!to&!is: neutral
but&drive&!to&is: neutral
but&drive&to: negative
DecisionTree learned:
!but&!opted&!much&!get: positive
!but&!opted&!much&get: negative
!but&!opted&much&!of: positive
!but&!opted&much&of: neutral
!but&opted: conflict
but&!repair&!web&!screen: positive
but&!repair&!web&screen: conflict
but&!repair&web&!is: positive
but&!repair&web&is: neutral
but&repair&!they: negative
but&repair&they&!to: neutral
but&repair&they&to: neutral
DecisionTree learned:
!but&!after&!get&!and: negative
!but&!after&!get&and: positive
!but&!after&get&!am: negative
!but&!after&get&am: conflict
!but&after&!with&!what: neutral
!but&after&!with&what: positive
!but&after&with&!i: negative
!but&after&with&i: positive
but&!be&!computer&!this: positive
but&!be&!computer&this: positive
but&!be&computer&!known: negative
but&!be&computer&known: conflict
but&be&!with&!and: negative
but&be&!with&and: negative
but&be&with&!would: negative
but&be&with&would: negative
DecisionTree learned:
!but&!uses&!price&!very: negative
!but&!uses&!price&very: positive
!but&!uses&price&!worth: positive
!but&!uses&price&worth: conflict
!but&uses&!of: neutral
!but&uses&of: conflict
but&!mac&!tim&!this: negative
but&!mac&!tim&this: neutral
but&!mac&tim: neutral
but&mac&!up&!it: neutral
but&mac&!up&it: neutral
but&mac&up: positive
DecisionTree learned:
!but&!other&!stack&!bars: negative
!but&!other&!stack&bars: conflict
!but&!other&stack: conflict
!but&other&!neg&!to: neutral
!but&other&!neg&to: positive
!but&other&neg&!than: conflict
!but&other&neg&than: positive
but&!mac&!this&!so: negative
but&!mac&!this&so: conflict
but&!mac&this&!neg: positive
but&!mac&this&neg: negative
but&mac&!system&!up: positive
but&mac&!system&up: positive
but&mac&system&!is: negative
but&mac&system&is: neutral
DecisionTree learned:
!but&!for&!stack&!get: negative
!but&!for&!stack&get: negative
!but&!for&stack: conflict
!but&for&!so&!despite: neutral
!but&for&!so&despite: conflict
!but&for&so&!laptop: negative
!but&for&so&laptop: conflict
but&!did&!mac&!if: positive
but&!did&!mac&if: neutral
but&!did&mac&!another: positive
but&!did&mac&another: negative
but&did&!in&!software: conflict
but&did&!in&software: neutral
but&did&in&!on: negative
but&did&in&on: neutral
DecisionTree learned:
!but&!generally&!my&!movie: negative
!but&!generally&!my&movie: neutral
!but&!generally&my&!pay: neutral
!but&!generally&my&pay: conflict
!but&generally: conflict
but&!apple&!did&!gb: negative
but&!apple&!did&gb: neutral
but&!apple&did&!in: neutral
but&!apple&did&in: neutral
but&apple&!a&!just: conflict
but&apple&!a&just: positive
but&apple&a&!to: neutral
but&apple&a&to: neutral
DecisionTree learned:
!but&!or&!other&!my: positive
!but&!or&!other&my: neutral
!but&!or&other&!neg: neutral
!but&!or&other&neg: positive
!but&or&!up&!movie: neutral
!but&or&!up&movie: neutral
!but&or&up&!can: negative
!but&or&up&can: positive
but&!this&!so&!size: negative
but&!this&!so&size: neutral
but&!this&so&!pos: conflict
but&!this&so&pos: neutral
but&this&!know&!neg: positive
but&this&!know&neg: negative
but&this&know: conflict
DecisionTree learned:
!but&!for&!much&!requires: negative
!but&!for&!much&requires: conflict
!but&!for&much&!laptops: positive
!but&!for&much&laptops: conflict
!but&for&!so&!desktop: neutral
!but&for&!so&desktop: conflict
!but&for&so&!battery: negative
!but&for&so&battery: conflict
but&!non&!bluetooth&!gaming: negative
but&!non&!bluetooth&gaming: positive
but&!non&bluetooth: negative
but&non: conflict
DecisionTree learned:
!but&!much&!opted&!get: positive
!but&!much&!opted&get: negative
!but&!much&opted: conflict
!but&much&!i&!neg: positive
!but&much&!i&neg: conflict
!but&much&i&!it: neutral
!but&much&i&it: conflict
but&!this&!so&!quality: positive
but&!this&!so&quality: conflict
but&!this&so&!old: neutral
but&!this&so&old: positive
but&this&!neg&!x: positive
but&this&!neg&x: neutral
but&this&neg&!was: neutral
but&this&neg&was: positive
DecisionTree learned:
!but&!compact&!for&!requires: negative
!but&!compact&!for&requires: conflict
!but&!compact&for&!so: neutral
!but&!compact&for&so: negative
!but&compact: conflict
but&!yes&!gb&!mac: negative
but&!yes&!gb&mac: neutral
but&!yes&gb&!just: neutral
but&!yes&gb&just: neutral
but&yes&!and: conflict
but&yes&and&!pos: positive
but&yes&and&pos: positive
DecisionTree learned:
!but&!generally&!pos&!much: negative
!but&!generally&!pos&much: conflict
!but&!generally&pos&!other: positive
!but&!generally&pos&other: positive
!but&generally: conflict
but&!my&!most&!computer: negative
but&!my&!most&computer: negative
but&!my&most&!use: positive
but&!my&most&use: conflict
but&my&!battery&!did: positive
but&my&!battery&did: neutral
but&my&battery: conflict
DecisionTree learned:
!but&!after&!some&!get: positive
!but&!after&!some&get: negative
!but&!after&some&!very: negative
!but&!after&some&very: conflict
!but&after&!with&!what: neutral
!but&after&!with&what: positive
!but&after&with&!i: negative
!but&after&with&i: positive
but&!i&!apple&!windows: conflict
but&!i&!apple&windows: neutral
but&!i&apple&!it: conflict
but&!i&apple&it: neutral
but&i&!which&!ever: neutral
but&i&!which&ever: conflict
but&i&which&!use: conflict
but&i&which&use: positive
DecisionTree learned:
!but&!not&!for&!and: negative
!but&!not&!for&and: positive
!but&!not&for&!so: neutral
!but&!not&for&so: conflict
!but&not&!compact&!through: negative
!but&not&!compact&through: neutral
!but&not&compact: conflict
but&!mac&!better&!drive: positive
but&!mac&!better&drive: negative
but&!mac&better&!with: conflict
but&!mac&better&with: negative
but&mac&!very&!more: neutral
but&mac&!very&more: positive
but&mac&very: positive
DecisionTree learned:
!but&!neg&!when&!way: positive
!but&!neg&!when&way: negative
!but&!neg&when&!pc: neutral
!but&!neg&when&pc: conflict
!but&neg&!much&!for: negative
!but&neg&!much&for: neutral
!but&neg&much&!a: conflict
!but&neg&much&a: neutral
but&!this&!so&!apple: negative
but&!this&!so&apple: neutral
but&!this&so&!it: neutral
but&!this&so&it: conflict
but&this&!neg&!x: positive
but&this&!neg&x: neutral
but&this&neg&!know: negative
but&this&neg&know: conflict
DecisionTree learned:
!but&!after&!generally&!pc: positive
!but&!after&!generally&pc: positive
!but&!after&generally: conflict
!but&after&!with&!worked: neutral
!but&after&!with&worked: negative
!but&after&with&!i: negative
!but&after&with&i: positive
but&!mac&!this&!laptop: conflict
but&!mac&!this&laptop: neutral
but&!mac&this&!know: negative
but&!mac&this&know: conflict
but&mac&!bit&!pc: positive
but&mac&!bit&pc: positive
but&mac&bit: neutral
DecisionTree learned:
!but&!after&!fast&!i: positive
!but&!after&!fast&i: neutral
!but&!after&fast&!with: positive
!but&!after&fast&with: positive
!but&after&!with&!what: neutral
!but&after&!with&what: positive
!but&after&with&!i: negative
!but&after&with&i: positive
but&!this&!so&!two: negative
but&!this&!so&two: conflict
but&!this&so&!it: neutral
but&!this&so&it: conflict
but&this&!computer&!neg: positive
but&this&!computer&neg: negative
but&this&computer&!that: negative
but&this&computer&that: conflict
DecisionTree learned:
!but&!generally&!pos&!price: negative
!but&!generally&!pos&price: positive
!but&!generally&pos&!other: positive
!but&!generally&pos&other: positive
!but&generally: conflict
but&!mac&!gb&!i: conflict
but&!mac&!gb&i: positive
but&!mac&gb&!just: neutral
but&!mac&gb&just: neutral
but&mac&!up&!the: negative
but&mac&!up&the: neutral
but&mac&up: positive
DecisionTree learned:
!but&!opted&!get&!and: negative
!but&!opted&!get&and: positive
!but&!opted&get&!am: negative
!but&!opted&get&am: conflict
!but&opted: conflict
but&!new&!think&!with: negative
but&!new&!think&with: neutral
but&!new&think&!on: negative
but&!new&think&on: neutral
but&new&!with&!pos: positive
but&new&!with&pos: neutral
but&new&with&!just: neutral
but&new&with&just: neutral
DecisionTree learned:
!but&!for&!use&!speed: negative
!but&!for&!use&speed: positive
!but&!for&use&!work: positive
!but&!for&use&work: negative
!but&for&!so&!neg: neutral
!but&for&!so&neg: neutral
!but&for&so&!laptop: positive
!but&for&so&laptop: conflict
but&!drive&!repair&!new: positive
but&!drive&!repair&new: neutral
but&!drive&repair&!to: negative
but&!drive&repair&to: neutral
but&drive&!to&!is: neutral
but&drive&!to&is: neutral
but&drive&to: negative
DecisionTree learned:
!but&!opted&!get&!and: negative
!but&!opted&!get&and: positive
!but&!opted&get&!am: negative
!but&!opted&get&am: conflict
!but&opted: conflict
but&!repair&!think&!email: positive
but&!repair&!think&email: neutral
but&!repair&think&!on: negative
but&!repair&think&on: neutral
but&repair&!to&!toshiba: negative
but&repair&!to&toshiba: negative
but&repair&to: neutral
DecisionTree learned:
!but&!generally&!price&!opted: negative
!but&!generally&!price&opted: conflict
!but&!generally&price&!worth: positive
!but&!generally&price&worth: conflict
!but&generally: conflict
but&!mac&!if&!outside: negative
but&!mac&!if&outside: neutral
but&!mac&if&!to: negative
but&!mac&if&to: neutral
but&mac&!another&!on: neutral
but&mac&!another&on: positive
but&mac&another: negative
DecisionTree learned:
!but&!bars&!neg&!reboot: positive
!but&!bars&!neg&reboot: conflict
!but&!bars&neg&!much: negative
!but&!bars&neg&much: conflict
!but&bars: conflict
but&!disc&!in&!web: negative
but&!disc&!in&web: positive
but&!disc&in&!was: neutral
but&!disc&in&was: negative
but&disc&!with: neutral
but&disc&with: neutral
DecisionTree learned:
!but&!generally&!opted&!other: negative
!but&!generally&!opted&other: neutral
!but&!generally&opted: conflict
!but&generally: conflict
but&!this&!so&!machine: negative
but&!this&!so&machine: positive
but&!this&so&!pos: conflict
but&!this&so&pos: positive
but&this&!know&!x: negative
but&this&!know&x: neutral
but&this&know: conflict
DecisionTree learned:
!but&!after&!uses&!opted: positive
!but&!after&!uses&opted: conflict
!but&!after&uses&!of: neutral
!but&!after&uses&of: conflict
!but&after&!laptops&!with: neutral
!but&after&!laptops&with: negative
!but&after&laptops&!to: positive
!but&after&laptops&to: positive
but&!overall&!this&!so: positive
but&!overall&!this&so: neutral
but&!overall&this&!know: negative
but&!overall&this&know: conflict
but&overall&!to&!is: neutral
but&overall&!to&is: negative
but&overall&to: neutral
DecisionTree learned:
!but&!requires&!for&!laptops: negative
!but&!requires&!for&laptops: conflict
!but&!requires&for&!so: neutral
!but&!requires&for&so: conflict
!but&requires: conflict
but&!this&!so&!find: negative
but&!this&!so&find: neutral
but&!this&so&!it: neutral
but&!this&so&it: conflict
but&this&!know&!neg: positive
but&this&!know&neg: negative
but&this&know: conflict
DecisionTree learned:
!but&!uses&!requires&!neg: positive
!but&!uses&!requires&neg: negative
!but&!uses&requires: conflict
!but&uses&!of: neutral
!but&uses&of: conflict
but&!tim&!this&!machine: conflict
but&!tim&!this&machine: positive
but&!tim&this&!know: negative
but&!tim&this&know: conflict
but&tim: neutral
DecisionTree learned:
!but&!neg&!reboot&!long: positive
!but&!neg&!reboot&long: positive
!but&!neg&reboot: conflict
!but&neg&!much&!desktop: negative
!but&neg&!much&desktop: neutral
!but&neg&much&!a: conflict
!but&neg&much&a: neutral
but&!if&!size&!there: positive
but&!if&!size&there: negative
but&!if&size&!pos: neutral
but&!if&size&pos: neutral
but&if&!to: negative
but&if&to: neutral
DecisionTree learned:
!but&!neg&!bars&!n: positive
!but&!neg&!bars&n: negative
!but&!neg&bars: conflict
!but&neg&!other&!much: negative
!but&neg&!other&much: conflict
!but&neg&other&!than: conflict
!but&neg&other&than: positive
but&!this&!which&!laptop: positive
but&!this&!which&laptop: neutral
but&!this&which&!and: conflict
but&!this&which&and: positive
but&this&!computer&!neg: positive
but&this&!computer&neg: negative
but&this&computer&!and: conflict
but&this&computer&and: negative
DecisionTree learned:
!but&!generally&!dollar&!much: negative
!but&!generally&!dollar&much: positive
!but&!generally&dollar: conflict
!but&generally: conflict
but&!did&!was&!my: positive
but&!did&!was&my: positive
but&!did&was&!even: negative
but&!did&was&even: positive
but&did&!they&!on: neutral
but&did&!they&on: neutral
but&did&they&!bought: negative
but&did&they&bought: neutral
DecisionTree learned:
!but&!neg&!bars&!way: positive
!but&!neg&!bars&way: negative
!but&!neg&bars: conflict
!but&neg&!desktop&!much: negative
!but&neg&!desktop&much: conflict
!but&neg&desktop&!just: conflict
!but&neg&desktop&just: neutral
but&!this&!so&!size: positive
but&!this&!so&size: neutral
but&!this&so&!old: neutral
but&!this&so&old: conflict
but&this&!computer&!neg: positive
but&this&!computer&neg: neutral
but&this&computer&!that: negative
but&this&computer&that: conflict
DecisionTree learned:
!but&!opted&!dollar&!after: positive
!but&!opted&!dollar&after: neutral
!but&!opted&dollar: conflict
!but&opted: conflict
but&!this&!got&!mac: positive
but&!this&!got&mac: positive
but&!this&got: negative
but&this&!computer&!neg: positive
but&this&!computer&neg: negative
but&this&computer&!that: negative
but&this&computer&that: conflict
DecisionTree learned:
!but&!opted&!generally&!much: negative
!but&!opted&!generally&much: positive
!but&!opted&generally: conflict
!but&opted: conflict
but&!mac&!outside&!size: negative
but&!mac&!outside&size: neutral
but&!mac&outside&!pos: neutral
but&!mac&outside&pos: neutral
but&mac&!the: negative
but&mac&the&!use: neutral
but&mac&the&use: positive
DecisionTree learned:
!but&!opted&!much&!uses: negative
!but&!opted&!much&uses: neutral
!but&!opted&much&!i: positive
!but&!opted&much&i: neutral
!but&opted: conflict
but&!most&!mac&!if: negative
but&!most&!mac&if: neutral
but&!most&mac&!more: neutral
but&!most&mac&more: positive
but&most&!just&!use: positive
but&most&!just&use: positive
but&most&just: positive
DecisionTree learned:
!but&!neg&!long&!reboot: positive
!but&!neg&!long&reboot: conflict
!but&!neg&long&!so: positive
!but&!neg&long&so: conflict
!but&neg&!much&!opted: negative
!but&neg&!much&opted: conflict
!but&neg&much&!pos: conflict
!but&neg&much&pos: neutral
but&!drive&!did&!gb: positive
but&!drive&!did&gb: neutral
but&!drive&did&!in: neutral
but&!drive&did&in: neutral
but&drive&!to&!is: neutral
but&drive&!to&is: neutral
but&drive&to: negative
DecisionTree learned:
!but&!for&!laptops&!get: negative
!but&!for&!laptops&get: negative
!but&!for&laptops&!it: positive
!but&!for&laptops&it: conflict
!but&for&!so&!neg: neutral
!but&for&!so&neg: neutral
!but&for&so&!battery: negative
!but&for&so&battery: conflict
but&!battery&!m&!my: positive
but&!battery&!m&my: positive
but&!battery&m&!a: negative
but&!battery&m&a: neutral
but&battery&!s&!n: conflict
but&battery&!s&n: negative
but&battery&s&!to: conflict
but&battery&s&to: conflict
DecisionTree learned:
!but&!much&!get&!for: negative
!but&!much&!get&for: neutral
!but&!much&get&!am: negative
!but&!much&get&am: conflict
!but&much&!i&!out: positive
!but&much&!i&out: negative
!but&much&i&!it: neutral
!but&much&i&it: conflict
but&!this&!mac&!better: negative
but&!this&!mac&better: conflict
but&!this&mac&!another: positive
but&!this&mac&another: negative
but&this&!neg&!x: positive
but&this&!neg&x: neutral
but&this&neg&!was: negative
but&this&neg&was: negative
DecisionTree learned:
!but&!compact&!for&!requires: negative
!but&!compact&!for&requires: conflict
!but&!compact&for&!so: neutral
!but&!compact&for&so: negative
!but&compact: conflict
but&!think&!with&!better: positive
but&!think&!with&better: conflict
but&!think&with&!you: neutral
but&!think&with&you: positive
but&think&!on: negative
but&think&on: neutral
DecisionTree learned:
!but&!after&!uses&!generally: positive
!but&!after&!uses&generally: conflict
!but&!after&uses&!of: neutral
!but&!after&uses&of: conflict
!but&after&!with&!what: neutral
!but&after&!with&what: positive
!but&after&with&!i: negative
!but&after&with&i: positive
but&!most&!yes&!battery: negative
but&!most&!yes&battery: conflict
but&!most&yes&!pos: conflict
but&!most&yes&pos: positive
but&most&!and: positive
but&most&and&!software: conflict
but&most&and&software: positive
DecisionTree learned:
!but&!quality&!neg&!n: positive
!but&!quality&!neg&n: negative
!but&!quality&neg&!price: negative
!but&!quality&neg&price: positive
!but&quality&!and&!sound: negative
!but&quality&!and&sound: negative
!but&quality&and&!buy: positive
!but&quality&and&buy: neutral
but&!this&!outside&!was: conflict
but&!this&!outside&was: negative
but&!this&outside&!pos: neutral
but&!this&outside&pos: neutral
but&this&!know&!to: negative
but&this&!know&to: neutral
but&this&know: conflict
DecisionTree learned:
!but&!not&!for&!bars: positive
!but&!not&!for&bars: conflict
!but&!not&for&!some: neutral
!but&!not&for&some: negative
!but&not&!compact&!through: negative
!but&not&!compact&through: neutral
!but&not&compact: conflict
but&!there&!in&!for: conflict
but&!there&!in&for: neutral
but&!there&in&!was: neutral
but&!there&in&was: positive
but&there&!to&!much: negative
but&there&!to&much: positive
but&there&to&!with: neutral
but&there&to&with: neutral
DecisionTree learned:
!but&!get&!you&!and: negative
!but&!get&!you&and: positive
!but&!get&you&!updated: neutral
!but&!get&you&updated: negative
!but&get&!am&!pay: negative
!but&get&!am&pay: conflict
!but&get&am&!toshiba: conflict
!but&get&am&toshiba: negative
but&!outside&!this&!and: conflict
but&!outside&!this&and: positive
but&!outside&this&!know: neutral
but&!outside&this&know: conflict
but&outside&!pos: neutral
but&outside&pos: neutral
DecisionTree learned:
!but&!for&!they&!you: positive
!but&!for&!they&you: neutral
!but&!for&they&!there: neutral
!but&!for&they&there: neutral
!but&for&!so&!neg: neutral
!but&for&!so&neg: neutral
!but&for&so&!battery: negative
!but&for&so&battery: conflict
but&!mac&!to&!i: conflict
but&!mac&!to&i: positive
but&!mac&to&!about: neutral
but&!mac&to&about: conflict
but&mac&!bit&!you: positive
but&mac&!bit&you: positive
but&mac&bit: neutral
DecisionTree learned:
!but&!bars&!though&!macbook: negative
!but&!bars&!though&macbook: positive
!but&!bars&though&!so: positive
!but&!bars&though&so: conflict
!but&bars: conflict
but&!apple&!this&!so: negative
but&!apple&!this&so: neutral
but&!apple&this&!know: negative
but&!apple&this&know: conflict
but&apple&!it: conflict
but&apple&it&!to: neutral
but&apple&it&to: neutral
DecisionTree learned:
!but&!price&!compact&!and: negative
!but&!price&!compact&and: positive
!but&!price&compact: conflict
!but&price&!worth&!off: positive
!but&price&!worth&off: neutral
!but&price&worth&!pos: conflict
!but&price&worth&pos: positive
but&!this&!which&!laptop: positive
but&!this&!which&laptop: neutral
but&!this&which&!i: negative
but&!this&which&i: conflict
but&this&!know&!not: neutral
but&this&!know&not: negative
but&this&know: conflict
DecisionTree learned:
!but&!dollar&!and&!requires: negative
!but&!dollar&!and&requires: conflict
!but&!dollar&and&!laptop: positive
!but&!dollar&and&laptop: negative
!but&dollar: conflict
but&!drive&!with&!new: positive
but&!drive&!with&new: neutral
but&!drive&with&!full: neutral
but&!drive&with&full: conflict
but&drive&!to&!is: neutral
but&drive&!to&is: neutral
but&drive&to: negative
DecisionTree learned:
!but&!generally&!uses&!pos: neutral
!but&!generally&!uses&pos: positive
!but&!generally&uses&!of: neutral
!but&!generally&uses&of: conflict
!but&generally: conflict
but&!drive&!gb&!and: conflict
but&!drive&!gb&and: positive
but&!drive&gb&!just: neutral
but&!drive&gb&just: neutral
but&drive&!to&!is: neutral
but&drive&!to&is: neutral
but&drive&to: negative
DecisionTree learned:
!but&!much&!requires&!get: positive
!but&!much&!requires&get: negative
!but&!much&requires: conflict
!but&much&!pos&!neg: positive
!but&much&!pos&neg: conflict
!but&much&pos&!of: positive
!but&much&pos&of: neutral
but&!this&!disc&!so: positive
but&!this&!disc&so: neutral
but&!this&disc&!with: neutral
but&!this&disc&with: neutral
but&this&!m&!computer: positive
but&this&!m&computer: negative
but&this&m&!a: negative
but&this&m&a: neutral
DecisionTree learned:
!but&!dollar&!generally&!requires: negative
!but&!dollar&!generally&requires: conflict
!but&!dollar&generally: conflict
!but&dollar: conflict
but&!mac&!drive&!web: negative
but&!mac&!drive&web: positive
but&!mac&drive&!to: neutral
but&!mac&drive&to: negative
but&mac&!another&!up: neutral
but&mac&!another&up: positive
but&mac&another: negative
DecisionTree learned:
!but&!generally&!stack&!opted: negative
!but&!generally&!stack&opted: conflict
!but&!generally&stack: conflict
!but&generally: conflict
but&!so&!with&!better: positive
but&!so&!with&better: conflict
but&!so&with&!full: neutral
but&!so&with&full: conflict
but&so&!it&!of: neutral
but&so&!it&of: positive
but&so&it&!pos: conflict
but&so&it&pos: positive
DecisionTree learned:
!but&!generally&!uses&!price: negative
!but&!generally&!uses&price: positive
!but&!generally&uses&!of: neutral
!but&!generally&uses&of: conflict
!but&generally: conflict
but&!the&!it&!i: conflict
but&!the&!it&i: neutral
but&!the&it&!new: conflict
but&!the&it&new: positive
but&the&!mac&!full: negative
but&the&!mac&full: conflict
but&the&mac&!use: neutral
but&the&mac&use: positive
DecisionTree learned:
!but&!opted&!generally&!much: negative
!but&!opted&!generally&much: positive
!but&!opted&generally: conflict
!but&opted: conflict
but&!web&!screen&!i: conflict
but&!web&!screen&i: positive
but&!web&screen&!the: conflict
but&!web&screen&the: negative
but&web&!just: neutral
but&web&just: positive
DecisionTree learned:
!but&!much&!get&!and: negative
!but&!much&!get&and: positive
!but&!much&get&!am: negative
!but&!much&get&am: conflict
!but&much&!of&!neg: positive
!but&much&!of&neg: conflict
!but&much&of&!not: negative
!but&much&of&not: neutral
but&!disc&!this&!mac: positive
but&!disc&!this&mac: positive
but&!disc&this&!neg: positive
but&!disc&this&neg: negative
but&disc&!with: neutral
but&disc&with: neutral
DecisionTree learned:
!but&!generally&!much&!requires: negative
!but&!generally&!much&requires: conflict
!but&!generally&much&!neg: positive
!but&!generally&much&neg: conflict
!but&generally: conflict
but&!this&!so&!size: positive
but&!this&!so&size: neutral
but&!this&so&!old: neutral
but&!this&so&old: conflict
but&this&!x&!neg: positive
but&this&!x&neg: negative
but&this&x: neutral
DecisionTree learned:
!but&!pc&!for&!compact: negative
!but&!pc&!for&compact: conflict
!but&!pc&for&!so: neutral
!but&!pc&for&so: negative
!but&pc&!users&!pos: conflict
!but&pc&!users&pos: positive
!but&pc&users: neutral
but&!gaming&!so&!whole: negative
but&!gaming&!so&whole: neutral
but&!gaming&so&!it: neutral
but&!gaming&so&it: conflict
but&gaming&!is: positive
but&gaming&is: positive
DecisionTree learned:
!but&!for&!requires&!laptops: negative
!but&!for&!requires&laptops: conflict
!but&!for&requires: conflict
!but&for&!so&!neg: neutral
!but&for&!so&neg: positive
!but&for&so&!laptop: negative
!but&for&so&laptop: conflict
but&!this&!so&!outside: positive
but&!this&!so&outside: neutral
but&!this&so&!it: neutral
but&!this&so&it: conflict
but&this&!neg&!not: positive
but&this&!neg&not: negative
but&this&neg&!was: negative
but&this&neg&was: positive
Trial 0 Training cc.mallet.classify.AdaBoostM2Trainer@2d58f9d3 finished
Trial 0 Trainer cc.mallet.classify.AdaBoostM2Trainer@2d58f9d3 test data accuracy = 0.5699797160243407

NaiveBayesTrainer
Summary. test accuracy mean = 0.5273833671399595 stddev = 0.0 stderr = 0.0

MaxEntTrainer,gaussianPriorVariance=1.0
Summary. test accuracy mean = 0.6044624746450304 stddev = 0.0 stderr = 0.0

cc.mallet.classify.DecisionTreeTrainer@5975d6ab
Summary. test accuracy mean = 0.5415821501014199 stddev = 0.0 stderr = 0.0

cc.mallet.classify.AdaBoostM2Trainer@2d58f9d3
Summary. test accuracy mean = 0.5699797160243407 stddev = 0.0 stderr = 0.0
