
-------------------- Trial 0  --------------------

Trial 0 Training NaiveBayesTrainer with 1865 instances
Trial 0 Training NaiveBayesTrainer finished
Trial 0 Trainer NaiveBayesTrainer test data accuracy = 0.6227180527383367
Trial 0 Training MaxEntTrainer,gaussianPriorVariance=1.0 with 1865 instances
Trial 0 Training MaxEntTrainer,gaussianPriorVariance=1.0 finished
Trial 0 Trainer MaxEntTrainer,gaussianPriorVariance=1.0 test data accuracy = 0.6206896551724138
Trial 0 Training cc.mallet.classify.DecisionTreeTrainer@6766afb3 with 1865 instances
DecisionTree learned:
!neg&!but&!not&!pos: positive
!neg&!but&!not&pos: positive
!neg&!but&not&!and: negative
!neg&!but&not&and: positive
!neg&but&!you&!this: negative
!neg&but&!you&this: positive
!neg&but&you&!n: neutral
!neg&but&you&n: negative
neg&!movie&!pos&!price: negative
neg&!movie&!pos&price: positive
neg&!movie&pos&!garageband: negative
neg&!movie&pos&garageband: positive
neg&movie: neutral
Trial 0 Training cc.mallet.classify.DecisionTreeTrainer@6766afb3 finished
Trial 0 Trainer cc.mallet.classify.DecisionTreeTrainer@6766afb3 test data accuracy = 0.5415821501014199
Trial 0 Training cc.mallet.classify.AdaBoostM2Trainer@11bbf1ca with 1865 instances
DecisionTree learned:
!neg&!but&!not&!very: positive
!neg&!but&!not&very: positive
!neg&!but&not&!and: negative
!neg&!but&not&and: positive
!neg&but&!you&!this: negative
!neg&but&!you&this: positive
!neg&but&you&!n: neutral
!neg&but&you&n: negative
neg&!movie&!pos&!price: negative
neg&!movie&!pos&price: positive
neg&!movie&pos&!but: negative
neg&!movie&pos&but: negative
neg&movie: neutral
DecisionTree learned:
!but&!neg&!and&!not: positive
!but&!neg&!and&not: negative
!but&!neg&and&!i: positive
!but&!neg&and&i: positive
!but&neg&!pos&!etc: negative
!but&neg&!pos&etc: neutral
!but&neg&pos&!fast: negative
!but&neg&pos&fast: positive
but&!mac&!got&!this: negative
but&!mac&!got&this: negative
but&!mac&got&!so: negative
but&!mac&got&so: positive
but&mac&!its&!system: positive
but&mac&!its&system: negative
but&mac&its&!just: neutral
but&mac&its&just: neutral
DecisionTree learned:
!but&!pos&!neg&!not: positive
!but&!pos&!neg&not: negative
!but&!pos&neg&!etc: negative
!but&!pos&neg&etc: neutral
!but&pos&!then&!fast: positive
!but&pos&!then&fast: positive
!but&pos&then&!upgrade: negative
!but&pos&then&upgrade: positive
but&!be&!mac&!the: neutral
but&!be&!mac&the: negative
but&!be&mac&!its: positive
but&!be&mac&its: neutral
but&be&!which&!to: negative
but&be&!which&to: negative
but&be&which&!just: conflict
but&be&which&just: positive
DecisionTree learned:
!but&!neg&!pos&!not: neutral
!but&!neg&!pos&not: negative
!but&!neg&pos&!n: positive
!but&!neg&pos&n: negative
!but&neg&!music&!price: negative
!but&neg&!music&price: positive
!but&neg&music: neutral
but&!mac&!be&!x: negative
but&!mac&!be&x: neutral
but&!mac&be&!with: negative
but&!mac&be&with: negative
but&mac&!another&!more: neutral
but&mac&!another&more: positive
but&mac&another: negative
DecisionTree learned:
!but&!fast&!pos&!speed: negative
!but&!fast&!pos&speed: positive
!but&!fast&pos&!to: positive
!but&!fast&pos&to: negative
!but&fast&!one&!you: positive
!but&fast&!one&you: positive
!but&fast&one: neutral
but&!mac&!be&!yes: negative
but&!mac&!be&yes: positive
but&!mac&be&!which: negative
but&!mac&be&which: positive
but&mac&!another&!in: neutral
but&mac&!another&in: positive
but&mac&another: negative
DecisionTree learned:
!but&!fast&!neg&!not: positive
!but&!fast&!neg&not: negative
!but&!fast&neg&!movie: negative
!but&!fast&neg&movie: neutral
!but&fast&!with: positive
!but&fast&with&!software: positive
!but&fast&with&software: positive
but&!mac&!power&!there: negative
but&!mac&!power&there: negative
but&!mac&power: neutral
but&mac&!another&!more: positive
but&mac&!another&more: positive
but&mac&another: negative
DecisionTree learned:
!but&!fast&!neg&!when: positive
!but&!fast&!neg&when: negative
!but&!fast&neg&!music: negative
!but&!fast&neg&music: neutral
!but&fast&!one&!you: positive
!but&fast&!one&you: positive
!but&fast&one: neutral
but&!new&!os&!think: negative
but&!new&!os&think: neutral
but&!new&os&!windows: positive
but&!new&os&windows: neutral
but&new&!when&!some: neutral
but&new&!when&some: positive
but&new&when&!so: negative
but&new&when&so: neutral
DecisionTree learned:
!but&!neg&!n&!they: positive
!but&!neg&!n&they: negative
!but&!neg&n&!just: negative
!but&!neg&n&just: positive
!but&neg&!free&!use: negative
!but&neg&!free&use: positive
!but&neg&free: positive
but&!got&!mac&!power: negative
but&!got&!mac&power: neutral
but&!got&mac&!its: positive
but&!got&mac&its: neutral
but&got&!so: negative
but&got&so: positive
DecisionTree learned:
!but&!pos&!price&!same: negative
!but&!pos&!price&same: neutral
!but&!pos&price&!worth: positive
!but&!pos&price&worth: conflict
!but&pos&!then&!looked: positive
!but&pos&!then&looked: neutral
!but&pos&then&!bought: negative
!but&pos&then&bought: neutral
but&!yes&!x&!so: negative
but&!yes&!x&so: neutral
but&!yes&x&!is: neutral
but&!yes&x&is: positive
but&yes&!and: conflict
but&yes&and&!pos: positive
but&yes&and&pos: positive
DecisionTree learned:
!but&!fast&!and&!price: negative
!but&!fast&!and&price: positive
!but&!fast&and&!back: positive
!but&!fast&and&back: negative
!but&fast&!you&!one: positive
!but&fast&!you&one: neutral
!but&fast&you: neutral
but&!mac&!gb&!i: negative
but&!mac&!gb&i: negative
but&!mac&gb&!just: neutral
but&!mac&gb&just: neutral
but&mac&!system&!bit: positive
but&mac&!system&bit: neutral
but&mac&system&!is: negative
but&mac&system&is: neutral
DecisionTree learned:
!but&!neg&!very&!when: positive
!but&!neg&!very&when: neutral
!but&!neg&very&!are: positive
!but&!neg&very&are: negative
!but&neg&!faster&!price: negative
!but&neg&!faster&price: positive
!but&neg&faster: positive
but&!did&!mac&!x: negative
but&!did&!mac&x: neutral
but&!did&mac&!another: positive
but&!did&mac&another: negative
but&did&!in&!software: conflict
but&did&!in&software: neutral
but&did&in&!on: negative
but&did&in&on: neutral
DecisionTree learned:
!but&!for&!use&!speed: negative
!but&!for&!use&speed: positive
!but&!for&use&!after: positive
!but&!for&use&after: negative
!but&for&!office&!in: positive
!but&for&!office&in: negative
!but&for&office&!applications: neutral
!but&for&office&applications: positive
but&!mac&!x&!i: negative
but&!mac&!x&i: negative
but&!mac&x&!is: neutral
but&!mac&x&is: positive
but&mac&!another&!its: positive
but&mac&!another&its: neutral
but&mac&another: negative
DecisionTree learned:
!but&!and&!not&!though: negative
!but&!and&!not&though: conflict
!but&!and&not&!much: negative
!but&!and&not&much: neutral
!but&and&!i&!were: positive
!but&and&!i&were: negative
!but&and&i&!what: neutral
!but&and&i&what: neutral
but&!got&!mac&!nothing: negative
but&!got&!mac&nothing: negative
but&!got&mac&!laptop: neutral
but&!got&mac&laptop: positive
but&got&!so: negative
but&got&so: positive
DecisionTree learned:
!but&!pos&!neg&!i: positive
!but&!pos&!neg&i: neutral
!but&!pos&neg&!much: negative
!but&!pos&neg&much: conflict
!but&pos&!to&!reboot: positive
!but&pos&!to&reboot: conflict
!but&pos&to&!use: negative
!but&pos&to&use: positive
but&!mac&!there&!did: negative
but&!mac&!there&did: neutral
but&!mac&there&!to: negative
but&!mac&there&to: neutral
but&mac&!up&!more: neutral
but&mac&!up&more: positive
but&mac&up: positive
DecisionTree learned:
!but&!for&!they&!graphics: negative
!but&!for&!they&graphics: positive
!but&!for&they&!else: neutral
!but&!for&they&else: negative
!but&for&!so&!to: positive
!but&for&!so&to: neutral
!but&for&so&!battery: negative
!but&for&so&battery: conflict
but&!got&!mac&!this: negative
but&!got&!mac&this: negative
but&!got&mac&!bit: positive
but&!got&mac&bit: neutral
but&got&!so: negative
but&got&so: positive
DecisionTree learned:
!but&!fast&!not&!for: positive
!but&!fast&!not&for: positive
!but&!fast&not&!through: negative
!but&!fast&not&through: neutral
!but&fast&!with: positive
!but&fast&with&!just: positive
!but&fast&with&just: neutral
but&!so&!in&!need: negative
but&!so&!in&need: positive
but&!so&in&!from: positive
but&!so&in&from: neutral
but&so&!laptop&!i: conflict
but&so&!laptop&i: positive
but&so&laptop&!toshiba: neutral
but&so&laptop&toshiba: negative
DecisionTree learned:
!but&!fast&!not&!for: positive
!but&!fast&!not&for: positive
!but&!fast&not&!other: negative
!but&!fast&not&other: conflict
!but&fast&!you&!one: positive
!but&fast&!you&one: neutral
!but&fast&you: positive
but&!this&!so&!screen: positive
but&!this&!so&screen: conflict
but&!this&so&!pos: conflict
but&!this&so&pos: neutral
but&this&!neg&!x: positive
but&this&!neg&x: neutral
but&this&neg&!know: negative
but&this&neg&know: conflict
DecisionTree learned:
!but&!neg&!reboot&!i: positive
!but&!neg&!reboot&i: neutral
!but&!neg&reboot: conflict
!but&neg&!other&!much: negative
!but&neg&!other&much: neutral
!but&neg&other&!than: conflict
!but&neg&other&than: positive
but&!in&!new&!os: negative
but&!in&!new&os: neutral
but&!in&new&!pos: negative
but&!in&new&pos: neutral
but&in&!so&!from: positive
but&in&!so&from: neutral
but&in&so&!is: neutral
but&in&so&is: conflict
DecisionTree learned:
!but&!pos&!much&!bars: negative
!but&!pos&!much&bars: conflict
!but&!pos&much&!neg: positive
!but&!pos&much&neg: conflict
!but&pos&!other&!months: positive
!but&pos&!other&months: negative
!but&pos&other&!neg: positive
!but&pos&other&neg: positive
but&!repair&!new&!more: negative
but&!repair&!new&more: positive
but&!repair&new&!when: neutral
but&!repair&new&when: conflict
but&repair&!they: negative
but&repair&they&!to: negative
but&repair&they&to: neutral
DecisionTree learned:
!but&!after&!for&!stack: negative
!but&!after&!for&stack: conflict
!but&!after&for&!some: neutral
!but&!after&for&some: negative
!but&after&!with&!what: neutral
!but&after&!with&what: positive
!but&after&with&!i: negative
!but&after&with&i: positive
but&!mac&!tim&!this: negative
but&!mac&!tim&this: negative
but&!mac&tim: neutral
but&mac&!its&!bit: positive
but&mac&!its&bit: neutral
but&mac&its&!just: neutral
but&mac&its&just: neutral
DecisionTree learned:
!but&!for&!get&!and: negative
!but&!for&!get&and: positive
!but&!for&get&!am: negative
!but&!for&get&am: conflict
!but&for&!so&!some: neutral
!but&for&!so&some: negative
!but&for&so&!laptop: negative
!but&for&so&laptop: conflict
but&!be&!the&!it: neutral
but&!be&!the&it: conflict
but&!be&the&!on: positive
but&!be&the&on: neutral
but&be&!to&!more: negative
but&be&!to&more: positive
but&be&to&!with: negative
but&be&to&with: negative
DecisionTree learned:
!but&!for&!very&!much: negative
!but&!for&!very&much: positive
!but&!for&very&!neg: positive
!but&!for&very&neg: positive
!but&for&!so&!to: positive
!but&for&!so&to: neutral
!but&for&so&!laptop: negative
!but&for&so&laptop: conflict
but&!did&!mac&!if: negative
but&!did&!mac&if: neutral
but&!did&mac&!system: positive
but&!did&mac&system: neutral
but&did&!in&!software: conflict
but&did&!in&software: neutral
but&did&in&!on: negative
but&did&in&on: neutral
DecisionTree learned:
!but&!uses&!after&!i: positive
!but&!uses&!after&i: neutral
!but&!uses&after&!with: negative
!but&!uses&after&with: negative
!but&uses&!of: neutral
!but&uses&of: conflict
but&!repair&!think&!email: positive
but&!repair&!think&email: neutral
but&!repair&think&!on: negative
but&!repair&think&on: neutral
but&repair&!they: negative
but&repair&they&!to: neutral
but&repair&they&to: neutral
DecisionTree learned:
!but&!pos&!bars&!neg: neutral
!but&!pos&!bars&neg: negative
!but&!pos&bars: conflict
!but&pos&!for&!reboot: positive
!but&pos&!for&reboot: conflict
!but&pos&for&!long: positive
!but&pos&for&long: conflict
but&!computer&!this&!so: positive
but&!computer&!this&so: neutral
but&!computer&this&!neg: positive
but&!computer&this&neg: negative
but&computer&!that&!so: negative
but&computer&!that&so: conflict
but&computer&that&!for: positive
but&computer&that&for: negative
DecisionTree learned:
!but&!neg&!reboot&!i: positive
!but&!neg&!reboot&i: neutral
!but&!neg&reboot: conflict
!but&neg&!other&!much: negative
!but&neg&!other&much: conflict
!but&neg&other&!than: conflict
!but&neg&other&than: positive
but&!mac&!this&!so: negative
but&!mac&!this&so: neutral
but&!mac&this&!computer: positive
but&!mac&this&computer: negative
but&mac&!up&!more: neutral
but&mac&!up&more: positive
but&mac&up: positive
DecisionTree learned:
!but&!after&!i&!you: positive
!but&!after&!i&you: neutral
!but&!after&i&!get: neutral
!but&!after&i&get: negative
!but&after&!with&!what: neutral
!but&after&!with&what: positive
!but&after&with&!i: negative
!but&after&with&i: positive
but&!got&!mac&!i: conflict
but&!got&!mac&i: positive
but&!got&mac&!more: neutral
but&!got&mac&more: positive
but&got&!so: negative
but&got&so: positive
DecisionTree learned:
!but&!for&!n&!they: positive
!but&!for&!n&they: neutral
!but&!for&n&!so: negative
!but&!for&n&so: neutral
!but&for&!so&!desktop: neutral
!but&for&!so&desktop: conflict
!but&for&so&!battery: negative
!but&for&so&battery: conflict
but&!so&!gaming&!and: negative
but&!so&!gaming&and: positive
but&!so&gaming&!is: positive
but&!so&gaming&is: positive
but&so&!laptop&!pos: conflict
but&so&!laptop&pos: positive
but&so&laptop&!toshiba: neutral
but&so&laptop&toshiba: negative
DecisionTree learned:
!but&!fast&!neg&!reboot: positive
!but&!fast&!neg&reboot: conflict
!but&!fast&neg&!desktop: negative
!but&!fast&neg&desktop: neutral
!but&fast&!with: positive
!but&fast&with&!just: positive
!but&fast&with&just: neutral
but&!this&!so&!disc: negative
but&!this&!so&disc: neutral
but&!this&so&!it: neutral
but&!this&so&it: conflict
but&this&!know&!neg: positive
but&this&!know&neg: negative
but&this&know: conflict
DecisionTree learned:
!but&!for&!much&!get: negative
!but&!for&!much&get: negative
!but&!for&much&!laptops: positive
!but&!for&much&laptops: conflict
!but&for&!so&!neg: neutral
!but&for&!so&neg: neutral
!but&for&so&!laptop: negative
!but&for&so&laptop: conflict
but&!this&!so&!the: conflict
but&!this&!so&the: positive
but&!this&so&!it: neutral
but&!this&so&it: conflict
but&this&!neg&!x: positive
but&this&!neg&x: neutral
but&this&neg&!know: negative
but&this&neg&know: conflict
DecisionTree learned:
!but&!generally&!opted&!price: negative
!but&!generally&!opted&price: positive
!but&!generally&opted: conflict
!but&generally: conflict
but&!mac&!gb&!in: negative
but&!mac&!gb&in: neutral
but&!mac&gb&!just: neutral
but&!mac&gb&just: neutral
but&mac&!use&!more: neutral
but&mac&!use&more: positive
but&mac&use: positive
DecisionTree learned:
!but&!neg&!bars&!rarely: positive
!but&!neg&!bars&rarely: negative
!but&!neg&bars: conflict
!but&neg&!for&!laptops: negative
!but&neg&!for&laptops: conflict
!but&neg&for&!use: negative
!but&neg&for&use: neutral
but&!got&!think&!mac: positive
but&!got&!think&mac: positive
but&!got&think&!on: negative
but&!got&think&on: neutral
but&got&!so: negative
but&got&so: positive
DecisionTree learned:
!but&!for&!get&!and: negative
!but&!for&!get&and: positive
!but&!for&get&!am: negative
!but&!for&get&am: conflict
!but&for&!office&!despite: positive
!but&for&!office&despite: conflict
!but&for&office&!applications: neutral
!but&for&office&applications: positive
but&!this&!so&!and: negative
but&!this&!so&and: positive
but&!this&so&!it: neutral
but&!this&so&it: conflict
but&this&!x&!know: negative
but&this&!x&know: conflict
but&this&x: neutral
DecisionTree learned:
!but&!would&!months&!for: positive
!but&!would&!months&for: neutral
!but&!would&months&!of: negative
!but&!would&months&of: neutral
!but&would&!laptop&!buy: negative
!but&would&!laptop&buy: neutral
!but&would&laptop&!this: negative
!but&would&laptop&this: positive
but&!this&!so&!outside: negative
but&!this&!so&outside: neutral
but&!this&so&!it: neutral
but&!this&so&it: conflict
but&this&!neg&!x: positive
but&this&!neg&x: neutral
but&this&neg&!new: negative
but&this&neg&new: positive
DecisionTree learned:
!but&!uses&!would&!very: positive
!but&!uses&!would&very: positive
!but&!uses&would&!laptop: negative
!but&!uses&would&laptop: negative
!but&uses&!of: neutral
!but&uses&of: conflict
but&!mac&!think&!disc: negative
but&!mac&!think&disc: neutral
but&!mac&think&!on: negative
but&!mac&think&on: neutral
but&mac&!another&!up: neutral
but&mac&!another&up: positive
but&mac&another: negative
DecisionTree learned:
!but&!neg&!way&!when: positive
!but&!neg&!way&when: neutral
!but&!neg&way&!laptop: negative
!but&!neg&way&laptop: conflict
!but&neg&!much&!opted: negative
!but&neg&!much&opted: conflict
!but&neg&much&!pos: conflict
!but&neg&much&pos: neutral
but&!this&!machine&!and: conflict
but&!this&!machine&and: positive
but&!this&machine: positive
but&this&!computer&!neg: positive
but&this&!computer&neg: negative
but&this&computer&!that: negative
but&this&computer&that: conflict
DecisionTree learned:
!but&!after&!movie&!i: positive
!but&!after&!movie&i: neutral
!but&!after&movie&!just: neutral
!but&!after&movie&just: neutral
!but&after&!with&!what: neutral
!but&after&!with&what: positive
!but&after&with&!i: negative
!but&after&with&i: positive
but&!yes&!up&!this: conflict
but&!yes&!up&this: negative
but&!yes&up&!mac: negative
but&!yes&up&mac: positive
but&yes&!pos&!is: positive
but&yes&!pos&is: conflict
but&yes&pos: positive
DecisionTree learned:
!but&!fast&!uses&!after: positive
!but&!fast&!uses&after: neutral
!but&!fast&uses&!of: neutral
!but&!fast&uses&of: conflict
!but&fast&!with: positive
!but&fast&with&!software: positive
!but&fast&with&software: positive
but&!this&!overall&!mac: negative
but&!this&!overall&mac: positive
but&!this&overall&!to: neutral
but&!this&overall&to: neutral
but&this&!know&!neg: positive
but&this&!know&neg: negative
but&this&know: conflict
DecisionTree learned:
!but&!after&!uses&!generally: positive
!but&!after&!uses&generally: conflict
!but&!after&uses&!of: neutral
!but&!after&uses&of: conflict
!but&after&!with&!what: neutral
!but&after&!with&what: positive
!but&after&with&!i: negative
!but&after&with&i: positive
but&!drive&!repair&!new: positive
but&!drive&!repair&new: neutral
but&!drive&repair&!they: negative
but&!drive&repair&they: neutral
but&drive&!to&!is: neutral
but&drive&!to&is: neutral
but&drive&to: negative
DecisionTree learned:
!but&!much&!get&!and: negative
!but&!much&!get&and: positive
!but&!much&get&!am: negative
!but&!much&get&am: conflict
!but&much&!i&!out: positive
!but&much&!i&out: conflict
!but&much&i&!it: neutral
!but&much&i&it: conflict
but&!new&!think&!apple: negative
but&!new&!think&apple: neutral
but&!new&think&!on: negative
but&!new&think&on: neutral
but&new&!with&!pos: positive
but&new&!with&pos: neutral
but&new&with&!just: neutral
but&new&with&just: neutral
DecisionTree learned:
!but&!pos&!worth&!battery: neutral
!but&!pos&!worth&battery: negative
!but&!pos&worth&!price: negative
!but&!pos&worth&price: conflict
!but&pos&!compact&!desktop: positive
!but&pos&!compact&desktop: neutral
!but&pos&compact: conflict
but&!mac&!repair&!drive: positive
but&!mac&!repair&drive: neutral
but&!mac&repair&!they: negative
but&!mac&repair&they: neutral
but&mac&!more&!up: neutral
but&mac&!more&up: positive
but&mac&more: positive
DecisionTree learned:
!but&!much&!is&!price: negative
!but&!much&!is&price: positive
!but&!much&is&!use: positive
!but&!much&is&use: positive
!but&much&!i&!neg: positive
!but&much&!i&neg: conflict
!but&much&i&!it: neutral
!but&much&i&it: conflict
but&!new&!this&!apple: negative
but&!new&!this&apple: neutral
but&!new&this&!neg: positive
but&!new&this&neg: negative
but&new&!pos&!so: negative
but&new&!pos&so: neutral
but&new&pos&!you: positive
but&new&pos&you: neutral
DecisionTree learned:
!but&!pos&!worth&!opted: negative
!but&!pos&!worth&opted: conflict
!but&!pos&worth&!are: conflict
!but&!pos&worth&are: negative
!but&pos&!generally&!other: positive
!but&pos&!generally&other: positive
!but&pos&generally: conflict
but&!this&!standard&!than: negative
but&!this&!standard&than: conflict
but&!this&standard: conflict
but&this&!know&!neg: positive
but&this&!know&neg: negative
but&this&know: conflict
DecisionTree learned:
!but&!opted&!price&!requires: positive
!but&!opted&!price&requires: conflict
!but&!opted&price&!worth: positive
!but&!opted&price&worth: conflict
!but&opted: conflict
but&!mac&!features&!gb: negative
but&!mac&!features&gb: neutral
but&!mac&features&!is: positive
but&!mac&features&is: positive
but&mac&!bit&!you: positive
but&mac&!bit&you: positive
but&mac&bit: neutral
DecisionTree learned:
!but&!after&!and&!though: negative
!but&!after&!and&though: conflict
!but&!after&and&!what: positive
!but&!after&and&what: neutral
!but&after&!sales&!with: neutral
!but&after&!sales&with: negative
!but&after&sales&!so: positive
!but&after&sales&so: negative
but&!this&!so&!disc: negative
but&!this&!so&disc: neutral
but&!this&so&!it: neutral
but&!this&so&it: conflict
but&this&!know&!x: negative
but&this&!know&x: neutral
but&this&know: conflict
DecisionTree learned:
!but&!price&!uses&!after: positive
!but&!price&!uses&after: neutral
!but&!price&uses&!of: neutral
!but&!price&uses&of: conflict
!but&price&!worth&!off: positive
!but&price&!worth&off: neutral
!but&price&worth&!pos: conflict
!but&price&worth&pos: negative
but&!this&!so&!apple: negative
but&!this&!so&apple: neutral
but&!this&so&!it: neutral
but&!this&so&it: conflict
but&this&!is&!neg: positive
but&this&!is&neg: negative
but&this&is&!and: conflict
but&this&is&and: negative
DecisionTree learned:
!but&!not&!for&!requires: positive
!but&!not&!for&requires: conflict
!but&!not&for&!office: positive
!but&!not&for&office: neutral
!but&not&!compact&!apple: negative
!but&not&!compact&apple: positive
!but&not&compact: conflict
but&!repair&!battery&!drive: positive
but&!repair&!battery&drive: neutral
but&!repair&battery&!been: negative
but&!repair&battery&been: conflict
but&repair&!they: negative
but&repair&they&!to: negative
but&repair&they&to: neutral
DecisionTree learned:
!but&!get&!and&!laptops: negative
!but&!get&!and&laptops: conflict
!but&!get&and&!i: positive
!but&!get&and&i: neutral
!but&get&!am&!pay: negative
!but&get&!am&pay: conflict
!but&get&am&!toshiba: conflict
!but&get&am&toshiba: negative
but&!got&!this&!mac: positive
but&!got&!this&mac: positive
but&!got&this&!know: neutral
but&!got&this&know: conflict
but&got&!so: negative
but&got&so: positive
DecisionTree learned:
!but&!generally&!pos&!worth: negative
!but&!generally&!pos&worth: conflict
!but&!generally&pos&!other: positive
!but&!generally&pos&other: positive
!but&generally: conflict
but&!standard&!did&!web: positive
but&!standard&!did&web: positive
but&!standard&did&!on: neutral
but&!standard&did&on: neutral
but&standard: conflict
DecisionTree learned:
!but&!neg&!reboot&!way: positive
!but&!neg&!reboot&way: negative
!but&!neg&reboot: conflict
!but&neg&!much&!for: negative
!but&neg&!much&for: positive
!but&neg&much&!a: conflict
!but&neg&much&a: neutral
but&!yes&!most&!features: negative
but&!yes&!most&features: positive
but&!yes&most&!just: positive
but&!yes&most&just: positive
but&yes&!and: conflict
but&yes&and&!pos: positive
but&yes&and&pos: positive
DecisionTree learned:
!but&!for&!bars&!much: negative
!but&!for&!bars&much: positive
!but&!for&bars: conflict
!but&for&!so&!neg: neutral
!but&for&!so&neg: neutral
!but&for&so&!battery: negative
!but&for&so&battery: conflict
but&!new&!i&!that: negative
but&!new&!i&that: conflict
but&!new&i&!which: negative
but&!new&i&which: conflict
but&new&!pos&!so: negative
but&new&!pos&so: neutral
but&new&pos&!you: positive
but&new&pos&you: neutral
DecisionTree learned:
!but&!opted&!get&!generally: positive
!but&!opted&!get&generally: conflict
!but&!opted&get&!am: negative
!but&!opted&get&am: conflict
!but&opted: conflict
but&!this&!so&!that: negative
but&!this&!so&that: positive
but&!this&so&!old: neutral
but&!this&so&old: positive
but&this&!to&!ever: positive
but&this&!to&ever: negative
but&this&to&!need: neutral
but&this&to&need: positive
DecisionTree learned:
!but&!for&!get&!you: positive
!but&!for&!get&you: neutral
!but&!for&get&!am: negative
!but&!for&get&am: conflict
!but&for&!so&!neg: neutral
!but&for&!so&neg: neutral
!but&for&so&!laptop: negative
!but&for&so&laptop: conflict
but&!this&!quality&!so: positive
but&!this&!quality&so: neutral
but&!this&quality&!laptop: conflict
but&!this&quality&laptop: negative
but&this&!know&!x: negative
but&this&!know&x: neutral
but&this&know: conflict
DecisionTree learned:
!but&!generally&!pos&!much: negative
!but&!generally&!pos&much: positive
!but&!generally&pos&!other: positive
!but&!generally&pos&other: positive
!but&generally: conflict
but&!this&!so&!size: positive
but&!this&!so&size: neutral
but&!this&so&!it: neutral
but&!this&so&it: conflict
but&this&!neg&!x: positive
but&this&!neg&x: neutral
but&this&neg&!was: negative
but&this&neg&was: positive
DecisionTree learned:
!but&!for&!laptops&!get: negative
!but&!for&!laptops&get: negative
!but&!for&laptops&!it: positive
!but&!for&laptops&it: conflict
!but&for&!not&!despite: neutral
!but&for&!not&despite: conflict
!but&for&not&!features: negative
!but&for&not&features: positive
but&!this&!and&!screen: negative
but&!this&!and&screen: conflict
but&!this&and&!two: positive
but&!this&and&two: conflict
but&this&!computer&!neg: neutral
but&this&!computer&neg: negative
but&this&computer&!that: negative
but&this&computer&that: conflict
DecisionTree learned:
!but&!requires&!for&!when: positive
!but&!requires&!for&when: negative
!but&!requires&for&!so: neutral
!but&!requires&for&so: conflict
!but&requires: conflict
but&!this&!and&!screen: negative
but&!this&!and&screen: conflict
but&!this&and&!than: positive
but&!this&and&than: positive
but&this&!know&!neg: positive
but&this&!know&neg: negative
but&this&know: conflict
DecisionTree learned:
!but&!for&!get&!requires: negative
!but&!for&!get&requires: conflict
!but&!for&get&!am: negative
!but&!for&get&am: conflict
!but&for&!not&!so: neutral
!but&for&!not&so: conflict
!but&for&not&!via: negative
!but&for&not&via: neutral
but&!this&!there&!in: conflict
but&!this&!there&in: positive
but&!this&there&!much: negative
but&!this&there&much: positive
but&this&!computer&!neg: positive
but&this&!computer&neg: neutral
but&this&computer&!and: conflict
but&this&computer&and: negative
DecisionTree learned:
!but&!generally&!would&!months: positive
!but&!generally&!would&months: negative
!but&!generally&would&!buy: negative
!but&!generally&would&buy: neutral
!but&generally: conflict
but&!this&!so&!outside: positive
but&!this&!so&outside: neutral
but&!this&so&!old: neutral
but&!this&so&old: positive
but&this&!that&!x: positive
but&this&!that&x: neutral
but&this&that&!pos: positive
but&this&that&pos: neutral
DecisionTree learned:
!but&!opted&!fast&!uses: negative
!but&!opted&!fast&uses: neutral
!but&!opted&fast&!you: positive
!but&!opted&fast&you: neutral
!but&opted: conflict
but&!new&!drive&!did: negative
but&!new&!drive&did: neutral
but&!new&drive&!to: neutral
but&!new&drive&to: negative
but&new&!pos&!so: negative
but&new&!pos&so: neutral
but&new&pos&!i: neutral
but&new&pos&i: positive
DecisionTree learned:
!but&!generally&!dollar&!other: negative
!but&!generally&!dollar&other: neutral
!but&!generally&dollar: conflict
!but&generally: conflict
but&!this&!so&!disc: positive
but&!this&!so&disc: neutral
but&!this&so&!it: neutral
but&!this&so&it: conflict
but&this&!computer&!neg: positive
but&this&!computer&neg: negative
but&this&computer&!and: conflict
but&this&computer&and: negative
DecisionTree learned:
!but&!opted&!my&!other: negative
!but&!opted&!my&other: neutral
!but&!opted&my&!though: neutral
!but&!opted&my&though: conflict
!but&opted: conflict
but&!this&!which&!was: positive
but&!this&!which&was: negative
but&!this&which&!and: conflict
but&!this&which&and: positive
but&this&!computer&!neg: positive
but&this&!computer&neg: neutral
but&this&computer&!that: negative
but&this&computer&that: conflict
DecisionTree learned:
!but&!get&!and&!generally: negative
!but&!get&!and&generally: conflict
!but&!get&and&!were: positive
!but&!get&and&were: negative
!but&get&!am&!pro: negative
!but&get&!am&pro: conflict
!but&get&am&!toshiba: conflict
!but&get&am&toshiba: negative
but&!most&!new&!a: negative
but&!most&!new&a: neutral
but&!most&new&!with: positive
but&!most&new&with: neutral
but&most&!just: positive
but&most&just: positive
DecisionTree learned:
!but&!much&!uses&!get: negative
!but&!much&!uses&get: negative
!but&!much&uses&!of: neutral
!but&!much&uses&of: conflict
!but&much&!i&!neg: positive
!but&much&!i&neg: conflict
!but&much&i&!it: neutral
!but&much&i&it: conflict
but&!if&!new&!apple: negative
but&!if&!new&apple: neutral
but&!if&new&!when: neutral
but&!if&new&when: conflict
but&if&!to: negative
but&if&to: neutral
DecisionTree learned:
!but&!stack&!after&!pc: positive
!but&!stack&!after&pc: positive
!but&!stack&after&!with: neutral
!but&!stack&after&with: negative
!but&stack: conflict
but&!this&!looking&!there: conflict
but&!this&!looking&there: negative
but&!this&looking&!pos: positive
but&!this&looking&pos: positive
but&this&!know&!x: neutral
but&this&!know&x: neutral
but&this&know: conflict
DecisionTree learned:
!but&!generally&!get&!and: negative
!but&!generally&!get&and: positive
!but&!generally&get&!am: negative
!but&!generally&get&am: conflict
!but&generally: conflict
but&!drive&!outside&!new: negative
but&!drive&!outside&new: positive
but&!drive&outside&!pos: neutral
but&!drive&outside&pos: neutral
but&drive&!to&!is: neutral
but&drive&!to&is: neutral
but&drive&to: negative
DecisionTree learned:
!but&!very&!much&!opted: negative
!but&!very&!much&opted: conflict
!but&!very&much&!of: positive
!but&!very&much&of: neutral
!but&very&!some&!macbook: positive
!but&very&!some&macbook: neutral
!but&very&some: conflict
but&!this&!mac&!better: positive
but&!this&!mac&better: conflict
but&!this&mac&!another: positive
but&!this&mac&another: negative
but&this&!know&!neg: positive
but&this&!know&neg: negative
but&this&know: conflict
DecisionTree learned:
!but&!requires&!neg&!my: positive
!but&!requires&!neg&my: neutral
!but&!requires&neg&!much: negative
!but&!requires&neg&much: conflict
!but&requires: conflict
but&!this&!so&!outside: positive
but&!this&!so&outside: neutral
but&!this&so&!features: neutral
but&!this&so&features: positive
but&this&!neg&!x: positive
but&this&!neg&x: neutral
but&this&neg&!was: negative
but&this&neg&was: positive
DecisionTree learned:
!but&!price&!opted&!uses: negative
!but&!price&!opted&uses: neutral
!but&!price&opted: conflict
!but&price&!worth&!off: positive
!but&price&!worth&off: neutral
!but&price&worth&!pos: conflict
!but&price&worth&pos: negative
but&!mac&!size&!drive: negative
but&!mac&!size&drive: neutral
but&!mac&size&!pos: neutral
but&!mac&size&pos: neutral
but&mac&!more&!up: neutral
but&mac&!more&up: positive
but&mac&more: positive
DecisionTree learned:
!but&!generally&!opted&!uses: negative
!but&!generally&!opted&uses: neutral
!but&!generally&opted: conflict
!but&generally: conflict
but&!this&!mac&!so: negative
but&!this&!mac&so: conflict
but&!this&mac&!pos: neutral
but&!this&mac&pos: positive
but&this&!computer&!neg: positive
but&this&!computer&neg: negative
but&this&computer&!that: negative
but&this&computer&that: conflict
DecisionTree learned:
!but&!generally&!pos&!much: neutral
!but&!generally&!pos&much: conflict
!but&!generally&pos&!some: positive
!but&!generally&pos&some: negative
!but&generally: conflict
but&!especially&!this&!outside: positive
but&!especially&!this&outside: neutral
but&!especially&this&!know: negative
but&!especially&this&know: conflict
but&especially&!to: neutral
but&especially&to: conflict
DecisionTree learned:
!but&!after&!get&!and: negative
!but&!after&!get&and: positive
!but&!after&get&!out: negative
!but&!after&get&out: neutral
!but&after&!with&!what: neutral
!but&after&!with&what: positive
!but&after&with&!i: negative
!but&after&with&i: positive
but&!drive&!processing&!this: positive
but&!drive&!processing&this: neutral
but&!drive&processing: neutral
but&drive&!to&!is: neutral
but&drive&!to&is: neutral
but&drive&to: negative
DecisionTree learned:
!but&!long&!some&!get: neutral
!but&!long&!some&get: negative
!but&!long&some&!very: negative
!but&!long&some&very: conflict
!but&long&!though&!battery: negative
!but&long&!though&battery: positive
!but&long&though: conflict
but&!this&!apple&!so: negative
but&!this&!apple&so: neutral
but&!this&apple&!it: conflict
but&!this&apple&it: neutral
but&this&!to&!ever: positive
but&this&!to&ever: negative
but&this&to&!need: neutral
but&this&to&need: positive
DecisionTree learned:
!but&!much&!other&!macbook: negative
!but&!much&!other&macbook: positive
!but&!much&other&!neg: neutral
!but&!much&other&neg: positive
!but&much&!i&!out: positive
!but&much&!i&out: conflict
!but&much&i&!it: neutral
!but&much&i&it: conflict
but&!this&!mac&!better: negative
but&!this&!mac&better: conflict
but&!this&mac&!system: neutral
but&!this&mac&system: negative
but&this&!with&!that: positive
but&this&!with&that: neutral
but&this&with&!for: negative
but&this&with&for: neutral
DecisionTree learned:
!but&!opted&!get&!and: negative
!but&!opted&!get&and: positive
!but&!opted&get&!am: negative
!but&!opted&get&am: conflict
!but&opted: conflict
but&!battery&!web&!screen: positive
but&!battery&!web&screen: conflict
but&!battery&web&!just: neutral
but&!battery&web&just: neutral
but&battery&!would&!and: negative
but&battery&!would&and: conflict
but&battery&would&!i: positive
but&battery&would&i: positive
DecisionTree learned:
!but&!opted&!generally&!long: neutral
!but&!opted&!generally&long: positive
!but&!opted&generally: conflict
!but&opted: conflict
but&!this&!so&!yes: negative
but&!this&!so&yes: positive
but&!this&so&!it: neutral
but&!this&so&it: conflict
but&this&!know&!x: negative
but&this&!know&x: neutral
but&this&know: conflict
DecisionTree learned:
!but&!neg&!reboot&!way: positive
!but&!neg&!reboot&way: negative
!but&!neg&reboot: conflict
!but&neg&!much&!for: negative
!but&neg&!much&for: positive
!but&neg&much&!pos: conflict
!but&neg&much&pos: neutral
but&!got&!this&!so: negative
but&!got&!this&so: neutral
but&!got&this&!with: positive
but&!got&this&with: negative
but&got: negative
DecisionTree learned:
!but&!for&!requires&!bars: negative
!but&!for&!requires&bars: conflict
!but&!for&requires: conflict
!but&for&!so&!neg: neutral
!but&for&!so&neg: neutral
!but&for&so&!laptop: positive
!but&for&so&laptop: conflict
but&!this&!mac&!better: positive
but&!this&!mac&better: conflict
but&!this&mac&!the: negative
but&!this&mac&the: neutral
but&this&!know&!neg: positive
but&this&!know&neg: negative
but&this&know: conflict
DecisionTree learned:
!but&!after&!dollar&!generally: positive
!but&!after&!dollar&generally: conflict
!but&!after&dollar: conflict
!but&after&!with&!what: neutral
!but&after&!with&what: positive
!but&after&with&!i: negative
!but&after&with&i: positive
but&!disc&!mac&!this: negative
but&!disc&!mac&this: neutral
but&!disc&mac&!pos: neutral
but&!disc&mac&pos: positive
but&disc&!with: neutral
but&disc&with: neutral
DecisionTree learned:
!but&!opted&!after&!reboot: positive
!but&!opted&!after&reboot: conflict
!but&!opted&after&!sales: negative
!but&!opted&after&sales: positive
!but&opted: conflict
but&!did&!still&!disc: positive
but&!did&!still&disc: neutral
but&!did&still&!of: negative
but&!did&still&of: positive
but&did&!on&!of: conflict
but&did&!on&of: neutral
but&did&on: neutral
DecisionTree learned:
!but&!much&!get&!and: negative
!but&!much&!get&and: positive
!but&!much&get&!am: negative
!but&!much&get&am: conflict
!but&much&!of&!neg: positive
!but&much&!of&neg: conflict
!but&much&of&!not: negative
!but&much&of&not: neutral
but&!the&!and&!screen: conflict
but&!the&!and&screen: conflict
but&!the&and&!neg: positive
but&!the&and&neg: neutral
but&the&!only&!on: positive
but&the&!only&on: neutral
but&the&only&!for: conflict
but&the&only&for: negative
DecisionTree learned:
!but&!get&!you&!i: positive
!but&!get&!you&i: neutral
!but&!get&you&!they: neutral
!but&!get&you&they: negative
!but&get&!am&!pay: negative
!but&get&!am&pay: conflict
!but&get&am&!toshiba: conflict
!but&get&am&toshiba: negative
but&!size&!new&!screen: negative
but&!size&!new&screen: conflict
but&!size&new&!with: positive
but&!size&new&with: neutral
but&size&!pos: neutral
but&size&pos: neutral
DecisionTree learned:
!but&!generally&!much&!acceptable: negative
!but&!generally&!much&acceptable: conflict
!but&!generally&much&!of: positive
!but&!generally&much&of: neutral
!but&generally: conflict
but&!if&!new&!drive: negative
but&!if&!new&drive: neutral
but&!if&new&!when: positive
but&!if&new&when: neutral
but&if&!to: negative
but&if&to: neutral
DecisionTree learned:
!but&!requires&!neg&!way: positive
!but&!requires&!neg&way: negative
!but&!requires&neg&!much: negative
!but&!requires&neg&much: conflict
!but&requires: conflict
but&!new&!in&!drive: negative
but&!new&!in&drive: neutral
but&!new&in&!did: positive
but&!new&in&did: neutral
but&new&!pos&!so: negative
but&new&!pos&so: neutral
but&new&pos&!i: neutral
but&new&pos&i: positive
DecisionTree learned:
!but&!much&!get&!and: negative
!but&!much&!get&and: positive
!but&!much&get&!am: negative
!but&!much&get&am: conflict
!but&much&!of&!neg: positive
!but&much&!of&neg: conflict
!but&much&of&!not: negative
!but&much&of&not: neutral
but&!new&!a&!not: negative
but&!new&!a&not: negative
but&!new&a&!which: neutral
but&!new&a&which: conflict
but&new&!pos&!so: negative
but&new&!pos&so: neutral
but&new&pos&!you: positive
but&new&pos&you: neutral
DecisionTree learned:
!but&!for&!requires&!laptops: negative
!but&!for&!requires&laptops: conflict
!but&!for&requires: conflict
!but&for&!so&!neg: neutral
!but&for&!so&neg: neutral
!but&for&so&!laptop: negative
!but&for&so&laptop: conflict
but&!mac&!this&!and: conflict
but&!mac&!this&and: positive
but&!mac&this&!know: negative
but&!mac&this&know: conflict
but&mac&!programs&!up: neutral
but&mac&!programs&up: positive
but&mac&programs&!just: positive
but&mac&programs&just: positive
DecisionTree learned:
!but&!acceptable&!get&!opted: positive
!but&!acceptable&!get&opted: conflict
!but&!acceptable&get&!am: negative
!but&!acceptable&get&am: conflict
!but&acceptable: conflict
but&!this&!so&!apple: negative
but&!this&!so&apple: neutral
but&!this&so&!the: neutral
but&!this&so&the: conflict
but&this&!computer&!neg: positive
but&this&!computer&neg: neutral
but&this&computer&!that: negative
but&this&computer&that: conflict
DecisionTree learned:
!but&!for&!requires&!laptops: negative
!but&!for&!requires&laptops: conflict
!but&!for&requires: conflict
!but&for&!so&!desktop: neutral
!but&for&!so&desktop: conflict
!but&for&so&!battery: negative
!but&for&so&battery: conflict
but&!apple&!this&!size: positive
but&!apple&!this&size: neutral
but&!apple&this&!know: neutral
but&!apple&this&know: conflict
but&apple&!a&!just: conflict
but&apple&!a&just: positive
but&apple&a&!to: neutral
but&apple&a&to: neutral
DecisionTree learned:
!but&!price&!long&!use: negative
!but&!price&!long&use: positive
!but&!price&long&!though: positive
!but&!price&long&though: conflict
!but&price&!worth&!off: positive
!but&price&!worth&off: neutral
!but&price&worth&!pos: conflict
!but&price&worth&pos: negative
but&!if&!this&!size: positive
but&!if&!this&size: neutral
but&!if&this&!making: neutral
but&!if&this&making: negative
but&if&!to: negative
but&if&to: neutral
DecisionTree learned:
!but&!opted&!generally&!get: positive
!but&!opted&!generally&get: negative
!but&!opted&generally: conflict
!but&opted: conflict
but&!mac&!disc&!this: positive
but&!mac&!disc&this: negative
but&!mac&disc&!with: neutral
but&!mac&disc&with: neutral
but&mac&!pos: neutral
but&mac&pos&!pc: positive
but&mac&pos&pc: positive
DecisionTree learned:
!but&!neg&!reboot&!way: positive
!but&!neg&!reboot&way: negative
!but&!neg&reboot: conflict
!but&neg&!much&!dollar: negative
!but&neg&!much&dollar: conflict
!but&neg&much&!pos: conflict
!but&neg&much&pos: neutral
but&!i&!to&!and: conflict
but&!i&!to&and: positive
but&!i&to&!does: neutral
but&!i&to&does: negative
but&i&!which&!laptop: positive
but&i&!which&laptop: neutral
but&i&which&!use: conflict
but&i&which&use: positive
DecisionTree learned:
!but&!for&!laptops&!get: negative
!but&!for&!laptops&get: negative
!but&!for&laptops&!it: negative
!but&!for&laptops&it: conflict
!but&for&!so&!neg: neutral
!but&for&!so&neg: neutral
!but&for&so&!laptop: negative
!but&for&so&laptop: conflict
but&!computer&!there&!this: positive
but&!computer&!there&this: negative
but&!computer&there&!to: negative
but&!computer&there&to: neutral
but&computer&!after&!keys: negative
but&computer&!after&keys: conflict
but&computer&after&!use: positive
but&computer&after&use: positive
DecisionTree learned:
!but&!for&!stack&!bars: negative
!but&!for&!stack&bars: conflict
!but&!for&stack: conflict
!but&for&!so&!neg: neutral
!but&for&!so&neg: neutral
!but&for&so&!laptop: negative
!but&for&so&laptop: conflict
but&!this&!overall&!was: positive
but&!this&!overall&was: negative
but&!this&overall&!to: neutral
but&!this&overall&to: neutral
but&this&!computer&!neg: positive
but&this&!computer&neg: negative
but&this&computer&!and: conflict
but&this&computer&and: negative
DecisionTree learned:
!but&!opted&!after&!my: positive
!but&!opted&!after&my: neutral
!but&!opted&after&!with: neutral
!but&!opted&after&with: negative
!but&opted: conflict
but&!this&!so&!tim: positive
but&!this&!so&tim: neutral
but&!this&so&!it: neutral
but&!this&so&it: conflict
but&this&!computer&!neg: positive
but&this&!computer&neg: neutral
but&this&computer&!and: conflict
but&this&computer&and: negative
DecisionTree learned:
!but&!for&!pc&!compact: negative
!but&!for&!pc&compact: conflict
!but&!for&pc&!pos: conflict
!but&!for&pc&pos: positive
!but&for&!so&!neg: neutral
!but&for&!so&neg: neutral
!but&for&so&!laptop: negative
!but&for&so&laptop: conflict
but&!there&!new&!i: conflict
but&!there&!new&i: positive
but&!there&new&!with: neutral
but&!there&new&with: neutral
but&there&!much&!to: negative
but&there&!much&to: neutral
but&there&much: positive
DecisionTree learned:
!but&!opted&!uses&!my: positive
!but&!opted&!uses&my: neutral
!but&!opted&uses&!of: neutral
!but&!opted&uses&of: conflict
!but&opted: conflict
but&!this&!learning&!in: negative
but&!this&!learning&in: neutral
but&!this&learning&!to: neutral
but&!this&learning&to: neutral
but&this&!x&!that: positive
but&this&!x&that: neutral
but&this&x: neutral
DecisionTree learned:
!but&!dollar&!requires&!opted: negative
!but&!dollar&!requires&opted: conflict
!but&!dollar&requires: conflict
!but&dollar: conflict
but&!little&!a&!gb: positive
but&!little&!a&gb: neutral
but&!little&a&!battery: neutral
but&!little&a&battery: conflict
but&little&!at&!it: negative
but&little&!at&it: conflict
but&little&at&!is: positive
but&little&at&is: positive
DecisionTree learned:
!but&!after&!laptops&!for: positive
!but&!after&!laptops&for: neutral
!but&!after&laptops&!and: conflict
!but&!after&laptops&and: neutral
!but&after&!with&!what: neutral
!but&after&!with&what: positive
!but&after&with&!i: negative
!but&after&with&i: positive
but&!mac&!if&!gb: negative
but&!mac&!if&gb: neutral
but&!mac&if&!to: negative
but&!mac&if&to: neutral
but&mac&!very&!on: neutral
but&mac&!very&on: positive
but&mac&very: positive
DecisionTree learned:
!but&!generally&!uses&!pos: negative
!but&!generally&!uses&pos: positive
!but&!generally&uses&!of: neutral
!but&!generally&uses&of: conflict
!but&generally: conflict
but&!web&!screen&!tim: positive
but&!web&!screen&tim: neutral
but&!web&screen&!on: conflict
but&!web&screen&on: negative
but&web&!just: neutral
but&web&just: positive
DecisionTree learned:
!but&!generally&!much&!uses: negative
!but&!generally&!much&uses: neutral
!but&!generally&much&!i: positive
!but&!generally&much&i: neutral
!but&generally: conflict
but&!yes&!web&!screen: negative
but&!yes&!web&screen: conflict
but&!yes&web&!just: positive
but&!yes&web&just: positive
but&yes&!to&!is: positive
but&yes&!to&is: conflict
but&yes&to: positive
DecisionTree learned:
!but&!after&!generally&!would: positive
!but&!after&!generally&would: negative
!but&!after&generally: conflict
!but&after&!sales&!with: neutral
!but&after&!sales&with: negative
!but&after&sales&!so: positive
!but&after&sales&so: negative
but&!new&!this&!more: negative
but&!new&!this&more: positive
but&!new&this&!neg: positive
but&!new&this&neg: negative
but&new&!pos&!so: negative
but&new&!pos&so: neutral
but&new&pos&!everything: positive
but&new&pos&everything: neutral
DecisionTree learned:
!but&!after&!much&!other: negative
!but&!after&!much&other: neutral
!but&!after&much&!i: positive
!but&!after&much&i: neutral
!but&after&!with&!what: neutral
!but&after&!with&what: positive
!but&after&with&!i: negative
!but&after&with&i: positive
but&!did&!my&!most: negative
but&!did&!my&most: conflict
but&!did&my&!pos: negative
but&!did&my&pos: positive
but&did&!me&!for: neutral
but&did&!me&for: neutral
but&did&me: negative
Trial 0 Training cc.mallet.classify.AdaBoostM2Trainer@11bbf1ca finished
Trial 0 Trainer cc.mallet.classify.AdaBoostM2Trainer@11bbf1ca test data accuracy = 0.5476673427991886

NaiveBayesTrainer
Summary. test accuracy mean = 0.6227180527383367 stddev = 0.0 stderr = 0.0

MaxEntTrainer,gaussianPriorVariance=1.0
Summary. test accuracy mean = 0.6206896551724138 stddev = 0.0 stderr = 0.0

cc.mallet.classify.DecisionTreeTrainer@6766afb3
Summary. test accuracy mean = 0.5415821501014199 stddev = 0.0 stderr = 0.0

cc.mallet.classify.AdaBoostM2Trainer@11bbf1ca
Summary. test accuracy mean = 0.5476673427991886 stddev = 0.0 stderr = 0.0
