
-------------------- Trial 0  --------------------

Trial 0 Training NaiveBayesTrainer with 1865 instances
Trial 0 Training NaiveBayesTrainer finished
Trial 0 Trainer NaiveBayesTrainer test data accuracy = 0.640973630831643
Trial 0 Training MaxEntTrainer,gaussianPriorVariance=1.0 with 1865 instances
Trial 0 Training MaxEntTrainer,gaussianPriorVariance=1.0 finished
Trial 0 Trainer MaxEntTrainer,gaussianPriorVariance=1.0 test data accuracy = 0.6085192697768763
Trial 0 Training cc.mallet.classify.DecisionTreeTrainer@266bade9 with 1865 instances
DecisionTree learned:
!great&!easy&!but&!fast: negative
!great&!easy&!but&fast: positive
!great&!easy&but&!well: negative
!great&!easy&but&well: positive
!great&easy&!one&!operate: positive
!great&easy&!one&operate: neutral
!great&easy&one&!to: conflict
!great&easy&one&to: neutral
great&!had&!but&!lack: positive
great&!had&!but&lack: negative
great&!had&but&!one: positive
great&!had&but&one: negative
great&had&!quality: negative
great&had&quality&!life: positive
great&had&quality&life: negative
Trial 0 Training cc.mallet.classify.DecisionTreeTrainer@266bade9 finished
Trial 0 Trainer cc.mallet.classify.DecisionTreeTrainer@266bade9 test data accuracy = 0.513184584178499
Trial 0 Training cc.mallet.classify.AdaBoostM2Trainer@11bbf1ca with 1865 instances
DecisionTree learned:
!great&!but&!easy&!fast: negative
!great&!but&!easy&fast: positive
!great&!but&easy&!operate: positive
!great&!but&easy&operate: neutral
!great&but&!be&!the: neutral
!great&but&!be&the: negative
!great&but&be&!would: negative
!great&but&be&would: negative
great&!had&!but&!lack: positive
great&!had&!but&lack: negative
great&!had&but&!it: positive
great&!had&but&it: negative
great&had&!performance: negative
great&had&performance&!quality: negative
great&had&performance&quality: positive
DecisionTree learned:
!great&!but&!easy&!love: negative
!great&!but&!easy&love: positive
!great&!but&easy&!go: positive
!great&!but&easy&go: neutral
!great&but&!mac&!x: negative
!great&but&!mac&x: neutral
!great&but&mac&!have: positive
!great&but&mac&have: negative
great&!had&!but&!lack: positive
great&!had&!but&lack: negative
great&!had&but&!one: positive
great&!had&but&one: negative
great&had&!quality: negative
great&had&quality&!life: positive
great&had&quality&life: negative
DecisionTree learned:
!but&!great&!easy&!love: negative
!but&!great&!easy&love: positive
!but&!great&easy&!go: positive
!but&!great&easy&go: neutral
!but&great&!had&!lack: positive
!but&great&!had&lack: negative
!but&great&had&!quality: negative
!but&great&had&quality: positive
but&!mac&!got&!called: negative
but&!mac&!got&called: neutral
but&!mac&got&!so: negative
but&!mac&got&so: positive
but&mac&!in&!have: neutral
but&mac&!in&have: negative
but&mac&in&!price: positive
but&mac&in&price: positive
DecisionTree learned:
!but&!fast&!not&!good: positive
!but&!fast&!not&good: positive
!but&!fast&not&!through: negative
!but&!fast&not&through: neutral
!but&fast&!one&!look: positive
!but&fast&!one&look: positive
!but&fast&one: neutral
but&!mac&!got&!gb: negative
but&!mac&!got&gb: neutral
but&!mac&got&!so: negative
but&!mac&got&so: positive
but&mac&!office&!it: positive
but&mac&!office&it: neutral
but&mac&office: neutral
DecisionTree learned:
!but&!great&!and&!movie: negative
!but&!great&!and&movie: neutral
!but&!great&and&!back: positive
!but&!great&and&back: negative
!but&great&!had&!nearly: positive
!but&great&!had&nearly: neutral
!but&great&had&!quality: negative
!but&great&had&quality: negative
but&!mac&!difference&!this: negative
but&!mac&!difference&this: negative
but&!mac&difference&!navigation: neutral
but&!mac&difference&navigation: positive
but&mac&!in&!have: neutral
but&mac&!in&have: negative
but&mac&in&!price: positive
but&mac&in&price: positive
DecisionTree learned:
!but&!great&!easy&!movie: negative
!but&!great&!easy&movie: neutral
!but&!great&easy&!go: positive
!but&!great&easy&go: neutral
!but&great&!had&!lack: positive
!but&great&!had&lack: negative
!but&great&had&!performance: negative
!but&great&had&performance: positive
but&!mac&!got&!so: negative
but&!mac&!got&so: conflict
but&!mac&got&!so: negative
but&!mac&got&so: positive
but&mac&!office&!it: positive
but&mac&!office&it: neutral
but&mac&office: neutral
DecisionTree learned:
!but&!great&!and&!awesome: negative
!but&!great&!and&awesome: positive
!but&!great&and&!i: positive
!but&!great&and&i: neutral
!but&great&!had&!lack: positive
!but&great&!had&lack: negative
!but&great&had&!performance: negative
!but&great&had&performance: positive
but&!this&!so&!in: negative
but&!this&!so&in: positive
but&!this&so&!old: neutral
but&!this&so&old: positive
but&this&!because&!the: neutral
but&this&!because&the: negative
but&this&because&!browsers: neutral
but&this&because&browsers: positive
DecisionTree learned:
!but&!not&!for&!good: positive
!but&!not&!for&good: positive
!but&!not&for&!keynote: positive
!but&!not&for&keynote: neutral
!but&not&!apple&!because: negative
!but&not&!apple&because: negative
!but&not&apple: positive
but&!mac&!this&!so: negative
but&!mac&!this&so: neutral
but&!mac&this&!know: negative
but&!mac&this&know: conflict
but&mac&!more&!performance: neutral
but&mac&!more&performance: positive
but&mac&more: positive
DecisionTree learned:
!but&!great&!love&!i: negative
!but&!great&!love&i: neutral
!but&!great&love&!size: positive
!but&!great&love&size: neutral
!but&great&!nearly&!features: positive
!but&great&!nearly&features: negative
!but&great&nearly&!in: neutral
!but&great&nearly&in: positive
but&!well&!got&!to: negative
but&!well&!got&to: neutral
but&!well&got: negative
but&well&!so&!is: positive
but&well&!so&is: positive
but&well&so&!the: neutral
but&well&so&the: neutral
DecisionTree learned:
!but&!easy&!fast&!movie: negative
!but&!easy&!fast&movie: neutral
!but&!easy&fast&!one: positive
!but&!easy&fast&one: neutral
!but&easy&!of&!it: positive
!but&easy&!of&it: positive
!but&easy&of&!for: positive
!but&easy&of&for: neutral
but&!mac&!this&!there: negative
but&!mac&!this&there: negative
but&!mac&this&!computer: negative
but&!mac&this&computer: negative
but&mac&!have&!office: positive
but&mac&!have&office: neutral
but&mac&have: negative
DecisionTree learned:
!but&!for&!awesome&!and: negative
!but&!for&!awesome&and: positive
!but&!for&awesome&!battery: positive
!but&!for&awesome&battery: positive
!but&for&!to&!not: positive
!but&for&!to&not: negative
!but&for&to&!perfect: neutral
!but&for&to&perfect: positive
but&!so&!got&!gb: negative
but&!so&!got&gb: neutral
but&!so&got: negative
but&so&!the&!vista: neutral
but&so&!the&vista: conflict
but&so&the&!for: positive
but&so&the&for: conflict
DecisionTree learned:
!but&!and&!not&!or: negative
!but&!and&!not&or: neutral
!but&!and&not&!much: negative
!but&!and&not&much: neutral
!but&and&!complain&!i: positive
!but&and&!complain&i: neutral
!but&and&complain: conflict
but&!mac&!this&!so: negative
but&!mac&!this&so: neutral
but&!mac&this&!x: negative
but&!mac&this&x: neutral
but&mac&!more&!office: positive
but&mac&!more&office: neutral
but&mac&more: positive
DecisionTree learned:
!but&!fast&!would&!months: positive
!but&!fast&!would&months: negative
!but&!fast&would&!their: negative
!but&!fast&would&their: neutral
!but&fast&!one&!feature: positive
!but&fast&!one&feature: neutral
!but&fast&one: neutral
but&!save&!think&!track: negative
but&!save&!think&track: neutral
but&!save&think&!on: negative
but&!save&think&on: neutral
but&save&!programs: neutral
but&save&programs&!office: positive
but&save&programs&office: neutral
DecisionTree learned:
!but&!for&!good&!much: negative
!but&!for&!good&much: positive
!but&!for&good&!it: positive
!but&!for&good&it: positive
!but&for&!office&!in: positive
!but&for&!office&in: negative
!but&for&office&!the: neutral
!but&for&office&the: neutral
but&!os&!yes&!like: negative
but&!os&!yes&like: positive
but&!os&yes&!and: conflict
but&!os&yes&and: positive
but&os: neutral
DecisionTree learned:
!but&!great&!complain&!much: negative
!but&!great&!complain&much: positive
!but&!great&complain&!and: positive
!but&!great&complain&and: conflict
!but&great&!had&!nearly: positive
!but&great&!had&nearly: neutral
!but&great&had&!quality: negative
!but&great&had&quality: positive
but&!think&!got&!mac: negative
but&!think&!got&mac: positive
but&!think&got&!so: negative
but&!think&got&so: positive
but&think&!on: negative
but&think&on: neutral
DecisionTree learned:
!but&!very&!then&!complain: negative
!but&!very&!then&complain: conflict
!but&!very&then&!inside: negative
!but&!very&then&inside: neutral
!but&very&!some&!processor: positive
!but&very&!some&processor: neutral
!but&very&some: conflict
but&!did&!mac&!there: positive
but&!did&!mac&there: negative
but&!did&mac&!have: positive
but&!did&mac&have: negative
but&did&!in&!with: conflict
but&did&!in&with: neutral
but&did&in&!me: neutral
but&did&in&me: negative
DecisionTree learned:
!but&!good&!for&!much: negative
!but&!good&!for&much: positive
!but&!good&for&!so: neutral
!but&!good&for&so: negative
!but&good&!at&!included: positive
!but&good&!at&included: neutral
!but&good&at&!support: positive
!but&good&at&support: neutral
but&!yes&!the&!be: conflict
but&!yes&!the&be: negative
but&!yes&the&!hard: negative
but&!yes&the&hard: neutral
but&yes&!and: conflict
but&yes&and&!quality: positive
but&yes&and&quality: positive
DecisionTree learned:
!but&!fast&!love&!had: positive
!but&!fast&!love&had: negative
!but&!fast&love&!size: positive
!but&!fast&love&size: neutral
!but&fast&!feature&!one: positive
!but&fast&!feature&one: neutral
!but&fast&feature&!charge: neutral
!but&fast&feature&charge: positive
but&!this&!so&!difference: negative
but&!this&!so&difference: neutral
but&!this&so&!the: neutral
but&!this&so&the: conflict
but&this&!computer&!has: neutral
but&this&!computer&has: negative
but&this&computer&!that: negative
but&this&computer&that: conflict
DecisionTree learned:
!but&!movie&!uses&!very: negative
!but&!movie&!uses&very: positive
!but&!movie&uses&!of: neutral
!but&!movie&uses&of: conflict
!but&movie&!gaming: neutral
!but&movie&gaming&!life: positive
!but&movie&gaming&life: neutral
but&!well&!standard&!nothing: negative
but&!well&!standard&nothing: negative
but&!well&standard: conflict
but&well&!so&!is: positive
but&well&!so&is: conflict
but&well&so&!love: neutral
but&well&so&love: positive
DecisionTree learned:
!but&!for&!pc&!good: negative
!but&!for&!pc&good: positive
!but&!for&pc&!and: conflict
!but&!for&pc&and: positive
!but&for&!so&!desktop: neutral
!but&for&!so&desktop: conflict
!but&for&so&!laptop: positive
!but&for&so&laptop: conflict
but&!did&!mac&!the: conflict
but&!did&!mac&the: negative
but&!did&mac&!had: neutral
but&!did&mac&had: positive
but&did&!in&!with: conflict
but&did&!in&with: neutral
but&did&in&!me: neutral
but&did&in&me: negative
DecisionTree learned:
!but&!pc&!not&!for: positive
!but&!pc&!not&for: positive
!but&!pc&not&!other: negative
!but&!pc&not&other: conflict
!but&pc&!users&!much: positive
!but&pc&!users&much: conflict
!but&pc&users: neutral
but&!mac&!there&!on: positive
but&!mac&!there&on: neutral
but&!mac&there&!to: negative
but&!mac&there&to: neutral
but&mac&!it&!office: positive
but&mac&!it&office: neutral
but&mac&it&!the: positive
but&mac&it&the: neutral
DecisionTree learned:
!but&!would&!complain&!and: negative
!but&!would&!complain&and: positive
!but&!would&complain&!and: positive
!but&!would&complain&and: conflict
!but&would&!buy&!my: negative
!but&would&!buy&my: neutral
!but&would&buy&!much: neutral
!but&would&buy&much: negative
but&!laptops&!size&!os: negative
but&!laptops&!size&os: neutral
but&!laptops&size: neutral
but&laptops&!use&!look: positive
but&laptops&!use&look: neutral
but&laptops&use&!pricetag: conflict
but&laptops&use&pricetag: positive
DecisionTree learned:
!but&!great&!after&!i: positive
!but&!great&!after&i: neutral
!but&!great&after&!with: negative
!but&!great&after&with: negative
!but&great&!works&!putting: positive
!but&great&!works&putting: neutral
!but&great&works&!in: neutral
!but&great&works&in: positive
but&!this&!so&!difference: negative
but&!this&!so&difference: neutral
but&!this&so&!it: neutral
but&!this&so&it: conflict
but&this&!know&!x: negative
but&this&!know&x: neutral
but&this&know: conflict
DecisionTree learned:
!but&!easy&!fast&!love: negative
!but&!easy&!fast&love: positive
!but&!easy&fast&!one: positive
!but&!easy&fast&one: neutral
!but&easy&!operate&!go: positive
!but&easy&!operate&go: neutral
!but&easy&operate: neutral
but&!new&!difference&!i: conflict
but&!new&!difference&i: negative
but&!new&difference&!navigation: neutral
but&!new&difference&navigation: positive
but&new&!vista&!browsers: neutral
but&new&!vista&browsers: positive
but&new&vista: conflict
DecisionTree learned:
!but&!for&!after&!pc: positive
!but&!for&!after&pc: positive
!but&!for&after&!with: negative
!but&!for&after&with: negative
!but&for&!so&!in: neutral
!but&for&!so&in: negative
!but&for&so&!laptop: negative
!but&for&so&laptop: conflict
but&!gb&!difference&!i: conflict
but&!gb&!difference&i: positive
but&!gb&difference&!navigation: neutral
but&!gb&difference&navigation: positive
but&gb&!space&!just: positive
but&gb&!space&just: neutral
but&gb&space: neutral
DecisionTree learned:
!but&!had&!great&!much: positive
!but&!had&!great&much: positive
!but&!had&great&!works: positive
!but&!had&great&works: neutral
!but&had&!a&!set: negative
!but&had&!a&set: positive
!but&had&a&!lot: neutral
!but&had&a&lot: positive
but&!mac&!another&!size: negative
but&!mac&!another&size: neutral
but&!mac&another&!the: neutral
but&!mac&another&the: positive
but&mac&!more&!very: neutral
but&mac&!more&very: positive
but&mac&more: positive
DecisionTree learned:
!but&!uses&!very&!after: positive
!but&!uses&!very&after: negative
!but&!uses&very&!processor: positive
!but&!uses&very&processor: neutral
!but&uses&!of: neutral
!but&uses&of: conflict
but&!i&!mac&!to: conflict
but&!i&!mac&to: neutral
but&!i&mac&!you: positive
but&!i&mac&you: neutral
but&i&!which&!on: negative
but&i&!which&on: neutral
but&i&which&!word: conflict
but&i&which&word: positive
DecisionTree learned:
!but&!after&!for&!pc: positive
!but&!after&!for&pc: positive
!but&!after&for&!so: neutral
!but&!after&for&so: negative
!but&after&!with&!doing: negative
!but&after&!with&doing: positive
!but&after&with&!i: negative
!but&after&with&i: positive
but&!yes&!like&!laptops: negative
but&!yes&!like&laptops: positive
but&!yes&like&!called: positive
but&!yes&like&called: neutral
but&yes&!cost&!it: positive
but&yes&!cost&it: conflict
but&yes&cost: positive
DecisionTree learned:
!but&!much&!is&!for: negative
!but&!much&!is&for: neutral
!but&!much&is&!not: positive
!but&!much&is&not: negative
!but&much&!i&!pc: positive
!but&much&!i&pc: conflict
!but&much&i&!it: neutral
!but&much&i&it: conflict
but&!this&!so&!size: positive
but&!this&!so&size: neutral
but&!this&so&!laptop: conflict
but&!this&so&laptop: neutral
but&this&!know&!has: positive
but&this&!know&has: negative
but&this&know: conflict
DecisionTree learned:
!but&!much&!get&!and: negative
!but&!much&!get&and: positive
!but&!much&get&!am: negative
!but&!much&get&am: conflict
!but&much&!i&!out: positive
!but&much&!i&out: negative
!but&much&i&!up: neutral
!but&much&i&up: conflict
but&!this&!so&!two: negative
but&!this&!so&two: conflict
but&!this&so&!old: neutral
but&!this&so&old: positive
but&this&!ever&!has: positive
but&this&!ever&has: negative
but&this&ever&!is: negative
but&this&ever&is: conflict
DecisionTree learned:
!but&!complain&!and&!not: negative
!but&!complain&!and&not: negative
!but&!complain&and&!sol: positive
!but&!complain&and&sol: conflict
!but&complain&!and: positive
!but&complain&and: conflict
but&!size&!this&!so: negative
but&!size&!this&so: neutral
but&!size&this&!ever: positive
but&!size&this&ever: negative
but&size: neutral
DecisionTree learned:
!but&!requires&!for&!pc: negative
!but&!requires&!for&pc: positive
!but&!requires&for&!so: neutral
!but&!requires&for&so: conflict
!but&requires: conflict
but&!this&!so&!outside: negative
but&!this&!so&outside: neutral
but&!this&so&!it: neutral
but&!this&so&it: conflict
but&this&!know&!has: positive
but&this&!know&has: negative
but&this&know: conflict
DecisionTree learned:
!but&!pc&!for&!requires: negative
!but&!pc&!for&requires: conflict
!but&!pc&for&!office: positive
!but&!pc&for&office: neutral
!but&pc&!users&!and: positive
!but&pc&!users&and: positive
!but&pc&users: neutral
but&!did&!difference&!gb: negative
but&!did&!difference&gb: neutral
but&!did&difference&!navigation: neutral
but&!did&difference&navigation: positive
but&did&!have&!time: neutral
but&did&!have&time: negative
but&did&have: conflict
DecisionTree learned:
!but&!after&!for&!laptops: negative
!but&!after&!for&laptops: conflict
!but&!after&for&!so: neutral
!but&!after&for&so: conflict
!but&after&!with&!doing: neutral
!but&after&!with&doing: positive
!but&after&with&!i: negative
!but&after&with&i: positive
but&!think&!this&!so: positive
but&!think&!this&so: neutral
but&!think&this&!know: negative
but&!think&this&know: conflict
but&think&!on: negative
but&think&on: neutral
DecisionTree learned:
!but&!back&!for&!get: negative
!but&!back&!for&get: negative
!but&!back&for&!so: neutral
!but&!back&for&so: negative
!but&back&!a&!and: negative
!but&back&!a&and: neutral
!but&back&a&!about: negative
!but&back&a&about: negative
but&!yes&!they&!up: positive
but&!yes&!they&up: negative
but&!yes&they&!warranty: negative
but&!yes&they&warranty: neutral
but&yes&!and: conflict
but&yes&and&!quality: positive
but&yes&and&quality: positive
DecisionTree learned:
!but&!much&!cell&!requires: negative
!but&!much&!cell&requires: conflict
!but&!much&cell: conflict
!but&much&!of&!laptops: positive
!but&much&!of&laptops: conflict
!but&much&of&!not: negative
!but&much&of&not: neutral
but&!this&!hard&!outside: positive
but&!this&!hard&outside: neutral
but&!this&hard&!it: neutral
but&!this&hard&it: conflict
but&this&!ever&!has: positive
but&this&!ever&has: negative
but&this&ever&!is: negative
but&this&ever&is: conflict
DecisionTree learned:
!but&!uses&!complain&!and: negative
!but&!uses&!complain&and: positive
!but&!uses&complain&!and: positive
!but&!uses&complain&and: conflict
!but&uses&!of: neutral
!but&uses&of: conflict
but&!be&!if&!did: positive
but&!be&!if&did: neutral
but&!be&if&!to: negative
but&!be&if&to: neutral
but&be&!video&!which: negative
but&be&!video&which: positive
but&be&video: conflict
DecisionTree learned:
!but&!would&!very&!complain: positive
!but&!would&!very&complain: conflict
!but&!would&very&!some: positive
!but&!would&very&some: conflict
!but&would&!i&!not: negative
!but&would&!i&not: neutral
!but&would&i&!or: negative
!but&would&i&or: neutral
but&!think&!mac&!this: negative
but&!think&!mac&this: positive
but&!think&mac&!office: positive
but&!think&mac&office: neutral
but&think&!on: negative
but&think&on: neutral
DecisionTree learned:
!but&!generally&!much&!get: positive
!but&!generally&!much&get: negative
!but&!generally&much&!i: positive
!but&!generally&much&i: neutral
!but&generally&!keyboard: conflict
!but&generally&keyboard: neutral
but&!this&!mac&!size: negative
but&!this&!mac&size: neutral
but&!this&mac&!it: positive
but&!this&mac&it: neutral
but&this&!have&!to: positive
but&this&!have&to: neutral
but&this&have&!with: positive
but&this&have&with: negative
DecisionTree learned:
!but&!complain&!and&!laptops: negative
!but&!complain&!and&laptops: conflict
!but&!complain&and&!i: positive
!but&!complain&and&i: neutral
!but&complain&!and: positive
!but&complain&and: conflict
but&!think&!new&!size: positive
but&!think&!new&size: neutral
but&!think&new&!vista: neutral
but&!think&new&vista: conflict
but&think&!on: negative
but&think&on: neutral
DecisionTree learned:
!but&!requires&!bars&!much: negative
!but&!requires&!bars&much: positive
!but&!requires&bars: conflict
!but&requires: conflict
but&!difference&!i&!mac: conflict
but&!difference&!i&mac: positive
but&!difference&i&!which: positive
but&!difference&i&which: conflict
but&difference&!navigation: neutral
but&difference&navigation: positive
DecisionTree learned:
!but&!cell&!complain&!and: negative
!but&!cell&!complain&and: positive
!but&!cell&complain&!and: positive
!but&!cell&complain&and: conflict
!but&cell: conflict
but&!there&!like&!back: positive
but&!there&!like&back: negative
but&!there&like&!in: negative
but&!there&like&in: positive
but&there&!to&!much: negative
but&there&!to&much: positive
but&there&to&!drivers: neutral
but&there&to&drivers: negative
DecisionTree learned:
!but&!not&!for&!bars: positive
!but&!not&!for&bars: conflict
!but&!not&for&!so: neutral
!but&!not&for&so: conflict
!but&not&!through&!apple: negative
!but&not&!through&apple: positive
!but&not&through&!feature: neutral
!but&not&through&feature: positive
but&!this&!so&!hard: negative
but&!this&!so&hard: neutral
but&!this&so&!old: neutral
but&!this&so&old: positive
but&this&!ever&!browsers: neutral
but&this&!ever&browsers: positive
but&this&ever&!is: negative
but&this&ever&is: conflict
DecisionTree learned:
!but&!and&!laptops&!is: negative
!but&!and&!laptops&is: negative
!but&!and&laptops&!much: negative
!but&!and&laptops&much: conflict
!but&and&!complain&!i: positive
!but&and&!complain&i: neutral
!but&and&complain: conflict
but&!this&!so&!in: negative
but&!this&!so&in: positive
but&!this&so&!it: neutral
but&!this&so&it: conflict
but&this&!have&!to: positive
but&this&!have&to: neutral
but&this&have&!with: positive
but&this&have&with: negative
DecisionTree learned:
!but&!much&!is&!love: neutral
!but&!much&!is&love: positive
!but&!much&is&!not: positive
!but&!much&is&not: negative
!but&much&!i&!out: positive
!but&much&!i&out: conflict
!but&much&i&!up: neutral
!but&much&i&up: conflict
but&!this&!outside&!size: negative
but&!this&!outside&size: neutral
but&!this&outside&!windows: neutral
but&!this&outside&windows: positive
but&this&!have&!to: positive
but&this&!have&to: neutral
but&this&have&!know: negative
but&this&have&know: conflict
DecisionTree learned:
!but&!for&!laptops&!get: negative
!but&!for&!laptops&get: negative
!but&!for&laptops&!it: negative
!but&!for&laptops&it: conflict
!but&for&!so&!cell: neutral
!but&for&!so&cell: conflict
!but&for&so&!laptop: negative
!but&for&so&laptop: conflict
but&!this&!difference&!hard: positive
but&!this&!difference&hard: neutral
but&!this&difference&!navigation: neutral
but&!this&difference&navigation: positive
but&this&!know&!x: negative
but&this&!know&x: neutral
but&this&know: conflict
DecisionTree learned:
!but&!cell&!requires&!uses: positive
!but&!cell&!requires&uses: neutral
!but&!cell&requires: conflict
!but&cell: conflict
but&!new&!in&!size: negative
but&!new&!in&size: neutral
but&!new&in&!n: positive
but&!new&in&n: negative
but&new&!st&!vista: neutral
but&new&!st&vista: conflict
but&new&st: negative
DecisionTree learned:
!but&!much&!for&!requires: negative
!but&!much&!for&requires: conflict
!but&!much&for&!desktop: neutral
!but&!much&for&desktop: conflict
!but&much&!laptops&!out: positive
!but&much&!laptops&out: negative
!but&much&laptops&!and: conflict
!but&much&laptops&and: neutral
but&!this&!so&!and: negative
but&!this&!so&and: positive
but&!this&so&!old: neutral
but&!this&so&old: positive
but&this&!know&!with: positive
but&this&!know&with: negative
but&this&know: conflict
DecisionTree learned:
!but&!cell&!bars&!long: negative
!but&!cell&!bars&long: positive
!but&!cell&bars: conflict
!but&cell: conflict
but&!if&!gb&!mac: negative
but&!if&!gb&mac: positive
but&!if&gb&!space: neutral
but&!if&gb&space: neutral
but&if&!to&!i: negative
but&if&!to&i: positive
but&if&to: neutral
DecisionTree learned:
!but&!uses&!great&!long: negative
!but&!uses&!great&long: positive
!but&!uses&great&!for: positive
!but&!uses&great&for: positive
!but&uses&!of: neutral
!but&uses&of: conflict
but&!this&!difference&!mac: negative
but&!this&!difference&mac: neutral
but&!this&difference&!navigation: neutral
but&!this&difference&navigation: positive
but&this&!have&!to: positive
but&this&!have&to: neutral
but&this&have&!with: positive
but&this&have&with: negative
DecisionTree learned:
!but&!cell&!requires&!my: negative
!but&!cell&!requires&my: neutral
!but&!cell&requires: conflict
!but&cell: conflict
but&!this&!any&!so: negative
but&!this&!any&so: conflict
but&!this&any&!media: neutral
but&!this&any&media: positive
but&this&!know&!has: positive
but&this&!know&has: negative
but&this&know: conflict
DecisionTree learned:
!but&!had&!requires&!for: positive
!but&!had&!requires&for: neutral
!but&!had&requires: conflict
!but&had&!a&!set: negative
!but&had&!a&set: positive
!but&had&a&!it: negative
!but&had&a&it: neutral
but&!this&!so&!hard: negative
but&!this&!so&hard: neutral
but&!this&so&!it: neutral
but&!this&so&it: conflict
but&this&!have&!to: positive
but&this&!have&to: neutral
but&this&have&!with: positive
but&this&have&with: negative
DecisionTree learned:
!but&!after&!uses&!long: positive
!but&!after&!uses&long: positive
!but&!after&uses&!of: neutral
!but&!after&uses&of: conflict
!but&after&!with&!doing: negative
!but&after&!with&doing: positive
!but&after&with&!i: negative
!but&after&with&i: positive
but&!this&!machine&!mac: negative
but&!this&!machine&mac: neutral
but&!this&machine: positive
but&this&!have&!am: neutral
but&this&!have&am: positive
but&this&have&!with: positive
but&this&have&with: negative
DecisionTree learned:
!but&!amazing&!generally&!pc: negative
!but&!amazing&!generally&pc: positive
!but&!amazing&generally&!keyboard: conflict
!but&!amazing&generally&keyboard: neutral
!but&amazing: positive
but&!yes&!new&!price: negative
but&!yes&!new&price: neutral
but&!yes&new&!an: positive
but&!yes&new&an: neutral
but&yes&!cost&!it: positive
but&yes&!cost&it: conflict
but&yes&cost: positive
DecisionTree learned:
!but&!bars&!for&!laptops: negative
!but&!bars&!for&laptops: conflict
!but&!bars&for&!so: neutral
!but&!bars&for&so: conflict
!but&bars: conflict
but&!this&!mac&!better: positive
but&!this&!mac&better: conflict
but&!this&mac&!have: positive
but&!this&mac&have: negative
but&this&!x&!that: positive
but&this&!x&that: neutral
but&this&x: neutral
DecisionTree learned:
!but&!requires&!much&!for: negative
!but&!requires&!much&for: neutral
!but&!requires&much&!i: positive
!but&!requires&much&i: neutral
!but&requires: conflict
but&!this&!if&!size: positive
but&!this&!if&size: neutral
but&!this&if&!to: negative
but&!this&if&to: neutral
but&this&!has&!with: positive
but&this&!has&with: negative
but&this&has&!warranty: negative
but&this&has&warranty: negative
DecisionTree learned:
!but&!complain&!and&!to: positive
!but&!complain&!and&to: negative
!but&!complain&and&!i: positive
!but&!complain&and&i: neutral
!but&complain&!and: positive
!but&complain&and: conflict
but&!this&!has&!more: negative
but&!this&!has&more: positive
but&!this&has&!it: positive
but&!this&has&it: conflict
but&this&!have&!the: neutral
but&this&!have&the: negative
but&this&have&!need: negative
but&this&have&need: positive
DecisionTree learned:
!but&!much&!generally&!easy: negative
!but&!much&!generally&easy: positive
!but&!much&generally&!keyboard: conflict
!but&!much&generally&keyboard: neutral
!but&much&!of&!laptops: positive
!but&much&!of&laptops: conflict
!but&much&of&!not: negative
!but&much&of&not: neutral
but&!this&!mac&!better: negative
but&!this&!mac&better: conflict
but&!this&mac&!have: positive
but&!this&mac&have: negative
but&this&!know&!with: positive
but&this&!know&with: negative
but&this&know: conflict
DecisionTree learned:
!but&!for&!laptops&!bars: negative
!but&!for&!laptops&bars: conflict
!but&!for&laptops&!much: neutral
!but&!for&laptops&much: conflict
!but&for&!so&!to: positive
!but&for&!so&to: neutral
!but&for&so&!laptop: negative
!but&for&so&laptop: conflict
but&!the&!it&!i: conflict
but&!the&!it&i: neutral
but&!the&it&!new: conflict
but&!the&it&new: neutral
but&the&!hard&!be: positive
but&the&!hard&be: negative
but&the&hard&!they: neutral
but&the&hard&they: negative
DecisionTree learned:
!but&!complain&!and&!bars: negative
!but&!complain&!and&bars: conflict
!but&!complain&and&!sol: positive
!but&!complain&and&sol: conflict
!but&complain&!and: positive
!but&complain&and: conflict
but&!yes&!the&!it: neutral
but&!yes&!the&it: conflict
but&!yes&the&!difference: negative
but&!yes&the&difference: neutral
but&yes&!cost&!it: positive
but&yes&!cost&it: conflict
but&yes&cost: positive
DecisionTree learned:
!but&!complain&!requires&!for: negative
!but&!complain&!requires&for: neutral
!but&!complain&requires: conflict
!but&complain&!and: positive
!but&complain&and: conflict
but&!new&!i&!another: conflict
but&!new&!i&another: neutral
but&!new&i&!which: negative
but&!new&i&which: conflict
but&new&!when&!some: neutral
but&new&!when&some: positive
but&new&when&!windows: negative
but&new&when&windows: neutral
DecisionTree learned:
!but&!requires&!though&!cell: positive
!but&!requires&!though&cell: conflict
!but&!requires&though&!would: conflict
!but&!requires&though&would: negative
!but&requires: conflict
but&!outside&!size&!difference: negative
but&!outside&!size&difference: neutral
but&!outside&size: neutral
but&outside&!windows: neutral
but&outside&windows&!software: negative
but&outside&windows&software: positive
DecisionTree learned:
!but&!complain&!and&!though: negative
!but&!complain&!and&though: conflict
!but&!complain&and&!sol: positive
!but&!complain&and&sol: conflict
!but&complain&!and: positive
!but&complain&and: conflict
but&!this&!difference&!new: conflict
but&!this&!difference&new: neutral
but&!this&difference&!navigation: neutral
but&!this&difference&navigation: positive
but&this&!x&!warranty: negative
but&this&!x&warranty: neutral
but&this&x: neutral
DecisionTree learned:
!but&!bars&!for&!they: positive
!but&!bars&!for&they: neutral
!but&!bars&for&!programs: positive
!but&!bars&for&programs: neutral
!but&bars: conflict
but&!if&!this&!so: negative
but&!if&!this&so: neutral
but&!if&this&!know: negative
but&!if&this&know: conflict
but&if&!to&!i: negative
but&if&!to&i: positive
but&if&to: neutral
DecisionTree learned:
!but&!cell&!uses&!much: positive
!but&!cell&!uses&much: positive
!but&!cell&uses&!of: neutral
!but&!cell&uses&of: conflict
!but&cell: conflict
but&!this&!so&!that: negative
but&!this&!so&that: conflict
but&!this&so&!it: neutral
but&!this&so&it: conflict
but&this&!know&!has: positive
but&this&!know&has: negative
but&this&know: conflict
DecisionTree learned:
!but&!much&!generally&!cell: negative
!but&!much&!generally&cell: conflict
!but&!much&generally&!keyboard: conflict
!but&!much&generally&keyboard: neutral
!but&much&!of&!laptops: positive
!but&much&!of&laptops: conflict
!but&much&of&!the: negative
!but&much&of&the: neutral
but&!this&!so&!hard: negative
but&!this&!so&hard: neutral
but&!this&so&!laptop: conflict
but&!this&so&laptop: neutral
but&this&!have&!to: negative
but&this&!have&to: neutral
but&this&have&!with: positive
but&this&have&with: negative
DecisionTree learned:
!but&!cell&!much&!generally: negative
!but&!cell&!much&generally: conflict
!but&!cell&much&!laptops: positive
!but&!cell&much&laptops: conflict
!but&cell: conflict
but&!this&!machine&!most: negative
but&!this&!machine&most: positive
but&!this&machine: positive
but&this&!have&!to: negative
but&this&!have&to: neutral
but&this&have&!with: positive
but&this&have&with: negative
DecisionTree learned:
!but&!uses&!cell&!pc: negative
!but&!uses&!cell&pc: positive
!but&!uses&cell: conflict
!but&uses&!of: neutral
!but&uses&of: conflict
but&!this&!the&!laptop: conflict
but&!this&!the&laptop: neutral
but&!this&the&!hard: positive
but&!this&the&hard: neutral
but&this&!have&!to: neutral
but&this&!have&to: neutral
but&this&have&!know: negative
but&this&have&know: conflict
DecisionTree learned:
!but&!complain&!and&!cell: negative
!but&!complain&!and&cell: conflict
!but&!complain&and&!were: positive
!but&!complain&and&were: negative
!but&complain&!and: positive
!but&complain&and: conflict
but&!this&!mac&!better: negative
but&!this&!mac&better: conflict
but&!this&mac&!it: positive
but&!this&mac&it: neutral
but&this&!with&!has: positive
but&this&!with&has: negative
but&this&with&!for: negative
but&this&with&for: neutral
DecisionTree learned:
!but&!complain&!after&!and: negative
!but&!complain&!after&and: positive
!but&!complain&after&!laptops: negative
!but&!complain&after&laptops: positive
!but&complain&!and: positive
!but&complain&and: conflict
but&!new&!more&!the: conflict
but&!new&!more&the: negative
but&!new&more&!keyboard: positive
but&!new&more&keyboard: negative
but&new&!when&!space: positive
but&new&!when&space: neutral
but&new&when&!vista: neutral
but&new&when&vista: conflict
DecisionTree learned:
!but&!amazing&!long&!much: negative
!but&!amazing&!long&much: positive
!but&!amazing&long&!though: positive
!but&!amazing&long&though: conflict
!but&amazing: positive
but&!once&!the&!be: conflict
but&!once&!the&be: negative
but&!once&the&!on: positive
but&!once&the&on: neutral
but&once&!quality&!always: conflict
but&once&!quality&always: negative
but&once&quality: negative
DecisionTree learned:
!but&!acceptable&!cell&!generally: negative
!but&!acceptable&!cell&generally: conflict
!but&!acceptable&cell: conflict
!but&acceptable: conflict
but&!this&!so&!difference: negative
but&!this&!so&difference: neutral
but&!this&so&!it: neutral
but&!this&so&it: conflict
but&this&!have&!to: positive
but&this&!have&to: neutral
but&this&have&!it: positive
but&this&have&it: negative
DecisionTree learned:
!but&!bars&!requires&!much: negative
!but&!bars&!requires&much: positive
!but&!bars&requires: conflict
!but&bars: conflict
but&!mac&!this&!better: negative
but&!mac&!this&better: conflict
but&!mac&this&!know: positive
but&!mac&this&know: conflict
but&mac&!have&!performance: neutral
but&mac&!have&performance: positive
but&mac&have: negative
DecisionTree learned:
!but&!generally&!long&!complain: negative
!but&!generally&!long&complain: conflict
!but&!generally&long&!though: positive
!but&!generally&long&though: conflict
!but&generally&!keyboard: conflict
!but&generally&keyboard: neutral
but&!standard&!this&!has: negative
but&!standard&!this&has: positive
but&!standard&this&!have: neutral
but&!standard&this&have: positive
but&standard: conflict
DecisionTree learned:
!but&!requires&!pc&!for: negative
!but&!requires&!pc&for: neutral
!but&!requires&pc&!users: positive
!but&!requires&pc&users: neutral
!but&requires: conflict
but&!did&!size&!if: positive
but&!did&!size&if: neutral
but&!did&size: neutral
but&did&!me&!of: neutral
but&did&!me&of: neutral
but&did&me: negative
DecisionTree learned:
!but&!cell&!generally&!much: negative
!but&!cell&!generally&much: positive
!but&!cell&generally&!keyboard: conflict
!but&!cell&generally&keyboard: neutral
!but&cell: conflict
but&!did&!mac&!hard: positive
but&!did&!mac&hard: neutral
but&!did&mac&!have: neutral
but&!did&mac&have: negative
but&did&!windows&!they: neutral
but&did&!windows&they: negative
but&did&windows&!software: negative
but&did&windows&software: positive
DecisionTree learned:
!but&!generally&!though&!requires: negative
!but&!generally&!though&requires: conflict
!but&!generally&though&!would: conflict
!but&!generally&though&would: negative
!but&generally&!keyboard: conflict
!but&generally&keyboard: neutral
but&!mac&!if&!size: positive
but&!mac&!if&size: neutral
but&!mac&if&!to: negative
but&!mac&if&to: neutral
but&mac&!very&!had: neutral
but&mac&!very&had: positive
but&mac&very: positive
DecisionTree learned:
!but&!ease&!cell&!much: negative
!but&!ease&!cell&much: positive
!but&!ease&cell: conflict
!but&ease: positive
but&!this&!two&!and: conflict
but&!this&!two&and: positive
but&!this&two: conflict
but&this&!x&!warranty: negative
but&this&!x&warranty: neutral
but&this&x: neutral
DecisionTree learned:
!but&!much&!bars&!for: negative
!but&!much&!bars&for: neutral
!but&!much&bars: conflict
!but&much&!of&!that: positive
!but&much&!of&that: conflict
!but&much&of&!not: negative
!but&much&of&not: neutral
but&!this&!has&!mac: negative
but&!this&!has&mac: neutral
but&!this&has&!it: positive
but&!this&has&it: conflict
but&this&!warranty&!they: positive
but&this&!warranty&they: negative
but&this&warranty&!is: neutral
but&this&warranty&is: negative
DecisionTree learned:
!but&!complain&!cell&!requires: positive
!but&!complain&!cell&requires: conflict
!but&!complain&cell: conflict
!but&complain&!and: positive
!but&complain&and: conflict
but&!if&!difference&!this: conflict
but&!if&!difference&this: positive
but&!if&difference&!navigation: neutral
but&!if&difference&navigation: positive
but&if&!to&!i: negative
but&if&!to&i: positive
but&if&to: neutral
DecisionTree learned:
!but&!long&!bars&!complain: negative
!but&!long&!bars&complain: conflict
!but&!long&bars: conflict
!but&long&!though&!will: positive
!but&long&!though&will: negative
!but&long&though: conflict
but&!this&!so&!that: negative
but&!this&!so&that: positive
but&!this&so&!old: neutral
but&!this&so&old: positive
but&this&!has&!with: positive
but&this&!has&with: negative
but&this&has&!toshiba: negative
but&this&has&toshiba: neutral
DecisionTree learned:
!but&!bars&!amazing&!for: negative
!but&!bars&!amazing&for: neutral
!but&!bars&amazing: positive
!but&bars: conflict
but&!this&!so&!track: negative
but&!this&!so&track: neutral
but&!this&so&!old: neutral
but&!this&so&old: positive
but&this&!know&!ground: neutral
but&this&!know&ground: negative
but&this&know: conflict
DecisionTree learned:
!but&!much&!requires&!for: negative
!but&!much&!requires&for: neutral
!but&!much&requires: conflict
!but&much&!of&!that: positive
!but&much&!of&that: conflict
!but&much&of&!not: negative
!but&much&of&not: neutral
but&!so&!think&!repair: positive
but&!so&!think&repair: negative
but&!so&think&!on: negative
but&!so&think&on: neutral
but&so&!fairly&!computer: neutral
but&so&!fairly&computer: positive
but&so&fairly: conflict
DecisionTree learned:
!but&!generally&!complain&!long: negative
!but&!generally&!complain&long: positive
!but&!generally&complain&!and: positive
!but&!generally&complain&and: conflict
!but&generally&!keyboard: conflict
!but&generally&keyboard: neutral
but&!this&!hard&!laptop: conflict
but&!this&!hard&laptop: neutral
but&!this&hard&!it: neutral
but&!this&hard&it: positive
but&this&!has&!with: positive
but&this&!has&with: negative
but&this&has&!warranty: negative
but&this&has&warranty: neutral
DecisionTree learned:
!but&!uses&!generally&!much: negative
!but&!uses&!generally&much: positive
!but&!uses&generally&!keyboard: conflict
!but&!uses&generally&keyboard: neutral
!but&uses&!of: neutral
!but&uses&of: conflict
but&!this&!which&!hard: conflict
but&!this&!which&hard: neutral
but&!this&which&!and: conflict
but&!this&which&and: positive
but&this&!ever&!x: positive
but&this&!ever&x: neutral
but&this&ever&!is: negative
but&this&ever&is: conflict
DecisionTree learned:
!but&!bars&!amazing&!after: positive
!but&!bars&!amazing&after: negative
!but&!bars&amazing: positive
!but&bars: conflict
but&!this&!outside&!was: positive
but&!this&!outside&was: negative
but&!this&outside&!windows: neutral
but&!this&outside&windows: negative
but&this&!know&!warranty: negative
but&this&!know&warranty: neutral
but&this&know: conflict
DecisionTree learned:
!but&!generally&!much&!to: positive
!but&!generally&!much&to: negative
!but&!generally&much&!i: positive
!but&!generally&much&i: neutral
!but&generally&!keyboard: conflict
!but&generally&keyboard: neutral
but&!this&!has&!and: conflict
but&!this&!has&and: positive
but&!this&has&!it: neutral
but&!this&has&it: conflict
but&this&!know&!warranty: negative
but&this&!know&warranty: neutral
but&this&know: conflict
DecisionTree learned:
!but&!requires&!for&!pc: negative
!but&!requires&!for&pc: positive
!but&!requires&for&!so: neutral
!but&!requires&for&so: conflict
!but&requires: conflict
but&!mac&!this&!has: negative
but&!mac&!this&has: conflict
but&!mac&this&!ever: neutral
but&!mac&this&ever: negative
but&mac&!the&!and: negative
but&mac&!the&and: positive
but&mac&the&!more: neutral
but&mac&the&more: positive
DecisionTree learned:
!but&!much&!uses&!long: negative
!but&!much&!uses&long: positive
!but&!much&uses&!of: neutral
!but&!much&uses&of: conflict
!but&much&!laptops&!warranty: positive
!but&much&!laptops&warranty: conflict
!but&much&laptops&!and: conflict
!but&much&laptops&and: neutral
but&!huge&!i&!with: negative
but&!huge&!i&with: neutral
but&!huge&i&!which: positive
but&!huge&i&which: conflict
but&huge&!price&!is: positive
but&huge&!price&is: conflict
but&huge&price: positive
DecisionTree learned:
!but&!much&!generally&!complain: positive
!but&!much&!generally&complain: conflict
!but&!much&generally&!keyboard: conflict
!but&!much&generally&keyboard: neutral
!but&much&!i&!out: positive
!but&much&!i&out: conflict
!but&much&i&!it: neutral
!but&much&i&it: conflict
but&!track&!new&!if: negative
but&!track&!new&if: neutral
but&!track&new&!when: neutral
but&!track&new&when: negative
but&track: neutral
DecisionTree learned:
!but&!requires&!for&!bars: negative
!but&!requires&!for&bars: conflict
!but&!requires&for&!so: neutral
!but&!requires&for&so: conflict
!but&requires: conflict
but&!this&!so&!only: positive
but&!this&!so&only: conflict
but&!this&so&!laptop: conflict
but&!this&so&laptop: neutral
but&this&!have&!to: neutral
but&this&!have&to: neutral
but&this&have&!it: positive
but&this&have&it: negative
DecisionTree learned:
!but&!generally&!much&!complain: negative
!but&!generally&!much&complain: conflict
!but&!generally&much&!i: positive
!but&!generally&much&i: neutral
!but&generally&!keyboard: conflict
!but&generally&keyboard: neutral
but&!mac&!this&!outside: negative
but&!mac&!this&outside: neutral
but&!mac&this&!know: negative
but&!mac&this&know: conflict
but&mac&!it&!price: positive
but&mac&!it&price: neutral
but&mac&it&!the: positive
but&mac&it&the: neutral
DecisionTree learned:
!but&!after&!cell&!bars: positive
!but&!after&!cell&bars: conflict
!but&!after&cell: conflict
!but&after&!with&!just: neutral
!but&after&!with&just: negative
!but&after&with&!i: negative
!but&after&with&i: positive
but&!mac&!better&!difference: positive
but&!mac&!better&difference: neutral
but&!mac&better&!with: conflict
but&!mac&better&with: negative
but&mac&!have&!office: positive
but&mac&!have&office: neutral
but&mac&have: negative
DecisionTree learned:
!but&!complain&!requires&!much: negative
!but&!complain&!requires&much: positive
!but&!complain&requires: conflict
!but&complain&!and: positive
!but&complain&and: conflict
but&!this&!so&!in: negative
but&!this&!so&in: positive
but&!this&so&!laptop: conflict
but&!this&so&laptop: neutral
but&this&!ground&!has: neutral
but&this&!ground&has: negative
but&this&ground: negative
DecisionTree learned:
!but&!acceptable&!much&!generally: positive
!but&!acceptable&!much&generally: conflict
!but&!acceptable&much&!i: positive
!but&!acceptable&much&i: neutral
!but&acceptable: conflict
but&!the&!be&!it: conflict
but&!the&!be&it: conflict
but&!the&be&!more: negative
but&!the&be&more: positive
but&the&!hard&!did: positive
but&the&!hard&did: neutral
but&the&hard&!you: neutral
but&the&hard&you: positive
DecisionTree learned:
!but&!cell&!complain&!though: positive
!but&!cell&!complain&though: conflict
!but&!cell&complain: conflict
!but&cell: conflict
but&!standard&!mac&!another: negative
but&!standard&!mac&another: neutral
but&!standard&mac&!have: positive
but&!standard&mac&have: negative
but&standard: conflict
DecisionTree learned:
!but&!bars&!much&!for: negative
!but&!bars&!much&for: neutral
!but&!bars&much&!laptops: positive
!but&!bars&much&laptops: conflict
!but&bars: conflict
but&!outside&!this&!has: negative
but&!outside&!this&has: conflict
but&!outside&this&!with: positive
but&!outside&this&with: negative
but&outside&!windows: neutral
but&outside&windows&!software: negative
but&outside&windows&software: positive
DecisionTree learned:
!but&!complain&!much&!and: negative
!but&!complain&!much&and: positive
!but&!complain&much&!i: positive
!but&!complain&much&i: neutral
!but&complain&!and: positive
!but&complain&and: conflict
but&!gb&!the&!it: neutral
but&!gb&!the&it: conflict
but&!gb&the&!mac: negative
but&!gb&the&mac: neutral
but&gb&!space&!just: positive
but&gb&!space&just: neutral
but&gb&space: neutral
DecisionTree learned:
!but&!uses&!complain&!not: positive
!but&!uses&!complain&not: negative
!but&!uses&complain&!and: positive
!but&!uses&complain&and: conflict
!but&uses&!of: neutral
!but&uses&of: conflict
but&!this&!difference&!so: negative
but&!this&!difference&so: neutral
but&!this&difference&!navigation: neutral
but&!this&difference&navigation: positive
but&this&!have&!to: positive
but&this&!have&to: neutral
but&this&have&!need: negative
but&this&have&need: positive
DecisionTree learned:
!but&!bars&!much&!generally: positive
!but&!bars&!much&generally: conflict
!but&!bars&much&!laptops: positive
!but&!bars&much&laptops: conflict
!but&bars: conflict
but&!in&!for&!hard: conflict
but&!in&!for&hard: neutral
but&!in&for&!great: neutral
but&!in&for&great: conflict
but&in&!was&!n: neutral
but&in&!was&n: neutral
but&in&was&!like: negative
but&in&was&like: positive
Trial 0 Training cc.mallet.classify.AdaBoostM2Trainer@11bbf1ca finished
Trial 0 Trainer cc.mallet.classify.AdaBoostM2Trainer@11bbf1ca test data accuracy = 0.5436105476673428

NaiveBayesTrainer
Summary. test accuracy mean = 0.640973630831643 stddev = 0.0 stderr = 0.0

MaxEntTrainer,gaussianPriorVariance=1.0
Summary. test accuracy mean = 0.6085192697768763 stddev = 0.0 stderr = 0.0

cc.mallet.classify.DecisionTreeTrainer@266bade9
Summary. test accuracy mean = 0.513184584178499 stddev = 0.0 stderr = 0.0

cc.mallet.classify.AdaBoostM2Trainer@11bbf1ca
Summary. test accuracy mean = 0.5436105476673428 stddev = 0.0 stderr = 0.0
