
-------------------- Trial 0  --------------------

Trial 0 Training NaiveBayesTrainer with 1865 instances
Trial 0 Training NaiveBayesTrainer finished
Trial 0 Trainer NaiveBayesTrainer test data accuracy = 0.6267748478701826
Trial 0 Training MaxEntTrainer,gaussianPriorVariance=1.0 with 1865 instances
Trial 0 Training MaxEntTrainer,gaussianPriorVariance=1.0 finished
Trial 0 Trainer MaxEntTrainer,gaussianPriorVariance=1.0 test data accuracy = 0.6470588235294118
Trial 0 Training cc.mallet.classify.DecisionTreeTrainer@266bade9 with 1865 instances
DecisionTree learned:
!neg&!but&!not&!pos: positive
!neg&!but&!not&pos: positive
!neg&!but&not&!and: negative
!neg&!but&not&and: positive
!neg&but&!you&!this: negative
!neg&but&!you&this: positive
!neg&but&you&!n: neutral
!neg&but&you&n: negative
neg&!movie&!pos&!warranty: negative
neg&!movie&!pos&warranty: neutral
neg&!movie&pos&!garageband: negative
neg&!movie&pos&garageband: positive
neg&movie: neutral
Trial 0 Training cc.mallet.classify.DecisionTreeTrainer@266bade9 finished
Trial 0 Trainer cc.mallet.classify.DecisionTreeTrainer@266bade9 test data accuracy = 0.539553752535497
Trial 0 Training cc.mallet.classify.AdaBoostM2Trainer@49ff0dde with 1865 instances
DecisionTree learned:
!but&!neg&!not&!n: positive
!but&!neg&!not&n: negative
!but&!neg&not&!and: negative
!but&!neg&not&and: negative
!but&neg&!music&!pos: negative
!but&neg&!music&pos: negative
!but&neg&music: neutral
but&!mac&!got&!x: negative
but&!mac&!got&x: neutral
but&!mac&got&!so: negative
but&!mac&got&so: positive
but&mac&!its&!system: positive
but&mac&!its&system: negative
but&mac&its&!just: neutral
but&mac&its&just: neutral
DecisionTree learned:
!but&!neg&!pos&!not: positive
!but&!neg&!pos&not: negative
!but&!neg&pos&!when: positive
!but&!neg&pos&when: negative
!but&neg&!pos&!etc: negative
!but&neg&!pos&etc: neutral
!but&neg&pos&!garageband: negative
!but&neg&pos&garageband: positive
but&!mac&!be&!the: conflict
but&!mac&!be&the: negative
but&!mac&be&!with: negative
but&!mac&be&with: negative
but&mac&!its&!bit: positive
but&mac&!its&bit: neutral
but&mac&its&!functioning: neutral
but&mac&its&functioning: neutral
DecisionTree learned:
!but&!fast&!neg&!not: positive
!but&!fast&!neg&not: negative
!but&!fast&neg&!music: negative
!but&!fast&neg&music: neutral
!but&fast&!charge&!one: positive
!but&fast&!charge&one: neutral
!but&fast&charge: neutral
but&!mac&!x&!i: negative
but&!mac&!x&i: negative
but&!mac&x&!is: neutral
but&!mac&x&is: positive
but&mac&!more&!system: positive
but&mac&!more&system: neutral
but&mac&more: positive
DecisionTree learned:
!but&!fast&!pos&!neg: negative
!but&!fast&!pos&neg: negative
!but&!fast&pos&!then: positive
!but&!fast&pos&then: negative
!but&fast&!one&!charge: positive
!but&fast&!one&charge: neutral
!but&fast&one: neutral
but&!so&!got&!mac: negative
but&!so&!got&mac: positive
but&!so&got: negative
but&so&!toshiba&!it: neutral
but&so&!toshiba&it: conflict
but&so&toshiba: negative
DecisionTree learned:
!but&!fast&!neg&!not: positive
!but&!fast&!neg&not: negative
!but&!fast&neg&!movie: negative
!but&!fast&neg&movie: neutral
!but&fast&!charge&!one: positive
!but&fast&!charge&one: neutral
!but&fast&charge: neutral
but&!new&!yes&!x: negative
but&!new&!yes&x: neutral
but&!new&yes&!and: conflict
but&!new&yes&and: positive
but&new&!software&!when: neutral
but&new&!software&when: neutral
but&new&software: negative
DecisionTree learned:
!but&!fast&!pos&!price: negative
!but&!fast&!pos&price: positive
!but&!fast&pos&!to: positive
!but&!fast&pos&to: negative
!but&fast&!one&!charge: positive
!but&fast&!one&charge: neutral
!but&fast&one: neutral
but&!mac&!so&!apple: negative
but&!mac&!so&apple: neutral
but&!mac&so&!laptop: conflict
but&!mac&so&laptop: neutral
but&mac&!another&!in: neutral
but&mac&!another&in: positive
but&mac&another: negative
DecisionTree learned:
!but&!neg&!very&!and: negative
!but&!neg&!very&and: positive
!but&!neg&very&!processor: positive
!but&!neg&very&processor: positive
!but&neg&!or&!warranty: negative
!but&neg&!or&warranty: neutral
!but&neg&or&!use: negative
!but&neg&or&use: neutral
but&!think&!mac&!this: negative
but&!think&!mac&this: negative
but&!think&mac&!another: positive
but&!think&mac&another: negative
but&think&!on: negative
but&think&on: neutral
DecisionTree learned:
!but&!fast&!pos&!much: negative
!but&!fast&!pos&much: positive
!but&!fast&pos&!use: positive
!but&!fast&pos&use: positive
!but&fast&!one&!charge: positive
!but&fast&!one&charge: neutral
!but&fast&one: neutral
but&!this&!so&!and: negative
but&!this&!so&and: positive
but&!this&so&!it: neutral
but&!this&so&it: conflict
but&this&!neg&!x: positive
but&this&!neg&x: neutral
but&this&neg&!netbook: negative
but&this&neg&netbook: neutral
DecisionTree learned:
!but&!pos&!neg&!full: neutral
!but&!pos&!neg&full: conflict
!but&!pos&neg&!price: negative
!but&!pos&neg&price: positive
!but&pos&!then&!i: positive
!but&pos&!then&i: positive
!but&pos&then&!upgrade: negative
!but&pos&then&upgrade: positive
but&!got&!mac&!this: negative
but&!got&!mac&this: neutral
but&!got&mac&!up: neutral
but&!got&mac&up: positive
but&got&!so: negative
but&got&so: positive
DecisionTree learned:
!but&!for&!speed&!very: negative
!but&!for&!speed&very: positive
!but&!for&speed&!etc: positive
!but&!for&speed&etc: negative
!but&for&!office&!in: positive
!but&for&!office&in: negative
!but&for&office&!is: neutral
!but&for&office&is: negative
but&!got&!mac&!there: negative
but&!got&!mac&there: negative
but&!got&mac&!more: positive
but&!got&mac&more: positive
but&got&!so: negative
but&got&so: positive
DecisionTree learned:
!but&!for&!they&!neg: positive
!but&!for&!they&neg: negative
!but&!for&they&!else: neutral
!but&!for&they&else: negative
!but&for&!so&!less: positive
!but&for&!so&less: negative
!but&for&so&!laptop: negative
!but&for&so&laptop: conflict
but&!this&!so&!the: conflict
but&!this&!so&the: negative
but&!this&so&!old: neutral
but&!this&so&old: positive
but&this&!neg&!x: positive
but&this&!neg&x: neutral
but&this&neg&!new: negative
but&this&neg&new: positive
DecisionTree learned:
!but&!neg&!and&!not: positive
!but&!neg&!and&not: negative
!but&!neg&and&!i: positive
!but&!neg&and&i: neutral
!but&neg&!much&!free: negative
!but&neg&!much&free: positive
!but&neg&much&!a: conflict
!but&neg&much&a: neutral
but&!got&!in&!new: negative
but&!got&!in&new: positive
but&!got&in&!did: positive
but&!got&in&did: neutral
but&got&!so: negative
but&got&so: positive
DecisionTree learned:
!but&!for&!get&!and: negative
!but&!for&!get&and: positive
!but&!for&get&!am: negative
!but&!for&get&am: conflict
!but&for&!so&!neg: positive
!but&for&!so&neg: positive
!but&for&so&!laptop: negative
!but&for&so&laptop: conflict
but&!to&!i&!mac: negative
but&!to&!i&mac: positive
but&!to&i&!which: positive
but&!to&i&which: conflict
but&to&!and&!n: neutral
but&to&!and&n: conflict
but&to&and&!a: positive
but&to&and&a: negative
DecisionTree learned:
!but&!after&!and&!price: negative
!but&!after&!and&price: positive
!but&!after&and&!i: positive
!but&!after&and&i: neutral
!but&after&!warranty&!with: negative
!but&after&!warranty&with: negative
!but&after&warranty: neutral
but&!repair&!be&!x: positive
but&!repair&!be&x: neutral
but&!repair&be&!isolator: negative
but&!repair&be&isolator: neutral
but&repair&!they: negative
but&repair&they&!warranty: neutral
but&repair&they&warranty: negative
DecisionTree learned:
!but&!pos&!price&!same: negative
!but&!pos&!price&same: neutral
!but&!pos&price&!worth: positive
!but&!pos&price&worth: conflict
!but&pos&!months&!looked: positive
!but&pos&!months&looked: neutral
!but&pos&months&!sent: negative
!but&pos&months&sent: neutral
but&!this&!so&!that: negative
but&!this&!so&that: positive
but&!this&so&!it: neutral
but&!this&so&it: conflict
but&this&!neg&!x: positive
but&this&!neg&x: neutral
but&this&neg&!new: negative
but&this&neg&new: positive
DecisionTree learned:
!but&!fast&!movie&!after: positive
!but&!fast&!movie&after: negative
!but&!fast&movie&!just: neutral
!but&!fast&movie&just: neutral
!but&fast&!one&!charge: positive
!but&fast&!one&charge: neutral
!but&fast&one: neutral
but&!did&!hard&!mac: negative
but&!did&!hard&mac: positive
but&!did&hard&!with: neutral
but&!did&hard&with: negative
but&did&!be&!working: neutral
but&did&!be&working: conflict
but&did&be: conflict
DecisionTree learned:
!but&!fast&!neg&!speed: positive
!but&!fast&!neg&speed: positive
!but&!fast&neg&!much: negative
!but&!fast&neg&much: neutral
!but&fast&!one&!charge: positive
!but&fast&!one&charge: neutral
!but&fast&one: neutral
but&!got&!mac&!think: negative
but&!got&!mac&think: neutral
but&!got&mac&!up: positive
but&!got&mac&up: positive
but&got&!so: negative
but&got&so: positive
DecisionTree learned:
!but&!pos&!much&!not: negative
!but&!pos&!much&not: negative
!but&!pos&much&!it: positive
!but&!pos&much&it: conflict
!but&pos&!reboot&!to: positive
!but&pos&!reboot&to: negative
!but&pos&reboot: conflict
but&!mac&!windows&!features: negative
but&!mac&!windows&features: positive
but&!mac&windows&!do: neutral
but&!mac&windows&do: positive
but&mac&!more&!up: neutral
but&mac&!more&up: positive
but&mac&more: positive
DecisionTree learned:
!but&!very&!movie&!then: positive
!but&!very&!movie&then: negative
!but&!very&movie&!just: neutral
!but&!very&movie&just: neutral
!but&very&!some&!neg: positive
!but&very&!some&neg: negative
!but&very&some: conflict
but&!so&!got&!windows: positive
but&!so&!got&windows: neutral
but&!so&got: negative
but&so&!laptop&!pos: conflict
but&so&!laptop&pos: positive
but&so&laptop&!toshiba: neutral
but&so&laptop&toshiba: negative
DecisionTree learned:
!but&!for&!much&!they: negative
!but&!for&!much&they: neutral
!but&!for&much&!i: positive
!but&!for&much&i: neutral
!but&for&!not&!office: positive
!but&for&!not&office: neutral
!but&for&not&!via: negative
!but&for&not&via: neutral
but&!be&!the&!it: neutral
but&!be&!the&it: conflict
but&!be&the&!on: positive
but&!be&the&on: neutral
but&be&!with&!and: negative
but&be&!with&and: negative
but&be&with&!isolator: negative
but&be&with&isolator: neutral
DecisionTree learned:
!but&!and&!price&!is: negative
!but&!and&!price&is: negative
!but&!and&price&!laptops: positive
!but&!and&price&laptops: conflict
!but&and&!i&!were: positive
!but&and&!i&were: negative
!but&and&i&!what: neutral
!but&and&i&what: neutral
but&!gb&!in&!there: negative
but&!gb&!in&there: negative
but&!gb&in&!so: positive
but&!gb&in&so: neutral
but&gb&!just: neutral
but&gb&just: neutral
DecisionTree learned:
!but&!for&!get&!use: negative
!but&!for&!get&use: positive
!but&!for&get&!am: negative
!but&!for&get&am: conflict
!but&for&!so&!some: neutral
!but&for&!so&some: negative
!but&for&so&!battery: negative
!but&for&so&battery: conflict
but&!be&!if&!hard: positive
but&!be&!if&hard: neutral
but&!be&if&!to: negative
but&!be&if&to: neutral
but&be&!with&!and: negative
but&be&!with&and: negative
but&be&with&!isolator: negative
but&be&with&isolator: neutral
DecisionTree learned:
!but&!for&!requires&!laptops: negative
!but&!for&!requires&laptops: conflict
!but&!for&requires: conflict
!but&for&!so&!desktop: neutral
!but&for&!so&desktop: conflict
!but&for&so&!battery: negative
!but&for&so&battery: conflict
but&!mac&!on&!there: positive
but&!mac&!on&there: negative
but&!mac&on&!i: negative
but&!mac&on&i: neutral
but&mac&!system&!more: positive
but&mac&!system&more: positive
but&mac&system&!is: negative
but&mac&system&is: neutral
DecisionTree learned:
!but&!uses&!after&!i: positive
!but&!uses&!after&i: neutral
!but&!uses&after&!warranty: negative
!but&!uses&after&warranty: neutral
!but&uses&!of: neutral
!but&uses&of: conflict
but&!yes&!gaming&!computer: negative
but&!yes&!gaming&computer: negative
but&!yes&gaming&!is: positive
but&!yes&gaming&is: positive
but&yes&!and: conflict
but&yes&and&!pos: positive
but&yes&and&pos: positive
DecisionTree learned:
!but&!neg&!would&!unable: positive
!but&!neg&!would&unable: negative
!but&!neg&would&!i: negative
!but&!neg&would&i: negative
!but&neg&!other&!price: negative
!but&neg&!other&price: positive
!but&neg&other&!than: conflict
!but&neg&other&than: positive
but&!mac&!i&!to: conflict
but&!mac&!i&to: neutral
but&!mac&i&!which: negative
but&!mac&i&which: conflict
but&mac&!another&!bit: positive
but&mac&!another&bit: neutral
but&mac&another: negative
DecisionTree learned:
!but&!requires&!neg&!n: positive
!but&!requires&!neg&n: negative
!but&!requires&neg&!what: negative
!but&!requires&neg&what: neutral
!but&requires: conflict
but&!new&!more&!in: negative
but&!new&!more&in: neutral
but&!new&more&!software: positive
but&!new&more&software: conflict
but&new&!pos&!so: negative
but&new&!pos&so: neutral
but&new&pos&!i: neutral
but&new&pos&i: positive
DecisionTree learned:
!but&!uses&!after&!fast: positive
!but&!uses&!after&fast: positive
!but&!uses&after&!warranty: negative
!but&!uses&after&warranty: neutral
!but&uses&!of: neutral
!but&uses&of: conflict
but&!in&!new&!windows: negative
but&!in&!new&windows: neutral
but&!in&new&!pos: negative
but&!in&new&pos: neutral
but&in&!neg&!n: positive
but&in&!neg&n: negative
but&in&neg&!was: neutral
but&in&neg&was: negative
DecisionTree learned:
!but&!email&!neg&!n: positive
!but&!email&!neg&n: negative
!but&!email&neg&!opted: negative
!but&!email&neg&opted: conflict
!but&email&!working&!all: neutral
!but&email&!working&all: neutral
!but&email&working: positive
but&!new&!in&!especially: negative
but&!new&!in&especially: neutral
but&!new&in&!did: positive
but&!new&in&did: neutral
but&new&!pos&!so: negative
but&new&!pos&so: neutral
but&new&pos&!i: neutral
but&new&pos&i: positive
DecisionTree learned:
!but&!price&!and&!is: negative
!but&!price&!and&is: negative
!but&!price&and&!back: positive
!but&!price&and&back: negative
!but&price&!worth&!off: positive
!but&price&!worth&off: neutral
!but&price&worth&!pos: conflict
!but&price&worth&pos: negative
but&!apple&!gaming&!most: negative
but&!apple&!gaming&most: positive
but&!apple&gaming&!is: positive
but&!apple&gaming&is: positive
but&apple&!a&!just: conflict
but&apple&!a&just: positive
but&apple&a&!to: neutral
but&apple&a&to: neutral
DecisionTree learned:
!but&!for&!much&!get: negative
!but&!for&!much&get: negative
!but&!for&much&!i: positive
!but&!for&much&i: neutral
!but&for&!not&!office: positive
!but&for&!not&office: neutral
!but&for&not&!via: negative
!but&for&not&via: neutral
but&!mac&!think&!there: positive
but&!mac&!think&there: negative
but&!mac&think&!on: negative
but&!mac&think&on: neutral
but&mac&!another&!more: neutral
but&mac&!another&more: positive
but&mac&another: negative
DecisionTree learned:
!but&!get&!and&!or: negative
!but&!get&!and&or: neutral
!but&!get&and&!i: positive
!but&!get&and&i: neutral
!but&get&!am&!pro: negative
!but&get&!am&pro: conflict
!but&get&am&!toshiba: conflict
!but&get&am&toshiba: negative
but&!mac&!web&!screen: negative
but&!mac&!web&screen: conflict
but&!mac&web&!just: neutral
but&!mac&web&just: neutral
but&mac&!very&!more: neutral
but&mac&!very&more: positive
but&mac&very: positive
DecisionTree learned:
!but&!would&!months&!for: positive
!but&!would&!months&for: positive
!but&!would&months&!of: negative
!but&!would&months&of: neutral
!but&would&!i&!not: negative
!but&would&!i&not: negative
!but&would&i&!laptop: negative
!but&would&i&laptop: positive
but&!there&!new&!in: negative
but&!there&!new&in: positive
but&!there&new&!when: neutral
but&!there&new&when: neutral
but&there&!to&!much: negative
but&there&!to&much: positive
but&there&to&!hard: neutral
but&there&to&hard: negative
DecisionTree learned:
!but&!for&!requires&!get: negative
!but&!for&!requires&get: negative
!but&!for&requires: conflict
!but&for&!so&!neg: neutral
!but&for&!so&neg: neutral
!but&for&so&!battery: negative
!but&for&so&battery: conflict
but&!yes&!repair&!mac: negative
but&!yes&!repair&mac: positive
but&!yes&repair&!to: negative
but&!yes&repair&to: neutral
but&yes&!pos&!is: positive
but&yes&!pos&is: conflict
but&yes&pos: positive
DecisionTree learned:
!but&!for&!much&!get: negative
!but&!for&!much&get: negative
!but&!for&much&!i: positive
!but&!for&much&i: neutral
!but&for&!so&!neg: neutral
!but&for&!so&neg: positive
!but&for&so&!laptop: negative
!but&for&so&laptop: conflict
but&!computer&!this&!tim: positive
but&!computer&!this&tim: neutral
but&!computer&this&!neg: positive
but&!computer&this&neg: negative
but&computer&!after&!that: negative
but&computer&!after&that: conflict
but&computer&after&!use: positive
but&computer&after&use: positive
DecisionTree learned:
!but&!neg&!reboot&!bars: positive
!but&!neg&!reboot&bars: conflict
!but&!neg&reboot: conflict
!but&neg&!desktop&!price: negative
!but&neg&!desktop&price: positive
!but&neg&desktop&!just: conflict
!but&neg&desktop&just: neutral
but&!repair&!new&!laptop: negative
but&!repair&!new&laptop: neutral
but&!repair&new&!pos: neutral
but&!repair&new&pos: neutral
but&repair&!they: negative
but&repair&they&!warranty: neutral
but&repair&they&warranty: negative
DecisionTree learned:
!but&!neg&!reboot&!way: positive
!but&!neg&!reboot&way: negative
!but&!neg&reboot: conflict
!but&neg&!or&!warranty: negative
!but&neg&!or&warranty: neutral
!but&neg&or&!sticking: neutral
!but&neg&or&sticking: positive
but&!new&!think&!tim: negative
but&!new&!think&tim: neutral
but&!new&think&!on: negative
but&!new&think&on: neutral
but&new&!pos&!so: negative
but&new&!pos&so: neutral
but&new&pos&!my: neutral
but&new&pos&my: positive
DecisionTree learned:
!but&!pos&!price&!speed: negative
!but&!pos&!price&speed: positive
!but&!pos&price&!worth: positive
!but&!pos&price&worth: conflict
!but&pos&!compact&!and: negative
!but&pos&!compact&and: positive
!but&pos&compact: conflict
but&!be&!the&!it: neutral
but&!be&!the&it: conflict
but&!be&the&!standard: positive
but&!be&the&standard: conflict
but&be&!with&!and: negative
but&be&!with&and: negative
but&be&with&!isolator: negative
but&be&with&isolator: neutral
DecisionTree learned:
!but&!for&!requires&!laptops: negative
!but&!for&!requires&laptops: conflict
!but&!for&requires: conflict
!but&for&!so&!neg: neutral
!but&for&!so&neg: neutral
!but&for&so&!laptop: positive
!but&for&so&laptop: conflict
but&!mac&!hard&!apple: negative
but&!mac&!hard&apple: neutral
but&!mac&hard&!with: neutral
but&!mac&hard&with: negative
but&mac&!another&!bit: positive
but&mac&!another&bit: neutral
but&mac&another: negative
DecisionTree learned:
!but&!for&!stack&!get: negative
!but&!for&!stack&get: negative
!but&!for&stack: conflict
!but&for&!so&!neg: neutral
!but&for&!so&neg: neutral
!but&for&so&!battery: negative
!but&for&so&battery: conflict
but&!repair&!new&!drive: positive
but&!repair&!new&drive: negative
but&!repair&new&!with: positive
but&!repair&new&with: neutral
but&repair&!they: negative
but&repair&they&!warranty: neutral
but&repair&they&warranty: negative
DecisionTree learned:
!but&!other&!price&!is: negative
!but&!other&!price&is: positive
!but&!other&price&!worth: positive
!but&!other&price&worth: conflict
!but&other&!neg&!only: neutral
!but&other&!neg&only: negative
!but&other&neg&!than: conflict
!but&other&neg&than: positive
but&!drive&!repair&!in: positive
but&!drive&!repair&in: positive
but&!drive&repair&!to: negative
but&!drive&repair&to: neutral
but&drive&!to&!warranty: neutral
but&drive&!to&warranty: negative
but&drive&to: negative
DecisionTree learned:
!but&!for&!requires&!get: negative
!but&!for&!requires&get: negative
!but&!for&requires: conflict
!but&for&!not&!some: positive
!but&for&!not&some: negative
!but&for&not&!features: negative
!but&for&not&features: positive
but&!yes&!mac&!this: negative
but&!yes&!mac&this: neutral
but&!yes&mac&!another: positive
but&!yes&mac&another: negative
but&yes&!and: conflict
but&yes&and&!pos: positive
but&yes&and&pos: positive
DecisionTree learned:
!but&!uses&!generally&!i: positive
!but&!uses&!generally&i: neutral
!but&!uses&generally: conflict
!but&uses&!of: neutral
!but&uses&of: conflict
but&!hard&!with&!better: positive
but&!hard&!with&better: conflict
but&!hard&with&!full: neutral
but&!hard&with&full: positive
but&hard&!with&!to: neutral
but&hard&!with&to: neutral
but&hard&with: negative
DecisionTree learned:
!but&!for&!bars&!requires: negative
!but&!for&!bars&requires: conflict
!but&!for&bars: conflict
!but&for&!not&!looks: neutral
!but&for&!not&looks: conflict
!but&for&not&!install: negative
!but&for&not&install: neutral
but&!mac&!think&!better: positive
but&!mac&!think&better: conflict
but&!mac&think&!on: negative
but&!mac&think&on: neutral
but&mac&!bit&!pc: neutral
but&mac&!bit&pc: positive
but&mac&bit: neutral
DecisionTree learned:
!but&!opted&!much&!very: negative
!but&!opted&!much&very: positive
!but&!opted&much&!of: positive
!but&!opted&much&of: neutral
!but&opted: conflict
but&!there&!new&!on: positive
but&!there&!new&on: neutral
but&!there&new&!pos: neutral
but&!there&new&pos: positive
but&there&!to&!much: negative
but&there&!to&much: positive
but&there&to&!hard: neutral
but&there&to&hard: negative
DecisionTree learned:
!but&!for&!pc&!compact: negative
!but&!for&!pc&compact: conflict
!but&!for&pc&!pos: conflict
!but&!for&pc&pos: positive
!but&for&!so&!neg: neutral
!but&for&!so&neg: neutral
!but&for&so&!laptop: negative
!but&for&so&laptop: conflict
but&!new&!nothing&!so: negative
but&!new&!nothing&so: conflict
but&!new&nothing: negative
but&new&!with&!pos: negative
but&new&!with&pos: neutral
but&new&with&!just: neutral
but&new&with&just: neutral
DecisionTree learned:
!but&!for&!stack&!get: negative
!but&!for&!stack&get: negative
!but&!for&stack: conflict
!but&for&!so&!despite: neutral
!but&for&!so&despite: conflict
!but&for&so&!laptop: negative
!but&for&so&laptop: conflict
but&!new&!if&!in: conflict
but&!new&!if&in: positive
but&!new&if&!to: negative
but&!new&if&to: neutral
but&new&!pos&!so: negative
but&new&!pos&so: neutral
but&new&pos&!my: neutral
but&new&pos&my: positive
DecisionTree learned:
!but&!neg&!bars&!long: positive
!but&!neg&!bars&long: positive
!but&!neg&bars: conflict
!but&neg&!opted&!much: negative
!but&neg&!opted&much: conflict
!but&neg&opted: conflict
but&!in&!new&!needed: negative
but&!in&!new&needed: neutral
but&!in&new&!pos: negative
but&!in&new&pos: neutral
but&in&!so&!more: neutral
but&in&!so&more: positive
but&in&so&!and: conflict
but&in&so&and: neutral
DecisionTree learned:
!but&!opted&!other&!not: positive
!but&!opted&!other&not: negative
!but&!opted&other&!neg: neutral
!but&!opted&other&neg: positive
!but&opted: conflict
but&!mac&!x&!web: negative
but&!mac&!x&web: positive
but&!mac&x&!is: neutral
but&!mac&x&is: positive
but&mac&!the: negative
but&mac&the&!on: neutral
but&mac&the&on: positive
DecisionTree learned:
!but&!after&!pc&!neg: positive
!but&!after&!pc&neg: negative
!but&!after&pc&!users: positive
!but&!after&pc&users: neutral
!but&after&!with&!what: neutral
!but&after&!with&what: positive
!but&after&with&!i: negative
!but&after&with&i: positive
but&!drive&!did&!certain: positive
but&!drive&!did&certain: neutral
but&!drive&did&!pos: neutral
but&!drive&did&pos: negative
but&drive&!to&!warranty: neutral
but&drive&!to&warranty: negative
but&drive&to: negative
DecisionTree learned:
!but&!not&!for&!laptops: positive
!but&!not&!for&laptops: conflict
!but&!not&for&!is: neutral
!but&!not&for&is: positive
!but&not&!compact&!through: negative
!but&not&!compact&through: neutral
!but&not&compact: conflict
but&!mac&!i&!windows: conflict
but&!mac&!i&windows: neutral
but&!mac&i&!which: neutral
but&!mac&i&which: conflict
but&mac&!used&!bit: positive
but&mac&!used&bit: neutral
but&mac&used: neutral
DecisionTree learned:
!but&!opted&!price&!generally: negative
!but&!opted&!price&generally: conflict
!but&!opted&price&!worth: positive
!but&!opted&price&worth: conflict
!but&opted: conflict
but&!web&!screen&!features: negative
but&!web&!screen&features: positive
but&!web&screen&!and: conflict
but&!web&screen&and: negative
but&web&!is: positive
but&web&is: neutral
DecisionTree learned:
!but&!uses&!much&!bars: negative
!but&!uses&!much&bars: conflict
!but&!uses&much&!of: positive
!but&!uses&much&of: neutral
!but&uses&!of: neutral
!but&uses&of: conflict
but&!in&!new&!for: negative
but&!in&!new&for: neutral
but&!in&new&!pos: negative
but&!in&new&pos: neutral
but&in&!was&!neg: positive
but&in&!was&neg: neutral
but&in&was&!one: negative
but&in&was&one: neutral
DecisionTree learned:
!but&!generally&!other&!much: negative
!but&!generally&!other&much: positive
!but&!generally&other&!neg: neutral
!but&!generally&other&neg: positive
!but&generally: conflict
but&!mac&!web&!screen: negative
but&!mac&!web&screen: conflict
but&!mac&web&!is: neutral
but&!mac&web&is: neutral
but&mac&!bit&!my: positive
but&mac&!bit&my: positive
but&mac&bit: neutral
DecisionTree learned:
!but&!for&!requires&!laptops: negative
!but&!for&!requires&laptops: conflict
!but&!for&requires: conflict
!but&for&!dollar&!so: neutral
!but&for&!dollar&so: negative
!but&for&dollar: conflict
but&!computer&!this&!there: positive
but&!computer&!this&there: negative
but&!computer&this&!neg: positive
but&!computer&this&neg: negative
but&computer&!known&!keys: negative
but&computer&!known&keys: conflict
but&computer&known: conflict
DecisionTree learned:
!but&!generally&!i&!you: positive
!but&!generally&!i&you: neutral
!but&!generally&i&!opted: neutral
!but&!generally&i&opted: conflict
!but&generally: conflict
but&!outside&!mac&!size: negative
but&!outside&!mac&size: neutral
but&!outside&mac&!another: positive
but&!outside&mac&another: negative
but&outside&!pos: neutral
but&outside&pos&!windows: positive
but&outside&pos&windows: neutral
DecisionTree learned:
!but&!opted&!dollar&!generally: positive
!but&!opted&!dollar&generally: conflict
!but&!opted&dollar: conflict
!but&opted: conflict
but&!mac&!this&!so: conflict
but&!mac&!this&so: conflict
but&!mac&this&!neg: positive
but&!mac&this&neg: negative
but&mac&!more&!very: neutral
but&mac&!more&very: positive
but&mac&more: positive
DecisionTree learned:
!but&!generally&!fast&!long: negative
!but&!generally&!fast&long: positive
!but&!generally&fast&!one: positive
!but&!generally&fast&one: neutral
!but&generally: conflict
but&!there&!did&!web: positive
but&!there&!did&web: neutral
but&!there&did&!on: negative
but&!there&did&on: neutral
but&there&!to&!is: negative
but&there&!to&is: positive
but&there&to&!windows: neutral
but&there&to&windows: neutral
DecisionTree learned:
!but&!opted&!generally&!other: positive
!but&!opted&!generally&other: neutral
!but&!opted&generally: conflict
!but&opted: conflict
but&!if&!new&!apple: negative
but&!if&!new&apple: neutral
but&!if&new&!when: neutral
but&!if&new&when: neutral
but&if&!to&!mac: negative
but&if&!to&mac: positive
but&if&to: neutral
DecisionTree learned:
!but&!generally&!much&!get: negative
!but&!generally&!much&get: negative
!but&!generally&much&!i: positive
!but&!generally&much&i: neutral
!but&generally: conflict
but&!mac&!if&!think: negative
but&!mac&!if&think: neutral
but&!mac&if&!to: negative
but&!mac&if&to: neutral
but&mac&!another&!more: neutral
but&mac&!another&more: positive
but&mac&another: negative
DecisionTree learned:
!but&!pos&!much&!i: negative
!but&!pos&!much&i: neutral
!but&!pos&much&!neg: positive
!but&!pos&much&neg: conflict
!but&pos&!generally&!other: positive
!but&pos&!generally&other: positive
!but&pos&generally: conflict
but&!mac&!i&!to: conflict
but&!mac&!i&to: neutral
but&!mac&i&!which: neutral
but&!mac&i&which: conflict
but&mac&!use&!pos: neutral
but&mac&!use&pos: neutral
but&mac&use: positive
DecisionTree learned:
!but&!opted&!uses&!generally: positive
!but&!opted&!uses&generally: conflict
!but&!opted&uses&!of: neutral
!but&!opted&uses&of: conflict
!but&opted: conflict
but&!new&!battery&!more: negative
but&!new&!battery&more: positive
but&!new&battery&!a: negative
but&!new&battery&a: conflict
but&new&!with&!pos: negative
but&new&!with&pos: neutral
but&new&with&!just: neutral
but&new&with&just: neutral
DecisionTree learned:
!but&!stack&!for&!pc: negative
!but&!stack&!for&pc: positive
!but&!stack&for&!so: neutral
!but&!stack&for&so: negative
!but&stack: conflict
but&!computer&!this&!there: conflict
but&!computer&!this&there: negative
but&!computer&this&!neg: positive
but&!computer&this&neg: negative
but&computer&!after&!that: negative
but&computer&!after&that: conflict
but&computer&after&!use: positive
but&computer&after&use: positive
DecisionTree learned:
!but&!requires&!neg&!my: positive
!but&!requires&!neg&my: neutral
!but&!requires&neg&!much: negative
!but&!requires&neg&much: conflict
!but&requires: conflict
but&!non&!new&!in: negative
but&!non&!new&in: positive
but&!non&new&!hp: neutral
but&!non&new&hp: neutral
but&non: conflict
DecisionTree learned:
!but&!after&!and&!laptops: negative
!but&!after&!and&laptops: conflict
!but&!after&and&!what: positive
!but&!after&and&what: neutral
!but&after&!with&!warranty: neutral
!but&after&!with&warranty: neutral
!but&after&with&!i: negative
!but&after&with&i: positive
but&!drive&!disc&!did: positive
but&!drive&!disc&did: neutral
but&!drive&disc&!hard: neutral
but&!drive&disc&hard: negative
but&drive&!to&!warranty: neutral
but&drive&!to&warranty: negative
but&drive&to: negative
DecisionTree learned:
!but&!stack&!for&!you: negative
!but&!stack&!for&you: neutral
!but&!stack&for&!so: neutral
!but&!stack&for&so: negative
!but&stack: conflict
but&!hard&!repair&!battery: positive
but&!hard&!repair&battery: conflict
but&!hard&repair&!they: negative
but&!hard&repair&they: neutral
but&hard&!with&!to: neutral
but&hard&!with&to: neutral
but&hard&with: negative
DecisionTree learned:
!but&!my&!other&!and: negative
!but&!my&!other&and: positive
!but&!my&other&!neg: neutral
!but&!my&other&neg: conflict
!but&my&!laptop&!get: neutral
!but&my&!laptop&get: conflict
!but&my&laptop&!life: negative
!but&my&laptop&life: conflict
but&!repair&!new&!whole: negative
but&!repair&!new&whole: neutral
but&!repair&new&!with: positive
but&!repair&new&with: neutral
but&repair&!to&!toshiba: negative
but&repair&!to&toshiba: negative
but&repair&to: neutral
DecisionTree learned:
!but&!opted&!much&!some: positive
!but&!opted&!much&some: negative
!but&!opted&much&!of: positive
!but&!opted&much&of: neutral
!but&opted: conflict
but&!drive&!disc&!size: positive
but&!drive&!disc&size: neutral
but&!drive&disc&!hard: neutral
but&!drive&disc&hard: negative
but&drive&!to&!warranty: neutral
but&drive&!to&warranty: negative
but&drive&to: negative
DecisionTree learned:
!but&!get&!requires&!uses: positive
!but&!get&!requires&uses: neutral
!but&!get&requires: conflict
!but&get&!am&!pay: negative
!but&get&!am&pay: conflict
!but&get&am&!toshiba: conflict
!but&get&am&toshiba: negative
but&!nothing&!so&!in: negative
but&!nothing&!so&in: positive
but&!nothing&so&!old: neutral
but&!nothing&so&old: positive
but&nothing: negative
DecisionTree learned:
!but&!get&!and&!laptops: negative
!but&!get&!and&laptops: conflict
!but&!get&and&!back: positive
!but&!get&and&back: negative
!but&get&!am&!pay: negative
!but&get&!am&pay: conflict
!but&get&am&!toshiba: conflict
!but&get&am&toshiba: negative
but&!toshiba&!so&!ever: positive
but&!toshiba&!so&ever: conflict
but&!toshiba&so&!pos: conflict
but&!toshiba&so&pos: positive
but&toshiba&!warranty&!pos: negative
but&toshiba&!warranty&pos: neutral
but&toshiba&warranty: negative
DecisionTree learned:
!but&!uses&!opted&!pc: negative
!but&!uses&!opted&pc: positive
!but&!uses&opted: conflict
!but&uses&!of: neutral
!but&uses&of: conflict
but&!and&!to&!i: conflict
but&!and&!to&i: negative
but&!and&to&!n: neutral
but&!and&to&n: conflict
but&and&!most&!software: positive
but&and&!most&software: negative
but&and&most&!security: conflict
but&and&most&security: positive
DecisionTree learned:
!but&!uses&!requires&!neg: positive
!but&!uses&!requires&neg: negative
!but&!uses&requires: conflict
!but&uses&!of: neutral
!but&uses&of: conflict
but&!standard&!power&!need: negative
but&!standard&!power&need: positive
but&!standard&power: neutral
but&standard: conflict
DecisionTree learned:
!but&!opted&!get&!and: negative
!but&!opted&!get&and: positive
!but&!opted&get&!am: negative
!but&!opted&get&am: conflict
!but&opted: conflict
but&!this&!outside&!so: negative
but&!this&!outside&so: neutral
but&!this&outside&!pos: neutral
but&!this&outside&pos: neutral
but&this&!know&!neg: positive
but&this&!know&neg: negative
but&this&know: conflict
DecisionTree learned:
!but&!would&!months&!neg: positive
!but&!would&!months&neg: negative
!but&!would&months&!of: negative
!but&!would&months&of: neutral
!but&would&!wireless&!their: negative
!but&would&!wireless&their: neutral
!but&would&wireless&!to: neutral
!but&would&wireless&to: neutral
but&!yes&!most&!whole: negative
but&!yes&!most&whole: neutral
but&!yes&most&!just: positive
but&!yes&most&just: positive
but&yes&!pos&!is: conflict
but&yes&!pos&is: conflict
but&yes&pos: positive
DecisionTree learned:
!but&!much&!for&!get: negative
!but&!much&!for&get: negative
!but&!much&for&!dollar: neutral
!but&!much&for&dollar: conflict
!but&much&!i&!neg: positive
!but&much&!i&neg: conflict
!but&much&i&!up: neutral
!but&much&i&up: conflict
but&!new&!more&!in: negative
but&!new&!more&in: neutral
but&!new&more&!just: positive
but&!new&more&just: conflict
but&new&!with&!software: positive
but&new&!with&software: negative
but&new&with&!just: neutral
but&new&with&just: neutral
DecisionTree learned:
!but&!much&!opted&!uses: negative
!but&!much&!opted&uses: neutral
!but&!much&opted: conflict
!but&much&!i&!neg: positive
!but&much&!i&neg: conflict
!but&much&i&!up: neutral
!but&much&i&up: conflict
but&!apple&!mac&!this: conflict
but&!apple&!mac&this: negative
but&!apple&mac&!use: neutral
but&!apple&mac&use: positive
but&apple&!a&!just: conflict
but&apple&!a&just: positive
but&apple&a&!to: neutral
but&apple&a&to: neutral
DecisionTree learned:
!but&!opted&!get&!you: positive
!but&!opted&!get&you: neutral
!but&!opted&get&!am: negative
!but&!opted&get&am: conflict
!but&opted: conflict
but&!this&!size&!screen: positive
but&!this&!size&screen: conflict
but&!this&size&!pos: neutral
but&!this&size&pos: neutral
but&this&!know&!not: positive
but&this&!know&not: negative
but&this&know: conflict
DecisionTree learned:
!but&!opted&!pc&!generally: negative
!but&!opted&!pc&generally: conflict
!but&!opted&pc&!users: positive
!but&!opted&pc&users: neutral
!but&opted: conflict
but&!gb&!than&!standard: negative
but&!gb&!than&standard: conflict
but&!gb&than&!was: positive
but&!gb&than&was: negative
but&gb&!just: neutral
but&gb&just: neutral
DecisionTree learned:
!but&!generally&!opted&!other: negative
!but&!generally&!opted&other: neutral
!but&!generally&opted: conflict
!but&generally: conflict
but&!yes&!need&!hard: negative
but&!yes&!need&hard: neutral
but&!yes&need&!so: positive
but&!yes&need&so: neutral
but&yes&!is&!to: positive
but&yes&!is&to: positive
but&yes&is: conflict
DecisionTree learned:
!but&!requires&!other&!my: negative
!but&!requires&!other&my: neutral
!but&!requires&other&!neg: neutral
!but&!requires&other&neg: positive
!but&requires: conflict
but&!x&!mac&!drive: positive
but&!x&!mac&drive: neutral
but&!x&mac&!up: neutral
but&!x&mac&up: positive
but&x&!is: neutral
but&x&is: positive
DecisionTree learned:
!but&!generally&!pc&!not: positive
!but&!generally&!pc&not: negative
!but&!generally&pc&!users: positive
!but&!generally&pc&users: neutral
!but&generally: conflict
but&!there&!email&!did: positive
but&!there&!email&did: neutral
but&!there&email&!to: neutral
but&!there&email&to: neutral
but&there&!to&!much: negative
but&there&!to&much: positive
but&there&to&!with: neutral
but&there&to&with: neutral
DecisionTree learned:
!but&!long&!neg&!rarely: positive
!but&!long&!neg&rarely: negative
!but&!long&neg&!much: negative
!but&!long&neg&much: conflict
!but&long&!though&!life: negative
!but&long&!though&life: positive
!but&long&though: conflict
but&!think&!outside&!certain: positive
but&!think&!outside&certain: neutral
but&!think&outside&!pos: neutral
but&!think&outside&pos: neutral
but&think&!on: negative
but&think&on: neutral
DecisionTree learned:
!but&!stack&!for&!requires: negative
!but&!stack&!for&requires: conflict
!but&!stack&for&!so: neutral
!but&!stack&for&so: conflict
!but&stack: conflict
but&!size&!did&!apple: negative
but&!size&!did&apple: neutral
but&!size&did&!in: conflict
but&!size&did&in: neutral
but&size&!pos: neutral
but&size&pos: neutral
DecisionTree learned:
!but&!requires&!get&!for: positive
!but&!requires&!get&for: neutral
!but&!requires&get&!i: negative
!but&!requires&get&i: neutral
!but&requires: conflict
but&!so&!outside&!this: negative
but&!so&!outside&this: neutral
but&!so&outside&!pos: neutral
but&!so&outside&pos: neutral
but&so&!it&!new: neutral
but&so&!it&new: positive
but&so&it&!windows: conflict
but&so&it&windows: neutral
DecisionTree learned:
!but&!fast&!much&!is: neutral
!but&!fast&!much&is: positive
!but&!fast&much&!of: positive
!but&!fast&much&of: neutral
!but&fast&!one&!charge: positive
!but&fast&!one&charge: neutral
!but&fast&one: neutral
but&!gb&!tim&!mac: negative
but&!gb&!tim&mac: neutral
but&!gb&tim: neutral
but&gb&!just: neutral
but&gb&just: neutral
DecisionTree learned:
!but&!long&!get&!generally: neutral
!but&!long&!get&generally: conflict
!but&!long&get&!am: negative
!but&!long&get&am: conflict
!but&long&!though&!battery: negative
!but&long&!though&battery: positive
!but&long&though: conflict
but&!overall&!mac&!web: negative
but&!overall&!mac&web: neutral
but&!overall&mac&!use: neutral
but&!overall&mac&use: positive
but&overall&!to&!windows: positive
but&overall&!to&windows: neutral
but&overall&to: neutral
DecisionTree learned:
!but&!requires&!for&!much: negative
!but&!requires&!for&much: positive
!but&!requires&for&!so: neutral
!but&!requires&for&so: conflict
!but&requires: conflict
but&!apple&!i&!windows: conflict
but&!apple&!i&windows: neutral
but&!apple&i&!which: positive
but&!apple&i&which: conflict
but&apple&!it: conflict
but&apple&it&!just: neutral
but&apple&it&just: positive
DecisionTree learned:
!but&!neg&!way&!reboot: positive
!but&!neg&!way&reboot: conflict
!but&!neg&way&!laptop: negative
!but&!neg&way&laptop: conflict
!but&neg&!much&!other: negative
!but&neg&!much&other: positive
!but&neg&much&!a: conflict
!but&neg&much&a: neutral
but&!mac&!x&!a: negative
but&!mac&!x&a: neutral
but&!mac&x&!is: neutral
but&!mac&x&is: positive
but&mac&!the&!pos: positive
but&mac&!the&pos: negative
but&mac&the&!more: neutral
but&mac&the&more: positive
DecisionTree learned:
!but&!neg&!way&!reboot: positive
!but&!neg&!way&reboot: conflict
!but&!neg&way&!laptop: negative
!but&!neg&way&laptop: conflict
!but&neg&!for&!compact: negative
!but&neg&!for&compact: conflict
!but&neg&for&!use: negative
!but&neg&for&use: positive
but&!this&!two&!and: conflict
but&!this&!two&and: positive
but&!this&two: conflict
but&this&!neg&!x: positive
but&this&!neg&x: neutral
but&this&neg&!know: negative
but&this&neg&know: conflict
DecisionTree learned:
!but&!for&!pc&!requires: negative
!but&!for&!pc&requires: conflict
!but&!for&pc&!pos: conflict
!but&!for&pc&pos: positive
!but&for&!so&!neg: neutral
!but&for&!so&neg: neutral
!but&for&so&!battery: positive
!but&for&so&battery: conflict
but&!drive&!with&!better: positive
but&!drive&!with&better: conflict
but&!drive&with&!full: neutral
but&!drive&with&full: conflict
but&drive&!to&!warranty: neutral
but&drive&!to&warranty: negative
but&drive&to: negative
DecisionTree learned:
!but&!uses&!generally&!pos: negative
!but&!uses&!generally&pos: positive
!but&!uses&generally: conflict
!but&uses&!of: neutral
!but&uses&of: conflict
but&!outside&!another&!mac: negative
but&!outside&!another&mac: positive
but&!outside&another&!you: negative
but&!outside&another&you: neutral
but&outside&!pos: neutral
but&outside&pos&!windows: positive
but&outside&pos&windows: neutral
DecisionTree learned:
!but&!for&!get&!you: positive
!but&!for&!get&you: neutral
!but&!for&get&!am: negative
!but&!for&get&am: conflict
!but&for&!so&!neg: neutral
!but&for&!so&neg: positive
!but&for&so&!laptop: negative
!but&for&so&laptop: conflict
but&!gb&!mac&!apple: negative
but&!gb&!mac&apple: neutral
but&!gb&mac&!use: neutral
but&!gb&mac&use: positive
but&gb&!just: neutral
but&gb&just: neutral
DecisionTree learned:
!but&!neg&!way&!n: positive
!but&!neg&!way&n: negative
!but&!neg&way&!use: negative
!but&!neg&way&use: conflict
!but&neg&!much&!for: negative
!but&neg&!much&for: positive
!but&neg&much&!pos: conflict
!but&neg&much&pos: neutral
but&!disc&!mac&!tim: negative
but&!disc&!mac&tim: neutral
but&!disc&mac&!is: neutral
but&!disc&mac&is: positive
but&disc&!hard&!windows: neutral
but&disc&!hard&windows: neutral
but&disc&hard: negative
DecisionTree learned:
!but&!for&!requires&!laptops: negative
!but&!for&!requires&laptops: conflict
!but&!for&requires: conflict
!but&for&!so&!neg: neutral
!but&for&!so&neg: neutral
!but&for&so&!laptop: negative
!but&for&so&laptop: conflict
but&!the&!this&!laptop: conflict
but&!the&!this&laptop: neutral
but&!the&this&!its: neutral
but&!the&this&its: negative
but&the&!mac&!standard: negative
but&the&!mac&standard: conflict
but&the&mac&!up: neutral
but&the&mac&up: positive
DecisionTree learned:
!but&!very&!macbook&!opted: negative
!but&!very&!macbook&opted: conflict
!but&!very&macbook&!hard: positive
!but&!very&macbook&hard: conflict
!but&very&!some&!are: positive
!but&very&!some&are: negative
!but&very&some: conflict
but&!so&!in&!up: positive
but&!so&!in&up: negative
but&!so&in&!more: neutral
but&!so&in&more: positive
but&so&!laptop&!pos: conflict
but&so&!laptop&pos: positive
but&so&laptop&!toshiba: neutral
but&so&laptop&toshiba: negative
DecisionTree learned:
!but&!uses&!opted&!price: negative
!but&!uses&!opted&price: positive
!but&!uses&opted: conflict
!but&uses&!of: neutral
!but&uses&of: conflict
but&!whole&!in&!new: negative
but&!whole&!in&new: neutral
but&!whole&in&!was: neutral
but&!whole&in&was: negative
but&whole&!just&!to: neutral
but&whole&!just&to: neutral
but&whole&just: positive
DecisionTree learned:
!but&!generally&!other&!my: negative
!but&!generally&!other&my: neutral
!but&!generally&other&!neg: neutral
!but&!generally&other&neg: conflict
!but&generally: conflict
but&!battery&!my&!web: negative
but&!battery&!my&web: neutral
but&!battery&my&!a: positive
but&!battery&my&a: neutral
but&battery&!would&!and: negative
but&battery&!would&and: conflict
but&battery&would&!a: positive
but&battery&would&a: positive
DecisionTree learned:
!but&!uses&!quality&!generally: neutral
!but&!uses&!quality&generally: conflict
!but&!uses&quality&!and: negative
!but&!uses&quality&and: positive
!but&uses&!of: neutral
!but&uses&of: conflict
but&!size&!new&!screen: positive
but&!size&!new&screen: conflict
but&!size&new&!with: neutral
but&!size&new&with: neutral
but&size&!pos: neutral
but&size&pos: neutral
DecisionTree learned:
!but&!opted&!price&!other: negative
!but&!opted&!price&other: neutral
!but&!opted&price&!worth: positive
!but&!opted&price&worth: conflict
!but&opted: conflict
but&!think&!new&!what: positive
but&!think&!new&what: negative
but&!think&new&!pos: neutral
but&!think&new&pos: positive
but&think&!on: negative
but&think&on: neutral
DecisionTree learned:
!but&!long&!get&!much: negative
!but&!long&!get&much: positive
!but&!long&get&!am: negative
!but&!long&get&am: conflict
!but&long&!though&!battery: negative
!but&long&!though&battery: positive
!but&long&though: conflict
but&!there&!computer&!this: positive
but&!there&!computer&this: positive
but&!there&computer&!known: negative
but&!there&computer&known: conflict
but&there&!to&!much: negative
but&there&!to&much: positive
but&there&to&!with: neutral
but&there&to&with: neutral
DecisionTree learned:
!but&!much&!opted&!generally: negative
!but&!much&!opted&generally: conflict
!but&!much&opted: conflict
!but&much&!i&!neg: positive
!but&much&!i&neg: conflict
!but&much&i&!up: neutral
!but&much&i&up: conflict
but&!this&!so&!two: negative
but&!this&!so&two: conflict
but&!this&so&!pos: conflict
but&!this&so&pos: neutral
but&this&!know&!x: positive
but&this&!know&x: neutral
but&this&know: conflict
Trial 0 Training cc.mallet.classify.AdaBoostM2Trainer@49ff0dde finished
Trial 0 Trainer cc.mallet.classify.AdaBoostM2Trainer@49ff0dde test data accuracy = 0.5679513184584178

NaiveBayesTrainer
Summary. test accuracy mean = 0.6267748478701826 stddev = 0.0 stderr = 0.0

MaxEntTrainer,gaussianPriorVariance=1.0
Summary. test accuracy mean = 0.6470588235294118 stddev = 0.0 stderr = 0.0

cc.mallet.classify.DecisionTreeTrainer@266bade9
Summary. test accuracy mean = 0.539553752535497 stddev = 0.0 stderr = 0.0

cc.mallet.classify.AdaBoostM2Trainer@49ff0dde
Summary. test accuracy mean = 0.5679513184584178 stddev = 0.0 stderr = 0.0
